0	zero byte favicon	http://acssg-tsg.test.att.com/
0	zero byte favicon	http://advancedsolutions.att.com/
0	zero byte favicon	http://amesolutions.att.com/
0	zero byte favicon	http://assetmanagement.att.com/
0	zero byte favicon	http://attdashboard.wireless.att.com/
0	zero byte favicon	http://attdashboard-zr.wireless.att.com/
0	zero byte favicon	http://auth-api.att.com/
0	zero byte favicon	http://cctrng.att.com/
0	zero byte favicon	http://community-apimarket.att.com/
0	zero byte favicon	http://consumercares.att.com/
0	zero byte favicon	http://eastus2-auth-api.att.com/
0	zero byte favicon	http://eds-aldc-tw8.wireless.att.com:1080/
0	zero byte favicon	http://eds-kmdc-tw9674.wireless.att.com:8085/
0	zero byte favicon	http://egtechcare.att.com/
0	zero byte favicon	http://emlink.wireless.att.com/
0	zero byte favicon	http://es.mst.att.com/
0	zero byte favicon	http://hub.att.com/
0	zero byte favicon	http://iptf360-callrecording.att.com/
0	zero byte favicon	http://leadershiphub.att.com/
0	zero byte favicon	http://metechcare.att.com/
0	zero byte favicon	http://metraining.att.com/
0	zero byte favicon	http://offers.att.com/
0	zero byte favicon	http://opussims.att.com/
0	zero byte favicon	https://acedev.att.com/
0	zero byte favicon	https://advancedsolutions.att.com/
0	zero byte favicon	https://adw01-dev2-corpfin.us-ashburn-1.oci.cloud.att.com/
0	zero byte favicon	https://adw01-dev4-corpfin.us-ashburn-1.oci.cloud.att.com/
0	zero byte favicon	https://adw01-dev5-corpfin.us-ashburn-1.oci.cloud.att.com/
0	zero byte favicon	https://amesolutions.att.com/
0	zero byte favicon	https://assetmanagement.att.com/
0	zero byte favicon	https://atp01-dev2-corpfin.us-ashburn-1.oci.cloud.att.com/
0	zero byte favicon	https://atp01-dev4-corpfin.us-ashburn-1.oci.cloud.att.com/
0	zero byte favicon	https://atp01-dev5-corpfin.us-ashburn-1.oci.cloud.att.com/
0	zero byte favicon	https://attconsumer.att.com/
0	zero byte favicon	https://attdashboard.wireless.att.com/
0	zero byte favicon	https://attdashboard-zr.wireless.att.com/
0	zero byte favicon	https://auth-api.att.com/
0	zero byte favicon	https://bcsstechnical.att.com/
0	zero byte favicon	https://bcsswirelineit.att.com/
0	zero byte favicon	https://bcsswirelinetraining.att.com/
0	zero byte favicon	https://bizsoltraining.att.com/
0	zero byte favicon	https://businesscenterlearning.att.com/
0	zero byte favicon	https://businesscenterlearningdev.att.com/
0	zero byte favicon	https://bussalesret.att.com/
0	zero byte favicon	https://ccltraining.att.com/
0	zero byte favicon	https://clicktoconnect.att.com/
0	zero byte favicon	https://clicktoconnectsupport.att.com/
0	zero byte favicon	https://community-apimarket.att.com/
0	zero byte favicon	https://consumercares.att.com/
0	zero byte favicon	https://coretechtraining.att.com/
0	zero byte favicon	https://cptraining.att.com/
0	zero byte favicon	https://customerconnecttraining.att.com/
0	zero byte favicon	https://dpe-gr1.dlife.att.com/
0	zero byte favicon	https://eastus2-auth-api.att.com/
0	zero byte favicon	https://eds-aldc-dw10.wireless.att.com:8080/
0	zero byte favicon	https://eds-aldc-dw11.wireless.att.com:8080/
0	zero byte favicon	https://eds-aldc-dw12.wireless.att.com:8080/
0	zero byte favicon	https://eds-aldc-dw5.wireless.att.com:8080/
0	zero byte favicon	https://eds-aldc-dw6.wireless.att.com:8080/
0	zero byte favicon	https://eds-aldc-dw7.wireless.att.com:8080/
0	zero byte favicon	https://eds-aldc-dw8.wireless.att.com:8080/
0	zero byte favicon	https://eds-aldc-dw9.wireless.att.com:8080/
0	zero byte favicon	https://eds-aldc-pw3522.wireless.att.com:8443/
0	zero byte favicon	https://eds-aldc-pw3523.wireless.att.com:8443/
0	zero byte favicon	https://eds-aldc-pw3524.wireless.att.com:8443/
0	zero byte favicon	https://eds-aldc-tw10.wireless.att.com:8080/
0	zero byte favicon	https://eds-aldc-tw11.wireless.att.com:8080/
0	zero byte favicon	https://eds-aldc-tw4.wireless.att.com:8080/
0	zero byte favicon	https://eds-aldc-tw5.wireless.att.com:8080/
0	zero byte favicon	https://eds-aldc-tw6.wireless.att.com:8080/
0	zero byte favicon	https://eds-aldc-tw7.wireless.att.com:8080/
0	zero byte favicon	https://eds-aldc-tw8.wireless.att.com:8080/
0	zero byte favicon	https://eds-aldc-tw9.wireless.att.com:8080/
0	zero byte favicon	https://eds-bhdc-dw53.wireless.att.com:8443/
0	zero byte favicon	https://eds-bhdc-dw54.wireless.att.com:8443/
0	zero byte favicon	https://eds-bhdc-tw165.wireless.att.com:8443/
0	zero byte favicon	https://eds-bhdc-tw166.wireless.att.com:8443/
0	zero byte favicon	https://eds-ffdc-pw11.wireless.att.com:8080/
0	zero byte favicon	https://eds-ffdc-pw12.wireless.att.com:8080/
0	zero byte favicon	https://eds-ffdc-pw13.wireless.att.com:8080/
0	zero byte favicon	https://eds-ffdc-pw14.wireless.att.com:8080/
0	zero byte favicon	https://eds-ffdc-pw15.wireless.att.com:8080/
0	zero byte favicon	https://eds-ffdc-pw16.wireless.att.com:8080/
0	zero byte favicon	https://eds-ffdc-pw17.wireless.att.com:8080/
0	zero byte favicon	https://eds-ffdc-pw18.wireless.att.com:8080/
0	zero byte favicon	https://eds-ffdc-pw1.wireless.att.com:8080/
0	zero byte favicon	https://eds-ffdc-pw246.wireless.att.com:8443/
0	zero byte favicon	https://eds-ffdc-pw247.wireless.att.com:8443/
0	zero byte favicon	https://eds-ffdc-pw248.wireless.att.com:8443/
0	zero byte favicon	https://eds-ffdc-pw2.wireless.att.com:8080/
0	zero byte favicon	https://eds-ffdc-pw3.wireless.att.com:8080/
0	zero byte favicon	https://eds-ffdc-pw4.wireless.att.com:8080/
0	zero byte favicon	https://eds-hydc-dw2.wireless.att.com:8080/
0	zero byte favicon	https://eds-hydc-tw1.wireless.att.com:8080/
0	zero byte favicon	https://eds-kmdc-tw9673.wireless.att.com:8443/
0	zero byte favicon	https://eds-kmdc-tw9674.wireless.att.com:8443/
0	zero byte favicon	https://eds-sfdc-p1w5.wireless.att.com:8080/
0	zero byte favicon	https://eds-sfdc-p1w6.wireless.att.com:8080/
0	zero byte favicon	https://eds-sfdc-p1w7.wireless.att.com:8080/
0	zero byte favicon	https://eds-sfdc-p1w8.wireless.att.com:8080/
0	zero byte favicon	https://eds-sfdc-p2w7.wireless.att.com:8080/
0	zero byte favicon	https://eds-sfdc-p2w8.wireless.att.com:8080/
0	zero byte favicon	https://eds-sfdc-pw10.wireless.att.com:8080/
0	zero byte favicon	https://eds-sfdc-pw11.wireless.att.com:8080/
0	zero byte favicon	https://eds-sfdc-pw12.wireless.att.com:8080/
0	zero byte favicon	https://eds-sfdc-pw13.wireless.att.com:8080/
0	zero byte favicon	https://eds-sfdc-pw14.wireless.att.com:8080/
0	zero byte favicon	https://eds-sfdc-pw250.wireless.att.com:8443/
0	zero byte favicon	https://eds-sfdc-pw251.wireless.att.com:8443/
0	zero byte favicon	https://eds-sfdc-pw252.wireless.att.com:8443/
0	zero byte favicon	https://eds-sfdc-pw5.wireless.att.com:8080/
0	zero byte favicon	https://eds-sfdc-pw6.wireless.att.com:8080/
0	zero byte favicon	https://eds-sfdc-pw7.wireless.att.com:8080/
0	zero byte favicon	https://eds-sfdc-pw8.wireless.att.com:8080/
0	zero byte favicon	https://eds-sfdc-pw9.wireless.att.com:8080/
0	zero byte favicon	https://ehsato.att.com/
0	zero byte favicon	https://ela.att.com/
0	zero byte favicon	https://emlink.wireless.att.com/
0	zero byte favicon	https://firstnetbcs.att.com/
0	zero byte favicon	https://firstnetcentral.att.com/
0	zero byte favicon	https://firstnettraining.att.com/
0	zero byte favicon	https://gcpyouknow.att.com/
0	zero byte favicon	https://hub.att.com/
0	zero byte favicon	https://ihxtrainingdev.att.com/
0	zero byte favicon	https://integratedandpartnersol.att.com/
0	zero byte favicon	https://integratedandpartnersoldev.att.com/
0	zero byte favicon	https://iptf360-callrecording.att.com/
0	zero byte favicon	https://lacuna.research.att.com/
0	zero byte favicon	https://learningsolutions.att.com/
0	zero byte favicon	https://mevrl.att.com/
0	zero byte favicon	https://offers.att.com/
0	zero byte favicon	https://omldev.att.com/
0	zero byte favicon	https://opussims.att.com/
0	zero byte favicon	https://ph-connection-dev.test.dlife.att.com/
0	zero byte favicon	https://ph-connection.dlife.att.com/
0	zero byte favicon	https://ph-connection-s1.dlife.att.com/
0	zero byte favicon	https://ph-connection-s3.test.dlife.att.com/
0	zero byte favicon	https://ph-download-dev.test.dlife.att.com/
0	zero byte favicon	https://ph-download.dlife.att.com/
0	zero byte favicon	https://ph-download-s1.dlife.att.com/
0	zero byte favicon	https://ph-download-s2.dlife.att.com/
0	zero byte favicon	https://ph-download-s3.test.dlife.att.com/
0	zero byte favicon	https://ph-upload-dev.test.dlife.att.com/
0	zero byte favicon	https://ph-upload.dlife.att.com/
0	zero byte favicon	https://ph-upload-s1.dlife.att.com/
0	zero byte favicon	https://ph-upload-s2.dlife.att.com/
0	zero byte favicon	https://ph-upload-s3.test.dlife.att.com/
0	zero byte favicon	https://retailleadershiptraining.att.com/
0	zero byte favicon	https://retailtutorials.att.com/
0	zero byte favicon	https://tdp.att.com/
0	zero byte favicon	https://tdpdev.att.com/
0	zero byte favicon	https://test-tutkb.att.com/
0	zero byte favicon	https://tumediateam.att.com/
0	zero byte favicon	https://tusims.att.com/
0	zero byte favicon	https://tusupport.att.com/
0	zero byte favicon	https://tusupport-ext.att.com/
0	zero byte favicon	https://tuxr.att.com/
0	zero byte favicon	https://upload-gr1.dlife.att.com/
0	zero byte favicon	https://westus2-auth-api.att.com/
0	zero byte favicon	https://wlnp.att.com/
0	zero byte favicon	https://workdayinfortraining.att.com/
0	zero byte favicon	https://workdayinfortrainingdev.att.com/
0	zero byte favicon	https://xandrlearning.att.com/
0	zero byte favicon	https://xdmar.wireless.labs.att.com/
0	zero byte favicon	https://xdmbr.wireless.labs.att.com/
0	zero byte favicon	https://youknow.att.com/
0	zero byte favicon	http://techcaretraining.att.com/
0	zero byte favicon	http://tusupport.att.com/
0	zero byte favicon	http://tusupport-ext.att.com/
0	zero byte favicon	http://westus2-auth-api.att.com/
0	zero byte favicon	http://youlead.att.com/
116323821	springboot	https://shm-va-services.stage.att.com/
116323821	springboot	https://wat-enhanced-rm.uc.att.com/
-1255347784	angular io (angularjs)	http://access.att.com/
-1255347784	angular io (angularjs)	http://dmp.att.com/
-1255347784	angular io (angularjs)	http://expressportal.att.com/
-1255347784	angular io (angularjs)	http://hraccess.att.com/
-1255347784	angular io (angularjs)	https://access.att.com/
-1255347784	angular io (angularjs)	https://dmp.att.com/
-1255347784	angular io (angularjs)	https://dmp.wireless.att.com/
-1255347784	angular io (angularjs)	https://expressportal.att.com/
-1255347784	angular io (angularjs)	https://hraccess.att.com/
-1255347784	angular io (angularjs)	https://stayintouch.att.com/
-1255347784	angular io (angularjs)	http://stayintouch.att.com/
1262005940	jamf pro login	http://jss-intl.att.com:8080/
1262005940	jamf pro login	http://jss.intl.att.com:8080/
1262005940	jamf pro login	https://jss.dp.att.com:8443/
1262005940	jamf pro login	https://jss-intl.att.com/
1262005940	jamf pro login	https://jss.intl.att.com/
-1270699277	blankwhite	http://apste.att.com/
-1270699277	blankwhite	http://apste.att.com:10000/
-1270699277	blankwhite	http://apste.att.com:10001/
-1270699277	blankwhite	http://apste.att.com:1024/
-1270699277	blankwhite	http://apste.att.com:10443/
-1270699277	blankwhite	http://apste.att.com:1177/
-1270699277	blankwhite	http://apste.att.com:1234/
-1270699277	blankwhite	http://apste.att.com:12345/
-1270699277	blankwhite	http://apste.att.com:1433/
-1270699277	blankwhite	http://apste.att.com:1521/
-1270699277	blankwhite	http://apste.att.com:2000/
-1270699277	blankwhite	http://apste.att.com:20000/
-1270699277	blankwhite	http://apste.att.com:2082/
-1270699277	blankwhite	http://apste.att.com:2086/
-1270699277	blankwhite	http://apste.att.com:2222/
-1270699277	blankwhite	http://apste.att.com:2345/
-1270699277	blankwhite	http://apste.att.com:2480/
-1270699277	blankwhite	http://apste.att.com:25/
-1270699277	blankwhite	http://apste.att.com:3000/
-1270699277	blankwhite	http://apste.att.com:3001/
-1270699277	blankwhite	http://apste.att.com:3299/
-1270699277	blankwhite	http://apste.att.com:3389/
-1270699277	blankwhite	http://apste.att.com:3551/
-1270699277	blankwhite	http://apste.att.com:3790/
-1270699277	blankwhite	http://apste.att.com:389/
-1270699277	blankwhite	http://apste.att.com:4022/
-1270699277	blankwhite	http://apste.att.com:4040/
-1270699277	blankwhite	http://apste.att.com:4064/
-1270699277	blankwhite	http://apste.att.com:444/
-1270699277	blankwhite	http://apste.att.com:4443/
-1270699277	blankwhite	http://apste.att.com:4567/
-1270699277	blankwhite	http://apste.att.com:4848/
-1270699277	blankwhite	http://apste.att.com:4911/
-1270699277	blankwhite	http://apste.att.com:5000/
-1270699277	blankwhite	http://apste.att.com:5001/
-1270699277	blankwhite	http://apste.att.com:5005/
-1270699277	blankwhite	http://apste.att.com:5006/
-1270699277	blankwhite	http://apste.att.com:5007/
-1270699277	blankwhite	http://apste.att.com:5009/
-1270699277	blankwhite	http://apste.att.com:5010/
-1270699277	blankwhite	http://apste.att.com:5222/
-1270699277	blankwhite	http://apste.att.com:554/
-1270699277	blankwhite	http://apste.att.com:5555/
-1270699277	blankwhite	http://apste.att.com:5601/
-1270699277	blankwhite	http://apste.att.com:5672/
-1270699277	blankwhite	http://apste.att.com:587/
-1270699277	blankwhite	http://apste.att.com:5985/
-1270699277	blankwhite	http://apste.att.com:6000/
-1270699277	blankwhite	http://apste.att.com:6001/
-1270699277	blankwhite	http://apste.att.com:631/
-1270699277	blankwhite	http://apste.att.com:636/
-1270699277	blankwhite	http://apste.att.com:7001/
-1270699277	blankwhite	http://apste.att.com:7171/
-1270699277	blankwhite	http://apste.att.com:7443/
-1270699277	blankwhite	http://apste.att.com:7474/
-1270699277	blankwhite	http://apste.att.com:7777/
-1270699277	blankwhite	http://apste.att.com:7779/
-1270699277	blankwhite	http://apste.att.com:8000/
-1270699277	blankwhite	http://apste.att.com:8001/
-1270699277	blankwhite	http://apste.att.com:8008/
-1270699277	blankwhite	http://apste.att.com:8009/
-1270699277	blankwhite	http://apste.att.com:8010/
-1270699277	blankwhite	http://apste.att.com:8060/
-1270699277	blankwhite	http://apste.att.com:8069/
-1270699277	blankwhite	http://apste.att.com:8080/
-1270699277	blankwhite	http://apste.att.com:8081/
-1270699277	blankwhite	http://apste.att.com:8083/
-1270699277	blankwhite	http://apste.att.com:8086/
-1270699277	blankwhite	http://apste.att.com:8089/
-1270699277	blankwhite	http://apste.att.com:8090/
-1270699277	blankwhite	http://apste.att.com:81/
-1270699277	blankwhite	http://apste.att.com:8112/
-1270699277	blankwhite	http://apste.att.com:8123/
-1270699277	blankwhite	http://apste.att.com:8126/
-1270699277	blankwhite	http://apste.att.com:8139/
-1270699277	blankwhite	http://apste.att.com:8140/
-1270699277	blankwhite	http://apste.att.com:8181/
-1270699277	blankwhite	http://apste.att.com:82/
-1270699277	blankwhite	http://apste.att.com:8200/
-1270699277	blankwhite	http://apste.att.com:83/
-1270699277	blankwhite	http://apste.att.com:84/
-1270699277	blankwhite	http://apste.att.com:8443/
-1270699277	blankwhite	http://apste.att.com:88/
-1270699277	blankwhite	http://apste.att.com:8800/
-1270699277	blankwhite	http://apste.att.com:8834/
-1270699277	blankwhite	http://apste.att.com:8880/
-1270699277	blankwhite	http://apste.att.com:8888/
-1270699277	blankwhite	http://apste.att.com:9001/
-1270699277	blankwhite	http://apste.att.com:9002/
-1270699277	blankwhite	http://apste.att.com:9009/
-1270699277	blankwhite	http://apste.att.com:9080/
-1270699277	blankwhite	http://apste.att.com:9090/
-1270699277	blankwhite	http://apste.att.com:9100/
-1270699277	blankwhite	http://apste.att.com:9200/
-1270699277	blankwhite	http://apste.att.com:9306/
-1270699277	blankwhite	http://apste.att.com:9943/
-1270699277	blankwhite	http://apste.att.com:9999/
-1270699277	blankwhite	http://apstesmp1.att.com/
-1270699277	blankwhite	http://apstesmp1.att.com:10000/
-1270699277	blankwhite	http://apstesmp1.att.com:10001/
-1270699277	blankwhite	http://apstesmp1.att.com:1024/
-1270699277	blankwhite	http://apstesmp1.att.com:10443/
-1270699277	blankwhite	http://apstesmp1.att.com:1177/
-1270699277	blankwhite	http://apstesmp1.att.com:1234/
-1270699277	blankwhite	http://apstesmp1.att.com:12345/
-1270699277	blankwhite	http://apstesmp1.att.com:1433/
-1270699277	blankwhite	http://apstesmp1.att.com:1521/
-1270699277	blankwhite	http://apstesmp1.att.com:2000/
-1270699277	blankwhite	http://apstesmp1.att.com:20000/
-1270699277	blankwhite	http://apstesmp1.att.com:2082/
-1270699277	blankwhite	http://apstesmp1.att.com:2086/
-1270699277	blankwhite	http://apstesmp1.att.com:2222/
-1270699277	blankwhite	http://apstesmp1.att.com:2345/
-1270699277	blankwhite	http://apstesmp1.att.com:2480/
-1270699277	blankwhite	http://apstesmp1.att.com:25/
-1270699277	blankwhite	http://apstesmp1.att.com:3000/
-1270699277	blankwhite	http://apstesmp1.att.com:3001/
-1270699277	blankwhite	http://apstesmp1.att.com:3299/
-1270699277	blankwhite	http://apstesmp1.att.com:3389/
-1270699277	blankwhite	http://apstesmp1.att.com:3551/
-1270699277	blankwhite	http://apstesmp1.att.com:3790/
-1270699277	blankwhite	http://apstesmp1.att.com:389/
-1270699277	blankwhite	http://apstesmp1.att.com:4022/
-1270699277	blankwhite	http://apstesmp1.att.com:4040/
-1270699277	blankwhite	http://apstesmp1.att.com:4064/
-1270699277	blankwhite	http://apstesmp1.att.com:444/
-1270699277	blankwhite	http://apstesmp1.att.com:4443/
-1270699277	blankwhite	http://apstesmp1.att.com:4567/
-1270699277	blankwhite	http://apstesmp1.att.com:4848/
-1270699277	blankwhite	http://apstesmp1.att.com:4911/
-1270699277	blankwhite	http://apstesmp1.att.com:5000/
-1270699277	blankwhite	http://apstesmp1.att.com:5001/
-1270699277	blankwhite	http://apstesmp1.att.com:5005/
-1270699277	blankwhite	http://apstesmp1.att.com:5006/
-1270699277	blankwhite	http://apstesmp1.att.com:5009/
-1270699277	blankwhite	http://apstesmp1.att.com:5010/
-1270699277	blankwhite	http://apstesmp1.att.com:5222/
-1270699277	blankwhite	http://apstesmp1.att.com:554/
-1270699277	blankwhite	http://apstesmp1.att.com:5555/
-1270699277	blankwhite	http://apstesmp1.att.com:5601/
-1270699277	blankwhite	http://apstesmp1.att.com:5672/
-1270699277	blankwhite	http://apstesmp1.att.com:587/
-1270699277	blankwhite	http://apstesmp1.att.com:5985/
-1270699277	blankwhite	http://apstesmp1.att.com:6000/
-1270699277	blankwhite	http://apstesmp1.att.com:6001/
-1270699277	blankwhite	http://apstesmp1.att.com:631/
-1270699277	blankwhite	http://apstesmp1.att.com:636/
-1270699277	blankwhite	http://apstesmp1.att.com:7001/
-1270699277	blankwhite	http://apstesmp1.att.com:7171/
-1270699277	blankwhite	http://apstesmp1.att.com:7443/
-1270699277	blankwhite	http://apstesmp1.att.com:7474/
-1270699277	blankwhite	http://apstesmp1.att.com:7777/
-1270699277	blankwhite	http://apstesmp1.att.com:7779/
-1270699277	blankwhite	http://apstesmp1.att.com:8000/
-1270699277	blankwhite	http://apstesmp1.att.com:8001/
-1270699277	blankwhite	http://apstesmp1.att.com:8008/
-1270699277	blankwhite	http://apstesmp1.att.com:8009/
-1270699277	blankwhite	http://apstesmp1.att.com:8010/
-1270699277	blankwhite	http://apstesmp1.att.com:8060/
-1270699277	blankwhite	http://apstesmp1.att.com:8069/
-1270699277	blankwhite	http://apstesmp1.att.com:8080/
-1270699277	blankwhite	http://apstesmp1.att.com:8081/
-1270699277	blankwhite	http://apstesmp1.att.com:8083/
-1270699277	blankwhite	http://apstesmp1.att.com:8086/
-1270699277	blankwhite	http://apstesmp1.att.com:8089/
-1270699277	blankwhite	http://apstesmp1.att.com:8090/
-1270699277	blankwhite	http://apstesmp1.att.com:81/
-1270699277	blankwhite	http://apstesmp1.att.com:8112/
-1270699277	blankwhite	http://apstesmp1.att.com:8123/
-1270699277	blankwhite	http://apstesmp1.att.com:8126/
-1270699277	blankwhite	http://apstesmp1.att.com:8139/
-1270699277	blankwhite	http://apstesmp1.att.com:8140/
-1270699277	blankwhite	http://apstesmp1.att.com:8181/
-1270699277	blankwhite	http://apstesmp1.att.com:82/
-1270699277	blankwhite	http://apstesmp1.att.com:8200/
-1270699277	blankwhite	http://apstesmp1.att.com:83/
-1270699277	blankwhite	http://apstesmp1.att.com:84/
-1270699277	blankwhite	http://apstesmp1.att.com:8443/
-1270699277	blankwhite	http://apstesmp1.att.com:88/
-1270699277	blankwhite	http://apstesmp1.att.com:8800/
-1270699277	blankwhite	http://apstesmp1.att.com:8834/
-1270699277	blankwhite	http://apstesmp1.att.com:8880/
-1270699277	blankwhite	http://apstesmp1.att.com:8888/
-1270699277	blankwhite	http://apstesmp1.att.com:9001/
-1270699277	blankwhite	http://apstesmp1.att.com:9002/
-1270699277	blankwhite	http://apstesmp1.att.com:9009/
-1270699277	blankwhite	http://apstesmp1.att.com:9080/
-1270699277	blankwhite	http://apstesmp1.att.com:9090/
-1270699277	blankwhite	http://apstesmp1.att.com:9100/
-1270699277	blankwhite	http://apstesmp1.att.com:9200/
-1270699277	blankwhite	http://apstesmp1.att.com:9306/
-1270699277	blankwhite	http://apstesmp1.att.com:9943/
-1270699277	blankwhite	http://apstesmp1.att.com:9999/
-1270699277	blankwhite	http://cyber-pages.att.com/
-1270699277	blankwhite	http://cyber-tracking.att.com/
-1270699277	blankwhite	http://digital.att.com/
-1270699277	blankwhite	http://explore.att.com/
-1270699277	blankwhite	http://networkingexchange.att.com/
-1270699277	blankwhite	http://pages.att.com/
-1270699277	blankwhite	http://resources.att.com/
-1270699277	blankwhite	https://apste.att.com/
-1270699277	blankwhite	https://apstesmp1.att.com/
-1270699277	blankwhite	https://cyber-pages.att.com/
-1270699277	blankwhite	https://cyber-tracking.att.com/
-1270699277	blankwhite	https://digital.att.com/
-1270699277	blankwhite	https://explore.att.com/
-1270699277	blankwhite	http://site.att.com/
-1270699277	blankwhite	https://networkingexchange.att.com/
-1270699277	blankwhite	https://pages.att.com/
-1270699277	blankwhite	https://resources.att.com/
-1270699277	blankwhite	https://site.att.com/
-1270699277	blankwhite	https://tracking.att.com/
-1270699277	blankwhite	https://webinars.att.com/
-1270699277	blankwhite	http://tracking.att.com/
-1270699277	blankwhite	http://webinars.att.com/
1274734426	blankwhite	http://acedesktop.att.com/
1274734426	blankwhite	http://hvd-intl05.att.com/
1274734426	blankwhite	http://investors.att.com/
1274734426	blankwhite	http://mydesktop-central01u.att.com/
1274734426	blankwhite	http://mydesktop-central02u.att.com/
1274734426	blankwhite	http://mydesktop-central03u.att.com/
1274734426	blankwhite	http://mydesktop-central04u.att.com/
1274734426	blankwhite	http://mydesktop-central05u.att.com/
1274734426	blankwhite	http://mydesktop-central06u.att.com/
1274734426	blankwhite	http://mydesktop-dr01u.att.com/
1274734426	blankwhite	http://mydesktop-dr02u.att.com/
1274734426	blankwhite	http://mydesktop-east01u.att.com/
1274734426	blankwhite	http://mydesktop-east02u.att.com/
1274734426	blankwhite	http://mydesktop-east03u.att.com/
1274734426	blankwhite	http://mydesktop-east04u.att.com/
1274734426	blankwhite	http://mydesktop-east05u.att.com/
1274734426	blankwhite	http://mydesktop-west01u.att.com/
1274734426	blankwhite	http://mydesktop-west02u.att.com/
1274734426	blankwhite	http://mydesktop-west03u.att.com/
1274734426	blankwhite	http://mydesktop-west04u.att.com/
1274734426	blankwhite	http://mydesktop-west05u.att.com/
1274734426	blankwhite	https://acedesktop.att.com/
1274734426	blankwhite	http://securefamilylink.wireless.att.com/
1274734426	blankwhite	https://hvd-intl03.att.com/
1274734426	blankwhite	https://hvd-intl05.att.com/
1274734426	blankwhite	https://hvd-intl06.att.com/
1274734426	blankwhite	https://hvd-intl07.att.com/
1274734426	blankwhite	https://hvd-intl08.att.com/
1274734426	blankwhite	https://hvd-intl09.att.com/
1274734426	blankwhite	https://hvd-intl10.att.com/
1274734426	blankwhite	https://hvd-intl11.att.com/
1274734426	blankwhite	https://hvd-intl13.att.com/
1274734426	blankwhite	https://hvd-intl14.att.com/
1274734426	blankwhite	https://hvd-intl.att.com/
1274734426	blankwhite	https://investors.att.com/
1274734426	blankwhite	https://mydesktop-central01u.att.com/
1274734426	blankwhite	https://mydesktop-central02u.att.com/
1274734426	blankwhite	https://mydesktop-central03u.att.com/
1274734426	blankwhite	https://mydesktop-central04u.att.com/
1274734426	blankwhite	https://mydesktop-central05u.att.com/
1274734426	blankwhite	https://mydesktop-central06u.att.com/
1274734426	blankwhite	https://mydesktop-dr01u.att.com/
1274734426	blankwhite	https://mydesktop-dr02u.att.com/
1274734426	blankwhite	https://mydesktop-east01u.att.com/
1274734426	blankwhite	https://mydesktop-east02u.att.com/
1274734426	blankwhite	https://mydesktop-east03u.att.com/
1274734426	blankwhite	https://mydesktop-east04u.att.com/
1274734426	blankwhite	https://mydesktop-east05u.att.com/
1274734426	blankwhite	https://mydesktop-west01u.att.com/
1274734426	blankwhite	https://mydesktop-west02u.att.com/
1274734426	blankwhite	https://mydesktop-west03u.att.com/
1274734426	blankwhite	https://mydesktop-west04u.att.com/
1274734426	blankwhite	https://mydesktop-west05u.att.com/
1274734426	blankwhite	https://securefamilylink.wireless.att.com/
1433417005	salesforce	http://alliancepartnersolutions.att.com/
1433417005	salesforce	http://apiexchange-akamai.att.com/
1433417005	salesforce	http://apiexchange.att.com/
1433417005	salesforce	http://apiexchange-dev-akamai.att.com/
1433417005	salesforce	http://apiexchange-dev.att.com/
1433417005	salesforce	http://partnerexchange.att.com/
1433417005	salesforce	https://alliancepartnersolutions.att.com/
1433417005	salesforce	https://apiexchange-akamai.att.com/
1433417005	salesforce	https://apiexchange.att.com/
1433417005	salesforce	https://apiexchange-dev-akamai.att.com/
1433417005	salesforce	https://apiexchange-dev.att.com/
1433417005	salesforce	https://partnerexchange.att.com/
1726027799	ibm server	http://osstoolbar-sat1.att.com/
1726027799	ibm server	https://mobilegtwy.att.com/
1726027799	ibm server	https://mobilegwstg.att.com/
1726027799	ibm server	https://mobilegwtst.att.com/
1726027799	ibm server	https://osstoolbar-sat1.att.com/
1772087922	asp.net favicon	http://admin-workforcemanager.att.com/
1772087922	asp.net favicon	http://login-workforcemanager.att.com/
1772087922	asp.net favicon	https://admin-workforcemanager.att.com/
1772087922	asp.net favicon	https://attuniversity.att.com/
1772087922	asp.net favicon	https://attuniversity.az.cloud.att.com/
1772087922	asp.net favicon	https://comrest-directvcommercial.att.com/
1772087922	asp.net favicon	https://es.mst.att.com/
1772087922	asp.net favicon	https://login-workforcemanager.att.com/
1772087922	asp.net favicon	https://workforcemanager.att.com/
1772087922	asp.net favicon	http://workforcemanager.att.com/
-2009722838	react	http://protectadvantage.att.com/
-2009722838	react	https://protectadvantage.att.com/
-297069493	apache tomcat	https://api-iotdevice.att.com/
-297069493	apache tomcat	https://cloudapi.synaptic.att.com/
-297069493	apache tomcat	https://hc-analytics.idp.clogin.att.com/
-297069493	apache tomcat	https://npwtsmartorigin.att.com/
-297069493	apache tomcat	https://npwtsmartorigin-test.att.com/
-297069493	apache tomcat	https://restapi19.att.com/
362091310	mobileiron	http://mdm03.dp.att.com:8080/
362091310	mobileiron	http://retail2.dp.att.com:8080/
362091310	mobileiron	https://ccc01.dp.att.com/
362091310	mobileiron	https://ldr.dp.att.com/
362091310	mobileiron	https://lsp.dp.att.com/
362091310	mobileiron	https://mdm02.dp.att.com/
362091310	mobileiron	https://mdm03.dp.att.com/
362091310	mobileiron	https://mdm05.dp.att.com/
362091310	mobileiron	https://mdm06.dp.att.com/
362091310	mobileiron	https://mdm08.dp.att.com/
362091310	mobileiron	https://mdmbyo.dp.att.com/
362091310	mobileiron	https://mdmcim.dp.att.com/
362091310	mobileiron	https://mdment01.dp.att.com/
362091310	mobileiron	https://mdment02.dp.att.com/
362091310	mobileiron	https://mdment03.dp.att.com/
362091310	mobileiron	https://mdment04.dp.att.com/
362091310	mobileiron	https://mdmex.dp.att.com/
362091310	mobileiron	https://mdmmx02.dp.att.com/
362091310	mobileiron	https://retail2.dp.att.com/
362091310	mobileiron	https://retail.dp.att.com/
479413330	webmin	https://miseleccionmx.att.com:10000/
628535358	atlassian	https://darp-jira.test.att.com/
628535358	atlassian	https://jira.darp.att.com/
728788645	ibm notes	http://mdnsdom1.mdns.att.com/
728788645	ibm notes	https://mdnsdom1.mdns.att.com/
76e36321dc6fe787721c5cd26e4814b6	blankwhite	http://apste.att.com/
76e36321dc6fe787721c5cd26e4814b6	blankwhite	http://apste.att.com:10000/
76e36321dc6fe787721c5cd26e4814b6	blankwhite	http://apste.att.com:10001/
76e36321dc6fe787721c5cd26e4814b6	blankwhite	http://apste.att.com:1024/
76e36321dc6fe787721c5cd26e4814b6	blankwhite	http://apste.att.com:10443/
76e36321dc6fe787721c5cd26e4814b6	blankwhite	http://apste.att.com:1177/
76e36321dc6fe787721c5cd26e4814b6	blankwhite	http://apste.att.com:1234/
76e36321dc6fe787721c5cd26e4814b6	blankwhite	http://apste.att.com:12345/
76e36321dc6fe787721c5cd26e4814b6	blankwhite	http://apste.att.com:1433/
76e36321dc6fe787721c5cd26e4814b6	blankwhite	http://apste.att.com:1521/
76e36321dc6fe787721c5cd26e4814b6	blankwhite	http://apste.att.com:20000/
76e36321dc6fe787721c5cd26e4814b6	blankwhite	http://apste.att.com:2082/
76e36321dc6fe787721c5cd26e4814b6	blankwhite	http://apste.att.com:2086/
76e36321dc6fe787721c5cd26e4814b6	blankwhite	http://apste.att.com:2222/
76e36321dc6fe787721c5cd26e4814b6	blankwhite	http://apste.att.com:2345/
76e36321dc6fe787721c5cd26e4814b6	blankwhite	http://apste.att.com:2480/
76e36321dc6fe787721c5cd26e4814b6	blankwhite	http://apste.att.com:25/
76e36321dc6fe787721c5cd26e4814b6	blankwhite	http://apste.att.com:3000/
76e36321dc6fe787721c5cd26e4814b6	blankwhite	http://apste.att.com:3001/
76e36321dc6fe787721c5cd26e4814b6	blankwhite	http://apste.att.com:3299/
76e36321dc6fe787721c5cd26e4814b6	blankwhite	http://apste.att.com:3389/
76e36321dc6fe787721c5cd26e4814b6	blankwhite	http://apste.att.com:3551/
76e36321dc6fe787721c5cd26e4814b6	blankwhite	http://apste.att.com:389/
76e36321dc6fe787721c5cd26e4814b6	blankwhite	http://apste.att.com:4022/
76e36321dc6fe787721c5cd26e4814b6	blankwhite	http://apste.att.com:4040/
76e36321dc6fe787721c5cd26e4814b6	blankwhite	http://apste.att.com:4064/
76e36321dc6fe787721c5cd26e4814b6	blankwhite	http://apste.att.com:444/
76e36321dc6fe787721c5cd26e4814b6	blankwhite	http://apste.att.com:4443/
76e36321dc6fe787721c5cd26e4814b6	blankwhite	http://apste.att.com:4567/
76e36321dc6fe787721c5cd26e4814b6	blankwhite	http://apste.att.com:4848/
76e36321dc6fe787721c5cd26e4814b6	blankwhite	http://apste.att.com:4911/
76e36321dc6fe787721c5cd26e4814b6	blankwhite	http://apste.att.com:5000/
76e36321dc6fe787721c5cd26e4814b6	blankwhite	http://apste.att.com:5001/
76e36321dc6fe787721c5cd26e4814b6	blankwhite	http://apste.att.com:5005/
76e36321dc6fe787721c5cd26e4814b6	blankwhite	http://apste.att.com:5006/
76e36321dc6fe787721c5cd26e4814b6	blankwhite	http://apste.att.com:5007/
76e36321dc6fe787721c5cd26e4814b6	blankwhite	http://apste.att.com:5009/
76e36321dc6fe787721c5cd26e4814b6	blankwhite	http://apste.att.com:5010/
76e36321dc6fe787721c5cd26e4814b6	blankwhite	http://apste.att.com:5222/
76e36321dc6fe787721c5cd26e4814b6	blankwhite	http://apste.att.com:554/
76e36321dc6fe787721c5cd26e4814b6	blankwhite	http://apste.att.com:5555/
76e36321dc6fe787721c5cd26e4814b6	blankwhite	http://apste.att.com:5601/
76e36321dc6fe787721c5cd26e4814b6	blankwhite	http://apste.att.com:5672/
76e36321dc6fe787721c5cd26e4814b6	blankwhite	http://apste.att.com:587/
76e36321dc6fe787721c5cd26e4814b6	blankwhite	http://apste.att.com:5985/
76e36321dc6fe787721c5cd26e4814b6	blankwhite	http://apste.att.com:6000/
76e36321dc6fe787721c5cd26e4814b6	blankwhite	http://apste.att.com:6001/
76e36321dc6fe787721c5cd26e4814b6	blankwhite	http://apste.att.com:631/
76e36321dc6fe787721c5cd26e4814b6	blankwhite	http://apste.att.com:636/
76e36321dc6fe787721c5cd26e4814b6	blankwhite	http://apste.att.com:7001/
76e36321dc6fe787721c5cd26e4814b6	blankwhite	http://apste.att.com:7171/
76e36321dc6fe787721c5cd26e4814b6	blankwhite	http://apste.att.com:7443/
76e36321dc6fe787721c5cd26e4814b6	blankwhite	http://apste.att.com:7474/
76e36321dc6fe787721c5cd26e4814b6	blankwhite	http://apste.att.com:7777/
76e36321dc6fe787721c5cd26e4814b6	blankwhite	http://apste.att.com:7779/
76e36321dc6fe787721c5cd26e4814b6	blankwhite	http://apste.att.com:8000/
76e36321dc6fe787721c5cd26e4814b6	blankwhite	http://apste.att.com:8001/
76e36321dc6fe787721c5cd26e4814b6	blankwhite	http://apste.att.com:8008/
76e36321dc6fe787721c5cd26e4814b6	blankwhite	http://apste.att.com:8009/
76e36321dc6fe787721c5cd26e4814b6	blankwhite	http://apste.att.com:8010/
76e36321dc6fe787721c5cd26e4814b6	blankwhite	http://apste.att.com:8060/
76e36321dc6fe787721c5cd26e4814b6	blankwhite	http://apste.att.com:8069/
76e36321dc6fe787721c5cd26e4814b6	blankwhite	http://apste.att.com:8080/
76e36321dc6fe787721c5cd26e4814b6	blankwhite	http://apste.att.com:8081/
76e36321dc6fe787721c5cd26e4814b6	blankwhite	http://apste.att.com:8083/
76e36321dc6fe787721c5cd26e4814b6	blankwhite	http://apste.att.com:8086/
76e36321dc6fe787721c5cd26e4814b6	blankwhite	http://apste.att.com:8089/
76e36321dc6fe787721c5cd26e4814b6	blankwhite	http://apste.att.com:8090/
76e36321dc6fe787721c5cd26e4814b6	blankwhite	http://apste.att.com:81/
76e36321dc6fe787721c5cd26e4814b6	blankwhite	http://apste.att.com:8112/
76e36321dc6fe787721c5cd26e4814b6	blankwhite	http://apste.att.com:8123/
76e36321dc6fe787721c5cd26e4814b6	blankwhite	http://apste.att.com:8126/
76e36321dc6fe787721c5cd26e4814b6	blankwhite	http://apste.att.com:8139/
76e36321dc6fe787721c5cd26e4814b6	blankwhite	http://apste.att.com:8140/
76e36321dc6fe787721c5cd26e4814b6	blankwhite	http://apste.att.com:8181/
76e36321dc6fe787721c5cd26e4814b6	blankwhite	http://apste.att.com:82/
76e36321dc6fe787721c5cd26e4814b6	blankwhite	http://apste.att.com:8200/
76e36321dc6fe787721c5cd26e4814b6	blankwhite	http://apste.att.com:83/
76e36321dc6fe787721c5cd26e4814b6	blankwhite	http://apste.att.com:84/
76e36321dc6fe787721c5cd26e4814b6	blankwhite	http://apste.att.com:8443/
76e36321dc6fe787721c5cd26e4814b6	blankwhite	http://apste.att.com:88/
76e36321dc6fe787721c5cd26e4814b6	blankwhite	http://apste.att.com:8800/
76e36321dc6fe787721c5cd26e4814b6	blankwhite	http://apste.att.com:8834/
76e36321dc6fe787721c5cd26e4814b6	blankwhite	http://apste.att.com:8880/
76e36321dc6fe787721c5cd26e4814b6	blankwhite	http://apste.att.com:8888/
76e36321dc6fe787721c5cd26e4814b6	blankwhite	http://apste.att.com:9001/
76e36321dc6fe787721c5cd26e4814b6	blankwhite	http://apste.att.com:9002/
76e36321dc6fe787721c5cd26e4814b6	blankwhite	http://apste.att.com:9009/
76e36321dc6fe787721c5cd26e4814b6	blankwhite	http://apste.att.com:9080/
76e36321dc6fe787721c5cd26e4814b6	blankwhite	http://apste.att.com:9090/
76e36321dc6fe787721c5cd26e4814b6	blankwhite	http://apste.att.com:9100/
76e36321dc6fe787721c5cd26e4814b6	blankwhite	http://apste.att.com:9200/
76e36321dc6fe787721c5cd26e4814b6	blankwhite	http://apste.att.com:9306/
76e36321dc6fe787721c5cd26e4814b6	blankwhite	http://apste.att.com:9943/
76e36321dc6fe787721c5cd26e4814b6	blankwhite	http://apste.att.com:9999/
76e36321dc6fe787721c5cd26e4814b6	blankwhite	http://apstesmp1.att.com/
76e36321dc6fe787721c5cd26e4814b6	blankwhite	http://apstesmp1.att.com:10000/
76e36321dc6fe787721c5cd26e4814b6	blankwhite	http://apstesmp1.att.com:10001/
76e36321dc6fe787721c5cd26e4814b6	blankwhite	http://apstesmp1.att.com:1024/
76e36321dc6fe787721c5cd26e4814b6	blankwhite	http://apstesmp1.att.com:10443/
76e36321dc6fe787721c5cd26e4814b6	blankwhite	http://apstesmp1.att.com:1177/
76e36321dc6fe787721c5cd26e4814b6	blankwhite	http://apstesmp1.att.com:1234/
76e36321dc6fe787721c5cd26e4814b6	blankwhite	http://apstesmp1.att.com:12345/
76e36321dc6fe787721c5cd26e4814b6	blankwhite	http://apstesmp1.att.com:1433/
76e36321dc6fe787721c5cd26e4814b6	blankwhite	http://apstesmp1.att.com:1521/
76e36321dc6fe787721c5cd26e4814b6	blankwhite	http://apstesmp1.att.com:2000/
76e36321dc6fe787721c5cd26e4814b6	blankwhite	http://apstesmp1.att.com:20000/
76e36321dc6fe787721c5cd26e4814b6	blankwhite	http://apstesmp1.att.com:2082/
76e36321dc6fe787721c5cd26e4814b6	blankwhite	http://apstesmp1.att.com:2086/
76e36321dc6fe787721c5cd26e4814b6	blankwhite	http://apstesmp1.att.com:2222/
76e36321dc6fe787721c5cd26e4814b6	blankwhite	http://apstesmp1.att.com:2345/
76e36321dc6fe787721c5cd26e4814b6	blankwhite	http://apstesmp1.att.com:2480/
76e36321dc6fe787721c5cd26e4814b6	blankwhite	http://apstesmp1.att.com:25/
76e36321dc6fe787721c5cd26e4814b6	blankwhite	http://apstesmp1.att.com:3000/
76e36321dc6fe787721c5cd26e4814b6	blankwhite	http://apstesmp1.att.com:3001/
76e36321dc6fe787721c5cd26e4814b6	blankwhite	http://apstesmp1.att.com:3299/
76e36321dc6fe787721c5cd26e4814b6	blankwhite	http://apstesmp1.att.com:3389/
76e36321dc6fe787721c5cd26e4814b6	blankwhite	http://apstesmp1.att.com:3551/
76e36321dc6fe787721c5cd26e4814b6	blankwhite	http://apstesmp1.att.com:3790/
76e36321dc6fe787721c5cd26e4814b6	blankwhite	http://apstesmp1.att.com:389/
76e36321dc6fe787721c5cd26e4814b6	blankwhite	http://apstesmp1.att.com:4022/
76e36321dc6fe787721c5cd26e4814b6	blankwhite	http://apstesmp1.att.com:4040/
76e36321dc6fe787721c5cd26e4814b6	blankwhite	http://apstesmp1.att.com:4064/
76e36321dc6fe787721c5cd26e4814b6	blankwhite	http://apstesmp1.att.com:444/
76e36321dc6fe787721c5cd26e4814b6	blankwhite	http://apstesmp1.att.com:4443/
76e36321dc6fe787721c5cd26e4814b6	blankwhite	http://apstesmp1.att.com:4567/
76e36321dc6fe787721c5cd26e4814b6	blankwhite	http://apstesmp1.att.com:4848/
76e36321dc6fe787721c5cd26e4814b6	blankwhite	http://apstesmp1.att.com:4911/
76e36321dc6fe787721c5cd26e4814b6	blankwhite	http://apstesmp1.att.com:5000/
76e36321dc6fe787721c5cd26e4814b6	blankwhite	http://apstesmp1.att.com:5001/
76e36321dc6fe787721c5cd26e4814b6	blankwhite	http://apstesmp1.att.com:5005/
76e36321dc6fe787721c5cd26e4814b6	blankwhite	http://apstesmp1.att.com:5006/
76e36321dc6fe787721c5cd26e4814b6	blankwhite	http://apstesmp1.att.com:5007/
76e36321dc6fe787721c5cd26e4814b6	blankwhite	http://apstesmp1.att.com:5009/
76e36321dc6fe787721c5cd26e4814b6	blankwhite	http://apstesmp1.att.com:5010/
76e36321dc6fe787721c5cd26e4814b6	blankwhite	http://apstesmp1.att.com:5222/
76e36321dc6fe787721c5cd26e4814b6	blankwhite	http://apstesmp1.att.com:554/
76e36321dc6fe787721c5cd26e4814b6	blankwhite	http://apstesmp1.att.com:5555/
76e36321dc6fe787721c5cd26e4814b6	blankwhite	http://apstesmp1.att.com:5601/
76e36321dc6fe787721c5cd26e4814b6	blankwhite	http://apstesmp1.att.com:5672/
76e36321dc6fe787721c5cd26e4814b6	blankwhite	http://apstesmp1.att.com:587/
76e36321dc6fe787721c5cd26e4814b6	blankwhite	http://apstesmp1.att.com:5985/
76e36321dc6fe787721c5cd26e4814b6	blankwhite	http://apstesmp1.att.com:6000/
76e36321dc6fe787721c5cd26e4814b6	blankwhite	http://apstesmp1.att.com:6001/
76e36321dc6fe787721c5cd26e4814b6	blankwhite	http://apstesmp1.att.com:631/
76e36321dc6fe787721c5cd26e4814b6	blankwhite	http://apstesmp1.att.com:636/
76e36321dc6fe787721c5cd26e4814b6	blankwhite	http://apstesmp1.att.com:7001/
76e36321dc6fe787721c5cd26e4814b6	blankwhite	http://apstesmp1.att.com:7171/
76e36321dc6fe787721c5cd26e4814b6	blankwhite	http://apstesmp1.att.com:7443/
76e36321dc6fe787721c5cd26e4814b6	blankwhite	http://apstesmp1.att.com:7474/
76e36321dc6fe787721c5cd26e4814b6	blankwhite	http://apstesmp1.att.com:7777/
76e36321dc6fe787721c5cd26e4814b6	blankwhite	http://apstesmp1.att.com:7779/
76e36321dc6fe787721c5cd26e4814b6	blankwhite	http://apstesmp1.att.com:8000/
76e36321dc6fe787721c5cd26e4814b6	blankwhite	http://apstesmp1.att.com:8001/
76e36321dc6fe787721c5cd26e4814b6	blankwhite	http://apstesmp1.att.com:8008/
76e36321dc6fe787721c5cd26e4814b6	blankwhite	http://apstesmp1.att.com:8009/
76e36321dc6fe787721c5cd26e4814b6	blankwhite	http://apstesmp1.att.com:8010/
76e36321dc6fe787721c5cd26e4814b6	blankwhite	http://apstesmp1.att.com:8060/
76e36321dc6fe787721c5cd26e4814b6	blankwhite	http://apstesmp1.att.com:8069/
76e36321dc6fe787721c5cd26e4814b6	blankwhite	http://apstesmp1.att.com:8080/
76e36321dc6fe787721c5cd26e4814b6	blankwhite	http://apstesmp1.att.com:8081/
76e36321dc6fe787721c5cd26e4814b6	blankwhite	http://apstesmp1.att.com:8083/
76e36321dc6fe787721c5cd26e4814b6	blankwhite	http://apstesmp1.att.com:8086/
76e36321dc6fe787721c5cd26e4814b6	blankwhite	http://apstesmp1.att.com:8089/
76e36321dc6fe787721c5cd26e4814b6	blankwhite	http://apstesmp1.att.com:8090/
76e36321dc6fe787721c5cd26e4814b6	blankwhite	http://apstesmp1.att.com:81/
76e36321dc6fe787721c5cd26e4814b6	blankwhite	http://apstesmp1.att.com:8112/
76e36321dc6fe787721c5cd26e4814b6	blankwhite	http://apstesmp1.att.com:8123/
76e36321dc6fe787721c5cd26e4814b6	blankwhite	http://apstesmp1.att.com:8126/
76e36321dc6fe787721c5cd26e4814b6	blankwhite	http://apstesmp1.att.com:8139/
76e36321dc6fe787721c5cd26e4814b6	blankwhite	http://apstesmp1.att.com:8140/
76e36321dc6fe787721c5cd26e4814b6	blankwhite	http://apstesmp1.att.com:8181/
76e36321dc6fe787721c5cd26e4814b6	blankwhite	http://apstesmp1.att.com:82/
76e36321dc6fe787721c5cd26e4814b6	blankwhite	http://apstesmp1.att.com:8200/
76e36321dc6fe787721c5cd26e4814b6	blankwhite	http://apstesmp1.att.com:83/
76e36321dc6fe787721c5cd26e4814b6	blankwhite	http://apstesmp1.att.com:84/
76e36321dc6fe787721c5cd26e4814b6	blankwhite	http://apstesmp1.att.com:8443/
76e36321dc6fe787721c5cd26e4814b6	blankwhite	http://apstesmp1.att.com:88/
76e36321dc6fe787721c5cd26e4814b6	blankwhite	http://apstesmp1.att.com:8800/
76e36321dc6fe787721c5cd26e4814b6	blankwhite	http://apstesmp1.att.com:8880/
76e36321dc6fe787721c5cd26e4814b6	blankwhite	http://apstesmp1.att.com:8888/
76e36321dc6fe787721c5cd26e4814b6	blankwhite	http://apstesmp1.att.com:9001/
76e36321dc6fe787721c5cd26e4814b6	blankwhite	http://apstesmp1.att.com:9002/
76e36321dc6fe787721c5cd26e4814b6	blankwhite	http://apstesmp1.att.com:9009/
76e36321dc6fe787721c5cd26e4814b6	blankwhite	http://apstesmp1.att.com:9080/
76e36321dc6fe787721c5cd26e4814b6	blankwhite	http://apstesmp1.att.com:9090/
76e36321dc6fe787721c5cd26e4814b6	blankwhite	http://apstesmp1.att.com:9100/
76e36321dc6fe787721c5cd26e4814b6	blankwhite	http://apstesmp1.att.com:9200/
76e36321dc6fe787721c5cd26e4814b6	blankwhite	http://apstesmp1.att.com:9306/
76e36321dc6fe787721c5cd26e4814b6	blankwhite	http://apstesmp1.att.com:9943/
76e36321dc6fe787721c5cd26e4814b6	blankwhite	http://apstesmp1.att.com:9999/
76e36321dc6fe787721c5cd26e4814b6	blankwhite	http://cyber-pages.att.com/
76e36321dc6fe787721c5cd26e4814b6	blankwhite	http://cyber-tracking.att.com/
76e36321dc6fe787721c5cd26e4814b6	blankwhite	http://digital.att.com/
76e36321dc6fe787721c5cd26e4814b6	blankwhite	http://explore.att.com/
76e36321dc6fe787721c5cd26e4814b6	blankwhite	http://networkingexchange.att.com/
76e36321dc6fe787721c5cd26e4814b6	blankwhite	http://pages.att.com/
76e36321dc6fe787721c5cd26e4814b6	blankwhite	http://resources.att.com/
76e36321dc6fe787721c5cd26e4814b6	blankwhite	https://apste.att.com/
76e36321dc6fe787721c5cd26e4814b6	blankwhite	https://apstesmp1.att.com/
76e36321dc6fe787721c5cd26e4814b6	blankwhite	https://cyber-pages.att.com/
76e36321dc6fe787721c5cd26e4814b6	blankwhite	https://cyber-tracking.att.com/
76e36321dc6fe787721c5cd26e4814b6	blankwhite	https://digital.att.com/
76e36321dc6fe787721c5cd26e4814b6	blankwhite	https://explore.att.com/
76e36321dc6fe787721c5cd26e4814b6	blankwhite	http://site.att.com/
76e36321dc6fe787721c5cd26e4814b6	blankwhite	https://networkingexchange.att.com/
76e36321dc6fe787721c5cd26e4814b6	blankwhite	https://pages.att.com/
76e36321dc6fe787721c5cd26e4814b6	blankwhite	https://resources.att.com/
76e36321dc6fe787721c5cd26e4814b6	blankwhite	https://site.att.com/
76e36321dc6fe787721c5cd26e4814b6	blankwhite	https://tracking.att.com/
76e36321dc6fe787721c5cd26e4814b6	blankwhite	https://webinars.att.com/
76e36321dc6fe787721c5cd26e4814b6	blankwhite	http://tracking.att.com/
76e36321dc6fe787721c5cd26e4814b6	blankwhite	http://webinars.att.com/
81586312	jenkins	https://jenkins-directvcommercial.test.att.com/
81586312	jenkins	https://portal-west.flow.cloud.att.com/
855273746	jira	http://darp-jira.test.att.com/
855273746	jira	http://jira.darp.att.com/
855273746	jira	https://darp-jira.test.att.com/
855273746	jira	https://jira.darp.att.com/
86919334	servicenow	http://attmbl-us.att.com/
86919334	servicenow	http://attmbl-usdev.att.com/
86919334	servicenow	http://attmbl-ustest.att.com/
86919334	servicenow	http://cybersecurityservices.att.com/
86919334	servicenow	http://dev-cybersecurityservices.att.com/
86919334	servicenow	http://fedgovservices.att.com/
86919334	servicenow	http://fedgovservicesbeta.att.com/
86919334	servicenow	http://fedgovservicestest.att.com/
86919334	servicenow	http://fedgovservicesuat.att.com/
86919334	servicenow	https://attmbl-us.att.com/
86919334	servicenow	https://attmbl-usdev.att.com/
86919334	servicenow	https://attmbl-ustest.att.com/
86919334	servicenow	https://cybersecurityservices.att.com/
86919334	servicenow	https://dev-cybersecurityservices.att.com/
86919334	servicenow	https://fedgovservices.att.com/
86919334	servicenow	https://fedgovservicesbeta.att.com/
86919334	servicenow	https://fedgovservicestest.att.com/
86919334	servicenow	https://fedgovservicesuat.att.com/
86919334	servicenow	https://test-cybersecurityservices.att.com/
86919334	servicenow	http://test-cybersecurityservices.att.com/
8b5a97b687b1fb900d94bc7b1187438f	blankwhite	http://acedesktop.att.com/
8b5a97b687b1fb900d94bc7b1187438f	blankwhite	http://hvd-intl05.att.com/
8b5a97b687b1fb900d94bc7b1187438f	blankwhite	http://investors.att.com/
8b5a97b687b1fb900d94bc7b1187438f	blankwhite	http://mydesktop-central01u.att.com/
8b5a97b687b1fb900d94bc7b1187438f	blankwhite	http://mydesktop-central02u.att.com/
8b5a97b687b1fb900d94bc7b1187438f	blankwhite	http://mydesktop-central03u.att.com/
8b5a97b687b1fb900d94bc7b1187438f	blankwhite	http://mydesktop-central04u.att.com/
8b5a97b687b1fb900d94bc7b1187438f	blankwhite	http://mydesktop-central05u.att.com/
8b5a97b687b1fb900d94bc7b1187438f	blankwhite	http://mydesktop-central06u.att.com/
8b5a97b687b1fb900d94bc7b1187438f	blankwhite	http://mydesktop-dr01u.att.com/
8b5a97b687b1fb900d94bc7b1187438f	blankwhite	http://mydesktop-dr02u.att.com/
8b5a97b687b1fb900d94bc7b1187438f	blankwhite	http://mydesktop-east01u.att.com/
8b5a97b687b1fb900d94bc7b1187438f	blankwhite	http://mydesktop-east02u.att.com/
8b5a97b687b1fb900d94bc7b1187438f	blankwhite	http://mydesktop-east03u.att.com/
8b5a97b687b1fb900d94bc7b1187438f	blankwhite	http://mydesktop-east04u.att.com/
8b5a97b687b1fb900d94bc7b1187438f	blankwhite	http://mydesktop-east05u.att.com/
8b5a97b687b1fb900d94bc7b1187438f	blankwhite	http://mydesktop-west01u.att.com/
8b5a97b687b1fb900d94bc7b1187438f	blankwhite	http://mydesktop-west02u.att.com/
8b5a97b687b1fb900d94bc7b1187438f	blankwhite	http://mydesktop-west03u.att.com/
8b5a97b687b1fb900d94bc7b1187438f	blankwhite	http://mydesktop-west04u.att.com/
8b5a97b687b1fb900d94bc7b1187438f	blankwhite	http://mydesktop-west05u.att.com/
8b5a97b687b1fb900d94bc7b1187438f	blankwhite	https://acedesktop.att.com/
8b5a97b687b1fb900d94bc7b1187438f	blankwhite	http://securefamilylink.wireless.att.com/
8b5a97b687b1fb900d94bc7b1187438f	blankwhite	https://hvd-intl03.att.com/
8b5a97b687b1fb900d94bc7b1187438f	blankwhite	https://hvd-intl05.att.com/
8b5a97b687b1fb900d94bc7b1187438f	blankwhite	https://hvd-intl06.att.com/
8b5a97b687b1fb900d94bc7b1187438f	blankwhite	https://hvd-intl07.att.com/
8b5a97b687b1fb900d94bc7b1187438f	blankwhite	https://hvd-intl08.att.com/
8b5a97b687b1fb900d94bc7b1187438f	blankwhite	https://hvd-intl09.att.com/
8b5a97b687b1fb900d94bc7b1187438f	blankwhite	https://hvd-intl10.att.com/
8b5a97b687b1fb900d94bc7b1187438f	blankwhite	https://hvd-intl11.att.com/
8b5a97b687b1fb900d94bc7b1187438f	blankwhite	https://hvd-intl13.att.com/
8b5a97b687b1fb900d94bc7b1187438f	blankwhite	https://hvd-intl14.att.com/
8b5a97b687b1fb900d94bc7b1187438f	blankwhite	https://hvd-intl.att.com/
8b5a97b687b1fb900d94bc7b1187438f	blankwhite	https://investors.att.com/
8b5a97b687b1fb900d94bc7b1187438f	blankwhite	https://mydesktop-central01u.att.com/
8b5a97b687b1fb900d94bc7b1187438f	blankwhite	https://mydesktop-central02u.att.com/
8b5a97b687b1fb900d94bc7b1187438f	blankwhite	https://mydesktop-central03u.att.com/
8b5a97b687b1fb900d94bc7b1187438f	blankwhite	https://mydesktop-central04u.att.com/
8b5a97b687b1fb900d94bc7b1187438f	blankwhite	https://mydesktop-central05u.att.com/
8b5a97b687b1fb900d94bc7b1187438f	blankwhite	https://mydesktop-central06u.att.com/
8b5a97b687b1fb900d94bc7b1187438f	blankwhite	https://mydesktop-dr01u.att.com/
8b5a97b687b1fb900d94bc7b1187438f	blankwhite	https://mydesktop-dr02u.att.com/
8b5a97b687b1fb900d94bc7b1187438f	blankwhite	https://mydesktop-east01u.att.com/
8b5a97b687b1fb900d94bc7b1187438f	blankwhite	https://mydesktop-east02u.att.com/
8b5a97b687b1fb900d94bc7b1187438f	blankwhite	https://mydesktop-east03u.att.com/
8b5a97b687b1fb900d94bc7b1187438f	blankwhite	https://mydesktop-east04u.att.com/
8b5a97b687b1fb900d94bc7b1187438f	blankwhite	https://mydesktop-east05u.att.com/
8b5a97b687b1fb900d94bc7b1187438f	blankwhite	https://mydesktop-west01u.att.com/
8b5a97b687b1fb900d94bc7b1187438f	blankwhite	https://mydesktop-west02u.att.com/
8b5a97b687b1fb900d94bc7b1187438f	blankwhite	https://mydesktop-west03u.att.com/
8b5a97b687b1fb900d94bc7b1187438f	blankwhite	https://mydesktop-west04u.att.com/
8b5a97b687b1fb900d94bc7b1187438f	blankwhite	https://mydesktop-west05u.att.com/
8b5a97b687b1fb900d94bc7b1187438f	blankwhite	https://securefamilylink.wireless.att.com/
97604680	tandberg	https://abbottvideo.att.com/
97604680	tandberg	https://abot-cl1-expe.abbottvideo.att.com/
-991123252	vmware horizon	https://agsdesktop.att.com/
-991123252	vmware horizon	https://agsdesktop.att.com:443/
-991123252	vmware horizon	https://h-135-207-255-89.research.att.com/
-991123252	vmware horizon	https://horizon7.research.att.com/
b0d1844949fe7dcdf210983feb285241	aspnet	http://admin-workforcemanager.att.com/
b0d1844949fe7dcdf210983feb285241	aspnet	http://login-workforcemanager.att.com/
b0d1844949fe7dcdf210983feb285241	aspnet	https://admin-workforcemanager.att.com/
b0d1844949fe7dcdf210983feb285241	aspnet	https://attuniversity.az.cloud.att.com/
b0d1844949fe7dcdf210983feb285241	aspnet	https://comrest-directvcommercial.att.com/
b0d1844949fe7dcdf210983feb285241	aspnet	https://es.mst.att.com/
b0d1844949fe7dcdf210983feb285241	aspnet	https://login-workforcemanager.att.com/
b0d1844949fe7dcdf210983feb285241	aspnet	https://workforcemanager.att.com/
b0d1844949fe7dcdf210983feb285241	aspnet	http://workforcemanager.att.com/
d41d8cd98f00b204e9800998ecf8427e	zero byte favicon	http://acssg-tsg.test.att.com/
d41d8cd98f00b204e9800998ecf8427e	zero byte favicon	http://advancedsolutions.att.com/
d41d8cd98f00b204e9800998ecf8427e	zero byte favicon	http://amesolutions.att.com/
d41d8cd98f00b204e9800998ecf8427e	zero byte favicon	http://assetmanagement.att.com/
d41d8cd98f00b204e9800998ecf8427e	zero byte favicon	http://attdashboard.wireless.att.com/
d41d8cd98f00b204e9800998ecf8427e	zero byte favicon	http://attdashboard-zr.wireless.att.com/
d41d8cd98f00b204e9800998ecf8427e	zero byte favicon	http://auth-api.att.com/
d41d8cd98f00b204e9800998ecf8427e	zero byte favicon	http://community-apimarket.att.com/
d41d8cd98f00b204e9800998ecf8427e	zero byte favicon	http://consumercares.att.com/
d41d8cd98f00b204e9800998ecf8427e	zero byte favicon	http://eds-aldc-tw8.wireless.att.com:1080/
d41d8cd98f00b204e9800998ecf8427e	zero byte favicon	http://eds-kmdc-tw9674.wireless.att.com:8085/
d41d8cd98f00b204e9800998ecf8427e	zero byte favicon	http://egtechcare.att.com/
d41d8cd98f00b204e9800998ecf8427e	zero byte favicon	http://emlink.wireless.att.com/
d41d8cd98f00b204e9800998ecf8427e	zero byte favicon	http://es.mst.att.com/
d41d8cd98f00b204e9800998ecf8427e	zero byte favicon	http://hub.att.com/
d41d8cd98f00b204e9800998ecf8427e	zero byte favicon	http://iptf360-callrecording.att.com/
d41d8cd98f00b204e9800998ecf8427e	zero byte favicon	http://leadershiphub.att.com/
d41d8cd98f00b204e9800998ecf8427e	zero byte favicon	http://metechcare.att.com/
d41d8cd98f00b204e9800998ecf8427e	zero byte favicon	http://metraining.att.com/
d41d8cd98f00b204e9800998ecf8427e	zero byte favicon	http://offers.att.com/
d41d8cd98f00b204e9800998ecf8427e	zero byte favicon	http://opussims.att.com/
d41d8cd98f00b204e9800998ecf8427e	zero byte favicon	https://acedev.att.com/
d41d8cd98f00b204e9800998ecf8427e	zero byte favicon	https://advancedsolutions.att.com/
d41d8cd98f00b204e9800998ecf8427e	zero byte favicon	https://adw01-dev2-corpfin.us-ashburn-1.oci.cloud.att.com/
d41d8cd98f00b204e9800998ecf8427e	zero byte favicon	https://adw01-dev4-corpfin.us-ashburn-1.oci.cloud.att.com/
d41d8cd98f00b204e9800998ecf8427e	zero byte favicon	https://adw01-dev5-corpfin.us-ashburn-1.oci.cloud.att.com/
d41d8cd98f00b204e9800998ecf8427e	zero byte favicon	https://amesolutions.att.com/
d41d8cd98f00b204e9800998ecf8427e	zero byte favicon	https://assetmanagement.att.com/
d41d8cd98f00b204e9800998ecf8427e	zero byte favicon	https://atp01-dev2-corpfin.us-ashburn-1.oci.cloud.att.com/
d41d8cd98f00b204e9800998ecf8427e	zero byte favicon	https://atp01-dev4-corpfin.us-ashburn-1.oci.cloud.att.com/
d41d8cd98f00b204e9800998ecf8427e	zero byte favicon	https://atp01-dev5-corpfin.us-ashburn-1.oci.cloud.att.com/
d41d8cd98f00b204e9800998ecf8427e	zero byte favicon	https://attconsumer.att.com/
d41d8cd98f00b204e9800998ecf8427e	zero byte favicon	https://attdashboard.wireless.att.com/
d41d8cd98f00b204e9800998ecf8427e	zero byte favicon	https://attdashboard-zr.wireless.att.com/
d41d8cd98f00b204e9800998ecf8427e	zero byte favicon	https://auth-api.att.com/
d41d8cd98f00b204e9800998ecf8427e	zero byte favicon	https://bcsstechnical.att.com/
d41d8cd98f00b204e9800998ecf8427e	zero byte favicon	https://bcsswirelineit.att.com/
d41d8cd98f00b204e9800998ecf8427e	zero byte favicon	https://bcsswirelinetraining.att.com/
d41d8cd98f00b204e9800998ecf8427e	zero byte favicon	https://bizsoltraining.att.com/
d41d8cd98f00b204e9800998ecf8427e	zero byte favicon	https://businesscenterlearning.att.com/
d41d8cd98f00b204e9800998ecf8427e	zero byte favicon	https://businesscenterlearningdev.att.com/
d41d8cd98f00b204e9800998ecf8427e	zero byte favicon	https://bussalesret.att.com/
d41d8cd98f00b204e9800998ecf8427e	zero byte favicon	https://ccltraining.att.com/
d41d8cd98f00b204e9800998ecf8427e	zero byte favicon	https://clicktoconnect.att.com/
d41d8cd98f00b204e9800998ecf8427e	zero byte favicon	https://clicktoconnectsupport.att.com/
d41d8cd98f00b204e9800998ecf8427e	zero byte favicon	https://community-apimarket.att.com/
d41d8cd98f00b204e9800998ecf8427e	zero byte favicon	https://consumercares.att.com/
d41d8cd98f00b204e9800998ecf8427e	zero byte favicon	https://coretechtraining.att.com/
d41d8cd98f00b204e9800998ecf8427e	zero byte favicon	https://cptraining.att.com/
d41d8cd98f00b204e9800998ecf8427e	zero byte favicon	https://customerconnecttraining.att.com/
d41d8cd98f00b204e9800998ecf8427e	zero byte favicon	https://dpe-gr1.dlife.att.com/
d41d8cd98f00b204e9800998ecf8427e	zero byte favicon	https://eastus2-auth-api.att.com/
d41d8cd98f00b204e9800998ecf8427e	zero byte favicon	https://eds-aldc-dw10.wireless.att.com:8080/
d41d8cd98f00b204e9800998ecf8427e	zero byte favicon	https://eds-aldc-dw11.wireless.att.com:8080/
d41d8cd98f00b204e9800998ecf8427e	zero byte favicon	https://eds-aldc-dw12.wireless.att.com:8080/
d41d8cd98f00b204e9800998ecf8427e	zero byte favicon	https://eds-aldc-dw5.wireless.att.com:8080/
d41d8cd98f00b204e9800998ecf8427e	zero byte favicon	https://eds-aldc-dw6.wireless.att.com:8080/
d41d8cd98f00b204e9800998ecf8427e	zero byte favicon	https://eds-aldc-dw7.wireless.att.com:8080/
d41d8cd98f00b204e9800998ecf8427e	zero byte favicon	https://eds-aldc-dw8.wireless.att.com:8080/
d41d8cd98f00b204e9800998ecf8427e	zero byte favicon	https://eds-aldc-dw9.wireless.att.com:8080/
d41d8cd98f00b204e9800998ecf8427e	zero byte favicon	https://eds-aldc-pw3522.wireless.att.com:8443/
d41d8cd98f00b204e9800998ecf8427e	zero byte favicon	https://eds-aldc-pw3523.wireless.att.com:8443/
d41d8cd98f00b204e9800998ecf8427e	zero byte favicon	https://eds-aldc-pw3524.wireless.att.com:8443/
d41d8cd98f00b204e9800998ecf8427e	zero byte favicon	https://eds-aldc-tw10.wireless.att.com:8080/
d41d8cd98f00b204e9800998ecf8427e	zero byte favicon	https://eds-aldc-tw11.wireless.att.com:8080/
d41d8cd98f00b204e9800998ecf8427e	zero byte favicon	https://eds-aldc-tw4.wireless.att.com:8080/
d41d8cd98f00b204e9800998ecf8427e	zero byte favicon	https://eds-aldc-tw5.wireless.att.com:8080/
d41d8cd98f00b204e9800998ecf8427e	zero byte favicon	https://eds-aldc-tw6.wireless.att.com:8080/
d41d8cd98f00b204e9800998ecf8427e	zero byte favicon	https://eds-aldc-tw7.wireless.att.com:8080/
d41d8cd98f00b204e9800998ecf8427e	zero byte favicon	https://eds-aldc-tw8.wireless.att.com:8080/
d41d8cd98f00b204e9800998ecf8427e	zero byte favicon	https://eds-aldc-tw9.wireless.att.com:8080/
d41d8cd98f00b204e9800998ecf8427e	zero byte favicon	https://eds-bhdc-dw53.wireless.att.com:8443/
d41d8cd98f00b204e9800998ecf8427e	zero byte favicon	https://eds-bhdc-dw54.wireless.att.com:8443/
d41d8cd98f00b204e9800998ecf8427e	zero byte favicon	https://eds-bhdc-tw165.wireless.att.com:8443/
d41d8cd98f00b204e9800998ecf8427e	zero byte favicon	https://eds-bhdc-tw166.wireless.att.com:8443/
d41d8cd98f00b204e9800998ecf8427e	zero byte favicon	https://eds-ffdc-pw12.wireless.att.com:8080/
d41d8cd98f00b204e9800998ecf8427e	zero byte favicon	https://eds-ffdc-pw13.wireless.att.com:8080/
d41d8cd98f00b204e9800998ecf8427e	zero byte favicon	https://eds-ffdc-pw14.wireless.att.com:8080/
d41d8cd98f00b204e9800998ecf8427e	zero byte favicon	https://eds-ffdc-pw15.wireless.att.com:8080/
d41d8cd98f00b204e9800998ecf8427e	zero byte favicon	https://eds-ffdc-pw16.wireless.att.com:8080/
d41d8cd98f00b204e9800998ecf8427e	zero byte favicon	https://eds-ffdc-pw17.wireless.att.com:8080/
d41d8cd98f00b204e9800998ecf8427e	zero byte favicon	https://eds-ffdc-pw18.wireless.att.com:8080/
d41d8cd98f00b204e9800998ecf8427e	zero byte favicon	https://eds-ffdc-pw1.wireless.att.com:8080/
d41d8cd98f00b204e9800998ecf8427e	zero byte favicon	https://eds-ffdc-pw246.wireless.att.com:8443/
d41d8cd98f00b204e9800998ecf8427e	zero byte favicon	https://eds-ffdc-pw247.wireless.att.com:8443/
d41d8cd98f00b204e9800998ecf8427e	zero byte favicon	https://eds-ffdc-pw248.wireless.att.com:8443/
d41d8cd98f00b204e9800998ecf8427e	zero byte favicon	https://eds-ffdc-pw2.wireless.att.com:8080/
d41d8cd98f00b204e9800998ecf8427e	zero byte favicon	https://eds-ffdc-pw3.wireless.att.com:8080/
d41d8cd98f00b204e9800998ecf8427e	zero byte favicon	https://eds-ffdc-pw4.wireless.att.com:8080/
d41d8cd98f00b204e9800998ecf8427e	zero byte favicon	https://eds-hydc-dw2.wireless.att.com:8080/
d41d8cd98f00b204e9800998ecf8427e	zero byte favicon	https://eds-hydc-tw1.wireless.att.com:8080/
d41d8cd98f00b204e9800998ecf8427e	zero byte favicon	https://eds-kmdc-tw9673.wireless.att.com:8443/
d41d8cd98f00b204e9800998ecf8427e	zero byte favicon	https://eds-kmdc-tw9674.wireless.att.com:8443/
d41d8cd98f00b204e9800998ecf8427e	zero byte favicon	https://eds-sfdc-p1w5.wireless.att.com:8080/
d41d8cd98f00b204e9800998ecf8427e	zero byte favicon	https://eds-sfdc-p1w6.wireless.att.com:8080/
d41d8cd98f00b204e9800998ecf8427e	zero byte favicon	https://eds-sfdc-p1w7.wireless.att.com:8080/
d41d8cd98f00b204e9800998ecf8427e	zero byte favicon	https://eds-sfdc-p1w8.wireless.att.com:8080/
d41d8cd98f00b204e9800998ecf8427e	zero byte favicon	https://eds-sfdc-p2w7.wireless.att.com:8080/
d41d8cd98f00b204e9800998ecf8427e	zero byte favicon	https://eds-sfdc-p2w8.wireless.att.com:8080/
d41d8cd98f00b204e9800998ecf8427e	zero byte favicon	https://eds-sfdc-pw10.wireless.att.com:8080/
d41d8cd98f00b204e9800998ecf8427e	zero byte favicon	https://eds-sfdc-pw11.wireless.att.com:8080/
d41d8cd98f00b204e9800998ecf8427e	zero byte favicon	https://eds-sfdc-pw12.wireless.att.com:8080/
d41d8cd98f00b204e9800998ecf8427e	zero byte favicon	https://eds-sfdc-pw13.wireless.att.com:8080/
d41d8cd98f00b204e9800998ecf8427e	zero byte favicon	https://eds-sfdc-pw14.wireless.att.com:8080/
d41d8cd98f00b204e9800998ecf8427e	zero byte favicon	https://eds-sfdc-pw250.wireless.att.com:8443/
d41d8cd98f00b204e9800998ecf8427e	zero byte favicon	https://eds-sfdc-pw251.wireless.att.com:8443/
d41d8cd98f00b204e9800998ecf8427e	zero byte favicon	https://eds-sfdc-pw252.wireless.att.com:8443/
d41d8cd98f00b204e9800998ecf8427e	zero byte favicon	https://eds-sfdc-pw5.wireless.att.com:8080/
d41d8cd98f00b204e9800998ecf8427e	zero byte favicon	https://eds-sfdc-pw6.wireless.att.com:8080/
d41d8cd98f00b204e9800998ecf8427e	zero byte favicon	https://eds-sfdc-pw7.wireless.att.com:8080/
d41d8cd98f00b204e9800998ecf8427e	zero byte favicon	https://eds-sfdc-pw8.wireless.att.com:8080/
d41d8cd98f00b204e9800998ecf8427e	zero byte favicon	https://eds-sfdc-pw9.wireless.att.com:8080/
d41d8cd98f00b204e9800998ecf8427e	zero byte favicon	https://ehsato.att.com/
d41d8cd98f00b204e9800998ecf8427e	zero byte favicon	https://emlink.wireless.att.com/
d41d8cd98f00b204e9800998ecf8427e	zero byte favicon	https://firstnetbcs.att.com/
d41d8cd98f00b204e9800998ecf8427e	zero byte favicon	https://firstnetcentral.att.com/
d41d8cd98f00b204e9800998ecf8427e	zero byte favicon	https://gcpyouknow.att.com/
d41d8cd98f00b204e9800998ecf8427e	zero byte favicon	https://hub.att.com/
d41d8cd98f00b204e9800998ecf8427e	zero byte favicon	https://ihxtrainingdev.att.com/
d41d8cd98f00b204e9800998ecf8427e	zero byte favicon	https://integratedandpartnersol.att.com/
d41d8cd98f00b204e9800998ecf8427e	zero byte favicon	https://integratedandpartnersoldev.att.com/
d41d8cd98f00b204e9800998ecf8427e	zero byte favicon	https://iptf360-callrecording.att.com/
d41d8cd98f00b204e9800998ecf8427e	zero byte favicon	https://lacuna.research.att.com/
d41d8cd98f00b204e9800998ecf8427e	zero byte favicon	https://learningsolutions.att.com/
d41d8cd98f00b204e9800998ecf8427e	zero byte favicon	https://mevrl.att.com/
d41d8cd98f00b204e9800998ecf8427e	zero byte favicon	https://offers.att.com/
d41d8cd98f00b204e9800998ecf8427e	zero byte favicon	https://omldev.att.com/
d41d8cd98f00b204e9800998ecf8427e	zero byte favicon	https://opussims.att.com/
d41d8cd98f00b204e9800998ecf8427e	zero byte favicon	https://ph-connection-dev.test.dlife.att.com/
d41d8cd98f00b204e9800998ecf8427e	zero byte favicon	https://ph-connection.dlife.att.com/
d41d8cd98f00b204e9800998ecf8427e	zero byte favicon	https://ph-connection-s1.dlife.att.com/
d41d8cd98f00b204e9800998ecf8427e	zero byte favicon	https://ph-connection-s3.test.dlife.att.com/
d41d8cd98f00b204e9800998ecf8427e	zero byte favicon	https://ph-download-dev.test.dlife.att.com/
d41d8cd98f00b204e9800998ecf8427e	zero byte favicon	https://ph-download.dlife.att.com/
d41d8cd98f00b204e9800998ecf8427e	zero byte favicon	https://ph-download-s1.dlife.att.com/
d41d8cd98f00b204e9800998ecf8427e	zero byte favicon	https://ph-download-s2.dlife.att.com/
d41d8cd98f00b204e9800998ecf8427e	zero byte favicon	https://ph-download-s3.test.dlife.att.com/
d41d8cd98f00b204e9800998ecf8427e	zero byte favicon	https://ph-upload-dev.test.dlife.att.com/
d41d8cd98f00b204e9800998ecf8427e	zero byte favicon	https://ph-upload.dlife.att.com/
d41d8cd98f00b204e9800998ecf8427e	zero byte favicon	https://ph-upload-s1.dlife.att.com/
d41d8cd98f00b204e9800998ecf8427e	zero byte favicon	https://ph-upload-s2.dlife.att.com/
d41d8cd98f00b204e9800998ecf8427e	zero byte favicon	https://ph-upload-s3.test.dlife.att.com/
d41d8cd98f00b204e9800998ecf8427e	zero byte favicon	https://retailleadershiptraining.att.com/
d41d8cd98f00b204e9800998ecf8427e	zero byte favicon	https://retailtutorials.att.com/
d41d8cd98f00b204e9800998ecf8427e	zero byte favicon	https://tdp.att.com/
d41d8cd98f00b204e9800998ecf8427e	zero byte favicon	https://tdpdev.att.com/
d41d8cd98f00b204e9800998ecf8427e	zero byte favicon	https://test-tutkb.att.com/
d41d8cd98f00b204e9800998ecf8427e	zero byte favicon	https://tusims.att.com/
d41d8cd98f00b204e9800998ecf8427e	zero byte favicon	https://tusupport.att.com/
d41d8cd98f00b204e9800998ecf8427e	zero byte favicon	https://tusupport-ext.att.com/
d41d8cd98f00b204e9800998ecf8427e	zero byte favicon	https://tuxr.att.com/
d41d8cd98f00b204e9800998ecf8427e	zero byte favicon	https://upload-gr1.dlife.att.com/
d41d8cd98f00b204e9800998ecf8427e	zero byte favicon	https://westus2-auth-api.att.com/
d41d8cd98f00b204e9800998ecf8427e	zero byte favicon	https://wlnp.att.com/
d41d8cd98f00b204e9800998ecf8427e	zero byte favicon	https://xandrlearning.att.com/
d41d8cd98f00b204e9800998ecf8427e	zero byte favicon	https://xdmar.wireless.labs.att.com/
d41d8cd98f00b204e9800998ecf8427e	zero byte favicon	https://xdmbr.wireless.labs.att.com/
d41d8cd98f00b204e9800998ecf8427e	zero byte favicon	http://techcaretraining.att.com/
d41d8cd98f00b204e9800998ecf8427e	zero byte favicon	http://tusupport.att.com/
d41d8cd98f00b204e9800998ecf8427e	zero byte favicon	http://tusupport-ext.att.com/
d41d8cd98f00b204e9800998ecf8427e	zero byte favicon	http://westus2-auth-api.att.com/
d41d8cd98f00b204e9800998ecf8427e	zero byte favicon	http://youlead.att.com/
e71ed563d9c0742ee87ad93ec1a22238	springboot	https://shm-va-services.stage.att.com/
e71ed563d9c0742ee87ad93ec1a22238	springboot	https://wat-enhanced-rm.uc.att.com/
