0	zero byte favicon	http://beatthedrop.betfair.com/
0	zero byte favicon	http://bingo.betfair.com/
0	zero byte favicon	http://bingo.betfair.com:8080/
0	zero byte favicon	http://casino.betfair.com/
0	zero byte favicon	http://casino.betfair.com:8080/
0	zero byte favicon	http://exchangegaming.betfair.com/
0	zero byte favicon	http://exchangegaming.betfair.com:8080/
0	zero byte favicon	http://launcher.betfair.com/
0	zero byte favicon	http://launcher.betfair.com:8080/
0	zero byte favicon	http://regstat.betfair.com/
0	zero byte favicon	https://beatthedrop.betfair.com/
0	zero byte favicon	https://bingo.betfair.com/
0	zero byte favicon	https://casino.betfair.com/
0	zero byte favicon	https://exchangegaming.betfair.com/
0	zero byte favicon	https://launcher.betfair.com/
0	zero byte favicon	http://soccer.abelson.partners.betfair.com/
0	zero byte favicon	http://soccer.abelson.partners.betfair.com:8080/
0	zero byte favicon	http://sportsgaming.betfair.com/
0	zero byte favicon	http://sportsgaming.betfair.com:8080/
0	zero byte favicon	https://regstat.betfair.com/
0	zero byte favicon	https://soccer.abelson.partners.betfair.com/
0	zero byte favicon	https://sportsgaming.betfair.com/
1099596916	betfair	http://apostas.betfair.com/
1099596916	betfair	http://apostas.betfair.com:8080/
1099596916	betfair	http://apuestas.betfair.com/
1099596916	betfair	http://apuestas.betfair.com:8080/
1099596916	betfair	http://betfair.com/
1099596916	betfair	http://betfair.com:2082/
1099596916	betfair	http://betfair.com:2086/
1099596916	betfair	http://betfair.com:8080/
1099596916	betfair	http://betfair.com:8880/
1099596916	betfair	http://bgf.betfair.com/
1099596916	betfair	http://bgf.betfair.com:8080/
1099596916	betfair	http://bts.betfair.com/
1099596916	betfair	http://bts.betfair.com:8080/
1099596916	betfair	http://cache.betfair.com/
1099596916	betfair	http://cache.betfair.com:8080/
1099596916	betfair	http://canada.betfair.com/
1099596916	betfair	http://canada.betfair.com:8080/
1099596916	betfair	http://cashout-service.ie1.betfair.com/
1099596916	betfair	http://cashout-service.ie2.betfair.com/
1099596916	betfair	http://cashrace.betfair.com/
1099596916	betfair	http://cashrace.betfair.com:8080/
1099596916	betfair	http://csm.betfair.com/
1099596916	betfair	http://ebs.betfair.com/
1099596916	betfair	http://fogadas.betfair.com/
1099596916	betfair	http://fogadas.betfair.com:8080/
1099596916	betfair	http://formandresultsapiv2.ie1.betfair.com/
1099596916	betfair	http://formandresultsapiv2.ie2.betfair.com/
1099596916	betfair	http://games.betfair.com/
1099596916	betfair	http://games.betfair.com:8080/
1099596916	betfair	http://gwb.betfair.com/
1099596916	betfair	http://gwb.betfair.com:8080/
1099596916	betfair	http://hattrickhero.betfair.com/
1099596916	betfair	http://historicdata.betfair.com/
1099596916	betfair	http://historicdata.betfair.com:8080/
1099596916	betfair	http://historicdata.ie1.betfair.com/
1099596916	betfair	http://ie1-infogol.betfair.com/
1099596916	betfair	http://ie1-rdr1.betfair.com/
1099596916	betfair	http://ie1-tmpregulatory.betfair.com/
1099596916	betfair	http://ie2-infogol.betfair.com/
1099596916	betfair	http://ie2-rdr1.betfair.com/
1099596916	betfair	http://infogol.ie1.betfair.com/
1099596916	betfair	http://integrity.betfair.com/
1099596916	betfair	http://kladjenje.betfair.com/
1099596916	betfair	http://kladjenje.betfair.com:8080/
1099596916	betfair	http://livevideo.betfair.com/
1099596916	betfair	http://livevideo.betfair.com:8080/
1099596916	betfair	http://livevideo.ie1.betfair.com/
1099596916	betfair	http://livevideo.ie2.betfair.com/
1099596916	betfair	http://maintenance.betfair.com/
1099596916	betfair	http://maintenance.betfair.com:8080/
1099596916	betfair	http://mgames.betfair.com/
1099596916	betfair	http://mgames.betfair.com:8080/
1099596916	betfair	http://mgw.betfair.com/
1099596916	betfair	http://mgw.betfair.com:8080/
1099596916	betfair	http://mpoker.betfair.com/
1099596916	betfair	http://mpoker.betfair.com:8080/
1099596916	betfair	http://myfunds.betfair.com/
1099596916	betfair	http://myfunds.betfair.com:8080/
1099596916	betfair	http://pariuri.betfair.com/
1099596916	betfair	http://pariuri.betfair.com:8080/
1099596916	betfair	http://partnerships.betfair.com/
1099596916	betfair	http://partnerships.betfair.com:8080/
1099596916	betfair	http://pcmsbf.betfair.com/
1099596916	betfair	http://play.betfair.com/
1099596916	betfair	http://play.betfair.com:8080/
1099596916	betfair	http://poker.betfair.com/
1099596916	betfair	http://poker.betfair.com:8080/
1099596916	betfair	http://pro.betfair.com/
1099596916	betfair	http://promotions.betfair.com/
1099596916	betfair	http://promotions.betfair.com:8080/
1099596916	betfair	http://prx.betfair.com/
1099596916	betfair	http://pywbf.betfair.com/
1099596916	betfair	http://pywbf.betfair.com:8080/
1099596916	betfair	http://rdr1.lb.betfair.com/
1099596916	betfair	http://redirect1.betfair.com/
1099596916	betfair	http://resources.betfair.com/
1099596916	betfair	http://rewardchest.betfair.com/
1099596916	betfair	https://apostas.betfair.com/
1099596916	betfair	https://apuestas.betfair.com/
1099596916	betfair	http://sazeni.betfair.com/
1099596916	betfair	http://sazeni.betfair.com:8080/
1099596916	betfair	https://betcalculator.betfair.com/
1099596916	betfair	https://betfair.com/
1099596916	betfair	https://betfair.com:2083/
1099596916	betfair	https://betfair.com:2087/
1099596916	betfair	https://betfair.com:8443/
1099596916	betfair	https://betting.betfair.com/
1099596916	betfair	https://bgf.betfair.com/
1099596916	betfair	https://bts.betfair.com/
1099596916	betfair	https://cache.betfair.com/
1099596916	betfair	https://canada.betfair.com/
1099596916	betfair	https://cashout-service.ie1.betfair.com/
1099596916	betfair	https://cashout-service.ie2.betfair.com/
1099596916	betfair	https://cashrace.betfair.com/
1099596916	betfair	https://csm.betfair.com/
1099596916	betfair	https://ebs.betfair.com/
1099596916	betfair	https://fogadas.betfair.com/
1099596916	betfair	https://formandresultsapiv2.ie1.betfair.com/
1099596916	betfair	https://formandresultsapiv2.ie2.betfair.com/
1099596916	betfair	https://games.betfair.com/
1099596916	betfair	https://gwb.betfair.com/
1099596916	betfair	https://hattrickhero.betfair.com/
1099596916	betfair	https://historicdata.betfair.com/
1099596916	betfair	https://historicdata.ie1.betfair.com/
1099596916	betfair	https://identitysso.betfair.com/
1099596916	betfair	https://ie1-infogol.betfair.com/
1099596916	betfair	https://ie1-rdr1.betfair.com/
1099596916	betfair	https://ie2-infogol.betfair.com/
1099596916	betfair	https://ie2-rdr1.betfair.com/
1099596916	betfair	https://infogol.ie1.betfair.com/
1099596916	betfair	https://integrity.betfair.com/
1099596916	betfair	https://kladjenje.betfair.com/
1099596916	betfair	https://livevideo.betfair.com/
1099596916	betfair	https://livevideo.ie1.betfair.com/
1099596916	betfair	https://livevideo.ie2.betfair.com/
1099596916	betfair	https://maintenance.betfair.com/
1099596916	betfair	https://mgames.betfair.com/
1099596916	betfair	https://mgw.betfair.com/
1099596916	betfair	https://mpoker.betfair.com/
1099596916	betfair	https://myfunds.betfair.com/
1099596916	betfair	https://pariuri.betfair.com/
1099596916	betfair	https://partnerships.betfair.com/
1099596916	betfair	https://pcmsbf.betfair.com/
1099596916	betfair	https://play.betfair.com/
1099596916	betfair	https://poker.betfair.com/
1099596916	betfair	https://pro.betfair.com/
1099596916	betfair	https://promotions.betfair.com/
1099596916	betfair	https://prx.betfair.com/
1099596916	betfair	https://pywbf.betfair.com/
1099596916	betfair	https://rdr1.lb.betfair.com/
1099596916	betfair	https://redirect1.betfair.com/
1099596916	betfair	https://resources.betfair.com/
1099596916	betfair	https://rewardchest.betfair.com/
1099596916	betfair	https://sazeni.betfair.com/
1099596916	betfair	http://ssc.betfair.com/
1099596916	betfair	http://ssc.betfair.com:8080/
1099596916	betfair	http://sso.labs.betfair.com/
1099596916	betfair	https://ssc.betfair.com/
1099596916	betfair	https://stavki.betfair.com/
1099596916	betfair	https://stoixima.betfair.com/
1099596916	betfair	https://strandsaus.betfair.com/
1099596916	betfair	https://strandstwine.betfair.com/
1099596916	betfair	https://strandsweave.betfair.com/
1099596916	betfair	https://swa.betfair.com/
1099596916	betfair	http://stavki.betfair.com/
1099596916	betfair	http://stavki.betfair.com:8080/
1099596916	betfair	https://test.betfair.com/
1099596916	betfair	http://stoixima.betfair.com/
1099596916	betfair	http://stoixima.betfair.com:8080/
1099596916	betfair	https://tracking.betfair.com/
1099596916	betfair	http://strandsaus.betfair.com/
1099596916	betfair	http://strandstwine.betfair.com/
1099596916	betfair	http://strandsweave.betfair.com/
1099596916	betfair	https://uag.betfair.com/
1099596916	betfair	https://uk-api.betfair.com/
1099596916	betfair	https://upload.betfair.com/
1099596916	betfair	https://video.betfair.com/
1099596916	betfair	https://videoplayer.ie1.betfair.com/
1099596916	betfair	https://videoplayer.ie2.betfair.com/
1099596916	betfair	https://vip.betfair.com/
1099596916	betfair	https://vipcircle.betfair.com/
1099596916	betfair	http://swa.betfair.com/
1099596916	betfair	http://swa.betfair.com:8080/
1099596916	betfair	https://wetten.betfair.com/
1099596916	betfair	https://www.betfair.com/
1099596916	betfair	https://www.lite.betfair.com/
1099596916	betfair	https://zaklady.betfair.com/
1099596916	betfair	http://test.betfair.com/
1099596916	betfair	http://tracking.betfair.com/
1099596916	betfair	http://uag.betfair.com/
1099596916	betfair	http://uk-api.betfair.com/
1099596916	betfair	http://upload.betfair.com/
1099596916	betfair	http://upload.betfair.com:8080/
1099596916	betfair	http://video.betfair.com/
1099596916	betfair	http://video.betfair.com:8080/
1099596916	betfair	http://videoplayer.ie1.betfair.com/
1099596916	betfair	http://videoplayer.ie2.betfair.com/
1099596916	betfair	http://vip.betfair.com/
1099596916	betfair	http://vipcircle.betfair.com/
1099596916	betfair	http://wetten.betfair.com/
1099596916	betfair	http://wetten.betfair.com:8080/
1099596916	betfair	http://www.betfair.com/
1099596916	betfair	http://www.betfair.com:8080/
1099596916	betfair	http://www.lite.betfair.com/
1099596916	betfair	http://zaklady.betfair.com/
1099596916	betfair	http://zaklady.betfair.com:8080/
-1249852061	microsoft outlook	http://autodiscover.betfair.com/
-1270699277	blankwhite	http://mycards.betfair.com/
-1270699277	blankwhite	https://ie1-pacbf.betfair.com/
-1270699277	blankwhite	https://ie2-pacbf.betfair.com/
-1270699277	blankwhite	https://mycards.betfair.com/
-1270699277	blankwhite	https://pacbf.lb.betfair.com/
-1279294674	zendesk-support	https://support.developer.betfair.com/
-1279294674	zendesk-support	http://support.developer.betfair.com/
1772087922	asp.net favicon	http://simulator.betfair.com/
1772087922	asp.net favicon	https://simulator.betfair.com/
1f2804bd63515db219aeea50f61df277	zendesk-support	https://support.developer.betfair.com/
1f2804bd63515db219aeea50f61df277	zendesk-support	http://support.developer.betfair.com/
3bdfaec33d4ce535ce728a5a32e6004b	microsoft-outlook	http://autodiscover.betfair.com/
76e36321dc6fe787721c5cd26e4814b6	blankwhite	http://mycards.betfair.com/
76e36321dc6fe787721c5cd26e4814b6	blankwhite	https://ie1-pacbf.betfair.com/
76e36321dc6fe787721c5cd26e4814b6	blankwhite	https://ie2-pacbf.betfair.com/
76e36321dc6fe787721c5cd26e4814b6	blankwhite	https://mycards.betfair.com/
76e36321dc6fe787721c5cd26e4814b6	blankwhite	https://pacbf.lb.betfair.com/
b0d1844949fe7dcdf210983feb285241	aspnet	http://simulator.betfair.com/
b0d1844949fe7dcdf210983feb285241	aspnet	https://simulator.betfair.com/
d41d8cd98f00b204e9800998ecf8427e	zero byte favicon	http://beatthedrop.betfair.com/
d41d8cd98f00b204e9800998ecf8427e	zero byte favicon	http://bingo.betfair.com/
d41d8cd98f00b204e9800998ecf8427e	zero byte favicon	http://bingo.betfair.com:8080/
d41d8cd98f00b204e9800998ecf8427e	zero byte favicon	http://casino.betfair.com/
d41d8cd98f00b204e9800998ecf8427e	zero byte favicon	http://casino.betfair.com:8080/
d41d8cd98f00b204e9800998ecf8427e	zero byte favicon	http://exchangegaming.betfair.com/
d41d8cd98f00b204e9800998ecf8427e	zero byte favicon	http://exchangegaming.betfair.com:8080/
d41d8cd98f00b204e9800998ecf8427e	zero byte favicon	http://launcher.betfair.com/
d41d8cd98f00b204e9800998ecf8427e	zero byte favicon	http://launcher.betfair.com:8080/
d41d8cd98f00b204e9800998ecf8427e	zero byte favicon	http://regstat.betfair.com/
d41d8cd98f00b204e9800998ecf8427e	zero byte favicon	https://beatthedrop.betfair.com/
d41d8cd98f00b204e9800998ecf8427e	zero byte favicon	https://bingo.betfair.com/
d41d8cd98f00b204e9800998ecf8427e	zero byte favicon	https://casino.betfair.com/
d41d8cd98f00b204e9800998ecf8427e	zero byte favicon	https://exchangegaming.betfair.com/
d41d8cd98f00b204e9800998ecf8427e	zero byte favicon	https://launcher.betfair.com/
d41d8cd98f00b204e9800998ecf8427e	zero byte favicon	http://soccer.abelson.partners.betfair.com/
d41d8cd98f00b204e9800998ecf8427e	zero byte favicon	http://soccer.abelson.partners.betfair.com:8080/
d41d8cd98f00b204e9800998ecf8427e	zero byte favicon	http://sportsgaming.betfair.com/
d41d8cd98f00b204e9800998ecf8427e	zero byte favicon	http://sportsgaming.betfair.com:8080/
d41d8cd98f00b204e9800998ecf8427e	zero byte favicon	https://regstat.betfair.com/
d41d8cd98f00b204e9800998ecf8427e	zero byte favicon	https://soccer.abelson.partners.betfair.com/
d41d8cd98f00b204e9800998ecf8427e	zero byte favicon	https://sportsgaming.betfair.com/
e1a5e31d7c92c7ad54b8fd072f53b1b5	betfair	http://apostas.betfair.com/
e1a5e31d7c92c7ad54b8fd072f53b1b5	betfair	http://apostas.betfair.com:8080/
e1a5e31d7c92c7ad54b8fd072f53b1b5	betfair	http://apuestas.betfair.com/
e1a5e31d7c92c7ad54b8fd072f53b1b5	betfair	http://apuestas.betfair.com:8080/
e1a5e31d7c92c7ad54b8fd072f53b1b5	betfair	http://betfair.com/
e1a5e31d7c92c7ad54b8fd072f53b1b5	betfair	http://betfair.com:2082/
e1a5e31d7c92c7ad54b8fd072f53b1b5	betfair	http://betfair.com:2086/
e1a5e31d7c92c7ad54b8fd072f53b1b5	betfair	http://betfair.com:8080/
e1a5e31d7c92c7ad54b8fd072f53b1b5	betfair	http://betfair.com:8880/
e1a5e31d7c92c7ad54b8fd072f53b1b5	betfair	http://bgf.betfair.com/
e1a5e31d7c92c7ad54b8fd072f53b1b5	betfair	http://bgf.betfair.com:8080/
e1a5e31d7c92c7ad54b8fd072f53b1b5	betfair	http://bts.betfair.com/
e1a5e31d7c92c7ad54b8fd072f53b1b5	betfair	http://bts.betfair.com:8080/
e1a5e31d7c92c7ad54b8fd072f53b1b5	betfair	http://cache.betfair.com/
e1a5e31d7c92c7ad54b8fd072f53b1b5	betfair	http://cache.betfair.com:8080/
e1a5e31d7c92c7ad54b8fd072f53b1b5	betfair	http://canada.betfair.com/
e1a5e31d7c92c7ad54b8fd072f53b1b5	betfair	http://canada.betfair.com:8080/
e1a5e31d7c92c7ad54b8fd072f53b1b5	betfair	http://cashout-service.ie1.betfair.com/
e1a5e31d7c92c7ad54b8fd072f53b1b5	betfair	http://cashout-service.ie2.betfair.com/
e1a5e31d7c92c7ad54b8fd072f53b1b5	betfair	http://cashrace.betfair.com/
e1a5e31d7c92c7ad54b8fd072f53b1b5	betfair	http://cashrace.betfair.com:8080/
e1a5e31d7c92c7ad54b8fd072f53b1b5	betfair	http://csm.betfair.com/
e1a5e31d7c92c7ad54b8fd072f53b1b5	betfair	http://ebs.betfair.com/
e1a5e31d7c92c7ad54b8fd072f53b1b5	betfair	http://fogadas.betfair.com/
e1a5e31d7c92c7ad54b8fd072f53b1b5	betfair	http://fogadas.betfair.com:8080/
e1a5e31d7c92c7ad54b8fd072f53b1b5	betfair	http://formandresultsapiv2.ie1.betfair.com/
e1a5e31d7c92c7ad54b8fd072f53b1b5	betfair	http://formandresultsapiv2.ie2.betfair.com/
e1a5e31d7c92c7ad54b8fd072f53b1b5	betfair	http://games.betfair.com/
e1a5e31d7c92c7ad54b8fd072f53b1b5	betfair	http://games.betfair.com:8080/
e1a5e31d7c92c7ad54b8fd072f53b1b5	betfair	http://gwb.betfair.com/
e1a5e31d7c92c7ad54b8fd072f53b1b5	betfair	http://gwb.betfair.com:8080/
e1a5e31d7c92c7ad54b8fd072f53b1b5	betfair	http://hattrickhero.betfair.com/
e1a5e31d7c92c7ad54b8fd072f53b1b5	betfair	http://historicdata.betfair.com/
e1a5e31d7c92c7ad54b8fd072f53b1b5	betfair	http://historicdata.betfair.com:8080/
e1a5e31d7c92c7ad54b8fd072f53b1b5	betfair	http://historicdata.ie1.betfair.com/
e1a5e31d7c92c7ad54b8fd072f53b1b5	betfair	http://ie1-infogol.betfair.com/
e1a5e31d7c92c7ad54b8fd072f53b1b5	betfair	http://ie1-rdr1.betfair.com/
e1a5e31d7c92c7ad54b8fd072f53b1b5	betfair	http://ie1-tmpregulatory.betfair.com/
e1a5e31d7c92c7ad54b8fd072f53b1b5	betfair	http://ie2-infogol.betfair.com/
e1a5e31d7c92c7ad54b8fd072f53b1b5	betfair	http://ie2-rdr1.betfair.com/
e1a5e31d7c92c7ad54b8fd072f53b1b5	betfair	http://infogol.ie1.betfair.com/
e1a5e31d7c92c7ad54b8fd072f53b1b5	betfair	http://integrity.betfair.com/
e1a5e31d7c92c7ad54b8fd072f53b1b5	betfair	http://kladjenje.betfair.com/
e1a5e31d7c92c7ad54b8fd072f53b1b5	betfair	http://kladjenje.betfair.com:8080/
e1a5e31d7c92c7ad54b8fd072f53b1b5	betfair	http://livevideo.betfair.com/
e1a5e31d7c92c7ad54b8fd072f53b1b5	betfair	http://livevideo.betfair.com:8080/
e1a5e31d7c92c7ad54b8fd072f53b1b5	betfair	http://livevideo.ie1.betfair.com/
e1a5e31d7c92c7ad54b8fd072f53b1b5	betfair	http://livevideo.ie2.betfair.com/
e1a5e31d7c92c7ad54b8fd072f53b1b5	betfair	http://maintenance.betfair.com/
e1a5e31d7c92c7ad54b8fd072f53b1b5	betfair	http://maintenance.betfair.com:8080/
e1a5e31d7c92c7ad54b8fd072f53b1b5	betfair	http://mgames.betfair.com/
e1a5e31d7c92c7ad54b8fd072f53b1b5	betfair	http://mgames.betfair.com:8080/
e1a5e31d7c92c7ad54b8fd072f53b1b5	betfair	http://mgw.betfair.com/
e1a5e31d7c92c7ad54b8fd072f53b1b5	betfair	http://mgw.betfair.com:8080/
e1a5e31d7c92c7ad54b8fd072f53b1b5	betfair	http://mpoker.betfair.com/
e1a5e31d7c92c7ad54b8fd072f53b1b5	betfair	http://mpoker.betfair.com:8080/
e1a5e31d7c92c7ad54b8fd072f53b1b5	betfair	http://myfunds.betfair.com/
e1a5e31d7c92c7ad54b8fd072f53b1b5	betfair	http://myfunds.betfair.com:8080/
e1a5e31d7c92c7ad54b8fd072f53b1b5	betfair	http://pariuri.betfair.com/
e1a5e31d7c92c7ad54b8fd072f53b1b5	betfair	http://pariuri.betfair.com:8080/
e1a5e31d7c92c7ad54b8fd072f53b1b5	betfair	http://partnerships.betfair.com/
e1a5e31d7c92c7ad54b8fd072f53b1b5	betfair	http://partnerships.betfair.com:8080/
e1a5e31d7c92c7ad54b8fd072f53b1b5	betfair	http://pcmsbf.betfair.com/
e1a5e31d7c92c7ad54b8fd072f53b1b5	betfair	http://play.betfair.com/
e1a5e31d7c92c7ad54b8fd072f53b1b5	betfair	http://play.betfair.com:8080/
e1a5e31d7c92c7ad54b8fd072f53b1b5	betfair	http://poker.betfair.com/
e1a5e31d7c92c7ad54b8fd072f53b1b5	betfair	http://poker.betfair.com:8080/
e1a5e31d7c92c7ad54b8fd072f53b1b5	betfair	http://pro.betfair.com/
e1a5e31d7c92c7ad54b8fd072f53b1b5	betfair	http://promotions.betfair.com/
e1a5e31d7c92c7ad54b8fd072f53b1b5	betfair	http://promotions.betfair.com:8080/
e1a5e31d7c92c7ad54b8fd072f53b1b5	betfair	http://prx.betfair.com/
e1a5e31d7c92c7ad54b8fd072f53b1b5	betfair	http://pywbf.betfair.com/
e1a5e31d7c92c7ad54b8fd072f53b1b5	betfair	http://pywbf.betfair.com:8080/
e1a5e31d7c92c7ad54b8fd072f53b1b5	betfair	http://rdr1.lb.betfair.com/
e1a5e31d7c92c7ad54b8fd072f53b1b5	betfair	http://redirect1.betfair.com/
e1a5e31d7c92c7ad54b8fd072f53b1b5	betfair	http://resources.betfair.com/
e1a5e31d7c92c7ad54b8fd072f53b1b5	betfair	http://rewardchest.betfair.com/
e1a5e31d7c92c7ad54b8fd072f53b1b5	betfair	https://apostas.betfair.com/
e1a5e31d7c92c7ad54b8fd072f53b1b5	betfair	https://apuestas.betfair.com/
e1a5e31d7c92c7ad54b8fd072f53b1b5	betfair	http://sazeni.betfair.com/
e1a5e31d7c92c7ad54b8fd072f53b1b5	betfair	http://sazeni.betfair.com:8080/
e1a5e31d7c92c7ad54b8fd072f53b1b5	betfair	https://betcalculator.betfair.com/
e1a5e31d7c92c7ad54b8fd072f53b1b5	betfair	https://betfair.com/
e1a5e31d7c92c7ad54b8fd072f53b1b5	betfair	https://betfair.com:2083/
e1a5e31d7c92c7ad54b8fd072f53b1b5	betfair	https://betfair.com:2087/
e1a5e31d7c92c7ad54b8fd072f53b1b5	betfair	https://betfair.com:8443/
e1a5e31d7c92c7ad54b8fd072f53b1b5	betfair	https://betting.betfair.com/
e1a5e31d7c92c7ad54b8fd072f53b1b5	betfair	https://bgf.betfair.com/
e1a5e31d7c92c7ad54b8fd072f53b1b5	betfair	https://bts.betfair.com/
e1a5e31d7c92c7ad54b8fd072f53b1b5	betfair	https://cache.betfair.com/
e1a5e31d7c92c7ad54b8fd072f53b1b5	betfair	https://canada.betfair.com/
e1a5e31d7c92c7ad54b8fd072f53b1b5	betfair	https://cashout-service.ie1.betfair.com/
e1a5e31d7c92c7ad54b8fd072f53b1b5	betfair	https://cashout-service.ie2.betfair.com/
e1a5e31d7c92c7ad54b8fd072f53b1b5	betfair	https://cashrace.betfair.com/
e1a5e31d7c92c7ad54b8fd072f53b1b5	betfair	https://csm.betfair.com/
e1a5e31d7c92c7ad54b8fd072f53b1b5	betfair	https://ebs.betfair.com/
e1a5e31d7c92c7ad54b8fd072f53b1b5	betfair	https://fogadas.betfair.com/
e1a5e31d7c92c7ad54b8fd072f53b1b5	betfair	https://formandresultsapiv2.ie1.betfair.com/
e1a5e31d7c92c7ad54b8fd072f53b1b5	betfair	https://formandresultsapiv2.ie2.betfair.com/
e1a5e31d7c92c7ad54b8fd072f53b1b5	betfair	https://games.betfair.com/
e1a5e31d7c92c7ad54b8fd072f53b1b5	betfair	https://gwb.betfair.com/
e1a5e31d7c92c7ad54b8fd072f53b1b5	betfair	https://hattrickhero.betfair.com/
e1a5e31d7c92c7ad54b8fd072f53b1b5	betfair	https://historicdata.betfair.com/
e1a5e31d7c92c7ad54b8fd072f53b1b5	betfair	https://historicdata.ie1.betfair.com/
e1a5e31d7c92c7ad54b8fd072f53b1b5	betfair	https://identitysso.betfair.com/
e1a5e31d7c92c7ad54b8fd072f53b1b5	betfair	https://ie1-infogol.betfair.com/
e1a5e31d7c92c7ad54b8fd072f53b1b5	betfair	https://ie1-rdr1.betfair.com/
e1a5e31d7c92c7ad54b8fd072f53b1b5	betfair	https://ie2-infogol.betfair.com/
e1a5e31d7c92c7ad54b8fd072f53b1b5	betfair	https://ie2-rdr1.betfair.com/
e1a5e31d7c92c7ad54b8fd072f53b1b5	betfair	https://infogol.ie1.betfair.com/
e1a5e31d7c92c7ad54b8fd072f53b1b5	betfair	https://integrity.betfair.com/
e1a5e31d7c92c7ad54b8fd072f53b1b5	betfair	https://kladjenje.betfair.com/
e1a5e31d7c92c7ad54b8fd072f53b1b5	betfair	https://livevideo.betfair.com/
e1a5e31d7c92c7ad54b8fd072f53b1b5	betfair	https://livevideo.ie1.betfair.com/
e1a5e31d7c92c7ad54b8fd072f53b1b5	betfair	https://livevideo.ie2.betfair.com/
e1a5e31d7c92c7ad54b8fd072f53b1b5	betfair	https://maintenance.betfair.com/
e1a5e31d7c92c7ad54b8fd072f53b1b5	betfair	https://mgames.betfair.com/
e1a5e31d7c92c7ad54b8fd072f53b1b5	betfair	https://mgw.betfair.com/
e1a5e31d7c92c7ad54b8fd072f53b1b5	betfair	https://mpoker.betfair.com/
e1a5e31d7c92c7ad54b8fd072f53b1b5	betfair	https://myfunds.betfair.com/
e1a5e31d7c92c7ad54b8fd072f53b1b5	betfair	https://pariuri.betfair.com/
e1a5e31d7c92c7ad54b8fd072f53b1b5	betfair	https://partnerships.betfair.com/
e1a5e31d7c92c7ad54b8fd072f53b1b5	betfair	https://pcmsbf.betfair.com/
e1a5e31d7c92c7ad54b8fd072f53b1b5	betfair	https://play.betfair.com/
e1a5e31d7c92c7ad54b8fd072f53b1b5	betfair	https://poker.betfair.com/
e1a5e31d7c92c7ad54b8fd072f53b1b5	betfair	https://pro.betfair.com/
e1a5e31d7c92c7ad54b8fd072f53b1b5	betfair	https://promotions.betfair.com/
e1a5e31d7c92c7ad54b8fd072f53b1b5	betfair	https://prx.betfair.com/
e1a5e31d7c92c7ad54b8fd072f53b1b5	betfair	https://pywbf.betfair.com/
e1a5e31d7c92c7ad54b8fd072f53b1b5	betfair	https://rdr1.lb.betfair.com/
e1a5e31d7c92c7ad54b8fd072f53b1b5	betfair	https://redirect1.betfair.com/
e1a5e31d7c92c7ad54b8fd072f53b1b5	betfair	https://resources.betfair.com/
e1a5e31d7c92c7ad54b8fd072f53b1b5	betfair	https://rewardchest.betfair.com/
e1a5e31d7c92c7ad54b8fd072f53b1b5	betfair	https://sazeni.betfair.com/
e1a5e31d7c92c7ad54b8fd072f53b1b5	betfair	http://ssc.betfair.com/
e1a5e31d7c92c7ad54b8fd072f53b1b5	betfair	http://ssc.betfair.com:8080/
e1a5e31d7c92c7ad54b8fd072f53b1b5	betfair	http://sso.labs.betfair.com/
e1a5e31d7c92c7ad54b8fd072f53b1b5	betfair	https://ssc.betfair.com/
e1a5e31d7c92c7ad54b8fd072f53b1b5	betfair	https://stavki.betfair.com/
e1a5e31d7c92c7ad54b8fd072f53b1b5	betfair	https://stoixima.betfair.com/
e1a5e31d7c92c7ad54b8fd072f53b1b5	betfair	https://strandsaus.betfair.com/
e1a5e31d7c92c7ad54b8fd072f53b1b5	betfair	https://strandstwine.betfair.com/
e1a5e31d7c92c7ad54b8fd072f53b1b5	betfair	https://strandsweave.betfair.com/
e1a5e31d7c92c7ad54b8fd072f53b1b5	betfair	https://swa.betfair.com/
e1a5e31d7c92c7ad54b8fd072f53b1b5	betfair	http://stavki.betfair.com/
e1a5e31d7c92c7ad54b8fd072f53b1b5	betfair	http://stavki.betfair.com:8080/
e1a5e31d7c92c7ad54b8fd072f53b1b5	betfair	https://test.betfair.com/
e1a5e31d7c92c7ad54b8fd072f53b1b5	betfair	http://stoixima.betfair.com/
e1a5e31d7c92c7ad54b8fd072f53b1b5	betfair	http://stoixima.betfair.com:8080/
e1a5e31d7c92c7ad54b8fd072f53b1b5	betfair	https://tracking.betfair.com/
e1a5e31d7c92c7ad54b8fd072f53b1b5	betfair	http://strandsaus.betfair.com/
e1a5e31d7c92c7ad54b8fd072f53b1b5	betfair	http://strandstwine.betfair.com/
e1a5e31d7c92c7ad54b8fd072f53b1b5	betfair	http://strandsweave.betfair.com/
e1a5e31d7c92c7ad54b8fd072f53b1b5	betfair	https://uag.betfair.com/
e1a5e31d7c92c7ad54b8fd072f53b1b5	betfair	https://uk-api.betfair.com/
e1a5e31d7c92c7ad54b8fd072f53b1b5	betfair	https://upload.betfair.com/
e1a5e31d7c92c7ad54b8fd072f53b1b5	betfair	https://video.betfair.com/
e1a5e31d7c92c7ad54b8fd072f53b1b5	betfair	https://videoplayer.ie1.betfair.com/
e1a5e31d7c92c7ad54b8fd072f53b1b5	betfair	https://videoplayer.ie2.betfair.com/
e1a5e31d7c92c7ad54b8fd072f53b1b5	betfair	https://vip.betfair.com/
e1a5e31d7c92c7ad54b8fd072f53b1b5	betfair	https://vipcircle.betfair.com/
e1a5e31d7c92c7ad54b8fd072f53b1b5	betfair	http://swa.betfair.com/
e1a5e31d7c92c7ad54b8fd072f53b1b5	betfair	http://swa.betfair.com:8080/
e1a5e31d7c92c7ad54b8fd072f53b1b5	betfair	https://wetten.betfair.com/
e1a5e31d7c92c7ad54b8fd072f53b1b5	betfair	https://www.betfair.com/
e1a5e31d7c92c7ad54b8fd072f53b1b5	betfair	https://www.lite.betfair.com/
e1a5e31d7c92c7ad54b8fd072f53b1b5	betfair	https://zaklady.betfair.com/
e1a5e31d7c92c7ad54b8fd072f53b1b5	betfair	http://test.betfair.com/
e1a5e31d7c92c7ad54b8fd072f53b1b5	betfair	http://tracking.betfair.com/
e1a5e31d7c92c7ad54b8fd072f53b1b5	betfair	http://uag.betfair.com/
e1a5e31d7c92c7ad54b8fd072f53b1b5	betfair	http://uk-api.betfair.com/
e1a5e31d7c92c7ad54b8fd072f53b1b5	betfair	http://upload.betfair.com/
e1a5e31d7c92c7ad54b8fd072f53b1b5	betfair	http://upload.betfair.com:8080/
e1a5e31d7c92c7ad54b8fd072f53b1b5	betfair	http://video.betfair.com/
e1a5e31d7c92c7ad54b8fd072f53b1b5	betfair	http://video.betfair.com:8080/
e1a5e31d7c92c7ad54b8fd072f53b1b5	betfair	http://videoplayer.ie1.betfair.com/
e1a5e31d7c92c7ad54b8fd072f53b1b5	betfair	http://videoplayer.ie2.betfair.com/
e1a5e31d7c92c7ad54b8fd072f53b1b5	betfair	http://vip.betfair.com/
e1a5e31d7c92c7ad54b8fd072f53b1b5	betfair	http://vipcircle.betfair.com/
e1a5e31d7c92c7ad54b8fd072f53b1b5	betfair	http://wetten.betfair.com/
e1a5e31d7c92c7ad54b8fd072f53b1b5	betfair	http://wetten.betfair.com:8080/
e1a5e31d7c92c7ad54b8fd072f53b1b5	betfair	http://www.betfair.com/
e1a5e31d7c92c7ad54b8fd072f53b1b5	betfair	http://www.betfair.com:8080/
e1a5e31d7c92c7ad54b8fd072f53b1b5	betfair	http://www.lite.betfair.com/
e1a5e31d7c92c7ad54b8fd072f53b1b5	betfair	http://zaklady.betfair.com/
e1a5e31d7c92c7ad54b8fd072f53b1b5	betfair	http://zaklady.betfair.com:8080/
