0	zero byte favicon	http://arcade.betfair.se/
0	zero byte favicon	http://arcade.betfair.se:8080/
0	zero byte favicon	http://casino.betfair.se/
0	zero byte favicon	http://casino.betfair.se:8080/
0	zero byte favicon	http://exchangegaming.betfair.se/
0	zero byte favicon	http://exchangegaming.betfair.se:8080/
0	zero byte favicon	http://launcher.betfair.se/
0	zero byte favicon	http://launcher.betfair.se:8080/
0	zero byte favicon	https://arcade.betfair.se/
0	zero byte favicon	https://casino.betfair.se/
0	zero byte favicon	https://exchangegaming.betfair.se/
0	zero byte favicon	https://launcher.betfair.se/
0	zero byte favicon	http://sportsgaming.betfair.se/
0	zero byte favicon	http://sportsgaming.betfair.se:8080/
0	zero byte favicon	https://sportsgaming.betfair.se/
1099596916	betfair	http://betfair.se/
1099596916	betfair	http://betfair.se:2082/
1099596916	betfair	http://betfair.se:2086/
1099596916	betfair	http://betfair.se:8080/
1099596916	betfair	http://betfair.se:8880/
1099596916	betfair	http://fcq.betfair.se/
1099596916	betfair	http://maintenance.betfair.se/
1099596916	betfair	http://maintenance.betfair.se:8080/
1099596916	betfair	http://myfunds.betfair.se/
1099596916	betfair	http://myfunds.betfair.se:8080/
1099596916	betfair	http://play.betfair.se/
1099596916	betfair	http://play.betfair.se:8080/
1099596916	betfair	http://promotions.betfair.se/
1099596916	betfair	http://promotions.betfair.se:8080/
1099596916	betfair	https://betfair.se/
1099596916	betfair	https://betfair.se:2087/
1099596916	betfair	https://betfair.se:8443/
1099596916	betfair	https://fcq.betfair.se/
1099596916	betfair	https://identitysso.betfair.se/
1099596916	betfair	https://maintenance.betfair.se/
1099596916	betfair	https://myfunds.betfair.se/
1099596916	betfair	http://splash.betfair.se/
1099596916	betfair	https://play.betfair.se/
1099596916	betfair	https://promotions.betfair.se/
1099596916	betfair	http://ssc.betfair.se/
1099596916	betfair	http://ssc.betfair.se:8080/
1099596916	betfair	https://splash.betfair.se/
1099596916	betfair	https://ssc.betfair.se/
1099596916	betfair	https://www.betfair.se/
1099596916	betfair	http://www.betfair.se/
1099596916	betfair	http://www.betfair.se:8080/
116323821	springboot	http://mypromos.betfair.se/
116323821	springboot	http://mypromos.betfair.se:8080/
116323821	springboot	https://mypromos.betfair.se/
-1270699277	blankwhite	http://mycards.betfair.se/
-1270699277	blankwhite	https://mycards.betfair.se/
1772087922	asp.net favicon	http://simulator.betfair.se/
1772087922	asp.net favicon	https://simulator.betfair.se/
76e36321dc6fe787721c5cd26e4814b6	blankwhite	http://mycards.betfair.se/
76e36321dc6fe787721c5cd26e4814b6	blankwhite	https://mycards.betfair.se/
b0d1844949fe7dcdf210983feb285241	aspnet	http://simulator.betfair.se/
b0d1844949fe7dcdf210983feb285241	aspnet	https://simulator.betfair.se/
d41d8cd98f00b204e9800998ecf8427e	zero byte favicon	http://arcade.betfair.se/
d41d8cd98f00b204e9800998ecf8427e	zero byte favicon	http://arcade.betfair.se:8080/
d41d8cd98f00b204e9800998ecf8427e	zero byte favicon	http://casino.betfair.se/
d41d8cd98f00b204e9800998ecf8427e	zero byte favicon	http://casino.betfair.se:8080/
d41d8cd98f00b204e9800998ecf8427e	zero byte favicon	http://exchangegaming.betfair.se/
d41d8cd98f00b204e9800998ecf8427e	zero byte favicon	http://exchangegaming.betfair.se:8080/
d41d8cd98f00b204e9800998ecf8427e	zero byte favicon	http://launcher.betfair.se/
d41d8cd98f00b204e9800998ecf8427e	zero byte favicon	http://launcher.betfair.se:8080/
d41d8cd98f00b204e9800998ecf8427e	zero byte favicon	https://arcade.betfair.se/
d41d8cd98f00b204e9800998ecf8427e	zero byte favicon	https://casino.betfair.se/
d41d8cd98f00b204e9800998ecf8427e	zero byte favicon	https://exchangegaming.betfair.se/
d41d8cd98f00b204e9800998ecf8427e	zero byte favicon	https://launcher.betfair.se/
d41d8cd98f00b204e9800998ecf8427e	zero byte favicon	http://sportsgaming.betfair.se/
d41d8cd98f00b204e9800998ecf8427e	zero byte favicon	http://sportsgaming.betfair.se:8080/
d41d8cd98f00b204e9800998ecf8427e	zero byte favicon	https://sportsgaming.betfair.se/
e1a5e31d7c92c7ad54b8fd072f53b1b5	betfair	http://betfair.se/
e1a5e31d7c92c7ad54b8fd072f53b1b5	betfair	http://betfair.se:2082/
e1a5e31d7c92c7ad54b8fd072f53b1b5	betfair	http://betfair.se:2086/
e1a5e31d7c92c7ad54b8fd072f53b1b5	betfair	http://betfair.se:8080/
e1a5e31d7c92c7ad54b8fd072f53b1b5	betfair	http://betfair.se:8880/
e1a5e31d7c92c7ad54b8fd072f53b1b5	betfair	http://fcq.betfair.se/
e1a5e31d7c92c7ad54b8fd072f53b1b5	betfair	http://maintenance.betfair.se/
e1a5e31d7c92c7ad54b8fd072f53b1b5	betfair	http://maintenance.betfair.se:8080/
e1a5e31d7c92c7ad54b8fd072f53b1b5	betfair	http://myfunds.betfair.se/
e1a5e31d7c92c7ad54b8fd072f53b1b5	betfair	http://myfunds.betfair.se:8080/
e1a5e31d7c92c7ad54b8fd072f53b1b5	betfair	http://play.betfair.se/
e1a5e31d7c92c7ad54b8fd072f53b1b5	betfair	http://play.betfair.se:8080/
e1a5e31d7c92c7ad54b8fd072f53b1b5	betfair	http://promotions.betfair.se/
e1a5e31d7c92c7ad54b8fd072f53b1b5	betfair	http://promotions.betfair.se:8080/
e1a5e31d7c92c7ad54b8fd072f53b1b5	betfair	https://betfair.se/
e1a5e31d7c92c7ad54b8fd072f53b1b5	betfair	https://betfair.se:2087/
e1a5e31d7c92c7ad54b8fd072f53b1b5	betfair	https://betfair.se:8443/
e1a5e31d7c92c7ad54b8fd072f53b1b5	betfair	https://fcq.betfair.se/
e1a5e31d7c92c7ad54b8fd072f53b1b5	betfair	https://identitysso.betfair.se/
e1a5e31d7c92c7ad54b8fd072f53b1b5	betfair	https://maintenance.betfair.se/
e1a5e31d7c92c7ad54b8fd072f53b1b5	betfair	https://myfunds.betfair.se/
e1a5e31d7c92c7ad54b8fd072f53b1b5	betfair	http://splash.betfair.se/
e1a5e31d7c92c7ad54b8fd072f53b1b5	betfair	https://play.betfair.se/
e1a5e31d7c92c7ad54b8fd072f53b1b5	betfair	https://promotions.betfair.se/
e1a5e31d7c92c7ad54b8fd072f53b1b5	betfair	http://ssc.betfair.se/
e1a5e31d7c92c7ad54b8fd072f53b1b5	betfair	http://ssc.betfair.se:8080/
e1a5e31d7c92c7ad54b8fd072f53b1b5	betfair	https://splash.betfair.se/
e1a5e31d7c92c7ad54b8fd072f53b1b5	betfair	https://ssc.betfair.se/
e1a5e31d7c92c7ad54b8fd072f53b1b5	betfair	https://www.betfair.se/
e1a5e31d7c92c7ad54b8fd072f53b1b5	betfair	http://www.betfair.se/
e1a5e31d7c92c7ad54b8fd072f53b1b5	betfair	http://www.betfair.se:8080/
e71ed563d9c0742ee87ad93ec1a22238	springboot	http://mypromos.betfair.se/
e71ed563d9c0742ee87ad93ec1a22238	springboot	http://mypromos.betfair.se:8080/
e71ed563d9c0742ee87ad93ec1a22238	springboot	https://mypromos.betfair.se/
