0	zero byte favicon	http://beatthedrop.betfair.ro/
0	zero byte favicon	http://launcher.betfair.ro/
0	zero byte favicon	http://launcher.betfair.ro:8080/
0	zero byte favicon	https://beatthedrop.betfair.ro/
0	zero byte favicon	https://launcher.betfair.ro/
0	zero byte favicon	http://sportsgaming.betfair.ro/
0	zero byte favicon	http://sportsgaming.betfair.ro:8080/
0	zero byte favicon	https://sportsgaming.betfair.ro/
0	zero byte favicon	https://vegas.betfair.ro/
0	zero byte favicon	http://vegas.betfair.ro/
0	zero byte favicon	http://vegas.betfair.ro:8080/
1099596916	betfair	http://betfair.ro/
1099596916	betfair	http://betfair.ro:2082/
1099596916	betfair	http://betfair.ro:8080/
1099596916	betfair	http://betfair.ro:8880/
1099596916	betfair	http://cashrace.betfair.ro/
1099596916	betfair	http://cashrace.betfair.ro:8080/
1099596916	betfair	http://livevideo.betfair.ro/
1099596916	betfair	http://livevideo.betfair.ro:8080/
1099596916	betfair	http://maintenance.betfair.ro/
1099596916	betfair	http://maintenance.betfair.ro:8080/
1099596916	betfair	http://m.betfair.ro/
1099596916	betfair	http://myfunds.betfair.ro/
1099596916	betfair	http://myfunds.betfair.ro:8080/
1099596916	betfair	http://pariuri.betfair.ro/
1099596916	betfair	http://pariuri.betfair.ro:8080/
1099596916	betfair	http://partnerships.betfair.ro/
1099596916	betfair	http://partnerships.betfair.ro:8080/
1099596916	betfair	http://play.betfair.ro/
1099596916	betfair	http://play.betfair.ro:8080/
1099596916	betfair	http://promotions.betfair.ro/
1099596916	betfair	http://promotions.betfair.ro:8080/
1099596916	betfair	http://s.betfair.ro/
1099596916	betfair	https://betfair.ro/
1099596916	betfair	https://betfair.ro:2083/
1099596916	betfair	https://betfair.ro:2087/
1099596916	betfair	https://betfair.ro:8443/
1099596916	betfair	https://cashrace.betfair.ro/
1099596916	betfair	https://identitysso.betfair.ro/
1099596916	betfair	https://livevideo.betfair.ro/
1099596916	betfair	https://maintenance.betfair.ro/
1099596916	betfair	https://m.betfair.ro/
1099596916	betfair	https://myfunds.betfair.ro/
1099596916	betfair	https://pariuri.betfair.ro/
1099596916	betfair	https://partnerships.betfair.ro/
1099596916	betfair	https://play.betfair.ro/
1099596916	betfair	https://promotions.betfair.ro/
1099596916	betfair	https://s.betfair.ro/
1099596916	betfair	http://ssc.betfair.ro/
1099596916	betfair	http://ssc.betfair.ro:8080/
1099596916	betfair	https://ssc.betfair.ro/
1099596916	betfair	https://strandsaus.betfair.ro/
1099596916	betfair	https://strandstwine.betfair.ro/
1099596916	betfair	https://strandsweave.betfair.ro/
1099596916	betfair	https://t.betfair.ro/
1099596916	betfair	http://strandsaus.betfair.ro/
1099596916	betfair	http://strandstwine.betfair.ro/
1099596916	betfair	http://strandsweave.betfair.ro/
1099596916	betfair	https://uk-api.betfair.ro/
1099596916	betfair	https://upload.betfair.ro/
1099596916	betfair	https://www.betfair.ro/
1099596916	betfair	http://t.betfair.ro/
1099596916	betfair	http://uk-api.betfair.ro/
1099596916	betfair	http://upload.betfair.ro/
1099596916	betfair	http://upload.betfair.ro:8080/
1099596916	betfair	http://www.betfair.ro/
1099596916	betfair	http://www.betfair.ro:8080/
116323821	springboot	http://mypromos.betfair.ro/
116323821	springboot	http://mypromos.betfair.ro:8080/
116323821	springboot	https://mypromos.betfair.ro/
-1270699277	blankwhite	http://mycards.betfair.ro/
-1270699277	blankwhite	https://mycards.betfair.ro/
1772087922	asp.net favicon	http://simulator.betfair.ro/
1772087922	asp.net favicon	https://simulator.betfair.ro/
76e36321dc6fe787721c5cd26e4814b6	blankwhite	http://mycards.betfair.ro/
76e36321dc6fe787721c5cd26e4814b6	blankwhite	https://mycards.betfair.ro/
b0d1844949fe7dcdf210983feb285241	aspnet	http://simulator.betfair.ro/
b0d1844949fe7dcdf210983feb285241	aspnet	https://simulator.betfair.ro/
d41d8cd98f00b204e9800998ecf8427e	zero byte favicon	http://beatthedrop.betfair.ro/
d41d8cd98f00b204e9800998ecf8427e	zero byte favicon	http://launcher.betfair.ro/
d41d8cd98f00b204e9800998ecf8427e	zero byte favicon	http://launcher.betfair.ro:8080/
d41d8cd98f00b204e9800998ecf8427e	zero byte favicon	https://beatthedrop.betfair.ro/
d41d8cd98f00b204e9800998ecf8427e	zero byte favicon	https://launcher.betfair.ro/
d41d8cd98f00b204e9800998ecf8427e	zero byte favicon	http://sportsgaming.betfair.ro/
d41d8cd98f00b204e9800998ecf8427e	zero byte favicon	http://sportsgaming.betfair.ro:8080/
d41d8cd98f00b204e9800998ecf8427e	zero byte favicon	https://sportsgaming.betfair.ro/
d41d8cd98f00b204e9800998ecf8427e	zero byte favicon	https://vegas.betfair.ro/
d41d8cd98f00b204e9800998ecf8427e	zero byte favicon	http://vegas.betfair.ro/
d41d8cd98f00b204e9800998ecf8427e	zero byte favicon	http://vegas.betfair.ro:8080/
e1a5e31d7c92c7ad54b8fd072f53b1b5	betfair	http://betfair.ro/
e1a5e31d7c92c7ad54b8fd072f53b1b5	betfair	http://betfair.ro:2082/
e1a5e31d7c92c7ad54b8fd072f53b1b5	betfair	http://betfair.ro:8080/
e1a5e31d7c92c7ad54b8fd072f53b1b5	betfair	http://betfair.ro:8880/
e1a5e31d7c92c7ad54b8fd072f53b1b5	betfair	http://cashrace.betfair.ro/
e1a5e31d7c92c7ad54b8fd072f53b1b5	betfair	http://cashrace.betfair.ro:8080/
e1a5e31d7c92c7ad54b8fd072f53b1b5	betfair	http://livevideo.betfair.ro/
e1a5e31d7c92c7ad54b8fd072f53b1b5	betfair	http://livevideo.betfair.ro:8080/
e1a5e31d7c92c7ad54b8fd072f53b1b5	betfair	http://maintenance.betfair.ro/
e1a5e31d7c92c7ad54b8fd072f53b1b5	betfair	http://maintenance.betfair.ro:8080/
e1a5e31d7c92c7ad54b8fd072f53b1b5	betfair	http://m.betfair.ro/
e1a5e31d7c92c7ad54b8fd072f53b1b5	betfair	http://myfunds.betfair.ro/
e1a5e31d7c92c7ad54b8fd072f53b1b5	betfair	http://myfunds.betfair.ro:8080/
e1a5e31d7c92c7ad54b8fd072f53b1b5	betfair	http://pariuri.betfair.ro/
e1a5e31d7c92c7ad54b8fd072f53b1b5	betfair	http://pariuri.betfair.ro:8080/
e1a5e31d7c92c7ad54b8fd072f53b1b5	betfair	http://partnerships.betfair.ro/
e1a5e31d7c92c7ad54b8fd072f53b1b5	betfair	http://partnerships.betfair.ro:8080/
e1a5e31d7c92c7ad54b8fd072f53b1b5	betfair	http://play.betfair.ro/
e1a5e31d7c92c7ad54b8fd072f53b1b5	betfair	http://play.betfair.ro:8080/
e1a5e31d7c92c7ad54b8fd072f53b1b5	betfair	http://promotions.betfair.ro/
e1a5e31d7c92c7ad54b8fd072f53b1b5	betfair	http://promotions.betfair.ro:8080/
e1a5e31d7c92c7ad54b8fd072f53b1b5	betfair	http://s.betfair.ro/
e1a5e31d7c92c7ad54b8fd072f53b1b5	betfair	https://betfair.ro/
e1a5e31d7c92c7ad54b8fd072f53b1b5	betfair	https://betfair.ro:2083/
e1a5e31d7c92c7ad54b8fd072f53b1b5	betfair	https://betfair.ro:2087/
e1a5e31d7c92c7ad54b8fd072f53b1b5	betfair	https://betfair.ro:8443/
e1a5e31d7c92c7ad54b8fd072f53b1b5	betfair	https://cashrace.betfair.ro/
e1a5e31d7c92c7ad54b8fd072f53b1b5	betfair	https://identitysso.betfair.ro/
e1a5e31d7c92c7ad54b8fd072f53b1b5	betfair	https://livevideo.betfair.ro/
e1a5e31d7c92c7ad54b8fd072f53b1b5	betfair	https://maintenance.betfair.ro/
e1a5e31d7c92c7ad54b8fd072f53b1b5	betfair	https://m.betfair.ro/
e1a5e31d7c92c7ad54b8fd072f53b1b5	betfair	https://myfunds.betfair.ro/
e1a5e31d7c92c7ad54b8fd072f53b1b5	betfair	https://pariuri.betfair.ro/
e1a5e31d7c92c7ad54b8fd072f53b1b5	betfair	https://partnerships.betfair.ro/
e1a5e31d7c92c7ad54b8fd072f53b1b5	betfair	https://play.betfair.ro/
e1a5e31d7c92c7ad54b8fd072f53b1b5	betfair	https://promotions.betfair.ro/
e1a5e31d7c92c7ad54b8fd072f53b1b5	betfair	https://s.betfair.ro/
e1a5e31d7c92c7ad54b8fd072f53b1b5	betfair	http://ssc.betfair.ro/
e1a5e31d7c92c7ad54b8fd072f53b1b5	betfair	http://ssc.betfair.ro:8080/
e1a5e31d7c92c7ad54b8fd072f53b1b5	betfair	https://ssc.betfair.ro/
e1a5e31d7c92c7ad54b8fd072f53b1b5	betfair	https://strandsaus.betfair.ro/
e1a5e31d7c92c7ad54b8fd072f53b1b5	betfair	https://strandstwine.betfair.ro/
e1a5e31d7c92c7ad54b8fd072f53b1b5	betfair	https://strandsweave.betfair.ro/
e1a5e31d7c92c7ad54b8fd072f53b1b5	betfair	https://t.betfair.ro/
e1a5e31d7c92c7ad54b8fd072f53b1b5	betfair	http://strandsaus.betfair.ro/
e1a5e31d7c92c7ad54b8fd072f53b1b5	betfair	http://strandstwine.betfair.ro/
e1a5e31d7c92c7ad54b8fd072f53b1b5	betfair	http://strandsweave.betfair.ro/
e1a5e31d7c92c7ad54b8fd072f53b1b5	betfair	https://uk-api.betfair.ro/
e1a5e31d7c92c7ad54b8fd072f53b1b5	betfair	https://upload.betfair.ro/
e1a5e31d7c92c7ad54b8fd072f53b1b5	betfair	https://www.betfair.ro/
e1a5e31d7c92c7ad54b8fd072f53b1b5	betfair	http://t.betfair.ro/
e1a5e31d7c92c7ad54b8fd072f53b1b5	betfair	http://uk-api.betfair.ro/
e1a5e31d7c92c7ad54b8fd072f53b1b5	betfair	http://upload.betfair.ro/
e1a5e31d7c92c7ad54b8fd072f53b1b5	betfair	http://upload.betfair.ro:8080/
e1a5e31d7c92c7ad54b8fd072f53b1b5	betfair	http://www.betfair.ro/
e1a5e31d7c92c7ad54b8fd072f53b1b5	betfair	http://www.betfair.ro:8080/
e71ed563d9c0742ee87ad93ec1a22238	springboot	http://mypromos.betfair.ro/
e71ed563d9c0742ee87ad93ec1a22238	springboot	http://mypromos.betfair.ro:8080/
e71ed563d9c0742ee87ad93ec1a22238	springboot	https://mypromos.betfair.ro/
