0	zero byte favicon	http://fremont-14-0.rtcdn.caffeine.tv/
0	zero byte favicon	http://fremont-14-1.rtcdn.caffeine.tv/
0	zero byte favicon	http://fremont-14-2.rtcdn.caffeine.tv/
0	zero byte favicon	http://fremont-14-3.rtcdn.caffeine.tv/
0	zero byte favicon	http://fremont-20-0.rtcdn.caffeine.tv/
0	zero byte favicon	http://fremont-20-1.rtcdn.caffeine.tv/
0	zero byte favicon	http://fremont-20-10.rtcdn.caffeine.tv/
0	zero byte favicon	http://fremont-20-11.rtcdn.caffeine.tv/
0	zero byte favicon	http://fremont-20-12.rtcdn.caffeine.tv/
0	zero byte favicon	http://fremont-20-13.rtcdn.caffeine.tv/
0	zero byte favicon	http://fremont-20-14.rtcdn.caffeine.tv/
0	zero byte favicon	http://fremont-20-15.rtcdn.caffeine.tv/
0	zero byte favicon	http://fremont-20-2.rtcdn.caffeine.tv/
0	zero byte favicon	http://fremont-20-3.rtcdn.caffeine.tv/
0	zero byte favicon	http://fremont-20-4.rtcdn.caffeine.tv/
0	zero byte favicon	http://fremont-20-5.rtcdn.caffeine.tv/
0	zero byte favicon	http://fremont-20-6.rtcdn.caffeine.tv/
0	zero byte favicon	http://fremont-20-7.rtcdn.caffeine.tv/
0	zero byte favicon	http://fremont-20-8.rtcdn.caffeine.tv/
0	zero byte favicon	http://fremont-20-9.rtcdn.caffeine.tv/
0	zero byte favicon	http://fremont-20.rtcdn.caffeine.tv/
0	zero byte favicon	http://fremont-22-0.rtcdn.caffeine.tv/
0	zero byte favicon	http://fremont-22-1.rtcdn.caffeine.tv/
0	zero byte favicon	http://fremont-22-10.rtcdn.caffeine.tv/
0	zero byte favicon	http://fremont-22-11.rtcdn.caffeine.tv/
0	zero byte favicon	http://fremont-22-12.rtcdn.caffeine.tv/
0	zero byte favicon	http://fremont-22-13.rtcdn.caffeine.tv/
0	zero byte favicon	http://fremont-22-14.rtcdn.caffeine.tv/
0	zero byte favicon	http://fremont-22-15.rtcdn.caffeine.tv/
0	zero byte favicon	http://fremont-22-2.rtcdn.caffeine.tv/
0	zero byte favicon	http://fremont-22-3.rtcdn.caffeine.tv/
0	zero byte favicon	http://fremont-22-4.rtcdn.caffeine.tv/
0	zero byte favicon	http://fremont-22-5.rtcdn.caffeine.tv/
0	zero byte favicon	http://fremont-22-6.rtcdn.caffeine.tv/
0	zero byte favicon	http://fremont-22-7.rtcdn.caffeine.tv/
0	zero byte favicon	http://fremont-22-8.rtcdn.caffeine.tv/
0	zero byte favicon	http://fremont-22-9.rtcdn.caffeine.tv/
0	zero byte favicon	http://fremont-25-0.rtcdn.caffeine.tv/
0	zero byte favicon	http://fremont-25-1.rtcdn.caffeine.tv/
0	zero byte favicon	http://fremont-25-2.rtcdn.caffeine.tv/
0	zero byte favicon	http://fremont-25-3.rtcdn.caffeine.tv/
0	zero byte favicon	http://fremont-32-0.rtcdn.caffeine.tv/
0	zero byte favicon	http://fremont-32-1.rtcdn.caffeine.tv/
0	zero byte favicon	http://fremont-34-0.rtcdn.caffeine.tv/
0	zero byte favicon	http://fremont-34-1.rtcdn.caffeine.tv/
0	zero byte favicon	http://fremont-34-10.rtcdn.caffeine.tv/
0	zero byte favicon	http://fremont-34-11.rtcdn.caffeine.tv/
0	zero byte favicon	http://fremont-34-12.rtcdn.caffeine.tv/
0	zero byte favicon	http://fremont-34-13.rtcdn.caffeine.tv/
0	zero byte favicon	http://fremont-34-14.rtcdn.caffeine.tv/
0	zero byte favicon	http://fremont-34-15.rtcdn.caffeine.tv/
0	zero byte favicon	http://fremont-34-2.rtcdn.caffeine.tv/
0	zero byte favicon	http://fremont-34-3.rtcdn.caffeine.tv/
0	zero byte favicon	http://fremont-34-4.rtcdn.caffeine.tv/
0	zero byte favicon	http://fremont-34-5.rtcdn.caffeine.tv/
0	zero byte favicon	http://fremont-34-6.rtcdn.caffeine.tv/
0	zero byte favicon	http://fremont-34-7.rtcdn.caffeine.tv/
0	zero byte favicon	http://fremont-34-8.rtcdn.caffeine.tv/
0	zero byte favicon	http://fremont-34-9.rtcdn.caffeine.tv/
0	zero byte favicon	http://fremont-34.rtcdn.caffeine.tv/
0	zero byte favicon	http://fremont-staging-14.rtcdn.caffeine.tv/
0	zero byte favicon	http://fremont-staging-25.rtcdn.caffeine.tv/
0	zero byte favicon	http://fremont-staging-32.rtcdn.caffeine.tv/
0	zero byte favicon	http://fremont-staging.rtcdn.caffeine.tv/
0	zero byte favicon	http://fremontv2.rtcdn.caffeine.tv/
0	zero byte favicon	http://fremontv3.rtcdn.caffeine.tv/
d41d8cd98f00b204e9800998ecf8427e	zero byte favicon	http://fremont-14-0.rtcdn.caffeine.tv/
d41d8cd98f00b204e9800998ecf8427e	zero byte favicon	http://fremont-14-1.rtcdn.caffeine.tv/
d41d8cd98f00b204e9800998ecf8427e	zero byte favicon	http://fremont-14-2.rtcdn.caffeine.tv/
d41d8cd98f00b204e9800998ecf8427e	zero byte favicon	http://fremont-14-3.rtcdn.caffeine.tv/
d41d8cd98f00b204e9800998ecf8427e	zero byte favicon	http://fremont-20-0.rtcdn.caffeine.tv/
d41d8cd98f00b204e9800998ecf8427e	zero byte favicon	http://fremont-20-1.rtcdn.caffeine.tv/
d41d8cd98f00b204e9800998ecf8427e	zero byte favicon	http://fremont-20-10.rtcdn.caffeine.tv/
d41d8cd98f00b204e9800998ecf8427e	zero byte favicon	http://fremont-20-11.rtcdn.caffeine.tv/
d41d8cd98f00b204e9800998ecf8427e	zero byte favicon	http://fremont-20-12.rtcdn.caffeine.tv/
d41d8cd98f00b204e9800998ecf8427e	zero byte favicon	http://fremont-20-13.rtcdn.caffeine.tv/
d41d8cd98f00b204e9800998ecf8427e	zero byte favicon	http://fremont-20-14.rtcdn.caffeine.tv/
d41d8cd98f00b204e9800998ecf8427e	zero byte favicon	http://fremont-20-15.rtcdn.caffeine.tv/
d41d8cd98f00b204e9800998ecf8427e	zero byte favicon	http://fremont-20-2.rtcdn.caffeine.tv/
d41d8cd98f00b204e9800998ecf8427e	zero byte favicon	http://fremont-20-3.rtcdn.caffeine.tv/
d41d8cd98f00b204e9800998ecf8427e	zero byte favicon	http://fremont-20-4.rtcdn.caffeine.tv/
d41d8cd98f00b204e9800998ecf8427e	zero byte favicon	http://fremont-20-5.rtcdn.caffeine.tv/
d41d8cd98f00b204e9800998ecf8427e	zero byte favicon	http://fremont-20-6.rtcdn.caffeine.tv/
d41d8cd98f00b204e9800998ecf8427e	zero byte favicon	http://fremont-20-7.rtcdn.caffeine.tv/
d41d8cd98f00b204e9800998ecf8427e	zero byte favicon	http://fremont-20-8.rtcdn.caffeine.tv/
d41d8cd98f00b204e9800998ecf8427e	zero byte favicon	http://fremont-20-9.rtcdn.caffeine.tv/
d41d8cd98f00b204e9800998ecf8427e	zero byte favicon	http://fremont-20.rtcdn.caffeine.tv/
d41d8cd98f00b204e9800998ecf8427e	zero byte favicon	http://fremont-22-0.rtcdn.caffeine.tv/
d41d8cd98f00b204e9800998ecf8427e	zero byte favicon	http://fremont-22-1.rtcdn.caffeine.tv/
d41d8cd98f00b204e9800998ecf8427e	zero byte favicon	http://fremont-22-10.rtcdn.caffeine.tv/
d41d8cd98f00b204e9800998ecf8427e	zero byte favicon	http://fremont-22-11.rtcdn.caffeine.tv/
d41d8cd98f00b204e9800998ecf8427e	zero byte favicon	http://fremont-22-12.rtcdn.caffeine.tv/
d41d8cd98f00b204e9800998ecf8427e	zero byte favicon	http://fremont-22-13.rtcdn.caffeine.tv/
d41d8cd98f00b204e9800998ecf8427e	zero byte favicon	http://fremont-22-14.rtcdn.caffeine.tv/
d41d8cd98f00b204e9800998ecf8427e	zero byte favicon	http://fremont-22-15.rtcdn.caffeine.tv/
d41d8cd98f00b204e9800998ecf8427e	zero byte favicon	http://fremont-22-2.rtcdn.caffeine.tv/
d41d8cd98f00b204e9800998ecf8427e	zero byte favicon	http://fremont-22-3.rtcdn.caffeine.tv/
d41d8cd98f00b204e9800998ecf8427e	zero byte favicon	http://fremont-22-4.rtcdn.caffeine.tv/
d41d8cd98f00b204e9800998ecf8427e	zero byte favicon	http://fremont-22-5.rtcdn.caffeine.tv/
d41d8cd98f00b204e9800998ecf8427e	zero byte favicon	http://fremont-22-6.rtcdn.caffeine.tv/
d41d8cd98f00b204e9800998ecf8427e	zero byte favicon	http://fremont-22-7.rtcdn.caffeine.tv/
d41d8cd98f00b204e9800998ecf8427e	zero byte favicon	http://fremont-22-8.rtcdn.caffeine.tv/
d41d8cd98f00b204e9800998ecf8427e	zero byte favicon	http://fremont-22-9.rtcdn.caffeine.tv/
d41d8cd98f00b204e9800998ecf8427e	zero byte favicon	http://fremont-25-0.rtcdn.caffeine.tv/
d41d8cd98f00b204e9800998ecf8427e	zero byte favicon	http://fremont-25-1.rtcdn.caffeine.tv/
d41d8cd98f00b204e9800998ecf8427e	zero byte favicon	http://fremont-25-2.rtcdn.caffeine.tv/
d41d8cd98f00b204e9800998ecf8427e	zero byte favicon	http://fremont-25-3.rtcdn.caffeine.tv/
d41d8cd98f00b204e9800998ecf8427e	zero byte favicon	http://fremont-32-0.rtcdn.caffeine.tv/
d41d8cd98f00b204e9800998ecf8427e	zero byte favicon	http://fremont-32-1.rtcdn.caffeine.tv/
d41d8cd98f00b204e9800998ecf8427e	zero byte favicon	http://fremont-34-0.rtcdn.caffeine.tv/
d41d8cd98f00b204e9800998ecf8427e	zero byte favicon	http://fremont-34-1.rtcdn.caffeine.tv/
d41d8cd98f00b204e9800998ecf8427e	zero byte favicon	http://fremont-34-10.rtcdn.caffeine.tv/
d41d8cd98f00b204e9800998ecf8427e	zero byte favicon	http://fremont-34-11.rtcdn.caffeine.tv/
d41d8cd98f00b204e9800998ecf8427e	zero byte favicon	http://fremont-34-12.rtcdn.caffeine.tv/
d41d8cd98f00b204e9800998ecf8427e	zero byte favicon	http://fremont-34-13.rtcdn.caffeine.tv/
d41d8cd98f00b204e9800998ecf8427e	zero byte favicon	http://fremont-34-14.rtcdn.caffeine.tv/
d41d8cd98f00b204e9800998ecf8427e	zero byte favicon	http://fremont-34-15.rtcdn.caffeine.tv/
d41d8cd98f00b204e9800998ecf8427e	zero byte favicon	http://fremont-34-2.rtcdn.caffeine.tv/
d41d8cd98f00b204e9800998ecf8427e	zero byte favicon	http://fremont-34-3.rtcdn.caffeine.tv/
d41d8cd98f00b204e9800998ecf8427e	zero byte favicon	http://fremont-34-4.rtcdn.caffeine.tv/
d41d8cd98f00b204e9800998ecf8427e	zero byte favicon	http://fremont-34-5.rtcdn.caffeine.tv/
d41d8cd98f00b204e9800998ecf8427e	zero byte favicon	http://fremont-34-6.rtcdn.caffeine.tv/
d41d8cd98f00b204e9800998ecf8427e	zero byte favicon	http://fremont-34-7.rtcdn.caffeine.tv/
d41d8cd98f00b204e9800998ecf8427e	zero byte favicon	http://fremont-34-8.rtcdn.caffeine.tv/
d41d8cd98f00b204e9800998ecf8427e	zero byte favicon	http://fremont-34-9.rtcdn.caffeine.tv/
d41d8cd98f00b204e9800998ecf8427e	zero byte favicon	http://fremont-34.rtcdn.caffeine.tv/
d41d8cd98f00b204e9800998ecf8427e	zero byte favicon	http://fremont-staging-14.rtcdn.caffeine.tv/
d41d8cd98f00b204e9800998ecf8427e	zero byte favicon	http://fremont-staging-25.rtcdn.caffeine.tv/
d41d8cd98f00b204e9800998ecf8427e	zero byte favicon	http://fremont-staging-32.rtcdn.caffeine.tv/
d41d8cd98f00b204e9800998ecf8427e	zero byte favicon	http://fremont-staging.rtcdn.caffeine.tv/
d41d8cd98f00b204e9800998ecf8427e	zero byte favicon	http://fremontv2.rtcdn.caffeine.tv/
d41d8cd98f00b204e9800998ecf8427e	zero byte favicon	http://fremontv3.rtcdn.caffeine.tv/
