-1279294674	zendesk-support	http://help.dsp.goldmansachs.com/
-1279294674	zendesk-support	http://help.uat.dsp.goldmansachs.com/
-1279294674	zendesk-support	https://help.dsp.goldmansachs.com/
-1279294674	zendesk-support	https://help.uat.dsp.goldmansachs.com/
-1897520417	goldman-sachs	http://beta.uat.goldmansachs.com/
-1897520417	goldman-sachs	http://dsp.goldmansachs.com/
-1897520417	goldman-sachs	http://pilot.uat.dsp.goldmansachs.com/
-1897520417	goldman-sachs	http://www.beta.uat.goldmansachs.com/
-1897520417	goldman-sachs	http://www.dsp.goldmansachs.com/
-1897520417	goldman-sachs	http://www.pilot.uat.dsp.goldmansachs.com/
-1897520417	goldman-sachs	https://beta.uat.goldmansachs.com/
-1897520417	goldman-sachs	https://dsp.goldmansachs.com/
-1897520417	goldman-sachs	https://pilot.uat.dsp.goldmansachs.com/
-1897520417	goldman-sachs	https://www.beta.uat.goldmansachs.com/
-1897520417	goldman-sachs	https://www.dsp.goldmansachs.com/
-1897520417	goldman-sachs	https://www.pilot.uat.dsp.goldmansachs.com/
0	zero byte favicon	http://v.dsp.goldmansachs.com/
0	zero byte favicon	https://v.dsp.goldmansachs.com/
1f2804bd63515db219aeea50f61df277	zendesk-support	http://help.dsp.goldmansachs.com/
1f2804bd63515db219aeea50f61df277	zendesk-support	http://help.uat.dsp.goldmansachs.com/
1f2804bd63515db219aeea50f61df277	zendesk-support	https://help.dsp.goldmansachs.com/
1f2804bd63515db219aeea50f61df277	zendesk-support	https://help.uat.dsp.goldmansachs.com/
76e778ae5fbbb18ba7c575dbc924dfc5	goldman-sachs	http://beta.uat.goldmansachs.com/
76e778ae5fbbb18ba7c575dbc924dfc5	goldman-sachs	http://dsp.goldmansachs.com/
76e778ae5fbbb18ba7c575dbc924dfc5	goldman-sachs	http://pilot.uat.dsp.goldmansachs.com/
76e778ae5fbbb18ba7c575dbc924dfc5	goldman-sachs	http://www.beta.uat.goldmansachs.com/
76e778ae5fbbb18ba7c575dbc924dfc5	goldman-sachs	http://www.dsp.goldmansachs.com/
76e778ae5fbbb18ba7c575dbc924dfc5	goldman-sachs	http://www.pilot.uat.dsp.goldmansachs.com/
76e778ae5fbbb18ba7c575dbc924dfc5	goldman-sachs	https://beta.uat.goldmansachs.com/
76e778ae5fbbb18ba7c575dbc924dfc5	goldman-sachs	https://dsp.goldmansachs.com/
76e778ae5fbbb18ba7c575dbc924dfc5	goldman-sachs	https://pilot.uat.dsp.goldmansachs.com/
76e778ae5fbbb18ba7c575dbc924dfc5	goldman-sachs	https://www.beta.uat.goldmansachs.com/
76e778ae5fbbb18ba7c575dbc924dfc5	goldman-sachs	https://www.dsp.goldmansachs.com/
76e778ae5fbbb18ba7c575dbc924dfc5	goldman-sachs	https://www.pilot.uat.dsp.goldmansachs.com/
7b763f677d8fb39cf1092ca2f502b668	goldman-sachs	http://goldmansachs.com/
7b763f677d8fb39cf1092ca2f502b668	goldman-sachs	http://www.goldmansachs.com/
7b763f677d8fb39cf1092ca2f502b668	goldman-sachs	http://www2.goldmansachs.com/
7b763f677d8fb39cf1092ca2f502b668	goldman-sachs	http://wwwqa.goldmansachs.com/
7b763f677d8fb39cf1092ca2f502b668	goldman-sachs	http://wwwqa2.goldmansachs.com/
7b763f677d8fb39cf1092ca2f502b668	goldman-sachs	https://www.beta.uat.goldmansachs.com/
7b763f677d8fb39cf1092ca2f502b668	goldman-sachs	https://www.dsp.goldmansachs.com/
7b763f677d8fb39cf1092ca2f502b668	goldman-sachs	https://www.goldmansachs.com/
7b763f677d8fb39cf1092ca2f502b668	goldman-sachs	https://www.pilot.uat.dsp.goldmansachs.com/
7b763f677d8fb39cf1092ca2f502b668	goldman-sachs	https://www2.goldmansachs.com/
7b763f677d8fb39cf1092ca2f502b668	goldman-sachs	https://wwwqa.goldmansachs.com/
7b763f677d8fb39cf1092ca2f502b668	goldman-sachs	https://wwwqa2.goldmansachs.com/
d41d8cd98f00b204e9800998ecf8427e	zero byte favicon	http://v.dsp.goldmansachs.com/
d41d8cd98f00b204e9800998ecf8427e	zero byte favicon	https://v.dsp.goldmansachs.com/
