-1279294674	zendesk-support	http://help.invest.goldman.com/
-1279294674	zendesk-support	http://help.uat.invest.goldman.com/
-1279294674	zendesk-support	https://help.invest.goldman.com/
-1279294674	zendesk-support	https://help.uat.invest.goldman.com/
-1897520417	goldman-sachs	http://resources.goldman.com/
-1897520417	goldman-sachs	https://resources.goldman.com/
0	zero byte favicon	http://kpmg.beta.uat.invest.goldman.com/
0	zero byte favicon	http://kpmg.pilot.invest.goldman.com/
0	zero byte favicon	http://kpmg.pilot.uat.invest.goldman.com/
0	zero byte favicon	http://kpmg.uat.invest.goldman.com/
0	zero byte favicon	http://v.goldman.com/
0	zero byte favicon	http://v.invest.goldman.com/
0	zero byte favicon	http://www.kpmg.beta.uat.invest.goldman.com/
0	zero byte favicon	http://www.kpmg.pilot.invest.goldman.com/
0	zero byte favicon	http://www.kpmg.pilot.uat.invest.goldman.com/
0	zero byte favicon	http://www.kpmg.uat.invest.goldman.com/
0	zero byte favicon	https://v.goldman.com/
0	zero byte favicon	https://v.invest.goldman.com/
1f2804bd63515db219aeea50f61df277	zendesk-support	http://help.invest.goldman.com/
1f2804bd63515db219aeea50f61df277	zendesk-support	http://help.uat.invest.goldman.com/
1f2804bd63515db219aeea50f61df277	zendesk-support	https://help.invest.goldman.com/
1f2804bd63515db219aeea50f61df277	zendesk-support	https://help.uat.invest.goldman.com/
76e778ae5fbbb18ba7c575dbc924dfc5	goldman-sachs	http://resources.goldman.com/
76e778ae5fbbb18ba7c575dbc924dfc5	goldman-sachs	https://resources.goldman.com/
7b763f677d8fb39cf1092ca2f502b668	goldman-sachs	http://developer.xs2a.goldman.com/
7b763f677d8fb39cf1092ca2f502b668	goldman-sachs	https://developer.xs2a.goldman.com/
7b763f677d8fb39cf1092ca2f502b668	goldman-sachs	https://login-qa.goldman.com/
7b763f677d8fb39cf1092ca2f502b668	goldman-sachs	https://login.goldman.com/
d41d8cd98f00b204e9800998ecf8427e	zero byte favicon	http://kpmg.beta.uat.invest.goldman.com/
d41d8cd98f00b204e9800998ecf8427e	zero byte favicon	http://kpmg.pilot.invest.goldman.com/
d41d8cd98f00b204e9800998ecf8427e	zero byte favicon	http://kpmg.pilot.uat.invest.goldman.com/
d41d8cd98f00b204e9800998ecf8427e	zero byte favicon	http://kpmg.uat.invest.goldman.com/
d41d8cd98f00b204e9800998ecf8427e	zero byte favicon	http://v.goldman.com/
d41d8cd98f00b204e9800998ecf8427e	zero byte favicon	http://v.invest.goldman.com/
d41d8cd98f00b204e9800998ecf8427e	zero byte favicon	http://www.kpmg.beta.uat.invest.goldman.com/
d41d8cd98f00b204e9800998ecf8427e	zero byte favicon	http://www.kpmg.pilot.invest.goldman.com/
d41d8cd98f00b204e9800998ecf8427e	zero byte favicon	http://www.kpmg.pilot.uat.invest.goldman.com/
d41d8cd98f00b204e9800998ecf8427e	zero byte favicon	http://www.kpmg.uat.invest.goldman.com/
d41d8cd98f00b204e9800998ecf8427e	zero byte favicon	https://v.goldman.com/
d41d8cd98f00b204e9800998ecf8427e	zero byte favicon	https://v.invest.goldman.com/
