0	zero byte favicon	http://ingest.analytics.innogames.de/
0	zero byte favicon	http://mobiletracking.innogames.de/
0	zero byte favicon	https://cst.innogames.de/
0	zero byte favicon	https://ingest.analytics.innogames.de/
0	zero byte favicon	https://mobiletracking.innogames.de/
0	zero byte favicon	https://sec-reports.innogames.de/
1269120352	innogames	http://blog.innogames.de/
1269120352	innogames	http://innogames.de/
1269120352	innogames	http://recruit.innogames.de/
1269120352	innogames	https://blog.innogames.de/
1269120352	innogames	https://innogames.de/
1269120352	innogames	https://recruit.innogames.de/
-305179312	atlassian confluence	https://team.innogames.de/
-305179312	atlassian confluence	http://team.innogames.de/
d41d8cd98f00b204e9800998ecf8427e	zero byte favicon	http://ingest.analytics.innogames.de/
d41d8cd98f00b204e9800998ecf8427e	zero byte favicon	http://mobiletracking.innogames.de/
d41d8cd98f00b204e9800998ecf8427e	zero byte favicon	https://cst.innogames.de/
d41d8cd98f00b204e9800998ecf8427e	zero byte favicon	https://ingest.analytics.innogames.de/
d41d8cd98f00b204e9800998ecf8427e	zero byte favicon	https://mobiletracking.innogames.de/
d41d8cd98f00b204e9800998ecf8427e	zero byte favicon	https://sec-reports.innogames.de/
dd7f44db5ddc83dec4d5fb6134df92ad	innogames	http://blog.innogames.de/
dd7f44db5ddc83dec4d5fb6134df92ad	innogames	http://innogames.de/
dd7f44db5ddc83dec4d5fb6134df92ad	innogames	http://recruit.innogames.de/
dd7f44db5ddc83dec4d5fb6134df92ad	innogames	https://blog.innogames.de/
dd7f44db5ddc83dec4d5fb6134df92ad	innogames	https://innogames.de/
dd7f44db5ddc83dec4d5fb6134df92ad	innogames	https://recruit.innogames.de/
