0	zero byte favicon	http://experiments.instacart.tools/
0	zero byte favicon	https://experiments.instacart.tools/
0	zero byte favicon	https://tux.instacart.tools/
0	zero byte favicon	http://tux.instacart.tools/
1126835021	instacart	http://ads.instacart.tools/
1126835021	instacart	http://customers.dev.instacart.tools/
1126835021	instacart	http://pbis.dev.instacart.tools/
1126835021	instacart	https://ads.instacart.tools/
1126835021	instacart	https://customers.dev.instacart.tools/
1126835021	instacart	https://customers.dev.instacart.tools:443/
1126835021	instacart	https://pbis.dev.instacart.tools/
1126835021	instacart	https://pbis.dev.instacart.tools:443/
396533629	openvpn	https://node0.vpn.instacart.tools/
396533629	openvpn	https://node1.vpn.instacart.tools/
396533629	openvpn	https://node2.vpn.instacart.tools/
396533629	openvpn	https://node3.vpn.instacart.tools/
396533629	openvpn	https://node4.vpn.instacart.tools/
396533629	openvpn	https://vpn-beta.instacart.tools/
396533629	openvpn	https://vpn.instacart.tools/
d41d8cd98f00b204e9800998ecf8427e	zero byte favicon	http://experiments.instacart.tools/
d41d8cd98f00b204e9800998ecf8427e	zero byte favicon	https://experiments.instacart.tools/
d41d8cd98f00b204e9800998ecf8427e	zero byte favicon	https://tux.instacart.tools/
d41d8cd98f00b204e9800998ecf8427e	zero byte favicon	http://tux.instacart.tools/
e26dc08b670ce0b8068ef7d469264f19	instacart	http://ads.instacart.tools/
e26dc08b670ce0b8068ef7d469264f19	instacart	http://customers.dev.instacart.tools/
e26dc08b670ce0b8068ef7d469264f19	instacart	http://pbis.dev.instacart.tools/
e26dc08b670ce0b8068ef7d469264f19	instacart	https://ads.instacart.tools/
e26dc08b670ce0b8068ef7d469264f19	instacart	https://customers.dev.instacart.tools/
e26dc08b670ce0b8068ef7d469264f19	instacart	https://customers.dev.instacart.tools:443/
e26dc08b670ce0b8068ef7d469264f19	instacart	https://pbis.dev.instacart.tools/
e26dc08b670ce0b8068ef7d469264f19	instacart	https://pbis.dev.instacart.tools:443/
