0	zero byte favicon	http://affiliate.instacart.com/
0	zero byte favicon	http://assets.instacart.com/
0	zero byte favicon	http://catalog-api.instacart.com/
0	zero byte favicon	http://content2.instacart.com/
0	zero byte favicon	http://go.retailers.instacart.com/
0	zero byte favicon	http://post.assets.instacart.com/
0	zero byte favicon	https://affiliate.instacart.com/
0	zero byte favicon	http://s.assets.instacart.com/
0	zero byte favicon	https://assets.instacart.com/
0	zero byte favicon	https://catalog-api.instacart.com/
0	zero byte favicon	https://content2.instacart.com/
0	zero byte favicon	https://go.retailers.instacart.com/
0	zero byte favicon	https://locations-api.instacart.com/
0	zero byte favicon	https://post.assets.instacart.com/
0	zero byte favicon	https://s.assets.instacart.com/
0	zero byte favicon	https://t.ads.instacart.com/
1126835021	instacart	http://ajsfinefoods.instacart.com/
1126835021	instacart	http://aldi.instacart.com/
1126835021	instacart	http://api.ads.instacart.com/
1126835021	instacart	http://bashas.instacart.com/
1126835021	instacart	http://bashas.instacart.com:2086/
1126835021	instacart	http://bashas.instacart.com:8880/
1126835021	instacart	http://berkeleybowl.instacart.com/
1126835021	instacart	http://beta.api.ads.instacart.com/
1126835021	instacart	http://beta.instacart.com/
1126835021	instacart	http://binnys.instacart.com/
1126835021	instacart	http://binnys.instacart.com:8080/
1126835021	instacart	http://binnys.instacart.com:8880/
1126835021	instacart	http://biritemarket.instacart.com/
1126835021	instacart	http://bjsetest.instacart.com/
1126835021	instacart	http://bjsetest.instacart.com:2086/
1126835021	instacart	http://bjsetest.instacart.com:8080/
1126835021	instacart	http://bjsetest.instacart.com:8880/
1126835021	instacart	http://brooklynharvest.instacart.com/
1126835021	instacart	http://brooklynmarket.instacart.com/
1126835021	instacart	http://brooklynmarket.instacart.com:2052/
1126835021	instacart	http://brooklynmarket.instacart.com:2082/
1126835021	instacart	http://brooklynmarket.instacart.com:2086/
1126835021	instacart	http://brooklynmarket.instacart.com:8080/
1126835021	instacart	http://brooklynmarket.instacart.com:8880/
1126835021	instacart	http://buehlers.instacart.com/
1126835021	instacart	http://butera-market.instacart.com/
1126835021	instacart	http://citymarketconvenience.instacart.com/
1126835021	instacart	http://cosentinosmarket.instacart.com/
1126835021	instacart	http://cosentinosmarket.instacart.com:2082/
1126835021	instacart	http://cosentinosmarket.instacart.com:2086/
1126835021	instacart	http://cosentinosmarket.instacart.com:8080/
1126835021	instacart	http://cosentinosmarket.instacart.com:8880/
1126835021	instacart	http://costcobusinesscenter-onecart.instacart.com/
1126835021	instacart	http://costcobusinesscenter-onecart.instacart.com:2082/
1126835021	instacart	http://costcobusinesscenter-onecart.instacart.com:2086/
1126835021	instacart	http://costcobusinesscenter-onecart.instacart.com:8080/
1126835021	instacart	http://costcobusinesscenter-onecart.instacart.com:8880/
1126835021	instacart	http://costco.instacart.com/
1126835021	instacart	http://cub.instacart.com/
1126835021	instacart	http://dagnyc.instacart.com/
1126835021	instacart	http://davesmarkets.instacart.com/
1126835021	instacart	http://davesmarkets.instacart.com:2082/
1126835021	instacart	http://davesmarkets.instacart.com:2086/
1126835021	instacart	http://davesmarkets.instacart.com:8080/
1126835021	instacart	http://davesmarkets.instacart.com:8880/
1126835021	instacart	http://dillonsconvenience.instacart.com/
1126835021	instacart	http://dillons.instacart.com/
1126835021	instacart	http://dillons.instacart.com:2082/
1126835021	instacart	http://dillons.instacart.com:2086/
1126835021	instacart	http://dillons.instacart.com:8080/
1126835021	instacart	http://dillons.instacart.com:8880/
1126835021	instacart	http://draegers.instacart.com/
1126835021	instacart	http://draegers.instacart.com:2082/
1126835021	instacart	http://draegers.instacart.com:8080/
1126835021	instacart	http://draegers.instacart.com:8880/
1126835021	instacart	http://elahorrosupermarket.instacart.com/
1126835021	instacart	http://erewhon.instacart.com/
1126835021	instacart	http://fairway.instacart.com/
1126835021	instacart	http://fairway.instacart.com:2082/
1126835021	instacart	http://fairway.instacart.com:2086/
1126835021	instacart	http://fairway.instacart.com:8880/
1126835021	instacart	http://fairway-market.instacart.com/
1126835021	instacart	http://farmfreshsupermarkets.instacart.com/
1126835021	instacart	http://farmfreshsupermarkets.instacart.com:2052/
1126835021	instacart	http://farmfreshsupermarkets.instacart.com:2082/
1126835021	instacart	http://farmfreshsupermarkets.instacart.com:2086/
1126835021	instacart	http://farmfreshsupermarkets.instacart.com:2095/
1126835021	instacart	http://farmfreshsupermarkets.instacart.com:8080/
1126835021	instacart	http://farmfreshsupermarkets.instacart.com:8880/
1126835021	instacart	http://flowers.instacart.com/
1126835021	instacart	http://food4lessconvenience.instacart.com/
1126835021	instacart	http://food-bazaar.instacart.com/
1126835021	instacart	http://foodbazaar-onecart.instacart.com/
1126835021	instacart	http://foodbazaar-onecart.instacart.com:2082/
1126835021	instacart	http://foodbazaar-onecart.instacart.com:2086/
1126835021	instacart	http://foodbazaar-onecart.instacart.com:2095/
1126835021	instacart	http://foodbazaar-onecart.instacart.com:8080/
1126835021	instacart	http://foodbazaar-onecart.instacart.com:8880/
1126835021	instacart	http://food-city.instacart.com/
1126835021	instacart	http://food-city.instacart.com:2082/
1126835021	instacart	http://food-city.instacart.com:2086/
1126835021	instacart	http://food-city.instacart.com:2095/
1126835021	instacart	http://food-city.instacart.com:8080/
1126835021	instacart	http://food-city.instacart.com:8880/
1126835021	instacart	http://fooddynasty.instacart.com/
1126835021	instacart	http://fooddynasty.instacart.com:2082/
1126835021	instacart	http://fooddynasty.instacart.com:2086/
1126835021	instacart	http://fooddynasty.instacart.com:8080/
1126835021	instacart	http://fooddynasty.instacart.com:8880/
1126835021	instacart	http://foodemporium.instacart.com/
1126835021	instacart	http://foodking.instacart.com/
1126835021	instacart	http://foodking.instacart.com:2082/
1126835021	instacart	http://foodking.instacart.com:2086/
1126835021	instacart	http://foodking.instacart.com:8880/
1126835021	instacart	http://foodscoconvenience.instacart.com/
1126835021	instacart	http://foodscoconvenience.instacart.com:2082/
1126835021	instacart	http://foodscoconvenience.instacart.com:2086/
1126835021	instacart	http://foodscoconvenience.instacart.com:2095/
1126835021	instacart	http://foodscoconvenience.instacart.com:8880/
1126835021	instacart	http://foodtown.instacart.com/
1126835021	instacart	http://fooduniverse.instacart.com/
1126835021	instacart	http://foodway.instacart.com/
1126835021	instacart	http://fredmeyerconvenience.instacart.com/
1126835021	instacart	http://fredmeyerconvenience.instacart.com:2052/
1126835021	instacart	http://fredmeyerconvenience.instacart.com:2082/
1126835021	instacart	http://fredmeyerconvenience.instacart.com:2086/
1126835021	instacart	http://fredmeyerconvenience.instacart.com:2095/
1126835021	instacart	http://fredmeyerconvenience.instacart.com:8080/
1126835021	instacart	http://fredmeyerconvenience.instacart.com:8880/
1126835021	instacart	http://galafresh.instacart.com/
1126835021	instacart	http://gardentest.instacart.com/
1126835021	instacart	http://gardentest.instacart.com:2082/
1126835021	instacart	http://gardentest.instacart.com:2086/
1126835021	instacart	http://gardentest.instacart.com:8080/
1126835021	instacart	http://gardentest.instacart.com:8880/
1126835021	instacart	http://gerbesconvenience.instacart.com/
1126835021	instacart	http://greenvalleymarketplace.instacart.com/
1126835021	instacart	http://greers.instacart.com/
1126835021	instacart	http://greers.instacart.com:2082/
1126835021	instacart	http://greers.instacart.com:2086/
1126835021	instacart	http://greers.instacart.com:8080/
1126835021	instacart	http://greers.instacart.com:8880/
1126835021	instacart	http://gristedes.instacart.com/
1126835021	instacart	http://harrisonmarket.instacart.com/
1126835021	instacart	http://healthyplanet.instacart.com/
1126835021	instacart	http://healthyplanet.instacart.com:2082/
1126835021	instacart	http://healthyplanet.instacart.com:2086/
1126835021	instacart	http://healthyplanet.instacart.com:2095/
1126835021	instacart	http://healthyplanet.instacart.com:8080/
1126835021	instacart	http://healthyplanet.instacart.com:8880/
1126835021	instacart	http://henhouse.instacart.com/
1126835021	instacart	http://holidayfarms.instacart.com/
1126835021	instacart	http://jaycconvenience.instacart.com/
1126835021	instacart	http://jjfarms.instacart.com/
1126835021	instacart	http://joerandazzos.instacart.com/
1126835021	instacart	http://keyfood.instacart.com/
1126835021	instacart	http://keyfoodurbanmarketplace.instacart.com/
1126835021	instacart	http://keyfreshnatural.instacart.com/
1126835021	instacart	http://kfmarketplace.instacart.com/
1126835021	instacart	http://krogerconvenience.instacart.com/
1126835021	instacart	http://kroger.instacart.com/
1126835021	instacart	http://lamichoacanameatmarket.instacart.com/
1126835021	instacart	http://loblaws.instacart.com/
1126835021	instacart	http://loblaws.instacart.com:2082/
1126835021	instacart	http://loblaws.instacart.com:2086/
1126835021	instacart	http://loblaws.instacart.com:2095/
1126835021	instacart	http://loblaws.instacart.com:8080/
1126835021	instacart	http://loblaws.instacart.com:8880/
1126835021	instacart	http://locustvalleymarket.instacart.com/
1126835021	instacart	http://login.instacart.com/
1126835021	instacart	http://lowesmarket.instacart.com/
1126835021	instacart	http://lowesmarket.instacart.com:2082/
1126835021	instacart	http://lowesmarket.instacart.com:2086/
1126835021	instacart	http://lowesmarket.instacart.com:2095/
1126835021	instacart	http://lowesmarket.instacart.com:8080/
1126835021	instacart	http://lowesmarket.instacart.com:8880/
1126835021	instacart	http://lowes-signature-market.instacart.com/
1126835021	instacart	http://lowes-signature-market.instacart.com:2086/
1126835021	instacart	http://lowes-signature-market.instacart.com:8080/
1126835021	instacart	http://lowes-signature-market.instacart.com:8880/
1126835021	instacart	http://manormarket.instacart.com/
1126835021	instacart	http://marianosconvenience.instacart.com/
1126835021	instacart	http://market5-one-5.instacart.com/
1126835021	instacart	http://mattituckmarketplace.instacart.com/
1126835021	instacart	http://metromarketconvenience.instacart.com/
1126835021	instacart	http://milams.instacart.com/
1126835021	instacart	http://mp.instacart.com/
1126835021	instacart	http://myfoodcity.instacart.com/
1126835021	instacart	http://naturalgrocers.instacart.com/
1126835021	instacart	http://organicgarage.instacart.com/
1126835021	instacart	http://pathmark.instacart.com/
1126835021	instacart	http://paylessconvenience.instacart.com/
1126835021	instacart	http://pbi2.instacart.com/
1126835021	instacart	http://picknsaveconvenience.instacart.com/
1126835021	instacart	http://plummarket-onecart.instacart.com/
1126835021	instacart	http://pricechopper.instacart.com/
1126835021	instacart	http://pricechopperny.instacart.com/
1126835021	instacart	http://publix.instacart.com/
1126835021	instacart	http://publixtest.instacart.com/
1126835021	instacart	http://qfcconvenience.instacart.com/
1126835021	instacart	http://rainbow.instacart.com/
1126835021	instacart	http://ralphsconvenience.instacart.com/
1126835021	instacart	https://ajsfinefoods.instacart.com/
1126835021	instacart	https://aldi.instacart.com/
1126835021	instacart	http://samsclub.instacart.com/
1126835021	instacart	https://api.ads.instacart.com/
1126835021	instacart	https://assets.ads.instacart.com/
1126835021	instacart	https://bashas.instacart.com/
1126835021	instacart	https://berkeleybowl.instacart.com/
1126835021	instacart	https://beta.api.ads.instacart.com/
1126835021	instacart	https://beta.instacart.com/
1126835021	instacart	https://binnys.instacart.com/
1126835021	instacart	https://biritemarket.instacart.com/
1126835021	instacart	https://bjsetest.instacart.com/
1126835021	instacart	https://brooklynharvest.instacart.com/
1126835021	instacart	https://brooklynmarket.instacart.com/
1126835021	instacart	https://buehlers.instacart.com/
1126835021	instacart	https://butera-market.instacart.com/
1126835021	instacart	http://schnucks.instacart.com/
1126835021	instacart	http://schnucks.instacart.com:2082/
1126835021	instacart	http://schnucks.instacart.com:2086/
1126835021	instacart	http://schnucks.instacart.com:8080/
1126835021	instacart	http://schnucks.instacart.com:8880/
1126835021	instacart	https://citymarketconvenience.instacart.com/
1126835021	instacart	https://cosentinosmarket.instacart.com/
1126835021	instacart	https://costcobusinesscenter-onecart.instacart.com/
1126835021	instacart	https://costco.instacart.com/
1126835021	instacart	https://cub.instacart.com/
1126835021	instacart	https://dagnyc.instacart.com/
1126835021	instacart	https://davesmarkets.instacart.com/
1126835021	instacart	https://dillonsconvenience.instacart.com/
1126835021	instacart	https://dillons.instacart.com/
1126835021	instacart	https://draegers.instacart.com/
1126835021	instacart	https://elahorrosupermarket.instacart.com/
1126835021	instacart	http://sephora.instacart.com/
1126835021	instacart	https://erewhon.instacart.com/
1126835021	instacart	https://fairway.instacart.com/
1126835021	instacart	https://fairway-market.instacart.com/
1126835021	instacart	https://farmfreshsupermarkets.instacart.com/
1126835021	instacart	https://flowers.instacart.com/
1126835021	instacart	https://food4lessconvenience.instacart.com/
1126835021	instacart	https://food-bazaar.instacart.com/
1126835021	instacart	https://foodbazaar-onecart.instacart.com/
1126835021	instacart	https://food-city.instacart.com/
1126835021	instacart	https://fooddynasty.instacart.com/
1126835021	instacart	https://foodemporium.instacart.com/
1126835021	instacart	https://foodking.instacart.com/
1126835021	instacart	https://foodscoconvenience.instacart.com/
1126835021	instacart	https://foodtown.instacart.com/
1126835021	instacart	https://fooduniverse.instacart.com/
1126835021	instacart	https://foodway.instacart.com/
1126835021	instacart	https://fredmeyerconvenience.instacart.com/
1126835021	instacart	https://galafresh.instacart.com/
1126835021	instacart	https://gardentest.instacart.com/
1126835021	instacart	https://gerbesconvenience.instacart.com/
1126835021	instacart	https://greenvalleymarketplace.instacart.com/
1126835021	instacart	https://greers.instacart.com/
1126835021	instacart	https://gristedes.instacart.com/
1126835021	instacart	https://harrisonmarket.instacart.com/
1126835021	instacart	https://healthyplanet.instacart.com/
1126835021	instacart	https://henhouse.instacart.com/
1126835021	instacart	https://holidayfarms.instacart.com/
1126835021	instacart	http://shoppersfood.instacart.com/
1126835021	instacart	http://shopthepig.instacart.com/
1126835021	instacart	https://jaycconvenience.instacart.com/
1126835021	instacart	https://jjfarms.instacart.com/
1126835021	instacart	https://joerandazzos.instacart.com/
1126835021	instacart	https://keyfood.instacart.com/
1126835021	instacart	https://keyfoodurbanmarketplace.instacart.com/
1126835021	instacart	https://keyfreshnatural.instacart.com/
1126835021	instacart	https://kfmarketplace.instacart.com/
1126835021	instacart	https://krogerconvenience.instacart.com/
1126835021	instacart	https://kroger.instacart.com/
1126835021	instacart	https://lamichoacanameatmarket.instacart.com/
1126835021	instacart	https://loblaws.instacart.com/
1126835021	instacart	https://locustvalleymarket.instacart.com/
1126835021	instacart	https://login.instacart.com/
1126835021	instacart	https://lowesmarket.instacart.com/
1126835021	instacart	https://lowes-signature-market.instacart.com/
1126835021	instacart	https://manormarket.instacart.com/
1126835021	instacart	https://marianosconvenience.instacart.com/
1126835021	instacart	https://market5-one-5.instacart.com/
1126835021	instacart	http://smartandfinal.instacart.com/
1126835021	instacart	http://smartandfinal.instacart.com:2052/
1126835021	instacart	http://smartandfinal.instacart.com:2082/
1126835021	instacart	http://smartandfinal.instacart.com:8080/
1126835021	instacart	http://smartandfinal.instacart.com:8880/
1126835021	instacart	https://mattituckmarketplace.instacart.com/
1126835021	instacart	https://metromarketconvenience.instacart.com/
1126835021	instacart	https://milams.instacart.com/
1126835021	instacart	https://mp.instacart.com/
1126835021	instacart	https://myfoodcity.instacart.com/
1126835021	instacart	https://naturalgrocers.instacart.com/
1126835021	instacart	https://organicgarage.instacart.com/
1126835021	instacart	https://pathmark.instacart.com/
1126835021	instacart	https://paylessconvenience.instacart.com/
1126835021	instacart	https://pbi2.instacart.com/
1126835021	instacart	http://specs.instacart.com/
1126835021	instacart	https://picknsaveconvenience.instacart.com/
1126835021	instacart	https://plummarket-onecart.instacart.com/
1126835021	instacart	https://pricechopper.instacart.com/
1126835021	instacart	https://pricechopperny.instacart.com/
1126835021	instacart	https://publix.instacart.com/
1126835021	instacart	https://publixtest.instacart.com/
1126835021	instacart	https://qfcconvenience.instacart.com/
1126835021	instacart	https://rainbow.instacart.com/
1126835021	instacart	https://ralphsconvenience.instacart.com/
1126835021	instacart	https://samsclub.instacart.com/
1126835021	instacart	https://schnucks.instacart.com/
1126835021	instacart	https://sephora.instacart.com/
1126835021	instacart	https://shoppersfood.instacart.com/
1126835021	instacart	https://shopthepig.instacart.com/
1126835021	instacart	https://smartandfinal.instacart.com/
1126835021	instacart	https://specs.instacart.com/
1126835021	instacart	https://stewleonards-onecart.instacart.com/
1126835021	instacart	https://stew-leonards-wine.instacart.com/
1126835021	instacart	https://stopandshop.instacart.com/
1126835021	instacart	https://straubs.instacart.com/
1126835021	instacart	https://sunsetfoods.instacart.com/
1126835021	instacart	https://superfresh.instacart.com/
1126835021	instacart	https://superiorgrocers.instacart.com/
1126835021	instacart	https://superking.instacart.com/
1126835021	instacart	http://stewleonards-onecart.instacart.com/
1126835021	instacart	http://stew-leonards-wine.instacart.com/
1126835021	instacart	http://stew-leonards-wine.instacart.com:2082/
1126835021	instacart	http://stew-leonards-wine.instacart.com:2086/
1126835021	instacart	http://stew-leonards-wine.instacart.com:8080/
1126835021	instacart	http://stew-leonards-wine.instacart.com:8880/
1126835021	instacart	https://thefoodemporiumshoppe.instacart.com/
1126835021	instacart	https://tomlinsons.instacart.com/
1126835021	instacart	http://stopandshop.instacart.com/
1126835021	instacart	http://straubs.instacart.com/
1126835021	instacart	http://straubs.instacart.com:2082/
1126835021	instacart	http://straubs.instacart.com:2086/
1126835021	instacart	http://straubs.instacart.com:8080/
1126835021	instacart	http://straubs.instacart.com:8880/
1126835021	instacart	http://sunsetfoods.instacart.com/
1126835021	instacart	http://superfresh.instacart.com/
1126835021	instacart	http://superiorgrocers.instacart.com/
1126835021	instacart	http://superking.instacart.com/
1126835021	instacart	https://urbanmarket.instacart.com/
1126835021	instacart	https://westernbeef.instacart.com/
1126835021	instacart	https://wildbynature.instacart.com/
1126835021	instacart	https://windsorfarms.instacart.com/
1126835021	instacart	https://winndixie.instacart.com/
1126835021	instacart	http://thefoodemporiumshoppe.instacart.com/
1126835021	instacart	http://tomlinsons.instacart.com/
1126835021	instacart	http://urbanmarket.instacart.com/
1126835021	instacart	http://westernbeef.instacart.com/
1126835021	instacart	http://westernbeef.instacart.com:2082/
1126835021	instacart	http://westernbeef.instacart.com:2086/
1126835021	instacart	http://westernbeef.instacart.com:8080/
1126835021	instacart	http://westernbeef.instacart.com:8880/
1126835021	instacart	http://wildbynature.instacart.com/
1126835021	instacart	http://windsorfarms.instacart.com/
1126835021	instacart	http://winndixie.instacart.com/
66fb14c8d3fbf1e749b5121f9730a885	instacart	http://aldi.postcheckout-cf.instacart.com/
66fb14c8d3fbf1e749b5121f9730a885	instacart	http://aldi.postcheckout-cf.instacart.com:2082/
66fb14c8d3fbf1e749b5121f9730a885	instacart	http://aldi.postcheckout-cf.instacart.com:2086/
66fb14c8d3fbf1e749b5121f9730a885	instacart	http://aldi.postcheckout-cf.instacart.com:8080/
66fb14c8d3fbf1e749b5121f9730a885	instacart	http://aldi.postcheckout-cf.instacart.com:8880/
66fb14c8d3fbf1e749b5121f9730a885	instacart	https://aldi.postcheckout-cf.instacart.com/
-903707947	instacart	http://aldi.postcheckout-cf.instacart.com/
-903707947	instacart	http://aldi.postcheckout-cf.instacart.com:2082/
-903707947	instacart	http://aldi.postcheckout-cf.instacart.com:2086/
-903707947	instacart	http://aldi.postcheckout-cf.instacart.com:8080/
-903707947	instacart	http://aldi.postcheckout-cf.instacart.com:8880/
-903707947	instacart	https://aldi.postcheckout-cf.instacart.com/
d41d8cd98f00b204e9800998ecf8427e	zero byte favicon	http://affiliate.instacart.com/
d41d8cd98f00b204e9800998ecf8427e	zero byte favicon	http://assets.instacart.com/
d41d8cd98f00b204e9800998ecf8427e	zero byte favicon	http://catalog-api.instacart.com/
d41d8cd98f00b204e9800998ecf8427e	zero byte favicon	http://content2.instacart.com/
d41d8cd98f00b204e9800998ecf8427e	zero byte favicon	http://go.retailers.instacart.com/
d41d8cd98f00b204e9800998ecf8427e	zero byte favicon	http://post.assets.instacart.com/
d41d8cd98f00b204e9800998ecf8427e	zero byte favicon	https://affiliate.instacart.com/
d41d8cd98f00b204e9800998ecf8427e	zero byte favicon	http://s.assets.instacart.com/
d41d8cd98f00b204e9800998ecf8427e	zero byte favicon	https://assets.instacart.com/
d41d8cd98f00b204e9800998ecf8427e	zero byte favicon	https://catalog-api.instacart.com/
d41d8cd98f00b204e9800998ecf8427e	zero byte favicon	https://content2.instacart.com/
d41d8cd98f00b204e9800998ecf8427e	zero byte favicon	https://go.retailers.instacart.com/
d41d8cd98f00b204e9800998ecf8427e	zero byte favicon	https://locations-api.instacart.com/
d41d8cd98f00b204e9800998ecf8427e	zero byte favicon	https://post.assets.instacart.com/
d41d8cd98f00b204e9800998ecf8427e	zero byte favicon	https://s.assets.instacart.com/
d41d8cd98f00b204e9800998ecf8427e	zero byte favicon	https://t.ads.instacart.com/
e26dc08b670ce0b8068ef7d469264f19	instacart	http://ajsfinefoods.instacart.com/
e26dc08b670ce0b8068ef7d469264f19	instacart	http://aldi.instacart.com/
e26dc08b670ce0b8068ef7d469264f19	instacart	http://api.ads.instacart.com/
e26dc08b670ce0b8068ef7d469264f19	instacart	http://bashas.instacart.com/
e26dc08b670ce0b8068ef7d469264f19	instacart	http://bashas.instacart.com:2086/
e26dc08b670ce0b8068ef7d469264f19	instacart	http://bashas.instacart.com:8880/
e26dc08b670ce0b8068ef7d469264f19	instacart	http://berkeleybowl.instacart.com/
e26dc08b670ce0b8068ef7d469264f19	instacart	http://beta.api.ads.instacart.com/
e26dc08b670ce0b8068ef7d469264f19	instacart	http://beta.instacart.com/
e26dc08b670ce0b8068ef7d469264f19	instacart	http://binnys.instacart.com/
e26dc08b670ce0b8068ef7d469264f19	instacart	http://binnys.instacart.com:8080/
e26dc08b670ce0b8068ef7d469264f19	instacart	http://binnys.instacart.com:8880/
e26dc08b670ce0b8068ef7d469264f19	instacart	http://biritemarket.instacart.com/
e26dc08b670ce0b8068ef7d469264f19	instacart	http://bjsetest.instacart.com/
e26dc08b670ce0b8068ef7d469264f19	instacart	http://bjsetest.instacart.com:2086/
e26dc08b670ce0b8068ef7d469264f19	instacart	http://bjsetest.instacart.com:8080/
e26dc08b670ce0b8068ef7d469264f19	instacart	http://bjsetest.instacart.com:8880/
e26dc08b670ce0b8068ef7d469264f19	instacart	http://brooklynharvest.instacart.com/
e26dc08b670ce0b8068ef7d469264f19	instacart	http://brooklynmarket.instacart.com/
e26dc08b670ce0b8068ef7d469264f19	instacart	http://brooklynmarket.instacart.com:2052/
e26dc08b670ce0b8068ef7d469264f19	instacart	http://brooklynmarket.instacart.com:2082/
e26dc08b670ce0b8068ef7d469264f19	instacart	http://brooklynmarket.instacart.com:2086/
e26dc08b670ce0b8068ef7d469264f19	instacart	http://brooklynmarket.instacart.com:8080/
e26dc08b670ce0b8068ef7d469264f19	instacart	http://brooklynmarket.instacart.com:8880/
e26dc08b670ce0b8068ef7d469264f19	instacart	http://buehlers.instacart.com/
e26dc08b670ce0b8068ef7d469264f19	instacart	http://butera-market.instacart.com/
e26dc08b670ce0b8068ef7d469264f19	instacart	http://citymarketconvenience.instacart.com/
e26dc08b670ce0b8068ef7d469264f19	instacart	http://cosentinosmarket.instacart.com/
e26dc08b670ce0b8068ef7d469264f19	instacart	http://cosentinosmarket.instacart.com:2082/
e26dc08b670ce0b8068ef7d469264f19	instacart	http://cosentinosmarket.instacart.com:2086/
e26dc08b670ce0b8068ef7d469264f19	instacart	http://cosentinosmarket.instacart.com:8080/
e26dc08b670ce0b8068ef7d469264f19	instacart	http://cosentinosmarket.instacart.com:8880/
e26dc08b670ce0b8068ef7d469264f19	instacart	http://costcobusinesscenter-onecart.instacart.com/
e26dc08b670ce0b8068ef7d469264f19	instacart	http://costcobusinesscenter-onecart.instacart.com:2082/
e26dc08b670ce0b8068ef7d469264f19	instacart	http://costcobusinesscenter-onecart.instacart.com:2086/
e26dc08b670ce0b8068ef7d469264f19	instacart	http://costcobusinesscenter-onecart.instacart.com:8080/
e26dc08b670ce0b8068ef7d469264f19	instacart	http://costcobusinesscenter-onecart.instacart.com:8880/
e26dc08b670ce0b8068ef7d469264f19	instacart	http://costco.instacart.com/
e26dc08b670ce0b8068ef7d469264f19	instacart	http://cub.instacart.com/
e26dc08b670ce0b8068ef7d469264f19	instacart	http://dagnyc.instacart.com/
e26dc08b670ce0b8068ef7d469264f19	instacart	http://davesmarkets.instacart.com/
e26dc08b670ce0b8068ef7d469264f19	instacart	http://davesmarkets.instacart.com:2082/
e26dc08b670ce0b8068ef7d469264f19	instacart	http://davesmarkets.instacart.com:2086/
e26dc08b670ce0b8068ef7d469264f19	instacart	http://davesmarkets.instacart.com:8080/
e26dc08b670ce0b8068ef7d469264f19	instacart	http://davesmarkets.instacart.com:8880/
e26dc08b670ce0b8068ef7d469264f19	instacart	http://dillonsconvenience.instacart.com/
e26dc08b670ce0b8068ef7d469264f19	instacart	http://dillons.instacart.com/
e26dc08b670ce0b8068ef7d469264f19	instacart	http://dillons.instacart.com:2082/
e26dc08b670ce0b8068ef7d469264f19	instacart	http://dillons.instacart.com:2086/
e26dc08b670ce0b8068ef7d469264f19	instacart	http://dillons.instacart.com:8080/
e26dc08b670ce0b8068ef7d469264f19	instacart	http://dillons.instacart.com:8880/
e26dc08b670ce0b8068ef7d469264f19	instacart	http://draegers.instacart.com/
e26dc08b670ce0b8068ef7d469264f19	instacart	http://draegers.instacart.com:2082/
e26dc08b670ce0b8068ef7d469264f19	instacart	http://draegers.instacart.com:8080/
e26dc08b670ce0b8068ef7d469264f19	instacart	http://draegers.instacart.com:8880/
e26dc08b670ce0b8068ef7d469264f19	instacart	http://elahorrosupermarket.instacart.com/
e26dc08b670ce0b8068ef7d469264f19	instacart	http://erewhon.instacart.com/
e26dc08b670ce0b8068ef7d469264f19	instacart	http://fairway.instacart.com/
e26dc08b670ce0b8068ef7d469264f19	instacart	http://fairway.instacart.com:2082/
e26dc08b670ce0b8068ef7d469264f19	instacart	http://fairway.instacart.com:2086/
e26dc08b670ce0b8068ef7d469264f19	instacart	http://fairway.instacart.com:8880/
e26dc08b670ce0b8068ef7d469264f19	instacart	http://fairway-market.instacart.com/
e26dc08b670ce0b8068ef7d469264f19	instacart	http://farmfreshsupermarkets.instacart.com/
e26dc08b670ce0b8068ef7d469264f19	instacart	http://farmfreshsupermarkets.instacart.com:2052/
e26dc08b670ce0b8068ef7d469264f19	instacart	http://farmfreshsupermarkets.instacart.com:2082/
e26dc08b670ce0b8068ef7d469264f19	instacart	http://farmfreshsupermarkets.instacart.com:2086/
e26dc08b670ce0b8068ef7d469264f19	instacart	http://farmfreshsupermarkets.instacart.com:2095/
e26dc08b670ce0b8068ef7d469264f19	instacart	http://farmfreshsupermarkets.instacart.com:8080/
e26dc08b670ce0b8068ef7d469264f19	instacart	http://farmfreshsupermarkets.instacart.com:8880/
e26dc08b670ce0b8068ef7d469264f19	instacart	http://flowers.instacart.com/
e26dc08b670ce0b8068ef7d469264f19	instacart	http://food4lessconvenience.instacart.com/
e26dc08b670ce0b8068ef7d469264f19	instacart	http://food-bazaar.instacart.com/
e26dc08b670ce0b8068ef7d469264f19	instacart	http://foodbazaar-onecart.instacart.com/
e26dc08b670ce0b8068ef7d469264f19	instacart	http://foodbazaar-onecart.instacart.com:2082/
e26dc08b670ce0b8068ef7d469264f19	instacart	http://foodbazaar-onecart.instacart.com:2086/
e26dc08b670ce0b8068ef7d469264f19	instacart	http://foodbazaar-onecart.instacart.com:2095/
e26dc08b670ce0b8068ef7d469264f19	instacart	http://foodbazaar-onecart.instacart.com:8080/
e26dc08b670ce0b8068ef7d469264f19	instacart	http://foodbazaar-onecart.instacart.com:8880/
e26dc08b670ce0b8068ef7d469264f19	instacart	http://food-city.instacart.com/
e26dc08b670ce0b8068ef7d469264f19	instacart	http://food-city.instacart.com:2082/
e26dc08b670ce0b8068ef7d469264f19	instacart	http://food-city.instacart.com:2086/
e26dc08b670ce0b8068ef7d469264f19	instacart	http://food-city.instacart.com:2095/
e26dc08b670ce0b8068ef7d469264f19	instacart	http://food-city.instacart.com:8080/
e26dc08b670ce0b8068ef7d469264f19	instacart	http://food-city.instacart.com:8880/
e26dc08b670ce0b8068ef7d469264f19	instacart	http://fooddynasty.instacart.com/
e26dc08b670ce0b8068ef7d469264f19	instacart	http://fooddynasty.instacart.com:2082/
e26dc08b670ce0b8068ef7d469264f19	instacart	http://fooddynasty.instacart.com:2086/
e26dc08b670ce0b8068ef7d469264f19	instacart	http://fooddynasty.instacart.com:8080/
e26dc08b670ce0b8068ef7d469264f19	instacart	http://fooddynasty.instacart.com:8880/
e26dc08b670ce0b8068ef7d469264f19	instacart	http://foodemporium.instacart.com/
e26dc08b670ce0b8068ef7d469264f19	instacart	http://foodking.instacart.com/
e26dc08b670ce0b8068ef7d469264f19	instacart	http://foodking.instacart.com:2082/
e26dc08b670ce0b8068ef7d469264f19	instacart	http://foodking.instacart.com:2086/
e26dc08b670ce0b8068ef7d469264f19	instacart	http://foodking.instacart.com:8880/
e26dc08b670ce0b8068ef7d469264f19	instacart	http://foodscoconvenience.instacart.com/
e26dc08b670ce0b8068ef7d469264f19	instacart	http://foodscoconvenience.instacart.com:2082/
e26dc08b670ce0b8068ef7d469264f19	instacart	http://foodscoconvenience.instacart.com:2086/
e26dc08b670ce0b8068ef7d469264f19	instacart	http://foodscoconvenience.instacart.com:2095/
e26dc08b670ce0b8068ef7d469264f19	instacart	http://foodscoconvenience.instacart.com:8880/
e26dc08b670ce0b8068ef7d469264f19	instacart	http://foodtown.instacart.com/
e26dc08b670ce0b8068ef7d469264f19	instacart	http://fooduniverse.instacart.com/
e26dc08b670ce0b8068ef7d469264f19	instacart	http://foodway.instacart.com/
e26dc08b670ce0b8068ef7d469264f19	instacart	http://fredmeyerconvenience.instacart.com/
e26dc08b670ce0b8068ef7d469264f19	instacart	http://fredmeyerconvenience.instacart.com:2052/
e26dc08b670ce0b8068ef7d469264f19	instacart	http://fredmeyerconvenience.instacart.com:2082/
e26dc08b670ce0b8068ef7d469264f19	instacart	http://fredmeyerconvenience.instacart.com:2086/
e26dc08b670ce0b8068ef7d469264f19	instacart	http://fredmeyerconvenience.instacart.com:2095/
e26dc08b670ce0b8068ef7d469264f19	instacart	http://fredmeyerconvenience.instacart.com:8080/
e26dc08b670ce0b8068ef7d469264f19	instacart	http://fredmeyerconvenience.instacart.com:8880/
e26dc08b670ce0b8068ef7d469264f19	instacart	http://galafresh.instacart.com/
e26dc08b670ce0b8068ef7d469264f19	instacart	http://gardentest.instacart.com/
e26dc08b670ce0b8068ef7d469264f19	instacart	http://gardentest.instacart.com:2082/
e26dc08b670ce0b8068ef7d469264f19	instacart	http://gardentest.instacart.com:2086/
e26dc08b670ce0b8068ef7d469264f19	instacart	http://gardentest.instacart.com:8080/
e26dc08b670ce0b8068ef7d469264f19	instacart	http://gardentest.instacart.com:8880/
e26dc08b670ce0b8068ef7d469264f19	instacart	http://gerbesconvenience.instacart.com/
e26dc08b670ce0b8068ef7d469264f19	instacart	http://greenvalleymarketplace.instacart.com/
e26dc08b670ce0b8068ef7d469264f19	instacart	http://greers.instacart.com/
e26dc08b670ce0b8068ef7d469264f19	instacart	http://greers.instacart.com:2082/
e26dc08b670ce0b8068ef7d469264f19	instacart	http://greers.instacart.com:2086/
e26dc08b670ce0b8068ef7d469264f19	instacart	http://greers.instacart.com:8080/
e26dc08b670ce0b8068ef7d469264f19	instacart	http://greers.instacart.com:8880/
e26dc08b670ce0b8068ef7d469264f19	instacart	http://gristedes.instacart.com/
e26dc08b670ce0b8068ef7d469264f19	instacart	http://harrisonmarket.instacart.com/
e26dc08b670ce0b8068ef7d469264f19	instacart	http://healthyplanet.instacart.com/
e26dc08b670ce0b8068ef7d469264f19	instacart	http://healthyplanet.instacart.com:2082/
e26dc08b670ce0b8068ef7d469264f19	instacart	http://healthyplanet.instacart.com:2086/
e26dc08b670ce0b8068ef7d469264f19	instacart	http://healthyplanet.instacart.com:2095/
e26dc08b670ce0b8068ef7d469264f19	instacart	http://healthyplanet.instacart.com:8080/
e26dc08b670ce0b8068ef7d469264f19	instacart	http://healthyplanet.instacart.com:8880/
e26dc08b670ce0b8068ef7d469264f19	instacart	http://henhouse.instacart.com/
e26dc08b670ce0b8068ef7d469264f19	instacart	http://holidayfarms.instacart.com/
e26dc08b670ce0b8068ef7d469264f19	instacart	http://jaycconvenience.instacart.com/
e26dc08b670ce0b8068ef7d469264f19	instacart	http://jjfarms.instacart.com/
e26dc08b670ce0b8068ef7d469264f19	instacart	http://joerandazzos.instacart.com/
e26dc08b670ce0b8068ef7d469264f19	instacart	http://keyfood.instacart.com/
e26dc08b670ce0b8068ef7d469264f19	instacart	http://keyfoodurbanmarketplace.instacart.com/
e26dc08b670ce0b8068ef7d469264f19	instacart	http://keyfreshnatural.instacart.com/
e26dc08b670ce0b8068ef7d469264f19	instacart	http://kfmarketplace.instacart.com/
e26dc08b670ce0b8068ef7d469264f19	instacart	http://krogerconvenience.instacart.com/
e26dc08b670ce0b8068ef7d469264f19	instacart	http://kroger.instacart.com/
e26dc08b670ce0b8068ef7d469264f19	instacart	http://lamichoacanameatmarket.instacart.com/
e26dc08b670ce0b8068ef7d469264f19	instacart	http://loblaws.instacart.com/
e26dc08b670ce0b8068ef7d469264f19	instacart	http://loblaws.instacart.com:2082/
e26dc08b670ce0b8068ef7d469264f19	instacart	http://loblaws.instacart.com:2086/
e26dc08b670ce0b8068ef7d469264f19	instacart	http://loblaws.instacart.com:2095/
e26dc08b670ce0b8068ef7d469264f19	instacart	http://loblaws.instacart.com:8080/
e26dc08b670ce0b8068ef7d469264f19	instacart	http://loblaws.instacart.com:8880/
e26dc08b670ce0b8068ef7d469264f19	instacart	http://locustvalleymarket.instacart.com/
e26dc08b670ce0b8068ef7d469264f19	instacart	http://login.instacart.com/
e26dc08b670ce0b8068ef7d469264f19	instacart	http://lowesmarket.instacart.com/
e26dc08b670ce0b8068ef7d469264f19	instacart	http://lowesmarket.instacart.com:2082/
e26dc08b670ce0b8068ef7d469264f19	instacart	http://lowesmarket.instacart.com:2086/
e26dc08b670ce0b8068ef7d469264f19	instacart	http://lowesmarket.instacart.com:2095/
e26dc08b670ce0b8068ef7d469264f19	instacart	http://lowesmarket.instacart.com:8080/
e26dc08b670ce0b8068ef7d469264f19	instacart	http://lowesmarket.instacart.com:8880/
e26dc08b670ce0b8068ef7d469264f19	instacart	http://lowes-signature-market.instacart.com/
e26dc08b670ce0b8068ef7d469264f19	instacart	http://lowes-signature-market.instacart.com:2086/
e26dc08b670ce0b8068ef7d469264f19	instacart	http://lowes-signature-market.instacart.com:8080/
e26dc08b670ce0b8068ef7d469264f19	instacart	http://lowes-signature-market.instacart.com:8880/
e26dc08b670ce0b8068ef7d469264f19	instacart	http://manormarket.instacart.com/
e26dc08b670ce0b8068ef7d469264f19	instacart	http://marianosconvenience.instacart.com/
e26dc08b670ce0b8068ef7d469264f19	instacart	http://market5-one-5.instacart.com/
e26dc08b670ce0b8068ef7d469264f19	instacart	http://mattituckmarketplace.instacart.com/
e26dc08b670ce0b8068ef7d469264f19	instacart	http://metromarketconvenience.instacart.com/
e26dc08b670ce0b8068ef7d469264f19	instacart	http://milams.instacart.com/
e26dc08b670ce0b8068ef7d469264f19	instacart	http://mp.instacart.com/
e26dc08b670ce0b8068ef7d469264f19	instacart	http://myfoodcity.instacart.com/
e26dc08b670ce0b8068ef7d469264f19	instacart	http://naturalgrocers.instacart.com/
e26dc08b670ce0b8068ef7d469264f19	instacart	http://organicgarage.instacart.com/
e26dc08b670ce0b8068ef7d469264f19	instacart	http://pathmark.instacart.com/
e26dc08b670ce0b8068ef7d469264f19	instacart	http://paylessconvenience.instacart.com/
e26dc08b670ce0b8068ef7d469264f19	instacart	http://pbi2.instacart.com/
e26dc08b670ce0b8068ef7d469264f19	instacart	http://picknsaveconvenience.instacart.com/
e26dc08b670ce0b8068ef7d469264f19	instacart	http://plummarket-onecart.instacart.com/
e26dc08b670ce0b8068ef7d469264f19	instacart	http://pricechopper.instacart.com/
e26dc08b670ce0b8068ef7d469264f19	instacart	http://pricechopperny.instacart.com/
e26dc08b670ce0b8068ef7d469264f19	instacart	http://publix.instacart.com/
e26dc08b670ce0b8068ef7d469264f19	instacart	http://publixtest.instacart.com/
e26dc08b670ce0b8068ef7d469264f19	instacart	http://qfcconvenience.instacart.com/
e26dc08b670ce0b8068ef7d469264f19	instacart	http://rainbow.instacart.com/
e26dc08b670ce0b8068ef7d469264f19	instacart	http://ralphsconvenience.instacart.com/
e26dc08b670ce0b8068ef7d469264f19	instacart	https://ajsfinefoods.instacart.com/
e26dc08b670ce0b8068ef7d469264f19	instacart	https://aldi.instacart.com/
e26dc08b670ce0b8068ef7d469264f19	instacart	http://samsclub.instacart.com/
e26dc08b670ce0b8068ef7d469264f19	instacart	https://api.ads.instacart.com/
e26dc08b670ce0b8068ef7d469264f19	instacart	https://assets.ads.instacart.com/
e26dc08b670ce0b8068ef7d469264f19	instacart	https://bashas.instacart.com/
e26dc08b670ce0b8068ef7d469264f19	instacart	https://berkeleybowl.instacart.com/
e26dc08b670ce0b8068ef7d469264f19	instacart	https://beta.api.ads.instacart.com/
e26dc08b670ce0b8068ef7d469264f19	instacart	https://beta.instacart.com/
e26dc08b670ce0b8068ef7d469264f19	instacart	https://binnys.instacart.com/
e26dc08b670ce0b8068ef7d469264f19	instacart	https://biritemarket.instacart.com/
e26dc08b670ce0b8068ef7d469264f19	instacart	https://bjsetest.instacart.com/
e26dc08b670ce0b8068ef7d469264f19	instacart	https://brooklynharvest.instacart.com/
e26dc08b670ce0b8068ef7d469264f19	instacart	https://brooklynmarket.instacart.com/
e26dc08b670ce0b8068ef7d469264f19	instacart	https://buehlers.instacart.com/
e26dc08b670ce0b8068ef7d469264f19	instacart	https://butera-market.instacart.com/
e26dc08b670ce0b8068ef7d469264f19	instacart	http://schnucks.instacart.com/
e26dc08b670ce0b8068ef7d469264f19	instacart	http://schnucks.instacart.com:2082/
e26dc08b670ce0b8068ef7d469264f19	instacart	http://schnucks.instacart.com:2086/
e26dc08b670ce0b8068ef7d469264f19	instacart	http://schnucks.instacart.com:8080/
e26dc08b670ce0b8068ef7d469264f19	instacart	http://schnucks.instacart.com:8880/
e26dc08b670ce0b8068ef7d469264f19	instacart	https://citymarketconvenience.instacart.com/
e26dc08b670ce0b8068ef7d469264f19	instacart	https://cosentinosmarket.instacart.com/
e26dc08b670ce0b8068ef7d469264f19	instacart	https://costcobusinesscenter-onecart.instacart.com/
e26dc08b670ce0b8068ef7d469264f19	instacart	https://costco.instacart.com/
e26dc08b670ce0b8068ef7d469264f19	instacart	https://cub.instacart.com/
e26dc08b670ce0b8068ef7d469264f19	instacart	https://dagnyc.instacart.com/
e26dc08b670ce0b8068ef7d469264f19	instacart	https://davesmarkets.instacart.com/
e26dc08b670ce0b8068ef7d469264f19	instacart	https://dillonsconvenience.instacart.com/
e26dc08b670ce0b8068ef7d469264f19	instacart	https://dillons.instacart.com/
e26dc08b670ce0b8068ef7d469264f19	instacart	https://draegers.instacart.com/
e26dc08b670ce0b8068ef7d469264f19	instacart	https://elahorrosupermarket.instacart.com/
e26dc08b670ce0b8068ef7d469264f19	instacart	http://sephora.instacart.com/
e26dc08b670ce0b8068ef7d469264f19	instacart	https://erewhon.instacart.com/
e26dc08b670ce0b8068ef7d469264f19	instacart	https://fairway.instacart.com/
e26dc08b670ce0b8068ef7d469264f19	instacart	https://fairway-market.instacart.com/
e26dc08b670ce0b8068ef7d469264f19	instacart	https://farmfreshsupermarkets.instacart.com/
e26dc08b670ce0b8068ef7d469264f19	instacart	https://flowers.instacart.com/
e26dc08b670ce0b8068ef7d469264f19	instacart	https://food4lessconvenience.instacart.com/
e26dc08b670ce0b8068ef7d469264f19	instacart	https://food-bazaar.instacart.com/
e26dc08b670ce0b8068ef7d469264f19	instacart	https://foodbazaar-onecart.instacart.com/
e26dc08b670ce0b8068ef7d469264f19	instacart	https://food-city.instacart.com/
e26dc08b670ce0b8068ef7d469264f19	instacart	https://fooddynasty.instacart.com/
e26dc08b670ce0b8068ef7d469264f19	instacart	https://foodemporium.instacart.com/
e26dc08b670ce0b8068ef7d469264f19	instacart	https://foodking.instacart.com/
e26dc08b670ce0b8068ef7d469264f19	instacart	https://foodscoconvenience.instacart.com/
e26dc08b670ce0b8068ef7d469264f19	instacart	https://foodtown.instacart.com/
e26dc08b670ce0b8068ef7d469264f19	instacart	https://fooduniverse.instacart.com/
e26dc08b670ce0b8068ef7d469264f19	instacart	https://foodway.instacart.com/
e26dc08b670ce0b8068ef7d469264f19	instacart	https://fredmeyerconvenience.instacart.com/
e26dc08b670ce0b8068ef7d469264f19	instacart	https://galafresh.instacart.com/
e26dc08b670ce0b8068ef7d469264f19	instacart	https://gardentest.instacart.com/
e26dc08b670ce0b8068ef7d469264f19	instacart	https://gerbesconvenience.instacart.com/
e26dc08b670ce0b8068ef7d469264f19	instacart	https://greenvalleymarketplace.instacart.com/
e26dc08b670ce0b8068ef7d469264f19	instacart	https://greers.instacart.com/
e26dc08b670ce0b8068ef7d469264f19	instacart	https://gristedes.instacart.com/
e26dc08b670ce0b8068ef7d469264f19	instacart	https://harrisonmarket.instacart.com/
e26dc08b670ce0b8068ef7d469264f19	instacart	https://healthyplanet.instacart.com/
e26dc08b670ce0b8068ef7d469264f19	instacart	https://henhouse.instacart.com/
e26dc08b670ce0b8068ef7d469264f19	instacart	https://holidayfarms.instacart.com/
e26dc08b670ce0b8068ef7d469264f19	instacart	http://shoppersfood.instacart.com/
e26dc08b670ce0b8068ef7d469264f19	instacart	http://shopthepig.instacart.com/
e26dc08b670ce0b8068ef7d469264f19	instacart	https://jaycconvenience.instacart.com/
e26dc08b670ce0b8068ef7d469264f19	instacart	https://jjfarms.instacart.com/
e26dc08b670ce0b8068ef7d469264f19	instacart	https://joerandazzos.instacart.com/
e26dc08b670ce0b8068ef7d469264f19	instacart	https://keyfood.instacart.com/
e26dc08b670ce0b8068ef7d469264f19	instacart	https://keyfoodurbanmarketplace.instacart.com/
e26dc08b670ce0b8068ef7d469264f19	instacart	https://keyfreshnatural.instacart.com/
e26dc08b670ce0b8068ef7d469264f19	instacart	https://kfmarketplace.instacart.com/
e26dc08b670ce0b8068ef7d469264f19	instacart	https://krogerconvenience.instacart.com/
e26dc08b670ce0b8068ef7d469264f19	instacart	https://kroger.instacart.com/
e26dc08b670ce0b8068ef7d469264f19	instacart	https://lamichoacanameatmarket.instacart.com/
e26dc08b670ce0b8068ef7d469264f19	instacart	https://loblaws.instacart.com/
e26dc08b670ce0b8068ef7d469264f19	instacart	https://locustvalleymarket.instacart.com/
e26dc08b670ce0b8068ef7d469264f19	instacart	https://login.instacart.com/
e26dc08b670ce0b8068ef7d469264f19	instacart	https://lowesmarket.instacart.com/
e26dc08b670ce0b8068ef7d469264f19	instacart	https://lowes-signature-market.instacart.com/
e26dc08b670ce0b8068ef7d469264f19	instacart	https://manormarket.instacart.com/
e26dc08b670ce0b8068ef7d469264f19	instacart	https://marianosconvenience.instacart.com/
e26dc08b670ce0b8068ef7d469264f19	instacart	https://market5-one-5.instacart.com/
e26dc08b670ce0b8068ef7d469264f19	instacart	http://smartandfinal.instacart.com/
e26dc08b670ce0b8068ef7d469264f19	instacart	http://smartandfinal.instacart.com:2052/
e26dc08b670ce0b8068ef7d469264f19	instacart	http://smartandfinal.instacart.com:2082/
e26dc08b670ce0b8068ef7d469264f19	instacart	http://smartandfinal.instacart.com:8080/
e26dc08b670ce0b8068ef7d469264f19	instacart	http://smartandfinal.instacart.com:8880/
e26dc08b670ce0b8068ef7d469264f19	instacart	https://mattituckmarketplace.instacart.com/
e26dc08b670ce0b8068ef7d469264f19	instacart	https://metromarketconvenience.instacart.com/
e26dc08b670ce0b8068ef7d469264f19	instacart	https://milams.instacart.com/
e26dc08b670ce0b8068ef7d469264f19	instacart	https://mp.instacart.com/
e26dc08b670ce0b8068ef7d469264f19	instacart	https://myfoodcity.instacart.com/
e26dc08b670ce0b8068ef7d469264f19	instacart	https://naturalgrocers.instacart.com/
e26dc08b670ce0b8068ef7d469264f19	instacart	https://organicgarage.instacart.com/
e26dc08b670ce0b8068ef7d469264f19	instacart	https://pathmark.instacart.com/
e26dc08b670ce0b8068ef7d469264f19	instacart	https://paylessconvenience.instacart.com/
e26dc08b670ce0b8068ef7d469264f19	instacart	https://pbi2.instacart.com/
e26dc08b670ce0b8068ef7d469264f19	instacart	http://specs.instacart.com/
e26dc08b670ce0b8068ef7d469264f19	instacart	https://picknsaveconvenience.instacart.com/
e26dc08b670ce0b8068ef7d469264f19	instacart	https://plummarket-onecart.instacart.com/
e26dc08b670ce0b8068ef7d469264f19	instacart	https://pricechopper.instacart.com/
e26dc08b670ce0b8068ef7d469264f19	instacart	https://pricechopperny.instacart.com/
e26dc08b670ce0b8068ef7d469264f19	instacart	https://publix.instacart.com/
e26dc08b670ce0b8068ef7d469264f19	instacart	https://publixtest.instacart.com/
e26dc08b670ce0b8068ef7d469264f19	instacart	https://qfcconvenience.instacart.com/
e26dc08b670ce0b8068ef7d469264f19	instacart	https://rainbow.instacart.com/
e26dc08b670ce0b8068ef7d469264f19	instacart	https://ralphsconvenience.instacart.com/
e26dc08b670ce0b8068ef7d469264f19	instacart	https://samsclub.instacart.com/
e26dc08b670ce0b8068ef7d469264f19	instacart	https://schnucks.instacart.com/
e26dc08b670ce0b8068ef7d469264f19	instacart	https://sephora.instacart.com/
e26dc08b670ce0b8068ef7d469264f19	instacart	https://shoppersfood.instacart.com/
e26dc08b670ce0b8068ef7d469264f19	instacart	https://shopthepig.instacart.com/
e26dc08b670ce0b8068ef7d469264f19	instacart	https://smartandfinal.instacart.com/
e26dc08b670ce0b8068ef7d469264f19	instacart	https://specs.instacart.com/
e26dc08b670ce0b8068ef7d469264f19	instacart	https://stewleonards-onecart.instacart.com/
e26dc08b670ce0b8068ef7d469264f19	instacart	https://stew-leonards-wine.instacart.com/
e26dc08b670ce0b8068ef7d469264f19	instacart	https://stopandshop.instacart.com/
e26dc08b670ce0b8068ef7d469264f19	instacart	https://straubs.instacart.com/
e26dc08b670ce0b8068ef7d469264f19	instacart	https://sunsetfoods.instacart.com/
e26dc08b670ce0b8068ef7d469264f19	instacart	https://superfresh.instacart.com/
e26dc08b670ce0b8068ef7d469264f19	instacart	https://superiorgrocers.instacart.com/
e26dc08b670ce0b8068ef7d469264f19	instacart	https://superking.instacart.com/
e26dc08b670ce0b8068ef7d469264f19	instacart	http://stewleonards-onecart.instacart.com/
e26dc08b670ce0b8068ef7d469264f19	instacart	http://stew-leonards-wine.instacart.com/
e26dc08b670ce0b8068ef7d469264f19	instacart	http://stew-leonards-wine.instacart.com:2082/
e26dc08b670ce0b8068ef7d469264f19	instacart	http://stew-leonards-wine.instacart.com:2086/
e26dc08b670ce0b8068ef7d469264f19	instacart	http://stew-leonards-wine.instacart.com:8080/
e26dc08b670ce0b8068ef7d469264f19	instacart	http://stew-leonards-wine.instacart.com:8880/
e26dc08b670ce0b8068ef7d469264f19	instacart	https://thefoodemporiumshoppe.instacart.com/
e26dc08b670ce0b8068ef7d469264f19	instacart	https://tomlinsons.instacart.com/
e26dc08b670ce0b8068ef7d469264f19	instacart	http://stopandshop.instacart.com/
e26dc08b670ce0b8068ef7d469264f19	instacart	http://straubs.instacart.com/
e26dc08b670ce0b8068ef7d469264f19	instacart	http://straubs.instacart.com:2082/
e26dc08b670ce0b8068ef7d469264f19	instacart	http://straubs.instacart.com:2086/
e26dc08b670ce0b8068ef7d469264f19	instacart	http://straubs.instacart.com:8080/
e26dc08b670ce0b8068ef7d469264f19	instacart	http://straubs.instacart.com:8880/
e26dc08b670ce0b8068ef7d469264f19	instacart	http://sunsetfoods.instacart.com/
e26dc08b670ce0b8068ef7d469264f19	instacart	http://superfresh.instacart.com/
e26dc08b670ce0b8068ef7d469264f19	instacart	http://superiorgrocers.instacart.com/
e26dc08b670ce0b8068ef7d469264f19	instacart	http://superking.instacart.com/
e26dc08b670ce0b8068ef7d469264f19	instacart	https://urbanmarket.instacart.com/
e26dc08b670ce0b8068ef7d469264f19	instacart	https://westernbeef.instacart.com/
e26dc08b670ce0b8068ef7d469264f19	instacart	https://wildbynature.instacart.com/
e26dc08b670ce0b8068ef7d469264f19	instacart	https://windsorfarms.instacart.com/
e26dc08b670ce0b8068ef7d469264f19	instacart	https://winndixie.instacart.com/
e26dc08b670ce0b8068ef7d469264f19	instacart	http://thefoodemporiumshoppe.instacart.com/
e26dc08b670ce0b8068ef7d469264f19	instacart	http://tomlinsons.instacart.com/
e26dc08b670ce0b8068ef7d469264f19	instacart	http://urbanmarket.instacart.com/
e26dc08b670ce0b8068ef7d469264f19	instacart	http://westernbeef.instacart.com/
e26dc08b670ce0b8068ef7d469264f19	instacart	http://westernbeef.instacart.com:2082/
e26dc08b670ce0b8068ef7d469264f19	instacart	http://westernbeef.instacart.com:2086/
e26dc08b670ce0b8068ef7d469264f19	instacart	http://westernbeef.instacart.com:8080/
e26dc08b670ce0b8068ef7d469264f19	instacart	http://westernbeef.instacart.com:8880/
e26dc08b670ce0b8068ef7d469264f19	instacart	http://wildbynature.instacart.com/
e26dc08b670ce0b8068ef7d469264f19	instacart	http://windsorfarms.instacart.com/
e26dc08b670ce0b8068ef7d469264f19	instacart	http://winndixie.instacart.com/
