-1249852061	microsoft outlook	http://autodiscover.likenew.lululemon.com/
-1249852061	microsoft outlook	http://autodiscover.lululemon.com/
-1249852061	microsoft outlook	http://autodiscover.service.lululemon.com/
-1249852061	microsoft outlook	http://office365.lululemon.com/
-1249852061	microsoft outlook	https://office365.lululemon.com/
1274734426	blankwhite	http://investor.lululemon.com/
1274734426	blankwhite	https://corporate.lululemon.com/
1274734426	blankwhite	https://investor.lululemon.com/
3bdfaec33d4ce535ce728a5a32e6004b	microsoft-outlook	http://autodiscover.likenew.lululemon.com/
3bdfaec33d4ce535ce728a5a32e6004b	microsoft-outlook	http://autodiscover.lululemon.com/
3bdfaec33d4ce535ce728a5a32e6004b	microsoft-outlook	http://autodiscover.service.lululemon.com/
3bdfaec33d4ce535ce728a5a32e6004b	microsoft-outlook	http://office365.lululemon.com/
3bdfaec33d4ce535ce728a5a32e6004b	microsoft-outlook	https://office365.lululemon.com/
86919334	servicenow	http://ehc-dev.lululemon.com/
86919334	servicenow	https://ehc-dev.lululemon.com/
878647854	big-ip	https://iexpense.lululemon.com/
878647854	big-ip	https://login.lululemon.com/
878647854	big-ip	https://tradestone.lululemon.com/
8b5a97b687b1fb900d94bc7b1187438f	blankwhite	http://investor.lululemon.com/
8b5a97b687b1fb900d94bc7b1187438f	blankwhite	https://corporate.lululemon.com/
8b5a97b687b1fb900d94bc7b1187438f	blankwhite	https://investor.lululemon.com/
