-1252041730	vue.js	http://midvo.men.mi.com/
-1252041730	vue.js	https://midvo.men.mi.com/
-1298108480	yii php framework (default favicon)	http://in.wps.be.mi.com/
-1298108480	yii php framework (default favicon)	http://report.hr.mi.com/
-1298108480	yii php framework (default favicon)	http://ru.wps.be.mi.com/
-1298108480	yii php framework (default favicon)	http://sg.wps.be.mi.com/
-1298108480	yii php framework (default favicon)	http://wms.be.mi.com/
-1298108480	yii php framework (default favicon)	https://in.wps.be.mi.com/
-1298108480	yii php framework (default favicon)	https://report.hr.mi.com/
-1298108480	yii php framework (default favicon)	https://ru.wps.be.mi.com/
-1298108480	yii php framework (default favicon)	https://sg.wps.be.mi.com/
-1298108480	yii php framework (default favicon)	https://wms.be.mi.com/
-1414475558	microsoft iis	http://icrm.be.mi.com/
-1414475558	microsoft iis	https://icrm.be.mi.com/
-1414475558	microsoft iis	https://icrm.be.test.mi.com/
-927895498	xiaomi	http://activity.zb.mi.com/
-927895498	xiaomi	http://app.men.mi.com/
-927895498	xiaomi	http://buy.mi.com/
-927895498	xiaomi	http://cart.mi.com/
-927895498	xiaomi	http://code.mi.com/
-927895498	xiaomi	http://comment.huodong.mi.com/
-927895498	xiaomi	http://dms.mi.com/
-927895498	xiaomi	http://eco-staging.cloud.mi.com/
-927895498	xiaomi	http://err.www.mi.com/
-927895498	xiaomi	http://hd.c.mi.com/
-927895498	xiaomi	http://hd.global.mi.com/
-927895498	xiaomi	http://i.huodong.mi.com/
-927895498	xiaomi	http://in.app.men.mi.com/
-927895498	xiaomi	http://in.backend.mi.com/
-927895498	xiaomi	http://in.dms.mi.com/
-927895498	xiaomi	http://item.mi.com/
-927895498	xiaomi	http://kenny.mgp.mi.com/
-927895498	xiaomi	http://list.mi.com/
-927895498	xiaomi	http://list.mi.com:8080/
-927895498	xiaomi	http://live.mi.com/
-927895498	xiaomi	http://mina.mi.com/
-927895498	xiaomi	http://mishare.mi.com/
-927895498	xiaomi	http://my.mi.com/
-927895498	xiaomi	http://oms.men.mi.com/
-927895498	xiaomi	http://order.mi.com/
-927895498	xiaomi	http://owapp.zb.mi.com/
-927895498	xiaomi	http://p.dun.mi.com/
-927895498	xiaomi	http://paytm.live.mi.com/
-927895498	xiaomi	http://ru.backend.mi.com/
-927895498	xiaomi	http://ru.buy.mi.com/
-927895498	xiaomi	http://s1.zb.mi.com/
-927895498	xiaomi	http://sc.bl.g.mi.com/
-927895498	xiaomi	http://search.mi.com/
-927895498	xiaomi	http://search.mi.com:8080/
-927895498	xiaomi	http://service.order.mi.com/
-927895498	xiaomi	http://sg.app.men.mi.com/
-927895498	xiaomi	http://sg.backend.mi.com/
-927895498	xiaomi	http://shopping.zb.mi.com/
-927895498	xiaomi	http://static.g.mi.com/
-927895498	xiaomi	http://static01.global.mi.com/
-927895498	xiaomi	http://static02.global.mi.com/
-927895498	xiaomi	http://store.mi.com/
-927895498	xiaomi	http://weixin.zb.mi.com/
-927895498	xiaomi	http://wx.men.mi.com/
-927895498	xiaomi	http://xiaomishare.mi.com/
-927895498	xiaomi	http://zbpay.zb.mi.com/
-927895498	xiaomi	https://activity.zb.mi.com/
-927895498	xiaomi	https://app.men.mi.com/
-927895498	xiaomi	https://buy.mi.com/
-927895498	xiaomi	https://c1.cloud.mi.com/
-927895498	xiaomi	https://cart.mi.com/
-927895498	xiaomi	https://cnbj1.fds.api.xiaomi.com/
-927895498	xiaomi	https://coda.live.mi.com/
-927895498	xiaomi	https://code.mi.com/
-927895498	xiaomi	https://comment.huodong.mi.com/
-927895498	xiaomi	https://demo.live.mi.com/
-927895498	xiaomi	https://dms.mi.com/
-927895498	xiaomi	https://gmq.miquery.it.mi.com/
-927895498	xiaomi	https://hd.c.mi.com/
-927895498	xiaomi	https://hd.global.mi.com/
-927895498	xiaomi	https://i.huodong.mi.com/
-927895498	xiaomi	https://in-hd.c.mi.com/
-927895498	xiaomi	https://in.app.men.mi.com/
-927895498	xiaomi	https://in.backend.mi.com/
-927895498	xiaomi	https://in.dms.mi.com/
-927895498	xiaomi	https://in.oms.men.mi.com/
-927895498	xiaomi	https://in.pos.d.mi.com/
-927895498	xiaomi	https://kenny.mgp.mi.com/
-927895498	xiaomi	https://list.mi.com/
-927895498	xiaomi	https://live.mi.com/
-927895498	xiaomi	https://mina.mi.com/
-927895498	xiaomi	https://my.mi.com/
-927895498	xiaomi	https://oms.men.mi.com/
-927895498	xiaomi	https://order.mi.com/
-927895498	xiaomi	https://owapp.zb.mi.com/
-927895498	xiaomi	https://p.dun.mi.com/
-927895498	xiaomi	https://paytm.live.mi.com/
-927895498	xiaomi	https://ru-hd.c.mi.com/
-927895498	xiaomi	https://ru.backend.mi.com/
-927895498	xiaomi	https://ru.buy.mi.com/
-927895498	xiaomi	https://s1.zb.mi.com/
-927895498	xiaomi	https://sc.bl.g.mi.com/
-927895498	xiaomi	https://search.mi.com/
-927895498	xiaomi	https://service.order.mi.com/
-927895498	xiaomi	https://sg.app.men.mi.com/
-927895498	xiaomi	https://sg.backend.mi.com/
-927895498	xiaomi	https://sg.oms.men.mi.com/
-927895498	xiaomi	https://site.static.g.mi.com/
-927895498	xiaomi	https://static.g.mi.com/
-927895498	xiaomi	https://static01.global.mi.com/
-927895498	xiaomi	https://static02.global.mi.com/
-927895498	xiaomi	https://store.mi.com/
-927895498	xiaomi	https://tv.mi.com/
-927895498	xiaomi	https://tw.mina.mi.com/
-927895498	xiaomi	https://upload.zb.mi.com/
-927895498	xiaomi	https://weixin.zb.mi.com/
-927895498	xiaomi	https://wx.men.mi.com/
-927895498	xiaomi	https://xiaomishare.mi.com/
-927895498	xiaomi	https://zbpay.zb.mi.com/
0	zero byte favicon	http://ad.jr.mi.com/
0	zero byte favicon	http://ai.mi.com/
0	zero byte favicon	http://api.app.mi.com/
0	zero byte favicon	http://api.jr.mi.com/
0	zero byte favicon	http://api.miren.mi.com/
0	zero byte favicon	http://api.youwan.g.mi.com/
0	zero byte favicon	http://app.mi.com/
0	zero byte favicon	http://baoxian.jr.mi.com/
0	zero byte favicon	http://bc.otc.mi.com/
0	zero byte favicon	http://c1.g.mi.com/
0	zero byte favicon	http://c1.g.mi.com:8080/
0	zero byte favicon	http://carwith.link.mi.com/
0	zero byte favicon	http://cc.jr.mi.com/
0	zero byte favicon	http://designer.mi.com/
0	zero byte favicon	http://dev.mi.com/
0	zero byte favicon	http://fgw.otc.mi.com/
0	zero byte favicon	http://global.developer.mi.com/
0	zero byte favicon	http://hk.mibi.mi.com/
0	zero byte favicon	http://in.api.io.mi.com/
0	zero byte favicon	http://ins.api.jr.mi.com/
0	zero byte favicon	http://institution.jr.mi.com/
0	zero byte favicon	http://jr.mi.com/
0	zero byte favicon	http://m.app.mi.com/
0	zero byte favicon	http://m.hk.mibi.mi.com/
0	zero byte favicon	http://m.jr.mi.com/
0	zero byte favicon	http://notify.insurance.jr.mi.com/
0	zero byte favicon	http://open.scf.mi.com/
0	zero byte favicon	http://preview.api.jr.mi.com/
0	zero byte favicon	http://preview.m.jr.mi.com/
0	zero byte favicon	http://s1.g.mi.com/
0	zero byte favicon	http://scf.mi.com/
0	zero byte favicon	http://service.10046.mi.com/
0	zero byte favicon	http://sg.api.io.mi.com/
0	zero byte favicon	http://sgpsdk.mgp.mi.com/
0	zero byte favicon	http://staff.jr.mi.com/
0	zero byte favicon	http://staging.open.scf.mi.com/
0	zero byte favicon	http://t1.g.mi.com/
0	zero byte favicon	http://t1.g.mi.com:8080/
0	zero byte favicon	http://ts.jr.mi.com/
0	zero byte favicon	http://tw.api.io.mi.com/
0	zero byte favicon	http://upgrade.miglass.mi.com/
0	zero byte favicon	http://upload.dev.mi.com/
0	zero byte favicon	http://vr.mi.com/
0	zero byte favicon	http://vr.mi.com:8080/
0	zero byte favicon	http://vr.mi.com:8081/
0	zero byte favicon	http://watch-appstore.iot.mi.com/
0	zero byte favicon	http://watch.iot.mi.com/
0	zero byte favicon	http://web.softsim.10046.mi.com/
0	zero byte favicon	http://yunhao.10046.mi.com/
0	zero byte favicon	https://account.mi.com/
0	zero byte favicon	https://ad.jr.mi.com/
0	zero byte favicon	https://ai.mi.com/
0	zero byte favicon	https://api.app.mi.com/
0	zero byte favicon	https://api.jr.mi.com/
0	zero byte favicon	https://api.miren.mi.com/
0	zero byte favicon	https://api.youwan.g.mi.com/
0	zero byte favicon	https://app.mi.com/
0	zero byte favicon	https://baoxian.jr.mi.com/
0	zero byte favicon	https://bc.otc.mi.com/
0	zero byte favicon	https://c.id.mi.com/
0	zero byte favicon	https://c1.g.mi.com/
0	zero byte favicon	https://c1.g.mi.com:10443/
0	zero byte favicon	https://carwith.link.mi.com/
0	zero byte favicon	https://cc.jr.mi.com/
0	zero byte favicon	https://dev.mi.com/
0	zero byte favicon	https://fgw.otc.mi.com/
0	zero byte favicon	https://global.developer.mi.com/
0	zero byte favicon	https://hk.mibi.mi.com/
0	zero byte favicon	https://hlth.io.mi.com/
0	zero byte favicon	https://in.api.io.mi.com/
0	zero byte favicon	https://institution.jr.mi.com/
0	zero byte favicon	https://jr.mi.com/
0	zero byte favicon	https://m.app.mi.com/
0	zero byte favicon	https://m.hk.mibi.mi.com/
0	zero byte favicon	https://m.jr.mi.com/
0	zero byte favicon	https://notify.insurance.jr.mi.com/
0	zero byte favicon	https://pay.jr.mi.com/
0	zero byte favicon	https://preview.api.jr.mi.com/
0	zero byte favicon	https://scf.mi.com/
0	zero byte favicon	https://sg.api.io.mi.com/
0	zero byte favicon	https://sgpsdk.mgp.mi.com/
0	zero byte favicon	https://st.api.io.mi.com/
0	zero byte favicon	https://staff.jr.mi.com/
0	zero byte favicon	https://staging.open.scf.mi.com/
0	zero byte favicon	https://t1.g.mi.com/
0	zero byte favicon	https://trust.miot.10046.mi.com/
0	zero byte favicon	https://ts.jr.mi.com/
0	zero byte favicon	https://tw.api.io.mi.com/
0	zero byte favicon	https://upgrade.miglass.mi.com/
0	zero byte favicon	https://upload.dev.mi.com/
0	zero byte favicon	https://vr.mi.com/
0	zero byte favicon	https://watch-appstore.iot.mi.com/
0	zero byte favicon	https://watch.iot.mi.com/
0	zero byte favicon	https://web.softsim.10046.mi.com/
0	zero byte favicon	https://yunhao.10046.mi.com/
116323821	springboot	http://api.pinshang.mi.com/
116323821	springboot	http://callback.mier.mi.com/
116323821	springboot	http://camera.api.io.mi.com/
116323821	springboot	http://cmcc.mina.mi.com/
116323821	springboot	http://gmq.miquery.it.mi.com/
116323821	springboot	http://in.lis.be.mi.com/
116323821	springboot	http://in.miquery.ind.mi.com/
116323821	springboot	http://in.mismart.mi.com/
116323821	springboot	http://in.mismart.pre.mi.com/
116323821	springboot	http://lbs.mina.mi.com/
116323821	springboot	http://market.mi.com/
116323821	springboot	http://order.xg.g.mi.com/
116323821	springboot	http://pinshang.mi.com/
116323821	springboot	http://skillstore.mina.mi.com/
116323821	springboot	http://sso.pc.mi.com/
116323821	springboot	https://api.pinshang.mi.com/
116323821	springboot	https://business.smartcamera.api.io.mi.com/
116323821	springboot	https://callback.mier.mi.com/
116323821	springboot	https://camera.api.io.mi.com/
116323821	springboot	https://de.business.smartcamera.api.io.mi.com/
116323821	springboot	https://de.processor.smartcamera.api.io.mi.com/
116323821	springboot	https://gmq.miquery.it.mi.com/
116323821	springboot	https://hd.mina.mi.com/
116323821	springboot	https://i2.business.smartcamera.api.io.mi.com/
116323821	springboot	https://i2.processor.smartcamera.api.io.mi.com/
116323821	springboot	https://in.business.smartcamera.api.io.mi.com/
116323821	springboot	https://in.lis.be.mi.com/
116323821	springboot	https://in.miquery.ind.mi.com/
116323821	springboot	https://in.mismart.mi.com/
116323821	springboot	https://in.mismart.pre.mi.com/
116323821	springboot	https://in.processor.smartcamera.api.io.mi.com/
116323821	springboot	https://market.mi.com/
116323821	springboot	https://pinshang.mi.com/
116323821	springboot	https://processor.smartcamera.api.io.mi.com/
116323821	springboot	https://ru.business.smartcamera.api.io.mi.com/
116323821	springboot	https://ru.processor.smartcamera.api.io.mi.com/
116323821	springboot	https://sg.business.smartcamera.api.io.mi.com/
116323821	springboot	https://sg.processor.smartcamera.api.io.mi.com/
116323821	springboot	https://skillstore.mina.mi.com/
116323821	springboot	https://tw.business.smartcamera.api.io.mi.com/
116323821	springboot	https://tw.processor.smartcamera.api.io.mi.com/
116323821	springboot	https://us.business.smartcamera.api.io.mi.com/
116323821	springboot	https://us.processor.smartcamera.api.io.mi.com/
5c86ac7d198a3f67f96e859f58cd1b51	xiaomi	http://activity.zb.mi.com/
5c86ac7d198a3f67f96e859f58cd1b51	xiaomi	http://app.men.mi.com/
5c86ac7d198a3f67f96e859f58cd1b51	xiaomi	http://buy.mi.com/
5c86ac7d198a3f67f96e859f58cd1b51	xiaomi	http://cart.mi.com/
5c86ac7d198a3f67f96e859f58cd1b51	xiaomi	http://code.mi.com/
5c86ac7d198a3f67f96e859f58cd1b51	xiaomi	http://comment.huodong.mi.com/
5c86ac7d198a3f67f96e859f58cd1b51	xiaomi	http://dms.mi.com/
5c86ac7d198a3f67f96e859f58cd1b51	xiaomi	http://eco-staging.cloud.mi.com/
5c86ac7d198a3f67f96e859f58cd1b51	xiaomi	http://err.www.mi.com/
5c86ac7d198a3f67f96e859f58cd1b51	xiaomi	http://hd.c.mi.com/
5c86ac7d198a3f67f96e859f58cd1b51	xiaomi	http://hd.global.mi.com/
5c86ac7d198a3f67f96e859f58cd1b51	xiaomi	http://i.huodong.mi.com/
5c86ac7d198a3f67f96e859f58cd1b51	xiaomi	http://in.app.men.mi.com/
5c86ac7d198a3f67f96e859f58cd1b51	xiaomi	http://in.backend.mi.com/
5c86ac7d198a3f67f96e859f58cd1b51	xiaomi	http://in.dms.mi.com/
5c86ac7d198a3f67f96e859f58cd1b51	xiaomi	http://item.mi.com/
5c86ac7d198a3f67f96e859f58cd1b51	xiaomi	http://kenny.mgp.mi.com/
5c86ac7d198a3f67f96e859f58cd1b51	xiaomi	http://list.mi.com/
5c86ac7d198a3f67f96e859f58cd1b51	xiaomi	http://list.mi.com:8080/
5c86ac7d198a3f67f96e859f58cd1b51	xiaomi	http://live.mi.com/
5c86ac7d198a3f67f96e859f58cd1b51	xiaomi	http://mina.mi.com/
5c86ac7d198a3f67f96e859f58cd1b51	xiaomi	http://mishare.mi.com/
5c86ac7d198a3f67f96e859f58cd1b51	xiaomi	http://my.mi.com/
5c86ac7d198a3f67f96e859f58cd1b51	xiaomi	http://oms.men.mi.com/
5c86ac7d198a3f67f96e859f58cd1b51	xiaomi	http://order.mi.com/
5c86ac7d198a3f67f96e859f58cd1b51	xiaomi	http://owapp.zb.mi.com/
5c86ac7d198a3f67f96e859f58cd1b51	xiaomi	http://p.dun.mi.com/
5c86ac7d198a3f67f96e859f58cd1b51	xiaomi	http://paytm.live.mi.com/
5c86ac7d198a3f67f96e859f58cd1b51	xiaomi	http://ru.backend.mi.com/
5c86ac7d198a3f67f96e859f58cd1b51	xiaomi	http://ru.buy.mi.com/
5c86ac7d198a3f67f96e859f58cd1b51	xiaomi	http://s1.zb.mi.com/
5c86ac7d198a3f67f96e859f58cd1b51	xiaomi	http://sc.bl.g.mi.com/
5c86ac7d198a3f67f96e859f58cd1b51	xiaomi	http://search.mi.com/
5c86ac7d198a3f67f96e859f58cd1b51	xiaomi	http://search.mi.com:8080/
5c86ac7d198a3f67f96e859f58cd1b51	xiaomi	http://service.order.mi.com/
5c86ac7d198a3f67f96e859f58cd1b51	xiaomi	http://sg.app.men.mi.com/
5c86ac7d198a3f67f96e859f58cd1b51	xiaomi	http://sg.backend.mi.com/
5c86ac7d198a3f67f96e859f58cd1b51	xiaomi	http://shopping.zb.mi.com/
5c86ac7d198a3f67f96e859f58cd1b51	xiaomi	http://static.g.mi.com/
5c86ac7d198a3f67f96e859f58cd1b51	xiaomi	http://static01.global.mi.com/
5c86ac7d198a3f67f96e859f58cd1b51	xiaomi	http://static02.global.mi.com/
5c86ac7d198a3f67f96e859f58cd1b51	xiaomi	http://store.mi.com/
5c86ac7d198a3f67f96e859f58cd1b51	xiaomi	http://weixin.zb.mi.com/
5c86ac7d198a3f67f96e859f58cd1b51	xiaomi	http://wx.men.mi.com/
5c86ac7d198a3f67f96e859f58cd1b51	xiaomi	http://xiaomishare.mi.com/
5c86ac7d198a3f67f96e859f58cd1b51	xiaomi	http://zbpay.zb.mi.com/
5c86ac7d198a3f67f96e859f58cd1b51	xiaomi	https://activity.zb.mi.com/
5c86ac7d198a3f67f96e859f58cd1b51	xiaomi	https://app.men.mi.com/
5c86ac7d198a3f67f96e859f58cd1b51	xiaomi	https://buy.mi.com/
5c86ac7d198a3f67f96e859f58cd1b51	xiaomi	https://c1.cloud.mi.com/
5c86ac7d198a3f67f96e859f58cd1b51	xiaomi	https://cart.mi.com/
5c86ac7d198a3f67f96e859f58cd1b51	xiaomi	https://cnbj1.fds.api.xiaomi.com/
5c86ac7d198a3f67f96e859f58cd1b51	xiaomi	https://coda.live.mi.com/
5c86ac7d198a3f67f96e859f58cd1b51	xiaomi	https://code.mi.com/
5c86ac7d198a3f67f96e859f58cd1b51	xiaomi	https://comment.huodong.mi.com/
5c86ac7d198a3f67f96e859f58cd1b51	xiaomi	https://demo.live.mi.com/
5c86ac7d198a3f67f96e859f58cd1b51	xiaomi	https://dms.mi.com/
5c86ac7d198a3f67f96e859f58cd1b51	xiaomi	https://gmq.miquery.it.mi.com/
5c86ac7d198a3f67f96e859f58cd1b51	xiaomi	https://hd.c.mi.com/
5c86ac7d198a3f67f96e859f58cd1b51	xiaomi	https://hd.global.mi.com/
5c86ac7d198a3f67f96e859f58cd1b51	xiaomi	https://i.huodong.mi.com/
5c86ac7d198a3f67f96e859f58cd1b51	xiaomi	https://in-hd.c.mi.com/
5c86ac7d198a3f67f96e859f58cd1b51	xiaomi	https://in.app.men.mi.com/
5c86ac7d198a3f67f96e859f58cd1b51	xiaomi	https://in.backend.mi.com/
5c86ac7d198a3f67f96e859f58cd1b51	xiaomi	https://in.dms.mi.com/
5c86ac7d198a3f67f96e859f58cd1b51	xiaomi	https://in.oms.men.mi.com/
5c86ac7d198a3f67f96e859f58cd1b51	xiaomi	https://in.pos.d.mi.com/
5c86ac7d198a3f67f96e859f58cd1b51	xiaomi	https://kenny.mgp.mi.com/
5c86ac7d198a3f67f96e859f58cd1b51	xiaomi	https://list.mi.com/
5c86ac7d198a3f67f96e859f58cd1b51	xiaomi	https://live.mi.com/
5c86ac7d198a3f67f96e859f58cd1b51	xiaomi	https://mina.mi.com/
5c86ac7d198a3f67f96e859f58cd1b51	xiaomi	https://my.mi.com/
5c86ac7d198a3f67f96e859f58cd1b51	xiaomi	https://oms.men.mi.com/
5c86ac7d198a3f67f96e859f58cd1b51	xiaomi	https://order.mi.com/
5c86ac7d198a3f67f96e859f58cd1b51	xiaomi	https://owapp.zb.mi.com/
5c86ac7d198a3f67f96e859f58cd1b51	xiaomi	https://p.dun.mi.com/
5c86ac7d198a3f67f96e859f58cd1b51	xiaomi	https://paytm.live.mi.com/
5c86ac7d198a3f67f96e859f58cd1b51	xiaomi	https://ru-hd.c.mi.com/
5c86ac7d198a3f67f96e859f58cd1b51	xiaomi	https://ru.backend.mi.com/
5c86ac7d198a3f67f96e859f58cd1b51	xiaomi	https://ru.buy.mi.com/
5c86ac7d198a3f67f96e859f58cd1b51	xiaomi	https://s1.zb.mi.com/
5c86ac7d198a3f67f96e859f58cd1b51	xiaomi	https://sc.bl.g.mi.com/
5c86ac7d198a3f67f96e859f58cd1b51	xiaomi	https://search.mi.com/
5c86ac7d198a3f67f96e859f58cd1b51	xiaomi	https://service.order.mi.com/
5c86ac7d198a3f67f96e859f58cd1b51	xiaomi	https://sg.app.men.mi.com/
5c86ac7d198a3f67f96e859f58cd1b51	xiaomi	https://sg.backend.mi.com/
5c86ac7d198a3f67f96e859f58cd1b51	xiaomi	https://sg.oms.men.mi.com/
5c86ac7d198a3f67f96e859f58cd1b51	xiaomi	https://site.static.g.mi.com/
5c86ac7d198a3f67f96e859f58cd1b51	xiaomi	https://static.g.mi.com/
5c86ac7d198a3f67f96e859f58cd1b51	xiaomi	https://static01.global.mi.com/
5c86ac7d198a3f67f96e859f58cd1b51	xiaomi	https://static02.global.mi.com/
5c86ac7d198a3f67f96e859f58cd1b51	xiaomi	https://store.mi.com/
5c86ac7d198a3f67f96e859f58cd1b51	xiaomi	https://tv.mi.com/
5c86ac7d198a3f67f96e859f58cd1b51	xiaomi	https://tw.mina.mi.com/
5c86ac7d198a3f67f96e859f58cd1b51	xiaomi	https://upload.zb.mi.com/
5c86ac7d198a3f67f96e859f58cd1b51	xiaomi	https://weixin.zb.mi.com/
5c86ac7d198a3f67f96e859f58cd1b51	xiaomi	https://wx.men.mi.com/
5c86ac7d198a3f67f96e859f58cd1b51	xiaomi	https://xiaomishare.mi.com/
5c86ac7d198a3f67f96e859f58cd1b51	xiaomi	https://zbpay.zb.mi.com/
d41d8cd98f00b204e9800998ecf8427e	zero byte favicon	http://ad.jr.mi.com/
d41d8cd98f00b204e9800998ecf8427e	zero byte favicon	http://ai.mi.com/
d41d8cd98f00b204e9800998ecf8427e	zero byte favicon	http://api.app.mi.com/
d41d8cd98f00b204e9800998ecf8427e	zero byte favicon	http://api.jr.mi.com/
d41d8cd98f00b204e9800998ecf8427e	zero byte favicon	http://api.miren.mi.com/
d41d8cd98f00b204e9800998ecf8427e	zero byte favicon	http://api.youwan.g.mi.com/
d41d8cd98f00b204e9800998ecf8427e	zero byte favicon	http://app.mi.com/
d41d8cd98f00b204e9800998ecf8427e	zero byte favicon	http://baoxian.jr.mi.com/
d41d8cd98f00b204e9800998ecf8427e	zero byte favicon	http://bc.otc.mi.com/
d41d8cd98f00b204e9800998ecf8427e	zero byte favicon	http://c1.g.mi.com/
d41d8cd98f00b204e9800998ecf8427e	zero byte favicon	http://c1.g.mi.com:8080/
d41d8cd98f00b204e9800998ecf8427e	zero byte favicon	http://carwith.link.mi.com/
d41d8cd98f00b204e9800998ecf8427e	zero byte favicon	http://cc.jr.mi.com/
d41d8cd98f00b204e9800998ecf8427e	zero byte favicon	http://designer.mi.com/
d41d8cd98f00b204e9800998ecf8427e	zero byte favicon	http://dev.mi.com/
d41d8cd98f00b204e9800998ecf8427e	zero byte favicon	http://fgw.otc.mi.com/
d41d8cd98f00b204e9800998ecf8427e	zero byte favicon	http://global.developer.mi.com/
d41d8cd98f00b204e9800998ecf8427e	zero byte favicon	http://hk.mibi.mi.com/
d41d8cd98f00b204e9800998ecf8427e	zero byte favicon	http://in.api.io.mi.com/
d41d8cd98f00b204e9800998ecf8427e	zero byte favicon	http://ins.api.jr.mi.com/
d41d8cd98f00b204e9800998ecf8427e	zero byte favicon	http://institution.jr.mi.com/
d41d8cd98f00b204e9800998ecf8427e	zero byte favicon	http://jr.mi.com/
d41d8cd98f00b204e9800998ecf8427e	zero byte favicon	http://m.app.mi.com/
d41d8cd98f00b204e9800998ecf8427e	zero byte favicon	http://m.hk.mibi.mi.com/
d41d8cd98f00b204e9800998ecf8427e	zero byte favicon	http://m.jr.mi.com/
d41d8cd98f00b204e9800998ecf8427e	zero byte favicon	http://notify.insurance.jr.mi.com/
d41d8cd98f00b204e9800998ecf8427e	zero byte favicon	http://open.scf.mi.com/
d41d8cd98f00b204e9800998ecf8427e	zero byte favicon	http://preview.api.jr.mi.com/
d41d8cd98f00b204e9800998ecf8427e	zero byte favicon	http://preview.m.jr.mi.com/
d41d8cd98f00b204e9800998ecf8427e	zero byte favicon	http://s1.g.mi.com/
d41d8cd98f00b204e9800998ecf8427e	zero byte favicon	http://scf.mi.com/
d41d8cd98f00b204e9800998ecf8427e	zero byte favicon	http://service.10046.mi.com/
d41d8cd98f00b204e9800998ecf8427e	zero byte favicon	http://sg.api.io.mi.com/
d41d8cd98f00b204e9800998ecf8427e	zero byte favicon	http://sgpsdk.mgp.mi.com/
d41d8cd98f00b204e9800998ecf8427e	zero byte favicon	http://staff.jr.mi.com/
d41d8cd98f00b204e9800998ecf8427e	zero byte favicon	http://staging.open.scf.mi.com/
d41d8cd98f00b204e9800998ecf8427e	zero byte favicon	http://t1.g.mi.com/
d41d8cd98f00b204e9800998ecf8427e	zero byte favicon	http://t1.g.mi.com:8080/
d41d8cd98f00b204e9800998ecf8427e	zero byte favicon	http://ts.jr.mi.com/
d41d8cd98f00b204e9800998ecf8427e	zero byte favicon	http://tw.api.io.mi.com/
d41d8cd98f00b204e9800998ecf8427e	zero byte favicon	http://upgrade.miglass.mi.com/
d41d8cd98f00b204e9800998ecf8427e	zero byte favicon	http://upload.dev.mi.com/
d41d8cd98f00b204e9800998ecf8427e	zero byte favicon	http://vr.mi.com/
d41d8cd98f00b204e9800998ecf8427e	zero byte favicon	http://vr.mi.com:8080/
d41d8cd98f00b204e9800998ecf8427e	zero byte favicon	http://vr.mi.com:8081/
d41d8cd98f00b204e9800998ecf8427e	zero byte favicon	http://watch-appstore.iot.mi.com/
d41d8cd98f00b204e9800998ecf8427e	zero byte favicon	http://watch.iot.mi.com/
d41d8cd98f00b204e9800998ecf8427e	zero byte favicon	http://web.softsim.10046.mi.com/
d41d8cd98f00b204e9800998ecf8427e	zero byte favicon	http://yunhao.10046.mi.com/
d41d8cd98f00b204e9800998ecf8427e	zero byte favicon	https://account.mi.com/
d41d8cd98f00b204e9800998ecf8427e	zero byte favicon	https://ad.jr.mi.com/
d41d8cd98f00b204e9800998ecf8427e	zero byte favicon	https://ai.mi.com/
d41d8cd98f00b204e9800998ecf8427e	zero byte favicon	https://api.app.mi.com/
d41d8cd98f00b204e9800998ecf8427e	zero byte favicon	https://api.jr.mi.com/
d41d8cd98f00b204e9800998ecf8427e	zero byte favicon	https://api.miren.mi.com/
d41d8cd98f00b204e9800998ecf8427e	zero byte favicon	https://api.youwan.g.mi.com/
d41d8cd98f00b204e9800998ecf8427e	zero byte favicon	https://app.mi.com/
d41d8cd98f00b204e9800998ecf8427e	zero byte favicon	https://baoxian.jr.mi.com/
d41d8cd98f00b204e9800998ecf8427e	zero byte favicon	https://bc.otc.mi.com/
d41d8cd98f00b204e9800998ecf8427e	zero byte favicon	https://c.id.mi.com/
d41d8cd98f00b204e9800998ecf8427e	zero byte favicon	https://c1.g.mi.com/
d41d8cd98f00b204e9800998ecf8427e	zero byte favicon	https://c1.g.mi.com:10443/
d41d8cd98f00b204e9800998ecf8427e	zero byte favicon	https://carwith.link.mi.com/
d41d8cd98f00b204e9800998ecf8427e	zero byte favicon	https://cc.jr.mi.com/
d41d8cd98f00b204e9800998ecf8427e	zero byte favicon	https://dev.mi.com/
d41d8cd98f00b204e9800998ecf8427e	zero byte favicon	https://fgw.otc.mi.com/
d41d8cd98f00b204e9800998ecf8427e	zero byte favicon	https://global.developer.mi.com/
d41d8cd98f00b204e9800998ecf8427e	zero byte favicon	https://hk.mibi.mi.com/
d41d8cd98f00b204e9800998ecf8427e	zero byte favicon	https://hlth.io.mi.com/
d41d8cd98f00b204e9800998ecf8427e	zero byte favicon	https://in.api.io.mi.com/
d41d8cd98f00b204e9800998ecf8427e	zero byte favicon	https://institution.jr.mi.com/
d41d8cd98f00b204e9800998ecf8427e	zero byte favicon	https://jr.mi.com/
d41d8cd98f00b204e9800998ecf8427e	zero byte favicon	https://m.app.mi.com/
d41d8cd98f00b204e9800998ecf8427e	zero byte favicon	https://m.hk.mibi.mi.com/
d41d8cd98f00b204e9800998ecf8427e	zero byte favicon	https://m.jr.mi.com/
d41d8cd98f00b204e9800998ecf8427e	zero byte favicon	https://notify.insurance.jr.mi.com/
d41d8cd98f00b204e9800998ecf8427e	zero byte favicon	https://pay.jr.mi.com/
d41d8cd98f00b204e9800998ecf8427e	zero byte favicon	https://preview.api.jr.mi.com/
d41d8cd98f00b204e9800998ecf8427e	zero byte favicon	https://scf.mi.com/
d41d8cd98f00b204e9800998ecf8427e	zero byte favicon	https://sg.api.io.mi.com/
d41d8cd98f00b204e9800998ecf8427e	zero byte favicon	https://sgpsdk.mgp.mi.com/
d41d8cd98f00b204e9800998ecf8427e	zero byte favicon	https://st.api.io.mi.com/
d41d8cd98f00b204e9800998ecf8427e	zero byte favicon	https://staff.jr.mi.com/
d41d8cd98f00b204e9800998ecf8427e	zero byte favicon	https://staging.open.scf.mi.com/
d41d8cd98f00b204e9800998ecf8427e	zero byte favicon	https://t1.g.mi.com/
d41d8cd98f00b204e9800998ecf8427e	zero byte favicon	https://trust.miot.10046.mi.com/
d41d8cd98f00b204e9800998ecf8427e	zero byte favicon	https://ts.jr.mi.com/
d41d8cd98f00b204e9800998ecf8427e	zero byte favicon	https://tw.api.io.mi.com/
d41d8cd98f00b204e9800998ecf8427e	zero byte favicon	https://upgrade.miglass.mi.com/
d41d8cd98f00b204e9800998ecf8427e	zero byte favicon	https://upload.dev.mi.com/
d41d8cd98f00b204e9800998ecf8427e	zero byte favicon	https://vr.mi.com/
d41d8cd98f00b204e9800998ecf8427e	zero byte favicon	https://watch-appstore.iot.mi.com/
d41d8cd98f00b204e9800998ecf8427e	zero byte favicon	https://watch.iot.mi.com/
d41d8cd98f00b204e9800998ecf8427e	zero byte favicon	https://web.softsim.10046.mi.com/
d41d8cd98f00b204e9800998ecf8427e	zero byte favicon	https://yunhao.10046.mi.com/
e71ed563d9c0742ee87ad93ec1a22238	springboot	http://api.pinshang.mi.com/
e71ed563d9c0742ee87ad93ec1a22238	springboot	http://callback.mier.mi.com/
e71ed563d9c0742ee87ad93ec1a22238	springboot	http://camera.api.io.mi.com/
e71ed563d9c0742ee87ad93ec1a22238	springboot	http://cmcc.mina.mi.com/
e71ed563d9c0742ee87ad93ec1a22238	springboot	http://gmq.miquery.it.mi.com/
e71ed563d9c0742ee87ad93ec1a22238	springboot	http://in.lis.be.mi.com/
e71ed563d9c0742ee87ad93ec1a22238	springboot	http://in.miquery.ind.mi.com/
e71ed563d9c0742ee87ad93ec1a22238	springboot	http://in.mismart.mi.com/
e71ed563d9c0742ee87ad93ec1a22238	springboot	http://in.mismart.pre.mi.com/
e71ed563d9c0742ee87ad93ec1a22238	springboot	http://lbs.mina.mi.com/
e71ed563d9c0742ee87ad93ec1a22238	springboot	http://market.mi.com/
e71ed563d9c0742ee87ad93ec1a22238	springboot	http://order.xg.g.mi.com/
e71ed563d9c0742ee87ad93ec1a22238	springboot	http://pinshang.mi.com/
e71ed563d9c0742ee87ad93ec1a22238	springboot	http://skillstore.mina.mi.com/
e71ed563d9c0742ee87ad93ec1a22238	springboot	http://sso.pc.mi.com/
e71ed563d9c0742ee87ad93ec1a22238	springboot	https://api.pinshang.mi.com/
e71ed563d9c0742ee87ad93ec1a22238	springboot	https://business.smartcamera.api.io.mi.com/
e71ed563d9c0742ee87ad93ec1a22238	springboot	https://callback.mier.mi.com/
e71ed563d9c0742ee87ad93ec1a22238	springboot	https://camera.api.io.mi.com/
e71ed563d9c0742ee87ad93ec1a22238	springboot	https://de.business.smartcamera.api.io.mi.com/
e71ed563d9c0742ee87ad93ec1a22238	springboot	https://de.processor.smartcamera.api.io.mi.com/
e71ed563d9c0742ee87ad93ec1a22238	springboot	https://gmq.miquery.it.mi.com/
e71ed563d9c0742ee87ad93ec1a22238	springboot	https://hd.mina.mi.com/
e71ed563d9c0742ee87ad93ec1a22238	springboot	https://i2.business.smartcamera.api.io.mi.com/
e71ed563d9c0742ee87ad93ec1a22238	springboot	https://i2.processor.smartcamera.api.io.mi.com/
e71ed563d9c0742ee87ad93ec1a22238	springboot	https://in.business.smartcamera.api.io.mi.com/
e71ed563d9c0742ee87ad93ec1a22238	springboot	https://in.lis.be.mi.com/
e71ed563d9c0742ee87ad93ec1a22238	springboot	https://in.miquery.ind.mi.com/
e71ed563d9c0742ee87ad93ec1a22238	springboot	https://in.mismart.mi.com/
e71ed563d9c0742ee87ad93ec1a22238	springboot	https://in.mismart.pre.mi.com/
e71ed563d9c0742ee87ad93ec1a22238	springboot	https://in.processor.smartcamera.api.io.mi.com/
e71ed563d9c0742ee87ad93ec1a22238	springboot	https://market.mi.com/
e71ed563d9c0742ee87ad93ec1a22238	springboot	https://pinshang.mi.com/
e71ed563d9c0742ee87ad93ec1a22238	springboot	https://processor.smartcamera.api.io.mi.com/
e71ed563d9c0742ee87ad93ec1a22238	springboot	https://ru.business.smartcamera.api.io.mi.com/
e71ed563d9c0742ee87ad93ec1a22238	springboot	https://ru.processor.smartcamera.api.io.mi.com/
e71ed563d9c0742ee87ad93ec1a22238	springboot	https://sg.business.smartcamera.api.io.mi.com/
e71ed563d9c0742ee87ad93ec1a22238	springboot	https://sg.processor.smartcamera.api.io.mi.com/
e71ed563d9c0742ee87ad93ec1a22238	springboot	https://skillstore.mina.mi.com/
e71ed563d9c0742ee87ad93ec1a22238	springboot	https://tw.business.smartcamera.api.io.mi.com/
e71ed563d9c0742ee87ad93ec1a22238	springboot	https://tw.processor.smartcamera.api.io.mi.com/
e71ed563d9c0742ee87ad93ec1a22238	springboot	https://us.business.smartcamera.api.io.mi.com/
e71ed563d9c0742ee87ad93ec1a22238	springboot	https://us.processor.smartcamera.api.io.mi.com/
