0	zero byte favicon	http://app-activity-integration.shopifycloud.com/
0	zero byte favicon	http://apple-business-chat-commerce.shopifycloud.com/
0	zero byte favicon	http://apple-business-chat-commerce-staging.shopifycloud.com/
0	zero byte favicon	http://app-m2m-test-prod.shopifycloud.com/
0	zero byte favicon	http://arrive-server.shopifycloud.com/
0	zero byte favicon	http://arrive-website.shopifycloud.com/
0	zero byte favicon	http://athena.shopifycloud.com/
0	zero byte favicon	http://athena-staging.shopifycloud.com/
0	zero byte favicon	http://atlas.shopifycloud.com/
0	zero byte favicon	http://atlas-staging.shopifycloud.com/
0	zero byte favicon	http://blacklisted-credentials-service.shopifycloud.com/
0	zero byte favicon	http://bladerunner.shopifycloud.com/
0	zero byte favicon	http://bladerunner-staging.shopifycloud.com/
0	zero byte favicon	http://bloodhound.shopifycloud.com/
0	zero byte favicon	http://bloodhound-staging-scylla.shopifycloud.com/
0	zero byte favicon	http://bloodhound-staging.shopifycloud.com/
0	zero byte favicon	http://bogus-marketplace-app.shopifycloud.com/
0	zero byte favicon	http://brochure2.shopifycloud.com/
0	zero byte favicon	http://brochure2-tier2-central.shopifycloud.com/
0	zero byte favicon	http://brochure2-tier2.shopifycloud.com/
0	zero byte favicon	http://business-platform.shopifycloud.com/
0	zero byte favicon	http://buy-button.shopifycloud.com/
0	zero byte favicon	http://buy-button-staging.shopifycloud.com/
0	zero byte favicon	http://channel-m2m-test-prod.shopifycloud.com/
0	zero byte favicon	http://cla.shopifycloud.com/
0	zero byte favicon	http://cluster-registry.shopifycloud.com/
0	zero byte favicon	http://clusters.shopifycloud.com/
0	zero byte favicon	http://clusters-staging.shopifycloud.com/
0	zero byte favicon	http://compass.shopifycloud.com/
0	zero byte favicon	http://country-service.shopifycloud.com/
0	zero byte favicon	http://cross-sell-app.shopifycloud.com/
0	zero byte favicon	http://curated-commerce-curator.shopifycloud.com/
0	zero byte favicon	http://curated-commerce-curator-staging.shopifycloud.com/
0	zero byte favicon	http://curated-commerce.shopifycloud.com/
0	zero byte favicon	http://curated-commerce-staging.shopifycloud.com/
0	zero byte favicon	http://custom-plus-sla.shopifycloud.com/
0	zero byte favicon	http://data-stories-website.shopifycloud.com/
0	zero byte favicon	http://deliveries.shopifycloud.com/
0	zero byte favicon	http://delivery-promise.shopifycloud.com/
0	zero byte favicon	http://devicemanager.shopifycloud.com/
0	zero byte favicon	http://discovery-app-staging.shopifycloud.com/
0	zero byte favicon	http://domain-suggestion-api-two.shopifycloud.com/
0	zero byte favicon	http://domain-suggestion-api-two-staging.shopifycloud.com/
0	zero byte favicon	http://email.shopifycloud.com/
0	zero byte favicon	http://email-staging.shopifycloud.com/
0	zero byte favicon	http://empowered-by-shopify.shopifycloud.com/
0	zero byte favicon	http://empowered-by-shopify-staging.shopifycloud.com/
0	zero byte favicon	http://expansion-tool.shopifycloud.com/
0	zero byte favicon	http://facebook-ads.shopifycloud.com/
0	zero byte favicon	http://facebook-ads-staging2.shopifycloud.com/
0	zero byte favicon	http://facebook-ads-staging.shopifycloud.com/
0	zero byte favicon	http://fauxchure.shopifycloud.com/
0	zero byte favicon	http://flow-connectors-canada.shopifycloud.com/
0	zero byte favicon	http://flow-connectors.shopifycloud.com/
0	zero byte favicon	http://flow-connectors-staging.shopifycloud.com/
0	zero byte favicon	http://forms.shopifycloud.com/
0	zero byte favicon	http://ftf-app.shopifycloud.com/
0	zero byte favicon	http://ftf-app-staging.shopifycloud.com/
0	zero byte favicon	http://fulfillify.shopifycloud.com/
0	zero byte favicon	http://geolocation-proxy.shopifycloud.com/
0	zero byte favicon	http://geolocation-proxy-staging.shopifycloud.com/
0	zero byte favicon	http://geolocation-recommendations.shopifycloud.com/
0	zero byte favicon	http://geolocation-recommendations-staging.shopifycloud.com/
0	zero byte favicon	http://github-certification.shopifycloud.com/
0	zero byte favicon	http://google-shopping.shopifycloud.com/
0	zero byte favicon	http://google-shopping-staging.shopifycloud.com/
0	zero byte favicon	http://graphql-schema-bot.shopifycloud.com/
0	zero byte favicon	http://growth-tools.shopifycloud.com/
0	zero byte favicon	http://hatchful-web-two.shopifycloud.com/
0	zero byte favicon	http://hatchful-web-two-staging.shopifycloud.com/
0	zero byte favicon	http://hs-codes-service.shopifycloud.com/
0	zero byte favicon	http://import-store.shopifycloud.com/
0	zero byte favicon	http://inter-shop-domain-transfer.shopifycloud.com/
0	zero byte favicon	http://launchpad.shopifycloud.com/
0	zero byte favicon	http://launchpad-staging.shopifycloud.com/
0	zero byte favicon	http://launchproduct.shopifycloud.com/
0	zero byte favicon	http://marketing-landing-pages.shopifycloud.com/
0	zero byte favicon	http://marketing-landing-pages-staging.shopifycloud.com/
0	zero byte favicon	http://merchant-acceleration.shopifycloud.com/
0	zero byte favicon	http://merchant-data-warehouse.shopifycloud.com/
0	zero byte favicon	http://merchantlaunch.shopifycloud.com/
0	zero byte favicon	http://merchant-to-merchant-curator-staging.shopifycloud.com/
0	zero byte favicon	http://merchant-to-merchant-staging.shopifycloud.com/
0	zero byte favicon	http://messenger-instagram-backend.shopifycloud.com/
0	zero byte favicon	http://messenger-instagram-backend-staging.shopifycloud.com/
0	zero byte favicon	http://minerva-chatops.shopifycloud.com/
0	zero byte favicon	http://minerva.shopifycloud.com/
0	zero byte favicon	http://minerva-staging.shopifycloud.com/
0	zero byte favicon	http://notebooks-app.shopifycloud.com/
0	zero byte favicon	http://oberlo-growth-tools.shopifycloud.com/
0	zero byte favicon	http://oberlo-shipment-tracking-service.shopifycloud.com/
0	zero byte favicon	http://offset.shopifycloud.com/
0	zero byte favicon	http://parsnip-staging.shopifycloud.com/
0	zero byte favicon	http://pay-staging2.shopifycloud.com/
0	zero byte favicon	http://ping-api.shopifycloud.com/
0	zero byte favicon	http://ping-api-staging.shopifycloud.com/
0	zero byte favicon	http://plus-home.shopifycloud.com/
0	zero byte favicon	http://plus-merchant-onboarding.shopifycloud.com/
0	zero byte favicon	http://pos-channel.shopifycloud.com/
0	zero byte favicon	http://pos-channel-staging-app.shopifycloud.com/
0	zero byte favicon	http://pos-channel-staging.shopifycloud.com/
0	zero byte favicon	http://pos-compliance-server.shopifycloud.com/
0	zero byte favicon	http://pos-compliance-server-staging.shopifycloud.com/
0	zero byte favicon	http://privacy-banner.shopifycloud.com/
0	zero byte favicon	http://privacy-banner-staging.shopifycloud.com/
0	zero byte favicon	http://pursuit2018.shopifycloud.com/
0	zero byte favicon	http://pursuit2018-staging.shopifycloud.com/
0	zero byte favicon	http://remember-me.shopifycloud.com/
0	zero byte favicon	http://remember-me-staging.shopifycloud.com/
0	zero byte favicon	http://retail-labels-printer.shopifycloud.com/
0	zero byte favicon	http://retail-telemetry-proxy.shopifycloud.com/
0	zero byte favicon	http://retail-telemetry-proxy-staging.shopifycloud.com/
0	zero byte favicon	http://return-magic-intranet.shopifycloud.com/
0	zero byte favicon	https://app-activity-integration.shopifycloud.com/
0	zero byte favicon	https://apple-business-chat-commerce.shopifycloud.com/
0	zero byte favicon	https://apple-business-chat-commerce-staging.shopifycloud.com/
0	zero byte favicon	https://app-m2m-test-prod.shopifycloud.com/
0	zero byte favicon	https://arrive-server.shopifycloud.com/
0	zero byte favicon	https://arrive-website.shopifycloud.com/
0	zero byte favicon	https://athena.shopifycloud.com/
0	zero byte favicon	https://athena-staging.shopifycloud.com/
0	zero byte favicon	https://atlas.shopifycloud.com/
0	zero byte favicon	https://atlas-staging.shopifycloud.com/
0	zero byte favicon	http://savage-sign-on-staging.shopifycloud.com/
0	zero byte favicon	https://blacklisted-credentials-service.shopifycloud.com/
0	zero byte favicon	https://bladerunner.shopifycloud.com/
0	zero byte favicon	https://bladerunner-staging.shopifycloud.com/
0	zero byte favicon	https://bloodhound.shopifycloud.com/
0	zero byte favicon	https://bloodhound-staging-scylla.shopifycloud.com/
0	zero byte favicon	https://bloodhound-staging.shopifycloud.com/
0	zero byte favicon	https://bogus-marketplace-app.shopifycloud.com/
0	zero byte favicon	https://brochure2.shopifycloud.com/
0	zero byte favicon	https://brochure2-tier2-central.shopifycloud.com/
0	zero byte favicon	https://brochure2-tier2.shopifycloud.com/
0	zero byte favicon	https://business-platform.shopifycloud.com/
0	zero byte favicon	https://buy-button.shopifycloud.com/
0	zero byte favicon	https://buy-button-staging.shopifycloud.com/
0	zero byte favicon	https://channel-m2m-test-prod.shopifycloud.com/
0	zero byte favicon	https://cla.shopifycloud.com/
0	zero byte favicon	https://cluster-registry.shopifycloud.com/
0	zero byte favicon	https://clusters.shopifycloud.com/
0	zero byte favicon	https://clusters-staging.shopifycloud.com/
0	zero byte favicon	https://compass.shopifycloud.com/
0	zero byte favicon	https://country-service.shopifycloud.com/
0	zero byte favicon	http://script-editor-canada.shopifycloud.com/
0	zero byte favicon	http://script-editor.shopifycloud.com/
0	zero byte favicon	https://cross-sell-app.shopifycloud.com/
0	zero byte favicon	https://curated-commerce-curator.shopifycloud.com/
0	zero byte favicon	https://curated-commerce-curator-staging.shopifycloud.com/
0	zero byte favicon	https://curated-commerce.shopifycloud.com/
0	zero byte favicon	https://curated-commerce-staging.shopifycloud.com/
0	zero byte favicon	https://custom-plus-sla.shopifycloud.com/
0	zero byte favicon	https://data-stories-website.shopifycloud.com/
0	zero byte favicon	https://deliveries.shopifycloud.com/
0	zero byte favicon	https://delivery-promise.shopifycloud.com/
0	zero byte favicon	https://devicemanager.shopifycloud.com/
0	zero byte favicon	https://discovery-app-staging.shopifycloud.com/
0	zero byte favicon	https://domain-suggestion-api-two.shopifycloud.com/
0	zero byte favicon	https://domain-suggestion-api-two-staging.shopifycloud.com/
0	zero byte favicon	https://email.shopifycloud.com/
0	zero byte favicon	https://email-staging.shopifycloud.com/
0	zero byte favicon	https://empowered-by-shopify.shopifycloud.com/
0	zero byte favicon	https://empowered-by-shopify-staging.shopifycloud.com/
0	zero byte favicon	https://expansion-tool.shopifycloud.com/
0	zero byte favicon	https://facebook-ads.shopifycloud.com/
0	zero byte favicon	https://facebook-ads-staging2.shopifycloud.com/
0	zero byte favicon	https://facebook-ads-staging.shopifycloud.com/
0	zero byte favicon	https://fauxchure.shopifycloud.com/
0	zero byte favicon	https://flow-connectors-canada.shopifycloud.com/
0	zero byte favicon	https://flow-connectors.shopifycloud.com/
0	zero byte favicon	https://flow-connectors-staging.shopifycloud.com/
0	zero byte favicon	https://forms.shopifycloud.com/
0	zero byte favicon	https://ftf-app.shopifycloud.com/
0	zero byte favicon	https://ftf-app-staging.shopifycloud.com/
0	zero byte favicon	https://fulfillify.shopifycloud.com/
0	zero byte favicon	https://geolocation-proxy.shopifycloud.com/
0	zero byte favicon	https://geolocation-proxy-staging.shopifycloud.com/
0	zero byte favicon	https://geolocation-recommendations.shopifycloud.com/
0	zero byte favicon	https://geolocation-recommendations-staging.shopifycloud.com/
0	zero byte favicon	https://github-certification.shopifycloud.com/
0	zero byte favicon	https://google-shopping.shopifycloud.com/
0	zero byte favicon	https://google-shopping-staging.shopifycloud.com/
0	zero byte favicon	https://graphql-schema-bot.shopifycloud.com/
0	zero byte favicon	https://growth-tools.shopifycloud.com/
0	zero byte favicon	https://hatchful-web-two.shopifycloud.com/
0	zero byte favicon	https://hatchful-web-two-staging.shopifycloud.com/
0	zero byte favicon	http://shipit.shopifycloud.com/
0	zero byte favicon	http://shipping-manifests.shopifycloud.com/
0	zero byte favicon	http://shop-accounts.shopifycloud.com/
0	zero byte favicon	http://shop-accounts-staging.shopifycloud.com/
0	zero byte favicon	http://shopclass2018.shopifycloud.com/
0	zero byte favicon	http://shopclass2018-staging.shopifycloud.com/
0	zero byte favicon	http://shop-cloner.shopifycloud.com/
0	zero byte favicon	http://shopcodes.shopifycloud.com/
0	zero byte favicon	http://shopcodes-staging.shopifycloud.com/
0	zero byte favicon	http://shopify-audiences.shopifycloud.com/
0	zero byte favicon	http://shopify-audiences-staging.shopifycloud.com/
0	zero byte favicon	http://shopify-bids.shopifycloud.com/
0	zero byte favicon	http://shopify-bids-staging.shopifycloud.com/
0	zero byte favicon	http://shopify-classifieds.shopifycloud.com/
0	zero byte favicon	http://shopify-data-exporter.shopifycloud.com/
0	zero byte favicon	http://shopify-dev.shopifycloud.com/
0	zero byte favicon	http://shopify-events.shopifycloud.com/
0	zero byte favicon	http://shopify-events-staging.shopifycloud.com/
0	zero byte favicon	http://shopify-graphiql-app.shopifycloud.com/
0	zero byte favicon	http://shopify-payments-webhook-proxy.shopifycloud.com/
0	zero byte favicon	http://shopify-planet.shopifycloud.com/
0	zero byte favicon	http://shopify-slack-bot.shopifycloud.com/
0	zero byte favicon	http://shopify-slack-bot-staging.shopifycloud.com/
0	zero byte favicon	http://shopimoji.shopifycloud.com/
0	zero byte favicon	http://shopstatus-east.shopifycloud.com/
0	zero byte favicon	http://shopstatus.shopifycloud.com/
0	zero byte favicon	https://hs-codes-service.shopifycloud.com/
0	zero byte favicon	https://import-store.shopifycloud.com/
0	zero byte favicon	https://inter-shop-domain-transfer.shopifycloud.com/
0	zero byte favicon	https://launchpad.shopifycloud.com/
0	zero byte favicon	https://launchpad-staging.shopifycloud.com/
0	zero byte favicon	https://launchproduct.shopifycloud.com/
0	zero byte favicon	https://marketing-landing-pages.shopifycloud.com/
0	zero byte favicon	https://marketing-landing-pages-staging.shopifycloud.com/
0	zero byte favicon	https://merchant-acceleration.shopifycloud.com/
0	zero byte favicon	https://merchant-data-warehouse.shopifycloud.com/
0	zero byte favicon	https://merchantlaunch.shopifycloud.com/
0	zero byte favicon	https://merchant-to-merchant-curator-staging.shopifycloud.com/
0	zero byte favicon	https://merchant-to-merchant-staging.shopifycloud.com/
0	zero byte favicon	https://messenger-instagram-backend.shopifycloud.com/
0	zero byte favicon	https://messenger-instagram-backend-staging.shopifycloud.com/
0	zero byte favicon	http://smiley.shopifycloud.com/
0	zero byte favicon	https://minerva-chatops.shopifycloud.com/
0	zero byte favicon	https://minerva.shopifycloud.com/
0	zero byte favicon	https://minerva-staging.shopifycloud.com/
0	zero byte favicon	https://notebooks-app.shopifycloud.com/
0	zero byte favicon	https://oberlo-growth-tools.shopifycloud.com/
0	zero byte favicon	https://oberlo-shipment-tracking-service.shopifycloud.com/
0	zero byte favicon	https://offset.shopifycloud.com/
0	zero byte favicon	https://parsnip-staging.shopifycloud.com/
0	zero byte favicon	https://pay-staging2.shopifycloud.com/
0	zero byte favicon	https://ping-api.shopifycloud.com/
0	zero byte favicon	https://ping-api-staging.shopifycloud.com/
0	zero byte favicon	https://plus-home.shopifycloud.com/
0	zero byte favicon	https://plus-merchant-onboarding.shopifycloud.com/
0	zero byte favicon	https://pos-channel.shopifycloud.com/
0	zero byte favicon	https://pos-channel-staging-app.shopifycloud.com/
0	zero byte favicon	https://pos-channel-staging.shopifycloud.com/
0	zero byte favicon	https://pos-compliance-server.shopifycloud.com/
0	zero byte favicon	https://pos-compliance-server-staging.shopifycloud.com/
0	zero byte favicon	https://privacy-banner.shopifycloud.com/
0	zero byte favicon	https://privacy-banner-staging.shopifycloud.com/
0	zero byte favicon	https://pursuit2018.shopifycloud.com/
0	zero byte favicon	https://pursuit2018-staging.shopifycloud.com/
0	zero byte favicon	https://remember-me.shopifycloud.com/
0	zero byte favicon	https://remember-me-staging.shopifycloud.com/
0	zero byte favicon	https://retail-labels-printer.shopifycloud.com/
0	zero byte favicon	https://retail-telemetry-proxy.shopifycloud.com/
0	zero byte favicon	https://retail-telemetry-proxy-staging.shopifycloud.com/
0	zero byte favicon	https://return-magic-intranet.shopifycloud.com/
0	zero byte favicon	https://savage-sign-on-staging.shopifycloud.com/
0	zero byte favicon	https://script-editor-canada.shopifycloud.com/
0	zero byte favicon	https://script-editor.shopifycloud.com/
0	zero byte favicon	https://shipit.shopifycloud.com/
0	zero byte favicon	https://shipping-manifests.shopifycloud.com/
0	zero byte favicon	https://shop-accounts.shopifycloud.com/
0	zero byte favicon	https://shop-accounts-staging.shopifycloud.com/
0	zero byte favicon	https://shopclass2018.shopifycloud.com/
0	zero byte favicon	https://shopclass2018-staging.shopifycloud.com/
0	zero byte favicon	https://shop-cloner.shopifycloud.com/
0	zero byte favicon	https://shopcodes.shopifycloud.com/
0	zero byte favicon	https://shopcodes-staging.shopifycloud.com/
0	zero byte favicon	https://shopify-audiences.shopifycloud.com/
0	zero byte favicon	https://shopify-audiences-staging.shopifycloud.com/
0	zero byte favicon	https://shopify-bids.shopifycloud.com/
0	zero byte favicon	https://shopify-bids-staging.shopifycloud.com/
0	zero byte favicon	https://shopify-classifieds.shopifycloud.com/
0	zero byte favicon	https://shopify-data-exporter.shopifycloud.com/
0	zero byte favicon	https://shopify-dev.shopifycloud.com/
0	zero byte favicon	https://shopify-events.shopifycloud.com/
0	zero byte favicon	https://shopify-events-staging.shopifycloud.com/
0	zero byte favicon	https://shopify-graphiql-app.shopifycloud.com/
0	zero byte favicon	https://shopify-payments-webhook-proxy.shopifycloud.com/
0	zero byte favicon	https://shopify-planet.shopifycloud.com/
0	zero byte favicon	https://shopify-slack-bot.shopifycloud.com/
0	zero byte favicon	https://shopify-slack-bot-staging.shopifycloud.com/
0	zero byte favicon	https://shopimoji.shopifycloud.com/
0	zero byte favicon	https://shopstatus-east.shopifycloud.com/
0	zero byte favicon	https://shopstatus.shopifycloud.com/
0	zero byte favicon	https://smiley.shopifycloud.com/
0	zero byte favicon	https://stock-photos.shopifycloud.com/
0	zero byte favicon	https://store-localization.shopifycloud.com/
0	zero byte favicon	https://stripe-exchange-rates-proxy.shopifycloud.com/
0	zero byte favicon	https://subscriptions.shopifycloud.com/
0	zero byte favicon	https://supplier-portal.shopifycloud.com/
0	zero byte favicon	https://test-nginx-rails-path-separators.shopifycloud.com/
0	zero byte favicon	https://threed-warehouse.shopifycloud.com/
0	zero byte favicon	http://stock-photos.shopifycloud.com/
0	zero byte favicon	http://store-localization.shopifycloud.com/
0	zero byte favicon	https://transporter.shopifycloud.com/
0	zero byte favicon	http://stripe-exchange-rates-proxy.shopifycloud.com/
0	zero byte favicon	http://subscriptions.shopifycloud.com/
0	zero byte favicon	https://ulysses.shopifycloud.com/
0	zero byte favicon	https://ulysses-staging.shopifycloud.com/
0	zero byte favicon	https://unite2020.shopifycloud.com/
0	zero byte favicon	https://unite2020-staging.shopifycloud.com/
0	zero byte favicon	https://unite2021.shopifycloud.com/
0	zero byte favicon	http://supplier-portal.shopifycloud.com/
0	zero byte favicon	https://videobin.shopifycloud.com/
0	zero byte favicon	https://webhook-receiver2.shopifycloud.com/
0	zero byte favicon	https://webhook-receiver3.shopifycloud.com/
0	zero byte favicon	https://webhook-receiver4.shopifycloud.com/
0	zero byte favicon	https://webhook-receiver5.shopifycloud.com/
0	zero byte favicon	https://webhook-receiver.shopifycloud.com/
0	zero byte favicon	https://wholesale-ingress.shopifycloud.com/
0	zero byte favicon	https://wholesale.shopifycloud.com/
0	zero byte favicon	https://wholesale-staging-ingress.shopifycloud.com/
0	zero byte favicon	https://wholesale-staging.shopifycloud.com/
0	zero byte favicon	http://test-nginx-rails-path-separators.shopifycloud.com/
0	zero byte favicon	http://threed-warehouse.shopifycloud.com/
0	zero byte favicon	http://transporter.shopifycloud.com/
0	zero byte favicon	http://ulysses.shopifycloud.com/
0	zero byte favicon	http://ulysses-staging.shopifycloud.com/
0	zero byte favicon	http://unite2020.shopifycloud.com/
0	zero byte favicon	http://unite2020-staging.shopifycloud.com/
0	zero byte favicon	http://unite2021.shopifycloud.com/
0	zero byte favicon	http://videobin.shopifycloud.com/
0	zero byte favicon	http://webhook-receiver2.shopifycloud.com/
0	zero byte favicon	http://webhook-receiver3.shopifycloud.com/
0	zero byte favicon	http://webhook-receiver4.shopifycloud.com/
0	zero byte favicon	http://webhook-receiver5.shopifycloud.com/
0	zero byte favicon	http://webhook-receiver.shopifycloud.com/
0	zero byte favicon	http://wholesale-ingress.shopifycloud.com/
0	zero byte favicon	http://wholesale.shopifycloud.com/
0	zero byte favicon	http://wholesale-staging-ingress.shopifycloud.com/
0	zero byte favicon	http://wholesale-staging.shopifycloud.com/
-1132923558	ok-status	http://admin-canada.shopifycloud.com/
-1132923558	ok-status	http://admin.shopifycloud.com/
-1132923558	ok-status	http://admin-staging-1g8h.shopifycloud.com/
-1132923558	ok-status	http://admin-staging-2.shopifycloud.com/
-1132923558	ok-status	http://admin-staging-3.shopifycloud.com/
-1132923558	ok-status	http://admin-staging-4.shopifycloud.com/
-1132923558	ok-status	http://admin-staging-5.shopifycloud.com/
-1132923558	ok-status	http://admin-staging-7won.shopifycloud.com/
-1132923558	ok-status	http://admin-staging-8njb.shopifycloud.com/
-1132923558	ok-status	http://admin-staging-c0n6.shopifycloud.com/
-1132923558	ok-status	http://admin-staging-d9f2.shopifycloud.com/
-1132923558	ok-status	http://admin-staging-pz8w.shopifycloud.com/
-1132923558	ok-status	http://admin-staging.shopifycloud.com/
-1132923558	ok-status	http://admin-staging-sxyc.shopifycloud.com/
-1132923558	ok-status	http://org-admin-web.shopifycloud.com/
-1132923558	ok-status	http://org-admin-web-staging-1g8h.shopifycloud.com/
-1132923558	ok-status	http://org-admin-web-staging-2.shopifycloud.com/
-1132923558	ok-status	http://org-admin-web-staging-3.shopifycloud.com/
-1132923558	ok-status	http://org-admin-web-staging-4.shopifycloud.com/
-1132923558	ok-status	http://org-admin-web-staging-5.shopifycloud.com/
-1132923558	ok-status	http://org-admin-web-staging-7won.shopifycloud.com/
-1132923558	ok-status	http://org-admin-web-staging-c0n6.shopifycloud.com/
-1132923558	ok-status	http://org-admin-web-staging-d9f2.shopifycloud.com/
-1132923558	ok-status	http://org-admin-web-staging-ezky.shopifycloud.com/
-1132923558	ok-status	http://org-admin-web-staging-pz8w.shopifycloud.com/
-1132923558	ok-status	http://org-admin-web-staging.shopifycloud.com/
-1132923558	ok-status	http://org-admin-web-staging-sxyc.shopifycloud.com/
-1132923558	ok-status	https://admin-canada.shopifycloud.com/
-1132923558	ok-status	https://admin.shopifycloud.com/
-1132923558	ok-status	https://admin-staging-1g8h.shopifycloud.com/
-1132923558	ok-status	https://admin-staging-2.shopifycloud.com/
-1132923558	ok-status	https://admin-staging-3.shopifycloud.com/
-1132923558	ok-status	https://admin-staging-4.shopifycloud.com/
-1132923558	ok-status	https://admin-staging-5.shopifycloud.com/
-1132923558	ok-status	https://admin-staging-7won.shopifycloud.com/
-1132923558	ok-status	https://admin-staging-8njb.shopifycloud.com/
-1132923558	ok-status	https://admin-staging-c0n6.shopifycloud.com/
-1132923558	ok-status	https://admin-staging-d9f2.shopifycloud.com/
-1132923558	ok-status	https://admin-staging-pz8w.shopifycloud.com/
-1132923558	ok-status	https://admin-staging.shopifycloud.com/
-1132923558	ok-status	https://admin-staging-sxyc.shopifycloud.com/
-1132923558	ok-status	https://org-admin-web.shopifycloud.com/
-1132923558	ok-status	https://org-admin-web-staging-1g8h.shopifycloud.com/
-1132923558	ok-status	https://org-admin-web-staging-2.shopifycloud.com/
-1132923558	ok-status	https://org-admin-web-staging-3.shopifycloud.com/
-1132923558	ok-status	https://org-admin-web-staging-4.shopifycloud.com/
-1132923558	ok-status	https://org-admin-web-staging-5.shopifycloud.com/
-1132923558	ok-status	https://org-admin-web-staging-7won.shopifycloud.com/
-1132923558	ok-status	https://org-admin-web-staging-c0n6.shopifycloud.com/
-1132923558	ok-status	https://org-admin-web-staging-d9f2.shopifycloud.com/
-1132923558	ok-status	https://org-admin-web-staging-ezky.shopifycloud.com/
-1132923558	ok-status	https://org-admin-web-staging-pz8w.shopifycloud.com/
-1132923558	ok-status	https://org-admin-web-staging.shopifycloud.com/
-1132923558	ok-status	https://org-admin-web-staging-sxyc.shopifycloud.com/
1262005940	jamf pro login	http://jamfpro.shopifycloud.com/
1262005940	jamf pro login	http://jamfpro-staging.shopifycloud.com/
1262005940	jamf pro login	https://jamfpro.shopifycloud.com/
1262005940	jamf pro login	https://jamfpro-staging.shopifycloud.com/
2063428236	sentry	https://script-errors.shopifycloud.com/
7128409f34cb89e74edeec0ae7a39a0e	ok-status	http://admin-canada.shopifycloud.com/
7128409f34cb89e74edeec0ae7a39a0e	ok-status	http://admin.shopifycloud.com/
7128409f34cb89e74edeec0ae7a39a0e	ok-status	http://admin-staging-1g8h.shopifycloud.com/
7128409f34cb89e74edeec0ae7a39a0e	ok-status	http://admin-staging-2.shopifycloud.com/
7128409f34cb89e74edeec0ae7a39a0e	ok-status	http://admin-staging-3.shopifycloud.com/
7128409f34cb89e74edeec0ae7a39a0e	ok-status	http://admin-staging-4.shopifycloud.com/
7128409f34cb89e74edeec0ae7a39a0e	ok-status	http://admin-staging-5.shopifycloud.com/
7128409f34cb89e74edeec0ae7a39a0e	ok-status	http://admin-staging-7won.shopifycloud.com/
7128409f34cb89e74edeec0ae7a39a0e	ok-status	http://admin-staging-8njb.shopifycloud.com/
7128409f34cb89e74edeec0ae7a39a0e	ok-status	http://admin-staging-c0n6.shopifycloud.com/
7128409f34cb89e74edeec0ae7a39a0e	ok-status	http://admin-staging-d9f2.shopifycloud.com/
7128409f34cb89e74edeec0ae7a39a0e	ok-status	http://admin-staging-pz8w.shopifycloud.com/
7128409f34cb89e74edeec0ae7a39a0e	ok-status	http://admin-staging.shopifycloud.com/
7128409f34cb89e74edeec0ae7a39a0e	ok-status	http://admin-staging-sxyc.shopifycloud.com/
7128409f34cb89e74edeec0ae7a39a0e	ok-status	http://org-admin-web.shopifycloud.com/
7128409f34cb89e74edeec0ae7a39a0e	ok-status	http://org-admin-web-staging-1g8h.shopifycloud.com/
7128409f34cb89e74edeec0ae7a39a0e	ok-status	http://org-admin-web-staging-2.shopifycloud.com/
7128409f34cb89e74edeec0ae7a39a0e	ok-status	http://org-admin-web-staging-3.shopifycloud.com/
7128409f34cb89e74edeec0ae7a39a0e	ok-status	http://org-admin-web-staging-4.shopifycloud.com/
7128409f34cb89e74edeec0ae7a39a0e	ok-status	http://org-admin-web-staging-5.shopifycloud.com/
7128409f34cb89e74edeec0ae7a39a0e	ok-status	http://org-admin-web-staging-7won.shopifycloud.com/
7128409f34cb89e74edeec0ae7a39a0e	ok-status	http://org-admin-web-staging-c0n6.shopifycloud.com/
7128409f34cb89e74edeec0ae7a39a0e	ok-status	http://org-admin-web-staging-d9f2.shopifycloud.com/
7128409f34cb89e74edeec0ae7a39a0e	ok-status	http://org-admin-web-staging-ezky.shopifycloud.com/
7128409f34cb89e74edeec0ae7a39a0e	ok-status	http://org-admin-web-staging-pz8w.shopifycloud.com/
7128409f34cb89e74edeec0ae7a39a0e	ok-status	http://org-admin-web-staging.shopifycloud.com/
7128409f34cb89e74edeec0ae7a39a0e	ok-status	http://org-admin-web-staging-sxyc.shopifycloud.com/
7128409f34cb89e74edeec0ae7a39a0e	ok-status	https://admin-canada.shopifycloud.com/
7128409f34cb89e74edeec0ae7a39a0e	ok-status	https://admin.shopifycloud.com/
7128409f34cb89e74edeec0ae7a39a0e	ok-status	https://admin-staging-1g8h.shopifycloud.com/
7128409f34cb89e74edeec0ae7a39a0e	ok-status	https://admin-staging-2.shopifycloud.com/
7128409f34cb89e74edeec0ae7a39a0e	ok-status	https://admin-staging-3.shopifycloud.com/
7128409f34cb89e74edeec0ae7a39a0e	ok-status	https://admin-staging-4.shopifycloud.com/
7128409f34cb89e74edeec0ae7a39a0e	ok-status	https://admin-staging-5.shopifycloud.com/
7128409f34cb89e74edeec0ae7a39a0e	ok-status	https://admin-staging-7won.shopifycloud.com/
7128409f34cb89e74edeec0ae7a39a0e	ok-status	https://admin-staging-8njb.shopifycloud.com/
7128409f34cb89e74edeec0ae7a39a0e	ok-status	https://admin-staging-c0n6.shopifycloud.com/
7128409f34cb89e74edeec0ae7a39a0e	ok-status	https://admin-staging-d9f2.shopifycloud.com/
7128409f34cb89e74edeec0ae7a39a0e	ok-status	https://admin-staging-pz8w.shopifycloud.com/
7128409f34cb89e74edeec0ae7a39a0e	ok-status	https://admin-staging.shopifycloud.com/
7128409f34cb89e74edeec0ae7a39a0e	ok-status	https://admin-staging-sxyc.shopifycloud.com/
7128409f34cb89e74edeec0ae7a39a0e	ok-status	https://org-admin-web.shopifycloud.com/
7128409f34cb89e74edeec0ae7a39a0e	ok-status	https://org-admin-web-staging-1g8h.shopifycloud.com/
7128409f34cb89e74edeec0ae7a39a0e	ok-status	https://org-admin-web-staging-2.shopifycloud.com/
7128409f34cb89e74edeec0ae7a39a0e	ok-status	https://org-admin-web-staging-3.shopifycloud.com/
7128409f34cb89e74edeec0ae7a39a0e	ok-status	https://org-admin-web-staging-4.shopifycloud.com/
7128409f34cb89e74edeec0ae7a39a0e	ok-status	https://org-admin-web-staging-5.shopifycloud.com/
7128409f34cb89e74edeec0ae7a39a0e	ok-status	https://org-admin-web-staging-7won.shopifycloud.com/
7128409f34cb89e74edeec0ae7a39a0e	ok-status	https://org-admin-web-staging-c0n6.shopifycloud.com/
7128409f34cb89e74edeec0ae7a39a0e	ok-status	https://org-admin-web-staging-d9f2.shopifycloud.com/
7128409f34cb89e74edeec0ae7a39a0e	ok-status	https://org-admin-web-staging-ezky.shopifycloud.com/
7128409f34cb89e74edeec0ae7a39a0e	ok-status	https://org-admin-web-staging-pz8w.shopifycloud.com/
7128409f34cb89e74edeec0ae7a39a0e	ok-status	https://org-admin-web-staging.shopifycloud.com/
7128409f34cb89e74edeec0ae7a39a0e	ok-status	https://org-admin-web-staging-sxyc.shopifycloud.com/
d41d8cd98f00b204e9800998ecf8427e	zero byte favicon	http://app-activity-integration.shopifycloud.com/
d41d8cd98f00b204e9800998ecf8427e	zero byte favicon	http://apple-business-chat-commerce.shopifycloud.com/
d41d8cd98f00b204e9800998ecf8427e	zero byte favicon	http://apple-business-chat-commerce-staging.shopifycloud.com/
d41d8cd98f00b204e9800998ecf8427e	zero byte favicon	http://app-m2m-test-prod.shopifycloud.com/
d41d8cd98f00b204e9800998ecf8427e	zero byte favicon	http://arrive-server.shopifycloud.com/
d41d8cd98f00b204e9800998ecf8427e	zero byte favicon	http://arrive-website.shopifycloud.com/
d41d8cd98f00b204e9800998ecf8427e	zero byte favicon	http://athena.shopifycloud.com/
d41d8cd98f00b204e9800998ecf8427e	zero byte favicon	http://athena-staging.shopifycloud.com/
d41d8cd98f00b204e9800998ecf8427e	zero byte favicon	http://atlas.shopifycloud.com/
d41d8cd98f00b204e9800998ecf8427e	zero byte favicon	http://atlas-staging.shopifycloud.com/
d41d8cd98f00b204e9800998ecf8427e	zero byte favicon	http://blacklisted-credentials-service.shopifycloud.com/
d41d8cd98f00b204e9800998ecf8427e	zero byte favicon	http://bladerunner.shopifycloud.com/
d41d8cd98f00b204e9800998ecf8427e	zero byte favicon	http://bladerunner-staging.shopifycloud.com/
d41d8cd98f00b204e9800998ecf8427e	zero byte favicon	http://bloodhound.shopifycloud.com/
d41d8cd98f00b204e9800998ecf8427e	zero byte favicon	http://bloodhound-staging-scylla.shopifycloud.com/
d41d8cd98f00b204e9800998ecf8427e	zero byte favicon	http://bloodhound-staging.shopifycloud.com/
d41d8cd98f00b204e9800998ecf8427e	zero byte favicon	http://bogus-marketplace-app.shopifycloud.com/
d41d8cd98f00b204e9800998ecf8427e	zero byte favicon	http://brochure2.shopifycloud.com/
d41d8cd98f00b204e9800998ecf8427e	zero byte favicon	http://brochure2-tier2-central.shopifycloud.com/
d41d8cd98f00b204e9800998ecf8427e	zero byte favicon	http://brochure2-tier2.shopifycloud.com/
d41d8cd98f00b204e9800998ecf8427e	zero byte favicon	http://business-platform.shopifycloud.com/
d41d8cd98f00b204e9800998ecf8427e	zero byte favicon	http://buy-button.shopifycloud.com/
d41d8cd98f00b204e9800998ecf8427e	zero byte favicon	http://buy-button-staging.shopifycloud.com/
d41d8cd98f00b204e9800998ecf8427e	zero byte favicon	http://channel-m2m-test-prod.shopifycloud.com/
d41d8cd98f00b204e9800998ecf8427e	zero byte favicon	http://cla.shopifycloud.com/
d41d8cd98f00b204e9800998ecf8427e	zero byte favicon	http://cluster-registry.shopifycloud.com/
d41d8cd98f00b204e9800998ecf8427e	zero byte favicon	http://clusters.shopifycloud.com/
d41d8cd98f00b204e9800998ecf8427e	zero byte favicon	http://clusters-staging.shopifycloud.com/
d41d8cd98f00b204e9800998ecf8427e	zero byte favicon	http://compass.shopifycloud.com/
d41d8cd98f00b204e9800998ecf8427e	zero byte favicon	http://country-service.shopifycloud.com/
d41d8cd98f00b204e9800998ecf8427e	zero byte favicon	http://cross-sell-app.shopifycloud.com/
d41d8cd98f00b204e9800998ecf8427e	zero byte favicon	http://curated-commerce-curator.shopifycloud.com/
d41d8cd98f00b204e9800998ecf8427e	zero byte favicon	http://curated-commerce-curator-staging.shopifycloud.com/
d41d8cd98f00b204e9800998ecf8427e	zero byte favicon	http://curated-commerce.shopifycloud.com/
d41d8cd98f00b204e9800998ecf8427e	zero byte favicon	http://curated-commerce-staging.shopifycloud.com/
d41d8cd98f00b204e9800998ecf8427e	zero byte favicon	http://custom-plus-sla.shopifycloud.com/
d41d8cd98f00b204e9800998ecf8427e	zero byte favicon	http://data-stories-website.shopifycloud.com/
d41d8cd98f00b204e9800998ecf8427e	zero byte favicon	http://deliveries.shopifycloud.com/
d41d8cd98f00b204e9800998ecf8427e	zero byte favicon	http://delivery-promise.shopifycloud.com/
d41d8cd98f00b204e9800998ecf8427e	zero byte favicon	http://devicemanager.shopifycloud.com/
d41d8cd98f00b204e9800998ecf8427e	zero byte favicon	http://discovery-app-staging.shopifycloud.com/
d41d8cd98f00b204e9800998ecf8427e	zero byte favicon	http://domain-suggestion-api-two.shopifycloud.com/
d41d8cd98f00b204e9800998ecf8427e	zero byte favicon	http://domain-suggestion-api-two-staging.shopifycloud.com/
d41d8cd98f00b204e9800998ecf8427e	zero byte favicon	http://email.shopifycloud.com/
d41d8cd98f00b204e9800998ecf8427e	zero byte favicon	http://email-staging.shopifycloud.com/
d41d8cd98f00b204e9800998ecf8427e	zero byte favicon	http://empowered-by-shopify.shopifycloud.com/
d41d8cd98f00b204e9800998ecf8427e	zero byte favicon	http://empowered-by-shopify-staging.shopifycloud.com/
d41d8cd98f00b204e9800998ecf8427e	zero byte favicon	http://expansion-tool.shopifycloud.com/
d41d8cd98f00b204e9800998ecf8427e	zero byte favicon	http://facebook-ads.shopifycloud.com/
d41d8cd98f00b204e9800998ecf8427e	zero byte favicon	http://facebook-ads-staging2.shopifycloud.com/
d41d8cd98f00b204e9800998ecf8427e	zero byte favicon	http://facebook-ads-staging.shopifycloud.com/
d41d8cd98f00b204e9800998ecf8427e	zero byte favicon	http://fauxchure.shopifycloud.com/
d41d8cd98f00b204e9800998ecf8427e	zero byte favicon	http://flow-connectors-canada.shopifycloud.com/
d41d8cd98f00b204e9800998ecf8427e	zero byte favicon	http://flow-connectors.shopifycloud.com/
d41d8cd98f00b204e9800998ecf8427e	zero byte favicon	http://flow-connectors-staging.shopifycloud.com/
d41d8cd98f00b204e9800998ecf8427e	zero byte favicon	http://forms.shopifycloud.com/
d41d8cd98f00b204e9800998ecf8427e	zero byte favicon	http://ftf-app.shopifycloud.com/
d41d8cd98f00b204e9800998ecf8427e	zero byte favicon	http://ftf-app-staging.shopifycloud.com/
d41d8cd98f00b204e9800998ecf8427e	zero byte favicon	http://fulfillify.shopifycloud.com/
d41d8cd98f00b204e9800998ecf8427e	zero byte favicon	http://geolocation-proxy.shopifycloud.com/
d41d8cd98f00b204e9800998ecf8427e	zero byte favicon	http://geolocation-proxy-staging.shopifycloud.com/
d41d8cd98f00b204e9800998ecf8427e	zero byte favicon	http://geolocation-recommendations.shopifycloud.com/
d41d8cd98f00b204e9800998ecf8427e	zero byte favicon	http://geolocation-recommendations-staging.shopifycloud.com/
d41d8cd98f00b204e9800998ecf8427e	zero byte favicon	http://github-certification.shopifycloud.com/
d41d8cd98f00b204e9800998ecf8427e	zero byte favicon	http://google-shopping.shopifycloud.com/
d41d8cd98f00b204e9800998ecf8427e	zero byte favicon	http://google-shopping-staging.shopifycloud.com/
d41d8cd98f00b204e9800998ecf8427e	zero byte favicon	http://graphql-schema-bot.shopifycloud.com/
d41d8cd98f00b204e9800998ecf8427e	zero byte favicon	http://growth-tools.shopifycloud.com/
d41d8cd98f00b204e9800998ecf8427e	zero byte favicon	http://hatchful-web-two.shopifycloud.com/
d41d8cd98f00b204e9800998ecf8427e	zero byte favicon	http://hatchful-web-two-staging.shopifycloud.com/
d41d8cd98f00b204e9800998ecf8427e	zero byte favicon	http://hs-codes-service.shopifycloud.com/
d41d8cd98f00b204e9800998ecf8427e	zero byte favicon	http://import-store.shopifycloud.com/
d41d8cd98f00b204e9800998ecf8427e	zero byte favicon	http://inter-shop-domain-transfer.shopifycloud.com/
d41d8cd98f00b204e9800998ecf8427e	zero byte favicon	http://launchpad.shopifycloud.com/
d41d8cd98f00b204e9800998ecf8427e	zero byte favicon	http://launchpad-staging.shopifycloud.com/
d41d8cd98f00b204e9800998ecf8427e	zero byte favicon	http://launchproduct.shopifycloud.com/
d41d8cd98f00b204e9800998ecf8427e	zero byte favicon	http://marketing-landing-pages.shopifycloud.com/
d41d8cd98f00b204e9800998ecf8427e	zero byte favicon	http://marketing-landing-pages-staging.shopifycloud.com/
d41d8cd98f00b204e9800998ecf8427e	zero byte favicon	http://merchant-acceleration.shopifycloud.com/
d41d8cd98f00b204e9800998ecf8427e	zero byte favicon	http://merchant-data-warehouse.shopifycloud.com/
d41d8cd98f00b204e9800998ecf8427e	zero byte favicon	http://merchantlaunch.shopifycloud.com/
d41d8cd98f00b204e9800998ecf8427e	zero byte favicon	http://merchant-to-merchant-curator-staging.shopifycloud.com/
d41d8cd98f00b204e9800998ecf8427e	zero byte favicon	http://merchant-to-merchant-staging.shopifycloud.com/
d41d8cd98f00b204e9800998ecf8427e	zero byte favicon	http://messenger-instagram-backend.shopifycloud.com/
d41d8cd98f00b204e9800998ecf8427e	zero byte favicon	http://messenger-instagram-backend-staging.shopifycloud.com/
d41d8cd98f00b204e9800998ecf8427e	zero byte favicon	http://minerva-chatops.shopifycloud.com/
d41d8cd98f00b204e9800998ecf8427e	zero byte favicon	http://minerva.shopifycloud.com/
d41d8cd98f00b204e9800998ecf8427e	zero byte favicon	http://minerva-staging.shopifycloud.com/
d41d8cd98f00b204e9800998ecf8427e	zero byte favicon	http://notebooks-app.shopifycloud.com/
d41d8cd98f00b204e9800998ecf8427e	zero byte favicon	http://oberlo-growth-tools.shopifycloud.com/
d41d8cd98f00b204e9800998ecf8427e	zero byte favicon	http://oberlo-shipment-tracking-service.shopifycloud.com/
d41d8cd98f00b204e9800998ecf8427e	zero byte favicon	http://offset.shopifycloud.com/
d41d8cd98f00b204e9800998ecf8427e	zero byte favicon	http://parsnip-staging.shopifycloud.com/
d41d8cd98f00b204e9800998ecf8427e	zero byte favicon	http://pay-staging2.shopifycloud.com/
d41d8cd98f00b204e9800998ecf8427e	zero byte favicon	http://ping-api.shopifycloud.com/
d41d8cd98f00b204e9800998ecf8427e	zero byte favicon	http://ping-api-staging.shopifycloud.com/
d41d8cd98f00b204e9800998ecf8427e	zero byte favicon	http://plus-home.shopifycloud.com/
d41d8cd98f00b204e9800998ecf8427e	zero byte favicon	http://plus-merchant-onboarding.shopifycloud.com/
d41d8cd98f00b204e9800998ecf8427e	zero byte favicon	http://pos-channel.shopifycloud.com/
d41d8cd98f00b204e9800998ecf8427e	zero byte favicon	http://pos-channel-staging-app.shopifycloud.com/
d41d8cd98f00b204e9800998ecf8427e	zero byte favicon	http://pos-channel-staging.shopifycloud.com/
d41d8cd98f00b204e9800998ecf8427e	zero byte favicon	http://pos-compliance-server.shopifycloud.com/
d41d8cd98f00b204e9800998ecf8427e	zero byte favicon	http://pos-compliance-server-staging.shopifycloud.com/
d41d8cd98f00b204e9800998ecf8427e	zero byte favicon	http://privacy-banner.shopifycloud.com/
d41d8cd98f00b204e9800998ecf8427e	zero byte favicon	http://privacy-banner-staging.shopifycloud.com/
d41d8cd98f00b204e9800998ecf8427e	zero byte favicon	http://pursuit2018.shopifycloud.com/
d41d8cd98f00b204e9800998ecf8427e	zero byte favicon	http://pursuit2018-staging.shopifycloud.com/
d41d8cd98f00b204e9800998ecf8427e	zero byte favicon	http://remember-me.shopifycloud.com/
d41d8cd98f00b204e9800998ecf8427e	zero byte favicon	http://remember-me-staging.shopifycloud.com/
d41d8cd98f00b204e9800998ecf8427e	zero byte favicon	http://retail-labels-printer.shopifycloud.com/
d41d8cd98f00b204e9800998ecf8427e	zero byte favicon	http://retail-telemetry-proxy.shopifycloud.com/
d41d8cd98f00b204e9800998ecf8427e	zero byte favicon	http://retail-telemetry-proxy-staging.shopifycloud.com/
d41d8cd98f00b204e9800998ecf8427e	zero byte favicon	http://return-magic-intranet.shopifycloud.com/
d41d8cd98f00b204e9800998ecf8427e	zero byte favicon	https://app-activity-integration.shopifycloud.com/
d41d8cd98f00b204e9800998ecf8427e	zero byte favicon	https://apple-business-chat-commerce.shopifycloud.com/
d41d8cd98f00b204e9800998ecf8427e	zero byte favicon	https://apple-business-chat-commerce-staging.shopifycloud.com/
d41d8cd98f00b204e9800998ecf8427e	zero byte favicon	https://app-m2m-test-prod.shopifycloud.com/
d41d8cd98f00b204e9800998ecf8427e	zero byte favicon	https://arrive-server.shopifycloud.com/
d41d8cd98f00b204e9800998ecf8427e	zero byte favicon	https://arrive-website.shopifycloud.com/
d41d8cd98f00b204e9800998ecf8427e	zero byte favicon	https://athena.shopifycloud.com/
d41d8cd98f00b204e9800998ecf8427e	zero byte favicon	https://athena-staging.shopifycloud.com/
d41d8cd98f00b204e9800998ecf8427e	zero byte favicon	https://atlas.shopifycloud.com/
d41d8cd98f00b204e9800998ecf8427e	zero byte favicon	https://atlas-staging.shopifycloud.com/
d41d8cd98f00b204e9800998ecf8427e	zero byte favicon	http://savage-sign-on-staging.shopifycloud.com/
d41d8cd98f00b204e9800998ecf8427e	zero byte favicon	https://blacklisted-credentials-service.shopifycloud.com/
d41d8cd98f00b204e9800998ecf8427e	zero byte favicon	https://bladerunner.shopifycloud.com/
d41d8cd98f00b204e9800998ecf8427e	zero byte favicon	https://bladerunner-staging.shopifycloud.com/
d41d8cd98f00b204e9800998ecf8427e	zero byte favicon	https://bloodhound.shopifycloud.com/
d41d8cd98f00b204e9800998ecf8427e	zero byte favicon	https://bloodhound-staging-scylla.shopifycloud.com/
d41d8cd98f00b204e9800998ecf8427e	zero byte favicon	https://bloodhound-staging.shopifycloud.com/
d41d8cd98f00b204e9800998ecf8427e	zero byte favicon	https://bogus-marketplace-app.shopifycloud.com/
d41d8cd98f00b204e9800998ecf8427e	zero byte favicon	https://brochure2.shopifycloud.com/
d41d8cd98f00b204e9800998ecf8427e	zero byte favicon	https://brochure2-tier2-central.shopifycloud.com/
d41d8cd98f00b204e9800998ecf8427e	zero byte favicon	https://brochure2-tier2.shopifycloud.com/
d41d8cd98f00b204e9800998ecf8427e	zero byte favicon	https://business-platform.shopifycloud.com/
d41d8cd98f00b204e9800998ecf8427e	zero byte favicon	https://buy-button.shopifycloud.com/
d41d8cd98f00b204e9800998ecf8427e	zero byte favicon	https://buy-button-staging.shopifycloud.com/
d41d8cd98f00b204e9800998ecf8427e	zero byte favicon	https://channel-m2m-test-prod.shopifycloud.com/
d41d8cd98f00b204e9800998ecf8427e	zero byte favicon	https://cla.shopifycloud.com/
d41d8cd98f00b204e9800998ecf8427e	zero byte favicon	https://cluster-registry.shopifycloud.com/
d41d8cd98f00b204e9800998ecf8427e	zero byte favicon	https://clusters.shopifycloud.com/
d41d8cd98f00b204e9800998ecf8427e	zero byte favicon	https://clusters-staging.shopifycloud.com/
d41d8cd98f00b204e9800998ecf8427e	zero byte favicon	https://compass.shopifycloud.com/
d41d8cd98f00b204e9800998ecf8427e	zero byte favicon	https://country-service.shopifycloud.com/
d41d8cd98f00b204e9800998ecf8427e	zero byte favicon	http://script-editor-canada.shopifycloud.com/
d41d8cd98f00b204e9800998ecf8427e	zero byte favicon	http://script-editor.shopifycloud.com/
d41d8cd98f00b204e9800998ecf8427e	zero byte favicon	https://cross-sell-app.shopifycloud.com/
d41d8cd98f00b204e9800998ecf8427e	zero byte favicon	https://curated-commerce-curator.shopifycloud.com/
d41d8cd98f00b204e9800998ecf8427e	zero byte favicon	https://curated-commerce-curator-staging.shopifycloud.com/
d41d8cd98f00b204e9800998ecf8427e	zero byte favicon	https://curated-commerce.shopifycloud.com/
d41d8cd98f00b204e9800998ecf8427e	zero byte favicon	https://curated-commerce-staging.shopifycloud.com/
d41d8cd98f00b204e9800998ecf8427e	zero byte favicon	https://custom-plus-sla.shopifycloud.com/
d41d8cd98f00b204e9800998ecf8427e	zero byte favicon	https://data-stories-website.shopifycloud.com/
d41d8cd98f00b204e9800998ecf8427e	zero byte favicon	https://deliveries.shopifycloud.com/
d41d8cd98f00b204e9800998ecf8427e	zero byte favicon	https://delivery-promise.shopifycloud.com/
d41d8cd98f00b204e9800998ecf8427e	zero byte favicon	https://devicemanager.shopifycloud.com/
d41d8cd98f00b204e9800998ecf8427e	zero byte favicon	https://discovery-app-staging.shopifycloud.com/
d41d8cd98f00b204e9800998ecf8427e	zero byte favicon	https://domain-suggestion-api-two.shopifycloud.com/
d41d8cd98f00b204e9800998ecf8427e	zero byte favicon	https://domain-suggestion-api-two-staging.shopifycloud.com/
d41d8cd98f00b204e9800998ecf8427e	zero byte favicon	https://email.shopifycloud.com/
d41d8cd98f00b204e9800998ecf8427e	zero byte favicon	https://email-staging.shopifycloud.com/
d41d8cd98f00b204e9800998ecf8427e	zero byte favicon	https://empowered-by-shopify.shopifycloud.com/
d41d8cd98f00b204e9800998ecf8427e	zero byte favicon	https://empowered-by-shopify-staging.shopifycloud.com/
d41d8cd98f00b204e9800998ecf8427e	zero byte favicon	https://expansion-tool.shopifycloud.com/
d41d8cd98f00b204e9800998ecf8427e	zero byte favicon	https://facebook-ads.shopifycloud.com/
d41d8cd98f00b204e9800998ecf8427e	zero byte favicon	https://facebook-ads-staging2.shopifycloud.com/
d41d8cd98f00b204e9800998ecf8427e	zero byte favicon	https://facebook-ads-staging.shopifycloud.com/
d41d8cd98f00b204e9800998ecf8427e	zero byte favicon	https://fauxchure.shopifycloud.com/
d41d8cd98f00b204e9800998ecf8427e	zero byte favicon	https://flow-connectors-canada.shopifycloud.com/
d41d8cd98f00b204e9800998ecf8427e	zero byte favicon	https://flow-connectors.shopifycloud.com/
d41d8cd98f00b204e9800998ecf8427e	zero byte favicon	https://flow-connectors-staging.shopifycloud.com/
d41d8cd98f00b204e9800998ecf8427e	zero byte favicon	https://forms.shopifycloud.com/
d41d8cd98f00b204e9800998ecf8427e	zero byte favicon	https://ftf-app.shopifycloud.com/
d41d8cd98f00b204e9800998ecf8427e	zero byte favicon	https://ftf-app-staging.shopifycloud.com/
d41d8cd98f00b204e9800998ecf8427e	zero byte favicon	https://fulfillify.shopifycloud.com/
d41d8cd98f00b204e9800998ecf8427e	zero byte favicon	https://geolocation-proxy.shopifycloud.com/
d41d8cd98f00b204e9800998ecf8427e	zero byte favicon	https://geolocation-proxy-staging.shopifycloud.com/
d41d8cd98f00b204e9800998ecf8427e	zero byte favicon	https://geolocation-recommendations.shopifycloud.com/
d41d8cd98f00b204e9800998ecf8427e	zero byte favicon	https://geolocation-recommendations-staging.shopifycloud.com/
d41d8cd98f00b204e9800998ecf8427e	zero byte favicon	https://github-certification.shopifycloud.com/
d41d8cd98f00b204e9800998ecf8427e	zero byte favicon	https://google-shopping.shopifycloud.com/
d41d8cd98f00b204e9800998ecf8427e	zero byte favicon	https://google-shopping-staging.shopifycloud.com/
d41d8cd98f00b204e9800998ecf8427e	zero byte favicon	https://graphql-schema-bot.shopifycloud.com/
d41d8cd98f00b204e9800998ecf8427e	zero byte favicon	https://growth-tools.shopifycloud.com/
d41d8cd98f00b204e9800998ecf8427e	zero byte favicon	https://hatchful-web-two.shopifycloud.com/
d41d8cd98f00b204e9800998ecf8427e	zero byte favicon	https://hatchful-web-two-staging.shopifycloud.com/
d41d8cd98f00b204e9800998ecf8427e	zero byte favicon	http://shipit.shopifycloud.com/
d41d8cd98f00b204e9800998ecf8427e	zero byte favicon	http://shipping-manifests.shopifycloud.com/
d41d8cd98f00b204e9800998ecf8427e	zero byte favicon	http://shop-accounts.shopifycloud.com/
d41d8cd98f00b204e9800998ecf8427e	zero byte favicon	http://shop-accounts-staging.shopifycloud.com/
d41d8cd98f00b204e9800998ecf8427e	zero byte favicon	http://shopclass2018.shopifycloud.com/
d41d8cd98f00b204e9800998ecf8427e	zero byte favicon	http://shopclass2018-staging.shopifycloud.com/
d41d8cd98f00b204e9800998ecf8427e	zero byte favicon	http://shop-cloner.shopifycloud.com/
d41d8cd98f00b204e9800998ecf8427e	zero byte favicon	http://shopcodes.shopifycloud.com/
d41d8cd98f00b204e9800998ecf8427e	zero byte favicon	http://shopcodes-staging.shopifycloud.com/
d41d8cd98f00b204e9800998ecf8427e	zero byte favicon	http://shopify-audiences.shopifycloud.com/
d41d8cd98f00b204e9800998ecf8427e	zero byte favicon	http://shopify-audiences-staging.shopifycloud.com/
d41d8cd98f00b204e9800998ecf8427e	zero byte favicon	http://shopify-bids.shopifycloud.com/
d41d8cd98f00b204e9800998ecf8427e	zero byte favicon	http://shopify-bids-staging.shopifycloud.com/
d41d8cd98f00b204e9800998ecf8427e	zero byte favicon	http://shopify-classifieds.shopifycloud.com/
d41d8cd98f00b204e9800998ecf8427e	zero byte favicon	http://shopify-data-exporter.shopifycloud.com/
d41d8cd98f00b204e9800998ecf8427e	zero byte favicon	http://shopify-dev.shopifycloud.com/
d41d8cd98f00b204e9800998ecf8427e	zero byte favicon	http://shopify-events.shopifycloud.com/
d41d8cd98f00b204e9800998ecf8427e	zero byte favicon	http://shopify-events-staging.shopifycloud.com/
d41d8cd98f00b204e9800998ecf8427e	zero byte favicon	http://shopify-graphiql-app.shopifycloud.com/
d41d8cd98f00b204e9800998ecf8427e	zero byte favicon	http://shopify-payments-webhook-proxy.shopifycloud.com/
d41d8cd98f00b204e9800998ecf8427e	zero byte favicon	http://shopify-planet.shopifycloud.com/
d41d8cd98f00b204e9800998ecf8427e	zero byte favicon	http://shopify-slack-bot.shopifycloud.com/
d41d8cd98f00b204e9800998ecf8427e	zero byte favicon	http://shopify-slack-bot-staging.shopifycloud.com/
d41d8cd98f00b204e9800998ecf8427e	zero byte favicon	http://shopimoji.shopifycloud.com/
d41d8cd98f00b204e9800998ecf8427e	zero byte favicon	http://shopstatus-east.shopifycloud.com/
d41d8cd98f00b204e9800998ecf8427e	zero byte favicon	http://shopstatus.shopifycloud.com/
d41d8cd98f00b204e9800998ecf8427e	zero byte favicon	https://hs-codes-service.shopifycloud.com/
d41d8cd98f00b204e9800998ecf8427e	zero byte favicon	https://import-store.shopifycloud.com/
d41d8cd98f00b204e9800998ecf8427e	zero byte favicon	https://inter-shop-domain-transfer.shopifycloud.com/
d41d8cd98f00b204e9800998ecf8427e	zero byte favicon	https://launchpad.shopifycloud.com/
d41d8cd98f00b204e9800998ecf8427e	zero byte favicon	https://launchpad-staging.shopifycloud.com/
d41d8cd98f00b204e9800998ecf8427e	zero byte favicon	https://launchproduct.shopifycloud.com/
d41d8cd98f00b204e9800998ecf8427e	zero byte favicon	https://marketing-landing-pages.shopifycloud.com/
d41d8cd98f00b204e9800998ecf8427e	zero byte favicon	https://marketing-landing-pages-staging.shopifycloud.com/
d41d8cd98f00b204e9800998ecf8427e	zero byte favicon	https://merchant-acceleration.shopifycloud.com/
d41d8cd98f00b204e9800998ecf8427e	zero byte favicon	https://merchant-data-warehouse.shopifycloud.com/
d41d8cd98f00b204e9800998ecf8427e	zero byte favicon	https://merchantlaunch.shopifycloud.com/
d41d8cd98f00b204e9800998ecf8427e	zero byte favicon	https://merchant-to-merchant-curator-staging.shopifycloud.com/
d41d8cd98f00b204e9800998ecf8427e	zero byte favicon	https://merchant-to-merchant-staging.shopifycloud.com/
d41d8cd98f00b204e9800998ecf8427e	zero byte favicon	https://messenger-instagram-backend.shopifycloud.com/
d41d8cd98f00b204e9800998ecf8427e	zero byte favicon	https://messenger-instagram-backend-staging.shopifycloud.com/
d41d8cd98f00b204e9800998ecf8427e	zero byte favicon	http://smiley.shopifycloud.com/
d41d8cd98f00b204e9800998ecf8427e	zero byte favicon	https://minerva-chatops.shopifycloud.com/
d41d8cd98f00b204e9800998ecf8427e	zero byte favicon	https://minerva.shopifycloud.com/
d41d8cd98f00b204e9800998ecf8427e	zero byte favicon	https://minerva-staging.shopifycloud.com/
d41d8cd98f00b204e9800998ecf8427e	zero byte favicon	https://notebooks-app.shopifycloud.com/
d41d8cd98f00b204e9800998ecf8427e	zero byte favicon	https://oberlo-growth-tools.shopifycloud.com/
d41d8cd98f00b204e9800998ecf8427e	zero byte favicon	https://oberlo-shipment-tracking-service.shopifycloud.com/
d41d8cd98f00b204e9800998ecf8427e	zero byte favicon	https://offset.shopifycloud.com/
d41d8cd98f00b204e9800998ecf8427e	zero byte favicon	https://parsnip-staging.shopifycloud.com/
d41d8cd98f00b204e9800998ecf8427e	zero byte favicon	https://pay-staging2.shopifycloud.com/
d41d8cd98f00b204e9800998ecf8427e	zero byte favicon	https://ping-api.shopifycloud.com/
d41d8cd98f00b204e9800998ecf8427e	zero byte favicon	https://ping-api-staging.shopifycloud.com/
d41d8cd98f00b204e9800998ecf8427e	zero byte favicon	https://plus-home.shopifycloud.com/
d41d8cd98f00b204e9800998ecf8427e	zero byte favicon	https://plus-merchant-onboarding.shopifycloud.com/
d41d8cd98f00b204e9800998ecf8427e	zero byte favicon	https://pos-channel.shopifycloud.com/
d41d8cd98f00b204e9800998ecf8427e	zero byte favicon	https://pos-channel-staging-app.shopifycloud.com/
d41d8cd98f00b204e9800998ecf8427e	zero byte favicon	https://pos-channel-staging.shopifycloud.com/
d41d8cd98f00b204e9800998ecf8427e	zero byte favicon	https://pos-compliance-server.shopifycloud.com/
d41d8cd98f00b204e9800998ecf8427e	zero byte favicon	https://pos-compliance-server-staging.shopifycloud.com/
d41d8cd98f00b204e9800998ecf8427e	zero byte favicon	https://privacy-banner.shopifycloud.com/
d41d8cd98f00b204e9800998ecf8427e	zero byte favicon	https://privacy-banner-staging.shopifycloud.com/
d41d8cd98f00b204e9800998ecf8427e	zero byte favicon	https://pursuit2018.shopifycloud.com/
d41d8cd98f00b204e9800998ecf8427e	zero byte favicon	https://pursuit2018-staging.shopifycloud.com/
d41d8cd98f00b204e9800998ecf8427e	zero byte favicon	https://remember-me.shopifycloud.com/
d41d8cd98f00b204e9800998ecf8427e	zero byte favicon	https://remember-me-staging.shopifycloud.com/
d41d8cd98f00b204e9800998ecf8427e	zero byte favicon	https://retail-labels-printer.shopifycloud.com/
d41d8cd98f00b204e9800998ecf8427e	zero byte favicon	https://retail-telemetry-proxy.shopifycloud.com/
d41d8cd98f00b204e9800998ecf8427e	zero byte favicon	https://retail-telemetry-proxy-staging.shopifycloud.com/
d41d8cd98f00b204e9800998ecf8427e	zero byte favicon	https://return-magic-intranet.shopifycloud.com/
d41d8cd98f00b204e9800998ecf8427e	zero byte favicon	https://savage-sign-on-staging.shopifycloud.com/
d41d8cd98f00b204e9800998ecf8427e	zero byte favicon	https://script-editor-canada.shopifycloud.com/
d41d8cd98f00b204e9800998ecf8427e	zero byte favicon	https://script-editor.shopifycloud.com/
d41d8cd98f00b204e9800998ecf8427e	zero byte favicon	https://shipit.shopifycloud.com/
d41d8cd98f00b204e9800998ecf8427e	zero byte favicon	https://shipping-manifests.shopifycloud.com/
d41d8cd98f00b204e9800998ecf8427e	zero byte favicon	https://shop-accounts.shopifycloud.com/
d41d8cd98f00b204e9800998ecf8427e	zero byte favicon	https://shop-accounts-staging.shopifycloud.com/
d41d8cd98f00b204e9800998ecf8427e	zero byte favicon	https://shopclass2018.shopifycloud.com/
d41d8cd98f00b204e9800998ecf8427e	zero byte favicon	https://shopclass2018-staging.shopifycloud.com/
d41d8cd98f00b204e9800998ecf8427e	zero byte favicon	https://shop-cloner.shopifycloud.com/
d41d8cd98f00b204e9800998ecf8427e	zero byte favicon	https://shopcodes.shopifycloud.com/
d41d8cd98f00b204e9800998ecf8427e	zero byte favicon	https://shopcodes-staging.shopifycloud.com/
d41d8cd98f00b204e9800998ecf8427e	zero byte favicon	https://shopify-audiences.shopifycloud.com/
d41d8cd98f00b204e9800998ecf8427e	zero byte favicon	https://shopify-audiences-staging.shopifycloud.com/
d41d8cd98f00b204e9800998ecf8427e	zero byte favicon	https://shopify-bids.shopifycloud.com/
d41d8cd98f00b204e9800998ecf8427e	zero byte favicon	https://shopify-bids-staging.shopifycloud.com/
d41d8cd98f00b204e9800998ecf8427e	zero byte favicon	https://shopify-classifieds.shopifycloud.com/
d41d8cd98f00b204e9800998ecf8427e	zero byte favicon	https://shopify-data-exporter.shopifycloud.com/
d41d8cd98f00b204e9800998ecf8427e	zero byte favicon	https://shopify-dev.shopifycloud.com/
d41d8cd98f00b204e9800998ecf8427e	zero byte favicon	https://shopify-events.shopifycloud.com/
d41d8cd98f00b204e9800998ecf8427e	zero byte favicon	https://shopify-events-staging.shopifycloud.com/
d41d8cd98f00b204e9800998ecf8427e	zero byte favicon	https://shopify-graphiql-app.shopifycloud.com/
d41d8cd98f00b204e9800998ecf8427e	zero byte favicon	https://shopify-payments-webhook-proxy.shopifycloud.com/
d41d8cd98f00b204e9800998ecf8427e	zero byte favicon	https://shopify-planet.shopifycloud.com/
d41d8cd98f00b204e9800998ecf8427e	zero byte favicon	https://shopify-slack-bot.shopifycloud.com/
d41d8cd98f00b204e9800998ecf8427e	zero byte favicon	https://shopify-slack-bot-staging.shopifycloud.com/
d41d8cd98f00b204e9800998ecf8427e	zero byte favicon	https://shopimoji.shopifycloud.com/
d41d8cd98f00b204e9800998ecf8427e	zero byte favicon	https://shopstatus-east.shopifycloud.com/
d41d8cd98f00b204e9800998ecf8427e	zero byte favicon	https://shopstatus.shopifycloud.com/
d41d8cd98f00b204e9800998ecf8427e	zero byte favicon	https://smiley.shopifycloud.com/
d41d8cd98f00b204e9800998ecf8427e	zero byte favicon	https://stock-photos.shopifycloud.com/
d41d8cd98f00b204e9800998ecf8427e	zero byte favicon	https://store-localization.shopifycloud.com/
d41d8cd98f00b204e9800998ecf8427e	zero byte favicon	https://stripe-exchange-rates-proxy.shopifycloud.com/
d41d8cd98f00b204e9800998ecf8427e	zero byte favicon	https://subscriptions.shopifycloud.com/
d41d8cd98f00b204e9800998ecf8427e	zero byte favicon	https://supplier-portal.shopifycloud.com/
d41d8cd98f00b204e9800998ecf8427e	zero byte favicon	https://test-nginx-rails-path-separators.shopifycloud.com/
d41d8cd98f00b204e9800998ecf8427e	zero byte favicon	https://threed-warehouse.shopifycloud.com/
d41d8cd98f00b204e9800998ecf8427e	zero byte favicon	http://stock-photos.shopifycloud.com/
d41d8cd98f00b204e9800998ecf8427e	zero byte favicon	http://store-localization.shopifycloud.com/
d41d8cd98f00b204e9800998ecf8427e	zero byte favicon	https://transporter.shopifycloud.com/
d41d8cd98f00b204e9800998ecf8427e	zero byte favicon	http://stripe-exchange-rates-proxy.shopifycloud.com/
d41d8cd98f00b204e9800998ecf8427e	zero byte favicon	http://subscriptions.shopifycloud.com/
d41d8cd98f00b204e9800998ecf8427e	zero byte favicon	https://ulysses.shopifycloud.com/
d41d8cd98f00b204e9800998ecf8427e	zero byte favicon	https://ulysses-staging.shopifycloud.com/
d41d8cd98f00b204e9800998ecf8427e	zero byte favicon	https://unite2020.shopifycloud.com/
d41d8cd98f00b204e9800998ecf8427e	zero byte favicon	https://unite2020-staging.shopifycloud.com/
d41d8cd98f00b204e9800998ecf8427e	zero byte favicon	https://unite2021.shopifycloud.com/
d41d8cd98f00b204e9800998ecf8427e	zero byte favicon	http://supplier-portal.shopifycloud.com/
d41d8cd98f00b204e9800998ecf8427e	zero byte favicon	https://videobin.shopifycloud.com/
d41d8cd98f00b204e9800998ecf8427e	zero byte favicon	https://webhook-receiver2.shopifycloud.com/
d41d8cd98f00b204e9800998ecf8427e	zero byte favicon	https://webhook-receiver3.shopifycloud.com/
d41d8cd98f00b204e9800998ecf8427e	zero byte favicon	https://webhook-receiver4.shopifycloud.com/
d41d8cd98f00b204e9800998ecf8427e	zero byte favicon	https://webhook-receiver5.shopifycloud.com/
d41d8cd98f00b204e9800998ecf8427e	zero byte favicon	https://webhook-receiver.shopifycloud.com/
d41d8cd98f00b204e9800998ecf8427e	zero byte favicon	https://wholesale-ingress.shopifycloud.com/
d41d8cd98f00b204e9800998ecf8427e	zero byte favicon	https://wholesale.shopifycloud.com/
d41d8cd98f00b204e9800998ecf8427e	zero byte favicon	https://wholesale-staging-ingress.shopifycloud.com/
d41d8cd98f00b204e9800998ecf8427e	zero byte favicon	https://wholesale-staging.shopifycloud.com/
d41d8cd98f00b204e9800998ecf8427e	zero byte favicon	http://test-nginx-rails-path-separators.shopifycloud.com/
d41d8cd98f00b204e9800998ecf8427e	zero byte favicon	http://threed-warehouse.shopifycloud.com/
d41d8cd98f00b204e9800998ecf8427e	zero byte favicon	http://transporter.shopifycloud.com/
d41d8cd98f00b204e9800998ecf8427e	zero byte favicon	http://ulysses.shopifycloud.com/
d41d8cd98f00b204e9800998ecf8427e	zero byte favicon	http://ulysses-staging.shopifycloud.com/
d41d8cd98f00b204e9800998ecf8427e	zero byte favicon	http://unite2020.shopifycloud.com/
d41d8cd98f00b204e9800998ecf8427e	zero byte favicon	http://unite2020-staging.shopifycloud.com/
d41d8cd98f00b204e9800998ecf8427e	zero byte favicon	http://unite2021.shopifycloud.com/
d41d8cd98f00b204e9800998ecf8427e	zero byte favicon	http://videobin.shopifycloud.com/
d41d8cd98f00b204e9800998ecf8427e	zero byte favicon	http://webhook-receiver2.shopifycloud.com/
d41d8cd98f00b204e9800998ecf8427e	zero byte favicon	http://webhook-receiver3.shopifycloud.com/
d41d8cd98f00b204e9800998ecf8427e	zero byte favicon	http://webhook-receiver4.shopifycloud.com/
d41d8cd98f00b204e9800998ecf8427e	zero byte favicon	http://webhook-receiver5.shopifycloud.com/
d41d8cd98f00b204e9800998ecf8427e	zero byte favicon	http://webhook-receiver.shopifycloud.com/
d41d8cd98f00b204e9800998ecf8427e	zero byte favicon	http://wholesale-ingress.shopifycloud.com/
d41d8cd98f00b204e9800998ecf8427e	zero byte favicon	http://wholesale.shopifycloud.com/
d41d8cd98f00b204e9800998ecf8427e	zero byte favicon	http://wholesale-staging-ingress.shopifycloud.com/
d41d8cd98f00b204e9800998ecf8427e	zero byte favicon	http://wholesale-staging.shopifycloud.com/
