-1279294674	zendesk-support	http://help.sketchfab.com/
-1279294674	zendesk-support	https://help.sketchfab.com/
0	zero byte favicon	http://img.email1.sketchfab.com/
0	zero byte favicon	http://img.email2.sketchfab.com/
0	zero byte favicon	http://img.email3.sketchfab.com/
0	zero byte favicon	http://r.email1.sketchfab.com/
0	zero byte favicon	http://r.email2.sketchfab.com/
0	zero byte favicon	http://r.email3.sketchfab.com/
0	zero byte favicon	https://img.email1.sketchfab.com/
0	zero byte favicon	https://img.email2.sketchfab.com/
0	zero byte favicon	https://img.email3.sketchfab.com/
0	zero byte favicon	https://r.email1.sketchfab.com/
0	zero byte favicon	https://r.email2.sketchfab.com/
0	zero byte favicon	https://r.email3.sketchfab.com/
1f2804bd63515db219aeea50f61df277	zendesk-support	http://help.sketchfab.com/
1f2804bd63515db219aeea50f61df277	zendesk-support	https://help.sketchfab.com/
d41d8cd98f00b204e9800998ecf8427e	zero byte favicon	http://img.email1.sketchfab.com/
d41d8cd98f00b204e9800998ecf8427e	zero byte favicon	http://img.email2.sketchfab.com/
d41d8cd98f00b204e9800998ecf8427e	zero byte favicon	http://img.email3.sketchfab.com/
d41d8cd98f00b204e9800998ecf8427e	zero byte favicon	http://r.email1.sketchfab.com/
d41d8cd98f00b204e9800998ecf8427e	zero byte favicon	http://r.email2.sketchfab.com/
d41d8cd98f00b204e9800998ecf8427e	zero byte favicon	http://r.email3.sketchfab.com/
d41d8cd98f00b204e9800998ecf8427e	zero byte favicon	https://img.email1.sketchfab.com/
d41d8cd98f00b204e9800998ecf8427e	zero byte favicon	https://img.email2.sketchfab.com/
d41d8cd98f00b204e9800998ecf8427e	zero byte favicon	https://img.email3.sketchfab.com/
d41d8cd98f00b204e9800998ecf8427e	zero byte favicon	https://r.email1.sketchfab.com/
d41d8cd98f00b204e9800998ecf8427e	zero byte favicon	https://r.email2.sketchfab.com/
d41d8cd98f00b204e9800998ecf8427e	zero byte favicon	https://r.email3.sketchfab.com/
