0	zero byte favicon	http://dev.staging.superawesome.com/
0	zero byte favicon	http://dev.superawesome.com/
0	zero byte favicon	http://kwsguides.superawesome.com/
0	zero byte favicon	http://kws-support.superawesome.com/
0	zero byte favicon	http://parents.superawesome.com/
0	zero byte favicon	http://safead.superawesome.com/
0	zero byte favicon	https://dev.staging.superawesome.com/
0	zero byte favicon	https://dev.superawesome.com/
0	zero byte favicon	https://kwsguides.superawesome.com/
0	zero byte favicon	https://kws-support.superawesome.com/
0	zero byte favicon	https://parents.superawesome.com/
0	zero byte favicon	https://safead.superawesome.com/
0	zero byte favicon	https://superawesome.com/
0	zero byte favicon	http://superawesome.com/
0	zero byte favicon	https://www.superawesome.com/
0	zero byte favicon	http://www.superawesome.com/
d41d8cd98f00b204e9800998ecf8427e	zero byte favicon	http://dev.staging.superawesome.com/
d41d8cd98f00b204e9800998ecf8427e	zero byte favicon	http://dev.superawesome.com/
d41d8cd98f00b204e9800998ecf8427e	zero byte favicon	http://kwsguides.superawesome.com/
d41d8cd98f00b204e9800998ecf8427e	zero byte favicon	http://kws-support.superawesome.com/
d41d8cd98f00b204e9800998ecf8427e	zero byte favicon	http://parents.superawesome.com/
d41d8cd98f00b204e9800998ecf8427e	zero byte favicon	http://safead.superawesome.com/
d41d8cd98f00b204e9800998ecf8427e	zero byte favicon	https://dev.staging.superawesome.com/
d41d8cd98f00b204e9800998ecf8427e	zero byte favicon	https://dev.superawesome.com/
d41d8cd98f00b204e9800998ecf8427e	zero byte favicon	https://kwsguides.superawesome.com/
d41d8cd98f00b204e9800998ecf8427e	zero byte favicon	https://kws-support.superawesome.com/
d41d8cd98f00b204e9800998ecf8427e	zero byte favicon	https://parents.superawesome.com/
d41d8cd98f00b204e9800998ecf8427e	zero byte favicon	https://safead.superawesome.com/
d41d8cd98f00b204e9800998ecf8427e	zero byte favicon	https://superawesome.com/
d41d8cd98f00b204e9800998ecf8427e	zero byte favicon	http://superawesome.com/
d41d8cd98f00b204e9800998ecf8427e	zero byte favicon	https://www.superawesome.com/
d41d8cd98f00b204e9800998ecf8427e	zero byte favicon	http://www.superawesome.com/
