-1279294674	zendesk-support	http://customerservice.vtm.be/
-1279294674	zendesk-support	http://customerservicekoken.vtm.be/
-1279294674	zendesk-support	http://customerservicenieuws.vtm.be/
-1279294674	zendesk-support	https://customerservice.vtm.be/
-1279294674	zendesk-support	https://customerservicekoken.vtm.be/
-1279294674	zendesk-support	https://customerservicenieuws.vtm.be/
-167656799	drupal	https://cms-stag.vtm.be/
-167656799	drupal	https://cms.vtm.be/
-167656799	drupal	https://stag.cms.vtm.be/
-2009722838	react	http://themaskedsinger-demo.vtm.be/
-2009722838	react	https://themaskedsinger-demo.vtm.be/
0	zero byte favicon	http://actie.vtm.be/
0	zero byte favicon	http://qualifio.koken.vtm.be/
0	zero byte favicon	http://qualifio.nieuws.vtm.be/
0	zero byte favicon	http://qualifio.vtm.be/
0	zero byte favicon	https://actie.vtm.be/
0	zero byte favicon	https://qualifio.koken.vtm.be/
0	zero byte favicon	https://qualifio.nieuws.vtm.be/
0	zero byte favicon	https://qualifio.vtm.be/
1274734426	blankwhite	http://myaccount.vtm.be/
1274734426	blankwhite	https://myaccount.vtm.be/
1f2804bd63515db219aeea50f61df277	zendesk-support	http://customerservice.vtm.be/
1f2804bd63515db219aeea50f61df277	zendesk-support	http://customerservicekoken.vtm.be/
1f2804bd63515db219aeea50f61df277	zendesk-support	http://customerservicenieuws.vtm.be/
1f2804bd63515db219aeea50f61df277	zendesk-support	https://customerservice.vtm.be/
1f2804bd63515db219aeea50f61df277	zendesk-support	https://customerservicekoken.vtm.be/
1f2804bd63515db219aeea50f61df277	zendesk-support	https://customerservicenieuws.vtm.be/
8b5a97b687b1fb900d94bc7b1187438f	blankwhite	http://myaccount.vtm.be/
8b5a97b687b1fb900d94bc7b1187438f	blankwhite	https://myaccount.vtm.be/
d41d8cd98f00b204e9800998ecf8427e	zero byte favicon	http://actie.vtm.be/
d41d8cd98f00b204e9800998ecf8427e	zero byte favicon	http://qualifio.koken.vtm.be/
d41d8cd98f00b204e9800998ecf8427e	zero byte favicon	http://qualifio.nieuws.vtm.be/
d41d8cd98f00b204e9800998ecf8427e	zero byte favicon	http://qualifio.vtm.be/
d41d8cd98f00b204e9800998ecf8427e	zero byte favicon	https://actie.vtm.be/
d41d8cd98f00b204e9800998ecf8427e	zero byte favicon	https://qualifio.koken.vtm.be/
d41d8cd98f00b204e9800998ecf8427e	zero byte favicon	https://qualifio.nieuws.vtm.be/
d41d8cd98f00b204e9800998ecf8427e	zero byte favicon	https://qualifio.vtm.be/
