170374076	yelo-tv	http://01-antivirus.yelo.be/
170374076	yelo-tv	http://02-antivirus.yelo.be/
170374076	yelo-tv	http://0-antivirus.yelo.be/
170374076	yelo-tv	http://111-viruswall.yelo.be/
170374076	yelo-tv	http://114.viruswall.yelo.be/
170374076	yelo-tv	http://12-corona.yelo.be/
170374076	yelo-tv	http://13-distance.yelo.be/
170374076	yelo-tv	http://17.viruswall.yelo.be/
170374076	yelo-tv	http://1www.yelo.be/
170374076	yelo-tv	http://2013-corona.yelo.be/
170374076	yelo-tv	http://20.yelo.be/
170374076	yelo-tv	http://52.yelo.be/
170374076	yelo-tv	http://aalborgmaskinudlejning.yelo.be/
170374076	yelo-tv	http://acp.yelo.be/
170374076	yelo-tv	http://ac.yelo.be/
170374076	yelo-tv	http://admin.yelo.be/
170374076	yelo-tv	http://alumni.dev.yelo.be/
170374076	yelo-tv	http://antivirusadmin.yelo.be/
170374076	yelo-tv	http://antiviruskfb.yelo.be/
170374076	yelo-tv	http://antivirus-mail499.na2.yelo.be/
170374076	yelo-tv	http://antivirus.tracking.yelo.be/
170374076	yelo-tv	http://baidu.yelo.be/
170374076	yelo-tv	http://bewww.yelo.be/
170374076	yelo-tv	http://bip.yelo.be/
170374076	yelo-tv	http://blackvirus.yelo.be/
170374076	yelo-tv	http://blogs.yelo.be/
170374076	yelo-tv	http://blog.yelo.be/
170374076	yelo-tv	http://bookmarks.yelo.be/
170374076	yelo-tv	http://checker.yelo.be/
170374076	yelo-tv	http://class.yelo.be/
170374076	yelo-tv	http://club.yelo.be/
170374076	yelo-tv	http://cn.yelo.be/
170374076	yelo-tv	http://codeigniter-google-maps-v3-api-library-master.yelo.be/
170374076	yelo-tv	http://comune.yelo.be/
170374076	yelo-tv	http://com.yelo.be/
170374076	yelo-tv	http://content.yelo.be/
170374076	yelo-tv	http://corona23.yelo.be/
170374076	yelo-tv	http://coronaangelica.yelo.be/
170374076	yelo-tv	http://coronac28.yelo.be/
170374076	yelo-tv	http://coronaca.yelo.be/
170374076	yelo-tv	http://corona-m.yelo.be/
170374076	yelo-tv	http://corona-pad2.yelo.be/
170374076	yelo-tv	http://corona-spending.yelo.be/
170374076	yelo-tv	http://corona-www.yelo.be/
170374076	yelo-tv	http://coronawww.yelo.be/
170374076	yelo-tv	http://coronax.yelo.be/
170374076	yelo-tv	http://corp.yelo.be/
170374076	yelo-tv	http://covideo-isus.yelo.be/
170374076	yelo-tv	http://cse.yelo.be/
170374076	yelo-tv	http://csg.yelo.be/
170374076	yelo-tv	http://cs.yelo.be/
170374076	yelo-tv	http://demo.yelo.be/
170374076	yelo-tv	http://de.yelo.be/
170374076	yelo-tv	http://digilander.yelo.be/
170374076	yelo-tv	http://direttore.yelo.be/
170374076	yelo-tv	http://distancelearnpre.yelo.be/
170374076	yelo-tv	http://distancelearn.yelo.be/
170374076	yelo-tv	http://ecovidrio.yelo.be/
170374076	yelo-tv	http://es.yelo.be/
170374076	yelo-tv	http://fanwoodregister.yelo.be/
170374076	yelo-tv	http://feeds.yelo.be/
170374076	yelo-tv	http://ff.yelo.be/
170374076	yelo-tv	http://forums.yelo.be/
170374076	yelo-tv	http://forum.yelo.be/
170374076	yelo-tv	http://fr.yelo.be/
170374076	yelo-tv	http://games.yelo.be/
170374076	yelo-tv	http://golden-mask.yelo.be/
170374076	yelo-tv	http://grc2go.yelo.be/
170374076	yelo-tv	http://h3.yelo.be/
170374076	yelo-tv	http://h6.yelo.be/
170374076	yelo-tv	http://h7.yelo.be/
170374076	yelo-tv	http://helityponeocovidevdealerwaress.sa.yelo.be/
170374076	yelo-tv	http://help.yelo.be/
170374076	yelo-tv	http://hh.yelo.be/
170374076	yelo-tv	http://homepage2.yelo.be/
170374076	yelo-tv	http://homepage3.yelo.be/
170374076	yelo-tv	http://homepage.yelo.be/
170374076	yelo-tv	http://home.yelo.be/
170374076	yelo-tv	http://host191-174.yelo.be/
170374076	yelo-tv	http://hostedquarantine-corp.yelo.be/
170374076	yelo-tv	http://host.yelo.be/
170374076	yelo-tv	http://i2v-lsfe-002.i04.yelo.be/
170374076	yelo-tv	http://iimahd.yelo.be/
170374076	yelo-tv	http://imgcorona-spending.yelo.be/
170374076	yelo-tv	http://img-corona.yelo.be/
170374076	yelo-tv	http://imgcorona.yelo.be/
170374076	yelo-tv	http://img.yelo.be/
170374076	yelo-tv	http://infolab.yelo.be/
170374076	yelo-tv	http://info.yelo.be/
170374076	yelo-tv	http://inst.yelo.be/
170374076	yelo-tv	http://i.yelo.be/
170374076	yelo-tv	http://k2.yelo.be/
170374076	yelo-tv	http://k3.yelo.be/
170374076	yelo-tv	http://k4.yelo.be/
170374076	yelo-tv	http://k5.yelo.be/
170374076	yelo-tv	http://kk.yelo.be/
170374076	yelo-tv	http://local.yelo.be/
170374076	yelo-tv	http://lockdown.yelo.be/
170374076	yelo-tv	http://mail.yelo.be/
170374076	yelo-tv	http://majorasmask.yelo.be/
170374076	yelo-tv	http://manager.yelo.be/
170374076	yelo-tv	http://mascara1.yelo.be/
170374076	yelo-tv	http://mask10.yelo.be/
170374076	yelo-tv	http://mask2.yelo.be/
170374076	yelo-tv	http://mask4.yelo.be/
170374076	yelo-tv	http://maskatel.yelo.be/
170374076	yelo-tv	http://maskedfp.yelo.be/
170374076	yelo-tv	http://maskedsig.yelo.be/
170374076	yelo-tv	http://maskerade-rwd.yelo.be/
170374076	yelo-tv	http://maskme.yelo.be/
170374076	yelo-tv	http://masky.yelo.be/
170374076	yelo-tv	http://math.yelo.be/
170374076	yelo-tv	http://maven.yelo.be/
170374076	yelo-tv	http://mirrorschooplacestilityponeocovidev.yelo.be/
170374076	yelo-tv	http://moneocovid19.sa.yelo.be/
170374076	yelo-tv	http://mpk.yelo.be/
170374076	yelo-tv	http://mudmask.yelo.be/
170374076	yelo-tv	http://music.yelo.be/
170374076	yelo-tv	http://myhome.yelo.be/
170374076	yelo-tv	http://news.yelo.be/
170374076	yelo-tv	http://new.yelo.be/
170374076	yelo-tv	http://ng-systems.yelo.be/
170374076	yelo-tv	http://nn.yelo.be/
170374076	yelo-tv	http://no.yelo.be/
170374076	yelo-tv	http://passport.yelo.be/
170374076	yelo-tv	http://pay.yelo.be/
170374076	yelo-tv	http://people.yelo.be/
170374076	yelo-tv	http://postentryquarantine.yelo.be/
170374076	yelo-tv	http://pp.yelo.be/
170374076	yelo-tv	http://prod.yelo.be/
170374076	yelo-tv	http://prof.yelo.be/
170374076	yelo-tv	http://provincia.yelo.be/
170374076	yelo-tv	http://publicstaticvoid.yelo.be/
170374076	yelo-tv	http://qadiscovid19.sa.yelo.be/
170374076	yelo-tv	http://quarantine2.yelo.be/
170374076	yelo-tv	http://quarantine-a.yelo.be/
170374076	yelo-tv	http://regione.yelo.be/
170374076	yelo-tv	http://respirators.yelo.be/
170374076	yelo-tv	http://respiratory-care-sleep-medicine.yelo.be/
170374076	yelo-tv	http://resume.yelo.be/
170374076	yelo-tv	http://rnavirus.yelo.be/
170374076	yelo-tv	http://rootsweb.yelo.be/
170374076	yelo-tv	https://01-antivirus.yelo.be/
170374076	yelo-tv	https://02-antivirus.yelo.be/
170374076	yelo-tv	https://0-antivirus.yelo.be/
170374076	yelo-tv	https://111-viruswall.yelo.be/
170374076	yelo-tv	https://114.viruswall.yelo.be/
170374076	yelo-tv	https://12-corona.yelo.be/
170374076	yelo-tv	https://13-distance.yelo.be/
170374076	yelo-tv	https://17.viruswall.yelo.be/
170374076	yelo-tv	https://1www.yelo.be/
170374076	yelo-tv	https://2013-corona.yelo.be/
170374076	yelo-tv	https://20.yelo.be/
170374076	yelo-tv	https://52.yelo.be/
170374076	yelo-tv	https://aalborgmaskinudlejning.yelo.be/
170374076	yelo-tv	https://acp.yelo.be/
170374076	yelo-tv	https://ac.yelo.be/
170374076	yelo-tv	https://admin.yelo.be/
170374076	yelo-tv	https://alumni.dev.yelo.be/
170374076	yelo-tv	https://antivirusadmin.yelo.be/
170374076	yelo-tv	https://antiviruskfb.yelo.be/
170374076	yelo-tv	https://antivirus-mail499.na2.yelo.be/
170374076	yelo-tv	https://antivirus.tracking.yelo.be/
170374076	yelo-tv	https://baidu.yelo.be/
170374076	yelo-tv	https://bewww.yelo.be/
170374076	yelo-tv	https://bip.yelo.be/
170374076	yelo-tv	https://blackvirus.yelo.be/
170374076	yelo-tv	https://blogs.yelo.be/
170374076	yelo-tv	https://blog.yelo.be/
170374076	yelo-tv	https://bookmarks.yelo.be/
170374076	yelo-tv	https://checker.yelo.be/
170374076	yelo-tv	http://scheduledlocationservicetests.yelo.be/
170374076	yelo-tv	https://class.yelo.be/
170374076	yelo-tv	https://club.yelo.be/
170374076	yelo-tv	https://cn.yelo.be/
170374076	yelo-tv	https://codeigniter-google-maps-v3-api-library-master.yelo.be/
170374076	yelo-tv	https://comune.yelo.be/
170374076	yelo-tv	https://com.yelo.be/
170374076	yelo-tv	https://content.yelo.be/
170374076	yelo-tv	https://corona23.yelo.be/
170374076	yelo-tv	https://coronaangelica.yelo.be/
170374076	yelo-tv	https://coronac28.yelo.be/
170374076	yelo-tv	https://coronaca.yelo.be/
170374076	yelo-tv	https://corona-m.yelo.be/
170374076	yelo-tv	https://corona-pad2.yelo.be/
170374076	yelo-tv	https://corona-spending.yelo.be/
170374076	yelo-tv	https://corona-www.yelo.be/
170374076	yelo-tv	https://coronawww.yelo.be/
170374076	yelo-tv	https://coronax.yelo.be/
170374076	yelo-tv	https://corp.yelo.be/
170374076	yelo-tv	https://covideo-isus.yelo.be/
170374076	yelo-tv	https://cse.yelo.be/
170374076	yelo-tv	https://csg.yelo.be/
170374076	yelo-tv	https://cs.yelo.be/
170374076	yelo-tv	http://sdcw.virus1.yelo.be/
170374076	yelo-tv	https://demo.yelo.be/
170374076	yelo-tv	https://de.yelo.be/
170374076	yelo-tv	https://digilander.yelo.be/
170374076	yelo-tv	https://direttore.yelo.be/
170374076	yelo-tv	https://distancelearnpre.yelo.be/
170374076	yelo-tv	https://distancelearn.yelo.be/
170374076	yelo-tv	http://search.yelo.be/
170374076	yelo-tv	https://ecovidrio.yelo.be/
170374076	yelo-tv	http://server1.yelo.be/
170374076	yelo-tv	https://es.yelo.be/
170374076	yelo-tv	https://fanwoodregister.yelo.be/
170374076	yelo-tv	https://feeds.yelo.be/
170374076	yelo-tv	https://ff.yelo.be/
170374076	yelo-tv	https://forums.yelo.be/
170374076	yelo-tv	https://forum.yelo.be/
170374076	yelo-tv	https://fr.yelo.be/
170374076	yelo-tv	https://games.yelo.be/
170374076	yelo-tv	https://golden-mask.yelo.be/
170374076	yelo-tv	https://grc2go.yelo.be/
170374076	yelo-tv	https://h3.yelo.be/
170374076	yelo-tv	https://h6.yelo.be/
170374076	yelo-tv	https://h7.yelo.be/
170374076	yelo-tv	https://helityponeocovidevdealerwaress.sa.yelo.be/
170374076	yelo-tv	https://help.yelo.be/
170374076	yelo-tv	https://hh.yelo.be/
170374076	yelo-tv	https://homepage2.yelo.be/
170374076	yelo-tv	https://homepage3.yelo.be/
170374076	yelo-tv	https://homepage.yelo.be/
170374076	yelo-tv	https://home.yelo.be/
170374076	yelo-tv	https://host191-174.yelo.be/
170374076	yelo-tv	https://hostedquarantine-corp.yelo.be/
170374076	yelo-tv	https://host.yelo.be/
170374076	yelo-tv	https://i2v-lsfe-002.i04.yelo.be/
170374076	yelo-tv	https://iimahd.yelo.be/
170374076	yelo-tv	https://imgcorona-spending.yelo.be/
170374076	yelo-tv	https://img-corona.yelo.be/
170374076	yelo-tv	https://imgcorona.yelo.be/
170374076	yelo-tv	https://img.yelo.be/
170374076	yelo-tv	https://infolab.yelo.be/
170374076	yelo-tv	https://info.yelo.be/
170374076	yelo-tv	https://inst.yelo.be/
170374076	yelo-tv	http://sitestaginstagilediscovidev.sa.yelo.be/
170374076	yelo-tv	https://i.yelo.be/
170374076	yelo-tv	https://k2.yelo.be/
170374076	yelo-tv	https://k3.yelo.be/
170374076	yelo-tv	https://k4.yelo.be/
170374076	yelo-tv	https://k5.yelo.be/
170374076	yelo-tv	https://kk.yelo.be/
170374076	yelo-tv	https://local.yelo.be/
170374076	yelo-tv	https://lockdown.yelo.be/
170374076	yelo-tv	http://slovari.yelo.be/
170374076	yelo-tv	https://mail.yelo.be/
170374076	yelo-tv	https://majorasmask.yelo.be/
170374076	yelo-tv	https://manager.yelo.be/
170374076	yelo-tv	https://mascara1.yelo.be/
170374076	yelo-tv	https://mask10.yelo.be/
170374076	yelo-tv	https://mask2.yelo.be/
170374076	yelo-tv	https://mask4.yelo.be/
170374076	yelo-tv	https://maskatel.yelo.be/
170374076	yelo-tv	https://maskedfp.yelo.be/
170374076	yelo-tv	https://maskedsig.yelo.be/
170374076	yelo-tv	https://maskerade-rwd.yelo.be/
170374076	yelo-tv	https://maskme.yelo.be/
170374076	yelo-tv	https://masky.yelo.be/
170374076	yelo-tv	https://math.yelo.be/
170374076	yelo-tv	https://maven.yelo.be/
170374076	yelo-tv	https://mirrorschooplacestilityponeocovidev.yelo.be/
170374076	yelo-tv	https://moneocovid19.sa.yelo.be/
170374076	yelo-tv	https://mpk.yelo.be/
170374076	yelo-tv	https://mudmask.yelo.be/
170374076	yelo-tv	https://music.yelo.be/
170374076	yelo-tv	https://myhome.yelo.be/
170374076	yelo-tv	https://news.yelo.be/
170374076	yelo-tv	https://new.yelo.be/
170374076	yelo-tv	https://ng-systems.yelo.be/
170374076	yelo-tv	https://nn.yelo.be/
170374076	yelo-tv	https://no.yelo.be/
170374076	yelo-tv	https://passport.yelo.be/
170374076	yelo-tv	https://pay.yelo.be/
170374076	yelo-tv	https://people.yelo.be/
170374076	yelo-tv	https://postentryquarantine.yelo.be/
170374076	yelo-tv	https://pp.yelo.be/
170374076	yelo-tv	https://prod.yelo.be/
170374076	yelo-tv	https://prof.yelo.be/
170374076	yelo-tv	https://provincia.yelo.be/
170374076	yelo-tv	https://publicstaticvoid.yelo.be/
170374076	yelo-tv	https://qadiscovid19.sa.yelo.be/
170374076	yelo-tv	https://quarantine2.yelo.be/
170374076	yelo-tv	https://quarantine-a.yelo.be/
170374076	yelo-tv	https://regione.yelo.be/
170374076	yelo-tv	https://respirators.yelo.be/
170374076	yelo-tv	https://respiratory-care-sleep-medicine.yelo.be/
170374076	yelo-tv	https://resume.yelo.be/
170374076	yelo-tv	https://rnavirus.yelo.be/
170374076	yelo-tv	https://rootsweb.yelo.be/
170374076	yelo-tv	https://scheduledlocationservicetests.yelo.be/
170374076	yelo-tv	https://sdcw.virus1.yelo.be/
170374076	yelo-tv	https://search.yelo.be/
170374076	yelo-tv	https://server1.yelo.be/
170374076	yelo-tv	https://sitestaginstagilediscovidev.sa.yelo.be/
170374076	yelo-tv	https://slovari.yelo.be/
170374076	yelo-tv	https://staging.yelo.be/
170374076	yelo-tv	https://static.yelo.be/
170374076	yelo-tv	https://stimulusreporting.yelo.be/
170374076	yelo-tv	https://support.yelo.be/
170374076	yelo-tv	https://symposium.yelo.be/
170374076	yelo-tv	http://staging.yelo.be/
170374076	yelo-tv	http://static.yelo.be/
170374076	yelo-tv	https://telenet.yelo.be/
170374076	yelo-tv	https://thekittencovers-ns1.yelo.be/
170374076	yelo-tv	https://thomaskna.yelo.be/
170374076	yelo-tv	http://stimulusreporting.yelo.be/
170374076	yelo-tv	https://torimaskepp.yelo.be/
170374076	yelo-tv	https://treatwellationsdevdiscovid19.sa.yelo.be/
170374076	yelo-tv	https://tribunale.yelo.be/
170374076	yelo-tv	https://unauthorized.yelo.be/
170374076	yelo-tv	https://union.yelo.be/
170374076	yelo-tv	https://univ.yelo.be/
170374076	yelo-tv	http://support.yelo.be/
170374076	yelo-tv	https://up.yelo.be/
170374076	yelo-tv	https://users.yelo.be/
170374076	yelo-tv	https://user.yelo.be/
170374076	yelo-tv	https://vaccinatie.yelo.be/
170374076	yelo-tv	https://vaccinations.yelo.be/
170374076	yelo-tv	https://vaccine-bc-huang.yelo.be/
170374076	yelo-tv	https://vaccinetstodh.yelo.be/
170374076	yelo-tv	https://varnish.yelo.be/
170374076	yelo-tv	https://viruspolku.yelo.be/
170374076	yelo-tv	https://virusxescape.yelo.be/
170374076	yelo-tv	https://vpn.yelo.be/
170374076	yelo-tv	https://webmail.yelo.be/
170374076	yelo-tv	https://wireless.yelo.be/
170374076	yelo-tv	https://www2u.yelo.be/
170374076	yelo-tv	https://www5a.yelo.be/
170374076	yelo-tv	https://www5b.yelo.be/
170374076	yelo-tv	https://www5c.yelo.be/
170374076	yelo-tv	https://www5d.yelo.be/
170374076	yelo-tv	https://www5f.yelo.be/
170374076	yelo-tv	https://www7a.yelo.be/
170374076	yelo-tv	https://www7b.yelo.be/
170374076	yelo-tv	https://www.antivirus.www-dev.admin.alumni.dev.yelo.be/
170374076	yelo-tv	https://www.antivirus.www-test.alumni.dev.yelo.be/
170374076	yelo-tv	https://www-corona.yelo.be/
170374076	yelo-tv	https://www.google.bewww.yelo.be/
170374076	yelo-tv	https://ww.w.yelo.be/
170374076	yelo-tv	https://www.yelo.bewww.yelo.be/
170374076	yelo-tv	https://x016103.ppp.yelo.be/
170374076	yelo-tv	https://xovide.yelo.be/
170374076	yelo-tv	https://xroads.yelo.be/
170374076	yelo-tv	https://yelo.yelo.be/
170374076	yelo-tv	http://symposium.yelo.be/
170374076	yelo-tv	https://zwww.antiviruskfb.yelo.be/
170374076	yelo-tv	http://telenet.yelo.be/
170374076	yelo-tv	http://thekittencovers-ns1.yelo.be/
170374076	yelo-tv	http://thomaskna.yelo.be/
170374076	yelo-tv	http://torimaskepp.yelo.be/
170374076	yelo-tv	http://treatwellationsdevdiscovid19.sa.yelo.be/
170374076	yelo-tv	http://tribunale.yelo.be/
170374076	yelo-tv	http://unauthorized.yelo.be/
170374076	yelo-tv	http://union.yelo.be/
170374076	yelo-tv	http://univ.yelo.be/
170374076	yelo-tv	http://up.yelo.be/
170374076	yelo-tv	http://users.yelo.be/
170374076	yelo-tv	http://user.yelo.be/
170374076	yelo-tv	http://vaccinatie.yelo.be/
170374076	yelo-tv	http://vaccinations.yelo.be/
170374076	yelo-tv	http://vaccine-bc-huang.yelo.be/
170374076	yelo-tv	http://vaccinetstodh.yelo.be/
170374076	yelo-tv	http://varnish.yelo.be/
170374076	yelo-tv	http://viruspolku.yelo.be/
170374076	yelo-tv	http://virusxescape.yelo.be/
170374076	yelo-tv	http://vpn.yelo.be/
170374076	yelo-tv	http://webmail.yelo.be/
170374076	yelo-tv	http://wireless.yelo.be/
170374076	yelo-tv	http://www2u.yelo.be/
170374076	yelo-tv	http://www5a.yelo.be/
170374076	yelo-tv	http://www5b.yelo.be/
170374076	yelo-tv	http://www5c.yelo.be/
170374076	yelo-tv	http://www5d.yelo.be/
170374076	yelo-tv	http://www5f.yelo.be/
170374076	yelo-tv	http://www7a.yelo.be/
170374076	yelo-tv	http://www7b.yelo.be/
170374076	yelo-tv	http://www.antivirus.www-dev.admin.alumni.dev.yelo.be/
170374076	yelo-tv	http://www.antivirus.www-test.alumni.dev.yelo.be/
170374076	yelo-tv	http://www-corona.yelo.be/
170374076	yelo-tv	http://www.google.bewww.yelo.be/
170374076	yelo-tv	http://ww.w.yelo.be/
170374076	yelo-tv	http://www.yelo.bewww.yelo.be/
170374076	yelo-tv	http://x016103.ppp.yelo.be/
170374076	yelo-tv	http://xovide.yelo.be/
170374076	yelo-tv	http://xroads.yelo.be/
170374076	yelo-tv	http://yelo.yelo.be/
170374076	yelo-tv	http://zwww.antiviruskfb.yelo.be/
67b93a12788975cacb44365b060a3a6d	yelo-tv	http://01-antivirus.yelo.be/
67b93a12788975cacb44365b060a3a6d	yelo-tv	http://02-antivirus.yelo.be/
67b93a12788975cacb44365b060a3a6d	yelo-tv	http://0-antivirus.yelo.be/
67b93a12788975cacb44365b060a3a6d	yelo-tv	http://111-viruswall.yelo.be/
67b93a12788975cacb44365b060a3a6d	yelo-tv	http://114.viruswall.yelo.be/
67b93a12788975cacb44365b060a3a6d	yelo-tv	http://12-corona.yelo.be/
67b93a12788975cacb44365b060a3a6d	yelo-tv	http://13-distance.yelo.be/
67b93a12788975cacb44365b060a3a6d	yelo-tv	http://17.viruswall.yelo.be/
67b93a12788975cacb44365b060a3a6d	yelo-tv	http://1www.yelo.be/
67b93a12788975cacb44365b060a3a6d	yelo-tv	http://2013-corona.yelo.be/
67b93a12788975cacb44365b060a3a6d	yelo-tv	http://20.yelo.be/
67b93a12788975cacb44365b060a3a6d	yelo-tv	http://52.yelo.be/
67b93a12788975cacb44365b060a3a6d	yelo-tv	http://aalborgmaskinudlejning.yelo.be/
67b93a12788975cacb44365b060a3a6d	yelo-tv	http://acp.yelo.be/
67b93a12788975cacb44365b060a3a6d	yelo-tv	http://ac.yelo.be/
67b93a12788975cacb44365b060a3a6d	yelo-tv	http://admin.yelo.be/
67b93a12788975cacb44365b060a3a6d	yelo-tv	http://alumni.dev.yelo.be/
67b93a12788975cacb44365b060a3a6d	yelo-tv	http://antivirusadmin.yelo.be/
67b93a12788975cacb44365b060a3a6d	yelo-tv	http://antiviruskfb.yelo.be/
67b93a12788975cacb44365b060a3a6d	yelo-tv	http://antivirus-mail499.na2.yelo.be/
67b93a12788975cacb44365b060a3a6d	yelo-tv	http://antivirus.tracking.yelo.be/
67b93a12788975cacb44365b060a3a6d	yelo-tv	http://baidu.yelo.be/
67b93a12788975cacb44365b060a3a6d	yelo-tv	http://bewww.yelo.be/
67b93a12788975cacb44365b060a3a6d	yelo-tv	http://bip.yelo.be/
67b93a12788975cacb44365b060a3a6d	yelo-tv	http://blackvirus.yelo.be/
67b93a12788975cacb44365b060a3a6d	yelo-tv	http://blogs.yelo.be/
67b93a12788975cacb44365b060a3a6d	yelo-tv	http://blog.yelo.be/
67b93a12788975cacb44365b060a3a6d	yelo-tv	http://bookmarks.yelo.be/
67b93a12788975cacb44365b060a3a6d	yelo-tv	http://checker.yelo.be/
67b93a12788975cacb44365b060a3a6d	yelo-tv	http://class.yelo.be/
67b93a12788975cacb44365b060a3a6d	yelo-tv	http://club.yelo.be/
67b93a12788975cacb44365b060a3a6d	yelo-tv	http://cn.yelo.be/
67b93a12788975cacb44365b060a3a6d	yelo-tv	http://codeigniter-google-maps-v3-api-library-master.yelo.be/
67b93a12788975cacb44365b060a3a6d	yelo-tv	http://comune.yelo.be/
67b93a12788975cacb44365b060a3a6d	yelo-tv	http://com.yelo.be/
67b93a12788975cacb44365b060a3a6d	yelo-tv	http://content.yelo.be/
67b93a12788975cacb44365b060a3a6d	yelo-tv	http://corona23.yelo.be/
67b93a12788975cacb44365b060a3a6d	yelo-tv	http://coronaangelica.yelo.be/
67b93a12788975cacb44365b060a3a6d	yelo-tv	http://coronac28.yelo.be/
67b93a12788975cacb44365b060a3a6d	yelo-tv	http://coronaca.yelo.be/
67b93a12788975cacb44365b060a3a6d	yelo-tv	http://corona-m.yelo.be/
67b93a12788975cacb44365b060a3a6d	yelo-tv	http://corona-pad2.yelo.be/
67b93a12788975cacb44365b060a3a6d	yelo-tv	http://corona-spending.yelo.be/
67b93a12788975cacb44365b060a3a6d	yelo-tv	http://corona-www.yelo.be/
67b93a12788975cacb44365b060a3a6d	yelo-tv	http://coronawww.yelo.be/
67b93a12788975cacb44365b060a3a6d	yelo-tv	http://coronax.yelo.be/
67b93a12788975cacb44365b060a3a6d	yelo-tv	http://corp.yelo.be/
67b93a12788975cacb44365b060a3a6d	yelo-tv	http://covideo-isus.yelo.be/
67b93a12788975cacb44365b060a3a6d	yelo-tv	http://cse.yelo.be/
67b93a12788975cacb44365b060a3a6d	yelo-tv	http://csg.yelo.be/
67b93a12788975cacb44365b060a3a6d	yelo-tv	http://cs.yelo.be/
67b93a12788975cacb44365b060a3a6d	yelo-tv	http://demo.yelo.be/
67b93a12788975cacb44365b060a3a6d	yelo-tv	http://de.yelo.be/
67b93a12788975cacb44365b060a3a6d	yelo-tv	http://digilander.yelo.be/
67b93a12788975cacb44365b060a3a6d	yelo-tv	http://direttore.yelo.be/
67b93a12788975cacb44365b060a3a6d	yelo-tv	http://distancelearnpre.yelo.be/
67b93a12788975cacb44365b060a3a6d	yelo-tv	http://distancelearn.yelo.be/
67b93a12788975cacb44365b060a3a6d	yelo-tv	http://ecovidrio.yelo.be/
67b93a12788975cacb44365b060a3a6d	yelo-tv	http://es.yelo.be/
67b93a12788975cacb44365b060a3a6d	yelo-tv	http://fanwoodregister.yelo.be/
67b93a12788975cacb44365b060a3a6d	yelo-tv	http://feeds.yelo.be/
67b93a12788975cacb44365b060a3a6d	yelo-tv	http://ff.yelo.be/
67b93a12788975cacb44365b060a3a6d	yelo-tv	http://forums.yelo.be/
67b93a12788975cacb44365b060a3a6d	yelo-tv	http://forum.yelo.be/
67b93a12788975cacb44365b060a3a6d	yelo-tv	http://fr.yelo.be/
67b93a12788975cacb44365b060a3a6d	yelo-tv	http://games.yelo.be/
67b93a12788975cacb44365b060a3a6d	yelo-tv	http://golden-mask.yelo.be/
67b93a12788975cacb44365b060a3a6d	yelo-tv	http://grc2go.yelo.be/
67b93a12788975cacb44365b060a3a6d	yelo-tv	http://h3.yelo.be/
67b93a12788975cacb44365b060a3a6d	yelo-tv	http://h6.yelo.be/
67b93a12788975cacb44365b060a3a6d	yelo-tv	http://h7.yelo.be/
67b93a12788975cacb44365b060a3a6d	yelo-tv	http://helityponeocovidevdealerwaress.sa.yelo.be/
67b93a12788975cacb44365b060a3a6d	yelo-tv	http://help.yelo.be/
67b93a12788975cacb44365b060a3a6d	yelo-tv	http://hh.yelo.be/
67b93a12788975cacb44365b060a3a6d	yelo-tv	http://homepage2.yelo.be/
67b93a12788975cacb44365b060a3a6d	yelo-tv	http://homepage3.yelo.be/
67b93a12788975cacb44365b060a3a6d	yelo-tv	http://homepage.yelo.be/
67b93a12788975cacb44365b060a3a6d	yelo-tv	http://home.yelo.be/
67b93a12788975cacb44365b060a3a6d	yelo-tv	http://host191-174.yelo.be/
67b93a12788975cacb44365b060a3a6d	yelo-tv	http://hostedquarantine-corp.yelo.be/
67b93a12788975cacb44365b060a3a6d	yelo-tv	http://host.yelo.be/
67b93a12788975cacb44365b060a3a6d	yelo-tv	http://i2v-lsfe-002.i04.yelo.be/
67b93a12788975cacb44365b060a3a6d	yelo-tv	http://iimahd.yelo.be/
67b93a12788975cacb44365b060a3a6d	yelo-tv	http://imgcorona-spending.yelo.be/
67b93a12788975cacb44365b060a3a6d	yelo-tv	http://img-corona.yelo.be/
67b93a12788975cacb44365b060a3a6d	yelo-tv	http://imgcorona.yelo.be/
67b93a12788975cacb44365b060a3a6d	yelo-tv	http://img.yelo.be/
67b93a12788975cacb44365b060a3a6d	yelo-tv	http://infolab.yelo.be/
67b93a12788975cacb44365b060a3a6d	yelo-tv	http://info.yelo.be/
67b93a12788975cacb44365b060a3a6d	yelo-tv	http://inst.yelo.be/
67b93a12788975cacb44365b060a3a6d	yelo-tv	http://i.yelo.be/
67b93a12788975cacb44365b060a3a6d	yelo-tv	http://k2.yelo.be/
67b93a12788975cacb44365b060a3a6d	yelo-tv	http://k3.yelo.be/
67b93a12788975cacb44365b060a3a6d	yelo-tv	http://k4.yelo.be/
67b93a12788975cacb44365b060a3a6d	yelo-tv	http://k5.yelo.be/
67b93a12788975cacb44365b060a3a6d	yelo-tv	http://kk.yelo.be/
67b93a12788975cacb44365b060a3a6d	yelo-tv	http://local.yelo.be/
67b93a12788975cacb44365b060a3a6d	yelo-tv	http://lockdown.yelo.be/
67b93a12788975cacb44365b060a3a6d	yelo-tv	http://mail.yelo.be/
67b93a12788975cacb44365b060a3a6d	yelo-tv	http://majorasmask.yelo.be/
67b93a12788975cacb44365b060a3a6d	yelo-tv	http://manager.yelo.be/
67b93a12788975cacb44365b060a3a6d	yelo-tv	http://mascara1.yelo.be/
67b93a12788975cacb44365b060a3a6d	yelo-tv	http://mask10.yelo.be/
67b93a12788975cacb44365b060a3a6d	yelo-tv	http://mask2.yelo.be/
67b93a12788975cacb44365b060a3a6d	yelo-tv	http://mask4.yelo.be/
67b93a12788975cacb44365b060a3a6d	yelo-tv	http://maskatel.yelo.be/
67b93a12788975cacb44365b060a3a6d	yelo-tv	http://maskedfp.yelo.be/
67b93a12788975cacb44365b060a3a6d	yelo-tv	http://maskedsig.yelo.be/
67b93a12788975cacb44365b060a3a6d	yelo-tv	http://maskerade-rwd.yelo.be/
67b93a12788975cacb44365b060a3a6d	yelo-tv	http://maskme.yelo.be/
67b93a12788975cacb44365b060a3a6d	yelo-tv	http://masky.yelo.be/
67b93a12788975cacb44365b060a3a6d	yelo-tv	http://math.yelo.be/
67b93a12788975cacb44365b060a3a6d	yelo-tv	http://maven.yelo.be/
67b93a12788975cacb44365b060a3a6d	yelo-tv	http://mirrorschooplacestilityponeocovidev.yelo.be/
67b93a12788975cacb44365b060a3a6d	yelo-tv	http://moneocovid19.sa.yelo.be/
67b93a12788975cacb44365b060a3a6d	yelo-tv	http://mpk.yelo.be/
67b93a12788975cacb44365b060a3a6d	yelo-tv	http://mudmask.yelo.be/
67b93a12788975cacb44365b060a3a6d	yelo-tv	http://music.yelo.be/
67b93a12788975cacb44365b060a3a6d	yelo-tv	http://myhome.yelo.be/
67b93a12788975cacb44365b060a3a6d	yelo-tv	http://news.yelo.be/
67b93a12788975cacb44365b060a3a6d	yelo-tv	http://new.yelo.be/
67b93a12788975cacb44365b060a3a6d	yelo-tv	http://ng-systems.yelo.be/
67b93a12788975cacb44365b060a3a6d	yelo-tv	http://nn.yelo.be/
67b93a12788975cacb44365b060a3a6d	yelo-tv	http://no.yelo.be/
67b93a12788975cacb44365b060a3a6d	yelo-tv	http://passport.yelo.be/
67b93a12788975cacb44365b060a3a6d	yelo-tv	http://pay.yelo.be/
67b93a12788975cacb44365b060a3a6d	yelo-tv	http://people.yelo.be/
67b93a12788975cacb44365b060a3a6d	yelo-tv	http://postentryquarantine.yelo.be/
67b93a12788975cacb44365b060a3a6d	yelo-tv	http://pp.yelo.be/
67b93a12788975cacb44365b060a3a6d	yelo-tv	http://prod.yelo.be/
67b93a12788975cacb44365b060a3a6d	yelo-tv	http://prof.yelo.be/
67b93a12788975cacb44365b060a3a6d	yelo-tv	http://provincia.yelo.be/
67b93a12788975cacb44365b060a3a6d	yelo-tv	http://publicstaticvoid.yelo.be/
67b93a12788975cacb44365b060a3a6d	yelo-tv	http://qadiscovid19.sa.yelo.be/
67b93a12788975cacb44365b060a3a6d	yelo-tv	http://quarantine2.yelo.be/
67b93a12788975cacb44365b060a3a6d	yelo-tv	http://quarantine-a.yelo.be/
67b93a12788975cacb44365b060a3a6d	yelo-tv	http://regione.yelo.be/
67b93a12788975cacb44365b060a3a6d	yelo-tv	http://respirators.yelo.be/
67b93a12788975cacb44365b060a3a6d	yelo-tv	http://respiratory-care-sleep-medicine.yelo.be/
67b93a12788975cacb44365b060a3a6d	yelo-tv	http://resume.yelo.be/
67b93a12788975cacb44365b060a3a6d	yelo-tv	http://rnavirus.yelo.be/
67b93a12788975cacb44365b060a3a6d	yelo-tv	http://rootsweb.yelo.be/
67b93a12788975cacb44365b060a3a6d	yelo-tv	https://01-antivirus.yelo.be/
67b93a12788975cacb44365b060a3a6d	yelo-tv	https://02-antivirus.yelo.be/
67b93a12788975cacb44365b060a3a6d	yelo-tv	https://0-antivirus.yelo.be/
67b93a12788975cacb44365b060a3a6d	yelo-tv	https://111-viruswall.yelo.be/
67b93a12788975cacb44365b060a3a6d	yelo-tv	https://114.viruswall.yelo.be/
67b93a12788975cacb44365b060a3a6d	yelo-tv	https://12-corona.yelo.be/
67b93a12788975cacb44365b060a3a6d	yelo-tv	https://13-distance.yelo.be/
67b93a12788975cacb44365b060a3a6d	yelo-tv	https://17.viruswall.yelo.be/
67b93a12788975cacb44365b060a3a6d	yelo-tv	https://1www.yelo.be/
67b93a12788975cacb44365b060a3a6d	yelo-tv	https://2013-corona.yelo.be/
67b93a12788975cacb44365b060a3a6d	yelo-tv	https://20.yelo.be/
67b93a12788975cacb44365b060a3a6d	yelo-tv	https://52.yelo.be/
67b93a12788975cacb44365b060a3a6d	yelo-tv	https://aalborgmaskinudlejning.yelo.be/
67b93a12788975cacb44365b060a3a6d	yelo-tv	https://acp.yelo.be/
67b93a12788975cacb44365b060a3a6d	yelo-tv	https://ac.yelo.be/
67b93a12788975cacb44365b060a3a6d	yelo-tv	https://admin.yelo.be/
67b93a12788975cacb44365b060a3a6d	yelo-tv	https://alumni.dev.yelo.be/
67b93a12788975cacb44365b060a3a6d	yelo-tv	https://antivirusadmin.yelo.be/
67b93a12788975cacb44365b060a3a6d	yelo-tv	https://antiviruskfb.yelo.be/
67b93a12788975cacb44365b060a3a6d	yelo-tv	https://antivirus-mail499.na2.yelo.be/
67b93a12788975cacb44365b060a3a6d	yelo-tv	https://antivirus.tracking.yelo.be/
67b93a12788975cacb44365b060a3a6d	yelo-tv	https://baidu.yelo.be/
67b93a12788975cacb44365b060a3a6d	yelo-tv	https://bewww.yelo.be/
67b93a12788975cacb44365b060a3a6d	yelo-tv	https://bip.yelo.be/
67b93a12788975cacb44365b060a3a6d	yelo-tv	https://blackvirus.yelo.be/
67b93a12788975cacb44365b060a3a6d	yelo-tv	https://blogs.yelo.be/
67b93a12788975cacb44365b060a3a6d	yelo-tv	https://blog.yelo.be/
67b93a12788975cacb44365b060a3a6d	yelo-tv	https://bookmarks.yelo.be/
67b93a12788975cacb44365b060a3a6d	yelo-tv	https://checker.yelo.be/
67b93a12788975cacb44365b060a3a6d	yelo-tv	http://scheduledlocationservicetests.yelo.be/
67b93a12788975cacb44365b060a3a6d	yelo-tv	https://class.yelo.be/
67b93a12788975cacb44365b060a3a6d	yelo-tv	https://club.yelo.be/
67b93a12788975cacb44365b060a3a6d	yelo-tv	https://cn.yelo.be/
67b93a12788975cacb44365b060a3a6d	yelo-tv	https://codeigniter-google-maps-v3-api-library-master.yelo.be/
67b93a12788975cacb44365b060a3a6d	yelo-tv	https://comune.yelo.be/
67b93a12788975cacb44365b060a3a6d	yelo-tv	https://com.yelo.be/
67b93a12788975cacb44365b060a3a6d	yelo-tv	https://content.yelo.be/
67b93a12788975cacb44365b060a3a6d	yelo-tv	https://corona23.yelo.be/
67b93a12788975cacb44365b060a3a6d	yelo-tv	https://coronaangelica.yelo.be/
67b93a12788975cacb44365b060a3a6d	yelo-tv	https://coronac28.yelo.be/
67b93a12788975cacb44365b060a3a6d	yelo-tv	https://coronaca.yelo.be/
67b93a12788975cacb44365b060a3a6d	yelo-tv	https://corona-m.yelo.be/
67b93a12788975cacb44365b060a3a6d	yelo-tv	https://corona-pad2.yelo.be/
67b93a12788975cacb44365b060a3a6d	yelo-tv	https://corona-spending.yelo.be/
67b93a12788975cacb44365b060a3a6d	yelo-tv	https://corona-www.yelo.be/
67b93a12788975cacb44365b060a3a6d	yelo-tv	https://coronawww.yelo.be/
67b93a12788975cacb44365b060a3a6d	yelo-tv	https://coronax.yelo.be/
67b93a12788975cacb44365b060a3a6d	yelo-tv	https://corp.yelo.be/
67b93a12788975cacb44365b060a3a6d	yelo-tv	https://covideo-isus.yelo.be/
67b93a12788975cacb44365b060a3a6d	yelo-tv	https://cse.yelo.be/
67b93a12788975cacb44365b060a3a6d	yelo-tv	https://csg.yelo.be/
67b93a12788975cacb44365b060a3a6d	yelo-tv	https://cs.yelo.be/
67b93a12788975cacb44365b060a3a6d	yelo-tv	http://sdcw.virus1.yelo.be/
67b93a12788975cacb44365b060a3a6d	yelo-tv	https://demo.yelo.be/
67b93a12788975cacb44365b060a3a6d	yelo-tv	https://de.yelo.be/
67b93a12788975cacb44365b060a3a6d	yelo-tv	https://digilander.yelo.be/
67b93a12788975cacb44365b060a3a6d	yelo-tv	https://direttore.yelo.be/
67b93a12788975cacb44365b060a3a6d	yelo-tv	https://distancelearnpre.yelo.be/
67b93a12788975cacb44365b060a3a6d	yelo-tv	https://distancelearn.yelo.be/
67b93a12788975cacb44365b060a3a6d	yelo-tv	http://search.yelo.be/
67b93a12788975cacb44365b060a3a6d	yelo-tv	https://ecovidrio.yelo.be/
67b93a12788975cacb44365b060a3a6d	yelo-tv	http://server1.yelo.be/
67b93a12788975cacb44365b060a3a6d	yelo-tv	https://es.yelo.be/
67b93a12788975cacb44365b060a3a6d	yelo-tv	https://fanwoodregister.yelo.be/
67b93a12788975cacb44365b060a3a6d	yelo-tv	https://feeds.yelo.be/
67b93a12788975cacb44365b060a3a6d	yelo-tv	https://ff.yelo.be/
67b93a12788975cacb44365b060a3a6d	yelo-tv	https://forums.yelo.be/
67b93a12788975cacb44365b060a3a6d	yelo-tv	https://forum.yelo.be/
67b93a12788975cacb44365b060a3a6d	yelo-tv	https://fr.yelo.be/
67b93a12788975cacb44365b060a3a6d	yelo-tv	https://games.yelo.be/
67b93a12788975cacb44365b060a3a6d	yelo-tv	https://golden-mask.yelo.be/
67b93a12788975cacb44365b060a3a6d	yelo-tv	https://grc2go.yelo.be/
67b93a12788975cacb44365b060a3a6d	yelo-tv	https://h3.yelo.be/
67b93a12788975cacb44365b060a3a6d	yelo-tv	https://h6.yelo.be/
67b93a12788975cacb44365b060a3a6d	yelo-tv	https://h7.yelo.be/
67b93a12788975cacb44365b060a3a6d	yelo-tv	https://helityponeocovidevdealerwaress.sa.yelo.be/
67b93a12788975cacb44365b060a3a6d	yelo-tv	https://help.yelo.be/
67b93a12788975cacb44365b060a3a6d	yelo-tv	https://hh.yelo.be/
67b93a12788975cacb44365b060a3a6d	yelo-tv	https://homepage2.yelo.be/
67b93a12788975cacb44365b060a3a6d	yelo-tv	https://homepage3.yelo.be/
67b93a12788975cacb44365b060a3a6d	yelo-tv	https://homepage.yelo.be/
67b93a12788975cacb44365b060a3a6d	yelo-tv	https://home.yelo.be/
67b93a12788975cacb44365b060a3a6d	yelo-tv	https://host191-174.yelo.be/
67b93a12788975cacb44365b060a3a6d	yelo-tv	https://hostedquarantine-corp.yelo.be/
67b93a12788975cacb44365b060a3a6d	yelo-tv	https://host.yelo.be/
67b93a12788975cacb44365b060a3a6d	yelo-tv	https://i2v-lsfe-002.i04.yelo.be/
67b93a12788975cacb44365b060a3a6d	yelo-tv	https://iimahd.yelo.be/
67b93a12788975cacb44365b060a3a6d	yelo-tv	https://imgcorona-spending.yelo.be/
67b93a12788975cacb44365b060a3a6d	yelo-tv	https://img-corona.yelo.be/
67b93a12788975cacb44365b060a3a6d	yelo-tv	https://imgcorona.yelo.be/
67b93a12788975cacb44365b060a3a6d	yelo-tv	https://img.yelo.be/
67b93a12788975cacb44365b060a3a6d	yelo-tv	https://infolab.yelo.be/
67b93a12788975cacb44365b060a3a6d	yelo-tv	https://info.yelo.be/
67b93a12788975cacb44365b060a3a6d	yelo-tv	https://inst.yelo.be/
67b93a12788975cacb44365b060a3a6d	yelo-tv	http://sitestaginstagilediscovidev.sa.yelo.be/
67b93a12788975cacb44365b060a3a6d	yelo-tv	https://i.yelo.be/
67b93a12788975cacb44365b060a3a6d	yelo-tv	https://k2.yelo.be/
67b93a12788975cacb44365b060a3a6d	yelo-tv	https://k3.yelo.be/
67b93a12788975cacb44365b060a3a6d	yelo-tv	https://k4.yelo.be/
67b93a12788975cacb44365b060a3a6d	yelo-tv	https://k5.yelo.be/
67b93a12788975cacb44365b060a3a6d	yelo-tv	https://kk.yelo.be/
67b93a12788975cacb44365b060a3a6d	yelo-tv	https://local.yelo.be/
67b93a12788975cacb44365b060a3a6d	yelo-tv	https://lockdown.yelo.be/
67b93a12788975cacb44365b060a3a6d	yelo-tv	http://slovari.yelo.be/
67b93a12788975cacb44365b060a3a6d	yelo-tv	https://mail.yelo.be/
67b93a12788975cacb44365b060a3a6d	yelo-tv	https://majorasmask.yelo.be/
67b93a12788975cacb44365b060a3a6d	yelo-tv	https://manager.yelo.be/
67b93a12788975cacb44365b060a3a6d	yelo-tv	https://mascara1.yelo.be/
67b93a12788975cacb44365b060a3a6d	yelo-tv	https://mask10.yelo.be/
67b93a12788975cacb44365b060a3a6d	yelo-tv	https://mask2.yelo.be/
67b93a12788975cacb44365b060a3a6d	yelo-tv	https://mask4.yelo.be/
67b93a12788975cacb44365b060a3a6d	yelo-tv	https://maskatel.yelo.be/
67b93a12788975cacb44365b060a3a6d	yelo-tv	https://maskedfp.yelo.be/
67b93a12788975cacb44365b060a3a6d	yelo-tv	https://maskedsig.yelo.be/
67b93a12788975cacb44365b060a3a6d	yelo-tv	https://maskerade-rwd.yelo.be/
67b93a12788975cacb44365b060a3a6d	yelo-tv	https://maskme.yelo.be/
67b93a12788975cacb44365b060a3a6d	yelo-tv	https://masky.yelo.be/
67b93a12788975cacb44365b060a3a6d	yelo-tv	https://math.yelo.be/
67b93a12788975cacb44365b060a3a6d	yelo-tv	https://maven.yelo.be/
67b93a12788975cacb44365b060a3a6d	yelo-tv	https://mirrorschooplacestilityponeocovidev.yelo.be/
67b93a12788975cacb44365b060a3a6d	yelo-tv	https://moneocovid19.sa.yelo.be/
67b93a12788975cacb44365b060a3a6d	yelo-tv	https://mpk.yelo.be/
67b93a12788975cacb44365b060a3a6d	yelo-tv	https://mudmask.yelo.be/
67b93a12788975cacb44365b060a3a6d	yelo-tv	https://music.yelo.be/
67b93a12788975cacb44365b060a3a6d	yelo-tv	https://myhome.yelo.be/
67b93a12788975cacb44365b060a3a6d	yelo-tv	https://news.yelo.be/
67b93a12788975cacb44365b060a3a6d	yelo-tv	https://new.yelo.be/
67b93a12788975cacb44365b060a3a6d	yelo-tv	https://ng-systems.yelo.be/
67b93a12788975cacb44365b060a3a6d	yelo-tv	https://nn.yelo.be/
67b93a12788975cacb44365b060a3a6d	yelo-tv	https://no.yelo.be/
67b93a12788975cacb44365b060a3a6d	yelo-tv	https://passport.yelo.be/
67b93a12788975cacb44365b060a3a6d	yelo-tv	https://pay.yelo.be/
67b93a12788975cacb44365b060a3a6d	yelo-tv	https://people.yelo.be/
67b93a12788975cacb44365b060a3a6d	yelo-tv	https://postentryquarantine.yelo.be/
67b93a12788975cacb44365b060a3a6d	yelo-tv	https://pp.yelo.be/
67b93a12788975cacb44365b060a3a6d	yelo-tv	https://prod.yelo.be/
67b93a12788975cacb44365b060a3a6d	yelo-tv	https://prof.yelo.be/
67b93a12788975cacb44365b060a3a6d	yelo-tv	https://provincia.yelo.be/
67b93a12788975cacb44365b060a3a6d	yelo-tv	https://publicstaticvoid.yelo.be/
67b93a12788975cacb44365b060a3a6d	yelo-tv	https://qadiscovid19.sa.yelo.be/
67b93a12788975cacb44365b060a3a6d	yelo-tv	https://quarantine2.yelo.be/
67b93a12788975cacb44365b060a3a6d	yelo-tv	https://quarantine-a.yelo.be/
67b93a12788975cacb44365b060a3a6d	yelo-tv	https://regione.yelo.be/
67b93a12788975cacb44365b060a3a6d	yelo-tv	https://respirators.yelo.be/
67b93a12788975cacb44365b060a3a6d	yelo-tv	https://respiratory-care-sleep-medicine.yelo.be/
67b93a12788975cacb44365b060a3a6d	yelo-tv	https://resume.yelo.be/
67b93a12788975cacb44365b060a3a6d	yelo-tv	https://rnavirus.yelo.be/
67b93a12788975cacb44365b060a3a6d	yelo-tv	https://rootsweb.yelo.be/
67b93a12788975cacb44365b060a3a6d	yelo-tv	https://scheduledlocationservicetests.yelo.be/
67b93a12788975cacb44365b060a3a6d	yelo-tv	https://sdcw.virus1.yelo.be/
67b93a12788975cacb44365b060a3a6d	yelo-tv	https://search.yelo.be/
67b93a12788975cacb44365b060a3a6d	yelo-tv	https://server1.yelo.be/
67b93a12788975cacb44365b060a3a6d	yelo-tv	https://sitestaginstagilediscovidev.sa.yelo.be/
67b93a12788975cacb44365b060a3a6d	yelo-tv	https://slovari.yelo.be/
67b93a12788975cacb44365b060a3a6d	yelo-tv	https://staging.yelo.be/
67b93a12788975cacb44365b060a3a6d	yelo-tv	https://static.yelo.be/
67b93a12788975cacb44365b060a3a6d	yelo-tv	https://stimulusreporting.yelo.be/
67b93a12788975cacb44365b060a3a6d	yelo-tv	https://support.yelo.be/
67b93a12788975cacb44365b060a3a6d	yelo-tv	https://symposium.yelo.be/
67b93a12788975cacb44365b060a3a6d	yelo-tv	http://staging.yelo.be/
67b93a12788975cacb44365b060a3a6d	yelo-tv	http://static.yelo.be/
67b93a12788975cacb44365b060a3a6d	yelo-tv	https://telenet.yelo.be/
67b93a12788975cacb44365b060a3a6d	yelo-tv	https://thekittencovers-ns1.yelo.be/
67b93a12788975cacb44365b060a3a6d	yelo-tv	https://thomaskna.yelo.be/
67b93a12788975cacb44365b060a3a6d	yelo-tv	http://stimulusreporting.yelo.be/
67b93a12788975cacb44365b060a3a6d	yelo-tv	https://torimaskepp.yelo.be/
67b93a12788975cacb44365b060a3a6d	yelo-tv	https://treatwellationsdevdiscovid19.sa.yelo.be/
67b93a12788975cacb44365b060a3a6d	yelo-tv	https://tribunale.yelo.be/
67b93a12788975cacb44365b060a3a6d	yelo-tv	https://unauthorized.yelo.be/
67b93a12788975cacb44365b060a3a6d	yelo-tv	https://union.yelo.be/
67b93a12788975cacb44365b060a3a6d	yelo-tv	https://univ.yelo.be/
67b93a12788975cacb44365b060a3a6d	yelo-tv	http://support.yelo.be/
67b93a12788975cacb44365b060a3a6d	yelo-tv	https://up.yelo.be/
67b93a12788975cacb44365b060a3a6d	yelo-tv	https://users.yelo.be/
67b93a12788975cacb44365b060a3a6d	yelo-tv	https://user.yelo.be/
67b93a12788975cacb44365b060a3a6d	yelo-tv	https://vaccinatie.yelo.be/
67b93a12788975cacb44365b060a3a6d	yelo-tv	https://vaccinations.yelo.be/
67b93a12788975cacb44365b060a3a6d	yelo-tv	https://vaccine-bc-huang.yelo.be/
67b93a12788975cacb44365b060a3a6d	yelo-tv	https://vaccinetstodh.yelo.be/
67b93a12788975cacb44365b060a3a6d	yelo-tv	https://varnish.yelo.be/
67b93a12788975cacb44365b060a3a6d	yelo-tv	https://viruspolku.yelo.be/
67b93a12788975cacb44365b060a3a6d	yelo-tv	https://virusxescape.yelo.be/
67b93a12788975cacb44365b060a3a6d	yelo-tv	https://vpn.yelo.be/
67b93a12788975cacb44365b060a3a6d	yelo-tv	https://webmail.yelo.be/
67b93a12788975cacb44365b060a3a6d	yelo-tv	https://wireless.yelo.be/
67b93a12788975cacb44365b060a3a6d	yelo-tv	https://www2u.yelo.be/
67b93a12788975cacb44365b060a3a6d	yelo-tv	https://www5a.yelo.be/
67b93a12788975cacb44365b060a3a6d	yelo-tv	https://www5b.yelo.be/
67b93a12788975cacb44365b060a3a6d	yelo-tv	https://www5c.yelo.be/
67b93a12788975cacb44365b060a3a6d	yelo-tv	https://www5d.yelo.be/
67b93a12788975cacb44365b060a3a6d	yelo-tv	https://www5f.yelo.be/
67b93a12788975cacb44365b060a3a6d	yelo-tv	https://www7a.yelo.be/
67b93a12788975cacb44365b060a3a6d	yelo-tv	https://www7b.yelo.be/
67b93a12788975cacb44365b060a3a6d	yelo-tv	https://www.antivirus.www-dev.admin.alumni.dev.yelo.be/
67b93a12788975cacb44365b060a3a6d	yelo-tv	https://www.antivirus.www-test.alumni.dev.yelo.be/
67b93a12788975cacb44365b060a3a6d	yelo-tv	https://www-corona.yelo.be/
67b93a12788975cacb44365b060a3a6d	yelo-tv	https://www.google.bewww.yelo.be/
67b93a12788975cacb44365b060a3a6d	yelo-tv	https://ww.w.yelo.be/
67b93a12788975cacb44365b060a3a6d	yelo-tv	https://www.yelo.bewww.yelo.be/
67b93a12788975cacb44365b060a3a6d	yelo-tv	https://x016103.ppp.yelo.be/
67b93a12788975cacb44365b060a3a6d	yelo-tv	https://xovide.yelo.be/
67b93a12788975cacb44365b060a3a6d	yelo-tv	https://xroads.yelo.be/
67b93a12788975cacb44365b060a3a6d	yelo-tv	https://yelo.yelo.be/
67b93a12788975cacb44365b060a3a6d	yelo-tv	http://symposium.yelo.be/
67b93a12788975cacb44365b060a3a6d	yelo-tv	https://zwww.antiviruskfb.yelo.be/
67b93a12788975cacb44365b060a3a6d	yelo-tv	http://telenet.yelo.be/
67b93a12788975cacb44365b060a3a6d	yelo-tv	http://thekittencovers-ns1.yelo.be/
67b93a12788975cacb44365b060a3a6d	yelo-tv	http://thomaskna.yelo.be/
67b93a12788975cacb44365b060a3a6d	yelo-tv	http://torimaskepp.yelo.be/
67b93a12788975cacb44365b060a3a6d	yelo-tv	http://treatwellationsdevdiscovid19.sa.yelo.be/
67b93a12788975cacb44365b060a3a6d	yelo-tv	http://tribunale.yelo.be/
67b93a12788975cacb44365b060a3a6d	yelo-tv	http://unauthorized.yelo.be/
67b93a12788975cacb44365b060a3a6d	yelo-tv	http://union.yelo.be/
67b93a12788975cacb44365b060a3a6d	yelo-tv	http://univ.yelo.be/
67b93a12788975cacb44365b060a3a6d	yelo-tv	http://up.yelo.be/
67b93a12788975cacb44365b060a3a6d	yelo-tv	http://users.yelo.be/
67b93a12788975cacb44365b060a3a6d	yelo-tv	http://user.yelo.be/
67b93a12788975cacb44365b060a3a6d	yelo-tv	http://vaccinatie.yelo.be/
67b93a12788975cacb44365b060a3a6d	yelo-tv	http://vaccinations.yelo.be/
67b93a12788975cacb44365b060a3a6d	yelo-tv	http://vaccine-bc-huang.yelo.be/
67b93a12788975cacb44365b060a3a6d	yelo-tv	http://vaccinetstodh.yelo.be/
67b93a12788975cacb44365b060a3a6d	yelo-tv	http://varnish.yelo.be/
67b93a12788975cacb44365b060a3a6d	yelo-tv	http://viruspolku.yelo.be/
67b93a12788975cacb44365b060a3a6d	yelo-tv	http://virusxescape.yelo.be/
67b93a12788975cacb44365b060a3a6d	yelo-tv	http://vpn.yelo.be/
67b93a12788975cacb44365b060a3a6d	yelo-tv	http://webmail.yelo.be/
67b93a12788975cacb44365b060a3a6d	yelo-tv	http://wireless.yelo.be/
67b93a12788975cacb44365b060a3a6d	yelo-tv	http://www2u.yelo.be/
67b93a12788975cacb44365b060a3a6d	yelo-tv	http://www5a.yelo.be/
67b93a12788975cacb44365b060a3a6d	yelo-tv	http://www5b.yelo.be/
67b93a12788975cacb44365b060a3a6d	yelo-tv	http://www5c.yelo.be/
67b93a12788975cacb44365b060a3a6d	yelo-tv	http://www5d.yelo.be/
67b93a12788975cacb44365b060a3a6d	yelo-tv	http://www5f.yelo.be/
67b93a12788975cacb44365b060a3a6d	yelo-tv	http://www7a.yelo.be/
67b93a12788975cacb44365b060a3a6d	yelo-tv	http://www7b.yelo.be/
67b93a12788975cacb44365b060a3a6d	yelo-tv	http://www.antivirus.www-dev.admin.alumni.dev.yelo.be/
67b93a12788975cacb44365b060a3a6d	yelo-tv	http://www.antivirus.www-test.alumni.dev.yelo.be/
67b93a12788975cacb44365b060a3a6d	yelo-tv	http://www-corona.yelo.be/
67b93a12788975cacb44365b060a3a6d	yelo-tv	http://www.google.bewww.yelo.be/
67b93a12788975cacb44365b060a3a6d	yelo-tv	http://ww.w.yelo.be/
67b93a12788975cacb44365b060a3a6d	yelo-tv	http://www.yelo.bewww.yelo.be/
67b93a12788975cacb44365b060a3a6d	yelo-tv	http://x016103.ppp.yelo.be/
67b93a12788975cacb44365b060a3a6d	yelo-tv	http://xovide.yelo.be/
67b93a12788975cacb44365b060a3a6d	yelo-tv	http://xroads.yelo.be/
67b93a12788975cacb44365b060a3a6d	yelo-tv	http://yelo.yelo.be/
67b93a12788975cacb44365b060a3a6d	yelo-tv	http://zwww.antiviruskfb.yelo.be/
