https://954puppies-img.s3.us-west-002.backblazeb2.com [403] [GET] [application/xml] [] [] [vhost] [e770256dc4e5b74ed73e0044453f1587]
https://a24x7-blog.s3.us-west-002.backblazeb2.com [403] [GET] [application/xml] [] [] [vhost] [e770256dc4e5b74ed73e0044453f1587]
https://acclinal-sesquitertianal-shaming.s3.us-west-002.backblazeb2.com [403] [GET] [application/xml] [] [] [vhost] [e770256dc4e5b74ed73e0044453f1587]
https://agrodolce-checklists-mysticise.s3.us-west-002.backblazeb2.com [403] [GET] [application/xml] [] [] [vhost] [e770256dc4e5b74ed73e0044453f1587]
https://ambience-kissar-puninesses.s3.us-west-002.backblazeb2.com [403] [GET] [application/xml] [] [] [vhost] [e770256dc4e5b74ed73e0044453f1587]
https://api.backblazeb2.com [301] [GET] [] [] [] [d41d8cd98f00b204e9800998ecf8427e]
https://api000.backblazeb2.com [301] [GET] [] [] [] [d41d8cd98f00b204e9800998ecf8427e]
https://api002.backblazeb2.com [301] [GET] [] [] [] [d41d8cd98f00b204e9800998ecf8427e]
https://api003.backblazeb2.com [301] [GET] [] [] [] [d41d8cd98f00b204e9800998ecf8427e]
https://audience-mousetail-resting.s3.us-west-004.backblazeb2.com [403] [GET] [application/xml] [] [] [vhost] [e770256dc4e5b74ed73e0044453f1587]
https://backblazeb2.com [301] [GET] [] [] [] [d41d8cd98f00b204e9800998ecf8427e]
https://bebeeru-fonctionnaire-foreknee.s3.us-west-004.backblazeb2.com [403] [GET] [application/xml] [] [] [vhost] [e770256dc4e5b74ed73e0044453f1587]
https://bigeminum-culling-formulations.s3.us-west-004.backblazeb2.com [403] [GET] [application/xml] [] [] [vhost] [e770256dc4e5b74ed73e0044453f1587]
https://blate-orrhoid-urbanology.s3.us-west-004.backblazeb2.com [403] [GET] [application/xml] [] [] [vhost] [e770256dc4e5b74ed73e0044453f1587]
https://bundled-predelinquent-religiosity.s3.us-west-004.backblazeb2.com [403] [GET] [application/xml] [] [] [vhost] [e770256dc4e5b74ed73e0044453f1587]
https://cadesse-dikelet-lama.s3.us-west-004.backblazeb2.com [403] [GET] [application/xml] [] [] [vhost] [e770256dc4e5b74ed73e0044453f1587]
https://candleberries-crappin-entrain.s3.us-west-004.backblazeb2.com [403] [GET] [application/xml] [] [] [vhost] [e770256dc4e5b74ed73e0044453f1587]
https://cellblock-hippocoprosterol-weedable.s3.us-west-004.backblazeb2.com [403] [GET] [application/xml] [] [] [vhost] [e770256dc4e5b74ed73e0044453f1587]
https://cerebromalacia-dovekie-parrotfishes.s3.us-west-004.backblazeb2.com [403] [GET] [application/xml] [] [] [vhost] [e770256dc4e5b74ed73e0044453f1587]
https://chewing-flowerless-presentialness.s3.us-west-004.backblazeb2.com [403] [GET] [application/xml] [] [] [vhost] [e770256dc4e5b74ed73e0044453f1587]
https://cleidoscapular-cosherer-segol.s3.us-west-004.backblazeb2.com [403] [GET] [application/xml] [] [] [vhost] [e770256dc4e5b74ed73e0044453f1587]
https://coleworts-piscicultural-plasmas.s3.us-west-004.backblazeb2.com [403] [GET] [application/xml] [] [] [vhost] [e770256dc4e5b74ed73e0044453f1587]
https://compilable-dockers-presubject.s3.us-west-004.backblazeb2.com [403] [GET] [application/xml] [] [] [vhost] [e770256dc4e5b74ed73e0044453f1587]
https://contributiveness-dollbeer-quotha.s3.us-west-004.backblazeb2.com [403] [GET] [application/xml] [] [] [vhost] [e770256dc4e5b74ed73e0044453f1587]
https://cottered-morphotic-salads.s3.us-west-004.backblazeb2.com [403] [GET] [application/xml] [] [] [vhost] [e770256dc4e5b74ed73e0044453f1587]
https://crookeries-ectothermic-yowlers.s3.us-west-002.backblazeb2.com [403] [GET] [application/xml] [] [] [vhost] [e770256dc4e5b74ed73e0044453f1587]
https://ddatasecuredocsshare.s3.us-west-004.backblazeb2.com [403] [GET] [application/xml] [] [] [vhost] [e770256dc4e5b74ed73e0044453f1587]
https://delobranchiata-miscommunication-sampaloc.s3.us-west-004.backblazeb2.com [403] [GET] [application/xml] [] [] [vhost] [e770256dc4e5b74ed73e0044453f1587]
https://diffusor-yatagan-psychotechnology.s3.us-west-004.backblazeb2.com [403] [GET] [application/xml] [] [] [vhost] [e770256dc4e5b74ed73e0044453f1587]
https://drightin-housebroken-pluvious.s3.us-west-004.backblazeb2.com [403] [GET] [application/xml] [] [] [vhost] [e770256dc4e5b74ed73e0044453f1587]
https://dryops-endorsingly-lichnophoridae.s3.us-west-002.backblazeb2.com [403] [GET] [application/xml] [] [] [vhost] [e770256dc4e5b74ed73e0044453f1587]
https://elegize-enquired-pertinently.s3.us-west-004.backblazeb2.com [403] [GET] [application/xml] [] [] [vhost] [e770256dc4e5b74ed73e0044453f1587]
https://emotivism-hieroglyphic-recontest.s3.us-west-004.backblazeb2.com [403] [GET] [application/xml] [] [] [vhost] [e770256dc4e5b74ed73e0044453f1587]
https://enthusiasms-forestalled-unlumbering.s3.us-west-004.backblazeb2.com [403] [GET] [application/xml] [] [] [vhost] [e770256dc4e5b74ed73e0044453f1587]
https://epitympanic-ras-salicaceae.s3.us-west-004.backblazeb2.com [403] [GET] [application/xml] [] [] [vhost] [e770256dc4e5b74ed73e0044453f1587]
https://ethnopsychological-sculpt-ultrapopish.s3.us-west-004.backblazeb2.com [403] [GET] [application/xml] [] [] [vhost] [e770256dc4e5b74ed73e0044453f1587]
https://exergonic-expatiative-presenile.s3.us-west-004.backblazeb2.com [403] [GET] [application/xml] [] [] [vhost] [e770256dc4e5b74ed73e0044453f1587]
https://f002.backblazeb2.com [301] [GET] [] [] [] [d41d8cd98f00b204e9800998ecf8427e]
https://fitten-noilage-qn.s3.us-west-004.backblazeb2.com [403] [GET] [application/xml] [] [] [vhost] [e770256dc4e5b74ed73e0044453f1587]
https://frother-introrsal-sarcophagal.s3.us-west-004.backblazeb2.com [403] [GET] [application/xml] [] [] [vhost] [e770256dc4e5b74ed73e0044453f1587]
https://furzeling-krobyloi-murdabad.s3.us-west-004.backblazeb2.com [403] [GET] [application/xml] [] [] [vhost] [e770256dc4e5b74ed73e0044453f1587]
https://grylle-misreports-quatral.s3.us-west-004.backblazeb2.com [403] [GET] [application/xml] [] [] [vhost] [e770256dc4e5b74ed73e0044453f1587]
https://hertz-merogenetic-preaccumulate.s3.us-west-004.backblazeb2.com [403] [GET] [application/xml] [] [] [vhost] [e770256dc4e5b74ed73e0044453f1587]
https://hoggee-unsmart-weighing.s3.us-west-004.backblazeb2.com [403] [GET] [application/xml] [] [] [vhost] [e770256dc4e5b74ed73e0044453f1587]
https://incident-trinity-whimper.s3.us-west-004.backblazeb2.com [403] [GET] [application/xml] [] [] [vhost] [e770256dc4e5b74ed73e0044453f1587]
https://inkosi-trisyllabism-wreakers.s3.us-west-004.backblazeb2.com [403] [GET] [application/xml] [] [] [vhost] [e770256dc4e5b74ed73e0044453f1587]
https://inorg-of-soldanelle.s3.us-west-004.backblazeb2.com [403] [GET] [application/xml] [] [] [vhost] [e770256dc4e5b74ed73e0044453f1587]
https://jungermannia-macro-quinquevir.s3.us-west-004.backblazeb2.com [403] [GET] [application/xml] [] [] [vhost] [e770256dc4e5b74ed73e0044453f1587]
https://libera-veinal-xenicidae.s3.us-west-004.backblazeb2.com [403] [GET] [application/xml] [] [] [vhost] [e770256dc4e5b74ed73e0044453f1587]
https://mitzvah-reattest-vancomycin.s3.us-west-004.backblazeb2.com [403] [GET] [application/xml] [] [] [vhost] [e770256dc4e5b74ed73e0044453f1587]
https://mresecuredataaccessdrive.s3.us-west-004.backblazeb2.com [403] [GET] [application/xml] [] [] [vhost] [e770256dc4e5b74ed73e0044453f1587]
https://nonunion-platycercus-sialogogic.s3.us-west-004.backblazeb2.com [403] [GET] [application/xml] [] [] [vhost] [e770256dc4e5b74ed73e0044453f1587]
https://planing-rollers-shenanigan.s3.us-west-002.backblazeb2.com [403] [GET] [application/xml] [] [] [vhost] [e770256dc4e5b74ed73e0044453f1587]
https://pretexta-speakableness-tachysterol.s3.us-west-002.backblazeb2.com [403] [GET] [application/xml] [] [] [vhost] [e770256dc4e5b74ed73e0044453f1587]
https://quotability-triglid-unobliterated.s3.us-west-002.backblazeb2.com [403] [GET] [application/xml] [] [] [vhost] [e770256dc4e5b74ed73e0044453f1587]
https://s-aaabaaaaadyumtiumg-messageindex-display.s3.us-west-002.backblazeb2.com [403] [GET] [application/xml] [] [] [vhost] [e770256dc4e5b74ed73e0044453f1587]
https://s3.eu-central-003.backblazeb2.com [403] [GET] [application/xml] [] [] [e770256dc4e5b74ed73e0044453f1587]
https://s3.us-west-000.backblazeb2.com [403] [GET] [application/xml] [] [] [e770256dc4e5b74ed73e0044453f1587]
https://s3.us-west-001.backblazeb2.com [403] [GET] [application/xml] [] [] [e770256dc4e5b74ed73e0044453f1587]
https://s3.us-west-002.backblazeb2.com [403] [GET] [application/xml] [] [] [e770256dc4e5b74ed73e0044453f1587]
https://s3.us-west-004.backblazeb2.com [403] [GET] [application/xml] [] [] [e770256dc4e5b74ed73e0044453f1587]
https://swadeshi.s3.us-west-002.backblazeb2.com [403] [GET] [application/xml] [] [] [vhost] [e770256dc4e5b74ed73e0044453f1587]
https://webmail.s3.us-west-002.backblazeb2.com [403] [GET] [application/xml] [] [] [vhost] [e770256dc4e5b74ed73e0044453f1587]
https://x14rdf452cvf47exd.s3.us-west-002.backblazeb2.com [403] [GET] [application/xml] [] [] [vhost] [e770256dc4e5b74ed73e0044453f1587]
https://zensecuresharelgc.s3.us-west-002.backblazeb2.com [403] [GET] [application/xml] [] [] [vhost] [e770256dc4e5b74ed73e0044453f1587]
