http://chat.int.base.be [403] [GET] [] [] [BigIP] [F5 BigIP] [d41d8cd98f00b204e9800998ecf8427e]
http://chat.lat.base.be [403] [GET] [] [] [BigIP] [F5 BigIP] [d41d8cd98f00b204e9800998ecf8427e]
http://chat.trg.base.be [403] [GET] [] [] [BigIP] [F5 BigIP] [d41d8cd98f00b204e9800998ecf8427e]
http://chat.uat.base.be [403] [GET] [] [] [BigIP] [F5 BigIP] [d41d8cd98f00b204e9800998ecf8427e]
http://comm.int.base.be [403] [GET] [] [] [BigIP] [F5 BigIP] [d41d8cd98f00b204e9800998ecf8427e]
http://comm.int.base.be:8080 [403] [GET] [] [] [BigIP] [F5 BigIP] [d41d8cd98f00b204e9800998ecf8427e]
http://comm.uat.base.be [403] [GET] [] [] [BigIP] [F5 BigIP] [d41d8cd98f00b204e9800998ecf8427e]
http://comm.uat.base.be:8080 [403] [GET] [] [] [BigIP] [F5 BigIP] [d41d8cd98f00b204e9800998ecf8427e]
http://customerzone.dvp.base.be [403] [GET] [] [] [BigIP] [F5 BigIP] [d41d8cd98f00b204e9800998ecf8427e]
http://customerzone.edp.base.be [403] [GET] [] [] [BigIP] [F5 BigIP] [d41d8cd98f00b204e9800998ecf8427e]
http://customerzone.int.base.be [403] [GET] [] [] [BigIP] [F5 BigIP] [d41d8cd98f00b204e9800998ecf8427e]
http://customerzone.lat.base.be [403] [GET] [] [] [BigIP] [F5 BigIP] [d41d8cd98f00b204e9800998ecf8427e]
http://customerzone.mre.base.be [403] [GET] [] [] [BigIP] [F5 BigIP] [d41d8cd98f00b204e9800998ecf8427e]
http://customerzone.sup.base.be [403] [GET] [] [] [BigIP] [F5 BigIP] [d41d8cd98f00b204e9800998ecf8427e]
http://customerzone.trg.base.be [403] [GET] [] [] [BigIP] [F5 BigIP] [d41d8cd98f00b204e9800998ecf8427e]
http://customerzone.uat.base.be [403] [GET] [] [] [BigIP] [F5 BigIP] [d41d8cd98f00b204e9800998ecf8427e]
http://login2.dvp.base.be [403] [GET] [] [] [BigIP] [F5 BigIP] [d41d8cd98f00b204e9800998ecf8427e]
http://login2.edp.base.be [403] [GET] [] [] [BigIP] [F5 BigIP] [d41d8cd98f00b204e9800998ecf8427e]
http://login2.int.base.be [403] [GET] [] [] [BigIP] [F5 BigIP] [d41d8cd98f00b204e9800998ecf8427e]
http://login2.lat.base.be [403] [GET] [] [] [BigIP] [F5 BigIP] [d41d8cd98f00b204e9800998ecf8427e]
http://login2.mre.base.be [403] [GET] [] [] [BigIP] [F5 BigIP] [d41d8cd98f00b204e9800998ecf8427e]
http://login2.sup.base.be [403] [GET] [] [] [BigIP] [F5 BigIP] [d41d8cd98f00b204e9800998ecf8427e]
http://login2.trg.base.be [403] [GET] [] [] [BigIP] [F5 BigIP] [d41d8cd98f00b204e9800998ecf8427e]
http://login2.uat.base.be [403] [GET] [] [] [BigIP] [F5 BigIP] [d41d8cd98f00b204e9800998ecf8427e]
http://login.dvp.base.be [403] [GET] [] [] [BigIP] [F5 BigIP] [d41d8cd98f00b204e9800998ecf8427e]
http://login.edp.base.be [403] [GET] [] [] [BigIP] [F5 BigIP] [d41d8cd98f00b204e9800998ecf8427e]
http://login.int.base.be [403] [GET] [] [] [BigIP] [F5 BigIP] [d41d8cd98f00b204e9800998ecf8427e]
http://login.lat.base.be [403] [GET] [] [] [BigIP] [F5 BigIP] [d41d8cd98f00b204e9800998ecf8427e]
http://login.mre.base.be [403] [GET] [] [] [BigIP] [F5 BigIP] [d41d8cd98f00b204e9800998ecf8427e]
http://login.sup.base.be [403] [GET] [] [] [BigIP] [F5 BigIP] [d41d8cd98f00b204e9800998ecf8427e]
http://login.trg.base.be [403] [GET] [] [] [BigIP] [F5 BigIP] [d41d8cd98f00b204e9800998ecf8427e]
http://login.uat.base.be [403] [GET] [] [] [BigIP] [F5 BigIP] [d41d8cd98f00b204e9800998ecf8427e]
http://m.int.base.be [403] [GET] [] [] [BigIP] [F5 BigIP] [d41d8cd98f00b204e9800998ecf8427e]
http://m.int.base.be:8080 [403] [GET] [] [] [BigIP] [F5 BigIP] [d41d8cd98f00b204e9800998ecf8427e]
http://m.prd.base.be [302] [GET] [] [] [BigIP] [F5 BigIP] [d41d8cd98f00b204e9800998ecf8427e]
http://m.uat.base.be [403] [GET] [] [] [BigIP] [F5 BigIP] [d41d8cd98f00b204e9800998ecf8427e]
http://m.uat.base.be:8080 [403] [GET] [] [] [BigIP] [F5 BigIP] [d41d8cd98f00b204e9800998ecf8427e]
http://press.base.be:2053 [400] [GET] [text/html] [400 The plain HTTP request was sent to HTTPS port] [cloudflare] [cloudflare] [Cloudflare] [20ad84d030031252141ca0b3fc0183f0]
http://press.base.be:2083 [400] [GET] [text/html] [400 The plain HTTP request was sent to HTTPS port] [cloudflare] [cloudflare] [Cloudflare] [20ad84d030031252141ca0b3fc0183f0]
http://press.base.be:2087 [400] [GET] [text/html] [400 The plain HTTP request was sent to HTTPS port] [cloudflare] [cloudflare] [Cloudflare] [cd58783500d7fa3c58f88eb0ba22f4f8]
http://press.base.be:8443 [400] [GET] [text/html] [400 The plain HTTP request was sent to HTTPS port] [cloudflare] [cloudflare] [Cloudflare] [cd58783500d7fa3c58f88eb0ba22f4f8]
https://api.base.be [403] [GET] [text/html] [] [] [vhost] [095afbf2f1f0e5be678f5dac5c54e717]
https://api.base.be:8443 [403] [GET] [] [] [BigIP] [F5 BigIP] [d41d8cd98f00b204e9800998ecf8427e]
https://api.dvp.base.be [403] [GET] [text/html] [] [] [095afbf2f1f0e5be678f5dac5c54e717]
https://api.edp.base.be [403] [GET] [text/html] [] [] [095afbf2f1f0e5be678f5dac5c54e717]
https://api.int.base.be [403] [GET] [text/html] [] [] [095afbf2f1f0e5be678f5dac5c54e717]
https://api.lat.base.be [403] [GET] [text/html] [] [] [095afbf2f1f0e5be678f5dac5c54e717]
https://api.mre.base.be [403] [GET] [text/html] [] [] [095afbf2f1f0e5be678f5dac5c54e717]
https://api.prd.base.be [403] [GET] [text/html] [] [] [vhost] [095afbf2f1f0e5be678f5dac5c54e717]
https://api.prd.base.be:8443 [403] [GET] [] [] [BigIP] [F5 BigIP] [d41d8cd98f00b204e9800998ecf8427e]
https://api.sup.base.be [403] [GET] [text/html] [] [] [095afbf2f1f0e5be678f5dac5c54e717]
https://api.trg.base.be [403] [GET] [text/html] [] [] [095afbf2f1f0e5be678f5dac5c54e717]
https://api.uat.base.be [403] [GET] [text/html] [] [] [095afbf2f1f0e5be678f5dac5c54e717]
https://base.be [302] [GET] [] [] [BigIP] [vhost] [F5 BigIP] [d41d8cd98f00b204e9800998ecf8427e]
https://basetest.base.be [403] [GET] [] [] [BigIP] [F5 BigIP] [d41d8cd98f00b204e9800998ecf8427e]
https://chat.prd.base.be [403] [GET] [] [] [BigIP] [F5 BigIP] [d41d8cd98f00b204e9800998ecf8427e]
https://chat.prd.base.be:8443 [403] [GET] [] [] [BigIP] [F5 BigIP] [d41d8cd98f00b204e9800998ecf8427e]
https://community.base.be [302] [GET] [] [] [BigIP] [vhost] [F5 BigIP] [d41d8cd98f00b204e9800998ecf8427e]
https://community.base.be:8443 [403] [GET] [] [] [BigIP] [F5 BigIP] [d41d8cd98f00b204e9800998ecf8427e]
https://customerzone.base.be [301] [GET] [] [] [BigIP] [vhost] [F5 BigIP] [d41d8cd98f00b204e9800998ecf8427e]
https://customerzone.prd.base.be [301] [GET] [] [] [BigIP] [vhost] [F5 BigIP] [d41d8cd98f00b204e9800998ecf8427e]
https://en-uk-help.base.be [301] [GET] [text/html] [] [Apache] [vhost] [Apache] [d41d8cd98f00b204e9800998ecf8427e]
https://e.videocall.base.be [200] [GET] [text/html] [You received emails from this domain, didn't you?] [nginx] [Nginx,Webflow] [c0666cde79e5426946974302fe3307c3]
https://extranet.base.be [302] [GET] [text/html] [302 Found] [] [vhost] [5d444f0be90f92d1fb43d42baf1513d1]
https://fr-be-help.base.be [301] [GET] [text/html] [] [Apache] [vhost] [Apache] [d41d8cd98f00b204e9800998ecf8427e]
https://fun.base.be [403] [GET] [] [] [BigIP] [F5 BigIP] [d41d8cd98f00b204e9800998ecf8427e]
https://getoperator.base.be [403] [GET] [] [] [BigIP] [F5 BigIP] [d41d8cd98f00b204e9800998ecf8427e]
http://shop.dvp.base.be [403] [GET] [] [] [BigIP] [F5 BigIP] [d41d8cd98f00b204e9800998ecf8427e]
http://shop.edp.base.be [403] [GET] [] [] [BigIP] [F5 BigIP] [d41d8cd98f00b204e9800998ecf8427e]
http://shop.int.base.be [403] [GET] [] [] [BigIP] [F5 BigIP] [d41d8cd98f00b204e9800998ecf8427e]
http://shop.lat.base.be [403] [GET] [] [] [BigIP] [F5 BigIP] [d41d8cd98f00b204e9800998ecf8427e]
http://shop.mre.base.be [403] [GET] [] [] [BigIP] [F5 BigIP] [d41d8cd98f00b204e9800998ecf8427e]
http://shop.sup.base.be [403] [GET] [] [] [BigIP] [F5 BigIP] [d41d8cd98f00b204e9800998ecf8427e]
http://shop.trg.base.be [403] [GET] [] [] [BigIP] [F5 BigIP] [d41d8cd98f00b204e9800998ecf8427e]
http://shop.uat.base.be [403] [GET] [] [] [BigIP] [F5 BigIP] [d41d8cd98f00b204e9800998ecf8427e]
http://s.int.base.be [403] [GET] [] [] [BigIP] [F5 BigIP] [d41d8cd98f00b204e9800998ecf8427e]
http://s.int.base.be:8080 [403] [GET] [] [] [BigIP] [F5 BigIP] [d41d8cd98f00b204e9800998ecf8427e]
https://login2.prd.base.be [404] [GET] [text/html] [HTTP Status 404 – Not Found] [] [vhost] [01f600316c9a9cb4d2e6de2f2fbb42c6]
https://login2.prd.base.be:8443 [403] [GET] [] [] [BigIP] [F5 BigIP] [d41d8cd98f00b204e9800998ecf8427e]
https://login.base.be [404] [GET] [text/html] [Error] [] [vhost] [58ecd949de1b03b424a8af95b05e882f]
https://login.base.be:8443 [403] [GET] [] [] [BigIP] [F5 BigIP] [d41d8cd98f00b204e9800998ecf8427e]
https://login.prd.base.be [404] [GET] [text/html] [Error] [] [vhost] [58ecd949de1b03b424a8af95b05e882f]
https://login.prd.base.be:8443 [403] [GET] [] [] [BigIP] [F5 BigIP] [d41d8cd98f00b204e9800998ecf8427e]
https://metrics.base.be [200] [GET] [] [] [jag] [d41d8cd98f00b204e9800998ecf8427e]
https://metrics.prd.base.be [200] [GET] [] [] [jag] [d41d8cd98f00b204e9800998ecf8427e]
https://mkt.base.be [200] [GET] [text/html] [] [Microsoft-IIS/8.5] [IIS:8.5,Windows Server] [1ce0016d9d8c455ddf1cc13d553ebd63]
https://mkt.base.be [200] [GET] [text/html] [] [Microsoft-IIS/8.5] [IIS:8.5,Windows Server] [e4b659b57d987d2c7ddb19c60187fdfe]
https://mms.base.be [200] [GET] [text/html] [MMS] [] [Java] [2655aea8d9574306d8f86e9b43d4ea34]
https://mms.base.be [200] [GET] [text/html] [MMS] [] [Java] [7234f023c34e33b6c06cbd145bcb2e7a]
https://mobilemail.base.be:5986 [404] [GET] [text/html] [Not Found] [Microsoft-HTTPAPI/2.0] [Microsoft HTTPAPI:2.0] [67932d4b695e1d6b19dfc2e3610761ff]
https://nl-be-help.base.be [301] [GET] [text/html] [] [Apache] [vhost] [Apache] [d41d8cd98f00b204e9800998ecf8427e]
https://old-site.base.be [403] [GET] [] [] [BigIP] [F5 BigIP] [d41d8cd98f00b204e9800998ecf8427e]
https://press.base.be [200] [GET] [text/html] [Telenet Group NV - Pressroom] [cloudflare] [vhost] [cloudflare] [Cloudflare,Google Font API,Sentry:6.19.6,Varnish:6.0] [48da7338ec02a56df1b03b1455bed9d2]
https://press.base.be [200] [GET] [text/html] [Telenet Group NV - Pressroom] [cloudflare] [vhost] [cloudflare] [Cloudflare,Google Font API,Sentry:6.19.6,Varnish:6.0] [d3a9e505acf9baf805187b3c80102f56]
https://promotion.base.be [404] [GET] [text/plain] [] [] [f9ae9006943e3a67b95ca4c6c733b6d4]
https://pro-repair.base.be [200] [GET] [text/html] [BASE Herstellingen] [] [PHP] [4d5e477c9713cdde0ae953472d5d07a8]
https://qrbcmc.base.be [200] [GET] [text/html] [] [AmazonS3] [vhost] [cloudfront] [Amazon Cloudfront,Amazon S3,Amazon Web Services] [60b404497823484d44fc8093fecebdc9]
https://qrbcmc-stag.base.be [200] [GET] [text/html] [] [AmazonS3] [vhost] [cloudfront] [Amazon Cloudfront,Amazon S3,Amazon Web Services] [184570eafa562510066f4d9b7621f38d]
https://repair.base.be [200] [GET] [text/html] [BASE Herstellingen] [] [PHP] [cc9408442315474a5e92d583a63801b3]
https://s.base.be [404] [GET] [text/html] [404 - File or directory not found.] [] [5343c1a8b203c162a3bf3870d9f50fd4]
https://shop.base.be [302] [GET] [] [] [BigIP] [vhost] [F5 BigIP] [d41d8cd98f00b204e9800998ecf8427e]
https://shop.base.be:8443 [403] [GET] [] [] [BigIP] [F5 BigIP] [d41d8cd98f00b204e9800998ecf8427e]
https://shop.prd.base.be [302] [GET] [] [] [BigIP] [vhost] [F5 BigIP] [d41d8cd98f00b204e9800998ecf8427e]
https://shop.prd.base.be:8443 [403] [GET] [] [] [BigIP] [F5 BigIP] [d41d8cd98f00b204e9800998ecf8427e]
https://skyfire.base.be [403] [GET] [] [] [BigIP] [F5 BigIP] [d41d8cd98f00b204e9800998ecf8427e]
https://smartphones.base.be [301] [GET] [text/html] [301 Moved Permanently] [awselb/2.0] [vhost] [4aa7a432bb447f094408f1bd6229c605]
https://smetrics.base.be [200] [GET] [] [] [jag] [d41d8cd98f00b204e9800998ecf8427e]
https://smetrics.prd.base.be [200] [GET] [] [] [jag] [d41d8cd98f00b204e9800998ecf8427e]
https://s.prd.base.be [404] [GET] [text/html] [404 - File or directory not found.] [] [5343c1a8b203c162a3bf3870d9f50fd4]
https://tadaam.base.be [404] [GET] [text/plain] [] [] [f9ae9006943e3a67b95ca4c6c733b6d4]
https://target.base.be [404] [GET] [text/html] [Page not found] [] [b04830c1e053e78a83964c3053f30571]
https://target.prd.base.be [404] [GET] [text/html] [Page not found] [] [b04830c1e053e78a83964c3053f30571]
https://testmail.base.be:5986 [404] [GET] [text/html] [Not Found] [Microsoft-HTTPAPI/2.0] [Microsoft HTTPAPI:2.0] [67932d4b695e1d6b19dfc2e3610761ff]
https://turk.prd.base.be [301] [GET] [text/html] [301 Moved Permanently] [] [vhost] [97fa783da27bfed196ab421dbbfbc1c8]
http://s.uat.base.be [403] [GET] [] [] [BigIP] [F5 BigIP] [d41d8cd98f00b204e9800998ecf8427e]
http://s.uat.base.be:8080 [403] [GET] [] [] [BigIP] [F5 BigIP] [d41d8cd98f00b204e9800998ecf8427e]
https://www.base.be [200] [GET] [text/html] [BASE] [] [vhost] [Adobe Experience Manager,Google Font API,Google Tag Manager,Java] [49d7b80746897e8b5301e4929086c9e9]
https://www.base.be [200] [GET] [text/html] [BASE] [] [vhost] [Adobe Experience Manager,Google Font API,Google Tag Manager,Java] [c1f0b69f3a9700a54476c9f30714057a]
https://www.prd.base.be [302] [GET] [text/html] [] [] [vhost] [Ookla Speedtest Custom] [d41d8cd98f00b204e9800998ecf8427e]
http://turk.int.base.be [403] [GET] [] [] [BigIP] [F5 BigIP] [d41d8cd98f00b204e9800998ecf8427e]
http://turk.stg.base.be [403] [GET] [] [] [BigIP] [F5 BigIP] [d41d8cd98f00b204e9800998ecf8427e]
http://turk.trg.base.be [403] [GET] [] [] [BigIP] [F5 BigIP] [d41d8cd98f00b204e9800998ecf8427e]
http://turk.uat.base.be [403] [GET] [] [] [BigIP] [F5 BigIP] [d41d8cd98f00b204e9800998ecf8427e]
http://www-dev1.base.be [403] [GET] [] [] [BigIP] [F5 BigIP] [d41d8cd98f00b204e9800998ecf8427e]
http://www-dev2.base.be [403] [GET] [] [] [BigIP] [F5 BigIP] [d41d8cd98f00b204e9800998ecf8427e]
http://www.dvp.base.be [403] [GET] [] [] [BigIP] [F5 BigIP] [d41d8cd98f00b204e9800998ecf8427e]
http://www.edp.base.be [403] [GET] [] [] [BigIP] [F5 BigIP] [d41d8cd98f00b204e9800998ecf8427e]
http://www-int1.base.be [403] [GET] [] [] [BigIP] [F5 BigIP] [d41d8cd98f00b204e9800998ecf8427e]
http://www-int2.base.be [403] [GET] [] [] [BigIP] [F5 BigIP] [d41d8cd98f00b204e9800998ecf8427e]
http://www.int.base.be [403] [GET] [] [] [BigIP] [F5 BigIP] [d41d8cd98f00b204e9800998ecf8427e]
http://www.lat.base.be [403] [GET] [] [] [BigIP] [F5 BigIP] [d41d8cd98f00b204e9800998ecf8427e]
http://www.mre.base.be [403] [GET] [] [] [BigIP] [F5 BigIP] [d41d8cd98f00b204e9800998ecf8427e]
http://www-stg.base.be [403] [GET] [] [] [BigIP] [F5 BigIP] [d41d8cd98f00b204e9800998ecf8427e]
http://www.sup.base.be [403] [GET] [] [] [BigIP] [F5 BigIP] [d41d8cd98f00b204e9800998ecf8427e]
http://www.trg.base.be [403] [GET] [] [] [BigIP] [F5 BigIP] [d41d8cd98f00b204e9800998ecf8427e]
http://www-uat.base.be [403] [GET] [] [] [BigIP] [F5 BigIP] [d41d8cd98f00b204e9800998ecf8427e]
http://www.uat.base.be [403] [GET] [] [] [BigIP] [F5 BigIP] [d41d8cd98f00b204e9800998ecf8427e]
