http://allowance.beefy.finance:8082 [403] [GET] [text/html] [403 Forbidden] [nginx] [vhost] [Nginx] [4f8afc2689243991dcede77ebc8b25c8]
http://allowance.beefy.finance:8084 [403] [GET] [text/html] [403 Forbidden] [nginx] [vhost] [Nginx] [4f8afc2689243991dcede77ebc8b25c8]
http://allowance.beefy.finance:8085 [403] [GET] [text/html] [403 Forbidden] [nginx] [vhost] [Nginx] [4f8afc2689243991dcede77ebc8b25c8]
http://api.beefy.finance:2082 [301] [GET] [] [] [cloudflare] [vhost] [cloudflare] [Cloudflare,Cloudflare Network Error Logging] [d41d8cd98f00b204e9800998ecf8427e]
http://api.beefy.finance:2083 [400] [GET] [text/html] [400 The plain HTTP request was sent to HTTPS port] [cloudflare] [cloudflare] [Cloudflare] [cd58783500d7fa3c58f88eb0ba22f4f8]
http://api.beefy.finance:2087 [400] [GET] [text/html] [400 The plain HTTP request was sent to HTTPS port] [cloudflare] [cloudflare] [Cloudflare] [cd58783500d7fa3c58f88eb0ba22f4f8]
http://api.beefy.finance:8080 [301] [GET] [] [] [cloudflare] [vhost] [cloudflare] [Cloudflare,Cloudflare Network Error Logging] [d41d8cd98f00b204e9800998ecf8427e]
http://api.beefy.finance:8443 [400] [GET] [text/html] [400 The plain HTTP request was sent to HTTPS port] [cloudflare] [cloudflare] [Cloudflare] [cd58783500d7fa3c58f88eb0ba22f4f8]
http://api.beefy.finance:8880 [301] [GET] [] [] [cloudflare] [vhost] [cloudflare] [Cloudflare,Cloudflare Network Error Logging] [d41d8cd98f00b204e9800998ecf8427e]
http://app.beefy.finance:2082 [301] [GET] [] [] [cloudflare] [vhost] [cloudflare] [Cloudflare,Cloudflare Network Error Logging] [d41d8cd98f00b204e9800998ecf8427e]
http://app.beefy.finance:2086 [301] [GET] [] [] [cloudflare] [vhost] [cloudflare] [Cloudflare,Cloudflare Network Error Logging] [d41d8cd98f00b204e9800998ecf8427e]
http://app.beefy.finance:8080 [301] [GET] [] [] [cloudflare] [vhost] [cloudflare] [Cloudflare,Cloudflare Network Error Logging] [d41d8cd98f00b204e9800998ecf8427e]
http://app.beefy.finance:8880 [301] [GET] [] [] [cloudflare] [vhost] [cloudflare] [Cloudflare,Cloudflare Network Error Logging] [d41d8cd98f00b204e9800998ecf8427e]
http://avax.beefy.finance:8082 [403] [GET] [text/html] [403 Forbidden] [nginx] [vhost] [Nginx] [4f8afc2689243991dcede77ebc8b25c8]
http://avax.beefy.finance:8084 [403] [GET] [text/html] [403 Forbidden] [nginx] [vhost] [Nginx] [4f8afc2689243991dcede77ebc8b25c8]
http://avax.beefy.finance:8085 [403] [GET] [text/html] [403 Forbidden] [nginx] [vhost] [Nginx] [4f8afc2689243991dcede77ebc8b25c8]
http://beefy.finance:2082 [301] [GET] [] [] [cloudflare] [vhost] [cloudflare] [Cloudflare,Cloudflare Network Error Logging] [d41d8cd98f00b204e9800998ecf8427e]
http://beefy.finance:8080 [301] [GET] [] [] [cloudflare] [vhost] [cloudflare] [Cloudflare,Cloudflare Network Error Logging] [d41d8cd98f00b204e9800998ecf8427e]
http://beefy.finance:8880 [301] [GET] [] [] [cloudflare] [vhost] [cloudflare] [Cloudflare,Cloudflare Network Error Logging] [d41d8cd98f00b204e9800998ecf8427e]
http://beta.beefy.finance:8082 [403] [GET] [text/html] [403 Forbidden] [nginx] [vhost] [Nginx] [4f8afc2689243991dcede77ebc8b25c8]
http://beta.beefy.finance:8084 [403] [GET] [text/html] [403 Forbidden] [nginx] [vhost] [Nginx] [4f8afc2689243991dcede77ebc8b25c8]
http://beta.beefy.finance:8085 [403] [GET] [text/html] [403 Forbidden] [nginx] [vhost] [Nginx] [4f8afc2689243991dcede77ebc8b25c8]
http://blog.beefy.finance:2082 [301] [GET] [] [] [cloudflare] [vhost] [cloudflare] [Cloudflare,Cloudflare Network Error Logging] [d41d8cd98f00b204e9800998ecf8427e]
http://blog.beefy.finance:2086 [301] [GET] [] [] [cloudflare] [vhost] [cloudflare] [Cloudflare,Cloudflare Network Error Logging] [d41d8cd98f00b204e9800998ecf8427e]
http://blog.beefy.finance:8080 [301] [GET] [] [] [cloudflare] [vhost] [cloudflare] [Cloudflare,Cloudflare Network Error Logging] [d41d8cd98f00b204e9800998ecf8427e]
http://blog.beefy.finance:8880 [301] [GET] [] [] [cloudflare] [vhost] [cloudflare] [Cloudflare,Cloudflare Network Error Logging] [d41d8cd98f00b204e9800998ecf8427e]
http://dashboard.beefy.finance:2082 [301] [GET] [] [] [cloudflare] [vhost] [cloudflare] [Cloudflare,Cloudflare Network Error Logging] [d41d8cd98f00b204e9800998ecf8427e]
http://dashboard.beefy.finance:8080 [301] [GET] [] [] [cloudflare] [vhost] [cloudflare] [Cloudflare,Cloudflare Network Error Logging] [d41d8cd98f00b204e9800998ecf8427e]
http://dashboard.beefy.finance:8880 [301] [GET] [] [] [cloudflare] [vhost] [cloudflare] [Cloudflare,Cloudflare Network Error Logging] [d41d8cd98f00b204e9800998ecf8427e]
http://data.beefy.finance:2082 [301] [GET] [] [] [cloudflare] [vhost] [cloudflare] [Cloudflare,Cloudflare Network Error Logging] [d41d8cd98f00b204e9800998ecf8427e]
http://data.beefy.finance:2083 [400] [GET] [text/html] [400 The plain HTTP request was sent to HTTPS port] [cloudflare] [cloudflare] [Cloudflare] [cd58783500d7fa3c58f88eb0ba22f4f8]
http://data.beefy.finance:2086 [301] [GET] [] [] [cloudflare] [vhost] [cloudflare] [Cloudflare,Cloudflare Network Error Logging] [d41d8cd98f00b204e9800998ecf8427e]
http://data.beefy.finance:2087 [400] [GET] [text/html] [400 The plain HTTP request was sent to HTTPS port] [cloudflare] [cloudflare] [Cloudflare] [cd58783500d7fa3c58f88eb0ba22f4f8]
http://data.beefy.finance:2096 [400] [GET] [text/html] [400 The plain HTTP request was sent to HTTPS port] [cloudflare] [cloudflare] [Cloudflare] [20ad84d030031252141ca0b3fc0183f0]
http://data.beefy.finance:8080 [301] [GET] [] [] [cloudflare] [vhost] [cloudflare] [Cloudflare,Cloudflare Network Error Logging] [d41d8cd98f00b204e9800998ecf8427e]
http://data.beefy.finance:8443 [400] [GET] [text/html] [400 The plain HTTP request was sent to HTTPS port] [cloudflare] [cloudflare] [Cloudflare] [20ad84d030031252141ca0b3fc0183f0]
http://data.beefy.finance:8880 [301] [GET] [] [] [cloudflare] [vhost] [cloudflare] [Cloudflare,Cloudflare Network Error Logging] [d41d8cd98f00b204e9800998ecf8427e]
http://docs.beefy.finance:2082 [302] [GET] [] [] [cloudflare] [vhost] [cloudflare] [Cloudflare] [d41d8cd98f00b204e9800998ecf8427e]
http://docs.beefy.finance:2086 [302] [GET] [] [] [cloudflare] [vhost] [cloudflare] [Cloudflare] [d41d8cd98f00b204e9800998ecf8427e]
http://docs.beefy.finance:8080 [302] [GET] [] [] [cloudflare] [vhost] [cloudflare] [Cloudflare] [d41d8cd98f00b204e9800998ecf8427e]
http://docs.beefy.finance:8880 [302] [GET] [] [] [cloudflare] [vhost] [cloudflare] [Cloudflare] [d41d8cd98f00b204e9800998ecf8427e]
http://fantom.beefy.finance:8082 [403] [GET] [text/html] [403 Forbidden] [nginx] [vhost] [Nginx] [4f8afc2689243991dcede77ebc8b25c8]
http://fantom.beefy.finance:8084 [403] [GET] [text/html] [403 Forbidden] [nginx] [vhost] [Nginx] [4f8afc2689243991dcede77ebc8b25c8]
http://fantom.beefy.finance:8085 [403] [GET] [text/html] [403 Forbidden] [nginx] [vhost] [Nginx] [4f8afc2689243991dcede77ebc8b25c8]
http://gear.beefy.finance:2052 [403] [GET] [text/html] [Attention Required! | Cloudflare] [cloudflare] [Cloudflare] [ae33f9fe207b5a189fb001c699e58095]
http://gear.beefy.finance:2082 [403] [GET] [text/html] [Attention Required! | Cloudflare] [cloudflare] [Cloudflare] [3e83b2a6b333b45aee415c77d83dd8a2]
http://gear.beefy.finance:2086 [403] [GET] [text/html] [Attention Required! | Cloudflare] [cloudflare] [Cloudflare] [d6d2bd5d8e59021efe91dc5fabbf9154]
http://gear.beefy.finance:2095 [403] [GET] [text/html] [Attention Required! | Cloudflare] [cloudflare] [Cloudflare] [e02d8c14047c8e8c8b5cf19f76b7c0a4]
http://gear.beefy.finance:8080 [403] [GET] [text/html] [Attention Required! | Cloudflare] [cloudflare] [Cloudflare] [5d813bbf5058f5e2a23d1527584ea5c4]
http://gear.beefy.finance:8880 [403] [GET] [text/html] [Attention Required! | Cloudflare] [cloudflare] [Cloudflare] [40f84e7f9dfaa8f6efc84efbf6c3f0fa]
http://gov.beefy.finance:2082 [301] [GET] [] [] [cloudflare] [vhost] [cloudflare] [Cloudflare,Cloudflare Network Error Logging] [d41d8cd98f00b204e9800998ecf8427e]
http://gov.beefy.finance:2083 [400] [GET] [text/html] [400 The plain HTTP request was sent to HTTPS port] [cloudflare] [cloudflare] [Cloudflare] [cd58783500d7fa3c58f88eb0ba22f4f8]
http://gov.beefy.finance:2086 [301] [GET] [] [] [cloudflare] [vhost] [cloudflare] [Cloudflare,Cloudflare Network Error Logging] [d41d8cd98f00b204e9800998ecf8427e]
http://gov.beefy.finance:2087 [400] [GET] [text/html] [400 The plain HTTP request was sent to HTTPS port] [cloudflare] [cloudflare] [Cloudflare] [20ad84d030031252141ca0b3fc0183f0]
http://gov.beefy.finance:2096 [400] [GET] [text/html] [400 The plain HTTP request was sent to HTTPS port] [cloudflare] [cloudflare] [Cloudflare] [cd58783500d7fa3c58f88eb0ba22f4f8]
http://gov.beefy.finance:8080 [301] [GET] [] [] [cloudflare] [vhost] [cloudflare] [Cloudflare,Cloudflare Network Error Logging] [d41d8cd98f00b204e9800998ecf8427e]
http://gov.beefy.finance:8443 [400] [GET] [text/html] [400 The plain HTTP request was sent to HTTPS port] [cloudflare] [cloudflare] [Cloudflare] [20ad84d030031252141ca0b3fc0183f0]
http://gov.beefy.finance:8880 [301] [GET] [] [] [cloudflare] [vhost] [cloudflare] [Cloudflare,Cloudflare Network Error Logging] [d41d8cd98f00b204e9800998ecf8427e]
http://heco.beefy.finance:8082 [403] [GET] [text/html] [403 Forbidden] [nginx] [vhost] [Nginx] [4f8afc2689243991dcede77ebc8b25c8]
http://heco.beefy.finance:8084 [403] [GET] [text/html] [403 Forbidden] [nginx] [vhost] [Nginx] [4f8afc2689243991dcede77ebc8b25c8]
http://heco.beefy.finance:8085 [403] [GET] [text/html] [403 Forbidden] [nginx] [vhost] [Nginx] [4f8afc2689243991dcede77ebc8b25c8]
http://legacy.beefy.finance:2082 [301] [GET] [] [] [cloudflare] [vhost] [cloudflare] [Cloudflare,Cloudflare Network Error Logging] [d41d8cd98f00b204e9800998ecf8427e]
http://legacy.beefy.finance:8080 [301] [GET] [] [] [cloudflare] [vhost] [cloudflare] [Cloudflare,Cloudflare Network Error Logging] [d41d8cd98f00b204e9800998ecf8427e]
http://legacy.beefy.finance:8880 [301] [GET] [] [] [cloudflare] [vhost] [cloudflare] [Cloudflare,Cloudflare Network Error Logging] [d41d8cd98f00b204e9800998ecf8427e]
http://polygon.beefy.finance:8082 [403] [GET] [text/html] [403 Forbidden] [nginx] [vhost] [Nginx] [4f8afc2689243991dcede77ebc8b25c8]
http://polygon.beefy.finance:8084 [403] [GET] [text/html] [403 Forbidden] [nginx] [vhost] [Nginx] [4f8afc2689243991dcede77ebc8b25c8]
http://polygon.beefy.finance:8085 [403] [GET] [text/html] [403 Forbidden] [nginx] [vhost] [Nginx] [4f8afc2689243991dcede77ebc8b25c8]
https://allowance.beefy.finance:1935 [403] [GET] [application/octet-stream] [] [nginx] [Nginx] [086d9069069ed62de536cbd4f326d0a9]
https://allowance.beefy.finance [200] [GET] [text/html] [BSC Allowance] [BunnyCDN-NY-885] [vhost] [Bunny,Cloudflare,IPFS] [3f8b6d0d60d04da2231d1b1f6555676b]
https://api.beefy.finance [200] [GET] [text/plain] [] [cloudflare] [vhost] [cloudflare] [Cloudflare,Cloudflare Network Error Logging,Heroku] [e0aa021e21dddbd6d8cecec71e9cf564]
https://app.beefy.finance [200] [GET] [text/html] [Beefy Finance] [cloudflare] [vhost] [cloudflare] [Cloudflare,Cloudflare Network Error Logging,Google Font API] [962a6e3f414208a4b371ee658cb5e62f]
https://app.beefy.finance [200] [GET] [text/html] [Beefy Finance] [cloudflare] [vhost] [cloudflare] [Cloudflare,Cloudflare Network Error Logging,Google Font API] [9e486233267d16866ec3479a3720a6c2]
https://app.beefy.finance:2083 [200] [GET] [text/html] [Beefy Finance] [cloudflare] [vhost] [cloudflare] [Cloudflare,Cloudflare Network Error Logging,Google Font API] [83e2c41ffc2a108b388c53091a74a66b]
https://app.beefy.finance:2087 [200] [GET] [text/html] [Beefy Finance] [cloudflare] [vhost] [cloudflare] [Cloudflare,Cloudflare Network Error Logging,Google Font API] [960b67c9641f9976be85484452d78d61]
https://app.beefy.finance:2096 [200] [GET] [text/html] [Beefy Finance] [cloudflare] [vhost] [cloudflare] [Cloudflare,Cloudflare Network Error Logging,Google Font API] [d31b2a632470a191718d0480703887d5]
https://app.beefy.finance:8443 [200] [GET] [text/html] [Beefy Finance] [cloudflare] [vhost] [cloudflare] [Cloudflare,Cloudflare Network Error Logging,Google Font API] [ed7fefb2e7f3a0902c89b605143741c6]
https://avax.beefy.finance:1935 [403] [GET] [application/octet-stream] [] [nginx] [Nginx] [086d9069069ed62de536cbd4f326d0a9]
https://avax.beefy.finance [200] [GET] [text/html] [Beefy Finance] [BunnyCDN-NY-885] [vhost] [Bunny,IPFS,Typekit] [cfd06d6216d92c39e10115b055120bfc]
https://beefy.finance [200] [GET] [text/html] [Beefy Finance] [cloudflare] [vhost] [cloudflare] [Cloudflare,Cloudflare Network Error Logging,Gatsby:4.18.2,React,webpack] [ce2fa3f9a934addcc48c266c0a84bced]
https://beefy.finance [200] [GET] [text/html] [Beefy Finance] [cloudflare] [vhost] [cloudflare] [Cloudflare,Cloudflare Network Error Logging,Gatsby:4.18.2,React,webpack] [da9f705269df13dc1f7dec9f495fb4e8]
https://beefy.finance:2083 [200] [GET] [text/html] [Beefy Finance] [cloudflare] [vhost] [cloudflare] [Cloudflare,Cloudflare Network Error Logging,Gatsby:4.18.2,React,webpack] [812a8969c14e26e2d967da765bc67b8c]
https://beefy.finance:2087 [200] [GET] [text/html] [Beefy Finance] [cloudflare] [vhost] [cloudflare] [Cloudflare,Cloudflare Network Error Logging,Gatsby:4.18.2,React,webpack] [2642c7f9f5feafe8328f9d100d105171]
https://beefy.finance:8443 [200] [GET] [text/html] [Beefy Finance] [cloudflare] [vhost] [cloudflare] [Cloudflare,Cloudflare Network Error Logging,Gatsby:4.18.2,React,webpack] [664fef613586ac2f441375865b4bd6cc]
https://beta.beefy.finance:1935 [403] [GET] [application/octet-stream] [] [nginx] [Nginx] [086d9069069ed62de536cbd4f326d0a9]
https://beta.beefy.finance [200] [GET] [text/html] [Beefy Finance] [BunnyCDN-NY-885] [vhost] [Bunny,Google Font API,IPFS] [86c0aabf58bcae90a2a610ae5fac5ec3]
https://blog.beefy.finance:2083 [301] [GET] [] [] [cloudflare] [vhost] [cloudflare] [Cloudflare,Cloudflare Network Error Logging] [d41d8cd98f00b204e9800998ecf8427e]
https://blog.beefy.finance:2087 [301] [GET] [] [] [cloudflare] [vhost] [cloudflare] [Cloudflare,Cloudflare Network Error Logging] [d41d8cd98f00b204e9800998ecf8427e]
https://blog.beefy.finance:2096 [301] [GET] [] [] [cloudflare] [vhost] [cloudflare] [Cloudflare,Cloudflare Network Error Logging] [d41d8cd98f00b204e9800998ecf8427e]
https://blog.beefy.finance [301] [GET] [] [] [cloudflare] [vhost] [cloudflare] [Cloudflare,Cloudflare Network Error Logging] [d41d8cd98f00b204e9800998ecf8427e]
https://blog.beefy.finance:8443 [301] [GET] [] [] [cloudflare] [vhost] [cloudflare] [Cloudflare,Cloudflare Network Error Logging] [d41d8cd98f00b204e9800998ecf8427e]
https://dashboard.beefy.finance [200] [GET] [text/html] [dashboard.beefy.finance] [cloudflare] [vhost] [cloudflare] [Cloudflare,Cloudflare Network Error Logging,Typekit] [035f396629126504cfbaa21a3c071e3a]
https://dashboard.beefy.finance [200] [GET] [text/html] [dashboard.beefy.finance] [cloudflare] [vhost] [cloudflare] [Cloudflare,Cloudflare Network Error Logging,Typekit] [adc583212cc24223e4a211e230f0bbe7]
https://dashboard.beefy.finance:2083 [200] [GET] [text/html] [dashboard.beefy.finance] [cloudflare] [vhost] [cloudflare] [Cloudflare,Cloudflare Network Error Logging,Typekit] [f6f7e4d2a5185fdfa7c06ea5c38dc427]
https://dashboard.beefy.finance:2087 [200] [GET] [text/html] [dashboard.beefy.finance] [cloudflare] [vhost] [cloudflare] [Cloudflare,Cloudflare Network Error Logging,Typekit] [1615b9d42fed03520f3699a96ae86aa5]
https://dashboard.beefy.finance:8443 [200] [GET] [text/html] [dashboard.beefy.finance] [cloudflare] [vhost] [cloudflare] [Cloudflare,Cloudflare Network Error Logging,Typekit] [8decc7c07a62c7df41de42dc68a090b1]
https://data.beefy.finance [200] [GET] [text/plain] [] [cloudflare] [vhost] [cloudflare] [Cloudflare,Cloudflare Network Error Logging,Heroku] [e0aa021e21dddbd6d8cecec71e9cf564]
https://docs.beefy.finance [200] [GET] [text/html] [Overview - Beefy.com] [cloudflare] [vhost] [cloudflare] [Algolia,Cloudflare,Google Cloud,Google Cloud Trace,React] [143941dd193104b92532c1da7d64ba6e]
https://docs.beefy.finance [200] [GET] [text/html] [Overview - Beefy.com] [cloudflare] [vhost] [cloudflare] [Algolia,Cloudflare,Google Cloud,Google Cloud Trace,React] [7210850ff272a0dba02077c329f65460]
https://docs.beefy.finance:2083 [200] [GET] [text/html] [Overview - Beefy.com] [cloudflare] [vhost] [cloudflare] [Algolia,Cloudflare,Google Cloud,Google Cloud Trace,React] [e5599705c4104acdf41fedffc24769b3]
https://docs.beefy.finance:2087 [200] [GET] [text/html] [Overview - Beefy.com] [cloudflare] [vhost] [cloudflare] [Algolia,Cloudflare,Google Cloud,Google Cloud Trace,React] [43d921cf9a2cb446605b6c7d1b20e5f6]
https://docs.beefy.finance:2096 [200] [GET] [text/html] [Overview - Beefy.com] [cloudflare] [vhost] [cloudflare] [Algolia,Cloudflare,Google Cloud,Google Cloud Trace,React] [6ef46e48a84b2a98c06e8dbabb0e9ac4]
https://docs.beefy.finance:8443 [200] [GET] [text/html] [Overview - Beefy.com] [cloudflare] [vhost] [cloudflare] [Algolia,Cloudflare,Google Cloud,Google Cloud Trace,React] [b35d51cfc348428023db40ec731ecee2]
https://fantom.beefy.finance:1935 [403] [GET] [application/octet-stream] [] [nginx] [Nginx] [086d9069069ed62de536cbd4f326d0a9]
https://fantom.beefy.finance [200] [GET] [text/html] [Beefy Finance] [BunnyCDN-NY-885] [vhost] [Bunny,IPFS,Typekit] [cfd06d6216d92c39e10115b055120bfc]
https://gear.beefy.finance [200] [GET] [text/html] [Beefy Gear, the official Beefy Finance merch store.] [cloudflare] [vhost] [Cloudflare,Shopify] [d6fafed42131ac2bb4be43e06434bf1d]
https://gear.beefy.finance:2053 [403] [GET] [text/html] [Attention Required! | Cloudflare] [cloudflare] [vhost] [Cloudflare] [4503c81873bd6539c6abf245640c3884]
https://gear.beefy.finance:2083 [403] [GET] [text/html] [Attention Required! | Cloudflare] [cloudflare] [vhost] [Cloudflare] [fc599b5f59529b7c09df3e3d442a31b7]
https://gear.beefy.finance:2087 [403] [GET] [text/html] [Attention Required! | Cloudflare] [cloudflare] [vhost] [Cloudflare] [d93eece3f75597dd5eba5bda5aff0f24]
https://gear.beefy.finance:2096 [403] [GET] [text/html] [Attention Required! | Cloudflare] [cloudflare] [vhost] [Cloudflare] [f2c865e8e608e8883b33dda6d4718b91]
https://gear.beefy.finance:8443 [403] [GET] [text/html] [Attention Required! | Cloudflare] [cloudflare] [vhost] [Cloudflare] [6c5c35fbc56ae73f575d488f773e221d]
https://gov.beefy.finance [200] [GET] [text/html] [gov.beefy.finance] [cloudflare] [vhost] [cloudflare] [Cloudflare,Cloudflare Network Error Logging,Typekit,Vercel] [dc794bf7dc70fd7ac2407efd8aab5725]
https://gov.beefy.finance [200] [GET] [text/html] [gov.beefy.finance] [cloudflare] [vhost] [cloudflare] [Cloudflare,Cloudflare Network Error Logging,Typekit,Vercel] [fe9dcc32730e0f4e6491814531a3e00a]
https://heco.beefy.finance:1935 [403] [GET] [application/octet-stream] [] [nginx] [Nginx] [086d9069069ed62de536cbd4f326d0a9]
https://heco.beefy.finance [200] [GET] [text/html] [Beefy Finance] [BunnyCDN-NY-885] [vhost] [Bunny,IPFS,Typekit] [cfd06d6216d92c39e10115b055120bfc]
https://legacy.beefy.finance [200] [GET] [text/html] [Beefy Finance] [cloudflare] [vhost] [cloudflare] [Cloudflare,Cloudflare Network Error Logging,Typekit] [60ff47b981b11df709c52546df648d97]
https://legacy.beefy.finance [200] [GET] [text/html] [Beefy Finance] [cloudflare] [vhost] [cloudflare] [Cloudflare,Cloudflare Network Error Logging,Typekit] [9a6e748e3ce39473de05be70f2034486]
https://legacy.beefy.finance:2083 [200] [GET] [text/html] [Beefy Finance] [cloudflare] [vhost] [cloudflare] [Cloudflare,Cloudflare Network Error Logging,Typekit] [8d4383fed0b9f5ce4827c95f6b50ec0a]
https://legacy.beefy.finance:2087 [200] [GET] [text/html] [Beefy Finance] [cloudflare] [vhost] [cloudflare] [Cloudflare,Cloudflare Network Error Logging,Typekit] [d8c55f4c420b0a28774781a6cd230108]
https://legacy.beefy.finance:8443 [200] [GET] [text/html] [Beefy Finance] [cloudflare] [vhost] [cloudflare] [Cloudflare,Cloudflare Network Error Logging,Typekit] [01c23c7c059382c7f6dbb850cf5c083e]
https://polygon.beefy.finance:1935 [403] [GET] [application/octet-stream] [] [nginx] [Nginx] [086d9069069ed62de536cbd4f326d0a9]
https://polygon.beefy.finance [200] [GET] [text/html] [Beefy Finance] [BunnyCDN-NY-885] [vhost] [Bunny,IPFS,Typekit] [cfd06d6216d92c39e10115b055120bfc]
https://v1.beefy.finance [200] [GET] [text/html] [Beefy Finance] [cloudflare] [vhost] [cloudflare] [Cloudflare,Cloudflare Network Error Logging,Typekit] [b82a081411a9e2aecac29501d679ea10]
https://v1.beefy.finance [200] [GET] [text/html] [Beefy Finance] [cloudflare] [vhost] [cloudflare] [Cloudflare,Cloudflare Network Error Logging,Typekit] [e664e39da90e22f7ecf2c49d9c9944b1]
https://v1.beefy.finance:2083 [200] [GET] [text/html] [Beefy Finance] [cloudflare] [vhost] [cloudflare] [Cloudflare,Cloudflare Network Error Logging,Typekit] [7701d4557002bd1cf6755a9164cb94d9]
https://v1.beefy.finance:2087 [200] [GET] [text/html] [Beefy Finance] [cloudflare] [vhost] [cloudflare] [Cloudflare,Cloudflare Network Error Logging,Typekit] [fdd65cb57e2cfd138d5eb4bd5ed078bd]
https://v1.beefy.finance:8443 [200] [GET] [text/html] [Beefy Finance] [cloudflare] [vhost] [cloudflare] [Cloudflare,Cloudflare Network Error Logging,Typekit] [d101d306637b4972ed6be69b1fe0b893]
https://vote-archive.beefy.finance [200] [GET] [text/html] [vote.beefy.finance] [Vercel] [vhost] [Typekit,Vercel] [f6728f9b876ff89bc0a6dabf24c209fe]
https://vote.beefy.finance [200] [GET] [text/html] [Snapshot] [cloudflare] [vhost] [cloudflare] [Cloudflare,Cloudflare Network Error Logging,IPFS] [da5007248d928666555425e602eb5a2a]
https://vote.beefy.finance [200] [GET] [text/html] [Snapshot] [cloudflare] [vhost] [cloudflare] [Cloudflare,Cloudflare Network Error Logging,IPFS] [fc76406c2b5a8a5eed308606fc739edd]
https://vote.beefy.finance:2083 [521] [GET] [] [] [cloudflare] [vhost] [cloudflare] [Cloudflare,Cloudflare Network Error Logging] [d41d8cd98f00b204e9800998ecf8427e]
https://vote.beefy.finance:2087 [521] [GET] [] [] [cloudflare] [vhost] [cloudflare] [Cloudflare,Cloudflare Network Error Logging] [d41d8cd98f00b204e9800998ecf8427e]
https://vote.beefy.finance:8443 [521] [GET] [] [] [cloudflare] [vhost] [cloudflare] [Cloudflare,Cloudflare Network Error Logging] [d41d8cd98f00b204e9800998ecf8427e]
https://www.beefy.finance:2083 [301] [GET] [] [] [cloudflare] [vhost] [cloudflare] [Cloudflare,Cloudflare Network Error Logging] [d41d8cd98f00b204e9800998ecf8427e]
https://www.beefy.finance:2087 [301] [GET] [] [] [cloudflare] [vhost] [cloudflare] [Cloudflare,Cloudflare Network Error Logging] [d41d8cd98f00b204e9800998ecf8427e]
https://www.beefy.finance [301] [GET] [] [] [cloudflare] [vhost] [cloudflare] [Cloudflare,Cloudflare Network Error Logging] [d41d8cd98f00b204e9800998ecf8427e]
https://www.beefy.finance:8443 [301] [GET] [] [] [cloudflare] [vhost] [cloudflare] [Cloudflare,Cloudflare Network Error Logging] [d41d8cd98f00b204e9800998ecf8427e]
http://v1.beefy.finance:2082 [301] [GET] [] [] [cloudflare] [vhost] [cloudflare] [Cloudflare,Cloudflare Network Error Logging] [d41d8cd98f00b204e9800998ecf8427e]
http://v1.beefy.finance:8080 [301] [GET] [] [] [cloudflare] [vhost] [cloudflare] [Cloudflare,Cloudflare Network Error Logging] [d41d8cd98f00b204e9800998ecf8427e]
http://v1.beefy.finance:8880 [301] [GET] [] [] [cloudflare] [vhost] [cloudflare] [Cloudflare,Cloudflare Network Error Logging] [d41d8cd98f00b204e9800998ecf8427e]
http://vote.beefy.finance:2082 [301] [GET] [] [] [cloudflare] [vhost] [cloudflare] [Cloudflare,Cloudflare Network Error Logging] [d41d8cd98f00b204e9800998ecf8427e]
http://vote.beefy.finance:8080 [301] [GET] [] [] [cloudflare] [vhost] [cloudflare] [Cloudflare,Cloudflare Network Error Logging] [d41d8cd98f00b204e9800998ecf8427e]
http://vote.beefy.finance:8880 [301] [GET] [] [] [cloudflare] [vhost] [cloudflare] [Cloudflare,Cloudflare Network Error Logging] [d41d8cd98f00b204e9800998ecf8427e]
http://www.beefy.finance:2082 [301] [GET] [] [] [cloudflare] [vhost] [cloudflare] [Cloudflare,Cloudflare Network Error Logging] [d41d8cd98f00b204e9800998ecf8427e]
http://www.beefy.finance:8080 [301] [GET] [] [] [cloudflare] [vhost] [cloudflare] [Cloudflare,Cloudflare Network Error Logging] [d41d8cd98f00b204e9800998ecf8427e]
http://www.beefy.finance:8880 [301] [GET] [] [] [cloudflare] [vhost] [cloudflare] [Cloudflare,Cloudflare Network Error Logging] [d41d8cd98f00b204e9800998ecf8427e]
