http://ansvarsfulltspelande.betfair.com:8080 [301] [GET] [] [] [cloudflare] [cloudflare] [d41d8cd98f00b204e9800998ecf8427e]
http://api.developer.betfair.com:8080 [301] [GET] [] [] [cloudflare] [cloudflare] [d41d8cd98f00b204e9800998ecf8427e]
http://apieds.betfair.com:8080 [301] [GET] [] [] [cloudflare] [cloudflare] [d41d8cd98f00b204e9800998ecf8427e]
http://apismxios.betfair.com:8080 [301] [GET] [] [] [cloudflare] [cloudflare] [d41d8cd98f00b204e9800998ecf8427e]
http://apps.betfair.com:8080 [301] [GET] [] [] [cloudflare] [cloudflare] [d41d8cd98f00b204e9800998ecf8427e]
http://assets.betfair.com:8080 [301] [GET] [] [] [cloudflare] [cloudflare] [d41d8cd98f00b204e9800998ecf8427e]
http://autodiscover.betfair.com [301] [GET] [] [] [Microsoft-IIS/10.0] [vhost] [IIS,Microsoft ASP.NET,Windows Server] [d41d8cd98f00b204e9800998ecf8427e]
http://bbf.betfair.com:8080 [301] [GET] [] [] [cloudflare] [cloudflare] [d41d8cd98f00b204e9800998ecf8427e]
http://betfair.com:2082 [301] [GET] [] [] [cloudflare] [cloudflare] [Cloudflare] [d41d8cd98f00b204e9800998ecf8427e]
http://betfair.com:2086 [301] [GET] [] [] [cloudflare] [cloudflare] [Cloudflare] [d41d8cd98f00b204e9800998ecf8427e]
http://betfair.com:8080 [301] [GET] [] [] [cloudflare] [cloudflare] [Cloudflare] [d41d8cd98f00b204e9800998ecf8427e]
http://betfair.com:8880 [301] [GET] [] [] [cloudflare] [cloudflare] [Cloudflare] [d41d8cd98f00b204e9800998ecf8427e]
http://bgi.betfair.com [301] [GET] [] [] [] [d41d8cd98f00b204e9800998ecf8427e]
http://bgi.lb.betfair.com [301] [GET] [] [] [] [d41d8cd98f00b204e9800998ecf8427e]
http://btg.betfair.com:8080 [301] [GET] [] [] [cloudflare] [cloudflare] [d41d8cd98f00b204e9800998ecf8427e]
http://cache.betfair.com:8080 [301] [GET] [] [] [cloudflare] [cloudflare] [d41d8cd98f00b204e9800998ecf8427e]
http://canada.betfair.com:8080 [301] [GET] [] [] [cloudflare] [cloudflare] [d41d8cd98f00b204e9800998ecf8427e]
http://cashout-service.betfair.com [301] [GET] [] [] [cloudflare] [cloudflare] [d41d8cd98f00b204e9800998ecf8427e]
http://cashrace.betfair.com:8080 [301] [GET] [] [] [cloudflare] [cloudflare] [d41d8cd98f00b204e9800998ecf8427e]
http://cbr.betfair.com:8080 [301] [GET] [] [] [cloudflare] [cloudflare] [d41d8cd98f00b204e9800998ecf8427e]
http://cip.betfair.com:8080 [301] [GET] [] [] [cloudflare] [cloudflare] [d41d8cd98f00b204e9800998ecf8427e]
http://clientmetricstst.betfair.com:8080 [301] [GET] [] [] [cloudflare] [cloudflare] [d41d8cd98f00b204e9800998ecf8427e]
http://crl.betfair.com [200] [GET] [text/html] [] [AmazonS3] [vhost] [Amazon S3,Amazon Web Services] [ec1bc8bc1814095f2c20c83d7caa9a96]
http://cro.betfair.com [301] [GET] [] [] [cloudflare] [cloudflare] [d41d8cd98f00b204e9800998ecf8427e]
http://docs.developer.betfair.com:8080 [301] [GET] [] [] [cloudflare] [cloudflare] [d41d8cd98f00b204e9800998ecf8427e]
http://education.betfair.com:8080 [301] [GET] [] [] [cloudflare] [cloudflare] [d41d8cd98f00b204e9800998ecf8427e]
http://etx.betfair.com:8080 [301] [GET] [] [] [cloudflare] [cloudflare] [d41d8cd98f00b204e9800998ecf8427e]
http://fbdp.betfair.com:8080 [301] [GET] [] [] [cloudflare] [cloudflare] [d41d8cd98f00b204e9800998ecf8427e]
http://fcq-service.betfair.com:8080 [301] [GET] [] [] [cloudflare] [cloudflare] [d41d8cd98f00b204e9800998ecf8427e]
http://form.tennis.betfair.com [404] [GET] [text/html] [404 Not Found] [nginx/0.7.65] [vhost] [Nginx] [e4fa632c2c6d7c97fbcd818f8106ac2f]
http://forum.developer.betfair.com:8080 [301] [GET] [] [] [cloudflare] [cloudflare] [d41d8cd98f00b204e9800998ecf8427e]
http://games.betfair.com:8080 [301] [GET] [] [] [cloudflare] [cloudflare] [d41d8cd98f00b204e9800998ecf8427e]
http://gap.betfair.com [301] [GET] [] [] [] [d41d8cd98f00b204e9800998ecf8427e]
http://gap.lb.betfair.com [301] [GET] [] [] [] [d41d8cd98f00b204e9800998ecf8427e]
http://gap-prd.betfair.com [301] [GET] [] [] [] [d41d8cd98f00b204e9800998ecf8427e]
http://gmd.betfair.com:8080 [301] [GET] [] [] [cloudflare] [cloudflare] [d41d8cd98f00b204e9800998ecf8427e]
http://gost.betfair.com:8080 [301] [GET] [] [] [cloudflare] [cloudflare] [d41d8cd98f00b204e9800998ecf8427e]
http://gwb.betfair.com:8080 [301] [GET] [] [] [cloudflare] [cloudflare] [d41d8cd98f00b204e9800998ecf8427e]
http://historicdata.betfair.com:8080 [301] [GET] [] [] [cloudflare] [cloudflare] [d41d8cd98f00b204e9800998ecf8427e]
http://identitysso.betfair.com:8080 [301] [GET] [] [] [cloudflare] [cloudflare] [d41d8cd98f00b204e9800998ecf8427e]
http://ie1-bgi.betfair.com [301] [GET] [] [] [] [d41d8cd98f00b204e9800998ecf8427e]
http://ie1-gap.betfair.com [301] [GET] [] [] [] [d41d8cd98f00b204e9800998ecf8427e]
http://ie2-bgi.betfair.com [301] [GET] [] [] [] [d41d8cd98f00b204e9800998ecf8427e]
http://ie2-gap.betfair.com [301] [GET] [] [] [] [d41d8cd98f00b204e9800998ecf8427e]
http://livevideo.betfair.com:8080 [301] [GET] [] [] [cloudflare] [cloudflare] [d41d8cd98f00b204e9800998ecf8427e]
http://messaging.betfair.com:8080 [301] [GET] [] [] [cloudflare] [cloudflare] [d41d8cd98f00b204e9800998ecf8427e]
http://mgames.betfair.com:8080 [301] [GET] [] [] [cloudflare] [cloudflare] [d41d8cd98f00b204e9800998ecf8427e]
http://mpoker.betfair.com:8080 [301] [GET] [] [] [cloudflare] [cloudflare] [d41d8cd98f00b204e9800998ecf8427e]
http://myaccount.betfair.com:8080 [301] [GET] [] [] [cloudflare] [cloudflare] [d41d8cd98f00b204e9800998ecf8427e]
http://myfunds.betfair.com:8080 [301] [GET] [] [] [cloudflare] [cloudflare] [d41d8cd98f00b204e9800998ecf8427e]
http://nav-sb.betfair.com [301] [GET] [] [] [cloudflare] [cloudflare] [d41d8cd98f00b204e9800998ecf8427e]
http://ocsp.betfair.com [200] [GET] [application/ocsp-response] [] [Apache] [Apache] [4842e206e4cfff2954901467ad54169e]
http://pariuri.betfair.com:8080 [301] [GET] [] [] [cloudflare] [cloudflare] [d41d8cd98f00b204e9800998ecf8427e]
http://play.betfair.com:8080 [301] [GET] [] [] [cloudflare] [cloudflare] [d41d8cd98f00b204e9800998ecf8427e]
http://pmh.betfair.com:8080 [301] [GET] [] [] [cloudflare] [cloudflare] [d41d8cd98f00b204e9800998ecf8427e]
http://promo.betfair.com:8080 [301] [GET] [] [] [cloudflare] [cloudflare] [d41d8cd98f00b204e9800998ecf8427e]
http://push-subscription.betfair.com:8080 [301] [GET] [] [] [cloudflare] [cloudflare] [d41d8cd98f00b204e9800998ecf8427e]
http://reg.betfair.com:8080 [301] [GET] [] [] [cloudflare] [cloudflare] [d41d8cd98f00b204e9800998ecf8427e]
http://regulatory.betfair.com:8080 [301] [GET] [] [] [cloudflare] [cloudflare] [d41d8cd98f00b204e9800998ecf8427e]
http://rsatote.betfair.com:8080 [301] [GET] [] [] [cloudflare] [cloudflare] [d41d8cd98f00b204e9800998ecf8427e]
http://rus.betfair.com:8080 [403] [GET] [text/plain] [] [cloudflare] [vhost] [cloudflare] [7b5ea53ba332630e5aca8e4abb807f70]
https://accountservices.betfair.com [403] [GET] [] [] [cloudflare] [vhost] [cloudflare] [Cloudflare] [d41d8cd98f00b204e9800998ecf8427e]
https://acm.betfair.com [301] [GET] [text/html] [301 Moved Permanently] [] [cbbc3d4ec865ddffbf554a2748500fea]
https://affiliates.betfair.com [301] [GET] [] [] [cloudflare] [vhost] [cloudflare] [d41d8cd98f00b204e9800998ecf8427e]
https://alfred.betfair.com [404] [GET] [text/html] [404 Not Found] [cloudflare] [vhost] [cloudflare] [Cloudflare] [42a12b0bd129f207f76b085fc0e758b2]
https://ansvarligtspil.betfair.com [200] [GET] [text/html] [Betfair Ansvarligt Spil – Ansvarligt Spil] [cloudflare] [vhost] [cloudflare] [Cloudflare,Font Awesome,Google Tag Manager,MySQL,PHP,Revslider,WordPress] [73a6ea5e87dcf327836d104f5274b204]
https://ansvarsfulltspelande.betfair.com [521] [GET] [] [] [cloudflare] [vhost] [cloudflare] [Cloudflare] [d41d8cd98f00b204e9800998ecf8427e]
https://api.betfair.com [404] [GET] [] [Service not Found] [cloudflare] [vhost] [cloudflare] [Cloudflare,Cloudflare Bot Management] [c7ed3dffbfd84df8a45f0d1e2113e784]
https://api.developer.betfair.com [301] [GET] [] [] [cloudflare] [vhost] [cloudflare] [Cloudflare] [d41d8cd98f00b204e9800998ecf8427e]
https://apieds.betfair.com [403] [GET] [text/html] [Please Wait... | Cloudflare] [cloudflare] [vhost] [cloudflare] [hCaptcha] [723bba2686cd99eda76d86bb0adcbcfb]
https://api.games.betfair.com [404] [GET] [text/html] [HTTP Status 404 – Not Found] [cloudflare] [vhost] [cloudflare] [Cloudflare,Cloudflare Bot Management] [77c00f9d7fec51f8d56f848d4006bf8c]
https://apismx.betfair.com [301] [GET] [text/html] [301 Moved Permanently] [cloudflare] [vhost] [cloudflare] [Cloudflare] [5466b8a387811091efabd337d68a29e6]
https://apismxios.betfair.com [403] [GET] [text/html] [403 Forbidden] [cloudflare] [vhost] [cloudflare] [Cloudflare] [3e16b82f3b906eea0c126a07265b2c05]
https://apostas.betfair.com [403] [GET] [text/html] [Please Wait... | Cloudflare] [cloudflare] [vhost] [cloudflare] [hCaptcha] [e34b65f41e9c0b9c23ac73f4fb773d10]
https://apps.betfair.com [200] [GET] [text/html] [Home » Betfair App Directory] [cloudflare] [vhost] [cloudflare] [Cloudflare,Google Tag Manager,PHP,SilverStripe,YouTube] [d1e7d9664f02cde27a41acab6f48bbb0]
https://apuestas.betfair.com [403] [GET] [text/html] [Please Wait... | Cloudflare] [cloudflare] [vhost] [cloudflare] [hCaptcha] [a538855c1fb4f6a5036bbdaef74af51c]
https://assets.betfair.com [403] [GET] [text/html] [403 Forbidden] [cloudflare] [vhost] [cloudflare] [Cloudflare] [53c2bf7e60d2454a4d3ad35c8ccb8e5a]
http://sazeni.betfair.com:8080 [301] [GET] [] [] [cloudflare] [cloudflare] [d41d8cd98f00b204e9800998ecf8427e]
https://bad.betfair.com [200] [GET] [text/html] [Home » Betfair App Directory] [cloudflare] [vhost] [cloudflare] [Cloudflare,Google Tag Manager,PHP,SilverStripe,YouTube] [ae51481c8fb13ebf94e9255876c24bb0]
https://bahis.betfair.com [403] [GET] [text/html] [Please Wait... | Cloudflare] [cloudflare] [vhost] [cloudflare] [hCaptcha] [77259816fc8dea2b3669765b1606b68d]
https://bbf.betfair.com [403] [GET] [text/html] [Please Wait... | Cloudflare] [cloudflare] [vhost] [cloudflare] [hCaptcha] [ef3106b57bd6911cdcd6852aadcd7d17]
https://beatthedrop.betfair.com [302] [GET] [text/html] [Redirecting to https://beatthedrop.betfair.com/segureestabolada] [cloudflare] [vhost] [cloudflare] [Amazon ALB,Amazon Web Services,Cloudflare] [5d8d13c25411f1e279e91c72b6cd80ad]
https://betcalculator.betfair.com [200] [GET] [text/html] [Free Online Bet Calculator | Betfair] [cloudflare] [vhost] [cloudflare] [Cloudflare,Google Font API,IIS,Microsoft ASP.NET] [13fdc63b26fe05919238d0ca6bdcd776]
https://betfair.com:2083 [301] [GET] [] [] [cloudflare] [vhost] [cloudflare] [Cloudflare] [d41d8cd98f00b204e9800998ecf8427e]
https://betfair.com:2087 [301] [GET] [] [] [cloudflare] [vhost] [cloudflare] [Cloudflare] [d41d8cd98f00b204e9800998ecf8427e]
https://betfair.com [301] [GET] [] [] [cloudflare] [vhost] [cloudflare] [Cloudflare] [d41d8cd98f00b204e9800998ecf8427e]
https://betfair.com [301] [GET] [] [] [cloudflare] [vhost] [cloudflare] [d41d8cd98f00b204e9800998ecf8427e]
https://betfair.com:8443 [301] [GET] [] [] [cloudflare] [vhost] [cloudflare] [Cloudflare] [d41d8cd98f00b204e9800998ecf8427e]
https://betmon.betfair.com [302] [GET] [text/html] [Object moved] [cloudflare] [vhost] [cloudflare] [Cloudflare] [05354f97377cd1dd546c569d503d22d2]
https://bgf.betfair.com [404] [GET] [text/html] [Betfair Gaming Platform - Error] [cloudflare] [vhost] [cloudflare] [Cloudflare,Google Tag Manager] [72c1b1daace6983b3e2217cd4a264c36]
https://bingo.betfair.com [200] [GET] [text/html] [Online Bingo at Betfair™ Bingo » Bet £10 Get £20 Bonus and 200 Free Tickets] [cloudflare] [vhost] [cloudflare] [Cloudflare,Google Tag Manager] [4aa45d95cd71712af85bc45c98085b0d]
https://bsp.betfair.com [404] [GET] [application/json] [] [cloudflare] [vhost] [cloudflare] [Cloudflare] [63e792e2405c7329c2f7536e2182bda4]
https://btg.betfair.com [403] [GET] [] [] [cloudflare] [vhost] [cloudflare] [Cloudflare] [d41d8cd98f00b204e9800998ecf8427e]
https://bts.betfair.com [200] [GET] [text/html] [Online Betting - Sportsbook and Exchange at Betfair.com | Sports Betting.] [cloudflare] [vhost] [cloudflare] [Cloudflare] [83a29fca662f11385285446bb02c498f]
https://cache.betfair.com [200] [GET] [text/html] [Online Betting - Sportsbook and Exchange at Betfair.com | Sports Betting.] [cloudflare] [vhost] [cloudflare] [Cloudflare] [9461776254c3a17ea9adfad91b549b22]
https://cache.promotions.betfair.com [403] [GET] [text/html] [Please Wait... | Cloudflare] [cloudflare] [vhost] [cloudflare] [hCaptcha] [91acff43a76ea138a32b9ed2a15a1914]
https://canada.betfair.com [403] [GET] [text/html] [Please Wait... | Cloudflare] [cloudflare] [vhost] [cloudflare] [hCaptcha] [cfa8893747a176d9d8ee551ccfc0c1d3]
https://cashout-exchange.betfair.com [404] [GET] [] [Service not Found] [cloudflare] [vhost] [cloudflare] [Cloudflare] [c7ed3dffbfd84df8a45f0d1e2113e784]
https://cashout-service.ie2.betfair.com [301] [GET] [text/html] [301 Moved Permanently] [] [cbbc3d4ec865ddffbf554a2748500fea]
https://cashrace.betfair.com [403] [GET] [text/html] [Please Wait... | Cloudflare] [cloudflare] [vhost] [cloudflare] [hCaptcha] [d8c27491e66c3634cfc26395a4115014]
https://casino.betfair.com [200] [GET] [text/html] [Online Casino UK » 50 Free Spins » Betfair™ Casino] [cloudflare] [vhost] [cloudflare] [Cloudflare,Google Tag Manager] [76356e4fb77c4b83bb7272344c5dd2db]
https://ccc.lb.betfair.com [403] [GET] [text/html] [HTTP Status 403 – Forbidden] [] [Java] [7667b18b3bc13f6aeeb22782339be034]
https://clientmetricstst.betfair.com [526] [GET] [text/html] [526 Origin SSL Certificate Error] [cloudflare] [vhost] [cloudflare] [bfb1a83adeaa51dcbc4b488e473b098b]
http://sco.betfair.com:8080 [301] [GET] [] [] [cloudflare] [cloudflare] [d41d8cd98f00b204e9800998ecf8427e]
https://connect3.betfair.com [200] [GET] [text/html] [] [] [f67f7c219b0107103dfbbc219b691337]
https://connect.betfair.com [200] [GET] [text/html] [] [] [f67f7c219b0107103dfbbc219b691337]
https://csm.betfair.com [301] [GET] [text/html] [301 Moved Permanently] [] [cbbc3d4ec865ddffbf554a2748500fea]
https://developers.betfair.com [301] [GET] [] [] [cloudflare] [vhost] [cloudflare] [d41d8cd98f00b204e9800998ecf8427e]
https://docs.developer.betfair.com [200] [GET] [text/html] [API Overview - Betfair Exchange API - Betfair Exchange API Documentation] [cloudflare] [vhost] [cloudflare] [Atlassian Confluence,Cloudflare,Java] [9d4c7d26c5a31ce29571f4a3711d47ac]
https://ebs-api.betfair.com [200] [GET] [text/html] [Betfair] [cloudflare] [vhost] [cloudflare] [Cloudflare] [bb270a373f8b45ccdade113601d8edc1]
https://ebs.betfair.com [301] [GET] [text/html] [301 Moved Permanently] [] [cbbc3d4ec865ddffbf554a2748500fea]
http://ser.betfair.com:8080 [301] [GET] [] [] [cloudflare] [cloudflare] [d41d8cd98f00b204e9800998ecf8427e]
https://ero.betfair.com [404] [GET] [] [Service not Found] [cloudflare] [vhost] [cloudflare] [Cloudflare] [c7ed3dffbfd84df8a45f0d1e2113e784]
https://etx.betfair.com [404] [GET] [] [Service not Found] [cloudflare] [vhost] [cloudflare] [Cloudflare] [c7ed3dffbfd84df8a45f0d1e2113e784]
https://exchangegaming.betfair.com [200] [GET] [text/html] [Exchange Gaming] [cloudflare] [vhost] [cloudflare] [Cloudflare,Google Tag Manager] [57bbb8722d6db478e5efbc1bf2a37fe9]
https://fbdp.betfair.com [526] [GET] [text/html] [526 Origin SSL Certificate Error] [cloudflare] [vhost] [cloudflare] [Cloudflare] [683e392c3ebb58505ce817697eb12bcf]
https://fcbarcelona.betfair.com [403] [GET] [text/html] [Please Wait... | Cloudflare] [cloudflare] [vhost] [cloudflare] [hCaptcha] [7035ec7440067526e9131dd3d8296511]
https://fogadas.betfair.com [403] [GET] [text/html] [Please Wait... | Cloudflare] [cloudflare] [vhost] [cloudflare] [hCaptcha] [cdbec41d539cffa48464a106a3c17f78]
https://formandresultsapiv2.betfair.com [410] [GET] [text/html] [410 Invalid path requested] [cloudflare] [vhost] [cloudflare] [Cloudflare] [361cc57a73cb2da7b16e491a43216b7b]
https://formandresultsapiv2.ie2.betfair.com [301] [GET] [text/html] [301 Moved Permanently] [] [cbbc3d4ec865ddffbf554a2748500fea]
https://form.greyhounds.betfair.com [301] [GET] [text/html] [301 Moved Permanently] [] [320000603222d53a5005dca466bc0493]
https://forum.developer.betfair.com [200] [GET] [text/html] [Forums -         Developer Program Forum] [cloudflare] [vhost] [cloudflare] [Cloudflare,PHP,vBulletin] [a3cf38592f9543d05a9ed3edc0f94258]
https://frc.betfair.com [410] [GET] [text/html] [410 Invalid path requested] [cloudflare] [vhost] [cloudflare] [Cloudflare] [418914e965541dd18b423f3fd7a8ae2c]
https://games.betfair.com [301] [GET] [text/html] [301 Moved Permanently] [cloudflare] [vhost] [cloudflare] [Cloudflare] [0ecb09558afb786fce4d7f93dbbbc89a]
https://gamesportal.betfair.com [301] [GET] [text/html] [301 Moved Permanently] [cloudflare] [vhost] [cloudflare] [Cloudflare] [75f47ff947c950c9deccceb52fa776db]
https://gfe.betfair.com [404] [GET] [text/html] [404 Not Found] [cloudflare] [vhost] [cloudflare] [Cloudflare] [a3a30a3fcb3f4ec6d711fd71a74e235a]
https://gfs.betfair.com [404] [GET] [] [Service not Found] [cloudflare] [vhost] [cloudflare] [Cloudflare] [c7ed3dffbfd84df8a45f0d1e2113e784]
https://ghf.betfair.com [302] [GET] [text/html] [] [cloudflare] [vhost] [cloudflare] [Cloudflare] [d41d8cd98f00b204e9800998ecf8427e]
https://ghf.lb.betfair.com [302] [GET] [text/html] [] [] [d41d8cd98f00b204e9800998ecf8427e]
https://gmw.betfair.com [302] [GET] [text/html] [302 Found] [cloudflare] [vhost] [cloudflare] [Cloudflare] [901dcbca8bdd1a605903a0a025fbf127]
https://gost.betfair.com [503] [GET] [] [] [cloudflare] [vhost] [cloudflare] [Cloudflare] [13a24083cb64203dec12d6ae07185f12]
https://graphs.betfair.com [403] [GET] [text/html] [Please Wait... | Cloudflare] [cloudflare] [vhost] [cloudflare] [hCaptcha] [29ef571b58e133327c62285fa6991cbf]
https://gwb.betfair.com [200] [GET] [text/html] [] [cloudflare] [vhost] [cloudflare] [Cloudflare] [d41d8cd98f00b204e9800998ecf8427e]
https://hattrickhero.betfair.com [301] [GET] [text/html] [301 Moved Permanently] [] [cbbc3d4ec865ddffbf554a2748500fea]
https://helpdesk.betfair.com [403] [GET] [text/html] [Please Wait... | Cloudflare] [cloudflare] [vhost] [cloudflare] [hCaptcha] [6b408a79aed7761cbde2904168cc70f2]
https://historicdata.betfair.com [200] [GET] [text/html] [Exchange Historical Data] [cloudflare] [vhost] [cloudflare] [AngularJS,Cloudflare,Google Tag Manager] [5aeb5185cfd5b15cf6e6f417c282bcf2]
http://shl.betfair.com:8080 [301] [GET] [] [] [cloudflare] [cloudflare] [d41d8cd98f00b204e9800998ecf8427e]
https://hlpbf.betfair.com [301] [GET] [text/html] [301 Moved Permanently] [cloudflare] [vhost] [cloudflare] [Cloudflare] [47dbbb3e92c9ff669ed8b623bfc6526c]
https://identitysso.betfair.com [200] [GET] [text/html] [] [cloudflare] [vhost] [cloudflare] [Cloudflare] [d6a841dc9551fdb8bad33bbedce170f5]
https://ie1-ghf.betfair.com [302] [GET] [text/html] [] [] [d41d8cd98f00b204e9800998ecf8427e]
https://ie1-pacbf.betfair.com [403] [GET] [] [] [] [d41d8cd98f00b204e9800998ecf8427e]
https://ie1-sso-cert.betfair.com [200] [GET] [text/html] [] [] [ad04a2074c6d8e49936a675bfc51b355]
https://ie2-ccc.betfair.com [403] [GET] [text/html] [HTTP Status 403 – Forbidden] [] [Java] [7667b18b3bc13f6aeeb22782339be034]
https://ie2-infogol.betfair.com [301] [GET] [text/html] [301 Moved Permanently] [] [cbbc3d4ec865ddffbf554a2748500fea]
https://ie2-rdr1.betfair.com [301] [GET] [text/html] [301 Moved Permanently] [] [cbbc3d4ec865ddffbf554a2748500fea]
https://imgmi.betfair.com [200] [GET] [] [Movable Ink Domain] [cloudflare] [vhost] [cloudflare] [Amazon Cloudfront,Amazon Web Services,Cloudflare] [da4d9472bd8768d5646f9f431a4be082]
https://integrity.betfair.com [301] [GET] [text/html] [301 Moved Permanently] [] [cbbc3d4ec865ddffbf554a2748500fea]
http://site.promotions.betfair.com:8080 [301] [GET] [] [] [cloudflare] [cloudflare] [d41d8cd98f00b204e9800998ecf8427e]
https://jogoresponsavel.betfair.com [200] [GET] [text/html] [Betfair Responsible Gambling – Responsible Gambling] [cloudflare] [vhost] [cloudflare] [Cloudflare,Font Awesome,Google Tag Manager,MySQL,PHP,Revslider,WordPress] [005e123728474ffeaa0ca5e097b0fde1]
https://kladjenje.betfair.com [403] [GET] [text/html] [Please Wait... | Cloudflare] [cloudflare] [vhost] [cloudflare] [hCaptcha] [e1fbbd72599b0280598b4d446abe2a3c]
https://launcher.betfair.com [200] [GET] [text/html] [] [cloudflare] [vhost] [cloudflare] [Cloudflare,Google Tag Manager] [6c4c4d7a26fc5ef68b9101e356f9af68]
https://livevideo.betfair.com [200] [GET] [text/html] [Betfair Video] [cloudflare] [vhost] [cloudflare] [Cloudflare,Java] [eeef272422094192ebf80cdde20d45e7]
https://livevideo.ie1.betfair.com [301] [GET] [text/html] [301 Moved Permanently] [] [cbbc3d4ec865ddffbf554a2748500fea]
https://maintenance.betfair.com [520] [GET] [] [] [cloudflare] [vhost] [cloudflare] [Cloudflare] [d41d8cd98f00b204e9800998ecf8427e]
https://messaging.betfair.com [404] [GET] [text/html] [] [cloudflare] [vhost] [cloudflare] [Cloudflare] [246f9d5e3abb005c92340ec4598b4473]
https://mexchangeblackjack.betfair.com [301] [GET] [text/html] [301 Moved Permanently] [cloudflare] [vhost] [cloudflare] [Cloudflare] [dbb853b46b2c6bf333611903af45dc8d]
https://mgames.betfair.com [200] [GET] [text/html] [Betfair XGames] [cloudflare] [vhost] [cloudflare] [Cloudflare,Google Tag Manager] [0589dcb810ae6fd7f800fb8840363ba0]
https://migueltest.betfair.com [301] [GET] [text/html] [301 Moved Permanently] [] [cbbc3d4ec865ddffbf554a2748500fea]
http://smp.betfair.com:8080 [301] [GET] [] [] [cloudflare] [cloudflare] [d41d8cd98f00b204e9800998ecf8427e]
https://mpoker.betfair.com [200] [GET] [text/html] [Betfair Poker] [cloudflare] [vhost] [cloudflare] [Cloudflare,Google Tag Manager] [dfa510842df1d7f0b285c16833e8272c]
http://smt.betfair.com [301] [GET] [] [] [cloudflare] [cloudflare] [d41d8cd98f00b204e9800998ecf8427e]
https://myacc.betfair.com [302] [GET] [] [] [cloudflare] [vhost] [cloudflare] [Cloudflare] [d41d8cd98f00b204e9800998ecf8427e]
https://myaccount.betfair.com [302] [GET] [] [] [cloudflare] [vhost] [cloudflare] [Cloudflare] [d41d8cd98f00b204e9800998ecf8427e]
https://myactivity.betfair.com [302] [GET] [] [] [cloudflare] [vhost] [cloudflare] [Cloudflare] [d41d8cd98f00b204e9800998ecf8427e]
https://mycards.betfair.com [403] [GET] [] [] [cloudflare] [vhost] [cloudflare] [Cloudflare] [d41d8cd98f00b204e9800998ecf8427e]
https://otgovorenkhazart.betfair.com [521] [GET] [] [] [cloudflare] [vhost] [cloudflare] [Cloudflare] [d41d8cd98f00b204e9800998ecf8427e]
https://otvetstvennayaigra.betfair.com [200] [GET] [text/html] [Betfair Responsible Gambling — Responsible Gambling] [cloudflare] [vhost] [cloudflare] [Cloudflare,Font Awesome,Google Tag Manager,MySQL,PHP,Revslider,WordPress] [a6292e1ed5368aaf1f9bdbabb8d1133e]
https://otvetstvennayaigra.betfair.com:2083 [403] [GET] [text/html] [Attention Required! | Cloudflare] [cloudflare] [vhost] [cloudflare] [Cloudflare] [df7216ee3cd204886d780c3f3419eac5]
https://otvetstvennayaigra.betfair.com:2087 [403] [GET] [text/html] [Attention Required! | Cloudflare] [cloudflare] [vhost] [cloudflare] [Cloudflare] [95de8467df9fbd11aff6818c6e4a342e]
https://otvetstvennayaigra.betfair.com:8443 [403] [GET] [text/html] [Attention Required! | Cloudflare] [cloudflare] [vhost] [cloudflare] [Cloudflare] [2dcb11991f260fe242b8da39e6e7e1b4]
https://pacbf.betfair.com [526] [GET] [text/html] [526 Origin SSL Certificate Error] [cloudflare] [vhost] [cloudflare] [Cloudflare] [7ec15d221dcbdf868d5106ccfb684f91]
https://pariuri.betfair.com [403] [GET] [text/html] [Please Wait... | Cloudflare] [cloudflare] [vhost] [cloudflare] [hCaptcha] [610729af1c9072f8bbec649e9b38ef9c]
https://partnerships.betfair.com [200] [GET] [text/html] [Betfair Affiliates] [cloudflare] [vhost] [cloudflare] [Cloudflare] [f46873c298e82d5c15455652d1db24b3]
https://partnervpn.betfair.com [200] [GET] [text/html] [] [] [f67f7c219b0107103dfbbc219b691337]
http://spb.betfair.com:8080 [301] [GET] [] [] [cloudflare] [cloudflare] [d41d8cd98f00b204e9800998ecf8427e]
http://spil.betfair.com:8080 [301] [GET] [] [] [cloudflare] [cloudflare] [d41d8cd98f00b204e9800998ecf8427e]
https://play.betfair.com [403] [GET] [text/html] [Attention Required! | Cloudflare] [cloudflare] [vhost] [cloudflare] [9931294734bb65b1694a03e7993177d4]
https://pmh.betfair.com [200] [GET] [text/html] [Betfair™ Promotions » Betting Sign Up Offers & Deals] [cloudflare] [vhost] [cloudflare] [Cloudflare,Google Tag Manager] [956f9ced5cdd159abb33000285a8e149]
https://poker.betfair.com [200] [GET] [text/html] [Betfair Poker: Play Online Poker » New Customer Promotions] [cloudflare] [vhost] [cloudflare] [Cloudflare,Google Tag Manager] [9f68439666f2d28024c535b24961b49c]
http://sportsbook-api.betfair.com:8080 [301] [GET] [] [] [cloudflare] [cloudflare] [d41d8cd98f00b204e9800998ecf8427e]
https://promo.betfair.com [404] [GET] [application/json] [] [cloudflare] [vhost] [cloudflare] [Cloudflare] [044df6a92ac6d4de2308a0e687eff07a]
https://promotions.betfair.com [403] [GET] [text/html] [Please Wait... | Cloudflare] [cloudflare] [vhost] [cloudflare] [hCaptcha] [f30c8ba953d10cd427b08fa7cf937a42]
https://prx.betfair.com [301] [GET] [text/html] [301 Moved Permanently] [] [cbbc3d4ec865ddffbf554a2748500fea]
https://pywbf.betfair.com [302] [GET] [] [] [cloudflare] [vhost] [cloudflare] [Cloudflare] [d41d8cd98f00b204e9800998ecf8427e]
https://rdr1.lb.betfair.com [301] [GET] [text/html] [301 Moved Permanently] [] [cbbc3d4ec865ddffbf554a2748500fea]
https://reg.betfair.com [200] [GET] [text/html] [Betfair Video] [cloudflare] [vhost] [cloudflare] [Cloudflare,Java] [d8ca7bfb6cb46d9bd75460d60ab0c98c]
https://regulatory.betfair.com [200] [GET] [text/html] [Welcome to the Betfair Compliance Group Portal] [cloudflare] [vhost] [cloudflare] [Cloudflare] [1de8ed77a3ff324329401a83e704cbe8]
https://rewardchest.betfair.com [301] [GET] [text/html] [301 Moved Permanently] [] [cbbc3d4ec865ddffbf554a2748500fea]
https://rgx-cdn.betfair.com [301] [GET] [] [] [cloudflare] [vhost] [cloudflare] [Cloudflare] [d41d8cd98f00b204e9800998ecf8427e]
https://rsatote.betfair.com [301] [GET] [text/html] [301 Moved Permanently] [cloudflare] [vhost] [cloudflare] [Cloudflare] [350491bdb815273547f166d9ed8bbda0]
https://satotezone.betfair.com [301] [GET] [text/html] [301 Moved Permanently] [cloudflare] [vhost] [cloudflare] [Cloudflare] [86c24f1986fe8b5b7a07259f633effad]
https://sazeni.betfair.com [403] [GET] [text/html] [Please Wait... | Cloudflare] [cloudflare] [vhost] [cloudflare] [hCaptcha] [b07ab84a8e8fe22ecf7ee503e67788b0]
https://sca.betfair.com [404] [GET] [application/json] [] [cloudflare] [vhost] [cloudflare] [Cloudflare] [24fbef985d1a5a071db3f57591f0ee67]
http://ssc.betfair.com:8080 [301] [GET] [] [] [cloudflare] [cloudflare] [d41d8cd98f00b204e9800998ecf8427e]
https://scommesse.betfair.com [403] [GET] [text/html] [Please Wait... | Cloudflare] [cloudflare] [vhost] [cloudflare] [hCaptcha] [9b52271b1031dd4d39d546421927be23]
https://ser.betfair.com [404] [GET] [] [Service not Found] [cloudflare] [vhost] [cloudflare] [Cloudflare] [c7ed3dffbfd84df8a45f0d1e2113e784]
https://shk.betfair.com [404] [GET] [text/plain] [] [cloudflare] [vhost] [cloudflare] [Cloudflare] [595e88012a6521aae3e12cbebe76eb9e]
https://shl.betfair.com [404] [GET] [text/plain] [] [cloudflare] [vhost] [cloudflare] [Cloudflare] [595e88012a6521aae3e12cbebe76eb9e]
https://sib.betfair.com [404] [GET] [] [Service not Found] [cloudflare] [vhost] [cloudflare] [Cloudflare] [c7ed3dffbfd84df8a45f0d1e2113e784]
https://simulator.betfair.com [200] [GET] [text/html] [Betfair Exchange Simulator] [cloudflare] [vhost] [cloudflare] [Cloudflare,Google Tag Manager] [bfc05341e228bbcdbcb286c0da9890df]
https://site.promotions.betfair.com [403] [GET] [text/html] [Please Wait... | Cloudflare] [cloudflare] [vhost] [cloudflare] [hCaptcha] [0c5c9b98f79338cf56915176b17b5ce0]
https://soccer.abelson.partners.betfair.com [302] [GET] [text/html] [] [cloudflare] [vhost] [cloudflare] [Cloudflare] [2801bd7c026beb6c3fd126079dc50210]
https://spela.betfair.com [403] [GET] [text/html] [Please Wait... | Cloudflare] [cloudflare] [vhost] [cloudflare] [hCaptcha] [e346d1be63bdcad79343570b45b72816]
https://spil.betfair.com [403] [GET] [text/html] [Please Wait... | Cloudflare] [cloudflare] [vhost] [cloudflare] [hCaptcha] [69bde5b05d0140a400700d382af51a04]
https://splash.betfair.com [404] [GET] [text/html] [404 Not Found] [cloudflare] [vhost] [cloudflare] [Cloudflare] [5530ad0cb81313719f4a569bb1afd61c]
https://sportsbook-api.betfair.com [404] [GET] [] [Service not Found] [cloudflare] [vhost] [cloudflare] [Cloudflare] [c7ed3dffbfd84df8a45f0d1e2113e784]
https://sportsgaming.betfair.com [200] [GET] [text/html] [Sportsbook Gaming] [cloudflare] [vhost] [cloudflare] [Cloudflare,Google Tag Manager] [bce85901e2825c6850fc32fbe4fc0a61]
https://ssc.betfair.com [405] [GET] [text/html] [Apache Tomcat/7.0.41 - Error report] [cloudflare] [vhost] [cloudflare] [Cloudflare] [378d741aac2ee14be65c1288c6e1fe04]
https://ssobf.betfair.com [200] [GET] [text/html] [] [cloudflare] [vhost] [cloudflare] [Cloudflare] [29725152d8613b143683d75d2f1be8d7]
https://sso-cert.betfair.com [200] [GET] [text/html] [] [] [ad04a2074c6d8e49936a675bfc51b355]
https://sso.labs.betfair.com [301] [GET] [text/html] [301 Moved Permanently] [] [cbbc3d4ec865ddffbf554a2748500fea]
https://status.developer.betfair.com [200] [GET] [text/html] [Betfair Exchange API | Status] [cloudflare] [vhost] [cloudflare] [Cloudflare,Google Font API,Laravel,PHP] [15c26442a1f90c691a2eee373f3e7870]
https://stavki.betfair.com [403] [GET] [text/html] [Please Wait... | Cloudflare] [cloudflare] [vhost] [cloudflare] [hCaptcha] [f42763cbb7304e582a8a7d3ed8aad738]
https://stoixima.betfair.com [403] [GET] [text/html] [Please Wait... | Cloudflare] [cloudflare] [vhost] [cloudflare] [hCaptcha] [07d010f891f4b5c60abb2072508e17b8]
https://strandsaus.betfair.com [301] [GET] [text/html] [301 Moved Permanently] [] [cbbc3d4ec865ddffbf554a2748500fea]
https://strands.betfair.com [403] [GET] [text/html] [Please Wait... | Cloudflare] [cloudflare] [vhost] [cloudflare] [hCaptcha] [f37f8c7d36d331104654cba16f04b5f5]
https://strandsweave.betfair.com [301] [GET] [text/html] [301 Moved Permanently] [] [cbbc3d4ec865ddffbf554a2748500fea]
https://support.betfair.com [403] [GET] [text/html] [Attention Required! | Cloudflare] [cloudflare] [vhost] [cloudflare] [bcd126881c9986b44caa6a6da0974933]
https://support.developer.betfair.com [301] [GET] [text/html] [] [cloudflare] [vhost] [cloudflare] [Cloudflare,Cloudflare Network Error Logging,Envoy] [ad03096e11865c8865205d6edc84d281]
http://status.developer.betfair.com:8080 [301] [GET] [] [] [cloudflare] [cloudflare] [d41d8cd98f00b204e9800998ecf8427e]
https://tennis.abelson.partners.betfair.com [301] [GET] [text/html] [301 Moved Permanently] [cloudflare] [vhost] [cloudflare] [Cloudflare] [91b7ba84b09d2a6e60c3b920ed45ae8e]
https://test.betfair.com [301] [GET] [text/html] [301 Moved Permanently] [] [cbbc3d4ec865ddffbf554a2748500fea]
http://stoixima.betfair.com:8080 [301] [GET] [] [] [cloudflare] [cloudflare] [d41d8cd98f00b204e9800998ecf8427e]
https://tote.betfair.com [301] [GET] [text/html] [301 Moved Permanently] [cloudflare] [vhost] [cloudflare] [Cloudflare] [ac2506beafc0eada638287f96b769dfa]
https://tracking.betfair.com [301] [GET] [text/html] [301 Moved Permanently] [] [cbbc3d4ec865ddffbf554a2748500fea]
https://tus.betfair.com [301] [GET] [text/html] [301 Moved Permanently] [cloudflare] [vhost] [cloudflare] [Cloudflare] [9e550c39141857d988f58e563985b92e]
https://tvguide.betfair.com [403] [GET] [text/html] [Please Wait... | Cloudflare] [cloudflare] [vhost] [cloudflare] [hCaptcha] [78f22e9e7773a50297c5f7a03e4da5a6]
https://tza.betfair.com [301] [GET] [text/html] [301 Moved Permanently] [cloudflare] [vhost] [cloudflare] [Cloudflare] [c9947260266d07648e25075dadf019f0]
https://uag.betfair.com [301] [GET] [text/html] [301 Moved Permanently] [] [cbbc3d4ec865ddffbf554a2748500fea]
https://uktote.betfair.com [301] [GET] [text/html] [301 Moved Permanently] [cloudflare] [vhost] [cloudflare] [Cloudflare] [03c0ab3e6b1c14adaf9a90cba27ee6c6]
https://uktotezone.betfair.com [301] [GET] [text/html] [301 Moved Permanently] [cloudflare] [vhost] [cloudflare] [Cloudflare] [a9f0c50205ee2565eec567e2050c74ff]
https://upload.betfair.com [401] [GET] [text/html] [Send Identity Documents] [cloudflare] [vhost] [cloudflare] [Cloudflare] [1207b1dd812599694dd2cdae6b88fb87]
http://support.betfair.com:8080 [301] [GET] [] [] [cloudflare] [cloudflare] [d41d8cd98f00b204e9800998ecf8427e]
https://usatote.betfair.com [301] [GET] [text/html] [301 Moved Permanently] [cloudflare] [vhost] [cloudflare] [Cloudflare] [70b5ea074d56a804e1dcc2f97d2ca6a7]
https://usatotezone.betfair.com [301] [GET] [text/html] [301 Moved Permanently] [cloudflare] [vhost] [cloudflare] [Cloudflare] [54505413eb93fa4d733226a65d08701b]
https://ustotezone.betfair.com [301] [GET] [text/html] [301 Moved Permanently] [cloudflare] [vhost] [cloudflare] [Cloudflare] [b6374c046ed5ddc3f73b72a05b0c04dc]
https://verantwortungsvoll.betfair.com [200] [GET] [text/html] [Betfair Responsible Gambling – Responsible Gambling] [cloudflare] [vhost] [cloudflare] [Cloudflare,Font Awesome,Google Tag Manager,MySQL,PHP,Revslider,WordPress] [3f0246f182bfe389eb8926e21d6c507d]
https://video.betfair.com [200] [GET] [text/html] [Betfair Video] [cloudflare] [vhost] [cloudflare] [Cloudflare,Java] [8f3df97b8b18e6bf8bc7a4b919895fae]
https://videoplayer.betfair.com [400] [GET] [text/html] [Error page] [cloudflare] [vhost] [cloudflare] [Cloudflare,Google Tag Manager,Java] [67535e33dc160111ce95894889fdba0c]
https://videoplayer.ie2.betfair.com [301] [GET] [text/html] [301 Moved Permanently] [] [cbbc3d4ec865ddffbf554a2748500fea]
https://vipcircle.betfair.com [301] [GET] [text/html] [301 Moved Permanently] [] [cbbc3d4ec865ddffbf554a2748500fea]
https://wetten.betfair.com [403] [GET] [text/html] [Please Wait... | Cloudflare] [cloudflare] [vhost] [cloudflare] [hCaptcha] [a13bfbd141f3fbfb8a594de538809775]
https://wmsbf.betfair.com [404] [GET] [text/html] [] [cloudflare] [vhost] [cloudflare] [Cloudflare] [8ab9b5dee9568497c01836401be4f7a4]
https://www.betfair.com [200] [GET] [text/html] [Betfair Online Betting » Get A Free £20 Exchange Bet] [cloudflare] [vhost] [cloudflare] [Cloudflare,Google Tag Manager] [3570e27f9ae3aa34afef0510e50c65ba]
https://xga.betfair.com [526] [GET] [text/html] [526 Origin SSL Certificate Error] [cloudflare] [vhost] [cloudflare] [Cloudflare] [3e2f096335c5d4d45d40ffab45c60935]
https://xgs.betfair.com [301] [GET] [text/html] [301 Moved Permanently] [cloudflare] [vhost] [cloudflare] [Cloudflare] [ee9e66c78f9d06d70249fff11f920caf]
https://xtsd.betfair.com [404] [GET] [] [Service not Found] [cloudflare] [vhost] [cloudflare] [Cloudflare] [c7ed3dffbfd84df8a45f0d1e2113e784]
https://zaklady.betfair.com [403] [GET] [text/html] [Please Wait... | Cloudflare] [cloudflare] [vhost] [cloudflare] [hCaptcha] [679582701c7a97e9e4a7b844f8a4fb1b]
http://tennis.abelson.partners.betfair.com:8080 [301] [GET] [] [] [cloudflare] [cloudflare] [d41d8cd98f00b204e9800998ecf8427e]
http://tvguide.betfair.com:8080 [301] [GET] [] [] [cloudflare] [cloudflare] [d41d8cd98f00b204e9800998ecf8427e]
http://uktote.betfair.com:8080 [301] [GET] [] [] [cloudflare] [cloudflare] [d41d8cd98f00b204e9800998ecf8427e]
http://upload.betfair.com:8080 [301] [GET] [] [] [cloudflare] [cloudflare] [d41d8cd98f00b204e9800998ecf8427e]
http://usatotezone.betfair.com:8080 [301] [GET] [] [] [cloudflare] [cloudflare] [d41d8cd98f00b204e9800998ecf8427e]
http://ustotezone.betfair.com:8080 [301] [GET] [] [] [cloudflare] [cloudflare] [d41d8cd98f00b204e9800998ecf8427e]
http://video.betfair.com:8080 [301] [GET] [] [] [cloudflare] [cloudflare] [d41d8cd98f00b204e9800998ecf8427e]
http://vqa.betfair.com:8080 [301] [GET] [] [] [cloudflare] [cloudflare] [d41d8cd98f00b204e9800998ecf8427e]
http://wetten.betfair.com:8080 [301] [GET] [] [] [cloudflare] [cloudflare] [d41d8cd98f00b204e9800998ecf8427e]
http://wss.betfair.com [301] [GET] [] [] [cloudflare] [vhost] [cloudflare] [d41d8cd98f00b204e9800998ecf8427e]
http://www.betfair.com:8080 [301] [GET] [] [] [cloudflare] [cloudflare] [d41d8cd98f00b204e9800998ecf8427e]
http://xgs.betfair.com:8080 [301] [GET] [] [] [cloudflare] [cloudflare] [d41d8cd98f00b204e9800998ecf8427e]
http://zaklady.betfair.com:8080 [301] [GET] [] [] [cloudflare] [cloudflare] [d41d8cd98f00b204e9800998ecf8427e]
