https://a.cpaul.test.popularbets.betviewapi.com [403] [GET] [application/json] [] [] [vhost] [bc45704aad57d445b6dfa58b101071e3]
https://api.games.betviewapi.com [403] [GET] [application/xml] [] [AmazonS3 (REDACTED)] [vhost] [Amazon Cloudfront,Amazon Web Services] [838611652db11740467cad236740f93a]
https://api.games.betviewapi.com [403] [GET] [application/xml] [] [AmazonS3 (REDACTED)] [vhost] [Amazon Cloudfront,Amazon Web Services] [eca5ec60ccdc850bae936b5c87c1e0d3]
https://api.popularbets.betviewapi.com [403] [GET] [application/json] [] [] [vhost] [Amazon Cloudfront,Amazon Web Services] [bc45704aad57d445b6dfa58b101071e3]
https://api-static.games.betviewapi.com [403] [GET] [application/xml] [] [AmazonS3] [vhost] [cloudfront] [Amazon Cloudfront,Amazon S3,Amazon Web Services] [143b42bb2680a15fd945a3e45917d0da]
https://api-static.games.betviewapi.com [403] [GET] [application/xml] [] [AmazonS3] [vhost] [cloudfront] [Amazon Cloudfront,Amazon S3,Amazon Web Services] [2417316b6f7d069259c09b220180a124]
https://api-static.staging.games.betviewapi.com [403] [GET] [application/xml] [] [AmazonS3] [vhost] [cloudfront] [Amazon Cloudfront,Amazon S3,Amazon Web Services] [54b97ffefa879b13b23aa1e447df2e8d]
https://api-static.staging.games.betviewapi.com [403] [GET] [application/xml] [] [AmazonS3] [vhost] [cloudfront] [Amazon Cloudfront,Amazon S3,Amazon Web Services] [df7f4ca0e74864196c7198ddb7846ba5]
https://api-static.test4.games.betviewapi.com [403] [GET] [application/xml] [] [AmazonS3] [vhost] [cloudfront] [Amazon Cloudfront,Amazon S3,Amazon Web Services] [57048179e55ac4cd2c16edaff0a679df]
https://api-static.test4.games.betviewapi.com [403] [GET] [application/xml] [] [AmazonS3] [vhost] [cloudfront] [Amazon Cloudfront,Amazon S3,Amazon Web Services] [b837659277da6c9cfb5cb5f4bcbd02cc]
https://cashout.betviewapi.com [404] [GET] [text/html] [HTTP Status 404 – Not Found] [] [vhost] [875927332f52c86065894ba05cabb6c4]
https://dev.test.popularbets.betviewapi.com [403] [GET] [application/json] [] [] [vhost] [cloudfront] [Amazon Cloudfront,Amazon Web Services] [bc45704aad57d445b6dfa58b101071e3]
https://dev.trending.test.popularbets.betviewapi.com [403] [GET] [application/xml] [] [AmazonS3] [vhost] [cloudfront] [Amazon Cloudfront,Amazon S3,Amazon Web Services] [d44d6eaf387c4cffa975ad32d78ddb49]
https://dev.trending.test.popularbets.betviewapi.com [403] [GET] [application/xml] [] [AmazonS3] [vhost] [cloudfront] [Amazon Cloudfront,Amazon S3,Amazon Web Services] [de8bfa8a7f4f5a47732035b33d24eac5]
https://erwann.test.popularbets.betviewapi.com [403] [GET] [application/json] [] [] [vhost] [cloudfront] [Amazon Cloudfront,Amazon Web Services] [bc45704aad57d445b6dfa58b101071e3]
https://erwann.trending.test.popularbets.betviewapi.com [403] [GET] [application/xml] [] [AmazonS3] [vhost] [cloudfront] [Amazon Cloudfront,Amazon S3,Amazon Web Services] [b8c47a08b66214c8c9b5a35932bf3dc3]
https://erwann.trending.test.popularbets.betviewapi.com [403] [GET] [application/xml] [] [AmazonS3] [vhost] [cloudfront] [Amazon Cloudfront,Amazon S3,Amazon Web Services] [bee0a038be4bd20475a5cbd3b71f8f76]
https://event-catalogue.betviewapi.com [404] [GET] [] [] [(REDACTED)] [vhost] [d41d8cd98f00b204e9800998ecf8427e]
https://event-catalogue.nps.betviewapi.com [503] [GET] [text/html] [Service Unavailable] [(REDACTED)] [vhost] [4db500ef834f26b2fdc6752b02c46540]
https://event-catalogue.nps.betviewapi.com [503] [GET] [text/html] [Service Unavailable] [(REDACTED)] [vhost] [824e19aaa353f14c7a7b76cfbf8d8ab5]
https://gareth.test.popularbets.betviewapi.com [403] [GET] [application/json] [] [] [vhost] [cloudfront] [Amazon Cloudfront,Amazon Web Services] [bc45704aad57d445b6dfa58b101071e3]
https://gareth.trending.test.popularbets.betviewapi.com [403] [GET] [application/xml] [] [AmazonS3] [vhost] [cloudfront] [Amazon Cloudfront,Amazon S3,Amazon Web Services] [204680d01997879bd708cbfac5cd16b8]
https://gareth.trending.test.popularbets.betviewapi.com [403] [GET] [application/xml] [] [AmazonS3] [vhost] [cloudfront] [Amazon Cloudfront,Amazon S3,Amazon Web Services] [e861829a970567dcf922618257a54ca8]
https://rab-pricing.betviewapi.com [404] [GET] [text/html] [HTTP Status 404 – Not Found] [] [vhost] [875927332f52c86065894ba05cabb6c4]
https://singhr.test.popularbets.betviewapi.com [403] [GET] [application/json] [] [] [vhost] [cloudfront] [Amazon Cloudfront,Amazon Web Services] [bc45704aad57d445b6dfa58b101071e3]
https://singhr.trending.test.popularbets.betviewapi.com [403] [GET] [application/xml] [] [AmazonS3] [vhost] [cloudfront] [Amazon Cloudfront,Amazon S3,Amazon Web Services] [425f2323776b3743f0c87ac304e0ed6c]
https://singhr.trending.test.popularbets.betviewapi.com [403] [GET] [application/xml] [] [AmazonS3] [vhost] [cloudfront] [Amazon Cloudfront,Amazon S3,Amazon Web Services] [448c73c92d63c33b10602bc2c935fd4f]
https://staging.test.popularbets.betviewapi.com [403] [GET] [application/json] [] [] [vhost] [cloudfront] [Amazon Cloudfront,Amazon Web Services] [bc45704aad57d445b6dfa58b101071e3]
https://staging.trending.test.popularbets.betviewapi.com [403] [GET] [application/xml] [] [AmazonS3] [vhost] [cloudfront] [Amazon Cloudfront,Amazon S3,Amazon Web Services] [0ac0622730c97fc7d7b99e42475db0f7]
https://staging.trending.test.popularbets.betviewapi.com [403] [GET] [application/xml] [] [AmazonS3] [vhost] [cloudfront] [Amazon Cloudfront,Amazon S3,Amazon Web Services] [3dae612741e88614f007d5bc38f7cd73]
https://stats.betviewapi.com [404] [GET] [] [] [(REDACTED)] [vhost] [d41d8cd98f00b204e9800998ecf8427e]
https://stats.nps.betviewapi.com [503] [GET] [text/html] [Error] [(REDACTED)] [vhost] [32da55b0b84aa44da9d2ebfccf07cc80]
https://stats.nps.betviewapi.com [503] [GET] [text/html] [Error] [(REDACTED)] [vhost] [7e894cba5f20866058feea279599ebad]
https://test4.test.popularbets.betviewapi.com [403] [GET] [application/json] [] [] [vhost] [cloudfront] [Amazon Cloudfront,Amazon Web Services] [bc45704aad57d445b6dfa58b101071e3]
https://test4.trending.test.popularbets.betviewapi.com [403] [GET] [application/xml] [] [AmazonS3] [vhost] [cloudfront] [Amazon Cloudfront,Amazon S3,Amazon Web Services] [1552ec9ec923cb742a838ad3c1c53660]
https://test4.trending.test.popularbets.betviewapi.com [403] [GET] [application/xml] [] [AmazonS3] [vhost] [cloudfront] [Amazon Cloudfront,Amazon S3,Amazon Web Services] [f8ac8ea692e634eb1ffb07d22a1500af]
https://trending.popularbets.betviewapi.com [403] [GET] [application/xml] [] [AmazonS3 (REDACTED)] [vhost] [Amazon Cloudfront,Amazon Web Services] [52d271aa2094f654b7befb975fa8ca19]
https://trending.popularbets.betviewapi.com [403] [GET] [application/xml] [] [AmazonS3 (REDACTED)] [vhost] [Amazon Cloudfront,Amazon Web Services] [5b08344db70fc8fa5b9cc76b6d32d722]
https://us-east.cpaul.test.popularbets.betviewapi.com [403] [GET] [application/json] [] [] [vhost] [cloudfront] [Amazon Cloudfront,Amazon Web Services] [bc45704aad57d445b6dfa58b101071e3]
