http://autodiscover.bingo.com [301] [GET] [] [] [Microsoft-IIS/10.0] [vhost] [IIS,Microsoft ASP.NET,Windows Server] [d41d8cd98f00b204e9800998ecf8427e]
http://autodiscover.brand.bingo.com [301] [GET] [] [] [Microsoft-IIS/10.0] [vhost] [IIS,Microsoft ASP.NET,Windows Server] [d41d8cd98f00b204e9800998ecf8427e]
https://bingo.com [301] [GET] [text/html] [] [kindred-loadbalancer] [vhost] [d41d8cd98f00b204e9800998ecf8427e]
https://brand.bingo.com [200] [GET] [text/html] [Bingo.com] [kindred-loadbalancer] [vhost] [Google Font API,animate.css] [5e33876099fd33b85646487c5a370a8e]
https://dog-qa1.bingo.com [403] [GET] [text/html] [403 Forbidden] [kindred-loadbalancer] [9fe3cb2b7313dc79bb477bc8fde184a7]
https://eum.bingo.com [403] [GET] [text/html] [403 Forbidden] [kindred-loadbalancer] [vhost] [4b074b0b59693fa9f94fb71b175fb187]
https://evolivecasino.bingo.com [302] [GET] [] [] [] [vhost] [cloudfront] [Amazon Cloudfront,Amazon Web Services] [d41d8cd98f00b204e9800998ecf8427e]
https://fi.bingo.com [200] [GET] [text/html] [Bingo.com - Bingo, Casino ja Live Casino netissä] [kindred-loadbalancer] [vhost] [Google Font API] [17f79e95f51fa78e09f4f3b6e3757e10]
https://fi.bingo.com [200] [GET] [text/html] [Bingo.com - Bingo, Casino ja Live Casino netissä] [kindred-loadbalancer] [vhost] [Google Font API] [ea172520129d0b5e138a3f165c3a0b84]
https://link.email.bingo.com [404] [GET] [text/html] [404 Not Found] [nginx] [Nginx] [70461da8b94c6ca5d2fda3260c5a8c3b]
https://no.bingo.com [200] [GET] [text/html] [Bingo.com | Bingo, Casino og spilleautomater på nett] [kindred-loadbalancer] [vhost] [Google Font API] [a48f7d71a75dcc85cef197b90ab82cce]
https://no-qa1.bingo.com [403] [GET] [text/html] [403 Forbidden] [kindred-loadbalancer] [4b074b0b59693fa9f94fb71b175fb187]
https://no-si1.bingo.com [403] [GET] [text/html] [403 Forbidden] [kindred-loadbalancer] [4b074b0b59693fa9f94fb71b175fb187]
https://online.bingo.com [404] [GET] [text/html] [] [kindred-loadbalancer] [Google Font API] [30885fab5ba513cbb1b920a3a43e82e7]
https://online.bingo.com [404] [GET] [text/html] [] [kindred-loadbalancer] [Google Font API] [5fc1370a1c5f10a9ff0ffb61b2775126]
https://payment.bingo.com [302] [GET] [text/html] [302 Found] [Ironman-Loadbalancer] [vhost] [139a9a51ce119814060e5c23aed45fce]
https://se.bingo.com [200] [GET] [text/html] [Välkommen till vårt svenska Bingo & Casino Online I Bingo.com] [kindred-loadbalancer] [vhost] [Google Font API] [31740650174ed3b73f9e9ab9052665b2]
https://se-qa1.bingo.com [403] [GET] [text/html] [403 Forbidden] [kindred-loadbalancer] [4b074b0b59693fa9f94fb71b175fb187]
https://se-si1.bingo.com [403] [GET] [text/html] [403 Forbidden] [kindred-loadbalancer] [4b074b0b59693fa9f94fb71b175fb187]
https://uk.bingo.com [200] [GET] [text/html] [Bingo.com, Casino & Games, Play and win money] [kindred-loadbalancer] [vhost] [Google Font API] [383f966d39b6900053ab44b5cdd3286b]
https://uk-qa1.bingo.com [403] [GET] [text/html] [403 Forbidden] [kindred-loadbalancer] [4b074b0b59693fa9f94fb71b175fb187]
https://uk-si1.bingo.com [403] [GET] [text/html] [403 Forbidden] [kindred-loadbalancer] [4b074b0b59693fa9f94fb71b175fb187]
https://valkommen.bingo.com [404] [GET] [application/xml] [] [NetDNA-cache/2.2] [vhost] [MaxCDN] [8088b7f8c39bc04c31cb391c6caed24e]
https://valkommen.bingo.com [404] [GET] [application/xml] [] [NetDNA-cache/2.2] [vhost] [MaxCDN] [8fa986b104956971f93c5f78779a5371]
https://welcome.bingo.com [301] [GET] [text/html] [301 Moved Permanently] [NetDNA-cache/2.2] [vhost] [MaxCDN] [cd2e0e43980a00fb6a2742d3afd803b8]
https://www-si1.bingo.com [403] [GET] [text/html] [403 Forbidden] [kindred-loadbalancer] [4b074b0b59693fa9f94fb71b175fb187]
