http://000-014.bingoservices.io [200] [GET] [] [] [] [vhost] [Oracle Dynamic Monitoring Service] [514eb157c352678fe6e6ffb103579bfa]
http://001190.bingoservices.io [200] [GET] [] [] [] [vhost] [Oracle Dynamic Monitoring Service] [514eb157c352678fe6e6ffb103579bfa]
http://00d28000001f79meac.bingoservices.io [200] [GET] [] [] [] [vhost] [Oracle Dynamic Monitoring Service] [514eb157c352678fe6e6ffb103579bfa]
http://0-114.bingoservices.io [200] [GET] [] [] [] [Oracle Dynamic Monitoring Service] [514eb157c352678fe6e6ffb103579bfa]
http://021250.bingoservices.io [200] [GET] [] [] [] [Oracle Dynamic Monitoring Service] [514eb157c352678fe6e6ffb103579bfa]
http://02periodic.bingoservices.io [200] [GET] [] [] [] [vhost] [Oracle Dynamic Monitoring Service] [514eb157c352678fe6e6ffb103579bfa]
http://033127.bingoservices.io [200] [GET] [] [] [] [vhost] [Oracle Dynamic Monitoring Service] [514eb157c352678fe6e6ffb103579bfa]
http://036066.bingoservices.io [200] [GET] [] [] [] [vhost] [Oracle Dynamic Monitoring Service] [514eb157c352678fe6e6ffb103579bfa]
http://03-mongodb.bingoservices.io [200] [GET] [] [] [] [vhost] [Oracle Dynamic Monitoring Service] [514eb157c352678fe6e6ffb103579bfa]
http://03-tail.bingoservices.io [200] [GET] [] [] [] [vhost] [Oracle Dynamic Monitoring Service] [514eb157c352678fe6e6ffb103579bfa]
http://043143.bingoservices.io [200] [GET] [] [] [] [Oracle Dynamic Monitoring Service] [514eb157c352678fe6e6ffb103579bfa]
http://044249.bingoservices.io [200] [GET] [] [] [] [vhost] [Oracle Dynamic Monitoring Service] [514eb157c352678fe6e6ffb103579bfa]
http://04-github-chd.bingoservices.io [200] [GET] [] [] [] [vhost] [Oracle Dynamic Monitoring Service] [514eb157c352678fe6e6ffb103579bfa]
http://04-github-redirector.bingoservices.io [200] [GET] [] [] [] [vhost] [Oracle Dynamic Monitoring Service] [514eb157c352678fe6e6ffb103579bfa]
http://04-github-service.bingoservices.io [200] [GET] [] [] [] [vhost] [Oracle Dynamic Monitoring Service] [514eb157c352678fe6e6ffb103579bfa]
http://05-31-conclusions.bingoservices.io [200] [GET] [] [] [] [vhost] [Oracle Dynamic Monitoring Service] [514eb157c352678fe6e6ffb103579bfa]
http://061156.bingoservices.io [200] [GET] [] [] [] [vhost] [Oracle Dynamic Monitoring Service] [514eb157c352678fe6e6ffb103579bfa]
http://0679208b4c7980a7f.bingoservices.io [200] [GET] [] [] [] [Oracle Dynamic Monitoring Service] [514eb157c352678fe6e6ffb103579bfa]
http://070105.bingoservices.io [200] [GET] [] [] [] [vhost] [Oracle Dynamic Monitoring Service] [514eb157c352678fe6e6ffb103579bfa]
http://07-fator-organizacional.bingoservices.io [200] [GET] [] [] [] [Oracle Dynamic Monitoring Service] [514eb157c352678fe6e6ffb103579bfa]
http://08-es6-webpack-demo-lab.bingoservices.io [200] [GET] [] [] [] [Oracle Dynamic Monitoring Service] [514eb157c352678fe6e6ffb103579bfa]
http://095076.bingoservices.io [200] [GET] [] [] [] [vhost] [Oracle Dynamic Monitoring Service] [514eb157c352678fe6e6ffb103579bfa]
http://096162.bingoservices.io [200] [GET] [] [] [] [vhost] [Oracle Dynamic Monitoring Service] [514eb157c352678fe6e6ffb103579bfa]
http://0b33c4da8112befc3.bingoservices.io [200] [GET] [] [] [] [vhost] [Oracle Dynamic Monitoring Service] [514eb157c352678fe6e6ffb103579bfa]
http://0baa7d95f2ad29615.bingoservices.io [200] [GET] [] [] [] [vhost] [Oracle Dynamic Monitoring Service] [514eb157c352678fe6e6ffb103579bfa]
http://0.bingoservices.io [200] [GET] [] [] [] [vhost] [Oracle Dynamic Monitoring Service] [514eb157c352678fe6e6ffb103579bfa]
http://110096.bingoservices.io [200] [GET] [] [] [] [Oracle Dynamic Monitoring Service] [514eb157c352678fe6e6ffb103579bfa]
http://112052.bingoservices.io [200] [GET] [] [] [] [vhost] [Oracle Dynamic Monitoring Service] [514eb157c352678fe6e6ffb103579bfa]
http://112094.bingoservices.io [200] [GET] [] [] [] [vhost] [Oracle Dynamic Monitoring Service] [514eb157c352678fe6e6ffb103579bfa]
http://114120.bingoservices.io [200] [GET] [] [] [] [Oracle Dynamic Monitoring Service] [514eb157c352678fe6e6ffb103579bfa]
http://114155.bingoservices.io [200] [GET] [] [] [] [vhost] [Oracle Dynamic Monitoring Service] [514eb157c352678fe6e6ffb103579bfa]
http://119.bingoservices.io [200] [GET] [] [] [] [vhost] [Oracle Dynamic Monitoring Service] [514eb157c352678fe6e6ffb103579bfa]
http://1242709618.bingoservices.io [200] [GET] [] [] [] [vhost] [Oracle Dynamic Monitoring Service] [514eb157c352678fe6e6ffb103579bfa]
http://12node-express-okta-idp.bingoservices.io [200] [GET] [] [] [] [vhost] [Oracle Dynamic Monitoring Service] [514eb157c352678fe6e6ffb103579bfa]
http://13069066.bingoservices.io [200] [GET] [] [] [] [vhost] [Oracle Dynamic Monitoring Service] [514eb157c352678fe6e6ffb103579bfa]
http://134096.bingoservices.io [200] [GET] [] [] [] [Oracle Dynamic Monitoring Service] [514eb157c352678fe6e6ffb103579bfa]
http://135j5dsha8-netherlands.bingoservices.io [200] [GET] [] [] [] [vhost] [Oracle Dynamic Monitoring Service] [514eb157c352678fe6e6ffb103579bfa]
http://154070.bingoservices.io [200] [GET] [] [] [] [vhost] [Oracle Dynamic Monitoring Service] [514eb157c352678fe6e6ffb103579bfa]
http://159.bingoservices.io [200] [GET] [] [] [] [vhost] [Oracle Dynamic Monitoring Service] [514eb157c352678fe6e6ffb103579bfa]
http://165.bingoservices.io [200] [GET] [] [] [] [vhost] [Oracle Dynamic Monitoring Service] [514eb157c352678fe6e6ffb103579bfa]
http://171019.bingoservices.io [200] [GET] [] [] [] [Oracle Dynamic Monitoring Service] [514eb157c352678fe6e6ffb103579bfa]
http://195-76.bingoservices.io [200] [GET] [] [] [] [vhost] [Oracle Dynamic Monitoring Service] [514eb157c352678fe6e6ffb103579bfa]
http://19830.bingoservices.io [200] [GET] [] [] [] [Oracle Dynamic Monitoring Service] [514eb157c352678fe6e6ffb103579bfa]
http://198.bingoservices.io [200] [GET] [] [] [] [vhost] [Oracle Dynamic Monitoring Service] [514eb157c352678fe6e6ffb103579bfa]
http://200-004.bingoservices.io [200] [GET] [] [] [] [Oracle Dynamic Monitoring Service] [514eb157c352678fe6e6ffb103579bfa]
http://2015164487.bingoservices.io [200] [GET] [] [] [] [vhost] [Oracle Dynamic Monitoring Service] [514eb157c352678fe6e6ffb103579bfa]
http://203-009.bingoservices.io [200] [GET] [] [] [] [vhost] [Oracle Dynamic Monitoring Service] [514eb157c352678fe6e6ffb103579bfa]
http://204-80-111-214.bingoservices.io [200] [GET] [] [] [] [vhost] [Oracle Dynamic Monitoring Service] [514eb157c352678fe6e6ffb103579bfa]
http://222.bingoservices.io [200] [GET] [] [] [] [Oracle Dynamic Monitoring Service] [514eb157c352678fe6e6ffb103579bfa]
http://226.bingoservices.io [200] [GET] [] [] [] [Oracle Dynamic Monitoring Service] [514eb157c352678fe6e6ffb103579bfa]
http://227.bingoservices.io [200] [GET] [] [] [] [vhost] [Oracle Dynamic Monitoring Service] [514eb157c352678fe6e6ffb103579bfa]
http://232.bingoservices.io [200] [GET] [] [] [] [vhost] [Oracle Dynamic Monitoring Service] [514eb157c352678fe6e6ffb103579bfa]
http://236.bingoservices.io [200] [GET] [] [] [] [Oracle Dynamic Monitoring Service] [514eb157c352678fe6e6ffb103579bfa]
http://246.bingoservices.io [200] [GET] [] [] [] [vhost] [Oracle Dynamic Monitoring Service] [514eb157c352678fe6e6ffb103579bfa]
http://29-134.bingoservices.io [200] [GET] [] [] [] [Oracle Dynamic Monitoring Service] [514eb157c352678fe6e6ffb103579bfa]
http://33.bingoservices.io [200] [GET] [] [] [] [Oracle Dynamic Monitoring Service] [514eb157c352678fe6e6ffb103579bfa]
http://53gt.bingoservices.io [200] [GET] [] [] [] [vhost] [Oracle Dynamic Monitoring Service] [514eb157c352678fe6e6ffb103579bfa]
http://6h3a.bingoservices.io [200] [GET] [] [] [] [vhost] [Oracle Dynamic Monitoring Service] [514eb157c352678fe6e6ffb103579bfa]
http://7.bingoservices.io [200] [GET] [] [] [] [vhost] [Oracle Dynamic Monitoring Service] [514eb157c352678fe6e6ffb103579bfa]
http://8.bingoservices.io [200] [GET] [] [] [] [vhost] [Oracle Dynamic Monitoring Service] [514eb157c352678fe6e6ffb103579bfa]
http://aboutus-gist.bingoservices.io [200] [GET] [] [] [] [vhost] [Oracle Dynamic Monitoring Service] [514eb157c352678fe6e6ffb103579bfa]
http://actionbcpegms.bingoservices.io [200] [GET] [] [] [] [vhost] [Oracle Dynamic Monitoring Service] [514eb157c352678fe6e6ffb103579bfa]
http://action.bingoservices.io [200] [GET] [] [] [] [Oracle Dynamic Monitoring Service] [514eb157c352678fe6e6ffb103579bfa]
http://activity.bingoservices.io [200] [GET] [] [] [] [vhost] [Oracle Dynamic Monitoring Service] [514eb157c352678fe6e6ffb103579bfa]
http://activitywacweb-ext.bingoservices.io [200] [GET] [] [] [] [vhost] [Oracle Dynamic Monitoring Service] [514eb157c352678fe6e6ffb103579bfa]
http://alwaysonvpndonateinmemory.bingoservices.io [200] [GET] [] [] [] [Oracle Dynamic Monitoring Service] [514eb157c352678fe6e6ffb103579bfa]
http://alwaysonvpntest.bingoservices.io [200] [GET] [] [] [] [vhost] [Oracle Dynamic Monitoring Service] [514eb157c352678fe6e6ffb103579bfa]
http://analog.bingoservices.io [200] [GET] [] [] [] [vhost] [Oracle Dynamic Monitoring Service] [514eb157c352678fe6e6ffb103579bfa]
http://apc1.bingoservices.io [200] [GET] [] [] [] [Oracle Dynamic Monitoring Service] [514eb157c352678fe6e6ffb103579bfa]
http://api-docs-bcpwebrep.bingoservices.io [200] [GET] [] [] [] [Oracle Dynamic Monitoring Service] [514eb157c352678fe6e6ffb103579bfa]
http://api-docs-ext.bingoservices.io [200] [GET] [] [] [] [vhost] [Oracle Dynamic Monitoring Service] [514eb157c352678fe6e6ffb103579bfa]
http://app-ext.bingoservices.io [200] [GET] [] [] [] [vhost] [Oracle Dynamic Monitoring Service] [514eb157c352678fe6e6ffb103579bfa]
http://autodiscoverintranetclone.bingoservices.io [200] [GET] [] [] [] [vhost] [Oracle Dynamic Monitoring Service] [514eb157c352678fe6e6ffb103579bfa]
http://battlehqint.bingoservices.io [200] [GET] [] [] [] [vhost] [Oracle Dynamic Monitoring Service] [514eb157c352678fe6e6ffb103579bfa]
http://bingoservices.io [200] [GET] [] [] [] [vhost] [Oracle Dynamic Monitoring Service] [514eb157c352678fe6e6ffb103579bfa]
http://blog92.bingoservices.io [200] [GET] [] [] [] [vhost] [Oracle Dynamic Monitoring Service] [514eb157c352678fe6e6ffb103579bfa]
http://cloudfrontactivity.bingoservices.io [200] [GET] [] [] [] [vhost] [Oracle Dynamic Monitoring Service] [514eb157c352678fe6e6ffb103579bfa]
http://dev.bingoservices.io [200] [GET] [] [] [] [vhost] [Oracle Dynamic Monitoring Service] [514eb157c352678fe6e6ffb103579bfa]
http://developercontent.bingoservices.io [200] [GET] [] [] [] [Oracle Dynamic Monitoring Service] [514eb157c352678fe6e6ffb103579bfa]
http://dial.bingoservices.io [200] [GET] [] [] [] [Oracle Dynamic Monitoring Service] [514eb157c352678fe6e6ffb103579bfa]
http://discounts.bingoservices.io [200] [GET] [] [] [] [vhost] [Oracle Dynamic Monitoring Service] [514eb157c352678fe6e6ffb103579bfa]
http://donateinmemory.bingoservices.io [200] [GET] [] [] [] [Oracle Dynamic Monitoring Service] [514eb157c352678fe6e6ffb103579bfa]
http://dsl.bingoservices.io [200] [GET] [] [] [] [Oracle Dynamic Monitoring Service] [514eb157c352678fe6e6ffb103579bfa]
http://ebackend.bingoservices.io [200] [GET] [] [] [] [Oracle Dynamic Monitoring Service] [514eb157c352678fe6e6ffb103579bfa]
http://etoolkit.bingoservices.io [200] [GET] [] [] [] [Oracle Dynamic Monitoring Service] [514eb157c352678fe6e6ffb103579bfa]
http://eventsallmacro.bingoservices.io [200] [GET] [] [] [] [vhost] [Oracle Dynamic Monitoring Service] [514eb157c352678fe6e6ffb103579bfa]
http://events.bingoservices.io [200] [GET] [] [] [] [vhost] [Oracle Dynamic Monitoring Service] [514eb157c352678fe6e6ffb103579bfa]
http://fundraise-donateinmemory.bingoservices.io [200] [GET] [] [] [] [vhost] [Oracle Dynamic Monitoring Service] [514eb157c352678fe6e6ffb103579bfa]
http://gq1.bingoservices.io [200] [GET] [] [] [] [Oracle Dynamic Monitoring Service] [514eb157c352678fe6e6ffb103579bfa]
http://gxs.bingoservices.io [200] [GET] [] [] [] [vhost] [Oracle Dynamic Monitoring Service] [514eb157c352678fe6e6ffb103579bfa]
http://gxs.next.bingoservices.io [200] [GET] [] [] [] [vhost] [Oracle Dynamic Monitoring Service] [514eb157c352678fe6e6ffb103579bfa]
http://gxs.staging.bingoservices.io [200] [GET] [] [] [] [vhost] [Oracle Dynamic Monitoring Service] [514eb157c352678fe6e6ffb103579bfa]
http://i2.bingoservices.io [200] [GET] [] [] [] [vhost] [Oracle Dynamic Monitoring Service] [514eb157c352678fe6e6ffb103579bfa]
http://lawlib.bingoservices.io [200] [GET] [] [] [] [vhost] [Oracle Dynamic Monitoring Service] [514eb157c352678fe6e6ffb103579bfa]
http://le-test.bingoservices.io [200] [GET] [] [] [] [vhost] [Oracle Dynamic Monitoring Service] [514eb157c352678fe6e6ffb103579bfa]
http://lib.bingoservices.io [200] [GET] [] [] [] [vhost] [Oracle Dynamic Monitoring Service] [514eb157c352678fe6e6ffb103579bfa]
http://library.bingoservices.io [200] [GET] [] [] [] [vhost] [Oracle Dynamic Monitoring Service] [514eb157c352678fe6e6ffb103579bfa]
http://llull.bingoservices.io [200] [GET] [] [] [] [vhost] [Oracle Dynamic Monitoring Service] [514eb157c352678fe6e6ffb103579bfa]
http://ne1.bingoservices.io [200] [GET] [] [] [] [vhost] [Oracle Dynamic Monitoring Service] [514eb157c352678fe6e6ffb103579bfa]
http://news.bingoservices.io [200] [GET] [] [] [] [vhost] [Oracle Dynamic Monitoring Service] [514eb157c352678fe6e6ffb103579bfa]
http://node-express-okta-idp.bingoservices.io [200] [GET] [] [] [] [vhost] [Oracle Dynamic Monitoring Service] [514eb157c352678fe6e6ffb103579bfa]
http://ovz-ssd2.bingoservices.io [200] [GET] [] [] [] [vhost] [Oracle Dynamic Monitoring Service] [514eb157c352678fe6e6ffb103579bfa]
http://sg3.bingoservices.io [200] [GET] [] [] [] [vhost] [Oracle Dynamic Monitoring Service] [514eb157c352678fe6e6ffb103579bfa]
http://static.bingoservices.io [200] [GET] [] [] [] [vhost] [Oracle Dynamic Monitoring Service] [514eb157c352678fe6e6ffb103579bfa]
http://static.next.bingoservices.io [200] [GET] [] [] [] [Oracle Dynamic Monitoring Service] [514eb157c352678fe6e6ffb103579bfa]
http://static.staging.bingoservices.io [200] [GET] [] [] [] [vhost] [Oracle Dynamic Monitoring Service] [514eb157c352678fe6e6ffb103579bfa]
http://su2cr53.bingoservices.io [200] [GET] [] [] [] [vhost] [Oracle Dynamic Monitoring Service] [514eb157c352678fe6e6ffb103579bfa]
