http://account.bitdefender.com:2053 [400] [GET] [text/html] [400 The plain HTTP request was sent to HTTPS port] [cloudflare] [cloudflare] [cd58783500d7fa3c58f88eb0ba22f4f8]
http://account.bitdefender.com:2083 [400] [GET] [text/html] [400 The plain HTTP request was sent to HTTPS port] [cloudflare] [cloudflare] [20ad84d030031252141ca0b3fc0183f0]
http://account.bitdefender.com:2086 [301] [GET] [] [] [cloudflare] [vhost] [cloudflare] [d41d8cd98f00b204e9800998ecf8427e]
http://account.bitdefender.com:2087 [400] [GET] [text/html] [400 The plain HTTP request was sent to HTTPS port] [cloudflare] [cloudflare] [cd58783500d7fa3c58f88eb0ba22f4f8]
http://account.bitdefender.com:8443 [400] [GET] [text/html] [400 The plain HTTP request was sent to HTTPS port] [cloudflare] [cloudflare] [20ad84d030031252141ca0b3fc0183f0]
http://account.bitdefender.com:8880 [301] [GET] [] [] [cloudflare] [vhost] [cloudflare] [d41d8cd98f00b204e9800998ecf8427e]
http://applecsrwebservice.bitdefender.com [200] [GET] [text/html] [] [cloudflare] [vhost] [cloudflare] [Cloudflare,PHP] [bd2314b5caef0146dd43cd3b79e5ac7c]
http://auth.mdrt.bitdefender.com:2082 [301] [GET] [] [] [cloudflare] [vhost] [cloudflare] [Cloudflare,Cloudflare Bot Management] [d41d8cd98f00b204e9800998ecf8427e]
http://auth.mdrt.bitdefender.com:2086 [301] [GET] [] [] [cloudflare] [vhost] [cloudflare] [Cloudflare,Cloudflare Bot Management] [d41d8cd98f00b204e9800998ecf8427e]
http://auth.mdrt.bitdefender.com:8880 [301] [GET] [] [] [cloudflare] [vhost] [cloudflare] [Cloudflare,Cloudflare Bot Management] [d41d8cd98f00b204e9800998ecf8427e]
http://beta-account.bitdefender.com:8080 [404] [GET] [text/html] [404 Not Found] [] [2e9281cb1598565605593d28a5efa3bb]
http://beta-login.bitdefender.com:8080 [404] [GET] [text/html] [404 Not Found] [] [2e9281cb1598565605593d28a5efa3bb]
http://businessemail.bitdefender.com:8080 [301] [GET] [] [] [cloudflare] [vhost] [Cloudflare Network Error Logging] [d41d8cd98f00b204e9800998ecf8427e]
http://businessinsights.bitdefender.com:8080 [301] [GET] [] [] [cloudflare] [vhost] [Cloudflare Network Error Logging] [d41d8cd98f00b204e9800998ecf8427e]
http://businessresources.bitdefender.com:8080 [301] [GET] [] [] [cloudflare] [vhost] [Cloudflare Network Error Logging] [d41d8cd98f00b204e9800998ecf8427e]
http://oemhub.bitdefender.com:8080 [301] [GET] [] [] [cloudflare] [vhost] [Cloudflare Network Error Logging] [d41d8cd98f00b204e9800998ecf8427e]
http://oemresources.bitdefender.com:8080 [301] [GET] [] [] [cloudflare] [vhost] [Cloudflare Network Error Logging] [d41d8cd98f00b204e9800998ecf8427e]
http://resellerportal.bitdefender.com:8080 [404] [GET] [text/html] [404 Not Found] [] [2e9281cb1598565605593d28a5efa3bb]
http://share.bitdefender.com:2053 [400] [GET] [text/html] [400 The plain HTTP request was sent to HTTPS port] [cloudflare] [cloudflare] [cd58783500d7fa3c58f88eb0ba22f4f8]
http://share.bitdefender.com:2083 [400] [GET] [text/html] [400 The plain HTTP request was sent to HTTPS port] [cloudflare] [cloudflare] [cd58783500d7fa3c58f88eb0ba22f4f8]
http://share.bitdefender.com:2087 [400] [GET] [text/html] [400 The plain HTTP request was sent to HTTPS port] [cloudflare] [cloudflare] [20ad84d030031252141ca0b3fc0183f0]
http://share.bitdefender.com:8080 [523] [GET] [] [] [cloudflare] [vhost] [cloudflare] [Cloudflare] [d41d8cd98f00b204e9800998ecf8427e]
http://share.bitdefender.com:8443 [400] [GET] [text/html] [400 The plain HTTP request was sent to HTTPS port] [cloudflare] [cloudflare] [cd58783500d7fa3c58f88eb0ba22f4f8]
http://support.bitdefender.com:2083 [400] [GET] [text/html] [400 The plain HTTP request was sent to HTTPS port] [cloudflare] [cloudflare] [cd58783500d7fa3c58f88eb0ba22f4f8]
http://support.bitdefender.com:2087 [400] [GET] [text/html] [400 The plain HTTP request was sent to HTTPS port] [cloudflare] [cloudflare] [20ad84d030031252141ca0b3fc0183f0]
http://support.bitdefender.com:8443 [400] [GET] [text/html] [400 The plain HTTP request was sent to HTTPS port] [cloudflare] [cloudflare] [cd58783500d7fa3c58f88eb0ba22f4f8]
http://view-download.bitdefender.com [403] [GET] [text/html] [Error] [nginx] [Nginx] [46669ef624eb3b22d852dd629582e7f3]
http://www.enterprise.bitdefender.com [301] [GET] [] [] [cloudflare] [cloudflare] [d41d8cd98f00b204e9800998ecf8427e]
https://account.bitdefender.com [200] [GET] [text/html] [Bitdefender Account] [cloudflare] [vhost] [cloudflare] [Cloudflare,Google Cloud,Google Cloud CDN] [7755b35297b62b038297092820edef87]
https://alpha-central.bitdefender.com [200] [GET] [text/html] [Bitdefender Central] [cloudflare] [vhost] [cloudflare] [Cloudflare,Google Cloud,Google Cloud CDN] [cb35842fbfda03ff64f66fb8e3dcbc01]
https://api-stage.pan-stage.bitdefender.com [302] [GET] [text/html] [Redirecting to /docs] [nginx/1.18.0] [vhost] [Nginx] [5a5241585147faa96e0ab37e58832dcc]
https://api.pan.bitdefender.com [302] [GET] [text/html] [Redirecting to /docs] [nginx] [azure] [Nginx] [abdecd264282632cbd750a65281dc5e2]
https://api.pan.bitdefender.com [302] [GET] [text/html] [Redirecting to /docs] [nginx] [azure] [Nginx] [dfc008c17082ac754c64b9475e40b706]
https://api.ti.bitdefender.com [401] [GET] [text/html] [401 Authorization Required] [nginx] [Nginx] [28c5f434e4ab2e2a682400cb005fb08b]
https://api.ti.bitdefender.com [401] [GET] [text/html] [401 Authorization Required] [nginx] [Nginx] [55f69d37caed0efafa4d15970ed5f18e]
https://arca.bitdefender.com [200] [GET] [text/html] [ARCA] [cloudflare] [vhost] [cloudflare] [Cloudflare,Google Cloud,Google Cloud CDN] [3119150f4261f35874a875d45713c61e]
https://attinsight.bitdefender.com [302] [GET] [] [] [] [Elasticsearch,Kibana,Node.js] [d41d8cd98f00b204e9800998ecf8427e]
https://auth.mdr.bitdefender.com [302] [GET] [text/plain] [] [cloudflare] [vhost] [cloudflare] [Cloudflare,Cloudflare Bot Management] [a3482e73d47d467957d5e1e97a37bcaf]
https://auth.mdr.bitdefender.com:2083 [400] [GET] [text/plain] [] [cloudflare] [vhost] [cloudflare] [Cloudflare,Cloudflare Bot Management] [426975243793dd61c5340e83425bc0e9]
https://auth.mdr.bitdefender.com:2087 [400] [GET] [text/plain] [] [cloudflare] [vhost] [cloudflare] [Cloudflare,Cloudflare Bot Management] [426975243793dd61c5340e83425bc0e9]
https://auth.mdr.bitdefender.com:8443 [400] [GET] [text/plain] [] [cloudflare] [vhost] [cloudflare] [Cloudflare,Cloudflare Bot Management] [426975243793dd61c5340e83425bc0e9]
https://auth.mdrt.bitdefender.com [302] [GET] [text/plain] [] [cloudflare] [vhost] [cloudflare] [Cloudflare,Cloudflare Bot Management] [14de4e65444ca7402d507f9d9096b14d]
https://auth.mdrt.bitdefender.com:2083 [400] [GET] [text/plain] [] [cloudflare] [vhost] [cloudflare] [Cloudflare,Cloudflare Bot Management] [426975243793dd61c5340e83425bc0e9]
https://auth.mdrt.bitdefender.com:2087 [400] [GET] [text/plain] [] [cloudflare] [vhost] [cloudflare] [Cloudflare,Cloudflare Bot Management] [426975243793dd61c5340e83425bc0e9]
https://auth.mdrt.bitdefender.com:8443 [400] [GET] [text/plain] [] [cloudflare] [vhost] [cloudflare] [Cloudflare,Cloudflare Bot Management] [426975243793dd61c5340e83425bc0e9]
https://autodiscover.bitdefender.com [301] [GET] [] [] [Microsoft-IIS/8.5] [IIS,Microsoft ASP.NET,Windows Server] [d41d8cd98f00b204e9800998ecf8427e]
https://belt.orion.bitdefender.com [200] [GET] [] [] [nginx/1.20.1] [Nginx] [24dcb36c678ab918e272bfdad52a3eb6]
https://beta-account.bitdefender.com [200] [GET] [text/html] [Bitdefender Account] [nimbus] [Google Cloud,Google Cloud CDN] [36281311ea7422225f18f68c781c1040]
https://beta-central.bitdefender.com [200] [GET] [text/html] [Bitdefender Central] [cloudflare] [vhost] [cloudflare] [Cloudflare,Google Cloud,Google Cloud CDN] [00ba5265dc956c911a4c2c161f0c0f5f]
https://beta-login.bitdefender.com [302] [GET] [text/html] [302 Found] [nimbus] [Google Cloud,Google Cloud CDN] [aff950cab4c0265e21d401db15f1026d]
https://beta-msp.bitdefender.com [200] [GET] [text/html] [MSP Bitdefender] [cloudflare] [vhost] [cloudflare] [Cloudflare,Google Cloud,Google Cloud CDN] [598d82f22456674f564f208391bd0f36]
https://beta.bitdefender.com [500] [GET] [text/html] [Fastly error: unknown domain beta.bitdefender.com] [cloudflare] [vhost] [cloudflare] [Cloudflare] [1b9eb752a698c39cea4aadc3bcaa3da2]
https://beta.bitdefender.com [500] [GET] [text/html] [Fastly error: unknown domain beta.bitdefender.com] [cloudflare] [vhost] [cloudflare] [Cloudflare] [745024e6dd7ab58b320788b09e22cb8c]
https://bitadvisors.bitdefender.com [200] [GET] [text/html] [Bitdefender Community] [cloudflare] [vhost] [cloudflare] [Amazon ALB,Amazon Web Services,Cloudflare,Java] [0e12bf7d7e24358e797fdc72760a2dce]
https://bitadvisors.bitdefender.com [200] [GET] [text/html] [Bitdefender Community] [cloudflare] [vhost] [cloudflare] [Amazon ALB,Amazon Web Services,Cloudflare,Java] [90bfeee9488993e51bf3fdb7315c32b8]
https://bitdefender.com [301] [GET] [] [] [cloudflare] [vhost] [cloudflare] [d41d8cd98f00b204e9800998ecf8427e]
https://brand.bitdefender.com [302] [GET] [text/html] [] [cloudflare] [vhost] [cloudflare] [Cloudflare,PHP] [d41d8cd98f00b204e9800998ecf8427e]
https://businessemail.bitdefender.com [301] [GET] [] [] [cloudflare] [vhost] [Cloudflare,Cloudflare Network Error Logging] [d41d8cd98f00b204e9800998ecf8427e]
https://businessemail.bitdefender.com:8443 [521] [GET] [] [] [cloudflare] [vhost] [Cloudflare,Cloudflare Network Error Logging] [d41d8cd98f00b204e9800998ecf8427e]
https://businessinsights.bitdefender.com [200] [GET] [text/html] [Business Insights Blog | Endpoint. Network. Cloud | Bitdefender] [cloudflare] [vhost] [Cloudflare Network Error Logging,Google Tag Manager,HubSpot,HubSpot CMS Hub] [e115e31cf78ede34b3053453c1451bdb]
https://businessinsights.bitdefender.com:8443 [200] [GET] [text/html] [Business Insights Blog | Endpoint. Network. Cloud | Bitdefender] [cloudflare] [vhost] [Cloudflare Network Error Logging,Google Tag Manager,HubSpot,HubSpot CMS Hub] [e115e31cf78ede34b3053453c1451bdb]
https://businessresources.bitdefender.com [301] [GET] [] [] [cloudflare] [vhost] [Cloudflare,Cloudflare Network Error Logging] [d41d8cd98f00b204e9800998ecf8427e]
https://businessresources.bitdefender.com:8443 [521] [GET] [] [] [cloudflare] [vhost] [Cloudflare,Cloudflare Network Error Logging] [d41d8cd98f00b204e9800998ecf8427e]
https://buy.bitdefender.com [200] [GET] [text/html] [] [] [vhost] [incapsula] [Imperva] [5ae9b50e5b75903699e3149954d11497]
https://buy.bitdefender.com:10000 [200] [GET] [text/html] [] [] [vhost] [incapsula] [Imperva] [117ed17b8d7ce555805db3214168e3fe]
https://buy.bitdefender.com:1177 [200] [GET] [text/html] [] [] [vhost] [incapsula] [Imperva] [529116037f892f094e21eb999847cc17]
https://buy.bitdefender.com:1234 [200] [GET] [text/html] [] [] [vhost] [incapsula] [Imperva] [1385d7522ae9444b8dbc0a6ad4f0c3d6]
https://buy.bitdefender.com:1521 [200] [GET] [text/html] [] [] [vhost] [incapsula] [Imperva] [15f3bbd862ad778feffc4315f85e236d]
https://buy.bitdefender.com:1935 [200] [GET] [text/html] [] [] [vhost] [incapsula] [Imperva] [f830d888038616f99e208507d8b5401b]
https://buy.bitdefender.com:2000 [200] [GET] [text/html] [] [] [vhost] [incapsula] [Imperva] [fb02fcecd3d7b7f1f0be1d89411a62a6]
https://buy.bitdefender.com:20000 [200] [GET] [text/html] [] [] [vhost] [incapsula] [Imperva] [af923e7fe23cbe6376064b9a19a970aa]
https://buy.bitdefender.com:2082 [200] [GET] [text/html] [] [] [vhost] [incapsula] [Imperva] [273475a0a458a8f84239c97b168f6fa5]
https://buy.bitdefender.com:2083 [200] [GET] [text/html] [] [] [vhost] [incapsula] [Imperva] [dde18b87ca4a8002f9f3e73ed6f505fa]
https://buy.bitdefender.com:2087 [200] [GET] [text/html] [] [] [vhost] [incapsula] [Imperva] [5882b7946d660f9de92fbe9faaafed3d]
https://buy.bitdefender.com:2222 [200] [GET] [text/html] [] [] [vhost] [incapsula] [Imperva] [67ac95dffff55e70ba6b8bd2a6eedbbe]
https://buy.bitdefender.com:2345 [200] [GET] [text/html] [] [] [vhost] [incapsula] [Imperva] [a1e812b13b4b19921fe41c9e687a6e34]
https://buy.bitdefender.com:25 [200] [GET] [text/html] [] [] [vhost] [incapsula] [Imperva] [534cce787e8e6540e8a4b75455a3ad1b]
https://buy.bitdefender.com:25001 [200] [GET] [text/html] [] [] [vhost] [incapsula] [Imperva] [51f526832e7e5e3b3aac1434b5f5a96f]
https://buy.bitdefender.com:3000 [200] [GET] [text/html] [] [] [vhost] [incapsula] [Imperva] [b96bde6c511c3351968e8aa667db60ae]
https://buy.bitdefender.com:3001 [200] [GET] [text/html] [] [] [vhost] [incapsula] [Imperva] [cd2050721616e646fa5cbbec2ca0b2ee]
https://buy.bitdefender.com:3299 [200] [GET] [text/html] [] [] [vhost] [incapsula] [Imperva] [3054dc775f04060b44708afc528a3bc8]
https://buy.bitdefender.com:3389 [200] [GET] [text/html] [] [] [vhost] [incapsula] [Imperva] [910b9e48d07fd23f363bfd15cbe78419]
https://buy.bitdefender.com:3790 [200] [GET] [text/html] [] [] [vhost] [incapsula] [Imperva] [73d9bd0bbbc353bdb46dac8a17f59abb]
https://buy.bitdefender.com:389 [200] [GET] [text/html] [] [] [vhost] [incapsula] [Imperva] [68bd1a3f2c98beea46da6cef46c06e6f]
https://buy.bitdefender.com:4022 [200] [GET] [text/html] [] [] [vhost] [incapsula] [Imperva] [29eb1330b70290a1fc733fd0723319fb]
https://buy.bitdefender.com:4040 [200] [GET] [text/html] [] [] [vhost] [incapsula] [Imperva] [57a0694269e4a8babe658900ab09dba8]
https://buy.bitdefender.com:444 [200] [GET] [text/html] [] [] [vhost] [incapsula] [Imperva] [c9584f18a6c534cd401dbbffb35e84a9]
https://buy.bitdefender.com:4443 [200] [GET] [text/html] [] [] [vhost] [incapsula] [Imperva] [1540a8797ae4a14891d6aaae6d9ecf4d]
https://buy.bitdefender.com:4500 [200] [GET] [text/html] [] [] [vhost] [incapsula] [Imperva] [fcbdf69f2a3084847ee24509ec6279a7]
https://buy.bitdefender.com:4567 [200] [GET] [text/html] [] [] [vhost] [incapsula] [Imperva] [f8c636e0e77e79ec019d5a4507325c2c]
https://buy.bitdefender.com:4911 [200] [GET] [text/html] [] [] [vhost] [incapsula] [Imperva] [3c2438aa34d847e20d9f497064722929]
https://buy.bitdefender.com:5000 [200] [GET] [text/html] [] [] [vhost] [incapsula] [Imperva] [d2bb0a4056583c84110a48ba4bd28010]
https://buy.bitdefender.com:50000 [200] [GET] [text/html] [] [] [vhost] [incapsula] [Imperva] [793ed62d1247574881db7cc890b52825]
https://buy.bitdefender.com:5001 [200] [GET] [text/html] [] [] [vhost] [incapsula] [Imperva] [b2f7a63de6ce5ec1307931750f6b66c1]
https://buy.bitdefender.com:5005 [200] [GET] [text/html] [] [] [vhost] [incapsula] [Imperva] [bb40eb921174ae8a2c20c7c2b6d23037]
https://buy.bitdefender.com:50050 [200] [GET] [text/html] [] [] [vhost] [incapsula] [Imperva] [490a66d52d8c0c38b08a2fe86c738c4e]
https://buy.bitdefender.com:5006 [200] [GET] [text/html] [] [] [vhost] [incapsula] [Imperva] [9fba637500e2bb8289b37d1f67b3de83]
https://buy.bitdefender.com:5010 [200] [GET] [text/html] [] [] [vhost] [incapsula] [Imperva] [870e9e23dbf7f56be9bb5cf0548c29dc]
https://buy.bitdefender.com:5222 [200] [GET] [text/html] [] [] [vhost] [incapsula] [Imperva] [d4df288553932960116fb9a4e4c8d655]
https://buy.bitdefender.com:5269 [200] [GET] [text/html] [] [] [vhost] [incapsula] [Imperva] [41188759ff001b98a056a8337e50a11e]
https://buy.bitdefender.com:554 [200] [GET] [text/html] [] [] [vhost] [incapsula] [Imperva] [9b480e8af4b2a19f2c22fb8da813ba4a]
https://buy.bitdefender.com:5555 [200] [GET] [text/html] [] [] [vhost] [incapsula] [Imperva] [e58d58b6af8176ba5494c68e086964bc]
https://buy.bitdefender.com:5601 [200] [GET] [text/html] [] [] [vhost] [incapsula] [Imperva] [8edd3bafb007ae288b468814b7320009]
https://buy.bitdefender.com:5672 [200] [GET] [text/html] [] [] [vhost] [incapsula] [Imperva] [394a1a8a955c98f19b0fed7ee80c5b2f]
https://buy.bitdefender.com:5800 [200] [GET] [text/html] [] [] [vhost] [incapsula] [Imperva] [f8698246ceca03f474a409a7da0ae56a]
https://buy.bitdefender.com:587 [200] [GET] [text/html] [] [] [vhost] [incapsula] [Imperva] [755c440052593bef6006dcb9d9a4c827]
https://buy.bitdefender.com:5900 [200] [GET] [text/html] [] [] [vhost] [incapsula] [Imperva] [f73f5198495cf314f3ea5d1befc90996]
https://buy.bitdefender.com:5901 [200] [GET] [text/html] [] [] [vhost] [incapsula] [Imperva] [c6eb0e70fed62012ae4f23c90ea670c4]
https://buy.bitdefender.com:5985 [200] [GET] [text/html] [] [] [vhost] [incapsula] [Imperva] [abeb8a281d6c900890fa7879237b6d68]
https://buy.bitdefender.com:5986 [200] [GET] [text/html] [] [] [vhost] [incapsula] [Imperva] [577368fec5a617c651b33e20f52737f6]
https://buy.bitdefender.com:6000 [200] [GET] [text/html] [] [] [vhost] [incapsula] [Imperva] [5cb7f9115580373e2469591f6d18cc0e]
https://buy.bitdefender.com:60001 [200] [GET] [text/html] [] [] [vhost] [incapsula] [Imperva] [074b50176079070a82953aa1dcdb9b0a]
https://buy.bitdefender.com:6001 [200] [GET] [text/html] [] [] [vhost] [incapsula] [Imperva] [00f9549a8b002d9d7637f9f63684064e]
https://buy.bitdefender.com:631 [200] [GET] [text/html] [] [] [vhost] [incapsula] [Imperva] [baf587f6a21f16f8d865ebf0a8422635]
https://buy.bitdefender.com:636 [200] [GET] [text/html] [] [] [vhost] [incapsula] [Imperva] [6e028a32d24f16fca052aebb7cbdddae]
https://buy.bitdefender.com:6443 [200] [GET] [text/html] [] [] [vhost] [incapsula] [Imperva] [bfc6c1200e9dc6599af6dfe141451e94]
https://buy.bitdefender.com:7001 [200] [GET] [text/html] [] [] [vhost] [incapsula] [Imperva] [d64ed3dfb09f2294d2bd45435ee88996]
https://buy.bitdefender.com:7071 [200] [GET] [text/html] [] [] [vhost] [incapsula] [Imperva] [92cc5ef9030465dcbab0de1266db8cbc]
https://buy.bitdefender.com:7171 [200] [GET] [text/html] [] [] [vhost] [incapsula] [Imperva] [2d94384b1a32590852db4e2f5aece650]
https://buy.bitdefender.com:7443 [200] [GET] [text/html] [] [] [vhost] [incapsula] [Imperva] [3587a1cc3223b60b7f1185705621aed8]
https://buy.bitdefender.com:7474 [200] [GET] [text/html] [] [] [vhost] [incapsula] [Imperva] [e923259dc24941e202dfc6dc5c2786f8]
https://buy.bitdefender.com:7777 [200] [GET] [text/html] [] [] [vhost] [incapsula] [Imperva] [bdb37c1986a549e03c11dd8ab711e454]
https://buy.bitdefender.com:7779 [200] [GET] [text/html] [] [] [vhost] [incapsula] [Imperva] [bdea3397a326593f07643a6be02d9381]
https://buy.bitdefender.com:8001 [200] [GET] [text/html] [] [] [vhost] [incapsula] [Imperva] [8cd7501216b13f82035bab0b59ca3bc0]
https://buy.bitdefender.com:8008 [200] [GET] [text/html] [] [] [vhost] [incapsula] [Imperva] [ba53f521777b11180bfc7a8f1d7827ec]
https://buy.bitdefender.com:8009 [200] [GET] [text/html] [] [] [vhost] [incapsula] [Imperva] [dc5894f89e35ba11eef4a064749cd857]
https://buy.bitdefender.com:8010 [200] [GET] [text/html] [] [] [vhost] [incapsula] [Imperva] [91a3e094d4a1f473ff0849c9a0e909c0]
https://buy.bitdefender.com:8060 [200] [GET] [text/html] [] [] [vhost] [incapsula] [Imperva] [f54cb80311d2d1b149b4b6e82b679adb]
https://buy.bitdefender.com:8069 [200] [GET] [text/html] [] [] [vhost] [incapsula] [Imperva] [b073a76c27daabd2cdde3a7f4a8bcc62]
https://buy.bitdefender.com:8081 [200] [GET] [text/html] [] [] [vhost] [incapsula] [Imperva] [9640e666e32a3e4013c2a070158af7cf]
https://buy.bitdefender.com:8083 [200] [GET] [text/html] [] [] [vhost] [incapsula] [Imperva] [cf4ca60b0383fbcb20a034f151918197]
https://buy.bitdefender.com:8086 [200] [GET] [text/html] [] [] [vhost] [incapsula] [Imperva] [b1bdaae1709a86c256dcf15c0e30d1f0]
https://buy.bitdefender.com:8090 [200] [GET] [text/html] [] [] [vhost] [incapsula] [Imperva] [63eb86763c43e17b472d86dd5f81072a]
https://buy.bitdefender.com:8098 [200] [GET] [text/html] [] [] [vhost] [incapsula] [Imperva] [8bd1a109ebc4640198ab327c91e494a0]
https://buy.bitdefender.com:8099 [200] [GET] [text/html] [] [] [vhost] [incapsula] [Imperva] [981a159cdba50688fc9b84f0a6783672]
https://buy.bitdefender.com:81 [200] [GET] [text/html] [] [] [vhost] [incapsula] [Imperva] [a27346c81f2b87e0bee42665ca23de5b]
https://buy.bitdefender.com:8112 [200] [GET] [text/html] [] [] [vhost] [incapsula] [Imperva] [436bf47612e23a764fb2fb20aba7a612]
https://buy.bitdefender.com:8123 [200] [GET] [text/html] [] [] [vhost] [incapsula] [Imperva] [fccd7ffa59eab5fd02c38f8c9c743706]
https://buy.bitdefender.com:8126 [200] [GET] [text/html] [] [] [vhost] [incapsula] [Imperva] [66b6296eb787dab510384862b055304b]
https://buy.bitdefender.com:8140 [200] [GET] [text/html] [] [] [vhost] [incapsula] [Imperva] [22d74609ac03d5a305f2e1b8138e52f2]
https://buy.bitdefender.com:8181 [200] [GET] [text/html] [] [] [vhost] [incapsula] [Imperva] [c248e76cd92b4c90a0c600757e14f65b]
https://buy.bitdefender.com:82 [200] [GET] [text/html] [] [] [vhost] [incapsula] [Imperva] [9288de5a089745b1fbd91a7c06885988]
https://buy.bitdefender.com:8200 [200] [GET] [text/html] [] [] [vhost] [incapsula] [Imperva] [0d50b0050f2ad9f652aec900e2b88e01]
https://buy.bitdefender.com:83 [200] [GET] [text/html] [] [] [vhost] [incapsula] [Imperva] [7b6d5d98169e3affec2cd29da48a55cd]
https://buy.bitdefender.com:84 [200] [GET] [text/html] [] [] [vhost] [incapsula] [Imperva] [36b97c0b412eb0bb77ac29f145b03d5c]
https://buy.bitdefender.com:8443 [200] [GET] [text/html] [] [] [vhost] [incapsula] [Imperva] [6dcf84af914fe3ef3ac53494decae867]
https://buy.bitdefender.com:88 [200] [GET] [text/html] [] [] [vhost] [incapsula] [Imperva] [aed13b756c086aeb887539c935ef90e7]
https://buy.bitdefender.com:8800 [200] [GET] [text/html] [] [] [vhost] [incapsula] [Imperva] [66658467a97acd89601a48881461b659]
https://buy.bitdefender.com:8880 [200] [GET] [text/html] [] [] [vhost] [incapsula] [Imperva] [1131206737a382fd943f10a27ec2683e]
https://buy.bitdefender.com:8888 [200] [GET] [text/html] [] [] [vhost] [incapsula] [Imperva] [544da2efda0c0a9246ef9a8e2d1c1d57]
https://buy.bitdefender.com:8889 [200] [GET] [text/html] [] [] [vhost] [incapsula] [Imperva] [e1c8d3d6cfee7246ca3ba56a707b5a4e]
https://buy.bitdefender.com:9000 [200] [GET] [text/html] [] [] [vhost] [incapsula] [Imperva] [61f217c2a45d775b0275c48ff3a7f174]
https://buy.bitdefender.com:9001 [200] [GET] [text/html] [] [] [vhost] [incapsula] [Imperva] [d2526bbbb9a706e6ef32ad62fa208103]
https://buy.bitdefender.com:9002 [200] [GET] [text/html] [] [] [vhost] [incapsula] [Imperva] [11b597ea485f88a87346d7bfb57c8a37]
https://buy.bitdefender.com:9080 [200] [GET] [text/html] [] [] [vhost] [incapsula] [Imperva] [307dd226437e00cb3f91827505453195]
https://buy.bitdefender.com:9090 [200] [GET] [text/html] [] [] [vhost] [incapsula] [Imperva] [828c685e4a145ef8aad76fe4da455106]
https://buy.bitdefender.com:9100 [200] [GET] [text/html] [] [] [vhost] [incapsula] [Imperva] [0f78a237d1b84f8de3b0859ffb7ac09c]
https://buy.bitdefender.com:9191 [200] [GET] [text/html] [] [] [vhost] [incapsula] [Imperva] [62967adb7d0b1a62de7fd6ec90195db6]
https://buy.bitdefender.com:9200 [200] [GET] [text/html] [] [] [vhost] [incapsula] [Imperva] [3cec21ab5eb3dc55e342cda080d69c98]
https://buy.bitdefender.com:9306 [200] [GET] [text/html] [] [] [vhost] [incapsula] [Imperva] [b8d6c269c4052cc9feb846f78165df5c]
https://buy.bitdefender.com:9443 [200] [GET] [text/html] [] [] [vhost] [incapsula] [Imperva] [2c78e802913928bf4563d846eebbdab4]
https://buy.bitdefender.com:9530 [200] [GET] [text/html] [] [] [vhost] [incapsula] [Imperva] [0a4df74069e88c7c424661e9c909f5d0]
https://buy.bitdefender.com:9600 [200] [GET] [text/html] [] [] [vhost] [incapsula] [Imperva] [5a26eafd429464ec39ddba8391ca0e70]
https://buy.bitdefender.com:9943 [200] [GET] [text/html] [] [] [vhost] [incapsula] [Imperva] [5d018e77c2420ce0487c796b9acb370a]
https://buy.bitdefender.com:9998 [200] [GET] [text/html] [] [] [vhost] [incapsula] [Imperva] [2c349d47d60df48161ca6c1a6cdf3e7c]
https://buy.bitdefender.com:9999 [200] [GET] [text/html] [] [] [vhost] [incapsula] [Imperva] [ae723c546eb5dacdcae01ad535ac95a2]
https://central-appdirect.bitdefender.com [530] [GET] [text/html] [Origin DNS error | central-appdirect.bitdefender.com | Cloudflare] [cloudflare] [vhost] [cloudflare] [3b117ae8eaba542616073356ad1285b2]
https://central-appdirect.bitdefender.com [530] [GET] [text/html] [Origin DNS error | central-appdirect.bitdefender.com | Cloudflare] [cloudflare] [vhost] [cloudflare] [70d5c668a48d73d0977197b269cb7d9a]
https://central.bitdefender.com [200] [GET] [text/html] [Bitdefender Central] [cloudflare] [vhost] [cloudflare] [Cloudflare,Google Cloud,Google Cloud CDN] [00ba5265dc956c911a4c2c161f0c0f5f]
https://channel.bitdefender.com [301] [GET] [] [] [cloudflare] [vhost] [cloudflare] [d41d8cd98f00b204e9800998ecf8427e]
https://cloud-ecs.gravityzone.bitdefender.com [200] [GET] [application/json] [] [] [92426c3d410e89ff697679c4d38f1b31]
https://cloud.gravityzone.bitdefender.com [200] [GET] [text/html] [Bitdefender GravityZone] [nginx] [Nginx] [99dc6a9d67912ce91259fdb282b6c295]
https://cloudgz-ecs.gravityzone.bitdefender.com [200] [GET] [application/json] [] [] [92426c3d410e89ff697679c4d38f1b31]
https://cloudgz.gravityzone.bitdefender.com [200] [GET] [text/html] [Bitdefender GravityZone] [nginx] [Nginx] [99dc6a9d67912ce91259fdb282b6c295]
https://cloudirl.gravityzone.bitdefender.com [200] [GET] [text/html] [Bitdefender GravityZone] [cloudflare] [vhost] [cloudflare] [Cloudflare] [99dc6a9d67912ce91259fdb282b6c295]
https://community.bitdefender.com [301] [GET] [text/html] [] [cloudflare] [vhost] [cloudflare] [Cloudflare] [d41d8cd98f00b204e9800998ecf8427e]
https://csrtools-api.bitdefender.com [404] [GET] [application/json] [] [cloudflare] [vhost] [cloudflare] [Cloudflare] [afa404d4341391cf9a0faa4b65ac3a1c]
https://customerzone.bitdefender.com [200] [GET] [text/html] [] [nginx/1.18.0] [vhost] [AngularJS,Nginx] [90d5c2e3a2b594db3456d35e27874591]
https://czt.bitdefender.com [503] [GET] [text/html] [503 Service Temporarily Unavailable] [awselb/2.0] [81df4d3863debf3eceb5cf84251fd472]
https://deskpro-api.bitdefender.com [403] [GET] [text/html] [403 Forbidden] [nginx] [Nginx] [4dec45889e09ec3ceb63fd65825d0f11]
https://dev.swimlane.bitdefender.com [403] [GET] [text/html] [403 Forbidden] [awselb/2.0] [2e40045efe5134ada9942798c090d269]
https://download.bitdefender.com [200] [GET] [text/html] [] [ECAcc (nya/7968)] [vhost] [d41d8cd98f00b204e9800998ecf8427e]
https://edu.bitdefender.com [200] [GET] [text/html] [Bitdefender - Global Leader in Cybersecurity Software] [cloudflare] [vhost] [cloudflare] [Adobe Experience Manager,Cloudflare,Google Font API,Google Tag Manager,Java,PHP,PayPal] [21162485126cc3b9af0099ff4cccf3a9]
https://edu.bitdefender.com [200] [GET] [text/html] [Bitdefender - Global Leader in Cybersecurity Software] [cloudflare] [vhost] [cloudflare] [Adobe Experience Manager,Cloudflare,Google Font API,Google Tag Manager,Java,PHP,PayPal] [2fe4fc1ee9109e2aad6af53e1539aff2]
https://elearning.bitdefender.com [200] [GET] [text/html] [Bitdefender eLearning] [cloudflare] [vhost] [cloudflare] [Cloudflare,Google Font API] [0c8ed1e142bc1a36a4d90353753e64ba]
https://emc.services.bitdefender.com [302] [GET] [text/html] [] [nginx/1.12.2] [Nginx,PHP] [d41d8cd98f00b204e9800998ecf8427e]
https://emc.services.bitdefender.com [302] [GET] [text/html] [] [nginx/1.4.6 (Ubuntu)] [Nginx,PHP,Ubuntu] [d41d8cd98f00b204e9800998ecf8427e]
https://enterprise.bitdefender.com [301] [GET] [] [] [cloudflare] [vhost] [cloudflare] [d41d8cd98f00b204e9800998ecf8427e]
https://eu-lurker-input.gravityzone.bitdefender.com [400] [GET] [] [] [] [Google Cloud,Google Cloud CDN] [d41d8cd98f00b204e9800998ecf8427e]
https://eu-tc.gravityzone.bitdefender.com [200] [GET] [text/html] [Bitdefender GravityZone Control Center] [nginx] [Amazon ELB,Amazon Web Services,Nginx] [c36a19e282cd6a32eecff49c3048586b]
https://explore-lb.bitdefender.com [404] [GET] [text/html] [PathFactory - Resource Not Found] [] [37e2f6eaf92979c4e6e1dc9c89030415]
https://explore.bitdefender.com [302] [GET] [text/html] [] [cloudflare] [vhost] [cloudflare] [Cloudflare] [57a6acb56367d04ffd6ed143e9ff4139]
https://external-api.data.bitdefender.com [404] [GET] [text/html] [404 Not Found] [nginx/1.20.2] [Nginx] [7dfb9a4219d20c6babc4877451844e3c]
https://feeds.ti.bitdefender.com [401] [GET] [text/html] [401 Authorization Required] [nginx] [Nginx] [28c5f434e4ab2e2a682400cb005fb08b]
https://feeds.ti.bitdefender.com [401] [GET] [text/html] [401 Authorization Required] [nginx] [Nginx] [55f69d37caed0efafa4d15970ed5f18e]
https://forum.bitdefender.com [301] [GET] [] [] [cloudflare] [vhost] [cloudflare] [d41d8cd98f00b204e9800998ecf8427e]
https://go.bitdefender.com [204] [GET] [] [] [] [vhost] [d41d8cd98f00b204e9800998ecf8427e]
https://gravityzone.bitdefender.com [200] [GET] [text/html] [Bitdefender GravityZone Control Center] [nginx] [Amazon ELB,Amazon Web Services,Nginx] [c36a19e282cd6a32eecff49c3048586b]
https://gz-mobile.bitdefender.com:8443 [200] [GET] [application/json] [] [] [92426c3d410e89ff697679c4d38f1b31]
https://gzevents-dev.dev.rmm.bitdefender.com [404] [GET] [text/html] [Microsoft Azure Web App - Error 404] [] [azure] [ed28fca1b56fe57fbf6341faaf8e34dc]
https://gzevents-uat.dev.rmm.bitdefender.com [200] [GET] [text/html] [Your Azure Function App is up and running.] [] [vhost] [azure] [e1454fa4ae7e129a0cdba70191b71fe2]
https://gzevents.uat.rmm.bitdefender.com [404] [GET] [text/html] [Microsoft Azure Web App - Error 404] [] [azure] [30df3c0287ff1b1551e6be944501c461]
https://help.gravityzone.bitdefender.com [302] [GET] [] [] [CloudFront] [vhost] [cloudfront] [Amazon Cloudfront,Amazon Web Services] [d41d8cd98f00b204e9800998ecf8427e]
https://hotforsecurity.bitdefender.com [301] [GET] [] [] [cloudflare] [vhost] [cloudflare] [d41d8cd98f00b204e9800998ecf8427e]
https://ingestors-eu.bmdr.bitdefender.com [301] [GET] [application/json] [] [] [vhost] [d41d8cd98f00b204e9800998ecf8427e]
https://ingestors-us.bmdr.bitdefender.com [301] [GET] [application/json] [] [] [vhost] [d41d8cd98f00b204e9800998ecf8427e]
https://ipm-lb.bitdefender.com [404] [GET] [text/html] [404 Not Found] [cloudflare] [vhost] [cloudflare] [Cloudflare] [8e325dc2fea7c8900fc6c4b8c6c394fe]
https://ipm.bitdefender.com [404] [GET] [text/html] [404 Not Found] [cloudflare] [vhost] [cloudflare] [Cloudflare] [70461da8b94c6ca5d2fda3260c5a8c3b]
https://ipm.bitdefender.com [404] [GET] [text/html] [404 Not Found] [cloudflare] [vhost] [cloudflare] [Cloudflare] [8e325dc2fea7c8900fc6c4b8c6c394fe]
https://labs.bitdefender.com [301] [GET] [] [] [cloudflare] [vhost] [cloudflare] [d41d8cd98f00b204e9800998ecf8427e]
https://latin.bitdefender.com [301] [GET] [] [] [cloudflare] [vhost] [cloudflare] [d41d8cd98f00b204e9800998ecf8427e]
https://linux.bitdefender.com [301] [GET] [] [] [cloudflare] [vhost] [cloudflare] [d41d8cd98f00b204e9800998ecf8427e]
https://login.bitdefender.com [302] [GET] [text/html] [302 Found] [cloudflare] [vhost] [cloudflare] [Cloudflare,Google Cloud,Google Cloud CDN] [aff950cab4c0265e21d401db15f1026d]
https://lv2-lb.bitdefender.com [404] [GET] [text/html] [404 Not Found] [cloudflare] [vhost] [cloudflare] [Cloudflare] [70461da8b94c6ca5d2fda3260c5a8c3b]
https://lv2-lb.bitdefender.com [404] [GET] [text/html] [404 Not Found] [cloudflare] [vhost] [cloudflare] [Cloudflare] [8e325dc2fea7c8900fc6c4b8c6c394fe]
https://lv2.bitdefender.com [404] [GET] [text/html] [404 Not Found] [cloudflare] [vhost] [cloudflare] [Cloudflare] [70461da8b94c6ca5d2fda3260c5a8c3b]
https://mastercard.bitdefender.com [200] [GET] [text/html] [Bitdefender - Global Leader in Cybersecurity Software] [cloudflare] [vhost] [cloudflare] [Adobe Experience Manager,Cloudflare,Google Font API,Google Tag Manager,Java,PHP,PayPal] [0eb60d092e44061e8203cec5e7937649]
https://mastercard.bitdefender.com [200] [GET] [text/html] [Bitdefender - Global Leader in Cybersecurity Software] [cloudflare] [vhost] [cloudflare] [Adobe Experience Manager,Cloudflare,Google Font API,Google Tag Manager,Java,PHP,PayPal] [748d375c7afd6873066c214d1f372040]
https://mdr.bitdefender.com [301] [GET] [text/html] [301 Moved Permanently] [nginx/1.18.0] [vhost] [Nginx] [84855c13836b389d5ec7cfd4c9266173]
https://mdrt.bitdefender.com [301] [GET] [text/html] [301 Moved Permanently] [nginx/1.18.0] [vhost] [Nginx] [84855c13836b389d5ec7cfd4c9266173]
https://misp-feed.bitdefender.com [500] [GET] [text/html] [500 Internal Server Error] [nginx] [vhost] [Nginx] [4f854cd7f43689b5ac552528a402d2b0]
https://mobicomapi.bitdefender.com [401] [GET] [text/html] [401 Authorization Required] [nimbus] [Basic] [28c5f434e4ab2e2a682400cb005fb08b]
https://msp.bitdefender.com [200] [GET] [text/html] [MSP Bitdefender] [cloudflare] [vhost] [cloudflare] [Cloudflare,Google Cloud,Google Cloud CDN] [f3d58297f9118a2d97269822f99c83d5]
https://my.bitdefender.com [404] [GET] [text/html] [404 Not Found] [cloudflare] [vhost] [cloudflare] [Cloudflare] [70461da8b94c6ca5d2fda3260c5a8c3b]
https://my.bitdefender.com [404] [GET] [text/html] [404 Not Found] [cloudflare] [vhost] [cloudflare] [Cloudflare] [8e325dc2fea7c8900fc6c4b8c6c394fe]
https://myaccount.bitdefender.com [302] [GET] [] [] [cloudflare] [vhost] [cloudflare] [d41d8cd98f00b204e9800998ecf8427e]
https://new.bitdefender.com [301] [GET] [] [] [cloudflare] [vhost] [cloudflare] [d41d8cd98f00b204e9800998ecf8427e]
https://nmr.bitdefender.com [200] [GET] [text/html] [] [cloudflare] [vhost] [cloudflare] [Cloudflare] [d41d8cd98f00b204e9800998ecf8427e]
https://notification.bitdefender.com [301] [GET] [] [] [cloudflare] [vhost] [cloudflare] [d41d8cd98f00b204e9800998ecf8427e]
https://notification.bitdefender.com:2053 [301] [GET] [] [] [cloudflare] [vhost] [cloudflare] [d41d8cd98f00b204e9800998ecf8427e]
https://notification.bitdefender.com:2083 [301] [GET] [] [] [cloudflare] [vhost] [cloudflare] [d41d8cd98f00b204e9800998ecf8427e]
https://notification.bitdefender.com:2087 [301] [GET] [] [] [cloudflare] [vhost] [cloudflare] [d41d8cd98f00b204e9800998ecf8427e]
https://notification.bitdefender.com:8443 [301] [GET] [] [] [cloudflare] [vhost] [cloudflare] [d41d8cd98f00b204e9800998ecf8427e]
https://oem-login.bitdefender.com [302] [GET] [text/html] [302 Found] [nimbus] [Google Cloud,Google Cloud CDN] [aff950cab4c0265e21d401db15f1026d]
https://oemhub.bitdefender.com [301] [GET] [] [] [cloudflare] [vhost] [Cloudflare,Cloudflare Network Error Logging] [d41d8cd98f00b204e9800998ecf8427e]
https://oemhub.bitdefender.com:8443 [521] [GET] [] [] [cloudflare] [vhost] [Cloudflare,Cloudflare Network Error Logging] [d41d8cd98f00b204e9800998ecf8427e]
https://oemportal.bitdefender.com [302] [GET] [text/html] [] [cloudflare] [vhost] [cloudflare] [CakePHP,Cloudflare,PHP] [d41d8cd98f00b204e9800998ecf8427e]
https://oemresources.bitdefender.com [404] [GET] [text/html] [] [cloudflare] [vhost] [Cloudflare,Cloudflare Network Error Logging,HubSpot,HubSpot CMS Hub] [1f471b623c4392ad0b59a8392482633a]
https://oemresources.bitdefender.com [404] [GET] [text/html] [] [cloudflare] [vhost] [Cloudflare,Cloudflare Network Error Logging,HubSpot,HubSpot CMS Hub] [758e8bdeb392c7ca451979cb30753023]
https://oemresources.bitdefender.com:8443 [521] [GET] [] [] [cloudflare] [vhost] [Cloudflare,Cloudflare Network Error Logging] [d41d8cd98f00b204e9800998ecf8427e]
https://onboarding.gravityzone.bitdefender.com [302] [GET] [text/html] [] [] [vhost] [7d0918cf182e6f20207fb859c43cdf6d]
https://order.bitdefender.com [301] [GET] [text/html] [Document Moved] [] [vhost] [incapsula] [Imperva] [eaf30710f6f5c51730ae40b2754565b7]
https://orion.bitdefender.com [200] [GET] [] [] [cloudflare] [vhost] [cloudflare] [Cloudflare] [24dcb36c678ab918e272bfdad52a3eb6]
https://pan-stage.bitdefender.com [200] [GET] [text/html] [Bitdefender PAN Portal - Channel Partner Program and Tools] [nginx/1.18.0] [Bootstrap,CakePHP,Google Tag Manager,Nginx,PHP] [2f1799278c509df373a16f70f31ae8fe]
https://pan-stage.bitdefender.com [200] [GET] [text/html] [Bitdefender PAN Portal - Channel Partner Program and Tools] [nginx/1.18.0] [Bootstrap,CakePHP,Google Tag Manager,Nginx,PHP] [c017ad78eaaff1627a86959cae1861af]
https://pan.bitdefender.com [200] [GET] [text/html] [Bitdefender PAN Portal - Channel Partner Program and Tools] [nginx] [vhost] [azure] [Bootstrap,CakePHP,Google Tag Manager,Nginx,PHP] [ba37123f017246ef84d5b44acf853f2b]
https://pan.bitdefender.com [200] [GET] [text/html] [Bitdefender PAN Portal - Channel Partner Program and Tools] [nginx] [vhost] [azure] [Bootstrap,CakePHP,Google Tag Manager,Nginx,PHP] [ca49b6e22a19e2e0ad25b187774651e0]
https://parentaladvisor.bitdefender.com [200] [GET] [text/html] [] [] [vhost] [6be30dbedab752b6cb5e424ddde0eaa4]
https://partners-lb.bitdefender.com [301] [GET] [] [] [cloudflare] [vhost] [cloudflare] [d41d8cd98f00b204e9800998ecf8427e]
https://partners.bitdefender.com [200] [GET] [text/html] [MyAccount - Login] [cloudflare] [vhost] [cloudflare] [Cloudflare,Google Tag Manager,PHP,PayPal] [c7f757b1d3a45a70cdd19fb6f2776e7f]
https://partners.elearning.bitdefender.com [200] [GET] [text/html] [] [] [vhost] [cloudfront] [Amazon Cloudfront,Amazon Web Services] [d02236ab8e9c5332ebdd5178bc429d9b]
https://pemobicomapi.bitdefender.com [401] [GET] [text/html] [401 Authorization Required] [nimbus] [Basic] [28c5f434e4ab2e2a682400cb005fb08b]
https://push-hello.bitdefender.com [403] [GET] [text/html] [403 Forbidden] [Apache] [vhost] [Apache,Heroku] [bb8f534fbff5ee61a95af9c4740ae043]
https://quickscan.bitdefender.com [301] [GET] [] [] [cloudflare] [vhost] [cloudflare] [d41d8cd98f00b204e9800998ecf8427e]
https://ra-eu.bitdefender.com [200] [GET] [text/html] [] [] [f67f7c219b0107103dfbbc219b691337]
https://ra-us.bitdefender.com [200] [GET] [text/html] [] [] [f67f7c219b0107103dfbbc219b691337]
https://ra.bitdefender.com [200] [GET] [text/html] [] [] [f67f7c219b0107103dfbbc219b691337]
https://rdprojects.bitdefender.com [200] [GET] [text/html] [Bitdefender] [cloudflare] [vhost] [cloudflare] [Cloudflare,MySQL,PHP,WordPress] [e49030f5e3402496b9123221df9049b2]
https://remote.bitdefender.com [301] [GET] [] [] [cloudflare] [vhost] [cloudflare] [d41d8cd98f00b204e9800998ecf8427e]
https://renewals.bitdefender.com [301] [GET] [] [] [cloudflare] [vhost] [cloudflare] [d41d8cd98f00b204e9800998ecf8427e]
https://research.bitdefender.com [200] [GET] [text/html] [Bitdefender Research] [cloudflare] [vhost] [cloudflare] [Bootstrap,Cloudflare,Google Font API,MySQL,PHP,WordPress] [69ba805a8f7ffe1f7f5b561b4df0175e]
https://resellerportal.bitdefender.com [200] [GET] [text/html] [Official Bitdefender Consumer Program] [nginx] [vhost] [Bootstrap,Google Cloud,Google Cloud CDN,Google Font API,Nginx] [3dc90aa4803a6fce8df32e49eca57939]
https://rmm-cw-client-api-plugin-intgr.dev.rmm.bitdefender.com [404] [GET] [] [] [Microsoft-IIS/10.0] [vhost] [azure] [IIS,Microsoft ASP.NET,Windows Server] [d41d8cd98f00b204e9800998ecf8427e]
https://rmm-cw-client-api-plugin-uat.dev.rmm.bitdefender.com [500] [GET] [text/html] [HTTP Error 500.30 - ASP.NET Core app failed to start] [Microsoft-IIS/10.0] [vhost] [azure] [IIS,Microsoft ASP.NET,Windows Server] [f8661b1eda14db04c4948b3002f0eaff]
https://rmm-cw-client-api-uat.dev.rmm.bitdefender.com [404] [GET] [] [] [Microsoft-IIS/10.0] [vhost] [azure] [Azure,IIS,Microsoft ASP.NET,Windows Server] [d41d8cd98f00b204e9800998ecf8427e]
https://rmm-cw-rmm-api-plugin-intgr.dev.rmm.bitdefender.com [404] [GET] [] [] [Microsoft-IIS/10.0] [vhost] [azure] [IIS,Microsoft ASP.NET,Windows Server] [d41d8cd98f00b204e9800998ecf8427e]
https://rmm-cw-rmm-api-plugin-uat.dev.rmm.bitdefender.com [404] [GET] [] [] [Microsoft-IIS/10.0] [vhost] [azure] [IIS,Microsoft ASP.NET,Windows Server] [d41d8cd98f00b204e9800998ecf8427e]
https://rmm-cw-rmm-api-uat.dev.rmm.bitdefender.com [404] [GET] [] [] [Microsoft-IIS/10.0] [vhost] [azure] [Azure,IIS,Microsoft ASP.NET,Windows Server] [d41d8cd98f00b204e9800998ecf8427e]
https://sales.bitdefender.com [301] [GET] [] [] [cloudflare] [vhost] [cloudflare] [d41d8cd98f00b204e9800998ecf8427e]
https://sampleupload.bitdefender.com [302] [GET] [text/html] [] [nginx/1.19.10] [Nginx] [d41d8cd98f00b204e9800998ecf8427e]
https://sandbox-portal-us.gravityzone.bitdefender.com [404] [GET] [application/json] [] [nginx/1.18.0] [Google Cloud,Google Cloud CDN,Nginx] [9ea539bca8c4b4f0f032703e90bcd906]
https://sandbox-portal.gravityzone.bitdefender.com [404] [GET] [application/json] [] [nginx/1.18.0] [Google Cloud,Google Cloud CDN,Nginx] [9ea539bca8c4b4f0f032703e90bcd906]
https://securityscan.bitdefender.com [200] [GET] [text/html] [Bitdefender - Global Leader in Cybersecurity Software] [cloudflare] [vhost] [cloudflare] [Adobe Experience Manager,Cloudflare,Google Font API,Google Tag Manager,Java,PHP,PayPal] [92f20a15927a8c38757d23e0e7460d56]
https://securityscan.bitdefender.com [200] [GET] [text/html] [Bitdefender - Global Leader in Cybersecurity Software] [cloudflare] [vhost] [cloudflare] [Adobe Experience Manager,Cloudflare,Google Font API,Google Tag Manager,Java,PHP,PayPal] [c21fbf4004905c94a9506cc7b0f607d9]
https://services-www.bitdefender.com [200] [GET] [text/plain] [] [cloudflare] [vhost] [cloudflare] [Cloudflare,Express,Google Cloud,Google Cloud CDN,Node.js] [e0aa021e21dddbd6d8cecec71e9cf564]
https://share.bitdefender.com [302] [GET] [text/html] [] [cloudflare] [vhost] [cloudflare] [Cloudflare] [d41d8cd98f00b204e9800998ecf8427e]
https://shop.bitdefender.com [301] [GET] [text/html] [301 Moved Permanently] [Apache] [vhost] [incapsula] [Amazon ELB,Amazon Web Services,Apache,Imperva] [5eb57cf9ce638e99cd8b91d395707c57]
https://ssems.gravityzone.bitdefender.com [200] [GET] [text/html] [] [AmazonS3] [vhost] [cloudfront] [Amazon Cloudfront,Amazon S3,Amazon Web Services] [963199b3feadeee573d1d8ed49bc2d8c]
https://sstats.bitdefender.com [200] [GET] [] [] [jag] [d41d8cd98f00b204e9800998ecf8427e]
https://sstats.bitdefender.com [200] [GET] [] [] [jag] [vhost] [d41d8cd98f00b204e9800998ecf8427e]
https://starget.bitdefender.com [404] [GET] [text/html] [Page not found] [] [b04830c1e053e78a83964c3053f30571]
https://static-hello.bitdefender.com [302] [GET] [text/html] [] [Apache] [Apache] [d41d8cd98f00b204e9800998ecf8427e]
https://stats.bitdefender.com [200] [GET] [] [] [jag] [d41d8cd98f00b204e9800998ecf8427e]
https://store.bitdefender.com [200] [GET] [text/html] [] [] [vhost] [incapsula] [Imperva] [185dd5ec503c683da355a50e70f25c68]
https://store.bitdefender.com [200] [GET] [text/html] [] [] [vhost] [incapsula] [Imperva] [c92b03a41d658bbb4081e8ce89bee902]
https://submit.bitdefender.com [302] [GET] [text/html] [] [cloudflare] [vhost] [cloudflare] [Cloudflare] [d41d8cd98f00b204e9800998ecf8427e]
https://support-emc.services.bitdefender.com [302] [GET] [text/html] [] [nginx/1.12.2] [Nginx,PHP] [d41d8cd98f00b204e9800998ecf8427e]
https://support-emc.services.bitdefender.com [302] [GET] [text/html] [] [nginx/1.4.6 (Ubuntu)] [Nginx,PHP,Ubuntu] [d41d8cd98f00b204e9800998ecf8427e]
https://support.bitdefender.com [302] [GET] [text/html] [Redirecting to https://support.bitdefender.com/en] [cloudflare] [vhost] [cloudflare] [Cloudflare] [43249c5eeddc70949c2348e3f0d970c7]
https://survey.bitdefender.com [500] [GET] [text/html] [Fastly error: unknown domain survey.bitdefender.com] [cloudflare] [vhost] [cloudflare] [Cloudflare] [5834bb0d024fefa67d806a0119fe6f0d]
https://survey.bitdefender.com [500] [GET] [text/html] [Fastly error: unknown domain survey.bitdefender.com] [cloudflare] [vhost] [cloudflare] [Cloudflare] [b077a95fedfc6c38940617fa22333a9c]
https://swimlane.bitdefender.com [403] [GET] [text/html] [403 Forbidden] [awselb/2.0] [2e40045efe5134ada9942798c090d269]
https://taxii.ti.bitdefender.com [401] [GET] [text/html] [401 Authorization Required] [nginx] [Nginx] [28c5f434e4ab2e2a682400cb005fb08b]
https://taxii.ti.bitdefender.com [401] [GET] [text/html] [401 Authorization Required] [nginx] [Nginx] [55f69d37caed0efafa4d15970ed5f18e]
https://test.swimlane.bitdefender.com [403] [GET] [text/html] [403 Forbidden] [awselb/2.0] [2e40045efe5134ada9942798c090d269]
https://test.swimlane.bitdefender.com:8443 [403] [GET] [text/html] [403 Forbidden] [awselb/2.0] [bad2e8579dcdb79399aac2064216a37d]
https://threatmap.bitdefender.com [200] [GET] [text/html] [Bitdefender Threat Map] [nginx/1.18.0 (Ubuntu)] [Express,Font Awesome,Nginx,Node.js,Ubuntu] [05c9f62beb5694131619a6b9b1a1236d]
https://trafficlight.bitdefender.com [301] [GET] [text/html] [301 Moved Permanently] [] [vhost] [0f952b73d3f5586637ea9a5a789d48f4]
https://translate.bitdefender.com [503] [GET] [text/html] [Just a moment...] [cloudflare] [vhost] [cloudflare] [hCaptcha] [05044ff9ab4d10b7dca7acdbe9b359dd]
https://translate.bitdefender.com [503] [GET] [text/html] [Just a moment...] [cloudflare] [vhost] [cloudflare] [hCaptcha] [8334b463098483e446270c72d93643ff]
https://update-lb.bitdefender.com [526] [GET] [] [] [cloudflare] [vhost] [cloudflare] [Cloudflare] [d41d8cd98f00b204e9800998ecf8427e]
https://update-lb.bitdefender.com [526] [GET] [text/html] [526 Origin SSL Certificate Error] [cloudflare] [vhost] [cloudflare] [Cloudflare] [c29934b2cf92ba6a1af3e953e14b53a7]
https://update.bitdefender.com [526] [GET] [] [] [cloudflare] [vhost] [cloudflare] [Cloudflare] [d41d8cd98f00b204e9800998ecf8427e]
https://update.bitdefender.com [526] [GET] [text/html] [526 Origin SSL Certificate Error] [cloudflare] [vhost] [cloudflare] [80166052af8aedaef391bf3dec88b740]
https://upgrade.bitdefender.com [403] [GET] [text/html] [403 Forbidden] [cloudflare] [vhost] [cloudflare] [Cloudflare] [1879efad0805a8ab0fa79fbe7d39c7e5]
https://us-lurker-input.gravityzone.bitdefender.com [400] [GET] [] [] [] [Google Cloud,Google Cloud CDN] [d41d8cd98f00b204e9800998ecf8427e]
https://us-tc.gravityzone.bitdefender.com [200] [GET] [text/html] [Bitdefender GravityZone Control Center] [nginx] [Amazon ELB,Amazon Web Services,Nginx] [c36a19e282cd6a32eecff49c3048586b]
https://vsa-52-158-24-215.bitdefender.com [200] [GET] [text/html] [default] [] [azure] [dfec4de6718fdb9d53b9fd0b6f8aa837]
https://vsa-52-178-181-125.bitdefender.com [200] [GET] [text/html] [default] [] [azure] [dfec4de6718fdb9d53b9fd0b6f8aa837]
https://whitelist.bitdefender.com [200] [GET] [text/plain] [] [nginx] [Nginx] [d9a726e6080480da3347b7ec40738d38]
https://whitelisting.bitdefender.com [200] [GET] [text/html] [] [nginx] [Nginx] [225e041a62fa8a35a7735145b83c8898]
https://www.central.bitdefender.com [301] [GET] [] [] [cloudflare] [vhost] [cloudflare] [d41d8cd98f00b204e9800998ecf8427e]
https://www.gravityzone.bitdefender.com [200] [GET] [text/html] [Bitdefender GravityZone Control Center] [nginx] [Amazon ELB,Amazon Web Services,Nginx] [c36a19e282cd6a32eecff49c3048586b]
https://xmail-lb.bitdefender.com [301] [GET] [] [] [Microsoft-IIS/8.5] [IIS,Microsoft ASP.NET,Windows Server] [d41d8cd98f00b204e9800998ecf8427e]
https://xmail.bitdefender.com [301] [GET] [] [] [Microsoft-IIS/8.5] [IIS,Microsoft ASP.NET,Windows Server] [d41d8cd98f00b204e9800998ecf8427e]
