http://api.bitforex.com:2082 [301] [GET] [] [] [cloudflare] [cloudflare] [Cloudflare] [d41d8cd98f00b204e9800998ecf8427e]
http://api.bitforex.com:2086 [301] [GET] [] [] [cloudflare] [cloudflare] [Cloudflare] [d41d8cd98f00b204e9800998ecf8427e]
http://api.bitforex.com:2087 [400] [GET] [text/html] [400 The plain HTTP request was sent to HTTPS port] [cloudflare] [cloudflare] [Cloudflare] [cd58783500d7fa3c58f88eb0ba22f4f8]
http://api.bitforex.com:8080 [301] [GET] [] [] [cloudflare] [cloudflare] [Cloudflare] [d41d8cd98f00b204e9800998ecf8427e]
http://api.bitforex.com:8880 [301] [GET] [] [] [cloudflare] [cloudflare] [Cloudflare] [d41d8cd98f00b204e9800998ecf8427e]
http://bitforex.com:2082 [301] [GET] [] [] [cloudflare] [cloudflare] [Cloudflare] [d41d8cd98f00b204e9800998ecf8427e]
http://bitforex.com:2086 [301] [GET] [] [] [cloudflare] [cloudflare] [Cloudflare] [d41d8cd98f00b204e9800998ecf8427e]
http://bitforex.com:2087 [400] [GET] [text/html] [400 The plain HTTP request was sent to HTTPS port] [cloudflare] [cloudflare] [Cloudflare] [cd58783500d7fa3c58f88eb0ba22f4f8]
http://bitforex.com:8080 [301] [GET] [] [] [cloudflare] [cloudflare] [Cloudflare] [d41d8cd98f00b204e9800998ecf8427e]
http://bitforex.com:8443 [400] [GET] [text/html] [400 The plain HTTP request was sent to HTTPS port] [cloudflare] [cloudflare] [Cloudflare] [20ad84d030031252141ca0b3fc0183f0]
http://bitforex.com:8880 [301] [GET] [] [] [cloudflare] [cloudflare] [Cloudflare] [d41d8cd98f00b204e9800998ecf8427e]
http://capp.bitforex.com:2082 [403] [GET] [text/plain] [] [cloudflare] [vhost] [cloudflare] [Cloudflare] [7b5ea53ba332630e5aca8e4abb807f70]
http://capp.bitforex.com:2086 [403] [GET] [text/plain] [] [cloudflare] [vhost] [cloudflare] [Cloudflare] [7b5ea53ba332630e5aca8e4abb807f70]
http://capp.bitforex.com:8080 [403] [GET] [text/plain] [] [cloudflare] [vhost] [cloudflare] [Cloudflare] [7b5ea53ba332630e5aca8e4abb807f70]
http://capp.bitforex.com:8880 [403] [GET] [text/plain] [] [cloudflare] [vhost] [cloudflare] [Cloudflare] [7b5ea53ba332630e5aca8e4abb807f70]
http://cn.bitforex.com:2082 [301] [GET] [] [] [cloudflare] [cloudflare] [Cloudflare] [d41d8cd98f00b204e9800998ecf8427e]
http://cn.bitforex.com:2086 [301] [GET] [] [] [cloudflare] [cloudflare] [Cloudflare] [d41d8cd98f00b204e9800998ecf8427e]
http://cn.bitforex.com:2087 [400] [GET] [text/html] [400 The plain HTTP request was sent to HTTPS port] [cloudflare] [cloudflare] [Cloudflare] [cd58783500d7fa3c58f88eb0ba22f4f8]
http://cn.bitforex.com:8080 [301] [GET] [] [] [cloudflare] [cloudflare] [Cloudflare] [d41d8cd98f00b204e9800998ecf8427e]
http://cn.bitforex.com:8880 [301] [GET] [] [] [cloudflare] [cloudflare] [Cloudflare] [d41d8cd98f00b204e9800998ecf8427e]
http://download.bitforex.com:2082 [301] [GET] [] [] [cloudflare] [cloudflare] [Cloudflare] [d41d8cd98f00b204e9800998ecf8427e]
http://download.bitforex.com:2086 [301] [GET] [] [] [cloudflare] [cloudflare] [Cloudflare] [d41d8cd98f00b204e9800998ecf8427e]
http://download.bitforex.com:2087 [400] [GET] [text/html] [400 The plain HTTP request was sent to HTTPS port] [cloudflare] [cloudflare] [Cloudflare] [cd58783500d7fa3c58f88eb0ba22f4f8]
http://download.bitforex.com:8080 [301] [GET] [] [] [cloudflare] [cloudflare] [Cloudflare] [d41d8cd98f00b204e9800998ecf8427e]
http://download.bitforex.com:8443 [400] [GET] [text/html] [400 The plain HTTP request was sent to HTTPS port] [cloudflare] [cloudflare] [Cloudflare] [20ad84d030031252141ca0b3fc0183f0]
http://download.bitforex.com:8880 [301] [GET] [] [] [cloudflare] [cloudflare] [Cloudflare] [d41d8cd98f00b204e9800998ecf8427e]
http://event.bitforex.com:2082 [301] [GET] [] [] [cloudflare] [cloudflare] [Cloudflare] [d41d8cd98f00b204e9800998ecf8427e]
http://event.bitforex.com:2086 [301] [GET] [] [] [cloudflare] [cloudflare] [Cloudflare] [d41d8cd98f00b204e9800998ecf8427e]
http://event.bitforex.com:2087 [400] [GET] [text/html] [400 The plain HTTP request was sent to HTTPS port] [cloudflare] [cloudflare] [Cloudflare] [cd58783500d7fa3c58f88eb0ba22f4f8]
http://event.bitforex.com:8080 [301] [GET] [] [] [cloudflare] [cloudflare] [Cloudflare] [d41d8cd98f00b204e9800998ecf8427e]
http://event.bitforex.com:8443 [400] [GET] [text/html] [400 The plain HTTP request was sent to HTTPS port] [cloudflare] [cloudflare] [Cloudflare] [cd58783500d7fa3c58f88eb0ba22f4f8]
http://event.bitforex.com:8880 [301] [GET] [] [] [cloudflare] [cloudflare] [Cloudflare] [d41d8cd98f00b204e9800998ecf8427e]
http://grin.bitforex.com:2082 [301] [GET] [] [] [cloudflare] [cloudflare] [Cloudflare] [d41d8cd98f00b204e9800998ecf8427e]
http://grin.bitforex.com:2086 [301] [GET] [] [] [cloudflare] [cloudflare] [Cloudflare] [d41d8cd98f00b204e9800998ecf8427e]
http://grin.bitforex.com:2087 [400] [GET] [text/html] [400 The plain HTTP request was sent to HTTPS port] [cloudflare] [cloudflare] [Cloudflare] [cd58783500d7fa3c58f88eb0ba22f4f8]
http://grin.bitforex.com:8080 [301] [GET] [] [] [cloudflare] [cloudflare] [Cloudflare] [d41d8cd98f00b204e9800998ecf8427e]
http://grin.bitforex.com:8880 [301] [GET] [] [] [cloudflare] [cloudflare] [Cloudflare] [d41d8cd98f00b204e9800998ecf8427e]
http://grinproxy.bitforex.com:2082 [301] [GET] [] [] [cloudflare] [cloudflare] [Cloudflare] [d41d8cd98f00b204e9800998ecf8427e]
http://grinproxy.bitforex.com:2086 [301] [GET] [] [] [cloudflare] [cloudflare] [Cloudflare] [d41d8cd98f00b204e9800998ecf8427e]
http://grinproxy.bitforex.com:2087 [400] [GET] [text/html] [400 The plain HTTP request was sent to HTTPS port] [cloudflare] [cloudflare] [Cloudflare] [20ad84d030031252141ca0b3fc0183f0]
http://grinproxy.bitforex.com:8080 [301] [GET] [] [] [cloudflare] [cloudflare] [Cloudflare] [d41d8cd98f00b204e9800998ecf8427e]
http://grinproxy.bitforex.com:8880 [301] [GET] [] [] [cloudflare] [cloudflare] [Cloudflare] [d41d8cd98f00b204e9800998ecf8427e]
http://help.bitforex.com:2082 [301] [GET] [] [] [cloudflare] [cloudflare] [Cloudflare] [d41d8cd98f00b204e9800998ecf8427e]
http://help.bitforex.com:2086 [301] [GET] [] [] [cloudflare] [cloudflare] [Cloudflare] [d41d8cd98f00b204e9800998ecf8427e]
http://help.bitforex.com:2087 [400] [GET] [text/html] [400 The plain HTTP request was sent to HTTPS port] [cloudflare] [cloudflare] [Cloudflare] [cd58783500d7fa3c58f88eb0ba22f4f8]
http://help.bitforex.com:8080 [301] [GET] [] [] [cloudflare] [cloudflare] [Cloudflare] [d41d8cd98f00b204e9800998ecf8427e]
http://help.bitforex.com:8443 [400] [GET] [text/html] [400 The plain HTTP request was sent to HTTPS port] [cloudflare] [cloudflare] [Cloudflare] [20ad84d030031252141ca0b3fc0183f0]
http://help.bitforex.com:8880 [301] [GET] [] [] [cloudflare] [cloudflare] [Cloudflare] [d41d8cd98f00b204e9800998ecf8427e]
http://m.bitforex.com:2082 [301] [GET] [] [] [cloudflare] [cloudflare] [Cloudflare] [d41d8cd98f00b204e9800998ecf8427e]
http://m.bitforex.com:2086 [301] [GET] [] [] [cloudflare] [cloudflare] [Cloudflare] [d41d8cd98f00b204e9800998ecf8427e]
http://m.bitforex.com:8080 [301] [GET] [] [] [cloudflare] [cloudflare] [Cloudflare] [d41d8cd98f00b204e9800998ecf8427e]
http://m.bitforex.com:8443 [400] [GET] [text/html] [400 The plain HTTP request was sent to HTTPS port] [cloudflare] [cloudflare] [Cloudflare] [cd58783500d7fa3c58f88eb0ba22f4f8]
http://m.bitforex.com:8880 [301] [GET] [] [] [cloudflare] [cloudflare] [Cloudflare] [d41d8cd98f00b204e9800998ecf8427e]
http://mobile.bitforex.com:2082 [429] [GET] [text/plain] [] [cloudflare] [vhost] [cloudflare] [Cloudflare] [1001b29d0cc03c0a5d1cd2567ed8ed94]
http://mobile.bitforex.com:2086 [429] [GET] [text/plain] [] [cloudflare] [vhost] [cloudflare] [Cloudflare] [1001b29d0cc03c0a5d1cd2567ed8ed94]
http://mobile.bitforex.com:8080 [429] [GET] [text/plain] [] [cloudflare] [vhost] [cloudflare] [Cloudflare] [1001b29d0cc03c0a5d1cd2567ed8ed94]
http://mobile.bitforex.com:8880 [429] [GET] [text/plain] [] [cloudflare] [vhost] [cloudflare] [Cloudflare] [1001b29d0cc03c0a5d1cd2567ed8ed94]
http://mwcproxy.bitforex.com:2082 [301] [GET] [] [] [cloudflare] [cloudflare] [Cloudflare] [d41d8cd98f00b204e9800998ecf8427e]
http://mwcproxy.bitforex.com:2086 [301] [GET] [] [] [cloudflare] [cloudflare] [Cloudflare] [d41d8cd98f00b204e9800998ecf8427e]
http://mwcproxy.bitforex.com:2087 [400] [GET] [text/html] [400 The plain HTTP request was sent to HTTPS port] [cloudflare] [cloudflare] [Cloudflare] [cd58783500d7fa3c58f88eb0ba22f4f8]
http://mwcproxy.bitforex.com:8080 [301] [GET] [] [] [cloudflare] [cloudflare] [Cloudflare] [d41d8cd98f00b204e9800998ecf8427e]
http://mwcproxy.bitforex.com:8880 [301] [GET] [] [] [cloudflare] [cloudflare] [Cloudflare] [d41d8cd98f00b204e9800998ecf8427e]
https://api.bitforex.com [200] [GET] [text/html] [] [cloudflare] [vhost] [cloudflare] [Cloudflare] [b026324c6904b2a9cb4b88d6d61c81d1]
https://bitforex.com [200] [GET] [text/html] [BitForex | The World's Leading One-Stop Digital Asset Service Platform.] [cloudflare] [vhost] [cloudflare] [Cloudflare,Element UI,Google Font API,Google Tag Manager,Node.js,Nuxt.js,Vue.js] [56c7ef8c74190d0e0fae18d472d63c47]
https://bitforex.com [200] [GET] [text/html] [BitForex | The World's Leading One-Stop Digital Asset Service Platform.] [cloudflare] [vhost] [cloudflare] [Cloudflare,Element UI,Google Font API,Google Tag Manager,Node.js,Nuxt.js,Vue.js] [bb7af1519916bfa4e299489dc239a219]
https://capp.bitforex.com:2087 [403] [GET] [text/plain] [] [cloudflare] [vhost] [cloudflare] [Cloudflare] [7b5ea53ba332630e5aca8e4abb807f70]
https://capp.bitforex.com [403] [GET] [text/plain] [] [cloudflare] [vhost] [cloudflare] [Cloudflare] [7b5ea53ba332630e5aca8e4abb807f70]
https://cn.bitforex.com [200] [GET] [text/html] [BitForex] [cloudflare] [vhost] [cloudflare] [Cloudflare] [73113af284bb204a5eecc7d48430db73]
https://download.bitforex.com [302] [GET] [text/html] [302 Found] [cloudflare] [vhost] [cloudflare] [Cloudflare] [8ef8f9e9dcd291ddd7802c1147137360]
https://download.bitforex.com [403] [GET] [text/plain] [] [cloudflare] [vhost] [cloudflare] [Cloudflare] [4f20b85ce5ebf225720e040314a7966a]
https://event.bitforex.com [403] [GET] [text/html] [403 Forbidden] [cloudflare] [vhost] [cloudflare] [Cloudflare] [60bb83ecb2636b0746851830fee4f930]
https://grin.bitforex.com [404] [GET] [] [] [cloudflare] [vhost] [cloudflare] [Cloudflare] [d41d8cd98f00b204e9800998ecf8427e]
https://grinproxy.bitforex.com [404] [GET] [application/json] [] [cloudflare] [vhost] [cloudflare] [Cloudflare,Java,Spring] [171c080d99030cc60fd05a8587b2294c]
https://grinproxy.bitforex.com [404] [GET] [application/json] [] [cloudflare] [vhost] [cloudflare] [Cloudflare,Java,Spring] [5247a117f239dea2e6ff16f20a1e3fcb]
https://help.bitforex.com [525] [GET] [] [] [cloudflare] [vhost] [cloudflare] [Cloudflare,Cloudflare Network Error Logging] [d41d8cd98f00b204e9800998ecf8427e]
https://m.bitforex.com [302] [GET] [] [] [cloudflare] [vhost] [cloudflare] [Cloudflare] [d41d8cd98f00b204e9800998ecf8427e]
https://mobile.bitforex.com:2087 [429] [GET] [text/plain] [] [cloudflare] [vhost] [cloudflare] [Cloudflare] [1001b29d0cc03c0a5d1cd2567ed8ed94]
https://mobile.bitforex.com [429] [GET] [text/plain] [] [cloudflare] [vhost] [cloudflare] [Cloudflare] [1001b29d0cc03c0a5d1cd2567ed8ed94]
https://mwcproxy.bitforex.com [404] [GET] [application/json] [] [cloudflare] [vhost] [cloudflare] [Cloudflare,Java,Spring] [06e207c46f23809bac3e59242c3149e8]
https://mwcproxy.bitforex.com [404] [GET] [application/json] [] [cloudflare] [vhost] [cloudflare] [Cloudflare,Java,Spring] [cc68b6206badd9f641e38422848c92c9]
https://r1131307.bitforex.com [401] [GET] [text/html] [401 - Unauthorized: Access is denied due to invalid credentials.] [Microsoft-IIS/10.0] [IIS:10.0,Windows Server] [5720392716b0be81c8110c6f0598e01b]
https://static.bitforex.com [403] [GET] [application/xml] [] [cloudflare] [vhost] [cloudflare] [Cloudflare] [c2ac2262561446b6d2ea57ae8ee652e3]
https://static.bitforex.com [403] [GET] [application/xml] [] [cloudflare] [vhost] [cloudflare] [Cloudflare] [de357c546053d129d656948f3cfecac5]
https://support.bitforex.com [301] [GET] [text/html] [] [cloudflare] [vhost] [cloudflare] [Cloudflare,Cloudflare Network Error Logging,Zendesk] [5f41f99d39d67043e1394bda1a256bca]
http://static.bitforex.com:2082 [301] [GET] [] [] [cloudflare] [cloudflare] [Cloudflare] [d41d8cd98f00b204e9800998ecf8427e]
http://static.bitforex.com:2086 [301] [GET] [] [] [cloudflare] [cloudflare] [Cloudflare] [d41d8cd98f00b204e9800998ecf8427e]
http://static.bitforex.com:2087 [400] [GET] [text/html] [400 The plain HTTP request was sent to HTTPS port] [cloudflare] [cloudflare] [Cloudflare] [20ad84d030031252141ca0b3fc0183f0]
http://static.bitforex.com:8080 [301] [GET] [] [] [cloudflare] [cloudflare] [Cloudflare] [d41d8cd98f00b204e9800998ecf8427e]
http://static.bitforex.com:8880 [301] [GET] [] [] [cloudflare] [cloudflare] [Cloudflare] [d41d8cd98f00b204e9800998ecf8427e]
https://track.bitforex.com:2087 [521] [GET] [] [] [cloudflare] [vhost] [cloudflare] [Cloudflare] [d41d8cd98f00b204e9800998ecf8427e]
https://track.bitforex.com [525] [GET] [] [] [cloudflare] [vhost] [cloudflare] [Cloudflare] [d41d8cd98f00b204e9800998ecf8427e]
https://track.bitforex.com:8443 [521] [GET] [] [] [cloudflare] [vhost] [cloudflare] [Cloudflare] [d41d8cd98f00b204e9800998ecf8427e]
http://support.bitforex.com:2087 [400] [GET] [text/html] [400 The plain HTTP request was sent to HTTPS port] [cloudflare] [cloudflare] [Cloudflare] [20ad84d030031252141ca0b3fc0183f0]
https://www.bitforex.com [200] [GET] [text/html] [BitForex | The World's Leading One-Stop Digital Asset Service Platform.] [cloudflare] [vhost] [cloudflare] [Cloudflare,Element UI,Google Font API,Google Tag Manager,Node.js,Nuxt.js,Vue.js] [5cd08c6f6af0d271753a9d0639cd62c5]
https://www.bitforex.com [200] [GET] [text/html] [BitForex | The World's Leading One-Stop Digital Asset Service Platform.] [cloudflare] [vhost] [cloudflare] [Cloudflare,Element UI,Google Font API,Google Tag Manager,Node.js,Nuxt.js,Vue.js] [fdcd1b004de8e8cb4b7e175835277670]
https://www.bitforex.com:2087 [403] [GET] [text/html] [Attention Required! | Cloudflare] [cloudflare] [vhost] [cloudflare] [Cloudflare] [f6da4b25d759e294d0d8600a4695199f]
http://track.bitforex.com:2082 [301] [GET] [] [] [cloudflare] [cloudflare] [Cloudflare] [d41d8cd98f00b204e9800998ecf8427e]
http://track.bitforex.com:2086 [301] [GET] [] [] [cloudflare] [cloudflare] [Cloudflare] [d41d8cd98f00b204e9800998ecf8427e]
http://track.bitforex.com:8080 [301] [GET] [] [] [cloudflare] [cloudflare] [Cloudflare] [d41d8cd98f00b204e9800998ecf8427e]
http://track.bitforex.com:8880 [301] [GET] [] [] [cloudflare] [cloudflare] [Cloudflare] [d41d8cd98f00b204e9800998ecf8427e]
http://www.bitforex.com:2082 [301] [GET] [] [] [cloudflare] [cloudflare] [Cloudflare] [d41d8cd98f00b204e9800998ecf8427e]
http://www.bitforex.com:2086 [301] [GET] [] [] [cloudflare] [cloudflare] [Cloudflare] [d41d8cd98f00b204e9800998ecf8427e]
http://www.bitforex.com:8080 [301] [GET] [] [] [cloudflare] [vhost] [cloudflare] [Cloudflare] [d41d8cd98f00b204e9800998ecf8427e]
http://www.bitforex.com:8880 [429] [GET] [text/plain] [] [cloudflare] [vhost] [cloudflare] [Cloudflare] [1001b29d0cc03c0a5d1cd2567ed8ed94]
