http://blog.cartesi.io [301] [GET] [] [] [AmazonS3] [vhost] [Amazon S3,Amazon Web Services] [d41d8cd98f00b204e9800998ecf8427e]
http://eth.cartesi.io:2052 [301] [GET] [] [] [cloudflare] [vhost] [cloudflare] [Cloudflare] [d41d8cd98f00b204e9800998ecf8427e]
http://eth.cartesi.io:2082 [301] [GET] [] [] [cloudflare] [vhost] [cloudflare] [Cloudflare] [d41d8cd98f00b204e9800998ecf8427e]
http://eth.cartesi.io:2086 [301] [GET] [] [] [cloudflare] [vhost] [cloudflare] [Cloudflare] [d41d8cd98f00b204e9800998ecf8427e]
http://eth.cartesi.io:8880 [301] [GET] [] [] [cloudflare] [vhost] [cloudflare] [Cloudflare] [d41d8cd98f00b204e9800998ecf8427e]
https://app.poker.cartesi.io [401] [GET] [] [] [CloudFront] [vhost] [cloudfront] [Amazon Cloudfront,Amazon Web Services,Basic] [d41d8cd98f00b204e9800998ecf8427e]
https://beta.explorer.cartesi.io [404] [GET] [text/plain] [] [Vercel] [Vercel] [4d26cc19eabf6a98b7d3647f7002c9cf]
https://cartesi.io [200] [GET] [text/html] [Cartesi - The First Decentralized and Secure Blockchain OS] [AmazonS3] [vhost] [cloudfront] [Amazon Cloudfront,Amazon S3,Amazon Web Services,Gatsby:4.4.0,Google Tag Manager,React,YouTube,webpack] [4379775b4d0683f24781c499bd57311f]
https://creepts.cartesi.io [200] [GET] [text/html] [Creepts by Cartesi - The Operating System for DApps] [AmazonS3] [vhost] [cloudfront] [Amazon Cloudfront,Amazon S3,Amazon Web Services] [28d81d97c8632e7129db4ae9db664e54]
https://dl.cartesi.io [404] [GET] [text/html] [Not Found] [CloudFront] [vhost] [cloudfront] [Amazon Cloudfront,Amazon Web Services] [5083efd4facad509fcb5a00748161656]
https://docs.cartesi.io [200] [GET] [text/html] [Homepage | Cartesi Docs] [AmazonS3] [vhost] [cloudfront] [Amazon Cloudfront,Amazon S3,Amazon Web Services,Docusaurus:2.0.0-beta.20,React,webpack] [2c7a04638ea6ae541407429421b1cd9c]
https://eth.cartesi.io:2083 [403] [GET] [text/html] [CNAME Cross-User Banned | Cloudflare] [cloudflare] [vhost] [cloudflare] [Cloudflare] [b28a2acad6612b1e7f185976ebf7aecd]
https://eth.cartesi.io [403] [GET] [text/html] [CNAME Cross-User Banned | Cloudflare] [cloudflare] [vhost] [cloudflare] [Cloudflare] [53304e5d203b971992e7577a44cce66b]
https://eth.cartesi.io [403] [GET] [text/html] [CNAME Cross-User Banned | Cloudflare] [cloudflare] [vhost] [cloudflare] [Cloudflare] [77093aa024ea423c56880f9a6df6bf46]
https://explorer.cartesi.io [200] [GET] [text/html] [] [Vercel] [vhost] [Vercel] [929b95fd50887d59482c83b76941d9b3]
https://faucet.poker.cartesi.io [200] [GET] [text/html] [] [AmazonS3] [vhost] [cloudfront] [Amazon Cloudfront,Amazon S3,Amazon Web Services] [1664ca18dda319f99ba0a05ec8967589]
https://poker.cartesi.io [200] [GET] [text/html] [Cartesi Texas HODL’em - Poker - Cartesi.io] [AmazonS3] [vhost] [cloudfront] [Amazon Cloudfront,Amazon S3,Amazon Web Services,Gatsby:2.32.13,React,webpack] [44b98d67f0ea5b8a43fe252446d90162]
https://preview.cartesi.io [401] [GET] [] [] [CloudFront] [vhost] [cloudfront] [Amazon Cloudfront,Amazon Web Services,Basic] [d41d8cd98f00b204e9800998ecf8427e]
https://preview.docs.cartesi.io [401] [GET] [] [] [CloudFront] [vhost] [cloudfront] [Amazon Cloudfront,Amazon Web Services,Basic] [d41d8cd98f00b204e9800998ecf8427e]
https://preview.explorer.cartesi.io [200] [GET] [text/html] [] [Vercel] [vhost] [React,Vercel] [231bbb65380089db82c74632636fe708]
https://preview.unleash.cartesi.io [404] [GET] [text/html] [Error] [Cowboy] [vhost] [Cowboy,Heroku] [da7da7d630292e7a2a7dda8ca87b3d39]
https://status.cartesi.io [200] [GET] [text/html] [Cartesi Status] [] [vhost] [Atlassian Statuspage,Fastly] [d34bfa0ffe9df213c1d3862064777369]
https://strapi.cartesi.io [200] [GET] [text/html] [Welcome to your Strapi app] [Cowboy] [vhost] [Cowboy,Google Font API,Heroku,Strapi] [776ded1d10c139e9f22b198e22964516]
https://strapi.cartesi.io [200] [GET] [text/html] [Welcome to your Strapi app] [Cowboy] [vhost] [Cowboy,Google Font API,Heroku,Strapi] [e6c655f78a0020f24a4a0281387ed63d]
https://subgraph.staging.cartesi.io [404] [GET] [text/plain] [] [awselb/2.0] [d41d8cd98f00b204e9800998ecf8427e]
https://thegraph.cartesi.io [404] [GET] [text/plain] [] [awselb/2.0] [d41d8cd98f00b204e9800998ecf8427e]
https://thegraph.staging.cartesi.io [404] [GET] [text/plain] [] [awselb/2.0] [d41d8cd98f00b204e9800998ecf8427e]
https://tinygraphs.cartesi.io [200] [GET] [text/html] [tinygraphs] [Cowboy] [vhost] [AngularJS,Bootstrap,Cowboy,Google Font API,Heroku] [0d2ad3d1430954fdf5e9b151ce8c402d]
https://unleash.cartesi.io [404] [GET] [text/html] [Error] [Cowboy] [vhost] [Cowboy,Heroku] [da7da7d630292e7a2a7dda8ca87b3d39]
https://www.cartesi.io [200] [GET] [text/html] [Cartesi - The First Decentralized and Secure Blockchain OS] [AmazonS3] [vhost] [cloudfront] [Amazon Cloudfront,Amazon S3,Amazon Web Services,Gatsby:4.4.0,Google Tag Manager,React,YouTube,webpack] [4379775b4d0683f24781c499bd57311f]
