http://zendesk1.cash.app [409] [GET] [text/plain] [] [cloudflare] [cloudflare] [f6bbbdc9b05a5af96b6b7e618ee357cc]
http://zendesk2.cash.app [409] [GET] [text/plain] [] [cloudflare] [cloudflare] [f6bbbdc9b05a5af96b6b7e618ee357cc]
http://zendesk3.cash.app [409] [GET] [text/plain] [] [cloudflare] [cloudflare] [f6bbbdc9b05a5af96b6b7e618ee357cc]
http://zendesk4.cash.app [409] [GET] [text/plain] [] [cloudflare] [cloudflare] [f6bbbdc9b05a5af96b6b7e618ee357cc]
https://admin.taxes.cash.app [403] [GET] [text/html] [403] [] [google] [cf4bf23ae244e6fd5ca63598d4dcc82d]
https://api-validation.cash.app [404] [GET] [text/plain] [] [] [8a66449950a9e624fb9562d6a3f75626]
https://api.cash.app [404] [GET] [] [] [envoy] [vhost] [fastly] [Envoy] [d41d8cd98f00b204e9800998ecf8427e]
https://apparel-supporter.cash.app [404] [GET] [text/plain] [] [envoy] [vhost] [fastly] [Envoy] [8a66449950a9e624fb9562d6a3f75626]
https://cash.app [200] [GET] [text/html] [LinkedIn Logo] [] [vhost] [fastly] [98dc2b3ee585a804cc09d593c5e20afd]
https://cash.app [200] [GET] [text/html] [LinkedIn Logo] [] [vhost] [fastly] [ea920d6d7a38bed812ef38ea2c2b4d01]
https://click.cash.app [404] [GET] [text/plain] [] [openresty/1.19.9.1] [Nginx,OpenResty] [a9b24901fc28dc8d21a1bba23679731c]
https://code.cash.app [200] [GET] [text/html] [Cash App Code Blog] [GitHub.com] [vhost] [GitHub Pages,Jekyll,Ruby on Rails] [ab4a812b8bc27274b74f74fb967eb654]
https://developers.cash.app [302] [GET] [text/plain] [] [cloudflare] [vhost] [cloudflare] [Cloudflare,Heroku] [4227a111177fd2fc9b8f469e6cee1e8d]
https://email.taxes-notifications.cash.app [200] [GET] [application/octet-stream] [] [nginx] [Nginx] [9f36c1c909fa94ed5e7af41387ae3dae]
https://email.taxes1-notifications.cash.app [200] [GET] [application/octet-stream] [] [nginx] [Nginx] [9f36c1c909fa94ed5e7af41387ae3dae]
https://email.taxes2-notifications.cash.app [200] [GET] [application/octet-stream] [] [nginx] [Nginx] [9f36c1c909fa94ed5e7af41387ae3dae]
https://email.taxes3-notifications.cash.app [200] [GET] [application/octet-stream] [] [nginx] [Nginx] [9f36c1c909fa94ed5e7af41387ae3dae]
https://email.taxes4-notifications.cash.app [200] [GET] [application/octet-stream] [] [nginx] [Nginx] [9f36c1c909fa94ed5e7af41387ae3dae]
https://email.taxes5-notifications.cash.app [200] [GET] [application/octet-stream] [] [nginx] [Nginx] [9f36c1c909fa94ed5e7af41387ae3dae]
https://help.cash.app [302] [GET] [text/html] [] [nginx] [vhost] [Nginx] [d41d8cd98f00b204e9800998ecf8427e]
https://internal.cash.app [404] [GET] [] [] [envoy] [vhost] [fastly] [Envoy] [d41d8cd98f00b204e9800998ecf8427e]
https://kit.cash.app [403] [GET] [application/xml] [] [AmazonS3] [vhost] [cloudfront] [Amazon Cloudfront,Amazon S3,Amazon Web Services] [b8d786563ec05375ae87ea1b5ea88bf4]
https://sandbox.api.cash.app [404] [GET] [] [] [envoy] [vhost] [fastly] [Envoy] [d41d8cd98f00b204e9800998ecf8427e]
https://sandbox.global-network-api.cash.app [404] [GET] [] [] [envoy] [vhost] [fastly] [Envoy] [d41d8cd98f00b204e9800998ecf8427e]
https://sandbox.kit.cash.app [403] [GET] [application/xml] [] [AmazonS3] [vhost] [cloudfront] [Amazon Cloudfront,Amazon S3,Amazon Web Services] [0f09441d234a15786159e6a5af6343af]
https://shop.cash.app [200] [GET] [text/html] [Introducing Our Apparel Line | Cash By Cash App] [nginx] [vhost] [Nginx] [d0b6019f6a1b5c70434e021bba8fec70]
https://status.cash.app [200] [GET] [text/html] [Cash App Status] [] [vhost] [Atlassian Statuspage] [8e776209b4ad364e568e2f540349090e]
https://taxes.cash.app [302] [GET] [] [] [] [vhost] [google] [Google Cloud,Google Cloud CDN,Java] [d41d8cd98f00b204e9800998ecf8427e]
https://web-cdn.cash.app [403] [GET] [text/html] [403 Forbidden] [Varnish] [vhost] [fastly] [53e4a3bb1d1b6a3ae51bb3e6b75bbbe3]
https://web-cdn.cash.app [403] [GET] [text/html] [403 Forbidden] [Varnish] [vhost] [fastly] [e025ab2156458220a7dbb131ae943442]
https://www.cash.app [200] [GET] [text/html] [Cash App - The easiest way to send, spend, bank, and invest] [] [vhost] [fastly] [518b0fcf50e7c1bbd67bf7d4d41dd04e]
