http://apps.chain.link:2083 [400] [GET] [text/html] [400 The plain HTTP request was sent to HTTPS port] [cloudflare] [cloudflare] [Cloudflare] [cd58783500d7fa3c58f88eb0ba22f4f8]
http://apps.chain.link:2087 [400] [GET] [text/html] [400 The plain HTTP request was sent to HTTPS port] [cloudflare] [cloudflare] [Cloudflare] [cd58783500d7fa3c58f88eb0ba22f4f8]
http://apps.chain.link:8443 [400] [GET] [text/html] [400 The plain HTTP request was sent to HTTPS port] [cloudflare] [cloudflare] [Cloudflare] [cd58783500d7fa3c58f88eb0ba22f4f8]
http://archive.docs.chain.link:2082 [301] [GET] [] [] [cloudflare] [vhost] [cloudflare] [Cloudflare] [d41d8cd98f00b204e9800998ecf8427e]
http://archive.docs.chain.link:2086 [301] [GET] [] [] [cloudflare] [vhost] [cloudflare] [Cloudflare] [d41d8cd98f00b204e9800998ecf8427e]
http://archive.docs.chain.link:2095 [301] [GET] [] [] [cloudflare] [vhost] [cloudflare] [Cloudflare] [d41d8cd98f00b204e9800998ecf8427e]
http://archive.docs.chain.link:8080 [301] [GET] [] [] [cloudflare] [vhost] [cloudflare] [Cloudflare] [d41d8cd98f00b204e9800998ecf8427e]
http://archive.docs.chain.link:8880 [301] [GET] [] [] [cloudflare] [vhost] [cloudflare] [Cloudflare] [d41d8cd98f00b204e9800998ecf8427e]
http://careers.chain.link:2082 [301] [GET] [] [] [cloudflare] [vhost] [cloudflare] [Cloudflare,Cloudflare Bot Management] [d41d8cd98f00b204e9800998ecf8427e]
http://careers.chain.link:2086 [301] [GET] [] [] [cloudflare] [vhost] [cloudflare] [Cloudflare,Cloudflare Bot Management] [d41d8cd98f00b204e9800998ecf8427e]
http://careers.chain.link:8080 [301] [GET] [] [] [cloudflare] [vhost] [cloudflare] [Cloudflare,Cloudflare Bot Management] [d41d8cd98f00b204e9800998ecf8427e]
http://careers.chain.link:8880 [301] [GET] [] [] [cloudflare] [vhost] [cloudflare] [Cloudflare,Cloudflare Bot Management] [d41d8cd98f00b204e9800998ecf8427e]
http://data.chain.link:2083 [400] [GET] [text/html] [400 The plain HTTP request was sent to HTTPS port] [cloudflare] [cloudflare] [Cloudflare] [cd58783500d7fa3c58f88eb0ba22f4f8]
http://data.chain.link:2087 [400] [GET] [text/html] [400 The plain HTTP request was sent to HTTPS port] [cloudflare] [cloudflare] [Cloudflare] [20ad84d030031252141ca0b3fc0183f0]
http://data.chain.link:8443 [400] [GET] [text/html] [400 The plain HTTP request was sent to HTTPS port] [cloudflare] [cloudflare] [Cloudflare] [20ad84d030031252141ca0b3fc0183f0]
http://defi.chain.link:2082 [301] [GET] [] [] [cloudflare] [vhost] [cloudflare] [Cloudflare,Cloudflare Bot Management] [d41d8cd98f00b204e9800998ecf8427e]
http://defi.chain.link:2086 [301] [GET] [] [] [cloudflare] [vhost] [cloudflare] [Cloudflare,Cloudflare Bot Management] [d41d8cd98f00b204e9800998ecf8427e]
http://defi.chain.link:2095 [301] [GET] [] [] [cloudflare] [vhost] [cloudflare] [Cloudflare,Cloudflare Bot Management] [d41d8cd98f00b204e9800998ecf8427e]
http://defi.chain.link:8080 [301] [GET] [] [] [cloudflare] [vhost] [cloudflare] [Cloudflare,Cloudflare Bot Management] [d41d8cd98f00b204e9800998ecf8427e]
http://defi.chain.link:8880 [301] [GET] [] [] [cloudflare] [vhost] [cloudflare] [Cloudflare,Cloudflare Bot Management] [d41d8cd98f00b204e9800998ecf8427e]
http://email.chain.link:2082 [403] [GET] [text/html] [Actions blocked] [cloudflare] [vhost] [Cloudflare,Cloudflare Bot Management,Cloudflare Network Error Logging] [9ace6facf67210d846d1f881bac18e88]
http://email.chain.link:2086 [403] [GET] [text/html] [Actions blocked] [cloudflare] [vhost] [Cloudflare,Cloudflare Bot Management,Cloudflare Network Error Logging] [4be105782c8394805fe5df3619928fec]
http://email.chain.link:2095 [403] [GET] [text/html] [Actions blocked] [cloudflare] [vhost] [Cloudflare,Cloudflare Bot Management,Cloudflare Network Error Logging] [cb959cbe79c81263c7a0e826eb1842b0]
http://email.chain.link:8080 [403] [GET] [text/html] [Actions blocked] [cloudflare] [vhost] [Cloudflare,Cloudflare Bot Management,Cloudflare Network Error Logging] [c7eee9739431e6a867a864e9855a505e]
http://email.chain.link:8880 [403] [GET] [text/html] [Actions blocked] [cloudflare] [vhost] [Cloudflare,Cloudflare Bot Management,Cloudflare Network Error Logging] [763afe0700da34d39c8655ca889cf50c]
http://faucet.chain.link:2083 [400] [GET] [text/html] [400 The plain HTTP request was sent to HTTPS port] [cloudflare] [cloudflare] [Cloudflare] [cd58783500d7fa3c58f88eb0ba22f4f8]
http://faucet.chain.link:8443 [400] [GET] [text/html] [400 The plain HTTP request was sent to HTTPS port] [cloudflare] [cloudflare] [Cloudflare] [20ad84d030031252141ca0b3fc0183f0]
http://faucets.chain.link:2083 [400] [GET] [text/html] [400 The plain HTTP request was sent to HTTPS port] [cloudflare] [cloudflare] [Cloudflare] [20ad84d030031252141ca0b3fc0183f0]
http://faucets.chain.link:2087 [400] [GET] [text/html] [400 The plain HTTP request was sent to HTTPS port] [cloudflare] [cloudflare] [Cloudflare] [cd58783500d7fa3c58f88eb0ba22f4f8]
http://faucets.chain.link:8443 [400] [GET] [text/html] [400 The plain HTTP request was sent to HTTPS port] [cloudflare] [cloudflare] [Cloudflare] [cd58783500d7fa3c58f88eb0ba22f4f8]
http://feeds.chain.link:2052 [301] [GET] [] [] [cloudflare] [vhost] [cloudflare] [Cloudflare,Cloudflare Bot Management] [d41d8cd98f00b204e9800998ecf8427e]
http://feeds.chain.link:2082 [301] [GET] [] [] [cloudflare] [vhost] [cloudflare] [Cloudflare,Cloudflare Bot Management] [d41d8cd98f00b204e9800998ecf8427e]
http://feeds.chain.link:2086 [301] [GET] [] [] [cloudflare] [vhost] [cloudflare] [Cloudflare,Cloudflare Bot Management] [d41d8cd98f00b204e9800998ecf8427e]
http://feeds.chain.link:2095 [301] [GET] [] [] [cloudflare] [vhost] [cloudflare] [Cloudflare,Cloudflare Bot Management] [d41d8cd98f00b204e9800998ecf8427e]
http://feeds.chain.link:8080 [301] [GET] [] [] [cloudflare] [vhost] [cloudflare] [Cloudflare,Cloudflare Bot Management] [d41d8cd98f00b204e9800998ecf8427e]
http://feeds.chain.link:8880 [301] [GET] [] [] [cloudflare] [vhost] [cloudflare] [Cloudflare,Cloudflare Bot Management] [d41d8cd98f00b204e9800998ecf8427e]
http://fms-rpc.chain.link [400] [GET] [] [] [] [b634668f41ef53ef6d608dc70c4e0dcb]
http://hack.chain.link:2052 [301] [GET] [] [] [cloudflare] [vhost] [cloudflare] [Cloudflare,Cloudflare Bot Management] [d41d8cd98f00b204e9800998ecf8427e]
http://hack.chain.link:2082 [301] [GET] [] [] [cloudflare] [vhost] [cloudflare] [Cloudflare,Cloudflare Bot Management] [d41d8cd98f00b204e9800998ecf8427e]
http://hack.chain.link:2086 [301] [GET] [] [] [cloudflare] [vhost] [cloudflare] [Cloudflare,Cloudflare Bot Management] [d41d8cd98f00b204e9800998ecf8427e]
http://hack.chain.link:2095 [301] [GET] [] [] [cloudflare] [vhost] [cloudflare] [Cloudflare,Cloudflare Bot Management] [d41d8cd98f00b204e9800998ecf8427e]
http://hack.chain.link:8080 [301] [GET] [] [] [cloudflare] [vhost] [cloudflare] [Cloudflare,Cloudflare Bot Management] [d41d8cd98f00b204e9800998ecf8427e]
http://hack.chain.link:8880 [301] [GET] [] [] [cloudflare] [vhost] [cloudflare] [Cloudflare,Cloudflare Bot Management] [d41d8cd98f00b204e9800998ecf8427e]
http://keeper.chain.link:2083 [400] [GET] [text/html] [400 The plain HTTP request was sent to HTTPS port] [cloudflare] [cloudflare] [Cloudflare] [cd58783500d7fa3c58f88eb0ba22f4f8]
http://keeper.chain.link:2087 [400] [GET] [text/html] [400 The plain HTTP request was sent to HTTPS port] [cloudflare] [cloudflare] [Cloudflare] [20ad84d030031252141ca0b3fc0183f0]
http://keeper.chain.link:8443 [400] [GET] [text/html] [400 The plain HTTP request was sent to HTTPS port] [cloudflare] [cloudflare] [Cloudflare] [cd58783500d7fa3c58f88eb0ba22f4f8]
http://keepers-beta.chain.link:2083 [400] [GET] [text/html] [400 The plain HTTP request was sent to HTTPS port] [cloudflare] [cloudflare] [Cloudflare] [cd58783500d7fa3c58f88eb0ba22f4f8]
http://keepers-beta.chain.link:2087 [400] [GET] [text/html] [400 The plain HTTP request was sent to HTTPS port] [cloudflare] [cloudflare] [Cloudflare] [cd58783500d7fa3c58f88eb0ba22f4f8]
http://keepers-beta.chain.link:8443 [400] [GET] [text/html] [400 The plain HTTP request was sent to HTTPS port] [cloudflare] [cloudflare] [Cloudflare] [cd58783500d7fa3c58f88eb0ba22f4f8]
http://keepers.chain.link:2083 [400] [GET] [text/html] [400 The plain HTTP request was sent to HTTPS port] [cloudflare] [cloudflare] [Cloudflare] [cd58783500d7fa3c58f88eb0ba22f4f8]
http://keepers.chain.link:2087 [400] [GET] [text/html] [400 The plain HTTP request was sent to HTTPS port] [cloudflare] [cloudflare] [Cloudflare] [cd58783500d7fa3c58f88eb0ba22f4f8]
http://keepers.chain.link:8443 [400] [GET] [text/html] [400 The plain HTTP request was sent to HTTPS port] [cloudflare] [cloudflare] [Cloudflare] [20ad84d030031252141ca0b3fc0183f0]
http://kovan.chain.link:2083 [400] [GET] [text/html] [400 The plain HTTP request was sent to HTTPS port] [cloudflare] [cloudflare] [Cloudflare] [cd58783500d7fa3c58f88eb0ba22f4f8]
http://kovan.chain.link:2087 [400] [GET] [text/html] [400 The plain HTTP request was sent to HTTPS port] [cloudflare] [cloudflare] [Cloudflare] [cd58783500d7fa3c58f88eb0ba22f4f8]
http://kovan.chain.link:8443 [400] [GET] [text/html] [400 The plain HTTP request was sent to HTTPS port] [cloudflare] [cloudflare] [Cloudflare] [cd58783500d7fa3c58f88eb0ba22f4f8]
http://pages.chain.link:2082 [403] [GET] [text/html] [Actions blocked] [cloudflare] [vhost] [Cloudflare,Cloudflare Bot Management,Cloudflare Network Error Logging] [28db397b6c17bf345fcdd434dbae66fd]
http://pages.chain.link:2086 [403] [GET] [text/html] [Actions blocked] [cloudflare] [vhost] [Cloudflare,Cloudflare Bot Management,Cloudflare Network Error Logging] [07ef079f8c0bdf698c1266e7dd056d7d]
http://pages.chain.link:2095 [403] [GET] [text/html] [Actions blocked] [cloudflare] [vhost] [Cloudflare,Cloudflare Bot Management,Cloudflare Network Error Logging] [11e5a46fa2b8e0695ff6fe9aa06c9ebe]
http://pages.chain.link:8080 [403] [GET] [text/html] [Actions blocked] [cloudflare] [vhost] [Cloudflare,Cloudflare Bot Management,Cloudflare Network Error Logging] [75665c6ec1eb90aea843c119cce577df]
http://pages.chain.link:8880 [403] [GET] [text/html] [Actions blocked] [cloudflare] [vhost] [Cloudflare,Cloudflare Bot Management,Cloudflare Network Error Logging] [a26de2a2e718aa8eaccf7f13da3e5937]
http://pegswap.chain.link:2083 [400] [GET] [text/html] [400 The plain HTTP request was sent to HTTPS port] [cloudflare] [cloudflare] [Cloudflare] [cd58783500d7fa3c58f88eb0ba22f4f8]
http://pegswap.chain.link:2087 [400] [GET] [text/html] [400 The plain HTTP request was sent to HTTPS port] [cloudflare] [cloudflare] [Cloudflare] [20ad84d030031252141ca0b3fc0183f0]
http://pegswap.chain.link:8443 [400] [GET] [text/html] [400 The plain HTTP request was sent to HTTPS port] [cloudflare] [cloudflare] [Cloudflare] [20ad84d030031252141ca0b3fc0183f0]
http://rinkeby.chain.link:2083 [400] [GET] [text/html] [400 The plain HTTP request was sent to HTTPS port] [cloudflare] [cloudflare] [Cloudflare] [20ad84d030031252141ca0b3fc0183f0]
http://rinkeby.chain.link:2087 [400] [GET] [text/html] [400 The plain HTTP request was sent to HTTPS port] [cloudflare] [cloudflare] [Cloudflare] [cd58783500d7fa3c58f88eb0ba22f4f8]
http://rinkeby.chain.link:8443 [400] [GET] [text/html] [400 The plain HTTP request was sent to HTTPS port] [cloudflare] [cloudflare] [Cloudflare] [20ad84d030031252141ca0b3fc0183f0]
http://ropsten.chain.link:2083 [400] [GET] [text/html] [400 The plain HTTP request was sent to HTTPS port] [cloudflare] [cloudflare] [Cloudflare] [cd58783500d7fa3c58f88eb0ba22f4f8]
http://ropsten.chain.link:2087 [400] [GET] [text/html] [400 The plain HTTP request was sent to HTTPS port] [cloudflare] [cloudflare] [Cloudflare] [20ad84d030031252141ca0b3fc0183f0]
http://ropsten.chain.link:8443 [400] [GET] [text/html] [400 The plain HTTP request was sent to HTTPS port] [cloudflare] [cloudflare] [Cloudflare] [20ad84d030031252141ca0b3fc0183f0]
https://apps.chain.link [404] [GET] [text/plain] [] [cloudflare] [vhost] [cloudflare] [Cloudflare,Cloudflare Bot Management,Vercel] [4d26cc19eabf6a98b7d3647f7002c9cf]
https://archive.docs.chain.link:2053 [403] [GET] [text/html] [Attention Required! | Cloudflare] [cloudflare] [vhost] [cloudflare] [Cloudflare] [f4d3ad052270c86e084766a3a4aacb17]
https://archive.docs.chain.link:2083 [403] [GET] [text/html] [Attention Required! | Cloudflare] [cloudflare] [vhost] [cloudflare] [Cloudflare] [05f6646f97a8c5c7f9ff47c644ab41c3]
https://archive.docs.chain.link:2087 [403] [GET] [text/html] [Attention Required! | Cloudflare] [cloudflare] [vhost] [cloudflare] [Cloudflare] [84bb83238cc57913217f0006669e6b2c]
https://archive.docs.chain.link:2096 [403] [GET] [text/html] [Attention Required! | Cloudflare] [cloudflare] [vhost] [cloudflare] [Cloudflare] [41c4e0318b1ec9713a89dfdc768a5dab]
https://archive.docs.chain.link [302] [GET] [text/plain] [] [cloudflare] [vhost] [cloudflare] [Cloudflare,Heroku] [7052af60f6a40f72bf44374b01819488]
https://archive.docs.chain.link:8443 [403] [GET] [text/html] [Attention Required! | Cloudflare] [cloudflare] [vhost] [cloudflare] [Cloudflare] [828d7d914e1228f0217ec3d760dc12be]
https://blog.chain.link [200] [GET] [text/html] [Chainlink Blog] [nginx] [vhost] [google] [Google Tag Manager,MySQL,Nginx,PHP,WP Engine,WordPress,Yoast SEO:18.5.1,jQuery,prettyPhoto] [3e1a50ae33a143f32c4cf0bedc950dde]
https://careers.chain.link:2083 [301] [GET] [] [] [cloudflare] [vhost] [cloudflare] [Cloudflare,Cloudflare Bot Management] [d41d8cd98f00b204e9800998ecf8427e]
https://careers.chain.link:2087 [301] [GET] [] [] [cloudflare] [vhost] [cloudflare] [Cloudflare,Cloudflare Bot Management] [d41d8cd98f00b204e9800998ecf8427e]
https://careers.chain.link [301] [GET] [] [] [cloudflare] [vhost] [cloudflare] [Cloudflare,Cloudflare Bot Management] [d41d8cd98f00b204e9800998ecf8427e]
https://careers.chain.link:8443 [301] [GET] [] [] [cloudflare] [vhost] [cloudflare] [Cloudflare,Cloudflare Bot Management] [d41d8cd98f00b204e9800998ecf8427e]
https://chain.link [200] [GET] [text/html] [Blockchain Oracles for Hybrid Smart Contracts | Chainlink] [openresty] [Fastly,Google Tag Manager,Nginx,OpenResty,Varnish,Webflow] [37ec9fe95ac4f59855eec18b67d98622]
https://data3.chain.link [404] [GET] [text/plain] [] [Netlify] [vhost] [google] [Netlify] [7dc88ec4d27bdf6f110e9919d723af2f]
https://data3.chain.link [404] [GET] [text/plain] [] [Netlify] [vhost] [google] [Netlify] [c624c82b20c03796e93a89b1c188119a]
https://data.chain.link [200] [GET] [text/html] [Decentralized Data Feeds | Chainlink] [cloudflare] [vhost] [cloudflare] [Algolia,Amazon S3,Amazon Web Services,Cloudflare,Cloudflare Bot Management,Google Tag Manager,React,Vercel] [269b8805f6ff6816c26ab292a444851b]
https://data.chain.link [200] [GET] [text/html] [Decentralized Data Feeds | Chainlink] [cloudflare] [vhost] [cloudflare] [Algolia,Amazon S3,Amazon Web Services,Cloudflare,Cloudflare Bot Management,Google Tag Manager,React,Vercel] [dd8c85a31e6f52b2afe275db6d10a45d]
https://defi.chain.link:2083 [301] [GET] [] [] [cloudflare] [vhost] [cloudflare] [Cloudflare,Cloudflare Bot Management] [d41d8cd98f00b204e9800998ecf8427e]
https://defi.chain.link:2087 [301] [GET] [] [] [cloudflare] [vhost] [cloudflare] [Cloudflare,Cloudflare Bot Management] [d41d8cd98f00b204e9800998ecf8427e]
https://defi.chain.link [301] [GET] [] [] [cloudflare] [vhost] [cloudflare] [Cloudflare,Cloudflare Bot Management] [d41d8cd98f00b204e9800998ecf8427e]
https://defi.chain.link:8443 [301] [GET] [] [] [cloudflare] [vhost] [cloudflare] [Cloudflare,Cloudflare Bot Management] [d41d8cd98f00b204e9800998ecf8427e]
https://docs.chain.link [200] [GET] [text/html] [Chainlink Documentation | Chainlink Documentation] [] [vhost] [fastly] [Fastly,Google Tag Manager] [deab953c4834e0891ecca3f4639b3f48]
https://email.chain.link:2053 [403] [GET] [text/html] [Actions blocked] [cloudflare] [vhost] [Cloudflare,Cloudflare Bot Management,Cloudflare Network Error Logging] [e3275b71ea1cb71be71bce72b7464075]
https://email.chain.link:2083 [403] [GET] [text/html] [Actions blocked] [cloudflare] [vhost] [Cloudflare,Cloudflare Bot Management,Cloudflare Network Error Logging] [75834027945f57a2d73ba183d8ae8648]
https://email.chain.link:2087 [403] [GET] [text/html] [Actions blocked] [cloudflare] [vhost] [Cloudflare,Cloudflare Bot Management,Cloudflare Network Error Logging] [6d641365f7a38f514c3fe7d46ee89e50]
https://email.chain.link:2096 [403] [GET] [text/html] [Actions blocked] [cloudflare] [vhost] [Cloudflare,Cloudflare Bot Management,Cloudflare Network Error Logging] [26617854f5789723a6b6788f70a831ca]
https://email.chain.link [404] [GET] [text/html] [Open main menu] [cloudflare] [vhost] [Cloudflare,Cloudflare Bot Management,Cloudflare Network Error Logging,Google Font API,HubSpot,HubSpot CMS Hub] [129931475c46e8954f78af6dad58d342]
https://email.chain.link:8443 [403] [GET] [text/html] [Actions blocked] [cloudflare] [vhost] [Cloudflare,Cloudflare Bot Management,Cloudflare Network Error Logging] [6d79aa886b2af1596bcbabdee310b236]
https://events.chain.link [302] [GET] [text/html] [] [nginx] [vhost] [google] [Google Cloud,Google Cloud CDN,Nginx] [d41d8cd98f00b204e9800998ecf8427e]
https://explorer.chain.link [200] [GET] [text/html] [Chainlink Explorer] [] [vhost] [cloudfront] [Amazon Cloudfront,Amazon Web Services,Google Font API] [cd3fcc0764c2e354f5aba202a9b39dcc]
https://faucet.chain.link [301] [GET] [text/plain] [] [cloudflare] [vhost] [cloudflare] [Cloudflare,Cloudflare Bot Management,Vercel] [c34e24a7b7716b7386925686cc9b9308]
https://faucets.chain.link [200] [GET] [text/html] [Faucets | Chainlink] [cloudflare] [vhost] [cloudflare] [Cloudflare,Cloudflare Bot Management,Google Tag Manager,React,Vercel] [0da61f6ddcb604a443972fb462b5daad]
https://faucets.chain.link [200] [GET] [text/html] [Faucets | Chainlink] [cloudflare] [vhost] [cloudflare] [Cloudflare,Cloudflare Bot Management,Google Tag Manager,React,Vercel] [47bf49cf516c2f89fd5a6ee30a8ed573]
https://feeds.chain.link:2083 [301] [GET] [] [] [cloudflare] [vhost] [cloudflare] [Cloudflare,Cloudflare Bot Management] [d41d8cd98f00b204e9800998ecf8427e]
https://feeds.chain.link:2087 [301] [GET] [] [] [cloudflare] [vhost] [cloudflare] [Cloudflare,Cloudflare Bot Management] [d41d8cd98f00b204e9800998ecf8427e]
https://feeds.chain.link [301] [GET] [] [] [cloudflare] [vhost] [cloudflare] [Cloudflare,Cloudflare Bot Management] [d41d8cd98f00b204e9800998ecf8427e]
https://feeds.chain.link [403] [GET] [text/plain] [] [cloudflare] [vhost] [cloudflare] [Cloudflare,Cloudflare Bot Management] [4f20b85ce5ebf225720e040314a7966a]
https://feeds.chain.link:8443 [301] [GET] [] [] [cloudflare] [vhost] [cloudflare] [Cloudflare,Cloudflare Bot Management] [d41d8cd98f00b204e9800998ecf8427e]
https://go.chain.link [401] [GET] [text/html] [Protected page] [openresty] [Fastly,Google Tag Manager,Nginx,OpenResty,Varnish,Webflow] [9531b20fe98cec03783863fa67fa53a2]
https://gql.graph.chain.link [200] [GET] [text/plain] [] [] [vhost] [75a2fe556e01f4f2478f5919e3db0314]
https://hack.chain.link:2083 [301] [GET] [] [] [cloudflare] [vhost] [cloudflare] [Cloudflare,Cloudflare Bot Management] [d41d8cd98f00b204e9800998ecf8427e]
https://hack.chain.link:2087 [403] [GET] [text/plain] [] [cloudflare] [vhost] [cloudflare] [Cloudflare,Cloudflare Bot Management] [4f20b85ce5ebf225720e040314a7966a]
https://hack.chain.link [301] [GET] [] [] [cloudflare] [vhost] [cloudflare] [Cloudflare,Cloudflare Bot Management] [d41d8cd98f00b204e9800998ecf8427e]
https://hack.chain.link:8443 [301] [GET] [] [] [cloudflare] [vhost] [cloudflare] [Cloudflare,Cloudflare Bot Management] [d41d8cd98f00b204e9800998ecf8427e]
https://jwh.chain.link [401] [GET] [text/html] [401 Authorization Required] [] [vhost] [Basic] [28c5f434e4ab2e2a682400cb005fb08b]
https://keeper.chain.link [301] [GET] [text/plain] [] [cloudflare] [vhost] [cloudflare] [Cloudflare,Cloudflare Bot Management,Vercel] [c6eafc5f0748f02c7b9aa49749b1ca35]
https://keepers-beta.chain.link [308] [GET] [text/plain] [] [cloudflare] [vhost] [cloudflare] [Cloudflare,Cloudflare Bot Management,Vercel] [32880eaeebd878755b239689a7628b86]
https://keepers.chain.link [200] [GET] [text/html] [Keepers | Chainlink] [cloudflare] [vhost] [cloudflare] [Cloudflare,Cloudflare Bot Management,Google Tag Manager,React,Vercel] [cabd87eb6a9e7873ea4a57449ccc653f]
https://keepers.chain.link [200] [GET] [text/html] [Keepers | Chainlink] [cloudflare] [vhost] [cloudflare] [Cloudflare,Cloudflare Bot Management,Google Tag Manager,React,Vercel] [edeb462d76a242f618ae86d2dd96ba79]
https://ko.chain.link [200] [GET] [text/html] [Blockchain Oracles for Hybrid Smart Contracts | Chainlink] [] [vhost] [Fastly,Google Tag Manager,Varnish,Webflow,Weglot] [2990cd2d7ae79d26d0a1ecd7135a1642]
https://ko.chain.link [200] [GET] [text/html] [Blockchain Oracles for Hybrid Smart Contracts | Chainlink] [] [vhost] [Fastly,Google Tag Manager,Varnish,Webflow,Weglot] [442dbdef1672b33c2be4ae57f2cac8a6]
https://kovan.chain.link [301] [GET] [text/plain] [] [cloudflare] [vhost] [cloudflare] [Cloudflare,Cloudflare Bot Management,Vercel] [c34e24a7b7716b7386925686cc9b9308]
https://kovan.chain.link [403] [GET] [text/plain] [] [cloudflare] [vhost] [cloudflare] [Cloudflare,Cloudflare Bot Management] [4f20b85ce5ebf225720e040314a7966a]
https://kovan.eth.chain.link [401] [GET] [text/plain] [] [] [9ddbbad3a3a28d3e732a8f8d1dfb8ec3]
https://kovan.explorer.chain.link [200] [GET] [text/html] [Chainlink Explorer] [] [vhost] [cloudfront] [Amazon Cloudfront,Amazon Web Services,Google Font API] [cd3fcc0764c2e354f5aba202a9b39dcc]
https://pages.chain.link:2053 [403] [GET] [text/html] [Actions blocked] [cloudflare] [vhost] [Cloudflare,Cloudflare Bot Management,Cloudflare Network Error Logging] [211cfb68839b8d3381d708b614a95fb0]
https://pages.chain.link:2083 [403] [GET] [text/html] [Actions blocked] [cloudflare] [vhost] [Cloudflare,Cloudflare Bot Management,Cloudflare Network Error Logging] [46dc27ea2b100ba43d4b1df84e60a84e]
https://pages.chain.link:2087 [403] [GET] [text/html] [Actions blocked] [cloudflare] [vhost] [Cloudflare,Cloudflare Bot Management,Cloudflare Network Error Logging] [cbf14873d8a778a4a9dd46b543d65f75]
https://pages.chain.link:2096 [403] [GET] [text/html] [Actions blocked] [cloudflare] [vhost] [Cloudflare,Cloudflare Bot Management,Cloudflare Network Error Logging] [3aa160ed315d9cb45dad73f0fae4e85f]
https://pages.chain.link [404] [GET] [text/html] [Open main menu] [cloudflare] [vhost] [Cloudflare,Cloudflare Bot Management,Cloudflare Network Error Logging,Google Font API,HubSpot,HubSpot CMS Hub] [fefd46543d72708300d261dd02f48994]
https://pages.chain.link:8443 [403] [GET] [text/html] [Actions blocked] [cloudflare] [vhost] [Cloudflare,Cloudflare Bot Management,Cloudflare Network Error Logging] [e0b87a423c389175b6e874c0eb830241]
https://pegswap.chain.link [200] [GET] [text/html] [] [cloudflare] [vhost] [cloudflare] [Cloudflare,Cloudflare Bot Management,Google Tag Manager,React,Vercel] [05df92a66668f355b1896cc5c5717c06]
https://pegswap.chain.link [200] [GET] [text/html] [] [cloudflare] [vhost] [cloudflare] [Cloudflare,Cloudflare Bot Management,Google Tag Manager,React,Vercel] [1c6355134e44166adc61cb6a03c98e4a]
https://research.chain.link [404] [GET] [application/xml] [] [AmazonS3] [vhost] [cloudfront] [Amazon Cloudfront,Amazon S3,Amazon Web Services] [f127b81263209609e9f6d189a71b0204]
https://rinkeby.chain.link [301] [GET] [text/plain] [] [cloudflare] [vhost] [cloudflare] [Cloudflare,Cloudflare Bot Management,Vercel] [c34e24a7b7716b7386925686cc9b9308]
https://rinkeby.eth.chain.link [401] [GET] [text/plain] [] [] [9ddbbad3a3a28d3e732a8f8d1dfb8ec3]
https://rinkeby.explorer.chain.link [200] [GET] [text/html] [Chainlink Explorer] [] [vhost] [cloudfront] [Amazon Cloudfront,Amazon Web Services,Google Font API] [cd3fcc0764c2e354f5aba202a9b39dcc]
https://ropsten.chain.link [200] [GET] [text/html] [Chainlink Faucet] [cloudflare] [vhost] [cloudflare] [Cloudflare,Cloudflare Bot Management,Google Font API,Heroku,React,Ruby,Ruby on Rails] [5a58ef9edf6f2ed4fbc0dde73c98d342]
https://ropsten.chain.link [200] [GET] [text/html] [Chainlink Faucet] [cloudflare] [vhost] [cloudflare] [Cloudflare,Cloudflare Bot Management,Google Font API,Heroku,React,Ruby,Ruby on Rails] [ff7002d0e13c9a2ce3007ffabf52deeb]
https://smartcon.chain.link [200] [GET] [text/html] [SmartCon 2022 | The Premier Web3 Conference by Chainlink] [openresty] [Fastly,Google Tag Manager,Nginx,OpenResty,Varnish,Webflow] [8434dc0d728ed0773ad056fc84e00eaf]
https://supply.chain.link:2083 [301] [GET] [] [] [cloudflare] [vhost] [cloudflare] [Cloudflare,Cloudflare Bot Management] [d41d8cd98f00b204e9800998ecf8427e]
https://supply.chain.link:2087 [301] [GET] [] [] [cloudflare] [vhost] [cloudflare] [Cloudflare,Cloudflare Bot Management] [d41d8cd98f00b204e9800998ecf8427e]
https://supply.chain.link [301] [GET] [] [] [cloudflare] [vhost] [cloudflare] [Cloudflare,Cloudflare Bot Management] [d41d8cd98f00b204e9800998ecf8427e]
https://supply.chain.link:8443 [301] [GET] [] [] [cloudflare] [vhost] [cloudflare] [Cloudflare,Cloudflare Bot Management] [d41d8cd98f00b204e9800998ecf8427e]
http://supply.chain.link:2082 [301] [GET] [] [] [cloudflare] [vhost] [cloudflare] [Cloudflare,Cloudflare Bot Management] [d41d8cd98f00b204e9800998ecf8427e]
http://supply.chain.link:2086 [301] [GET] [] [] [cloudflare] [vhost] [cloudflare] [Cloudflare,Cloudflare Bot Management] [d41d8cd98f00b204e9800998ecf8427e]
http://supply.chain.link:2095 [301] [GET] [] [] [cloudflare] [vhost] [cloudflare] [Cloudflare,Cloudflare Bot Management] [d41d8cd98f00b204e9800998ecf8427e]
http://supply.chain.link:8080 [301] [GET] [] [] [cloudflare] [vhost] [cloudflare] [Cloudflare,Cloudflare Bot Management] [d41d8cd98f00b204e9800998ecf8427e]
http://supply.chain.link:8880 [301] [GET] [] [] [cloudflare] [vhost] [cloudflare] [Cloudflare,Cloudflare Bot Management] [d41d8cd98f00b204e9800998ecf8427e]
https://vrf.chain.link [200] [GET] [text/html] [VRF | Subscription Management] [cloudflare] [vhost] [cloudflare] [Cloudflare,Cloudflare Bot Management,Google Tag Manager,React,Vercel] [71a5ce886d3331fb81866b24769f42c4]
https://vrf.chain.link [403] [GET] [text/plain] [] [cloudflare] [vhost] [cloudflare] [Cloudflare,Cloudflare Bot Management] [4f20b85ce5ebf225720e040314a7966a]
https://www.chain.link [301] [GET] [text/html] [301 Moved Permanently] [openresty] [Fastly,Nginx,OpenResty,Varnish] [3ea1c8d079b38532a6e01a96216ba5e2]
https://zh.chain.link [200] [GET] [text/html] [Blockchain Oracles for Hybrid Smart Contracts | Chainlink] [] [vhost] [Fastly,Google Tag Manager,Varnish,Webflow,Weglot] [890272468c9857e062ace686f1de3990]
http://vrf.chain.link:2083 [400] [GET] [text/html] [400 The plain HTTP request was sent to HTTPS port] [cloudflare] [cloudflare] [Cloudflare] [20ad84d030031252141ca0b3fc0183f0]
http://vrf.chain.link:2087 [400] [GET] [text/html] [400 The plain HTTP request was sent to HTTPS port] [cloudflare] [cloudflare] [Cloudflare] [20ad84d030031252141ca0b3fc0183f0]
http://vrf.chain.link:8443 [400] [GET] [text/html] [400 The plain HTTP request was sent to HTTPS port] [cloudflare] [cloudflare] [Cloudflare] [cd58783500d7fa3c58f88eb0ba22f4f8]
http://www.careers.chain.link:2052 [301] [GET] [] [] [cloudflare] [vhost] [cloudflare] [Cloudflare,Cloudflare Bot Management] [d41d8cd98f00b204e9800998ecf8427e]
http://www.careers.chain.link:2082 [301] [GET] [] [] [cloudflare] [vhost] [cloudflare] [Cloudflare,Cloudflare Bot Management] [d41d8cd98f00b204e9800998ecf8427e]
http://www.careers.chain.link:2083 [400] [GET] [text/html] [400 The plain HTTP request was sent to HTTPS port] [cloudflare] [cloudflare] [Cloudflare] [cd58783500d7fa3c58f88eb0ba22f4f8]
http://www.careers.chain.link:2086 [301] [GET] [] [] [cloudflare] [vhost] [cloudflare] [Cloudflare,Cloudflare Bot Management] [d41d8cd98f00b204e9800998ecf8427e]
http://www.careers.chain.link:2087 [400] [GET] [text/html] [400 The plain HTTP request was sent to HTTPS port] [cloudflare] [cloudflare] [Cloudflare] [cd58783500d7fa3c58f88eb0ba22f4f8]
http://www.careers.chain.link:2095 [301] [GET] [] [] [cloudflare] [vhost] [cloudflare] [Cloudflare,Cloudflare Bot Management] [d41d8cd98f00b204e9800998ecf8427e]
http://www.careers.chain.link [301] [GET] [] [] [cloudflare] [vhost] [cloudflare] [Cloudflare,Cloudflare Bot Management] [d41d8cd98f00b204e9800998ecf8427e]
http://www.careers.chain.link:8080 [301] [GET] [] [] [cloudflare] [vhost] [cloudflare] [Cloudflare,Cloudflare Bot Management] [d41d8cd98f00b204e9800998ecf8427e]
http://www.careers.chain.link:8443 [400] [GET] [text/html] [400 The plain HTTP request was sent to HTTPS port] [cloudflare] [cloudflare] [Cloudflare] [20ad84d030031252141ca0b3fc0183f0]
http://www.careers.chain.link:8880 [301] [GET] [] [] [cloudflare] [vhost] [cloudflare] [Cloudflare,Cloudflare Bot Management] [d41d8cd98f00b204e9800998ecf8427e]
