http://api.civfund.org:2083 [400] [GET] [text/html] [400 The plain HTTP request was sent to HTTPS port] [cloudflare] [cloudflare] [Cloudflare] [20ad84d030031252141ca0b3fc0183f0]
http://api.civfund.org:2087 [400] [GET] [text/html] [400 The plain HTTP request was sent to HTTPS port] [cloudflare] [cloudflare] [Cloudflare] [cd58783500d7fa3c58f88eb0ba22f4f8]
http://api.civfund.org:8443 [400] [GET] [text/html] [400 The plain HTTP request was sent to HTTPS port] [cloudflare] [cloudflare] [Cloudflare] [cd58783500d7fa3c58f88eb0ba22f4f8]
http://app.civfund.org:2087 [400] [GET] [text/html] [400 The plain HTTP request was sent to HTTPS port] [cloudflare] [cloudflare] [Cloudflare] [cd58783500d7fa3c58f88eb0ba22f4f8]
http://civfund.org:2082 [301] [GET] [] [] [cloudflare] [vhost] [cloudflare] [Cloudflare,Cloudflare Network Error Logging] [d41d8cd98f00b204e9800998ecf8427e]
http://civfund.org:2083 [400] [GET] [text/html] [400 The plain HTTP request was sent to HTTPS port] [cloudflare] [cloudflare] [Cloudflare] [cd58783500d7fa3c58f88eb0ba22f4f8]
http://civfund.org:2086 [301] [GET] [] [] [cloudflare] [vhost] [cloudflare] [Cloudflare,Cloudflare Network Error Logging] [d41d8cd98f00b204e9800998ecf8427e]
http://civfund.org:2087 [400] [GET] [text/html] [400 The plain HTTP request was sent to HTTPS port] [cloudflare] [cloudflare] [Cloudflare] [20ad84d030031252141ca0b3fc0183f0]
http://civfund.org:8080 [301] [GET] [] [] [cloudflare] [vhost] [cloudflare] [Cloudflare,Cloudflare Network Error Logging] [d41d8cd98f00b204e9800998ecf8427e]
http://civfund.org:8443 [400] [GET] [text/html] [400 The plain HTTP request was sent to HTTPS port] [cloudflare] [cloudflare] [Cloudflare] [cd58783500d7fa3c58f88eb0ba22f4f8]
http://civfund.org:8880 [301] [GET] [] [] [cloudflare] [vhost] [cloudflare] [Cloudflare,Cloudflare Network Error Logging] [d41d8cd98f00b204e9800998ecf8427e]
http://dao.civfund.org:2082 [301] [GET] [] [] [cloudflare] [vhost] [cloudflare] [Cloudflare,Cloudflare Network Error Logging] [d41d8cd98f00b204e9800998ecf8427e]
http://dao.civfund.org:2083 [400] [GET] [text/html] [400 The plain HTTP request was sent to HTTPS port] [cloudflare] [cloudflare] [Cloudflare] [20ad84d030031252141ca0b3fc0183f0]
http://dao.civfund.org:2086 [301] [GET] [] [] [cloudflare] [vhost] [cloudflare] [Cloudflare,Cloudflare Network Error Logging] [d41d8cd98f00b204e9800998ecf8427e]
http://dao.civfund.org:2095 [301] [GET] [] [] [cloudflare] [vhost] [cloudflare] [Cloudflare,Cloudflare Network Error Logging] [d41d8cd98f00b204e9800998ecf8427e]
http://dao.civfund.org:8080 [301] [GET] [] [] [cloudflare] [vhost] [cloudflare] [Cloudflare,Cloudflare Network Error Logging] [d41d8cd98f00b204e9800998ecf8427e]
http://dao.civfund.org:8443 [400] [GET] [text/html] [400 The plain HTTP request was sent to HTTPS port] [cloudflare] [cloudflare] [Cloudflare] [cd58783500d7fa3c58f88eb0ba22f4f8]
http://dao.civfund.org:8880 [301] [GET] [] [] [cloudflare] [vhost] [cloudflare] [Cloudflare,Cloudflare Network Error Logging] [d41d8cd98f00b204e9800998ecf8427e]
http://dev-api.civfund.org:2083 [400] [GET] [text/html] [400 The plain HTTP request was sent to HTTPS port] [cloudflare] [cloudflare] [Cloudflare] [cd58783500d7fa3c58f88eb0ba22f4f8]
http://dev-api.civfund.org:2087 [400] [GET] [text/html] [400 The plain HTTP request was sent to HTTPS port] [cloudflare] [cloudflare] [Cloudflare] [cd58783500d7fa3c58f88eb0ba22f4f8]
http://dev-api.civfund.org:8443 [400] [GET] [text/html] [400 The plain HTTP request was sent to HTTPS port] [cloudflare] [cloudflare] [Cloudflare] [20ad84d030031252141ca0b3fc0183f0]
http://dev-app.civfund.org:2083 [400] [GET] [text/html] [400 The plain HTTP request was sent to HTTPS port] [cloudflare] [cloudflare] [Cloudflare] [cd58783500d7fa3c58f88eb0ba22f4f8]
http://dev-app.civfund.org:2087 [400] [GET] [text/html] [400 The plain HTTP request was sent to HTTPS port] [cloudflare] [cloudflare] [Cloudflare] [cd58783500d7fa3c58f88eb0ba22f4f8]
http://dev-app.civfund.org:8443 [400] [GET] [text/html] [400 The plain HTTP request was sent to HTTPS port] [cloudflare] [cloudflare] [Cloudflare] [cd58783500d7fa3c58f88eb0ba22f4f8]
http://docs.civfund.org:2082 [302] [GET] [] [] [cloudflare] [vhost] [cloudflare] [Cloudflare] [d41d8cd98f00b204e9800998ecf8427e]
http://docs.civfund.org:2086 [302] [GET] [] [] [cloudflare] [vhost] [cloudflare] [Cloudflare] [d41d8cd98f00b204e9800998ecf8427e]
http://docs.civfund.org:8080 [302] [GET] [] [] [cloudflare] [vhost] [cloudflare] [Cloudflare] [d41d8cd98f00b204e9800998ecf8427e]
http://docs.civfund.org:8880 [302] [GET] [] [] [cloudflare] [vhost] [cloudflare] [Cloudflare] [d41d8cd98f00b204e9800998ecf8427e]
http://link.civfund.org:2083 [400] [GET] [text/html] [400 The plain HTTP request was sent to HTTPS port] [cloudflare] [cloudflare] [Cloudflare] [20ad84d030031252141ca0b3fc0183f0]
http://link.civfund.org:2087 [400] [GET] [text/html] [400 The plain HTTP request was sent to HTTPS port] [cloudflare] [cloudflare] [Cloudflare] [20ad84d030031252141ca0b3fc0183f0]
http://link.civfund.org:8443 [400] [GET] [text/html] [400 The plain HTTP request was sent to HTTPS port] [cloudflare] [cloudflare] [Cloudflare] [20ad84d030031252141ca0b3fc0183f0]
http://news.civfund.org:2082 [301] [GET] [] [] [cloudflare] [vhost] [cloudflare] [Cloudflare] [d41d8cd98f00b204e9800998ecf8427e]
http://news.civfund.org:2083 [400] [GET] [text/html] [400 The plain HTTP request was sent to HTTPS port] [cloudflare] [cloudflare] [Cloudflare] [cd58783500d7fa3c58f88eb0ba22f4f8]
http://news.civfund.org:2086 [301] [GET] [] [] [cloudflare] [vhost] [cloudflare] [Cloudflare] [d41d8cd98f00b204e9800998ecf8427e]
http://news.civfund.org:2087 [400] [GET] [text/html] [400 The plain HTTP request was sent to HTTPS port] [cloudflare] [cloudflare] [Cloudflare] [cd58783500d7fa3c58f88eb0ba22f4f8]
http://news.civfund.org:2095 [301] [GET] [] [] [cloudflare] [vhost] [cloudflare] [Cloudflare] [d41d8cd98f00b204e9800998ecf8427e]
http://news.civfund.org:8080 [301] [GET] [] [] [cloudflare] [vhost] [cloudflare] [Cloudflare] [d41d8cd98f00b204e9800998ecf8427e]
http://news.civfund.org:8443 [400] [GET] [text/html] [400 The plain HTTP request was sent to HTTPS port] [cloudflare] [cloudflare] [Cloudflare] [20ad84d030031252141ca0b3fc0183f0]
http://news.civfund.org:8880 [301] [GET] [] [] [cloudflare] [vhost] [cloudflare] [Cloudflare] [d41d8cd98f00b204e9800998ecf8427e]
http://newsletter.civfund.org:2083 [400] [GET] [text/html] [400 The plain HTTP request was sent to HTTPS port] [cloudflare] [cloudflare] [Cloudflare] [20ad84d030031252141ca0b3fc0183f0]
http://newsletter.civfund.org:2087 [400] [GET] [text/html] [400 The plain HTTP request was sent to HTTPS port] [cloudflare] [cloudflare] [Cloudflare] [cd58783500d7fa3c58f88eb0ba22f4f8]
http://newsletter.civfund.org:8080 [521] [GET] [] [] [cloudflare] [vhost] [cloudflare] [Cloudflare,Cloudflare Network Error Logging] [d41d8cd98f00b204e9800998ecf8427e]
http://newsletter.civfund.org:8443 [400] [GET] [text/html] [400 The plain HTTP request was sent to HTTPS port] [cloudflare] [cloudflare] [Cloudflare] [cd58783500d7fa3c58f88eb0ba22f4f8]
http://nftgame.civfund.org:2082 [301] [GET] [] [] [cloudflare] [vhost] [cloudflare] [Cloudflare,Cloudflare Network Error Logging] [d41d8cd98f00b204e9800998ecf8427e]
http://nftgame.civfund.org:2086 [301] [GET] [] [] [cloudflare] [vhost] [cloudflare] [Cloudflare,Cloudflare Network Error Logging] [d41d8cd98f00b204e9800998ecf8427e]
http://nftgame.civfund.org:2087 [400] [GET] [text/html] [400 The plain HTTP request was sent to HTTPS port] [cloudflare] [cloudflare] [Cloudflare] [20ad84d030031252141ca0b3fc0183f0]
http://nftgame.civfund.org:8080 [301] [GET] [] [] [cloudflare] [vhost] [cloudflare] [Cloudflare,Cloudflare Network Error Logging] [d41d8cd98f00b204e9800998ecf8427e]
http://nftgame.civfund.org:8443 [400] [GET] [text/html] [400 The plain HTTP request was sent to HTTPS port] [cloudflare] [cloudflare] [Cloudflare] [cd58783500d7fa3c58f88eb0ba22f4f8]
http://nftgame.civfund.org:8880 [301] [GET] [] [] [cloudflare] [vhost] [cloudflare] [Cloudflare,Cloudflare Network Error Logging] [d41d8cd98f00b204e9800998ecf8427e]
https://api.civfund.org [404] [GET] [text/html] [Error] [cloudflare] [vhost] [cloudflare] [Cloudflare,Cloudflare Network Error Logging,Express,Node.js] [00e4525d6563dd3cd6d997347b89f279]
https://api.civfund.org [404] [GET] [text/html] [Error] [cloudflare] [vhost] [cloudflare] [Cloudflare,Cloudflare Network Error Logging,Express,Node.js] [3db58b26b2821c93d1be5e5d511364ab]
https://app.civfund.org [200] [GET] [text/html] [Civilization Interface] [cloudflare] [vhost] [cloudflare] [Cloudflare,Cloudflare Network Error Logging,Google Font API] [b18fac0cd38b77c19052262560d5a760]
https://app.civfund.org [200] [GET] [text/html] [Civilization Interface] [cloudflare] [vhost] [cloudflare] [Cloudflare,Cloudflare Network Error Logging,Google Font API] [dbaffa57705697c0be911d7cd4c8585b]
https://civfund.org [200] [GET] [text/html] [Civilization - civfund.org] [cloudflare] [vhost] [cloudflare] [Cloudflare,Cloudflare Network Error Logging,Elementor,Google Font API,Google Tag Manager,MySQL,PHP,WordPress:6.0.1] [1c33ac0b83463c21ff08b4212fe59cef]
https://civfund.org [200] [GET] [text/html] [Civilization - civfund.org] [cloudflare] [vhost] [cloudflare] [Cloudflare,Cloudflare Network Error Logging,Elementor,Google Font API,Google Tag Manager,MySQL,PHP,WordPress:6.0.1] [f87f67ffba620698e6b19e9bd394d8b6]
https://dao.civfund.org [200] [GET] [text/html] [] [cloudflare] [vhost] [cloudflare] [Cloudflare,Cloudflare Network Error Logging] [e20901cf06c983f863058cd2688c88fe]
https://dao.civfund.org [200] [GET] [text/html] [] [cloudflare] [vhost] [cloudflare] [Cloudflare,Cloudflare Network Error Logging] [f3e8ec6422548d98e2d9778e6c70496e]
https://dao.civfund.org:2087 [403] [GET] [text/html] [Attention Required! | Cloudflare] [cloudflare] [vhost] [cloudflare] [Cloudflare,Cloudflare Network Error Logging] [9164cb3ab097ac633939899f3ab3ea39]
https://dev-api.civfund.org [404] [GET] [text/html] [Error] [cloudflare] [vhost] [cloudflare] [Cloudflare,Cloudflare Network Error Logging,Express,Node.js] [35503f674755114bd4ea585261fa5652]
https://dev-api.civfund.org [404] [GET] [text/html] [Error] [cloudflare] [vhost] [cloudflare] [Cloudflare,Cloudflare Network Error Logging,Express,Node.js] [bb6f2912167ed7eb2f07431f1f9ada3b]
https://dev-app.civfund.org [200] [GET] [text/html] [Civilization Interface] [cloudflare] [vhost] [cloudflare] [Cloudflare,Cloudflare Network Error Logging,Google Font API] [0e6ca2f1d51b08e8c2e33d158b18c384]
https://dev-app.civfund.org [200] [GET] [text/html] [Civilization Interface] [cloudflare] [vhost] [cloudflare] [Cloudflare,Cloudflare Network Error Logging,Google Font API] [6418da09375688659ae5c8c48f7d8748]
https://dev.civfund.org [200] [GET] [text/html] [Civilization - civfund.org] [Apache] [vhost] [Apache,Elementor,Google Font API,MySQL,PHP,WordPress:6.0.1,Yoast SEO:17.7.1] [e8b4d3653a86048cd14c98f7b79e3ce6]
https://docs.civfund.org:2083 [302] [GET] [text/plain] [] [cloudflare] [vhost] [cloudflare] [Algolia,Cloudflare,Google Cloud,Google Cloud Trace] [5e1c956210630169e56e55f0d043d3d3]
https://docs.civfund.org:2087 [302] [GET] [text/plain] [] [cloudflare] [vhost] [cloudflare] [Algolia,Cloudflare,Google Cloud,Google Cloud Trace] [5e1c956210630169e56e55f0d043d3d3]
https://docs.civfund.org [302] [GET] [text/plain] [] [cloudflare] [vhost] [cloudflare] [Algolia,Cloudflare,Google Cloud,Google Cloud Trace] [5e1c956210630169e56e55f0d043d3d3]
https://docs.civfund.org:8443 [302] [GET] [text/plain] [] [cloudflare] [vhost] [cloudflare] [Algolia,Cloudflare,Google Cloud,Google Cloud Trace] [5e1c956210630169e56e55f0d043d3d3]
https://link.civfund.org [302] [GET] [] [] [cloudflare] [vhost] [cloudflare] [Cloudflare,Cloudflare Network Error Logging] [d41d8cd98f00b204e9800998ecf8427e]
https://mta-sts.app.civfund.org [403] [GET] [text/html] [403 Forbidden] [Apache] [vhost] [Apache] [9091a3808645bfa68aa9beb26c5b6b46]
https://mta-sts.newsletter.civfund.org [403] [GET] [text/html] [403 Forbidden] [Apache] [vhost] [Apache] [148ebe2563e587b3031a2cdec2e74152]
https://news.civfund.org [307] [GET] [text/html] [] [cloudflare] [vhost] [cloudflare] [Cloudflare,Envoy] [e389c3005cf05b6327a0d71a349ac754]
https://newsletter.civfund.org [200] [GET] [text/html] [CIV Newsletter – Subscription service] [cloudflare] [vhost] [cloudflare] [Cloudflare,Cloudflare Network Error Logging,MySQL,PHP,WordPress:6.0.1] [8ded3a3f596cf7f23aac5c4708b3f2aa]
https://newsletter.civfund.org [200] [GET] [text/html] [CIV Newsletter – Subscription service] [cloudflare] [vhost] [cloudflare] [Cloudflare,Cloudflare Network Error Logging,MySQL,PHP,WordPress:6.0.1] [e535f2e4fbe9bacfdde726dc79969d56]
https://nftgame.civfund.org [200] [GET] [text/html] [Civilization - Treasure hunt - nftgame] [cloudflare] [vhost] [cloudflare] [Cloudflare,Cloudflare Network Error Logging,Google Font API] [59cc2d6d30fb793d18f82e05ad36ce33]
https://nftgame.civfund.org [200] [GET] [text/html] [Civilization - Treasure hunt - nftgame] [cloudflare] [vhost] [cloudflare] [Cloudflare,Cloudflare Network Error Logging,Google Font API] [609828f54ca98ac72c47e0bde4912584]
https://staging.civfund.org [404] [GET] [text/plain] [] [cloudflare] [vhost] [cloudflare] [Cloudflare,Cloudflare Network Error Logging] [595e88012a6521aae3e12cbebe76eb9e]
http://staging.civfund.org:2083 [400] [GET] [text/html] [400 The plain HTTP request was sent to HTTPS port] [cloudflare] [cloudflare] [Cloudflare] [20ad84d030031252141ca0b3fc0183f0]
http://staging.civfund.org:2087 [400] [GET] [text/html] [400 The plain HTTP request was sent to HTTPS port] [cloudflare] [cloudflare] [Cloudflare] [cd58783500d7fa3c58f88eb0ba22f4f8]
http://staging.civfund.org:8443 [400] [GET] [text/html] [400 The plain HTTP request was sent to HTTPS port] [cloudflare] [cloudflare] [Cloudflare] [cd58783500d7fa3c58f88eb0ba22f4f8]
https://website2022.civfund.org [200] [GET] [text/html] [Civilization] [Apache] [vhost] [Apache,MySQL,PHP,WordPress:6.0.1] [759bc97e81dee0b70709b86bf8d5e7e8]
https://website2022.civfund.org [200] [GET] [text/html] [Civilization] [Apache] [vhost] [Apache,MySQL,PHP,WordPress:6.0.1] [fe83027810c8dfefced3bb37974e1863]
https://www.civfund.org [301] [GET] [text/html] [] [cloudflare] [vhost] [cloudflare] [Cloudflare,Cloudflare Network Error Logging] [d41d8cd98f00b204e9800998ecf8427e]
http://www.civfund.org:2083 [400] [GET] [text/html] [400 The plain HTTP request was sent to HTTPS port] [cloudflare] [cloudflare] [Cloudflare] [cd58783500d7fa3c58f88eb0ba22f4f8]
http://www.civfund.org:2087 [400] [GET] [text/html] [400 The plain HTTP request was sent to HTTPS port] [cloudflare] [cloudflare] [Cloudflare] [cd58783500d7fa3c58f88eb0ba22f4f8]
http://www.civfund.org:8080 [521] [GET] [] [] [cloudflare] [vhost] [cloudflare] [Cloudflare,Cloudflare Network Error Logging] [d41d8cd98f00b204e9800998ecf8427e]
http://www.civfund.org:8443 [400] [GET] [text/html] [400 The plain HTTP request was sent to HTTPS port] [cloudflare] [cloudflare] [Cloudflare] [cd58783500d7fa3c58f88eb0ba22f4f8]
