http://admin.coinmetro.com:2082 [403] [GET] [text/plain] [] [cloudflare] [vhost] [cloudflare] [Cloudflare] [c8750906ad1e689d41ab2a4e25d9864d]
http://admin.coinmetro.com:2086 [403] [GET] [text/plain] [] [cloudflare] [vhost] [cloudflare] [Cloudflare] [c8750906ad1e689d41ab2a4e25d9864d]
http://admin.coinmetro.com:8080 [403] [GET] [text/plain] [] [cloudflare] [vhost] [cloudflare] [Cloudflare] [c8750906ad1e689d41ab2a4e25d9864d]
http://admin-test.coinmetro.com:2082 [403] [GET] [text/plain] [] [cloudflare] [vhost] [cloudflare] [Cloudflare] [c8750906ad1e689d41ab2a4e25d9864d]
http://admin-test.coinmetro.com:2086 [403] [GET] [text/plain] [] [cloudflare] [vhost] [cloudflare] [Cloudflare] [c8750906ad1e689d41ab2a4e25d9864d]
http://admin-test.coinmetro.com:8080 [403] [GET] [text/plain] [] [cloudflare] [vhost] [cloudflare] [Cloudflare] [c8750906ad1e689d41ab2a4e25d9864d]
http://api.coinmetro.com:2082 [301] [GET] [] [] [cloudflare] [cloudflare] [Cloudflare] [d41d8cd98f00b204e9800998ecf8427e]
http://api.coinmetro.com:2083 [400] [GET] [text/html] [400 The plain HTTP request was sent to HTTPS port] [cloudflare] [cloudflare] [Cloudflare] [cd58783500d7fa3c58f88eb0ba22f4f8]
http://api.coinmetro.com:2086 [301] [GET] [] [] [cloudflare] [cloudflare] [Cloudflare] [d41d8cd98f00b204e9800998ecf8427e]
http://api.coinmetro.com:2087 [400] [GET] [text/html] [400 The plain HTTP request was sent to HTTPS port] [cloudflare] [cloudflare] [Cloudflare] [20ad84d030031252141ca0b3fc0183f0]
http://api.coinmetro.com:8080 [301] [GET] [] [] [cloudflare] [cloudflare] [Cloudflare] [d41d8cd98f00b204e9800998ecf8427e]
http://api.coinmetro.com:8443 [400] [GET] [text/html] [400 The plain HTTP request was sent to HTTPS port] [cloudflare] [cloudflare] [Cloudflare] [20ad84d030031252141ca0b3fc0183f0]
http://beta.coinmetro.com:2082 [301] [GET] [] [] [cloudflare] [cloudflare] [Cloudflare] [d41d8cd98f00b204e9800998ecf8427e]
http://beta.coinmetro.com:2086 [301] [GET] [] [] [cloudflare] [cloudflare] [Cloudflare] [d41d8cd98f00b204e9800998ecf8427e]
http://beta.coinmetro.com:8080 [301] [GET] [] [] [cloudflare] [cloudflare] [Cloudflare] [d41d8cd98f00b204e9800998ecf8427e]
http://beta.coinmetro.com:8880 [301] [GET] [] [] [cloudflare] [cloudflare] [Cloudflare] [d41d8cd98f00b204e9800998ecf8427e]
http://blog.coinmetro.com:2082 [301] [GET] [] [] [cloudflare] [cloudflare] [Cloudflare] [d41d8cd98f00b204e9800998ecf8427e]
http://blog.coinmetro.com:2086 [301] [GET] [] [] [cloudflare] [cloudflare] [Cloudflare] [d41d8cd98f00b204e9800998ecf8427e]
http://blog.coinmetro.com:8080 [301] [GET] [] [] [cloudflare] [cloudflare] [Cloudflare] [d41d8cd98f00b204e9800998ecf8427e]
http://clicks.coinmetro.com:2082 [301] [GET] [] [] [cloudflare] [cloudflare] [Cloudflare] [d41d8cd98f00b204e9800998ecf8427e]
http://clicks.coinmetro.com:2086 [301] [GET] [] [] [cloudflare] [cloudflare] [Cloudflare] [d41d8cd98f00b204e9800998ecf8427e]
http://clicks.coinmetro.com:8080 [301] [GET] [] [] [cloudflare] [cloudflare] [Cloudflare] [d41d8cd98f00b204e9800998ecf8427e]
http://clicks.coinmetro.com:8880 [301] [GET] [] [] [cloudflare] [cloudflare] [Cloudflare] [d41d8cd98f00b204e9800998ecf8427e]
http://coinmetro.com:2082 [301] [GET] [] [] [cloudflare] [cloudflare] [Cloudflare] [d41d8cd98f00b204e9800998ecf8427e]
http://coinmetro.com:2086 [301] [GET] [] [] [cloudflare] [cloudflare] [Cloudflare] [d41d8cd98f00b204e9800998ecf8427e]
http://coinmetro.com:8080 [301] [GET] [] [] [cloudflare] [cloudflare] [Cloudflare] [d41d8cd98f00b204e9800998ecf8427e]
http://coinmetro.com:8880 [301] [GET] [] [] [cloudflare] [cloudflare] [Cloudflare] [d41d8cd98f00b204e9800998ecf8427e]
http://demo.coinmetro.com:2082 [301] [GET] [] [] [cloudflare] [cloudflare] [Cloudflare] [d41d8cd98f00b204e9800998ecf8427e]
http://demo.coinmetro.com:2086 [301] [GET] [] [] [cloudflare] [cloudflare] [Cloudflare] [d41d8cd98f00b204e9800998ecf8427e]
http://demo.coinmetro.com:8080 [301] [GET] [] [] [cloudflare] [cloudflare] [Cloudflare] [d41d8cd98f00b204e9800998ecf8427e]
http://demo.coinmetro.com:8880 [301] [GET] [] [] [cloudflare] [cloudflare] [Cloudflare] [d41d8cd98f00b204e9800998ecf8427e]
http://email.coinmetro.com:2082 [301] [GET] [] [] [cloudflare] [cloudflare] [Cloudflare] [d41d8cd98f00b204e9800998ecf8427e]
http://email.coinmetro.com:2083 [400] [GET] [text/html] [400 The plain HTTP request was sent to HTTPS port] [cloudflare] [cloudflare] [Cloudflare] [20ad84d030031252141ca0b3fc0183f0]
http://email.coinmetro.com:2086 [301] [GET] [] [] [cloudflare] [cloudflare] [Cloudflare] [d41d8cd98f00b204e9800998ecf8427e]
http://email.coinmetro.com:2087 [400] [GET] [text/html] [400 The plain HTTP request was sent to HTTPS port] [cloudflare] [cloudflare] [Cloudflare] [cd58783500d7fa3c58f88eb0ba22f4f8]
http://email.coinmetro.com:2096 [400] [GET] [text/html] [400 The plain HTTP request was sent to HTTPS port] [cloudflare] [cloudflare] [Cloudflare] [cd58783500d7fa3c58f88eb0ba22f4f8]
http://email.coinmetro.com:8080 [301] [GET] [] [] [cloudflare] [cloudflare] [Cloudflare] [d41d8cd98f00b204e9800998ecf8427e]
http://email.coinmetro.com:8443 [400] [GET] [text/html] [400 The plain HTTP request was sent to HTTPS port] [cloudflare] [cloudflare] [Cloudflare] [cd58783500d7fa3c58f88eb0ba22f4f8]
http://email.coinmetro.com:8880 [301] [GET] [] [] [cloudflare] [cloudflare] [Cloudflare] [d41d8cd98f00b204e9800998ecf8427e]
http://exchange.coinmetro.com:2082 [301] [GET] [] [] [cloudflare] [cloudflare] [Cloudflare] [d41d8cd98f00b204e9800998ecf8427e]
http://exchange.coinmetro.com:2086 [301] [GET] [] [] [cloudflare] [cloudflare] [Cloudflare] [d41d8cd98f00b204e9800998ecf8427e]
http://exchange.coinmetro.com:2087 [400] [GET] [text/html] [400 The plain HTTP request was sent to HTTPS port] [cloudflare] [cloudflare] [Cloudflare] [cd58783500d7fa3c58f88eb0ba22f4f8]
http://exchange.coinmetro.com:8080 [301] [GET] [] [] [cloudflare] [cloudflare] [Cloudflare] [d41d8cd98f00b204e9800998ecf8427e]
http://exchange.coinmetro.com:8443 [400] [GET] [text/html] [400 The plain HTTP request was sent to HTTPS port] [cloudflare] [cloudflare] [Cloudflare] [cd58783500d7fa3c58f88eb0ba22f4f8]
http://exchange.coinmetro.com:8880 [301] [GET] [] [] [cloudflare] [cloudflare] [Cloudflare] [d41d8cd98f00b204e9800998ecf8427e]
http://go.coinmetro.com:2082 [301] [GET] [] [] [cloudflare] [cloudflare] [Cloudflare] [d41d8cd98f00b204e9800998ecf8427e]
http://go.coinmetro.com:2086 [301] [GET] [] [] [cloudflare] [cloudflare] [Cloudflare] [d41d8cd98f00b204e9800998ecf8427e]
http://go.coinmetro.com:8080 [301] [GET] [] [] [cloudflare] [cloudflare] [Cloudflare] [d41d8cd98f00b204e9800998ecf8427e]
http://hansecoin.coinmetro.com:2082 [301] [GET] [] [] [cloudflare] [cloudflare] [Cloudflare] [d41d8cd98f00b204e9800998ecf8427e]
http://hansecoin.coinmetro.com:2086 [301] [GET] [] [] [cloudflare] [cloudflare] [Cloudflare] [d41d8cd98f00b204e9800998ecf8427e]
http://hansecoin.coinmetro.com:8080 [301] [GET] [] [] [cloudflare] [cloudflare] [Cloudflare] [d41d8cd98f00b204e9800998ecf8427e]
http://hansecoin.coinmetro.com:8880 [301] [GET] [] [] [cloudflare] [cloudflare] [Cloudflare] [d41d8cd98f00b204e9800998ecf8427e]
http://help.coinmetro.com:2082 [301] [GET] [] [] [cloudflare] [cloudflare] [Cloudflare] [d41d8cd98f00b204e9800998ecf8427e]
http://help.coinmetro.com:2086 [301] [GET] [] [] [cloudflare] [cloudflare] [Cloudflare] [d41d8cd98f00b204e9800998ecf8427e]
http://help.coinmetro.com:8080 [403] [GET] [text/plain] [] [cloudflare] [cloudflare] [Cloudflare] [4f20b85ce5ebf225720e040314a7966a]
http://help.coinmetro.com:8880 [301] [GET] [] [] [cloudflare] [cloudflare] [Cloudflare] [d41d8cd98f00b204e9800998ecf8427e]
http://media.coinmetro.com:2082 [301] [GET] [] [] [cloudflare] [cloudflare] [Cloudflare] [d41d8cd98f00b204e9800998ecf8427e]
http://media.coinmetro.com:2086 [301] [GET] [] [] [cloudflare] [cloudflare] [Cloudflare] [d41d8cd98f00b204e9800998ecf8427e]
http://media.coinmetro.com:8080 [301] [GET] [] [] [cloudflare] [cloudflare] [Cloudflare] [d41d8cd98f00b204e9800998ecf8427e]
http://open.coinmetro.com:2082 [301] [GET] [] [] [cloudflare] [cloudflare] [Cloudflare] [d41d8cd98f00b204e9800998ecf8427e]
http://open.coinmetro.com:2086 [301] [GET] [] [] [cloudflare] [cloudflare] [Cloudflare] [d41d8cd98f00b204e9800998ecf8427e]
http://open.coinmetro.com:8080 [301] [GET] [] [] [cloudflare] [cloudflare] [Cloudflare] [d41d8cd98f00b204e9800998ecf8427e]
http://open.coinmetro.com:8880 [301] [GET] [] [] [cloudflare] [cloudflare] [Cloudflare] [d41d8cd98f00b204e9800998ecf8427e]
http://rc.coinmetro.com:2082 [301] [GET] [] [] [cloudflare] [cloudflare] [Cloudflare] [d41d8cd98f00b204e9800998ecf8427e]
http://rc.coinmetro.com:2086 [301] [GET] [] [] [cloudflare] [cloudflare] [Cloudflare] [d41d8cd98f00b204e9800998ecf8427e]
http://rc.coinmetro.com:8080 [301] [GET] [] [] [cloudflare] [cloudflare] [Cloudflare] [d41d8cd98f00b204e9800998ecf8427e]
https://admin.coinmetro.com:2083 [403] [GET] [text/plain] [] [cloudflare] [vhost] [cloudflare] [Cloudflare] [c8750906ad1e689d41ab2a4e25d9864d]
https://admin.coinmetro.com:2087 [403] [GET] [text/plain] [] [cloudflare] [vhost] [cloudflare] [Cloudflare] [c8750906ad1e689d41ab2a4e25d9864d]
https://admin.coinmetro.com [403] [GET] [text/plain] [] [cloudflare] [vhost] [cloudflare] [Cloudflare] [c8750906ad1e689d41ab2a4e25d9864d]
https://admin.coinmetro.com:8443 [403] [GET] [text/plain] [] [cloudflare] [vhost] [cloudflare] [Cloudflare] [c8750906ad1e689d41ab2a4e25d9864d]
https://admin-test.coinmetro.com:2083 [403] [GET] [text/plain] [] [cloudflare] [vhost] [cloudflare] [Cloudflare] [c8750906ad1e689d41ab2a4e25d9864d]
https://admin-test.coinmetro.com:2087 [403] [GET] [text/plain] [] [cloudflare] [vhost] [cloudflare] [Cloudflare] [c8750906ad1e689d41ab2a4e25d9864d]
https://admin-test.coinmetro.com [403] [GET] [text/plain] [] [cloudflare] [vhost] [cloudflare] [Cloudflare] [c8750906ad1e689d41ab2a4e25d9864d]
https://admin-test.coinmetro.com:8443 [403] [GET] [text/plain] [] [cloudflare] [vhost] [cloudflare] [Cloudflare] [c8750906ad1e689d41ab2a4e25d9864d]
https://affiliate.coinmetro.com [404] [GET] [text/html] [Pageserver 404] [openresty] [google] [Google Cloud,Google Cloud CDN,Nginx,OpenResty] [9784a3ba0fcace216ca9d5c6cf4ae858]
https://ambassador.coinmetro.com [404] [GET] [text/html] [Pageserver 404] [openresty] [google] [Google Cloud,Google Cloud CDN,Nginx,OpenResty] [9784a3ba0fcace216ca9d5c6cf4ae858]
http://sandbox.coinmetro.com:2082 [301] [GET] [] [] [cloudflare] [cloudflare] [Cloudflare] [d41d8cd98f00b204e9800998ecf8427e]
http://sandbox.coinmetro.com:2086 [301] [GET] [] [] [cloudflare] [cloudflare] [Cloudflare] [d41d8cd98f00b204e9800998ecf8427e]
http://sandbox.coinmetro.com:8080 [301] [GET] [] [] [cloudflare] [cloudflare] [Cloudflare] [d41d8cd98f00b204e9800998ecf8427e]
https://api.coinmetro.com [404] [GET] [application/json] [] [cloudflare] [vhost] [cloudflare] [Cloudflare] [093206c775ab5f7ce396f1b67fcae5bb]
https://beta.coinmetro.com:2083 [302] [GET] [] [] [cloudflare] [vhost] [cloudflare] [Cloudflare] [d41d8cd98f00b204e9800998ecf8427e]
https://beta.coinmetro.com:2087 [302] [GET] [] [] [cloudflare] [vhost] [cloudflare] [Cloudflare] [d41d8cd98f00b204e9800998ecf8427e]
https://beta.coinmetro.com:2096 [302] [GET] [] [] [cloudflare] [vhost] [cloudflare] [Cloudflare] [d41d8cd98f00b204e9800998ecf8427e]
https://beta.coinmetro.com [302] [GET] [] [] [cloudflare] [vhost] [cloudflare] [Cloudflare] [d41d8cd98f00b204e9800998ecf8427e]
https://beta.coinmetro.com:8443 [302] [GET] [] [] [cloudflare] [vhost] [cloudflare] [Cloudflare] [d41d8cd98f00b204e9800998ecf8427e]
https://blog.coinmetro.com:2083 [403] [GET] [text/html] [Attention Required! | Cloudflare] [cloudflare] [vhost] [cloudflare] [Cloudflare] [5fb293be38ed7a95665ae1cf597c0ac5]
https://blog.coinmetro.com:2087 [403] [GET] [text/html] [Attention Required! | Cloudflare] [cloudflare] [vhost] [cloudflare] [Cloudflare] [944743cffa78e3e253b1f285724bce6f]
https://blog.coinmetro.com [301] [GET] [text/html] [301 Moved Permanently] [cloudflare] [vhost] [cloudflare] [Cloudflare] [4f8e702cc244ec5d4de32740c0ecbd97]
https://blog.coinmetro.com:8443 [403] [GET] [text/html] [Attention Required! | Cloudflare] [cloudflare] [vhost] [cloudflare] [Cloudflare] [151ba2b6d6c74f97befe46e7f55d7fc4]
https://bond.coinmetro.com [404] [GET] [text/html] [Pageserver 404] [openresty] [google] [Google Cloud,Google Cloud CDN,Nginx,OpenResty] [143d5b5b08ffe010d609d04fe6838bd1]
https://bond.coinmetro.com [404] [GET] [text/html] [Pageserver 404] [openresty] [google] [Google Cloud,Google Cloud CDN,Nginx,OpenResty] [9784a3ba0fcace216ca9d5c6cf4ae858]
https://clicks.coinmetro.com:2083 [403] [GET] [text/html] [Attention Required! | Cloudflare] [cloudflare] [vhost] [cloudflare] [Cloudflare] [f609ed7be8076e14af5aefb71fd811ae]
https://clicks.coinmetro.com:2087 [403] [GET] [text/html] [Attention Required! | Cloudflare] [cloudflare] [vhost] [cloudflare] [Cloudflare] [0b9a9732065a6791bd96a892c81600d1]
https://clicks.coinmetro.com:2096 [403] [GET] [text/html] [Attention Required! | Cloudflare] [cloudflare] [vhost] [cloudflare] [Cloudflare] [6d5e40d0c4c8429249f4c867156c0039]
https://clicks.coinmetro.com [404] [GET] [text/html] [404 Not Found] [cloudflare] [vhost] [cloudflare] [Cloudflare] [597ba0d4396e9c906225140ce907092c]
https://clicks.coinmetro.com:8443 [403] [GET] [text/html] [Attention Required! | Cloudflare] [cloudflare] [vhost] [cloudflare] [Cloudflare] [7800a1bf53b8e1f234fd6167c442e831]
https://coinmetro.com [200] [GET] [text/html] [Coinmetro – The Best Crypto Exchange for Beginners and Pros] [cloudflare] [vhost] [cloudflare] [Cloudflare,Google Font API,Next.js,Node.js,React,webpack] [6259501fafea9e8aa5bbccd9ab3033b6]
https://coinmetro.com [200] [GET] [text/html] [Coinmetro – The Best Crypto Exchange for Beginners and Pros] [cloudflare] [vhost] [cloudflare] [Cloudflare,Google Font API,Next.js,Node.js,React,webpack] [bad1b556030dae82d1c1286925dd0e58]
https://coinmetro.com:2087 [403] [GET] [text/html] [Attention Required! | Cloudflare] [cloudflare] [cloudflare] [Cloudflare] [b720bfbbed1c050370ed215a8d792685]
https://coinmetro.com:8443 [403] [GET] [text/html] [Attention Required! | Cloudflare] [cloudflare] [cloudflare] [Cloudflare] [f10c9509bf36ebda8f43292f296673dc]
https://copytrading.coinmetro.com [404] [GET] [text/html] [Pageserver 404] [openresty] [google] [Google Cloud,Google Cloud CDN,Nginx,OpenResty] [143d5b5b08ffe010d609d04fe6838bd1]
https://cryptoaffiliate.coinmetro.com [404] [GET] [text/html] [Pageserver 404] [openresty] [google] [Google Cloud,Google Cloud CDN,Nginx,OpenResty] [143d5b5b08ffe010d609d04fe6838bd1]
https://cryptoaffiliate.coinmetro.com [404] [GET] [text/html] [Pageserver 404] [openresty] [google] [Google Cloud,Google Cloud CDN,Nginx,OpenResty] [9784a3ba0fcace216ca9d5c6cf4ae858]
https://crypto.coinmetro.com [200] [GET] [text/html] [Coinmetro Business Reporter] [openresty] [vhost] [google] [Google Cloud,Google Cloud CDN,Google Font API,Google Tag Manager,Nginx,OpenResty,YouTube] [324b6bc947134de83fad474442a892bb]
https://crypto.coinmetro.com [200] [GET] [text/html] [Coinmetro Business Reporter] [openresty] [vhost] [google] [Google Cloud,Google Cloud CDN,Google Font API,Google Tag Manager,Nginx,OpenResty,YouTube] [d32ccb31b1f87d82aecf8d4c59d01c66]
https://cryptocurrency.coinmetro.com [404] [GET] [text/html] [Pageserver 404] [openresty] [google] [Google Cloud,Google Cloud CDN,Nginx,OpenResty] [143d5b5b08ffe010d609d04fe6838bd1]
https://cryptocurrency.coinmetro.com [404] [GET] [text/html] [Pageserver 404] [openresty] [google] [Google Cloud,Google Cloud CDN,Nginx,OpenResty] [9784a3ba0fcace216ca9d5c6cf4ae858]
https://demo.coinmetro.com [200] [GET] [text/html] [Crypto Trading Platform | Demo | CoinMetro.com] [cloudflare] [vhost] [cloudflare] [Cloudflare,Fourthwall:57f5d832f396dd9a2fb9cd025f968de03a1e1c5f,Google Font API,Typekit] [88b41467bfd4c007f177a0c82446ef4e]
https://demo.coinmetro.com:2087 [403] [GET] [text/html] [Attention Required! | Cloudflare] [cloudflare] [vhost] [cloudflare] [Cloudflare] [5bbe91319a5fc4a201755b0dc822a379]
https://demo.coinmetro.com:8443 [403] [GET] [text/html] [Attention Required! | Cloudflare] [cloudflare] [vhost] [cloudflare] [Cloudflare] [a555d66a756a9223cec08efbfbbdd097]
https://email.coinmetro.com [404] [GET] [] [] [cloudflare] [vhost] [cloudflare] [Cloudflare,Google Cloud,Google Cloud CDN] [d41d8cd98f00b204e9800998ecf8427e]
http://services.coinmetro.com:2082 [301] [GET] [] [] [cloudflare] [cloudflare] [Cloudflare] [d41d8cd98f00b204e9800998ecf8427e]
http://services.coinmetro.com:2086 [301] [GET] [] [] [cloudflare] [cloudflare] [Cloudflare] [d41d8cd98f00b204e9800998ecf8427e]
http://services.coinmetro.com:8080 [301] [GET] [] [] [cloudflare] [cloudflare] [Cloudflare] [d41d8cd98f00b204e9800998ecf8427e]
http://services-sandbox.coinmetro.com:2082 [301] [GET] [] [] [cloudflare] [cloudflare] [Cloudflare] [d41d8cd98f00b204e9800998ecf8427e]
http://services-sandbox.coinmetro.com:2086 [301] [GET] [] [] [cloudflare] [cloudflare] [Cloudflare] [d41d8cd98f00b204e9800998ecf8427e]
http://services-sandbox.coinmetro.com:8080 [301] [GET] [] [] [cloudflare] [cloudflare] [Cloudflare] [d41d8cd98f00b204e9800998ecf8427e]
https://exchange.coinmetro.com [404] [GET] [application/json] [] [cloudflare] [vhost] [cloudflare] [Cloudflare] [c452c044cadaf0a5122aabbb02d7860c]
https://express.coinmetro.com [404] [GET] [text/html] [Pageserver 404] [openresty] [google] [Google Cloud,Google Cloud CDN,Nginx,OpenResty] [143d5b5b08ffe010d609d04fe6838bd1]
https://express.coinmetro.com [404] [GET] [text/html] [Pageserver 404] [openresty] [google] [Google Cloud,Google Cloud CDN,Nginx,OpenResty] [9784a3ba0fcace216ca9d5c6cf4ae858]
https://go.coinmetro.com [200] [GET] [text/html] [Crypto Trading Platform | CoinMetro.com] [cloudflare] [vhost] [cloudflare] [Cloudflare,Fourthwall:57f5d832f396dd9a2fb9cd025f968de03a1e1c5f,Google Font API,Typekit] [8dfbb4dc1303f2532b22ade96818cc37]
https://go.coinmetro.com:2083 [403] [GET] [text/html] [Attention Required! | Cloudflare] [cloudflare] [vhost] [cloudflare] [Cloudflare] [8bf318435d43ffa1a58eceb3e84555cf]
https://go.coinmetro.com:2087 [403] [GET] [text/html] [Attention Required! | Cloudflare] [cloudflare] [vhost] [cloudflare] [Cloudflare] [9cf771ad7a3ce47124a9f403f987aed7]
https://go.coinmetro.com:8443 [403] [GET] [text/html] [Attention Required! | Cloudflare] [cloudflare] [vhost] [cloudflare] [Cloudflare] [8b76b619d0d3e9b610fb83b65104583a]
https://hansecoin.coinmetro.com:2083 [403] [GET] [text/html] [Attention Required! | Cloudflare] [cloudflare] [vhost] [cloudflare] [Cloudflare] [833d6bc0315b1b4dd4078370961cc947]
https://hansecoin.coinmetro.com:2087 [403] [GET] [text/html] [Attention Required! | Cloudflare] [cloudflare] [vhost] [cloudflare] [Cloudflare] [1a7304cc1c01e6a9c043a47a1895b3d2]
https://hansecoin.coinmetro.com:2096 [403] [GET] [text/html] [Attention Required! | Cloudflare] [cloudflare] [vhost] [cloudflare] [Cloudflare] [d6b1328deffc0a1c26c7d6925567539d]
https://hansecoin.coinmetro.com [401] [GET] [text/html] [401 Authorization Required] [cloudflare] [vhost] [cloudflare] [Basic,Cloudflare] [55f69d37caed0efafa4d15970ed5f18e]
https://hansecoin.coinmetro.com:8443 [403] [GET] [text/html] [Attention Required! | Cloudflare] [cloudflare] [vhost] [cloudflare] [Cloudflare] [962fe617d8a050d40a07ee463cee2576]
https://help.coinmetro.com:2087 [403] [GET] [text/html] [Attention Required! | Cloudflare] [cloudflare] [vhost] [cloudflare] [Cloudflare] [8c8b4f7cbbccafe6b68082087cfc1cb1]
https://help.coinmetro.com [302] [GET] [text/html] [] [cloudflare] [vhost] [cloudflare] [Cloudflare] [874a09dd9199ce477492337ee352ea8c]
https://help.coinmetro.com:8443 [403] [GET] [text/html] [Attention Required! | Cloudflare] [cloudflare] [vhost] [cloudflare] [Cloudflare] [da5c665e0f8131793db516fc6cb36571]
https://invest.coinmetro.com [200] [GET] [text/html] [Coinmetro Goal] [openresty] [vhost] [google] [Google Cloud,Google Cloud CDN,Google Font API,Google Tag Manager,Nginx,OpenResty] [0f2d21fe6d14967c3803a4c545c59e89]
https://invest.coinmetro.com [200] [GET] [text/html] [Coinmetro Goal] [openresty] [vhost] [google] [Google Cloud,Google Cloud CDN,Google Font API,Google Tag Manager,Nginx,OpenResty] [b067008490a54cf57db4bfac51ceb307]
https://investment.coinmetro.com [404] [GET] [text/html] [Pageserver 404] [openresty] [google] [Google Cloud,Google Cloud CDN,Nginx,OpenResty] [143d5b5b08ffe010d609d04fe6838bd1]
https://investment.coinmetro.com [404] [GET] [text/html] [Pageserver 404] [openresty] [google] [Google Cloud,Google Cloud CDN,Nginx,OpenResty] [9784a3ba0fcace216ca9d5c6cf4ae858]
https://leaderboard.coinmetro.com [404] [GET] [text/html] [Pageserver 404] [openresty] [google] [Google Cloud,Google Cloud CDN,Nginx,OpenResty] [143d5b5b08ffe010d609d04fe6838bd1]
https://leaderboard.coinmetro.com [404] [GET] [text/html] [Pageserver 404] [openresty] [google] [Google Cloud,Google Cloud CDN,Nginx,OpenResty] [9784a3ba0fcace216ca9d5c6cf4ae858]
https://margin.coinmetro.com [404] [GET] [text/html] [Pageserver 404] [openresty] [google] [Google Cloud,Google Cloud CDN,Nginx,OpenResty] [9784a3ba0fcace216ca9d5c6cf4ae858]
https://media.coinmetro.com [200] [GET] [text/html] [CoinMetro Bucket] [cloudflare] [vhost] [cloudflare] [Amazon Web Services,Bootstrap,Cloudflare] [41af2dcde944479339f9bad5fa039dab]
https://media.coinmetro.com:2083 [403] [GET] [text/html] [Attention Required! | Cloudflare] [cloudflare] [vhost] [cloudflare] [Cloudflare] [3247723607acce17bcecb96a55688cef]
https://media.coinmetro.com:2087 [403] [GET] [text/html] [Attention Required! | Cloudflare] [cloudflare] [vhost] [cloudflare] [Cloudflare] [fbec5389b883e2766591c5c24f1966fb]
https://media.coinmetro.com:8443 [403] [GET] [text/html] [Attention Required! | Cloudflare] [cloudflare] [vhost] [cloudflare] [Cloudflare] [01e8d1db02c7a021fa2602bfed5f7de2]
https://olympics.coinmetro.com [404] [GET] [text/html] [Pageserver 404] [openresty] [google] [Google Cloud,Google Cloud CDN,Nginx,OpenResty] [143d5b5b08ffe010d609d04fe6838bd1]
https://olympics.coinmetro.com [404] [GET] [text/html] [Pageserver 404] [openresty] [google] [Google Cloud,Google Cloud CDN,Nginx,OpenResty] [9784a3ba0fcace216ca9d5c6cf4ae858]
https://open.coinmetro.com:2083 [403] [GET] [text/html] [Attention Required! | Cloudflare] [cloudflare] [vhost] [cloudflare] [Cloudflare] [27a621a9a91ee9c3b9eecd0955126485]
https://open.coinmetro.com:2087 [403] [GET] [text/html] [Attention Required! | Cloudflare] [cloudflare] [vhost] [cloudflare] [Cloudflare] [3d43a6289740adeffb4f3dc9c4242038]
https://open.coinmetro.com:2096 [403] [GET] [text/html] [Attention Required! | Cloudflare] [cloudflare] [vhost] [cloudflare] [Cloudflare] [bc220e8f216476e4b18a0d3710d9afb3]
https://open.coinmetro.com [401] [GET] [text/html] [401 Authorization Required] [cloudflare] [vhost] [cloudflare] [Basic,Cloudflare] [28c5f434e4ab2e2a682400cb005fb08b]
https://open.coinmetro.com:8443 [403] [GET] [text/html] [Attention Required! | Cloudflare] [cloudflare] [vhost] [cloudflare] [Cloudflare] [00d48b0d6a59b4bf3c6193ed82e02af8]
https://parsiq.coinmetro.com [404] [GET] [text/html] [Pageserver 404] [openresty] [google] [Google Cloud,Google Cloud CDN,Nginx,OpenResty] [143d5b5b08ffe010d609d04fe6838bd1]
https://parsiq.coinmetro.com [404] [GET] [text/html] [Pageserver 404] [openresty] [google] [Google Cloud,Google Cloud CDN,Nginx,OpenResty] [9784a3ba0fcace216ca9d5c6cf4ae858]
https://pro.coinmetro.com [200] [GET] [text/html] [Deposit and Withdraw EUR Instantly] [openresty] [vhost] [google] [Google Cloud,Google Cloud CDN,Google Font API,Google Tag Manager,Nginx,OpenResty] [0a9bb5d438697e86859f882483c6cd22]
https://rc.coinmetro.com:2083 [403] [GET] [text/html] [Attention Required! | Cloudflare] [cloudflare] [vhost] [cloudflare] [Cloudflare] [55a6b8d46c3f898d16a7c856b997f51d]
https://rc.coinmetro.com:2087 [403] [GET] [text/html] [Attention Required! | Cloudflare] [cloudflare] [vhost] [cloudflare] [Cloudflare] [1fa09a863666b6cd0185ce7ec4eccf07]
https://rc.coinmetro.com [403] [GET] [text/plain] [] [cloudflare] [vhost] [cloudflare] [Cloudflare] [4f20b85ce5ebf225720e040314a7966a]
https://rc.coinmetro.com:8443 [403] [GET] [text/html] [Attention Required! | Cloudflare] [cloudflare] [vhost] [cloudflare] [Cloudflare] [5f9582babce2e731e6f9b06dd9200b40]
https://sandbox.coinmetro.com:2083 [403] [GET] [text/html] [Attention Required! | Cloudflare] [cloudflare] [vhost] [cloudflare] [Cloudflare] [029fb80f2d60a474987b7053307414d6]
https://sandbox.coinmetro.com:2087 [403] [GET] [text/html] [Attention Required! | Cloudflare] [cloudflare] [vhost] [cloudflare] [Cloudflare] [72e764189b2a4fb9fb367869dc1a6361]
https://sandbox.coinmetro.com [401] [GET] [text/html] [401 Authorization Required] [cloudflare] [vhost] [cloudflare] [Basic,Cloudflare] [55f69d37caed0efafa4d15970ed5f18e]
https://sandbox.coinmetro.com:8443 [403] [GET] [text/html] [Attention Required! | Cloudflare] [cloudflare] [vhost] [cloudflare] [Cloudflare] [f22ce889cf7e88338c26233ca059085a]
https://securities.coinmetro.com [404] [GET] [text/html] [Pageserver 404] [openresty] [google] [Google Cloud,Google Cloud CDN,Nginx,OpenResty] [143d5b5b08ffe010d609d04fe6838bd1]
https://services.coinmetro.com:2083 [403] [GET] [text/html] [Attention Required! | Cloudflare] [cloudflare] [vhost] [cloudflare] [Cloudflare] [41608c743df455231df2ca82095f133d]
https://services.coinmetro.com:2087 [403] [GET] [text/html] [Attention Required! | Cloudflare] [cloudflare] [vhost] [cloudflare] [Cloudflare] [870c909d1d7ad7bc839629bcb605e6cc]
https://services.coinmetro.com [404] [GET] [text/html] [404 Not Found] [cloudflare] [vhost] [cloudflare] [Cloudflare] [370e16c3b7dba286cff055f93b9a94d8]
https://services.coinmetro.com:8443 [403] [GET] [text/html] [Attention Required! | Cloudflare] [cloudflare] [vhost] [cloudflare] [Cloudflare] [d5e8da02577ee015b978201aa4e411dd]
https://services-sandbox.coinmetro.com:2083 [403] [GET] [text/html] [Attention Required! | Cloudflare] [cloudflare] [vhost] [cloudflare] [Cloudflare] [231c0a83e9a4c0fef4f8e285dcfd78e3]
https://services-sandbox.coinmetro.com:2087 [403] [GET] [text/html] [Attention Required! | Cloudflare] [cloudflare] [vhost] [cloudflare] [Cloudflare] [3e789ebb7a3340f22ba09c433debe402]
https://services-sandbox.coinmetro.com [404] [GET] [text/html] [404 Not Found] [cloudflare] [vhost] [cloudflare] [Cloudflare] [370e16c3b7dba286cff055f93b9a94d8]
https://services-sandbox.coinmetro.com:8443 [403] [GET] [text/html] [Attention Required! | Cloudflare] [cloudflare] [vhost] [cloudflare] [Cloudflare] [fe0427d6857ab52d629a9ecd3de50dfe]
https://status.coinmetro.com:2083 [403] [GET] [text/html] [Attention Required! | Cloudflare] [cloudflare] [vhost] [cloudflare] [Cloudflare] [969a8419cfd5a2e7a8ecc7a60c812670]
https://status.coinmetro.com:2087 [403] [GET] [text/html] [Attention Required! | Cloudflare] [cloudflare] [vhost] [cloudflare] [Cloudflare] [c7c233b578ee183b97b304dad702230f]
https://status.coinmetro.com [302] [GET] [text/html] [] [cloudflare] [vhost] [cloudflare] [Atlassian Statuspage,Cloudflare,Fastly] [b42de38c7a879ff1fb0b1e78761b14a4]
https://status.coinmetro.com:8443 [403] [GET] [text/html] [Attention Required! | Cloudflare] [cloudflare] [vhost] [cloudflare] [Cloudflare] [4317afbdac6d4de9b3965930f8afd364]
https://summer.coinmetro.com [200] [GET] [text/html] [15 Weeks of Summer] [openresty] [vhost] [google] [Google Cloud,Google Cloud CDN,Google Font API,Nginx,OpenResty] [7f7e04af78d4d5960bf95c6d3e1fc64b]
http://status.coinmetro.com:2082 [301] [GET] [] [] [cloudflare] [cloudflare] [Cloudflare] [d41d8cd98f00b204e9800998ecf8427e]
http://status.coinmetro.com:2086 [301] [GET] [] [] [cloudflare] [cloudflare] [Cloudflare] [d41d8cd98f00b204e9800998ecf8427e]
http://status.coinmetro.com:8080 [301] [GET] [] [] [cloudflare] [cloudflare] [Cloudflare] [d41d8cd98f00b204e9800998ecf8427e]
https://trading.coinmetro.com [200] [GET] [text/html] [We're now accepting GBP deposits] [openresty] [vhost] [google] [Google Cloud,Google Cloud CDN,Google Font API,Google Tag Manager,Nginx,OpenResty] [c0edca8c38179c283557008975de04ed]
https://trading.coinmetro.com [200] [GET] [text/html] [We're now accepting GBP deposits] [openresty] [vhost] [google] [Google Cloud,Google Cloud CDN,Google Font API,Google Tag Manager,Nginx,OpenResty] [e9b42f82e3e61a5dae728e9b12029898]
https://tram.coinmetro.com [404] [GET] [text/html] [Pageserver 404] [openresty] [google] [Google Cloud,Google Cloud CDN,Nginx,OpenResty] [143d5b5b08ffe010d609d04fe6838bd1]
https://tram.coinmetro.com [404] [GET] [text/html] [Pageserver 404] [openresty] [google] [Google Cloud,Google Cloud CDN,Nginx,OpenResty] [9784a3ba0fcace216ca9d5c6cf4ae858]
https://www.coinmetro.com:2083 [403] [GET] [text/html] [Attention Required! | Cloudflare] [cloudflare] [vhost] [cloudflare] [Cloudflare] [3f75ad4d3259ffaeb2408b6df1462e31]
https://www.coinmetro.com:2087 [403] [GET] [text/html] [Attention Required! | Cloudflare] [cloudflare] [vhost] [cloudflare] [Cloudflare] [db5601c9a0d5d5a830b48868453b8d4f]
https://www.coinmetro.com:2096 [403] [GET] [text/html] [Attention Required! | Cloudflare] [cloudflare] [vhost] [cloudflare] [Cloudflare] [de0f06a397a5834bdae0b2e373c19f70]
https://www.coinmetro.com [301] [GET] [text/html] [301 Moved Permanently] [cloudflare] [vhost] [cloudflare] [Cloudflare] [4f8e702cc244ec5d4de32740c0ecbd97]
https://www.coinmetro.com:8443 [403] [GET] [text/html] [Attention Required! | Cloudflare] [cloudflare] [vhost] [cloudflare] [Cloudflare] [05cf0bb1bd1405e1dbd053a6ce481c00]
http://www.coinmetro.com:2082 [301] [GET] [] [] [cloudflare] [cloudflare] [Cloudflare] [d41d8cd98f00b204e9800998ecf8427e]
http://www.coinmetro.com:2086 [301] [GET] [] [] [cloudflare] [cloudflare] [Cloudflare] [d41d8cd98f00b204e9800998ecf8427e]
http://www.coinmetro.com:8080 [301] [GET] [] [] [cloudflare] [cloudflare] [Cloudflare] [d41d8cd98f00b204e9800998ecf8427e]
http://www.coinmetro.com:8880 [301] [GET] [] [] [cloudflare] [cloudflare] [Cloudflare] [d41d8cd98f00b204e9800998ecf8427e]
