http://arena.coinflex.com:2052 [403] [GET] [text/html] [Actions blocked] [cloudflare] [vhost] [Cloudflare,Cloudflare Bot Management,Cloudflare Network Error Logging] [153c08c58649d7e1166e6c49b6e5552d]
http://arena.coinflex.com:2082 [403] [GET] [text/html] [Actions blocked] [cloudflare] [vhost] [Cloudflare,Cloudflare Bot Management,Cloudflare Network Error Logging] [9942a42e09dcb5a9102678147db25f95]
http://arena.coinflex.com:2086 [403] [GET] [text/html] [Actions blocked] [cloudflare] [vhost] [Cloudflare,Cloudflare Bot Management,Cloudflare Network Error Logging] [1a5757794298803a1c8da2aba4c61956]
http://arena.coinflex.com:2095 [403] [GET] [text/html] [Actions blocked] [cloudflare] [vhost] [Cloudflare,Cloudflare Bot Management,Cloudflare Network Error Logging] [6d66b6e3422787640297b716113a8535]
http://arena.coinflex.com:8080 [403] [GET] [text/html] [Actions blocked] [cloudflare] [vhost] [Cloudflare,Cloudflare Bot Management,Cloudflare Network Error Logging] [4be2c6c4d884016cf897b80cd1bd7e49]
http://arena.coinflex.com:8880 [403] [GET] [text/html] [Actions blocked] [cloudflare] [vhost] [Cloudflare,Cloudflare Bot Management,Cloudflare Network Error Logging] [de3ffe412c0e0ab7fde844a331311b82]
http://careers.coinflex.com:2086 [301] [GET] [] [] [cloudflare] [cloudflare] [Cloudflare] [d41d8cd98f00b204e9800998ecf8427e]
http://careers.coinflex.com:8880 [301] [GET] [] [] [cloudflare] [cloudflare] [Cloudflare] [d41d8cd98f00b204e9800998ecf8427e]
http://coinflex.com:2086 [301] [GET] [] [] [cloudflare] [vhost] [cloudflare] [Cloudflare] [d41d8cd98f00b204e9800998ecf8427e]
http://coinflex.com:8880 [301] [GET] [] [] [cloudflare] [vhost] [cloudflare] [Cloudflare] [d41d8cd98f00b204e9800998ecf8427e]
http://docs.coinflex.com:2083 [400] [GET] [text/html] [400 The plain HTTP request was sent to HTTPS port] [cloudflare] [cloudflare] [Cloudflare] [20ad84d030031252141ca0b3fc0183f0]
http://docs.coinflex.com:2086 [301] [GET] [] [] [cloudflare] [cloudflare] [Cloudflare] [d41d8cd98f00b204e9800998ecf8427e]
http://docs.coinflex.com:2096 [400] [GET] [text/html] [400 The plain HTTP request was sent to HTTPS port] [cloudflare] [cloudflare] [Cloudflare] [20ad84d030031252141ca0b3fc0183f0]
http://docs.coinflex.com:8880 [301] [GET] [] [] [cloudflare] [cloudflare] [Cloudflare] [d41d8cd98f00b204e9800998ecf8427e]
http://options.coinflex.com:2086 [301] [GET] [] [] [cloudflare] [cloudflare] [Cloudflare] [d41d8cd98f00b204e9800998ecf8427e]
http://options.coinflex.com:8880 [301] [GET] [] [] [cloudflare] [cloudflare] [Cloudflare] [d41d8cd98f00b204e9800998ecf8427e]
http://portal.coinflex.com:2086 [301] [GET] [] [] [cloudflare] [cloudflare] [Cloudflare] [d41d8cd98f00b204e9800998ecf8427e]
http://portal.coinflex.com:8880 [301] [GET] [] [] [cloudflare] [cloudflare] [Cloudflare] [d41d8cd98f00b204e9800998ecf8427e]
http://prodmb.coinflex.com:2086 [301] [GET] [] [] [cloudflare] [cloudflare] [Cloudflare] [d41d8cd98f00b204e9800998ecf8427e]
http://prodmb.coinflex.com:8080 [301] [GET] [] [] [cloudflare] [cloudflare] [Cloudflare] [d41d8cd98f00b204e9800998ecf8427e]
http://prodmb.coinflex.com:8880 [301] [GET] [] [] [cloudflare] [cloudflare] [Cloudflare] [d41d8cd98f00b204e9800998ecf8427e]
http://risk.coinflex.com:2086 [301] [GET] [] [] [cloudflare] [cloudflare] [Cloudflare] [d41d8cd98f00b204e9800998ecf8427e]
http://risk.coinflex.com:8880 [301] [GET] [] [] [cloudflare] [cloudflare] [Cloudflare] [d41d8cd98f00b204e9800998ecf8427e]
https://arena.coinflex.com [200] [GET] [text/html] [AMM+ Arena - The League of Yield] [cloudflare] [vhost] [Cloudflare,Cloudflare Bot Management,Cloudflare Network Error Logging,Font Awesome,Google Font API,HubSpot,HubSpot CMS Hub] [da544f2251f96095e858c8354f837eff]
https://arena.coinflex.com:2053 [403] [GET] [text/html] [Actions blocked] [cloudflare] [vhost] [Cloudflare,Cloudflare Bot Management,Cloudflare Network Error Logging] [3c9ea8d5355665a3bc2d1f3c06f14d07]
https://arena.coinflex.com:2083 [403] [GET] [text/html] [Actions blocked] [cloudflare] [vhost] [Cloudflare,Cloudflare Bot Management,Cloudflare Network Error Logging] [9bd5637380c58cae7ecfc0dbf631ddb0]
https://arena.coinflex.com:2087 [403] [GET] [text/html] [Actions blocked] [cloudflare] [vhost] [Cloudflare,Cloudflare Bot Management,Cloudflare Network Error Logging] [1e2f9fa95f1ec0076472dbd258ebeebb]
https://arena.coinflex.com:2096 [403] [GET] [text/html] [Actions blocked] [cloudflare] [vhost] [Cloudflare,Cloudflare Bot Management,Cloudflare Network Error Logging] [5a20b7c7636673c5f6ae820a9d9288ea]
https://arena.coinflex.com:8443 [403] [GET] [text/html] [Actions blocked] [cloudflare] [vhost] [Cloudflare,Cloudflare Bot Management,Cloudflare Network Error Logging] [e9f7078544eddeab3a62bf81160a0c2e]
https://careers.coinflex.com:2083 [301] [GET] [] [] [cloudflare] [vhost] [cloudflare] [Cloudflare] [d41d8cd98f00b204e9800998ecf8427e]
https://careers.coinflex.com:2087 [301] [GET] [] [] [cloudflare] [vhost] [cloudflare] [Cloudflare] [d41d8cd98f00b204e9800998ecf8427e]
https://careers.coinflex.com:2096 [301] [GET] [] [] [cloudflare] [vhost] [cloudflare] [Cloudflare] [d41d8cd98f00b204e9800998ecf8427e]
https://careers.coinflex.com [301] [GET] [] [] [cloudflare] [vhost] [cloudflare] [Cloudflare] [d41d8cd98f00b204e9800998ecf8427e]
https://careers.coinflex.com [403] [GET] [text/plain] [] [cloudflare] [vhost] [cloudflare] [Cloudflare] [4f20b85ce5ebf225720e040314a7966a]
https://careers.coinflex.com:8443 [301] [GET] [] [] [cloudflare] [vhost] [cloudflare] [Cloudflare] [d41d8cd98f00b204e9800998ecf8427e]
https://cdnm.coinflex.com [403] [GET] [application/xml] [] [AmazonS3] [vhost] [cloudfront] [Amazon Cloudfront,Amazon S3,Amazon Web Services] [3c45a43443cdfa8ece45ef9534491e13]
https://cdnm.coinflex.com [403] [GET] [application/xml] [] [AmazonS3] [vhost] [cloudfront] [Amazon Cloudfront,Amazon S3,Amazon Web Services] [b935bfb508ab7e46e03ed2a5d6836c7d]
https://coinflex.com:2083 [521] [GET] [] [] [cloudflare] [vhost] [cloudflare] [Cloudflare] [d41d8cd98f00b204e9800998ecf8427e]
https://coinflex.com:2087 [521] [GET] [] [] [cloudflare] [vhost] [cloudflare] [Cloudflare] [d41d8cd98f00b204e9800998ecf8427e]
https://coinflex.com:2096 [521] [GET] [] [] [cloudflare] [vhost] [cloudflare] [Cloudflare] [d41d8cd98f00b204e9800998ecf8427e]
https://coinflex.com [302] [GET] [text/html] [] [cloudflare] [vhost] [cloudflare] [Cloudflare] [c4ca4238a0b923820dcc509a6f75849b]
https://coinflex.com:8443 [521] [GET] [] [] [cloudflare] [vhost] [cloudflare] [Cloudflare] [d41d8cd98f00b204e9800998ecf8427e]
https://docs.coinflex.com [200] [GET] [text/html] [API Reference] [cloudflare] [vhost] [cloudflare] [Cloudflare,Fastly,GitHub Pages,Varnish] [08929b8f27489588afe05c2b3307898d]
https://docs.coinflex.com [200] [GET] [text/html] [API Reference] [cloudflare] [vhost] [cloudflare] [Cloudflare,Fastly,GitHub Pages,Varnish] [de0d5a8aafaa6abc3c0deed04db179d5]
https://docs.coinflex.com:8443 [403] [GET] [text/html] [Attention Required! | Cloudflare] [cloudflare] [vhost] [cloudflare] [Cloudflare] [f2946e375cce6dd2923d1cbc9eeadc50]
http://shop.coinflex.com:2083 [400] [GET] [text/html] [400 The plain HTTP request was sent to HTTPS port] [cloudflare] [cloudflare] [Cloudflare] [cd58783500d7fa3c58f88eb0ba22f4f8]
http://shop.coinflex.com:2086 [301] [GET] [] [] [cloudflare] [cloudflare] [Cloudflare] [d41d8cd98f00b204e9800998ecf8427e]
http://shop.coinflex.com:2087 [400] [GET] [text/html] [400 The plain HTTP request was sent to HTTPS port] [cloudflare] [cloudflare] [Cloudflare] [20ad84d030031252141ca0b3fc0183f0]
http://shop.coinflex.com:8080 [301] [GET] [] [] [cloudflare] [cloudflare] [Cloudflare] [d41d8cd98f00b204e9800998ecf8427e]
http://shop.coinflex.com:8443 [400] [GET] [text/html] [400 The plain HTTP request was sent to HTTPS port] [cloudflare] [cloudflare] [Cloudflare] [cd58783500d7fa3c58f88eb0ba22f4f8]
http://shop.coinflex.com:8880 [301] [GET] [] [] [cloudflare] [cloudflare] [Cloudflare] [d41d8cd98f00b204e9800998ecf8427e]
https://livechat.coinflex.com [200] [GET] [text/html] [CoinFLEX Live Chat] [nginx] [vhost] [Meteor,MongoDB,Nginx,Node.js] [5b54a9a21ccba9325741f6635b63cae7]
https://options.coinflex.com:2083 [301] [GET] [] [] [cloudflare] [vhost] [cloudflare] [Cloudflare] [d41d8cd98f00b204e9800998ecf8427e]
https://options.coinflex.com:2087 [301] [GET] [] [] [cloudflare] [vhost] [cloudflare] [Cloudflare] [d41d8cd98f00b204e9800998ecf8427e]
https://options.coinflex.com:2096 [301] [GET] [] [] [cloudflare] [vhost] [cloudflare] [Cloudflare] [d41d8cd98f00b204e9800998ecf8427e]
https://options.coinflex.com [301] [GET] [] [] [cloudflare] [vhost] [cloudflare] [Cloudflare] [d41d8cd98f00b204e9800998ecf8427e]
https://options.coinflex.com:8443 [301] [GET] [] [] [cloudflare] [vhost] [cloudflare] [Cloudflare] [d41d8cd98f00b204e9800998ecf8427e]
https://portal.coinflex.com:2083 [403] [GET] [text/plain] [] [cloudflare] [vhost] [cloudflare] [Cloudflare] [7b5ea53ba332630e5aca8e4abb807f70]
https://portal.coinflex.com:2087 [301] [GET] [] [] [cloudflare] [vhost] [cloudflare] [Cloudflare] [d41d8cd98f00b204e9800998ecf8427e]
https://portal.coinflex.com:2096 [301] [GET] [] [] [cloudflare] [vhost] [cloudflare] [Cloudflare] [d41d8cd98f00b204e9800998ecf8427e]
https://portal.coinflex.com [301] [GET] [] [] [cloudflare] [vhost] [cloudflare] [Cloudflare] [d41d8cd98f00b204e9800998ecf8427e]
https://portal.coinflex.com:8443 [301] [GET] [] [] [cloudflare] [vhost] [cloudflare] [Cloudflare] [d41d8cd98f00b204e9800998ecf8427e]
https://prodmb.coinflex.com:2083 [302] [GET] [] [] [cloudflare] [vhost] [cloudflare] [Cloudflare] [d41d8cd98f00b204e9800998ecf8427e]
https://prodmb.coinflex.com:2087 [302] [GET] [] [] [cloudflare] [vhost] [cloudflare] [Cloudflare] [d41d8cd98f00b204e9800998ecf8427e]
https://prodmb.coinflex.com [302] [GET] [] [] [cloudflare] [vhost] [cloudflare] [Cloudflare] [d41d8cd98f00b204e9800998ecf8427e]
https://prodmb.coinflex.com:8443 [302] [GET] [] [] [cloudflare] [vhost] [cloudflare] [Cloudflare] [d41d8cd98f00b204e9800998ecf8427e]
https://risk.coinflex.com:2083 [302] [GET] [] [] [cloudflare] [vhost] [cloudflare] [Cloudflare] [d41d8cd98f00b204e9800998ecf8427e]
https://risk.coinflex.com:2087 [302] [GET] [] [] [cloudflare] [vhost] [cloudflare] [Cloudflare] [d41d8cd98f00b204e9800998ecf8427e]
https://risk.coinflex.com:2096 [302] [GET] [] [] [cloudflare] [vhost] [cloudflare] [Cloudflare] [d41d8cd98f00b204e9800998ecf8427e]
https://risk.coinflex.com [302] [GET] [] [] [cloudflare] [vhost] [cloudflare] [Cloudflare] [d41d8cd98f00b204e9800998ecf8427e]
https://risk.coinflex.com:8443 [302] [GET] [] [] [cloudflare] [vhost] [cloudflare] [Cloudflare] [d41d8cd98f00b204e9800998ecf8427e]
https://shop.coinflex.com [200] [GET] [text/html] [] [cloudflare] [vhost] [cloudflare] [Cloudflare,Google Font API,Netlify] [08674cc98cc77112ec75ed118c8a0b2b]
https://shop.coinflex.com [200] [GET] [text/html] [] [cloudflare] [vhost] [cloudflare] [Cloudflare,Google Font API,Netlify] [207c8d53694d51b7e39081375882ed5b]
https://v2api.coinflex.com:2087 [403] [GET] [text/plain] [] [cloudflare] [vhost] [cloudflare] [Cloudflare] [7b5ea53ba332630e5aca8e4abb807f70]
https://v2api.coinflex.com [404] [GET] [application/json] [] [cloudflare] [vhost] [cloudflare] [Cloudflare] [07a224f8d6ece6944d9e0d644a7ff0b1]
https://v2api.coinflex.com [404] [GET] [application/json] [] [cloudflare] [vhost] [cloudflare] [Cloudflare] [8c073e54c694b6596f64efe8a3e29adb]
https://v2build.coinflex.com:2083 [302] [GET] [] [] [cloudflare] [vhost] [cloudflare] [Cloudflare] [d41d8cd98f00b204e9800998ecf8427e]
https://v2build.coinflex.com:2087 [302] [GET] [] [] [cloudflare] [vhost] [cloudflare] [Cloudflare] [d41d8cd98f00b204e9800998ecf8427e]
https://v2build.coinflex.com [302] [GET] [] [] [cloudflare] [vhost] [cloudflare] [Cloudflare] [d41d8cd98f00b204e9800998ecf8427e]
https://v2build.coinflex.com:8443 [302] [GET] [] [] [cloudflare] [vhost] [cloudflare] [Cloudflare] [d41d8cd98f00b204e9800998ecf8427e]
https://v2cfa.coinflex.com:2083 [302] [GET] [] [] [cloudflare] [vhost] [cloudflare] [Cloudflare] [d41d8cd98f00b204e9800998ecf8427e]
https://v2cfa.coinflex.com:2087 [302] [GET] [] [] [cloudflare] [vhost] [cloudflare] [Cloudflare] [d41d8cd98f00b204e9800998ecf8427e]
https://v2cfa.coinflex.com:2096 [302] [GET] [] [] [cloudflare] [vhost] [cloudflare] [Cloudflare] [d41d8cd98f00b204e9800998ecf8427e]
https://v2cfa.coinflex.com [302] [GET] [] [] [cloudflare] [vhost] [cloudflare] [Cloudflare] [d41d8cd98f00b204e9800998ecf8427e]
https://v2cfa.coinflex.com:8443 [302] [GET] [] [] [cloudflare] [vhost] [cloudflare] [Cloudflare] [d41d8cd98f00b204e9800998ecf8427e]
https://v2metrics.coinflex.com:2083 [302] [GET] [] [] [cloudflare] [vhost] [cloudflare] [Cloudflare] [d41d8cd98f00b204e9800998ecf8427e]
https://v2metrics.coinflex.com:2087 [302] [GET] [] [] [cloudflare] [vhost] [cloudflare] [Cloudflare] [d41d8cd98f00b204e9800998ecf8427e]
https://v2metrics.coinflex.com:2096 [302] [GET] [] [] [cloudflare] [vhost] [cloudflare] [Cloudflare] [d41d8cd98f00b204e9800998ecf8427e]
https://v2metrics.coinflex.com [302] [GET] [] [] [cloudflare] [vhost] [cloudflare] [Cloudflare] [d41d8cd98f00b204e9800998ecf8427e]
https://v2metrics.coinflex.com:8443 [302] [GET] [] [] [cloudflare] [vhost] [cloudflare] [Cloudflare] [d41d8cd98f00b204e9800998ecf8427e]
https://v2ppapi.coinflex.com:2083 [521] [GET] [] [] [cloudflare] [vhost] [cloudflare] [Cloudflare] [d41d8cd98f00b204e9800998ecf8427e]
https://v2ppapi.coinflex.com:2087 [521] [GET] [] [] [cloudflare] [vhost] [cloudflare] [Cloudflare] [d41d8cd98f00b204e9800998ecf8427e]
https://v2ppapi.coinflex.com:2096 [521] [GET] [] [] [cloudflare] [vhost] [cloudflare] [Cloudflare] [d41d8cd98f00b204e9800998ecf8427e]
https://v2ppapi.coinflex.com [404] [GET] [application/json] [] [cloudflare] [vhost] [cloudflare] [Cloudflare] [3b7c27e5a023d4dcbf86b0dfa684e4e3]
https://v2ppapi.coinflex.com [404] [GET] [application/json] [] [cloudflare] [vhost] [cloudflare] [Cloudflare] [8adcc581b00d0f901a61f68fef2f9018]
https://v2ppapi.coinflex.com:8443 [521] [GET] [] [] [cloudflare] [vhost] [cloudflare] [Cloudflare] [d41d8cd98f00b204e9800998ecf8427e]
https://v2pp.coinflex.com:2083 [302] [GET] [] [] [cloudflare] [vhost] [cloudflare] [Cloudflare] [d41d8cd98f00b204e9800998ecf8427e]
https://v2pp.coinflex.com:2087 [403] [GET] [text/plain] [] [cloudflare] [vhost] [cloudflare] [Cloudflare] [7b5ea53ba332630e5aca8e4abb807f70]
https://v2pp.coinflex.com:2096 [302] [GET] [] [] [cloudflare] [vhost] [cloudflare] [Cloudflare] [d41d8cd98f00b204e9800998ecf8427e]
https://v2pp.coinflex.com [302] [GET] [] [] [cloudflare] [vhost] [cloudflare] [Cloudflare] [d41d8cd98f00b204e9800998ecf8427e]
https://v2pp.coinflex.com:8443 [302] [GET] [] [] [cloudflare] [vhost] [cloudflare] [Cloudflare] [d41d8cd98f00b204e9800998ecf8427e]
https://v2stgapi.coinflex.com [404] [GET] [application/json] [] [cloudflare] [vhost] [cloudflare] [Cloudflare] [60f2aaa4e04ffcb528ec4d54c713907d]
https://v2stgapi.coinflex.com [404] [GET] [application/json] [] [cloudflare] [vhost] [cloudflare] [Cloudflare] [e8422c29f45259510cc59a22da35ba41]
https://v2stgcfa.coinflex.com:2083 [302] [GET] [] [] [cloudflare] [vhost] [cloudflare] [Cloudflare] [d41d8cd98f00b204e9800998ecf8427e]
https://v2stgcfa.coinflex.com:2087 [302] [GET] [] [] [cloudflare] [vhost] [cloudflare] [Cloudflare] [d41d8cd98f00b204e9800998ecf8427e]
https://v2stgcfa.coinflex.com:2096 [302] [GET] [] [] [cloudflare] [vhost] [cloudflare] [Cloudflare] [d41d8cd98f00b204e9800998ecf8427e]
https://v2stgcfa.coinflex.com [302] [GET] [] [] [cloudflare] [vhost] [cloudflare] [Cloudflare] [d41d8cd98f00b204e9800998ecf8427e]
https://v2stgcfa.coinflex.com [403] [GET] [text/plain] [] [cloudflare] [vhost] [cloudflare] [Cloudflare] [7b5ea53ba332630e5aca8e4abb807f70]
https://v2stgcfa.coinflex.com:8443 [302] [GET] [] [] [cloudflare] [vhost] [cloudflare] [Cloudflare] [d41d8cd98f00b204e9800998ecf8427e]
https://v2stg.coinflex.com:2083 [521] [GET] [] [] [cloudflare] [vhost] [cloudflare] [Cloudflare] [d41d8cd98f00b204e9800998ecf8427e]
https://v2stg.coinflex.com:2087 [521] [GET] [] [] [cloudflare] [vhost] [cloudflare] [Cloudflare] [d41d8cd98f00b204e9800998ecf8427e]
https://v2stg.coinflex.com [302] [GET] [text/html] [] [cloudflare] [vhost] [cloudflare] [Amazon S3,Amazon Web Services,Cloudflare] [c4ca4238a0b923820dcc509a6f75849b]
https://v2stg.coinflex.com:8443 [521] [GET] [] [] [cloudflare] [vhost] [cloudflare] [Cloudflare] [d41d8cd98f00b204e9800998ecf8427e]
https://www.coinflex.com:2083 [301] [GET] [] [] [cloudflare] [vhost] [cloudflare] [Cloudflare] [d41d8cd98f00b204e9800998ecf8427e]
https://www.coinflex.com:2087 [403] [GET] [text/plain] [] [cloudflare] [vhost] [cloudflare] [Cloudflare] [7b5ea53ba332630e5aca8e4abb807f70]
https://www.coinflex.com:2096 [301] [GET] [] [] [cloudflare] [vhost] [cloudflare] [Cloudflare] [d41d8cd98f00b204e9800998ecf8427e]
https://www.coinflex.com [301] [GET] [] [] [cloudflare] [vhost] [cloudflare] [Cloudflare] [d41d8cd98f00b204e9800998ecf8427e]
https://www.coinflex.com:8443 [403] [GET] [text/plain] [] [cloudflare] [vhost] [cloudflare] [Cloudflare] [7b5ea53ba332630e5aca8e4abb807f70]
http://v2api.coinflex.com:2083 [400] [GET] [text/html] [400 The plain HTTP request was sent to HTTPS port] [cloudflare] [cloudflare] [Cloudflare] [cd58783500d7fa3c58f88eb0ba22f4f8]
http://v2api.coinflex.com:2086 [301] [GET] [] [] [cloudflare] [cloudflare] [Cloudflare] [d41d8cd98f00b204e9800998ecf8427e]
http://v2api.coinflex.com:8080 [301] [GET] [] [] [cloudflare] [cloudflare] [Cloudflare] [d41d8cd98f00b204e9800998ecf8427e]
http://v2api.coinflex.com:8443 [400] [GET] [text/html] [400 The plain HTTP request was sent to HTTPS port] [cloudflare] [cloudflare] [Cloudflare] [cd58783500d7fa3c58f88eb0ba22f4f8]
http://v2api.coinflex.com:8880 [301] [GET] [] [] [cloudflare] [cloudflare] [Cloudflare] [d41d8cd98f00b204e9800998ecf8427e]
http://v2build.coinflex.com:2086 [301] [GET] [] [] [cloudflare] [cloudflare] [Cloudflare] [d41d8cd98f00b204e9800998ecf8427e]
http://v2build.coinflex.com:8080 [301] [GET] [] [] [cloudflare] [cloudflare] [Cloudflare] [d41d8cd98f00b204e9800998ecf8427e]
http://v2build.coinflex.com:8880 [301] [GET] [] [] [cloudflare] [cloudflare] [Cloudflare] [d41d8cd98f00b204e9800998ecf8427e]
http://v2cfa.coinflex.com:2086 [301] [GET] [] [] [cloudflare] [cloudflare] [Cloudflare] [d41d8cd98f00b204e9800998ecf8427e]
http://v2cfa.coinflex.com:8880 [301] [GET] [] [] [cloudflare] [cloudflare] [Cloudflare] [d41d8cd98f00b204e9800998ecf8427e]
http://v2metrics.coinflex.com:2086 [301] [GET] [] [] [cloudflare] [cloudflare] [Cloudflare] [d41d8cd98f00b204e9800998ecf8427e]
http://v2metrics.coinflex.com:8880 [301] [GET] [] [] [cloudflare] [cloudflare] [Cloudflare] [d41d8cd98f00b204e9800998ecf8427e]
http://v2ppapi.coinflex.com:2086 [301] [GET] [] [] [cloudflare] [cloudflare] [Cloudflare] [d41d8cd98f00b204e9800998ecf8427e]
http://v2ppapi.coinflex.com:8880 [301] [GET] [] [] [cloudflare] [cloudflare] [Cloudflare] [d41d8cd98f00b204e9800998ecf8427e]
http://v2pp.coinflex.com:2086 [403] [GET] [text/plain] [] [cloudflare] [cloudflare] [Cloudflare] [7b5ea53ba332630e5aca8e4abb807f70]
http://v2pp.coinflex.com:8880 [301] [GET] [] [] [cloudflare] [cloudflare] [Cloudflare] [d41d8cd98f00b204e9800998ecf8427e]
http://v2stgapi.coinflex.com:2083 [400] [GET] [text/html] [400 The plain HTTP request was sent to HTTPS port] [cloudflare] [cloudflare] [Cloudflare] [20ad84d030031252141ca0b3fc0183f0]
http://v2stgapi.coinflex.com:2086 [301] [GET] [] [] [cloudflare] [cloudflare] [Cloudflare] [d41d8cd98f00b204e9800998ecf8427e]
http://v2stgapi.coinflex.com:2087 [400] [GET] [text/html] [400 The plain HTTP request was sent to HTTPS port] [cloudflare] [cloudflare] [Cloudflare] [cd58783500d7fa3c58f88eb0ba22f4f8]
http://v2stgapi.coinflex.com:8080 [301] [GET] [] [] [cloudflare] [cloudflare] [Cloudflare] [d41d8cd98f00b204e9800998ecf8427e]
http://v2stgapi.coinflex.com:8443 [400] [GET] [text/html] [400 The plain HTTP request was sent to HTTPS port] [cloudflare] [cloudflare] [Cloudflare] [cd58783500d7fa3c58f88eb0ba22f4f8]
http://v2stgapi.coinflex.com:8880 [301] [GET] [] [] [cloudflare] [cloudflare] [Cloudflare] [d41d8cd98f00b204e9800998ecf8427e]
http://v2stgcfa.coinflex.com:2086 [301] [GET] [] [] [cloudflare] [cloudflare] [Cloudflare] [d41d8cd98f00b204e9800998ecf8427e]
http://v2stgcfa.coinflex.com:8880 [301] [GET] [] [] [cloudflare] [cloudflare] [Cloudflare] [d41d8cd98f00b204e9800998ecf8427e]
http://v2stg.coinflex.com:2086 [301] [GET] [] [] [cloudflare] [cloudflare] [Cloudflare] [d41d8cd98f00b204e9800998ecf8427e]
http://v2stg.coinflex.com:8080 [301] [GET] [] [] [cloudflare] [cloudflare] [Cloudflare] [d41d8cd98f00b204e9800998ecf8427e]
http://v2stg.coinflex.com:8880 [301] [GET] [] [] [cloudflare] [cloudflare] [Cloudflare] [d41d8cd98f00b204e9800998ecf8427e]
http://www.coinflex.com:2086 [301] [GET] [] [] [cloudflare] [cloudflare] [Cloudflare] [d41d8cd98f00b204e9800998ecf8427e]
http://www.coinflex.com:8880 [301] [GET] [] [] [cloudflare] [cloudflare] [Cloudflare] [d41d8cd98f00b204e9800998ecf8427e]
