http://autodiscover.service.dailymotion.com [301] [GET] [] [] [Microsoft-IIS/10.0] [vhost] [IIS,Microsoft ASP.NET,Windows Server] [d41d8cd98f00b204e9800998ecf8427e]
http://cast-dev.dailymotion.com [404] [GET] [text/html] [Error 404 (Not Found)!!1] [ghs] [b81150861bf911f947660cf73bce77f6]
http://cdn-feed-dc3.vip.dailymotion.com:8008 [404] [GET] [] [] [lumberjack/2.5.0] [d41d8cd98f00b204e9800998ecf8427e]
http://cdn-feed-dc3.vip.dailymotion.com:8009 [404] [GET] [] [] [lumberjack/2.5.0] [d41d8cd98f00b204e9800998ecf8427e]
http://cdn-feed-ix7.vip.dailymotion.com:8008 [404] [GET] [] [] [lumberjack/2.5.0] [d41d8cd98f00b204e9800998ecf8427e]
http://cdn-feed-ix7.vip.dailymotion.com:8009 [404] [GET] [] [] [lumberjack/2.5.0] [d41d8cd98f00b204e9800998ecf8427e]
http://cdn-feed.vip.dailymotion.com:8008 [404] [GET] [] [] [lumberjack/2.5.0] [d41d8cd98f00b204e9800998ecf8427e]
http://cdn-feed.vip.dailymotion.com:8009 [404] [GET] [] [] [lumberjack/2.5.0] [d41d8cd98f00b204e9800998ecf8427e]
http://cdnlb-01.dc3.dailymotion.com:8008 [404] [GET] [] [] [lumberjack/2.5.0] [d41d8cd98f00b204e9800998ecf8427e]
http://cdnlb-01.dc3.dailymotion.com:8009 [404] [GET] [] [] [lumberjack/2.5.0] [d41d8cd98f00b204e9800998ecf8427e]
http://cdnlb-01.ix7.dailymotion.com:8008 [404] [GET] [] [] [lumberjack/2.5.0] [d41d8cd98f00b204e9800998ecf8427e]
http://cdnlb-01.ix7.dailymotion.com:8009 [404] [GET] [] [] [lumberjack/2.5.0] [d41d8cd98f00b204e9800998ecf8427e]
http://cdnlb-02.ix7.dailymotion.com:8008 [404] [GET] [] [] [lumberjack/2.5.0] [d41d8cd98f00b204e9800998ecf8427e]
http://cdnlb-03.dc3.dailymotion.com:8008 [404] [GET] [] [] [lumberjack/2.5.0] [d41d8cd98f00b204e9800998ecf8427e]
http://cdnlb-03.dc3.dailymotion.com:8009 [404] [GET] [] [] [lumberjack/2.5.0] [d41d8cd98f00b204e9800998ecf8427e]
http://corpsvc.dailymotion.com [301] [GET] [text/html] [] [] [d41d8cd98f00b204e9800998ecf8427e]
http://graphql-new.api.dailymotion.com:8080 [404] [GET] [text/html] [404 Not Found] [] [2e9281cb1598565605593d28a5efa3bb]
http://graphql-new.gcp.dailymotion.com:8080 [404] [GET] [text/html] [404 Not Found] [] [2e9281cb1598565605593d28a5efa3bb]
http://hub.api.dailymotion.com [404] [GET] [text/html] [404 Not Found] [] [2e9281cb1598565605593d28a5efa3bb]
http://hub.api.dailymotion.com:8080 [404] [GET] [text/html] [404 Not Found] [] [2e9281cb1598565605593d28a5efa3bb]
http://hub.gcp.dailymotion.com [404] [GET] [text/html] [404 Not Found] [] [2e9281cb1598565605593d28a5efa3bb]
http://hub.gcp.dailymotion.com:8080 [404] [GET] [text/html] [404 Not Found] [] [2e9281cb1598565605593d28a5efa3bb]
http://player.api-aws.dailymotion.com:8080 [404] [GET] [text/html] [404 Not Found] [] [2e9281cb1598565605593d28a5efa3bb]
http://prometheus-prod-ae1.gcp.dailymotion.com:8080 [404] [GET] [text/html] [404 Not Found] [] [2e9281cb1598565605593d28a5efa3bb]
http://recommender-minio-ew1.gcp.dailymotion.com [404] [GET] [text/html] [404 Not Found] [] [2e9281cb1598565605593d28a5efa3bb]
http://recommender-minio-ew1.gcp.dailymotion.com:8080 [404] [GET] [text/html] [404 Not Found] [] [2e9281cb1598565605593d28a5efa3bb]
http://recommender-minio-staging-ew1.gcp.dailymotion.com:8080 [404] [GET] [text/html] [404 Not Found] [] [2e9281cb1598565605593d28a5efa3bb]
https://ablink.partner.dailymotion.com [404] [GET] [text/html] [404 Not Found] [nginx] [vhost] [Nginx] [8e325dc2fea7c8900fc6c4b8c6c394fe]
https://adtester.dailymotion.com [200] [GET] [text/html] [Ad Tester] [] [vhost] [Express,Node.js] [e99e73e52398738b3a20b5a5c37948d2]
https://airflow.data-kub.dev.gcp.dailymotion.com [403] [GET] [text/html] [403 Forbidden] [nginx/1.17.7] [vhost] [Nginx] [85c9c73c336fabcaad3f2e48e73faa3f]
https://am-01.dc3.dailymotion.com:4443 [200] [GET] [] [] [] [2453bd3a5dd74a3140056e1ca4057591]
https://am-02.dc3.dailymotion.com:4443 [200] [GET] [] [] [] [69211a574ac71827caac0d1ac09ec435]
https://api.dailymotion.com [200] [GET] [application/json] [] [DMS/1.0.42] [vhost] [64bf87a8d6346b30d82eb0cd8b20d13f]
https://api-ix7.dailymotion.com [200] [GET] [application/json] [] [DMS/1.0.42] [vhost] [64bf87a8d6346b30d82eb0cd8b20d13f]
https://api-stage-01.dailymotion.com [403] [GET] [text/plain] [] [] [beb3b7c6e66be6efdcf9634347d74f9b]
https://api.stage-01.dailymotion.com [403] [GET] [text/plain] [] [] [beb3b7c6e66be6efdcf9634347d74f9b]
https://api-stage-05.dailymotion.com [403] [GET] [text/plain] [] [] [beb3b7c6e66be6efdcf9634347d74f9b]
https://api.stage-05.dailymotion.com [403] [GET] [text/plain] [] [] [beb3b7c6e66be6efdcf9634347d74f9b]
https://api.stage-09.dailymotion.com [403] [GET] [text/plain] [] [] [beb3b7c6e66be6efdcf9634347d74f9b]
https://api-stage-10.dailymotion.com [403] [GET] [text/plain] [] [] [beb3b7c6e66be6efdcf9634347d74f9b]
https://api.stage-13.dailymotion.com [403] [GET] [text/plain] [] [] [beb3b7c6e66be6efdcf9634347d74f9b]
https://api-stage-14.dailymotion.com [403] [GET] [text/plain] [] [] [beb3b7c6e66be6efdcf9634347d74f9b]
https://api.stage-17.dailymotion.com [403] [GET] [text/plain] [] [] [beb3b7c6e66be6efdcf9634347d74f9b]
https://api-stage-18.dailymotion.com [403] [GET] [text/plain] [] [] [beb3b7c6e66be6efdcf9634347d74f9b]
https://api.stage-21.dailymotion.com [403] [GET] [text/plain] [] [] [beb3b7c6e66be6efdcf9634347d74f9b]
https://api-stage-22.dailymotion.com [403] [GET] [text/plain] [] [] [beb3b7c6e66be6efdcf9634347d74f9b]
https://api.stage-25.dailymotion.com [403] [GET] [text/plain] [] [] [beb3b7c6e66be6efdcf9634347d74f9b]
https://api-stage-26.dailymotion.com [403] [GET] [text/plain] [] [] [beb3b7c6e66be6efdcf9634347d74f9b]
https://api.stage-29.dailymotion.com [403] [GET] [text/plain] [] [] [beb3b7c6e66be6efdcf9634347d74f9b]
https://api-stage-30.dailymotion.com [403] [GET] [text/plain] [] [] [beb3b7c6e66be6efdcf9634347d74f9b]
https://api.stage-33.dailymotion.com [403] [GET] [text/plain] [] [] [beb3b7c6e66be6efdcf9634347d74f9b]
https://api-stage-34.dailymotion.com [403] [GET] [text/plain] [] [] [beb3b7c6e66be6efdcf9634347d74f9b]
https://api.stage-37.dailymotion.com [403] [GET] [text/plain] [] [] [beb3b7c6e66be6efdcf9634347d74f9b]
https://api-stage-38.dailymotion.com [403] [GET] [text/plain] [] [] [beb3b7c6e66be6efdcf9634347d74f9b]
https://api.stage-41.dailymotion.com [403] [GET] [text/plain] [] [] [beb3b7c6e66be6efdcf9634347d74f9b]
https://api-stage-42.dailymotion.com [403] [GET] [text/plain] [] [] [beb3b7c6e66be6efdcf9634347d74f9b]
https://api.stage-45.dailymotion.com [403] [GET] [text/plain] [] [] [beb3b7c6e66be6efdcf9634347d74f9b]
https://api-stage-46.dailymotion.com [403] [GET] [text/plain] [] [] [beb3b7c6e66be6efdcf9634347d74f9b]
https://api.stage-49.dailymotion.com [403] [GET] [text/plain] [] [] [beb3b7c6e66be6efdcf9634347d74f9b]
https://api-stage-50.dailymotion.com [403] [GET] [text/plain] [] [] [beb3b7c6e66be6efdcf9634347d74f9b]
https://api.stage-53.dailymotion.com [403] [GET] [text/plain] [] [] [beb3b7c6e66be6efdcf9634347d74f9b]
https://api-stage-54.dailymotion.com [403] [GET] [text/plain] [] [] [beb3b7c6e66be6efdcf9634347d74f9b]
https://api.stage-57.dailymotion.com [403] [GET] [text/plain] [] [] [beb3b7c6e66be6efdcf9634347d74f9b]
https://api-stage-58.dailymotion.com [403] [GET] [text/plain] [] [] [beb3b7c6e66be6efdcf9634347d74f9b]
https://api.stage-61.dailymotion.com [403] [GET] [text/plain] [] [] [beb3b7c6e66be6efdcf9634347d74f9b]
https://api-stage-62.dailymotion.com [403] [GET] [text/plain] [] [] [beb3b7c6e66be6efdcf9634347d74f9b]
https://api.stage-65.dailymotion.com [403] [GET] [text/plain] [] [] [beb3b7c6e66be6efdcf9634347d74f9b]
https://api-stage-66.dailymotion.com [403] [GET] [text/plain] [] [] [beb3b7c6e66be6efdcf9634347d74f9b]
https://api.stage-69.dailymotion.com [403] [GET] [text/plain] [] [] [beb3b7c6e66be6efdcf9634347d74f9b]
https://api-stage-70.dailymotion.com [403] [GET] [text/plain] [] [] [beb3b7c6e66be6efdcf9634347d74f9b]
https://available-vip-zxtm-136.dailymotion.com [200] [GET] [text/html] [Dailymotion - the home for videos that matter] [DMS/1.0.42] [vhost] [9ce4d020ae5dae1218393d27a006bb6b]
https://available-vip-zxtm-166.dailymotion.com [200] [GET] [text/html] [Apache2 Ubuntu Default Page: It works] [Apache/2.4.18 (Ubuntu)] [Apache,Ubuntu] [9ad421244b28db9cb4a6857edd297ef5]
https://available-vip-zxtm-180.dailymotion.com [500] [GET] [text/html] [] [] [a217968b178de941600f43ada08ec2a9]
https://bahamazingexperiences.ondailymotion.com [200] [GET] [text/html] [Bahamazing Experiences] [Apache] [vhost] [Apache,PHP] [850d6bce7357d9454bc50a782ee6cf15]
https://business.dailymotion.com [302] [GET] [text/html] [302 Found] [] [vhost] [cb48cbb48abe2b1c771020056f7ca0d9]
https://cdn-feed-ix7.vip.dailymotion.com [404] [GET] [] [] [lumberjack/2.5.0] [d41d8cd98f00b204e9800998ecf8427e]
https://cdnlb-01.ix7.dailymotion.com [404] [GET] [] [] [lumberjack/2.5.0] [d41d8cd98f00b204e9800998ecf8427e]
https://crproxy.dailymotion.com [503] [GET] [text/html] [] [] [92e0b13745feab64d7ccfd5e71ff02d1]
https://dailymotion.com [301] [GET] [text/html] [] [DMS/1.0.42] [vhost] [d41d8cd98f00b204e9800998ecf8427e]
https://data-analysts-tools.data-kub.dev.gcp.dailymotion.com [403] [GET] [text/html] [403 Forbidden] [nginx/1.17.7] [vhost] [Nginx] [85c9c73c336fabcaad3f2e48e73faa3f]
https://data-analytics-ssl.data-kub.stage.gcp.dailymotion.com [400] [GET] [text/html] [400 No required SSL certificate was sent] [nginx/1.17.10] [vhost] [google] [Nginx] [dcd78788ce4d7b5f04736e3e3ef5acf5]
https://data-iab-interface.data-kub.gcp.dailymotion.com [403] [GET] [text/html] [403 Forbidden] [nginx/1.17.7] [vhost] [Nginx] [85c9c73c336fabcaad3f2e48e73faa3f]
https://data-mlflow.data-kub.dev.gcp.dailymotion.com [403] [GET] [text/html] [403 Forbidden] [] [vhost] [google] [9fe3cb2b7313dc79bb477bc8fde184a7]
https://daysoff.dailymotion.com [301] [GET] [] [] [] [vhost] [d41d8cd98f00b204e9800998ecf8427e]
https://developer.dailymotion.com [301] [GET] [text/html] [301 Moved Permanently] [] [vhost] [071fd8ecafea25912fcd3ac36da047f8]
https://developers.dailymotion.com [200] [GET] [text/html] [Dailymotion for Developers – Build great video applications] [] [vhost] [Google Cloud,Google Cloud Storage,Google Tag Manager,MySQL,PHP,WordPress] [e84ab064138be1a9835cbf9c8ece941c]
https://developer.stage-03.dailymotion.com [401] [GET] [text/html] [] [] [Basic] [d41d8cd98f00b204e9800998ecf8427e]
https://developer.stage-07.dailymotion.com [401] [GET] [text/html] [] [] [Basic] [d41d8cd98f00b204e9800998ecf8427e]
https://developer.stage-11.dailymotion.com [401] [GET] [text/html] [] [] [Basic] [d41d8cd98f00b204e9800998ecf8427e]
https://developer.stage-15.dailymotion.com [401] [GET] [text/html] [] [] [Basic] [d41d8cd98f00b204e9800998ecf8427e]
https://developer.stage-19.dailymotion.com [401] [GET] [text/html] [] [] [Basic] [d41d8cd98f00b204e9800998ecf8427e]
https://developer.stage-23.dailymotion.com [401] [GET] [text/html] [] [] [Basic] [d41d8cd98f00b204e9800998ecf8427e]
https://developer.stage-27.dailymotion.com [401] [GET] [text/html] [] [] [Basic] [d41d8cd98f00b204e9800998ecf8427e]
https://developer.stage-31.dailymotion.com [401] [GET] [text/html] [] [] [Basic] [d41d8cd98f00b204e9800998ecf8427e]
https://developer.stage-35.dailymotion.com [401] [GET] [text/html] [] [] [Basic] [d41d8cd98f00b204e9800998ecf8427e]
https://developer.stage-39.dailymotion.com [401] [GET] [text/html] [] [] [Basic] [d41d8cd98f00b204e9800998ecf8427e]
https://developer.stage-43.dailymotion.com [401] [GET] [text/html] [] [] [Basic] [d41d8cd98f00b204e9800998ecf8427e]
https://developer.stage-47.dailymotion.com [401] [GET] [text/html] [] [] [Basic] [d41d8cd98f00b204e9800998ecf8427e]
https://developer.stage-51.dailymotion.com [401] [GET] [text/html] [] [] [Basic] [d41d8cd98f00b204e9800998ecf8427e]
https://developer.stage-55.dailymotion.com [401] [GET] [text/html] [] [] [Basic] [d41d8cd98f00b204e9800998ecf8427e]
https://developer.stage-59.dailymotion.com [401] [GET] [text/html] [] [] [Basic] [d41d8cd98f00b204e9800998ecf8427e]
https://developer.stage-63.dailymotion.com [401] [GET] [text/html] [] [] [Basic] [d41d8cd98f00b204e9800998ecf8427e]
https://developer.stage-67.dailymotion.com [401] [GET] [text/html] [] [] [Basic] [d41d8cd98f00b204e9800998ecf8427e]
https://druid-broker-partner-stats.data-kub.stage.gcp.dailymotion.com [403] [GET] [text/html] [403 Forbidden] [nginx/1.17.10] [vhost] [google] [Nginx:1.17.10] [5e653f27b30d32ace6ef228e85ef1210]
https://druid-partner-stats.data-kub.gcp.dailymotion.com [403] [GET] [text/html] [403 Forbidden] [nginx/1.17.7] [vhost] [Nginx] [ef994c49a22338b67a1bddf4d53c5051]
https://engineering.dailymotion.com [302] [GET] [text/html] [] [] [d41d8cd98f00b204e9800998ecf8427e]
https://enterprise.dailymotion.com [404] [GET] [text/plain] [] [] [efa6ba503d1db3c0aeb36d2dfe12081a]
https://family-filter.stage-01.dailymotion.com [401] [GET] [text/html] [] [] [Basic] [d41d8cd98f00b204e9800998ecf8427e]
https://family-filter.stage-03.dailymotion.com [401] [GET] [text/html] [] [] [Basic] [d41d8cd98f00b204e9800998ecf8427e]
https://family-filter.stage-05.dailymotion.com [401] [GET] [text/html] [] [] [Basic] [d41d8cd98f00b204e9800998ecf8427e]
https://family-filter.stage-07.dailymotion.com [401] [GET] [text/html] [] [] [Basic] [d41d8cd98f00b204e9800998ecf8427e]
https://family-filter.stage-09.dailymotion.com [401] [GET] [text/html] [] [] [Basic] [d41d8cd98f00b204e9800998ecf8427e]
https://family-filter.stage-11.dailymotion.com [401] [GET] [text/html] [] [] [Basic] [d41d8cd98f00b204e9800998ecf8427e]
https://family-filter.stage-13.dailymotion.com [401] [GET] [text/html] [] [] [Basic] [d41d8cd98f00b204e9800998ecf8427e]
https://family-filter.stage-15.dailymotion.com [401] [GET] [text/html] [] [] [Basic] [d41d8cd98f00b204e9800998ecf8427e]
https://family-filter.stage-17.dailymotion.com [401] [GET] [text/html] [] [] [Basic] [d41d8cd98f00b204e9800998ecf8427e]
https://family-filter.stage-19.dailymotion.com [401] [GET] [text/html] [] [] [Basic] [d41d8cd98f00b204e9800998ecf8427e]
https://family-filter.stage-21.dailymotion.com [401] [GET] [text/html] [] [] [Basic] [d41d8cd98f00b204e9800998ecf8427e]
https://family-filter.stage-23.dailymotion.com [401] [GET] [text/html] [] [] [Basic] [d41d8cd98f00b204e9800998ecf8427e]
https://family-filter.stage-25.dailymotion.com [401] [GET] [text/html] [] [] [Basic] [d41d8cd98f00b204e9800998ecf8427e]
https://family-filter.stage-27.dailymotion.com [401] [GET] [text/html] [] [] [Basic] [d41d8cd98f00b204e9800998ecf8427e]
https://family-filter.stage-29.dailymotion.com [401] [GET] [text/html] [] [] [Basic] [d41d8cd98f00b204e9800998ecf8427e]
https://family-filter.stage-31.dailymotion.com [401] [GET] [text/html] [] [] [Basic] [d41d8cd98f00b204e9800998ecf8427e]
https://family-filter.stage-33.dailymotion.com [401] [GET] [text/html] [] [] [Basic] [d41d8cd98f00b204e9800998ecf8427e]
https://family-filter.stage-35.dailymotion.com [401] [GET] [text/html] [] [] [Basic] [d41d8cd98f00b204e9800998ecf8427e]
https://family-filter.stage-37.dailymotion.com [401] [GET] [text/html] [] [] [Basic] [d41d8cd98f00b204e9800998ecf8427e]
https://family-filter.stage-39.dailymotion.com [401] [GET] [text/html] [] [] [Basic] [d41d8cd98f00b204e9800998ecf8427e]
https://family-filter.stage-41.dailymotion.com [401] [GET] [text/html] [] [] [Basic] [d41d8cd98f00b204e9800998ecf8427e]
https://family-filter.stage-43.dailymotion.com [401] [GET] [text/html] [] [] [Basic] [d41d8cd98f00b204e9800998ecf8427e]
https://family-filter.stage-45.dailymotion.com [401] [GET] [text/html] [] [] [Basic] [d41d8cd98f00b204e9800998ecf8427e]
https://family-filter.stage-47.dailymotion.com [401] [GET] [text/html] [] [] [Basic] [d41d8cd98f00b204e9800998ecf8427e]
https://family-filter.stage-49.dailymotion.com [401] [GET] [text/html] [] [] [Basic] [d41d8cd98f00b204e9800998ecf8427e]
https://family-filter.stage-51.dailymotion.com [401] [GET] [text/html] [] [] [Basic] [d41d8cd98f00b204e9800998ecf8427e]
https://family-filter.stage-53.dailymotion.com [401] [GET] [text/html] [] [] [Basic] [d41d8cd98f00b204e9800998ecf8427e]
https://family-filter.stage-55.dailymotion.com [401] [GET] [text/html] [] [] [Basic] [d41d8cd98f00b204e9800998ecf8427e]
https://family-filter.stage-57.dailymotion.com [401] [GET] [text/html] [] [] [Basic] [d41d8cd98f00b204e9800998ecf8427e]
https://family-filter.stage-59.dailymotion.com [401] [GET] [text/html] [] [] [Basic] [d41d8cd98f00b204e9800998ecf8427e]
https://family-filter.stage-61.dailymotion.com [401] [GET] [text/html] [] [] [Basic] [d41d8cd98f00b204e9800998ecf8427e]
https://family-filter.stage-63.dailymotion.com [401] [GET] [text/html] [] [] [Basic] [d41d8cd98f00b204e9800998ecf8427e]
https://family-filter.stage-65.dailymotion.com [401] [GET] [text/html] [] [] [Basic] [d41d8cd98f00b204e9800998ecf8427e]
https://family-filter.stage-67.dailymotion.com [401] [GET] [text/html] [] [] [Basic] [d41d8cd98f00b204e9800998ecf8427e]
https://family-filter.stage-69.dailymotion.com [401] [GET] [text/html] [] [] [Basic] [d41d8cd98f00b204e9800998ecf8427e]
https://faq.dailymotion.com:8443 [403] [GET] [text/html] [Access denied] [cloudflare] [vhost] [cloudflare] [Cloudflare Network Error Logging] [f7dfdcda899e5b707cb22442c03c9642]
https://feed.sg1.dailymotion.com [404] [GET] [] [] [lumberjack/2.5.0] [d41d8cd98f00b204e9800998ecf8427e]
https://fp.ix7.dailymotion.com [404] [GET] [] [] [] [d41d8cd98f00b204e9800998ecf8427e]
https://fr.advertising.dailymotion.com [301] [GET] [text/html] [] [] [vhost] [d41d8cd98f00b204e9800998ecf8427e]
https://frames.data-kub.stage.gcp.dailymotion.com [404] [GET] [text/plain] [] [nginx/1.17.10] [Nginx] [efa6ba503d1db3c0aeb36d2dfe12081a]
https://geoip.dc3.dailymotion.com [204] [GET] [] [] [nginx] [Nginx] [d41d8cd98f00b204e9800998ecf8427e]
https://graphql.api.dailymotion.com [400] [GET] [text/plain] [] [] [vhost] [8e9aa6b31e2f20ca24a7542507e044b6]
https://graphql-dc3.api.dailymotion.com [400] [GET] [text/plain] [] [] [vhost] [8e9aa6b31e2f20ca24a7542507e044b6]
https://graphql-sg1.api.dailymotion.com [400] [GET] [text/plain] [] [] [vhost] [8e9aa6b31e2f20ca24a7542507e044b6]
https://icinfra-01-pub.vip.dailymotion.com [404] [GET] [text/plain] [] [nginx/1.15.6] [Nginx] [efa6ba503d1db3c0aeb36d2dfe12081a]
https://icscale-01-pub-ix7.vip.dailymotion.com [404] [GET] [text/plain] [] [] [efa6ba503d1db3c0aeb36d2dfe12081a]
https://icscale-01-pub.vip.dailymotion.com [404] [GET] [text/plain] [] [] [efa6ba503d1db3c0aeb36d2dfe12081a]
https://iphoneapp.dailymotion.com [200] [GET] [text/html] [Dailymotion - the home for videos that matter] [DMS/1.0.42] [vhost] [06fc30be6cddca11cf16325afc483d79]
https://keycloak-stage.api.dailymotion.com [404] [GET] [text/plain] [] [] [efa6ba503d1db3c0aeb36d2dfe12081a]
https://kibana.data-kub.gcp.dailymotion.com [403] [GET] [text/html] [403 Forbidden] [nginx/1.17.7] [vhost] [google] [Nginx] [ef994c49a22338b67a1bddf4d53c5051]
https://links.alerts.dailymotion.com [404] [GET] [text/html] [404 Not Found] [nginx] [vhost] [Nginx] [8e325dc2fea7c8900fc6c4b8c6c394fe]
https://lrpapi.dailymotion.com [200] [GET] [text/html] [Dailymotion - the home for videos that matter] [DMS/1.0.42] [0d276ee4429bb92252be20ec60af1a63]
https://lyncdiscover.dailymotion.com [200] [GET] [application/json] [] [] [vhost] [06ff03ad4d3fa4588981f42b70b33bdf]
https://marocinmotion.ondailymotion.com [200] [GET] [text/html] [Maroc In Motion] [Apache] [vhost] [Apache,Google Font API,PHP] [345702bf9a9db7598ff82a6a7950030b]
https://msoid.dailymotion.com [302] [GET] [text/html] [Object moved] [] [vhost] [azure] [67dc47621d0dca9dc8d849ee26494c3b]
https://packages.dailymotion.com [200] [GET] [text/html] [Welcome to nginx!] [DMS/1.0.42] [e3eb0a1df437f3f97a64aca5952c8ea0]
https://partner-stats.data-kub.stage.gcp.dailymotion.com [200] [GET] [text/html] [Metabase] [nginx/1.17.10] [vhost] [Nginx] [b92100b35d2658dd35590761e4d9cbc5]
https://preprod.dailymotion.com [401] [GET] [text/html] [] [] [Basic] [d41d8cd98f00b204e9800998ecf8427e]
https://prometheus.data-kub.dev.gcp.dailymotion.com [400] [GET] [text/html] [400 No required SSL certificate was sent] [] [vhost] [google] [6be05d19e4ca80eb3ef0a7f16f937f13]
https://proxy-001.ix7.dailymotion.com [404] [GET] [] [] [lumberjack/2.5.1] [d41d8cd98f00b204e9800998ecf8427e]
https://proxy-003.ix7.dailymotion.com [404] [GET] [] [] [lumberjack/2.5.0] [d41d8cd98f00b204e9800998ecf8427e]
https://proxy-005.ix7.dailymotion.com [404] [GET] [] [] [lumberjack/2.5.0] [d41d8cd98f00b204e9800998ecf8427e]
https://proxy-007.ix7.dailymotion.com [404] [GET] [] [] [lumberjack/2.5.0] [d41d8cd98f00b204e9800998ecf8427e]
https://proxy-009.ix7.dailymotion.com [404] [GET] [] [] [lumberjack/2.5.0] [d41d8cd98f00b204e9800998ecf8427e]
https://proxy-011.ix7.dailymotion.com [404] [GET] [] [] [lumberjack/2.5.0] [d41d8cd98f00b204e9800998ecf8427e]
https://proxy-013.ix7.dailymotion.com [404] [GET] [] [] [lumberjack/2.5.0] [d41d8cd98f00b204e9800998ecf8427e]
https://proxy-015.ix7.dailymotion.com [404] [GET] [] [] [lumberjack/2.5.0] [d41d8cd98f00b204e9800998ecf8427e]
https://proxy-017.ix7.dailymotion.com [404] [GET] [] [] [lumberjack/2.5.0] [d41d8cd98f00b204e9800998ecf8427e]
https://proxy-019.ix7.dailymotion.com [404] [GET] [] [] [lumberjack/2.5.0] [d41d8cd98f00b204e9800998ecf8427e]
https://proxy-01.sv4.dailymotion.com [404] [GET] [] [] [lumberjack/2.5.0] [d41d8cd98f00b204e9800998ecf8427e]
https://proxy-020.dc3.dailymotion.com [404] [GET] [] [] [lumberjack/2.5.0] [d41d8cd98f00b204e9800998ecf8427e]
https://proxy-022.dc3.dailymotion.com [404] [GET] [] [] [lumberjack/2.5.0] [d41d8cd98f00b204e9800998ecf8427e]
https://proxy-024.dc3.dailymotion.com [404] [GET] [] [] [lumberjack/2.5.0] [d41d8cd98f00b204e9800998ecf8427e]
https://proxy-026.dc3.dailymotion.com [404] [GET] [] [] [lumberjack/2.5.0] [d41d8cd98f00b204e9800998ecf8427e]
https://proxy-028.dc3.dailymotion.com [404] [GET] [] [] [lumberjack/2.5.0] [d41d8cd98f00b204e9800998ecf8427e]
https://proxy-030.ix7.dailymotion.com [404] [GET] [] [] [lumberjack/2.5.0] [d41d8cd98f00b204e9800998ecf8427e]
https://proxy-032.ix7.dailymotion.com [404] [GET] [] [] [lumberjack/2.5.0] [d41d8cd98f00b204e9800998ecf8427e]
https://proxy-034.ix7.dailymotion.com [404] [GET] [] [] [lumberjack/2.5.0] [d41d8cd98f00b204e9800998ecf8427e]
https://proxy-036.ix7.dailymotion.com [404] [GET] [] [] [lumberjack/2.5.0] [d41d8cd98f00b204e9800998ecf8427e]
https://proxy-038.ix7.dailymotion.com [404] [GET] [] [] [lumberjack/2.5.0] [d41d8cd98f00b204e9800998ecf8427e]
https://proxy-03.nyc.dailymotion.com [404] [GET] [] [] [lumberjack/2.5.0] [d41d8cd98f00b204e9800998ecf8427e]
https://proxy-041.dc3.dailymotion.com [404] [GET] [] [] [lumberjack/2.5.0] [d41d8cd98f00b204e9800998ecf8427e]
https://proxy-043.dc3.dailymotion.com [404] [GET] [] [] [lumberjack/2.5.0] [d41d8cd98f00b204e9800998ecf8427e]
https://proxy-045.dc3.dailymotion.com [404] [GET] [] [] [lumberjack/2.5.0] [d41d8cd98f00b204e9800998ecf8427e]
https://proxy-047.dc3.dailymotion.com [404] [GET] [] [] [lumberjack/2.5.0] [d41d8cd98f00b204e9800998ecf8427e]
https://proxy-04.sg1.dailymotion.com [404] [GET] [] [] [lumberjack/2.5.0] [d41d8cd98f00b204e9800998ecf8427e]
https://proxy-05.nyc.dailymotion.com [404] [GET] [] [] [lumberjack/2.5.0] [d41d8cd98f00b204e9800998ecf8427e]
https://proxy-06.sg1.dailymotion.com [404] [GET] [] [] [lumberjack/2.5.0] [d41d8cd98f00b204e9800998ecf8427e]
https://proxy-08.nyc.dailymotion.com [404] [GET] [] [] [lumberjack/2.5.0] [d41d8cd98f00b204e9800998ecf8427e]
https://proxy-09.sg1.dailymotion.com [404] [GET] [] [] [lumberjack/2.5.0] [d41d8cd98f00b204e9800998ecf8427e]
https://proxy-10.sv4.dailymotion.com [404] [GET] [] [] [lumberjack/2.5.0] [d41d8cd98f00b204e9800998ecf8427e]
https://proxy-12.nyc.dailymotion.com [404] [GET] [] [] [lumberjack/2.5.0] [d41d8cd98f00b204e9800998ecf8427e]
https://proxy-13.sv4.dailymotion.com [404] [GET] [] [] [lumberjack/2.5.0] [d41d8cd98f00b204e9800998ecf8427e]
https://proxy-15.nyc.dailymotion.com [404] [GET] [] [] [lumberjack/2.5.0] [d41d8cd98f00b204e9800998ecf8427e]
https://proxy-16.sg1.dailymotion.com [404] [GET] [] [] [lumberjack/2.5.0] [d41d8cd98f00b204e9800998ecf8427e]
https://proxy-17.sv4.dailymotion.com [404] [GET] [] [] [lumberjack/2.5.0] [d41d8cd98f00b204e9800998ecf8427e]
https://proxy-19.nyc.dailymotion.com [404] [GET] [] [] [lumberjack/2.5.0] [d41d8cd98f00b204e9800998ecf8427e]
https://proxy-20.sg1.dailymotion.com [404] [GET] [] [] [lumberjack/2.5.1] [d41d8cd98f00b204e9800998ecf8427e]
https://proxy-21.sv4.dailymotion.com [404] [GET] [] [] [lumberjack/2.5.0] [d41d8cd98f00b204e9800998ecf8427e]
https://proxy-23.sg1.dailymotion.com [404] [GET] [] [] [lumberjack/2.5.0] [d41d8cd98f00b204e9800998ecf8427e]
https://proxy-25.sg1.dailymotion.com [404] [GET] [] [] [lumberjack/2.5.0] [d41d8cd98f00b204e9800998ecf8427e]
https://proxy-27.sg1.dailymotion.com [404] [GET] [] [] [lumberjack/2.5.0] [d41d8cd98f00b204e9800998ecf8427e]
https://proxy-29.sg1.dailymotion.com [404] [GET] [] [] [lumberjack/2.5.0] [d41d8cd98f00b204e9800998ecf8427e]
https://proxy-31.sg1.dailymotion.com [404] [GET] [] [] [lumberjack/2.5.0] [d41d8cd98f00b204e9800998ecf8427e]
https://proxy-33.sg1.dailymotion.com [404] [GET] [] [] [lumberjack/2.5.0] [d41d8cd98f00b204e9800998ecf8427e]
https://proxy-35.sg1.dailymotion.com [404] [GET] [] [] [lumberjack/2.5.0] [d41d8cd98f00b204e9800998ecf8427e]
https://publisher.dailymotion.com [301] [GET] [text/html] [] [] [vhost] [d41d8cd98f00b204e9800998ecf8427e]
https://sip.dailymotion.com [404] [GET] [text/plain] [] [RTC/7.0] [cee108aad1c4e91b8e7ad2acb181609c]
https://st.nyc.dailymotion.com [200] [GET] [text/html] [speedtest] [] [c30d2f44e6f8f8a5e2ff4fe383abcbe6]
https://stream-01.dc3.dailymotion.com [404] [GET] [] [] [lumberjack/2.5.0] [d41d8cd98f00b204e9800998ecf8427e]
https://stream-01.sv4.dailymotion.com [404] [GET] [] [] [lumberjack/2.5.0] [d41d8cd98f00b204e9800998ecf8427e]
https://stream-02.sg1.dailymotion.com [404] [GET] [] [] [lumberjack/2.5.0] [d41d8cd98f00b204e9800998ecf8427e]
https://stream-03.nyc.dailymotion.com [404] [GET] [] [] [lumberjack/2.5.0] [d41d8cd98f00b204e9800998ecf8427e]
https://stream-04.ix7.dailymotion.com [404] [GET] [] [] [lumberjack/2.5.0] [d41d8cd98f00b204e9800998ecf8427e]
https://stream-05.dc3.dailymotion.com [404] [GET] [] [] [lumberjack/2.5.0] [d41d8cd98f00b204e9800998ecf8427e]
https://stream-06.ix7.dailymotion.com [404] [GET] [] [] [lumberjack/2.5.0] [d41d8cd98f00b204e9800998ecf8427e]
https://stream-08.ix7.dailymotion.com [404] [GET] [] [] [lumberjack/2.5.0] [d41d8cd98f00b204e9800998ecf8427e]
https://stream-10.ix7.dailymotion.com [404] [GET] [] [] [lumberjack/2.5.0] [d41d8cd98f00b204e9800998ecf8427e]
https://stream-feed.nyc.dailymotion.com [404] [GET] [] [] [lumberjack/2.5.0] [d41d8cd98f00b204e9800998ecf8427e]
https://studio.dailymotion.com [200] [GET] [text/html] [Dailymotion - the home for videos that matter] [DMS/1.0.42] [45f803f03fd6b4720c31ef94af29efc2]
https://style.stage-02.dailymotion.com [403] [GET] [text/html] [403 Forbidden] [DMS/1.0.42] [vhost] [af54461653dbb060bb6de1b81c1ca1fb]
https://style.stage-06.dailymotion.com [403] [GET] [text/html] [403 Forbidden] [DMS/1.0.42] [vhost] [af54461653dbb060bb6de1b81c1ca1fb]
https://style.stage-09.dailymotion.com [403] [GET] [text/html] [403 Forbidden] [DMS/1.0.42] [vhost] [af54461653dbb060bb6de1b81c1ca1fb]
https://style.stage-12.dailymotion.com [403] [GET] [text/html] [403 Forbidden] [DMS/1.0.42] [vhost] [af54461653dbb060bb6de1b81c1ca1fb]
https://style.stage-15.dailymotion.com [403] [GET] [text/html] [403 Forbidden] [DMS/1.0.42] [vhost] [b23fd87f38a2057394a42d4ceda3261f]
https://style.stage-18.dailymotion.com [403] [GET] [text/html] [403 Forbidden] [DMS/1.0.42] [vhost] [af54461653dbb060bb6de1b81c1ca1fb]
https://style.stage-20.dailymotion.com [403] [GET] [text/html] [403 Forbidden] [DMS/1.0.42] [vhost] [af54461653dbb060bb6de1b81c1ca1fb]
https://style.stage-23.dailymotion.com [403] [GET] [text/html] [403 Forbidden] [DMS/1.0.42] [vhost] [af54461653dbb060bb6de1b81c1ca1fb]
https://style.stage-26.dailymotion.com [403] [GET] [text/html] [403 Forbidden] [DMS/1.0.42] [vhost] [af54461653dbb060bb6de1b81c1ca1fb]
https://style.stage-29.dailymotion.com [403] [GET] [text/html] [403 Forbidden] [DMS/1.0.42] [vhost] [b23fd87f38a2057394a42d4ceda3261f]
https://style.stage-31.dailymotion.com [403] [GET] [text/html] [403 Forbidden] [DMS/1.0.42] [vhost] [b23fd87f38a2057394a42d4ceda3261f]
https://style.stage-34.dailymotion.com [403] [GET] [text/html] [403 Forbidden] [DMS/1.0.42] [vhost] [af54461653dbb060bb6de1b81c1ca1fb]
https://style.stage-37.dailymotion.com [403] [GET] [text/html] [403 Forbidden] [DMS/1.0.42] [vhost] [b23fd87f38a2057394a42d4ceda3261f]
https://style.stage-40.dailymotion.com [403] [GET] [text/html] [403 Forbidden] [DMS/1.0.42] [vhost] [af54461653dbb060bb6de1b81c1ca1fb]
https://style.stage-42.dailymotion.com [403] [GET] [text/html] [403 Forbidden] [DMS/1.0.42] [vhost] [b23fd87f38a2057394a42d4ceda3261f]
https://style.stage-46.dailymotion.com [403] [GET] [text/html] [403 Forbidden] [DMS/1.0.42] [vhost] [af54461653dbb060bb6de1b81c1ca1fb]
https://style.stage-49.dailymotion.com [403] [GET] [text/html] [403 Forbidden] [DMS/1.0.42] [vhost] [af54461653dbb060bb6de1b81c1ca1fb]
https://style.stage-51.dailymotion.com [403] [GET] [text/html] [403 Forbidden] [DMS/1.0.42] [vhost] [b23fd87f38a2057394a42d4ceda3261f]
https://style.stage-54.dailymotion.com [403] [GET] [text/html] [403 Forbidden] [DMS/1.0.42] [vhost] [b23fd87f38a2057394a42d4ceda3261f]
https://style.stage-56.dailymotion.com [403] [GET] [text/html] [403 Forbidden] [DMS/1.0.42] [vhost] [b23fd87f38a2057394a42d4ceda3261f]
https://style.stage-59.dailymotion.com [403] [GET] [text/html] [403 Forbidden] [DMS/1.0.42] [vhost] [af54461653dbb060bb6de1b81c1ca1fb]
https://style.stage-62.dailymotion.com [403] [GET] [text/html] [403 Forbidden] [DMS/1.0.42] [vhost] [af54461653dbb060bb6de1b81c1ca1fb]
https://style.stage-65.dailymotion.com [403] [GET] [text/html] [403 Forbidden] [DMS/1.0.42] [vhost] [af54461653dbb060bb6de1b81c1ca1fb]
https://style.stage-68.dailymotion.com [403] [GET] [text/html] [403 Forbidden] [DMS/1.0.42] [vhost] [af54461653dbb060bb6de1b81c1ca1fb]
https://style.stage-70.dailymotion.com [403] [GET] [text/html] [403 Forbidden] [DMS/1.0.42] [vhost] [b23fd87f38a2057394a42d4ceda3261f]
https://update.dailymotion.com [200] [GET] [] [] [] [d41d8cd98f00b204e9800998ecf8427e]
https://upload-01.sv4.dailymotion.com [404] [GET] [] [] [xupload/4.0.10] [d41d8cd98f00b204e9800998ecf8427e]
https://upload-10.dc3.dailymotion.com [404] [GET] [] [] [xupload/4.0.10] [d41d8cd98f00b204e9800998ecf8427e]
https://vc-realtime-ew1.gcp.dailymotion.com [404] [GET] [text/plain] [] [] [Google Cloud,Google Cloud CDN] [1cd7bc4b228010dbdf01f2df97123407]
https://webmail.dailymotion.com [302] [GET] [] [] [] [vhost] [d41d8cd98f00b204e9800998ecf8427e]
https://wwwcf.dailymotion.com [200] [GET] [text/html] [Dailymotion - the home for videos that matter] [DMS/1.0.42] [38fa4d1ff4449e287149328cbffd31f4]
https://www-dc3.dailymotion.com [200] [GET] [text/html] [Dailymotion - the home for videos that matter] [DMS/1.0.42] [5fe9a4bb3fd6fd6ff2612d90d5cdd0b3]
https://www.fr.dailymotion.com [200] [GET] [text/html] [Dailymotion - the home for videos that matter] [DMS/1.0.42] [7b70bf240ccfdf2d81555058d86a9b3e]
https://www.lemeilleurdelacoupedumonde.ondailymotion.com [200] [GET] [text/html] [Le meilleur de la coupe du monde par dailymotion] [Apache] [vhost] [Apache,PHP] [284ac8c9aa9ad5aca652a1d42611d68c]
https://www-origin.dailymotion.com [200] [GET] [text/html] [Dailymotion - the home for videos that matter] [DMS/1.0.42] [766ba907b09f25072bf2f82f26bc5652]
https://xbased-stage.api.dailymotion.com [404] [GET] [text/plain] [] [] [efa6ba503d1db3c0aeb36d2dfe12081a]
http://translate.dailymotion.com [301] [GET] [text/html] [] [] [d41d8cd98f00b204e9800998ecf8427e]
http://tvsam-01.ext.dc3.dailymotion.com [200] [GET] [text/html] [Apache2 Ubuntu Default Page: It works] [Apache/2.4.18 (Ubuntu)] [Apache,Ubuntu] [9ad421244b28db9cb4a6857edd297ef5]
http://tvsam-02.ext.dc3.dailymotion.com [200] [GET] [text/html] [] [Apache/2.4.18 (Ubuntu)] [Apache,Ubuntu] [9b0bbb94085a661808476ac00480fe6f]
http://uf-realtime-ew1.gcp.dailymotion.com [404] [GET] [text/html] [404 Not Found] [] [2e9281cb1598565605593d28a5efa3bb]
http://uf-realtime-ew1.gcp.dailymotion.com:8080 [404] [GET] [text/html] [404 Not Found] [] [2e9281cb1598565605593d28a5efa3bb]
http://uf-realtime-ew1-staging.gcp.dailymotion.com:8080 [404] [GET] [text/html] [404 Not Found] [] [2e9281cb1598565605593d28a5efa3bb]
http://vc-realtime-ew1.gcp.dailymotion.com:8080 [404] [GET] [text/html] [404 Not Found] [] [2e9281cb1598565605593d28a5efa3bb]
http://vc-realtime-ew1-staging.gcp.dailymotion.com:8080 [404] [GET] [text/html] [404 Not Found] [] [2e9281cb1598565605593d28a5efa3bb]
http://xbased-new.api.dailymotion.com [404] [GET] [text/html] [404 Not Found] [] [2e9281cb1598565605593d28a5efa3bb]
http://xbased-new.api.dailymotion.com:8080 [404] [GET] [text/html] [404 Not Found] [] [2e9281cb1598565605593d28a5efa3bb]
http://xbased-new.gcp.dailymotion.com [404] [GET] [text/html] [404 Not Found] [] [2e9281cb1598565605593d28a5efa3bb]
http://xbased-new.gcp.dailymotion.com:8080 [404] [GET] [text/html] [404 Not Found] [] [2e9281cb1598565605593d28a5efa3bb]
