http://account.decentraland.org:2082 [301] [GET] [] [] [cloudflare] [cloudflare] [Cloudflare] [d41d8cd98f00b204e9800998ecf8427e]
http://account.decentraland.org:2086 [301] [GET] [] [] [cloudflare] [cloudflare] [Cloudflare] [d41d8cd98f00b204e9800998ecf8427e]
http://account.decentraland.org:2095 [301] [GET] [] [] [cloudflare] [cloudflare] [Cloudflare] [d41d8cd98f00b204e9800998ecf8427e]
http://account.decentraland.org:8080 [301] [GET] [] [] [cloudflare] [cloudflare] [Cloudflare] [d41d8cd98f00b204e9800998ecf8427e]
http://account.decentraland.org:8880 [301] [GET] [] [] [cloudflare] [cloudflare] [Cloudflare] [d41d8cd98f00b204e9800998ecf8427e]
http://a.decentraland.org:2082 [301] [GET] [] [] [cloudflare] [cloudflare] [Cloudflare] [d41d8cd98f00b204e9800998ecf8427e]
http://a.decentraland.org:2083 [400] [GET] [text/html] [400 The plain HTTP request was sent to HTTPS port] [cloudflare] [cloudflare] [Cloudflare] [20ad84d030031252141ca0b3fc0183f0]
http://a.decentraland.org:2086 [301] [GET] [] [] [cloudflare] [cloudflare] [Cloudflare] [d41d8cd98f00b204e9800998ecf8427e]
http://a.decentraland.org:2087 [400] [GET] [text/html] [400 The plain HTTP request was sent to HTTPS port] [cloudflare] [cloudflare] [Cloudflare] [cd58783500d7fa3c58f88eb0ba22f4f8]
http://api.decentraland.org:2082 [301] [GET] [] [] [cloudflare] [cloudflare] [Cloudflare] [d41d8cd98f00b204e9800998ecf8427e]
http://api.decentraland.org:2083 [400] [GET] [text/html] [400 The plain HTTP request was sent to HTTPS port] [cloudflare] [cloudflare] [Cloudflare] [20ad84d030031252141ca0b3fc0183f0]
http://api.decentraland.org:2086 [301] [GET] [] [] [cloudflare] [cloudflare] [Cloudflare] [d41d8cd98f00b204e9800998ecf8427e]
http://api.decentraland.org:2087 [400] [GET] [text/html] [400 The plain HTTP request was sent to HTTPS port] [cloudflare] [cloudflare] [Cloudflare] [20ad84d030031252141ca0b3fc0183f0]
http://assets.decentraland.org:2082 [301] [GET] [] [] [cloudflare] [cloudflare] [Cloudflare] [d41d8cd98f00b204e9800998ecf8427e]
http://assets.decentraland.org:2086 [301] [GET] [] [] [cloudflare] [cloudflare] [Cloudflare] [d41d8cd98f00b204e9800998ecf8427e]
http://assets.decentraland.org:2087 [400] [GET] [text/html] [400 The plain HTTP request was sent to HTTPS port] [cloudflare] [cloudflare] [Cloudflare] [20ad84d030031252141ca0b3fc0183f0]
http://blog.decentraland.org:2082 [302] [GET] [] [] [cloudflare] [vhost] [cloudflare] [Cloudflare] [d41d8cd98f00b204e9800998ecf8427e]
http://blog.decentraland.org:2086 [302] [GET] [] [] [cloudflare] [vhost] [cloudflare] [Cloudflare] [d41d8cd98f00b204e9800998ecf8427e]
http://blog.decentraland.org:2095 [302] [GET] [] [] [cloudflare] [vhost] [cloudflare] [Cloudflare] [d41d8cd98f00b204e9800998ecf8427e]
http://blog.decentraland.org:8080 [302] [GET] [] [] [cloudflare] [vhost] [cloudflare] [Cloudflare] [d41d8cd98f00b204e9800998ecf8427e]
http://blog.decentraland.org:8880 [302] [GET] [] [] [cloudflare] [vhost] [cloudflare] [Cloudflare] [d41d8cd98f00b204e9800998ecf8427e]
http://builder-api.decentraland.org:2082 [301] [GET] [] [] [cloudflare] [cloudflare] [Cloudflare] [d41d8cd98f00b204e9800998ecf8427e]
http://builder-api.decentraland.org:2083 [400] [GET] [text/html] [400 The plain HTTP request was sent to HTTPS port] [cloudflare] [cloudflare] [Cloudflare] [cd58783500d7fa3c58f88eb0ba22f4f8]
http://builder-api.decentraland.org:2086 [301] [GET] [] [] [cloudflare] [cloudflare] [Cloudflare] [d41d8cd98f00b204e9800998ecf8427e]
http://builder-api.decentraland.org:2087 [400] [GET] [text/html] [400 The plain HTTP request was sent to HTTPS port] [cloudflare] [cloudflare] [Cloudflare] [cd58783500d7fa3c58f88eb0ba22f4f8]
http://builder.decentraland.org:2082 [301] [GET] [] [] [cloudflare] [cloudflare] [Cloudflare] [d41d8cd98f00b204e9800998ecf8427e]
http://builder.decentraland.org:2086 [301] [GET] [] [] [cloudflare] [cloudflare] [Cloudflare] [d41d8cd98f00b204e9800998ecf8427e]
http://builder.decentraland.org:2095 [301] [GET] [] [] [cloudflare] [cloudflare] [Cloudflare] [d41d8cd98f00b204e9800998ecf8427e]
http://builder.decentraland.org:8080 [301] [GET] [] [] [cloudflare] [cloudflare] [Cloudflare] [d41d8cd98f00b204e9800998ecf8427e]
http://builder.decentraland.org:8880 [301] [GET] [] [] [cloudflare] [cloudflare] [Cloudflare] [d41d8cd98f00b204e9800998ecf8427e]
http://builder-old.decentraland.org:2082 [301] [GET] [] [] [cloudflare] [cloudflare] [Cloudflare] [d41d8cd98f00b204e9800998ecf8427e]
http://builder-old.decentraland.org:2086 [301] [GET] [] [] [cloudflare] [cloudflare] [Cloudflare] [d41d8cd98f00b204e9800998ecf8427e]
http://cdn-data.decentraland.org:2082 [403] [GET] [text/plain] [] [cloudflare] [cloudflare] [Cloudflare] [4f20b85ce5ebf225720e040314a7966a]
http://cdn-data.decentraland.org:2083 [400] [GET] [text/html] [400 The plain HTTP request was sent to HTTPS port] [cloudflare] [cloudflare] [Cloudflare] [20ad84d030031252141ca0b3fc0183f0]
http://cdn-data.decentraland.org:2086 [301] [GET] [] [] [cloudflare] [cloudflare] [Cloudflare] [d41d8cd98f00b204e9800998ecf8427e]
http://cdn-data.decentraland.org:2087 [400] [GET] [text/html] [400 The plain HTTP request was sent to HTTPS port] [cloudflare] [cloudflare] [Cloudflare] [cd58783500d7fa3c58f88eb0ba22f4f8]
http://cdn.decentraland.org:2082 [301] [GET] [] [] [cloudflare] [cloudflare] [Cloudflare] [d41d8cd98f00b204e9800998ecf8427e]
http://cdn.decentraland.org:2083 [400] [GET] [text/html] [400 The plain HTTP request was sent to HTTPS port] [cloudflare] [cloudflare] [Cloudflare] [cd58783500d7fa3c58f88eb0ba22f4f8]
http://cdn.decentraland.org:2086 [301] [GET] [] [] [cloudflare] [cloudflare] [Cloudflare] [d41d8cd98f00b204e9800998ecf8427e]
http://cdn.decentraland.org:2087 [400] [GET] [text/html] [400 The plain HTTP request was sent to HTTPS port] [cloudflare] [cloudflare] [Cloudflare] [cd58783500d7fa3c58f88eb0ba22f4f8]
http://cdn.decentraland.org:2095 [301] [GET] [] [] [cloudflare] [cloudflare] [Cloudflare] [d41d8cd98f00b204e9800998ecf8427e]
http://cdn.decentraland.org:2096 [400] [GET] [text/html] [400 The plain HTTP request was sent to HTTPS port] [cloudflare] [cloudflare] [Cloudflare] [cd58783500d7fa3c58f88eb0ba22f4f8]
http://cdn.decentraland.org:8080 [301] [GET] [] [] [cloudflare] [cloudflare] [Cloudflare] [d41d8cd98f00b204e9800998ecf8427e]
http://cdn.decentraland.org:8443 [400] [GET] [text/html] [400 The plain HTTP request was sent to HTTPS port] [cloudflare] [cloudflare] [Cloudflare] [20ad84d030031252141ca0b3fc0183f0]
http://cdn.decentraland.org:8880 [301] [GET] [] [] [cloudflare] [cloudflare] [Cloudflare] [d41d8cd98f00b204e9800998ecf8427e]
http://config.decentraland.org:2082 [301] [GET] [] [] [cloudflare] [cloudflare] [Cloudflare] [d41d8cd98f00b204e9800998ecf8427e]
http://config.decentraland.org:2086 [301] [GET] [] [] [cloudflare] [cloudflare] [Cloudflare] [d41d8cd98f00b204e9800998ecf8427e]
http://config.decentraland.org:2095 [301] [GET] [] [] [cloudflare] [cloudflare] [Cloudflare] [d41d8cd98f00b204e9800998ecf8427e]
http://config.decentraland.org:8080 [301] [GET] [] [] [cloudflare] [cloudflare] [Cloudflare] [d41d8cd98f00b204e9800998ecf8427e]
http://config.decentraland.org:8880 [301] [GET] [] [] [cloudflare] [cloudflare] [Cloudflare] [d41d8cd98f00b204e9800998ecf8427e]
http://content-assets-as-bundle.decentraland.org:2082 [301] [GET] [] [] [cloudflare] [cloudflare] [Cloudflare] [d41d8cd98f00b204e9800998ecf8427e]
http://content-assets-as-bundle.decentraland.org:2086 [301] [GET] [] [] [cloudflare] [cloudflare] [Cloudflare] [d41d8cd98f00b204e9800998ecf8427e]
http://content-assets-as-bundle.decentraland.org:2095 [301] [GET] [] [] [cloudflare] [cloudflare] [Cloudflare] [d41d8cd98f00b204e9800998ecf8427e]
http://content-assets-as-bundle.decentraland.org:8080 [301] [GET] [] [] [cloudflare] [cloudflare] [Cloudflare] [d41d8cd98f00b204e9800998ecf8427e]
http://content-assets-as-bundle.decentraland.org:8880 [301] [GET] [] [] [cloudflare] [cloudflare] [Cloudflare] [d41d8cd98f00b204e9800998ecf8427e]
http://content-assets.decentraland.org:2082 [301] [GET] [] [] [cloudflare] [cloudflare] [Cloudflare] [d41d8cd98f00b204e9800998ecf8427e]
http://content-assets.decentraland.org:2083 [400] [GET] [text/html] [400 The plain HTTP request was sent to HTTPS port] [cloudflare] [cloudflare] [Cloudflare] [20ad84d030031252141ca0b3fc0183f0]
http://content-assets.decentraland.org:2086 [301] [GET] [] [] [cloudflare] [cloudflare] [Cloudflare] [d41d8cd98f00b204e9800998ecf8427e]
http://content-assets.decentraland.org:2087 [400] [GET] [text/html] [400 The plain HTTP request was sent to HTTPS port] [cloudflare] [cloudflare] [Cloudflare] [20ad84d030031252141ca0b3fc0183f0]
http://content.decentraland.org:2082 [301] [GET] [] [] [cloudflare] [cloudflare] [Cloudflare] [d41d8cd98f00b204e9800998ecf8427e]
http://content.decentraland.org:2086 [301] [GET] [] [] [cloudflare] [cloudflare] [Cloudflare] [d41d8cd98f00b204e9800998ecf8427e]
http://content.decentraland.org:2095 [301] [GET] [] [] [cloudflare] [cloudflare] [Cloudflare] [d41d8cd98f00b204e9800998ecf8427e]
http://content.decentraland.org:8080 [301] [GET] [] [] [cloudflare] [cloudflare] [Cloudflare] [d41d8cd98f00b204e9800998ecf8427e]
http://content.decentraland.org:8880 [301] [GET] [] [] [cloudflare] [cloudflare] [Cloudflare] [d41d8cd98f00b204e9800998ecf8427e]
http://contracts.decentraland.org:2082 [301] [GET] [] [] [cloudflare] [cloudflare] [Cloudflare] [d41d8cd98f00b204e9800998ecf8427e]
http://contracts.decentraland.org:2083 [400] [GET] [text/html] [400 The plain HTTP request was sent to HTTPS port] [cloudflare] [cloudflare] [Cloudflare] [20ad84d030031252141ca0b3fc0183f0]
http://contracts.decentraland.org:2086 [301] [GET] [] [] [cloudflare] [cloudflare] [Cloudflare] [d41d8cd98f00b204e9800998ecf8427e]
http://contracts.decentraland.org:2087 [400] [GET] [text/html] [400 The plain HTTP request was sent to HTTPS port] [cloudflare] [cloudflare] [Cloudflare] [cd58783500d7fa3c58f88eb0ba22f4f8]
http://dao.decentraland.org:2082 [301] [GET] [] [] [cloudflare] [cloudflare] [Cloudflare] [d41d8cd98f00b204e9800998ecf8427e]
http://dao.decentraland.org:2083 [400] [GET] [text/html] [400 The plain HTTP request was sent to HTTPS port] [cloudflare] [cloudflare] [Cloudflare] [20ad84d030031252141ca0b3fc0183f0]
http://dao.decentraland.org:2086 [301] [GET] [] [] [cloudflare] [cloudflare] [Cloudflare] [d41d8cd98f00b204e9800998ecf8427e]
http://dao.decentraland.org:2087 [400] [GET] [text/html] [400 The plain HTTP request was sent to HTTPS port] [cloudflare] [cloudflare] [Cloudflare] [cd58783500d7fa3c58f88eb0ba22f4f8]
http://dao.decentraland.org:2095 [301] [GET] [] [] [cloudflare] [cloudflare] [Cloudflare] [d41d8cd98f00b204e9800998ecf8427e]
http://dao.decentraland.org:2096 [400] [GET] [text/html] [400 The plain HTTP request was sent to HTTPS port] [cloudflare] [cloudflare] [Cloudflare] [cd58783500d7fa3c58f88eb0ba22f4f8]
http://dao.decentraland.org:8080 [301] [GET] [] [] [cloudflare] [cloudflare] [Cloudflare] [d41d8cd98f00b204e9800998ecf8427e]
http://dao.decentraland.org:8443 [400] [GET] [text/html] [400 The plain HTTP request was sent to HTTPS port] [cloudflare] [cloudflare] [Cloudflare] [cd58783500d7fa3c58f88eb0ba22f4f8]
http://dao.decentraland.org:8880 [301] [GET] [] [] [cloudflare] [cloudflare] [Cloudflare] [d41d8cd98f00b204e9800998ecf8427e]
http://decentraland.org:2082 [301] [GET] [] [] [cloudflare] [cloudflare] [Cloudflare] [d41d8cd98f00b204e9800998ecf8427e]
http://decentraland.org:2083 [400] [GET] [text/html] [400 The plain HTTP request was sent to HTTPS port] [cloudflare] [cloudflare] [Cloudflare] [cd58783500d7fa3c58f88eb0ba22f4f8]
http://decentraland.org:2086 [301] [GET] [] [] [cloudflare] [cloudflare] [Cloudflare] [d41d8cd98f00b204e9800998ecf8427e]
http://decentraland.org:2087 [400] [GET] [text/html] [400 The plain HTTP request was sent to HTTPS port] [cloudflare] [cloudflare] [Cloudflare] [20ad84d030031252141ca0b3fc0183f0]
http://delegatecontent.decentraland.org:2082 [301] [GET] [] [] [cloudflare] [cloudflare] [Cloudflare] [d41d8cd98f00b204e9800998ecf8427e]
http://delegatecontent.decentraland.org:2083 [400] [GET] [text/html] [400 The plain HTTP request was sent to HTTPS port] [cloudflare] [cloudflare] [Cloudflare] [20ad84d030031252141ca0b3fc0183f0]
http://delegatecontent.decentraland.org:2086 [301] [GET] [] [] [cloudflare] [cloudflare] [Cloudflare] [d41d8cd98f00b204e9800998ecf8427e]
http://delegatecontent.decentraland.org:2087 [400] [GET] [text/html] [400 The plain HTTP request was sent to HTTPS port] [cloudflare] [cloudflare] [Cloudflare] [cd58783500d7fa3c58f88eb0ba22f4f8]
http://delegatecontent.decentraland.org:2095 [301] [GET] [] [] [cloudflare] [cloudflare] [Cloudflare] [d41d8cd98f00b204e9800998ecf8427e]
http://delegatecontent.decentraland.org:2096 [400] [GET] [text/html] [400 The plain HTTP request was sent to HTTPS port] [cloudflare] [cloudflare] [Cloudflare] [20ad84d030031252141ca0b3fc0183f0]
http://delegatecontent.decentraland.org:8080 [301] [GET] [] [] [cloudflare] [cloudflare] [Cloudflare] [d41d8cd98f00b204e9800998ecf8427e]
http://delegatecontent.decentraland.org:8443 [400] [GET] [text/html] [400 The plain HTTP request was sent to HTTPS port] [cloudflare] [cloudflare] [Cloudflare] [cd58783500d7fa3c58f88eb0ba22f4f8]
http://delegatecontent.decentraland.org:8880 [301] [GET] [] [] [cloudflare] [cloudflare] [Cloudflare] [d41d8cd98f00b204e9800998ecf8427e]
http://developer.decentraland.org:2082 [302] [GET] [] [] [cloudflare] [vhost] [cloudflare] [Cloudflare] [d41d8cd98f00b204e9800998ecf8427e]
http://developer.decentraland.org:2086 [302] [GET] [] [] [cloudflare] [vhost] [cloudflare] [Cloudflare] [d41d8cd98f00b204e9800998ecf8427e]
http://developers.decentraland.org:2082 [302] [GET] [] [] [cloudflare] [vhost] [cloudflare] [Cloudflare] [d41d8cd98f00b204e9800998ecf8427e]
http://developers.decentraland.org:2086 [302] [GET] [] [] [cloudflare] [vhost] [cloudflare] [Cloudflare] [d41d8cd98f00b204e9800998ecf8427e]
http://discord.decentraland.org:2082 [301] [GET] [] [] [cloudflare] [cloudflare] [Cloudflare] [d41d8cd98f00b204e9800998ecf8427e]
http://discord.decentraland.org:2086 [301] [GET] [] [] [cloudflare] [cloudflare] [Cloudflare] [d41d8cd98f00b204e9800998ecf8427e]
http://docs.decentraland.org:2082 [301] [GET] [] [] [cloudflare] [cloudflare] [Cloudflare] [d41d8cd98f00b204e9800998ecf8427e]
http://docs.decentraland.org:2083 [400] [GET] [text/html] [400 The plain HTTP request was sent to HTTPS port] [cloudflare] [cloudflare] [Cloudflare] [20ad84d030031252141ca0b3fc0183f0]
http://docs.decentraland.org:2086 [301] [GET] [] [] [cloudflare] [cloudflare] [Cloudflare] [d41d8cd98f00b204e9800998ecf8427e]
http://docs.decentraland.org:2087 [400] [GET] [text/html] [400 The plain HTTP request was sent to HTTPS port] [cloudflare] [cloudflare] [Cloudflare] [cd58783500d7fa3c58f88eb0ba22f4f8]
http://docs.decentraland.org:2095 [301] [GET] [] [] [cloudflare] [cloudflare] [Cloudflare] [d41d8cd98f00b204e9800998ecf8427e]
http://docs.decentraland.org:2096 [400] [GET] [text/html] [400 The plain HTTP request was sent to HTTPS port] [cloudflare] [cloudflare] [Cloudflare] [cd58783500d7fa3c58f88eb0ba22f4f8]
http://docs.decentraland.org:8080 [301] [GET] [] [] [cloudflare] [cloudflare] [Cloudflare] [d41d8cd98f00b204e9800998ecf8427e]
http://docs.decentraland.org:8443 [400] [GET] [text/html] [400 The plain HTTP request was sent to HTTPS port] [cloudflare] [cloudflare] [Cloudflare] [20ad84d030031252141ca0b3fc0183f0]
http://docs.decentraland.org:8880 [301] [GET] [] [] [cloudflare] [cloudflare] [Cloudflare] [d41d8cd98f00b204e9800998ecf8427e]
http://events.decentraland.org:2082 [301] [GET] [] [] [cloudflare] [cloudflare] [Cloudflare] [d41d8cd98f00b204e9800998ecf8427e]
http://events.decentraland.org:2083 [400] [GET] [text/html] [400 The plain HTTP request was sent to HTTPS port] [cloudflare] [cloudflare] [Cloudflare] [cd58783500d7fa3c58f88eb0ba22f4f8]
http://events.decentraland.org:2086 [301] [GET] [] [] [cloudflare] [cloudflare] [Cloudflare] [d41d8cd98f00b204e9800998ecf8427e]
http://events.decentraland.org:2087 [400] [GET] [text/html] [400 The plain HTTP request was sent to HTTPS port] [cloudflare] [cloudflare] [Cloudflare] [20ad84d030031252141ca0b3fc0183f0]
http://explorer-config.decentraland.org:2082 [301] [GET] [] [] [cloudflare] [cloudflare] [Cloudflare] [d41d8cd98f00b204e9800998ecf8427e]
http://explorer-config.decentraland.org:2083 [400] [GET] [text/html] [400 The plain HTTP request was sent to HTTPS port] [cloudflare] [cloudflare] [Cloudflare] [cd58783500d7fa3c58f88eb0ba22f4f8]
http://explorer-config.decentraland.org:2086 [301] [GET] [] [] [cloudflare] [cloudflare] [Cloudflare] [d41d8cd98f00b204e9800998ecf8427e]
http://explorer-config.decentraland.org:2087 [400] [GET] [text/html] [400 The plain HTTP request was sent to HTTPS port] [cloudflare] [cloudflare] [Cloudflare] [20ad84d030031252141ca0b3fc0183f0]
http://explorer.decentraland.org:2082 [301] [GET] [] [] [cloudflare] [cloudflare] [Cloudflare] [d41d8cd98f00b204e9800998ecf8427e]
http://explorer.decentraland.org:2086 [301] [GET] [] [] [cloudflare] [cloudflare] [Cloudflare] [d41d8cd98f00b204e9800998ecf8427e]
http://explorer.decentraland.org:2095 [301] [GET] [] [] [cloudflare] [cloudflare] [Cloudflare] [d41d8cd98f00b204e9800998ecf8427e]
http://explorer.decentraland.org:8080 [301] [GET] [] [] [cloudflare] [cloudflare] [Cloudflare] [d41d8cd98f00b204e9800998ecf8427e]
http://explorer.decentraland.org:8880 [301] [GET] [] [] [cloudflare] [cloudflare] [Cloudflare] [d41d8cd98f00b204e9800998ecf8427e]
http://explorer-metrics.decentraland.org:2082 [301] [GET] [] [] [cloudflare] [cloudflare] [Cloudflare] [d41d8cd98f00b204e9800998ecf8427e]
http://explorer-metrics.decentraland.org:2083 [400] [GET] [text/html] [400 The plain HTTP request was sent to HTTPS port] [cloudflare] [cloudflare] [Cloudflare] [cd58783500d7fa3c58f88eb0ba22f4f8]
http://explorer-metrics.decentraland.org:2086 [301] [GET] [] [] [cloudflare] [cloudflare] [Cloudflare] [d41d8cd98f00b204e9800998ecf8427e]
http://explorer-metrics.decentraland.org:2087 [400] [GET] [text/html] [400 The plain HTTP request was sent to HTTPS port] [cloudflare] [cloudflare] [Cloudflare] [cd58783500d7fa3c58f88eb0ba22f4f8]
http://explorer-metrics.decentraland.org:2095 [301] [GET] [] [] [cloudflare] [cloudflare] [Cloudflare] [d41d8cd98f00b204e9800998ecf8427e]
http://explorer-metrics.decentraland.org:2096 [400] [GET] [text/html] [400 The plain HTTP request was sent to HTTPS port] [cloudflare] [cloudflare] [Cloudflare] [cd58783500d7fa3c58f88eb0ba22f4f8]
http://explorer-metrics.decentraland.org:8080 [301] [GET] [] [] [cloudflare] [cloudflare] [Cloudflare] [d41d8cd98f00b204e9800998ecf8427e]
http://explorer-metrics.decentraland.org:8443 [400] [GET] [text/html] [400 The plain HTTP request was sent to HTTPS port] [cloudflare] [cloudflare] [Cloudflare] [20ad84d030031252141ca0b3fc0183f0]
http://explorer-metrics.decentraland.org:8880 [301] [GET] [] [] [cloudflare] [cloudflare] [Cloudflare] [d41d8cd98f00b204e9800998ecf8427e]
http://feature-flags.decentraland.org:2082 [403] [GET] [text/plain] [] [cloudflare] [cloudflare] [Cloudflare] [4f20b85ce5ebf225720e040314a7966a]
http://feature-flags.decentraland.org:2086 [301] [GET] [] [] [cloudflare] [cloudflare] [Cloudflare] [d41d8cd98f00b204e9800998ecf8427e]
http://feature-flags.decentraland.org:2095 [301] [GET] [] [] [cloudflare] [cloudflare] [Cloudflare] [d41d8cd98f00b204e9800998ecf8427e]
http://feature-flags.decentraland.org:8080 [301] [GET] [] [] [cloudflare] [cloudflare] [Cloudflare] [d41d8cd98f00b204e9800998ecf8427e]
http://feature-flags.decentraland.org:8880 [301] [GET] [] [] [cloudflare] [cloudflare] [Cloudflare] [d41d8cd98f00b204e9800998ecf8427e]
http://gate.decentraland.org:2082 [301] [GET] [] [] [cloudflare] [cloudflare] [Cloudflare] [d41d8cd98f00b204e9800998ecf8427e]
http://gate.decentraland.org:2086 [301] [GET] [] [] [cloudflare] [cloudflare] [Cloudflare] [d41d8cd98f00b204e9800998ecf8427e]
http://governance.decentraland.org:2082 [301] [GET] [] [] [cloudflare] [cloudflare] [Cloudflare] [d41d8cd98f00b204e9800998ecf8427e]
http://governance.decentraland.org:2083 [400] [GET] [text/html] [400 The plain HTTP request was sent to HTTPS port] [cloudflare] [cloudflare] [Cloudflare] [20ad84d030031252141ca0b3fc0183f0]
http://governance.decentraland.org:2086 [301] [GET] [] [] [cloudflare] [cloudflare] [Cloudflare] [d41d8cd98f00b204e9800998ecf8427e]
http://governance.decentraland.org:2087 [400] [GET] [text/html] [400 The plain HTTP request was sent to HTTPS port] [cloudflare] [cloudflare] [Cloudflare] [cd58783500d7fa3c58f88eb0ba22f4f8]
http://hack.decentraland.org:2082 [302] [GET] [] [] [cloudflare] [vhost] [cloudflare] [Cloudflare] [d41d8cd98f00b204e9800998ecf8427e]
http://hack.decentraland.org:2086 [302] [GET] [] [] [cloudflare] [vhost] [cloudflare] [Cloudflare] [d41d8cd98f00b204e9800998ecf8427e]
http://hack.decentraland.org:2095 [302] [GET] [] [] [cloudflare] [vhost] [cloudflare] [Cloudflare] [d41d8cd98f00b204e9800998ecf8427e]
http://hack.decentraland.org:8080 [302] [GET] [] [] [cloudflare] [vhost] [cloudflare] [Cloudflare] [d41d8cd98f00b204e9800998ecf8427e]
http://hack.decentraland.org:8880 [302] [GET] [] [] [cloudflare] [vhost] [cloudflare] [Cloudflare] [d41d8cd98f00b204e9800998ecf8427e]
http://land.decentraland.org:2082 [301] [GET] [] [] [cloudflare] [cloudflare] [Cloudflare] [d41d8cd98f00b204e9800998ecf8427e]
http://land.decentraland.org:2086 [301] [GET] [] [] [cloudflare] [cloudflare] [Cloudflare] [d41d8cd98f00b204e9800998ecf8427e]
http://land.decentraland.org:2095 [301] [GET] [] [] [cloudflare] [cloudflare] [Cloudflare] [d41d8cd98f00b204e9800998ecf8427e]
http://land.decentraland.org:8080 [403] [GET] [text/plain] [] [cloudflare] [cloudflare] [Cloudflare] [4f20b85ce5ebf225720e040314a7966a]
http://land.decentraland.org:8880 [301] [GET] [] [] [cloudflare] [cloudflare] [Cloudflare] [d41d8cd98f00b204e9800998ecf8427e]
http://landing.decentraland.org:2082 [302] [GET] [] [] [cloudflare] [vhost] [cloudflare] [Cloudflare] [d41d8cd98f00b204e9800998ecf8427e]
http://landing.decentraland.org:2086 [302] [GET] [] [] [cloudflare] [vhost] [cloudflare] [Cloudflare] [d41d8cd98f00b204e9800998ecf8427e]
http://market.decentraland.org:2082 [301] [GET] [] [] [cloudflare] [cloudflare] [Cloudflare] [d41d8cd98f00b204e9800998ecf8427e]
http://market.decentraland.org:2086 [301] [GET] [] [] [cloudflare] [cloudflare] [Cloudflare] [d41d8cd98f00b204e9800998ecf8427e]
http://market-old.decentraland.org:2082 [301] [GET] [] [] [cloudflare] [cloudflare] [Cloudflare] [d41d8cd98f00b204e9800998ecf8427e]
http://market-old.decentraland.org:2086 [301] [GET] [] [] [cloudflare] [cloudflare] [Cloudflare] [d41d8cd98f00b204e9800998ecf8427e]
http://metabase.decentraland.org:2082 [302] [GET] [] [] [cloudflare] [vhost] [cloudflare] [Cloudflare] [d41d8cd98f00b204e9800998ecf8427e]
http://metabase.decentraland.org:2086 [302] [GET] [] [] [cloudflare] [vhost] [cloudflare] [Cloudflare] [d41d8cd98f00b204e9800998ecf8427e]
http://metrics.decentraland.org:2082 [302] [GET] [] [] [cloudflare] [vhost] [cloudflare] [Cloudflare] [d41d8cd98f00b204e9800998ecf8427e]
http://metrics.decentraland.org:2086 [302] [GET] [] [] [cloudflare] [vhost] [cloudflare] [Cloudflare] [d41d8cd98f00b204e9800998ecf8427e]
http://metrics.decentraland.org:2095 [302] [GET] [] [] [cloudflare] [vhost] [cloudflare] [Cloudflare] [d41d8cd98f00b204e9800998ecf8427e]
http://metrics.decentraland.org:8080 [302] [GET] [] [] [cloudflare] [vhost] [cloudflare] [Cloudflare] [d41d8cd98f00b204e9800998ecf8427e]
http://metrics.decentraland.org:8880 [302] [GET] [] [] [cloudflare] [vhost] [cloudflare] [Cloudflare] [d41d8cd98f00b204e9800998ecf8427e]
http://nft-api.decentraland.org:2082 [301] [GET] [] [] [cloudflare] [cloudflare] [Cloudflare] [d41d8cd98f00b204e9800998ecf8427e]
http://nft-api.decentraland.org:2083 [400] [GET] [text/html] [400 The plain HTTP request was sent to HTTPS port] [cloudflare] [cloudflare] [Cloudflare] [cd58783500d7fa3c58f88eb0ba22f4f8]
http://nft-api.decentraland.org:2086 [301] [GET] [] [] [cloudflare] [cloudflare] [Cloudflare] [d41d8cd98f00b204e9800998ecf8427e]
http://peer-ap1.decentraland.org:2082 [301] [GET] [] [] [cloudflare] [cloudflare] [Cloudflare] [d41d8cd98f00b204e9800998ecf8427e]
http://peer-ap1.decentraland.org:2086 [301] [GET] [] [] [cloudflare] [cloudflare] [Cloudflare] [d41d8cd98f00b204e9800998ecf8427e]
http://peer-ap1.decentraland.org:2087 [400] [GET] [text/html] [400 The plain HTTP request was sent to HTTPS port] [cloudflare] [cloudflare] [Cloudflare] [20ad84d030031252141ca0b3fc0183f0]
http://peer-ap1.decentraland.org:2095 [301] [GET] [] [] [cloudflare] [cloudflare] [Cloudflare] [d41d8cd98f00b204e9800998ecf8427e]
http://peer-ap1.decentraland.org:2096 [400] [GET] [text/html] [400 The plain HTTP request was sent to HTTPS port] [cloudflare] [cloudflare] [Cloudflare] [cd58783500d7fa3c58f88eb0ba22f4f8]
http://peer-ap1.decentraland.org:8080 [301] [GET] [] [] [cloudflare] [cloudflare] [Cloudflare] [d41d8cd98f00b204e9800998ecf8427e]
http://peer-ap1.decentraland.org:8443 [400] [GET] [text/html] [400 The plain HTTP request was sent to HTTPS port] [cloudflare] [cloudflare] [Cloudflare] [cd58783500d7fa3c58f88eb0ba22f4f8]
http://peer-ap1.decentraland.org:8880 [301] [GET] [] [] [cloudflare] [cloudflare] [Cloudflare] [d41d8cd98f00b204e9800998ecf8427e]
http://peer.decentraland.org:2082 [301] [GET] [] [] [cloudflare] [cloudflare] [Cloudflare] [d41d8cd98f00b204e9800998ecf8427e]
http://peer.decentraland.org:2083 [400] [GET] [text/html] [400 The plain HTTP request was sent to HTTPS port] [cloudflare] [cloudflare] [Cloudflare] [cd58783500d7fa3c58f88eb0ba22f4f8]
http://peer.decentraland.org:2086 [301] [GET] [] [] [cloudflare] [cloudflare] [Cloudflare] [d41d8cd98f00b204e9800998ecf8427e]
http://peer.decentraland.org:2087 [400] [GET] [text/html] [400 The plain HTTP request was sent to HTTPS port] [cloudflare] [cloudflare] [Cloudflare] [20ad84d030031252141ca0b3fc0183f0]
http://peer-ec1.decentraland.org:2082 [301] [GET] [] [] [cloudflare] [cloudflare] [Cloudflare] [d41d8cd98f00b204e9800998ecf8427e]
http://peer-ec1.decentraland.org:2083 [400] [GET] [text/html] [400 The plain HTTP request was sent to HTTPS port] [cloudflare] [cloudflare] [Cloudflare] [cd58783500d7fa3c58f88eb0ba22f4f8]
http://peer-ec1.decentraland.org:2086 [301] [GET] [] [] [cloudflare] [cloudflare] [Cloudflare] [d41d8cd98f00b204e9800998ecf8427e]
http://peer-ec1.decentraland.org:2087 [400] [GET] [text/html] [400 The plain HTTP request was sent to HTTPS port] [cloudflare] [cloudflare] [Cloudflare] [cd58783500d7fa3c58f88eb0ba22f4f8]
http://peer-ec2.decentraland.org:2082 [301] [GET] [] [] [cloudflare] [cloudflare] [Cloudflare] [d41d8cd98f00b204e9800998ecf8427e]
http://peer-ec2.decentraland.org:2083 [400] [GET] [text/html] [400 The plain HTTP request was sent to HTTPS port] [cloudflare] [cloudflare] [Cloudflare] [cd58783500d7fa3c58f88eb0ba22f4f8]
http://peer-ec2.decentraland.org:2086 [301] [GET] [] [] [cloudflare] [cloudflare] [Cloudflare] [d41d8cd98f00b204e9800998ecf8427e]
http://peer-ec2.decentraland.org:2095 [301] [GET] [] [] [cloudflare] [cloudflare] [Cloudflare] [d41d8cd98f00b204e9800998ecf8427e]
http://peer-ec2.decentraland.org:2096 [400] [GET] [text/html] [400 The plain HTTP request was sent to HTTPS port] [cloudflare] [cloudflare] [Cloudflare] [20ad84d030031252141ca0b3fc0183f0]
http://peer-ec2.decentraland.org:8080 [301] [GET] [] [] [cloudflare] [cloudflare] [Cloudflare] [d41d8cd98f00b204e9800998ecf8427e]
http://peer-ec2.decentraland.org:8443 [400] [GET] [text/html] [400 The plain HTTP request was sent to HTTPS port] [cloudflare] [cloudflare] [Cloudflare] [20ad84d030031252141ca0b3fc0183f0]
http://peer-ec2.decentraland.org:8880 [301] [GET] [] [] [cloudflare] [cloudflare] [Cloudflare] [d41d8cd98f00b204e9800998ecf8427e]
http://peer-eu1.decentraland.org:2082 [301] [GET] [] [] [cloudflare] [cloudflare] [Cloudflare] [d41d8cd98f00b204e9800998ecf8427e]
http://peer-eu1.decentraland.org:2083 [400] [GET] [text/html] [400 The plain HTTP request was sent to HTTPS port] [cloudflare] [cloudflare] [Cloudflare] [cd58783500d7fa3c58f88eb0ba22f4f8]
http://peer-eu1.decentraland.org:2086 [301] [GET] [] [] [cloudflare] [cloudflare] [Cloudflare] [d41d8cd98f00b204e9800998ecf8427e]
http://peer-eu1.decentraland.org:2087 [400] [GET] [text/html] [400 The plain HTTP request was sent to HTTPS port] [cloudflare] [cloudflare] [Cloudflare] [20ad84d030031252141ca0b3fc0183f0]
http://peer-eu1.decentraland.org:2095 [301] [GET] [] [] [cloudflare] [cloudflare] [Cloudflare] [d41d8cd98f00b204e9800998ecf8427e]
http://peer-eu1.decentraland.org:2096 [400] [GET] [text/html] [400 The plain HTTP request was sent to HTTPS port] [cloudflare] [cloudflare] [Cloudflare] [20ad84d030031252141ca0b3fc0183f0]
http://peer-eu1.decentraland.org:8080 [301] [GET] [] [] [cloudflare] [cloudflare] [Cloudflare] [d41d8cd98f00b204e9800998ecf8427e]
http://peer-eu1.decentraland.org:8443 [400] [GET] [text/html] [400 The plain HTTP request was sent to HTTPS port] [cloudflare] [cloudflare] [Cloudflare] [cd58783500d7fa3c58f88eb0ba22f4f8]
http://peer-eu1.decentraland.org:8880 [301] [GET] [] [] [cloudflare] [cloudflare] [Cloudflare] [d41d8cd98f00b204e9800998ecf8427e]
http://peer-historical.decentraland.org:2082 [301] [GET] [] [] [cloudflare] [cloudflare] [Cloudflare] [d41d8cd98f00b204e9800998ecf8427e]
http://peer-historical.decentraland.org:2083 [400] [GET] [text/html] [400 The plain HTTP request was sent to HTTPS port] [cloudflare] [cloudflare] [Cloudflare] [20ad84d030031252141ca0b3fc0183f0]
http://peer-historical.decentraland.org:2086 [301] [GET] [] [] [cloudflare] [cloudflare] [Cloudflare] [d41d8cd98f00b204e9800998ecf8427e]
http://peer-historical.decentraland.org:2087 [400] [GET] [text/html] [400 The plain HTTP request was sent to HTTPS port] [cloudflare] [cloudflare] [Cloudflare] [cd58783500d7fa3c58f88eb0ba22f4f8]
http://peer-lb.decentraland.org:2082 [301] [GET] [] [] [cloudflare] [cloudflare] [Cloudflare] [d41d8cd98f00b204e9800998ecf8427e]
http://peer-lb.decentraland.org:2083 [400] [GET] [text/html] [400 The plain HTTP request was sent to HTTPS port] [cloudflare] [cloudflare] [Cloudflare] [cd58783500d7fa3c58f88eb0ba22f4f8]
http://peer-lb.decentraland.org:2086 [301] [GET] [] [] [cloudflare] [cloudflare] [Cloudflare] [d41d8cd98f00b204e9800998ecf8427e]
http://peer-lb.decentraland.org:2087 [400] [GET] [text/html] [400 The plain HTTP request was sent to HTTPS port] [cloudflare] [cloudflare] [Cloudflare] [20ad84d030031252141ca0b3fc0183f0]
http://peer-lb.decentraland.org:2095 [301] [GET] [] [] [cloudflare] [cloudflare] [Cloudflare] [d41d8cd98f00b204e9800998ecf8427e]
http://peer-lb.decentraland.org:2096 [400] [GET] [text/html] [400 The plain HTTP request was sent to HTTPS port] [cloudflare] [cloudflare] [Cloudflare] [cd58783500d7fa3c58f88eb0ba22f4f8]
http://peer-lb.decentraland.org:8080 [301] [GET] [] [] [cloudflare] [cloudflare] [Cloudflare] [d41d8cd98f00b204e9800998ecf8427e]
http://peer-lb.decentraland.org:8443 [400] [GET] [text/html] [400 The plain HTTP request was sent to HTTPS port] [cloudflare] [cloudflare] [Cloudflare] [20ad84d030031252141ca0b3fc0183f0]
http://peer-lb.decentraland.org:8880 [301] [GET] [] [] [cloudflare] [cloudflare] [Cloudflare] [d41d8cd98f00b204e9800998ecf8427e]
http://peer-testing-2.decentraland.org:2082 [301] [GET] [] [] [cloudflare] [cloudflare] [Cloudflare] [d41d8cd98f00b204e9800998ecf8427e]
http://peer-testing-2.decentraland.org:2083 [400] [GET] [text/html] [400 The plain HTTP request was sent to HTTPS port] [cloudflare] [cloudflare] [Cloudflare] [cd58783500d7fa3c58f88eb0ba22f4f8]
http://peer-testing-2.decentraland.org:2086 [301] [GET] [] [] [cloudflare] [cloudflare] [Cloudflare] [d41d8cd98f00b204e9800998ecf8427e]
http://peer-testing-2.decentraland.org:2087 [400] [GET] [text/html] [400 The plain HTTP request was sent to HTTPS port] [cloudflare] [cloudflare] [Cloudflare] [cd58783500d7fa3c58f88eb0ba22f4f8]
http://peer-testing-3.decentraland.org:2082 [301] [GET] [] [] [cloudflare] [cloudflare] [Cloudflare] [d41d8cd98f00b204e9800998ecf8427e]
http://peer-testing-3.decentraland.org:2083 [400] [GET] [text/html] [400 The plain HTTP request was sent to HTTPS port] [cloudflare] [cloudflare] [Cloudflare] [20ad84d030031252141ca0b3fc0183f0]
http://peer-testing-3.decentraland.org:2086 [301] [GET] [] [] [cloudflare] [cloudflare] [Cloudflare] [d41d8cd98f00b204e9800998ecf8427e]
http://peer-testing-3.decentraland.org:2087 [400] [GET] [text/html] [400 The plain HTTP request was sent to HTTPS port] [cloudflare] [cloudflare] [Cloudflare] [cd58783500d7fa3c58f88eb0ba22f4f8]
http://peer-testing.decentraland.org:2082 [301] [GET] [] [] [cloudflare] [cloudflare] [Cloudflare] [d41d8cd98f00b204e9800998ecf8427e]
http://peer-testing.decentraland.org:2083 [400] [GET] [text/html] [400 The plain HTTP request was sent to HTTPS port] [cloudflare] [cloudflare] [Cloudflare] [20ad84d030031252141ca0b3fc0183f0]
http://peer-testing.decentraland.org:2086 [301] [GET] [] [] [cloudflare] [cloudflare] [Cloudflare] [d41d8cd98f00b204e9800998ecf8427e]
http://peer-testing.decentraland.org:2087 [400] [GET] [text/html] [400 The plain HTTP request was sent to HTTPS port] [cloudflare] [cloudflare] [Cloudflare] [20ad84d030031252141ca0b3fc0183f0]
http://peer-wc1.decentraland.org:2082 [301] [GET] [] [] [cloudflare] [cloudflare] [Cloudflare] [d41d8cd98f00b204e9800998ecf8427e]
http://peer-wc1.decentraland.org:2083 [400] [GET] [text/html] [400 The plain HTTP request was sent to HTTPS port] [cloudflare] [cloudflare] [Cloudflare] [cd58783500d7fa3c58f88eb0ba22f4f8]
http://peer-wc1.decentraland.org:2086 [301] [GET] [] [] [cloudflare] [cloudflare] [Cloudflare] [d41d8cd98f00b204e9800998ecf8427e]
http://peer-wc1.decentraland.org:2087 [400] [GET] [text/html] [400 The plain HTTP request was sent to HTTPS port] [cloudflare] [cloudflare] [Cloudflare] [cd58783500d7fa3c58f88eb0ba22f4f8]
http://peer-wc1.decentraland.org:2095 [301] [GET] [] [] [cloudflare] [cloudflare] [Cloudflare] [d41d8cd98f00b204e9800998ecf8427e]
http://peer-wc1.decentraland.org:2096 [400] [GET] [text/html] [400 The plain HTTP request was sent to HTTPS port] [cloudflare] [cloudflare] [Cloudflare] [cd58783500d7fa3c58f88eb0ba22f4f8]
http://peer-wc1.decentraland.org:8080 [301] [GET] [] [] [cloudflare] [cloudflare] [Cloudflare] [d41d8cd98f00b204e9800998ecf8427e]
http://peer-wc1.decentraland.org:8443 [400] [GET] [text/html] [400 The plain HTTP request was sent to HTTPS port] [cloudflare] [cloudflare] [Cloudflare] [cd58783500d7fa3c58f88eb0ba22f4f8]
http://peer-wc1.decentraland.org:8880 [301] [GET] [] [] [cloudflare] [cloudflare] [Cloudflare] [d41d8cd98f00b204e9800998ecf8427e]
http://play.decentraland.org:2082 [301] [GET] [] [] [cloudflare] [cloudflare] [Cloudflare] [d41d8cd98f00b204e9800998ecf8427e]
http://play.decentraland.org:2086 [301] [GET] [] [] [cloudflare] [cloudflare] [Cloudflare] [d41d8cd98f00b204e9800998ecf8427e]
http://play.decentraland.org:2095 [301] [GET] [] [] [cloudflare] [cloudflare] [Cloudflare] [d41d8cd98f00b204e9800998ecf8427e]
http://play.decentraland.org:8080 [301] [GET] [] [] [cloudflare] [cloudflare] [Cloudflare] [d41d8cd98f00b204e9800998ecf8427e]
http://play.decentraland.org:8880 [301] [GET] [] [] [cloudflare] [cloudflare] [Cloudflare] [d41d8cd98f00b204e9800998ecf8427e]
http://poap-api.decentraland.org:2082 [301] [GET] [] [] [cloudflare] [cloudflare] [Cloudflare] [d41d8cd98f00b204e9800998ecf8427e]
http://poap-api.decentraland.org:2083 [400] [GET] [text/html] [400 The plain HTTP request was sent to HTTPS port] [cloudflare] [cloudflare] [Cloudflare] [cd58783500d7fa3c58f88eb0ba22f4f8]
http://poap-api.decentraland.org:2086 [301] [GET] [] [] [cloudflare] [cloudflare] [Cloudflare] [d41d8cd98f00b204e9800998ecf8427e]
http://poap-api.decentraland.org:2087 [400] [GET] [text/html] [400 The plain HTTP request was sent to HTTPS port] [cloudflare] [cloudflare] [Cloudflare] [cd58783500d7fa3c58f88eb0ba22f4f8]
http://poap.decentraland.org:2082 [301] [GET] [] [] [cloudflare] [cloudflare] [Cloudflare] [d41d8cd98f00b204e9800998ecf8427e]
http://poap.decentraland.org:2086 [301] [GET] [] [] [cloudflare] [cloudflare] [Cloudflare] [d41d8cd98f00b204e9800998ecf8427e]
http://purge.decentraland.org:2082 [301] [GET] [] [] [cloudflare] [cloudflare] [Cloudflare] [d41d8cd98f00b204e9800998ecf8427e]
http://purge.decentraland.org:2083 [400] [GET] [text/html] [400 The plain HTTP request was sent to HTTPS port] [cloudflare] [cloudflare] [Cloudflare] [20ad84d030031252141ca0b3fc0183f0]
http://purge.decentraland.org:2086 [301] [GET] [] [] [cloudflare] [cloudflare] [Cloudflare] [d41d8cd98f00b204e9800998ecf8427e]
http://purge.decentraland.org:2087 [400] [GET] [text/html] [400 The plain HTTP request was sent to HTTPS port] [cloudflare] [cloudflare] [Cloudflare] [cd58783500d7fa3c58f88eb0ba22f4f8]
http://purge.decentraland.org:2095 [301] [GET] [] [] [cloudflare] [cloudflare] [Cloudflare] [d41d8cd98f00b204e9800998ecf8427e]
http://purge.decentraland.org:2096 [400] [GET] [text/html] [400 The plain HTTP request was sent to HTTPS port] [cloudflare] [cloudflare] [Cloudflare] [cd58783500d7fa3c58f88eb0ba22f4f8]
http://purge.decentraland.org:8080 [301] [GET] [] [] [cloudflare] [cloudflare] [Cloudflare] [d41d8cd98f00b204e9800998ecf8427e]
http://purge.decentraland.org:8443 [400] [GET] [text/html] [400 The plain HTTP request was sent to HTTPS port] [cloudflare] [cloudflare] [Cloudflare] [cd58783500d7fa3c58f88eb0ba22f4f8]
http://purge.decentraland.org:8880 [301] [GET] [] [] [cloudflare] [cloudflare] [Cloudflare] [d41d8cd98f00b204e9800998ecf8427e]
http://quests-api.decentraland.org:2082 [301] [GET] [] [] [cloudflare] [cloudflare] [Cloudflare] [d41d8cd98f00b204e9800998ecf8427e]
http://quests-api.decentraland.org:2083 [400] [GET] [text/html] [400 The plain HTTP request was sent to HTTPS port] [cloudflare] [cloudflare] [Cloudflare] [cd58783500d7fa3c58f88eb0ba22f4f8]
http://quests-api.decentraland.org:2086 [301] [GET] [] [] [cloudflare] [cloudflare] [Cloudflare] [d41d8cd98f00b204e9800998ecf8427e]
http://quests-api.decentraland.org:2087 [400] [GET] [text/html] [400 The plain HTTP request was sent to HTTPS port] [cloudflare] [cloudflare] [Cloudflare] [cd58783500d7fa3c58f88eb0ba22f4f8]
http://quests-api.decentraland.org:2095 [301] [GET] [] [] [cloudflare] [cloudflare] [Cloudflare] [d41d8cd98f00b204e9800998ecf8427e]
http://quests-api.decentraland.org:2096 [400] [GET] [text/html] [400 The plain HTTP request was sent to HTTPS port] [cloudflare] [cloudflare] [Cloudflare] [cd58783500d7fa3c58f88eb0ba22f4f8]
http://quests-api.decentraland.org:8080 [301] [GET] [] [] [cloudflare] [cloudflare] [Cloudflare] [d41d8cd98f00b204e9800998ecf8427e]
http://quests-api.decentraland.org:8443 [400] [GET] [text/html] [400 The plain HTTP request was sent to HTTPS port] [cloudflare] [cloudflare] [Cloudflare] [cd58783500d7fa3c58f88eb0ba22f4f8]
http://quests-api.decentraland.org:8880 [301] [GET] [] [] [cloudflare] [cloudflare] [Cloudflare] [d41d8cd98f00b204e9800998ecf8427e]
http://rewards.decentraland.org:2082 [301] [GET] [] [] [cloudflare] [cloudflare] [Cloudflare] [d41d8cd98f00b204e9800998ecf8427e]
http://rewards.decentraland.org:2083 [400] [GET] [text/html] [400 The plain HTTP request was sent to HTTPS port] [cloudflare] [cloudflare] [Cloudflare] [cd58783500d7fa3c58f88eb0ba22f4f8]
http://rewards.decentraland.org:2086 [301] [GET] [] [] [cloudflare] [cloudflare] [Cloudflare] [d41d8cd98f00b204e9800998ecf8427e]
http://rewards.decentraland.org:2087 [400] [GET] [text/html] [400 The plain HTTP request was sent to HTTPS port] [cloudflare] [cloudflare] [Cloudflare] [cd58783500d7fa3c58f88eb0ba22f4f8]
http://rpc.decentraland.org:2082 [301] [GET] [] [] [cloudflare] [cloudflare] [Cloudflare] [d41d8cd98f00b204e9800998ecf8427e]
http://rpc.decentraland.org:2086 [301] [GET] [] [] [cloudflare] [cloudflare] [Cloudflare] [d41d8cd98f00b204e9800998ecf8427e]
https://account.decentraland.org [200] [GET] [text/html] [Decentraland | Account] [cloudflare] [vhost] [cloudflare] [Amazon Cloudfront,Amazon Web Services,Cloudflare] [491a45114213f5f5dadf9eb6de05bcd7]
https://account.decentraland.org [200] [GET] [text/html] [Decentraland | Account] [cloudflare] [vhost] [cloudflare] [Amazon Cloudfront,Amazon Web Services,Cloudflare] [a47a15a3e940403347bc1b14079309f3]
https://account.decentraland.org:2083 [200] [GET] [text/html] [Decentraland | Account] [cloudflare] [vhost] [cloudflare] [Amazon Cloudfront,Amazon Web Services,Cloudflare] [bcfca9b8a144d71dd82153a9364b99fc]
https://account.decentraland.org:2087 [200] [GET] [text/html] [Decentraland | Account] [cloudflare] [vhost] [cloudflare] [Amazon Cloudfront,Amazon Web Services,Cloudflare] [18bd511dd40b9733833e6794a06344dc]
https://account.decentraland.org:2096 [200] [GET] [text/html] [Decentraland | Account] [cloudflare] [vhost] [cloudflare] [Amazon Cloudfront,Amazon Web Services,Cloudflare] [01765e6f8a99f619a057468a063055b7]
https://account.decentraland.org:8443 [200] [GET] [text/html] [Decentraland | Account] [cloudflare] [vhost] [cloudflare] [Amazon Cloudfront,Amazon Web Services,Cloudflare] [4ff4bdc5d28bebec9693bad1805be6ce]
https://a.decentraland.org [200] [GET] [text/html] [] [cloudflare] [vhost] [cloudflare] [Cloudflare,Express,Node.js] [6aa7589fa685e689ccab48e67deb5288]
https://agora.decentraland.org [200] [GET] [text/html] [Agora | Decentraland] [AmazonS3] [vhost] [cloudfront] [Amazon Cloudfront,Amazon S3,Amazon Web Services] [8fff6dde8f10e4e61203877c5b8cc530]
https://api.decentraland.org [404] [GET] [text/plain] [] [cloudflare] [vhost] [cloudflare] [Cloudflare] [9e076f5885f5cc16a4b5aeb8de4adff5]
https://assets.decentraland.org:2083 [403] [GET] [text/html] [Attention Required! | Cloudflare] [cloudflare] [vhost] [cloudflare] [Cloudflare] [f27cec589a60b893aeae3176f7a804bb]
https://assets.decentraland.org [403] [GET] [application/xml] [] [cloudflare] [vhost] [cloudflare] [Amazon Web Services,Cloudflare] [34093ff71a125ad6acc948f4a6481d30]
https://assets.decentraland.org [403] [GET] [application/xml] [] [cloudflare] [vhost] [cloudflare] [Amazon Web Services,Cloudflare] [50b489c2a0f680a0f8bc9eb6c38231e3]
https://blog.decentraland.org:2083 [302] [GET] [] [] [cloudflare] [vhost] [cloudflare] [Cloudflare] [d41d8cd98f00b204e9800998ecf8427e]
https://blog.decentraland.org:2087 [302] [GET] [] [] [cloudflare] [vhost] [cloudflare] [Cloudflare] [d41d8cd98f00b204e9800998ecf8427e]
https://blog.decentraland.org:2096 [302] [GET] [] [] [cloudflare] [vhost] [cloudflare] [Cloudflare] [d41d8cd98f00b204e9800998ecf8427e]
https://blog.decentraland.org [302] [GET] [] [] [cloudflare] [vhost] [cloudflare] [Cloudflare] [d41d8cd98f00b204e9800998ecf8427e]
https://blog.decentraland.org:8443 [302] [GET] [] [] [cloudflare] [vhost] [cloudflare] [Cloudflare] [d41d8cd98f00b204e9800998ecf8427e]
https://builder-api.decentraland.org [404] [GET] [text/html] [Error] [cloudflare] [vhost] [cloudflare] [Cloudflare,Express,Node.js] [da7da7d630292e7a2a7dda8ca87b3d39]
https://builder.decentraland.org [200] [GET] [text/html] [Builder | Decentraland] [cloudflare] [vhost] [cloudflare] [Amazon Cloudfront,Amazon Web Services,Cloudflare] [4ede8ba6c527b30da58e7bc5e91f43f2]
https://builder.decentraland.org [200] [GET] [text/html] [Builder | Decentraland] [cloudflare] [vhost] [cloudflare] [Amazon Cloudfront,Amazon Web Services,Cloudflare] [95287e7ac16395d5db605c8f2a9abc9e]
https://builder.decentraland.org:2083 [200] [GET] [text/html] [Builder | Decentraland] [cloudflare] [vhost] [cloudflare] [Amazon Cloudfront,Amazon Web Services,Cloudflare] [ea671fc173f8aa6fe3aaf4f89bcd4ade]
https://builder.decentraland.org:2087 [200] [GET] [text/html] [Builder | Decentraland] [cloudflare] [vhost] [cloudflare] [Amazon Cloudfront,Amazon Web Services,Cloudflare] [5ee05b189580d9e4ea97299b467f44ec]
https://builder.decentraland.org:2096 [200] [GET] [text/html] [Builder | Decentraland] [cloudflare] [vhost] [cloudflare] [Amazon Cloudfront,Amazon Web Services,Cloudflare] [e32d7122ac1a0dfedefd12ad64be1e76]
https://builder.decentraland.org:8443 [200] [GET] [text/html] [Builder | Decentraland] [cloudflare] [vhost] [cloudflare] [Amazon Cloudfront,Amazon Web Services,Cloudflare] [3de9240ae93a7487ad6d2954f057746b]
https://builder-old.decentraland.org:2083 [530] [GET] [text/html] [Origin DNS error | builder-old.decentraland.org | Cloudflare] [cloudflare] [vhost] [cloudflare] [Cloudflare] [4fe5cd14f12e6ee2015e2f76150f4ed9]
https://builder-old.decentraland.org:2087 [530] [GET] [text/html] [Origin DNS error | builder-old.decentraland.org | Cloudflare] [cloudflare] [vhost] [cloudflare] [Cloudflare] [043fa91785c953039df90d635ac09415]
https://builder-old.decentraland.org [530] [GET] [text/html] [Origin DNS error | builder-old.decentraland.org | Cloudflare] [cloudflare] [vhost] [cloudflare] [Cloudflare] [9f4993021b5e3462d2b230e604c99456]
https://builder-old.decentraland.org [530] [GET] [text/html] [Origin DNS error | builder-old.decentraland.org | Cloudflare] [cloudflare] [vhost] [cloudflare] [Cloudflare] [c0e62ca0480186ed3ec814c2f1c7d8d1]
https://cdn-data.decentraland.org [404] [GET] [text/html] [404 Not Found] [cloudflare] [vhost] [cloudflare] [Amazon Cloudfront,Amazon Web Services,Cloudflare] [ba52aeb0e887586e1eaa13ac4974091d]
https://cdn-data.decentraland.org [404] [GET] [text/html] [404 Not Found] [cloudflare] [vhost] [cloudflare] [Amazon Cloudfront,Amazon Web Services,Cloudflare] [e8d5e7716ed30f978d579a7f7ef7bb54]
https://cdn.decentraland.org [404] [GET] [text/html] [404 Not Found] [cloudflare] [vhost] [cloudflare] [Amazon Cloudfront,Amazon Web Services,Cloudflare] [211a7ee680335c7a00cfd6505e600937]
https://cdn.decentraland.org [404] [GET] [text/html] [404 Not Found] [cloudflare] [vhost] [cloudflare] [Amazon Cloudfront,Amazon Web Services,Cloudflare] [edcf4acaebba010b28ee36445b4bc668]
https://config.decentraland.org:2083 [302] [GET] [] [] [cloudflare] [vhost] [cloudflare] [Cloudflare] [d41d8cd98f00b204e9800998ecf8427e]
https://config.decentraland.org:2087 [302] [GET] [] [] [cloudflare] [vhost] [cloudflare] [Cloudflare] [d41d8cd98f00b204e9800998ecf8427e]
https://config.decentraland.org:2096 [302] [GET] [] [] [cloudflare] [vhost] [cloudflare] [Cloudflare] [d41d8cd98f00b204e9800998ecf8427e]
https://config.decentraland.org [302] [GET] [] [] [cloudflare] [vhost] [cloudflare] [Cloudflare] [d41d8cd98f00b204e9800998ecf8427e]
https://config.decentraland.org:8443 [302] [GET] [] [] [cloudflare] [vhost] [cloudflare] [Cloudflare] [d41d8cd98f00b204e9800998ecf8427e]
https://content-assets-as-bundle.decentraland.org:2083 [302] [GET] [] [] [cloudflare] [vhost] [cloudflare] [Cloudflare] [d41d8cd98f00b204e9800998ecf8427e]
https://content-assets-as-bundle.decentraland.org:2087 [302] [GET] [] [] [cloudflare] [vhost] [cloudflare] [Cloudflare] [d41d8cd98f00b204e9800998ecf8427e]
https://content-assets-as-bundle.decentraland.org:2096 [302] [GET] [] [] [cloudflare] [vhost] [cloudflare] [Cloudflare] [d41d8cd98f00b204e9800998ecf8427e]
https://content-assets-as-bundle.decentraland.org [302] [GET] [] [] [cloudflare] [vhost] [cloudflare] [Cloudflare] [d41d8cd98f00b204e9800998ecf8427e]
https://content-assets-as-bundle.decentraland.org:8443 [302] [GET] [] [] [cloudflare] [vhost] [cloudflare] [Cloudflare] [d41d8cd98f00b204e9800998ecf8427e]
https://content-assets.decentraland.org [200] [GET] [application/xml] [] [cloudflare] [vhost] [cloudflare] [Amazon Web Services,Cloudflare] [7c6b1bd7dc94efe859786bac4ebd93fe]
https://content.decentraland.org:2083 [530] [GET] [text/html] [Origin DNS error | content.decentraland.org | Cloudflare] [cloudflare] [vhost] [cloudflare] [Cloudflare] [22b4d136b885b913f5da92e5c477c61d]
https://content.decentraland.org:2087 [403] [GET] [text/plain] [] [cloudflare] [vhost] [cloudflare] [Cloudflare] [4f20b85ce5ebf225720e040314a7966a]
https://content.decentraland.org:2096 [530] [GET] [text/html] [Origin DNS error | content.decentraland.org | Cloudflare] [cloudflare] [vhost] [cloudflare] [Cloudflare] [28e8a438c1bbba0f0fc26deba59fdcd2]
https://content.decentraland.org [530] [GET] [text/html] [Origin DNS error | content.decentraland.org | Cloudflare] [cloudflare] [vhost] [cloudflare] [Cloudflare] [3a5228f74edfcfdd97379698dc78df9b]
https://content.decentraland.org [530] [GET] [text/html] [Origin DNS error | content.decentraland.org | Cloudflare] [cloudflare] [vhost] [cloudflare] [Cloudflare] [6c7d3fd50f99f382be66ebb721f78a7b]
https://content.decentraland.org:8443 [530] [GET] [text/html] [Origin DNS error | content.decentraland.org | Cloudflare] [cloudflare] [vhost] [cloudflare] [Cloudflare] [1ea8c8f71139a07cd2d89983b9c567c5]
https://contracts.decentraland.org [200] [GET] [text/html] [Contract Addresses | contracts] [cloudflare] [vhost] [cloudflare] [Cloudflare,Fastly,GitHub Pages,Jekyll:v3.9.2,Varnish] [6082692fefc6ead3373d62ed66959a88]
https://contracts.decentraland.org [200] [GET] [text/html] [Contract Addresses | contracts] [cloudflare] [vhost] [cloudflare] [Cloudflare,Fastly,GitHub Pages,Jekyll:v3.9.2,Varnish] [db49fa66958dba5383a748a24fa9bea6]
https://dao.decentraland.org [200] [GET] [text/html] [] [cloudflare] [vhost] [cloudflare] [Amazon Web Services,Cloudflare,Gatsby:2.20.29,React,webpack] [a024ef203c43780f134153cfae048129]
https://dao.decentraland.org [200] [GET] [text/html] [] [cloudflare] [vhost] [cloudflare] [Amazon Web Services,Cloudflare,Gatsby:2.20.29,React,webpack] [ef5c9dc10d1087d75f3a5d1f962febd1]
https://data.decentraland.org [200] [GET] [text/html] [] [Vercel] [vhost] [Vercel] [05ab330dafb7e020b3baf320c0272b45]
https://decentraland.org [200] [GET] [text/html] [Welcome to Decentraland] [cloudflare] [vhost] [cloudflare] [Amazon Cloudfront,Amazon Web Services,Cloudflare,Gatsby:4.5.4,React,hCaptcha,webpack] [bab79e8a2a11ae19cc856a42a15e54e3]
https://delegatecontent.decentraland.org [200] [GET] [text/html] [Update Manager | Decentraland] [cloudflare] [vhost] [cloudflare] [Cloudflare,Vercel] [fa2c076c11779474a59e437a07207fef]
https://delegatecontent.decentraland.org [200] [GET] [text/html] [Update Manager | Decentraland] [cloudflare] [vhost] [cloudflare] [Cloudflare,Vercel] [fd1fa408015ec8dbad207ef60dce9794]
https://developer.decentraland.org:2083 [302] [GET] [] [] [cloudflare] [vhost] [cloudflare] [Cloudflare] [d41d8cd98f00b204e9800998ecf8427e]
https://developer.decentraland.org:2087 [302] [GET] [] [] [cloudflare] [vhost] [cloudflare] [Cloudflare] [d41d8cd98f00b204e9800998ecf8427e]
https://developer.decentraland.org [302] [GET] [] [] [cloudflare] [vhost] [cloudflare] [Cloudflare] [d41d8cd98f00b204e9800998ecf8427e]
https://developers.decentraland.org:2083 [302] [GET] [] [] [cloudflare] [vhost] [cloudflare] [Cloudflare] [d41d8cd98f00b204e9800998ecf8427e]
https://developers.decentraland.org:2087 [302] [GET] [] [] [cloudflare] [vhost] [cloudflare] [Cloudflare] [d41d8cd98f00b204e9800998ecf8427e]
https://developers.decentraland.org [302] [GET] [] [] [cloudflare] [vhost] [cloudflare] [Cloudflare] [d41d8cd98f00b204e9800998ecf8427e]
https://discord.decentraland.org [200] [GET] [text/html] [Decentraland Discord Captcha] [cloudflare] [vhost] [cloudflare] [Amazon Cloudfront,Amazon Web Services,Cloudflare] [5a73a4f6fa1b9368d262c10e606d6cac]
https://discord.decentraland.org [200] [GET] [text/html] [Decentraland Discord Captcha] [cloudflare] [vhost] [cloudflare] [Amazon Cloudfront,Amazon Web Services,Cloudflare] [81ee34c45abf9ea784125a697af5ad6f]
https://discord.decentraland.org:2083 [200] [GET] [text/html] [Decentraland Discord Captcha] [cloudflare] [vhost] [cloudflare] [Amazon Cloudfront,Amazon Web Services,Cloudflare] [54a750e4b338a6d8d77b1ebe5580fc5f]
https://discord.decentraland.org:2087 [200] [GET] [text/html] [Decentraland Discord Captcha] [cloudflare] [vhost] [cloudflare] [Amazon Cloudfront,Amazon Web Services,Cloudflare] [1a987304e9c0bd224c8a21b35f77e217]
http://sdk-content-server.decentraland.org:2082 [301] [GET] [] [] [cloudflare] [cloudflare] [Cloudflare] [d41d8cd98f00b204e9800998ecf8427e]
http://sdk-content-server.decentraland.org:2083 [400] [GET] [text/html] [400 The plain HTTP request was sent to HTTPS port] [cloudflare] [cloudflare] [Cloudflare] [20ad84d030031252141ca0b3fc0183f0]
http://sdk-content-server.decentraland.org:2086 [301] [GET] [] [] [cloudflare] [cloudflare] [Cloudflare] [d41d8cd98f00b204e9800998ecf8427e]
http://sdk-content-server.decentraland.org:2087 [400] [GET] [text/html] [400 The plain HTTP request was sent to HTTPS port] [cloudflare] [cloudflare] [Cloudflare] [cd58783500d7fa3c58f88eb0ba22f4f8]
http://sdk-content-server.decentraland.org:2095 [301] [GET] [] [] [cloudflare] [cloudflare] [Cloudflare] [d41d8cd98f00b204e9800998ecf8427e]
http://sdk-content-server.decentraland.org:2096 [400] [GET] [text/html] [400 The plain HTTP request was sent to HTTPS port] [cloudflare] [cloudflare] [Cloudflare] [cd58783500d7fa3c58f88eb0ba22f4f8]
http://sdk-content-server.decentraland.org:8080 [301] [GET] [] [] [cloudflare] [cloudflare] [Cloudflare] [d41d8cd98f00b204e9800998ecf8427e]
http://sdk-content-server.decentraland.org:8443 [400] [GET] [text/html] [400 The plain HTTP request was sent to HTTPS port] [cloudflare] [cloudflare] [Cloudflare] [20ad84d030031252141ca0b3fc0183f0]
http://sdk-content-server.decentraland.org:8880 [301] [GET] [] [] [cloudflare] [cloudflare] [Cloudflare] [d41d8cd98f00b204e9800998ecf8427e]
http://sdk-team-cdn.decentraland.org:2082 [301] [GET] [] [] [cloudflare] [cloudflare] [Cloudflare] [d41d8cd98f00b204e9800998ecf8427e]
http://sdk-team-cdn.decentraland.org:2083 [400] [GET] [text/html] [400 The plain HTTP request was sent to HTTPS port] [cloudflare] [cloudflare] [Cloudflare] [20ad84d030031252141ca0b3fc0183f0]
http://sdk-team-cdn.decentraland.org:2086 [301] [GET] [] [] [cloudflare] [cloudflare] [Cloudflare] [d41d8cd98f00b204e9800998ecf8427e]
http://sdk-team-cdn.decentraland.org:2087 [400] [GET] [text/html] [400 The plain HTTP request was sent to HTTPS port] [cloudflare] [cloudflare] [Cloudflare] [20ad84d030031252141ca0b3fc0183f0]
https://docs.decentraland.org [200] [GET] [text/html] [Decentraland | Decentraland Documentation] [cloudflare] [vhost] [cloudflare] [Amazon Cloudfront,Amazon Web Services,Cloudflare,Jekyll:v3.8.4] [7f1724fd64393239c525cb7b43ca7b42]
https://docs.decentraland.org [200] [GET] [text/html] [Decentraland | Decentraland Documentation] [cloudflare] [vhost] [cloudflare] [Amazon Cloudfront,Amazon Web Services,Cloudflare,Jekyll:v3.8.4] [b6a96cb363409e3a0eb747309b7b41a7]
http://segment.decentraland.org:2082 [301] [GET] [] [] [cloudflare] [cloudflare] [Cloudflare] [d41d8cd98f00b204e9800998ecf8427e]
http://segment.decentraland.org:2086 [301] [GET] [] [] [cloudflare] [cloudflare] [Cloudflare] [d41d8cd98f00b204e9800998ecf8427e]
http://segment.decentraland.org:2095 [301] [GET] [] [] [cloudflare] [cloudflare] [Cloudflare] [d41d8cd98f00b204e9800998ecf8427e]
http://segment.decentraland.org:8080 [301] [GET] [] [] [cloudflare] [cloudflare] [Cloudflare] [d41d8cd98f00b204e9800998ecf8427e]
http://segment.decentraland.org:8880 [301] [GET] [] [] [cloudflare] [cloudflare] [Cloudflare] [d41d8cd98f00b204e9800998ecf8427e]
https://events.decentraland.org [200] [GET] [text/html] [Decentraland Events] [cloudflare] [vhost] [cloudflare] [Amazon Cloudfront,Amazon Web Services,Cloudflare,Gatsby:4.1.2,React,webpack] [67a12d44f8e4e32c4db201a70f6bc659]
https://events.decentraland.org [403] [GET] [text/plain] [] [cloudflare] [vhost] [cloudflare] [Cloudflare] [4f20b85ce5ebf225720e040314a7966a]
https://explorer-artifacts.decentraland.org [404] [GET] [text/html] [404 Not Found] [AmazonS3] [vhost] [cloudfront] [Amazon Cloudfront,Amazon S3,Amazon Web Services] [20eb82e0f322c9cd8f9a49ae72b5c7f0]
https://explorer-artifacts.decentraland.org [404] [GET] [text/html] [404 Not Found] [AmazonS3] [vhost] [cloudfront] [Amazon Cloudfront,Amazon S3,Amazon Web Services] [a9b9eb9b97a18729fc27547ffa4c9ab3]
https://explorer-config.decentraland.org [200] [GET] [application/xml] [] [cloudflare] [vhost] [cloudflare] [Amazon Web Services,Cloudflare] [8ed6bcdecdccdf2e3495c41644e2030f]
https://explorer.decentraland.org:2083 [301] [GET] [] [] [cloudflare] [vhost] [cloudflare] [Cloudflare] [d41d8cd98f00b204e9800998ecf8427e]
https://explorer.decentraland.org:2087 [301] [GET] [] [] [cloudflare] [vhost] [cloudflare] [Cloudflare] [d41d8cd98f00b204e9800998ecf8427e]
https://explorer.decentraland.org:2096 [301] [GET] [] [] [cloudflare] [vhost] [cloudflare] [Cloudflare] [d41d8cd98f00b204e9800998ecf8427e]
https://explorer.decentraland.org [301] [GET] [] [] [cloudflare] [vhost] [cloudflare] [Cloudflare] [d41d8cd98f00b204e9800998ecf8427e]
https://explorer.decentraland.org:8443 [301] [GET] [] [] [cloudflare] [vhost] [cloudflare] [Cloudflare] [d41d8cd98f00b204e9800998ecf8427e]
https://explorer-metrics.decentraland.org [404] [GET] [text/plain] [] [cloudflare] [vhost] [cloudflare] [Cloudflare] [9e076f5885f5cc16a4b5aeb8de4adff5]
https://feature-flags.decentraland.org:2083 [404] [GET] [text/plain] [] [cloudflare] [vhost] [cloudflare] [Cloudflare] [9e076f5885f5cc16a4b5aeb8de4adff5]
https://feature-flags.decentraland.org:2087 [404] [GET] [text/plain] [] [cloudflare] [vhost] [cloudflare] [Cloudflare] [9e076f5885f5cc16a4b5aeb8de4adff5]
https://feature-flags.decentraland.org:2096 [404] [GET] [text/plain] [] [cloudflare] [vhost] [cloudflare] [Cloudflare] [9e076f5885f5cc16a4b5aeb8de4adff5]
https://feature-flags.decentraland.org [404] [GET] [text/plain] [] [cloudflare] [vhost] [cloudflare] [Cloudflare] [9e076f5885f5cc16a4b5aeb8de4adff5]
https://feature-flags.decentraland.org:8443 [404] [GET] [text/plain] [] [cloudflare] [vhost] [cloudflare] [Cloudflare] [9e076f5885f5cc16a4b5aeb8de4adff5]
https://forum.decentraland.org [200] [GET] [text/html] [Decentraland] [nginx] [vhost] [Discourse,Nginx,Ruby on Rails] [19bb1ffed343dbf5d84c5bbb56dc2844]
https://forum.decentraland.org [200] [GET] [text/html] [Decentraland] [nginx] [vhost] [Discourse,Nginx,Ruby on Rails] [1e0333e3303bc600a900b64521b879d2]
https://gate.decentraland.org:2083 [530] [GET] [text/html] [Origin DNS error | gate.decentraland.org | Cloudflare] [cloudflare] [vhost] [cloudflare] [Cloudflare] [0f14ca03651e4a03951b91e6bfc6dd72]
https://gate.decentraland.org:2087 [530] [GET] [text/html] [Origin DNS error | gate.decentraland.org | Cloudflare] [cloudflare] [vhost] [cloudflare] [Cloudflare] [04192c08091369c8d159377760a79031]
https://gate.decentraland.org [530] [GET] [text/html] [Origin DNS error | gate.decentraland.org | Cloudflare] [cloudflare] [vhost] [cloudflare] [Cloudflare] [dd94d5990ba5d1ad7445df86ee2835be]
https://gate.decentraland.org [530] [GET] [text/html] [Origin DNS error | gate.decentraland.org | Cloudflare] [cloudflare] [vhost] [cloudflare] [Cloudflare] [df676db01d52d26487549fd4a2e74c37]
https://governance.decentraland.org [200] [GET] [text/html] [Decentraland DAO] [cloudflare] [vhost] [cloudflare] [Amazon Cloudfront,Amazon Web Services,Cloudflare,Gatsby:4.11.1,React,webpack] [e827e09d1f0a9f53193ee4799e134bce]
https://hack.decentraland.org:2083 [302] [GET] [] [] [cloudflare] [vhost] [cloudflare] [Cloudflare] [d41d8cd98f00b204e9800998ecf8427e]
https://hack.decentraland.org:2087 [302] [GET] [] [] [cloudflare] [vhost] [cloudflare] [Cloudflare] [d41d8cd98f00b204e9800998ecf8427e]
https://hack.decentraland.org:2096 [302] [GET] [] [] [cloudflare] [vhost] [cloudflare] [Cloudflare] [d41d8cd98f00b204e9800998ecf8427e]
https://hack.decentraland.org [302] [GET] [] [] [cloudflare] [vhost] [cloudflare] [Cloudflare] [d41d8cd98f00b204e9800998ecf8427e]
https://hack.decentraland.org:8443 [302] [GET] [] [] [cloudflare] [vhost] [cloudflare] [Cloudflare] [d41d8cd98f00b204e9800998ecf8427e]
http://share.decentraland.org:2082 [301] [GET] [] [] [cloudflare] [cloudflare] [Cloudflare] [d41d8cd98f00b204e9800998ecf8427e]
http://share.decentraland.org:2086 [301] [GET] [] [] [cloudflare] [cloudflare] [Cloudflare] [d41d8cd98f00b204e9800998ecf8427e]
https://land.decentraland.org:2083 [301] [GET] [] [] [cloudflare] [vhost] [cloudflare] [Cloudflare] [d41d8cd98f00b204e9800998ecf8427e]
https://land.decentraland.org:2087 [301] [GET] [] [] [cloudflare] [vhost] [cloudflare] [Cloudflare] [d41d8cd98f00b204e9800998ecf8427e]
https://land.decentraland.org:2096 [301] [GET] [] [] [cloudflare] [vhost] [cloudflare] [Cloudflare] [d41d8cd98f00b204e9800998ecf8427e]
https://land.decentraland.org [301] [GET] [] [] [cloudflare] [vhost] [cloudflare] [Cloudflare] [d41d8cd98f00b204e9800998ecf8427e]
https://land.decentraland.org:8443 [301] [GET] [] [] [cloudflare] [vhost] [cloudflare] [Cloudflare] [d41d8cd98f00b204e9800998ecf8427e]
https://landing.decentraland.org:2083 [302] [GET] [] [] [cloudflare] [vhost] [cloudflare] [Cloudflare] [d41d8cd98f00b204e9800998ecf8427e]
https://landing.decentraland.org:2087 [302] [GET] [] [] [cloudflare] [vhost] [cloudflare] [Cloudflare] [d41d8cd98f00b204e9800998ecf8427e]
https://landing.decentraland.org [302] [GET] [] [] [cloudflare] [vhost] [cloudflare] [Cloudflare] [d41d8cd98f00b204e9800998ecf8427e]
https://market.decentraland.org [200] [GET] [text/html] [Decentraland - Marketplace] [cloudflare] [vhost] [cloudflare] [Amazon Cloudfront,Amazon Web Services,Cloudflare,Google Font API] [942108286f0aad439e7f1090b8eb89d6]
https://market.decentraland.org:2083 [200] [GET] [text/html] [Decentraland - Marketplace] [cloudflare] [vhost] [cloudflare] [Amazon Cloudfront,Amazon Web Services,Cloudflare,Google Font API] [0979ec2a08b00b21419b6cf9d6ca25aa]
https://market.decentraland.org:2087 [200] [GET] [text/html] [Decentraland - Marketplace] [cloudflare] [vhost] [cloudflare] [Amazon Cloudfront,Amazon Web Services,Cloudflare,Google Font API] [3b3dbe7e8734b849bff95b7a8cc36c62]
https://market.decentraland.org [403] [GET] [text/html] [Attention Required! | Cloudflare] [cloudflare] [vhost] [cloudflare] [Cloudflare] [bc72ef7604622d2728463b953a985a1c]
https://market-old.decentraland.org:2083 [530] [GET] [text/html] [Origin DNS error | market-old.decentraland.org | Cloudflare] [cloudflare] [vhost] [cloudflare] [Cloudflare] [2c48eb2c29ecf7866c0abe4ccc8e6d52]
https://market-old.decentraland.org:2087 [530] [GET] [text/html] [Origin DNS error | market-old.decentraland.org | Cloudflare] [cloudflare] [vhost] [cloudflare] [Cloudflare] [07c44e6e33dd38ea3fd768fac0bbfdd7]
https://market-old.decentraland.org [530] [GET] [text/html] [Origin DNS error | market-old.decentraland.org | Cloudflare] [cloudflare] [vhost] [cloudflare] [Cloudflare] [0e362c72afedfd838a34a5c775ec8a75]
https://market-old.decentraland.org [530] [GET] [text/html] [Origin DNS error | market-old.decentraland.org | Cloudflare] [cloudflare] [vhost] [cloudflare] [Cloudflare] [86525d54aad09a4cb1034a55b1ca9b0e]
https://metabase.decentraland.org:2083 [302] [GET] [] [] [cloudflare] [vhost] [cloudflare] [Cloudflare] [d41d8cd98f00b204e9800998ecf8427e]
https://metabase.decentraland.org:2087 [302] [GET] [] [] [cloudflare] [vhost] [cloudflare] [Cloudflare] [d41d8cd98f00b204e9800998ecf8427e]
https://metabase.decentraland.org [302] [GET] [] [] [cloudflare] [vhost] [cloudflare] [Cloudflare] [d41d8cd98f00b204e9800998ecf8427e]
https://metrics.decentraland.org:2083 [302] [GET] [] [] [cloudflare] [vhost] [cloudflare] [Cloudflare] [d41d8cd98f00b204e9800998ecf8427e]
https://metrics.decentraland.org:2087 [302] [GET] [] [] [cloudflare] [vhost] [cloudflare] [Cloudflare] [d41d8cd98f00b204e9800998ecf8427e]
https://metrics.decentraland.org:2096 [302] [GET] [] [] [cloudflare] [vhost] [cloudflare] [Cloudflare] [d41d8cd98f00b204e9800998ecf8427e]
https://metrics.decentraland.org [302] [GET] [] [] [cloudflare] [vhost] [cloudflare] [Cloudflare] [d41d8cd98f00b204e9800998ecf8427e]
https://metrics.decentraland.org:8443 [302] [GET] [] [] [cloudflare] [vhost] [cloudflare] [Cloudflare] [d41d8cd98f00b204e9800998ecf8427e]
https://nft-api.decentraland.org [404] [GET] [text/plain] [] [cloudflare] [vhost] [cloudflare] [Cloudflare] [9e076f5885f5cc16a4b5aeb8de4adff5]
https://peer-ap1.decentraland.org [200] [GET] [text/html] [Catalyst server status] [cloudflare] [vhost] [cloudflare] [Cloudflare] [09ec22e48db8dff6b98644fb9fbe86d7]
https://peer.decentraland.org [200] [GET] [text/html] [Catalyst server status] [cloudflare] [vhost] [cloudflare] [Cloudflare] [6988bfab5eb51c8b665c11cd4878a66f]
https://peer.decentraland.org [200] [GET] [text/html] [Catalyst server status] [cloudflare] [vhost] [cloudflare] [Cloudflare] [bac11dc0ca8722af4f562b07f5199f5b]
https://peer-ec1.decentraland.org [200] [GET] [text/html] [Catalyst server status] [cloudflare] [vhost] [cloudflare] [Cloudflare] [264658f0a3b97f2e293f21a28e327511]
https://peer-ec1.decentraland.org [200] [GET] [text/html] [Catalyst server status] [cloudflare] [vhost] [cloudflare] [Cloudflare] [9d94525b64b280300e9c3c10f4c1cef3]
https://peer-ec2.decentraland.org [200] [GET] [text/html] [Catalyst server status] [cloudflare] [vhost] [cloudflare] [Cloudflare] [09ec22e48db8dff6b98644fb9fbe86d7]
https://peer-ec2.decentraland.org [200] [GET] [text/html] [Catalyst server status] [cloudflare] [vhost] [cloudflare] [Cloudflare] [88df7f70588e66f309b9a67a8e696fff]
https://peer-eu1.decentraland.org [200] [GET] [text/html] [Catalyst server status] [cloudflare] [vhost] [cloudflare] [Cloudflare] [09ec22e48db8dff6b98644fb9fbe86d7]
https://peer-eu1.decentraland.org [200] [GET] [text/html] [Catalyst server status] [cloudflare] [vhost] [cloudflare] [Cloudflare] [1d744da08f04e4368480df1e2762bd96]
https://peer-historical.decentraland.org [200] [GET] [text/html] [Catalyst server status] [cloudflare] [vhost] [cloudflare] [Cloudflare] [5ef9bca762a7a356c4d2c17c887060af]
https://peer-historical.decentraland.org [200] [GET] [text/html] [Catalyst server status] [cloudflare] [vhost] [cloudflare] [Cloudflare] [b241d7b78a8988b53d8bfbf8b99ac56e]
https://peer-lb.decentraland.org [200] [GET] [text/html] [Catalyst server status] [cloudflare] [vhost] [cloudflare] [Cloudflare] [6838f786ad49b68be97a5c25558a8436]
https://peer-lb.decentraland.org [200] [GET] [text/html] [Catalyst server status] [cloudflare] [vhost] [cloudflare] [Cloudflare] [d647b6b8bef1019f085c58b3236a4ed9]
https://peer-testing-2.decentraland.org [200] [GET] [text/html] [Catalyst server status] [cloudflare] [vhost] [cloudflare] [Cloudflare] [6265ad9e65ee73884bcfc064096947eb]
https://peer-testing-2.decentraland.org [200] [GET] [text/html] [Catalyst server status] [cloudflare] [vhost] [cloudflare] [Cloudflare] [a7a25a4bfe1d519c413827818a068e14]
https://peer-testing-3.decentraland.org [200] [GET] [text/html] [Catalyst server status] [cloudflare] [vhost] [cloudflare] [Cloudflare] [8ba5352ed18020a4d491497c93e9403f]
https://peer-testing-3.decentraland.org [200] [GET] [text/html] [Catalyst server status] [cloudflare] [vhost] [cloudflare] [Cloudflare] [c09b76d2cce1128abd3df6f2a331c136]
https://peer-testing.decentraland.org [200] [GET] [text/html] [Catalyst server status] [cloudflare] [vhost] [cloudflare] [Cloudflare] [b933fb3e71256d72ebccddd64bce4a61]
https://peer-testing.decentraland.org [200] [GET] [text/html] [Catalyst server status] [cloudflare] [vhost] [cloudflare] [Cloudflare] [ec90d402da64859103c6a96c6d06aa6e]
https://peer-wc1.decentraland.org [200] [GET] [text/html] [Catalyst server status] [cloudflare] [vhost] [cloudflare] [Cloudflare] [bd26e0f8f74379e7a8a7615d2667757b]
https://peer-wc1.decentraland.org [200] [GET] [text/html] [Catalyst server status] [cloudflare] [vhost] [cloudflare] [Cloudflare] [d525df7dbf40e4fc1c8b99925df2f7ea]
https://play.decentraland.org [200] [GET] [text/html] [Decentraland] [cloudflare] [vhost] [cloudflare] [Amazon Cloudfront,Amazon Web Services,Cloudflare] [1f64b570d869cbfd210e88adf6bc36d8]
https://play.decentraland.org [200] [GET] [text/html] [Decentraland] [cloudflare] [vhost] [cloudflare] [Amazon Cloudfront,Amazon Web Services,Cloudflare] [c16653ac0ab14333df71947e04549719]
https://play.decentraland.org:2083 [403] [GET] [text/html] [Attention Required! | Cloudflare] [cloudflare] [vhost] [cloudflare] [Cloudflare] [4bf33d83ac93e97638197a28b283cdc0]
https://play.decentraland.org:2087 [200] [GET] [text/html] [Decentraland] [cloudflare] [vhost] [cloudflare] [Amazon Cloudfront,Amazon Web Services,Cloudflare] [0b5062ba045946a850e764bea68e45b7]
https://play.decentraland.org:2096 [200] [GET] [text/html] [Decentraland] [cloudflare] [vhost] [cloudflare] [Amazon Cloudfront,Amazon Web Services,Cloudflare] [34862e386d0f31c30298070a67985421]
https://play.decentraland.org:8443 [200] [GET] [text/html] [Decentraland] [cloudflare] [vhost] [cloudflare] [Amazon Cloudfront,Amazon Web Services,Cloudflare] [23587f2f9219a155ef24a760e17929d5]
https://poap-api.decentraland.org [404] [GET] [text/plain] [] [cloudflare] [vhost] [cloudflare] [Cloudflare] [9e076f5885f5cc16a4b5aeb8de4adff5]
https://poap.decentraland.org [200] [GET] [text/html] [Decentraland POAPs] [cloudflare] [vhost] [cloudflare] [Amazon Cloudfront,Amazon Web Services,Cloudflare,Semantic UI] [4a9af23f43e0d0a4ec303dc3cbb79af5]
https://poap.decentraland.org [200] [GET] [text/html] [Decentraland POAPs] [cloudflare] [vhost] [cloudflare] [Amazon Cloudfront,Amazon Web Services,Cloudflare,Semantic UI] [7ae1f243a8cda6197dedf17c81ba6f17]
https://poap.decentraland.org:2083 [200] [GET] [text/html] [Decentraland POAPs] [cloudflare] [vhost] [cloudflare] [Amazon Cloudfront,Amazon Web Services,Cloudflare,Semantic UI] [6ab237961246ee2a46976c58dca137c7]
https://poap.decentraland.org:2087 [200] [GET] [text/html] [Decentraland POAPs] [cloudflare] [vhost] [cloudflare] [Amazon Cloudfront,Amazon Web Services,Cloudflare,Semantic UI] [c5bad7081f2551ac67d51fd8090d386a]
https://purge.decentraland.org [403] [GET] [text/html] [Attention Required! | Cloudflare] [cloudflare] [vhost] [cloudflare] [Cloudflare] [189eb5ef26ec0ae2eb45c49e68b04f1a]
https://purge.decentraland.org [525] [GET] [] [] [cloudflare] [vhost] [cloudflare] [Cloudflare] [d41d8cd98f00b204e9800998ecf8427e]
https://quests-api.decentraland.org [404] [GET] [text/html] [Error] [cloudflare] [vhost] [cloudflare] [Cloudflare,Express,Node.js] [da7da7d630292e7a2a7dda8ca87b3d39]
https://renderer-artifacts.decentraland.org [404] [GET] [text/html] [404 Not Found] [AmazonS3] [vhost] [cloudfront] [Amazon Cloudfront,Amazon S3,Amazon Web Services] [0d52dce5cb2a246aa9cf691bccd2eef8]
https://renderer-artifacts.decentraland.org [404] [GET] [text/html] [404 Not Found] [AmazonS3] [vhost] [cloudfront] [Amazon Cloudfront,Amazon S3,Amazon Web Services] [8354cc090d407d4aa7cfec0529b60e9f]
https://rewards.decentraland.org [200] [GET] [text/html] [Decentraland Rewards | Rewards | Decentraland] [cloudflare] [vhost] [cloudflare] [Amazon Cloudfront,Amazon Web Services,Cloudflare,Gatsby:2.32.13,React,webpack] [66c0296348c0dcf9ee7b7d62a206f043]
https://rewards.decentraland.org [200] [GET] [text/html] [Decentraland Rewards | Rewards | Decentraland] [cloudflare] [vhost] [cloudflare] [Amazon Cloudfront,Amazon Web Services,Cloudflare,Gatsby:2.32.13,React,webpack] [cc29ce726ca0fbbd61217b2d906fc87a]
https://rpc.decentraland.org [200] [GET] [application/json] [] [cloudflare] [vhost] [cloudflare] [Cloudflare] [d0e723e3ad752af36dc1da5a7c509179]
https://rpc.decentraland.org:2083 [200] [GET] [application/json] [] [cloudflare] [vhost] [cloudflare] [Cloudflare] [3c8dded8c4da5610c6f3c7ac45ad0a79]
https://rpc.decentraland.org:2087 [200] [GET] [application/json] [] [cloudflare] [vhost] [cloudflare] [Cloudflare] [0ed81fd7821d7d3c5f0fd06d0f364ec2]
https://sdk-content-server.decentraland.org [404] [GET] [text/plain] [] [cloudflare] [vhost] [cloudflare] [Cloudflare] [9e076f5885f5cc16a4b5aeb8de4adff5]
https://sdk-team-cdn.decentraland.org [200] [GET] [text/html] [] [cloudflare] [vhost] [cloudflare] [Amazon Cloudfront,Amazon Web Services,Cloudflare,Gatsby:4.9.3,Google Font API,React,webpack] [918392564bbde849179e54ecce8f472e]
https://segment.decentraland.org:2083 [530] [GET] [text/html] [Origin DNS error | segment.decentraland.org | Cloudflare] [cloudflare] [vhost] [cloudflare] [Cloudflare] [cc19deec47af202b67b571d6d0a4eace]
https://segment.decentraland.org:2087 [530] [GET] [text/html] [Origin DNS error | segment.decentraland.org | Cloudflare] [cloudflare] [vhost] [cloudflare] [Cloudflare] [118879b183605e2bfc04bfde086d71be]
https://segment.decentraland.org:2096 [530] [GET] [text/html] [Origin DNS error | segment.decentraland.org | Cloudflare] [cloudflare] [vhost] [cloudflare] [Cloudflare] [b06cc36f8fa985c9f1b016ea1ecd9a3d]
https://segment.decentraland.org [530] [GET] [text/html] [Origin DNS error | segment.decentraland.org | Cloudflare] [cloudflare] [vhost] [cloudflare] [Cloudflare] [c25fc3f91b08061b832242f938fa3d4f]
https://segment.decentraland.org [530] [GET] [text/html] [Origin DNS error | segment.decentraland.org | Cloudflare] [cloudflare] [vhost] [cloudflare] [Cloudflare] [cce5ddb31d8eb502354bdb6823cf6ed3]
https://segment.decentraland.org:8443 [530] [GET] [text/html] [Origin DNS error | segment.decentraland.org | Cloudflare] [cloudflare] [vhost] [cloudflare] [Cloudflare] [1a179c6d2d2888a1cd91ff44499290d4]
https://share.decentraland.org:2083 [530] [GET] [text/html] [Origin DNS error | share.decentraland.org | Cloudflare] [cloudflare] [vhost] [cloudflare] [Cloudflare] [4d6360676e7ce2fff791f8eba3e3a51d]
https://share.decentraland.org:2087 [530] [GET] [text/html] [Origin DNS error | share.decentraland.org | Cloudflare] [cloudflare] [vhost] [cloudflare] [Cloudflare] [849b9fc1b3848943cbf42facaa382e8e]
https://share.decentraland.org [530] [GET] [text/html] [Origin DNS error | share.decentraland.org | Cloudflare] [cloudflare] [vhost] [cloudflare] [Cloudflare] [ed1f4d3c4086f687bca7cbc4fe18b5ca]
https://share.decentraland.org [530] [GET] [text/html] [Origin DNS error | share.decentraland.org | Cloudflare] [cloudflare] [vhost] [cloudflare] [Cloudflare] [fda4c35cea7ccf5ade5c1a166e64f9ff]
https://synapse.decentraland.org [200] [GET] [text/html] [Synapse is running] [cloudflare] [vhost] [cloudflare] [Cloudflare] [c411220bffe1e88ab4c72d18bd3e084e]
https://tech-docs.decentraland.org [200] [GET] [text/html] [Decentraland Technical Documentation] [cloudflare] [vhost] [cloudflare] [Amazon Cloudfront,Amazon Web Services,Cloudflare,Gatsby:4.17.2,Google Font API,React,webpack] [24ad1c8c3d95cb54a9c262f30a6eff96]
https://tech-docs.decentraland.org [200] [GET] [text/html] [Decentraland Technical Documentation] [cloudflare] [vhost] [cloudflare] [Amazon Cloudfront,Amazon Web Services,Cloudflare,Gatsby:4.17.2,Google Font API,React,webpack] [8eef115b08a6630d23cfaa6b2cbec454]
https://tech-docs.decentraland.org:2083 [200] [GET] [text/html] [Decentraland Technical Documentation] [cloudflare] [vhost] [cloudflare] [Amazon Cloudfront,Amazon Web Services,Cloudflare,Gatsby:4.17.2,Google Font API,React,webpack] [fe17fc2a9b978d23b8b7942f4e22d31e]
https://tech-docs.decentraland.org:2087 [200] [GET] [text/html] [Decentraland Technical Documentation] [cloudflare] [vhost] [cloudflare] [Amazon Cloudfront,Amazon Web Services,Cloudflare,Gatsby:4.17.2,Google Font API,React,webpack] [9d5f4b0da56c64422926d1dd36770ffd]
https://test-site.decentraland.org [200] [GET] [text/html] [] [cloudflare] [vhost] [cloudflare] [Amazon Cloudfront,Amazon Web Services,Cloudflare] [70100b7847e998b1ffa5ddbaffc8e7b4]
https://test-site.decentraland.org [200] [GET] [text/html] [] [cloudflare] [vhost] [cloudflare] [Amazon Cloudfront,Amazon Web Services,Cloudflare] [e3a60d1ef7aec42d5ee21e1a9108c802]
https://test-site.decentraland.org:2083 [200] [GET] [text/html] [] [cloudflare] [vhost] [cloudflare] [Amazon Cloudfront,Amazon Web Services,Cloudflare] [8447a0b67d331f63037f085f9fd89a7e]
https://test-site.decentraland.org:2087 [200] [GET] [text/html] [] [cloudflare] [vhost] [cloudflare] [Amazon Cloudfront,Amazon Web Services,Cloudflare] [db0151b8eb42cc7ede0d4315d72ec728]
https://tracking.decentraland.org:2083 [530] [GET] [text/html] [Origin DNS error | tracking.decentraland.org | Cloudflare] [cloudflare] [vhost] [cloudflare] [Cloudflare] [bcd45bd368cc2e652ed32b360cc40a9e]
https://tracking.decentraland.org:2087 [530] [GET] [text/html] [Origin DNS error | tracking.decentraland.org | Cloudflare] [cloudflare] [vhost] [cloudflare] [Cloudflare] [3deff3dca30e16a3b225e51c8ef7cf40]
https://tracking.decentraland.org:2096 [530] [GET] [text/html] [Origin DNS error | tracking.decentraland.org | Cloudflare] [cloudflare] [vhost] [cloudflare] [Cloudflare] [9e77cc03db642b6dfb4d051702732042]
https://tracking.decentraland.org [530] [GET] [text/html] [Origin DNS error | tracking.decentraland.org | Cloudflare] [cloudflare] [vhost] [cloudflare] [Cloudflare] [0e2f41bbbc3b7fc5b1c91d551c7ea36e]
https://tracking.decentraland.org [530] [GET] [text/html] [Origin DNS error | tracking.decentraland.org | Cloudflare] [cloudflare] [vhost] [cloudflare] [Cloudflare] [86e51b4f48e822d98e0eb293ced9c714]
https://tracking.decentraland.org:8443 [530] [GET] [text/html] [Origin DNS error | tracking.decentraland.org | Cloudflare] [cloudflare] [vhost] [cloudflare] [Cloudflare] [375369093d21b6d6d8ca8cce16d1ec5a]
https://transactions-api.decentraland.org [404] [GET] [text/plain] [] [cloudflare] [vhost] [cloudflare] [Cloudflare] [9e076f5885f5cc16a4b5aeb8de4adff5]
https://ui.decentraland.org [200] [GET] [text/html] [UI | Decentraland] [GitHub.com] [vhost] [Fastly,GitHub Pages,Varnish] [7ffba48e97f42f7c25abe5c996c4096a]
https://vesting.decentraland.org [200] [GET] [text/html] [Decentraland's Vesting Dashboard] [cloudflare] [vhost] [cloudflare] [Amazon Cloudfront,Amazon Web Services,Cloudflare,Google Font API] [1fd0bde6c860ed57ec84b3ac270d36b3]
https://vesting.decentraland.org:2083 [200] [GET] [text/html] [Decentraland's Vesting Dashboard] [cloudflare] [vhost] [cloudflare] [Amazon Cloudfront,Amazon Web Services,Cloudflare,Google Font API] [7a06b4691ed0feb7372999ef92eefadd]
https://vesting.decentraland.org:2087 [200] [GET] [text/html] [Decentraland's Vesting Dashboard] [cloudflare] [vhost] [cloudflare] [Amazon Cloudfront,Amazon Web Services,Cloudflare,Google Font API] [468a1530f50939cf7056a265d3e9b95a]
https://vesting.decentraland.org [403] [GET] [text/plain] [] [cloudflare] [vhost] [cloudflare] [Cloudflare] [4f20b85ce5ebf225720e040314a7966a]
https://wearable-api.decentraland.org [403] [GET] [text/html] [Attention Required! | Cloudflare] [cloudflare] [vhost] [cloudflare] [Cloudflare] [62c56f208ce7513f0f7681f12a17d7ce]
https://wearable-api.decentraland.org [404] [GET] [application/json] [] [cloudflare] [vhost] [cloudflare] [Amazon Cloudfront,Amazon Web Services,Cloudflare] [cc559047dae6f09f55e2a47f874243ff]
https://wearable-preview.decentraland.org [200] [GET] [text/html] [Decentraland | Wearable Preview] [cloudflare] [vhost] [cloudflare] [Amazon Cloudfront,Amazon Web Services,Cloudflare] [11c639aee9a96bf699263858ceb2406c]
https://wearable-preview.decentraland.org [200] [GET] [text/html] [Decentraland | Wearable Preview] [cloudflare] [vhost] [cloudflare] [Amazon Cloudfront,Amazon Web Services,Cloudflare] [5d2a287f0cef43d3e10493ba82ad83d9]
https://wearable-preview.decentraland.org:2083 [200] [GET] [text/html] [Decentraland | Wearable Preview] [cloudflare] [vhost] [cloudflare] [Amazon Cloudfront,Amazon Web Services,Cloudflare] [0b5036a3535ecb48b8b9ef6173c8367a]
https://wearable-preview.decentraland.org:2087 [200] [GET] [text/html] [Decentraland | Wearable Preview] [cloudflare] [vhost] [cloudflare] [Amazon Cloudfront,Amazon Web Services,Cloudflare] [a6231a2b554afa6fd0fc38c150fdf39c]
https://wearable-preview.decentraland.org:2096 [200] [GET] [text/html] [Decentraland | Wearable Preview] [cloudflare] [vhost] [cloudflare] [Amazon Cloudfront,Amazon Web Services,Cloudflare] [7996742dc590822ab7d6dabd2a4e5a24]
https://wearable-preview.decentraland.org:8443 [200] [GET] [text/html] [Decentraland | Wearable Preview] [cloudflare] [vhost] [cloudflare] [Amazon Cloudfront,Amazon Web Services,Cloudflare] [686a9c808e7b22cc8282839d98a98a4b]
https://wiki.decentraland.org:2083 [302] [GET] [] [] [cloudflare] [vhost] [cloudflare] [Cloudflare] [d41d8cd98f00b204e9800998ecf8427e]
https://wiki.decentraland.org:2087 [302] [GET] [] [] [cloudflare] [vhost] [cloudflare] [Cloudflare] [d41d8cd98f00b204e9800998ecf8427e]
https://wiki.decentraland.org:2096 [302] [GET] [] [] [cloudflare] [vhost] [cloudflare] [Cloudflare] [d41d8cd98f00b204e9800998ecf8427e]
https://wiki.decentraland.org [302] [GET] [] [] [cloudflare] [vhost] [cloudflare] [Cloudflare] [d41d8cd98f00b204e9800998ecf8427e]
https://wiki.decentraland.org:8443 [302] [GET] [] [] [cloudflare] [vhost] [cloudflare] [Cloudflare] [d41d8cd98f00b204e9800998ecf8427e]
https://world.decentraland.org:2083 [301] [GET] [] [] [cloudflare] [vhost] [cloudflare] [Cloudflare] [d41d8cd98f00b204e9800998ecf8427e]
https://world.decentraland.org:2087 [301] [GET] [] [] [cloudflare] [vhost] [cloudflare] [Cloudflare] [d41d8cd98f00b204e9800998ecf8427e]
https://world.decentraland.org:2096 [301] [GET] [] [] [cloudflare] [vhost] [cloudflare] [Cloudflare] [d41d8cd98f00b204e9800998ecf8427e]
https://world.decentraland.org [301] [GET] [] [] [cloudflare] [vhost] [cloudflare] [Cloudflare] [d41d8cd98f00b204e9800998ecf8427e]
https://world.decentraland.org:8443 [301] [GET] [] [] [cloudflare] [vhost] [cloudflare] [Cloudflare] [d41d8cd98f00b204e9800998ecf8427e]
https://www.decentraland.org:2083 [301] [GET] [] [] [cloudflare] [vhost] [cloudflare] [Cloudflare] [d41d8cd98f00b204e9800998ecf8427e]
https://www.decentraland.org:2087 [403] [GET] [text/plain] [] [cloudflare] [vhost] [cloudflare] [Cloudflare] [4f20b85ce5ebf225720e040314a7966a]
https://www.decentraland.org [301] [GET] [] [] [cloudflare] [vhost] [cloudflare] [Cloudflare] [d41d8cd98f00b204e9800998ecf8427e]
http://synapse.decentraland.org:2082 [301] [GET] [] [] [cloudflare] [cloudflare] [Cloudflare] [d41d8cd98f00b204e9800998ecf8427e]
http://synapse.decentraland.org:2083 [400] [GET] [text/html] [400 The plain HTTP request was sent to HTTPS port] [cloudflare] [cloudflare] [Cloudflare] [20ad84d030031252141ca0b3fc0183f0]
http://synapse.decentraland.org:2086 [301] [GET] [] [] [cloudflare] [cloudflare] [Cloudflare] [d41d8cd98f00b204e9800998ecf8427e]
http://synapse.decentraland.org:2087 [400] [GET] [text/html] [400 The plain HTTP request was sent to HTTPS port] [cloudflare] [cloudflare] [Cloudflare] [cd58783500d7fa3c58f88eb0ba22f4f8]
http://tech-docs.decentraland.org:2082 [301] [GET] [] [] [cloudflare] [cloudflare] [Cloudflare] [d41d8cd98f00b204e9800998ecf8427e]
http://tech-docs.decentraland.org:2086 [301] [GET] [] [] [cloudflare] [cloudflare] [Cloudflare] [d41d8cd98f00b204e9800998ecf8427e]
http://test-site.decentraland.org:2082 [301] [GET] [] [] [cloudflare] [cloudflare] [Cloudflare] [d41d8cd98f00b204e9800998ecf8427e]
http://test-site.decentraland.org:2086 [301] [GET] [] [] [cloudflare] [cloudflare] [Cloudflare] [d41d8cd98f00b204e9800998ecf8427e]
http://tracking.decentraland.org:2082 [301] [GET] [] [] [cloudflare] [cloudflare] [Cloudflare] [d41d8cd98f00b204e9800998ecf8427e]
http://tracking.decentraland.org:2086 [301] [GET] [] [] [cloudflare] [cloudflare] [Cloudflare] [d41d8cd98f00b204e9800998ecf8427e]
http://tracking.decentraland.org:2095 [301] [GET] [] [] [cloudflare] [cloudflare] [Cloudflare] [d41d8cd98f00b204e9800998ecf8427e]
http://tracking.decentraland.org:8080 [301] [GET] [] [] [cloudflare] [cloudflare] [Cloudflare] [d41d8cd98f00b204e9800998ecf8427e]
http://tracking.decentraland.org:8880 [301] [GET] [] [] [cloudflare] [cloudflare] [Cloudflare] [d41d8cd98f00b204e9800998ecf8427e]
http://transactions-api.decentraland.org:2082 [301] [GET] [] [] [cloudflare] [cloudflare] [Cloudflare] [d41d8cd98f00b204e9800998ecf8427e]
http://transactions-api.decentraland.org:2083 [400] [GET] [text/html] [400 The plain HTTP request was sent to HTTPS port] [cloudflare] [cloudflare] [Cloudflare] [cd58783500d7fa3c58f88eb0ba22f4f8]
http://transactions-api.decentraland.org:2086 [301] [GET] [] [] [cloudflare] [cloudflare] [Cloudflare] [d41d8cd98f00b204e9800998ecf8427e]
http://transactions-api.decentraland.org:2087 [400] [GET] [text/html] [400 The plain HTTP request was sent to HTTPS port] [cloudflare] [cloudflare] [Cloudflare] [cd58783500d7fa3c58f88eb0ba22f4f8]
http://vesting.decentraland.org:2082 [301] [GET] [] [] [cloudflare] [cloudflare] [Cloudflare] [d41d8cd98f00b204e9800998ecf8427e]
http://vesting.decentraland.org:2086 [301] [GET] [] [] [cloudflare] [cloudflare] [Cloudflare] [d41d8cd98f00b204e9800998ecf8427e]
http://wearable-api.decentraland.org:2082 [301] [GET] [] [] [cloudflare] [cloudflare] [Cloudflare] [d41d8cd98f00b204e9800998ecf8427e]
http://wearable-api.decentraland.org:2083 [400] [GET] [text/html] [400 The plain HTTP request was sent to HTTPS port] [cloudflare] [cloudflare] [Cloudflare] [cd58783500d7fa3c58f88eb0ba22f4f8]
http://wearable-api.decentraland.org:2086 [301] [GET] [] [] [cloudflare] [cloudflare] [Cloudflare] [d41d8cd98f00b204e9800998ecf8427e]
http://wearable-api.decentraland.org:2087 [400] [GET] [text/html] [400 The plain HTTP request was sent to HTTPS port] [cloudflare] [cloudflare] [Cloudflare] [cd58783500d7fa3c58f88eb0ba22f4f8]
http://wearable-api.decentraland.org:2095 [301] [GET] [] [] [cloudflare] [cloudflare] [Cloudflare] [d41d8cd98f00b204e9800998ecf8427e]
http://wearable-api.decentraland.org:2096 [400] [GET] [text/html] [400 The plain HTTP request was sent to HTTPS port] [cloudflare] [cloudflare] [Cloudflare] [20ad84d030031252141ca0b3fc0183f0]
http://wearable-api.decentraland.org:8080 [301] [GET] [] [] [cloudflare] [cloudflare] [Cloudflare] [d41d8cd98f00b204e9800998ecf8427e]
http://wearable-api.decentraland.org:8443 [400] [GET] [text/html] [400 The plain HTTP request was sent to HTTPS port] [cloudflare] [cloudflare] [Cloudflare] [cd58783500d7fa3c58f88eb0ba22f4f8]
http://wearable-api.decentraland.org:8880 [301] [GET] [] [] [cloudflare] [cloudflare] [Cloudflare] [d41d8cd98f00b204e9800998ecf8427e]
http://wearable-preview.decentraland.org:2082 [301] [GET] [] [] [cloudflare] [cloudflare] [Cloudflare] [d41d8cd98f00b204e9800998ecf8427e]
http://wearable-preview.decentraland.org:2086 [301] [GET] [] [] [cloudflare] [cloudflare] [Cloudflare] [d41d8cd98f00b204e9800998ecf8427e]
http://wearable-preview.decentraland.org:2095 [301] [GET] [] [] [cloudflare] [cloudflare] [Cloudflare] [d41d8cd98f00b204e9800998ecf8427e]
http://wearable-preview.decentraland.org:8080 [301] [GET] [] [] [cloudflare] [cloudflare] [Cloudflare] [d41d8cd98f00b204e9800998ecf8427e]
http://wearable-preview.decentraland.org:8880 [301] [GET] [] [] [cloudflare] [cloudflare] [Cloudflare] [d41d8cd98f00b204e9800998ecf8427e]
http://wiki.decentraland.org:2082 [302] [GET] [] [] [cloudflare] [vhost] [cloudflare] [Cloudflare] [d41d8cd98f00b204e9800998ecf8427e]
http://wiki.decentraland.org:2086 [302] [GET] [] [] [cloudflare] [vhost] [cloudflare] [Cloudflare] [d41d8cd98f00b204e9800998ecf8427e]
http://wiki.decentraland.org:2095 [302] [GET] [] [] [cloudflare] [vhost] [cloudflare] [Cloudflare] [d41d8cd98f00b204e9800998ecf8427e]
http://wiki.decentraland.org:8080 [302] [GET] [] [] [cloudflare] [vhost] [cloudflare] [Cloudflare] [d41d8cd98f00b204e9800998ecf8427e]
http://wiki.decentraland.org:8880 [302] [GET] [] [] [cloudflare] [vhost] [cloudflare] [Cloudflare] [d41d8cd98f00b204e9800998ecf8427e]
http://world.decentraland.org:2082 [301] [GET] [] [] [cloudflare] [cloudflare] [Cloudflare] [d41d8cd98f00b204e9800998ecf8427e]
http://world.decentraland.org:2086 [301] [GET] [] [] [cloudflare] [cloudflare] [Cloudflare] [d41d8cd98f00b204e9800998ecf8427e]
http://world.decentraland.org:2095 [301] [GET] [] [] [cloudflare] [cloudflare] [Cloudflare] [d41d8cd98f00b204e9800998ecf8427e]
http://world.decentraland.org:8080 [301] [GET] [] [] [cloudflare] [cloudflare] [Cloudflare] [d41d8cd98f00b204e9800998ecf8427e]
http://world.decentraland.org:8880 [301] [GET] [] [] [cloudflare] [cloudflare] [Cloudflare] [d41d8cd98f00b204e9800998ecf8427e]
http://www.decentraland.org:2082 [301] [GET] [] [] [cloudflare] [cloudflare] [Cloudflare] [d41d8cd98f00b204e9800998ecf8427e]
http://www.decentraland.org:2086 [301] [GET] [] [] [cloudflare] [cloudflare] [Cloudflare] [d41d8cd98f00b204e9800998ecf8427e]
