http://api.deepspace.game:2082 [302] [GET] [] [] [cloudflare] [vhost] [cloudflare] [Cloudflare] [d41d8cd98f00b204e9800998ecf8427e]
http://api.deepspace.game:2086 [429] [GET] [text/plain] [] [cloudflare] [vhost] [cloudflare] [Cloudflare] [1001b29d0cc03c0a5d1cd2567ed8ed94]
http://api.deepspace.game:8080 [429] [GET] [text/plain] [] [cloudflare] [vhost] [cloudflare] [Cloudflare] [1001b29d0cc03c0a5d1cd2567ed8ed94]
http://api.deepspace.game:8880 [302] [GET] [] [] [cloudflare] [vhost] [cloudflare] [Cloudflare] [d41d8cd98f00b204e9800998ecf8427e]
http://app.deepspace.game:2053 [400] [GET] [text/html] [400 The plain HTTP request was sent to HTTPS port] [cloudflare] [cloudflare] [Cloudflare] [cd58783500d7fa3c58f88eb0ba22f4f8]
http://app.deepspace.game:2086 [301] [GET] [] [] [cloudflare] [cloudflare] [Cloudflare] [d41d8cd98f00b204e9800998ecf8427e]
http://app.deepspace.game:2087 [400] [GET] [text/html] [400 The plain HTTP request was sent to HTTPS port] [cloudflare] [cloudflare] [Cloudflare] [20ad84d030031252141ca0b3fc0183f0]
http://app.deepspace.game:8080 [301] [GET] [] [] [cloudflare] [cloudflare] [Cloudflare] [d41d8cd98f00b204e9800998ecf8427e]
http://app.deepspace.game:8443 [400] [GET] [text/html] [400 The plain HTTP request was sent to HTTPS port] [cloudflare] [cloudflare] [Cloudflare] [cd58783500d7fa3c58f88eb0ba22f4f8]
http://app.deepspace.game:8880 [301] [GET] [] [] [cloudflare] [cloudflare] [Cloudflare] [d41d8cd98f00b204e9800998ecf8427e]
http://assets.deepspace.game:2082 [301] [GET] [] [] [cloudflare] [cloudflare] [Cloudflare] [d41d8cd98f00b204e9800998ecf8427e]
http://assets.deepspace.game:2086 [301] [GET] [] [] [cloudflare] [cloudflare] [Cloudflare] [d41d8cd98f00b204e9800998ecf8427e]
http://assets.deepspace.game:8080 [301] [GET] [] [] [cloudflare] [cloudflare] [Cloudflare] [d41d8cd98f00b204e9800998ecf8427e]
http://assets.deepspace.game:8880 [301] [GET] [] [] [cloudflare] [cloudflare] [Cloudflare] [d41d8cd98f00b204e9800998ecf8427e]
http://autodiscover.deepspace.game [301] [GET] [] [] [Microsoft-IIS/10.0] [vhost] [IIS:10.0,Microsoft ASP.NET,Windows Server] [d41d8cd98f00b204e9800998ecf8427e]
http://blog.deepspace.game:2082 [301] [GET] [] [] [cloudflare] [vhost] [cloudflare] [Cloudflare] [d41d8cd98f00b204e9800998ecf8427e]
http://blog.deepspace.game:2083 [400] [GET] [text/html] [400 The plain HTTP request was sent to HTTPS port] [cloudflare] [cloudflare] [Cloudflare] [20ad84d030031252141ca0b3fc0183f0]
http://blog.deepspace.game:2086 [301] [GET] [] [] [cloudflare] [vhost] [cloudflare] [Cloudflare] [d41d8cd98f00b204e9800998ecf8427e]
http://blog.deepspace.game:2087 [400] [GET] [text/html] [400 The plain HTTP request was sent to HTTPS port] [cloudflare] [cloudflare] [Cloudflare] [cd58783500d7fa3c58f88eb0ba22f4f8]
http://blog.deepspace.game:2096 [400] [GET] [text/html] [400 The plain HTTP request was sent to HTTPS port] [cloudflare] [cloudflare] [Cloudflare] [20ad84d030031252141ca0b3fc0183f0]
http://blog.deepspace.game:8080 [301] [GET] [] [] [cloudflare] [vhost] [cloudflare] [Cloudflare] [d41d8cd98f00b204e9800998ecf8427e]
http://blog.deepspace.game:8443 [400] [GET] [text/html] [400 The plain HTTP request was sent to HTTPS port] [cloudflare] [cloudflare] [Cloudflare] [20ad84d030031252141ca0b3fc0183f0]
http://blog.deepspace.game:8880 [301] [GET] [] [] [cloudflare] [vhost] [cloudflare] [Cloudflare] [d41d8cd98f00b204e9800998ecf8427e]
http://branding.deepspace.game:2082 [301] [GET] [] [] [cloudflare] [cloudflare] [Cloudflare] [d41d8cd98f00b204e9800998ecf8427e]
http://branding.deepspace.game:2086 [301] [GET] [] [] [cloudflare] [cloudflare] [Cloudflare] [d41d8cd98f00b204e9800998ecf8427e]
http://branding.deepspace.game:8080 [301] [GET] [] [] [cloudflare] [cloudflare] [Cloudflare] [d41d8cd98f00b204e9800998ecf8427e]
http://branding.deepspace.game:8880 [301] [GET] [] [] [cloudflare] [cloudflare] [Cloudflare] [d41d8cd98f00b204e9800998ecf8427e]
http://bsg.deepspace.game:2086 [301] [GET] [] [] [cloudflare] [vhost] [cloudflare] [Cloudflare] [d41d8cd98f00b204e9800998ecf8427e]
http://bsg.deepspace.game:8080 [301] [GET] [] [] [cloudflare] [vhost] [cloudflare] [Cloudflare] [d41d8cd98f00b204e9800998ecf8427e]
http://bsg.deepspace.game:8880 [301] [GET] [] [] [cloudflare] [vhost] [cloudflare] [Cloudflare] [d41d8cd98f00b204e9800998ecf8427e]
http://contracts.deepspace.game:2082 [301] [GET] [] [] [cloudflare] [cloudflare] [Cloudflare] [d41d8cd98f00b204e9800998ecf8427e]
http://contracts.deepspace.game:2086 [301] [GET] [] [] [cloudflare] [cloudflare] [Cloudflare] [d41d8cd98f00b204e9800998ecf8427e]
http://contracts.deepspace.game:8080 [301] [GET] [] [] [cloudflare] [cloudflare] [Cloudflare] [d41d8cd98f00b204e9800998ecf8427e]
http://contracts.deepspace.game:8880 [301] [GET] [] [] [cloudflare] [cloudflare] [Cloudflare] [d41d8cd98f00b204e9800998ecf8427e]
http://daily.deepspace.game:2086 [301] [GET] [] [] [cloudflare] [cloudflare] [Cloudflare] [d41d8cd98f00b204e9800998ecf8427e]
http://daily.deepspace.game:8080 [301] [GET] [] [] [cloudflare] [cloudflare] [Cloudflare] [d41d8cd98f00b204e9800998ecf8427e]
http://daily.deepspace.game:8880 [301] [GET] [] [] [cloudflare] [cloudflare] [Cloudflare] [d41d8cd98f00b204e9800998ecf8427e]
http://dash.deepspace.game:2086 [301] [GET] [] [] [cloudflare] [cloudflare] [Cloudflare] [d41d8cd98f00b204e9800998ecf8427e]
http://dash.deepspace.game:8080 [301] [GET] [] [] [cloudflare] [cloudflare] [Cloudflare] [d41d8cd98f00b204e9800998ecf8427e]
http://dash.deepspace.game:8880 [301] [GET] [] [] [cloudflare] [cloudflare] [Cloudflare] [d41d8cd98f00b204e9800998ecf8427e]
http://deepspace.game:2086 [301] [GET] [] [] [cloudflare] [cloudflare] [Cloudflare] [d41d8cd98f00b204e9800998ecf8427e]
http://deepspace.game:8080 [301] [GET] [] [] [cloudflare] [cloudflare] [Cloudflare] [d41d8cd98f00b204e9800998ecf8427e]
http://deepspace.game:8880 [301] [GET] [] [] [cloudflare] [cloudflare] [Cloudflare] [d41d8cd98f00b204e9800998ecf8427e]
http://dev-api.deepspace.game:2086 [429] [GET] [text/plain] [] [cloudflare] [vhost] [cloudflare] [Cloudflare] [1001b29d0cc03c0a5d1cd2567ed8ed94]
http://dev-api.deepspace.game:8080 [302] [GET] [] [] [cloudflare] [vhost] [cloudflare] [Cloudflare] [d41d8cd98f00b204e9800998ecf8427e]
http://dev-api.deepspace.game:8880 [302] [GET] [] [] [cloudflare] [vhost] [cloudflare] [Cloudflare] [d41d8cd98f00b204e9800998ecf8427e]
http://dev-app.deepspace.game:2053 [400] [GET] [text/html] [400 The plain HTTP request was sent to HTTPS port] [cloudflare] [cloudflare] [Cloudflare] [20ad84d030031252141ca0b3fc0183f0]
http://dev-app.deepspace.game:2086 [301] [GET] [] [] [cloudflare] [cloudflare] [Cloudflare] [d41d8cd98f00b204e9800998ecf8427e]
http://dev-app.deepspace.game:2087 [400] [GET] [text/html] [400 The plain HTTP request was sent to HTTPS port] [cloudflare] [cloudflare] [Cloudflare] [20ad84d030031252141ca0b3fc0183f0]
http://dev-app.deepspace.game:8080 [301] [GET] [] [] [cloudflare] [cloudflare] [Cloudflare] [d41d8cd98f00b204e9800998ecf8427e]
http://dev-app.deepspace.game:8443 [400] [GET] [text/html] [400 The plain HTTP request was sent to HTTPS port] [cloudflare] [cloudflare] [Cloudflare] [cd58783500d7fa3c58f88eb0ba22f4f8]
http://dev-app.deepspace.game:8880 [301] [GET] [] [] [cloudflare] [cloudflare] [Cloudflare] [d41d8cd98f00b204e9800998ecf8427e]
http://dev-assets.deepspace.game:2082 [301] [GET] [] [] [cloudflare] [cloudflare] [Cloudflare] [d41d8cd98f00b204e9800998ecf8427e]
http://dev-assets.deepspace.game:2086 [301] [GET] [] [] [cloudflare] [cloudflare] [Cloudflare] [d41d8cd98f00b204e9800998ecf8427e]
http://dev-assets.deepspace.game:8080 [301] [GET] [] [] [cloudflare] [cloudflare] [Cloudflare] [d41d8cd98f00b204e9800998ecf8427e]
http://dev-assets.deepspace.game:8880 [301] [GET] [] [] [cloudflare] [cloudflare] [Cloudflare] [d41d8cd98f00b204e9800998ecf8427e]
http://dev-game-api.deepspace.game:2082 [302] [GET] [] [] [cloudflare] [vhost] [cloudflare] [Cloudflare] [d41d8cd98f00b204e9800998ecf8427e]
http://dev-game-api.deepspace.game:2086 [302] [GET] [] [] [cloudflare] [vhost] [cloudflare] [Cloudflare] [d41d8cd98f00b204e9800998ecf8427e]
http://dev-game-api.deepspace.game:8080 [302] [GET] [] [] [cloudflare] [vhost] [cloudflare] [Cloudflare] [d41d8cd98f00b204e9800998ecf8427e]
http://dev-game-api.deepspace.game:8880 [302] [GET] [] [] [cloudflare] [vhost] [cloudflare] [Cloudflare] [d41d8cd98f00b204e9800998ecf8427e]
http://dev-play.deepspace.game:2082 [301] [GET] [] [] [cloudflare] [cloudflare] [Cloudflare] [d41d8cd98f00b204e9800998ecf8427e]
http://dev-play.deepspace.game:2086 [301] [GET] [] [] [cloudflare] [cloudflare] [Cloudflare] [d41d8cd98f00b204e9800998ecf8427e]
http://dev-play.deepspace.game:8080 [301] [GET] [] [] [cloudflare] [cloudflare] [Cloudflare] [d41d8cd98f00b204e9800998ecf8427e]
http://dev-play.deepspace.game:8880 [301] [GET] [] [] [cloudflare] [cloudflare] [Cloudflare] [d41d8cd98f00b204e9800998ecf8427e]
http://docs.deepspace.game:2082 [301] [GET] [] [] [cloudflare] [cloudflare] [Cloudflare] [d41d8cd98f00b204e9800998ecf8427e]
http://docs.deepspace.game:2083 [400] [GET] [text/html] [400 The plain HTTP request was sent to HTTPS port] [cloudflare] [cloudflare] [Cloudflare] [cd58783500d7fa3c58f88eb0ba22f4f8]
http://docs.deepspace.game:2086 [301] [GET] [] [] [cloudflare] [cloudflare] [Cloudflare] [d41d8cd98f00b204e9800998ecf8427e]
http://docs.deepspace.game:2087 [400] [GET] [text/html] [400 The plain HTTP request was sent to HTTPS port] [cloudflare] [cloudflare] [Cloudflare] [20ad84d030031252141ca0b3fc0183f0]
http://docs.deepspace.game:2096 [400] [GET] [text/html] [400 The plain HTTP request was sent to HTTPS port] [cloudflare] [cloudflare] [Cloudflare] [cd58783500d7fa3c58f88eb0ba22f4f8]
http://docs.deepspace.game:8080 [301] [GET] [] [] [cloudflare] [cloudflare] [Cloudflare] [d41d8cd98f00b204e9800998ecf8427e]
http://docs.deepspace.game:8443 [400] [GET] [text/html] [400 The plain HTTP request was sent to HTTPS port] [cloudflare] [cloudflare] [Cloudflare] [20ad84d030031252141ca0b3fc0183f0]
http://docs.deepspace.game:8880 [301] [GET] [] [] [cloudflare] [cloudflare] [Cloudflare] [d41d8cd98f00b204e9800998ecf8427e]
http://faucet.deepspace.game:2082 [301] [GET] [] [] [cloudflare] [cloudflare] [Cloudflare] [d41d8cd98f00b204e9800998ecf8427e]
http://faucet.deepspace.game:2086 [301] [GET] [] [] [cloudflare] [cloudflare] [Cloudflare] [d41d8cd98f00b204e9800998ecf8427e]
http://faucet.deepspace.game:8080 [301] [GET] [] [] [cloudflare] [cloudflare] [Cloudflare] [d41d8cd98f00b204e9800998ecf8427e]
http://faucet.deepspace.game:8880 [301] [GET] [] [] [cloudflare] [cloudflare] [Cloudflare] [d41d8cd98f00b204e9800998ecf8427e]
http://game-api.deepspace.game:2082 [302] [GET] [] [] [cloudflare] [vhost] [cloudflare] [Cloudflare] [d41d8cd98f00b204e9800998ecf8427e]
http://game-api.deepspace.game:2086 [302] [GET] [] [] [cloudflare] [vhost] [cloudflare] [Cloudflare] [d41d8cd98f00b204e9800998ecf8427e]
http://game-api.deepspace.game:8080 [302] [GET] [] [] [cloudflare] [vhost] [cloudflare] [Cloudflare] [d41d8cd98f00b204e9800998ecf8427e]
http://game-api.deepspace.game:8880 [302] [GET] [] [] [cloudflare] [vhost] [cloudflare] [Cloudflare] [d41d8cd98f00b204e9800998ecf8427e]
http://gas.deepspace.game:2086 [301] [GET] [] [] [cloudflare] [cloudflare] [Cloudflare] [d41d8cd98f00b204e9800998ecf8427e]
http://gas.deepspace.game:8080 [301] [GET] [] [] [cloudflare] [cloudflare] [Cloudflare] [d41d8cd98f00b204e9800998ecf8427e]
http://gas.deepspace.game:8880 [301] [GET] [] [] [cloudflare] [cloudflare] [Cloudflare] [d41d8cd98f00b204e9800998ecf8427e]
http://pitch.deepspace.game:2082 [301] [GET] [] [] [cloudflare] [cloudflare] [Cloudflare] [d41d8cd98f00b204e9800998ecf8427e]
http://pitch.deepspace.game:2086 [301] [GET] [] [] [cloudflare] [cloudflare] [Cloudflare] [d41d8cd98f00b204e9800998ecf8427e]
http://pitch.deepspace.game:8080 [301] [GET] [] [] [cloudflare] [cloudflare] [Cloudflare] [d41d8cd98f00b204e9800998ecf8427e]
http://pitch.deepspace.game:8880 [301] [GET] [] [] [cloudflare] [cloudflare] [Cloudflare] [d41d8cd98f00b204e9800998ecf8427e]
http://play.deepspace.game:2082 [301] [GET] [] [] [cloudflare] [cloudflare] [Cloudflare] [d41d8cd98f00b204e9800998ecf8427e]
http://play.deepspace.game:2086 [301] [GET] [] [] [cloudflare] [cloudflare] [Cloudflare] [d41d8cd98f00b204e9800998ecf8427e]
http://play.deepspace.game:8080 [301] [GET] [] [] [cloudflare] [cloudflare] [Cloudflare] [d41d8cd98f00b204e9800998ecf8427e]
http://play.deepspace.game:8880 [301] [GET] [] [] [cloudflare] [cloudflare] [Cloudflare] [d41d8cd98f00b204e9800998ecf8427e]
http://prod-game-3-login.deepspace.game:2082 [301] [GET] [] [] [cloudflare] [cloudflare] [Cloudflare] [d41d8cd98f00b204e9800998ecf8427e]
http://prod-game-3-login.deepspace.game:2086 [403] [GET] [text/plain] [] [cloudflare] [cloudflare] [Cloudflare] [4f20b85ce5ebf225720e040314a7966a]
http://prod-game-3-login.deepspace.game:8080 [301] [GET] [] [] [cloudflare] [cloudflare] [Cloudflare] [d41d8cd98f00b204e9800998ecf8427e]
http://prod-game-3-login.deepspace.game:8880 [301] [GET] [] [] [cloudflare] [cloudflare] [Cloudflare] [d41d8cd98f00b204e9800998ecf8427e]
http://referrals.deepspace.game:2082 [301] [GET] [] [] [cloudflare] [cloudflare] [Cloudflare] [d41d8cd98f00b204e9800998ecf8427e]
http://referrals.deepspace.game:2086 [301] [GET] [] [] [cloudflare] [cloudflare] [Cloudflare] [d41d8cd98f00b204e9800998ecf8427e]
http://referrals.deepspace.game:8080 [301] [GET] [] [] [cloudflare] [cloudflare] [Cloudflare] [d41d8cd98f00b204e9800998ecf8427e]
http://referrals.deepspace.game:8880 [301] [GET] [] [] [cloudflare] [cloudflare] [Cloudflare] [d41d8cd98f00b204e9800998ecf8427e]
http://riskswap.deepspace.game:2086 [301] [GET] [] [] [cloudflare] [cloudflare] [Cloudflare] [d41d8cd98f00b204e9800998ecf8427e]
http://riskswap.deepspace.game:8080 [301] [GET] [] [] [cloudflare] [cloudflare] [Cloudflare] [d41d8cd98f00b204e9800998ecf8427e]
http://riskswap.deepspace.game:8880 [301] [GET] [] [] [cloudflare] [cloudflare] [Cloudflare] [d41d8cd98f00b204e9800998ecf8427e]
https://api.deepspace.game:2083 [429] [GET] [text/plain] [] [cloudflare] [vhost] [cloudflare] [Cloudflare] [1001b29d0cc03c0a5d1cd2567ed8ed94]
https://api.deepspace.game [302] [GET] [] [] [cloudflare] [vhost] [cloudflare] [Cloudflare] [d41d8cd98f00b204e9800998ecf8427e]
https://api.deepspace.game [429] [GET] [text/plain] [] [cloudflare] [vhost] [cloudflare] [Cloudflare] [1001b29d0cc03c0a5d1cd2567ed8ed94]
https://api.deepspace.game:8443 [429] [GET] [text/plain] [] [cloudflare] [vhost] [cloudflare] [Cloudflare] [1001b29d0cc03c0a5d1cd2567ed8ed94]
https://app.deepspace.game [308] [GET] [text/plain] [] [cloudflare] [vhost] [cloudflare] [Cloudflare,Vercel] [db3ec07655684febd52bf223dea7d79d]
https://assets.deepspace.game:2083 [404] [GET] [text/plain] [] [cloudflare] [vhost] [cloudflare] [Cloudflare] [ba3d96fd7997764e8b5b92068ff37aef]
https://assets.deepspace.game [404] [GET] [text/plain] [] [cloudflare] [vhost] [cloudflare] [Cloudflare] [ba3d96fd7997764e8b5b92068ff37aef]
https://assets.deepspace.game:8443 [404] [GET] [text/plain] [] [cloudflare] [vhost] [cloudflare] [Cloudflare] [ba3d96fd7997764e8b5b92068ff37aef]
https://blog.deepspace.game [307] [GET] [text/html] [] [cloudflare] [vhost] [cloudflare] [Cloudflare,Envoy] [c043e647ef37a7fab13bb1300afeef3c]
https://branding.deepspace.game [200] [GET] [text/html] [DEEPSPACE Branding Materials] [cloudflare] [vhost] [cloudflare] [Cloudflare,Cloudflare Network Error Logging] [0e884c41ffd04fa00fc01eb402727e6e]
https://branding.deepspace.game [200] [GET] [text/html] [DEEPSPACE Branding Materials] [cloudflare] [vhost] [cloudflare] [Cloudflare,Cloudflare Network Error Logging] [76bee441ca6bac8424fb94e6ab44b6b5]
https://branding.deepspace.game:2083 [200] [GET] [text/html] [DEEPSPACE Branding Materials] [cloudflare] [vhost] [cloudflare] [Cloudflare,Cloudflare Network Error Logging] [e6e4d334a7c08bbeda8ba1c25b52a629]
https://branding.deepspace.game:2087 [200] [GET] [text/html] [DEEPSPACE Branding Materials] [cloudflare] [vhost] [cloudflare] [Cloudflare,Cloudflare Network Error Logging] [9a5e658524344e628fa693c896c30373]
https://branding.deepspace.game:2096 [200] [GET] [text/html] [DEEPSPACE Branding Materials] [cloudflare] [vhost] [cloudflare] [Cloudflare,Cloudflare Network Error Logging] [4352b198987f52bd5e5147a347fbd13e]
https://branding.deepspace.game:8443 [200] [GET] [text/html] [DEEPSPACE Branding Materials] [cloudflare] [vhost] [cloudflare] [Cloudflare,Cloudflare Network Error Logging] [f180f7c4158b060bf2d7666f9cf95cf2]
https://bsg.deepspace.game [200] [GET] [text/plain] [] [cloudflare] [vhost] [cloudflare] [Cloudflare] [75a2fe556e01f4f2478f5919e3db0314]
https://bsg.deepspace.game:2053 [429] [GET] [text/plain] [] [cloudflare] [vhost] [cloudflare] [Cloudflare] [1001b29d0cc03c0a5d1cd2567ed8ed94]
https://bsg.deepspace.game:2087 [429] [GET] [text/plain] [] [cloudflare] [vhost] [cloudflare] [Cloudflare] [1001b29d0cc03c0a5d1cd2567ed8ed94]
https://bsg.deepspace.game [429] [GET] [text/plain] [] [cloudflare] [vhost] [cloudflare] [Cloudflare] [1001b29d0cc03c0a5d1cd2567ed8ed94]
https://bsg.deepspace.game:8443 [429] [GET] [text/plain] [] [cloudflare] [vhost] [cloudflare] [Cloudflare] [1001b29d0cc03c0a5d1cd2567ed8ed94]
https://contracts.deepspace.game:2083 [302] [GET] [] [] [cloudflare] [vhost] [cloudflare] [Cloudflare] [d41d8cd98f00b204e9800998ecf8427e]
https://contracts.deepspace.game:2087 [302] [GET] [] [] [cloudflare] [vhost] [cloudflare] [Cloudflare] [d41d8cd98f00b204e9800998ecf8427e]
https://contracts.deepspace.game:2096 [302] [GET] [] [] [cloudflare] [vhost] [cloudflare] [Cloudflare] [d41d8cd98f00b204e9800998ecf8427e]
https://contracts.deepspace.game [302] [GET] [] [] [cloudflare] [vhost] [cloudflare] [Cloudflare] [d41d8cd98f00b204e9800998ecf8427e]
https://contracts.deepspace.game:8443 [302] [GET] [] [] [cloudflare] [vhost] [cloudflare] [Cloudflare] [d41d8cd98f00b204e9800998ecf8427e]
https://daily.deepspace.game:2053 [302] [GET] [] [] [cloudflare] [vhost] [cloudflare] [Cloudflare] [d41d8cd98f00b204e9800998ecf8427e]
https://daily.deepspace.game:2087 [302] [GET] [] [] [cloudflare] [vhost] [cloudflare] [Cloudflare] [d41d8cd98f00b204e9800998ecf8427e]
https://daily.deepspace.game [302] [GET] [] [] [cloudflare] [vhost] [cloudflare] [Cloudflare] [d41d8cd98f00b204e9800998ecf8427e]
https://daily.deepspace.game:8443 [302] [GET] [] [] [cloudflare] [vhost] [cloudflare] [Cloudflare] [d41d8cd98f00b204e9800998ecf8427e]
https://dash.deepspace.game [200] [GET] [text/html] [DEEPSPACE ANALYTICS] [cloudflare] [vhost] [cloudflare] [Cloudflare,Cloudflare Network Error Logging] [9ab0815aa7c0849673e8ca9954b6fb88]
https://dash.deepspace.game [200] [GET] [text/html] [DEEPSPACE ANALYTICS] [cloudflare] [vhost] [cloudflare] [Cloudflare,Cloudflare Network Error Logging] [c69be859ced6a50ba528e6a7f062f5b2]
https://dash.deepspace.game:2053 [200] [GET] [text/html] [DEEPSPACE ANALYTICS] [cloudflare] [vhost] [cloudflare] [Cloudflare,Cloudflare Network Error Logging] [c3996aecc217b9910ef61bddf7447d9d]
https://dash.deepspace.game:2087 [200] [GET] [text/html] [DEEPSPACE ANALYTICS] [cloudflare] [vhost] [cloudflare] [Cloudflare,Cloudflare Network Error Logging] [2ec9887546776ae53e080c6ec39e65c8]
https://dash.deepspace.game:8443 [200] [GET] [text/html] [DEEPSPACE ANALYTICS] [cloudflare] [vhost] [cloudflare] [Cloudflare,Cloudflare Network Error Logging] [cc7fa01ee3efa98186ea0aeb51ddceac]
https://deepspace.game [200] [GET] [text/html] [DEEPSPACE - Play to Earn Crypto] [cloudflare] [vhost] [cloudflare] [Cloudflare,Cloudflare Network Error Logging,Webflow] [5512c66ff981d2b3bc6dfd8ce268b2fe]
https://deepspace.game [200] [GET] [text/html] [DEEPSPACE - Play to Earn Crypto] [cloudflare] [vhost] [cloudflare] [Cloudflare,Cloudflare Network Error Logging,Webflow] [a78d86a926bcc90cddfd3331265fa8f9]
https://deepspace.game:2053 [200] [GET] [text/html] [DEEPSPACE - Play to Earn Crypto] [cloudflare] [vhost] [cloudflare] [Cloudflare,Cloudflare Network Error Logging,Webflow] [821cac1b2b433df748222bd9da252376]
https://deepspace.game:2087 [200] [GET] [text/html] [DEEPSPACE - Play to Earn Crypto] [cloudflare] [vhost] [cloudflare] [Cloudflare,Cloudflare Network Error Logging,Webflow] [6c16352708048efd1f7b2eca9fe66d87]
https://deepspace.game:8443 [403] [GET] [text/html] [Attention Required! | Cloudflare] [cloudflare] [vhost] [cloudflare] [Cloudflare] [415d4fd135d46d125a3e03870355282e]
https://dev-api.deepspace.game:2053 [403] [GET] [text/plain] [] [cloudflare] [vhost] [cloudflare] [Cloudflare] [4f20b85ce5ebf225720e040314a7966a]
https://dev-api.deepspace.game:2087 [429] [GET] [text/plain] [] [cloudflare] [vhost] [cloudflare] [Cloudflare] [1001b29d0cc03c0a5d1cd2567ed8ed94]
https://dev-api.deepspace.game [302] [GET] [] [] [cloudflare] [vhost] [cloudflare] [Cloudflare] [d41d8cd98f00b204e9800998ecf8427e]
https://dev-api.deepspace.game [429] [GET] [text/plain] [] [cloudflare] [vhost] [cloudflare] [Cloudflare] [1001b29d0cc03c0a5d1cd2567ed8ed94]
https://dev-api.deepspace.game:8443 [429] [GET] [text/plain] [] [cloudflare] [vhost] [cloudflare] [Cloudflare] [1001b29d0cc03c0a5d1cd2567ed8ed94]
https://dev-app.deepspace.game [308] [GET] [text/plain] [] [cloudflare] [vhost] [cloudflare] [Cloudflare,Vercel] [db3ec07655684febd52bf223dea7d79d]
https://dev-assets.deepspace.game:2083 [404] [GET] [text/plain] [] [cloudflare] [vhost] [cloudflare] [Cloudflare] [ba3d96fd7997764e8b5b92068ff37aef]
https://dev-assets.deepspace.game [404] [GET] [text/plain] [] [cloudflare] [vhost] [cloudflare] [Cloudflare] [ba3d96fd7997764e8b5b92068ff37aef]
https://dev-assets.deepspace.game:8443 [404] [GET] [text/plain] [] [cloudflare] [vhost] [cloudflare] [Cloudflare] [ba3d96fd7997764e8b5b92068ff37aef]
https://dev-game-api.deepspace.game:2083 [302] [GET] [] [] [cloudflare] [vhost] [cloudflare] [Cloudflare] [d41d8cd98f00b204e9800998ecf8427e]
https://dev-game-api.deepspace.game:2087 [302] [GET] [] [] [cloudflare] [vhost] [cloudflare] [Cloudflare] [d41d8cd98f00b204e9800998ecf8427e]
https://dev-game-api.deepspace.game:2096 [302] [GET] [] [] [cloudflare] [vhost] [cloudflare] [Cloudflare] [d41d8cd98f00b204e9800998ecf8427e]
https://dev-game-api.deepspace.game [302] [GET] [] [] [cloudflare] [vhost] [cloudflare] [Cloudflare] [d41d8cd98f00b204e9800998ecf8427e]
https://dev-game-api.deepspace.game:8443 [302] [GET] [] [] [cloudflare] [vhost] [cloudflare] [Cloudflare] [d41d8cd98f00b204e9800998ecf8427e]
https://dev-play.deepspace.game:2083 [302] [GET] [] [] [cloudflare] [vhost] [cloudflare] [Cloudflare] [d41d8cd98f00b204e9800998ecf8427e]
https://dev-play.deepspace.game:2087 [302] [GET] [] [] [cloudflare] [vhost] [cloudflare] [Cloudflare] [d41d8cd98f00b204e9800998ecf8427e]
https://dev-play.deepspace.game:2096 [302] [GET] [] [] [cloudflare] [vhost] [cloudflare] [Cloudflare] [d41d8cd98f00b204e9800998ecf8427e]
https://dev-play.deepspace.game [302] [GET] [] [] [cloudflare] [vhost] [cloudflare] [Cloudflare] [d41d8cd98f00b204e9800998ecf8427e]
https://dev-play.deepspace.game:8443 [302] [GET] [] [] [cloudflare] [vhost] [cloudflare] [Cloudflare] [d41d8cd98f00b204e9800998ecf8427e]
https://docs.deepspace.game [302] [GET] [text/plain] [] [cloudflare] [vhost] [cloudflare] [Algolia,Cloudflare,Google Cloud,Google Cloud Trace] [5896a29e1ef9eab59b52ce778074f04e]
https://faucet.deepspace.game [200] [GET] [text/html] [DEEPSPACE - Test DPS Faucet] [cloudflare] [vhost] [cloudflare] [Cloudflare,Cloudflare Network Error Logging,React] [5c5bb559bbce46498bf807b543aa4879]
https://faucet.deepspace.game [200] [GET] [text/html] [DEEPSPACE - Test DPS Faucet] [cloudflare] [vhost] [cloudflare] [Cloudflare,Cloudflare Network Error Logging,React] [a92d5d52e819bbdf83a7c3c90c17ef2e]
https://faucet.deepspace.game:2083 [200] [GET] [text/html] [DEEPSPACE - Test DPS Faucet] [cloudflare] [vhost] [cloudflare] [Cloudflare,Cloudflare Network Error Logging,React] [17a4cbf1fba36e95bcf086b5f57e9c7d]
https://faucet.deepspace.game:8443 [200] [GET] [text/html] [DEEPSPACE - Test DPS Faucet] [cloudflare] [vhost] [cloudflare] [Cloudflare,Cloudflare Network Error Logging,React] [7fa7831fafb5da566ad739b431075235]
https://feedback.deepspace.game [200] [GET] [text/html] [DEEPSPACE - Feedback] [Vercel] [vhost] [Next.js,Node.js,React,Vercel,webpack] [0b40fbaef6d59bf5d6aa26a0b6ea958b]
https://game-api.deepspace.game:2083 [302] [GET] [] [] [cloudflare] [vhost] [cloudflare] [Cloudflare] [d41d8cd98f00b204e9800998ecf8427e]
https://game-api.deepspace.game:2087 [302] [GET] [] [] [cloudflare] [vhost] [cloudflare] [Cloudflare] [d41d8cd98f00b204e9800998ecf8427e]
https://game-api.deepspace.game:2096 [302] [GET] [] [] [cloudflare] [vhost] [cloudflare] [Cloudflare] [d41d8cd98f00b204e9800998ecf8427e]
https://game-api.deepspace.game [302] [GET] [] [] [cloudflare] [vhost] [cloudflare] [Cloudflare] [d41d8cd98f00b204e9800998ecf8427e]
https://game-api.deepspace.game:8443 [302] [GET] [] [] [cloudflare] [vhost] [cloudflare] [Cloudflare] [d41d8cd98f00b204e9800998ecf8427e]
https://gas.deepspace.game [200] [GET] [text/html] [DEEPSPACE (DPS) What The Gas Client] [cloudflare] [vhost] [cloudflare] [Cloudflare,Cloudflare Network Error Logging] [259a923f3b3c29a1f8c612467130db2c]
https://gas.deepspace.game [200] [GET] [text/html] [DEEPSPACE (DPS) What The Gas Client] [cloudflare] [vhost] [cloudflare] [Cloudflare,Cloudflare Network Error Logging] [edde433a0b28d73017fe999ba432f636]
https://gas.deepspace.game:2053 [200] [GET] [text/html] [DEEPSPACE (DPS) What The Gas Client] [cloudflare] [vhost] [cloudflare] [Cloudflare,Cloudflare Network Error Logging] [b8bcbb45162aa1e3ba8a7afeb1c50e51]
https://gas.deepspace.game:2087 [200] [GET] [text/html] [DEEPSPACE (DPS) What The Gas Client] [cloudflare] [vhost] [cloudflare] [Cloudflare,Cloudflare Network Error Logging] [ad2b61970ab54902d5b98ffe35632fc2]
https://gas.deepspace.game:8443 [200] [GET] [text/html] [DEEPSPACE (DPS) What The Gas Client] [cloudflare] [vhost] [cloudflare] [Cloudflare,Cloudflare Network Error Logging] [3eae7676d4159630881a92327948f33e]
https://lyncdiscover.deepspace.game [200] [GET] [application/json] [] [] [vhost] [Azure] [55816a366eb83571ff8969994c99f5ac]
https://pitch.deepspace.game [200] [GET] [text/html] [DEEPSPACE | Pitch Deck] [cloudflare] [vhost] [cloudflare] [Cloudflare,Cloudflare Network Error Logging] [3e32b905c83cc068f19ea2724656cd9e]
https://pitch.deepspace.game [200] [GET] [text/html] [DEEPSPACE | Pitch Deck] [cloudflare] [vhost] [cloudflare] [Cloudflare,Cloudflare Network Error Logging] [9c0be0b4cc010bd1132d9952294d40a5]
https://pitch.deepspace.game:2083 [200] [GET] [text/html] [DEEPSPACE | Pitch Deck] [cloudflare] [vhost] [cloudflare] [Cloudflare,Cloudflare Network Error Logging] [f5eb2c24969aebcea028c31b128ce55c]
https://pitch.deepspace.game:8443 [200] [GET] [text/html] [DEEPSPACE | Pitch Deck] [cloudflare] [vhost] [cloudflare] [Cloudflare,Cloudflare Network Error Logging] [addb029ccb94fb90ec5f1542e8054794]
https://play.deepspace.game:2083 [522] [GET] [] [] [cloudflare] [vhost] [cloudflare] [Cloudflare] [d41d8cd98f00b204e9800998ecf8427e]
https://play.deepspace.game [403] [GET] [text/html] [Attention Required! | Cloudflare] [cloudflare] [vhost] [cloudflare] [Cloudflare] [c7e11d6d7e346297f2b28ca14a279a15]
https://play.deepspace.game [522] [GET] [] [] [cloudflare] [vhost] [cloudflare] [Cloudflare] [d41d8cd98f00b204e9800998ecf8427e]
https://play.deepspace.game:8443 [522] [GET] [] [] [cloudflare] [vhost] [cloudflare] [Cloudflare] [d41d8cd98f00b204e9800998ecf8427e]
https://prod-game-3-login.deepspace.game:2083 [530] [GET] [text/html] [Argo Tunnel error | prod-game-3-login.deepspace.game | Cloudflare] [cloudflare] [vhost] [cloudflare] [Cloudflare] [5c109161486e78d14e4d1cf4314bad6c]
https://prod-game-3-login.deepspace.game [530] [GET] [text/html] [Argo Tunnel error | prod-game-3-login.deepspace.game | Cloudflare] [cloudflare] [vhost] [cloudflare] [Cloudflare] [1ee441788e8c60f0a0e95dd7e894899a]
https://prod-game-3-login.deepspace.game [530] [GET] [text/html] [Argo Tunnel error | prod-game-3-login.deepspace.game | Cloudflare] [cloudflare] [vhost] [cloudflare] [Cloudflare] [5d225068c65b487eed2b52802a9fcc09]
https://prod-game-3-login.deepspace.game:8443 [530] [GET] [text/html] [Argo Tunnel error | prod-game-3-login.deepspace.game | Cloudflare] [cloudflare] [vhost] [cloudflare] [Cloudflare] [8bf94e92ee36e407a0ef6bd06a3bcaec]
https://referrals.deepspace.game:2083 [302] [GET] [] [] [cloudflare] [vhost] [cloudflare] [Cloudflare] [d41d8cd98f00b204e9800998ecf8427e]
https://referrals.deepspace.game:2087 [302] [GET] [] [] [cloudflare] [vhost] [cloudflare] [Cloudflare] [d41d8cd98f00b204e9800998ecf8427e]
https://referrals.deepspace.game:2096 [302] [GET] [] [] [cloudflare] [vhost] [cloudflare] [Cloudflare] [d41d8cd98f00b204e9800998ecf8427e]
https://referrals.deepspace.game [302] [GET] [] [] [cloudflare] [vhost] [cloudflare] [Cloudflare] [d41d8cd98f00b204e9800998ecf8427e]
https://referrals.deepspace.game:8443 [302] [GET] [] [] [cloudflare] [vhost] [cloudflare] [Cloudflare] [d41d8cd98f00b204e9800998ecf8427e]
https://riskswap.deepspace.game:2053 [302] [GET] [] [] [cloudflare] [vhost] [cloudflare] [Cloudflare] [d41d8cd98f00b204e9800998ecf8427e]
https://riskswap.deepspace.game:2087 [302] [GET] [] [] [cloudflare] [vhost] [cloudflare] [Cloudflare] [d41d8cd98f00b204e9800998ecf8427e]
https://riskswap.deepspace.game [302] [GET] [] [] [cloudflare] [vhost] [cloudflare] [Cloudflare] [d41d8cd98f00b204e9800998ecf8427e]
https://riskswap.deepspace.game:8443 [302] [GET] [] [] [cloudflare] [vhost] [cloudflare] [Cloudflare] [d41d8cd98f00b204e9800998ecf8427e]
https://sip.deepspace.game [404] [GET] [text/plain] [] [RTC/7.0] [646857eaa7fa7b186c853ba6318d400e]
https://stats.deepspace.game [200] [GET] [text/html] [DEEPSPACE (DPS) Ship NFT Stats Client] [cloudflare] [vhost] [cloudflare] [Cloudflare,Cloudflare Network Error Logging] [7b7c868fb188f92d6195d8b91ae03cc4]
https://stats.deepspace.game [200] [GET] [text/html] [DEEPSPACE (DPS) Ship NFT Stats Client] [cloudflare] [vhost] [cloudflare] [Cloudflare,Cloudflare Network Error Logging] [97af276f9b43dcab15deb4398e96b61d]
https://stats.deepspace.game:2083 [200] [GET] [text/html] [DEEPSPACE (DPS) Ship NFT Stats Client] [cloudflare] [vhost] [cloudflare] [Cloudflare,Cloudflare Network Error Logging] [5f2bb8a31d14c4765d1b6f684ae656b4]
https://stats.deepspace.game:8443 [200] [GET] [text/html] [DEEPSPACE (DPS) Ship NFT Stats Client] [cloudflare] [vhost] [cloudflare] [Cloudflare,Cloudflare Network Error Logging] [d5bb6b5a82ee8239cc86c306adaa5fc4]
https://stream.deepspace.game:2083 [302] [GET] [] [] [cloudflare] [vhost] [cloudflare] [Cloudflare] [d41d8cd98f00b204e9800998ecf8427e]
https://stream.deepspace.game [302] [GET] [] [] [cloudflare] [vhost] [cloudflare] [Cloudflare] [d41d8cd98f00b204e9800998ecf8427e]
https://stream.deepspace.game:8443 [302] [GET] [] [] [cloudflare] [vhost] [cloudflare] [Cloudflare] [d41d8cd98f00b204e9800998ecf8427e]
https://swap.deepspace.game:2083 [302] [GET] [] [] [cloudflare] [vhost] [cloudflare] [Cloudflare] [d41d8cd98f00b204e9800998ecf8427e]
https://swap.deepspace.game [302] [GET] [] [] [cloudflare] [vhost] [cloudflare] [Cloudflare] [d41d8cd98f00b204e9800998ecf8427e]
https://swap.deepspace.game:8443 [302] [GET] [] [] [cloudflare] [vhost] [cloudflare] [Cloudflare] [d41d8cd98f00b204e9800998ecf8427e]
http://stats.deepspace.game:2082 [301] [GET] [] [] [cloudflare] [cloudflare] [Cloudflare] [d41d8cd98f00b204e9800998ecf8427e]
http://stats.deepspace.game:2086 [301] [GET] [] [] [cloudflare] [cloudflare] [Cloudflare] [d41d8cd98f00b204e9800998ecf8427e]
http://stats.deepspace.game:8080 [301] [GET] [] [] [cloudflare] [cloudflare] [Cloudflare] [d41d8cd98f00b204e9800998ecf8427e]
http://stats.deepspace.game:8880 [403] [GET] [text/plain] [] [cloudflare] [cloudflare] [Cloudflare] [4f20b85ce5ebf225720e040314a7966a]
https://test-api.deepspace.game [404] [GET] [text/html] [Site Not Found] [cloudflare] [vhost] [cloudflare] [Cloudflare,Fastly,Google Font API] [97c72af524b80149f47cccfde99cd9bf]
https://test-api.deepspace.game [404] [GET] [text/html] [Site Not Found] [cloudflare] [vhost] [cloudflare] [Cloudflare,Fastly,Google Font API] [b8c028014dbb97b92a4a593e2574578d]
https://test-app.deepspace.game [308] [GET] [text/plain] [] [cloudflare] [vhost] [cloudflare] [Cloudflare,Vercel] [c3b3e4fb3b8ee88944ad6a674d16fbf3]
https://test-assets.deepspace.game:2053 [404] [GET] [text/plain] [] [cloudflare] [vhost] [cloudflare] [Cloudflare] [ba3d96fd7997764e8b5b92068ff37aef]
https://test-assets.deepspace.game:2087 [404] [GET] [text/plain] [] [cloudflare] [vhost] [cloudflare] [Cloudflare] [ba3d96fd7997764e8b5b92068ff37aef]
https://test-assets.deepspace.game [403] [GET] [text/plain] [] [cloudflare] [vhost] [cloudflare] [Cloudflare] [4f20b85ce5ebf225720e040314a7966a]
https://test-assets.deepspace.game [404] [GET] [text/plain] [] [cloudflare] [vhost] [cloudflare] [Cloudflare] [ba3d96fd7997764e8b5b92068ff37aef]
https://test-assets.deepspace.game:8443 [404] [GET] [text/plain] [] [cloudflare] [vhost] [cloudflare] [Cloudflare] [ba3d96fd7997764e8b5b92068ff37aef]
https://test-play.deepspace.game:2053 [302] [GET] [] [] [cloudflare] [vhost] [cloudflare] [Cloudflare] [d41d8cd98f00b204e9800998ecf8427e]
https://test-play.deepspace.game:2087 [302] [GET] [] [] [cloudflare] [vhost] [cloudflare] [Cloudflare] [d41d8cd98f00b204e9800998ecf8427e]
https://test-play.deepspace.game [302] [GET] [] [] [cloudflare] [vhost] [cloudflare] [Cloudflare] [d41d8cd98f00b204e9800998ecf8427e]
https://test-play.deepspace.game:8443 [302] [GET] [] [] [cloudflare] [vhost] [cloudflare] [Cloudflare] [d41d8cd98f00b204e9800998ecf8427e]
https://test-signup.deepspace.game:2083 [302] [GET] [] [] [cloudflare] [vhost] [cloudflare] [Cloudflare] [d41d8cd98f00b204e9800998ecf8427e]
https://test-signup.deepspace.game [302] [GET] [] [] [cloudflare] [vhost] [cloudflare] [Cloudflare] [d41d8cd98f00b204e9800998ecf8427e]
https://test-signup.deepspace.game:8443 [302] [GET] [] [] [cloudflare] [vhost] [cloudflare] [Cloudflare] [d41d8cd98f00b204e9800998ecf8427e]
https://test-site.deepspace.game [200] [GET] [text/html] [DEEPSPACE - Play to Earn Crypto] [cloudflare] [vhost] [cloudflare] [Cloudflare,Cloudflare Network Error Logging,Webflow] [0d18f1dfd98faa07ad4cd81a0cf6ca33]
https://test-site.deepspace.game [200] [GET] [text/html] [DEEPSPACE - Play to Earn Crypto] [cloudflare] [vhost] [cloudflare] [Cloudflare,Cloudflare Network Error Logging,Webflow] [6eba771bd8757a037769835ab42a0110]
https://test-site.deepspace.game:2083 [200] [GET] [text/html] [DEEPSPACE - Play to Earn Crypto] [cloudflare] [vhost] [cloudflare] [Cloudflare,Cloudflare Network Error Logging,Webflow] [3178255847e110982bdd825e9879260c]
https://test-site.deepspace.game:8443 [200] [GET] [text/html] [DEEPSPACE - Play to Earn Crypto] [cloudflare] [vhost] [cloudflare] [Cloudflare,Cloudflare Network Error Logging,Webflow] [5fbb90639894b81dbf3051a605bedeb1]
https://test-stats.deepspace.game [200] [GET] [text/html] [DEEPSPACE (DPS) Test Ship Stats Client] [cloudflare] [vhost] [cloudflare] [Cloudflare,Cloudflare Network Error Logging] [710fd13b2d6b70cfa3148e5af4dddd3f]
https://test-stats.deepspace.game [200] [GET] [text/html] [DEEPSPACE (DPS) Test Ship Stats Client] [cloudflare] [vhost] [cloudflare] [Cloudflare,Cloudflare Network Error Logging] [a333bffd9f5bb7cd130e93d94ffedf63]
https://test-stats.deepspace.game:2083 [200] [GET] [text/html] [DEEPSPACE (DPS) Test Ship Stats Client] [cloudflare] [vhost] [cloudflare] [Cloudflare,Cloudflare Network Error Logging] [5cd56b7bf2c919bdc4fab902bb273bc0]
https://test-stats.deepspace.game:2087 [200] [GET] [text/html] [DEEPSPACE (DPS) Test Ship Stats Client] [cloudflare] [vhost] [cloudflare] [Cloudflare,Cloudflare Network Error Logging] [1f7e4292b6e3ffad6c6dd40322879979]
https://test-stats.deepspace.game:2096 [200] [GET] [text/html] [DEEPSPACE (DPS) Test Ship Stats Client] [cloudflare] [vhost] [cloudflare] [Cloudflare,Cloudflare Network Error Logging] [f78a354393fed94200141c97025293e7]
https://test-stats.deepspace.game:8443 [200] [GET] [text/html] [DEEPSPACE (DPS) Test Ship Stats Client] [cloudflare] [vhost] [cloudflare] [Cloudflare,Cloudflare Network Error Logging] [66de379899445da5bd0d7c8bdb67fcee]
https://token.deepspace.game [200] [GET] [text/html] [DEEPSPACE (DPS) Token Stats Client] [cloudflare] [vhost] [cloudflare] [Cloudflare,Cloudflare Network Error Logging] [59b736b5a0999593cf38118286b919d3]
https://token.deepspace.game [200] [GET] [text/html] [DEEPSPACE (DPS) Token Stats Client] [cloudflare] [vhost] [cloudflare] [Cloudflare,Cloudflare Network Error Logging] [6d5e5468fc25b8b78581eb6c2a89a303]
https://token.deepspace.game:2053 [200] [GET] [text/html] [DEEPSPACE (DPS) Token Stats Client] [cloudflare] [vhost] [cloudflare] [Cloudflare,Cloudflare Network Error Logging] [76c0f564af15c2f94bd0807fad2234aa]
https://token.deepspace.game:2087 [200] [GET] [text/html] [DEEPSPACE (DPS) Token Stats Client] [cloudflare] [vhost] [cloudflare] [Cloudflare,Cloudflare Network Error Logging] [b66d2c7fd35a77fa170044b59e3e7df2]
https://token.deepspace.game:8443 [200] [GET] [text/html] [DEEPSPACE (DPS) Token Stats Client] [cloudflare] [vhost] [cloudflare] [Cloudflare,Cloudflare Network Error Logging] [caa979cfb5de3169d2477cfd3224ae02]
http://stream.deepspace.game:2082 [301] [GET] [] [] [cloudflare] [cloudflare] [Cloudflare] [d41d8cd98f00b204e9800998ecf8427e]
http://stream.deepspace.game:2086 [301] [GET] [] [] [cloudflare] [cloudflare] [Cloudflare] [d41d8cd98f00b204e9800998ecf8427e]
http://stream.deepspace.game:8080 [301] [GET] [] [] [cloudflare] [cloudflare] [Cloudflare] [d41d8cd98f00b204e9800998ecf8427e]
http://stream.deepspace.game:8880 [301] [GET] [] [] [cloudflare] [cloudflare] [Cloudflare] [d41d8cd98f00b204e9800998ecf8427e]
http://swap.deepspace.game:2082 [301] [GET] [] [] [cloudflare] [cloudflare] [Cloudflare] [d41d8cd98f00b204e9800998ecf8427e]
http://swap.deepspace.game:2086 [301] [GET] [] [] [cloudflare] [cloudflare] [Cloudflare] [d41d8cd98f00b204e9800998ecf8427e]
http://swap.deepspace.game:8080 [301] [GET] [] [] [cloudflare] [cloudflare] [Cloudflare] [d41d8cd98f00b204e9800998ecf8427e]
http://swap.deepspace.game:8880 [301] [GET] [] [] [cloudflare] [cloudflare] [Cloudflare] [d41d8cd98f00b204e9800998ecf8427e]
https://www.deepspace.game:2083 [302] [GET] [] [] [cloudflare] [vhost] [cloudflare] [Cloudflare] [d41d8cd98f00b204e9800998ecf8427e]
https://www.deepspace.game [302] [GET] [] [] [cloudflare] [vhost] [cloudflare] [Cloudflare] [d41d8cd98f00b204e9800998ecf8427e]
https://www.deepspace.game:8443 [302] [GET] [] [] [cloudflare] [vhost] [cloudflare] [Cloudflare] [d41d8cd98f00b204e9800998ecf8427e]
http://test-api.deepspace.game:2082 [301] [GET] [] [] [cloudflare] [cloudflare] [Cloudflare] [d41d8cd98f00b204e9800998ecf8427e]
http://test-api.deepspace.game:2083 [400] [GET] [text/html] [400 The plain HTTP request was sent to HTTPS port] [cloudflare] [cloudflare] [Cloudflare] [20ad84d030031252141ca0b3fc0183f0]
http://test-api.deepspace.game:2086 [301] [GET] [] [] [cloudflare] [cloudflare] [Cloudflare] [d41d8cd98f00b204e9800998ecf8427e]
http://test-api.deepspace.game:2087 [400] [GET] [text/html] [400 The plain HTTP request was sent to HTTPS port] [cloudflare] [cloudflare] [Cloudflare] [20ad84d030031252141ca0b3fc0183f0]
http://test-api.deepspace.game:8080 [301] [GET] [] [] [cloudflare] [cloudflare] [Cloudflare] [d41d8cd98f00b204e9800998ecf8427e]
http://test-api.deepspace.game:8443 [400] [GET] [text/html] [400 The plain HTTP request was sent to HTTPS port] [cloudflare] [cloudflare] [Cloudflare] [20ad84d030031252141ca0b3fc0183f0]
http://test-api.deepspace.game:8880 [301] [GET] [] [] [cloudflare] [cloudflare] [Cloudflare] [d41d8cd98f00b204e9800998ecf8427e]
http://test-app.deepspace.game:2082 [301] [GET] [] [] [cloudflare] [cloudflare] [Cloudflare] [d41d8cd98f00b204e9800998ecf8427e]
http://test-app.deepspace.game:2083 [400] [GET] [text/html] [400 The plain HTTP request was sent to HTTPS port] [cloudflare] [cloudflare] [Cloudflare] [cd58783500d7fa3c58f88eb0ba22f4f8]
http://test-app.deepspace.game:2086 [301] [GET] [] [] [cloudflare] [cloudflare] [Cloudflare] [d41d8cd98f00b204e9800998ecf8427e]
http://test-app.deepspace.game:8080 [301] [GET] [] [] [cloudflare] [cloudflare] [Cloudflare] [d41d8cd98f00b204e9800998ecf8427e]
http://test-app.deepspace.game:8443 [400] [GET] [text/html] [400 The plain HTTP request was sent to HTTPS port] [cloudflare] [cloudflare] [Cloudflare] [20ad84d030031252141ca0b3fc0183f0]
http://test-app.deepspace.game:8880 [301] [GET] [] [] [cloudflare] [cloudflare] [Cloudflare] [d41d8cd98f00b204e9800998ecf8427e]
http://test-assets.deepspace.game:2086 [301] [GET] [] [] [cloudflare] [cloudflare] [Cloudflare] [d41d8cd98f00b204e9800998ecf8427e]
http://test-assets.deepspace.game:8080 [301] [GET] [] [] [cloudflare] [cloudflare] [Cloudflare] [d41d8cd98f00b204e9800998ecf8427e]
http://test-assets.deepspace.game:8880 [301] [GET] [] [] [cloudflare] [cloudflare] [Cloudflare] [d41d8cd98f00b204e9800998ecf8427e]
http://test-play.deepspace.game:2086 [301] [GET] [] [] [cloudflare] [cloudflare] [Cloudflare] [d41d8cd98f00b204e9800998ecf8427e]
http://test-play.deepspace.game:8080 [301] [GET] [] [] [cloudflare] [cloudflare] [Cloudflare] [d41d8cd98f00b204e9800998ecf8427e]
http://test-play.deepspace.game:8880 [301] [GET] [] [] [cloudflare] [cloudflare] [Cloudflare] [d41d8cd98f00b204e9800998ecf8427e]
http://test-signup.deepspace.game:2082 [301] [GET] [] [] [cloudflare] [cloudflare] [Cloudflare] [d41d8cd98f00b204e9800998ecf8427e]
http://test-signup.deepspace.game:2086 [301] [GET] [] [] [cloudflare] [cloudflare] [Cloudflare] [d41d8cd98f00b204e9800998ecf8427e]
http://test-signup.deepspace.game:8080 [301] [GET] [] [] [cloudflare] [cloudflare] [Cloudflare] [d41d8cd98f00b204e9800998ecf8427e]
http://test-signup.deepspace.game:8880 [301] [GET] [] [] [cloudflare] [cloudflare] [Cloudflare] [d41d8cd98f00b204e9800998ecf8427e]
http://test-site.deepspace.game:2082 [301] [GET] [] [] [cloudflare] [cloudflare] [Cloudflare] [d41d8cd98f00b204e9800998ecf8427e]
http://test-site.deepspace.game:2086 [301] [GET] [] [] [cloudflare] [cloudflare] [Cloudflare] [d41d8cd98f00b204e9800998ecf8427e]
http://test-site.deepspace.game:8080 [301] [GET] [] [] [cloudflare] [cloudflare] [Cloudflare] [d41d8cd98f00b204e9800998ecf8427e]
http://test-site.deepspace.game:8880 [301] [GET] [] [] [cloudflare] [cloudflare] [Cloudflare] [d41d8cd98f00b204e9800998ecf8427e]
http://test-stats.deepspace.game:2082 [301] [GET] [] [] [cloudflare] [cloudflare] [Cloudflare] [d41d8cd98f00b204e9800998ecf8427e]
http://test-stats.deepspace.game:2086 [301] [GET] [] [] [cloudflare] [cloudflare] [Cloudflare] [d41d8cd98f00b204e9800998ecf8427e]
http://test-stats.deepspace.game:8080 [301] [GET] [] [] [cloudflare] [cloudflare] [Cloudflare] [d41d8cd98f00b204e9800998ecf8427e]
http://test-stats.deepspace.game:8880 [301] [GET] [] [] [cloudflare] [cloudflare] [Cloudflare] [d41d8cd98f00b204e9800998ecf8427e]
http://token.deepspace.game:2086 [301] [GET] [] [] [cloudflare] [cloudflare] [Cloudflare] [d41d8cd98f00b204e9800998ecf8427e]
http://token.deepspace.game:8080 [301] [GET] [] [] [cloudflare] [cloudflare] [Cloudflare] [d41d8cd98f00b204e9800998ecf8427e]
http://token.deepspace.game:8880 [301] [GET] [] [] [cloudflare] [cloudflare] [Cloudflare] [d41d8cd98f00b204e9800998ecf8427e]
http://www.deepspace.game:2082 [301] [GET] [] [] [cloudflare] [cloudflare] [Cloudflare] [d41d8cd98f00b204e9800998ecf8427e]
http://www.deepspace.game:2086 [301] [GET] [] [] [cloudflare] [cloudflare] [Cloudflare] [d41d8cd98f00b204e9800998ecf8427e]
http://www.deepspace.game:8080 [301] [GET] [] [] [cloudflare] [cloudflare] [Cloudflare] [d41d8cd98f00b204e9800998ecf8427e]
http://www.deepspace.game:8880 [301] [GET] [] [] [cloudflare] [cloudflare] [Cloudflare] [d41d8cd98f00b204e9800998ecf8427e]
