http://agenda-dev.doctolib.com:8080 [403] [GET] [text/html] [] [cloudflare] [cloudflare] [Cloudflare,Cloudflare Bot Management] [f1a8d7aa71c399770fc04758ea66e8de]
http://agenda-dev.doctolib.com:8880 [403] [GET] [text/html] [] [cloudflare] [cloudflare] [Cloudflare,Cloudflare Bot Management] [e00fd12e13162b64ca126299928f0ff4]
http://agenda.doctolib.com:2086 [301] [GET] [] [] [cloudflare] [vhost] [cloudflare] [Cloudflare,Cloudflare Bot Management] [d41d8cd98f00b204e9800998ecf8427e]
http://agenda.doctolib.com:8080 [301] [GET] [] [] [cloudflare] [vhost] [cloudflare] [Cloudflare,Cloudflare Bot Management] [d41d8cd98f00b204e9800998ecf8427e]
http://agenda.doctolib.com:8880 [301] [GET] [] [] [cloudflare] [vhost] [cloudflare] [Cloudflare,Cloudflare Bot Management] [d41d8cd98f00b204e9800998ecf8427e]
http://clicks.doctolib.com:2086 [403] [GET] [text/html] [] [cloudflare] [cloudflare] [Cloudflare,Cloudflare Bot Management] [9c0b8106b33541fcf50031e71bdf8178]
http://clicks.doctolib.com:8080 [403] [GET] [text/html] [] [cloudflare] [cloudflare] [Cloudflare,Cloudflare Bot Management] [5831e0cee96829577b1a77967f6d3a45]
http://clicks.doctolib.com:8880 [403] [GET] [text/html] [] [cloudflare] [cloudflare] [Cloudflare,Cloudflare Bot Management] [5af095ebe0ca90beb2b10ce427f4cbec]
http://email.doctolib.com:2086 [403] [GET] [text/html] [] [cloudflare] [cloudflare] [Cloudflare,Cloudflare Bot Management] [916ac0c1b0920ddb59958ca5502dc7cc]
http://email.doctolib.com:8080 [403] [GET] [text/html] [] [cloudflare] [cloudflare] [Cloudflare,Cloudflare Bot Management] [7c92c366e7a3b06526607edfc7a961fc]
http://email.doctolib.com:8880 [403] [GET] [text/html] [] [cloudflare] [cloudflare] [Cloudflare,Cloudflare Bot Management] [8c7e473c6053170e216a07f85fe186a5]
http://events.doctolib.com:2082 [403] [GET] [text/html] [] [cloudflare] [cloudflare] [Cloudflare,Cloudflare Bot Management] [210bd38b7496c36fefd6d2f7a1d211e4]
http://events.doctolib.com:2086 [403] [GET] [text/html] [] [cloudflare] [cloudflare] [Cloudflare,Cloudflare Bot Management] [f4372ab4d60b5b806d2a089dfdb216dc]
http://events.doctolib.com:8080 [403] [GET] [text/html] [] [cloudflare] [cloudflare] [Cloudflare,Cloudflare Bot Management] [b83ae15655f6a8fcbd9bf025564d1581]
http://events.doctolib.com:8880 [403] [GET] [text/html] [] [cloudflare] [cloudflare] [Cloudflare,Cloudflare Bot Management] [20ee462e3bc4c93a69d417d4b4f58b11]
http://events-logs.doctolib.com:2086 [403] [GET] [text/html] [] [cloudflare] [cloudflare] [Cloudflare,Cloudflare Bot Management] [a8ecad44cad6957e8d50819c8fd20bb4]
http://events-logs.doctolib.com:8080 [403] [GET] [text/html] [] [cloudflare] [cloudflare] [Cloudflare,Cloudflare Bot Management] [2577195960e898e86ac164b7400174b5]
http://events-logs.doctolib.com:8880 [403] [GET] [text/html] [] [cloudflare] [cloudflare] [Cloudflare,Cloudflare Bot Management] [e0b2a8a2d5a0dc6b513d1cbc06133bfd]
http://events-logs-staging.doctolib.com:2082 [403] [GET] [text/html] [] [cloudflare] [cloudflare] [Cloudflare,Cloudflare Bot Management] [0323d90c73544b1070fcd526e5f96892]
http://events-logs-staging.doctolib.com:2086 [403] [GET] [text/html] [] [cloudflare] [cloudflare] [Cloudflare,Cloudflare Bot Management] [9546cdf35b0234b967cb5809b5d8ff5b]
http://events-logs-staging.doctolib.com:8080 [403] [GET] [text/html] [] [cloudflare] [cloudflare] [Cloudflare,Cloudflare Bot Management] [d0ef80f73ac9c5f82e3361ddd5876f82]
http://events-logs-staging.doctolib.com:8880 [403] [GET] [text/html] [] [cloudflare] [cloudflare] [Cloudflare,Cloudflare Bot Management] [7a8501d5b81897739f8cdadb8488b4c8]
http://infos.doctolib.com:2086 [403] [GET] [text/html] [] [cloudflare] [cloudflare] [Cloudflare,Cloudflare Bot Management] [3351a9314535ab531d73072e747295eb]
http://infos.doctolib.com:8080 [403] [GET] [text/html] [] [cloudflare] [cloudflare] [Cloudflare,Cloudflare Bot Management] [a32aa3f45b61222a102844b14a9e6956]
http://infos.doctolib.com:8880 [403] [GET] [text/html] [] [cloudflare] [cloudflare] [Cloudflare,Cloudflare Bot Management] [070d73bbae7dd790bde458026e314962]
http://mj-dev.doctolib.com:2086 [403] [GET] [text/html] [] [cloudflare] [cloudflare] [Cloudflare,Cloudflare Bot Management] [811adabb81359d9e3a65fb7e355c3a1c]
http://mj-dev.doctolib.com:8080 [403] [GET] [text/html] [] [cloudflare] [cloudflare] [Cloudflare,Cloudflare Bot Management] [4f5c64d61c7673ea6949fa9f495c2fe2]
http://mj-dev.doctolib.com:8880 [403] [GET] [text/html] [] [cloudflare] [cloudflare] [Cloudflare,Cloudflare Bot Management] [8a0ba765cd01146c5f3061d96a8e32e7]
http://mta-sts.doctolib.com:2082 [403] [GET] [text/html] [] [cloudflare] [cloudflare] [Cloudflare,Cloudflare Bot Management] [efeb88d74d26c03732c4d6675a1361a8]
http://mta-sts.doctolib.com:2086 [403] [GET] [text/html] [] [cloudflare] [cloudflare] [Cloudflare,Cloudflare Bot Management] [03e56dcc207c99305e20e9f083522dba]
http://mta-sts.doctolib.com:8080 [403] [GET] [text/html] [] [cloudflare] [cloudflare] [Cloudflare,Cloudflare Bot Management] [1070b4b0ef92a2a2ea015c77c3d66f32]
http://mta-sts.doctolib.com:8880 [403] [GET] [text/html] [] [cloudflare] [cloudflare] [Cloudflare,Cloudflare Bot Management] [b25312a7b8d6dd506dae2f08c123ec6b]
http://news.doctolib.com:2082 [403] [GET] [text/html] [] [cloudflare] [cloudflare] [Cloudflare,Cloudflare Bot Management] [aff2c65e14327dd8cc0782fc958f0447]
http://news.doctolib.com:2086 [403] [GET] [text/html] [] [cloudflare] [cloudflare] [Cloudflare,Cloudflare Bot Management] [9ab3e48c14f6d76a9c462812dbb4b8be]
http://news.doctolib.com:8080 [403] [GET] [text/html] [] [cloudflare] [cloudflare] [Cloudflare,Cloudflare Bot Management] [90b03d428fa1539fffccd173cbf6adc5]
http://news.doctolib.com:8880 [403] [GET] [text/html] [] [cloudflare] [cloudflare] [Cloudflare,Cloudflare Bot Management] [d2e5c884e119270e7c355f6872d296e1]
http://pro-dev.doctolib.com:2082 [403] [GET] [text/html] [] [cloudflare] [cloudflare] [Cloudflare,Cloudflare Bot Management] [09628fa8764cf1c71f3d6359d54fa309]
http://pro-dev.doctolib.com:2086 [403] [GET] [text/html] [] [cloudflare] [cloudflare] [Cloudflare,Cloudflare Bot Management] [1ecd8977a40e6ab62f3be831e2a15a5e]
http://pro-dev.doctolib.com:8080 [403] [GET] [text/html] [] [cloudflare] [cloudflare] [Cloudflare,Cloudflare Bot Management] [6ab0c77437ccbd5fea8c258131ad7f9d]
http://pro-dev.doctolib.com:8880 [403] [GET] [text/html] [] [cloudflare] [cloudflare] [Cloudflare,Cloudflare Bot Management] [19e9d07024e0b0f95e18dd5ddb974e88]
http://rs-media-origin.doctolib.com:2082 [403] [GET] [text/html] [] [cloudflare] [cloudflare] [Cloudflare,Cloudflare Bot Management] [7b546dc261e7ec6ff01701ac81061320]
http://rs-media-origin.doctolib.com:2086 [403] [GET] [text/html] [] [cloudflare] [cloudflare] [Cloudflare,Cloudflare Bot Management] [22e8e8bdb387a14400026f54e827784a]
http://rs-media-origin.doctolib.com:8080 [403] [GET] [text/html] [] [cloudflare] [cloudflare] [Cloudflare,Cloudflare Bot Management] [2f9ebec232d491616241ac7304bb63c2]
http://rs-media-origin.doctolib.com:8880 [403] [GET] [text/html] [] [cloudflare] [cloudflare] [Cloudflare,Cloudflare Bot Management] [23e0f51a7b2b30de6336b9bbc65a0bcf]
https://about-staging.doctolib.com [403] [GET] [text/html] [] [cloudflare] [vhost] [cloudflare] [Cloudflare,Cloudflare Bot Management] [0d4b76ec8dc3d81b16fa5a0ba6028f24]
https://agenda-dev.doctolib.com:2087 [403] [GET] [text/html] [] [cloudflare] [vhost] [cloudflare] [Cloudflare,Cloudflare Bot Management] [6b238c993297e9d7844bde1846c54e21]
https://api.doctolib.com [403] [GET] [text/html] [] [cloudflare] [vhost] [cloudflare] [Cloudflare,Cloudflare Bot Management] [565631b8b68882230bc861dee1594533]
https://api-interf.doctolib.com [403] [GET] [text/html] [] [cloudflare] [vhost] [cloudflare] [Cloudflare,Cloudflare Bot Management] [7a97e99538dcd0e3b634d6e1e5f432bc]
https://clicks.doctolib.com [403] [GET] [text/html] [] [cloudflare] [vhost] [cloudflare] [Cloudflare,Cloudflare Bot Management] [750f142017b39c2dd6dac5ee714aacf1]
https://developers.doctolib.com [401] [GET] [text/plain] [] [WEBrick/1.6.0 (Ruby/2.7.1/2020-03-31)] [vhost] [Basic,Heroku,Ruby] [d41d8cd98f00b204e9800998ecf8427e]
https://doctolib.com [301] [GET] [] [] [cloudflare] [vhost] [cloudflare] [Cloudflare,Cloudflare Bot Management] [d41d8cd98f00b204e9800998ecf8427e]
https://email.doctolib.com [403] [GET] [text/html] [] [cloudflare] [vhost] [cloudflare] [Cloudflare,Cloudflare Bot Management] [fa2a246375fd14d932b869cfdd5d1de9]
https://events-logs.doctolib.com:2096 [403] [GET] [text/html] [] [cloudflare] [vhost] [cloudflare] [Cloudflare,Cloudflare Bot Management] [6d4dfd203da11db1485fa918ac623abd]
https://events-logs-staging.doctolib.com [403] [GET] [text/html] [] [cloudflare] [vhost] [cloudflare] [Cloudflare,Cloudflare Bot Management] [e7ff5800579292cf1b0608d1ab7edcf3]
https://flowmailer.doctolib.com [200] [GET] [text/html] [You received emails from this domain, didn't you?] [nginx] [Nginx,PHP,Webflow] [c0666cde79e5426946974302fe3307c3]
https://mj-dev.doctolib.com:2083 [403] [GET] [text/html] [] [cloudflare] [vhost] [cloudflare] [Cloudflare,Cloudflare Bot Management] [56e70536ee465f598e29225466c0fc71]
https://m-staging.doctolib.com [403] [GET] [text/html] [] [cloudflare] [vhost] [cloudflare] [Cloudflare,Cloudflare Bot Management] [9caafe38351bd2349de25c4edd75002d]
https://mta-sts.doctolib.com:2087 [403] [GET] [text/html] [] [cloudflare] [vhost] [cloudflare] [Cloudflare,Cloudflare Bot Management] [a6adcecaeca8e34d1c80254801b0fa03]
https://pro-app.doctolib.com [400] [GET] [text/html] [Invalid Dynamic Link] [] [vhost] [Fastly] [13f4faea86a5d8a799a57a1bcd478434]
https://pro-dev.doctolib.com [403] [GET] [text/html] [] [cloudflare] [vhost] [cloudflare] [Cloudflare,Cloudflare Bot Management] [bf0e40e36e29fa695ce83a5b7c190836]
https://rs-media-origin.doctolib.com [403] [GET] [text/html] [] [cloudflare] [vhost] [cloudflare] [Cloudflare,Cloudflare Bot Management] [00cdd9d54d1b560ddbf2162f8588838d]
https://rs-staging.doctolib.com [403] [GET] [text/html] [] [cloudflare] [vhost] [cloudflare] [Cloudflare,Cloudflare Bot Management] [e516cf3758c1be98d91d850632627049]
https://sync-gateway-dev.doctolib.com:2083 [403] [GET] [text/html] [] [cloudflare] [vhost] [cloudflare] [Cloudflare,Cloudflare Bot Management] [540263d364087cc7286040c0d972200d]
https://test-failures.doctolib.com:8443 [403] [GET] [text/html] [] [cloudflare] [vhost] [cloudflare] [Cloudflare,Cloudflare Bot Management] [287af1f5d6dbaab0e47393451e6f3c5c]
https://test-failures-staging.doctolib.com [403] [GET] [text/html] [] [cloudflare] [vhost] [cloudflare] [Cloudflare,Cloudflare Bot Management] [d096a0297c05ae1d865363cccb3da751]
https://www-staging.doctolib.com [403] [GET] [text/html] [] [cloudflare] [vhost] [cloudflare] [Cloudflare,Cloudflare Bot Management] [b7d2a0512c8ea76ba48fd2348f93b68e]
http://sync-gateway-dev.doctolib.com:2086 [403] [GET] [text/html] [] [cloudflare] [cloudflare] [Cloudflare,Cloudflare Bot Management] [81cb8c5cbba4ee8e773e0ad1f8ca2565]
http://sync-gateway-dev.doctolib.com:8080 [403] [GET] [text/html] [] [cloudflare] [cloudflare] [Cloudflare,Cloudflare Bot Management] [51413bf0e540b91470fb7d8a739e48c3]
http://sync-gateway-dev.doctolib.com:8880 [403] [GET] [text/html] [] [cloudflare] [cloudflare] [Cloudflare,Cloudflare Bot Management] [937064c66184f5b3348ae601ca0fc9f7]
http://test-failures.doctolib.com:2082 [403] [GET] [text/html] [] [cloudflare] [cloudflare] [Cloudflare,Cloudflare Bot Management] [3f62ae2fcafa8b9fec370fb9e4c37f69]
http://test-failures.doctolib.com:2086 [403] [GET] [text/html] [] [cloudflare] [cloudflare] [Cloudflare,Cloudflare Bot Management] [eb8745f2eb40b81b1bebfc8bd02fa7f7]
http://test-failures.doctolib.com:8080 [403] [GET] [text/html] [] [cloudflare] [cloudflare] [Cloudflare,Cloudflare Bot Management] [2c9fe900fa0b87aa4079169add253047]
http://test-failures.doctolib.com:8880 [403] [GET] [text/html] [] [cloudflare] [cloudflare] [Cloudflare,Cloudflare Bot Management] [e13fe0df1346adbcf9acdb3cb5003eaa]
http://test-failures-staging.doctolib.com:2082 [403] [GET] [text/html] [] [cloudflare] [cloudflare] [Cloudflare,Cloudflare Bot Management] [423c7093f9930e9ac4003a40342bfc5b]
http://test-failures-staging.doctolib.com:2086 [403] [GET] [text/html] [] [cloudflare] [cloudflare] [Cloudflare,Cloudflare Bot Management] [b728082dbd97181037e465db30dcf7f0]
http://test-failures-staging.doctolib.com:8080 [403] [GET] [text/html] [] [cloudflare] [cloudflare] [Cloudflare,Cloudflare Bot Management] [c6bb45c9cdeed31197ed621084c03947]
http://test-failures-staging.doctolib.com:8880 [403] [GET] [text/html] [] [cloudflare] [cloudflare] [Cloudflare,Cloudflare Bot Management] [5bc3362c53ee1bea24c5c323a8e30ca5]
http://www-dev.doctolib.com:2086 [403] [GET] [text/html] [] [cloudflare] [cloudflare] [Cloudflare,Cloudflare Bot Management] [e2c6aa092862ba4baa2be2306d02c1a7]
http://www-dev.doctolib.com:8080 [403] [GET] [text/html] [] [cloudflare] [cloudflare] [Cloudflare,Cloudflare Bot Management] [2d06f92ead51dd166f44f5399b7f4c59]
http://www-dev.doctolib.com:8880 [403] [GET] [text/html] [] [cloudflare] [cloudflare] [Cloudflare,Cloudflare Bot Management] [4bcda2b508f237f29dc52c231e68140d]
