http://analytics.dsla.network:5001 [404] [GET] [text/plain] [] [] [google] [595e88012a6521aae3e12cbebe76eb9e]
http://analytics.dsla.network:8080 [200] [GET] [text/html] [/ipns/analytics.dsla.network/] [] [vhost] [google] [IPFS] [8adf82a0490b465fbe842bd29631c0bb]
http://api.dsla.network:2082 [301] [GET] [] [] [cloudflare] [vhost] [cloudflare] [Cloudflare,Cloudflare Network Error Logging] [d41d8cd98f00b204e9800998ecf8427e]
http://api.dsla.network:2083 [400] [GET] [text/html] [400 The plain HTTP request was sent to HTTPS port] [cloudflare] [cloudflare] [Cloudflare] [20ad84d030031252141ca0b3fc0183f0]
http://api.dsla.network:2086 [301] [GET] [] [] [cloudflare] [vhost] [cloudflare] [Cloudflare,Cloudflare Network Error Logging] [d41d8cd98f00b204e9800998ecf8427e]
http://api.dsla.network [301] [GET] [] [] [cloudflare] [vhost] [cloudflare] [Cloudflare,Cloudflare Network Error Logging] [d41d8cd98f00b204e9800998ecf8427e]
http://api.dsla.network:8080 [301] [GET] [] [] [cloudflare] [vhost] [cloudflare] [Cloudflare,Cloudflare Network Error Logging] [d41d8cd98f00b204e9800998ecf8427e]
http://api.dsla.network:8443 [400] [GET] [text/html] [400 The plain HTTP request was sent to HTTPS port] [cloudflare] [cloudflare] [Cloudflare] [cd58783500d7fa3c58f88eb0ba22f4f8]
http://api.dsla.network:8880 [301] [GET] [] [] [cloudflare] [vhost] [cloudflare] [Cloudflare,Cloudflare Network Error Logging] [d41d8cd98f00b204e9800998ecf8427e]
http://avalanche.dsla.network:2082 [301] [GET] [] [] [cloudflare] [vhost] [cloudflare] [Cloudflare,Cloudflare Network Error Logging] [d41d8cd98f00b204e9800998ecf8427e]
http://avalanche.dsla.network:2086 [301] [GET] [] [] [cloudflare] [vhost] [cloudflare] [Cloudflare,Cloudflare Network Error Logging] [d41d8cd98f00b204e9800998ecf8427e]
http://avalanche.dsla.network:8080 [301] [GET] [] [] [cloudflare] [vhost] [cloudflare] [Cloudflare,Cloudflare Network Error Logging] [d41d8cd98f00b204e9800998ecf8427e]
http://avalanche.dsla.network:8880 [301] [GET] [] [] [cloudflare] [vhost] [cloudflare] [Cloudflare,Cloudflare Network Error Logging] [d41d8cd98f00b204e9800998ecf8427e]
http://beta.dsla.network:2082 [301] [GET] [] [] [cloudflare] [vhost] [cloudflare] [Cloudflare,Cloudflare Network Error Logging] [d41d8cd98f00b204e9800998ecf8427e]
http://beta.dsla.network:2083 [400] [GET] [text/html] [400 The plain HTTP request was sent to HTTPS port] [cloudflare] [cloudflare] [Cloudflare] [20ad84d030031252141ca0b3fc0183f0]
http://beta.dsla.network:2086 [301] [GET] [] [] [cloudflare] [vhost] [cloudflare] [Cloudflare,Cloudflare Network Error Logging] [d41d8cd98f00b204e9800998ecf8427e]
http://beta.dsla.network:8080 [403] [GET] [text/plain] [] [cloudflare] [vhost] [cloudflare] [Cloudflare,Cloudflare Network Error Logging] [4f20b85ce5ebf225720e040314a7966a]
http://beta.dsla.network:8443 [400] [GET] [text/html] [400 The plain HTTP request was sent to HTTPS port] [cloudflare] [cloudflare] [Cloudflare] [cd58783500d7fa3c58f88eb0ba22f4f8]
http://beta.dsla.network:8880 [301] [GET] [] [] [cloudflare] [vhost] [cloudflare] [Cloudflare,Cloudflare Network Error Logging] [d41d8cd98f00b204e9800998ecf8427e]
http://dsla.network:2082 [301] [GET] [] [] [cloudflare] [vhost] [cloudflare] [Cloudflare,Cloudflare Network Error Logging] [d41d8cd98f00b204e9800998ecf8427e]
http://dsla.network:2083 [400] [GET] [text/html] [400 The plain HTTP request was sent to HTTPS port] [cloudflare] [cloudflare] [Cloudflare] [cd58783500d7fa3c58f88eb0ba22f4f8]
http://dsla.network:2086 [301] [GET] [] [] [cloudflare] [vhost] [cloudflare] [Cloudflare,Cloudflare Network Error Logging] [d41d8cd98f00b204e9800998ecf8427e]
http://dsla.network:8080 [301] [GET] [] [] [cloudflare] [vhost] [cloudflare] [Cloudflare,Cloudflare Network Error Logging] [d41d8cd98f00b204e9800998ecf8427e]
http://dsla.network:8443 [400] [GET] [text/html] [400 The plain HTTP request was sent to HTTPS port] [cloudflare] [cloudflare] [Cloudflare] [20ad84d030031252141ca0b3fc0183f0]
http://dsla.network:8880 [301] [GET] [] [] [cloudflare] [vhost] [cloudflare] [Cloudflare,Cloudflare Network Error Logging] [d41d8cd98f00b204e9800998ecf8427e]
http://ethereum.dsla.network:2052 [301] [GET] [] [] [cloudflare] [vhost] [cloudflare] [Cloudflare,Cloudflare Network Error Logging] [d41d8cd98f00b204e9800998ecf8427e]
http://ethereum.dsla.network:2086 [301] [GET] [] [] [cloudflare] [vhost] [cloudflare] [Cloudflare,Cloudflare Network Error Logging] [d41d8cd98f00b204e9800998ecf8427e]
http://ethereum.dsla.network:8080 [301] [GET] [] [] [cloudflare] [vhost] [cloudflare] [Cloudflare,Cloudflare Network Error Logging] [d41d8cd98f00b204e9800998ecf8427e]
http://ethereum.dsla.network:8880 [301] [GET] [] [] [cloudflare] [vhost] [cloudflare] [Cloudflare,Cloudflare Network Error Logging] [d41d8cd98f00b204e9800998ecf8427e]
http://harmony.dsla.network:2052 [301] [GET] [] [] [cloudflare] [vhost] [cloudflare] [Cloudflare,Cloudflare Network Error Logging] [d41d8cd98f00b204e9800998ecf8427e]
http://harmony.dsla.network:2086 [301] [GET] [] [] [cloudflare] [vhost] [cloudflare] [Cloudflare,Cloudflare Network Error Logging] [d41d8cd98f00b204e9800998ecf8427e]
http://harmony.dsla.network:8080 [301] [GET] [] [] [cloudflare] [vhost] [cloudflare] [Cloudflare,Cloudflare Network Error Logging] [d41d8cd98f00b204e9800998ecf8427e]
http://harmony.dsla.network:8880 [301] [GET] [] [] [cloudflare] [vhost] [cloudflare] [Cloudflare,Cloudflare Network Error Logging] [d41d8cd98f00b204e9800998ecf8427e]
http://ipfs.dsla.network:5001 [404] [GET] [text/plain] [] [] [google] [595e88012a6521aae3e12cbebe76eb9e]
http://ipfs.dsla.network:8080 [404] [GET] [text/plain] [] [] [google] [595e88012a6521aae3e12cbebe76eb9e]
http://new.dsla.network:2052 [301] [GET] [] [] [cloudflare] [vhost] [cloudflare] [Cloudflare,Cloudflare Network Error Logging] [d41d8cd98f00b204e9800998ecf8427e]
http://new.dsla.network:2086 [301] [GET] [] [] [cloudflare] [vhost] [cloudflare] [Cloudflare,Cloudflare Network Error Logging] [d41d8cd98f00b204e9800998ecf8427e]
http://new.dsla.network:2087 [400] [GET] [text/html] [400 The plain HTTP request was sent to HTTPS port] [cloudflare] [cloudflare] [Cloudflare] [20ad84d030031252141ca0b3fc0183f0]
http://new.dsla.network:8080 [301] [GET] [] [] [cloudflare] [vhost] [cloudflare] [Cloudflare,Cloudflare Network Error Logging] [d41d8cd98f00b204e9800998ecf8427e]
http://new.dsla.network:8443 [400] [GET] [text/html] [400 The plain HTTP request was sent to HTTPS port] [cloudflare] [cloudflare] [Cloudflare] [20ad84d030031252141ca0b3fc0183f0]
http://new.dsla.network:8880 [301] [GET] [] [] [cloudflare] [vhost] [cloudflare] [Cloudflare,Cloudflare Network Error Logging] [d41d8cd98f00b204e9800998ecf8427e]
https://analytics.dsla.network [403] [GET] [text/html] [403 Forbidden] [nginx/1.14.1] [google] [Nginx:1.14.1] [85da0485584c450d1ff61870b3db2acc]
https://ava.graph.node.dsla.network [200] [GET] [text/plain] [] [] [vhost] [google] [75a2fe556e01f4f2478f5919e3db0314]
https://avalanche.dsla.network:2083 [301] [GET] [] [] [cloudflare] [vhost] [cloudflare] [Cloudflare,Cloudflare Network Error Logging] [d41d8cd98f00b204e9800998ecf8427e]
https://avalanche.dsla.network [301] [GET] [] [] [cloudflare] [vhost] [cloudflare] [Cloudflare,Cloudflare Network Error Logging] [d41d8cd98f00b204e9800998ecf8427e]
https://avalanche.dsla.network:8443 [301] [GET] [] [] [cloudflare] [vhost] [cloudflare] [Cloudflare,Cloudflare Network Error Logging] [d41d8cd98f00b204e9800998ecf8427e]
https://beta.dsla.network [200] [GET] [text/html] [DSLA Network by Stacktical] [cloudflare] [vhost] [cloudflare] [Cloudflare,Cloudflare Network Error Logging,Envoy] [27190bb7eda658139341f80928a5c2db]
https://beta.dsla.network [200] [GET] [text/html] [DSLA Network by Stacktical] [cloudflare] [vhost] [cloudflare] [Cloudflare,Cloudflare Network Error Logging,Envoy] [48c95d522e0e2251856ca2c9ce3be069]
https://bsc.graph.node.dsla.network [200] [GET] [text/plain] [] [] [vhost] [google] [75a2fe556e01f4f2478f5919e3db0314]
https://dsla.network [200] [GET] [text/html] [DSLA Network] [cloudflare] [vhost] [cloudflare] [Cloudflare,Cloudflare Network Error Logging,Envoy] [20f385befde84d7bb32bd1d8e89db42e]
https://dsla.network [200] [GET] [text/html] [DSLA Network] [cloudflare] [vhost] [cloudflare] [Cloudflare,Cloudflare Network Error Logging,Envoy] [2447affa50b4e74f34829c7840d7ba15]
https://ethereum.dsla.network:2087 [301] [GET] [] [] [cloudflare] [vhost] [cloudflare] [Cloudflare,Cloudflare Network Error Logging] [d41d8cd98f00b204e9800998ecf8427e]
https://ethereum.dsla.network [301] [GET] [] [] [cloudflare] [vhost] [cloudflare] [Cloudflare,Cloudflare Network Error Logging] [d41d8cd98f00b204e9800998ecf8427e]
https://ethereum.dsla.network:8443 [301] [GET] [] [] [cloudflare] [vhost] [cloudflare] [Cloudflare,Cloudflare Network Error Logging] [d41d8cd98f00b204e9800998ecf8427e]
https://eth.graph.node.dsla.network [200] [GET] [text/plain] [] [] [vhost] [google] [75a2fe556e01f4f2478f5919e3db0314]
https://ftm.graph.node.dsla.network [200] [GET] [text/plain] [] [] [vhost] [google] [75a2fe556e01f4f2478f5919e3db0314]
https://harmony.dsla.network:2087 [301] [GET] [] [] [cloudflare] [vhost] [cloudflare] [Cloudflare,Cloudflare Network Error Logging] [d41d8cd98f00b204e9800998ecf8427e]
https://harmony.dsla.network [301] [GET] [] [] [cloudflare] [vhost] [cloudflare] [Cloudflare,Cloudflare Network Error Logging] [d41d8cd98f00b204e9800998ecf8427e]
https://harmony.dsla.network:8443 [301] [GET] [] [] [cloudflare] [vhost] [cloudflare] [Cloudflare,Cloudflare Network Error Logging] [d41d8cd98f00b204e9800998ecf8427e]
https://hny.graph.node.dsla.network [200] [GET] [text/plain] [] [] [vhost] [google] [75a2fe556e01f4f2478f5919e3db0314]
https://ipfs.dsla.network [403] [GET] [text/html] [403 Forbidden] [nginx/1.14.1] [google] [Nginx:1.14.1] [2c158a431794607be9b63bccc8df22ea]
https://ipfs.dsla.network [403] [GET] [text/html] [403 Forbidden] [nginx/1.14.1] [google] [Nginx:1.14.1] [85da0485584c450d1ff61870b3db2acc]
https://new.dsla.network [404] [GET] [] [] [cloudflare] [vhost] [cloudflare] [Cloudflare,Cloudflare Network Error Logging] [d41d8cd98f00b204e9800998ecf8427e]
https://plg.graph.node.dsla.network [200] [GET] [text/plain] [] [] [vhost] [google] [75a2fe556e01f4f2478f5919e3db0314]
http://staging.dsla.network [401] [GET] [text/html] [401 Authorization Required] [istio-envoy] [vhost] [google] [Basic,Envoy] [55f69d37caed0efafa4d15970ed5f18e]
https://ws.ava.graph.node.dsla.network [502] [GET] [text/html] [502 Bad Gateway] [] [vhost] [google] [2b027182dd680c922c2045072dad573c]
https://ws.ava.graph.node.dsla.network [502] [GET] [text/html] [502 Bad Gateway] [] [vhost] [google] [eac0a6a53d4a4353aace122055b4b4c8]
https://ws.bsc.graph.node.dsla.network [502] [GET] [text/html] [502 Bad Gateway] [] [vhost] [google] [2b027182dd680c922c2045072dad573c]
https://ws.bsc.graph.node.dsla.network [504] [GET] [text/html] [504 Gateway Time-out] [] [vhost] [google] [5b24d3c50a7e010d81b54836440ba586]
https://ws.eth.graph.node.dsla.network [502] [GET] [text/html] [502 Bad Gateway] [] [vhost] [google] [2b027182dd680c922c2045072dad573c]
https://ws.eth.graph.node.dsla.network [502] [GET] [text/html] [502 Bad Gateway] [] [vhost] [google] [eac0a6a53d4a4353aace122055b4b4c8]
https://ws.ftm.graph.node.dsla.network [502] [GET] [text/html] [502 Bad Gateway] [] [vhost] [google] [2b027182dd680c922c2045072dad573c]
https://ws.ftm.graph.node.dsla.network [502] [GET] [text/html] [502 Bad Gateway] [] [vhost] [google] [eac0a6a53d4a4353aace122055b4b4c8]
https://ws.hny.graph.node.dsla.network [502] [GET] [text/html] [502 Bad Gateway] [] [vhost] [google] [2b027182dd680c922c2045072dad573c]
https://ws.hny.graph.node.dsla.network [502] [GET] [text/html] [502 Bad Gateway] [] [vhost] [google] [eac0a6a53d4a4353aace122055b4b4c8]
https://ws.plg.graph.node.dsla.network [502] [GET] [text/html] [502 Bad Gateway] [] [vhost] [google] [2b027182dd680c922c2045072dad573c]
https://ws.plg.graph.node.dsla.network [502] [GET] [text/html] [502 Bad Gateway] [] [vhost] [google] [eac0a6a53d4a4353aace122055b4b4c8]
https://www.dsla.network:2087 [302] [GET] [] [] [cloudflare] [vhost] [cloudflare] [Cloudflare,Cloudflare Network Error Logging] [d41d8cd98f00b204e9800998ecf8427e]
https://www.dsla.network [302] [GET] [] [] [cloudflare] [vhost] [cloudflare] [Cloudflare,Cloudflare Network Error Logging] [d41d8cd98f00b204e9800998ecf8427e]
https://www.dsla.network:8443 [302] [GET] [] [] [cloudflare] [vhost] [cloudflare] [Cloudflare,Cloudflare Network Error Logging] [d41d8cd98f00b204e9800998ecf8427e]
http://www.dsla.network:2052 [301] [GET] [] [] [cloudflare] [vhost] [cloudflare] [Cloudflare,Cloudflare Network Error Logging] [d41d8cd98f00b204e9800998ecf8427e]
http://www.dsla.network:2086 [301] [GET] [] [] [cloudflare] [vhost] [cloudflare] [Cloudflare,Cloudflare Network Error Logging] [d41d8cd98f00b204e9800998ecf8427e]
http://www.dsla.network:8080 [301] [GET] [] [] [cloudflare] [vhost] [cloudflare] [Cloudflare,Cloudflare Network Error Logging] [d41d8cd98f00b204e9800998ecf8427e]
http://www.dsla.network:8880 [301] [GET] [] [] [cloudflare] [vhost] [cloudflare] [Cloudflare,Cloudflare Network Error Logging] [d41d8cd98f00b204e9800998ecf8427e]
