http://eat.ch:2082 [301] [GET] [] [] [cloudflare] [vhost] [cloudflare] [Cloudflare,Cloudflare Network Error Logging] [d41d8cd98f00b204e9800998ecf8427e]
http://eat.ch:2086 [301] [GET] [] [] [cloudflare] [vhost] [cloudflare] [Cloudflare,Cloudflare Network Error Logging] [d41d8cd98f00b204e9800998ecf8427e]
http://eat.ch:8080 [301] [GET] [] [] [cloudflare] [vhost] [cloudflare] [Cloudflare,Cloudflare Network Error Logging] [d41d8cd98f00b204e9800998ecf8427e]
http://eat.ch:8880 [301] [GET] [] [] [cloudflare] [vhost] [cloudflare] [Cloudflare,Cloudflare Network Error Logging] [d41d8cd98f00b204e9800998ecf8427e]
https://ablink.emails.eat.ch [404] [GET] [text/html] [404 Not Found] [nginx] [vhost] [cloudfront] [Amazon Cloudfront,Amazon Web Services,Nginx] [8e325dc2fea7c8900fc6c4b8c6c394fe]
https://app02.eat.ch [404] [GET] [text/plain] [] [awselb/2.0] [9e076f5885f5cc16a4b5aeb8de4adff5]
https://app.eat.ch [301] [GET] [text/html] [301 Moved Permanently] [awselb/2.0] [vhost] [4aa7a432bb447f094408f1bd6229c605]
https://beta-api.eat.ch [503] [GET] [text/html] [503 Service Temporarily Unavailable] [awselb/2.0] [vhost] [81df4d3863debf3eceb5cf84251fd472]
https://click.email.eat.ch [403] [GET] [text/html] [403 - Forbidden: Access is denied.] [] [vhost] [11ca4578cb026a23713aea6781b8ece3]
https://cloud.update.eat.ch [403] [GET] [text/html] [403 - Forbidden: Access is denied.] [] [11ca4578cb026a23713aea6781b8ece3]
https://eat.ch:2083 [301] [GET] [] [] [cloudflare] [vhost] [cloudflare] [Cloudflare,Cloudflare Network Error Logging] [d41d8cd98f00b204e9800998ecf8427e]
https://eat.ch:2087 [301] [GET] [] [] [cloudflare] [vhost] [cloudflare] [Cloudflare,Cloudflare Network Error Logging] [d41d8cd98f00b204e9800998ecf8427e]
https://eat.ch [301] [GET] [] [] [cloudflare] [vhost] [cloudflare] [Cloudflare,Cloudflare Network Error Logging] [d41d8cd98f00b204e9800998ecf8427e]
https://eat.ch:8443 [301] [GET] [] [] [cloudflare] [vhost] [cloudflare] [Cloudflare,Cloudflare Network Error Logging] [d41d8cd98f00b204e9800998ecf8427e]
https://html2pdf.eat.ch [403] [GET] [application/json] [] [] [vhost] [905b1fbb26e082557ff0b3b3553cda6c]
https://image.email.eat.ch [403] [GET] [text/html] [Access Denied] [AkamaiGHost] [vhost] [e5dfe9f44ad28aff61733cc833250abd]
https://image.update.eat.ch [403] [GET] [text/html] [Access Denied] [AkamaiGHost] [vhost] [5cc15cfa44461a32a031e137b21ab212]
https://m.eat.ch [301] [GET] [] [] [cloudflare] [vhost] [cloudflare] [Cloudflare] [d41d8cd98f00b204e9800998ecf8427e]
https://notime.eat.ch [404] [GET] [text/plain] [] [awselb/2.0] [9e076f5885f5cc16a4b5aeb8de4adff5]
https://origin-api-new.eat.ch [404] [GET] [text/plain] [] [awselb/2.0] [9e076f5885f5cc16a4b5aeb8de4adff5]
https://origin-contract.eat.ch [404] [GET] [text/plain] [] [awselb/2.0] [9e076f5885f5cc16a4b5aeb8de4adff5]
https://origin-driver-api.eat.ch [404] [GET] [text/plain] [] [awselb/2.0] [9e076f5885f5cc16a4b5aeb8de4adff5]
https://origin-driver.eat.ch [404] [GET] [text/plain] [] [awselb/2.0] [9e076f5885f5cc16a4b5aeb8de4adff5]
https://origin.eat.ch [301] [GET] [] [] [cloudflare] [vhost] [cloudflare] [Cloudflare] [d41d8cd98f00b204e9800998ecf8427e]
https://origin-pos-integration.eat.ch [404] [GET] [text/plain] [] [awselb/2.0] [9e076f5885f5cc16a4b5aeb8de4adff5]
https://origin-wss.eat.ch [404] [GET] [text/plain] [] [awselb/2.0] [9e076f5885f5cc16a4b5aeb8de4adff5]
https://pages.update.eat.ch [403] [GET] [text/html] [403 - Forbidden: Access is denied.] [] [11ca4578cb026a23713aea6781b8ece3]
https://partner.eat.ch [403] [GET] [text/html] [] [] [vhost] [incapsula] [Imperva] [9027b863670330f1a808fcda83875714]
https://pub.email.eat.ch [403] [GET] [text/html] [403 - Forbidden: Access is denied.] [] [11ca4578cb026a23713aea6781b8ece3]
https://restaurants.eat.ch [301] [GET] [] [] [cloudflare] [vhost] [cloudflare] [Cloudflare] [d41d8cd98f00b204e9800998ecf8427e]
https://static.eat.ch [200] [GET] [application/xml] [] [AmazonS3] [vhost] [cloudfront] [Amazon Cloudfront,Amazon S3,Amazon Web Services] [8c4337e7355390a830abfd53fa3c2147]
https://subfolder-proxy-foodwiki.eat.ch [301] [GET] [] [] [cloudflare] [vhost] [cloudflare] [Cloudflare] [d41d8cd98f00b204e9800998ecf8427e]
https://subfolder-proxy-partnerblog.eat.ch [301] [GET] [] [] [cloudflare] [vhost] [cloudflare] [Cloudflare] [d41d8cd98f00b204e9800998ecf8427e]
https://subfolder-proxy-takeawaypay.eat.ch [301] [GET] [] [] [cloudflare] [vhost] [cloudflare] [Cloudflare] [d41d8cd98f00b204e9800998ecf8427e]
http://staticaws.eat.ch [403] [GET] [text/html] [ERROR: The request could not be satisfied] [CloudFront] [cloudfront] [Amazon Cloudfront,Amazon Web Services] [17129b4f2c4cb2a769aeebb3540c87aa]
https://tv.eat.ch [301] [GET] [] [] [cloudflare] [vhost] [cloudflare] [Cloudflare] [d41d8cd98f00b204e9800998ecf8427e]
https://view.update.eat.ch [302] [GET] [text/html] [Object moved] [] [0b9ef0192b2022a0b94f012083714795]
https://www.eat.ch [301] [GET] [] [] [cloudflare] [vhost] [cloudflare] [Cloudflare] [d41d8cd98f00b204e9800998ecf8427e]
