http://acc-launcher-public-service-prod06.ol.epicgames.com [403] [GET] [text/html] [ERROR: The request could not be satisfied] [CloudFront] [cloudfront] [Amazon Cloudfront,Amazon Web Services] [322630f315b987574f890b019c9d7f17]
http://calendar.epicgames.com [302] [GET] [text/html] [302 Moved] [ghs] [vhost] [10f5c0fbb07e7163c286498021177594]
http://cdn4.epicgames.com [403] [GET] [text/html] [ERROR: The request could not be satisfied] [CloudFront] [cloudfront] [Amazon Cloudfront,Amazon Web Services] [abca48f2affb949bebec4970069e8c69]
http://docs.epicgames.com [302] [GET] [text/html] [302 Moved] [ghs] [vhost] [24319cf584006e3cfe1557cb078ca892]
http://engineering.epicgames.com:2052 [301] [GET] [] [] [cloudflare] [vhost] [cloudflare] [Cloudflare] [d41d8cd98f00b204e9800998ecf8427e]
http://engineering.epicgames.com:2082 [301] [GET] [] [] [cloudflare] [vhost] [cloudflare] [Cloudflare] [d41d8cd98f00b204e9800998ecf8427e]
http://engineering.epicgames.com:8080 [301] [GET] [] [] [cloudflare] [vhost] [cloudflare] [Cloudflare] [d41d8cd98f00b204e9800998ecf8427e]
http://engineering.epicgames.com:8880 [301] [GET] [] [] [cloudflare] [vhost] [cloudflare] [Cloudflare] [d41d8cd98f00b204e9800998ecf8427e]
http://epic-achievements-gamedev-assets.epicgames.com [403] [GET] [text/html] [ERROR: The request could not be satisfied] [CloudFront] [cloudfront] [Amazon Cloudfront,Amazon Web Services] [45894f9e68ceed5b43ccde358ea8ae82]
http://epicgames-stage.ol.epicgames.com [302] [GET] [text/html] [302 Found] [awselb/2.0] [f366e0e18b589cb6f243bf43ce75e83c]
https://accounthelp.epicgames.com [302] [GET] [text/html] [302 Found] [] [vhost] [cfbeaf604823f038b8b46f0ac862b98c]
https://account-public-service-prod03.ol.epicgames.com [404] [GET] [text/html] [Error 404] [] [3bffaea7e3f9b876d1c619809f13eec6]
https://account-public-service-prod.ak.epicgames.com [404] [GET] [application/octet-stream] [] [] [7215ee9c7d9dc229d2921a40e899ec5f]
https://account-public-service-prod-m.ol.epicgames.com [404] [GET] [text/html] [Error 404] [] [3bffaea7e3f9b876d1c619809f13eec6]
https://account-public-service-prod.ol.epicgames.com [404] [GET] [text/html] [Error 404] [] [3bffaea7e3f9b876d1c619809f13eec6]
https://accounts.epicgames.com [302] [GET] [] [] [] [d41d8cd98f00b204e9800998ecf8427e]
https://accounts.epicgames-stage.ol.epicgames.com [302] [GET] [] [] [] [d41d8cd98f00b204e9800998ecf8427e]
https://accounts.launcher-website-prod07.ol.epicgames.com [302] [GET] [] [] [] [d41d8cd98f00b204e9800998ecf8427e]
https://accts.epicgames.com [400] [GET] [text/plain] [] [] [18d8042386b79e2c279fd162df0205c8]
https://affiliate-public-service-prod.ol.epicgames.com [404] [GET] [text/html] [Error 404] [] [3bffaea7e3f9b876d1c619809f13eec6]
https://aop-configs.beef.live.use1a.on.epicgames.com [403] [GET] [text/html] [ERROR: The request could not be satisfied] [CloudFront] [cloudfront] [Amazon Cloudfront,Amazon Web Services] [98bbeb6a3da896269f1d7b622ad508dd]
https://aop-configs.beef.live.use1a.on.epicgames.com [403] [GET] [text/html] [ERROR: The request could not be satisfied] [CloudFront] [cloudfront] [Amazon Cloudfront,Amazon Web Services] [e475498adb2ce941c6fe6d21e3ac1278]
https://apacudn.epicgames.com [301] [GET] [text/html] [301 Moved Permanently] [] [cd2e0e43980a00fb6a2742d3afd803b8]
https://api.lt.qstv.on.epicgames.com [404] [GET] [text/plain] [] [awselb/2.0] [d41d8cd98f00b204e9800998ecf8427e]
https://app.epicgames.com [503] [GET] [text/html] [503 Service Temporarily Unavailable] [awselb/2.0] [81df4d3863debf3eceb5cf84251fd472]
https://app.epicgames-prod.ol.epicgames.com [503] [GET] [text/html] [503 Service Temporarily Unavailable] [awselb/2.0] [81df4d3863debf3eceb5cf84251fd472]
https://approval-bot-3.eut.it.epicgames.com [400] [GET] [text/html] [400 No required SSL certificate was sent] [nginx/1.14.0 (Ubuntu)] [Nginx,Ubuntu] [ee4d8a92014a00389dfd284ec2feb5f3]
https://approval-bot.eut.it.epicgames.com [400] [GET] [text/html] [400 No required SSL certificate was sent] [nginx/1.14.0 (Ubuntu)] [Nginx,Ubuntu] [ee4d8a92014a00389dfd284ec2feb5f3]
https://approval-bot.it-entapps-dev.epicgames.com [400] [GET] [text/html] [400 No required SSL certificate was sent] [nginx/1.14.0 (Ubuntu)] [Nginx,Ubuntu] [e5a802bdce7391511909e31282d932b1]
https://approval-bot.it.epicgames.com [400] [GET] [text/html] [400 No required SSL certificate was sent] [nginx/1.14.0 (Ubuntu)] [Nginx,Ubuntu] [ee4d8a92014a00389dfd284ec2feb5f3]
https://approval-bot.stage.it.epicgames.com [400] [GET] [text/html] [400 No required SSL certificate was sent] [nginx/1.14.0 (Ubuntu)] [Nginx,Ubuntu] [ee4d8a92014a00389dfd284ec2feb5f3]
https://auth-api.artpipeline-dev.it.epicgames.com [403] [GET] [application/json] [] [] [vhost] [cloudfront] [Amazon Cloudfront,Amazon Web Services] [bc45704aad57d445b6dfa58b101071e3]
https://auth-api-prod.artpipeline-dev.it.epicgames.com [403] [GET] [application/json] [] [] [vhost] [cloudfront] [Amazon Cloudfront,Amazon Web Services] [bc45704aad57d445b6dfa58b101071e3]
https://battlebreakershelp.epicgames.com [302] [GET] [text/html] [302 Found] [] [vhost] [cfbeaf604823f038b8b46f0ac862b98c]
https://battlebreakers-live-cdn.ol.epicgames.com [403] [GET] [application/xml] [] [AmazonS3] [vhost] [cloudfront] [Amazon Cloudfront,Amazon S3,Amazon Web Services] [2c2ddf6badd5362ebdd5a1381a39613f]
https://battlebreakers-live-cdn.ol.epicgames.com [403] [GET] [application/xml] [] [AmazonS3] [vhost] [cloudfront] [Amazon Cloudfront,Amazon S3,Amazon Web Services] [feb8d3630f25923be28d2c77c8869453]
https://bpt.dev.epicgames.com [200] [GET] [text/html] [Build Patch Tool] [AmazonS3] [vhost] [cloudfront] [Amazon Cloudfront,Amazon S3,Amazon Web Services] [dfac913df2a9c457a9416ce76f7cab11]
https://bpt-rc.dev.epicgames.com [200] [GET] [text/html] [Build Patch Tool] [AmazonS3] [vhost] [cloudfront] [Amazon Cloudfront,Amazon S3,Amazon Web Services] [f4f6b4390499978c80d5d0f2d7b98a68]
https://brand.epicgames.com [302] [GET] [text/html] [] [frontify] [vhost] [Amazon ALB,Amazon Web Services,PHP,Sqreen] [d41d8cd98f00b204e9800998ecf8427e]
https://careers.epicgames.com [301] [GET] [text/html] [301 Moved Permanently] [] [cd2e0e43980a00fb6a2742d3afd803b8]
https://catalog-public-service-prod06.ol.epicgames.com [404] [GET] [application/octet-stream] [] [] [7215ee9c7d9dc229d2921a40e899ec5f]
https://catalog-public-service-prod.ak.epicgames.com [404] [GET] [application/octet-stream] [] [] [7215ee9c7d9dc229d2921a40e899ec5f]
https://catalog-public-service-prod-m.ol.epicgames.com [404] [GET] [application/octet-stream] [] [] [7215ee9c7d9dc229d2921a40e899ec5f]
https://cdn-0001.qstv.on.epicgames.com [403] [GET] [application/xml] [] [AmazonS3] [vhost] [cloudfront] [Amazon Cloudfront,Amazon S3,Amazon Web Services] [89a9ecc3e93b9e53c770d514a00652b4]
https://cdn-0001.qstv.on.epicgames.com [403] [GET] [application/xml] [] [AmazonS3] [vhost] [cloudfront] [Amazon Cloudfront,Amazon S3,Amazon Web Services] [9cbfcfa1828c3c298fa22a3cfc3e4f31]
https://cdn1-dest.epicgames.com [400] [GET] [text/html] [Invalid URL] [AkamaiGHost] [8d0d9edde5a63f388ab8f68aa42f9117]
https://cdn1-dest.epicgames.com [400] [GET] [text/html] [Invalid URL] [AkamaiGHost] [b73d16447c998826eeecb056282ddfca]
https://cdn1.epicgames.com [403] [GET] [application/xml] [] [AmazonS3] [vhost] [Amazon Cloudfront,Amazon S3,Amazon Web Services] [9e2760f5b6cf567a9cf4908b9659f723]
https://cdn1.epicgames.com [403] [GET] [application/xml] [] [AmazonS3] [vhost] [Amazon Cloudfront,Amazon S3,Amazon Web Services] [f3ce004ef400761c04bb65cd33034653]
https://cdn2.epicgames.com [403] [GET] [application/xml] [] [AmazonS3] [vhost] [Amazon Cloudfront,Amazon S3,Amazon Web Services] [598e0a1c20c43d06efbfdede23f78855]
https://cdn2.epicgames.com [403] [GET] [application/xml] [] [AmazonS3] [vhost] [Amazon Cloudfront,Amazon S3,Amazon Web Services] [857cb92e51068c54f5e8e1bab802cf70]
https://cdn-dev.prm.ol.epicgames.com [403] [GET] [application/xml] [] [AmazonS3] [vhost] [Amazon S3,Amazon Web Services] [0e2e6645ff27ce06d1bb591bbe8cac25]
https://cdn-dev.prm.ol.epicgames.com [403] [GET] [application/xml] [] [AmazonS3] [vhost] [Amazon S3,Amazon Web Services] [241a547c4968b08c06921706ad6cdb70]
https://cdn-live.prm.ol.epicgames.com [403] [GET] [application/xml] [] [AmazonS3] [vhost] [Amazon S3,Amazon Web Services] [6c7c8e380c23b8a9619326caff60b6f2]
https://cdn-live.prm.ol.epicgames.com [403] [GET] [application/xml] [] [AmazonS3] [vhost] [Amazon S3,Amazon Web Services] [ed5b84a6dd78255e081c5dd9b926b219]
https://cdn.prm.epicgames.com [403] [GET] [application/xml] [] [AmazonS3] [vhost] [Amazon S3,Amazon Web Services] [0f32243383bfdd3ea6c3699dffebd24e]
https://cdn.prm.epicgames.com [403] [GET] [application/xml] [] [AmazonS3] [vhost] [Amazon S3,Amazon Web Services] [e28d95c73ee9ed24b2c5cb34d09c30d9]
https://china-cdn1.epicgames.com [400] [GET] [text/html] [400 Bad Request] [openresty/1.13.6.1] [Nginx,OpenResty] [46e1fa05858a91be40723185293ae00a]
https://china-cdn1.epicgames.com [400] [GET] [text/html] [400 Bad Request] [openresty/1.13.6.1] [Nginx,OpenResty] [c1e3c771bcce6b1c3be9927a08c6f448]
https://china-media-cdn.epicgames.com [400] [GET] [text/html] [400 Bad Request] [openresty/1.13.6.1] [Nginx,OpenResty] [c1e3c771bcce6b1c3be9927a08c6f448]
https://china-static-assets-prod.epicgames.com [400] [GET] [text/html] [400 Bad Request] [openresty/1.13.6.1] [Nginx,OpenResty] [46e1fa05858a91be40723185293ae00a]
https://click.news.epicgames.com [403] [GET] [text/html] [403 - Forbidden: Access is denied.] [] [11ca4578cb026a23713aea6781b8ece3]
https://coderedemption-public-service-prod.ol.epicgames.com [404] [GET] [text/html] [Error 404] [] [3bffaea7e3f9b876d1c619809f13eec6]
https://coderedemption-public-service-prod-origin.ak.epicgames.com [404] [GET] [text/html] [Error 404] [] [3bffaea7e3f9b876d1c619809f13eec6]
https://communications-service-prod06.ol.epicgames.com [404] [GET] [application/json] [] [] [1bf547acfd42287b4e7ff8e28fc179e8]
https://connect.ol.epicgames.com [404] [GET] [] [] [] [vhost] [d41d8cd98f00b204e9800998ecf8427e]
https://cooked-content-gamedev-cdn.epicgames.com [403] [GET] [application/xml] [] [AmazonS3] [vhost] [cloudfront] [Amazon Cloudfront,Amazon S3,Amazon Web Services] [2f30b6f0d94d89fb91b05493953e85b5]
https://cooked-content-gamedev-cdn.epicgames.com [403] [GET] [application/xml] [] [AmazonS3] [vhost] [cloudfront] [Amazon Cloudfront,Amazon S3,Amazon Web Services] [dcc31c793d72ae76855659db3ecdd3de]
https://cooked-content-live-cdn.epicgames.com [403] [GET] [application/xml] [] [AmazonS3] [vhost] [cloudfront] [Amazon Cloudfront,Amazon S3,Amazon Web Services] [2644048619eed5fc5e60f9d17aeb88cf]
https://cooked-content-live-cdn.epicgames.com [403] [GET] [application/xml] [] [AmazonS3] [vhost] [cloudfront] [Amazon Cloudfront,Amazon S3,Amazon Web Services] [67f611980982faabea2dff23c412340c]
https://create-epic-kitt-react.fnsocial.on.epicgames.com [403] [GET] [text/html] [ERROR: The request could not be satisfied] [CloudFront] [cloudfront] [Amazon Cloudfront,Amazon Web Services] [cd2e64847a964cbe9879262a67079be0]
https://create-epic-kitt-react.fnsocial.on.epicgames.com [403] [GET] [text/html] [ERROR: The request could not be satisfied] [CloudFront] [cloudfront] [Amazon Cloudfront,Amazon Web Services] [f41998b9851c997607bf488bbb408617]
https://data-asset-directory-public-service-prod.ol.epicgames.com [404] [GET] [application/json] [] [] [ae132b9a0e8f87fdb0ccc3aeb54df59d]
https://data-asset-directory-public-service-stage.ol.epicgames.com [404] [GET] [application/json] [] [] [ae132b9a0e8f87fdb0ccc3aeb54df59d]
https://datarouter-mobile.ol.epicgames.com [404] [GET] [application/json] [] [] [f1937d7f72c255461592d5c89c81395e]
https://datarouter.ol.epicgames.com [404] [GET] [application/json] [] [] [f1937d7f72c255461592d5c89c81395e]
https://datarouter-prod.ak.epicgames.com [404] [GET] [application/json] [] [] [f1937d7f72c255461592d5c89c81395e]
https://datarouter-public-service-prod06.ol.epicgames.com [404] [GET] [application/json] [] [] [f1937d7f72c255461592d5c89c81395e]
https://datarouter-weighted.ol.epicgames.com [404] [GET] [application/json] [] [] [f1937d7f72c255461592d5c89c81395e]
https://datastorage-public-service-liveegs.live.use1a.on.epicgames.com [404] [GET] [application/json] [] [] [vhost] [ae132b9a0e8f87fdb0ccc3aeb54df59d]
https://datastorage-public-service-liveeos.ol.epicgames.com [503] [GET] [text/html] [503 Service Temporarily Unavailable] [awselb/2.0] [81df4d3863debf3eceb5cf84251fd472]
https://datastorage-public-service-live.ol.epicgames.com [404] [GET] [application/json] [] [] [ae132b9a0e8f87fdb0ccc3aeb54df59d]
https://datastorage-public-service-prod.ol.epicgames.com [404] [GET] [application/json] [] [] [vhost] [ae132b9a0e8f87fdb0ccc3aeb54df59d]
https://detroitlabs.epicgames.com [200] [GET] [text/html] [Surreal] [nginx/1.18.0] [Express,Nginx,Node.js] [64d47a623f3a1e6c196daeb0358f3a41]
https://dev-config-querier.infosec.on.epicgames.com [403] [GET] [application/json] [] [] [vhost] [905b1fbb26e082557ff0b3b3553cda6c]
https://developerprivacy-public-service-prod.ol.epicgames.com [404] [GET] [] [] [] [d41d8cd98f00b204e9800998ecf8427e]
https://dev.epicgames.com [302] [GET] [text/plain] [] [] [vhost] [fe00e927e7779e64e9d0b96e36ad19ce]
https://dev.fcfd.live.use1a.on.epicgames.com [302] [GET] [text/plain] [] [] [vhost] [fe00e927e7779e64e9d0b96e36ad19ce]
https://devs.epicgames.com [400] [GET] [text/plain] [] [] [18d8042386b79e2c279fd162df0205c8]
https://dev.vault.substrate.on.epicgames.com [407] [GET] [] [] [awselb/2.0] [d41d8cd98f00b204e9800998ecf8427e]
https://dev.vault.substrate.on.epicgames.com:8200 [407] [GET] [] [] [awselb/2.0] [d41d8cd98f00b204e9800998ecf8427e]
https://dl.substrate.on.epicgames.com [403] [GET] [text/html] [ERROR: The request could not be satisfied] [CloudFront] [cloudfront] [Amazon Cloudfront,Amazon Web Services] [c46f90bf27a1dab23b6920518fb7f0dc]
https://dl.substrate.on.epicgames.com [403] [GET] [text/html] [ERROR: The request could not be satisfied] [CloudFront] [cloudfront] [Amazon Cloudfront,Amazon Web Services] [e2cebf028c83157f7f69b361bd097f7d]
https://download2.epicgames.com [403] [GET] [application/xml] [] [AmazonS3] [vhost] [cloudfront] [Amazon Cloudfront,Amazon S3,Amazon Web Services] [3c1e24808dc84d39d05bb31dfa2219f7]
https://download2.epicgames.com [403] [GET] [application/xml] [] [AmazonS3] [vhost] [cloudfront] [Amazon Cloudfront,Amazon S3,Amazon Web Services] [7d78b0757c10dfa9f71ffe6f18eba38d]
https://download3.epicgames.com [403] [GET] [application/xml] [] [AmazonS3] [vhost] [cloudfront] [Amazon Cloudfront,Amazon S3,Amazon Web Services] [11e631b6fc9459621f8a08233869535e]
https://download3.epicgames.com [403] [GET] [application/xml] [] [AmazonS3] [vhost] [cloudfront] [Amazon Cloudfront,Amazon S3,Amazon Web Services] [9fdbe8db135acfec4c0c5b8f784b8d65]
https://download4.epicgames.com [403] [GET] [application/xml] [] [AmazonS3] [vhost] [cloudfront] [Amazon Cloudfront,Amazon S3,Amazon Web Services] [079e5ad5d53b470dcba0a4f1a32978be]
https://download4.epicgames.com [403] [GET] [application/xml] [] [AmazonS3] [vhost] [cloudfront] [Amazon Cloudfront,Amazon S3,Amazon Web Services] [e9bf1108a07065c93d814f54d4a4fc18]
https://download.epicgames.com [403] [GET] [application/xml] [] [AmazonS3] [vhost] [cloudfront] [Amazon Cloudfront,Amazon S3,Amazon Web Services] [7665f665bdbf6b9ac8422077d82ea5fd]
https://download.epicgames.com [403] [GET] [application/xml] [] [AmazonS3] [vhost] [cloudfront] [Amazon Cloudfront,Amazon S3,Amazon Web Services] [95fc7353eef242db79f9d83feb43dd46]
https://ec2eaacb-e193-c703-95de-3e6cf572f04c-ap-southeast-1.rtcp.on.epicgames.com [400] [GET] [] [] [Boost.Beast/322] [3087d94ae3d9ca43c83b0e2454708564]
https://ecommerceintegration-public-service-ecomprod02.ol.epicgames.com [404] [GET] [text/html] [Error 404] [] [3bffaea7e3f9b876d1c619809f13eec6]
https://ecosec.on.epicgames.com [200] [GET] [text/html] [Talon Service] [nginx/1.21.6] [vhost] [Nginx,React] [049f54cd11b6012e7dba6f1398656c1c]
https://eg.epicgames.com [302] [GET] [text/html] [Object moved] [Microsoft-IIS/10.0] [vhost] [Amazon ALB,Amazon Web Services,IIS,Microsoft ASP.NET,Windows Server] [92e842f98113d1ac5d05b4203b9b881a]
https://egp-idsoc-proxy-prod.ol.epicgames.com [404] [GET] [application/json] [] [] [e2b9d64840eeb6ba23dbe1754b55c9c7]
https://egs-platform-service.store.epicgames.com:2083 [403] [GET] [text/html] [] [cloudflare] [vhost] [cloudflare] [Cloudflare,Cloudflare Bot Management] [e25318e01db4b58726cab8fd8bf649a7]
https://egs-platform-service.store.epicgames.com:2087 [403] [GET] [text/html] [] [cloudflare] [vhost] [cloudflare] [Cloudflare,Cloudflare Bot Management] [943da139964c10a8c2d2695e99b999a0]
https://egs-platform-service.store.epicgames.com [403] [GET] [text/html] [] [cloudflare] [vhost] [cloudflare] [Cloudflare,Cloudflare Bot Management] [9c4ad46d33889335b1a80b82d263eb9a]
https://egs-platform-service.store.epicgames.com:8443 [403] [GET] [text/html] [] [cloudflare] [vhost] [cloudflare] [Cloudflare,Cloudflare Bot Management] [19cba94da5abd80fac3dfe5a0e4e955c]
https://engineering.epicgames.com:2083 [403] [GET] [text/html] [Please Wait... | Cloudflare] [cloudflare] [vhost] [cloudflare] [Cloudflare] [e09d8f0c128df8e1cc86731fdaa37d19]
https://engineering.epicgames.com:2087 [403] [GET] [text/html] [Please Wait... | Cloudflare] [cloudflare] [vhost] [cloudflare] [Cloudflare] [89027512a10e6b82e1b0d1c27ccab24a]
https://engineering.epicgames.com:2096 [403] [GET] [text/html] [Please Wait... | Cloudflare] [cloudflare] [vhost] [cloudflare] [Cloudflare] [5528aa5bb1f56ac4fe6ae358953a2599]
https://engineering.epicgames.com [403] [GET] [text/html] [Please Wait... | Cloudflare] [cloudflare] [vhost] [cloudflare] [Cloudflare] [5251a3327c386ba4a1fdf00cf18dd056]
https://engineering.epicgames.com [403] [GET] [text/html] [Please Wait... | Cloudflare] [cloudflare] [vhost] [cloudflare] [Cloudflare] [5983d8fbedf5b5d92fcf7619636b1937]
https://engineering.epicgames.com:8443 [403] [GET] [text/html] [Please Wait... | Cloudflare] [cloudflare] [vhost] [cloudflare] [Cloudflare] [8dfda09d9686f243459b674deb04f305]
https://entitlement-public-service-prod08.ol.epicgames.com [404] [GET] [text/html] [Error 404] [] [3bffaea7e3f9b876d1c619809f13eec6]
https://entitlement-public-service-prod.ak.epicgames.com [404] [GET] [text/html] [Error 404] [] [3bffaea7e3f9b876d1c619809f13eec6]
https://entitlement-public-service-prod.ol.epicgames.com [404] [GET] [text/html] [Error 404] [] [3bffaea7e3f9b876d1c619809f13eec6]
https://eos-sdk.on.epicgames.com [403] [GET] [text/xml] [] [CloudFront] [vhost] [cloudfront] [Amazon Cloudfront,Amazon Web Services] [40a481f43ca93bbbdd18621b439ea397]
https://eos-service-datastorage-liveegs-public.befa.live.use1a.on.epicgames.com [404] [GET] [application/json] [] [] [vhost] [ae132b9a0e8f87fdb0ccc3aeb54df59d]
https://epicgames.com [302] [GET] [text/html] [302 Found] [awselb/2.0] [vhost] [f366e0e18b589cb6f243bf43ce75e83c]
https://epic-social-social-modules-prod.ol.epicgames.com [403] [GET] [application/xml] [] [AmazonS3] [vhost] [cloudfront] [Amazon Cloudfront,Amazon S3,Amazon Web Services] [13c40cc0d89534ce12288adac2a1ebf9]
https://epic-social-social-modules-prod.ol.epicgames.com [403] [GET] [application/xml] [] [AmazonS3] [vhost] [cloudfront] [Amazon Cloudfront,Amazon S3,Amazon Web Services] [3ace0380871afe4da9b70e6aefe8d8c8]
https://epic-voices-okta.eut.it.epicgames.com [403] [GET] [text/plain] [] [awselb/2.0] [ccc0377a8afbf50e7094f5c23a8af223]
https://epic-voices-okta.it.epicgames.com [403] [GET] [text/plain] [] [awselb/2.0] [ccc0377a8afbf50e7094f5c23a8af223]
https://epic-voices-okta.stage.it.epicgames.com [403] [GET] [text/plain] [] [awselb/2.0] [ccc0377a8afbf50e7094f5c23a8af223]
https://et2.epicgames.com [404] [GET] [application/json] [] [] [f1937d7f72c255461592d5c89c81395e]
https://etsource.epicgames.com [404] [GET] [application/json] [] [] [f1937d7f72c255461592d5c89c81395e]
https://eulatracking-public-service-prod06.ol.epicgames.com [404] [GET] [text/html] [Error 404] [] [3bffaea7e3f9b876d1c619809f13eec6]
https://eulatracking-public-service-prod.ak.epicgames.com [404] [GET] [text/html] [Error 404] [] [3bffaea7e3f9b876d1c619809f13eec6]
https://eulatracking-public-service-prod-m.ol.epicgames.com [404] [GET] [text/html] [Error 404] [] [3bffaea7e3f9b876d1c619809f13eec6]
https://eulatracking-public-service-prod.ol.epicgames.com [404] [GET] [text/html] [Error 404] [] [3bffaea7e3f9b876d1c619809f13eec6]
https://events-public-service-live.ol.epicgames.com [404] [GET] [application/json] [] [] [ae132b9a0e8f87fdb0ccc3aeb54df59d]
https://fastly-download.epicgames.com [403] [GET] [application/xml] [] [AmazonS3] [vhost] [fastly] [Amazon S3,Amazon Web Services,Fastly,Varnish] [3a1f3528579ce5874516287d14f1aa93]
https://fg-matchmaking-public-service-cert-stage.ol.epicgames.com [400] [GET] [application/json] [] [] [942619fb248fc4ee0afc521c62907a08]
https://fg-matchmaking-public-service-live-a.ol.epicgames.com [400] [GET] [application/json] [] [] [942619fb248fc4ee0afc521c62907a08]
https://fg-matchmaking-public-service-live-b.ol.epicgames.com [400] [GET] [application/json] [] [] [942619fb248fc4ee0afc521c62907a08]
https://fg-matchmaking-public-service-prod.ol.epicgames.com [400] [GET] [application/json] [] [] [942619fb248fc4ee0afc521c62907a08]
https://fn-service-datastorage-prod-public.dcaf.dev.use1a.on.epicgames.com [404] [GET] [application/json] [] [] [vhost] [ae132b9a0e8f87fdb0ccc3aeb54df59d]
https://fn-service-discovery-live-public.ogs.live.on.epicgames.com [404] [GET] [application/json] [] [] [ae132b9a0e8f87fdb0ccc3aeb54df59d]
https://fn-service-discovery-loadtest-public.ogs.dev.on.epicgames.com [404] [GET] [application/json] [] [] [ae132b9a0e8f87fdb0ccc3aeb54df59d]
https://fn-service-discovery-prod-public.ogs.dev.on.epicgames.com [404] [GET] [application/json] [] [] [vhost] [ae132b9a0e8f87fdb0ccc3aeb54df59d]
https://fn-service-discovery-stage-public.ogs.dev.on.epicgames.com [404] [GET] [application/json] [] [] [vhost] [ae132b9a0e8f87fdb0ccc3aeb54df59d]
https://fn-svc-discovery-live-w01-pub.ogs.live.on.epicgames.com [404] [GET] [application/json] [] [] [ae132b9a0e8f87fdb0ccc3aeb54df59d]
https://fn-svc-discovery-live-w02-pub.ogs.live.on.epicgames.com [404] [GET] [application/json] [] [] [ae132b9a0e8f87fdb0ccc3aeb54df59d]
https://fn-svc-discovery-lt-w01-pub.ogs.dev.on.epicgames.com [404] [GET] [application/json] [] [] [ae132b9a0e8f87fdb0ccc3aeb54df59d]
https://fn-svc-discovery-lt-w02-pub.ogs.dev.on.epicgames.com [404] [GET] [application/json] [] [] [ae132b9a0e8f87fdb0ccc3aeb54df59d]
https://fortnitecontent-website-prod07.ol.epicgames.com [302] [GET] [text/plain] [] [] [vhost] [cloudfront] [Amazon Cloudfront,Amazon Web Services] [d564c9196c223acbedd82ef8da87c7e3]
https://fortnitecontent-website-prod.ak.epicgames.com [302] [GET] [text/plain] [] [] [d564c9196c223acbedd82ef8da87c7e3]
https://fortnitehelp.epicgames.com [301] [GET] [text/html] [301 Moved Permanently] [] [cd2e0e43980a00fb6a2742d3afd803b8]
https://fortnite-island-screenshots-live-cdn.ol.epicgames.com [403] [GET] [application/xml] [] [AmazonS3] [vhost] [cloudfront] [Amazon Cloudfront,Amazon S3,Amazon Web Services] [b36fa50860d1c092049b69212e0a93fe]
https://fortnite-island-screenshots-live-cdn.ol.epicgames.com [403] [GET] [application/xml] [] [AmazonS3] [vhost] [cloudfront] [Amazon Cloudfront,Amazon S3,Amazon Web Services] [cc531d969892db7f5fe369222b02a8f0]
https://fortnite-matchmaking-public-service-live-asia.ol.epicgames.com [400] [GET] [application/json] [] [] [942619fb248fc4ee0afc521c62907a08]
https://fortnite-matchmaking-public-service-live-br.ol.epicgames.com [400] [GET] [application/json] [] [] [942619fb248fc4ee0afc521c62907a08]
https://fortnite-matchmaking-public-service-live-eu.ol.epicgames.com [400] [GET] [application/json] [] [] [942619fb248fc4ee0afc521c62907a08]
https://fortnite-matchmaking-public-service-live-me.ol.epicgames.com [400] [GET] [application/json] [] [] [942619fb248fc4ee0afc521c62907a08]
https://fortnite-matchmaking-public-service-live-nae.ol.epicgames.com [400] [GET] [application/json] [] [] [942619fb248fc4ee0afc521c62907a08]
https://fortnite-matchmaking-public-service-live-naw.ol.epicgames.com [400] [GET] [application/json] [] [] [942619fb248fc4ee0afc521c62907a08]
https://fortnite-matchmaking-public-service-live-oce.ol.epicgames.com [400] [GET] [application/json] [] [] [942619fb248fc4ee0afc521c62907a08]
https://fortnite-matchmaking-public-service-live-prod-b.ol.epicgames.com [503] [GET] [text/html] [503 Service Temporarily Unavailable] [awselb/2.0] [613f79233487af685baf4b32a2397ede]
https://fortnite-mm-public-service-live-eu.ak.epicgames.com [400] [GET] [application/json] [] [] [942619fb248fc4ee0afc521c62907a08]
https://fortnite-mm-public-service-live-me.ak.epicgames.com [400] [GET] [application/json] [] [] [942619fb248fc4ee0afc521c62907a08]
https://fortnite-mm-public-service-live-nae.ak.epicgames.com [400] [GET] [application/json] [] [] [942619fb248fc4ee0afc521c62907a08]
https://fortnite-mm-public-service-live-prod-b.ak.epicgames.com [503] [GET] [text/html] [503 Service Temporarily Unavailable] [awselb/2.0] [613f79233487af685baf4b32a2397ede]
https://fortnite-mm-public-service-live-prod-m-b.ol.epicgames.com [503] [GET] [text/html] [503 Service Temporarily Unavailable] [awselb/2.0] [81df4d3863debf3eceb5cf84251fd472]
https://fortnite-public-bacchusplaytest-prod.ol.epicgames.com [404] [GET] [] [] [] [d41d8cd98f00b204e9800998ecf8427e]
https://fortnite-public-service-astro-prod.ol.epicgames.com [404] [GET] [] [] [] [vhost] [Amazon ELB,Amazon Web Services] [d41d8cd98f00b204e9800998ecf8427e]
https://fortnite-public-service-athena-prod.ol.epicgames.com [404] [GET] [] [] [] [vhost] [Amazon ELB,Amazon Web Services] [d41d8cd98f00b204e9800998ecf8427e]
https://fortnite-public-service-bacchusplaytest-prod.ol.epicgames.com [404] [GET] [] [] [] [d41d8cd98f00b204e9800998ecf8427e]
https://fortnite-public-service-batsickle-prod.ol.epicgames.com [404] [GET] [] [] [] [Amazon ELB,Amazon Web Services] [d41d8cd98f00b204e9800998ecf8427e]
https://fortnite-public-service-bluedailymaintesting-prod.ol.epicgames.com [404] [GET] [] [] [] [d41d8cd98f00b204e9800998ecf8427e]
https://fortnite-public-service-blueextqadevtesting-prod.ol.epicgames.com [404] [GET] [] [] [] [Amazon ELB,Amazon Web Services] [d41d8cd98f00b204e9800998ecf8427e]
https://fortnite-public-service-brawler-prod.ol.epicgames.com [404] [GET] [] [] [] [Amazon ELB,Amazon Web Services] [d41d8cd98f00b204e9800998ecf8427e]
https://fortnite-public-service-bubbles-prod.ol.epicgames.com [404] [GET] [] [] [] [Amazon ELB,Amazon Web Services] [d41d8cd98f00b204e9800998ecf8427e]
https://fortnite-public-service-buckler-prod.ol.epicgames.com [404] [GET] [] [] [] [Amazon ELB,Amazon Web Services] [d41d8cd98f00b204e9800998ecf8427e]
https://fortnite-public-service-burnout-prod.ol.epicgames.com [404] [GET] [] [] [] [Amazon ELB,Amazon Web Services] [d41d8cd98f00b204e9800998ecf8427e]
https://fortnite-public-service-carbon-prod.ol.epicgames.com [404] [GET] [] [] [] [Amazon ELB,Amazon Web Services] [d41d8cd98f00b204e9800998ecf8427e]
https://fortnite-public-service-certstageb-stage.ol.epicgames.com [404] [GET] [] [] [] [Amazon ELB,Amazon Web Services] [d41d8cd98f00b204e9800998ecf8427e]
https://fortnite-public-service-certstagec-stage.ol.epicgames.com [404] [GET] [] [] [] [Amazon ELB,Amazon Web Services] [d41d8cd98f00b204e9800998ecf8427e]
https://fortnite-public-service-checker-prod.ol.epicgames.com [404] [GET] [] [] [] [Amazon ELB,Amazon Web Services] [d41d8cd98f00b204e9800998ecf8427e]
https://fortnite-public-service-cipher-prod.ol.epicgames.com [404] [GET] [] [] [] [Amazon ELB,Amazon Web Services] [d41d8cd98f00b204e9800998ecf8427e]
https://fortnite-public-service-dailymain-prod.ol.epicgames.com [404] [GET] [] [] [] [Amazon ELB,Amazon Web Services] [d41d8cd98f00b204e9800998ecf8427e]
https://fortnite-public-service-dailyreleasea-prod.ol.epicgames.com [404] [GET] [] [] [] [Amazon ELB,Amazon Web Services] [d41d8cd98f00b204e9800998ecf8427e]
https://fortnite-public-service-dailyreleaseb-prod.ol.epicgames.com [404] [GET] [] [] [] [Amazon ELB,Amazon Web Services] [d41d8cd98f00b204e9800998ecf8427e]
https://fortnite-public-service-dailyreleasec-prod.ol.epicgames.com [404] [GET] [] [] [] [Amazon ELB,Amazon Web Services] [d41d8cd98f00b204e9800998ecf8427e]
https://fortnite-public-service-dazzle-prod.ol.epicgames.com [404] [GET] [] [] [] [Amazon ELB,Amazon Web Services] [d41d8cd98f00b204e9800998ecf8427e]
https://fortnite-public-service-devplaytestb-prod.ol.epicgames.com [404] [GET] [] [] [] [Amazon ELB,Amazon Web Services] [d41d8cd98f00b204e9800998ecf8427e]
https://fortnite-public-service-devplaytestc-prod.ol.epicgames.com [404] [GET] [] [] [] [vhost] [Amazon ELB,Amazon Web Services] [d41d8cd98f00b204e9800998ecf8427e]
https://fortnite-public-service-devplaytestd-prod.ol.epicgames.com [404] [GET] [] [] [] [d41d8cd98f00b204e9800998ecf8427e]
https://fortnite-public-service-devplayteste-prod.ol.epicgames.com [404] [GET] [] [] [] [d41d8cd98f00b204e9800998ecf8427e]
https://fortnite-public-service-devplaytestf-prod.ol.epicgames.com [404] [GET] [] [] [] [d41d8cd98f00b204e9800998ecf8427e]
https://fortnite-public-service-devplaytestg-prod.ol.epicgames.com [404] [GET] [] [] [] [d41d8cd98f00b204e9800998ecf8427e]
https://fortnite-public-service-devplaytesth-prod.ol.epicgames.com [404] [GET] [] [] [] [d41d8cd98f00b204e9800998ecf8427e]
https://fortnite-public-service-devplaytesti-prod.ol.epicgames.com [404] [GET] [] [] [] [d41d8cd98f00b204e9800998ecf8427e]
https://fortnite-public-service-devplaytestj-prod.ol.epicgames.com [404] [GET] [] [] [] [d41d8cd98f00b204e9800998ecf8427e]
https://fortnite-public-service-devplaytestk-prod.ol.epicgames.com [404] [GET] [] [] [] [d41d8cd98f00b204e9800998ecf8427e]
https://fortnite-public-service-devplaytestl-prod.ol.epicgames.com [404] [GET] [] [] [] [d41d8cd98f00b204e9800998ecf8427e]
https://fortnite-public-service-devplaytestm-prod.ol.epicgames.com [404] [GET] [] [] [] [d41d8cd98f00b204e9800998ecf8427e]
https://fortnite-public-service-devplaytestn-prod.ol.epicgames.com [404] [GET] [] [] [] [d41d8cd98f00b204e9800998ecf8427e]
https://fortnite-public-service-devplaytesto-prod.ol.epicgames.com [404] [GET] [] [] [] [vhost] [Amazon ELB,Amazon Web Services] [d41d8cd98f00b204e9800998ecf8427e]
https://fortnite-public-service-devplaytestp-prod.ol.epicgames.com [404] [GET] [] [] [] [Amazon ELB,Amazon Web Services] [d41d8cd98f00b204e9800998ecf8427e]
https://fortnite-public-service-devplaytest-prod12.ol.epicgames.com [404] [GET] [] [] [] [vhost] [Amazon ELB,Amazon Web Services] [d41d8cd98f00b204e9800998ecf8427e]
https://fortnite-public-service-devplaytestq-prod.ol.epicgames.com [404] [GET] [] [] [] [d41d8cd98f00b204e9800998ecf8427e]
https://fortnite-public-service-devplaytestr-prod.ol.epicgames.com [404] [GET] [] [] [] [Amazon ELB,Amazon Web Services] [d41d8cd98f00b204e9800998ecf8427e]
https://fortnite-public-service-devplaytests-prod.ol.epicgames.com [404] [GET] [] [] [] [Amazon ELB,Amazon Web Services] [d41d8cd98f00b204e9800998ecf8427e]
https://fortnite-public-service-devplaytestt-prod.ol.epicgames.com [404] [GET] [] [] [] [Amazon ELB,Amazon Web Services] [d41d8cd98f00b204e9800998ecf8427e]
https://fortnite-public-service-devplaytestu-prod.ol.epicgames.com [404] [GET] [] [] [] [Amazon ELB,Amazon Web Services] [d41d8cd98f00b204e9800998ecf8427e]
https://fortnite-public-service-devplaytestv-prod.ol.epicgames.com [404] [GET] [] [] [] [Amazon ELB,Amazon Web Services] [d41d8cd98f00b204e9800998ecf8427e]
https://fortnite-public-service-devplaytestw-prod.ol.epicgames.com [404] [GET] [] [] [] [Amazon ELB,Amazon Web Services] [d41d8cd98f00b204e9800998ecf8427e]
https://fortnite-public-service-devplaytestx-prod.ol.epicgames.com [404] [GET] [] [] [] [Amazon ELB,Amazon Web Services] [d41d8cd98f00b204e9800998ecf8427e]
https://fortnite-public-service-devplaytesty-prod.ol.epicgames.com [404] [GET] [] [] [] [d41d8cd98f00b204e9800998ecf8427e]
https://fortnite-public-service-devplaytestz-prod.ol.epicgames.com [404] [GET] [] [] [] [vhost] [Amazon ELB,Amazon Web Services] [d41d8cd98f00b204e9800998ecf8427e]
https://fortnite-public-service-events-prod.ol.epicgames.com [404] [GET] [] [] [] [d41d8cd98f00b204e9800998ecf8427e]
https://fortnite-public-service-extqadevtesting-prod.ol.epicgames.com [404] [GET] [] [] [] [Amazon ELB,Amazon Web Services] [d41d8cd98f00b204e9800998ecf8427e]
https://fortnite-public-service-extqareleasetestingb-prod.ol.epicgames.com [404] [GET] [] [] [] [Amazon ELB,Amazon Web Services] [d41d8cd98f00b204e9800998ecf8427e]
https://fortnite-public-service-extqareleasetesting-prod.ol.epicgames.com [404] [GET] [] [] [] [vhost] [Amazon ELB,Amazon Web Services] [d41d8cd98f00b204e9800998ecf8427e]
https://fortnite-public-service-extqauetestingb-prod.ol.epicgames.com [404] [GET] [] [] [] [d41d8cd98f00b204e9800998ecf8427e]
https://fortnite-public-service-extqauetesting-prod.ol.epicgames.com [404] [GET] [] [] [] [d41d8cd98f00b204e9800998ecf8427e]
https://fortnite-public-service-ioscert-prod.ol.epicgames.com [503] [GET] [] [] [] [d41d8cd98f00b204e9800998ecf8427e]
https://fortnite-public-service-livebroadcasting-prod.ol.epicgames.com [404] [GET] [] [] [] [d41d8cd98f00b204e9800998ecf8427e]
https://fortnite-public-service-livetesting-prod.ol.epicgames.com [404] [GET] [] [] [] [d41d8cd98f00b204e9800998ecf8427e]
https://fortnite-public-service-loctesting-prod12.ol.epicgames.com [404] [GET] [] [] [] [d41d8cd98f00b204e9800998ecf8427e]
https://fortnite-public-service-loctesting-prod.ol.epicgames.com [404] [GET] [] [] [] [d41d8cd98f00b204e9800998ecf8427e]
https://fortnite-public-service-mobilecert-prod.ol.epicgames.com [404] [GET] [] [] [] [d41d8cd98f00b204e9800998ecf8427e]
https://fortnite-public-service-nscert-stage.ol.epicgames.com [404] [GET] [] [] [] [vhost] [Amazon ELB,Amazon Web Services] [d41d8cd98f00b204e9800998ecf8427e]
https://fortnite-public-service-partners-prod.ol.epicgames.com [404] [GET] [] [] [] [d41d8cd98f00b204e9800998ecf8427e]
https://fortnite-public-service-predeploya-prod.ol.epicgames.com [404] [GET] [] [] [] [Amazon ELB,Amazon Web Services] [d41d8cd98f00b204e9800998ecf8427e]
https://fortnite-public-service-predeployb-prod.ol.epicgames.com [404] [GET] [] [] [] [vhost] [Amazon ELB,Amazon Web Services] [d41d8cd98f00b204e9800998ecf8427e]
https://fortnite-public-service-preview-prod.ol.epicgames.com [404] [GET] [] [] [] [d41d8cd98f00b204e9800998ecf8427e]
https://fortnite-public-service-prod11.ol.epicgames.com [404] [GET] [] [] [] [d41d8cd98f00b204e9800998ecf8427e]
https://fortnite-public-service-prod.ak.epicgames.com [404] [GET] [] [] [] [d41d8cd98f00b204e9800998ecf8427e]
https://fortnite-public-service-prod-live-02.ol.epicgames.com [404] [GET] [] [] [] [d41d8cd98f00b204e9800998ecf8427e]
https://fortnite-public-service-prod-live-m.ol.epicgames.com [404] [GET] [] [] [] [d41d8cd98f00b204e9800998ecf8427e]
https://fortnite-public-service-publictest-prod.ol.epicgames.com [404] [GET] [] [] [] [d41d8cd98f00b204e9800998ecf8427e]
https://fortnite-public-service-reddailymaintesting-prod.ol.epicgames.com [404] [GET] [] [] [] [d41d8cd98f00b204e9800998ecf8427e]
https://fortnite-public-service-redextqadevtesting-prod.ol.epicgames.com [404] [GET] [] [] [] [Amazon ELB,Amazon Web Services] [d41d8cd98f00b204e9800998ecf8427e]
https://fortnite-public-service-releaseplaytestb-prod.ol.epicgames.com [404] [GET] [] [] [] [d41d8cd98f00b204e9800998ecf8427e]
https://fortnite-public-service-releaseplaytest-prod.ol.epicgames.com [404] [GET] [] [] [] [d41d8cd98f00b204e9800998ecf8427e]
https://fortnite-public-service-reviewcn-prod.ol.epicgames.com [503] [GET] [] [] [] [d41d8cd98f00b204e9800998ecf8427e]
https://fortnite-public-service-stage.ol.epicgames.com [404] [GET] [] [] [] [d41d8cd98f00b204e9800998ecf8427e]
https://fortnite-public-service-vkreleasedaily-prod.ol.epicgames.com [404] [GET] [] [] [] [Amazon ELB,Amazon Web Services] [d41d8cd98f00b204e9800998ecf8427e]
https://fortnitewaitingroom-public-service-prod.ak.epicgames.com [404] [GET] [text/html] [Error 404] [] [vhost] [Amazon ALB,Amazon Web Services] [3bffaea7e3f9b876d1c619809f13eec6]
https://fortnitewaitingroom-public-service-prod-m.ol.epicgames.com [404] [GET] [text/html] [Error 404] [] [vhost] [Amazon ALB,Amazon Web Services] [3bffaea7e3f9b876d1c619809f13eec6]
https://fortnitewaitingroom-public-service-prod.ol.epicgames.com [404] [GET] [text/html] [Error 404] [] [Amazon ELB,Amazon Web Services] [3bffaea7e3f9b876d1c619809f13eec6]
https://fortnitewaitingroom-public-service-stage.ol.epicgames.com [404] [GET] [text/html] [Error 404] [] [3bffaea7e3f9b876d1c619809f13eec6]
https://forums-cdn.epicgames.com [301] [GET] [text/html] [301 Moved Permanently] [] [vhost] [cloudfront] [Amazon Cloudfront,Amazon Web Services] [cd2e0e43980a00fb6a2742d3afd803b8]
https://forums.epicgames.com [200] [GET] [text/html] [Forum - 				Epic Games Forums] [] [vhost] [PHP,vBulletin] [486c139f3f8c34e55f4957315d776c36]
https://forums.epicgames.com [200] [GET] [text/html] [Forum - 				Epic Games Forums] [] [vhost] [PHP,vBulletin] [e193e4cbc89d61060d9e7613d2466b5a]
https://friends-public-service-prod06.ol.epicgames.com [404] [GET] [text/plain] [] [awselb/2.0] [9e076f5885f5cc16a4b5aeb8de4adff5]
https://friends-public-service-prod.ak.epicgames.com [404] [GET] [text/plain] [] [awselb/2.0] [9e076f5885f5cc16a4b5aeb8de4adff5]
https://friends-public-service-prod.ol.epicgames.com [404] [GET] [text/plain] [] [awselb/2.0] [9e076f5885f5cc16a4b5aeb8de4adff5]
https://gateway.epicgames.com [301] [GET] [text/html] [301 Moved Permanently] [] [cd2e0e43980a00fb6a2742d3afd803b8]
https://gearsforums.epicgames.com [301] [GET] [text/html] [301 Moved Permanently] [] [cd2e0e43980a00fb6a2742d3afd803b8]
https://geofeed.coreinfra.it.epicgames.com [200] [GET] [text/html] [] [AmazonS3] [vhost] [cloudfront] [Amazon Cloudfront,Amazon S3,Amazon Web Services] [a3d6177dd2e046eedad9158232c84745]
https://geofeed.it.epicgames.com [200] [GET] [text/html] [] [AmazonS3] [vhost] [cloudfront] [Amazon Cloudfront,Amazon S3,Amazon Web Services] [a3d6177dd2e046eedad9158232c84745]
https://graphql.epicgames.com [404] [GET] [text/html] [] [] [87b2de68112e1f1d409e11f58cfc121b]
https://graphql.epicgames-prod.ol.epicgames.com [404] [GET] [text/html] [] [] [87b2de68112e1f1d409e11f58cfc121b]
https://help.epicgames.com [301] [GET] [text/html] [301 Moved Permanently] [] [cd2e0e43980a00fb6a2742d3afd803b8]
https://horde-storage.2021-2.us-east-1.devtools.epicgames.com [404] [GET] [text/plain] [] [awselb/2.0] [d41d8cd98f00b204e9800998ecf8427e]
https://horde-storage.2021-2.us-west-2.devtools.epicgames.com [404] [GET] [text/plain] [] [awselb/2.0] [d41d8cd98f00b204e9800998ecf8427e]
https://horizon.epicgames.com [404] [GET] [text/html] [] [Sailthru] [d41d8cd98f00b204e9800998ecf8427e]
https://image.news.epicgames.com [403] [GET] [text/html] [Access Denied] [AkamaiGHost] [vhost] [806a222aa19b20f6824a6fb70c26cc3f]
https://image.news.epicgames.com [403] [GET] [text/html] [Access Denied] [AkamaiGHost] [vhost] [9660594e44f621e972c95344f08cd053]
https://installer.ega.ol.epicgames.com [403] [GET] [application/json] [] [] [vhost] [bc45704aad57d445b6dfa58b101071e3]
https://interactions-prod.ccec.live.use1a.on.epicgames.com [404] [GET] [text/plain] [] [awselb/2.0] [d41d8cd98f00b204e9800998ecf8427e]
https://interactions-service-prod.ol.epicgames.com [404] [GET] [text/plain] [] [awselb/2.0] [d41d8cd98f00b204e9800998ecf8427e]
https://interactions-stage.social.dev.on.epicgames.com [404] [GET] [text/plain] [] [awselb/2.0] [d41d8cd98f00b204e9800998ecf8427e]
https://invite-bot.eut.it.epicgames.com [400] [GET] [text/html] [400 No required SSL certificate was sent] [nginx/1.14.0 (Ubuntu)] [Nginx:1.14.0,Ubuntu] [ee4d8a92014a00389dfd284ec2feb5f3]
https://invite-bot.it.epicgames.com [400] [GET] [text/html] [400 No required SSL certificate was sent] [nginx/1.14.0 (Ubuntu)] [Nginx,Ubuntu] [ee4d8a92014a00389dfd284ec2feb5f3]
https://invite-bot-okta.eut.it.epicgames.com [403] [GET] [text/plain] [] [awselb/2.0] [ccc0377a8afbf50e7094f5c23a8af223]
https://invite-bot-okta.it.epicgames.com [403] [GET] [text/plain] [] [awselb/2.0] [ccc0377a8afbf50e7094f5c23a8af223]
https://invite-bot-okta.stage.it.epicgames.com [403] [GET] [text/plain] [] [awselb/2.0] [ccc0377a8afbf50e7094f5c23a8af223]
https://invite-bot.stage.it.epicgames.com [400] [GET] [text/html] [400 No required SSL certificate was sent] [nginx/1.14.0 (Ubuntu)] [Nginx,Ubuntu] [e5a802bdce7391511909e31282d932b1]
https://ip-data-provider-service-prod.ol.epicgames.com [200] [GET] [text/plain] [] [] [vhost] [1bf6f37b96c4ab0deefd763c239e64e3]
http://sites.epicgames.com [302] [GET] [text/html] [302 Moved] [ghs] [vhost] [11074a5b58a141007c731c761c0ef109]
https://ixm.substrate.on.epicgames.com [403] [GET] [application/json] [] [] [vhost] [905b1fbb26e082557ff0b3b3553cda6c]
https://ixm.transit.use1a.on.epicgames.com [403] [GET] [application/json] [] [] [vhost] [bc45704aad57d445b6dfa58b101071e3]
https://jira.it-entapps-dev.epicgames.com [302] [GET] [text/html] [302 Found] [awselb/2.0] [vhost] [f366e0e18b589cb6f243bf43ce75e83c]
https://jira.operations.it.epicgames.com [302] [GET] [text/html] [302 Found] [awselb/2.0] [vhost] [f366e0e18b589cb6f243bf43ce75e83c]
https://jira.stage.it.epicgames.com [302] [GET] [text/html] [302 Found] [awselb/2.0] [vhost] [f366e0e18b589cb6f243bf43ce75e83c]
https://jupiter.2021-2.eu-central-1.devtools.epicgames.com [404] [GET] [text/plain] [] [awselb/2.0] [d41d8cd98f00b204e9800998ecf8427e]
https://jupiter.devtools-dev.epicgames.com [404] [GET] [text/plain] [] [awselb/2.0] [d41d8cd98f00b204e9800998ecf8427e]
https://jupiter.devtools.epicgames.com [404] [GET] [text/plain] [] [awselb/2.0] [d41d8cd98f00b204e9800998ecf8427e]
https://koala-ci.fnsocial.on.epicgames.com [403] [GET] [text/html] [ERROR: The request could not be satisfied] [CloudFront] [cloudfront] [Amazon Cloudfront,Amazon Web Services] [4998b6b259e59664cf1a5d424a7efd8d]
https://koala-ci.fnsocial.on.epicgames.com [403] [GET] [text/html] [ERROR: The request could not be satisfied] [CloudFront] [cloudfront] [Amazon Cloudfront,Amazon Web Services] [d849df4f8eb436e44dd41cc336f4fc15]
https://lab-gp-01.epicgames.com [200] [GET] [text/html] [] [] [f91a416be352a03c76b6ce8f948eda4d]
https://lab-gp-02.epicgames.com [404] [GET] [text/html] [Document Error: Not Found] [] [0952e6a6eed71200bdb55bf83db4ee1a]
https://launcherhelp.epicgames.com [302] [GET] [text/html] [302 Found] [] [vhost] [cfbeaf604823f038b8b46f0ac862b98c]
https://launcher-public-service-prod06.ol.epicgames.com [404] [GET] [] [] [] [vhost] [cloudfront] [Amazon Cloudfront,Amazon Web Services] [d41d8cd98f00b204e9800998ecf8427e]
https://launcher-public-service-prod.ak.epicgames.com [404] [GET] [] [] [] [d41d8cd98f00b204e9800998ecf8427e]
https://launcher-public-service-prod-m.ol.epicgames.com [404] [GET] [] [] [] [vhost] [cloudfront] [Amazon Cloudfront,Amazon Web Services] [d41d8cd98f00b204e9800998ecf8427e]
https://launcherwaitingroom-public-service-prod06.ol.epicgames.com [404] [GET] [text/html] [Error 404] [] [vhost] [Amazon ELB,Amazon Web Services] [3bffaea7e3f9b876d1c619809f13eec6]
https://launcherwaitingroom-public-service-prod.ak.epicgames.com [404] [GET] [text/html] [Error 404] [] [vhost] [Amazon ALB,Amazon Web Services] [3bffaea7e3f9b876d1c619809f13eec6]
https://launcher-website-prod07.ol.epicgames.com [302] [GET] [text/plain] [] [] [vhost] [bba63e6c907dd52d8c3c9e039c4282e0]
https://launcher-website-prod.ak.epicgames.com [302] [GET] [text/plain] [] [] [vhost] [bba63e6c907dd52d8c3c9e039c4282e0]
https://library-service.beee.live.use1a.on.epicgames.com [404] [GET] [text/plain] [] [awselb/2.0] [d41d8cd98f00b204e9800998ecf8427e]
https://library-service.live.use1a.on.epicgames.com [404] [GET] [text/plain] [] [awselb/2.0] [d41d8cd98f00b204e9800998ecf8427e]
https://licensee-mgmt-portal-okta.eut.it.epicgames.com [403] [GET] [text/plain] [] [awselb/2.0] [ccc0377a8afbf50e7094f5c23a8af223]
https://licensee-mgmt-portal-okta.it-entapps-dev.epicgames.com [403] [GET] [text/plain] [] [awselb/2.0] [ccc0377a8afbf50e7094f5c23a8af223]
https://licensee-mgmt-portal-okta.it.epicgames.com [403] [GET] [text/plain] [] [awselb/2.0] [ccc0377a8afbf50e7094f5c23a8af223]
https://licensee-mgmt-portal-okta.stage.it.epicgames.com [403] [GET] [text/plain] [] [awselb/2.0] [ccc0377a8afbf50e7094f5c23a8af223]
https://lightswitch-public-service-prod06.ol.epicgames.com [404] [GET] [] [] [] [d41d8cd98f00b204e9800998ecf8427e]
https://lightswitch-public-service-prod.ak.epicgames.com [502] [GET] [text/html] [502 Bad Gateway] [awselb/2.0] [2b04736d96787f2c09e31a234e40273e]
https://lightswitch-public-service-prod-m.ol.epicgames.com [404] [GET] [] [] [] [d41d8cd98f00b204e9800998ecf8427e]
https://lightswitch-public-service-prod.ol.epicgames.com [404] [GET] [] [] [] [d41d8cd98f00b204e9800998ecf8427e]
https://link.epicgames.com [302] [GET] [text/html] [] [Sailthru] [d41d8cd98f00b204e9800998ecf8427e]
https://links-public-service-live.ol.epicgames.com [404] [GET] [] [] [] [d41d8cd98f00b204e9800998ecf8427e]
https://links-public-service-prod.ol.epicgames.com [404] [GET] [] [] [] [d41d8cd98f00b204e9800998ecf8427e]
https://links-public-service-stage.ol.epicgames.com [404] [GET] [] [] [] [d41d8cd98f00b204e9800998ecf8427e]
https://lyncdiscover.epicgames.com [404] [GET] [application/json] [] [] [vhost] [373397b4ebf514ea3578818e90f5f9b6]
https://mail.epicgames.com [400] [GET] [text/plain] [] [] [18d8042386b79e2c279fd162df0205c8]
https://maintenance.epicgames.com [200] [GET] [text/html] [Maintenance Mode] [AmazonS3] [vhost] [cloudfront] [Amazon Cloudfront,Amazon S3,Amazon Web Services] [716a2296445afe3509204567cad1d095]
https://marketplace-website-node-launcher-prod.ol.epicgames.com [302] [GET] [text/plain] [] [] [vhost] [9228643b45e459f0cad0ae0470721bd5]
https://media-cdn.epicgames.com [403] [GET] [application/xml] [] [AmazonS3] [vhost] [cloudfront] [Amazon Cloudfront,Amazon S3,Amazon Web Services] [204a6b0024d4717bd43d1b3b1ba00339]
https://media-cdn.epicgames.com [403] [GET] [application/xml] [] [AmazonS3] [vhost] [cloudfront] [Amazon Cloudfront,Amazon S3,Amazon Web Services] [91f205a2365ed3954edd9b7bfb841ed1]
https://merchantpool1.epicgames.com [200] [GET] [] [] [Microsoft-HTTPAPI/2.0] [Microsoft HTTPAPI] [d41d8cd98f00b204e9800998ecf8427e]
https://mesh-public-service-live.ak.epicgames.com [503] [GET] [text/html] [503 Service Temporarily Unavailable] [awselb/2.0] [81df4d3863debf3eceb5cf84251fd472]
https://mesh-public-service-live.ol.epicgames.com [404] [GET] [application/json] [] [] [ae132b9a0e8f87fdb0ccc3aeb54df59d]
https://mesh-public-service-loadtest.ol.epicgames.com [404] [GET] [application/json] [] [] [ae132b9a0e8f87fdb0ccc3aeb54df59d]
https://mesh-public-service-prod.ol.epicgames.com [404] [GET] [application/json] [] [] [ae132b9a0e8f87fdb0ccc3aeb54df59d]
https://mesh-public-service-stage.ol.epicgames.com [404] [GET] [application/json] [] [] [ae132b9a0e8f87fdb0ccc3aeb54df59d]
https://metric-public-service-prod.ol.epicgames.com [404] [GET] [application/json] [] [] [f1937d7f72c255461592d5c89c81395e]
https://metrics.ol.epicgames.com [404] [GET] [text/plain] [] [awselb/2.0] [d41d8cd98f00b204e9800998ecf8427e]
https://mw-greenhouse-service-prod.debc.live.use1a.on.epicgames.com [404] [GET] [application/json] [] [] [vhost] [093206c775ab5f7ce396f1b67fcae5bb]
https://notifications-service-prod06.ol.epicgames.com [404] [GET] [] [] [] [d41d8cd98f00b204e9800998ecf8427e]
https://notifications-service-prod12lt.ol.epicgames.com [404] [GET] [] [] [] [d41d8cd98f00b204e9800998ecf8427e]
https://notifications-service-prod12test.ol.epicgames.com [404] [GET] [] [] [] [d41d8cd98f00b204e9800998ecf8427e]
https://oak-public-service-prod.ol.epicgames.com [404] [GET] [] [] [] [d41d8cd98f00b204e9800998ecf8427e]
https://orderprocessor-public-service-ecomprod01.ol.epicgames.com [404] [GET] [text/html] [Error 404] [] [3bffaea7e3f9b876d1c619809f13eec6]
https://orioncontent-prod07.ol.epicgames.com [503] [GET] [] [] [] [d41d8cd98f00b204e9800998ecf8427e]
https://paragonhelp.epicgames.com [301] [GET] [text/html] [301 Moved Permanently] [] [cd2e0e43980a00fb6a2742d3afd803b8]
https://party-service-prod.ak.epicgames.com [404] [GET] [text/plain] [] [awselb/2.0] [d41d8cd98f00b204e9800998ecf8427e]
https://party-service-prod.ol.epicgames.com [404] [GET] [text/plain] [] [awselb/2.0] [d41d8cd98f00b204e9800998ecf8427e]
https://party-service-prod-shard-1.ccec.live.use1a.on.epicgames.com [404] [GET] [text/plain] [] [awselb/2.0] [d41d8cd98f00b204e9800998ecf8427e]
https://party-service-prod-shard-2.ccec.live.use1a.on.epicgames.com [404] [GET] [text/plain] [] [awselb/2.0] [d41d8cd98f00b204e9800998ecf8427e]
https://party-service-prod-shard-3.ccec.live.use1a.on.epicgames.com [404] [GET] [text/plain] [] [awselb/2.0] [d41d8cd98f00b204e9800998ecf8427e]
https://party-service-prod.social.live.on.epicgames.com [404] [GET] [text/plain] [] [awselb/2.0] [d41d8cd98f00b204e9800998ecf8427e]
https://payment-website-pci.ol.epicgames.com [404] [GET] [text/html] [404 Not Found] [] [vhost] [Amazon ALB,Amazon Web Services] [70461da8b94c6ca5d2fda3260c5a8c3b]
https://payment-website-prod.ol.epicgames.com [404] [GET] [text/html] [404 Not Found] [] [vhost] [Amazon ALB,Amazon Web Services] [70461da8b94c6ca5d2fda3260c5a8c3b]
https://perf.store.on.epicgames.com [200] [GET] [text/plain] [] [] [vhost] [398e88c6cba3e73216fff93a860c14a1]
https://persona-public-service-prod06.ol.epicgames.com [404] [GET] [application/json] [] [awselb/2.0] [d41d8cd98f00b204e9800998ecf8427e]
https://platypus-ci.fnsocial.on.epicgames.com [403] [GET] [text/html] [ERROR: The request could not be satisfied] [CloudFront] [cloudfront] [Amazon Cloudfront,Amazon Web Services] [20c82a548bc3093a485958205d01a368]
https://platypus-ci.fnsocial.on.epicgames.com [403] [GET] [text/html] [ERROR: The request could not be satisfied] [CloudFront] [cloudfront] [Amazon Cloudfront,Amazon Web Services] [42844db7dbbe84e59a55eaebd9b0ccde]
https://playtest-bot.eut.it.epicgames.com [400] [GET] [text/html] [400 No required SSL certificate was sent] [nginx/1.14.0 (Ubuntu)] [Nginx:1.14.0,Ubuntu] [ee4d8a92014a00389dfd284ec2feb5f3]
https://playtest-bot.it.epicgames.com [400] [GET] [text/html] [400 No required SSL certificate was sent] [nginx/1.14.0 (Ubuntu)] [Nginx,Ubuntu] [e5a802bdce7391511909e31282d932b1]
https://playtest-bot.stage.it.epicgames.com [400] [GET] [text/html] [400 No required SSL certificate was sent] [nginx/1.14.0 (Ubuntu)] [Nginx,Ubuntu] [e5a802bdce7391511909e31282d932b1]
https://postparty-cdn-gamedev.gs.epicgames.com [200] [GET] [application/json] [] [AmazonS3] [vhost] [cloudfront] [Amazon Cloudfront,Amazon S3,Amazon Web Services] [d41d8cd98f00b204e9800998ecf8427e]
https://presence-public-service-prod.ol.epicgames.com [404] [GET] [text/plain] [] [awselb/2.0] [9e076f5885f5cc16a4b5aeb8de4adff5]
https://priceengine-public-service-ecomprod01.ol.epicgames.com [404] [GET] [text/html] [Error 404] [] [3bffaea7e3f9b876d1c619809f13eec6]
https://priceengine-public-service-prod.ak.epicgames.com [404] [GET] [text/html] [Error 404] [] [3bffaea7e3f9b876d1c619809f13eec6]
https://priceengine-public-service-prod-m.ol.epicgames.com [404] [GET] [text/html] [Error 404] [] [3bffaea7e3f9b876d1c619809f13eec6]
https://prm-dialogue-public-api-prod.ak.epicgames.com [404] [GET] [] [] [] [vhost] [d41d8cd98f00b204e9800998ecf8427e]
https://prm-dialogue-public-api-prod.edea.live.use1a.on.epicgames.com [404] [GET] [] [] [] [vhost] [d41d8cd98f00b204e9800998ecf8427e]
https://prod-config-querier.infosec.on.epicgames.com [403] [GET] [application/json] [] [] [vhost] [905b1fbb26e082557ff0b3b3553cda6c]
https://ps-mgmt-portal-okta.eut.it.epicgames.com [403] [GET] [text/plain] [] [awselb/2.0] [ccc0377a8afbf50e7094f5c23a8af223]
https://ps-mgmt-portal-okta.it.epicgames.com [403] [GET] [text/plain] [] [awselb/2.0] [ccc0377a8afbf50e7094f5c23a8af223]
https://ps-mgmt-portal-okta.stage.it.epicgames.com [403] [GET] [text/plain] [] [awselb/2.0] [ccc0377a8afbf50e7094f5c23a8af223]
https://redirect.epicgames.com [200] [GET] [text/html] [] [AmazonS3] [vhost] [cloudfront] [Amazon Cloudfront,Amazon S3,Amazon Web Services,React] [441ee5b39e09958a4e01916bd4a506d4]
https://remotework.epicgames.com [302] [GET] [application/binary] [] [ESF] [vhost] [d41d8cd98f00b204e9800998ecf8427e]
https://resource-api.artpipeline-dev.it.epicgames.com [403] [GET] [application/json] [] [] [vhost] [cloudfront] [Amazon Cloudfront,Amazon Web Services] [bc45704aad57d445b6dfa58b101071e3]
https://resource-api-prod.artpipeline-dev.it.epicgames.com [403] [GET] [application/json] [] [] [vhost] [cloudfront] [Amazon Cloudfront,Amazon Web Services] [bc45704aad57d445b6dfa58b101071e3]
https://rtcp-madness-web.dev.rtcp.on.epicgames.com [200] [GET] [text/html] [Madness Web Client] [] [vhost] [Express,Node.js] [259972cada19eb4bb304b3388c799d67]
https://rtcp-test-ms-mock.dev.rtcp.on.epicgames.com [404] [GET] [application/json] [] [] [vhost] [450032863aae9cc6e030f9e2fdd76321]
https://rtcp-test-signaling-mock.dev.rtcp.on.epicgames.com [404] [GET] [] [] [] [vhost] [1e6cd917ed71a1241e4bedc29264bd98]
https://sda-admin-okta.it-entapps-dev.epicgames.com [403] [GET] [text/plain] [] [awselb/2.0] [ccc0377a8afbf50e7094f5c23a8af223]
https://sda-admin-okta.it.epicgames.com [403] [GET] [text/plain] [] [awselb/2.0] [ccc0377a8afbf50e7094f5c23a8af223]
https://secsvr-scim.it.epicgames.com [403] [GET] [text/html] [403 Forbidden] [awselb/2.0] [bad2e8579dcdb79399aac2064216a37d]
https://securemail.epicgames.com:10000 [302] [GET] [text/html] [302 Found] [] [adf2bc3392873ce7e657859d910cc772]
https://securemail.epicgames.com [403] [GET] [text/html] [] [] [12ad6874f2d36eb26a91812772d78654]
https://service-bot.eut.it.epicgames.com [400] [GET] [text/html] [400 No required SSL certificate was sent] [nginx/1.14.0 (Ubuntu)] [Nginx,Ubuntu] [e5a802bdce7391511909e31282d932b1]
https://service-bot.it.epicgames.com [400] [GET] [text/html] [400 No required SSL certificate was sent] [nginx/1.14.0 (Ubuntu)] [Nginx:1.14.0,Ubuntu] [e5a802bdce7391511909e31282d932b1]
https://service-bot.stage.it.epicgames.com [400] [GET] [text/html] [400 No required SSL certificate was sent] [nginx/1.14.0 (Ubuntu)] [Nginx,Ubuntu] [ee4d8a92014a00389dfd284ec2feb5f3]
https://shadowcomplexhelp.epicgames.com [302] [GET] [text/html] [302 Found] [] [vhost] [cfbeaf604823f038b8b46f0ac862b98c]
https://shared-static-prod.epicgames.com [404] [GET] [text/html] [] [] [vhost] [9d1ead73e678fa2f51a70a933b0bf017]
https://sip.epicgames.com [404] [GET] [text/plain] [] [RTC/7.0] [6e0b83c54cf0673a2312e806c025f9e6]
https://social-ban-public-service-prod.ccec.live.use1a.on.epicgames.com [404] [GET] [text/plain] [] [awselb/2.0] [d41d8cd98f00b204e9800998ecf8427e]
https://social-ban-public-service-prod.ol.epicgames.com [404] [GET] [text/plain] [] [awselb/2.0] [d41d8cd98f00b204e9800998ecf8427e]
https://social-ban-public-service-prod.social.live.on.epicgames.com [404] [GET] [text/plain] [] [awselb/2.0] [d41d8cd98f00b204e9800998ecf8427e]
https://social-overlay-launchdarkly-api-prod.ol.epicgames.com [403] [GET] [application/json] [] [] [vhost] [905b1fbb26e082557ff0b3b3553cda6c]
https://static-assets-prod-dest.epicgames.com [400] [GET] [text/html] [Invalid URL] [AkamaiGHost] [2c569c3c26da93c66c96727edd313824]
https://static-assets-prod-dest.epicgames.com [400] [GET] [text/html] [Invalid URL] [AkamaiGHost] [87d2260fb50648534f5785da43522893]
https://static-assets-prod.epicgames.com [403] [GET] [application/xml] [] [AmazonS3] [vhost] [Amazon Cloudfront,Amazon S3,Amazon Web Services] [8cc52619f4eb36a66a0974612b20b3f1]
https://static-assets-prod.epicgames.com [403] [GET] [application/xml] [] [AmazonS3] [vhost] [Amazon Cloudfront,Amazon S3,Amazon Web Services] [ee29cbcfdd250c20d75a957e9977953b]
https://static-errors.epicgames.com [200] [GET] [text/html] [] [AmazonS3] [vhost] [cloudfront] [Amazon Cloudfront,Amazon S3,Amazon Web Services] [b75ce0eab11731db50d98b53aa33d7f3]
https://statsproxy-public-service-live.ol.epicgames.com [404] [GET] [] [] [] [d41d8cd98f00b204e9800998ecf8427e]
https://status.epicgames.com [200] [GET] [text/html] [Epic Games Public Status] [] [vhost] [Atlassian Statuspage] [8b886274c11d5b190c89bc39e923ebb5]
https://status.epicgames.com [200] [GET] [text/html] [Epic Games Public Status] [] [vhost] [Atlassian Statuspage] [9c308c7e2949742426fbb8183b7abe5b]
https://store-content.ak.epicgames.com [404] [GET] [application/json] [] [istio-envoy] [vhost] [Envoy] [143d9cf4fbc40ff9e4c9c6af9a3955b4]
https://store-content-ipv4.ak.epicgames.com [404] [GET] [application/json] [] [istio-envoy] [vhost] [Envoy] [143d9cf4fbc40ff9e4c9c6af9a3955b4]
https://store.epicgames.com:2053 [403] [GET] [text/html] [] [cloudflare] [cloudflare] [Cloudflare,Cloudflare Bot Management] [e6d7efa713db2426d1fc89ced761e225]
https://store.epicgames.com:2087 [403] [GET] [text/html] [] [cloudflare] [cloudflare] [Cloudflare,Cloudflare Bot Management] [dd7dc4b9c093c9f5751414d73049b79d]
https://store.epicgames.com [403] [GET] [text/html] [] [cloudflare] [cloudflare] [Cloudflare,Cloudflare Bot Management] [2f82b9ba8b614c01179981c361786915]
https://store.epicgames.com:8443 [403] [GET] [text/html] [] [cloudflare] [cloudflare] [Cloudflare,Cloudflare Bot Management] [5e946dbe51ce8ace654907b18201cb9b]
https://store-launcher-cdn.epicgames.com [301] [GET] [text/html] [301 Moved Permanently] [awselb/2.0] [vhost] [cloudfront] [Amazon Cloudfront,Amazon Web Services] [4aa7a432bb447f094408f1bd6229c605]
https://store-launcher.epicgames.com [301] [GET] [text/html] [301 Moved Permanently] [awselb/2.0] [vhost] [cloudfront] [Amazon Cloudfront,Amazon Web Services] [4aa7a432bb447f094408f1bd6229c605]
https://store-site-backend-static.ak.epicgames.com [404] [GET] [text/plain] [] [] [vhost] [9d1ead73e678fa2f51a70a933b0bf017]
https://store-site-backend-static-ipv4.ak.epicgames.com [404] [GET] [text/plain] [] [] [vhost] [9d1ead73e678fa2f51a70a933b0bf017]
https://talon-service-prod.ak.epicgames.com [200] [GET] [text/plain] [] [] [vhost] [0f78202f25444f8efea63365e9b420e5]
https://talon-service-v4-prod.ak.epicgames.com [200] [GET] [text/plain] [] [] [vhost] [0f78202f25444f8efea63365e9b420e5]
https://talon-website-prod.ak.epicgames.com [200] [GET] [text/html] [Talon Service] [] [vhost] [Akamai,React] [ec453fb6c37c5fa3a586e4aae2996359]
https://targetprocess-bot.eut.it.epicgames.com [400] [GET] [text/html] [400 No required SSL certificate was sent] [nginx/1.14.0 (Ubuntu)] [Nginx,Ubuntu] [e5a802bdce7391511909e31282d932b1]
https://targetprocess-bot.it.epicgames.com [400] [GET] [text/html] [400 No required SSL certificate was sent] [nginx/1.14.0 (Ubuntu)] [Nginx,Ubuntu] [ee4d8a92014a00389dfd284ec2feb5f3]
https://targetprocess-bot.stage.it.epicgames.com [400] [GET] [text/html] [400 No required SSL certificate was sent] [nginx/1.14.0 (Ubuntu)] [Nginx,Ubuntu] [ee4d8a92014a00389dfd284ec2feb5f3]
https://tracking.epicgames.com [404] [GET] [text/html] [Error] [] [da7da7d630292e7a2a7dda8ca87b3d39]
https://twitch.epicgames.com [302] [GET] [text/plain] [] [] [vhost] [cloudfront] [Amazon Cloudfront,Amazon Web Services] [5e0be5b185efef3e4348ba63767203df]
https://uas.beef.live.use1a.on.epicgames.com [404] [GET] [text/plain] [] [] [vhost] [595e88012a6521aae3e12cbebe76eb9e]
https://udn.epicgames.com [301] [GET] [text/html] [301 Moved Permanently] [] [cd2e0e43980a00fb6a2742d3afd803b8]
https://ue5help.epicgames.com [301] [GET] [] [] [] [vhost] [d41d8cd98f00b204e9800998ecf8427e]
https://uebd.epicgames.com [302] [GET] [application/binary] [] [ESF] [vhost] [d41d8cd98f00b204e9800998ecf8427e]
https://ue-launcher-website-prod.ol.epicgames.com [302] [GET] [text/plain] [] [] [vhost] [bba63e6c907dd52d8c3c9e039c4282e0]
https://unrealbd.epicgames.com [302] [GET] [application/binary] [] [ESF] [vhost] [d41d8cd98f00b204e9800998ecf8427e]
https://unrealbugsubmissions.epicgames.com [301] [GET] [] [] [] [vhost] [d41d8cd98f00b204e9800998ecf8427e]
https://unrealengine-ci-debug.ol.epicgames.com [503] [GET] [] [] [] [d41d8cd98f00b204e9800998ecf8427e]
https://unrealenginehelp.epicgames.com [302] [GET] [text/html] [] [] [vhost] [d41d8cd98f00b204e9800998ecf8427e]
https://unrealenginehelp.epicgames.com:8443 [403] [GET] [] [Certificate Error] [BigIP] [F5 BigIP] [f0a57c80f2131bb0d1cdddfb7d691325]
https://unrealenginehelp.epicgames.com:9443 [403] [GET] [] [Certificate Error] [BigIP] [F5 BigIP] [f0a57c80f2131bb0d1cdddfb7d691325]
https://unrealstudio.epicgames.com [403] [GET] [application/xml] [] [AmazonS3] [vhost] [cloudfront] [Amazon Cloudfront,Amazon S3,Amazon Web Services] [8fc08e279445e27ce0576b1ff0bbd3dc]
https://unrealstudio.epicgames.com [403] [GET] [application/xml] [] [AmazonS3] [vhost] [cloudfront] [Amazon Cloudfront,Amazon S3,Amazon Web Services] [c2ce2ba919713f950b22fb9eac9034df]
https://unrealstudiohelp.epicgames.com [301] [GET] [text/html] [301 Moved Permanently] [] [cd2e0e43980a00fb6a2742d3afd803b8]
https://use1-dev.vault.substrate.on.epicgames.com [407] [GET] [] [] [awselb/2.0] [d41d8cd98f00b204e9800998ecf8427e]
https://use1-dev.vault.substrate.on.epicgames.com:8200 [407] [GET] [] [] [awselb/2.0] [d41d8cd98f00b204e9800998ecf8427e]
https://use1.vault.substrate.on.epicgames.com [407] [GET] [] [] [awselb/2.0] [d41d8cd98f00b204e9800998ecf8427e]
https://use1.vault.substrate.on.epicgames.com:8200 [407] [GET] [] [] [awselb/2.0] [d41d8cd98f00b204e9800998ecf8427e]
https://use.jupiter.devtools.epicgames.com [404] [GET] [text/plain] [] [awselb/2.0] [d41d8cd98f00b204e9800998ecf8427e]
https://user-search-service-prod.ccec.live.use1a.on.epicgames.com [404] [GET] [text/plain] [] [awselb/2.0] [d41d8cd98f00b204e9800998ecf8427e]
https://user-search-service-prod.ol.epicgames.com [404] [GET] [text/plain] [] [awselb/2.0] [d41d8cd98f00b204e9800998ecf8427e]
https://usw.jupiter.devtools.epicgames.com [404] [GET] [text/plain] [] [awselb/2.0] [d41d8cd98f00b204e9800998ecf8427e]
https://utforums.epicgames.com [301] [GET] [text/html] [301 Moved Permanently] [] [cd2e0e43980a00fb6a2742d3afd803b8]
https://ut-public-service-prod10.ol.epicgames.com [404] [GET] [] [] [Jetty(9.4.z-SNAPSHOT)] [vhost] [Amazon ELB,Amazon Web Services,Java,Jetty] [d41d8cd98f00b204e9800998ecf8427e]
https://vault.substrate.on.epicgames.com [407] [GET] [] [] [awselb/2.0] [d41d8cd98f00b204e9800998ecf8427e]
https://vault.substrate.on.epicgames.com:8200 [407] [GET] [] [] [awselb/2.0] [d41d8cd98f00b204e9800998ecf8427e]
https://vfxfellowship.epicgames.com [302] [GET] [] [] [nginx] [google] [Google Cloud,Google Cloud CDN,Nginx] [d41d8cd98f00b204e9800998ecf8427e]
https://viper-public-service-live-prod.ol.epicgames.com [503] [GET] [] [] [] [d41d8cd98f00b204e9800998ecf8427e]
https://vpn-dc4-ft.it.epicgames.com [404] [GET] [text/html] [Document Error: Not Found] [] [0952e6a6eed71200bdb55bf83db4ee1a]
https://vpn-dc4.it.epicgames.com [200] [GET] [text/html] [] [] [f91a416be352a03c76b6ce8f948eda4d]
https://vpn-ld8-ft.it.epicgames.com [404] [GET] [text/html] [Document Error: Not Found] [] [0952e6a6eed71200bdb55bf83db4ee1a]
https://vpn-ld8.it.epicgames.com [404] [GET] [text/html] [Document Error: Not Found] [] [0952e6a6eed71200bdb55bf83db4ee1a]
https://vpn-portal.epicgames.com [200] [GET] [text/html] [] [] [f91a416be352a03c76b6ce8f948eda4d]
https://vpn-rdu.it.epicgames.com [200] [GET] [text/html] [] [] [f91a416be352a03c76b6ce8f948eda4d]
https://vpn-se2-ft.it.epicgames.com [404] [GET] [text/html] [Document Error: Not Found] [] [0952e6a6eed71200bdb55bf83db4ee1a]
https://vpn-se2.it.epicgames.com [200] [GET] [text/html] [] [] [f91a416be352a03c76b6ce8f948eda4d]
https://vpn-sel.it.epicgames.com [404] [GET] [text/html] [Document Error: Not Found] [] [0952e6a6eed71200bdb55bf83db4ee1a]
https://vpn-sh5-01.it.epicgames.com [404] [GET] [text/html] [Document Error: Not Found] [] [0952e6a6eed71200bdb55bf83db4ee1a]
https://vpn-sh5-ft-01.it.epicgames.com [404] [GET] [text/html] [Document Error: Not Found] [] [0952e6a6eed71200bdb55bf83db4ee1a]
https://vpn-sk2-ft.it.epicgames.com [404] [GET] [text/html] [Document Error: Not Found] [] [0952e6a6eed71200bdb55bf83db4ee1a]
https://vpn-sk2.it.epicgames.com [404] [GET] [text/html] [Document Error: Not Found] [] [0952e6a6eed71200bdb55bf83db4ee1a]
https://vpn-sv10-ft.it.epicgames.com [404] [GET] [text/html] [Document Error: Not Found] [] [0952e6a6eed71200bdb55bf83db4ee1a]
https://vpn-sv10.it.epicgames.com [404] [GET] [text/html] [Document Error: Not Found] [] [0952e6a6eed71200bdb55bf83db4ee1a]
https://vpn-yok.it.epicgames.com [404] [GET] [text/html] [Document Error: Not Found] [] [0952e6a6eed71200bdb55bf83db4ee1a]
https://wdps-okta.eut.it.epicgames.com [403] [GET] [text/plain] [] [awselb/2.0] [ccc0377a8afbf50e7094f5c23a8af223]
https://wdps-okta.it.epicgames.com [403] [GET] [text/plain] [] [awselb/2.0] [ccc0377a8afbf50e7094f5c23a8af223]
https://wdps-okta.stage.it.epicgames.com [403] [GET] [text/plain] [] [awselb/2.0] [ccc0377a8afbf50e7094f5c23a8af223]
https://weighted-account-service-prod03.ol.epicgames.com [404] [GET] [text/html] [Error 404] [] [3bffaea7e3f9b876d1c619809f13eec6]
https://weighted-communications-service-prod06.ol.epicgames.com [404] [GET] [application/json] [] [] [1bf547acfd42287b4e7ff8e28fc179e8]
https://weighted-epic-connect-manager-prod.ol.epicgames.com [404] [GET] [] [] [] [vhost] [d41d8cd98f00b204e9800998ecf8427e]
https://weighted.epicgames.com [301] [GET] [text/html] [301 Moved Permanently] [] [cd2e0e43980a00fb6a2742d3afd803b8]
https://weighted-payment-website-pci.ol.epicgames.com [404] [GET] [text/html] [404 Not Found] [] [vhost] [Amazon ALB,Amazon Web Services] [70461da8b94c6ca5d2fda3260c5a8c3b]
https://weighted-zh-accounts.epicgames.com [400] [GET] [text/html] [Client Bad Request] [TencentWAF] [vhost] [7b4a83bd9c0122edff6f726a40ceccdf]
https://weighted-zh-accounts.epicgames.com:8443 [400] [GET] [text/html] [Client Bad Request] [TencentWAF] [vhost] [7b4a83bd9c0122edff6f726a40ceccdf]
https://weighted-zh-catalog-public-service-prod06.ol.epicgames.com [403] [GET] [text/html] [403 Forbidden] [nginx] [Nginx] [bc56979a0b381a791dd59713198a87fb]
https://weighted-zh-graphql.epicgames.com [400] [GET] [text/html] [Client Bad Request] [TencentWAF] [vhost] [7b4a83bd9c0122edff6f726a40ceccdf]
https://weighted-zh-graphql.epicgames.com:8443 [400] [GET] [text/html] [Client Bad Request] [TencentWAF] [vhost] [7b4a83bd9c0122edff6f726a40ceccdf]
https://weighted-zh-tracking.epicgames.com [403] [GET] [text/html] [403 Forbidden] [nginx] [Nginx] [4dec45889e09ec3ceb63fd65825d0f11]
https://wex-public-service-live-prod.ol.epicgames.com [404] [GET] [] [] [] [d41d8cd98f00b204e9800998ecf8427e]
https://www.epicgames.com [301] [GET] [text/html] [301 Moved Permanently] [] [cd2e0e43980a00fb6a2742d3afd803b8]
https://xmpp-service-prod-clb.ccec.live.use1a.on.epicgames.com [400] [GET] [] [] [] [d41d8cd98f00b204e9800998ecf8427e]
https://xmpp-service-prod-m.ol.epicgames.com [400] [GET] [] [] [] [d41d8cd98f00b204e9800998ecf8427e]
https://xmpp-service-prod.ol.epicgames.com [400] [GET] [] [] [] [d41d8cd98f00b204e9800998ecf8427e]
https://xmpp-service-prod.social.live.on.epicgames.com [400] [GET] [] [] [] [d41d8cd98f00b204e9800998ecf8427e]
http://unreal.epicgames.com [302] [GET] [text/html] [302 Found] [Apache/2.2.25 (Win32)] [Apache,Windows Server] [46b05daeb09911d202eba0581ac014b6]
http://utmaster.epicgames.com [302] [GET] [text/html] [302 Found] [Apache/2.2.25 (Win32)] [Apache,Windows Server] [46b05daeb09911d202eba0581ac014b6]
http://weighted-zh-accounts.epicgames.com:8000 [400] [GET] [text/html] [Client Bad Request] [TencentWAF] [7b4a83bd9c0122edff6f726a40ceccdf]
http://weighted-zh-accounts.epicgames.com:8080 [400] [GET] [text/html] [Client Bad Request] [TencentWAF] [vhost] [7b4a83bd9c0122edff6f726a40ceccdf]
http://weighted-zh-graphql.epicgames.com:8000 [400] [GET] [text/html] [Client Bad Request] [TencentWAF] [vhost] [7b4a83bd9c0122edff6f726a40ceccdf]
http://weighted-zh-graphql.epicgames.com:8080 [400] [GET] [text/html] [Client Bad Request] [TencentWAF] [7b4a83bd9c0122edff6f726a40ceccdf]
