http://bestfriendzy.fortnite.com:2082 [301] [GET] [] [] [cloudflare] [cloudflare] [Cloudflare] [d41d8cd98f00b204e9800998ecf8427e]
http://bestfriendzy.fortnite.com:2086 [301] [GET] [] [] [cloudflare] [cloudflare] [Cloudflare] [d41d8cd98f00b204e9800998ecf8427e]
http://bestfriendzy.fortnite.com:8080 [301] [GET] [] [] [cloudflare] [cloudflare] [Cloudflare] [d41d8cd98f00b204e9800998ecf8427e]
http://bestfriendzy.fortnite.com:8443 [400] [GET] [text/html] [400 The plain HTTP request was sent to HTTPS port] [cloudflare] [cloudflare] [Cloudflare] [cd58783500d7fa3c58f88eb0ba22f4f8]
http://bestfriendzy.fortnite.com:8880 [301] [GET] [] [] [cloudflare] [cloudflare] [Cloudflare] [d41d8cd98f00b204e9800998ecf8427e]
http://bestfriendzy-staging.fortnite.com:2082 [301] [GET] [] [] [cloudflare] [cloudflare] [Cloudflare] [d41d8cd98f00b204e9800998ecf8427e]
http://bestfriendzy-staging.fortnite.com:2086 [301] [GET] [] [] [cloudflare] [cloudflare] [Cloudflare] [d41d8cd98f00b204e9800998ecf8427e]
http://bestfriendzy-staging.fortnite.com:8080 [301] [GET] [] [] [cloudflare] [cloudflare] [Cloudflare] [d41d8cd98f00b204e9800998ecf8427e]
http://bestfriendzy-staging.fortnite.com:8443 [400] [GET] [text/html] [400 The plain HTTP request was sent to HTTPS port] [cloudflare] [cloudflare] [Cloudflare] [cd58783500d7fa3c58f88eb0ba22f4f8]
http://bestfriendzy-staging.fortnite.com:8880 [301] [GET] [] [] [cloudflare] [cloudflare] [Cloudflare] [d41d8cd98f00b204e9800998ecf8427e]
http://creativemayhem.fortnite.com:2052 [301] [GET] [] [] [cloudflare] [cloudflare] [Cloudflare] [d41d8cd98f00b204e9800998ecf8427e]
http://creativemayhem.fortnite.com:2082 [301] [GET] [] [] [cloudflare] [cloudflare] [Cloudflare] [d41d8cd98f00b204e9800998ecf8427e]
http://creativemayhem.fortnite.com:2086 [301] [GET] [] [] [cloudflare] [cloudflare] [Cloudflare] [d41d8cd98f00b204e9800998ecf8427e]
http://creativemayhem.fortnite.com:8080 [301] [GET] [] [] [cloudflare] [cloudflare] [Cloudflare] [d41d8cd98f00b204e9800998ecf8427e]
http://creativemayhem.fortnite.com:8443 [400] [GET] [text/html] [400 The plain HTTP request was sent to HTTPS port] [cloudflare] [cloudflare] [Cloudflare] [20ad84d030031252141ca0b3fc0183f0]
http://creativemayhem.fortnite.com:8880 [301] [GET] [] [] [cloudflare] [cloudflare] [Cloudflare] [d41d8cd98f00b204e9800998ecf8427e]
http://creativemayhem-staging.fortnite.com:2082 [301] [GET] [] [] [cloudflare] [cloudflare] [Cloudflare] [d41d8cd98f00b204e9800998ecf8427e]
http://creativemayhem-staging.fortnite.com:2086 [301] [GET] [] [] [cloudflare] [cloudflare] [Cloudflare] [d41d8cd98f00b204e9800998ecf8427e]
http://creativemayhem-staging.fortnite.com:8080 [301] [GET] [] [] [cloudflare] [cloudflare] [Cloudflare] [d41d8cd98f00b204e9800998ecf8427e]
http://creativemayhem-staging.fortnite.com:8443 [400] [GET] [text/html] [400 The plain HTTP request was sent to HTTPS port] [cloudflare] [cloudflare] [Cloudflare] [cd58783500d7fa3c58f88eb0ba22f4f8]
http://creativemayhem-staging.fortnite.com:8880 [301] [GET] [] [] [cloudflare] [cloudflare] [Cloudflare] [d41d8cd98f00b204e9800998ecf8427e]
http://raf-staging.fortnite.com:2082 [301] [GET] [] [] [cloudflare] [cloudflare] [Cloudflare] [d41d8cd98f00b204e9800998ecf8427e]
http://raf-staging.fortnite.com:2086 [301] [GET] [] [] [cloudflare] [cloudflare] [Cloudflare] [d41d8cd98f00b204e9800998ecf8427e]
http://raf-staging.fortnite.com:8080 [301] [GET] [] [] [cloudflare] [cloudflare] [Cloudflare] [d41d8cd98f00b204e9800998ecf8427e]
http://raf-staging.fortnite.com:8443 [400] [GET] [text/html] [400 The plain HTTP request was sent to HTTPS port] [cloudflare] [cloudflare] [Cloudflare] [cd58783500d7fa3c58f88eb0ba22f4f8]
http://raf-staging.fortnite.com:8880 [301] [GET] [] [] [cloudflare] [cloudflare] [Cloudflare] [d41d8cd98f00b204e9800998ecf8427e]
http://rebootafriend-staging.fortnite.com:2052 [301] [GET] [] [] [cloudflare] [cloudflare] [Cloudflare] [d41d8cd98f00b204e9800998ecf8427e]
http://rebootafriend-staging.fortnite.com:2082 [301] [GET] [] [] [cloudflare] [cloudflare] [Cloudflare] [d41d8cd98f00b204e9800998ecf8427e]
http://rebootafriend-staging.fortnite.com:2086 [301] [GET] [] [] [cloudflare] [cloudflare] [Cloudflare] [d41d8cd98f00b204e9800998ecf8427e]
http://rebootafriend-staging.fortnite.com:8080 [301] [GET] [] [] [cloudflare] [cloudflare] [Cloudflare] [d41d8cd98f00b204e9800998ecf8427e]
http://rebootafriend-staging.fortnite.com:8443 [400] [GET] [text/html] [400 The plain HTTP request was sent to HTTPS port] [cloudflare] [cloudflare] [Cloudflare] [20ad84d030031252141ca0b3fc0183f0]
http://rebootafriend-staging.fortnite.com:8880 [301] [GET] [] [] [cloudflare] [cloudflare] [Cloudflare] [d41d8cd98f00b204e9800998ecf8427e]
https://autumnqueensquest.fortnite.com [301] [GET] [text/html] [301 Moved Permanently] [] [cd2e0e43980a00fb6a2742d3afd803b8]
https://bestfriendzy.fortnite.com [200] [GET] [text/html] [Fortnite Best Friendzy | Play With Friends & Earn Rewards - Fortnite] [cloudflare] [vhost] [cloudflare] [Cloudflare,Varnish] [c971b89a4ba55d073f9395a883d08423]
https://bestfriendzy.fortnite.com:2083 [521] [GET] [] [] [cloudflare] [vhost] [cloudflare] [Cloudflare] [d41d8cd98f00b204e9800998ecf8427e]
https://bestfriendzy.fortnite.com:2087 [521] [GET] [] [] [cloudflare] [vhost] [cloudflare] [Cloudflare] [d41d8cd98f00b204e9800998ecf8427e]
https://bestfriendzy-staging.fortnite.com:2083 [521] [GET] [] [] [cloudflare] [vhost] [cloudflare] [Cloudflare] [d41d8cd98f00b204e9800998ecf8427e]
https://bestfriendzy-staging.fortnite.com:2087 [521] [GET] [] [] [cloudflare] [vhost] [cloudflare] [Cloudflare] [d41d8cd98f00b204e9800998ecf8427e]
https://bestfriendzy-staging.fortnite.com [401] [GET] [text/html] [401 Unauthorized] [cloudflare] [vhost] [cloudflare] [Basic,Cloudflare,Varnish] [7af7e61e6c89b8a3510ee601df741464]
https://create.fortnite.com [301] [GET] [text/html] [301 Moved Permanently] [] [cd2e0e43980a00fb6a2742d3afd803b8]
https://creativemayhem.fortnite.com [200] [GET] [text/html] [Creative Mayhem | Fortnite | Creative Mayhem] [cloudflare] [vhost] [cloudflare] [Cloudflare,Varnish] [96498b9679a2d8d8e03685fffbb0fcbe]
https://creativemayhem.fortnite.com:2053 [521] [GET] [] [] [cloudflare] [vhost] [cloudflare] [Cloudflare] [d41d8cd98f00b204e9800998ecf8427e]
https://creativemayhem.fortnite.com:2083 [521] [GET] [] [] [cloudflare] [vhost] [cloudflare] [Cloudflare] [d41d8cd98f00b204e9800998ecf8427e]
https://creativemayhem.fortnite.com:2087 [521] [GET] [] [] [cloudflare] [vhost] [cloudflare] [Cloudflare] [d41d8cd98f00b204e9800998ecf8427e]
https://creativemayhem-staging.fortnite.com:2083 [521] [GET] [] [] [cloudflare] [vhost] [cloudflare] [Cloudflare] [d41d8cd98f00b204e9800998ecf8427e]
https://creativemayhem-staging.fortnite.com:2087 [521] [GET] [] [] [cloudflare] [vhost] [cloudflare] [Cloudflare] [d41d8cd98f00b204e9800998ecf8427e]
https://creativemayhem-staging.fortnite.com [401] [GET] [text/html] [401 Unauthorized] [cloudflare] [vhost] [cloudflare] [Basic,Cloudflare,Varnish] [7af7e61e6c89b8a3510ee601df741464]
https://leaderboardchallenge.fortnite.com [200] [GET] [text/html] ["Welcome to Fortnite" Challenge] [AmazonS3] [vhost] [cloudfront] [Amazon Cloudfront,Amazon S3,Amazon Web Services,Google Font API] [19b43a41b0a1364a90ba1b2aca598b07]
https://raf-staging.fortnite.com:2083 [521] [GET] [] [] [cloudflare] [vhost] [cloudflare] [Cloudflare] [d41d8cd98f00b204e9800998ecf8427e]
https://raf-staging.fortnite.com:2087 [521] [GET] [] [] [cloudflare] [vhost] [cloudflare] [Cloudflare] [d41d8cd98f00b204e9800998ecf8427e]
https://raf-staging.fortnite.com [401] [GET] [text/html] [401 Unauthorized] [cloudflare] [vhost] [cloudflare] [Basic,Cloudflare,Varnish] [7af7e61e6c89b8a3510ee601df741464]
https://rebootafriend-staging.fortnite.com:2053 [521] [GET] [] [] [cloudflare] [vhost] [cloudflare] [Cloudflare] [d41d8cd98f00b204e9800998ecf8427e]
https://rebootafriend-staging.fortnite.com:2083 [521] [GET] [] [] [cloudflare] [vhost] [cloudflare] [Cloudflare] [d41d8cd98f00b204e9800998ecf8427e]
https://rebootafriend-staging.fortnite.com:2087 [521] [GET] [] [] [cloudflare] [vhost] [cloudflare] [Cloudflare] [d41d8cd98f00b204e9800998ecf8427e]
https://rebootafriend-staging.fortnite.com [401] [GET] [text/html] [401 Unauthorized] [cloudflare] [vhost] [cloudflare] [Basic,Cloudflare,Varnish] [7af7e61e6c89b8a3510ee601df741464]
https://referafriend.fortnite.com [302] [GET] [text/html] [302 Found] [] [vhost] [cfbeaf604823f038b8b46f0ac862b98c]
https://stonehearttrials.fortnite.com [302] [GET] [text/html] [302 Found] [] [vhost] [cfbeaf604823f038b8b46f0ac862b98c]
https://teambattles-staging.fortnite.com:2083 [521] [GET] [] [] [cloudflare] [vhost] [cloudflare] [Cloudflare] [d41d8cd98f00b204e9800998ecf8427e]
https://teambattles-staging.fortnite.com:2087 [521] [GET] [] [] [cloudflare] [vhost] [cloudflare] [Cloudflare] [d41d8cd98f00b204e9800998ecf8427e]
https://teambattles-staging.fortnite.com [401] [GET] [text/html] [401 Unauthorized] [cloudflare] [vhost] [cloudflare] [Basic,Cloudflare,Varnish] [7af7e61e6c89b8a3510ee601df741464]
http://teambattles-staging.fortnite.com:2082 [301] [GET] [] [] [cloudflare] [cloudflare] [Cloudflare] [d41d8cd98f00b204e9800998ecf8427e]
http://teambattles-staging.fortnite.com:2086 [301] [GET] [] [] [cloudflare] [cloudflare] [Cloudflare] [d41d8cd98f00b204e9800998ecf8427e]
http://teambattles-staging.fortnite.com:8080 [301] [GET] [] [] [cloudflare] [cloudflare] [Cloudflare] [d41d8cd98f00b204e9800998ecf8427e]
http://teambattles-staging.fortnite.com:8443 [400] [GET] [text/html] [400 The plain HTTP request was sent to HTTPS port] [cloudflare] [cloudflare] [Cloudflare] [20ad84d030031252141ca0b3fc0183f0]
http://teambattles-staging.fortnite.com:8880 [301] [GET] [] [] [cloudflare] [cloudflare] [Cloudflare] [d41d8cd98f00b204e9800998ecf8427e]
