https://api.acceptatie.gamma.be [404] [GET] [application/json] [] [] [vhost] [bc2a400f9f172a1adbb6339eb927346a]
https://api.acc.gamma.be [404] [GET] [application/json] [] [] [vhost] [d6c4ba4de21f75315a8e72cf752a9066]
https://api.gamma.be [404] [GET] [application/json] [] [] [vhost] [47dacec07a29957f233fe86d458cfa7b]
https://api.gamma.be [404] [GET] [application/json] [] [] [vhost] [c04e1dffe4c0122db7c32f7b930b99b6]
https://cdn.email.gamma.be [403] [GET] [application/xml] [] [AmazonS3] [vhost] [cloudfront] [Amazon Cloudfront,Amazon S3,Amazon Web Services] [14905f5c80d657d98c34d28d5235ac57]
https://chatapp.gamma.be [403] [GET] [text/html] [403 Forbidden] [] [vhost] [4b074b0b59693fa9f94fb71b175fb187]
https://data.email.gamma.be [200] [GET] [] [] [jag] [vhost] [d41d8cd98f00b204e9800998ecf8427e]
https://feedback.gamma.be [200] [GET] [text/html] [Insocial] [nginx/1.20.0] [Google Font API,Nginx,Node.js,Nuxt.js,Vue.js] [632e14f5c366e3352b85de9ee015cb08]
https://gamma.be [301] [GET] [] [] [AmazonS3] [vhost] [cloudfront] [Amazon Cloudfront,Amazon S3,Amazon Web Services] [d41d8cd98f00b204e9800998ecf8427e]
https://kassa.acceptatie.gamma.be [403] [GET] [text/html] [ERROR: The request could not be satisfied] [CloudFront] [cloudfront] [Amazon Cloudfront,Amazon Web Services] [4e8cc3e119cb425e124f8b3cfc9c2741]
https://kassa.gamma.be [301] [GET] [] [] [] [vhost] [cloudfront] [Amazon Cloudfront,Amazon Web Services] [d41d8cd98f00b204e9800998ecf8427e]
https://kennismaking.gamma.be [403] [GET] [text/html] [403 Forbidden] [Apache] [vhost] [Apache] [bb8f534fbff5ee61a95af9c4740ae043]
https://keuzehulp.gamma.be [302] [GET] [text/html] [Object moved] [Microsoft-IIS/8.5] [vhost] [IIS,Windows Server] [9ccc53f90811163770ea76cbbbf086ff]
https://kioskadmin.acceptatie.gamma.be [200] [GET] [text/html] [Kiosk admin interface] [AmazonS3] [vhost] [cloudfront] [Amazon Cloudfront,Amazon S3,Amazon Web Services] [c5d2a128bde1b316ea54673d5229d53b]
https://kioskadmin.gamma.be [200] [GET] [text/html] [Kiosk admin interface] [AmazonS3] [vhost] [cloudfront] [Amazon Cloudfront,Amazon S3,Amazon Web Services] [f0230c7fcb3094354d6d7707468f2dd5]
https://kiosk.gamma.be [200] [GET] [text/html] [Kiosk launcher] [AmazonS3] [vhost] [cloudfront] [Amazon Cloudfront,Amazon S3,Amazon Web Services] [3173d299dd4d4ed606f4cb3c972d1d16]
https://mail.gamma.be [302] [GET] [text/html] [] [Apache] [Apache] [d41d8cd98f00b204e9800998ecf8427e]
https://mijn.gamma.be [200] [GET] [text/html] [Mijn GAMMA] [AmazonS3] [vhost] [cloudfront] [Algolia,Amazon Cloudfront,Amazon S3,Amazon Web Services] [b30efcac9929fa8a9a33f71365ab488d]
https://origin.checkout.acc.gamma.be [403] [GET] [text/html] [403 Forbidden] [awselb/2.0] [bad2e8579dcdb79399aac2064216a37d]
https://origin.myaccount.acc.gamma.be [403] [GET] [text/html] [403 Forbidden] [awselb/2.0] [2e40045efe5134ada9942798c090d269]
https://origin.myaccount.prd.gamma.be [403] [GET] [text/html] [403 Forbidden] [awselb/2.0] [2e40045efe5134ada9942798c090d269]
https://origin.shopfront.acc.gamma.be [403] [GET] [text/html] [403 Forbidden] [awselb/2.0] [2e40045efe5134ada9942798c090d269]
https://raamdecoratieconfigurator.gamma.be [200] [GET] [text/html] [Fetim / Intergamma Configurator] [] [vhost] [Google Tag Manager,IIS,Microsoft ASP.NET] [4513c1a6a382aee5cdbc0a2669d4239e]
https://shopfront.acceptatie.gamma.be [403] [GET] [text/html] [403 Forbidden] [awselb/2.0] [bad2e8579dcdb79399aac2064216a37d]
https://shopfront.gamma.be [403] [GET] [text/html] [403 Forbidden] [awselb/2.0] [2e40045efe5134ada9942798c090d269]
https://sitemap.acceptatie.gamma.be [404] [GET] [application/xml] [] [AmazonS3] [vhost] [cloudfront] [Amazon Cloudfront,Amazon S3,Amazon Web Services] [dfe47df5fd5317b7a07b1e735629e5f1]
https://sorry.gamma.be [503] [GET] [text/html] [Onze excuses dat wij je momenteel niet kunnen verder helpen. Nous ne pouvons actuellement pas vous aider. Veuillez nous excuser. | GAMMA] [AmazonS3] [vhost] [cloudfront] [Amazon Cloudfront,Amazon S3,Amazon Web Services] [8160d37ec04bf35c5637bf85cc81a39b]
https://www.acceptatie.gamma.be [403] [GET] [text/html] [ERROR: The request could not be satisfied] [CloudFront] [cloudfront] [Amazon Cloudfront,Amazon Web Services] [39b7be0b61f0306ec557230c2843562a]
https://www.acceptatie.gamma.be [403] [GET] [text/html] [ERROR: The request could not be satisfied] [CloudFront] [cloudfront] [Amazon Cloudfront,Amazon Web Services] [fcbf5639afff7a8e1d529d9e5d721371]
https://www.dev.gamma.be [403] [GET] [text/html] [ERROR: The request could not be satisfied] [CloudFront] [cloudfront] [Amazon Cloudfront,Amazon Web Services] [d4ffebf85f569d8ac710c65cb7d605a0]
https://www.dev.gamma.be [403] [GET] [text/html] [ERROR: The request could not be satisfied] [CloudFront] [cloudfront] [Amazon Cloudfront,Amazon Web Services] [e55e0136054baab5fd6555897c4a38a6]
https://www.gamma.be [302] [GET] [] [] [nginx] [vhost] [cloudfront] [Amazon Cloudfront,Amazon Web Services,Nginx] [d41d8cd98f00b204e9800998ecf8427e]
