http://app.gmx.io:2082 [301] [GET] [] [] [cloudflare] [vhost] [cloudflare] [Cloudflare,Cloudflare Network Error Logging] [d41d8cd98f00b204e9800998ecf8427e]
http://app.gmx.io:2086 [301] [GET] [] [] [cloudflare] [vhost] [cloudflare] [Cloudflare,Cloudflare Network Error Logging] [d41d8cd98f00b204e9800998ecf8427e]
http://app.gmx.io:8080 [301] [GET] [] [] [cloudflare] [vhost] [cloudflare] [Cloudflare,Cloudflare Network Error Logging] [d41d8cd98f00b204e9800998ecf8427e]
http://app.gmx.io:8880 [301] [GET] [] [] [cloudflare] [vhost] [cloudflare] [Cloudflare,Cloudflare Network Error Logging] [d41d8cd98f00b204e9800998ecf8427e]
https://api.gmx.io [200] [GET] [text/plain] [] [Google Frontend] [vhost] [Google App Engine,Google Cloud,Google Cloud Trace] [444bcb3a3fcf8389296c49467f27e1d6]
https://app.gmx.io [200] [GET] [text/html] [GMX] [cloudflare] [vhost] [cloudflare] [Cloudflare,Cloudflare Network Error Logging] [4a82399744f4f7073887c8256f903cd0]
https://app.gmx.io:2053 [200] [GET] [text/html] [GMX] [cloudflare] [vhost] [cloudflare] [Cloudflare,Cloudflare Network Error Logging] [4a82399744f4f7073887c8256f903cd0]
https://app.gmx.io:2087 [200] [GET] [text/html] [GMX] [cloudflare] [vhost] [cloudflare] [Cloudflare,Cloudflare Network Error Logging] [4a82399744f4f7073887c8256f903cd0]
https://app.gmx.io:8443 [200] [GET] [text/html] [GMX] [cloudflare] [vhost] [cloudflare] [Cloudflare,Cloudflare Network Error Logging] [4a82399744f4f7073887c8256f903cd0]
https://gmx.io [200] [GET] [text/html] [GMX] [Netlify] [vhost] [google] [Netlify] [a418b8a5592dafacbfa3aff01bf932df]
https://gov.gmx.io [200] [GET] [text/html] [GMX] [nginx] [vhost] [Discourse,Nginx,Ruby on Rails] [22da7e51b6c494c46b0445566d1868c2]
https://gov.gmx.io [200] [GET] [text/html] [GMX] [nginx] [vhost] [Discourse,Nginx,Ruby on Rails] [b9c24db8e4f7da692123cd1bb6e0cac1]
https://staging.gmx.io [200] [GET] [text/html] [GMX] [Netlify] [vhost] [google] [Netlify] [520bf4a92538a7940085ab6cd7064550]
https://stats.gmx.io [200] [GET] [text/html] [GMX analytics] [cloudflare] [vhost] [cloudflare] [Cloudflare] [95a206248861684806913202dd265ccd]
http://stats.gmx.io:2052 [301] [GET] [] [] [cloudflare] [vhost] [cloudflare] [Cloudflare] [d41d8cd98f00b204e9800998ecf8427e]
http://stats.gmx.io:2053 [400] [GET] [text/html] [400 The plain HTTP request was sent to HTTPS port] [cloudflare] [cloudflare] [Cloudflare] [cd58783500d7fa3c58f88eb0ba22f4f8]
http://stats.gmx.io:2082 [301] [GET] [] [] [cloudflare] [vhost] [cloudflare] [Cloudflare] [d41d8cd98f00b204e9800998ecf8427e]
http://stats.gmx.io:2083 [400] [GET] [text/html] [400 The plain HTTP request was sent to HTTPS port] [cloudflare] [cloudflare] [Cloudflare] [cd58783500d7fa3c58f88eb0ba22f4f8]
http://stats.gmx.io:2086 [301] [GET] [] [] [cloudflare] [vhost] [cloudflare] [Cloudflare] [d41d8cd98f00b204e9800998ecf8427e]
http://stats.gmx.io:2087 [400] [GET] [text/html] [400 The plain HTTP request was sent to HTTPS port] [cloudflare] [cloudflare] [Cloudflare] [20ad84d030031252141ca0b3fc0183f0]
http://stats.gmx.io:8080 [301] [GET] [] [] [cloudflare] [vhost] [cloudflare] [Cloudflare] [d41d8cd98f00b204e9800998ecf8427e]
http://stats.gmx.io:8443 [400] [GET] [text/html] [400 The plain HTTP request was sent to HTTPS port] [cloudflare] [cloudflare] [Cloudflare] [20ad84d030031252141ca0b3fc0183f0]
http://stats.gmx.io:8880 [301] [GET] [] [] [cloudflare] [vhost] [cloudflare] [Cloudflare] [d41d8cd98f00b204e9800998ecf8427e]
https://www.gmx.io [301] [GET] [text/plain] [] [Netlify] [vhost] [google] [Netlify] [eadfff141dda36365c0712c1c69ef893]
