https://admin.preprod-proofit.grammarlyaws.com [200] [GET] [text/html] [Balto / Adminka 2.0] [AmazonS3] [vhost] [cloudfront] [Amazon Cloudfront,Amazon S3,Amazon Web Services,Google Font API] [34f34ac93aa81b771c4bd6a5e4689907]
https://admin.qa-proofit.grammarlyaws.com [200] [GET] [text/html] [Balto / Adminka 2.0] [AmazonS3] [vhost] [cloudfront] [Amazon Cloudfront,Amazon S3,Amazon Web Services,Google Font API] [ddd00797b76632ed32803bc5053f2cb8]
https://alb-okta-test-qa.platform.grammarlyaws.com [302] [GET] [text/html] [302 Found] [awselb/2.0] [vhost] [f366e0e18b589cb6f243bf43ce75e83c]
https://api.platformer.platform.grammarlyaws.com [403] [GET] [application/json] [] [] [vhost] [cloudfront] [Amazon Cloudfront,Amazon Web Services] [905b1fbb26e082557ff0b3b3553cda6c]
https://api.platformer.qa-platform.grammarlyaws.com [403] [GET] [application/json] [] [] [vhost] [cloudfront] [Amazon Cloudfront,Amazon Web Services] [905b1fbb26e082557ff0b3b3553cda6c]
https://billing-events.subscription.grammarlyaws.com [403] [GET] [application/json] [] [] [vhost] [bc45704aad57d445b6dfa58b101071e3]
https://bixby.qa-data-ingestion.grammarlyaws.com [403] [GET] [text/html] [403 Forbidden] [awselb/2.0] [2e40045efe5134ada9942798c090d269]
https://capi.core-prod.grammarlyaws.com [404] [GET] [application/json] [] [] [191263efe0259114255485a45c84147b]
https://capi-msdk.core-prod.grammarlyaws.com [404] [GET] [application/json] [] [] [191263efe0259114255485a45c84147b]
https://datacat-ext.nlp-processing.grammarlyaws.com [404] [GET] [text/html] [404 Not Found] [gunicorn] [Python,gunicorn] [7dfb9a4219d20c6babc4877451844e3c]
https://datacat-ext.qa-redwall.grammarlyaws.com [404] [GET] [text/html] [404 Not Found] [gunicorn] [Python,gunicorn] [7dfb9a4219d20c6babc4877451844e3c]
https://datareport.prod-gdpr-export.grammarlyaws.com [403] [GET] [text/html] [403 Forbidden] [awselb/2.0] [2e40045efe5134ada9942798c090d269]
https://dox.core-prod.grammarlyaws.com [403] [GET] [application/json] [] [nginx-clojure] [Nginx] [de8712547ddeec6667e6e1066614ce2f]
https://f-assets.preprod-design-system.grammarlyaws.com [200] [GET] [text/html] [docs website] [AmazonS3] [vhost] [cloudfront] [Amazon Cloudfront,Amazon S3,Amazon Web Services,Google Font API] [c2215cd3f0ae6d2b27eba7cdd4740374]
https://f-chroma.preprod-design-system.grammarlyaws.com [200] [GET] [text/html] [docs website] [AmazonS3] [vhost] [cloudfront] [Amazon Cloudfront,Amazon S3,Amazon Web Services,Google Font API] [c2215cd3f0ae6d2b27eba7cdd4740374]
https://fridge.prod-fridge.grammarlyaws.com [403] [GET] [text/html] [403 Forbidden] [awselb/2.0] [bad2e8579dcdb79399aac2064216a37d]
https://f-swift-tokens.preprod-design-system.grammarlyaws.com [200] [GET] [text/html] [docs website] [AmazonS3] [vhost] [cloudfront] [Amazon Cloudfront,Amazon S3,Amazon Web Services,Google Font API] [c2215cd3f0ae6d2b27eba7cdd4740374]
https://gnar.qa-lt-data.grammarlyaws.com [404] [GET] [application/json] [] [] [423b26bcd616273e891eda8e071b67b7]
https://gnar-writr.data.grammarlyaws.com [404] [GET] [application/json] [] [] [423b26bcd616273e891eda8e071b67b7]
https://knots.core-prod.grammarlyaws.com [200] [GET] [text/html] [Grammarly Knots] [] [a306d3df4307c607dbb96bb2887bc1a0]
https://lumpkin.subscription.grammarlyaws.com [404] [GET] [application/json] [] [] [423b26bcd616273e891eda8e071b67b7]
https://main.preprod-design-system.grammarlyaws.com [200] [GET] [text/html] [docs website] [AmazonS3] [vhost] [cloudfront] [Amazon Cloudfront,Amazon S3,Amazon Web Services,Google Font API] [c2215cd3f0ae6d2b27eba7cdd4740374]
https://narnia.it.grammarlyaws.com [302] [GET] [] [] [BigIP] [F5 BigIP] [d41d8cd98f00b204e9800998ecf8427e]
https://new-tf-features-playground.sandbox.grammarlyaws.com [404] [GET] [application/xml] [] [AmazonS3] [vhost] [cloudfront] [Amazon Cloudfront,Amazon S3,Amazon Web Services] [4e5d3ede0fd5f580e5c89cd8469ddc92]
https://opassscimgc.it.grammarlyaws.com [307] [GET] [text/html] [] [] [6bc692ccc10112a7d62b6e36e43c2a0b]
https://pollock.prod-reader.grammarlyaws.com [404] [GET] [] [] [Aleph/0.4.6] [d41d8cd98f00b204e9800998ecf8427e]
https://pollock.qa-reader.grammarlyaws.com [404] [GET] [] [] [Aleph/0.4.6] [d41d8cd98f00b204e9800998ecf8427e]
https://preprod-billing-events.preprod-billing.grammarlyaws.com [403] [GET] [application/json] [] [] [vhost] [bc45704aad57d445b6dfa58b101071e3]
https://preprod-design-system.grammarlyaws.com [200] [GET] [text/html] [docs website] [AmazonS3] [vhost] [cloudfront] [Amazon Cloudfront,Amazon S3,Amazon Web Services,Google Font API] [572c0dfa65dd3364c486c3210eada2ab]
https://prod-data.acquisition.grammarlyaws.com [404] [GET] [text/html] [Error 404 Not Found] [] [65b3a3389a8391e438f6b0f66b1354ba]
https://prod-irbis.acquisition.grammarlyaws.com [403] [GET] [text/html] [403 Forbidden] [awselb/2.0] [2e40045efe5134ada9942798c090d269]
https://prod-redirect.acquisition.grammarlyaws.com [303] [GET] [] [] [] [d41d8cd98f00b204e9800998ecf8427e]
https://public-treatment.prod-experimentation.grammarlyaws.com [401] [GET] [] [] [] [d41d8cd98f00b204e9800998ecf8427e]
https://qa-anniversary-swag-store.grammarlyaws.com [302] [GET] [text/html] [302 Found] [awselb/2.0] [vhost] [f366e0e18b589cb6f243bf43ce75e83c]
https://qa-billing-events.qa-billing.grammarlyaws.com [403] [GET] [application/json] [] [] [vhost] [bc45704aad57d445b6dfa58b101071e3]
https://renovate-all-gr-bazel-baz.preprod-design-system.grammarlyaws.com [200] [GET] [text/html] [docs website] [AmazonS3] [vhost] [cloudfront] [Amazon Cloudfront,Amazon S3,Amazon Web Services,Google Font API] [c2215cd3f0ae6d2b27eba7cdd4740374]
https://subscription.subscription.grammarlyaws.com [403] [GET] [text/html] [403 Forbidden] [awselb/2.0] [2e40045efe5134ada9942798c090d269]
https://support-automations.subscription.grammarlyaws.com [403] [GET] [text/html] [Error 403 Forbidden] [grammarly.com] [4a524422fa8d0edf9eb10153d99a95f8]
https://tableuqa.sandbox.grammarlyaws.com [302] [GET] [text/html] [302 Found] [awselb/2.0] [vhost] [f366e0e18b589cb6f243bf43ce75e83c]
https://ui.preprod-proofit.grammarlyaws.com [200] [GET] [text/html] [Proofit UI] [AmazonS3] [vhost] [cloudfront] [Amazon Cloudfront,Amazon S3,Amazon Web Services] [f5ef1fdcecd9e1f9f8357c585ae87d37]
https://ui.qa-proofit.grammarlyaws.com [200] [GET] [text/html] [Proofit UI] [AmazonS3] [vhost] [cloudfront] [Amazon Cloudfront,Amazon S3,Amazon Web Services] [9c194a60eeea99ed381ca5b2a89f3412]
https://update-officeaddin.sandbox.grammarlyaws.com [404] [GET] [text/plain] [] [] [vhost] [cloudfront] [Amazon Cloudfront,Amazon Web Services] [9d1ead73e678fa2f51a70a933b0bf017]
https://zoommarly.core-prod.grammarlyaws.com [200] [GET] [text/html] [Grammarly for Meetings] [] [0236f9f23c5e83e602188edac4445299]
