http://api-global.marquee.gs.com [403] [GET] [text/html] [Access Denied] [AkamaiGHost] [vhost] [84150c27e29197243e25cc88391d0886]
http://api2.qa.txb.gs.com [403] [GET] [text/html] [Access Denied] [AkamaiGHost] [vhost] [c62cd5c95324c002a226773d98c920dc]
http://api3.dev.txb.gs.com [403] [GET] [text/html] [ERROR: The request could not be satisfied] [CloudFront] [cloudfront] [Amazon Cloudfront,Amazon Web Services] [4a06da7dc4e1300656094a7a887d861f]
http://api3.qa.txb.gs.com [403] [GET] [text/html] [ERROR: The request could not be satisfied] [CloudFront] [cloudfront] [Amazon Cloudfront,Amazon Web Services] [309ccbb72c6bd06e85ced9f960b95dd8]
http://careers.gs.com [301] [GET] [text/html] [] [] [vhost] [81051bcc2cf1bedf378224b0a93e2877]
http://ctw.gs.com [301] [GET] [text/html] [] [] [vhost] [81051bcc2cf1bedf378224b0a93e2877]
http://dev-participant-1.besu.digitalassets.gs.com:8545 [201] [GET] [] [] [] [d41d8cd98f00b204e9800998ecf8427e]
http://dev-participant-2.besu.digitalassets.gs.com:8545 [201] [GET] [] [] [] [d41d8cd98f00b204e9800998ecf8427e]
http://dev-participant-4.besu.digitalassets.gs.com:8545 [201] [GET] [] [] [] [d41d8cd98f00b204e9800998ecf8427e]
http://help.gsmosaic.qa.gs.com:2083 [400] [GET] [text/html] [400 The plain HTTP request was sent to HTTPS port] [cloudflare] [cloudflare] [Cloudflare] [cd58783500d7fa3c58f88eb0ba22f4f8]
http://help.gsmosaic.qa.gs.com:2087 [400] [GET] [text/html] [400 The plain HTTP request was sent to HTTPS port] [cloudflare] [cloudflare] [Cloudflare] [cd58783500d7fa3c58f88eb0ba22f4f8]
http://help.gsmosaic.qa.gs.com:8443 [400] [GET] [text/html] [400 The plain HTTP request was sent to HTTPS port] [cloudflare] [cloudflare] [Cloudflare] [20ad84d030031252141ca0b3fc0183f0]
http://pbmobile.gs.com [302] [GET] [text/html] [] [] [be280b32c881b07334b8b9df1d2c73d3]
http://pki.gs.com [404] [GET] [text/html] [404 Not Found] [Apache] [Apache] [62962daa1b19bbcc2db10b7bfd531ea6]
http://pki2.gs.com [404] [GET] [text/html] [404 Not Found] [Apache] [Apache] [62962daa1b19bbcc2db10b7bfd531ea6]
http://qaderivativesuniversity.gs.com [301] [GET] [text/html] [] [] [vhost] [81051bcc2cf1bedf378224b0a93e2877]
http://qaias.gs.com [301] [GET] [text/html] [] [] [vhost] [81051bcc2cf1bedf378224b0a93e2877]
http://qainstitutionaladvisoryservices.gs.com [301] [GET] [text/html] [] [] [vhost] [81051bcc2cf1bedf378224b0a93e2877]
http://qamortgagecredituniversity.gs.com [301] [GET] [text/html] [] [] [vhost] [81051bcc2cf1bedf378224b0a93e2877]
http://qavitfunds.web.gs.com [301] [GET] [text/html] [] [] [vhost] [81051bcc2cf1bedf378224b0a93e2877]
http://txbqa2.gs.com [403] [GET] [text/html] [ERROR: The request could not be satisfied] [CloudFront] [cloudfront] [Amazon Cloudfront,Amazon Web Services] [ebf88e01a4ce1460ca2c24f60867e262]
http://www.360.gs.com [302] [GET] [text/html] [] [] [be280b32c881b07334b8b9df1d2c73d3]
http://www.help.gsmosaic.gs.com:2083 [400] [GET] [text/html] [400 The plain HTTP request was sent to HTTPS port] [cloudflare] [cloudflare] [Cloudflare] [20ad84d030031252141ca0b3fc0183f0]
http://www.help.gsmosaic.gs.com:2087 [400] [GET] [text/html] [400 The plain HTTP request was sent to HTTPS port] [cloudflare] [cloudflare] [Cloudflare] [cd58783500d7fa3c58f88eb0ba22f4f8]
http://www.help.gsmosaic.gs.com:8443 [400] [GET] [text/html] [400 The plain HTTP request was sent to HTTPS port] [cloudflare] [cloudflare] [Cloudflare] [cd58783500d7fa3c58f88eb0ba22f4f8]
http://wwwqa.gsamldi.gs.com [301] [GET] [text/html] [] [] [vhost] [81051bcc2cf1bedf378224b0a93e2877]
http://wwwqa.ias.gs.com [301] [GET] [text/html] [] [] [vhost] [81051bcc2cf1bedf378224b0a93e2877]
http://wwwqa.institutionaladvisoryservices.gs.com [301] [GET] [text/html] [] [] [vhost] [81051bcc2cf1bedf378224b0a93e2877]
https://360-qa.gs.com [401] [GET] [text/html] [Error: Document Not Found] [Apache] [vhost] [Apache] [89d7c43fc958896c2926469dceafa91d]
https://360.gs.com [401] [GET] [text/html] [Error: Document Not Found] [Apache] [vhost] [Apache] [a57fd1a77e2f0aabde1553c2dd07c78e]
https://42vumud4ayhjowy7hhwz.login.publishing.gs.com [403] [GET] [application/json] [] [] [vhost] [bc45704aad57d445b6dfa58b101071e3]
https://55yllqovde2qd1kckh1y.login.publishing-qa.gs.com [403] [GET] [application/json] [] [] [vhost] [bc45704aad57d445b6dfa58b101071e3]
https://accelerate.gs.com [200] [GET] [text/html] [Accelerate] [] [Express,Node.js] [6cdc6a90f05f9ab3adf00930b299b490]
https://accelerate.gs.com [200] [GET] [text/html] [Accelerate] [] [Express,Node.js] [cc5c0286cf9861dcd987262abc65f136]
https://accounts.gs.com [200] [GET] [text/html] [gs-customer-standard - Sign In] [nginx] [vhost] [Java,Nginx] [60ba294b135804bd9feae429c776f51d]
https://accounts.gs.com [200] [GET] [text/html] [gs-customer-standard - Sign In] [nginx] [vhost] [Java,Nginx] [9967cfa08337f6c02e0e6e89811b09be]
https://activealpha.gs.com [301] [GET] [text/html] [301 Moved Permanently] [Apache] [Apache] [82a405a418e2ca9866a603a5c03aaf40]
https://aec.prod.marcus-connect.gs.com [403] [GET] [text/html] [ERROR: The request could not be satisfied] [CloudFront] [cloudfront] [Amazon Cloudfront,Amazon Web Services] [51a6af47f0be1a73d841aacd05c3117b]
https://aec.prod.marcus-connect.gs.com [403] [GET] [text/html] [ERROR: The request could not be satisfied] [CloudFront] [cloudfront] [Amazon Cloudfront,Amazon Web Services] [d1bdac95880c18ce85d9addaed90fc30]
https://aec.qa.marcus-connect.gs.com [403] [GET] [text/html] [ERROR: The request could not be satisfied] [CloudFront] [cloudfront] [Amazon Cloudfront,Amazon Web Services] [c2f717bb56ccaf999f0b66b2c6845e83]
https://aec.qa.marcus-connect.gs.com [403] [GET] [text/html] [ERROR: The request could not be satisfied] [CloudFront] [cloudfront] [Amazon Cloudfront,Amazon Web Services] [eb6a325382fd2ec067c8da93efc63cd4]
https://akamai-test.stablevalue.gs.com [401] [GET] [text/html] [401 Unauthorized] [Server] [vhost] [118a489422be0c5ca0cecf3bb7903c7e]
https://americas-login.gs.com [403] [GET] [text/html] [Access Denied] [AkamaiGHost] [vhost] [dd18dc76027740c59ead0bab2959f4a5]
https://americas-login.gs.com [403] [GET] [text/html] [Access Denied] [AkamaiGHost] [vhost] [dfb413f48ba278b8868087a0d31f01ff]
https://americas.site1.sitehostingdemo.gs.com [200] [GET] [text/html] [React App] [WebServer] [vhost] [cloudfront] [Amazon Cloudfront,Amazon Web Services] [f1b409c0ec8c4c74ee7f77a706bb2f71]
https://americas.site2.sitehostingdemo.gs.com [200] [GET] [text/html] [React App] [WebServer] [vhost] [cloudfront] [Amazon Cloudfront,Amazon Web Services] [f1b409c0ec8c4c74ee7f77a706bb2f71]
https://americas1-login.gs.com [403] [GET] [text/html] [Access Denied] [AkamaiGHost] [vhost] [14dc19fc91478774a8a638181f280be9]
https://americas1-login.gs.com [403] [GET] [text/html] [Access Denied] [AkamaiGHost] [vhost] [a4e9d8be48afc05752529657e1867468]
https://americas2-login.gs.com [403] [GET] [text/html] [Access Denied] [AkamaiGHost] [vhost] [2fb50ddd2307085930e1d3d77900f4dd]
https://americas2-login.gs.com [403] [GET] [text/html] [Access Denied] [AkamaiGHost] [vhost] [826888863e72a04255441aa51243d99f]
https://ampf.ppselect.gs.com [403] [GET] [text/html] [Access Denied] [AkamaiGHost] [vhost] [33d72eb47236a2c8496db967c205d742]
https://ampf.ppselect.gs.com [403] [GET] [text/html] [Access Denied] [AkamaiGHost] [vhost] [7dc436a96dc3f82eecce1d004918dc5e]
https://ampf.select.gs.com [403] [GET] [text/html] [Access Denied] [AkamaiGHost] [vhost] [15179f81ca36d71037b0e8f0ca354789]
https://ampf.select.gs.com [403] [GET] [text/html] [Access Denied] [AkamaiGHost] [vhost] [e8198c4635dcadec16dd57901708becc]
https://ampf.sitselect.gs.com [403] [GET] [text/html] [Access Denied] [AkamaiGHost] [vhost] [62c698ad87c2ea54b311c518f1d9c8b7]
https://ampf.sitselect.gs.com [403] [GET] [text/html] [Access Denied] [AkamaiGHost] [vhost] [b9a600a8097192714a77cbb47069a566]
https://aon.gs.com [403] [GET] [text/html] [Access Denied] [AkamaiGHost] [vhost] [c2e50d1bfedf86009bd0e448db5b73c3]
https://aon.gs.com [403] [GET] [text/html] [Access Denied] [AkamaiGHost] [vhost] [e3c3f3dc1359973ebbad845d1af74f97]
https://apac-login.gs.com [403] [GET] [text/html] [Access Denied] [AkamaiGHost] [vhost] [96e4c3ab5feec4e081ff7a202e7a2479]
https://apac-login.gs.com [403] [GET] [text/html] [Access Denied] [AkamaiGHost] [vhost] [b7032c3dbd809f6ed67cf0250bf40200]
https://apac1-login.gs.com [403] [GET] [text/html] [Access Denied] [AkamaiGHost] [vhost] [82dc3247c6d0e85b5c69fe0c61ada4b8]
https://apac1-login.gs.com [403] [GET] [text/html] [Access Denied] [AkamaiGHost] [vhost] [ec6f4fd930caab0d9ffb19d95ae27bbf]
https://apac1.gw-login.gs.com [302] [GET] [text/html] [] [Login.GS] [IIS,Microsoft ASP.NET] [8cb42e7a965a9d36983d4c4f4e9d64ea]
https://apac2-login.gs.com [403] [GET] [text/html] [Access Denied] [AkamaiGHost] [vhost] [697c90e04f710f7b6d3162cdd41cd1b6]
https://apac2-login.gs.com [403] [GET] [text/html] [Access Denied] [AkamaiGHost] [vhost] [c82cf7519f7807a36b45c8fba40ac97d]
https://apac2.gw-login.gs.com [302] [GET] [text/html] [] [] [IIS,Microsoft ASP.NET] [8cb42e7a965a9d36983d4c4f4e9d64ea]
https://apac3-login.gs.com [302] [GET] [text/html] [] [] [IIS,Microsoft ASP.NET] [8cb42e7a965a9d36983d4c4f4e9d64ea]
https://api.gs-mosaic.gs.com [403] [GET] [text/html] [Access Denied] [AkamaiGHost] [vhost] [7913b1d3ce41947a85c3b5bf85daaf8b]
https://api.gs-mosaic.gs.com [403] [GET] [text/html] [Access Denied] [AkamaiGHost] [vhost] [879c92bed10362b9ee764cba4ae98815]
https://api.gs-mosaic.qa.gs.com [403] [GET] [text/html] [Access Denied] [AkamaiGHost] [vhost] [3f03bb3800187fe2741459d712867ceb]
https://api.gs-mosaic.qa.gs.com [403] [GET] [text/html] [Access Denied] [AkamaiGHost] [vhost] [de89666ab650ce8a9dbedeb5ca4ba10f]
https://api.gs.com [302] [GET] [] [] [webserver] [vhost] [d41d8cd98f00b204e9800998ecf8427e]
https://api.gsmosaic.gs.com [403] [GET] [text/html] [Access Denied] [AkamaiGHost] [vhost] [332b95a758ce5271b4943c613246cfd9]
https://api.gsmosaic.gs.com [403] [GET] [text/html] [Access Denied] [AkamaiGHost] [vhost] [5a03a82b51adb701f0a32a25d85691f2]
https://api.gsmosaic.qa.gs.com [403] [GET] [text/html] [Access Denied] [AkamaiGHost] [vhost] [44119145803aa5a86f6943bcf9f8c3da]
https://api.gsmosaic.qa.gs.com [403] [GET] [text/html] [Access Denied] [AkamaiGHost] [vhost] [60f090d8c628d289c2f01caf92b8c545]
https://api.marquee-qa.gs.com [302] [GET] [] [] [webserver] [vhost] [d41d8cd98f00b204e9800998ecf8427e]
https://api.marquee.gs.com [302] [GET] [] [] [webserver] [vhost] [d41d8cd98f00b204e9800998ecf8427e]
https://api.platform-dev.txb.gs.com [403] [GET] [text/html] [ERROR: The request could not be satisfied] [CloudFront] [cloudfront] [Amazon Cloudfront,Amazon Web Services] [6ae74f5120d13d8f38ae211d417584f8]
https://api.platform-dev.txb.gs.com [403] [GET] [text/html] [ERROR: The request could not be satisfied] [CloudFront] [cloudfront] [Amazon Cloudfront,Amazon Web Services] [db26371d657b1caf654fc3e56db968b8]
https://api2.txb.gs.com [403] [GET] [text/html] [Access Denied] [AkamaiGHost] [vhost] [3b1853055be9a03f58507be1916f2c75]
https://api2.txb.gs.com [403] [GET] [text/html] [Access Denied] [AkamaiGHost] [vhost] [99a67a16768a35932a99e663b47bab9a]
https://api3.sit.txb.gs.com [403] [GET] [text/html] [ERROR: The request could not be satisfied] [CloudFront] [cloudfront] [Amazon Cloudfront,Amazon Web Services] [bd2b6d4326b76f67be79de175e875eab]
https://api3.sit.txb.gs.com [403] [GET] [text/html] [ERROR: The request could not be satisfied] [CloudFront] [cloudfront] [Amazon Cloudfront,Amazon Web Services] [ebc78b5cfcc10e440ea87807446a7e34]
https://apis.txb.gs.com [301] [GET] [] [] [AkamaiGHost] [vhost] [d41d8cd98f00b204e9800998ecf8427e]
https://apitest.marquee-qa.gs.com [302] [GET] [] [] [webserver] [vhost] [d41d8cd98f00b204e9800998ecf8427e]
https://as2.txb.gs.com [405] [GET] [text/plain] [] [Axway SecureTransport AS2] [e8c2e2c948d26263a977c1743e71efc6]
https://assetmanagement-email-qa.gs.com [200] [GET] [text/html] [] [Apache] [Apache] [d41d8cd98f00b204e9800998ecf8427e]
https://assetmanagement-email.gs.com [403] [GET] [text/html] [403 Forbidden] [Apache] [Apache] [fa172c77abd7b03605d83cd1ae373657]
https://assetmanagement-qa.gs.com [302] [GET] [text/html] [302 Found] [Apache] [vhost] [Apache] [b0e349b483c490fc22f77e27154ca133]
https://assetmanagement.gs.com [302] [GET] [text/html] [302 Found] [Apache] [vhost] [Apache] [9a49bddc1ca2e6056799c85c3068b04d]
https://atlas-mfa.gs.com [401] [GET] [text/html] [MFA] [GS] [vhost] [7cf151fb5be760047bb855b73ddefd57]
https://atlas-mfa.uat.gs.com [503] [GET] [text/html] [Error] [AkamaiGHost] [vhost] [714ba46ddb08c35997d28d155250a791]
https://atlas-mfa.uat.gs.com [503] [GET] [text/html] [Error] [AkamaiGHost] [vhost] [ff1d21b69ea7d89c1838550ae6572a8b]
https://atlassian.devcollab.gs.com [403] [GET] [text/html] [ERROR: The request could not be satisfied] [CloudFront] [cloudfront] [Amazon Cloudfront,Amazon Web Services] [1712098dfd753d61370a0cadfa428b78]
https://atlassian.devcollab.gs.com [403] [GET] [text/html] [ERROR: The request could not be satisfied] [CloudFront] [cloudfront] [Amazon Cloudfront,Amazon Web Services] [4a481b1e41de3451674dbdf024bd79e7]
https://bdcexp01edge01.jabber.gs.com:8443 [400] [GET] [text/html] [Bad Request] [CE_E] [dd1cb5f50e8fe10c7dafc6df7b0c97cd]
https://bdcexp01edge02.jabber.gs.com:8443 [400] [GET] [text/html] [Bad Request] [CE_E] [dd1cb5f50e8fe10c7dafc6df7b0c97cd]
https://beta.api.clearfactr.gs.com [403] [GET] [text/html] [ERROR: The request could not be satisfied] [CloudFront] [cloudfront] [Amazon Cloudfront,Amazon Web Services] [187d956e991a3906b8d58acd0ff38895]
https://beta.api.clearfactr.gs.com [403] [GET] [text/html] [ERROR: The request could not be satisfied] [CloudFront] [cloudfront] [Amazon Cloudfront,Amazon Web Services] [8ed24416d743337cbbb1f66b9f0fd757]
https://beta.app.clearfactr.gs.com [403] [GET] [text/html] [ERROR: The request could not be satisfied] [CloudFront] [cloudfront] [Amazon Cloudfront,Amazon Web Services] [0d103f181347911611bcc1f251d6578d]
https://beta.app.clearfactr.gs.com [403] [GET] [text/html] [ERROR: The request could not be satisfied] [CloudFront] [cloudfront] [Amazon Cloudfront,Amazon Web Services] [d5ef0e577356a249ddf61456d46eea1a]
https://beta.dsp.gs.com [403] [GET] [text/html] [Access Denied] [AkamaiGHost] [vhost] [829df4e7ccb9dd4d62f403b0d1ce5731]
https://beta.dsp.gs.com [403] [GET] [text/html] [Access Denied] [AkamaiGHost] [vhost] [a8b724b55738a2755c3338c10033dead]
https://beta.global-liquidity.gs.com [403] [GET] [text/html] [Access Denied] [AkamaiGHost] [vhost] [7861cf697b94b6f107d471fdb0eac295]
https://beta.global-liquidity.gs.com [403] [GET] [text/html] [Access Denied] [AkamaiGHost] [vhost] [81ffe90eeb630e3f7a7f08e002dea74d]
https://beta.qaglobal-liquidity.gs.com [403] [GET] [text/html] [Access Denied] [AkamaiGHost] [vhost] [1888f758008651ee068b0f2bc66da121]
https://beta.qaglobal-liquidity.gs.com [403] [GET] [text/html] [Access Denied] [AkamaiGHost] [vhost] [96e6fdb41dfa3fa8092e4647aec12b61]
https://beta.uat.dsp.gs.com [302] [GET] [text/html] [302 Found] [Apache] [vhost] [Apache] [50b8e4fcde4b2a359fb7d3a6289a6023]
https://bmo-mfa.lp.gs.com [401] [GET] [text/html] [MFA] [GS] [vhost] [7cf151fb5be760047bb855b73ddefd57]
https://bmo-mfa.uat.lp.gs.com [401] [GET] [text/html] [BMO Liquidity Portal] [GS] [vhost] [6c76d7924333bfc909c645bde904235e]
https://bwext-qa.gs.com [404] [GET] [text/html] [] [] [b9d1d8bb90a18fd9a3768b1ccc60ff42]
https://careersa.gs.com [403] [GET] [text/html] [Access Denied] [AkamaiGHost] [vhost] [40090b3848c1534b8a9d6d088c4957a7]
https://careersa.gs.com [403] [GET] [text/html] [Access Denied] [AkamaiGHost] [vhost] [93bb7daf0e8c219036d42a541e8be4b3]
https://cdcexp01edge01.jabber.gs.com:8443 [400] [GET] [text/html] [Bad Request] [CE_E] [dd1cb5f50e8fe10c7dafc6df7b0c97cd]
https://cdcexp01edge02.jabber.gs.com:8443 [400] [GET] [text/html] [Bad Request] [CE_E] [dd1cb5f50e8fe10c7dafc6df7b0c97cd]
https://cdn.gs.com [403] [GET] [application/xml] [] [AmazonS3] [vhost] [Amazon Cloudfront,Amazon S3,Amazon Web Services] [55d7d2a12f29daf81fa27b7d1f3e8456]
https://cdn.gs.com [403] [GET] [application/xml] [] [AmazonS3] [vhost] [Amazon Cloudfront,Amazon S3,Amazon Web Services] [78f583858a1681f43387eaeed16d8210]
https://cdn.marquee-qa.gs.com [404] [GET] [] [] [AkamaiNetStorage] [vhost] [7605968e79d0ca095ab1231486d2b814]
https://cdn.marquee.gs.com [404] [GET] [] [] [AkamaiNetStorage] [vhost] [7605968e79d0ca095ab1231486d2b814]
https://checkinvest.funds.gs.com [403] [GET] [text/html] [Access Denied] [AkamaiGHost] [vhost] [e79c2123b0a81e6ae2191d4f12d7c5a2]
https://checkinvest.funds.gs.com [403] [GET] [text/html] [Access Denied] [AkamaiGHost] [vhost] [f6cf20c4493ebdb277b559fbabb9e5ef]
https://china-login.gs.com [302] [GET] [text/html] [] [Login.GS] [IIS,Microsoft ASP.NET] [8cb42e7a965a9d36983d4c4f4e9d64ea]
https://china1-login.gs.com [403] [GET] [text/html] [Access Denied] [AkamaiGHost] [vhost] [263051ad5298ce7da43717528e95425d]
https://china1-login.gs.com [403] [GET] [text/html] [Access Denied] [AkamaiGHost] [vhost] [3145bbcd3ee6c01c81e6003a61f40444]
https://china2-login.gs.com [302] [GET] [text/html] [] [] [IIS,Microsoft ASP.NET] [8cb42e7a965a9d36983d4c4f4e9d64ea]
https://click.gs.com [301] [GET] [text/html] [] [nginx] [vhost] [Nginx] [d41d8cd98f00b204e9800998ecf8427e]
https://clientreporting-srp.tech-qa.gs.com [401] [GET] [text/html] [] [Apache] [Apache] [14e1aa5cff69df8572bbc31f85775303]
https://clientreporting-srp.tech.gs.com [401] [GET] [text/html] [] [Apache] [Apache] [14e1aa5cff69df8572bbc31f85775303]
https://confluence.devcollab.gs.com [403] [GET] [text/html] [ERROR: The request could not be satisfied] [CloudFront] [cloudfront] [Amazon Cloudfront,Amazon Web Services] [15feace799a3fa54e2e772e0135b7784]
https://confluence.devcollab.gs.com [403] [GET] [text/html] [ERROR: The request could not be satisfied] [CloudFront] [cloudfront] [Amazon Cloudfront,Amazon Web Services] [18d791c19451be4903415371613e926b]
https://derivativesuniversity.gs.com [301] [GET] [text/html] [301 Moved Permanently] [Apache] [Apache] [82a405a418e2ca9866a603a5c03aaf40]
https://design.gs.com [301] [GET] [] [] [AkamaiGHost] [vhost] [d41d8cd98f00b204e9800998ecf8427e]
https://dev-login-higher.gs.com [302] [GET] [text/html] [] [nginx] [vhost] [Nginx] [d41d8cd98f00b204e9800998ecf8427e]
https://dev.accounts.gs.com [200] [GET] [text/html] [GoldmanSachs Customer-STD - Sign In] [nginx] [vhost] [Bootstrap,Java,Nginx] [298cc9ef48ea4fa9dd2afa2ff3290495]
https://dev.atlassian.devcollab.gs.com [403] [GET] [text/html] [ERROR: The request could not be satisfied] [CloudFront] [cloudfront] [Amazon Cloudfront,Amazon Web Services] [6b34163b7e239d9d9e950118d88cb8a2]
https://dev.atlassian.devcollab.gs.com [403] [GET] [text/html] [ERROR: The request could not be satisfied] [CloudFront] [cloudfront] [Amazon Cloudfront,Amazon Web Services] [fae1ee0a2ecd127c21f4ea70546ba117]
https://dev.confluence.devcollab.gs.com [403] [GET] [text/html] [ERROR: The request could not be satisfied] [CloudFront] [cloudfront] [Amazon Cloudfront,Amazon Web Services] [9d6a7c4cb81b647c477d85dc27aa54f6]
https://dev.confluence.devcollab.gs.com [403] [GET] [text/html] [ERROR: The request could not be satisfied] [CloudFront] [cloudfront] [Amazon Cloudfront,Amazon Web Services] [a12d0772cb0da7bfa73fa4a5a2a4e38a]
https://dev.jira.devcollab.gs.com [403] [GET] [text/html] [ERROR: The request could not be satisfied] [CloudFront] [cloudfront] [Amazon Cloudfront,Amazon Web Services] [6d6c289fa956feaff7b3bfef1615f86b]
https://dev.jira.devcollab.gs.com [403] [GET] [text/html] [ERROR: The request could not be satisfied] [CloudFront] [cloudfront] [Amazon Cloudfront,Amazon Web Services] [af3e88a335008f2daae6841b99907c17]
https://dev.jira2.devcollab.gs.com [403] [GET] [text/html] [ERROR: The request could not be satisfied] [CloudFront] [cloudfront] [Amazon Cloudfront,Amazon Web Services] [ba04aecd49b86a74c0eb1b45f278d2c0]
https://dev.jira2.devcollab.gs.com [403] [GET] [text/html] [ERROR: The request could not be satisfied] [CloudFront] [cloudfront] [Amazon Cloudfront,Amazon Web Services] [c0de12a4bea06c314bcf773cd730a9bb]
https://dev.jira3.devcollab.gs.com [403] [GET] [text/html] [ERROR: The request could not be satisfied] [CloudFront] [cloudfront] [Amazon Cloudfront,Amazon Web Services] [977d3e76f0a413a3a1341860ec0a3247]
https://dev.jira3.devcollab.gs.com [403] [GET] [text/html] [ERROR: The request could not be satisfied] [CloudFront] [cloudfront] [Amazon Cloudfront,Amazon Web Services] [9e55307ddd201a2ce45137c778110b22]
https://dev.marcus.jira.devcollab.gs.com [403] [GET] [text/html] [ERROR: The request could not be satisfied] [CloudFront] [cloudfront] [Amazon Cloudfront,Amazon Web Services] [3984cd59a4cbe715eaa22d535bbdbe96]
https://dev.marcus.jira.devcollab.gs.com [403] [GET] [text/html] [ERROR: The request could not be satisfied] [CloudFront] [cloudfront] [Amazon Cloudfront,Amazon Web Services] [d72f6ae2e49b85b01949d3d5e51d9651]
https://dev.site1.sitehostingdemo.gs.com [503] [GET] [text/html] [ERROR: The request could not be satisfied] [CloudFront] [vhost] [cloudfront] [Amazon Cloudfront,Amazon Web Services] [262fb3d34004e93e74cbb90e2f9b174a]
https://dev.site1.sitehostingdemo.gs.com [503] [GET] [text/html] [ERROR: The request could not be satisfied] [CloudFront] [vhost] [cloudfront] [Amazon Cloudfront,Amazon Web Services] [da01691cb79bfeeb7135ec314e71ee38]
https://dev.site2.sitehostingdemo.gs.com [200] [GET] [text/html] [React App] [WebServer] [vhost] [cloudfront] [Amazon Cloudfront,Amazon Web Services] [f1b409c0ec8c4c74ee7f77a706bb2f71]
https://dev.zoom.workplace.gs.com [403] [GET] [text/html] [ERROR: The request could not be satisfied] [CloudFront] [cloudfront] [Amazon Cloudfront,Amazon Web Services] [370d2181fd6ab74061d87531377148f5]
https://dev.zoom.workplace.gs.com [403] [GET] [text/html] [ERROR: The request could not be satisfied] [CloudFront] [cloudfront] [Amazon Cloudfront,Amazon Web Services] [ceb655b332e5c3f9ab9a44e9b97bc3fb]
https://developer.gs.com [301] [GET] [] [] [AkamaiGHost] [vhost] [d41d8cd98f00b204e9800998ecf8427e]
https://developer.txb.gs.com [301] [GET] [] [] [AkamaiGHost] [vhost] [d41d8cd98f00b204e9800998ecf8427e]
https://docs.gsmarkets-qa.gs.com [403] [GET] [text/html] [403 Forbidden] [WebServer] [vhost] [bb8f534fbff5ee61a95af9c4740ae043]
https://docs.gsmarkets.gs.com [403] [GET] [text/html] [403 Forbidden] [WebServer] [vhost] [bb8f534fbff5ee61a95af9c4740ae043]
https://dsp.gs.com [302] [GET] [text/html] [302 Found] [Apache] [vhost] [Apache] [03744af580ae4d25f701c7702dac6465]
https://edwardjones.funds.gs.com [403] [GET] [text/html] [Access Denied] [AkamaiGHost] [vhost] [5b3603862e627fa9f6dff80336209b21]
https://edwardjones.funds.gs.com [403] [GET] [text/html] [Access Denied] [AkamaiGHost] [vhost] [62d8023cf1f4ede3d9794ee96e9f7a66]
https://emea-login.gs.com [403] [GET] [text/html] [Access Denied] [AkamaiGHost] [vhost] [1d9b450f61846d5e896cc3f6b319e113]
https://emea-login.gs.com [403] [GET] [text/html] [Access Denied] [AkamaiGHost] [vhost] [f426c2d9f8c390ebab305d2b36e24337]
https://emea1-login.gs.com [403] [GET] [text/html] [Access Denied] [AkamaiGHost] [vhost] [2ce856544c70e32acce74221e6737c6a]
https://emea1-login.gs.com [403] [GET] [text/html] [Access Denied] [AkamaiGHost] [vhost] [74fcb0970271b06ded2a94d654603189]
https://emea1.gw-login.gs.com [302] [GET] [text/html] [] [Login.GS] [IIS,Microsoft ASP.NET] [8cb42e7a965a9d36983d4c4f4e9d64ea]
https://emea2-login.gs.com [403] [GET] [text/html] [Access Denied] [AkamaiGHost] [vhost] [85db955ceab0b9ef10c8cda5d6c5cbf0]
https://emea2-login.gs.com [403] [GET] [text/html] [Access Denied] [AkamaiGHost] [vhost] [8beae8eeef4b202ae3887861d33a59af]
https://emea2.gw-login.gs.com [302] [GET] [text/html] [] [Login.GS] [IIS,Microsoft ASP.NET] [8cb42e7a965a9d36983d4c4f4e9d64ea]
https://emob-qa.fx.gs.com [302] [GET] [application/json] [] [] [vhost] [dbb9dfeb64f82edd1d559780cb4cf8fa]
https://emob.fx.gs.com [302] [GET] [application/json] [] [] [vhost] [f3feb086f92f55d7de3955c14cb67a43]
https://exp01qaedge01.net.gs.com:8443 [400] [GET] [text/html] [Bad Request] [CE_E] [dd1cb5f50e8fe10c7dafc6df7b0c97cd]
https://exp02qaedge01.net.gs.com:8443 [400] [GET] [text/html] [Bad Request] [CE_E] [dd1cb5f50e8fe10c7dafc6df7b0c97cd]
https://expedge.jabber.gs.com:8443 [400] [GET] [text/html] [Bad Request] [CE_E] [dd1cb5f50e8fe10c7dafc6df7b0c97cd]
https://ext-select.gs.com [403] [GET] [text/html] [Access Denied] [AkamaiGHost] [vhost] [64539f30b6219835a4d1a685d853195e]
https://ext-select.gs.com [403] [GET] [text/html] [Access Denied] [AkamaiGHost] [vhost] [745825707257ef5e122cdebb06839073]
https://fp-bdc-ext.gs.com [200] [GET] [text/html] [] [] [vhost] [905142cdf6983bfa3d8a802187803ab8]
https://fp-cdc-ext.gs.com [200] [GET] [text/html] [] [] [vhost] [905142cdf6983bfa3d8a802187803ab8]
https://fp-ha-asia.prod.vpn.gs.com [200] [GET] [text/html] [] [] [vhost] [905142cdf6983bfa3d8a802187803ab8]
https://fp-ha-emea.gs.com [200] [GET] [text/html] [] [] [vhost] [905142cdf6983bfa3d8a802187803ab8]
https://fp-ha-hksdc2.prod.vpn.gs.com [200] [GET] [text/html] [] [] [vhost] [905142cdf6983bfa3d8a802187803ab8]
https://fp-ha-qa.gs.com [200] [GET] [text/html] [] [] [vhost] [905142cdf6983bfa3d8a802187803ab8]
https://fp-ha-sgadc.prod.vpn.gs.com [200] [GET] [text/html] [] [] [vhost] [905142cdf6983bfa3d8a802187803ab8]
https://fp-ha.gs.com [200] [GET] [text/html] [] [] [vhost] [905142cdf6983bfa3d8a802187803ab8]
https://fp-ldceg-ext.gs.com [200] [GET] [text/html] [] [] [vhost] [905142cdf6983bfa3d8a802187803ab8]
https://fp-lhr-ext.gs.com [200] [GET] [text/html] [] [] [vhost] [905142cdf6983bfa3d8a802187803ab8]
https://fp-poc1-ext.gs.com [200] [GET] [text/html] [] [] [vhost] [905142cdf6983bfa3d8a802187803ab8]
https://fp-qa1-ext.gs.com [200] [GET] [text/html] [] [] [vhost] [905142cdf6983bfa3d8a802187803ab8]
https://ftp.gs.com [200] [GET] [text/html] [SFX - Secure File Xchange] [] [AngularJS,Bootstrap,Java] [2e539fcfb7face5afc543d0b3f8c3a36]
https://ftp2.gs.com [200] [GET] [text/html] [SFX - Secure File Xchange] [] [AngularJS,Bootstrap,Java] [2e539fcfb7face5afc543d0b3f8c3a36]
https://ftpserver.gs.com [200] [GET] [text/html] [SFX - Secure File Xchange] [] [AngularJS,Bootstrap,Java] [2e539fcfb7face5afc543d0b3f8c3a36]
https://funds.gs.com [403] [GET] [text/html] [Access Denied] [AkamaiGHost] [vhost] [5233e4af68043d61a607f83963c3c472]
https://funds.gs.com [403] [GET] [text/html] [Access Denied] [AkamaiGHost] [vhost] [b7723e96a62c6c2d839af07291fd2a74]
https://fx.gs.com [401] [GET] [] [] [Apache] [Apache,Basic] [d41d8cd98f00b204e9800998ecf8427e]
https://fx2.gs.com [401] [GET] [] [] [Apache] [Apache,Basic] [d41d8cd98f00b204e9800998ecf8427e]
https://global-liquidity.gs.com [403] [GET] [text/html] [Access Denied] [AkamaiGHost] [vhost] [547178dd310de84e4ddc4054a278fd22]
https://global-liquidity.gs.com [403] [GET] [text/html] [Access Denied] [AkamaiGHost] [vhost] [6a1c9b0e6bb75baadf4d13807c7c2cc8]
https://gls.services.gs.com [403] [GET] [text/html] [Access Denied] [AkamaiGHost] [vhost] [868e210923d6a1f3f77c2dc93b9af014]
https://gls.services.gs.com [403] [GET] [text/html] [Access Denied] [AkamaiGHost] [vhost] [be14def5d8f1dc211a2ecd524abad6f4]
https://growth.gs.com [302] [GET] [text/html] [302 Found] [Apache] [vhost] [Apache] [a2abc1c435f923ca933d9d2930f79baf]
https://gs-mosaic.gs.com [403] [GET] [text/html] [Access Denied] [AkamaiGHost] [vhost] [9f5e974445d3f2c03418cf0dedb4bd74]
https://gs-mosaic.gs.com [403] [GET] [text/html] [Access Denied] [AkamaiGHost] [vhost] [fc45011b7b0723ecb28eb16c90d22395]
https://gs-mosaic.qa.gs.com [403] [GET] [text/html] [Access Denied] [AkamaiGHost] [vhost] [4aaf17a477da21ecb7b884bee4f95917]
https://gs-mosaic.qa.gs.com [403] [GET] [text/html] [Access Denied] [AkamaiGHost] [vhost] [9633175057058bc2efc94b5228654f12]
https://gsam-email-prod.gs.com [403] [GET] [text/html] [403 Forbidden] [Apache] [Apache] [fa172c77abd7b03605d83cd1ae373657]
https://gsam-email-qa.gs.com [200] [GET] [text/html] [] [Apache] [Apache] [d41d8cd98f00b204e9800998ecf8427e]
https://gsamsymposium-qa.gs.com [403] [GET] [text/html] [Access Denied] [AkamaiGHost] [vhost] [2b42fec9534317d29a82d1c45ef5b276]
https://gsamsymposium-qa.gs.com [403] [GET] [text/html] [Access Denied] [AkamaiGHost] [vhost] [b7ed6eb20c5a41b00121facfbc274102]
https://gsamsymposium.gs.com [302] [GET] [text/html] [302 Found] [Apache] [vhost] [Apache] [c9afee03d65aab4f77c9f495b585b5d7]
https://gsec.gs.com [301] [GET] [] [] [AkamaiGHost] [vhost] [d41d8cd98f00b204e9800998ecf8427e]
https://gsmarkets.gs.com [404] [GET] [text/html] [] [] [b9d1d8bb90a18fd9a3768b1ccc60ff42]
https://gsmosaic.gs.com [403] [GET] [text/html] [Access Denied] [AkamaiGHost] [vhost] [2fb14d80c147ced01151dfcc53151b84]
https://gsmosaic.gs.com [403] [GET] [text/html] [Access Denied] [AkamaiGHost] [vhost] [40e0f48e069dd9c992c1c173163f0283]
https://gsmosaic.qa.gs.com [403] [GET] [text/html] [Access Denied] [AkamaiGHost] [vhost] [05ef9b31aeef8a3eb2ccd13ee639e181]
https://gsmosaic.qa.gs.com [403] [GET] [text/html] [Access Denied] [AkamaiGHost] [vhost] [482bfa0af02370859b7ca62fb4f889e8]
https://gstransact.gs.com [401] [GET] [] [] [Apache] [Apache,Basic] [d41d8cd98f00b204e9800998ecf8427e]
https://gstransact2.gs.com [401] [GET] [] [] [Apache] [Apache,Basic] [d41d8cd98f00b204e9800998ecf8427e]
https://gstransactqa.gs.com [401] [GET] [] [] [Apache] [Apache,Basic] [d41d8cd98f00b204e9800998ecf8427e]
https://gstransactqa2.gs.com [401] [GET] [] [] [Apache] [Apache,Basic] [d41d8cd98f00b204e9800998ecf8427e]
https://gw1.qa-login.gs.com [302] [GET] [text/html] [] [Login.GS] [IIS,Microsoft ASP.NET] [8cb42e7a965a9d36983d4c4f4e9d64ea]
https://gw1.qalogin.gs.com [302] [GET] [text/html] [] [Login.GS] [IIS,Microsoft ASP.NET] [8cb42e7a965a9d36983d4c4f4e9d64ea]
https://gw2.qa-login.gs.com [302] [GET] [text/html] [] [] [IIS,Microsoft ASP.NET] [8cb42e7a965a9d36983d4c4f4e9d64ea]
https://gw3.qa-login.gs.com [302] [GET] [text/html] [] [Login.GS] [IIS,Microsoft ASP.NET] [8cb42e7a965a9d36983d4c4f4e9d64ea]
https://help.dsp.gs.com [403] [GET] [text/html] [403 Forbidden] [cloudflare] [cloudflare] [Cloudflare] [c371fa8374a06a3c0535fc341d454236]
https://help.dsp.gs.com:2083 [403] [GET] [text/html] [403 Forbidden] [cloudflare] [cloudflare] [Cloudflare] [c371fa8374a06a3c0535fc341d454236]
https://help.dsp.gs.com:2087 [403] [GET] [text/html] [403 Forbidden] [cloudflare] [cloudflare] [Cloudflare] [0127426bf3ba07ff7211399ddf5186c4]
https://help.dsp.gs.com:8443 [403] [GET] [text/html] [403 Forbidden] [cloudflare] [cloudflare] [Cloudflare] [c371fa8374a06a3c0535fc341d454236]
https://help.gs-mosaic.qa.gs.com [403] [GET] [text/html] [403 Forbidden] [cloudflare] [cloudflare] [Cloudflare] [c371fa8374a06a3c0535fc341d454236]
https://help.gs-mosaic.qa.gs.com:8443 [403] [GET] [text/html] [403 Forbidden] [cloudflare] [cloudflare] [Cloudflare] [c371fa8374a06a3c0535fc341d454236]
https://help.gsmosaic.qa.gs.com [301] [GET] [text/html] [] [cloudflare] [vhost] [cloudflare] [Cloudflare,Cloudflare Network Error Logging,Envoy] [04bf7bf61e12b53755dd9a708d742ac0]
https://help.uat.gs.com [403] [GET] [text/html] [403 Forbidden] [cloudflare] [cloudflare] [Cloudflare] [0127426bf3ba07ff7211399ddf5186c4]
https://help.uat.gs.com:8443 [403] [GET] [text/html] [403 Forbidden] [cloudflare] [cloudflare] [Cloudflare] [c371fa8374a06a3c0535fc341d454236]
https://hk.fx.gs.com [302] [GET] [application/json] [] [] [vhost] [3be1f6f46d8c438311faa2629d24331b]
https://hksdcexp01edge01.jabber.gs.com:8443 [400] [GET] [text/html] [Bad Request] [CE_E] [dd1cb5f50e8fe10c7dafc6df7b0c97cd]
https://huntington-mfa.liquidityportal.gs.com [401] [GET] [text/html] [Huntington Liquidity Portal] [GS] [vhost] [54270cdfc9127d166f8d4a50bda4034f]
https://huntington-mfa.uat.liquidityportal.gs.com [401] [GET] [text/html] [Huntington Liquidity Portal] [GS] [vhost] [f99b0f3f7db9e629129306a6706d1b34]
https://i.gs.com [301] [GET] [] [] [AkamaiGHost] [vhost] [d41d8cd98f00b204e9800998ecf8427e]
https://ias.gs.com [301] [GET] [text/html] [301 Moved Permanently] [Apache] [Apache] [82a405a418e2ca9866a603a5c03aaf40]
https://idfs-asia.gs.com [403] [GET] [text/html] [Error] [Apache] [Apache] [d2e2abaf58303d2d7c9db110efa6acac]
https://idfs-qa-emea.gs.com [403] [GET] [text/html] [Error] [Apache] [Apache] [587fa749210d38870bae68ffb41763bd]
https://idfs-qa.gs.com [403] [GET] [text/html] [Error] [Apache] [Apache] [587fa749210d38870bae68ffb41763bd]
https://idfs-qa2.gs.com [403] [GET] [text/html] [Error] [Apache] [Apache] [587fa749210d38870bae68ffb41763bd]
https://idfs.gs.com [403] [GET] [text/html] [Error] [Apache] [Apache] [d2e2abaf58303d2d7c9db110efa6acac]
https://institutionaladvisoryservices.gs.com [301] [GET] [text/html] [301 Moved Permanently] [Apache] [Apache] [82a405a418e2ca9866a603a5c03aaf40]
https://jira.devcollab.gs.com [403] [GET] [text/html] [ERROR: The request could not be satisfied] [CloudFront] [cloudfront] [Amazon Cloudfront,Amazon Web Services] [715910e0503b7033c8b5064df748b959]
https://jira.devcollab.gs.com [403] [GET] [text/html] [ERROR: The request could not be satisfied] [CloudFront] [cloudfront] [Amazon Cloudfront,Amazon Web Services] [dbfcde1004122d0f3e0727603dedd704]
https://jira2.devcollab.gs.com [403] [GET] [text/html] [ERROR: The request could not be satisfied] [CloudFront] [cloudfront] [Amazon Cloudfront,Amazon Web Services] [5ff056a79fd7d7e66effb39c3fd1dc34]
https://jira2.devcollab.gs.com [403] [GET] [text/html] [ERROR: The request could not be satisfied] [CloudFront] [cloudfront] [Amazon Cloudfront,Amazon Web Services] [df714e376d03cd5bdddd9f90e4327bba]
https://jira3.devcollab.gs.com [403] [GET] [text/html] [ERROR: The request could not be satisfied] [CloudFront] [cloudfront] [Amazon Cloudfront,Amazon Web Services] [c816ea24a75784e0238d2f8f829978c8]
https://jira3.devcollab.gs.com [403] [GET] [text/html] [ERROR: The request could not be satisfied] [CloudFront] [cloudfront] [Amazon Cloudfront,Amazon Web Services] [eb0eec8b4fa06ec183467129339f590c]
https://ldcegexp01edge01.jabber.gs.com:8443 [400] [GET] [text/html] [Bad Request] [CE_E] [dd1cb5f50e8fe10c7dafc6df7b0c97cd]
https://ldcegexp01edge02.jabber.gs.com:8443 [400] [GET] [text/html] [Bad Request] [CE_E] [dd1cb5f50e8fe10c7dafc6df7b0c97cd]
https://lebenthal.funds.gs.com [403] [GET] [text/html] [Access Denied] [AkamaiGHost] [vhost] [44e9ad688ee11d8926c5ceb181adcd47]
https://lebenthal.funds.gs.com [403] [GET] [text/html] [Access Denied] [AkamaiGHost] [vhost] [c3f2661419ea136725f0ebc66d407f35]
https://lhrexp01edge01.jabber.gs.com:8443 [400] [GET] [text/html] [Bad Request] [CE_E] [dd1cb5f50e8fe10c7dafc6df7b0c97cd]
https://lhrexp01edge02.jabber.gs.com:8443 [400] [GET] [text/html] [Bad Request] [CE_E] [dd1cb5f50e8fe10c7dafc6df7b0c97cd]
https://link.gs.com [301] [GET] [] [] [AkamaiGHost] [vhost] [d41d8cd98f00b204e9800998ecf8427e]
https://ln.fx.gs.com [302] [GET] [application/json] [] [] [vhost] [51640a16360be8929807283a25bfdda5]
https://lockbox-qa.gs.com [302] [GET] [text/html] [302 Found] [Apache] [vhost] [Apache] [9e5db5791bcf2808da25b97d0d6757df]
https://lockbox.gs.com [302] [GET] [text/html] [302 Found] [Apache] [Apache] [09909de2cc1c50d9676b53d3dc9f1185]
https://login-higher.gs.com [302] [GET] [text/html] [] [nginx] [vhost] [Nginx] [d41d8cd98f00b204e9800998ecf8427e]
https://login.ap-southeast-1.idfs-qa.gs.com [403] [GET] [text/html] [Error] [Apache] [Apache] [fbd76454e66e3bddfaa5481d8aa13b22]
https://login.gs.com [302] [GET] [text/html] [] [Login.GS] [vhost] [IIS,Microsoft ASP.NET] [8cb42e7a965a9d36983d4c4f4e9d64ea]
https://login.mfa.select.gs.com [401] [GET] [text/html] [GS - Error] [GS] [vhost] [7d24d2ca0b819ee01c757f087150a2e9]
https://login.qa.mfa.select.gs.com [401] [GET] [text/html] [GS - Error] [GS] [vhost] [43ceaea229a21690663ad2f1f1b3a938]
https://login.us-east-1.idfs-qa.gs.com [403] [GET] [text/html] [Error] [Apache] [Apache] [769075986f156993475c345973298466]
https://login.us-west-2.idfs-qa.gs.com [403] [GET] [text/html] [Error] [Apache] [Apache] [c7a3554a351e112c0ecbc444d307bd8c]
https://managedaccounts.gs.com [403] [GET] [text/html] [Access Denied] [AkamaiGHost] [vhost] [756b308cd06a10777d0d076c938ec9ed]
https://managedaccounts.gs.com [403] [GET] [text/html] [Access Denied] [AkamaiGHost] [vhost] [c7dc4463259c284473036989e2cc8f49]
https://marcus.jira.devcollab.gs.com [403] [GET] [text/html] [ERROR: The request could not be satisfied] [CloudFront] [cloudfront] [Amazon Cloudfront,Amazon Web Services] [7b5845a9fa5c9e0a09ce06910f985b19]
https://marcus.jira.devcollab.gs.com [403] [GET] [text/html] [ERROR: The request could not be satisfied] [CloudFront] [cloudfront] [Amazon Cloudfront,Amazon Web Services] [b009f3045762b97a4fc72199eeb8fe9f]
https://marketing.gs.com [200] [GET] [text/html] [IIS Windows Server] [Apache] [vhost] [Apache] [242c23ea412530c7d94b77a7a978c176]
https://marquee-qa.gs.com [302] [GET] [] [] [webserver] [vhost] [d41d8cd98f00b204e9800998ecf8427e]
https://marquee.gs.com [302] [GET] [] [] [webserver] [vhost] [d41d8cd98f00b204e9800998ecf8427e]
https://mbd-qa.gs.com [403] [GET] [text/html] [Access Denied] [AkamaiGHost] [vhost] [2d4393a4b37bb42e0f930a2c82e34f6e]
https://mbd-qa.gs.com [403] [GET] [text/html] [Access Denied] [AkamaiGHost] [vhost] [b1f5cf64ffb22a2f7e90950b689d29c0]
https://mbd.gs.com [302] [GET] [text/html] [302 Found] [Apache] [vhost] [Apache] [d974d497a0179a79122f2d8110096992]
https://mdm.gs.com [302] [GET] [text/html] [Object moved] [] [62af2f1759f45ffbccb6259d3946f831]
https://mfa-ayco.gs.com [401] [GET] [text/html] [GS - Error] [GS] [vhost] [481bff22f2a0c93094a36dec667c5d85]
https://mfa-aycocom.gs.com [401] [GET] [text/html] [GS - Error] [GS] [vhost] [8c5259b970ade6f8c09042abced50058]
https://mfa-aycodirect.gs.com [401] [GET] [text/html] [GS - Error] [GS] [vhost] [8c5259b970ade6f8c09042abced50058]
https://mfa-aycofc.gs.com [401] [GET] [text/html] [GS - Error] [GS] [vhost] [481bff22f2a0c93094a36dec667c5d85]
https://mfa.aon.gs.com [401] [GET] [text/html] [MFA Error] [GS] [vhost] [a93acb63137d08f991571c98e5a37f2d]
https://mfa.bmo.gs.com [401] [GET] [text/html] [MFA Error] [GS] [vhost] [9870209657bbb37807cb940d3477aa37]
https://mfa.global-liquidity.gs.com [401] [GET] [text/html] [MFA Error] [GS] [vhost] [2912b54b905f547e669d78772fa16cc4]
https://mfa.gsmosaic.gs.com [401] [GET] [text/html] [MFA Error] [GS] [vhost] [cb36a86136e2b7d939ae5199815acbb6]
https://mfa.qaaon.gs.com [401] [GET] [text/html] [MFA] [GS] [vhost] [7d48f34c407c2d136dc1db1fd25d867d]
https://mfa.qabmo.gs.com [401] [GET] [text/html] [MFA] [GS] [vhost] [323d316305f32757d8017cf8df027672]
https://mfa.qaglobal-liquidity.gs.com [401] [GET] [text/html] [MFA] [GS] [vhost] [ad5c57b8478542badae78e9473917b5e]
https://mfa.qagsmosaic.gs.com [401] [GET] [text/html] [MFA] [GS] [vhost] [85e279d4398f96199ff9a6c718e3c755]
https://mfa.qasuntrust.gs.com [401] [GET] [text/html] [MFA] [GS] [vhost] [769fa70e743fe052815f0e84b712a5a1]
https://mfa.qatruist.gs.com [401] [GET] [text/html] [MFA] [GS] [vhost] [0675b5ee45e57a2191746ebe8016ec50]
https://mfa.suntrust.gs.com [401] [GET] [text/html] [MFA Error] [GS] [vhost] [6a1922979b87ac105b62a49f2c3c49f0]
https://mfa.truist.gs.com [401] [GET] [text/html] [MFA Error] [GS] [vhost] [6a1922979b87ac105b62a49f2c3c49f0]
https://mfaaycocomqa.gs.com [401] [GET] [text/html] [GS - Error] [GS] [vhost] [f6fae1c4e863bf8510a9834f005735fb]
https://mfaaycodirectqa.gs.com [401] [GET] [text/html] [GS - Error] [GS] [vhost] [f6fae1c4e863bf8510a9834f005735fb]
https://mfaaycofcqa.gs.com [401] [GET] [text/html] [GS - Error] [GS] [vhost] [481bff22f2a0c93094a36dec667c5d85]
https://mortgagecredituniversity.gs.com [301] [GET] [text/html] [301 Moved Permanently] [Apache] [Apache] [82a405a418e2ca9866a603a5c03aaf40]
https://nonprod.eum.appd.gs.com [404] [GET] [application/json] [] [] [bc2aa9e4302a2bd3005ff4defd589b15]
https://ny.fx.gs.com [302] [GET] [application/json] [] [] [vhost] [91c6f4cc1580aac002e2c8fac4c62447]
https://origin-qa.gsam.gs.com [301] [GET] [text/html] [301 Moved Permanently] [Apache] [vhost] [Apache] [382a98df20181345708162c459a7bb18]
https://origin.gsam.gs.com [301] [GET] [text/html] [301 Moved Permanently] [Apache] [vhost] [Apache] [7c0e97c224d86eff4e2e062a2f6d478d]
https://origin.lockbox-qa.gs.com [302] [GET] [text/html] [302 Found] [Apache] [Apache] [0236cf3c63c1ffff5000cb299b80ec47]
https://origin.lockbox.gs.com [302] [GET] [text/html] [302 Found] [Apache] [Apache] [aa0009342a938c0954063d7b7e881d66]
https://origin.lockbox.gs.com:9443 [302] [GET] [text/html] [302 Found] [Apache] [Apache] [b158114f418fa854958c5b0b681d2c4b]
https://ose-warrant.gs.com [403] [GET] [text/html] [Access Denied] [AkamaiGHost] [vhost] [1e8a54b1f295c6b855487700b96301be]
https://ose-warrant.gs.com [403] [GET] [text/html] [Access Denied] [AkamaiGHost] [vhost] [fb1a41a5dcb794435dc80ba29e74fdf8]
https://pilot.dsp.gs.com [403] [GET] [text/html] [Access Denied] [AkamaiGHost] [vhost] [4e4aa9d4f8ce83c64b405a05c184eb78]
https://pilot.dsp.gs.com [403] [GET] [text/html] [Access Denied] [AkamaiGHost] [vhost] [d563333e7180b4b9a81d5ed08d03ac3e]
https://pilot.global-liquidity.gs.com [403] [GET] [text/html] [Access Denied] [AkamaiGHost] [vhost] [12c25adcd3ee5c2c712bc9361b08e7c5]
https://pilot.global-liquidity.gs.com [403] [GET] [text/html] [Access Denied] [AkamaiGHost] [vhost] [4472d77d3c65174309201a7cb35e6ed8]
https://pilot.qaglobal-liquidity.gs.com [403] [GET] [text/html] [Access Denied] [AkamaiGHost] [vhost] [e80ef93568cdb4b025574c4b31f68bf6]
https://pilot.qaglobal-liquidity.gs.com [403] [GET] [text/html] [Access Denied] [AkamaiGHost] [vhost] [f5e0f3c3a4d1b5e70b89f98a27a10a49]
https://pilot.uat.dsp.gs.com [404] [GET] [text/html] [Error Page] [Apache] [vhost] [Apache,Java] [5a81b7780081267f96145b9dc491f02b]
https://pilot.uat.dsp.gs.com [404] [GET] [text/html] [Error Page] [Apache] [vhost] [Apache,Java] [f2ae07bf72fd5d6477d1dc93faaaf1fc]
https://portal-qa.gs.com [401] [GET] [text/html] [Error: Document Not Found] [Apache] [vhost] [Apache] [89d7c43fc958896c2926469dceafa91d]
https://portal.gs.com [401] [GET] [text/html] [Error: Document Not Found] [Apache] [vhost] [Apache] [a57fd1a77e2f0aabde1553c2dd07c78e]
https://portal.valueaccelerator.gs.com [200] [GET] [text/html] [Value Accelerator] [] [vhost] [Express,Node.js] [93179ef2765bb227c4c7942bc9578bab]
https://portal.valueaccelerator.gs.com [200] [GET] [text/html] [Value Accelerator] [] [vhost] [Express,Node.js] [cefa9c696228ca65bc2d8792d6347848]
https://portfolio.gs.com [301] [GET] [] [] [AkamaiGHost] [vhost] [d41d8cd98f00b204e9800998ecf8427e]
https://pp-ext-select.gs.com [403] [GET] [text/html] [Access Denied] [AkamaiGHost] [vhost] [173892144266db27f7a23ff4f7410d4b]
https://pp-ext-select.gs.com [403] [GET] [text/html] [Access Denied] [AkamaiGHost] [vhost] [760bdde9629c0ee0de276bd048884c5a]
https://ppselect.gs.com [403] [GET] [text/html] [Access Denied] [AkamaiGHost] [vhost] [9113fee6cde3a13b05a9ddfee767fbe8]
https://ppselect.gs.com [403] [GET] [text/html] [Access Denied] [AkamaiGHost] [vhost] [aa22d69b3d667bad065574de9a7e2cb8]
https://pre-prod.360.gs.com [503] [GET] [text/html] [Error] [AkamaiGHost] [vhost] [4a6bb62cb97a1db98b2c7b781ec8decd]
https://pre-prod.360.gs.com [503] [GET] [text/html] [Error] [AkamaiGHost] [vhost] [a64be2e47beb3c3370719e7c7e9c3363]
https://pre-prod.portal.gs.com [503] [GET] [text/html] [Error] [AkamaiGHost] [vhost] [9040209e6ab07059768f873d97c3a01c]
https://pre-prod.portal.gs.com [503] [GET] [text/html] [Error] [AkamaiGHost] [vhost] [d2846c28fd850eb0f8cd2558e18e54de]
https://prod-360.gs.com [401] [GET] [text/html] [Error: Document Not Found] [Apache] [vhost] [Apache] [a57fd1a77e2f0aabde1553c2dd07c78e]
https://prod-commod-ng-edi.gs.com [404] [GET] [] [] [] [d41d8cd98f00b204e9800998ecf8427e]
https://prod.eum.appd.gs.com [404] [GET] [application/json] [] [] [bc2aa9e4302a2bd3005ff4defd589b15]
https://prod.mdm.gs.com [302] [GET] [text/html] [Object moved] [] [62af2f1759f45ffbccb6259d3946f831]
https://projx.api.clearfactr.gs.com [403] [GET] [text/html] [ERROR: The request could not be satisfied] [CloudFront] [cloudfront] [Amazon Cloudfront,Amazon Web Services] [214722e70eef6b9ed756281904404ad5]
https://projx.api.clearfactr.gs.com [403] [GET] [text/html] [ERROR: The request could not be satisfied] [CloudFront] [cloudfront] [Amazon Cloudfront,Amazon Web Services] [b66b682eed9464608b767b2aa01c21d4]
https://projx.app.clearfactr.gs.com [403] [GET] [text/html] [ERROR: The request could not be satisfied] [CloudFront] [cloudfront] [Amazon Cloudfront,Amazon Web Services] [76f1c5d06ef69177357c937dae8914dd]
https://projx.app.clearfactr.gs.com [403] [GET] [text/html] [ERROR: The request could not be satisfied] [CloudFront] [cloudfront] [Amazon Cloudfront,Amazon Web Services] [e3f13112a06e92d2c0f73eb6d2c45e88]
https://publishing-qa.gs.com [301] [GET] [] [] [AkamaiGHost] [vhost] [d41d8cd98f00b204e9800998ecf8427e]
https://publishing.gs.com [403] [GET] [text/html] [Access Denied] [AkamaiGHost] [vhost] [099d578f50f2bd95e50fa5e4284d5a4b]
https://publishing.gs.com [403] [GET] [text/html] [Access Denied] [AkamaiGHost] [vhost] [2f868b890ed897c8c69d8b8bf7ddc56d]
https://qa-360.gs.com [401] [GET] [text/html] [Error: Document Not Found] [Apache] [vhost] [Apache] [89d7c43fc958896c2926469dceafa91d]
https://qa-commod-ng-edi.gs.com [404] [GET] [] [] [] [d41d8cd98f00b204e9800998ecf8427e]
https://qa-login-higher.gs.com [302] [GET] [text/html] [] [nginx] [vhost] [Nginx] [d41d8cd98f00b204e9800998ecf8427e]
https://qa-portal.valueaccelerator.gs.com [200] [GET] [text/html] [Value Accelerator] [] [vhost] [Express,Node.js] [c4865384aa3a36b53973e3ab7013cf64]
https://qa-portal.valueaccelerator.gs.com [200] [GET] [text/html] [Value Accelerator] [] [vhost] [Express,Node.js] [e5bd3cfd4372362f425a9e2f41344711]
https://qa-twilio-ext.gs.com [404] [GET] [text/html] [404 Not Found] [Apache] [Apache] [62962daa1b19bbcc2db10b7bfd531ea6]
https://qa.accounts.gs.com [200] [GET] [text/html] [NYCGoldmanSachs - Sign In] [nginx] [vhost] [Java,Nginx] [4f71db79cc4fc40e41bf5932f54b89c0]
https://qa.accounts.gs.com [200] [GET] [text/html] [NYCGoldmanSachs - Sign In] [nginx] [vhost] [Java,Nginx] [778694eada9fb7f4d4bdea6505b85863]
https://qa.confluence.devcollab.gs.com [403] [GET] [text/html] [ERROR: The request could not be satisfied] [CloudFront] [cloudfront] [Amazon Cloudfront,Amazon Web Services] [a5ac7457c8501940a8e413ec159b181c]
https://qa.confluence.devcollab.gs.com [403] [GET] [text/html] [ERROR: The request could not be satisfied] [CloudFront] [cloudfront] [Amazon Cloudfront,Amazon Web Services] [d2760c760d4835cc248300da55f8b7b3]
https://qa.developer.gs.com [301] [GET] [] [] [AkamaiGHost] [vhost] [d41d8cd98f00b204e9800998ecf8427e]
https://qa.growth.gs.com [302] [GET] [text/html] [302 Found] [Apache] [vhost] [Apache] [0f8f778c7213ff8b5f00673cef1cbbdb]
https://qa.jira.devcollab.gs.com [403] [GET] [text/html] [ERROR: The request could not be satisfied] [CloudFront] [cloudfront] [Amazon Cloudfront,Amazon Web Services] [a5717f0430ca98cefb3b3b993362d61d]
https://qa.jira.devcollab.gs.com [403] [GET] [text/html] [ERROR: The request could not be satisfied] [CloudFront] [cloudfront] [Amazon Cloudfront,Amazon Web Services] [da33308eb269589602137878fe36f0f8]
https://qa.jira3.devcollab.gs.com [403] [GET] [text/html] [ERROR: The request could not be satisfied] [CloudFront] [cloudfront] [Amazon Cloudfront,Amazon Web Services] [15be62940dd1fd81f5385c57092fe07f]
https://qa.jira3.devcollab.gs.com [403] [GET] [text/html] [ERROR: The request could not be satisfied] [CloudFront] [cloudfront] [Amazon Cloudfront,Amazon Web Services] [b1868216db76bbfef79a2053e5ca55b5]
https://qa.marcus.jira.devcollab.gs.com [403] [GET] [text/html] [ERROR: The request could not be satisfied] [CloudFront] [cloudfront] [Amazon Cloudfront,Amazon Web Services] [2a4b27b62c915f0db646daa010eaca47]
https://qa.marcus.jira.devcollab.gs.com [403] [GET] [text/html] [ERROR: The request could not be satisfied] [CloudFront] [cloudfront] [Amazon Cloudfront,Amazon Web Services] [8d382679743d62caa138d3211df92f52]
https://qa.marketing.gs.com [200] [GET] [text/html] [IIS Windows Server] [Apache] [vhost] [Apache] [dea139153d780fdc018caefdbd600c1c]
https://qa.marqueetrader.gs.com [302] [GET] [application/json] [] [] [vhost] [d2c8e2082753eb0171aafbfe6efaa48a]
https://qa.mdm.gs.com [302] [GET] [text/html] [Object moved] [] [7f9cdd2e1bb5839cb985fdf04fb69909]
https://qa.site1.sitehostingdemo.gs.com [200] [GET] [text/html] [React App] [WebServer] [vhost] [cloudfront] [Amazon Cloudfront,Amazon Web Services] [f1b409c0ec8c4c74ee7f77a706bb2f71]
https://qa.site2.sitehostingdemo.gs.com [200] [GET] [text/html] [React App] [WebServer] [vhost] [cloudfront] [Amazon Cloudfront,Amazon Web Services] [f1b409c0ec8c4c74ee7f77a706bb2f71]
https://qa.tracking.gs.com [200] [GET] [text/html] [IIS Windows Server] [Apache] [vhost] [Apache] [dea139153d780fdc018caefdbd600c1c]
https://qa.valueaccelerator.gs.com [302] [GET] [text/html] [302 Found] [Apache] [vhost] [Apache] [2250a8c472d753b5f081ecfcdf310ce7]
https://qa1-login.gs.com [403] [GET] [text/html] [Access Denied] [AkamaiGHost] [vhost] [4aaefc660f1309295d2221d46a34a9a6]
https://qa1-login.gs.com [403] [GET] [text/html] [Access Denied] [AkamaiGHost] [vhost] [8ae3b93f945105df9f44a6d6e639ac8a]
https://qa2-login.gs.com [403] [GET] [text/html] [Access Denied] [AkamaiGHost] [vhost] [585eb6cd6c3e50602c01c8ca06778cab]
https://qa2-login.gs.com [403] [GET] [text/html] [Access Denied] [AkamaiGHost] [vhost] [d92ebd5600bbc19942631d01c5d927d5]
https://qaaon.gs.com [403] [GET] [text/html] [Access Denied] [AkamaiGHost] [vhost] [3fd172936866c3f26805f574ebf0efa5]
https://qaaon.gs.com [403] [GET] [text/html] [Access Denied] [AkamaiGHost] [vhost] [bccb41eba979272a86e3959185938727]
https://qacommod-ng-edi.gs.com [404] [GET] [] [] [] [d41d8cd98f00b204e9800998ecf8427e]
https://qafx.gs.com [401] [GET] [] [] [Apache] [Apache,Basic] [d41d8cd98f00b204e9800998ecf8427e]
https://qaglobal-liquidity.gs.com [403] [GET] [text/html] [Access Denied] [AkamaiGHost] [vhost] [4e2ed31a9d9f865ab5ef15f22d96b7d8]
https://qaglobal-liquidity.gs.com [403] [GET] [text/html] [Access Denied] [AkamaiGHost] [vhost] [5197ae93b67750b5016115bb9360131f]
https://qagsmarkets.gs.com [404] [GET] [text/html] [] [] [b9d1d8bb90a18fd9a3768b1ccc60ff42]
https://qagtam-external-vendor-srp.gs.com [403] [GET] [text/html] [Access Denied] [AkamaiGHost] [vhost] [6bb443793532246faacfe4e489c5d9b5]
https://qagtam-external-vendor-srp.gs.com [403] [GET] [text/html] [Access Denied] [AkamaiGHost] [vhost] [caaab7d60a3350edf6b45e11d185dbd9]
https://qalogin.gs.com [403] [GET] [text/html] [Access Denied] [AkamaiGHost] [vhost] [f5bc9a3341e506a38de026f573bc931b]
https://qalogin.gs.com [403] [GET] [text/html] [Access Denied] [AkamaiGHost] [vhost] [f9697a72e275fbdcefa4f91bdd670d41]
https://qamdm.acoe.gs.com:8443 [403] [GET] [] [] [Apache Tomcat] [Apache,Java] [aea0e4f6edf67b117ca08e62c4d987a9]
https://qamdm.gs.com [302] [GET] [text/html] [Object moved] [] [7f9cdd2e1bb5839cb985fdf04fb69909]
https://qareditrader.gs.com [401] [GET] [] [] [Apache] [Apache,Basic] [d41d8cd98f00b204e9800998ecf8427e]
https://qasecurities.mobile.gs.com [404] [GET] [text/html] [] [] [b9d1d8bb90a18fd9a3768b1ccc60ff42]
https://qasocialcontent.gs.com [403] [GET] [text/html] [Goldman Sachs - Document Not Found] [Webserver] [vhost] [33ee21ff515ca8c5235468ae0e8ed205]
https://qastablevalue.gs.com [403] [GET] [text/html] [Access Denied] [AkamaiGHost] [vhost] [f3f6c3b1d773a4acb61b8c149d31dd8c]
https://qastablevalue.gs.com [403] [GET] [text/html] [Access Denied] [AkamaiGHost] [vhost] [fda18f688c4ce3ca7267966d85809401]
https://qasuntrust.gs.com [403] [GET] [text/html] [Access Denied] [AkamaiGHost] [vhost] [9453e774ec0fca11669bc0442dfababb]
https://qasuntrust.gs.com [403] [GET] [text/html] [Access Denied] [AkamaiGHost] [vhost] [dfdd6d626d836f1aab3661d59da55091]
https://qatruist.gs.com [403] [GET] [text/html] [Access Denied] [AkamaiGHost] [vhost] [25e31439f391dd1bb1aa9db8364c9940]
https://qatruist.gs.com [403] [GET] [text/html] [Access Denied] [AkamaiGHost] [vhost] [3038b0e1f826cba91a61cc67d9331c8b]
https://qawebid2.gs.com [200] [GET] [text/html] [qawebid2.gs.com] [Apache] [Apache] [142774129bd8a02cb1475574989b368e]
https://qawww.bmo.gs.com [403] [GET] [text/html] [Access Denied] [AkamaiGHost] [vhost] [319e8d061455dfd77d04689cfc59de3d]
https://qawww.bmo.gs.com [403] [GET] [text/html] [Access Denied] [AkamaiGHost] [vhost] [431229834f9c07b8b017c0596bde4ec6]
https://redifx.gs.com [401] [GET] [] [] [Apache] [Apache,Basic] [d41d8cd98f00b204e9800998ecf8427e]
https://redifx.hk.gs.com [401] [GET] [] [] [Apache] [Apache,Basic] [d41d8cd98f00b204e9800998ecf8427e]
https://redifx.uk.gs.com [401] [GET] [] [] [Apache] [vhost] [Apache,Basic] [d41d8cd98f00b204e9800998ecf8427e]
https://reditrader.gs.com [401] [GET] [] [] [Apache] [vhost] [Apache,Basic] [d41d8cd98f00b204e9800998ecf8427e]
https://research-poc.gs.com [302] [GET] [text/html] [Redirection] [] [vhost] [2c505ec8035871d4f1e3e4ef98088058]
https://research-qa-upgrade.gs.com [302] [GET] [text/html] [Redirection] [] [vhost] [4727cabcb73e1bc91a380537beb18089]
https://research-qa.gs.com [301] [GET] [] [] [AkamaiGHost] [vhost] [d41d8cd98f00b204e9800998ecf8427e]
https://research-test-qa.gs.com [302] [GET] [text/html] [Redirection] [] [vhost] [01f3b24fab25be4b8f464cd6cf66a2e3]
https://research-test.gs.com [302] [GET] [text/html] [Redirection] [] [vhost] [e46a7a9a58955232534debe1710ccaf6]
https://research-upgrade.gs.com [302] [GET] [text/html] [Redirection] [] [vhost] [2a2d84a07a2abe5ca206800748a318dd]
https://research.gs.com [403] [GET] [text/html] [Access Denied] [AkamaiGHost] [vhost] [8af683180b3c700047ee408fce730a97]
https://research.gs.com [403] [GET] [text/html] [Access Denied] [AkamaiGHost] [vhost] [e2738f2cd8d59ff08900a6e0bf59402a]
https://sdr.uk.enotifications.gs.com [404] [GET] [text/html] [] [nginx] [vhost] [Nginx] [cf05dfbd6c8069a7f1eeee606ecb1479]
https://securemail.gs.com [403] [GET] [text/html] [] [] [12ad6874f2d36eb26a91812772d78654]
https://securemail2.gs.com [403] [GET] [text/html] [] [] [12ad6874f2d36eb26a91812772d78654]
https://securities.mobile.gs.com [404] [GET] [text/html] [] [] [b9d1d8bb90a18fd9a3768b1ccc60ff42]
https://seft.gs.com [200] [GET] [text/html] [SFX - Secure File Xchange] [] [AngularJS,Bootstrap,Java] [2e539fcfb7face5afc543d0b3f8c3a36]
https://select-staging.gs.com [302] [GET] [text/html] [302 Found] [webserver] [vhost] [cfbeaf604823f038b8b46f0ac862b98c]
https://select.gs.com [403] [GET] [text/html] [Access Denied] [AkamaiGHost] [vhost] [73fd0914d7043dde85beee0128da95a1]
https://select.gs.com [403] [GET] [text/html] [Access Denied] [AkamaiGHost] [vhost] [ed954248091b0caa9ecb1a8ccb3ce721]
https://service.jabber.gs.com:8443 [400] [GET] [text/html] [Bad Request] [CE_E] [dd1cb5f50e8fe10c7dafc6df7b0c97cd]
https://sfx.gs.com [200] [GET] [text/html] [SFX - Secure File Xchange] [] [AngularJS,Bootstrap,Java] [2e539fcfb7face5afc543d0b3f8c3a36]
https://sfxqa.gs.com [200] [GET] [text/html] [SFX - Secure File Xchange] [] [AngularJS,Bootstrap,Java] [2e539fcfb7face5afc543d0b3f8c3a36]
https://sgadcexp01edge01.jabber.gs.com:8443 [400] [GET] [text/html] [Bad Request] [CE_E] [dd1cb5f50e8fe10c7dafc6df7b0c97cd]
https://sitselect.gs.com [403] [GET] [text/html] [Access Denied] [AkamaiGHost] [vhost] [a470be2d4b8ef60e9af08eafd5bafc84]
https://sitselect.gs.com [403] [GET] [text/html] [Access Denied] [AkamaiGHost] [vhost] [f1a1cf56d7897bd15b8f9dea2e71b46d]
https://skylab.gs.com [200] [GET] [text/html] [] [AmazonS3] [vhost] [cloudfront] [Amazon Cloudfront,Amazon S3,Amazon Web Services] [1733848b016fecca4d44dd8592cc8fdc]
https://socialcontent.gs.com [403] [GET] [text/html] [Goldman Sachs - Document Not Found] [Webserver] [vhost] [33ee21ff515ca8c5235468ae0e8ed205]
https://sparkgate-prod-hkg.gs.com [302] [GET] [application/json] [] [] [vhost] [c9a0aaacd58e01cca6333619b3793984]
https://sparkgate-prod-ldn.gs.com [302] [GET] [application/json] [] [] [vhost] [a75fb6eb26cc26a49f9145c1bcce7f47]
https://sparkgate-prod.gs.com [404] [GET] [text/html] [] [] [b9d1d8bb90a18fd9a3768b1ccc60ff42]
https://sparkgate-qa.gs.com [404] [GET] [text/html] [] [] [b9d1d8bb90a18fd9a3768b1ccc60ff42]
https://stablevalue.gs.com [403] [GET] [text/html] [Access Denied] [AkamaiGHost] [vhost] [056ac3447f5e10d3ba00822b4ee2469e]
https://stablevalue.gs.com [403] [GET] [text/html] [Access Denied] [AkamaiGHost] [vhost] [de8f82855f1a7c0c40ae777ff807e597]
https://staging.sitselect.gs.com [302] [GET] [] [] [webserver] [vhost] [d41d8cd98f00b204e9800998ecf8427e]
https://status.developer.gs.com [200] [GET] [text/html] [Goldman Sachs Developer Status] [] [vhost] [Atlassian Statuspage] [0665e75bf139584e207f161a8af08f26]
https://status.developer.gs.com [200] [GET] [text/html] [Goldman Sachs Developer Status] [] [vhost] [Atlassian Statuspage] [6f2bccedb0d2f9620e94f8299affe2af]
https://suntrust.gs.com [403] [GET] [text/html] [Access Denied] [AkamaiGHost] [vhost] [2330d07e24a6ad6b4aafc6438e8d8707]
https://suntrust.gs.com [403] [GET] [text/html] [Access Denied] [AkamaiGHost] [vhost] [8bceb9de40d8cd619dd871f489470a6b]
https://swiss-login.gs.com [403] [GET] [text/html] [Access Denied] [AkamaiGHost] [vhost] [ee239dcd4803cfc7e78835359b6b1c25]
https://swiss-login.gs.com [403] [GET] [text/html] [Access Denied] [AkamaiGHost] [vhost] [f881c4cce3718289c6f5affcd1f05bab]
https://swiss.gw-login.gs.com [302] [GET] [text/html] [] [Login.GS] [IIS,Microsoft ASP.NET] [8cb42e7a965a9d36983d4c4f4e9d64ea]
https://swiss1-login.gs.com [403] [GET] [text/html] [Access Denied] [AkamaiGHost] [vhost] [6882d937b2c582cccfd407faaf7b4706]
https://swiss1-login.gs.com [403] [GET] [text/html] [Access Denied] [AkamaiGHost] [vhost] [7a5edf35e8968c026cd6a74208614870]
https://swiss1.gw-login.gs.com [302] [GET] [text/html] [] [Login.GS] [IIS,Microsoft ASP.NET] [8cb42e7a965a9d36983d4c4f4e9d64ea]
https://swiss2-login.gs.com [403] [GET] [text/html] [Access Denied] [AkamaiGHost] [vhost] [59fa735b4ffd204ad47eb67b9cf4b5b7]
https://swiss2-login.gs.com [403] [GET] [text/html] [Access Denied] [AkamaiGHost] [vhost] [7e1b6d68d3f3c5ebd4d0173ecb017b35]
https://swiss2.gw-login.gs.com [302] [GET] [text/html] [] [Login.GS] [IIS,Microsoft ASP.NET] [8cb42e7a965a9d36983d4c4f4e9d64ea]
https://test.accounts.gs.com [200] [GET] [text/html] [Goldman - Sign In] [nginx] [vhost] [Java,Nginx] [94a1d77abb8d4eb89aeb6c0c9cbd4672]
https://track.uk.enotifications.gs.com [404] [GET] [text/html] [] [nginx] [Nginx] [cf05dfbd6c8069a7f1eeee606ecb1479]
https://tracking.gs.com [200] [GET] [text/html] [IIS Windows Server] [Apache] [vhost] [Apache] [242c23ea412530c7d94b77a7a978c176]
https://trackuat.uk.enotifications.gs.com [302] [GET] [application/x-perl] [] [nginx] [Nginx] [d41d8cd98f00b204e9800998ecf8427e]
https://truist-mfa.liquidity.gs.com [401] [GET] [text/html] [MFA] [GS] [vhost] [7cf151fb5be760047bb855b73ddefd57]
https://truist-mfa.uat.liquidity.gs.com [401] [GET] [text/html] [Truist Money Market Fund Portal] [GS] [vhost] [95074e7e15cac314d602d85266724ef4]
https://truist.gs.com [403] [GET] [text/html] [Access Denied] [AkamaiGHost] [vhost] [0dccc897e050d298b01e5f8fb397d4ea]
https://truist.gs.com [403] [GET] [text/html] [Access Denied] [AkamaiGHost] [vhost] [ca917f2583e58f78782c8ff0c35d0a2b]
https://txb.gs.com [200] [GET] [text/html] [Goldman Sachs Transaction Banking] [CloudFront] [vhost] [cloudfront] [Amazon Cloudfront,Amazon Web Services,Fourthwall] [249c8cca1f55c48c65d1c80aadd50bc4]
https://txbdev.gs.com [403] [GET] [text/html] [ERROR: The request could not be satisfied] [CloudFront] [cloudfront] [Amazon Cloudfront,Amazon Web Services] [8189cdc5ad31bedcc32e338cec8e4c26]
https://txbdev.gs.com [403] [GET] [text/html] [ERROR: The request could not be satisfied] [CloudFront] [cloudfront] [Amazon Cloudfront,Amazon Web Services] [a13a8b2c9150fe875b68e6b61dd58f2d]
https://txbqa.gs.com [403] [GET] [text/html] [ERROR: The request could not be satisfied] [CloudFront] [cloudfront] [Amazon Cloudfront,Amazon Web Services] [6b3aad1fc23a10a6ef581da012435f8f]
https://txbqa.gs.com [403] [GET] [text/html] [ERROR: The request could not be satisfied] [CloudFront] [cloudfront] [Amazon Cloudfront,Amazon Web Services] [e11608dddaa15e5e1e665312758887a7]
https://txbsit.gs.com [403] [GET] [text/html] [ERROR: The request could not be satisfied] [CloudFront] [cloudfront] [Amazon Cloudfront,Amazon Web Services] [a29881258a0e76ae516165ca065c6d14]
https://txbsit.gs.com [403] [GET] [text/html] [ERROR: The request could not be satisfied] [CloudFront] [cloudfront] [Amazon Cloudfront,Amazon Web Services] [a4934ae37989831d4dfcac198c4ad0c4]
https://uat.confluence.devcollab.gs.com [403] [GET] [text/html] [ERROR: The request could not be satisfied] [CloudFront] [cloudfront] [Amazon Cloudfront,Amazon Web Services] [5216d2501ec2236da8c760259de44c5b]
https://uat.confluence.devcollab.gs.com [403] [GET] [text/html] [ERROR: The request could not be satisfied] [CloudFront] [cloudfront] [Amazon Cloudfront,Amazon Web Services] [703d89672f9df761d9ee41ecc99e6912]
https://uat.jira.devcollab.gs.com [403] [GET] [text/html] [ERROR: The request could not be satisfied] [CloudFront] [cloudfront] [Amazon Cloudfront,Amazon Web Services] [7dc2ce0434437df6576315df3fd299c2]
https://uat.jira.devcollab.gs.com [403] [GET] [text/html] [ERROR: The request could not be satisfied] [CloudFront] [cloudfront] [Amazon Cloudfront,Amazon Web Services] [c04d839dac9d24d0dda125dbed26d2b7]
https://uat.jira2.devcollab.gs.com [403] [GET] [text/html] [ERROR: The request could not be satisfied] [CloudFront] [cloudfront] [Amazon Cloudfront,Amazon Web Services] [b5e63144a1cca3f9f8b920c0e78a0f91]
https://uat.jira2.devcollab.gs.com [403] [GET] [text/html] [ERROR: The request could not be satisfied] [CloudFront] [cloudfront] [Amazon Cloudfront,Amazon Web Services] [bde5f265b16de88cb49790e5852ce5b0]
https://uat.jira3.devcollab.gs.com [403] [GET] [text/html] [ERROR: The request could not be satisfied] [CloudFront] [cloudfront] [Amazon Cloudfront,Amazon Web Services] [a3a96df67d19cbc36efb627977ceef91]
https://uat.jira3.devcollab.gs.com [403] [GET] [text/html] [ERROR: The request could not be satisfied] [CloudFront] [cloudfront] [Amazon Cloudfront,Amazon Web Services] [ec024b501d5e27f92f577a9f96fb7507]
https://uat.marcus.jira.devcollab.gs.com [403] [GET] [text/html] [ERROR: The request could not be satisfied] [CloudFront] [cloudfront] [Amazon Cloudfront,Amazon Web Services] [bc21b59ca6fef40d943adecf190d7af2]
https://uat.marcus.jira.devcollab.gs.com [403] [GET] [text/html] [ERROR: The request could not be satisfied] [CloudFront] [cloudfront] [Amazon Cloudfront,Amazon Web Services] [d41bfeb34abf0ee607e27f0a44942b54]
https://uat.relda.devdesk.gs.com [503] [GET] [text/html] [503 Service Temporarily Unavailable] [awselb/2.0] [vhost] [cloudfront] [Amazon Cloudfront,Amazon Web Services] [613f79233487af685baf4b32a2397ede]
https://uat.relda.devdesk.gs.com [503] [GET] [text/html] [503 Service Temporarily Unavailable] [awselb/2.0] [vhost] [cloudfront] [Amazon Cloudfront,Amazon Web Services] [81df4d3863debf3eceb5cf84251fd472]
https://uat.zoom.workplace.gs.com [403] [GET] [text/html] [ERROR: The request could not be satisfied] [CloudFront] [cloudfront] [Amazon Cloudfront,Amazon Web Services] [7080b093ed10282566f2c1272fe4b38e]
https://uat.zoom.workplace.gs.com [403] [GET] [text/html] [ERROR: The request could not be satisfied] [CloudFront] [cloudfront] [Amazon Cloudfront,Amazon Web Services] [a684af9c7571bf7970632d25e9511600]
https://v.gs.com [400] [GET] [text/html] [] [Apache] [Apache] [825644f747baab2c00e420dbbc39e4b3]
https://valueaccelerator.gs.com [302] [GET] [text/html] [302 Found] [Apache] [vhost] [Apache] [74a85ec254ab1058883a2ea6a16430a7]
https://visr.gs.com [302] [GET] [text/html] [302 Found] [] [vhost] [f366e0e18b589cb6f243bf43ce75e83c]
https://visruat.gs.com [302] [GET] [text/html] [302 Found] [] [vhost] [f366e0e18b589cb6f243bf43ce75e83c]
https://vitfunds.gs.com [301] [GET] [text/html] [301 Moved Permanently] [Apache] [Apache] [82a405a418e2ca9866a603a5c03aaf40]
https://warrants.gs.com [301] [GET] [] [] [AkamaiGHost] [vhost] [d41d8cd98f00b204e9800998ecf8427e]
https://web-global.marquee-qa.gs.com [302] [GET] [] [] [webserver] [vhost] [d41d8cd98f00b204e9800998ecf8427e]
https://web-global.marquee.gs.com [302] [GET] [] [] [webserver] [vhost] [d41d8cd98f00b204e9800998ecf8427e]
https://webid.gs.com [200] [GET] [text/html] [webid2.gs.com] [Apache] [Apache] [de5a4d5513e4a6816dcc076d8e7a9d96]
https://webid2.gs.com [200] [GET] [text/html] [webid2.gs.com] [Apache] [Apache] [de5a4d5513e4a6816dcc076d8e7a9d96]
https://www.beta.dsp.gs.com [403] [GET] [text/html] [Access Denied] [AkamaiGHost] [vhost] [3d616ab8b2dcc92a9f960c29258a5eb7]
https://www.beta.dsp.gs.com [403] [GET] [text/html] [Access Denied] [AkamaiGHost] [vhost] [525e8ba9d5e35ed35c6dd64ee73b234a]
https://www.beta.global-liquidity.gs.com [403] [GET] [text/html] [Access Denied] [AkamaiGHost] [vhost] [a01c084b437dd140bb5ec53233223dce]
https://www.beta.global-liquidity.gs.com [403] [GET] [text/html] [Access Denied] [AkamaiGHost] [vhost] [c66c8297b0210a6de52c78a20387be79]
https://www.beta.qaglobal-liquidity.gs.com [403] [GET] [text/html] [Access Denied] [AkamaiGHost] [vhost] [2bba9389c15aa99a5e64cdc5d87f2411]
https://www.beta.qaglobal-liquidity.gs.com [403] [GET] [text/html] [Access Denied] [AkamaiGHost] [vhost] [dbd9c88348b994d83efcd988d320d80e]
https://www.beta.uat.dsp.gs.com [302] [GET] [text/html] [302 Found] [Apache] [vhost] [Apache] [50b8e4fcde4b2a359fb7d3a6289a6023]
https://www.blackinbusiness.gs.com [200] [GET] [text/html] [One Million Black Women: Black in Business] [Flywheel/5.1.0] [vhost] [Flywheel,MySQL,PHP,WordPress,Yoast SEO] [ff2a4e0c3057eed6c7300a33d5eb2b86]
https://www.bmo.gs.com [403] [GET] [text/html] [Access Denied] [AkamaiGHost] [vhost] [13530e2b2e4389243959b5bb0945a164]
https://www.bmo.gs.com [403] [GET] [text/html] [Access Denied] [AkamaiGHost] [vhost] [6a15400d1d5735f95cc7996a09c194be]
https://www.derivativesuniversity.gs.com [301] [GET] [text/html] [301 Moved Permanently] [Apache] [Apache] [82a405a418e2ca9866a603a5c03aaf40]
https://www.developer.gs.com [301] [GET] [] [] [AkamaiGHost] [vhost] [d41d8cd98f00b204e9800998ecf8427e]
https://www.dsp.gs.com [302] [GET] [text/html] [302 Found] [Apache] [vhost] [Apache] [03744af580ae4d25f701c7702dac6465]
https://www.fx.gs.com [401] [GET] [] [] [Apache] [Apache,Basic] [d41d8cd98f00b204e9800998ecf8427e]
https://www.global-liquidity.gs.com [302] [GET] [text/html] [] [] [1128005ae5c9b57625a8ea627eb8de33]
https://www.growth.gs.com [302] [GET] [text/html] [302 Found] [Apache] [vhost] [Apache] [2e582b6eee45c97784b53fa3a10d0aa8]
https://www.gs-mosaic.gs.com [403] [GET] [text/html] [Access Denied] [AkamaiGHost] [vhost] [71941a5e001740623f3c44fcd2a3deb2]
https://www.gs-mosaic.gs.com [403] [GET] [text/html] [Access Denied] [AkamaiGHost] [vhost] [896cc558f66376458bcf8fb3ea890692]
https://www.gs-mosaic.qa.gs.com [403] [GET] [text/html] [Access Denied] [AkamaiGHost] [vhost] [0e5479b8ef181f2e42be99c7b3ad8c16]
https://www.gs-mosaic.qa.gs.com [403] [GET] [text/html] [Access Denied] [AkamaiGHost] [vhost] [93835ed96fa59670cd86826a19ec6170]
https://www.gs.com [301] [GET] [] [] [AkamaiGHost] [vhost] [d41d8cd98f00b204e9800998ecf8427e]
https://www.gsamccs.gs.com [301] [GET] [text/html] [301 Moved Permanently] [Apache] [Apache] [82a405a418e2ca9866a603a5c03aaf40]
https://www.gsamldi.gs.com [301] [GET] [text/html] [301 Moved Permanently] [Apache] [Apache] [82a405a418e2ca9866a603a5c03aaf40]
https://www.gsmosaic.gs.com [403] [GET] [text/html] [Access Denied] [AkamaiGHost] [vhost] [5a3a7d977211d1149f175361db435266]
https://www.gsmosaic.gs.com [403] [GET] [text/html] [Access Denied] [AkamaiGHost] [vhost] [bd867d2919208bb9db6f3ef9396c91e9]
https://www.gsmosaic.qa.gs.com [403] [GET] [text/html] [Access Denied] [AkamaiGHost] [vhost] [e8af2deb3a75de926b3f18cf5c9d0029]
https://www.gsmosaic.qa.gs.com [403] [GET] [text/html] [Access Denied] [AkamaiGHost] [vhost] [eb43053d22733d4b44e2f07137aaafcb]
https://www.help.gs-mosaic.qa.gs.com [403] [GET] [text/html] [403 Forbidden] [cloudflare] [cloudflare] [Cloudflare] [0127426bf3ba07ff7211399ddf5186c4]
https://www.help.gs-mosaic.qa.gs.com [403] [GET] [text/html] [403 Forbidden] [cloudflare] [cloudflare] [Cloudflare] [c371fa8374a06a3c0535fc341d454236]
https://www.help.gs-mosaic.qa.gs.com:8443 [403] [GET] [text/html] [403 Forbidden] [cloudflare] [cloudflare] [Cloudflare] [0127426bf3ba07ff7211399ddf5186c4]
https://www.help.gsmosaic.gs.com [301] [GET] [text/html] [] [cloudflare] [vhost] [cloudflare] [Cloudflare,Cloudflare Network Error Logging,Envoy] [1d7cfb282800d8b4802fe29ddf722a71]
https://www.help.gsmosaic.qa.gs.com [403] [GET] [text/html] [403 Forbidden] [cloudflare] [cloudflare] [Cloudflare] [c371fa8374a06a3c0535fc341d454236]
https://www.help.gsmosaic.qa.gs.com:8443 [403] [GET] [text/html] [403 Forbidden] [cloudflare] [cloudflare] [Cloudflare] [0127426bf3ba07ff7211399ddf5186c4]
https://www.ias.gs.com [301] [GET] [text/html] [301 Moved Permanently] [Apache] [Apache] [82a405a418e2ca9866a603a5c03aaf40]
https://www.institutionaladvisoryservices.gs.com [301] [GET] [text/html] [301 Moved Permanently] [Apache] [Apache] [82a405a418e2ca9866a603a5c03aaf40]
https://www.marquee.gs.com [301] [GET] [] [] [AkamaiGHost] [vhost] [d41d8cd98f00b204e9800998ecf8427e]
https://www.pilot.dsp.gs.com [403] [GET] [text/html] [Access Denied] [AkamaiGHost] [vhost] [3ea9c4e4ac1965457cf7199be74ec1bc]
https://www.pilot.dsp.gs.com [403] [GET] [text/html] [Access Denied] [AkamaiGHost] [vhost] [429cab08613efe3564c26598a4191151]
https://www.pilot.global-liquidity.gs.com [403] [GET] [text/html] [Access Denied] [AkamaiGHost] [vhost] [0718b32d28d10af5778e62dfbfefc340]
https://www.pilot.global-liquidity.gs.com [403] [GET] [text/html] [Access Denied] [AkamaiGHost] [vhost] [3ce847155dd3a437d4693f1f9fa192c5]
https://www.pilot.qaglobal-liquidity.gs.com [403] [GET] [text/html] [Access Denied] [AkamaiGHost] [vhost] [7723973a638465d1497a5b12bc84e013]
https://www.pilot.qaglobal-liquidity.gs.com [403] [GET] [text/html] [Access Denied] [AkamaiGHost] [vhost] [92e247d48335430135572f6dbc261611]
https://www.pilot.uat.dsp.gs.com [404] [GET] [text/html] [Error Page] [Apache] [vhost] [Apache,Java] [f2ae07bf72fd5d6477d1dc93faaaf1fc]
https://www.portal.gs.com [403] [GET] [text/html] [Access Denied] [AkamaiGHost] [vhost] [02beb5dde4588293b3831cd00dbb4614]
https://www.portal.gs.com [403] [GET] [text/html] [Access Denied] [AkamaiGHost] [vhost] [11478bde0cfb4f2cf967c1127ab3feaf]
https://www.portfolio.gs.com [403] [GET] [text/html] [Access Denied] [AkamaiGHost] [vhost] [7dcf1064388dda3a8448a6298fb0a46f]
https://www.portfolio.gs.com [403] [GET] [text/html] [Access Denied] [AkamaiGHost] [vhost] [d1f5b4eb805b428454e86069adfeede9]
https://www.qa.developer.gs.com [301] [GET] [] [] [AkamaiGHost] [vhost] [d41d8cd98f00b204e9800998ecf8427e]
https://www.qa.growth.gs.com [403] [GET] [text/html] [Access Denied] [AkamaiGHost] [vhost] [7f21b6950357496191a04ea29ae6b71b]
https://www.qa.growth.gs.com [403] [GET] [text/html] [Access Denied] [AkamaiGHost] [vhost] [c5fc3d5fec6b38e8daec1391bdc22dfe]
https://www.qa.valueaccelerator.gs.com [302] [GET] [text/html] [302 Found] [Apache] [vhost] [Apache] [d032156fea99fb1d9105a5c26be5b65b]
https://www.qaglobal-liquidity.gs.com [403] [GET] [text/html] [Access Denied] [AkamaiGHost] [vhost] [69b9217cfb9ff7f103acdc5bc5416e51]
https://www.qaglobal-liquidity.gs.com [403] [GET] [text/html] [Access Denied] [AkamaiGHost] [vhost] [a41864cb36d4a71b7dd4a0478dd63cba]
https://www.qalogin.gs.com [403] [GET] [text/html] [Access Denied] [AkamaiGHost] [vhost] [6f70e4d79b9a693f454cc2f4b8108f3e]
https://www.qalogin.gs.com [403] [GET] [text/html] [Access Denied] [AkamaiGHost] [vhost] [a7abcaec910d08c15197dfe72502bbc2]
https://www.valueaccelerator.gs.com [302] [GET] [text/html] [302 Found] [Apache] [vhost] [Apache] [e43073eefb1b80f1e974671ef9fb9a7e]
https://www2.gs.com [301] [GET] [] [] [AkamaiGHost] [vhost] [d41d8cd98f00b204e9800998ecf8427e]
https://wwwqa.gs.com [301] [GET] [] [] [AkamaiGHost] [vhost] [d41d8cd98f00b204e9800998ecf8427e]
https://wwwqa.redir.web.gs.com [403] [GET] [text/html] [Access Denied] [AkamaiGHost] [vhost] [3de7d1a400ced4a1a60dcfe31b1195ed]
https://wwwqa.redir.web.gs.com [403] [GET] [text/html] [Access Denied] [AkamaiGHost] [vhost] [42fad2052f4406f1f8e9f1c8ebbac26c]
