https://allvue.api.gsam.com [403] [GET] [text/html] [Access Denied] [AkamaiGHost] [vhost] [8253f461f38637f6ba41e9f2a0dd2991]
https://allvue.api.gsam.com [403] [GET] [text/html] [Access Denied] [AkamaiGHost] [vhost] [8f934a47de2d651f4f61c5bbfe5f21d4]
https://docreview.gsam.com [302] [GET] [text/html] [302 Found] [Apache] [vhost] [Apache] [7bc5cc7c315c1fb05c77ebaee116ab2a]
https://docreview.uat.gsam.com [302] [GET] [text/html] [302 Found] [Apache] [vhost] [Apache] [654de61a9f3236999324f8b97643a657]
https://drm-qa.gsam.com [401] [GET] [] [] [Apache] [vhost] [Apache,Basic] [d41d8cd98f00b204e9800998ecf8427e]
https://drm.gsam.com [401] [GET] [] [] [Apache] [vhost] [Apache,Basic] [d41d8cd98f00b204e9800998ecf8427e]
https://gsam.com [301] [GET] [text/html] [301 Moved Permanently] [Apache] [vhost] [Apache] [7c0e97c224d86eff4e2e062a2f6d478d]
https://internal-qa.gsam.com [200] [GET] [text/html] [Redirection] [Apache] [vhost] [Apache] [8572c09af82331f735b78bce8a62d04a]
https://login-qa.gsam.com [403] [GET] [text/html] [Error] [Apache] [Apache] [db3b9894ec4a94929fc3d632d57b89e8]
https://login.gsam.com [403] [GET] [text/html] [Error] [Apache] [Apache] [d2e2abaf58303d2d7c9db110efa6acac]
https://marketing.gsam.com [200] [GET] [text/html] [IIS Windows Server] [Apache] [vhost] [Apache] [242c23ea412530c7d94b77a7a978c176]
https://qa.allvue.api.gsam.com [403] [GET] [text/html] [Access Denied] [AkamaiGHost] [vhost] [34726bf223efe8a70ea1de46be6c88d9]
https://qa.allvue.api.gsam.com [403] [GET] [text/html] [Access Denied] [AkamaiGHost] [vhost] [6f428962bcb97fb1e4f65850c64dd36b]
https://qa.gsam.com [302] [GET] [text/html] [302 Found] [Apache] [vhost] [Apache] [c2bdfa7656327c07ae536c7a41d5d0e5]
https://qa.marketing.gsam.com [200] [GET] [text/html] [IIS Windows Server] [Apache] [vhost] [Apache] [242c23ea412530c7d94b77a7a978c176]
https://qa.tracking.gsam.com [200] [GET] [text/html] [IIS Windows Server] [Apache] [vhost] [Apache] [242c23ea412530c7d94b77a7a978c176]
https://qawebid.gsam.com [200] [GET] [text/html] [qawebid2.gs.com] [Apache] [Apache] [142774129bd8a02cb1475574989b368e]
https://subdocreview.uat.gsam.com [302] [GET] [text/html] [302 Found] [Apache] [vhost] [Apache] [76b22e335a35836137c2484fc341e5d7]
https://tracking.gsam.com [200] [GET] [text/html] [IIS Windows Server] [Apache] [vhost] [Apache] [242c23ea412530c7d94b77a7a978c176]
https://video.gsam.com [404] [GET] [] [] [AkamaiNetStorage] [vhost] [7605968e79d0ca095ab1231486d2b814]
https://video.qa.gsam.com [404] [GET] [] [] [AkamaiNetStorage] [vhost] [7605968e79d0ca095ab1231486d2b814]
https://webid.gsam.com [200] [GET] [text/html] [webid2.gs.com] [Apache] [Apache] [de5a4d5513e4a6816dcc076d8e7a9d96]
https://webid2.gsam.com [200] [GET] [text/html] [webid2.gs.com] [Apache] [Apache] [de5a4d5513e4a6816dcc076d8e7a9d96]
https://www.allvue.gsam.com [403] [GET] [text/html] [Access Denied] [AkamaiGHost] [vhost] [a2dbbdb7917afd370c6c90254159d1ec]
https://www.allvue.gsam.com [403] [GET] [text/html] [Access Denied] [AkamaiGHost] [vhost] [c398c57a534c9ccbc34e043fe2df373a]
https://www.docreview.gsam.com [302] [GET] [text/html] [302 Found] [Apache] [vhost] [Apache] [b08f5638dc1c38428000c99397775456]
https://www.gsam.com [302] [GET] [text/html] [302 Found] [Apache] [vhost] [Apache] [1d30001920fc9ef0c71e0f9947ea2cb5]
https://www.qa.allvue.gsam.com [403] [GET] [text/html] [Access Denied] [AkamaiGHost] [vhost] [0291f445d0d1139eaf35349a97916d3e]
https://www.qa.allvue.gsam.com [403] [GET] [text/html] [Access Denied] [AkamaiGHost] [vhost] [b3fda4785398431d3fdb29e9bcefe850]
https://wwwqa.gsam.com [401] [GET] [text/html] [401 Unauthorized] [Apache] [Apache,Basic] [4d83be6e33fa1b6ee46476a1595c1277]
