http://help.honestdollar.com:2083 [400] [GET] [text/html] [400 The plain HTTP request was sent to HTTPS port] [cloudflare] [cloudflare] [Cloudflare] [cd58783500d7fa3c58f88eb0ba22f4f8]
http://help.honestdollar.com:2087 [400] [GET] [text/html] [400 The plain HTTP request was sent to HTTPS port] [cloudflare] [cloudflare] [Cloudflare] [20ad84d030031252141ca0b3fc0183f0]
http://help.honestdollar.com:8443 [400] [GET] [text/html] [400 The plain HTTP request was sent to HTTPS port] [cloudflare] [cloudflare] [Cloudflare] [cd58783500d7fa3c58f88eb0ba22f4f8]
https://admin.honestdollar.com [301] [GET] [] [] [AkamaiGHost] [vhost] [d41d8cd98f00b204e9800998ecf8427e]
https://admin.uat.honestdollar.com [503] [GET] [text/html] [Service Unavailable] [AkamaiGHost] [vhost] [34ae668a6be3dc15ece54d0ec7d0d3fc]
https://admin.uat.honestdollar.com [503] [GET] [text/html] [Service Unavailable] [AkamaiGHost] [vhost] [6821747edefa43b6e2e2cb1a38e8e206]
https://api.honestdollar.com [301] [GET] [] [] [AkamaiGHost] [vhost] [d41d8cd98f00b204e9800998ecf8427e]
https://api.uat.honestdollar.com [503] [GET] [text/html] [Service Unavailable] [AkamaiGHost] [vhost] [3e1ce987742ff6d84f1dc4b873c84aa8]
https://api.uat.honestdollar.com [503] [GET] [text/html] [Service Unavailable] [AkamaiGHost] [vhost] [769d89688b2a59525330d654bf97f003]
https://api-uat.honestdollar.com [503] [GET] [text/html] [Service Unavailable] [AkamaiGHost] [vhost] [81bc16c4117a24ff77edb5ad967a8364]
https://api-uat.honestdollar.com [503] [GET] [text/html] [Service Unavailable] [AkamaiGHost] [vhost] [f56b0648fb5de1aa7818f340e414cb4f]
https://b2b.honestdollar.com [403] [GET] [text/html] [Access Denied] [AkamaiGHost] [c199894f2a13726c6611e7d52c35bba1]
https://b2b.honestdollar.com [403] [GET] [text/html] [Access Denied] [AkamaiGHost] [ea7ce8a0d15ea60f43b06aa16806adf2]
https://b2b.uat.honestdollar.com [200] [GET] [text/html] [] [Apache] [vhost] [Apache] [6d3fde55edf4d569db2aeb4cfb0c97d6]
https://beta.honestdollar.com [403] [GET] [text/html] [Access Denied] [AkamaiGHost] [a68bd8f4542e32a4bc57aeff61f5e355]
https://beta.honestdollar.com [403] [GET] [text/html] [Access Denied] [AkamaiGHost] [b7133ecc9265d9bc0a9d8a872c70007e]
https://beta.uat.honestdollar.com [403] [GET] [text/html] [Access Denied] [AkamaiGHost] [982907b6232b638788d14e0b04b0a440]
https://beta.uat.honestdollar.com [403] [GET] [text/html] [Access Denied] [AkamaiGHost] [b47b7d551b35f6935eb518e708e9f5d8]
https://help.honestdollar.com [301] [GET] [text/html] [] [cloudflare] [vhost] [cloudflare] [Cloudflare,Cloudflare Network Error Logging,Envoy] [bc065e6d6ad152e63444720f32fc65f2]
https://honestdollar.com [302] [GET] [text/html] [302 Found] [Apache] [vhost] [Apache] [9d0c77ffb9d951f49203dd4fc84db68a]
https://login.honestdollar.com [403] [GET] [text/html] [Error] [Apache] [Apache] [d2e2abaf58303d2d7c9db110efa6acac]
https://login-qa.honestdollar.com [403] [GET] [text/html] [Error] [Apache] [Apache] [587fa749210d38870bae68ffb41763bd]
https://my.honestdollar.com [301] [GET] [] [] [AkamaiGHost] [vhost] [d41d8cd98f00b204e9800998ecf8427e]
https://my.uat.honestdollar.com [503] [GET] [text/html] [Service Unavailable] [AkamaiGHost] [vhost] [44b0e1febf41807903dd58a470434fd3]
https://my.uat.honestdollar.com [503] [GET] [text/html] [Service Unavailable] [AkamaiGHost] [vhost] [77fbe14b2fc906ac519892e5fce67950]
https://origin.honestdollar.com [302] [GET] [text/html] [302 Found] [Apache] [vhost] [Apache] [9d0c77ffb9d951f49203dd4fc84db68a]
https://origin.uat.honestdollar.com [302] [GET] [text/html] [302 Found] [Apache] [Apache] [b6cad39f4095a1d72cceb60d54ca1c11]
https://pilot.honestdollar.com [403] [GET] [text/html] [Access Denied] [AkamaiGHost] [vhost] [10faafb886780e15b4a67ce3c6181610]
https://pilot.honestdollar.com [403] [GET] [text/html] [Access Denied] [AkamaiGHost] [vhost] [bcc02a6e88be78fe585542e9111f34d5]
https://pilot.uat.honestdollar.com [302] [GET] [text/html] [302 Found] [Apache] [vhost] [Apache] [b1f9078d327135de7c7ee31e38604943]
https://services.honestdollar.com [403] [GET] [text/html] [Access Denied] [AkamaiGHost] [7ffea08a81dc337473f43f5e4039a6b8]
https://services.honestdollar.com [403] [GET] [text/html] [Access Denied] [AkamaiGHost] [9d1841f93338bf0deaaf1a40939a6260]
https://services.uat.honestdollar.com [302] [GET] [text/html] [302 Found] [Apache] [vhost] [Apache] [52384b95446443b626500f2d8f083a73]
https://site.honestdollar.com [403] [GET] [text/html] [Access Denied] [AkamaiGHost] [81bebe7ef64de10c5ab51168715e227b]
https://site.honestdollar.com [403] [GET] [text/html] [Access Denied] [AkamaiGHost] [9997e1ee8932325d842273a64f274a0e]
https://site.uat.honestdollar.com [302] [GET] [text/html] [302 Found] [Apache] [vhost] [Apache] [52384b95446443b626500f2d8f083a73]
https://uat.help.honestdollar.com [301] [GET] [text/html] [] [cloudflare] [vhost] [cloudflare] [Cloudflare,Cloudflare Network Error Logging,Envoy] [f10f0598369e3f13bd110d7e793c2ac2]
https://uat.honestdollar.com [503] [GET] [text/html] [Service Unavailable] [AkamaiGHost] [vhost] [96280d6ea8d9eb9f26ef1d00897017d9]
https://uat.honestdollar.com [503] [GET] [text/html] [Service Unavailable] [AkamaiGHost] [vhost] [b4493db3976fd93ed8d3b9aff251852b]
https://v.honestdollar.com [400] [GET] [text/html] [] [Apache] [Apache] [825644f747baab2c00e420dbbc39e4b3]
https://welcome.honestdollar.com [301] [GET] [] [] [AkamaiGHost] [vhost] [d41d8cd98f00b204e9800998ecf8427e]
https://welcome.uat.honestdollar.com [503] [GET] [text/html] [Service Unavailable] [AkamaiGHost] [vhost] [44ac0ca651ee3d996758f75ad6fbaecf]
https://welcome.uat.honestdollar.com [503] [GET] [text/html] [Service Unavailable] [AkamaiGHost] [vhost] [d93851e0705616c4283861dc3d5ed85f]
https://www.honestdollar.com [200] [GET] [text/html] [Honest Dollar] [Apache] [vhost] [Akamai,Apache] [733d2abb3ad242ef1d758854f8fc34fa]
https://www.uat.honestdollar.com [503] [GET] [text/html] [Service Unavailable] [AkamaiGHost] [vhost] [46a07c97eff8180bf278d3653fd6b496]
https://www.uat.honestdollar.com [503] [GET] [text/html] [Service Unavailable] [AkamaiGHost] [vhost] [e65cb1e7aade181423b157576c882bf9]
http://uat.help.honestdollar.com:8443 [400] [GET] [text/html] [400 The plain HTTP request was sent to HTTPS port] [cloudflare] [cloudflare] [Cloudflare] [20ad84d030031252141ca0b3fc0183f0]
