https://origin-pollster.huffpo.net [302] [GET] [] [] [Varnish] [d41d8cd98f00b204e9800998ecf8427e]
https://origin-staging-pollster.huffpo.net [302] [GET] [] [] [Varnish] [d41d8cd98f00b204e9800998ecf8427e]
https://production-chaski-public.use1.huffpo.net [200] [GET] [text/html] [] [nginx/1.19.6] [Express,Nginx,Node.js] [bd86e8d68b21c0ae0e4844872bf6d67e]
https://production-elections-varnish-autoscale.use1.huffpo.net [302] [GET] [] [] [Varnish] [d41d8cd98f00b204e9800998ecf8427e]
https://production-janus.use1.huffpo.net [400] [GET] [text/plain] [] [nginx] [Nginx,Play,Scala] [657a867b6c5c1d4e21ba30b25daa8125]
https://production-kraken-valencia-preview.use1.huffpo.net [404] [GET] [text/html] [404 Not Found] [nginx] [Nginx] [370e16c3b7dba286cff055f93b9a94d8]
https://production-leak.use1.huffpo.net [200] [GET] [text/html] [How To Share Information With HuffPost] [nginx] [Nginx] [40b545d233dde8dd29e2bd09aa35c003]
https://production-widget.use1.huffpo.net [404] [GET] [text/html] [404 Not Found] [nginx] [Nginx] [370e16c3b7dba286cff055f93b9a94d8]
https://production-widget.use1.huffpo.net [404] [GET] [text/html] [404 Not Found] [nginx] [Nginx] [8eec510e57f5f732fd2cce73df7b73ef]
https://puppet-assets.huffpo.net [403] [GET] [application/xml] [] [AmazonS3] [vhost] [Amazon S3,Amazon Web Services] [62295dda2dd911ca073143bcea1936eb]
https://puppet-assets.huffpo.net [403] [GET] [application/xml] [] [AmazonS3] [vhost] [Amazon S3,Amazon Web Services] [7ce2e09a8f857197c42ba017105d8d19]
https://qa-janus.use1.huffpo.net [400] [GET] [text/plain] [] [nginx] [Nginx,Play,Scala] [2996e3c39df9bcd2b27ba6f6369cbdb9]
https://qa-userapi-api.use1.huffpo.net [400] [GET] [text/plain] [] [nginx] [Nginx,Play,Scala] [1ea5f7636b9593a070801b48fdb87f54]
https://rpms.huffpo.net [403] [GET] [application/xml] [] [AmazonS3] [vhost] [Amazon S3,Amazon Web Services] [e5eb7ded1de8d4ef248d092ad37dc4cd]
https://rpms.huffpo.net [403] [GET] [application/xml] [] [AmazonS3] [vhost] [Amazon S3,Amazon Web Services] [e7bfe016ecd25d58159731365890eee7]
https://staging-elections-varnish-autoscale.use1.huffpo.net [302] [GET] [] [] [Varnish] [d41d8cd98f00b204e9800998ecf8427e]
https://staging-janus.use1.huffpo.net [400] [GET] [text/plain] [] [nginx] [Nginx,Play,Scala] [0db33feed5ac30fa964af19d61338f7b]
https://staging-kraken-valencia-preview.use1.huffpo.net [500] [GET] [text/html] [We're sorry, but something went wrong (500)] [nginx] [Nginx] [7e3274448cd1d665c0ec016868452635]
https://staging-leak.use1.huffpo.net [200] [GET] [text/html] [How To Share Information With HuffPost] [nginx] [Nginx] [40b545d233dde8dd29e2bd09aa35c003]
https://staging-origin-life-ats.huffpo.net [404] [GET] [text/html] [Aol] [ATS] [Apache Traffic Server] [382b0630aead71877003baab3e9a7877]
https://staging-origin-life-ats.huffpo.net [404] [GET] [text/html] [Aol] [ATS] [Apache Traffic Server] [4d8c2411a8d0284403b453528672ba7a]
https://staging-userapi-api.use1.huffpo.net [400] [GET] [text/plain] [] [nginx] [Nginx,Play,Scala] [f37351f82e5a3b67bec3d33f2fae4fff]
