http://click.klantacties.humo.be:8080 [200] [GET] [text/html] [Shared IP] [Apache/2] [Apache] [d3f59542649dcf75112dea876843f05a]
http://t.klantacties.humo.be:8080 [404] [GET] [text/html] [404 Not Found] [Apache/2.4.37 (AlmaLinux)] [AlmaLinux,Apache] [cd3be2f061d2d1bd9623c5549fb7d904]
http://t2.klantacties.humo.be:8080 [404] [GET] [text/html] [404 Not Found] [Apache/2.4.37 (rocky)] [Apache] [cd3be2f061d2d1bd9623c5549fb7d904]
http://www.click.klantacties.humo.be:8080 [200] [GET] [text/html] [Shared IP] [Apache/2] [Apache] [d3f59542649dcf75112dea876843f05a]
https://acc.humo.be [401] [GET] [text/html] [Access Denied] [AkamaiGHost] [vhost] [Basic] [956717dd339216f129b043585b6af561]
https://acc.humo.be [401] [GET] [text/html] [Access Denied] [AkamaiGHost] [vhost] [Basic] [aebaf92b67958738f21fb2c21d02ca95]
https://accounts.humo.be [200] [GET] [text/html] [] [] [IIS,Microsoft ASP.NET] [d41d8cd98f00b204e9800998ecf8427e]
https://actie.humo.be [404] [GET] [text/html] [-] [NCSA/1.4.2] [d57424ca602fa39a59d65a02e43e5e55]
https://beta.humo.be [403] [GET] [text/html] [Access Denied] [AkamaiGHost] [vhost] [dcced01ad370a490e225c64a5faf7574]
https://beta.humo.be [403] [GET] [text/html] [Access Denied] [AkamaiGHost] [vhost] [e86d7a87c6c034afda5805d4c2b9e159]
https://brandedcontent.humo.be [302] [GET] [text/html] [] [] [vhost] [d41d8cd98f00b204e9800998ecf8427e]
https://brandedcontentbe.humo.be [403] [GET] [text/html] [Access Denied] [AkamaiGHost] [vhost] [24f3850ec84a00e2c45a800919a07589]
https://brandedcontentbe.humo.be [403] [GET] [text/html] [Access Denied] [AkamaiGHost] [vhost] [8bd4bc51ecc1c9a16e66986a78ef39ec]
https://castor-forum.humo.be [200] [GET] [text/html] [Redirecting..] [] [Java] [0214b0f5e5339f1b5811ac08d9347dd8]
https://castor-forum.humo.be [200] [GET] [text/html] [Redirecting..] [] [vhost] [Java] [0214b0f5e5339f1b5811ac08d9347dd8]
https://click.klantacties.humo.be [200] [GET] [text/html] [] [Apache/2] [vhost] [Apache] [5360706c803a759e3a9f2ca54a651950]
https://cmp.humo.be [403] [GET] [application/xml] [] [AmazonS3] [vhost] [cloudfront] [Amazon Cloudfront,Amazon S3,Amazon Web Services] [b733db5fa8e5526ece529e9e6942577f]
https://cmp.humo.be [403] [GET] [application/xml] [] [AmazonS3] [vhost] [cloudfront] [Amazon Cloudfront,Amazon S3,Amazon Web Services] [c869e8452d6bf100f6618ac0a4692658]
https://dev-service.humo.be [400] [GET] [text/html] [Invalid URL] [AkamaiGHost] [43e330ec55e4fbd14fb720dbbe6b5fa0]
https://dev-service.humo.be [400] [GET] [text/html] [Invalid URL] [AkamaiGHost] [68b8ebc948206a472de2e7ce9a76d684]
https://digitalemagazine.humo.be [302] [GET] [text/html] [] [nginx] [vhost] [Nginx] [d41d8cd98f00b204e9800998ecf8427e]
https://docu.humo.be [200] [GET] [text/html] [Humo | Diamond Docu] [Apache] [vhost] [Apache,MySQL,PHP,WordPress] [5d5060cbb8bf91bc41d08e765722d03e]
https://durex.humo.be [404] [GET] [text/html] [404 Not Found] [Symantec Endpoint Protection Manager] [62962daa1b19bbcc2db10b7bfd531ea6]
https://e.email.humo.be [200] [GET] [text/html] [You received emails from this domain, didn't you?] [nginx] [Nginx,PHP,Webflow] [c0666cde79e5426946974302fe3307c3]
https://ebike-non-prod.humo.be [403] [GET] [text/html] [Access Denied] [] [vhost] [24b5db65066bb113d0769c87c146c29b]
https://ebike-non-prod.humo.be [403] [GET] [text/html] [Access Denied] [] [vhost] [ea2aeadb0c949f56b8a3795eb6d2a3e7]
https://ebike.humo.be [403] [GET] [text/html] [Access Denied] [] [vhost] [6df7f1c8e05be484687d2f695fc46592]
https://ebike.humo.be [403] [GET] [text/html] [Access Denied] [] [vhost] [bc61f8b60ebb81e05ed8a13a0aa870b7]
https://esales-test.humo.be [404] [GET] [application/json] [] [nginx/1.20.0] [vhost] [Amazon ALB,Amazon Web Services,Nginx] [41072e21590dc3d7fd0629b6c0c36352]
https://esales-test.humo.be [404] [GET] [application/json] [] [nginx/1.20.0] [vhost] [Amazon ALB,Amazon Web Services,Nginx] [659445a0b44ecbe9c0e7fcfe70c2063c]
https://esales.humo.be [403] [GET] [text/html] [Access Denied] [AkamaiGHost] [vhost] [01aa8ecb306808e910c65441edd997b7]
https://esales.humo.be [403] [GET] [text/html] [Access Denied] [AkamaiGHost] [vhost] [6c6e322aa7e9c9beabadd5c37bf9a088]
https://humo.be [403] [GET] [text/html] [Access Denied] [AkamaiGHost] [vhost] [44c4be40722722043663559ae198a80d]
https://humo.be [403] [GET] [text/html] [Access Denied] [AkamaiGHost] [vhost] [cea59130661b5a6556995da9f30d7d71]
https://ims.humo.be [200] [GET] [text/html] [] [] [vhost] [ce885dfc7b98daf8af33132a6b63ab22]
https://interactief.humo.be [404] [GET] [text/html] [-] [NCSA/1.4.2] [d57424ca602fa39a59d65a02e43e5e55]
https://kijkt.humo.be [200] [GET] [text/html] [Humo's Streaminggids | Humo's streaminggids met tips voor Netflix, Play, VTM Go, VRT Nu, Amazon en Disney. Welke serie wil je kijken? Wat zijn de beste films on demand?] [Apache] [vhost] [Apache,Google Tag Manager,MySQL,PHP,WordPress] [955ecde07605c5533d23f7e113a1932d]
https://klantacties.humo.be [200] [GET] [text/html] [Startpagina | DPG Media] [Apache/2] [vhost] [Apache,Varnish,Vue.js] [e916ada4b500d7adb317c931bcb5ca9a]
https://landingpage.humo.be [403] [GET] [text/html] [Access Denied] [AkamaiGHost] [vhost] [3e7600a57b5ab37b570194e27187f110]
https://landingpage.humo.be [403] [GET] [text/html] [Access Denied] [AkamaiGHost] [vhost] [5efa208a63cc762c38b710a14245a751]
https://login.humo.be [403] [GET] [text/html] [Access Denied] [AkamaiGHost] [vhost] [b534a202a2613fa3877381e9d48dd5b8]
https://login.humo.be [403] [GET] [text/html] [Access Denied] [AkamaiGHost] [vhost] [fbff289e296a68b7f638ae2bb46ccfad]
https://login2.humo.be [403] [GET] [text/html] [Access Denied] [AkamaiGHost] [vhost] [46374839e299c18de24db98567ad27f0]
https://login2.humo.be [403] [GET] [text/html] [Access Denied] [AkamaiGHost] [vhost] [79bb4fdfce7cfc328b325bd9701318d7]
https://magazine.humo.be [302] [GET] [text/html] [] [nginx] [vhost] [Nginx,PHP] [d41d8cd98f00b204e9800998ecf8427e]
https://mijn.humo.be [403] [GET] [text/html] [Access Denied] [] [vhost] [733835cea6fccdfbf094befc7fd7fdc8]
https://mijn.humo.be [403] [GET] [text/html] [Access Denied] [] [vhost] [c46c611324058910897c9ad133ae0c1e]
https://mijnomgeving-acc.humo.be [403] [GET] [text/html] [Access Denied] [] [vhost] [87f4323d0f82ffe94de36571a85819d4]
https://mijnomgeving-acc.humo.be [403] [GET] [text/html] [Access Denied] [] [vhost] [b2c84a0362d9732e688c9ef6f3f00641]
https://mijnomgeving.humo.be [403] [GET] [text/html] [Access Denied] [] [vhost] [d9ae96c6731d2cbab1b421b7ecd49ac6]
https://mijnomgeving.humo.be [403] [GET] [text/html] [Access Denied] [] [vhost] [e21782f60f9337407699eaf5f3b6a6d1]
https://mobile-acc.humo.be [401] [GET] [text/html] [Access Denied] [AkamaiGHost] [vhost] [Basic] [777e5e7f6d29b927cbf63e4e7ba0632e]
https://mobile-acc.humo.be [401] [GET] [text/html] [Access Denied] [AkamaiGHost] [vhost] [Basic] [7d164e5f80345b6685cf0263d0677a30]
https://mobile2.humo.be [403] [GET] [text/html] [Access Denied] [AkamaiGHost] [vhost] [7ce7aef8732ee75cebe9b47dfbb8b896]
https://mobile2.humo.be [403] [GET] [text/html] [Access Denied] [AkamaiGHost] [vhost] [e3a5f35064b9389c4545ed5caff0506f]
https://myaccount.humo.be [403] [GET] [text/html] [Access Denied] [AkamaiGHost] [vhost] [51e09f23640dada612a8ff8c525b7db9]
https://myaccount.humo.be [403] [GET] [text/html] [Access Denied] [AkamaiGHost] [vhost] [c6bc052cc2a95bc8d23961c6a4d948ca]
https://projecten.humo.be [302] [GET] [text/html] [] [] [vhost] [d41d8cd98f00b204e9800998ecf8427e]
https://rock-rally.humo.be [301] [GET] [text/html] [] [Apache] [vhost] [Apache] [d41d8cd98f00b204e9800998ecf8427e]
https://rock-rally.humo.be [302] [GET] [text/html] [] [] [vhost] [d41d8cd98f00b204e9800998ecf8427e]
https://rockrally.humo.be [302] [GET] [text/html] [] [] [vhost] [d41d8cd98f00b204e9800998ecf8427e]
https://seat.humo.be [200] [GET] [text/html] [Cms Bug Concept] [Bug-Concept Web Server] [Bootstrap,Font Awesome,Google Font API,PHP] [a82347f9693cd52e7e1ae21b3ac158ee]
https://secure-acc.humo.be [400] [GET] [text/html] [Invalid URL] [AkamaiGHost] [22c028533c0f2fc753e04dc46e222dc6]
https://secure-acc.humo.be [400] [GET] [text/html] [Invalid URL] [AkamaiGHost] [93688ddc8432b848b3b27dbad627175f]
https://secure.humo.be [403] [GET] [text/html] [Access Denied] [AkamaiGHost] [vhost] [b4d9d6e1a916d77bfd7103488787215a]
https://secure.humo.be [403] [GET] [text/html] [Access Denied] [AkamaiGHost] [vhost] [f0734528ff3cfa3fc4cd3db513232289]
https://servicepagina.humo.be [200] [GET] [text/html] [] [Apache/2.4.10 (Debian)] [vhost] [Apache,Debian] [69ffdc2502008031854ee5788352ed60]
https://shop.humo.be [403] [GET] [text/html] [Access Denied] [AkamaiGHost] [vhost] [3c417f04e162fd6a1a835655604d17a9]
https://shop.humo.be [403] [GET] [text/html] [Access Denied] [AkamaiGHost] [vhost] [4a52d1b34c91c56de3eb8d5471e3a0d3]
https://social.humo.be [200] [GET] [text/html] [] [] [IIS,Microsoft ASP.NET] [d41d8cd98f00b204e9800998ecf8427e]
https://t.klantacties.humo.be [404] [GET] [text/html] [404 Not Found] [Apache/2.4.37 (AlmaLinux)] [AlmaLinux,Apache] [cd3be2f061d2d1bd9623c5549fb7d904]
https://t2.klantacties.humo.be [404] [GET] [text/html] [404 Not Found] [Apache/2.4.37 (rocky)] [Apache] [cd3be2f061d2d1bd9623c5549fb7d904]
https://voordelen.humo.be [403] [GET] [text/html] [Access Denied] [AkamaiGHost] [vhost] [05cf29c40caaa475fec371f833b91f81]
https://voordelen.humo.be [403] [GET] [text/html] [Access Denied] [AkamaiGHost] [vhost] [e746964de8655403ffeb5446db9c4dc2]
https://www.click.klantacties.humo.be [200] [GET] [text/html] [] [Apache/2] [vhost] [Apache] [5360706c803a759e3a9f2ca54a651950]
https://www.humo.be [403] [GET] [text/html] [Access Denied] [AkamaiGHost] [vhost] [75929561fff2ad954171b92f488c0493]
https://www.humo.be [403] [GET] [text/html] [Access Denied] [AkamaiGHost] [vhost] [9dbbddcdfe8200cb0e3fcc8ca958e2e0]
https://www.klantacties.humo.be [200] [GET] [text/html] [Startpagina | DPG Media] [Apache/2] [vhost] [Apache,Varnish,Vue.js] [e916ada4b500d7adb317c931bcb5ca9a]
