http://blog.hundred.finance:2083 [400] [GET] [text/html] [400 The plain HTTP request was sent to HTTPS port] [cloudflare] [cloudflare] [Cloudflare] [cd58783500d7fa3c58f88eb0ba22f4f8]
http://blog.hundred.finance:2087 [400] [GET] [text/html] [400 The plain HTTP request was sent to HTTPS port] [cloudflare] [cloudflare] [Cloudflare] [20ad84d030031252141ca0b3fc0183f0]
http://blog.hundred.finance:8080 [403] [GET] [text/plain] [] [cloudflare] [vhost] [cloudflare] [Cloudflare] [7b5ea53ba332630e5aca8e4abb807f70]
http://blog.hundred.finance:8880 [301] [GET] [] [] [cloudflare] [vhost] [cloudflare] [Cloudflare] [d41d8cd98f00b204e9800998ecf8427e]
http://docs.hundred.finance:2082 [302] [GET] [] [] [cloudflare] [vhost] [cloudflare] [Cloudflare] [d41d8cd98f00b204e9800998ecf8427e]
http://docs.hundred.finance:2086 [302] [GET] [] [] [cloudflare] [vhost] [cloudflare] [Cloudflare] [d41d8cd98f00b204e9800998ecf8427e]
http://docs.hundred.finance:8080 [302] [GET] [] [] [cloudflare] [vhost] [cloudflare] [Cloudflare] [d41d8cd98f00b204e9800998ecf8427e]
http://docs.hundred.finance:8880 [302] [GET] [] [] [cloudflare] [vhost] [cloudflare] [Cloudflare] [d41d8cd98f00b204e9800998ecf8427e]
https://api.hundred.finance [200] [GET] [text/html] [] [nginx/1.18.0 (Ubuntu)] [Express,Nginx:1.18.0,Node.js,Ubuntu] [dafa049e997059edc75b0f2c01e81432]
https://blog.hundred.finance [307] [GET] [text/html] [] [cloudflare] [vhost] [cloudflare] [Cloudflare,Envoy] [f39675dbe7ed9dd81ae7a4d54f7822dd]
https://blog.hundred.finance [403] [GET] [text/html] [Attention Required! | Cloudflare] [cloudflare] [vhost] [cloudflare] [Cloudflare] [a51d60bd01d7abc2c5156869c8813d6b]
https://dashboard.hundred.finance [200] [GET] [text/html] [Dashboard - Hundred Finance] [Netlify] [vhost] [Netlify] [3b53892051b6136fb0bfd60d187cbee1]
https://docs.hundred.finance [200] [GET] [text/html] [Hundred Finance - Hundred Finance] [cloudflare] [vhost] [cloudflare] [Algolia,Cloudflare,Google Cloud,Google Cloud Trace,React] [21d8885ed3d2c130afd0f77ea3aca6b3]
https://docs.hundred.finance [200] [GET] [text/html] [Hundred Finance - Hundred Finance] [cloudflare] [vhost] [cloudflare] [Algolia,Cloudflare,Google Cloud,Google Cloud Trace,React] [ca487ac97feffb1e8e8d4144aec836d2]
https://docs.hundred.finance:2083 [403] [GET] [text/html] [Attention Required! | Cloudflare] [cloudflare] [vhost] [cloudflare] [Cloudflare] [83c1f1d39a615fa1f4a75b305fe6e2aa]
https://docs.hundred.finance:2087 [200] [GET] [text/html] [Hundred Finance - Hundred Finance] [cloudflare] [vhost] [cloudflare] [Algolia,Cloudflare,Google Cloud,Google Cloud Trace,React] [2af7d76d5c476b6ba86ac7ec0a9d02ac]
https://docs.hundred.finance:8443 [200] [GET] [text/html] [Hundred Finance - Hundred Finance] [cloudflare] [vhost] [cloudflare] [Algolia,Cloudflare,Google Cloud,Google Cloud Trace,React] [11e08d2394006f53dd9bdf479f5bbba5]
https://forum.hundred.finance [200] [GET] [text/html] [Hundred Finance] [nginx] [vhost] [Discourse,Google Font API,Nginx,Ruby on Rails] [f5d4a57f766edd2015a8efbaf40f62c8]
https://hundred.finance [200] [GET] [text/html] [Hundred Finance] [Netlify] [vhost] [google] [Netlify] [02cf15582c25d07b2555105a5020cf1c]
https://lendly.hundred.finance [200] [GET] [text/html] [Lendly - Hundred Finance] [Netlify] [vhost] [google] [Netlify] [1aed72bbeaedf01e1d7ccb6ce0538870]
https://migration.hundred.finance [200] [GET] [text/html] [PCT to HND Migrator] [Netlify] [vhost] [google] [Netlify] [803b1bda5d356e48e07c85d7708a851a]
https://old.hundred.finance [200] [GET] [text/html] [Hundred Finance] [Netlify] [vhost] [google] [Netlify] [7d310bd450266771194351845ab0c3e6]
https://vote.hundred.finance [200] [GET] [text/html] [Vote - Hundred Finance] [Netlify] [vhost] [Netlify,React] [2cb2f2273e154bbd31bcf85ec8712677]
https://www.hundred.finance [301] [GET] [text/plain] [] [Netlify] [vhost] [Netlify] [5b024bff8f9dccfce1fe30a8b83a5591]
