https://at-de.forum.ibood.com [200] [GET] [text/html] [iBOOD.com - Internet's Best Online Offer Daily!] [iBOOD.com] [vhost] [google] [Google Tag Manager,Varnish] [7daf0c23392355385f24ec8ca11f0487]
https://at-de.forum.ibood.com [200] [GET] [text/html] [iBOOD.com - Internet's Best Online Offer Daily!] [iBOOD.com] [vhost] [google] [Google Tag Manager,Varnish] [8e6094e426e12f428ae5a1e2e908ff7d]
https://be-nl.forum.ibood.com [200] [GET] [text/html] [iBOOD.com - Internet's Best Online Offer Daily!] [iBOOD.com] [vhost] [google] [Google Tag Manager,Varnish] [c084e1d19eb3b4d9dec466d3207b778f]
https://consumables-at-de.forum.ibood.com [200] [GET] [text/html] [iBOOD.com - Internet's Best Online Offer Daily!] [iBOOD.com] [vhost] [google] [Google Tag Manager,Varnish] [85c50e27bca739a8f9fab2fc6696044a]
https://consumables-at-de.forum.ibood.com [200] [GET] [text/html] [iBOOD.com - Internet's Best Online Offer Daily!] [iBOOD.com] [vhost] [google] [Google Tag Manager,Varnish] [ca4107003cb49d5de577fb55c9b17e8b]
https://consumables-be-nl.forum.ibood.com [200] [GET] [text/html] [iBOOD.com - Internet's Best Online Offer Daily!] [iBOOD.com] [vhost] [google] [Google Tag Manager,Varnish] [5af96bc4a9b9441bdf7f7fbcf2ad348f]
https://consumables-be-nl.forum.ibood.com [200] [GET] [text/html] [iBOOD.com - Internet's Best Online Offer Daily!] [iBOOD.com] [vhost] [google] [Google Tag Manager,Varnish] [f94fdd5f8020aea4e49f0d8fe5751fea]
https://consumables-de-de.forum.ibood.com [200] [GET] [text/html] [iBOOD.com - Internet's Best Online Offer Daily!] [iBOOD.com] [vhost] [google] [Google Tag Manager,Varnish] [d9f685bda2b52791033deb4995952339]
https://consumables-nl-nl.forum.ibood.com [200] [GET] [text/html] [iBOOD.com - Internet's Best Online Offer Daily!] [iBOOD.com] [vhost] [google] [Google Tag Manager,Varnish] [b963a109db6de95bf3448ac6da71b2ce]
https://consumables-nl-nl.forum.ibood.com [200] [GET] [text/html] [iBOOD.com - Internet's Best Online Offer Daily!] [iBOOD.com] [vhost] [google] [Google Tag Manager,Varnish] [f5764c119ae3bbc099c74ddc2998897a]
https://consumables-pl-pl.forum.ibood.com [200] [GET] [text/html] [iBOOD.com - Internet's Best Online Offer Daily!] [iBOOD.com] [vhost] [google] [Google Tag Manager,Varnish] [6e21f422cfbf996650ecde78142a3cd0]
https://csg.forum.ibood.com [303] [GET] [text/html] [] [iBOOD.com] [google] [Varnish] [d41d8cd98f00b204e9800998ecf8427e]
https://diy-at-de.forum.ibood.com [200] [GET] [text/html] [iBOOD.com - Internet's Best Online Offer Daily!] [iBOOD.com] [vhost] [google] [Google Tag Manager,Varnish] [93f774dabfe6334a0475aa4453b74723]
https://diy-be-nl.forum.ibood.com [200] [GET] [text/html] [iBOOD.com - Internet's Best Online Offer Daily!] [iBOOD.com] [vhost] [google] [Google Tag Manager,Varnish] [14d383bebdb4ee5b28c5c5585fd219a4]
https://diy-de-de.forum.ibood.com [200] [GET] [text/html] [iBOOD.com - Internet's Best Online Offer Daily!] [iBOOD.com] [vhost] [google] [Google Tag Manager,Varnish] [d4a7491fec0e0679830b3524b50ec1bd]
https://diy-nl-nl.forum.ibood.com [200] [GET] [text/html] [iBOOD.com - Internet's Best Online Offer Daily!] [iBOOD.com] [vhost] [google] [Google Tag Manager,Varnish] [06647342122ca541fd287fb5eb040d81]
https://diy-nl-nl.forum.ibood.com [200] [GET] [text/html] [iBOOD.com - Internet's Best Online Offer Daily!] [iBOOD.com] [vhost] [google] [Google Tag Manager,Varnish] [a7051872e9eb77cba4a914e5320d4b29]
https://diy-pl-pl.forum.ibood.com [200] [GET] [text/html] [iBOOD.com - Internet's Best Online Offer Daily!] [iBOOD.com] [vhost] [google] [Google Tag Manager,Varnish] [5ac410e1f6888a32afa9808d399e858e]
https://diy-pl-pl.forum.ibood.com [200] [GET] [text/html] [iBOOD.com - Internet's Best Online Offer Daily!] [iBOOD.com] [vhost] [google] [Google Tag Manager,Varnish] [dc4b35225aeceed886724551a627bcd7]
https://electronics-at-de.forum.ibood.com [200] [GET] [text/html] [iBOOD.com - Internet's Best Online Offer Daily!] [iBOOD.com] [vhost] [google] [Google Tag Manager,Varnish] [964c5d29d79d8a6a8a5055d6d7c51f3b]
https://electronics-at-de.forum.ibood.com [200] [GET] [text/html] [iBOOD.com - Internet's Best Online Offer Daily!] [iBOOD.com] [vhost] [google] [Google Tag Manager,Varnish] [9e2792b891c7edfd7837538b462c2abe]
https://electronics-be-nl.forum.ibood.com [200] [GET] [text/html] [iBOOD.com - Internet's Best Online Offer Daily!] [iBOOD.com] [vhost] [google] [Google Tag Manager,Varnish] [fcea06808e060745c1f2d400906f1770]
https://electronics-de-de.forum.ibood.com [200] [GET] [text/html] [iBOOD.com - Internet's Best Online Offer Daily!] [iBOOD.com] [vhost] [google] [Google Tag Manager,Varnish] [74231e5f2fbf5066daf25e366d674d4e]
https://electronics-de-de.forum.ibood.com [200] [GET] [text/html] [iBOOD.com - Internet's Best Online Offer Daily!] [iBOOD.com] [vhost] [google] [Google Tag Manager,Varnish] [e0de1ca10bd36b47f5d918922fdb5b01]
https://electronics-nl-nl.00.forum.ibood.com [200] [GET] [text/html] [iBOOD.com - Internet's Best Online Offer Daily!] [iBOOD.com] [vhost] [google] [Google Tag Manager,Varnish] [1a6f531ec8c4f674c2180022ad2bf386]
https://electronics-nl-nl.00.forum.ibood.com [200] [GET] [text/html] [iBOOD.com - Internet's Best Online Offer Daily!] [iBOOD.com] [vhost] [google] [Google Tag Manager,Varnish] [56b31a3c2e929d455493307c6abab4e2]
https://electronics-nl-nl.forum.ibood.com [200] [GET] [text/html] [iBOOD.com - Internet's Best Online Offer Daily!] [iBOOD.com] [vhost] [google] [Google Tag Manager,Varnish] [31c17e8e704b4f10f05311e22ae49646]
https://electronics-pl-pl.forum.ibood.com [200] [GET] [text/html] [iBOOD.com - Internet's Best Online Offer Daily!] [iBOOD.com] [vhost] [google] [Google Tag Manager,Varnish] [ba71d951236d3f27f82dd7c786d0d4d0]
https://eshiboyulechengxianshangdubo.forum.ibood.com [303] [GET] [text/html] [] [iBOOD.com] [google] [Varnish] [d41d8cd98f00b204e9800998ecf8427e]
https://experiences-at-de.forum.ibood.com [200] [GET] [text/html] [iBOOD.com - Internet's Best Online Offer Daily!] [iBOOD.com] [vhost] [google] [Google Tag Manager,Varnish] [7502074a1e5974f55075b7dbce528dde]
https://experiences-be-nl.forum.ibood.com [200] [GET] [text/html] [iBOOD.com - Internet's Best Online Offer Daily!] [iBOOD.com] [vhost] [google] [Google Tag Manager,Varnish] [f275fe219fde9f48122fcc3a8c1fd4a2]
https://experiences-de-de.forum.ibood.com [200] [GET] [text/html] [iBOOD.com - Internet's Best Online Offer Daily!] [iBOOD.com] [vhost] [google] [Google Tag Manager,Varnish] [84582f38d6404c426e9c80e84c96b2ea]
https://experiences-de-de.forum.ibood.com [200] [GET] [text/html] [iBOOD.com - Internet's Best Online Offer Daily!] [iBOOD.com] [vhost] [google] [Google Tag Manager,Varnish] [c478aa5d7f36d4e3382a4679e42bc067]
https://experiences-nl-nl.forum.ibood.com [200] [GET] [text/html] [iBOOD.com - Internet's Best Online Offer Daily!] [iBOOD.com] [vhost] [google] [Google Tag Manager,Varnish] [34ab4ba41144e66f556bc50acbf20c2c]
https://experiences-pl-pl.forum.ibood.com [200] [GET] [text/html] [iBOOD.com - Internet's Best Online Offer Daily!] [iBOOD.com] [vhost] [google] [Google Tag Manager,Varnish] [2e65e516ee0e9486655340a58fb4b10a]
https://experiences-pl-pl.forum.ibood.com [200] [GET] [text/html] [iBOOD.com - Internet's Best Online Offer Daily!] [iBOOD.com] [vhost] [google] [Google Tag Manager,Varnish] [a809b90dde7f35b4cf1f2cc7c771226e]
https://extra-at-de.forum.ibood.com [200] [GET] [text/html] [iBOOD.com - Internet's Best Online Offer Daily!] [iBOOD.com] [vhost] [google] [Google Tag Manager,Varnish] [3c38d20c4b17df17b291bc0606608661]
https://extra-be-nl.forum.ibood.com [200] [GET] [text/html] [iBOOD.com - Internet's Best Online Offer Daily!] [iBOOD.com] [vhost] [google] [Google Tag Manager,Varnish] [0af84d165f1b21b2e3c0a6942bdb901c]
https://extra-be-nl.forum.ibood.com [200] [GET] [text/html] [iBOOD.com - Internet's Best Online Offer Daily!] [iBOOD.com] [vhost] [google] [Google Tag Manager,Varnish] [e634cd2b806558fce2276b8b136a8731]
https://extra-de-de.forum.ibood.com [200] [GET] [text/html] [iBOOD.com - Internet's Best Online Offer Daily!] [iBOOD.com] [vhost] [google] [Google Tag Manager,Varnish] [d7e118c664ed0d065c2dbcd32c6e63db]
https://extra-nl-nl.forum.ibood.com [200] [GET] [text/html] [iBOOD.com - Internet's Best Online Offer Daily!] [iBOOD.com] [vhost] [google] [Google Tag Manager,Varnish] [72ded4be8301c9acae7d68c256b74055]
https://extra-nl-nl.forum.ibood.com [200] [GET] [text/html] [iBOOD.com - Internet's Best Online Offer Daily!] [iBOOD.com] [vhost] [google] [Google Tag Manager,Varnish] [7ff974f8402b503c5f8923eaeb73c766]
https://extra-pl-pl.forum.ibood.com [200] [GET] [text/html] [iBOOD.com - Internet's Best Online Offer Daily!] [iBOOD.com] [vhost] [google] [Google Tag Manager,Varnish] [99c1f41cd1624331f712107e8238e4bf]
https://fashion-accessories-at-de.forum.ibood.com [200] [GET] [text/html] [iBOOD.com - Internet's Best Online Offer Daily!] [iBOOD.com] [vhost] [google] [Google Tag Manager,Varnish] [1880e071d1db1fe66ce65034819f5b3a]
https://fashion-accessories-be-nl.forum.ibood.com [200] [GET] [text/html] [iBOOD.com - Internet's Best Online Offer Daily!] [iBOOD.com] [vhost] [google] [Google Tag Manager,Varnish] [d795601bce85ea47cbca3c523b55e621]
https://fashion-accessories-de-de.forum.ibood.com [200] [GET] [text/html] [iBOOD.com - Internet's Best Online Offer Daily!] [iBOOD.com] [vhost] [google] [Google Tag Manager,Varnish] [9970252f3e7b9cf63832bf00d2a14a14]
https://fashion-accessories-nl-nl.forum.ibood.com [200] [GET] [text/html] [iBOOD.com - Internet's Best Online Offer Daily!] [iBOOD.com] [vhost] [google] [Google Tag Manager,Varnish] [fb032a164bc1f733f295fa8cf1167889]
https://fashion-accessories-pl-pl.forum.ibood.com [200] [GET] [text/html] [iBOOD.com - Internet's Best Online Offer Daily!] [iBOOD.com] [vhost] [google] [Google Tag Manager,Varnish] [3443b8bd2260de360f8dc31512f70fd1]
https://fashion-accessories-pl-pl.forum.ibood.com [200] [GET] [text/html] [iBOOD.com - Internet's Best Online Offer Daily!] [iBOOD.com] [vhost] [google] [Google Tag Manager,Varnish] [c3e20949a1f59db202cf4412187b73ea]
https://fashion-accessories-pl-pl.northamerica.forum.ibood.com [200] [GET] [text/html] [iBOOD.com - Internet's Best Online Offer Daily!] [iBOOD.com] [vhost] [google] [Google Tag Manager,Varnish] [ff2c383fa4faaf2ba4b219530fa16d2a]
https://health-beauty-at-de.forum.ibood.com [303] [GET] [text/html] [] [iBOOD.com] [google] [Varnish] [d41d8cd98f00b204e9800998ecf8427e]
https://health-beauty-be-nl.forum.ibood.com [303] [GET] [text/html] [] [iBOOD.com] [google] [Varnish] [d41d8cd98f00b204e9800998ecf8427e]
https://health-beauty-de-de.forum.ibood.com [303] [GET] [text/html] [] [iBOOD.com] [google] [Varnish] [d41d8cd98f00b204e9800998ecf8427e]
https://health-beauty-nl-nl.forum.ibood.com [303] [GET] [text/html] [] [iBOOD.com] [google] [Varnish] [d41d8cd98f00b204e9800998ecf8427e]
https://health-beauty-pl-pl.forum.ibood.com [303] [GET] [text/html] [] [iBOOD.com] [google] [Varnish] [d41d8cd98f00b204e9800998ecf8427e]
https://home-living-at-de.forum.ibood.com [200] [GET] [text/html] [iBOOD.com - Internet's Best Online Offer Daily!] [iBOOD.com] [vhost] [google] [Google Tag Manager,Varnish] [97616d91f8fd066217df9bce0186a38b]
https://home-living-be-nl.forum.ibood.com [200] [GET] [text/html] [iBOOD.com - Internet's Best Online Offer Daily!] [iBOOD.com] [vhost] [google] [Google Tag Manager,Varnish] [34cb173e491ec9a514c483790f79ed30]
https://home-living-de-de.forum.ibood.com [200] [GET] [text/html] [iBOOD.com - Internet's Best Online Offer Daily!] [iBOOD.com] [vhost] [google] [Google Tag Manager,Varnish] [a752e0a63da1bed88e881af36ba8911e]
https://home-living-nl-nl.forum.ibood.com [200] [GET] [text/html] [iBOOD.com - Internet's Best Online Offer Daily!] [iBOOD.com] [vhost] [google] [Google Tag Manager,Varnish] [2f465ebf13d236977639425bace7717d]
https://home-living-nl-nl.forum.ibood.com [200] [GET] [text/html] [iBOOD.com - Internet's Best Online Offer Daily!] [iBOOD.com] [vhost] [google] [Google Tag Manager,Varnish] [c83a60b87325f1edbaec956cea24e74e]
https://home-living-pl-pl.forum.ibood.com [200] [GET] [text/html] [iBOOD.com - Internet's Best Online Offer Daily!] [iBOOD.com] [vhost] [google] [Google Tag Manager,Varnish] [dd058a143a090eac65ce39b8eb6acba7]
https://ie-en.forum.ibood.com [200] [GET] [text/html] [iBOOD.com - Internet's Best Online Offer Daily!] [iBOOD.com] [vhost] [google] [Google Tag Manager,Varnish] [dcb62da3af9624e21ebc58e53fef7726]
https://interior-at-de.forum.ibood.com [200] [GET] [text/html] [iBOOD.com - Internet's Best Online Offer Daily!] [iBOOD.com] [vhost] [google] [Google Tag Manager,Varnish] [fa4a724d65aa03d15a5b4a861920c5c1]
https://interior-be-nl.forum.ibood.com [200] [GET] [text/html] [iBOOD.com - Internet's Best Online Offer Daily!] [iBOOD.com] [vhost] [google] [Google Tag Manager,Varnish] [f688631593a49acb59e533d88bb30d16]
https://interior-de-de.forum.ibood.com [200] [GET] [text/html] [iBOOD.com - Internet's Best Online Offer Daily!] [iBOOD.com] [vhost] [google] [Google Tag Manager,Varnish] [2c550394cc1e5e993ea791e4e5ca9d05]
https://interior-nl-nl.forum.ibood.com [200] [GET] [text/html] [iBOOD.com - Internet's Best Online Offer Daily!] [iBOOD.com] [vhost] [google] [Google Tag Manager,Varnish] [65817cbf2b13ef7b2368f8c176aff3e5]
https://interior-nl-nl.forum.ibood.com [200] [GET] [text/html] [iBOOD.com - Internet's Best Online Offer Daily!] [iBOOD.com] [vhost] [google] [Google Tag Manager,Varnish] [f198a373c2ef6144b0e545e363f428ab]
https://interior-pl-pl.forum.ibood.com [200] [GET] [text/html] [iBOOD.com - Internet's Best Online Offer Daily!] [iBOOD.com] [vhost] [google] [Google Tag Manager,Varnish] [272d85cfec17a2947ab0f3c2a66b266f]
https://interior-pl-pl.forum.ibood.com [200] [GET] [text/html] [iBOOD.com - Internet's Best Online Offer Daily!] [iBOOD.com] [vhost] [google] [Google Tag Manager,Varnish] [8d890f5cad632a55c93b95d5f259bdd2]
https://kids-toys-at-de.forum.ibood.com [200] [GET] [text/html] [iBOOD.com - Internet's Best Online Offer Daily!] [iBOOD.com] [vhost] [google] [Google Tag Manager,Varnish] [36f39fad383956ee393580609910f7b7]
https://kids-toys-at-de.forum.ibood.com [200] [GET] [text/html] [iBOOD.com - Internet's Best Online Offer Daily!] [iBOOD.com] [vhost] [google] [Google Tag Manager,Varnish] [be663cfd60e1d7cee4cb353953e23d1d]
https://kids-toys-be-nl.forum.ibood.com [200] [GET] [text/html] [iBOOD.com - Internet's Best Online Offer Daily!] [iBOOD.com] [vhost] [google] [Google Tag Manager,Varnish] [4dc7b20464da097257c7a5b148d7dafa]
https://kids-toys-be-nl.forum.ibood.com [200] [GET] [text/html] [iBOOD.com - Internet's Best Online Offer Daily!] [iBOOD.com] [vhost] [google] [Google Tag Manager,Varnish] [c43a166d22c6f82ea3667f5a62a39930]
https://kids-toys-de-de.forum.ibood.com [200] [GET] [text/html] [iBOOD.com - Internet's Best Online Offer Daily!] [iBOOD.com] [vhost] [google] [Google Tag Manager,Varnish] [62a77c1ec480e1013045fc285e38d763]
https://kids-toys-nl-nl.forum.ibood.com [200] [GET] [text/html] [iBOOD.com - Internet's Best Online Offer Daily!] [iBOOD.com] [vhost] [google] [Google Tag Manager,Varnish] [5b90c397d08103e5561a4495892b4681]
https://kids-toys-pl-pl.forum.ibood.com [200] [GET] [text/html] [iBOOD.com - Internet's Best Online Offer Daily!] [iBOOD.com] [vhost] [google] [Google Tag Manager,Varnish] [9053b2a5b8e0172040ca916622434056]
https://kids-toys-pl-pl.forum.ibood.com [200] [GET] [text/html] [iBOOD.com - Internet's Best Online Offer Daily!] [iBOOD.com] [vhost] [google] [Google Tag Manager,Varnish] [b10acf3d2e584a564c77f4add17f1ce2]
https://owa-auth.forum.ibood.com [303] [GET] [text/html] [] [iBOOD.com] [google] [Varnish] [d41d8cd98f00b204e9800998ecf8427e]
https://sports-fashion-at-de.forum.ibood.com [200] [GET] [text/html] [iBOOD.com - Internet's Best Online Offer Daily!] [iBOOD.com] [vhost] [google] [Google Tag Manager,Varnish] [bef3ec8aa3e48e3fab910736b3745110]
https://sports-fashion-at-de.forum.ibood.com [200] [GET] [text/html] [iBOOD.com - Internet's Best Online Offer Daily!] [iBOOD.com] [vhost] [google] [Google Tag Manager,Varnish] [cc312f7ebc5b74c221c873e0c510e9eb]
https://sports-fashion-be-nl.forum.ibood.com [200] [GET] [text/html] [iBOOD.com - Internet's Best Online Offer Daily!] [iBOOD.com] [vhost] [google] [Google Tag Manager,Varnish] [dee5c1eae20ee6cb07c322800e1d5f86]
https://sports-fashion-be-nl.forum.ibood.com [200] [GET] [text/html] [iBOOD.com - Internet's Best Online Offer Daily!] [iBOOD.com] [vhost] [google] [Google Tag Manager,Varnish] [f32584f577d23495c2c0d1225bb8b154]
https://sports-fashion-de-de.forum.ibood.com [200] [GET] [text/html] [iBOOD.com - Internet's Best Online Offer Daily!] [iBOOD.com] [vhost] [google] [Google Tag Manager,Varnish] [927d302eb1d3bce5209e9503fc6c2519]
https://sports-fashion-de-de.forum.ibood.com [200] [GET] [text/html] [iBOOD.com - Internet's Best Online Offer Daily!] [iBOOD.com] [vhost] [google] [Google Tag Manager,Varnish] [ef4faf1c97a4e6059113df49d34f3929]
https://sports-fashion-nl-nl.forum.ibood.com [200] [GET] [text/html] [iBOOD.com - Internet's Best Online Offer Daily!] [iBOOD.com] [vhost] [google] [Google Tag Manager,Varnish] [364a4ef5cc460621ba239c1909588dfd]
https://sports-fashion-nl-nl.forum.ibood.com [200] [GET] [text/html] [iBOOD.com - Internet's Best Online Offer Daily!] [iBOOD.com] [vhost] [google] [Google Tag Manager,Varnish] [be8e128db533ab025b0996526d7f00c3]
https://sports-fashion-pl-pl.forum.ibood.com [200] [GET] [text/html] [iBOOD.com - Internet's Best Online Offer Daily!] [iBOOD.com] [vhost] [google] [Google Tag Manager,Varnish] [97ec820758b4cfdaebe35d29e8fe0c85]
https://sports-fashion-pl-pl.forum.ibood.com [200] [GET] [text/html] [iBOOD.com - Internet's Best Online Offer Daily!] [iBOOD.com] [vhost] [google] [Google Tag Manager,Varnish] [ce50311b3e76d6cab443ebd7ea53070d]
https://sports-outdoor-at-de.forum.ibood.com [200] [GET] [text/html] [iBOOD.com - Internet's Best Online Offer Daily!] [iBOOD.com] [vhost] [google] [Google Tag Manager,Varnish] [5acef30dc573f3deb81421ecf489ec86]
https://sports-outdoor-at-de.forum.ibood.com [200] [GET] [text/html] [iBOOD.com - Internet's Best Online Offer Daily!] [iBOOD.com] [vhost] [google] [Google Tag Manager,Varnish] [8fdacdccc20c0f4d54e5a588c5dbfff6]
https://sports-outdoor-be-nl.forum.ibood.com [200] [GET] [text/html] [iBOOD.com - Internet's Best Online Offer Daily!] [iBOOD.com] [vhost] [google] [Google Tag Manager,Varnish] [5e1eba2c0b0bd80f85a8909cd4bb8b1e]
https://sports-outdoor-be-nl.forum.ibood.com [200] [GET] [text/html] [iBOOD.com - Internet's Best Online Offer Daily!] [iBOOD.com] [vhost] [google] [Google Tag Manager,Varnish] [866a01847bd65e1ea101145ec89325e0]
https://sports-outdoor-de-de.forum.ibood.com [200] [GET] [text/html] [iBOOD.com - Internet's Best Online Offer Daily!] [iBOOD.com] [vhost] [google] [Google Tag Manager,Varnish] [0aa79a89436558ae8166eaf3c4c7adff]
https://sports-outdoor-de-de.forum.ibood.com [200] [GET] [text/html] [iBOOD.com - Internet's Best Online Offer Daily!] [iBOOD.com] [vhost] [google] [Google Tag Manager,Varnish] [60635b223d1cd33e308fa66dc849e475]
https://sports-outdoor-nl-nl.forum.ibood.com [200] [GET] [text/html] [iBOOD.com - Internet's Best Online Offer Daily!] [iBOOD.com] [vhost] [google] [Google Tag Manager,Varnish] [302facd95ca64afaa23f395f213e2390]
https://sports-outdoor-nl-nl.forum.ibood.com [200] [GET] [text/html] [iBOOD.com - Internet's Best Online Offer Daily!] [iBOOD.com] [vhost] [google] [Google Tag Manager,Varnish] [aa6766189904c0938c7db68babac2f41]
https://sports-outdoor-pl-pl.forum.ibood.com [200] [GET] [text/html] [iBOOD.com - Internet's Best Online Offer Daily!] [iBOOD.com] [vhost] [google] [Google Tag Manager,Varnish] [11871108a1345bc043f2d9c06cf15277]
https://sports-outdoor-pl-pl.forum.ibood.com [200] [GET] [text/html] [iBOOD.com - Internet's Best Online Offer Daily!] [iBOOD.com] [vhost] [google] [Google Tag Manager,Varnish] [746fa9b70b6dc2d92aff9f72cb13a619]
https://travel-be-nl.forum.ibood.com [200] [GET] [text/html] [iBOOD.com - Internet's Best Online Offer Daily!] [iBOOD.com] [vhost] [google] [Google Tag Manager,Varnish] [72386cd8d8ece5f0927b5ae49dac1851]
https://travel-nl-nl.forum.ibood.com [200] [GET] [text/html] [iBOOD.com - Internet's Best Online Offer Daily!] [iBOOD.com] [vhost] [google] [Google Tag Manager,Varnish] [6283abb6b7b89b1a49761cf1f302f577]
https://travel-nl-nl.forum.ibood.com [200] [GET] [text/html] [iBOOD.com - Internet's Best Online Offer Daily!] [iBOOD.com] [vhost] [google] [Google Tag Manager,Varnish] [bfaae3498590f7c393f562c19b225030]
https://uk-en.forum.ibood.com [200] [GET] [text/html] [iBOOD.com - Internet's Best Online Offer Daily!] [iBOOD.com] [vhost] [google] [Google Tag Manager,Varnish] [ede44877e783879bc5c1f2a26c7038ad]
https://vouchers-at-de.forum.ibood.com [200] [GET] [text/html] [iBOOD.com - Internet's Best Online Offer Daily!] [iBOOD.com] [vhost] [google] [Google Tag Manager,Varnish] [2bc829753517e6e55002c4e43c7228bd]
https://vouchers-at-de.forum.ibood.com [200] [GET] [text/html] [iBOOD.com - Internet's Best Online Offer Daily!] [iBOOD.com] [vhost] [google] [Google Tag Manager,Varnish] [95272a78c96a4e4513212c74e452a4de]
https://vouchers-be-nl.forum.ibood.com [200] [GET] [text/html] [iBOOD.com - Internet's Best Online Offer Daily!] [iBOOD.com] [vhost] [google] [Google Tag Manager,Varnish] [4100474b708244b904bc6c08a26cc868]
https://vouchers-de-de.forum.ibood.com [200] [GET] [text/html] [iBOOD.com - Internet's Best Online Offer Daily!] [iBOOD.com] [vhost] [google] [Google Tag Manager,Varnish] [16a9222945fc4621d8bfddb7f26ef9cc]
https://vouchers-de-de.forum.ibood.com [200] [GET] [text/html] [iBOOD.com - Internet's Best Online Offer Daily!] [iBOOD.com] [vhost] [google] [Google Tag Manager,Varnish] [3fec310b97ee184a298626dcae6e7ad5]
https://vouchers-nl-nl.forum.ibood.com [200] [GET] [text/html] [iBOOD.com - Internet's Best Online Offer Daily!] [iBOOD.com] [vhost] [google] [Google Tag Manager,Varnish] [a00868666d9e263d5d50f6b10fe7f7cb]
https://vouchers-pl-pl.forum.ibood.com [200] [GET] [text/html] [iBOOD.com - Internet's Best Online Offer Daily!] [iBOOD.com] [vhost] [google] [Google Tag Manager,Varnish] [3249834ae9bd87f5bdddea5c53f976ef]
https://vouchers-pl-pl.forum.ibood.com [200] [GET] [text/html] [iBOOD.com - Internet's Best Online Offer Daily!] [iBOOD.com] [vhost] [google] [Google Tag Manager,Varnish] [eb6a68e680aba18e7936994a7ef3e55d]
https://wines-at-de.forum.ibood.com [200] [GET] [text/html] [iBOOD.com - Internet's Best Online Offer Daily!] [iBOOD.com] [vhost] [google] [Google Tag Manager,Varnish] [9a8a5beb60392f6071f4f47eac13e60d]
https://wines-at-de.forum.ibood.com [200] [GET] [text/html] [iBOOD.com - Internet's Best Online Offer Daily!] [iBOOD.com] [vhost] [google] [Google Tag Manager,Varnish] [b7f55bbff7a671c4cf0ae8a47923fe25]
https://wines-be-nl.forum.ibood.com [200] [GET] [text/html] [iBOOD.com - Internet's Best Online Offer Daily!] [iBOOD.com] [vhost] [google] [Google Tag Manager,Varnish] [313b2fcd9eea01cdbbcde00504d08df6]
https://wines-be-nl.forum.ibood.com [200] [GET] [text/html] [iBOOD.com - Internet's Best Online Offer Daily!] [iBOOD.com] [vhost] [google] [Google Tag Manager,Varnish] [9e1042ccbe103787d36ae31ce03ca8ae]
https://wines-de-de.forum.ibood.com [200] [GET] [text/html] [iBOOD.com - Internet's Best Online Offer Daily!] [iBOOD.com] [vhost] [google] [Google Tag Manager,Varnish] [9d0bede049c505d4cfb78bfe6c1ecdc9]
https://wines-de-de.forum.ibood.com [200] [GET] [text/html] [iBOOD.com - Internet's Best Online Offer Daily!] [iBOOD.com] [vhost] [google] [Google Tag Manager,Varnish] [f871cfcecb85aac94031e9659cdae182]
https://wines-nl-nl.forum.ibood.com [200] [GET] [text/html] [iBOOD.com - Internet's Best Online Offer Daily!] [iBOOD.com] [vhost] [google] [Google Tag Manager,Varnish] [af4926ad6acd3ed8f700f1e2af9cac52]
https://wines-nl-nl.forum.ibood.com [200] [GET] [text/html] [iBOOD.com - Internet's Best Online Offer Daily!] [iBOOD.com] [vhost] [google] [Google Tag Manager,Varnish] [b19f74f2612d0f991ad9d713887177b3]
https://wines-pl-pl.forum.ibood.com [200] [GET] [text/html] [iBOOD.com - Internet's Best Online Offer Daily!] [iBOOD.com] [vhost] [google] [Google Tag Manager,Varnish] [0929898e0e2a2ec25c8673db105fb582]
https://wines-pl-pl.forum.ibood.com [200] [GET] [text/html] [iBOOD.com - Internet's Best Online Offer Daily!] [iBOOD.com] [vhost] [google] [Google Tag Manager,Varnish] [1cb0700c40cdc52b1c2bc7402a5e2919]
