https://api-demo.intigriti.com [403] [GET] [text/html] [ERROR: The request could not be satisfied] [CloudFront] [cloudfront] [Amazon Cloudfront,Amazon Web Services] [0e848f2f42b99dd16e04c88a159b0486]
https://api.intigriti.com [404] [GET] [] [] [Hidden] [vhost] [cloudfront] [Amazon Cloudfront,Amazon Web Services] [d41d8cd98f00b204e9800998ecf8427e]
https://api-stage.intigriti.com [403] [GET] [text/html] [ERROR: The request could not be satisfied] [CloudFront] [cloudfront] [Amazon Cloudfront,Amazon Web Services] [0061c2cf97d1e05ec59d47f87b95354b]
https://api-stage.intigriti.com [403] [GET] [text/html] [ERROR: The request could not be satisfied] [CloudFront] [cloudfront] [Amazon Cloudfront,Amazon Web Services] [497093dc3fefc03efb5e2329affb806e]
https://api-uat.intigriti.com [403] [GET] [text/html] [ERROR: The request could not be satisfied] [CloudFront] [cloudfront] [Amazon Cloudfront,Amazon Web Services] [7e67dc3523e707466a6abca390b142b2]
https://app-demo.intigriti.com [403] [GET] [text/html] [intigriti - ethical hacking and managed bug bounty platform] [Hidden] [vhost] [cloudfront] [Amazon Cloudfront,Amazon Web Services,Google Font API] [39d31d22f3a43b0f19da78981d210eaf]
https://click-stage.intigriti.com [400] [GET] [] [] [] [vhost] [cloudfront] [Amazon Cloudfront,Amazon Web Services] [d41d8cd98f00b204e9800998ecf8427e]
https://click-uat.intigriti.com [400] [GET] [] [] [] [vhost] [cloudfront] [Amazon Cloudfront,Amazon Web Services] [d41d8cd98f00b204e9800998ecf8427e]
https://communication-demo.intigriti.com [403] [GET] [text/html] [intigriti - ethical hacking and managed bug bounty platform] [Hidden] [vhost] [cloudfront] [Amazon Cloudfront,Amazon Web Services,Google Font API] [39d31d22f3a43b0f19da78981d210eaf]
https://communication.intigriti.com [403] [GET] [text/html] [intigriti - ethical hacking and managed bug bounty platform] [Hidden] [vhost] [cloudfront] [Amazon Cloudfront,Amazon Web Services,Google Font API] [d4b5afdb43984a4244db67d96348f075]
https://communication-stage.intigriti.com [403] [GET] [text/html] [intigriti - ethical hacking and managed bug bounty platform] [Hidden] [vhost] [cloudfront] [Amazon Cloudfront,Amazon Web Services,Google Font API] [39d31d22f3a43b0f19da78981d210eaf]
https://communication-uat.intigriti.com [403] [GET] [text/html] [intigriti - ethical hacking and managed bug bounty platform] [Hidden] [vhost] [cloudfront] [Amazon Cloudfront,Amazon Web Services,Google Font API] [39d31d22f3a43b0f19da78981d210eaf]
https://intigriti.com [301] [GET] [] [] [Hidden] [vhost] [cloudfront] [Amazon Cloudfront,Amazon Web Services] [d41d8cd98f00b204e9800998ecf8427e]
https://jobs.intigriti.com [403] [GET] [text/html] [ERROR: The request could not be satisfied] [CloudFront] [cloudfront] [Amazon Cloudfront,Amazon Web Services] [e43059a7cf5494915380c927ebd7fad4]
https://jobs-stage.intigriti.com [403] [GET] [text/html] [ERROR: The request could not be satisfied] [CloudFront] [cloudfront] [Amazon Cloudfront,Amazon Web Services] [da36ae733d0c4eafe6c1b86802447756]
https://jobs-uat.intigriti.com [403] [GET] [text/html] [ERROR: The request could not be satisfied] [CloudFront] [cloudfront] [Amazon Cloudfront,Amazon Web Services] [537210a9fb7458ca31c13b67fa3f806b]
https://jobs-uat.intigriti.com [403] [GET] [text/html] [ERROR: The request could not be satisfied] [CloudFront] [cloudfront] [Amazon Cloudfront,Amazon Web Services] [86f254320cd2c88f61f045ce0be69f42]
https://login-demo.intigriti.com [403] [GET] [text/html] [intigriti - ethical hacking and managed bug bounty platform] [Hidden] [vhost] [cloudfront] [Amazon Cloudfront,Amazon Web Services,Google Font API] [39d31d22f3a43b0f19da78981d210eaf]
https://login.intigriti.com [302] [GET] [] [] [Hidden] [vhost] [cloudfront] [Amazon Cloudfront,Amazon Web Services] [d41d8cd98f00b204e9800998ecf8427e]
https://login-uat.intigriti.com [403] [GET] [text/html] [intigriti - ethical hacking and managed bug bounty platform] [Hidden] [vhost] [cloudfront] [Amazon Cloudfront,Amazon Web Services,Google Font API] [39d31d22f3a43b0f19da78981d210eaf]
https://www-demo.intigriti.com [403] [GET] [text/html] [intigriti - ethical hacking and managed bug bounty platform] [Hidden] [vhost] [cloudfront] [Amazon Cloudfront,Amazon Web Services,Google Font API] [39d31d22f3a43b0f19da78981d210eaf]
https://www-stage.intigriti.com [403] [GET] [text/html] [intigriti - ethical hacking and managed bug bounty platform] [Hidden] [vhost] [cloudfront] [Amazon Cloudfront,Amazon Web Services,Google Font API] [39d31d22f3a43b0f19da78981d210eaf]
https://www-uat.intigriti.com [403] [GET] [text/html] [intigriti - ethical hacking and managed bug bounty platform] [Hidden] [vhost] [cloudfront] [Amazon Cloudfront,Amazon Web Services,Google Font API] [39d31d22f3a43b0f19da78981d210eaf]
