http://avatar.iopay.me:2083 [400] [GET] [text/html] [400 The plain HTTP request was sent to HTTPS port] [cloudflare] [cloudflare] [Cloudflare] [20ad84d030031252141ca0b3fc0183f0]
http://avatar.iopay.me:2087 [400] [GET] [text/html] [400 The plain HTTP request was sent to HTTPS port] [cloudflare] [cloudflare] [Cloudflare] [20ad84d030031252141ca0b3fc0183f0]
http://avatar.iopay.me:8443 [400] [GET] [text/html] [400 The plain HTTP request was sent to HTTPS port] [cloudflare] [cloudflare] [Cloudflare] [20ad84d030031252141ca0b3fc0183f0]
http://coingecko-proxy.iopay.me:8082 [403] [GET] [text/html] [403 Forbidden] [nginx] [vhost] [Nginx] [4f8afc2689243991dcede77ebc8b25c8]
http://coingecko-proxy.iopay.me:8084 [403] [GET] [text/html] [403 Forbidden] [nginx] [vhost] [Nginx] [4f8afc2689243991dcede77ebc8b25c8]
http://coingecko-proxy.iopay.me:8085 [403] [GET] [text/html] [403 Forbidden] [nginx] [vhost] [Nginx] [4f8afc2689243991dcede77ebc8b25c8]
http://docs.iopay.me:2082 [302] [GET] [] [] [cloudflare] [vhost] [cloudflare] [Cloudflare] [d41d8cd98f00b204e9800998ecf8427e]
http://docs.iopay.me:2086 [302] [GET] [] [] [cloudflare] [vhost] [cloudflare] [Cloudflare] [d41d8cd98f00b204e9800998ecf8427e]
http://docs.iopay.me:8080 [302] [GET] [] [] [cloudflare] [vhost] [cloudflare] [Cloudflare] [d41d8cd98f00b204e9800998ecf8427e]
http://docs.iopay.me:8880 [302] [GET] [] [] [cloudflare] [vhost] [cloudflare] [Cloudflare] [d41d8cd98f00b204e9800998ecf8427e]
http://iopay.me:2082 [403] [GET] [text/html] [Attention Required! | Cloudflare] [cloudflare] [vhost] [Cloudflare] [6bd44e956340f4bb8692fee9d2b440ba]
http://iopay.me:8080 [403] [GET] [text/html] [Attention Required! | Cloudflare] [cloudflare] [vhost] [Cloudflare] [43e09f7b3f3645ce763496a2e0edb2dd]
http://iopay.me:8880 [403] [GET] [text/html] [Attention Required! | Cloudflare] [cloudflare] [vhost] [Cloudflare] [a47ba25633c76125e33505358456d19a]
http://iopayproject.iopay.me:8082 [403] [GET] [text/html] [403 Forbidden] [nginx] [vhost] [Nginx] [4f8afc2689243991dcede77ebc8b25c8]
http://iopayproject.iopay.me:8084 [403] [GET] [text/html] [403 Forbidden] [nginx] [vhost] [Nginx] [4f8afc2689243991dcede77ebc8b25c8]
http://iopayproject.iopay.me:8085 [403] [GET] [text/html] [403 Forbidden] [nginx] [vhost] [Nginx] [4f8afc2689243991dcede77ebc8b25c8]
http://nft.iopay.me:2082 [403] [GET] [text/html] [Attention Required! | Cloudflare] [cloudflare] [vhost] [Cloudflare] [389d89a27c3bcf56d28fc369fe34e5a5]
http://nft.iopay.me:2086 [403] [GET] [text/html] [Attention Required! | Cloudflare] [cloudflare] [vhost] [Cloudflare] [464b71bf60ef518a95ba9f1b810a075f]
http://nft.iopay.me:2095 [403] [GET] [text/html] [Attention Required! | Cloudflare] [cloudflare] [vhost] [Cloudflare] [fcb0021cec8040e82a77d1f2774c1406]
http://nft.iopay.me:8080 [403] [GET] [text/html] [Attention Required! | Cloudflare] [cloudflare] [vhost] [Cloudflare] [48b906f580aa11886104b8d2416bbf95]
http://nft.iopay.me:8880 [403] [GET] [text/html] [Attention Required! | Cloudflare] [cloudflare] [vhost] [Cloudflare] [b621605bd26cba90d1b306235b046287]
https://avatar.iopay.me [200] [GET] [text/html] [RoboHash] [cloudflare] [vhost] [cloudflare] [Cloudflare,Cloudflare Network Error Logging,jQuery,prettyPhoto] [c7b2f5aef8f7803b8a800828c0f0989d]
https://avatar.iopay.me [200] [GET] [text/html] [RoboHash] [cloudflare] [vhost] [cloudflare] [Cloudflare,Cloudflare Network Error Logging,jQuery,prettyPhoto] [e31861ee31612d46705ff21dd7f9c188]
https://coingecko-proxy.iopay.me:1935 [403] [GET] [application/octet-stream] [] [nginx] [Nginx] [086d9069069ed62de536cbd4f326d0a9]
https://coingecko-proxy.iopay.me [403] [GET] [application/xml] [] [BunnyCDN-NY-885] [vhost] [Amazon Web Services,Bunny,Cloudflare] [a7021c878dad544ee58f0857fd280e83]
https://coingecko-proxy.iopay.me [403] [GET] [application/xml] [] [BunnyCDN-NY-885] [vhost] [Amazon Web Services,Bunny,Cloudflare] [fee221b15770bb191e822e9bf127cc22]
https://docs.iopay.me [200] [GET] [text/html] [Welcome to ioPay Developer Docs - ioPay Docs] [cloudflare] [vhost] [cloudflare] [Algolia,Cloudflare,Google Cloud,Google Cloud Trace,React] [e17001aac645dd3685eb89cd55c48fe7]
https://docs.iopay.me:2053 [200] [GET] [text/html] [Welcome to ioPay Developer Docs - ioPay Docs] [cloudflare] [vhost] [cloudflare] [Algolia,Cloudflare,Google Cloud,Google Cloud Trace,React] [3ab44b653d20beab9f56c92b9932f224]
https://docs.iopay.me:2083 [403] [GET] [text/html] [Attention Required! | Cloudflare] [cloudflare] [vhost] [cloudflare] [Cloudflare] [388cf78a3911e21ff3da9be5074c23c6]
https://docs.iopay.me:2087 [200] [GET] [text/html] [Welcome to ioPay Developer Docs - ioPay Docs] [cloudflare] [vhost] [cloudflare] [Algolia,Cloudflare,Google Cloud,Google Cloud Trace,React] [440bbf4e5bb3ce316bc37d1ad6dbd4b0]
https://docs.iopay.me:8443 [200] [GET] [text/html] [Welcome to ioPay Developer Docs - ioPay Docs] [cloudflare] [vhost] [cloudflare] [Algolia,Cloudflare,Google Cloud,Google Cloud Trace,React] [fbc25990ef8f5dd0a140766ab99807fd]
https://feedback.iopay.me [200] [GET] [text/html] [ioPay Feedback] [] [vhost] [React] [6837e53ac04170173be595fd55f5410c]
https://feedback.iopay.me [200] [GET] [text/html] [ioPay Feedback] [] [vhost] [React] [bc37ba09783239c1c0a5b17f16feeecf]
https://iopay.me [200] [GET] [text/html] [ioPay - Multi-chain Support Crypto Wallet] [cloudflare] [vhost] [Cloudflare] [449831a378d684c2678503c17a7e42c1]
https://iopay.me:2087 [403] [GET] [text/html] [Attention Required! | Cloudflare] [cloudflare] [vhost] [Cloudflare] [fe4a5a979c1933cd08c5baef828282e6]
https://iopay.me:8443 [403] [GET] [text/html] [Attention Required! | Cloudflare] [cloudflare] [vhost] [Cloudflare] [7ea240e90610d18abd4109efe0dc6812]
https://iopayproject.iopay.me:1935 [403] [GET] [application/octet-stream] [] [nginx] [Nginx] [086d9069069ed62de536cbd4f326d0a9]
https://iopayproject.iopay.me [400] [GET] [text/plain] [] [BunnyCDN-NY-885] [vhost] [Bunny,Fastly,GitHub Pages,Varnish] [6a0405c77f92538ad6b4e17cb3cc13cb]
https://nft.iopay.me [200] [GET] [text/plain] [] [cloudflare] [vhost] [Cloudflare] [44a329328abbee1703fa4d199f6264f2]
https://nft.iopay.me:2053 [403] [GET] [text/html] [Attention Required! | Cloudflare] [cloudflare] [vhost] [Cloudflare] [3ad1638d19eef7bd10230f5098e01d31]
https://nft.iopay.me:2083 [403] [GET] [text/html] [Attention Required! | Cloudflare] [cloudflare] [vhost] [Cloudflare] [183f75ffc150addd7bd2833a3bc47b73]
https://nft.iopay.me:2087 [403] [GET] [text/html] [Attention Required! | Cloudflare] [cloudflare] [vhost] [Cloudflare] [6494ce4350a646f1b2a7b3f00a01264a]
https://nft.iopay.me:8443 [403] [GET] [text/html] [Attention Required! | Cloudflare] [cloudflare] [vhost] [Cloudflare] [5171259fc7a31c006aa9999b5a95e16f]
https://web.iopay.me [200] [GET] [text/html] [Dashboard | ioPay] [cloudflare] [vhost] [Cloudflare,Google Tag Manager,Next.js,Node.js,React,webpack] [1da99f01ec6274d0a37a34727eabf2d4]
https://web.iopay.me:2053 [403] [GET] [text/html] [Attention Required! | Cloudflare] [cloudflare] [vhost] [Cloudflare] [e3cb6994f2fd558e8e56b832eb42da7a]
https://web.iopay.me:2083 [403] [GET] [text/html] [Attention Required! | Cloudflare] [cloudflare] [vhost] [Cloudflare] [4c20c201d0d0eca48854066373f650b3]
https://web.iopay.me:2087 [403] [GET] [text/html] [Attention Required! | Cloudflare] [cloudflare] [vhost] [Cloudflare] [46b6e177a884c7ff07694d83227f5cfc]
https://web.iopay.me:8443 [403] [GET] [text/html] [Attention Required! | Cloudflare] [cloudflare] [vhost] [Cloudflare] [4f7ed5935a88bae8ca219cb0401444ec]
https://www.iopay.me:2053 [403] [GET] [text/html] [Attention Required! | Cloudflare] [cloudflare] [vhost] [Cloudflare] [8c81d65f1af63494c6f5678732fd1665]
https://www.iopay.me:2083 [403] [GET] [text/html] [Attention Required! | Cloudflare] [cloudflare] [vhost] [Cloudflare] [2c5bdf8895ef403b06b46cfc0bfd64c4]
https://www.iopay.me:2087 [403] [GET] [text/html] [Attention Required! | Cloudflare] [cloudflare] [vhost] [Cloudflare] [728adab74661b3ee64ebf39fe01c0af0]
https://www.iopay.me [301] [GET] [text/html] [] [cloudflare] [vhost] [Cloudflare] [e1c9a3640c982521911ba6d2ca254d8c]
https://www.iopay.me:8443 [403] [GET] [text/html] [Attention Required! | Cloudflare] [cloudflare] [vhost] [Cloudflare] [34bdde2c7b9e8d39fc02070d9e37db9a]
http://web.iopay.me:2052 [403] [GET] [text/html] [Attention Required! | Cloudflare] [cloudflare] [vhost] [Cloudflare] [8596957f60a0d35c79615129859ae002]
http://web.iopay.me:2082 [403] [GET] [text/html] [Attention Required! | Cloudflare] [cloudflare] [vhost] [Cloudflare] [85ec1b87756e564ed14ec38e705baddb]
http://web.iopay.me:2086 [403] [GET] [text/html] [Attention Required! | Cloudflare] [cloudflare] [vhost] [Cloudflare] [9ce2f4be385d30943b957f6b28dda6fe]
http://web.iopay.me:8080 [403] [GET] [text/html] [Attention Required! | Cloudflare] [cloudflare] [vhost] [Cloudflare] [9aed161736778adc085def4fe7f40a1c]
http://www.iopay.me:2082 [403] [GET] [text/html] [Attention Required! | Cloudflare] [cloudflare] [vhost] [Cloudflare] [9f3d211af22470e025b67d11fb784d6a]
http://www.iopay.me:2086 [403] [GET] [text/html] [Attention Required! | Cloudflare] [cloudflare] [vhost] [Cloudflare] [077ac91a928e193d9a0e3dc029e0459f]
http://www.iopay.me:2095 [403] [GET] [text/html] [Attention Required! | Cloudflare] [cloudflare] [vhost] [Cloudflare] [330415c4f7faed08a8b2ff31b43a3762]
http://www.iopay.me:8080 [403] [GET] [text/html] [Attention Required! | Cloudflare] [cloudflare] [vhost] [Cloudflare] [543ef664e717083872012e632037c559]
http://www.iopay.me:8880 [403] [GET] [text/html] [Attention Required! | Cloudflare] [cloudflare] [vhost] [Cloudflare] [9069307b9ed11f7ddf2e50b1214f47db]
