http://babel-api.iotex.io:2052 [301] [GET] [] [] [cloudflare] [vhost] [cloudflare] [Cloudflare,Cloudflare Network Error Logging] [d41d8cd98f00b204e9800998ecf8427e]
http://babel-api.iotex.io:2082 [301] [GET] [] [] [cloudflare] [vhost] [cloudflare] [Cloudflare,Cloudflare Network Error Logging] [d41d8cd98f00b204e9800998ecf8427e]
http://babel-api.iotex.io:2083 [400] [GET] [text/html] [400 The plain HTTP request was sent to HTTPS port] [cloudflare] [cloudflare] [Cloudflare] [20ad84d030031252141ca0b3fc0183f0]
http://babel-api.iotex.io:2086 [301] [GET] [] [] [cloudflare] [vhost] [cloudflare] [Cloudflare,Cloudflare Network Error Logging] [d41d8cd98f00b204e9800998ecf8427e]
http://babel-api.iotex.io:2095 [301] [GET] [] [] [cloudflare] [vhost] [cloudflare] [Cloudflare,Cloudflare Network Error Logging] [d41d8cd98f00b204e9800998ecf8427e]
http://babel-api.iotex.io:8080 [301] [GET] [] [] [cloudflare] [vhost] [cloudflare] [Cloudflare,Cloudflare Network Error Logging] [d41d8cd98f00b204e9800998ecf8427e]
http://babel-api.iotex.io:8443 [400] [GET] [text/html] [400 The plain HTTP request was sent to HTTPS port] [cloudflare] [cloudflare] [Cloudflare] [20ad84d030031252141ca0b3fc0183f0]
http://babel-api.iotex.io:8880 [301] [GET] [] [] [cloudflare] [vhost] [cloudflare] [Cloudflare,Cloudflare Network Error Logging] [d41d8cd98f00b204e9800998ecf8427e]
http://babel-api.mainnet.iotex.io:2052 [301] [GET] [] [] [cloudflare] [vhost] [cloudflare] [Cloudflare,Cloudflare Network Error Logging] [d41d8cd98f00b204e9800998ecf8427e]
http://babel-api.mainnet.iotex.io:2082 [301] [GET] [] [] [cloudflare] [vhost] [cloudflare] [Cloudflare,Cloudflare Network Error Logging] [d41d8cd98f00b204e9800998ecf8427e]
http://babel-api.mainnet.iotex.io:2083 [400] [GET] [text/html] [400 The plain HTTP request was sent to HTTPS port] [cloudflare] [cloudflare] [Cloudflare] [20ad84d030031252141ca0b3fc0183f0]
http://babel-api.mainnet.iotex.io:2086 [301] [GET] [] [] [cloudflare] [vhost] [cloudflare] [Cloudflare,Cloudflare Network Error Logging] [d41d8cd98f00b204e9800998ecf8427e]
http://babel-api.mainnet.iotex.io:2087 [400] [GET] [text/html] [400 The plain HTTP request was sent to HTTPS port] [cloudflare] [cloudflare] [Cloudflare] [20ad84d030031252141ca0b3fc0183f0]
http://babel-api.mainnet.iotex.io:2095 [301] [GET] [] [] [cloudflare] [vhost] [cloudflare] [Cloudflare,Cloudflare Network Error Logging] [d41d8cd98f00b204e9800998ecf8427e]
http://babel-api.mainnet.iotex.io:8080 [301] [GET] [] [] [cloudflare] [vhost] [cloudflare] [Cloudflare,Cloudflare Network Error Logging] [d41d8cd98f00b204e9800998ecf8427e]
http://babel-api.mainnet.iotex.io:8443 [400] [GET] [text/html] [400 The plain HTTP request was sent to HTTPS port] [cloudflare] [cloudflare] [Cloudflare] [cd58783500d7fa3c58f88eb0ba22f4f8]
http://babel-api.mainnet.iotex.io:8880 [301] [GET] [] [] [cloudflare] [vhost] [cloudflare] [Cloudflare,Cloudflare Network Error Logging] [d41d8cd98f00b204e9800998ecf8427e]
http://babel-api.testnet.iotex.io:2083 [400] [GET] [text/html] [400 The plain HTTP request was sent to HTTPS port] [cloudflare] [cloudflare] [Cloudflare] [20ad84d030031252141ca0b3fc0183f0]
http://babel-api.testnet.iotex.io:2086 [301] [GET] [] [] [cloudflare] [vhost] [cloudflare] [Cloudflare,Cloudflare Network Error Logging] [d41d8cd98f00b204e9800998ecf8427e]
http://babel-api.testnet.iotex.io:2087 [400] [GET] [text/html] [400 The plain HTTP request was sent to HTTPS port] [cloudflare] [cloudflare] [Cloudflare] [20ad84d030031252141ca0b3fc0183f0]
http://babel-api.testnet.iotex.io:2095 [301] [GET] [] [] [cloudflare] [vhost] [cloudflare] [Cloudflare,Cloudflare Network Error Logging] [d41d8cd98f00b204e9800998ecf8427e]
http://babel-api.testnet.iotex.io:2096 [400] [GET] [text/html] [400 The plain HTTP request was sent to HTTPS port] [cloudflare] [cloudflare] [Cloudflare] [20ad84d030031252141ca0b3fc0183f0]
http://babel-api.testnet.iotex.io:8080 [301] [GET] [] [] [cloudflare] [vhost] [cloudflare] [Cloudflare,Cloudflare Network Error Logging] [d41d8cd98f00b204e9800998ecf8427e]
http://babel-api.testnet.iotex.io:8443 [400] [GET] [text/html] [400 The plain HTTP request was sent to HTTPS port] [cloudflare] [cloudflare] [Cloudflare] [cd58783500d7fa3c58f88eb0ba22f4f8]
http://babel-api.testnet.iotex.io:8880 [301] [GET] [] [] [cloudflare] [vhost] [cloudflare] [Cloudflare,Cloudflare Network Error Logging] [d41d8cd98f00b204e9800998ecf8427e]
http://babel-nightly.iotex.io:2082 [301] [GET] [] [] [cloudflare] [vhost] [cloudflare] [Cloudflare,Cloudflare Network Error Logging] [d41d8cd98f00b204e9800998ecf8427e]
http://babel-nightly.iotex.io:2083 [400] [GET] [text/html] [400 The plain HTTP request was sent to HTTPS port] [cloudflare] [cloudflare] [Cloudflare] [cd58783500d7fa3c58f88eb0ba22f4f8]
http://babel-nightly.iotex.io:2086 [301] [GET] [] [] [cloudflare] [vhost] [cloudflare] [Cloudflare,Cloudflare Network Error Logging] [d41d8cd98f00b204e9800998ecf8427e]
http://babel-nightly.iotex.io:2087 [400] [GET] [text/html] [400 The plain HTTP request was sent to HTTPS port] [cloudflare] [cloudflare] [Cloudflare] [20ad84d030031252141ca0b3fc0183f0]
http://babel-nightly.iotex.io:8080 [301] [GET] [] [] [cloudflare] [vhost] [cloudflare] [Cloudflare,Cloudflare Network Error Logging] [d41d8cd98f00b204e9800998ecf8427e]
http://babel-nightly.iotex.io:8443 [400] [GET] [text/html] [400 The plain HTTP request was sent to HTTPS port] [cloudflare] [cloudflare] [Cloudflare] [20ad84d030031252141ca0b3fc0183f0]
http://burndrop.iotex.io:2082 [403] [GET] [text/html] [Attention Required! | Cloudflare] [cloudflare] [vhost] [Cloudflare] [33d60f496634dfbc591b87d70f2b6fba]
http://burndrop.iotex.io:2086 [403] [GET] [text/html] [Attention Required! | Cloudflare] [cloudflare] [vhost] [Cloudflare] [83b86e4bcde27a9d47499229aae52e66]
http://burndrop.iotex.io:2095 [403] [GET] [text/html] [Attention Required! | Cloudflare] [cloudflare] [vhost] [Cloudflare] [f645c5364ce25c61140c81d4175364f0]
http://burndrop.iotex.io:8080 [403] [GET] [text/html] [Attention Required! | Cloudflare] [cloudflare] [vhost] [Cloudflare] [15f16e3199510be985984e806b1372d6]
http://burndrop.iotex.io:8880 [403] [GET] [text/html] [Attention Required! | Cloudflare] [cloudflare] [vhost] [Cloudflare] [1095b7a239890d6d68e2e84c1c1483ef]
http://cdn.iotex.io:8082 [403] [GET] [text/html] [403 Forbidden] [nginx] [vhost] [Nginx] [4f8afc2689243991dcede77ebc8b25c8]
http://cdn.iotex.io:8084 [403] [GET] [text/html] [403 Forbidden] [nginx] [vhost] [Nginx] [4f8afc2689243991dcede77ebc8b25c8]
http://cdn.iotex.io:8085 [403] [GET] [text/html] [403 Forbidden] [nginx] [vhost] [Nginx] [4f8afc2689243991dcede77ebc8b25c8]
http://cdn-m2.iotex.io:8082 [403] [GET] [text/html] [403 Forbidden] [nginx] [vhost] [Nginx] [4f8afc2689243991dcede77ebc8b25c8]
http://cdn-m2.iotex.io:8084 [403] [GET] [text/html] [403 Forbidden] [nginx] [vhost] [Nginx] [4f8afc2689243991dcede77ebc8b25c8]
http://cdn-m2.iotex.io:8085 [403] [GET] [text/html] [403 Forbidden] [nginx] [vhost] [Nginx] [4f8afc2689243991dcede77ebc8b25c8]
http://certs.iotex.io:2083 [400] [GET] [text/html] [400 The plain HTTP request was sent to HTTPS port] [cloudflare] [cloudflare] [Cloudflare] [20ad84d030031252141ca0b3fc0183f0]
http://certs.iotex.io:2086 [301] [GET] [] [] [cloudflare] [vhost] [cloudflare] [Cloudflare,Cloudflare Network Error Logging] [d41d8cd98f00b204e9800998ecf8427e]
http://certs.iotex.io:2087 [400] [GET] [text/html] [400 The plain HTTP request was sent to HTTPS port] [cloudflare] [cloudflare] [Cloudflare] [20ad84d030031252141ca0b3fc0183f0]
http://certs.iotex.io:2095 [301] [GET] [] [] [cloudflare] [vhost] [cloudflare] [Cloudflare,Cloudflare Network Error Logging] [d41d8cd98f00b204e9800998ecf8427e]
http://certs.iotex.io:2096 [400] [GET] [text/html] [400 The plain HTTP request was sent to HTTPS port] [cloudflare] [cloudflare] [Cloudflare] [cd58783500d7fa3c58f88eb0ba22f4f8]
http://certs.iotex.io:8080 [301] [GET] [] [] [cloudflare] [vhost] [cloudflare] [Cloudflare,Cloudflare Network Error Logging] [d41d8cd98f00b204e9800998ecf8427e]
http://certs.iotex.io:8443 [400] [GET] [text/html] [400 The plain HTTP request was sent to HTTPS port] [cloudflare] [cloudflare] [Cloudflare] [cd58783500d7fa3c58f88eb0ba22f4f8]
http://certs.iotex.io:8880 [403] [GET] [text/plain] [] [cloudflare] [vhost] [cloudflare] [Cloudflare,Cloudflare Network Error Logging] [4f20b85ce5ebf225720e040314a7966a]
http://cmc-proxy.iotex.io:8082 [403] [GET] [text/html] [403 Forbidden] [nginx] [vhost] [Nginx] [4f8afc2689243991dcede77ebc8b25c8]
http://cmc-proxy.iotex.io:8084 [403] [GET] [text/html] [403 Forbidden] [nginx] [vhost] [Nginx] [4f8afc2689243991dcede77ebc8b25c8]
http://cmc-proxy.iotex.io:8085 [403] [GET] [text/html] [403 Forbidden] [nginx] [vhost] [Nginx] [4f8afc2689243991dcede77ebc8b25c8]
http://codelabs.iotex.io:2052 [301] [GET] [] [] [cloudflare] [vhost] [cloudflare] [Cloudflare,Cloudflare Network Error Logging] [d41d8cd98f00b204e9800998ecf8427e]
http://codelabs.iotex.io:2082 [301] [GET] [] [] [cloudflare] [vhost] [cloudflare] [Cloudflare,Cloudflare Network Error Logging] [d41d8cd98f00b204e9800998ecf8427e]
http://codelabs.iotex.io:2083 [400] [GET] [text/html] [400 The plain HTTP request was sent to HTTPS port] [cloudflare] [cloudflare] [Cloudflare] [cd58783500d7fa3c58f88eb0ba22f4f8]
http://codelabs.iotex.io:2086 [301] [GET] [] [] [cloudflare] [vhost] [cloudflare] [Cloudflare,Cloudflare Network Error Logging] [d41d8cd98f00b204e9800998ecf8427e]
http://codelabs.iotex.io:2095 [301] [GET] [] [] [cloudflare] [vhost] [cloudflare] [Cloudflare,Cloudflare Network Error Logging] [d41d8cd98f00b204e9800998ecf8427e]
http://codelabs.iotex.io:8080 [301] [GET] [] [] [cloudflare] [vhost] [cloudflare] [Cloudflare,Cloudflare Network Error Logging] [d41d8cd98f00b204e9800998ecf8427e]
http://codelabs.iotex.io:8443 [400] [GET] [text/html] [400 The plain HTTP request was sent to HTTPS port] [cloudflare] [cloudflare] [Cloudflare] [20ad84d030031252141ca0b3fc0183f0]
http://codelabs.iotex.io:8880 [301] [GET] [] [] [cloudflare] [vhost] [cloudflare] [Cloudflare,Cloudflare Network Error Logging] [d41d8cd98f00b204e9800998ecf8427e]
http://community.iotex.io:2052 [301] [GET] [] [] [cloudflare] [vhost] [cloudflare] [Cloudflare,Cloudflare Network Error Logging] [d41d8cd98f00b204e9800998ecf8427e]
http://community.iotex.io:2082 [301] [GET] [] [] [cloudflare] [vhost] [cloudflare] [Cloudflare,Cloudflare Network Error Logging] [d41d8cd98f00b204e9800998ecf8427e]
http://community.iotex.io:2083 [400] [GET] [text/html] [400 The plain HTTP request was sent to HTTPS port] [cloudflare] [cloudflare] [Cloudflare] [cd58783500d7fa3c58f88eb0ba22f4f8]
http://community.iotex.io:2086 [301] [GET] [] [] [cloudflare] [vhost] [cloudflare] [Cloudflare,Cloudflare Network Error Logging] [d41d8cd98f00b204e9800998ecf8427e]
http://community.iotex.io:2087 [400] [GET] [text/html] [400 The plain HTTP request was sent to HTTPS port] [cloudflare] [cloudflare] [Cloudflare] [cd58783500d7fa3c58f88eb0ba22f4f8]
http://community.iotex.io:2095 [301] [GET] [] [] [cloudflare] [vhost] [cloudflare] [Cloudflare,Cloudflare Network Error Logging] [d41d8cd98f00b204e9800998ecf8427e]
http://community.iotex.io:8080 [301] [GET] [] [] [cloudflare] [vhost] [cloudflare] [Cloudflare,Cloudflare Network Error Logging] [d41d8cd98f00b204e9800998ecf8427e]
http://community.iotex.io:8443 [400] [GET] [text/html] [400 The plain HTTP request was sent to HTTPS port] [cloudflare] [cloudflare] [Cloudflare] [cd58783500d7fa3c58f88eb0ba22f4f8]
http://community.iotex.io:8880 [301] [GET] [] [] [cloudflare] [vhost] [cloudflare] [Cloudflare,Cloudflare Network Error Logging] [d41d8cd98f00b204e9800998ecf8427e]
http://dappsample.iotex.io:2052 [403] [GET] [text/html] [Attention Required! | Cloudflare] [cloudflare] [vhost] [Cloudflare] [c142d2f2bbef962088029b572d01bbff]
http://dappsample.iotex.io:2082 [403] [GET] [text/html] [Attention Required! | Cloudflare] [cloudflare] [vhost] [Cloudflare] [694b3f8675d64efe84f475825acb23ef]
http://dappsample.iotex.io:2086 [403] [GET] [text/html] [Attention Required! | Cloudflare] [cloudflare] [vhost] [Cloudflare] [d5137d474204f695e5c4605bbad71654]
http://dappsample.iotex.io:8080 [403] [GET] [text/html] [Attention Required! | Cloudflare] [cloudflare] [vhost] [Cloudflare] [8ff23c10e4d9e36370c942993570f12e]
http://delegates.iotex.io:2082 [302] [GET] [] [] [cloudflare] [vhost] [cloudflare] [Cloudflare] [d41d8cd98f00b204e9800998ecf8427e]
http://delegates.iotex.io:2086 [302] [GET] [] [] [cloudflare] [vhost] [cloudflare] [Cloudflare] [d41d8cd98f00b204e9800998ecf8427e]
http://delegates.iotex.io:8080 [302] [GET] [] [] [cloudflare] [vhost] [cloudflare] [Cloudflare] [d41d8cd98f00b204e9800998ecf8427e]
http://delegates.iotex.io:8880 [302] [GET] [] [] [cloudflare] [vhost] [cloudflare] [Cloudflare] [d41d8cd98f00b204e9800998ecf8427e]
http://developers.iotex.io:2082 [403] [GET] [text/html] [Attention Required! | Cloudflare] [cloudflare] [vhost] [Cloudflare] [7c75e0ea1483733ba9217d0825984632]
http://developers.iotex.io:2086 [403] [GET] [text/html] [Attention Required! | Cloudflare] [cloudflare] [vhost] [Cloudflare] [f933a09d05366084fb1fd7db152e60cc]
http://developers.iotex.io:2095 [403] [GET] [text/html] [Attention Required! | Cloudflare] [cloudflare] [vhost] [Cloudflare] [7306696c9e3e12b21bc7174cfa931b32]
http://developers.iotex.io:8080 [403] [GET] [text/html] [Attention Required! | Cloudflare] [cloudflare] [vhost] [Cloudflare] [61dbc6ff323120ceacf13ef3ab884804]
http://developers.iotex.io:8880 [403] [GET] [text/html] [Attention Required! | Cloudflare] [cloudflare] [vhost] [Cloudflare] [8f021c77211bd99ed1469b26b983d2d9]
http://docker.iotex.io:2082 [301] [GET] [] [] [cloudflare] [vhost] [cloudflare] [Cloudflare,Cloudflare Network Error Logging] [d41d8cd98f00b204e9800998ecf8427e]
http://docker.iotex.io:2083 [400] [GET] [text/html] [400 The plain HTTP request was sent to HTTPS port] [cloudflare] [cloudflare] [Cloudflare] [cd58783500d7fa3c58f88eb0ba22f4f8]
http://docker.iotex.io:2086 [301] [GET] [] [] [cloudflare] [vhost] [cloudflare] [Cloudflare,Cloudflare Network Error Logging] [d41d8cd98f00b204e9800998ecf8427e]
http://docker.iotex.io:2087 [400] [GET] [text/html] [400 The plain HTTP request was sent to HTTPS port] [cloudflare] [cloudflare] [Cloudflare] [cd58783500d7fa3c58f88eb0ba22f4f8]
http://docker.iotex.io:8080 [301] [GET] [] [] [cloudflare] [vhost] [cloudflare] [Cloudflare,Cloudflare Network Error Logging] [d41d8cd98f00b204e9800998ecf8427e]
http://docs.iotex.io:2082 [403] [GET] [text/html] [Attention Required! | Cloudflare] [cloudflare] [vhost] [cloudflare] [Cloudflare] [d7820979d64bfcd2b9b3c1eead413a8b]
http://docs.iotex.io:2086 [302] [GET] [] [] [cloudflare] [vhost] [cloudflare] [Cloudflare] [d41d8cd98f00b204e9800998ecf8427e]
http://docs.iotex.io:8080 [302] [GET] [] [] [cloudflare] [vhost] [cloudflare] [Cloudflare] [d41d8cd98f00b204e9800998ecf8427e]
http://docs.iotex.io:8880 [302] [GET] [] [] [cloudflare] [vhost] [cloudflare] [Cloudflare] [d41d8cd98f00b204e9800998ecf8427e]
http://ecosystem.iotex.io:2052 [403] [GET] [text/html] [Attention Required! | Cloudflare] [cloudflare] [vhost] [Cloudflare] [a238e8509b6fbe50e9445cdfd57ce61b]
http://ecosystem.iotex.io:2082 [403] [GET] [text/html] [Attention Required! | Cloudflare] [cloudflare] [vhost] [Cloudflare] [a9ccc1a43659014cbdbb3657c1c77637]
http://ecosystem.iotex.io:2086 [403] [GET] [text/html] [Attention Required! | Cloudflare] [cloudflare] [vhost] [Cloudflare] [04824f0a6281426dbfcf23e8b546b5dd]
http://ecosystem.iotex.io:8080 [403] [GET] [text/html] [Attention Required! | Cloudflare] [cloudflare] [vhost] [Cloudflare] [1b9cda691a08f5387ab3b9184baa8e27]
http://embed-ucam-staging.iotex.io:2082 [301] [GET] [] [] [cloudflare] [vhost] [cloudflare] [Cloudflare,Cloudflare Network Error Logging] [d41d8cd98f00b204e9800998ecf8427e]
http://embed-ucam-staging.iotex.io:2083 [400] [GET] [text/html] [400 The plain HTTP request was sent to HTTPS port] [cloudflare] [cloudflare] [Cloudflare] [cd58783500d7fa3c58f88eb0ba22f4f8]
http://embed-ucam-staging.iotex.io:2086 [301] [GET] [] [] [cloudflare] [vhost] [cloudflare] [Cloudflare,Cloudflare Network Error Logging] [d41d8cd98f00b204e9800998ecf8427e]
http://embed-ucam-staging.iotex.io:2087 [400] [GET] [text/html] [400 The plain HTTP request was sent to HTTPS port] [cloudflare] [cloudflare] [Cloudflare] [20ad84d030031252141ca0b3fc0183f0]
http://embed-ucam-staging.iotex.io:8080 [301] [GET] [] [] [cloudflare] [vhost] [cloudflare] [Cloudflare,Cloudflare Network Error Logging] [d41d8cd98f00b204e9800998ecf8427e]
http://embed-ucam-staging.iotex.io:8443 [400] [GET] [text/html] [400 The plain HTTP request was sent to HTTPS port] [cloudflare] [cloudflare] [Cloudflare] [20ad84d030031252141ca0b3fc0183f0]
http://ethdenver.iotex.io:2052 [403] [GET] [text/html] [Attention Required! | Cloudflare] [cloudflare] [vhost] [Cloudflare] [d6095ec8e6db6156dd764a23ff4c5b0a]
http://ethdenver.iotex.io:2082 [403] [GET] [text/html] [Attention Required! | Cloudflare] [cloudflare] [vhost] [Cloudflare] [ba96aff759dfd6fd5d6edda8cd0396a7]
http://ethdenver.iotex.io:2086 [403] [GET] [text/html] [Attention Required! | Cloudflare] [cloudflare] [vhost] [Cloudflare] [bf55559de6b88afdb58284494debcac2]
http://ethdenver.iotex.io:8080 [403] [GET] [text/html] [Attention Required! | Cloudflare] [cloudflare] [vhost] [Cloudflare] [1b415b1649530c8f443f0aba0fae468d]
http://faucet.iotex.io:2082 [301] [GET] [] [] [cloudflare] [vhost] [cloudflare] [Cloudflare,Cloudflare Network Error Logging] [d41d8cd98f00b204e9800998ecf8427e]
http://faucet.iotex.io:2083 [400] [GET] [text/html] [400 The plain HTTP request was sent to HTTPS port] [cloudflare] [cloudflare] [Cloudflare] [cd58783500d7fa3c58f88eb0ba22f4f8]
http://faucet.iotex.io:2086 [301] [GET] [] [] [cloudflare] [vhost] [cloudflare] [Cloudflare,Cloudflare Network Error Logging] [d41d8cd98f00b204e9800998ecf8427e]
http://faucet.iotex.io:2087 [400] [GET] [text/html] [400 The plain HTTP request was sent to HTTPS port] [cloudflare] [cloudflare] [Cloudflare] [20ad84d030031252141ca0b3fc0183f0]
http://faucet.iotex.io:8080 [301] [GET] [] [] [cloudflare] [vhost] [cloudflare] [Cloudflare,Cloudflare Network Error Logging] [d41d8cd98f00b204e9800998ecf8427e]
http://faucet.iotex.io:8443 [400] [GET] [text/html] [400 The plain HTTP request was sent to HTTPS port] [cloudflare] [cloudflare] [Cloudflare] [20ad84d030031252141ca0b3fc0183f0]
http://files.iotex.io:8082 [403] [GET] [text/html] [403 Forbidden] [nginx] [vhost] [Nginx] [4f8afc2689243991dcede77ebc8b25c8]
http://files.iotex.io:8084 [403] [GET] [text/html] [403 Forbidden] [nginx] [vhost] [Nginx] [4f8afc2689243991dcede77ebc8b25c8]
http://files.iotex.io:8085 [403] [GET] [text/html] [403 Forbidden] [nginx] [vhost] [Nginx] [4f8afc2689243991dcede77ebc8b25c8]
http://forum.iotex.io:2083 [400] [GET] [text/html] [400 The plain HTTP request was sent to HTTPS port] [cloudflare] [cloudflare] [Cloudflare] [cd58783500d7fa3c58f88eb0ba22f4f8]
http://forum.iotex.io:2086 [301] [GET] [] [] [cloudflare] [vhost] [cloudflare] [Cloudflare,Cloudflare Network Error Logging] [d41d8cd98f00b204e9800998ecf8427e]
http://forum.iotex.io:2087 [400] [GET] [text/html] [400 The plain HTTP request was sent to HTTPS port] [cloudflare] [cloudflare] [Cloudflare] [20ad84d030031252141ca0b3fc0183f0]
http://forum.iotex.io:2095 [301] [GET] [] [] [cloudflare] [vhost] [cloudflare] [Cloudflare,Cloudflare Network Error Logging] [d41d8cd98f00b204e9800998ecf8427e]
http://forum.iotex.io:8080 [301] [GET] [] [] [cloudflare] [vhost] [cloudflare] [Cloudflare,Cloudflare Network Error Logging] [d41d8cd98f00b204e9800998ecf8427e]
http://forum.iotex.io:8443 [400] [GET] [text/html] [400 The plain HTTP request was sent to HTTPS port] [cloudflare] [cloudflare] [Cloudflare] [cd58783500d7fa3c58f88eb0ba22f4f8]
http://forum.iotex.io:8880 [301] [GET] [] [] [cloudflare] [vhost] [cloudflare] [Cloudflare,Cloudflare Network Error Logging] [d41d8cd98f00b204e9800998ecf8427e]
http://fullsync.iotex.io:2083 [400] [GET] [text/html] [400 The plain HTTP request was sent to HTTPS port] [cloudflare] [cloudflare] [Cloudflare] [20ad84d030031252141ca0b3fc0183f0]
http://fullsync.iotex.io:2086 [301] [GET] [] [] [cloudflare] [vhost] [cloudflare] [Cloudflare,Cloudflare Network Error Logging] [d41d8cd98f00b204e9800998ecf8427e]
http://fullsync.iotex.io:2087 [400] [GET] [text/html] [400 The plain HTTP request was sent to HTTPS port] [cloudflare] [cloudflare] [Cloudflare] [20ad84d030031252141ca0b3fc0183f0]
http://fullsync.iotex.io:2095 [301] [GET] [] [] [cloudflare] [vhost] [cloudflare] [Cloudflare,Cloudflare Network Error Logging] [d41d8cd98f00b204e9800998ecf8427e]
http://fullsync.iotex.io:2096 [400] [GET] [text/html] [400 The plain HTTP request was sent to HTTPS port] [cloudflare] [cloudflare] [Cloudflare] [20ad84d030031252141ca0b3fc0183f0]
http://fullsync.iotex.io:8080 [301] [GET] [] [] [cloudflare] [vhost] [cloudflare] [Cloudflare,Cloudflare Network Error Logging] [d41d8cd98f00b204e9800998ecf8427e]
http://fullsync.iotex.io:8880 [301] [GET] [] [] [cloudflare] [vhost] [cloudflare] [Cloudflare,Cloudflare Network Error Logging] [d41d8cd98f00b204e9800998ecf8427e]
http://github.iotex.io:8082 [403] [GET] [text/html] [403 Forbidden] [nginx] [vhost] [Nginx] [4f8afc2689243991dcede77ebc8b25c8]
http://github.iotex.io:8084 [403] [GET] [text/html] [403 Forbidden] [nginx] [vhost] [Nginx] [4f8afc2689243991dcede77ebc8b25c8]
http://github.iotex.io:8085 [403] [GET] [text/html] [403 Forbidden] [nginx] [vhost] [Nginx] [4f8afc2689243991dcede77ebc8b25c8]
http://gov.iotex.io:2082 [403] [GET] [text/html] [Attention Required! | Cloudflare] [cloudflare] [vhost] [Cloudflare] [9653f98e652179b24399dd462afe3f25]
http://gov.iotex.io:2086 [403] [GET] [text/html] [Attention Required! | Cloudflare] [cloudflare] [vhost] [Cloudflare] [4366c06124a6c1b32fb22da0a40f8797]
http://gov.iotex.io:2095 [403] [GET] [text/html] [Attention Required! | Cloudflare] [cloudflare] [vhost] [Cloudflare] [0937ae2211ba02e35a1473cca1a96982]
http://gov.iotex.io:8080 [403] [GET] [text/html] [Attention Required! | Cloudflare] [cloudflare] [vhost] [Cloudflare] [dca5bbf70d4c5167a138ccc43f87fc1b]
http://gov.iotex.io:8880 [403] [GET] [text/html] [Attention Required! | Cloudflare] [cloudflare] [vhost] [Cloudflare] [3b35f9aa578e482e4bf30554265b4932]
http://graph.mainnet.iotex.io:2052 [301] [GET] [] [] [cloudflare] [vhost] [cloudflare] [Cloudflare,Cloudflare Network Error Logging] [d41d8cd98f00b204e9800998ecf8427e]
http://graph.mainnet.iotex.io:2082 [301] [GET] [] [] [cloudflare] [vhost] [cloudflare] [Cloudflare,Cloudflare Network Error Logging] [d41d8cd98f00b204e9800998ecf8427e]
http://graph.mainnet.iotex.io:2083 [400] [GET] [text/html] [400 The plain HTTP request was sent to HTTPS port] [cloudflare] [cloudflare] [Cloudflare] [cd58783500d7fa3c58f88eb0ba22f4f8]
http://graph.mainnet.iotex.io:2086 [301] [GET] [] [] [cloudflare] [vhost] [cloudflare] [Cloudflare,Cloudflare Network Error Logging] [d41d8cd98f00b204e9800998ecf8427e]
http://graph.mainnet.iotex.io:2087 [400] [GET] [text/html] [400 The plain HTTP request was sent to HTTPS port] [cloudflare] [cloudflare] [Cloudflare] [cd58783500d7fa3c58f88eb0ba22f4f8]
http://graph.mainnet.iotex.io:2095 [301] [GET] [] [] [cloudflare] [vhost] [cloudflare] [Cloudflare,Cloudflare Network Error Logging] [d41d8cd98f00b204e9800998ecf8427e]
http://graph.mainnet.iotex.io:8080 [301] [GET] [] [] [cloudflare] [vhost] [cloudflare] [Cloudflare,Cloudflare Network Error Logging] [d41d8cd98f00b204e9800998ecf8427e]
http://graph.mainnet.iotex.io:8443 [400] [GET] [text/html] [400 The plain HTTP request was sent to HTTPS port] [cloudflare] [cloudflare] [Cloudflare] [20ad84d030031252141ca0b3fc0183f0]
http://graph.mainnet.iotex.io:8880 [301] [GET] [] [] [cloudflare] [vhost] [cloudflare] [Cloudflare,Cloudflare Network Error Logging] [d41d8cd98f00b204e9800998ecf8427e]
http://halo.iotex.io:2086 [301] [GET] [] [] [cloudflare] [vhost] [cloudflare] [Cloudflare,Cloudflare Network Error Logging] [d41d8cd98f00b204e9800998ecf8427e]
http://halo.iotex.io:2095 [301] [GET] [] [] [cloudflare] [vhost] [cloudflare] [Cloudflare,Cloudflare Network Error Logging] [d41d8cd98f00b204e9800998ecf8427e]
http://halo.iotex.io:8080 [301] [GET] [] [] [cloudflare] [vhost] [cloudflare] [Cloudflare,Cloudflare Network Error Logging] [d41d8cd98f00b204e9800998ecf8427e]
http://halo.iotex.io:8880 [301] [GET] [] [] [cloudflare] [vhost] [cloudflare] [Cloudflare,Cloudflare Network Error Logging] [d41d8cd98f00b204e9800998ecf8427e]
http://ide.iotex.io:2082 [403] [GET] [text/html] [Attention Required! | Cloudflare] [cloudflare] [vhost] [Cloudflare] [a87af0f85a0613c276c22fc5dbd49168]
http://ide.iotex.io:2086 [403] [GET] [text/html] [Attention Required! | Cloudflare] [cloudflare] [vhost] [Cloudflare] [7e9498723f632db11c060df20f1d4fbb]
http://ide.iotex.io:2095 [403] [GET] [text/html] [Attention Required! | Cloudflare] [cloudflare] [vhost] [Cloudflare] [11659e9643c01f8e0838d69bf7e86c90]
http://ide.iotex.io:8080 [403] [GET] [text/html] [Attention Required! | Cloudflare] [cloudflare] [vhost] [Cloudflare] [758f5ef6b5186918e3f8ca3c1b23ce8f]
http://ide.iotex.io:8880 [403] [GET] [text/html] [Attention Required! | Cloudflare] [cloudflare] [vhost] [Cloudflare] [fb8eeb1a4ceb4220507fd54f9666c9b2]
http://imgc.iotex.io:8082 [403] [GET] [text/html] [403 Forbidden] [nginx] [vhost] [Nginx] [4f8afc2689243991dcede77ebc8b25c8]
http://imgc.iotex.io:8084 [403] [GET] [text/html] [403 Forbidden] [nginx] [vhost] [Nginx] [4f8afc2689243991dcede77ebc8b25c8]
http://imgc.iotex.io:8085 [403] [GET] [text/html] [403 Forbidden] [nginx] [vhost] [Nginx] [4f8afc2689243991dcede77ebc8b25c8]
http://index.graph.mainnet.iotex.io:2052 [301] [GET] [] [] [cloudflare] [vhost] [cloudflare] [Cloudflare,Cloudflare Network Error Logging] [d41d8cd98f00b204e9800998ecf8427e]
http://index.graph.mainnet.iotex.io:2082 [301] [GET] [] [] [cloudflare] [vhost] [cloudflare] [Cloudflare,Cloudflare Network Error Logging] [d41d8cd98f00b204e9800998ecf8427e]
http://index.graph.mainnet.iotex.io:2083 [400] [GET] [text/html] [400 The plain HTTP request was sent to HTTPS port] [cloudflare] [cloudflare] [Cloudflare] [20ad84d030031252141ca0b3fc0183f0]
http://index.graph.mainnet.iotex.io:2086 [301] [GET] [] [] [cloudflare] [vhost] [cloudflare] [Cloudflare,Cloudflare Network Error Logging] [d41d8cd98f00b204e9800998ecf8427e]
http://index.graph.mainnet.iotex.io:2087 [400] [GET] [text/html] [400 The plain HTTP request was sent to HTTPS port] [cloudflare] [cloudflare] [Cloudflare] [20ad84d030031252141ca0b3fc0183f0]
http://index.graph.mainnet.iotex.io:2095 [301] [GET] [] [] [cloudflare] [vhost] [cloudflare] [Cloudflare,Cloudflare Network Error Logging] [d41d8cd98f00b204e9800998ecf8427e]
http://index.graph.mainnet.iotex.io [301] [GET] [] [] [cloudflare] [vhost] [cloudflare] [Cloudflare,Cloudflare Network Error Logging] [d41d8cd98f00b204e9800998ecf8427e]
http://index.graph.mainnet.iotex.io:8080 [301] [GET] [] [] [cloudflare] [vhost] [cloudflare] [Cloudflare,Cloudflare Network Error Logging] [d41d8cd98f00b204e9800998ecf8427e]
http://index.graph.mainnet.iotex.io:8443 [400] [GET] [text/html] [400 The plain HTTP request was sent to HTTPS port] [cloudflare] [cloudflare] [Cloudflare] [cd58783500d7fa3c58f88eb0ba22f4f8]
http://index.graph.mainnet.iotex.io:8880 [301] [GET] [] [] [cloudflare] [vhost] [cloudflare] [Cloudflare,Cloudflare Network Error Logging] [d41d8cd98f00b204e9800998ecf8427e]
http://iopay.iotex.io:2082 [403] [GET] [text/html] [Attention Required! | Cloudflare] [cloudflare] [vhost] [Cloudflare] [21e16ac37b211b2f9641590411ac487e]
http://iopay.iotex.io:2086 [403] [GET] [text/html] [Attention Required! | Cloudflare] [cloudflare] [vhost] [Cloudflare] [d05cbb41e59a49453e7b72ba2b44a1a1]
http://iopay.iotex.io:2095 [403] [GET] [text/html] [Attention Required! | Cloudflare] [cloudflare] [vhost] [Cloudflare] [e8e908c1e41e0c095fb2d35997abada2]
http://iopay.iotex.io:8080 [403] [GET] [text/html] [Attention Required! | Cloudflare] [cloudflare] [vhost] [Cloudflare] [66892c890c1dfb25390173977bdb0d9f]
http://iopay.iotex.io:8880 [403] [GET] [text/html] [Attention Required! | Cloudflare] [cloudflare] [vhost] [Cloudflare] [778df1b11da0e5488045fdb93daafa9d]
http://iopay-wallet.iotex.io:2082 [301] [GET] [] [] [cloudflare] [vhost] [cloudflare] [Cloudflare,Cloudflare Network Error Logging] [d41d8cd98f00b204e9800998ecf8427e]
http://iopay-wallet.iotex.io:2086 [301] [GET] [] [] [cloudflare] [vhost] [cloudflare] [Cloudflare,Cloudflare Network Error Logging] [d41d8cd98f00b204e9800998ecf8427e]
http://iopay-wallet.iotex.io:8080 [301] [GET] [] [] [cloudflare] [vhost] [cloudflare] [Cloudflare,Cloudflare Network Error Logging] [d41d8cd98f00b204e9800998ecf8427e]
http://iotex.io:2082 [403] [GET] [text/html] [Attention Required! | Cloudflare] [cloudflare] [vhost] [Cloudflare] [7c6712ecb9e5b9d41225df638b976c70]
http://iotex.io:8080 [403] [GET] [text/html] [Attention Required! | Cloudflare] [cloudflare] [vhost] [Cloudflare] [8b95fc61ea85c3674c0770cadd0f4765]
http://iotex.io:8880 [403] [GET] [text/html] [Attention Required! | Cloudflare] [cloudflare] [vhost] [Cloudflare] [b0c06f5cd7d3e1c5d6cac8e0914eb2c6]
http://iotexproject.iotex.io:8082 [403] [GET] [text/html] [403 Forbidden] [nginx] [vhost] [Nginx] [4f8afc2689243991dcede77ebc8b25c8]
http://iotexproject.iotex.io:8084 [403] [GET] [text/html] [403 Forbidden] [nginx] [vhost] [Nginx] [4f8afc2689243991dcede77ebc8b25c8]
http://iotexproject.iotex.io:8085 [403] [GET] [text/html] [403 Forbidden] [nginx] [vhost] [Nginx] [4f8afc2689243991dcede77ebc8b25c8]
http://iotube-analytics-api.iotex.io:2082 [301] [GET] [] [] [cloudflare] [vhost] [cloudflare] [Cloudflare,Cloudflare Network Error Logging] [d41d8cd98f00b204e9800998ecf8427e]
http://iotube-analytics-api.iotex.io:2083 [400] [GET] [text/html] [400 The plain HTTP request was sent to HTTPS port] [cloudflare] [cloudflare] [Cloudflare] [cd58783500d7fa3c58f88eb0ba22f4f8]
http://iotube-analytics-api.iotex.io:2086 [301] [GET] [] [] [cloudflare] [vhost] [cloudflare] [Cloudflare,Cloudflare Network Error Logging] [d41d8cd98f00b204e9800998ecf8427e]
http://iotube-analytics-api.iotex.io:2087 [400] [GET] [text/html] [400 The plain HTTP request was sent to HTTPS port] [cloudflare] [cloudflare] [Cloudflare] [cd58783500d7fa3c58f88eb0ba22f4f8]
http://iotube-analytics-api.iotex.io:8080 [301] [GET] [] [] [cloudflare] [vhost] [cloudflare] [Cloudflare,Cloudflare Network Error Logging] [d41d8cd98f00b204e9800998ecf8427e]
http://iotube-analytics-api.iotex.io:8443 [400] [GET] [text/html] [400 The plain HTTP request was sent to HTTPS port] [cloudflare] [cloudflare] [Cloudflare] [20ad84d030031252141ca0b3fc0183f0]
http://ipfs.mainnet.iotex.io:2082 [301] [GET] [] [] [cloudflare] [vhost] [cloudflare] [Cloudflare,Cloudflare Network Error Logging] [d41d8cd98f00b204e9800998ecf8427e]
http://ipfs.mainnet.iotex.io:2083 [400] [GET] [text/html] [400 The plain HTTP request was sent to HTTPS port] [cloudflare] [cloudflare] [Cloudflare] [cd58783500d7fa3c58f88eb0ba22f4f8]
http://ipfs.mainnet.iotex.io:2086 [301] [GET] [] [] [cloudflare] [vhost] [cloudflare] [Cloudflare,Cloudflare Network Error Logging] [d41d8cd98f00b204e9800998ecf8427e]
http://ipfs.mainnet.iotex.io:2087 [400] [GET] [text/html] [400 The plain HTTP request was sent to HTTPS port] [cloudflare] [cloudflare] [Cloudflare] [20ad84d030031252141ca0b3fc0183f0]
http://ipfs.mainnet.iotex.io:8080 [301] [GET] [] [] [cloudflare] [vhost] [cloudflare] [Cloudflare,Cloudflare Network Error Logging] [d41d8cd98f00b204e9800998ecf8427e]
http://ipfs.mainnet.iotex.io:8443 [400] [GET] [text/html] [400 The plain HTTP request was sent to HTTPS port] [cloudflare] [cloudflare] [Cloudflare] [cd58783500d7fa3c58f88eb0ba22f4f8]
http://member-api.iotex.io:2082 [301] [GET] [] [] [cloudflare] [vhost] [cloudflare] [Cloudflare,Cloudflare Network Error Logging] [d41d8cd98f00b204e9800998ecf8427e]
http://member-api.iotex.io:2083 [400] [GET] [text/html] [400 The plain HTTP request was sent to HTTPS port] [cloudflare] [cloudflare] [Cloudflare] [cd58783500d7fa3c58f88eb0ba22f4f8]
http://member-api.iotex.io:2086 [301] [GET] [] [] [cloudflare] [vhost] [cloudflare] [Cloudflare,Cloudflare Network Error Logging] [d41d8cd98f00b204e9800998ecf8427e]
http://member-api.iotex.io:2087 [400] [GET] [text/html] [400 The plain HTTP request was sent to HTTPS port] [cloudflare] [cloudflare] [Cloudflare] [20ad84d030031252141ca0b3fc0183f0]
http://member-api.iotex.io:8080 [301] [GET] [] [] [cloudflare] [vhost] [cloudflare] [Cloudflare,Cloudflare Network Error Logging] [d41d8cd98f00b204e9800998ecf8427e]
http://member-api.iotex.io:8443 [400] [GET] [text/html] [400 The plain HTTP request was sent to HTTPS port] [cloudflare] [cloudflare] [Cloudflare] [cd58783500d7fa3c58f88eb0ba22f4f8]
http://member-dev.iotex.io [503] [GET] [text/html] [Application Error] [Cowboy] [vhost] [Cowboy] [8c772af5c5f6e790a7ac1e8b0f5ce734]
http://member.iotex.io:2082 [301] [GET] [] [] [cloudflare] [vhost] [cloudflare] [Cloudflare,Cloudflare Network Error Logging] [d41d8cd98f00b204e9800998ecf8427e]
http://member.iotex.io:2083 [400] [GET] [text/html] [400 The plain HTTP request was sent to HTTPS port] [cloudflare] [cloudflare] [Cloudflare] [cd58783500d7fa3c58f88eb0ba22f4f8]
http://member.iotex.io:2086 [301] [GET] [] [] [cloudflare] [vhost] [cloudflare] [Cloudflare,Cloudflare Network Error Logging] [d41d8cd98f00b204e9800998ecf8427e]
http://member.iotex.io:2087 [400] [GET] [text/html] [400 The plain HTTP request was sent to HTTPS port] [cloudflare] [cloudflare] [Cloudflare] [cd58783500d7fa3c58f88eb0ba22f4f8]
http://member.iotex.io:8080 [301] [GET] [] [] [cloudflare] [vhost] [cloudflare] [Cloudflare,Cloudflare Network Error Logging] [d41d8cd98f00b204e9800998ecf8427e]
http://member.iotex.io:8443 [400] [GET] [text/html] [400 The plain HTTP request was sent to HTTPS port] [cloudflare] [cloudflare] [Cloudflare] [20ad84d030031252141ca0b3fc0183f0]
http://member-proxy.iotex.io:2083 [400] [GET] [text/html] [400 The plain HTTP request was sent to HTTPS port] [cloudflare] [cloudflare] [Cloudflare] [20ad84d030031252141ca0b3fc0183f0]
http://member-proxy.iotex.io:2086 [301] [GET] [] [] [cloudflare] [vhost] [cloudflare] [Cloudflare,Cloudflare Network Error Logging] [d41d8cd98f00b204e9800998ecf8427e]
http://member-proxy.iotex.io:2087 [400] [GET] [text/html] [400 The plain HTTP request was sent to HTTPS port] [cloudflare] [cloudflare] [Cloudflare] [20ad84d030031252141ca0b3fc0183f0]
http://member-proxy.iotex.io:2095 [301] [GET] [] [] [cloudflare] [vhost] [cloudflare] [Cloudflare,Cloudflare Network Error Logging] [d41d8cd98f00b204e9800998ecf8427e]
http://member-proxy.iotex.io:2096 [400] [GET] [text/html] [400 The plain HTTP request was sent to HTTPS port] [cloudflare] [cloudflare] [Cloudflare] [cd58783500d7fa3c58f88eb0ba22f4f8]
http://member-proxy.iotex.io:8080 [301] [GET] [] [] [cloudflare] [vhost] [cloudflare] [Cloudflare,Cloudflare Network Error Logging] [d41d8cd98f00b204e9800998ecf8427e]
http://member-proxy.iotex.io:8443 [400] [GET] [text/html] [400 The plain HTTP request was sent to HTTPS port] [cloudflare] [cloudflare] [Cloudflare] [cd58783500d7fa3c58f88eb0ba22f4f8]
http://member-proxy.iotex.io:8880 [301] [GET] [] [] [cloudflare] [vhost] [cloudflare] [Cloudflare,Cloudflare Network Error Logging] [d41d8cd98f00b204e9800998ecf8427e]
http://nft.iotex.io:8082 [403] [GET] [text/html] [403 Forbidden] [nginx] [vhost] [Nginx] [4f8afc2689243991dcede77ebc8b25c8]
http://nft.iotex.io:8084 [403] [GET] [text/html] [403 Forbidden] [nginx] [vhost] [Nginx] [4f8afc2689243991dcede77ebc8b25c8]
http://nft.iotex.io:8085 [403] [GET] [text/html] [403 Forbidden] [nginx] [vhost] [Nginx] [4f8afc2689243991dcede77ebc8b25c8]
http://nsv3-hasura.iotex.io:2082 [403] [GET] [text/html] [Attention Required! | Cloudflare] [cloudflare] [vhost] [Cloudflare] [52e59202a2bcf6d732fb1acfda287e8d]
http://nsv3-hasura.iotex.io:2086 [403] [GET] [text/html] [Attention Required! | Cloudflare] [cloudflare] [vhost] [Cloudflare] [ce79b454aa34307fa50066dc5672ea0a]
http://nsv3-hasura.iotex.io:2095 [403] [GET] [text/html] [Attention Required! | Cloudflare] [cloudflare] [vhost] [Cloudflare] [b51f14513a78597ee040c44aa0573485]
http://nsv3-hasura.iotex.io:8080 [403] [GET] [text/html] [Attention Required! | Cloudflare] [cloudflare] [vhost] [Cloudflare] [3962489ec1aea5b601535f5450c25d89]
http://nsv3-hasura.iotex.io:8880 [403] [GET] [text/html] [Attention Required! | Cloudflare] [cloudflare] [vhost] [Cloudflare] [1ac6f4e52949f39e49652314fd8816fd]
http://onboard.iotex.io:2082 [302] [GET] [] [] [cloudflare] [vhost] [cloudflare] [Cloudflare] [d41d8cd98f00b204e9800998ecf8427e]
http://onboard.iotex.io:2086 [302] [GET] [] [] [cloudflare] [vhost] [cloudflare] [Cloudflare] [d41d8cd98f00b204e9800998ecf8427e]
http://onboard.iotex.io:8080 [302] [GET] [] [] [cloudflare] [vhost] [cloudflare] [Cloudflare] [d41d8cd98f00b204e9800998ecf8427e]
http://onboard.iotex.io:8880 [302] [GET] [] [] [cloudflare] [vhost] [cloudflare] [Cloudflare] [d41d8cd98f00b204e9800998ecf8427e]
http://pebble.iotex.io:2052 [301] [GET] [] [] [cloudflare] [vhost] [cloudflare] [Cloudflare,Cloudflare Network Error Logging] [d41d8cd98f00b204e9800998ecf8427e]
http://pebble.iotex.io:2082 [301] [GET] [] [] [cloudflare] [vhost] [cloudflare] [Cloudflare,Cloudflare Network Error Logging] [d41d8cd98f00b204e9800998ecf8427e]
http://pebble.iotex.io:2086 [301] [GET] [] [] [cloudflare] [vhost] [cloudflare] [Cloudflare,Cloudflare Network Error Logging] [d41d8cd98f00b204e9800998ecf8427e]
http://pebble.iotex.io:2095 [301] [GET] [] [] [cloudflare] [vhost] [cloudflare] [Cloudflare,Cloudflare Network Error Logging] [d41d8cd98f00b204e9800998ecf8427e]
http://pebble.iotex.io:8080 [301] [GET] [] [] [cloudflare] [vhost] [cloudflare] [Cloudflare,Cloudflare Network Error Logging] [d41d8cd98f00b204e9800998ecf8427e]
http://pebble.iotex.io:8880 [301] [GET] [] [] [cloudflare] [vhost] [cloudflare] [Cloudflare,Cloudflare Network Error Logging] [d41d8cd98f00b204e9800998ecf8427e]
http://pharos.iotex.io:2082 [301] [GET] [] [] [cloudflare] [vhost] [cloudflare] [Cloudflare,Cloudflare Network Error Logging] [d41d8cd98f00b204e9800998ecf8427e]
http://pharos.iotex.io:2083 [400] [GET] [text/html] [400 The plain HTTP request was sent to HTTPS port] [cloudflare] [cloudflare] [Cloudflare] [20ad84d030031252141ca0b3fc0183f0]
http://pharos.iotex.io:2086 [301] [GET] [] [] [cloudflare] [vhost] [cloudflare] [Cloudflare,Cloudflare Network Error Logging] [d41d8cd98f00b204e9800998ecf8427e]
http://pharos.iotex.io:2087 [400] [GET] [text/html] [400 The plain HTTP request was sent to HTTPS port] [cloudflare] [cloudflare] [Cloudflare] [20ad84d030031252141ca0b3fc0183f0]
http://pharos.iotex.io:8080 [301] [GET] [] [] [cloudflare] [vhost] [cloudflare] [Cloudflare,Cloudflare Network Error Logging] [d41d8cd98f00b204e9800998ecf8427e]
http://pharos.iotex.io:8443 [400] [GET] [text/html] [400 The plain HTTP request was sent to HTTPS port] [cloudflare] [cloudflare] [Cloudflare] [20ad84d030031252141ca0b3fc0183f0]
http://rpc.graph.mainnet.iotex.io:2052 [301] [GET] [] [] [cloudflare] [vhost] [cloudflare] [Cloudflare,Cloudflare Network Error Logging] [d41d8cd98f00b204e9800998ecf8427e]
http://rpc.graph.mainnet.iotex.io:2082 [301] [GET] [] [] [cloudflare] [vhost] [cloudflare] [Cloudflare,Cloudflare Network Error Logging] [d41d8cd98f00b204e9800998ecf8427e]
http://rpc.graph.mainnet.iotex.io:2083 [400] [GET] [text/html] [400 The plain HTTP request was sent to HTTPS port] [cloudflare] [cloudflare] [Cloudflare] [20ad84d030031252141ca0b3fc0183f0]
http://rpc.graph.mainnet.iotex.io:2086 [301] [GET] [] [] [cloudflare] [vhost] [cloudflare] [Cloudflare,Cloudflare Network Error Logging] [d41d8cd98f00b204e9800998ecf8427e]
http://rpc.graph.mainnet.iotex.io:2087 [400] [GET] [text/html] [400 The plain HTTP request was sent to HTTPS port] [cloudflare] [cloudflare] [Cloudflare] [20ad84d030031252141ca0b3fc0183f0]
http://rpc.graph.mainnet.iotex.io:2095 [301] [GET] [] [] [cloudflare] [vhost] [cloudflare] [Cloudflare,Cloudflare Network Error Logging] [d41d8cd98f00b204e9800998ecf8427e]
http://rpc.graph.mainnet.iotex.io [301] [GET] [] [] [cloudflare] [vhost] [cloudflare] [Cloudflare,Cloudflare Network Error Logging] [d41d8cd98f00b204e9800998ecf8427e]
http://rpc.graph.mainnet.iotex.io:8080 [301] [GET] [] [] [cloudflare] [vhost] [cloudflare] [Cloudflare,Cloudflare Network Error Logging] [d41d8cd98f00b204e9800998ecf8427e]
http://rpc.graph.mainnet.iotex.io:8443 [400] [GET] [text/html] [400 The plain HTTP request was sent to HTTPS port] [cloudflare] [cloudflare] [Cloudflare] [20ad84d030031252141ca0b3fc0183f0]
http://rpc.graph.mainnet.iotex.io:8880 [301] [GET] [] [] [cloudflare] [vhost] [cloudflare] [Cloudflare,Cloudflare Network Error Logging] [d41d8cd98f00b204e9800998ecf8427e]
http://s3-ucam.iotex.io:2082 [301] [GET] [] [] [cloudflare] [vhost] [cloudflare] [Cloudflare,Cloudflare Network Error Logging] [d41d8cd98f00b204e9800998ecf8427e]
http://s3-ucam.iotex.io:2083 [400] [GET] [text/html] [400 The plain HTTP request was sent to HTTPS port] [cloudflare] [cloudflare] [Cloudflare] [cd58783500d7fa3c58f88eb0ba22f4f8]
http://s3-ucam.iotex.io:2086 [301] [GET] [] [] [cloudflare] [vhost] [cloudflare] [Cloudflare,Cloudflare Network Error Logging] [d41d8cd98f00b204e9800998ecf8427e]
http://s3-ucam.iotex.io:2087 [400] [GET] [text/html] [400 The plain HTTP request was sent to HTTPS port] [cloudflare] [cloudflare] [Cloudflare] [20ad84d030031252141ca0b3fc0183f0]
http://s3-ucam.iotex.io:8080 [301] [GET] [] [] [cloudflare] [vhost] [cloudflare] [Cloudflare,Cloudflare Network Error Logging] [d41d8cd98f00b204e9800998ecf8427e]
http://s3-ucam.iotex.io:8443 [400] [GET] [text/html] [400 The plain HTTP request was sent to HTTPS port] [cloudflare] [cloudflare] [Cloudflare] [cd58783500d7fa3c58f88eb0ba22f4f8]
https://analyser-api.iotex.io [404] [GET] [application/json] [] [] [vhost] [google] [c5ad5139ffcee8b234217dcf60d08cba]
https://api-ucam.iotex.io [404] [GET] [] [] [Kestrel] [vhost] [Heroku,Kestrel,Microsoft ASP.NET] [d41d8cd98f00b204e9800998ecf8427e]
https://api.ucam.iotex.io [404] [GET] [] [] [Kestrel] [vhost] [Heroku,Kestrel,Microsoft ASP.NET] [d41d8cd98f00b204e9800998ecf8427e]
https://babel-api.iotex.io [404] [GET] [text/plain] [] [cloudflare] [vhost] [cloudflare] [Cloudflare,Cloudflare Network Error Logging] [9d1ead73e678fa2f51a70a933b0bf017]
https://babel-api.mainnet.iotex.io [403] [GET] [text/html] [Attention Required! | Cloudflare] [cloudflare] [vhost] [cloudflare] [Cloudflare,Cloudflare Network Error Logging] [05e64e606383bf2eafb85c6994ff443d]
https://babel-api.mainnet.iotex.io [405] [GET] [] [] [cloudflare] [vhost] [cloudflare] [Cloudflare,Cloudflare Network Error Logging] [d41d8cd98f00b204e9800998ecf8427e]
https://babel-api.testnet.iotex.io [405] [GET] [] [] [cloudflare] [vhost] [cloudflare] [Cloudflare,Cloudflare Network Error Logging] [d41d8cd98f00b204e9800998ecf8427e]
https://babel-nightly.iotex.io [405] [GET] [] [] [cloudflare] [vhost] [cloudflare] [Cloudflare,Cloudflare Network Error Logging] [d41d8cd98f00b204e9800998ecf8427e]
https://burndrop.iotex.io [200] [GET] [text/html] [Burn-Drop - Driving Value to Stakeholders for Every New IoTeX Device] [cloudflare] [vhost] [Cloudflare,Google Font API] [b963ae0a52b3965fa7ae056bfd80c824]
https://burndrop.iotex.io:2053 [403] [GET] [text/html] [Attention Required! | Cloudflare] [cloudflare] [vhost] [Cloudflare] [cdd5b7509ab3769282fb28d8b0a818c7]
https://burndrop.iotex.io:2083 [403] [GET] [text/html] [Attention Required! | Cloudflare] [cloudflare] [vhost] [Cloudflare] [c256a10ffe0a373ab8b9576879256aba]
https://burndrop.iotex.io:2087 [403] [GET] [text/html] [Attention Required! | Cloudflare] [cloudflare] [vhost] [Cloudflare] [3779efb90552803d944ee485aa4d7b47]
https://burndrop.iotex.io:8443 [403] [GET] [text/html] [Attention Required! | Cloudflare] [cloudflare] [vhost] [Cloudflare] [0ff1f4543380014b347f04742b3ac5a5]
https://cdn.iotex.io:1935 [403] [GET] [application/octet-stream] [] [nginx] [Nginx] [086d9069069ed62de536cbd4f326d0a9]
https://cdn.iotex.io [404] [GET] [text/html] [404 - File Not Found] [BunnyCDN-NY-885] [vhost] [Bunny] [0e3bde19a08632f2e893bc2a835598bc]
https://cdn-m2.iotex.io:1935 [403] [GET] [application/octet-stream] [] [nginx] [Nginx] [086d9069069ed62de536cbd4f326d0a9]
https://cdn-m2.iotex.io [200] [GET] [text/html] [Staking - IoTeX Delegates] [BunnyCDN-NY-885] [vhost] [Ant Design,Bunny,Cloudflare,Cloudflare Network Error Logging,Google Font API,Heroku,React] [3480cd937a5d0c36535b1cceef00f4e1]
https://certs.iotex.io [200] [GET] [application/json] [] [cloudflare] [vhost] [cloudflare] [Cloudflare,Cloudflare Network Error Logging] [a51aae2bdeb757e07477dab7e71ce06d]
https://cmc-proxy.iotex.io:1935 [403] [GET] [application/octet-stream] [] [nginx] [Nginx] [086d9069069ed62de536cbd4f326d0a9]
https://cmc-proxy.iotex.io [403] [GET] [application/xml] [] [BunnyCDN-NY-885] [vhost] [Amazon Cloudfront,Amazon Web Services,Bunny] [e0a11149043b5f4a975b381d3b57b4a9]
https://cmc-proxy.iotex.io [403] [GET] [application/xml] [] [BunnyCDN-NY-885] [vhost] [Amazon Cloudfront,Amazon Web Services,Bunny] [f4be5bd8150f462c9efd7b1b6f91b072]
https://codelabs.iotex.io [200] [GET] [text/html] [IoTeX Codelabs] [cloudflare] [vhost] [cloudflare] [Cloudflare,Cloudflare Network Error Logging,Fastly,GitHub Pages,Google Font API,Varnish] [4a98e1f22f5e0e8a8874b0b81faef55f]
https://codelabs.iotex.io [200] [GET] [text/html] [IoTeX Codelabs] [cloudflare] [vhost] [cloudflare] [Cloudflare,Cloudflare Network Error Logging,Fastly,GitHub Pages,Google Font API,Varnish] [d98483c5560c8e7fef0faa5c33f1eabb]
https://codelabs.iotex.io:2087 [403] [GET] [text/html] [Attention Required! | Cloudflare] [cloudflare] [vhost] [cloudflare] [Cloudflare,Cloudflare Network Error Logging] [a2b931fa65ecfe85003f29b2c7dec70b]
https://community.iotex.io [200] [GET] [text/html] [IoTeX • Connecting the Real World to Web3 - IoTeX Community Forum] [cloudflare] [vhost] [cloudflare] [Cloudflare,Cloudflare Network Error Logging,Discourse,Ruby on Rails] [00adf992cab7053020b2bfa460c1c53f]
https://community.iotex.io [200] [GET] [text/html] [IoTeX • Connecting the Real World to Web3 - IoTeX Community Forum] [cloudflare] [vhost] [cloudflare] [Cloudflare,Cloudflare Network Error Logging,Discourse,Ruby on Rails] [2c0e6b16f6899371f031aaac8474bb91]
https://dappsample.iotex.io [200] [GET] [text/html] [] [cloudflare] [vhost] [Cloudflare,Next.js,Node.js,React,webpack] [4b62693deaa13a28210e9b7051af9114]
https://dappsample.iotex.io:2053 [403] [GET] [text/html] [Attention Required! | Cloudflare] [cloudflare] [vhost] [Cloudflare] [8fb1e23fcecbbd4f603ba2c09fb80130]
https://dappsample.iotex.io:2083 [403] [GET] [text/html] [Attention Required! | Cloudflare] [cloudflare] [vhost] [Cloudflare] [b6eef194f4a0832b8f614833cc86142c]
https://dappsample.iotex.io:2087 [403] [GET] [text/html] [Attention Required! | Cloudflare] [cloudflare] [vhost] [Cloudflare] [6492c1b7a21c8a34efe105283af192eb]
https://dappsample.iotex.io:8443 [403] [GET] [text/html] [Attention Required! | Cloudflare] [cloudflare] [vhost] [Cloudflare] [ab3e893bc3878e4399aeabdef4ab621a]
https://delegates.iotex.io:2083 [302] [GET] [text/plain] [] [cloudflare] [vhost] [cloudflare] [Algolia,Cloudflare,Google Cloud,Google Cloud Trace] [bf55ba90f1bdb998f8a5935a89b4076e]
https://delegates.iotex.io:2087 [302] [GET] [text/plain] [] [cloudflare] [vhost] [cloudflare] [Algolia,Cloudflare,Google Cloud,Google Cloud Trace] [bf55ba90f1bdb998f8a5935a89b4076e]
https://delegates.iotex.io [302] [GET] [text/plain] [] [cloudflare] [vhost] [cloudflare] [Algolia,Cloudflare,Google Cloud,Google Cloud Trace] [bf55ba90f1bdb998f8a5935a89b4076e]
https://delegates.iotex.io:8443 [302] [GET] [text/plain] [] [cloudflare] [vhost] [cloudflare] [Algolia,Cloudflare,Google Cloud,Google Cloud Trace] [bf55ba90f1bdb998f8a5935a89b4076e]
https://developers.iotex.io [200] [GET] [text/html] [] [cloudflare] [vhost] [Cloudflare,Next.js,Node.js,React,webpack] [c22e2deda93252423fc4339748739ea4]
https://developers.iotex.io:2053 [403] [GET] [text/html] [Attention Required! | Cloudflare] [cloudflare] [vhost] [Cloudflare] [27aed49e50ba36e65f76548b3d633ffc]
https://developers.iotex.io:2083 [403] [GET] [text/html] [Attention Required! | Cloudflare] [cloudflare] [vhost] [Cloudflare] [d68331b985053801b2ee4dd200c26c12]
https://developers.iotex.io:2087 [403] [GET] [text/html] [Attention Required! | Cloudflare] [cloudflare] [vhost] [Cloudflare] [139a1fb0fc6d435c5ac4a1be9dd0b87e]
https://developers.iotex.io:8443 [403] [GET] [text/html] [Attention Required! | Cloudflare] [cloudflare] [vhost] [Cloudflare] [5be0d208f291f541a3c3ad21469e4dbe]
https://dev.iotex.io [302] [GET] [] [] [] [vhost] [google] [d41d8cd98f00b204e9800998ecf8427e]
https://docker.iotex.io [404] [GET] [text/plain] [] [cloudflare] [vhost] [cloudflare] [Cloudflare,Cloudflare Network Error Logging] [595e88012a6521aae3e12cbebe76eb9e]
https://docker.iotex.io:8443 [521] [GET] [] [] [cloudflare] [vhost] [cloudflare] [Cloudflare,Cloudflare Network Error Logging] [d41d8cd98f00b204e9800998ecf8427e]
https://docs.iotex.io [200] [GET] [text/html] [Welcome - IoTeX Developer Documentation] [cloudflare] [vhost] [cloudflare] [Algolia,Cloudflare,Google Cloud,Google Cloud Trace,React] [4dcaac692362deafda54a8513c3b5102]
https://docs.iotex.io:2083 [200] [GET] [text/html] [Welcome - IoTeX Developer Documentation] [cloudflare] [vhost] [cloudflare] [Algolia,Cloudflare,Google Cloud,Google Cloud Trace,React] [f107b23638a513661a6867895ebd4402]
https://docs.iotex.io:2087 [200] [GET] [text/html] [Welcome - IoTeX Developer Documentation] [cloudflare] [vhost] [cloudflare] [Algolia,Cloudflare,Google Cloud,Google Cloud Trace,React] [67775c7bd25708b941f6ac8934d721aa]
https://docs.iotex.io [403] [GET] [text/html] [Attention Required! | Cloudflare] [cloudflare] [vhost] [cloudflare] [Cloudflare] [620637e51931da7b242754505115d6b2]
https://docs.iotex.io:8443 [200] [GET] [text/html] [Welcome - IoTeX Developer Documentation] [cloudflare] [vhost] [cloudflare] [Algolia,Cloudflare,Google Cloud,Google Cloud Trace,React] [60ab1db9d6cc7f27cc04d4dbc32a7369]
https://docs-old.iotex.io [200] [GET] [text/html] [IoTeX docs has been moved to gitbook to host. This repo has been deprecated. | IoTeX Documentation] [GitHub.com] [vhost] [Fastly,GitHub Pages,Varnish,Vue.js,VuePress:1.8.2] [c1962851b1edc4f2b1c5dd50070fb680]
https://ecosystem.iotex.io [200] [GET] [text/html] [IoTeX Ecosystem] [cloudflare] [vhost] [Cloudflare,Next.js,Node.js,React,webpack] [d841b7001817b2e25fc36376269baca4]
https://ecosystem.iotex.io:2053 [403] [GET] [text/html] [Attention Required! | Cloudflare] [cloudflare] [vhost] [Cloudflare] [4590bb248a1eee3f9b6708d3d9b558b6]
https://ecosystem.iotex.io:2083 [403] [GET] [text/html] [Attention Required! | Cloudflare] [cloudflare] [vhost] [Cloudflare] [aea40b919baf6d564111fbbf0bd00027]
https://ecosystem.iotex.io:2087 [403] [GET] [text/html] [Attention Required! | Cloudflare] [cloudflare] [vhost] [Cloudflare] [aa38f643e267e36ad3ed191bd60c74b6]
https://ecosystem.iotex.io:8443 [403] [GET] [text/html] [Attention Required! | Cloudflare] [cloudflare] [vhost] [Cloudflare] [d25204cbc2604acdf8e4af700b66056f]
https://embed-ucam.iotex.io [302] [GET] [text/html] [] [Cowboy] [vhost] [Cowboy,Heroku] [2af384645bd7f534c552643a04f60d87]
https://embed.ucam.iotex.io [302] [GET] [text/html] [] [Cowboy] [vhost] [Cowboy,Heroku] [2af384645bd7f534c552643a04f60d87]
https://embed-ucam-staging.iotex.io [503] [GET] [text/html] [Offline for Maintenance] [cloudflare] [vhost] [cloudflare] [Cloudflare,Cloudflare Network Error Logging] [5d3c7ae4fc8ef0723c2af7199586c68f]
https://embed-ucam-staging.iotex.io [503] [GET] [text/html] [Offline for Maintenance] [cloudflare] [vhost] [cloudflare] [Cloudflare,Cloudflare Network Error Logging] [6d8a0115fa70a00e7f9fa2e7d49f9e90]
https://ethdenver.iotex.io:2053 [403] [GET] [text/html] [Attention Required! | Cloudflare] [cloudflare] [vhost] [Cloudflare] [6b63539b795866be88951edf9f807715]
https://ethdenver.iotex.io:2083 [403] [GET] [text/html] [Attention Required! | Cloudflare] [cloudflare] [vhost] [Cloudflare] [96052501070838c1144fa91a5b8f4353]
https://ethdenver.iotex.io:2087 [403] [GET] [text/html] [Attention Required! | Cloudflare] [cloudflare] [vhost] [Cloudflare] [f94e0daae6d7125d5bd6dbc336bf4b1c]
https://ethdenver.iotex.io [302] [GET] [text/plain] [] [cloudflare] [vhost] [Cloudflare,Express,Node.js] [9d1ce09ff2b10f22992b198bc29bf14b]
https://ethdenver.iotex.io:8443 [403] [GET] [text/html] [Attention Required! | Cloudflare] [cloudflare] [vhost] [Cloudflare] [870c0bb2615ed12b79a85916ad99f067]
https://faucet.iotex.io [200] [GET] [text/html] [IoTeX Faucet - Getting IoTeX for development] [cloudflare] [vhost] [cloudflare] [Ant Design,Cloudflare,Cloudflare Network Error Logging,Google Font API,Heroku,React] [c8493a622f03e858ecf308d18f70a235]
https://faucet.iotex.io [200] [GET] [text/html] [IoTeX Faucet - Getting IoTeX for development] [cloudflare] [vhost] [cloudflare] [Ant Design,Cloudflare,Cloudflare Network Error Logging,Google Font API,Heroku,React] [fe665ce0492551ae2d5a540a15a6ff59]
https://files.iotex.io:1935 [403] [GET] [application/octet-stream] [] [nginx] [Nginx] [086d9069069ed62de536cbd4f326d0a9]
https://files.iotex.io [400] [GET] [text/plain] [] [BunnyCDN-NY-885] [vhost] [Bunny,Fastly,GitHub Pages,Varnish] [6a0405c77f92538ad6b4e17cb3cc13cb]
https://forum.iotex.io:2096 [403] [GET] [text/plain] [] [cloudflare] [vhost] [cloudflare] [Cloudflare,Cloudflare Network Error Logging] [4f20b85ce5ebf225720e040314a7966a]
https://forum.iotex.io [301] [GET] [text/html] [301 Moved Permanently] [cloudflare] [vhost] [cloudflare] [Cloudflare,Cloudflare Network Error Logging] [42c394b8f0152b372537ace9acc3f7bb]
https://fullsync.iotex.io [200] [GET] [text/html] [fullsync task list] [cloudflare] [vhost] [cloudflare] [Cloudflare,Cloudflare Network Error Logging] [0bb3e2796c29f57422e5ea2882c16cf9]
https://fullsync.iotex.io [200] [GET] [text/html] [fullsync task list] [cloudflare] [vhost] [cloudflare] [Cloudflare,Cloudflare Network Error Logging] [3dc378c90d576f50757d1bcde34dd07f]
https://fullsync.iotex.io:8443 [403] [GET] [text/html] [Attention Required! | Cloudflare] [cloudflare] [vhost] [cloudflare] [Cloudflare,Cloudflare Network Error Logging] [64d70eff79dd97459c68a1ec2b8497d0]
https://github.iotex.io:1935 [403] [GET] [application/octet-stream] [] [nginx] [Nginx] [086d9069069ed62de536cbd4f326d0a9]
https://github.iotex.io [301] [GET] [] [] [BunnyCDN-NY-885] [vhost] [Bunny,Fastly,GitHub Pages,Varnish] [d41d8cd98f00b204e9800998ecf8427e]
https://gov.iotex.io [200] [GET] [text/html] [IoTeX Governance Portal] [cloudflare] [vhost] [Cloudflare] [1cc8a315e7d759471517a9f56ecf8f0f]
https://gov.iotex.io:2053 [403] [GET] [text/html] [Attention Required! | Cloudflare] [cloudflare] [vhost] [Cloudflare] [0ef362897798491f3464ca0ea51d19fe]
https://gov.iotex.io:2083 [403] [GET] [text/html] [Attention Required! | Cloudflare] [cloudflare] [vhost] [Cloudflare] [02f8c7e44355f7ad40838e3e75bcab47]
https://gov.iotex.io:2087 [403] [GET] [text/html] [Attention Required! | Cloudflare] [cloudflare] [vhost] [Cloudflare] [16450a7668b9a5f8628a8303f1abda9e]
https://gov.iotex.io:8443 [403] [GET] [text/html] [Attention Required! | Cloudflare] [cloudflare] [vhost] [Cloudflare] [424d2931954f3ccbe60b7a6dda58c3b7]
https://graphcdn-stake.iotex.io [204] [GET] [] [] [] [vhost] [fastly] [Fastly,Varnish] [d41d8cd98f00b204e9800998ecf8427e]
https://graph.mainnet.iotex.io [200] [GET] [text/plain] [] [cloudflare] [vhost] [cloudflare] [Cloudflare,Cloudflare Network Error Logging] [75a2fe556e01f4f2478f5919e3db0314]
https://halo.iotex.io:2083 [302] [GET] [] [] [cloudflare] [vhost] [cloudflare] [Cloudflare,Cloudflare Network Error Logging] [d41d8cd98f00b204e9800998ecf8427e]
https://halo.iotex.io:2087 [302] [GET] [] [] [cloudflare] [vhost] [cloudflare] [Cloudflare,Cloudflare Network Error Logging] [d41d8cd98f00b204e9800998ecf8427e]
https://halo.iotex.io:2096 [302] [GET] [] [] [cloudflare] [vhost] [cloudflare] [Cloudflare,Cloudflare Network Error Logging] [d41d8cd98f00b204e9800998ecf8427e]
https://halo.iotex.io [302] [GET] [] [] [cloudflare] [vhost] [cloudflare] [Cloudflare,Cloudflare Network Error Logging] [d41d8cd98f00b204e9800998ecf8427e]
https://halo.iotex.io:8443 [302] [GET] [] [] [cloudflare] [vhost] [cloudflare] [Cloudflare,Cloudflare Network Error Logging] [d41d8cd98f00b204e9800998ecf8427e]
https://ide.iotex.io [200] [GET] [text/html] [IoTeX-Studio] [cloudflare] [vhost] [Cloudflare] [a7d1a4ca66d4903baba1529dea7ecbb6]
https://ide.iotex.io:2053 [403] [GET] [text/html] [Attention Required! | Cloudflare] [cloudflare] [vhost] [Cloudflare] [eecf6f1818aa9d5eedccd5237d6d2ebe]
https://ide.iotex.io:2083 [403] [GET] [text/html] [Attention Required! | Cloudflare] [cloudflare] [vhost] [Cloudflare] [1f019f92ef0e5871aa6e9bce48816f3d]
https://ide.iotex.io:2087 [403] [GET] [text/html] [Attention Required! | Cloudflare] [cloudflare] [vhost] [Cloudflare] [fddb9ec871368370ca9ac821a529e134]
https://ide.iotex.io:8443 [403] [GET] [text/html] [Attention Required! | Cloudflare] [cloudflare] [vhost] [Cloudflare] [62a28f5cdf1dd9aa43226026ccbc1d86]
https://imgc.iotex.io:1935 [403] [GET] [application/octet-stream] [] [nginx] [Nginx] [086d9069069ed62de536cbd4f326d0a9]
https://imgc.iotex.io [404] [GET] [image/gif] [] [BunnyCDN-NY-885] [vhost] [Bunny] [d41d8cd98f00b204e9800998ecf8427e]
https://iopay-api.iotex.io [302] [GET] [] [] [] [vhost] [google] [d41d8cd98f00b204e9800998ecf8427e]
https://iopay.iotex.io:2053 [403] [GET] [text/html] [Attention Required! | Cloudflare] [cloudflare] [vhost] [Cloudflare] [b393044dfe373a8be5754099e02b6afa]
https://iopay.iotex.io:2083 [403] [GET] [text/html] [Attention Required! | Cloudflare] [cloudflare] [vhost] [Cloudflare] [ae168e38ff2fb8ba502a2fefabbf765d]
https://iopay.iotex.io:2087 [403] [GET] [text/html] [Attention Required! | Cloudflare] [cloudflare] [vhost] [Cloudflare] [03173930e2c99d1ee1012737af143a23]
https://iopay.iotex.io [302] [GET] [text/html] [ioPay - IoTeX Official Wallet & More] [cloudflare] [vhost] [Ant Design,Cloudflare,Google Font API,Google Tag Manager,React] [242dbb664413eae89634d57b1170db57]
https://iopay.iotex.io [302] [GET] [text/html] [ioPay - IoTeX Official Wallet & More] [cloudflare] [vhost] [Ant Design,Cloudflare,Google Font API,Google Tag Manager,React] [54c922c85e503db7c2a47f623da65c3c]
https://iopay.iotex.io:8443 [403] [GET] [text/html] [Attention Required! | Cloudflare] [cloudflare] [vhost] [Cloudflare] [fb84c8bc639aff051ad2ac6e2cb53060]
https://iopay-wallet.iotex.io:2083 [301] [GET] [] [] [cloudflare] [vhost] [cloudflare] [Cloudflare,Cloudflare Network Error Logging] [d41d8cd98f00b204e9800998ecf8427e]
https://iopay-wallet.iotex.io:2087 [301] [GET] [] [] [cloudflare] [vhost] [cloudflare] [Cloudflare,Cloudflare Network Error Logging] [d41d8cd98f00b204e9800998ecf8427e]
https://iopay-wallet.iotex.io [301] [GET] [] [] [cloudflare] [vhost] [cloudflare] [Cloudflare,Cloudflare Network Error Logging] [d41d8cd98f00b204e9800998ecf8427e]
https://iopay-wallet.iotex.io:8443 [301] [GET] [] [] [cloudflare] [vhost] [cloudflare] [Cloudflare,Cloudflare Network Error Logging] [d41d8cd98f00b204e9800998ecf8427e]
https://iotex.io [200] [GET] [text/html] [IoTeX - Building the Connected World] [cloudflare] [vhost] [Cloudflare,Google Font API,Google Tag Manager,React] [2ff542cef732820aefe68e74153f2a49]
https://iotex.io:2087 [403] [GET] [text/html] [Attention Required! | Cloudflare] [cloudflare] [vhost] [Cloudflare] [9a431ae510c5e441ec18a381820fa4fc]
https://iotex.io:8443 [403] [GET] [text/html] [Attention Required! | Cloudflare] [cloudflare] [vhost] [Cloudflare] [5049c7b2aec1a58313cf16474b9dbdf1]
https://iotexproject.iotex.io:1935 [403] [GET] [application/octet-stream] [] [nginx] [Nginx] [086d9069069ed62de536cbd4f326d0a9]
https://iotexproject.iotex.io [400] [GET] [text/plain] [] [BunnyCDN-NY-885] [vhost] [Bunny,Fastly,GitHub Pages,Varnish] [6a0405c77f92538ad6b4e17cb3cc13cb]
https://iotube-analytics-api.iotex.io [404] [GET] [text/plain] [] [cloudflare] [vhost] [cloudflare] [Cloudflare,Cloudflare Network Error Logging] [595e88012a6521aae3e12cbebe76eb9e]
https://iotube-analytics.iotex.io [302] [GET] [text/plain] [] [] [vhost] [google] [Express,Node.js] [10a76415f1ab8b2dd89e7dbfbbfccb61]
https://ipfs.mainnet.iotex.io [404] [GET] [text/plain] [] [cloudflare] [vhost] [cloudflare] [Cloudflare,Cloudflare Network Error Logging] [595e88012a6521aae3e12cbebe76eb9e]
https://masterservice-ucam.iotex.io [404] [GET] [] [] [Kestrel] [vhost] [Heroku,Kestrel,Microsoft ASP.NET] [d41d8cd98f00b204e9800998ecf8427e]
https://member-api.iotex.io [302] [GET] [text/html] [] [cloudflare] [vhost] [cloudflare] [Cloudflare,Cloudflare Network Error Logging,Heroku] [b2b10898476a0ceabfef2c977166cff0]
https://member.iotex.io [200] [GET] [text/html] [Staking - IoTeX Delegates] [cloudflare] [vhost] [cloudflare] [Ant Design,Cloudflare,Cloudflare Network Error Logging,Google Font API,Heroku,React] [33a76b4aed12266425e124eeb23c0dae]
https://member.iotex.io [200] [GET] [text/html] [Staking - IoTeX Delegates] [cloudflare] [vhost] [cloudflare] [Ant Design,Cloudflare,Cloudflare Network Error Logging,Google Font API,Heroku,React] [6403aa4289d929653729f0f6f1259564]
https://member-proxy.iotex.io [200] [GET] [text/html] [Staking - IoTeX Delegates] [cloudflare] [vhost] [cloudflare] [Ant Design,Cloudflare,Cloudflare Network Error Logging,Google Font API,Heroku,React] [b42a7524a6d9f4f306fce5dea67c41a8]
https://member-proxy.iotex.io [200] [GET] [text/html] [Staking - IoTeX Delegates] [cloudflare] [vhost] [cloudflare] [Ant Design,Cloudflare,Cloudflare Network Error Logging,Google Font API,Heroku,React] [cbae197b381ea352a2f9aa6fd68b7833]
https://nft.iotex.io:1935 [403] [GET] [application/octet-stream] [] [nginx] [Nginx] [086d9069069ed62de536cbd4f326d0a9]
https://nft.iotex.io [400] [GET] [text/plain] [] [BunnyCDN-NY-885] [vhost] [Bunny,Fastly,GitHub Pages,Varnish] [6a0405c77f92538ad6b4e17cb3cc13cb]
https://node-hk1.iotex.io [503] [GET] [text/plain] [] [envoy] [google] [Envoy] [8c59fae743318d3717b9bb70dcb8cf72]
https://node-hk2.iotex.io [502] [GET] [text/plain] [] [] [vhost] [google] [8c59fae743318d3717b9bb70dcb8cf72]
https://nsv3-hasura.iotex.io:2053 [403] [GET] [text/html] [Attention Required! | Cloudflare] [cloudflare] [vhost] [Cloudflare] [9c9095013b0512758713b9cc5c57858c]
https://nsv3-hasura.iotex.io:2083 [403] [GET] [text/html] [Attention Required! | Cloudflare] [cloudflare] [vhost] [Cloudflare] [611e54c02e5493c36cd93f16a9a65caf]
https://nsv3-hasura.iotex.io:2087 [403] [GET] [text/html] [Attention Required! | Cloudflare] [cloudflare] [vhost] [Cloudflare] [6d9530e113b3614abe6fcbeee9cf23e1]
https://nsv3-hasura.iotex.io [302] [GET] [] [] [cloudflare] [vhost] [Cloudflare] [d41d8cd98f00b204e9800998ecf8427e]
https://nsv3-hasura.iotex.io:8443 [403] [GET] [text/html] [Attention Required! | Cloudflare] [cloudflare] [vhost] [Cloudflare] [0f0df5d00e38f01e749bb46ac7ea2052]
https://onboard.iotex.io [200] [GET] [text/html] [Welcome to IoTeX! - IoTeX Onboarding Pack] [cloudflare] [vhost] [cloudflare] [Algolia,Cloudflare,Google Cloud,Google Cloud Trace,React] [3dfc935f5e047523508fd8a6af9b669f]
https://onboard.iotex.io:2083 [200] [GET] [text/html] [Welcome to IoTeX! - IoTeX Onboarding Pack] [cloudflare] [vhost] [cloudflare] [Algolia,Cloudflare,Google Cloud,Google Cloud Trace,React] [2c01e37fa522e21674230f7b7ea25e2d]
https://onboard.iotex.io:2087 [200] [GET] [text/html] [Welcome to IoTeX! - IoTeX Onboarding Pack] [cloudflare] [vhost] [cloudflare] [Algolia,Cloudflare,Google Cloud,Google Cloud Trace,React] [57d858d77b0cabddbce7f48cb9cd641a]
https://onboard.iotex.io:8443 [200] [GET] [text/html] [Welcome to IoTeX! - IoTeX Onboarding Pack] [cloudflare] [vhost] [cloudflare] [Algolia,Cloudflare,Google Cloud,Google Cloud Trace,React] [6f65e926acfe83dbf369d7d0eee12342]
https://pebble.iotex.io:2083 [301] [GET] [] [] [cloudflare] [vhost] [cloudflare] [Cloudflare,Cloudflare Network Error Logging] [d41d8cd98f00b204e9800998ecf8427e]
https://pebble.iotex.io:2087 [301] [GET] [] [] [cloudflare] [vhost] [cloudflare] [Cloudflare,Cloudflare Network Error Logging] [d41d8cd98f00b204e9800998ecf8427e]
https://pebble.iotex.io [301] [GET] [] [] [cloudflare] [vhost] [cloudflare] [Cloudflare,Cloudflare Network Error Logging] [d41d8cd98f00b204e9800998ecf8427e]
https://pebble.iotex.io [403] [GET] [text/html] [Attention Required! | Cloudflare] [cloudflare] [vhost] [cloudflare] [Cloudflare,Cloudflare Network Error Logging] [30a8c0a0bd7d4b835431d19c8a1a6169]
https://pebble.iotex.io:8443 [301] [GET] [] [] [cloudflare] [vhost] [cloudflare] [Cloudflare,Cloudflare Network Error Logging] [d41d8cd98f00b204e9800998ecf8427e]
https://pharos.iotex.io [404] [GET] [text/plain] [] [cloudflare] [vhost] [cloudflare] [Cloudflare,Cloudflare Network Error Logging,Heroku] [595e88012a6521aae3e12cbebe76eb9e]
https://pokt-api.iotex.io [200] [GET] [application/json] [] [] [Express,Node.js] [1d699db523d47fb3f3cd57a00a1e766d]
https://push-ucam.iotex.io [404] [GET] [] [] [Kestrel] [vhost] [Heroku,Kestrel,Microsoft ASP.NET] [d41d8cd98f00b204e9800998ecf8427e]
https://push.ucam.iotex.io [404] [GET] [] [] [Kestrel] [vhost] [Heroku,Kestrel,Microsoft ASP.NET] [d41d8cd98f00b204e9800998ecf8427e]
https://s3-ucam.iotex.io [404] [GET] [] [] [cloudflare] [vhost] [cloudflare] [Cloudflare,Cloudflare Network Error Logging,Heroku] [d41d8cd98f00b204e9800998ecf8427e]
https://s3.ucam.iotex.io [404] [GET] [] [] [Kestrel] [vhost] [Heroku,Kestrel,Microsoft ASP.NET] [d41d8cd98f00b204e9800998ecf8427e]
https://stake.iotex.io [200] [GET] [text/html] [Staking - IoTeX Delegates] [cloudflare] [vhost] [Cloudflare,Next.js,Node.js,React,webpack] [a6b5722ed869aeeb7ae74c4273cf3e31]
https://stake.iotex.io:2053 [403] [GET] [text/html] [Attention Required! | Cloudflare] [cloudflare] [vhost] [Cloudflare] [66a416b975e551bb29369d1ed1d01c12]
https://stake.iotex.io:2083 [403] [GET] [text/html] [Attention Required! | Cloudflare] [cloudflare] [vhost] [Cloudflare] [7f93113ad63cfd8f03dfc85b8a472825]
https://stake.iotex.io:2087 [403] [GET] [text/html] [Attention Required! | Cloudflare] [cloudflare] [vhost] [Cloudflare] [32c2ba26ab27efe1d4a05c5faaff3139]
https://stake.iotex.io:8443 [403] [GET] [text/html] [Attention Required! | Cloudflare] [cloudflare] [vhost] [Cloudflare] [7b6e0a0c24f687a18a42f0ae34c3a56e]
https://support.iotex.io:2083 [301] [GET] [] [] [cloudflare] [vhost] [cloudflare] [Cloudflare,Cloudflare Network Error Logging] [d41d8cd98f00b204e9800998ecf8427e]
https://support.iotex.io:2087 [301] [GET] [] [] [cloudflare] [vhost] [cloudflare] [Cloudflare,Cloudflare Network Error Logging] [d41d8cd98f00b204e9800998ecf8427e]
https://support.iotex.io [301] [GET] [] [] [cloudflare] [vhost] [cloudflare] [Cloudflare,Cloudflare Network Error Logging] [d41d8cd98f00b204e9800998ecf8427e]
https://support.iotex.io:8443 [301] [GET] [] [] [cloudflare] [vhost] [cloudflare] [Cloudflare,Cloudflare Network Error Logging] [d41d8cd98f00b204e9800998ecf8427e]
http://stake.iotex.io:2052 [403] [GET] [text/html] [Attention Required! | Cloudflare] [cloudflare] [vhost] [Cloudflare] [bc75059c18d8794e51aad8dd3d82e1d0]
http://stake.iotex.io:2082 [403] [GET] [text/html] [Attention Required! | Cloudflare] [cloudflare] [vhost] [Cloudflare] [c617e0d6780a5a3bca8f8b983bc57556]
http://stake.iotex.io:2086 [403] [GET] [text/html] [Attention Required! | Cloudflare] [cloudflare] [vhost] [Cloudflare] [14ebe9fe22ab652b3432daead31edde8]
http://stake.iotex.io:8080 [403] [GET] [text/html] [Attention Required! | Cloudflare] [cloudflare] [vhost] [Cloudflare] [37a3cb265c6d4253af04bac4379a99b9]
https://tube.iotex.io:2083 [301] [GET] [] [] [cloudflare] [vhost] [cloudflare] [Cloudflare,Cloudflare Network Error Logging] [d41d8cd98f00b204e9800998ecf8427e]
https://tube.iotex.io:2087 [301] [GET] [] [] [cloudflare] [vhost] [cloudflare] [Cloudflare,Cloudflare Network Error Logging] [d41d8cd98f00b204e9800998ecf8427e]
https://tube.iotex.io [301] [GET] [] [] [cloudflare] [vhost] [cloudflare] [Cloudflare,Cloudflare Network Error Logging] [d41d8cd98f00b204e9800998ecf8427e]
https://tube.iotex.io:8443 [301] [GET] [] [] [cloudflare] [vhost] [cloudflare] [Cloudflare,Cloudflare Network Error Logging] [d41d8cd98f00b204e9800998ecf8427e]
https://ucam-api.hk.iotex.io [404] [GET] [] [] [cloudflare] [vhost] [cloudflare] [Cloudflare,Cloudflare Network Error Logging,Heroku] [d41d8cd98f00b204e9800998ecf8427e]
https://ucam.iotex.io [200] [GET] [text/html] [Home - Ucam] [cloudflare] [vhost] [cloudflare] [Cloudflare,Cloudflare Network Error Logging,Divi,Google Font API,Google Tag Manager,MySQL,PHP:7.3.18,WordPress:5.4.10] [b389e8ea5f0a91a891f323433c8644cc]
https://ucam.iotex.io [200] [GET] [text/html] [Home - Ucam] [cloudflare] [vhost] [cloudflare] [Cloudflare,Cloudflare Network Error Logging,Divi,Google Font API,Google Tag Manager,MySQL,PHP:7.3.18,WordPress:5.4.10] [c9d79851233e24ab0f1fa56c94baccd6]
https://ucam.iotex.io:8443 [521] [GET] [] [] [cloudflare] [vhost] [cloudflare] [Cloudflare,Cloudflare Network Error Logging] [d41d8cd98f00b204e9800998ecf8427e]
https://ucam-server.hk.iotex.io [302] [GET] [text/html] [] [Cowboy] [vhost] [Cowboy,Heroku] [2af384645bd7f534c552643a04f60d87]
http://support.iotex.io:2052 [301] [GET] [] [] [cloudflare] [vhost] [cloudflare] [Cloudflare,Cloudflare Network Error Logging] [d41d8cd98f00b204e9800998ecf8427e]
http://support.iotex.io:2082 [301] [GET] [] [] [cloudflare] [vhost] [cloudflare] [Cloudflare,Cloudflare Network Error Logging] [d41d8cd98f00b204e9800998ecf8427e]
http://support.iotex.io:2086 [301] [GET] [] [] [cloudflare] [vhost] [cloudflare] [Cloudflare,Cloudflare Network Error Logging] [d41d8cd98f00b204e9800998ecf8427e]
http://support.iotex.io:2095 [301] [GET] [] [] [cloudflare] [vhost] [cloudflare] [Cloudflare,Cloudflare Network Error Logging] [d41d8cd98f00b204e9800998ecf8427e]
http://support.iotex.io:8080 [301] [GET] [] [] [cloudflare] [vhost] [cloudflare] [Cloudflare,Cloudflare Network Error Logging] [d41d8cd98f00b204e9800998ecf8427e]
http://support.iotex.io:8880 [301] [GET] [] [] [cloudflare] [vhost] [cloudflare] [Cloudflare,Cloudflare Network Error Logging] [d41d8cd98f00b204e9800998ecf8427e]
https://v3.stake.iotex.io [200] [GET] [text/html] [Staking - IoTeX Delegates] [cloudflare] [vhost] [Cloudflare,Next.js,Node.js,React,webpack] [a6b5722ed869aeeb7ae74c4273cf3e31]
https://v3.stake.iotex.io:2053 [403] [GET] [text/html] [Attention Required! | Cloudflare] [cloudflare] [vhost] [Cloudflare] [edc7f2d745dcfcb7078738e05b0cbf59]
https://v3.stake.iotex.io:2083 [403] [GET] [text/html] [Attention Required! | Cloudflare] [cloudflare] [vhost] [Cloudflare] [5bc398a69ec7fe563a4b5ac042de255a]
https://v3.stake.iotex.io:2087 [403] [GET] [text/html] [Attention Required! | Cloudflare] [cloudflare] [vhost] [Cloudflare] [af2e524c573257597fd6d9ac526bf364]
https://v3.stake.iotex.io:8443 [403] [GET] [text/html] [Attention Required! | Cloudflare] [cloudflare] [vhost] [Cloudflare] [3777446fd8b9bf4108df0ca7c77fdf24]
https://vita.iotex.io [200] [GET] [text/html] [Vita DApp] [cloudflare] [vhost] [cloudflare] [Cloudflare,Cloudflare Network Error Logging,Heroku,Node.js,Nuxt.js,Vue.js] [5d425b7a502ae6d52bd8a5b7f9a8b626]
https://vita.iotex.io [200] [GET] [text/html] [Vita DApp] [cloudflare] [vhost] [cloudflare] [Cloudflare,Cloudflare Network Error Logging,Heroku,Node.js,Nuxt.js,Vue.js] [7c427fd4eb3f4d7450f69fc594fb3158]
https://www.iotex.io:2053 [403] [GET] [text/html] [Attention Required! | Cloudflare] [cloudflare] [vhost] [Cloudflare] [0708aee9b62baa02de1ba1bb2abf0be4]
https://www.iotex.io:2083 [403] [GET] [text/html] [Attention Required! | Cloudflare] [cloudflare] [vhost] [Cloudflare] [d15d5da67aca99e20dfd57669808a4b1]
https://www.iotex.io:2087 [403] [GET] [text/html] [Attention Required! | Cloudflare] [cloudflare] [vhost] [Cloudflare] [d85d52fca41b5f67a88ec1682eb11c58]
https://www.iotex.io [301] [GET] [text/html] [] [cloudflare] [vhost] [Cloudflare] [ea3febb4be097532d0059b433533362e]
https://www.iotex.io:8443 [403] [GET] [text/html] [Attention Required! | Cloudflare] [cloudflare] [vhost] [Cloudflare] [03cdee9a142e6b87cc37b10009ea3bc9]
http://tube.iotex.io:2082 [301] [GET] [] [] [cloudflare] [vhost] [cloudflare] [Cloudflare,Cloudflare Network Error Logging] [d41d8cd98f00b204e9800998ecf8427e]
http://tube.iotex.io:2086 [301] [GET] [] [] [cloudflare] [vhost] [cloudflare] [Cloudflare,Cloudflare Network Error Logging] [d41d8cd98f00b204e9800998ecf8427e]
http://tube.iotex.io:8080 [301] [GET] [] [] [cloudflare] [vhost] [cloudflare] [Cloudflare,Cloudflare Network Error Logging] [d41d8cd98f00b204e9800998ecf8427e]
http://ucam-api.hk.iotex.io:2082 [301] [GET] [] [] [cloudflare] [vhost] [cloudflare] [Cloudflare,Cloudflare Network Error Logging] [d41d8cd98f00b204e9800998ecf8427e]
http://ucam-api.hk.iotex.io:2083 [400] [GET] [text/html] [400 The plain HTTP request was sent to HTTPS port] [cloudflare] [cloudflare] [Cloudflare] [20ad84d030031252141ca0b3fc0183f0]
http://ucam-api.hk.iotex.io:2086 [301] [GET] [] [] [cloudflare] [vhost] [cloudflare] [Cloudflare,Cloudflare Network Error Logging] [d41d8cd98f00b204e9800998ecf8427e]
http://ucam-api.hk.iotex.io:2087 [400] [GET] [text/html] [400 The plain HTTP request was sent to HTTPS port] [cloudflare] [cloudflare] [Cloudflare] [cd58783500d7fa3c58f88eb0ba22f4f8]
http://ucam-api.hk.iotex.io:8080 [301] [GET] [] [] [cloudflare] [vhost] [cloudflare] [Cloudflare,Cloudflare Network Error Logging] [d41d8cd98f00b204e9800998ecf8427e]
http://ucam-api.hk.iotex.io:8443 [400] [GET] [text/html] [400 The plain HTTP request was sent to HTTPS port] [cloudflare] [cloudflare] [Cloudflare] [20ad84d030031252141ca0b3fc0183f0]
http://ucam.iotex.io:2082 [301] [GET] [] [] [cloudflare] [vhost] [cloudflare] [Cloudflare,Cloudflare Network Error Logging] [d41d8cd98f00b204e9800998ecf8427e]
http://ucam.iotex.io:2083 [400] [GET] [text/html] [400 The plain HTTP request was sent to HTTPS port] [cloudflare] [cloudflare] [Cloudflare] [cd58783500d7fa3c58f88eb0ba22f4f8]
http://ucam.iotex.io:2086 [301] [GET] [] [] [cloudflare] [vhost] [cloudflare] [Cloudflare,Cloudflare Network Error Logging] [d41d8cd98f00b204e9800998ecf8427e]
http://ucam.iotex.io:2087 [400] [GET] [text/html] [400 The plain HTTP request was sent to HTTPS port] [cloudflare] [cloudflare] [Cloudflare] [cd58783500d7fa3c58f88eb0ba22f4f8]
http://ucam.iotex.io:8080 [301] [GET] [] [] [cloudflare] [vhost] [cloudflare] [Cloudflare,Cloudflare Network Error Logging] [d41d8cd98f00b204e9800998ecf8427e]
http://v3.stake.iotex.io:2052 [403] [GET] [text/html] [Attention Required! | Cloudflare] [cloudflare] [vhost] [Cloudflare] [e3643cb83c02e3948e81599e9009a30e]
http://v3.stake.iotex.io:2082 [403] [GET] [text/html] [Attention Required! | Cloudflare] [cloudflare] [vhost] [Cloudflare] [999d801a620aa8d59c8707dbb0981540]
http://v3.stake.iotex.io:2086 [403] [GET] [text/html] [Attention Required! | Cloudflare] [cloudflare] [vhost] [Cloudflare] [aa4c3b8c075ffe2b6939cf58e73f50ca]
http://v3.stake.iotex.io:8080 [403] [GET] [text/html] [Attention Required! | Cloudflare] [cloudflare] [vhost] [Cloudflare] [2e051083117ecb24f4d3f56b87952031]
http://vita.iotex.io:2083 [400] [GET] [text/html] [400 The plain HTTP request was sent to HTTPS port] [cloudflare] [cloudflare] [Cloudflare] [cd58783500d7fa3c58f88eb0ba22f4f8]
http://vita.iotex.io:2086 [301] [GET] [] [] [cloudflare] [vhost] [cloudflare] [Cloudflare,Cloudflare Network Error Logging] [d41d8cd98f00b204e9800998ecf8427e]
http://vita.iotex.io:2087 [400] [GET] [text/html] [400 The plain HTTP request was sent to HTTPS port] [cloudflare] [cloudflare] [Cloudflare] [20ad84d030031252141ca0b3fc0183f0]
http://vita.iotex.io:2095 [301] [GET] [] [] [cloudflare] [vhost] [cloudflare] [Cloudflare,Cloudflare Network Error Logging] [d41d8cd98f00b204e9800998ecf8427e]
http://vita.iotex.io:2096 [400] [GET] [text/html] [400 The plain HTTP request was sent to HTTPS port] [cloudflare] [cloudflare] [Cloudflare] [cd58783500d7fa3c58f88eb0ba22f4f8]
http://vita.iotex.io:8080 [301] [GET] [] [] [cloudflare] [vhost] [cloudflare] [Cloudflare,Cloudflare Network Error Logging] [d41d8cd98f00b204e9800998ecf8427e]
http://vita.iotex.io:8443 [400] [GET] [text/html] [400 The plain HTTP request was sent to HTTPS port] [cloudflare] [cloudflare] [Cloudflare] [20ad84d030031252141ca0b3fc0183f0]
http://vita.iotex.io:8880 [301] [GET] [] [] [cloudflare] [vhost] [cloudflare] [Cloudflare,Cloudflare Network Error Logging] [d41d8cd98f00b204e9800998ecf8427e]
http://www.iotex.io:2052 [403] [GET] [text/html] [Attention Required! | Cloudflare] [cloudflare] [vhost] [Cloudflare] [e7834f98e93ae1cfd03e9ea10296dd97]
http://www.iotex.io:2082 [403] [GET] [text/html] [Attention Required! | Cloudflare] [cloudflare] [vhost] [Cloudflare] [89dc2bc4efa34b85ff69c348c67bb810]
http://www.iotex.io:2086 [403] [GET] [text/html] [Attention Required! | Cloudflare] [cloudflare] [vhost] [Cloudflare] [f9540f9806a106cb9606ac984001affd]
http://www.iotex.io:8080 [403] [GET] [text/html] [Attention Required! | Cloudflare] [cloudflare] [vhost] [Cloudflare] [c606cc9f2e3475ce5184921554e035cc]
