http://docs.iotube.org:2082 [302] [GET] [] [] [cloudflare] [vhost] [cloudflare] [Cloudflare] [d41d8cd98f00b204e9800998ecf8427e]
http://docs.iotube.org:2086 [302] [GET] [] [] [cloudflare] [vhost] [cloudflare] [Cloudflare] [d41d8cd98f00b204e9800998ecf8427e]
http://docs.iotube.org:8080 [302] [GET] [] [] [cloudflare] [vhost] [cloudflare] [Cloudflare] [d41d8cd98f00b204e9800998ecf8427e]
http://docs.iotube.org:8880 [302] [GET] [] [] [cloudflare] [vhost] [cloudflare] [Cloudflare] [d41d8cd98f00b204e9800998ecf8427e]
http://g.iotube.org:8082 [403] [GET] [text/html] [403 Forbidden] [nginx] [vhost] [Nginx] [4f8afc2689243991dcede77ebc8b25c8]
http://g.iotube.org:8084 [403] [GET] [text/html] [403 Forbidden] [nginx] [vhost] [Nginx] [4f8afc2689243991dcede77ebc8b25c8]
http://g.iotube.org:8085 [403] [GET] [text/html] [403 Forbidden] [nginx] [vhost] [Nginx] [4f8afc2689243991dcede77ebc8b25c8]
http://iotube.org:2082 [403] [GET] [text/html] [Attention Required! | Cloudflare] [cloudflare] [vhost] [Cloudflare] [e77adacc06e9aa870b81e7813296d4de]
http://iotube.org:8080 [403] [GET] [text/html] [Attention Required! | Cloudflare] [cloudflare] [vhost] [Cloudflare] [3a499337be4ad0e93d98da19d728bcf4]
http://iotube.org:8880 [403] [GET] [text/html] [Attention Required! | Cloudflare] [cloudflare] [vhost] [Cloudflare] [f88958e36e56021943f348270c14bfb6]
https://docs.iotube.org:2053 [302] [GET] [text/plain] [] [cloudflare] [vhost] [cloudflare] [Algolia,Cloudflare,Google Cloud,Google Cloud Trace] [10686c27904040ef900ebbb145b8ef45]
https://docs.iotube.org:2083 [302] [GET] [text/plain] [] [cloudflare] [vhost] [cloudflare] [Algolia,Cloudflare,Google Cloud,Google Cloud Trace] [10686c27904040ef900ebbb145b8ef45]
https://docs.iotube.org:2087 [302] [GET] [text/plain] [] [cloudflare] [vhost] [cloudflare] [Algolia,Cloudflare,Google Cloud,Google Cloud Trace] [10686c27904040ef900ebbb145b8ef45]
https://docs.iotube.org [302] [GET] [text/plain] [] [cloudflare] [vhost] [cloudflare] [Algolia,Cloudflare,Google Cloud,Google Cloud Trace] [10686c27904040ef900ebbb145b8ef45]
https://docs.iotube.org:8443 [302] [GET] [text/plain] [] [cloudflare] [vhost] [cloudflare] [Algolia,Cloudflare,Google Cloud,Google Cloud Trace] [10686c27904040ef900ebbb145b8ef45]
https://g.iotube.org:1935 [403] [GET] [application/octet-stream] [] [nginx] [Nginx] [086d9069069ed62de536cbd4f326d0a9]
https://g.iotube.org [400] [GET] [text/plain] [] [BunnyCDN-NY-885] [vhost] [Bunny,Fastly,GitHub Pages,Varnish] [6a0405c77f92538ad6b4e17cb3cc13cb]
https://iotube.org [200] [GET] [text/html] [ioTube V5] [cloudflare] [vhost] [Cloudflare,Google Font API,Google Tag Manager] [f8ad2be2753db9e551ebf1c32c25c4c0]
https://iotube.org:2087 [403] [GET] [text/html] [Attention Required! | Cloudflare] [cloudflare] [vhost] [Cloudflare] [938f03361b3c15220de3d2813432ed33]
https://iotube.org:8443 [403] [GET] [text/html] [Attention Required! | Cloudflare] [cloudflare] [vhost] [Cloudflare] [9d6c25f41746d1ed84d2be06eaa52669]
https://testnet.iotube.org [200] [GET] [text/html] [ioTube Test] [cloudflare] [vhost] [Cloudflare,Google Font API,Google Tag Manager] [6da124410c7c1709d7eea4790915dbb0]
https://testnet.iotube.org:2053 [403] [GET] [text/html] [Attention Required! | Cloudflare] [cloudflare] [vhost] [Cloudflare] [41d1a4953737c8abf04cc270b7ab727f]
https://testnet.iotube.org:2083 [403] [GET] [text/html] [Attention Required! | Cloudflare] [cloudflare] [vhost] [Cloudflare] [14fef8b707bf2d50d0740fad1e065151]
https://testnet.iotube.org:2087 [403] [GET] [text/html] [Attention Required! | Cloudflare] [cloudflare] [vhost] [Cloudflare] [bda2837037abd34257a97013952baa6a]
https://testnet.iotube.org:8443 [403] [GET] [text/html] [Attention Required! | Cloudflare] [cloudflare] [vhost] [Cloudflare] [6de8a48ae1ea19db3e93db4e51c7c662]
https://v4.iotube.org:2053 [525] [GET] [] [] [cloudflare] [vhost] [Cloudflare,Cloudflare Network Error Logging] [d41d8cd98f00b204e9800998ecf8427e]
https://v4.iotube.org:2083 [525] [GET] [] [] [cloudflare] [vhost] [Cloudflare,Cloudflare Network Error Logging] [d41d8cd98f00b204e9800998ecf8427e]
https://v4.iotube.org:2087 [525] [GET] [] [] [cloudflare] [vhost] [Cloudflare,Cloudflare Network Error Logging] [d41d8cd98f00b204e9800998ecf8427e]
https://v4.iotube.org [301] [GET] [] [] [cloudflare] [vhost] [Cloudflare,Cloudflare Network Error Logging] [d41d8cd98f00b204e9800998ecf8427e]
https://v4.iotube.org:8443 [525] [GET] [] [] [cloudflare] [vhost] [Cloudflare,Cloudflare Network Error Logging] [d41d8cd98f00b204e9800998ecf8427e]
https://www.iotube.org:2053 [403] [GET] [text/html] [Attention Required! | Cloudflare] [cloudflare] [vhost] [Cloudflare] [f1b22647d7c96a71a1e1c08513d4a888]
https://www.iotube.org:2083 [403] [GET] [text/html] [Attention Required! | Cloudflare] [cloudflare] [vhost] [Cloudflare] [5b339915a4d795dec96e7277f1223306]
https://www.iotube.org:2087 [403] [GET] [text/html] [Attention Required! | Cloudflare] [cloudflare] [vhost] [Cloudflare] [ba95a64b3b1b2bdd67b2b66241e66d25]
https://www.iotube.org [301] [GET] [text/html] [] [cloudflare] [vhost] [Cloudflare] [afdb84334b2decfb7a26161787ac2723]
https://www.iotube.org:8443 [403] [GET] [text/html] [Attention Required! | Cloudflare] [cloudflare] [vhost] [Cloudflare] [70d098a92f8dac0d1883d3e78f24d612]
http://testnet.iotube.org:2082 [403] [GET] [text/html] [Attention Required! | Cloudflare] [cloudflare] [vhost] [Cloudflare] [105e7473fda41064ab098e7d9262804d]
http://testnet.iotube.org:2086 [403] [GET] [text/html] [Attention Required! | Cloudflare] [cloudflare] [vhost] [Cloudflare] [777fe7b6bc48961f15ff5838e4bdae97]
http://testnet.iotube.org:2095 [403] [GET] [text/html] [Attention Required! | Cloudflare] [cloudflare] [vhost] [Cloudflare] [c50cfc78497bccf21aa68a5c4a2798b3]
http://testnet.iotube.org:8080 [403] [GET] [text/html] [Attention Required! | Cloudflare] [cloudflare] [vhost] [Cloudflare] [46b25d6a75776ad22d41130986558d5f]
http://testnet.iotube.org:8880 [403] [GET] [text/html] [Attention Required! | Cloudflare] [cloudflare] [vhost] [Cloudflare] [e06d0d873bbaed700f06443ec36c969e]
http://v4.iotube.org:2082 [301] [GET] [] [] [cloudflare] [vhost] [Cloudflare,Cloudflare Network Error Logging] [d41d8cd98f00b204e9800998ecf8427e]
http://v4.iotube.org:2086 [301] [GET] [] [] [cloudflare] [vhost] [Cloudflare,Cloudflare Network Error Logging] [d41d8cd98f00b204e9800998ecf8427e]
http://v4.iotube.org:2095 [301] [GET] [] [] [cloudflare] [vhost] [Cloudflare,Cloudflare Network Error Logging] [d41d8cd98f00b204e9800998ecf8427e]
http://v4.iotube.org:8080 [301] [GET] [] [] [cloudflare] [vhost] [Cloudflare,Cloudflare Network Error Logging] [d41d8cd98f00b204e9800998ecf8427e]
http://v4.iotube.org:8880 [301] [GET] [] [] [cloudflare] [vhost] [Cloudflare,Cloudflare Network Error Logging] [d41d8cd98f00b204e9800998ecf8427e]
http://www.iotube.org:2052 [403] [GET] [text/html] [Attention Required! | Cloudflare] [cloudflare] [vhost] [Cloudflare] [f5df53ab3082d2c3d4022a77bdc7c14d]
http://www.iotube.org:2082 [403] [GET] [text/html] [Attention Required! | Cloudflare] [cloudflare] [vhost] [Cloudflare] [f3a5c22e4311aff76b7e98e0d7c37716]
http://www.iotube.org:2086 [403] [GET] [text/html] [Attention Required! | Cloudflare] [cloudflare] [vhost] [Cloudflare] [c57b03c4ae4de09581e312b5d185a6fd]
http://www.iotube.org:8080 [403] [GET] [text/html] [Attention Required! | Cloudflare] [cloudflare] [vhost] [Cloudflare] [2b1674fadd840accf15716d8559033ed]
