http://app.jetprotocol.io:2052 [301] [GET] [] [] [cloudflare] [vhost] [cloudflare] [Cloudflare,Cloudflare Network Error Logging] [d41d8cd98f00b204e9800998ecf8427e]
http://app.jetprotocol.io:2082 [301] [GET] [] [] [cloudflare] [vhost] [cloudflare] [Cloudflare,Cloudflare Network Error Logging] [d41d8cd98f00b204e9800998ecf8427e]
http://app.jetprotocol.io:2086 [301] [GET] [] [] [cloudflare] [vhost] [cloudflare] [Cloudflare,Cloudflare Network Error Logging] [d41d8cd98f00b204e9800998ecf8427e]
http://app.jetprotocol.io:8080 [301] [GET] [] [] [cloudflare] [vhost] [cloudflare] [Cloudflare,Cloudflare Network Error Logging] [d41d8cd98f00b204e9800998ecf8427e]
http://app.jetprotocol.io:8880 [301] [GET] [] [] [cloudflare] [vhost] [cloudflare] [Cloudflare,Cloudflare Network Error Logging] [d41d8cd98f00b204e9800998ecf8427e]
http://docs.jetprotocol.io:2053 [400] [GET] [text/html] [400 The plain HTTP request was sent to HTTPS port] [cloudflare] [cloudflare] [Cloudflare] [20ad84d030031252141ca0b3fc0183f0]
http://docs.jetprotocol.io:2082 [301] [GET] [] [] [cloudflare] [vhost] [cloudflare] [Cloudflare,Cloudflare Network Error Logging] [d41d8cd98f00b204e9800998ecf8427e]
http://docs.jetprotocol.io:2086 [301] [GET] [] [] [cloudflare] [vhost] [cloudflare] [Cloudflare,Cloudflare Network Error Logging] [d41d8cd98f00b204e9800998ecf8427e]
http://docs.jetprotocol.io:2087 [400] [GET] [text/html] [400 The plain HTTP request was sent to HTTPS port] [cloudflare] [cloudflare] [Cloudflare] [cd58783500d7fa3c58f88eb0ba22f4f8]
http://docs.jetprotocol.io:8080 [301] [GET] [] [] [cloudflare] [vhost] [cloudflare] [Cloudflare,Cloudflare Network Error Logging] [d41d8cd98f00b204e9800998ecf8427e]
http://docs.jetprotocol.io:8443 [400] [GET] [text/html] [400 The plain HTTP request was sent to HTTPS port] [cloudflare] [cloudflare] [Cloudflare] [cd58783500d7fa3c58f88eb0ba22f4f8]
http://docs.jetprotocol.io:8880 [301] [GET] [] [] [cloudflare] [vhost] [cloudflare] [Cloudflare,Cloudflare Network Error Logging] [d41d8cd98f00b204e9800998ecf8427e]
http://jira.jetprotocol.io:2086 [301] [GET] [] [] [cloudflare] [vhost] [cloudflare] [Cloudflare,Cloudflare Network Error Logging] [d41d8cd98f00b204e9800998ecf8427e]
http://jira.jetprotocol.io:2087 [400] [GET] [text/html] [400 The plain HTTP request was sent to HTTPS port] [cloudflare] [cloudflare] [Cloudflare] [cd58783500d7fa3c58f88eb0ba22f4f8]
http://jira.jetprotocol.io:2095 [301] [GET] [] [] [cloudflare] [vhost] [cloudflare] [Cloudflare,Cloudflare Network Error Logging] [d41d8cd98f00b204e9800998ecf8427e]
http://jira.jetprotocol.io [301] [GET] [] [] [cloudflare] [vhost] [cloudflare] [Cloudflare,Cloudflare Network Error Logging] [d41d8cd98f00b204e9800998ecf8427e]
http://jira.jetprotocol.io:8443 [400] [GET] [text/html] [400 The plain HTTP request was sent to HTTPS port] [cloudflare] [cloudflare] [Cloudflare] [20ad84d030031252141ca0b3fc0183f0]
http://jira.jetprotocol.io:8880 [301] [GET] [] [] [cloudflare] [vhost] [cloudflare] [Cloudflare,Cloudflare Network Error Logging] [d41d8cd98f00b204e9800998ecf8427e]
http://old.jetprotocol.io:2082 [301] [GET] [] [] [cloudflare] [vhost] [cloudflare] [Cloudflare,Cloudflare Network Error Logging] [d41d8cd98f00b204e9800998ecf8427e]
http://old.jetprotocol.io:2086 [301] [GET] [] [] [cloudflare] [vhost] [cloudflare] [Cloudflare,Cloudflare Network Error Logging] [d41d8cd98f00b204e9800998ecf8427e]
http://old.jetprotocol.io:2095 [301] [GET] [] [] [cloudflare] [vhost] [cloudflare] [Cloudflare,Cloudflare Network Error Logging] [d41d8cd98f00b204e9800998ecf8427e]
http://old.jetprotocol.io:8080 [301] [GET] [] [] [cloudflare] [vhost] [cloudflare] [Cloudflare,Cloudflare Network Error Logging] [d41d8cd98f00b204e9800998ecf8427e]
https://api.jetprotocol.io [404] [GET] [text/html] [Error] [Google Frontend] [vhost] [Google App Engine,Google Cloud,Google Cloud Trace] [da7da7d630292e7a2a7dda8ca87b3d39]
https://app.jetprotocol.io [200] [GET] [text/html] [Jet Protocol] [cloudflare] [vhost] [cloudflare] [Cloudflare,Cloudflare Network Error Logging,Google Font API] [f609a52cd062b63373e1ca530310f5a2]
https://app.jetprotocol.io:2083 [200] [GET] [text/html] [Jet Protocol] [cloudflare] [vhost] [cloudflare] [Cloudflare,Cloudflare Network Error Logging,Google Font API] [f609a52cd062b63373e1ca530310f5a2]
https://app.jetprotocol.io:2087 [200] [GET] [text/html] [Jet Protocol] [cloudflare] [vhost] [cloudflare] [Cloudflare,Cloudflare Network Error Logging,Google Font API] [f609a52cd062b63373e1ca530310f5a2]
https://devnet.jetprotocol.io [200] [GET] [text/html] [Jet Protocol] [Netlify] [vhost] [google] [Google Font API,Netlify] [c79f31167e0b0322889f9a0d18cb8fd6]
https://docs.jetprotocol.io:2083 [403] [GET] [text/html] [Attention Required! | Cloudflare] [cloudflare] [vhost] [cloudflare] [Cloudflare,Cloudflare Network Error Logging] [2a25e2c80219fea0249e68dae4caf06c]
https://docs.jetprotocol.io [302] [GET] [text/plain] [] [cloudflare] [vhost] [cloudflare] [Algolia,Cloudflare,Cloudflare Network Error Logging,Google Cloud,Google Cloud Trace] [04985fee9f8439ab768c406f87f6db65]
https://forum.jetprotocol.io [200] [GET] [text/html] [Jet Protocol Forum] [nginx] [vhost] [Discourse,Nginx,Ruby on Rails] [7079555d377c6a0d5d3f6dd3a55d3a6d]
https://forum.jetprotocol.io [200] [GET] [text/html] [Jet Protocol Forum] [nginx] [vhost] [Discourse,Nginx,Ruby on Rails] [9b811e48ddeb5c1f0b5444b8c1cd56a1]
https://jetprotocol.io [301] [GET] [text/html] [301 Moved Permanently] [openresty] [vhost] [Nginx,OpenResty] [3ea1c8d079b38532a6e01a96216ba5e2]
https://labs.jetprotocol.io [200] [GET] [text/html] [Ship Lending] [Netlify] [vhost] [Netlify] [9057aa09fcccb80b2ea30cf08c9a0b2a]
https://old.jetprotocol.io [200] [GET] [text/html] [Jet Protocol | App] [cloudflare] [vhost] [cloudflare] [Cloudflare,Cloudflare Network Error Logging] [8e5bf0e2a729629f749d704d6d879c07]
https://old.jetprotocol.io:2083 [200] [GET] [text/html] [Jet Protocol | App] [cloudflare] [vhost] [cloudflare] [Cloudflare,Cloudflare Network Error Logging] [8e5bf0e2a729629f749d704d6d879c07]
https://old.jetprotocol.io:2087 [200] [GET] [text/html] [Jet Protocol | App] [cloudflare] [vhost] [cloudflare] [Cloudflare,Cloudflare Network Error Logging] [8e5bf0e2a729629f749d704d6d879c07]
https://old.jetprotocol.io:8443 [200] [GET] [text/html] [Jet Protocol | App] [cloudflare] [vhost] [cloudflare] [Cloudflare,Cloudflare Network Error Logging] [8e5bf0e2a729629f749d704d6d879c07]
https://www.jetprotocol.io [200] [GET] [text/html] [jetprotocol.io] [openresty] [Fastly,Nginx,OpenResty,Varnish,Webflow] [462390b2926e8e32735f6ecdb6da3abb]
