https://api.jobapi.net [403] [GET] [text/html] [403 Forbidden] [nginx/1.14.0 (Ubuntu)] [Nginx,Ubuntu] [af54461653dbb060bb6de1b81c1ca1fb]
https://api.jobapi.net [403] [GET] [text/html] [403 Forbidden] [nginx/1.14.0 (Ubuntu)] [Nginx,Ubuntu] [b23fd87f38a2057394a42d4ceda3261f]
https://fallback.jobapi.net [404] [GET] [] [] [envoy] [Envoy] [d41d8cd98f00b204e9800998ecf8427e]
https://grafana.jobapi.net [302] [GET] [text/html] [] [nginx/1.14.0 (Ubuntu)] [vhost] [Nginx,Ubuntu] [4f9c8b878fc53295d94eb104818c0be8]
https://grafana.jobapi.net [302] [GET] [text/html] [] [nginx/1.14.0 (Ubuntu)] [vhost] [Nginx,Ubuntu] [ee277daea3b28fda5a74a5b990eda393]
https://ingestion0-bm-sjc04-us.jobapi.net [404] [GET] [] [] [envoy] [Envoy] [d41d8cd98f00b204e9800998ecf8427e]
https://ingestion1-bm-sjc04-us.jobapi.net [404] [GET] [] [] [envoy] [Envoy] [d41d8cd98f00b204e9800998ecf8427e]
https://ingestion.jobapi.net [404] [GET] [] [] [envoy] [Envoy] [d41d8cd98f00b204e9800998ecf8427e]
https://kibana.jobapi.net [302] [GET] [text/html] [] [nginx/1.14.0 (Ubuntu)] [vhost] [Nginx,Ubuntu] [77dd916215e1a348fdb0ae15509fce08]
https://kibana.jobapi.net [302] [GET] [text/html] [] [nginx/1.14.0 (Ubuntu)] [vhost] [Nginx,Ubuntu] [b102f58425f87bbf03af41c22bdfc766]
https://landscape.jobapi.net [200] [GET] [text/html] [Welcome! - Landscape] [TwistedWeb/17.9.0] [TwistedWeb] [12e3781ee8e96cb6c00b9e6e63af73e8]
https://landscape.jobapi.net [200] [GET] [text/html] [Welcome! - Landscape] [TwistedWeb/17.9.0] [TwistedWeb] [256975a814688d7751a8a44ab4826d61]
https://lb0-bm-sjc04-us.jobapi.net [404] [GET] [] [] [envoy] [Envoy] [d41d8cd98f00b204e9800998ecf8427e]
https://lb0-bm-syd01-au.jobapi.net [404] [GET] [] [] [envoy] [Envoy] [d41d8cd98f00b204e9800998ecf8427e]
https://lb1-bm-sjc04-us.jobapi.net [404] [GET] [] [] [envoy] [Envoy] [d41d8cd98f00b204e9800998ecf8427e]
https://lb1-bm-syd01-au.jobapi.net [404] [GET] [] [] [envoy] [Envoy] [d41d8cd98f00b204e9800998ecf8427e]
https://lb-bm-sjc04-us.jobapi.net [404] [GET] [] [] [envoy] [Envoy] [d41d8cd98f00b204e9800998ecf8427e]
https://lb-bm-syd01-au.jobapi.net [404] [GET] [] [] [envoy] [Envoy] [d41d8cd98f00b204e9800998ecf8427e]
https://monitor0-bm-sjc04-us.jobapi.net [403] [GET] [text/html] [403 Forbidden] [nginx/1.14.0 (Ubuntu)] [Nginx,Ubuntu] [af54461653dbb060bb6de1b81c1ca1fb]
https://monitor0-bm-sjc04-us.jobapi.net [403] [GET] [text/html] [403 Forbidden] [nginx/1.14.0 (Ubuntu)] [Nginx,Ubuntu] [b23fd87f38a2057394a42d4ceda3261f]
https://prometheus.jobapi.net [302] [GET] [text/html] [] [nginx/1.14.0 (Ubuntu)] [vhost] [Nginx,Ubuntu] [64858e5e5b3ef9c04078c6ac920566b0]
https://prometheus.jobapi.net [302] [GET] [text/html] [] [nginx/1.14.0 (Ubuntu)] [vhost] [Nginx,Ubuntu] [a1c1fb2006f657f1bae974f5d3c36870]
https://search-au.jobapi.net [404] [GET] [] [] [envoy] [Envoy] [d41d8cd98f00b204e9800998ecf8427e]
https://search.jobapi.net [404] [GET] [] [] [envoy] [Envoy] [d41d8cd98f00b204e9800998ecf8427e]
https://search-us.jobapi.net [404] [GET] [] [] [envoy] [Envoy] [d41d8cd98f00b204e9800998ecf8427e]
