http://joinclubhouse.com:2082 [302] [GET] [] [] [cloudflare] [vhost] [cloudflare] [d41d8cd98f00b204e9800998ecf8427e]
http://joinclubhouse.com:2086 [302] [GET] [] [] [cloudflare] [vhost] [cloudflare] [d41d8cd98f00b204e9800998ecf8427e]
http://joinclubhouse.com:8080 [302] [GET] [] [] [cloudflare] [vhost] [cloudflare] [d41d8cd98f00b204e9800998ecf8427e]
http://joinclubhouse.com:8880 [302] [GET] [] [] [cloudflare] [vhost] [cloudflare] [d41d8cd98f00b204e9800998ecf8427e]
http://staging.joinclubhouse.com:2053 [400] [GET] [text/html] [400 The plain HTTP request was sent to HTTPS port] [cloudflare] [cloudflare] [20ad84d030031252141ca0b3fc0183f0]
https://admin-partner.joinclubhouse.com [301] [GET] [] [] [cloudflare] [vhost] [cloudflare] [d41d8cd98f00b204e9800998ecf8427e]
https://admin.joinclubhouse.com [301] [GET] [] [] [cloudflare] [vhost] [cloudflare] [d41d8cd98f00b204e9800998ecf8427e]
https://api.staging.joinclubhouse.com [200] [GET] [text/html] [Clubhouse: The Social Audio App] [cloudflare] [vhost] [cloudflare] [Cloudflare,Google Font API,Google Tag Manager] [133d345697f07e9626b89e2629ba66df]
https://creatorfirst.joinclubhouse.com [301] [GET] [] [] [cloudflare] [vhost] [cloudflare] [d41d8cd98f00b204e9800998ecf8427e]
https://ios-staging.joinclubhouse.com [301] [GET] [] [] [cloudflare] [vhost] [cloudflare] [d41d8cd98f00b204e9800998ecf8427e]
https://joinclubhouse.com [301] [GET] [] [] [cloudflare] [cloudflare] [d41d8cd98f00b204e9800998ecf8427e]
https://joinclubhouse.com:2083 [301] [GET] [] [] [cloudflare] [cloudflare] [d41d8cd98f00b204e9800998ecf8427e]
https://joinclubhouse.com:2087 [301] [GET] [] [] [cloudflare] [cloudflare] [d41d8cd98f00b204e9800998ecf8427e]
https://joinclubhouse.com:8443 [301] [GET] [] [] [cloudflare] [cloudflare] [d41d8cd98f00b204e9800998ecf8427e]
https://partnerships.joinclubhouse.com [301] [GET] [] [] [cloudflare] [vhost] [cloudflare] [d41d8cd98f00b204e9800998ecf8427e]
https://profilealert.joinclubhouse.com [301] [GET] [] [] [cloudflare] [vhost] [cloudflare] [d41d8cd98f00b204e9800998ecf8427e]
https://shhhh.joinclubhouse.com [301] [GET] [] [] [cloudflare] [vhost] [cloudflare] [d41d8cd98f00b204e9800998ecf8427e]
https://staging.joinclubhouse.com [200] [GET] [text/html] [Clubhouse: The Social Audio App] [cloudflare] [vhost] [cloudflare] [Cloudflare,Google Font API,Google Tag Manager] [00330781b2b8db97e501670235ef0ca7]
https://suspension.joinclubhouse.com [301] [GET] [] [] [cloudflare] [vhost] [cloudflare] [d41d8cd98f00b204e9800998ecf8427e]
https://url5341.joinclubhouse.com [404] [GET] [text/html] [404 Not Found] [nginx] [Nginx] [8e325dc2fea7c8900fc6c4b8c6c394fe]
https://whatsnew.joinclubhouse.com [301] [GET] [] [] [cloudflare] [vhost] [cloudflare] [d41d8cd98f00b204e9800998ecf8427e]
https://zendesk.joinclubhouse.com [301] [GET] [text/html] [] [cloudflare] [vhost] [cloudflare] [Cloudflare,Cloudflare Network Error Logging,Zendesk] [bbfdc1e45223b86296e50e0e29afd344]
