http://acc-shop.just-eat.dk:2082 [301] [GET] [] [] [cloudflare] [vhost] [cloudflare] [Cloudflare] [d41d8cd98f00b204e9800998ecf8427e]
http://acc-shop.just-eat.dk:2083 [400] [GET] [text/html] [400 The plain HTTP request was sent to HTTPS port] [cloudflare] [cloudflare] [Cloudflare] [20ad84d030031252141ca0b3fc0183f0]
http://acc-shop.just-eat.dk:2086 [301] [GET] [] [] [cloudflare] [vhost] [cloudflare] [Cloudflare] [d41d8cd98f00b204e9800998ecf8427e]
http://acc-shop.just-eat.dk:2087 [400] [GET] [text/html] [400 The plain HTTP request was sent to HTTPS port] [cloudflare] [cloudflare] [Cloudflare] [cd58783500d7fa3c58f88eb0ba22f4f8]
http://acc-shop.just-eat.dk [301] [GET] [] [] [cloudflare] [vhost] [cloudflare] [Cloudflare] [d41d8cd98f00b204e9800998ecf8427e]
http://acc-shop.just-eat.dk:8080 [301] [GET] [] [] [cloudflare] [vhost] [cloudflare] [Cloudflare] [d41d8cd98f00b204e9800998ecf8427e]
http://acc-shop.just-eat.dk:8880 [301] [GET] [] [] [cloudflare] [vhost] [cloudflare] [Cloudflare] [d41d8cd98f00b204e9800998ecf8427e]
https://ablink.emails.just-eat.dk [404] [GET] [text/html] [404 Not Found] [nginx] [vhost] [cloudfront] [Amazon Cloudfront,Amazon Web Services,Nginx] [8e325dc2fea7c8900fc6c4b8c6c394fe]
https://ablink.orders.just-eat.dk [404] [GET] [text/html] [404 Not Found] [nginx] [vhost] [cloudfront] [Amazon Cloudfront,Amazon Web Services,Nginx] [8e325dc2fea7c8900fc6c4b8c6c394fe]
https://beta.just-eat.dk [403] [GET] [text/plain] [] [cloudflare] [vhost] [cloudflare] [Cloudflare,Cloudflare Bot Management] [7b5ea53ba332630e5aca8e4abb807f70]
https://cloud.update.just-eat.dk [403] [GET] [text/html] [403 - Forbidden: Access is denied.] [] [11ca4578cb026a23713aea6781b8ece3]
https://just-eat.dk [301] [GET] [] [] [Varnish] [vhost] [fastly] [d41d8cd98f00b204e9800998ecf8427e]
https://live-orders.just-eat.dk [200] [GET] [text/html] [Live Orders] [cloudflare] [vhost] [cloudflare] [Amazon Cloudfront,Amazon Web Services,Cloudflare,Cloudflare Bot Management,Google Font API] [87b6008f094a53f657982c1291bbc7bf]
https://old.just-eat.dk [500] [GET] [text/html] [Fastly error: unknown domain old.just-eat.dk] [Varnish] [fastly] [89335c63f1e8311284b6a7095423c680]
https://old.just-eat.dk [500] [GET] [text/html] [Fastly error: unknown domain old.just-eat.dk] [Varnish] [fastly] [a8536d57ac0aad8072188e1f28d10d9e]
https://restaurant.just-eat.dk [200] [GET] [text/html] [] [cloudflare] [vhost] [cloudflare] [Cloudflare,Cloudflare Bot Management] [11e0878fff4f381301d425b6911347ad]
https://restaurantsignup.just-eat.dk [200] [GET] [text/html] [Just Eat] [cloudflare] [vhost] [cloudflare] [Cloudflare,Cloudflare Bot Management,IIS,Microsoft ASP.NET] [7e8e7aceea2100f58690734e93db9c90]
https://restaurants.just-eat.dk [200] [GET] [text/html] [] [cloudflare] [vhost] [cloudflare] [Cloudflare,Cloudflare Bot Management] [11e0878fff4f381301d425b6911347ad]
https://shop.just-eat.dk [303] [GET] [] [] [nginx/1.21.2] [vhost] [incapsula] [Amazon ALB,Amazon Web Services,Imperva,Nginx] [d41d8cd98f00b204e9800998ecf8427e]
https://subfolder-proxy-deals.just-eat.dk [404] [GET] [text/html] [] [cloudflare] [vhost] [cloudflare] [Cloudflare,Cloudflare Bot Management] [f7785da398d3537a6968352745975903]
https://subfolder-proxy-drivers.just-eat.dk [302] [GET] [text/html] [Redirecting to /admin] [cloudflare] [vhost] [cloudflare] [Cloudflare,Cloudflare Bot Management] [76e0c4efc705567cde94cc04db4fc0d4]
https://subfolder-proxy-foodwiki.just-eat.dk [404] [GET] [text/html] [404 Not Found] [cloudflare] [vhost] [cloudflare] [Cloudflare,Cloudflare Bot Management] [8eec510e57f5f732fd2cce73df7b73ef]
https://subfolder-proxy-je-sitecore-dk.just-eat.dk [200] [GET] [text/html] [Just Eat - Din smag, dit valg] [cloudflare] [vhost] [cloudflare] [Cloudflare,Cloudflare Bot Management,Google Font API,Google Tag Manager,Vue.js] [07e1d8c861be85ee0539e1b983a95247]
https://subfolder-proxy-je-sitecore-dk.just-eat.dk [200] [GET] [text/html] [Just Eat - Din smag, dit valg] [cloudflare] [vhost] [cloudflare] [Cloudflare,Cloudflare Bot Management,Google Font API,Google Tag Manager,Vue.js] [947596dac2945e8ca4072ddfba7b8e48]
https://tags.just-eat.dk [404] [GET] [] [] [CloudFront] [vhost] [cloudfront] [Amazon Cloudfront,Amazon Web Services] [9e076f5885f5cc16a4b5aeb8de4adff5]
https://test-shop.just-eat.dk [302] [GET] [text/html] [302 Found] [cloudflare] [vhost] [cloudflare] [Cloudflare] [f366e0e18b589cb6f243bf43ce75e83c]
https://www.just-eat.dk [503] [GET] [text/html] [Just a moment...] [cloudflare] [vhost] [cloudflare] [Cloudflare,Cloudflare Bot Management] [2db62d944636114b9db418ae8ff8893f]
https://www.just-eat.dk [503] [GET] [text/html] [Just a moment...] [cloudflare] [vhost] [cloudflare] [Cloudflare,Cloudflare Bot Management] [7de2387e63958e4dc22fc39bbbe8a386]
