http://magazine.karwei.nl [403] [GET] [text/html] [ERROR: The request could not be satisfied] [CloudFront] [cloudfront] [Amazon Cloudfront,Amazon Web Services] [9a3b6d0b28bac26dac164251d389aecf]
https://api.acceptatie.karwei.nl [404] [GET] [application/json] [] [] [vhost] [5ce3cf63fdc1cd5b39acb3a2d47b871a]
https://api.karwei.nl [404] [GET] [application/json] [] [] [vhost] [47b10818255be98594a006863e25dd1b]
https://api.maakafspraak.karwei.nl [200] [GET] [text/html] [Welcome to your Strapi app] [] [vhost] [Google Font API] [46ef7e015295207f58ffda45114b1027]
https://audiotour.karwei.nl [200] [GET] [text/html] [React App] [Google Frontend] [vhost] [Google App Engine,Google Cloud,Google Cloud Trace] [505f352f775cb6e591fe6cb7b5c55161]
https://cdn.email.karwei.nl [403] [GET] [application/xml] [] [AmazonS3] [vhost] [cloudfront] [Amazon Cloudfront,Amazon S3,Amazon Web Services] [e07bd08bc12f71bbc13cd31014e5d069]
https://chatapp.karwei.nl [403] [GET] [text/html] [403 Forbidden] [] [vhost] [9fe3cb2b7313dc79bb477bc8fde184a7]
https://data.email.karwei.nl [200] [GET] [] [] [jag] [vhost] [d41d8cd98f00b204e9800998ecf8427e]
https://folder.karwei.nl [200] [GET] [text/html] [Vuewer] [AmazonS3] [vhost] [cloudfront] [Amazon Cloudfront,Amazon S3,Amazon Web Services,Google Font API] [180a66e5fc826cc1f2495d2fb6be919e]
https://inspiratie.karwei.nl [301] [GET] [text/html] [301 Moved Permanently] [nginx] [vhost] [cloudfront] [Amazon Cloudfront,Amazon Web Services,Nginx] [4f8e702cc244ec5d4de32740c0ecbd97]
https://karwei.nl [301] [GET] [] [] [AmazonS3] [vhost] [cloudfront] [Amazon Cloudfront,Amazon S3,Amazon Web Services] [d41d8cd98f00b204e9800998ecf8427e]
https://kassa.acceptatie.karwei.nl [403] [GET] [text/html] [ERROR: The request could not be satisfied] [CloudFront] [cloudfront] [Amazon Cloudfront,Amazon Web Services] [c5ed22049735b52b1c58db444a19759f]
https://kassa2.acceptatie.karwei.nl [403] [GET] [text/html] [ERROR: The request could not be satisfied] [CloudFront] [cloudfront] [Amazon Cloudfront,Amazon Web Services] [1ba2db9f3cdcb104201d58b27c71e19a]
https://kassa2.karwei.nl [403] [GET] [text/html] [ERROR: The request could not be satisfied] [CloudFront] [cloudfront] [Amazon Cloudfront,Amazon Web Services] [0218bc78e5a861c301b23c9a2aa361f3]
https://keuzehulp.karwei.nl [302] [GET] [text/html] [Object moved] [Microsoft-IIS/8.5] [vhost] [IIS,Windows Server] [1121267462663a67c3808b60cb80253f]
https://kiosk.karwei.nl [200] [GET] [text/html] [Kiosk launcher] [AmazonS3] [vhost] [cloudfront] [Amazon Cloudfront,Amazon S3,Amazon Web Services] [fd3800ff63014d0ea46f3f0d07d16af6]
https://kioskadmin.karwei.nl [200] [GET] [text/html] [Kiosk admin interface] [AmazonS3] [vhost] [cloudfront] [Amazon Cloudfront,Amazon S3,Amazon Web Services] [8b81fa2c5c1e07a17152562ff06d5b0c]
https://mijn.acceptatie.karwei.nl [403] [GET] [text/html] [ERROR: The request could not be satisfied] [CloudFront] [vhost] [cloudfront] [Algolia,Amazon Cloudfront,Amazon Web Services] [7fe1d649acf344e8a23a4c2804256893]
https://mijn.karwei.nl [200] [GET] [text/html] [Mijn KARWEI] [AmazonS3] [vhost] [cloudfront] [Algolia,Amazon Cloudfront,Amazon S3,Amazon Web Services] [5438e1fcdd2335bfc99209b7b6a3fd95]
https://mijn2.acceptatie.karwei.nl [403] [GET] [text/html] [ERROR: The request could not be satisfied] [CloudFront] [vhost] [cloudfront] [Algolia,Amazon Cloudfront,Amazon Web Services] [de9c9c92597539fea061e0b99c5e1704]
https://mijn2.karwei.nl [403] [GET] [text/html] [ERROR: The request could not be satisfied] [CloudFront] [vhost] [cloudfront] [Algolia,Amazon Cloudfront,Amazon Web Services] [ba9f5493bd4f3ef57eb5a6537bcf121e]
https://origin.checkout.acc.karwei.nl [403] [GET] [text/html] [403 Forbidden] [awselb/2.0] [bad2e8579dcdb79399aac2064216a37d]
https://origin.checkout.prd.karwei.nl [403] [GET] [text/html] [403 Forbidden] [awselb/2.0] [bad2e8579dcdb79399aac2064216a37d]
https://origin.myaccount.acc.karwei.nl [403] [GET] [text/html] [403 Forbidden] [awselb/2.0] [2e40045efe5134ada9942798c090d269]
https://origin.myaccount.prd.karwei.nl [403] [GET] [text/html] [403 Forbidden] [awselb/2.0] [2e40045efe5134ada9942798c090d269]
https://origin.shopfront.prd.karwei.nl [403] [GET] [text/html] [403 Forbidden] [awselb/2.0] [bad2e8579dcdb79399aac2064216a37d]
https://shopfront.acceptatie.karwei.nl [403] [GET] [text/html] [403 Forbidden] [awselb/2.0] [bad2e8579dcdb79399aac2064216a37d]
https://sitemap.acceptatie.karwei.nl [200] [GET] [text/xml] [] [AmazonS3] [vhost] [cloudfront] [Amazon Cloudfront,Amazon S3,Amazon Web Services] [7c4d367e93977fd1411c1ed267e3d4d4]
https://sorry.karwei.nl [503] [GET] [text/html] [Sorry, wij klussen op dit moment aan onze site...] [AmazonS3] [vhost] [cloudfront] [Amazon Cloudfront,Amazon S3,Amazon Web Services] [aa9058f997c6f2bd4b40a2ad9129a5a1]
https://static.karwei.nl [403] [GET] [text/xml] [] [CloudFront] [vhost] [cloudfront] [Amazon Cloudfront,Amazon Web Services] [40a481f43ca93bbbdd18621b439ea397]
https://www.acceptatie.karwei.nl [403] [GET] [text/html] [ERROR: The request could not be satisfied] [CloudFront] [cloudfront] [Amazon Cloudfront,Amazon Web Services] [8b9d11e32c0509561126264729b329c9]
https://www.audiotour.karwei.nl [200] [GET] [text/html] [React App] [Google Frontend] [vhost] [Google App Engine,Google Cloud,Google Cloud Trace] [505f352f775cb6e591fe6cb7b5c55161]
https://www.dev.karwei.nl [403] [GET] [text/html] [ERROR: The request could not be satisfied] [CloudFront] [cloudfront] [Amazon Cloudfront,Amazon Web Services] [6bdd8bb02099572c4255050d79b2ffe0]
https://www.karwei.nl [200] [GET] [text/html] [Karwei - Voor klussen & inrichten] [nginx] [vhost] [cloudfront] [Amazon Cloudfront,Amazon Web Services,Contentful,Nginx] [c3a94b13396716208f024f7444e65335]
