http://saint-nicolas.kinepolis.lu:8080 [404] [GET] [application/json] [] [nginx] [Nginx] [8a80554c91d9fca8acb82f023de02f11]
http://shop-dev.kinepolis.lu:8080 [404] [GET] [application/json] [] [nginx] [Nginx] [8a80554c91d9fca8acb82f023de02f11]
https://01.kinepolis.lu [400] [GET] [text/html] [Invalid URL] [AkamaiGHost] [4329ab91a70fc86b4fb7ed4820bcd16e]
https://01.kinepolis.lu [400] [GET] [text/html] [Invalid URL] [AkamaiGHost] [e741e71a772479a01073c852601ed42b]
https://1www.kinepolis.lu [400] [GET] [text/html] [Invalid URL] [AkamaiGHost] [77742934713d9925d0e0e0a819b2cd5d]
https://1www.kinepolis.lu [400] [GET] [text/html] [Invalid URL] [AkamaiGHost] [ef3cd549ac1a959099447ae120d49531]
https://a.kinepolis.lu [400] [GET] [text/html] [Invalid URL] [AkamaiGHost] [5528d54029b8ad0c54ff733a4be87ea8]
https://a.kinepolis.lu [400] [GET] [text/html] [Invalid URL] [AkamaiGHost] [cfa608a513175ed4d8226cc56e681544]
https://ac.kinepolis.lu [400] [GET] [text/html] [Invalid URL] [AkamaiGHost] [8cdce34127f9bf456c638214d32717b6]
https://ac.kinepolis.lu [400] [GET] [text/html] [Invalid URL] [AkamaiGHost] [a7a6a73107ba2e5a56aab35f0d0c7ca0]
https://accesadistance.kinepolis.lu [400] [GET] [text/html] [Invalid URL] [AkamaiGHost] [c9cdb757cdae8c69d819c1d5dbd594bd]
https://accesadistance.kinepolis.lu [400] [GET] [text/html] [Invalid URL] [AkamaiGHost] [f663c8b5a07d38f53a6947afcc4086c1]
https://acp.kinepolis.lu [400] [GET] [text/html] [Invalid URL] [AkamaiGHost] [841517b17751a7c4b9208aa1818213e9]
https://acp.kinepolis.lu [400] [GET] [text/html] [Invalid URL] [AkamaiGHost] [d1cd69a9d278721324e7c3e55ca777b9]
https://admin.kinepolis.lu [400] [GET] [text/html] [Invalid URL] [AkamaiGHost] [14b1f140e4f3c92fa9c0153f54c6949a]
https://admin.kinepolis.lu [400] [GET] [text/html] [Invalid URL] [AkamaiGHost] [50f5505713d2ba2a62c8d2d576a13d76]
https://administrator.kinepolis.lu [400] [GET] [text/html] [Invalid URL] [AkamaiGHost] [76e6d6c2a1434decab1e223ca39c4917]
https://administrator.kinepolis.lu [400] [GET] [text/html] [Invalid URL] [AkamaiGHost] [99fbdf42b26bd7aa22630586f055673c]
https://analyticsshop.kinepolis.lu [400] [GET] [text/html] [Invalid URL] [AkamaiGHost] [7c67623c15ea3a1f263fb80f4363115f]
https://analyticsshop.kinepolis.lu [400] [GET] [text/html] [Invalid URL] [AkamaiGHost] [d05c32568335b285780e065d4e61ddb1]
https://api.kinepolis.lu [400] [GET] [text/html] [Invalid URL] [AkamaiGHost] [9a7ca5a6332be101ed27b20e326427da]
https://api.kinepolis.lu [400] [GET] [text/html] [Invalid URL] [AkamaiGHost] [b3e0dd647e39eed8a7d1fc93d7ce6fc9]
https://app.kinepolis.lu [200] [GET] [text/html] [Kinepolis | Selligent Sites] [] [vhost] [b2c7b758c4a53bf4d4522ead25b74678]
https://argonaytis-iphonegtape.kinepolis.lu [400] [GET] [text/html] [Invalid URL] [AkamaiGHost] [462e313c0e84589d1389b6dcf3dc373b]
https://argonaytis-iphonegtape.kinepolis.lu [400] [GET] [text/html] [Invalid URL] [AkamaiGHost] [e48d2ff913b3ad389afd7ab6b0648fe9]
https://baidu.kinepolis.lu [400] [GET] [text/html] [Invalid URL] [AkamaiGHost] [34e5406419b78d6bdd3704b4c4940631]
https://baidu.kinepolis.lu [400] [GET] [text/html] [Invalid URL] [AkamaiGHost] [beef6c8eda8c95901925a7fe517d7c58]
https://banorte.com.bancadigital.acceso24.banorte.gw1.cloud.profiles.kinepolis.lu [400] [GET] [text/html] [Invalid URL] [AkamaiGHost] [477e8c4dc35b3b0b3e7609e5c30dc590]
https://banorte.com.bancadigital.acceso24.banorte.gw1.cloud.profiles.kinepolis.lu [400] [GET] [text/html] [Invalid URL] [AkamaiGHost] [707afa1627ec46511cc8f71402a41d1c]
https://bip.kinepolis.lu [400] [GET] [text/html] [Invalid URL] [AkamaiGHost] [60384457659148f3004d7f9e8ba984be]
https://bip.kinepolis.lu [400] [GET] [text/html] [Invalid URL] [AkamaiGHost] [8363051d1c238ca000cad35e21b3bc19]
https://blog.kinepolis.lu [400] [GET] [text/html] [Invalid URL] [AkamaiGHost] [51814823d1a67c0cf6726ce5b628d97d]
https://blog.kinepolis.lu [400] [GET] [text/html] [Invalid URL] [AkamaiGHost] [d6a4070d241eee7ba00455d70a5e7122]
https://blogs.kinepolis.lu [400] [GET] [text/html] [Invalid URL] [AkamaiGHost] [47af4267ebd3396e8b3e259754ef0476]
https://blogs.kinepolis.lu [400] [GET] [text/html] [Invalid URL] [AkamaiGHost] [95111add8929d1267d3093e53891f6c7]
https://bookmarks.kinepolis.lu [400] [GET] [text/html] [Invalid URL] [AkamaiGHost] [06f235d16e1d53a253b36bc21a3d5337]
https://bookmarks.kinepolis.lu [400] [GET] [text/html] [Invalid URL] [AkamaiGHost] [61cda42872228cbb76b452b909a427f6]
https://business.kinepolis.lu [200] [GET] [text/html] [Accueil - Kinepolis Business] [] [vhost] [Google Font API,Google Tag Manager,MailChimp,MySQL,PHP,Revslider,WooCommerce,WordPress,Yoast SEO,YouTube] [9411d2329ad41adb7005e2428aedb755]
https://business.kinepolis.lu [200] [GET] [text/html] [Accueil - Kinepolis Business] [] [vhost] [Google Font API,Google Tag Manager,MailChimp,MySQL,PHP,Revslider,WooCommerce,WordPress,Yoast SEO,YouTube] [e49b218de783ca055fd31dc7f529255e]
https://class.kinepolis.lu [400] [GET] [text/html] [Invalid URL] [AkamaiGHost] [26785bdfaaf896be4de8046a752a1dee]
https://class.kinepolis.lu [400] [GET] [text/html] [Invalid URL] [AkamaiGHost] [8610d07825e71e50b294c28adc3bbcd7]
https://club.kinepolis.lu [400] [GET] [text/html] [Invalid URL] [AkamaiGHost] [a629213b4dd7cc8ca57ff14aae71a7b9]
https://club.kinepolis.lu [400] [GET] [text/html] [Invalid URL] [AkamaiGHost] [e1d596651fa4b6004b00f20950872d10]
https://cn.kinepolis.lu [400] [GET] [text/html] [Invalid URL] [AkamaiGHost] [38310d4e1b5558e5d5d8e502da5208e4]
https://cn.kinepolis.lu [400] [GET] [text/html] [Invalid URL] [AkamaiGHost] [a97e9869595de45864d4a197b0ffc098]
https://com.kinepolis.lu [400] [GET] [text/html] [Invalid URL] [AkamaiGHost] [58243819793f8838410823738e0084e9]
https://com.kinepolis.lu [400] [GET] [text/html] [Invalid URL] [AkamaiGHost] [ed08f610cf61b9ceac7bdc8c44a65af4]
https://comune.kinepolis.lu [400] [GET] [text/html] [Invalid URL] [AkamaiGHost] [68b1ecacc3635b91482a3793cb9d5034]
https://comune.kinepolis.lu [400] [GET] [text/html] [Invalid URL] [AkamaiGHost] [83ea9eba50b3137f3d22b2c62f18bd02]
https://corp.kinepolis.lu [400] [GET] [text/html] [Invalid URL] [AkamaiGHost] [10aa56f151f97934e02c49a309243ad2]
https://corp.kinepolis.lu [400] [GET] [text/html] [Invalid URL] [AkamaiGHost] [e30d473e7659bb32c4d6188a2bb4609b]
https://covir1997.kinepolis.lu [400] [GET] [text/html] [Invalid URL] [AkamaiGHost] [ab2db0866d273dedf20dd049c21ff1d4]
https://covir1997.kinepolis.lu [400] [GET] [text/html] [Invalid URL] [AkamaiGHost] [eef1e61f990c0d3ab5efb0e889108ebf]
https://coviran.kinepolis.lu [400] [GET] [text/html] [Invalid URL] [AkamaiGHost] [55c8a8249509238df072a11de863ffb8]
https://coviran.kinepolis.lu [400] [GET] [text/html] [Invalid URL] [AkamaiGHost] [a64aeddcc95280943d97cf9fa95942c6]
https://cpanel.ib.boreas.kunlun.alibaba-inc.com.w.kinepolis.lu [400] [GET] [text/html] [Invalid URL] [AkamaiGHost] [a8d7d09287497cb395190b6febd0bfb2]
https://cpanel.ib.boreas.kunlun.alibaba-inc.com.w.kinepolis.lu [400] [GET] [text/html] [Invalid URL] [AkamaiGHost] [ee7aa0ab3607b8f50fe4b2d3f7446868]
https://cs.kinepolis.lu [400] [GET] [text/html] [Invalid URL] [AkamaiGHost] [32adb8415cffb25a64beaf92710a7d29]
https://cs.kinepolis.lu [400] [GET] [text/html] [Invalid URL] [AkamaiGHost] [c624152f007a5b8c3759dbab49d2801f]
https://dev.business.kinepolis.lu [401] [GET] [text/html] [401 Unauthorized] [] [vhost] [Basic] [118a489422be0c5ca0cecf3bb7903c7e]
https://dev.kinepolis.lu [400] [GET] [text/html] [Invalid URL] [AkamaiGHost] [a7626ba36cc71bb096908fd1cdab0360]
https://dev.kinepolis.lu [400] [GET] [text/html] [Invalid URL] [AkamaiGHost] [fd787fd41a055dfd78e1dd7b8eab599c]
https://digilander.kinepolis.lu [400] [GET] [text/html] [Invalid URL] [AkamaiGHost] [6ee0383c38e3a6cab6c5133da3dc30fc]
https://digilander.kinepolis.lu [400] [GET] [text/html] [Invalid URL] [AkamaiGHost] [f0413d0e59ba717d6b8ab3086d51e7bc]
https://diskmaskinen.kinepolis.lu [400] [GET] [text/html] [Invalid URL] [AkamaiGHost] [13d5d1c7a2dcbf5edf0fab5a19a73162]
https://diskmaskinen.kinepolis.lu [400] [GET] [text/html] [Invalid URL] [AkamaiGHost] [c6e3db013b339358da8290cbce6608d4]
https://distancelearn.kinepolis.lu [400] [GET] [text/html] [Invalid URL] [AkamaiGHost] [530b25d5df0b0e0c849e95a2d619893a]
https://distancelearn.kinepolis.lu [400] [GET] [text/html] [Invalid URL] [AkamaiGHost] [cc1da70c103766629197e00bfbc0b145]
https://distancepl.kinepolis.lu [400] [GET] [text/html] [Invalid URL] [AkamaiGHost] [4dee449991a3c5229e8a5c4a25c7344f]
https://distancepl.kinepolis.lu [400] [GET] [text/html] [Invalid URL] [AkamaiGHost] [fb2d1a204011437d7bb08b0e18699f3c]
https://distancesdiscreet.kinepolis.lu [400] [GET] [text/html] [Invalid URL] [AkamaiGHost] [09f9f6423b66944a1e1d46d31a1e403b]
https://distancesdiscreet.kinepolis.lu [400] [GET] [text/html] [Invalid URL] [AkamaiGHost] [5e0fdfed52a3b084722f04d580f1c60d]
https://distributormasker.kinepolis.lu [400] [GET] [text/html] [Invalid URL] [AkamaiGHost] [66d22181ff7c35743a09d602f46f4235]
https://distributormasker.kinepolis.lu [400] [GET] [text/html] [Invalid URL] [AkamaiGHost] [ab0fe21fb1aa1ff656a1679d1faccade]
https://emeaquarantine.kinepolis.lu [400] [GET] [text/html] [Invalid URL] [AkamaiGHost] [2e2f770e16b9e29462b8a0bfde4bc683]
https://emeaquarantine.kinepolis.lu [400] [GET] [text/html] [Invalid URL] [AkamaiGHost] [45c1fcee98b5902fa1770813d3f2b73e]
https://en.kinepolis.lu [400] [GET] [text/html] [Invalid URL] [AkamaiGHost] [89d027da72ec49a4f916a4d89cffc1a0]
https://en.kinepolis.lu [400] [GET] [text/html] [Invalid URL] [AkamaiGHost] [dfaf3a80d069e0ccf9e52822efad9b6f]
https://euabvspamquarantine.kinepolis.lu [400] [GET] [text/html] [Invalid URL] [AkamaiGHost] [2e9ed3c2bf8f64b27e26f05632cb9dbd]
https://euabvspamquarantine.kinepolis.lu [400] [GET] [text/html] [Invalid URL] [AkamaiGHost] [9d6cc469ac23078fb155e0790be859cb]
https://feeds.kinepolis.lu [400] [GET] [text/html] [Invalid URL] [AkamaiGHost] [beabea267ce080434c06f1fa3ec69e4b]
https://feeds.kinepolis.lu [400] [GET] [text/html] [Invalid URL] [AkamaiGHost] [cee099a274e4786cfdbc4be67277cb6d]
https://ferrero.kinepolis.lu [403] [GET] [text/html] [Access Denied] [] [vhost] [06944f46fe40d6f6983d579bc6df2c84]
https://ferrero.kinepolis.lu [403] [GET] [text/html] [Access Denied] [] [vhost] [98b2dd039546e400a21fe385baa795ff]
https://ff.kinepolis.lu [400] [GET] [text/html] [Invalid URL] [AkamaiGHost] [c1bf440b8fe90a419e301e40b50074bc]
https://ff.kinepolis.lu [400] [GET] [text/html] [Invalid URL] [AkamaiGHost] [f8b21e83e0fc2a39de25b72e184e16d7]
https://file.kinepolis.lu [400] [GET] [text/html] [Invalid URL] [AkamaiGHost] [bc8859a56f41ec3244bb8b3c00a809d0]
https://file.kinepolis.lu [400] [GET] [text/html] [Invalid URL] [AkamaiGHost] [f6381b3348a8d37e074485c203fd4aef]
https://forum.kinepolis.lu [400] [GET] [text/html] [Invalid URL] [AkamaiGHost] [0d8c01be208d17e38d45b9df8e835c0c]
https://forum.kinepolis.lu [400] [GET] [text/html] [Invalid URL] [AkamaiGHost] [9fabc78e4b10712ff9af3f7c1e1b2c48]
https://forums.kinepolis.lu [400] [GET] [text/html] [Invalid URL] [AkamaiGHost] [87cd860baf0336b11a0bd906034aa10d]
https://forums.kinepolis.lu [400] [GET] [text/html] [Invalid URL] [AkamaiGHost] [f9e8d8ca653f2b8747af444bd44a594a]
https://fr.kinepolis.lu [400] [GET] [text/html] [Invalid URL] [AkamaiGHost] [490dc7e38ee5cd968379c35f38708bbc]
https://fr.kinepolis.lu [400] [GET] [text/html] [Invalid URL] [AkamaiGHost] [dbc9b4daf3169ea16384c381b4efae59]
https://games.kinepolis.lu [400] [GET] [text/html] [Invalid URL] [AkamaiGHost] [8a83cb0545750dbf4188c9d0a993ba6c]
https://games.kinepolis.lu [400] [GET] [text/html] [Invalid URL] [AkamaiGHost] [ba44386da5d6d14ff57b6630b2082ecb]
https://geoinfection.kinepolis.lu [400] [GET] [text/html] [Invalid URL] [AkamaiGHost] [21a350a8fb8db4cbce6a436ca20d1417]
https://geoinfection.kinepolis.lu [400] [GET] [text/html] [Invalid URL] [AkamaiGHost] [d04b777b6d18fd0ab5d6311da116b9e0]
https://goingthedistance.kinepolis.lu [400] [GET] [text/html] [Invalid URL] [AkamaiGHost] [7ee78b7e1a222e35cc7edeb1ceeb9532]
https://goingthedistance.kinepolis.lu [400] [GET] [text/html] [Invalid URL] [AkamaiGHost] [b15cef3829e6aea75ab11fbc9c63e2ac]
https://grc2go.kinepolis.lu [400] [GET] [text/html] [Invalid URL] [AkamaiGHost] [287145857da59ce0c15f575efed2f809]
https://grc2go.kinepolis.lu [400] [GET] [text/html] [Invalid URL] [AkamaiGHost] [4e4a3d393bb19944c33f1ad9e7ed54cb]
https://groups.kinepolis.lu [400] [GET] [text/html] [Invalid URL] [AkamaiGHost] [36859aea47d70b5a24ab8e68f48512b9]
https://groups.kinepolis.lu [400] [GET] [text/html] [Invalid URL] [AkamaiGHost] [bab4e9718fd75ccfe1f261bde78e5411]
https://h2.kinepolis.lu [400] [GET] [text/html] [Invalid URL] [AkamaiGHost] [5d89e72f618be99620de9c94f1f4269b]
https://h2.kinepolis.lu [400] [GET] [text/html] [Invalid URL] [AkamaiGHost] [8a938cad0f7d93487e3166cb191a6bba]
https://h3.kinepolis.lu [400] [GET] [text/html] [Invalid URL] [AkamaiGHost] [570855627aa89f425f89d3f08fa899b9]
https://h3.kinepolis.lu [400] [GET] [text/html] [Invalid URL] [AkamaiGHost] [6590c0f625acbd0ea9e341b3612688f0]
https://h4.kinepolis.lu [400] [GET] [text/html] [Invalid URL] [AkamaiGHost] [9b39f79d698be95fea7e7fd8df4ae5eb]
https://h4.kinepolis.lu [400] [GET] [text/html] [Invalid URL] [AkamaiGHost] [a052dfa7a7d467eb873755e9f205e4c7]
https://h6.kinepolis.lu [400] [GET] [text/html] [Invalid URL] [AkamaiGHost] [750fd3f627fde947e961ef0e8e50ab73]
https://h6.kinepolis.lu [400] [GET] [text/html] [Invalid URL] [AkamaiGHost] [c833cd45588e5202c83e2003e48a2ede]
https://h7.kinepolis.lu [400] [GET] [text/html] [Invalid URL] [AkamaiGHost] [ad2afd962a5688c1c21b1f43ea699dd7]
https://h7.kinepolis.lu [400] [GET] [text/html] [Invalid URL] [AkamaiGHost] [b837bf0395b31e889ba77d50575b8edf]
https://heart-surgery-ntm-infection-injury.kinepolis.lu [400] [GET] [text/html] [Invalid URL] [AkamaiGHost] [2f757c135c3e49bc463c848754973886]
https://heart-surgery-ntm-infection-injury.kinepolis.lu [400] [GET] [text/html] [Invalid URL] [AkamaiGHost] [7914ba5ca76bbce3ae4b486cb7848c9c]
https://heliamask.kinepolis.lu [400] [GET] [text/html] [Invalid URL] [AkamaiGHost] [2705066e13148f8983829d66acd01332]
https://heliamask.kinepolis.lu [400] [GET] [text/html] [Invalid URL] [AkamaiGHost] [6a6709c36cab2e309f5ac57d96680582]
https://help.kinepolis.lu [400] [GET] [text/html] [Invalid URL] [AkamaiGHost] [650f2748b93754fd24582e90fbf0ea93]
https://help.kinepolis.lu [400] [GET] [text/html] [Invalid URL] [AkamaiGHost] [9b9a4ba1171cc95185588c64932166a4]
https://hh.kinepolis.lu [400] [GET] [text/html] [Invalid URL] [AkamaiGHost] [d38546012d4fc0b64619d5a1adab9dcd]
https://hh.kinepolis.lu [400] [GET] [text/html] [Invalid URL] [AkamaiGHost] [ec62f61e322bf0a1fe498171352427a4]
https://home.kinepolis.lu [400] [GET] [text/html] [Invalid URL] [AkamaiGHost] [b999e96647f3c3ab46f96180656b7a1c]
https://home.kinepolis.lu [400] [GET] [text/html] [Invalid URL] [AkamaiGHost] [f78709f38b72797a95bc0d48b480bd54]
https://homepage.kinepolis.lu [400] [GET] [text/html] [Invalid URL] [AkamaiGHost] [a38c6ee3ad50ef6dea2e7ddd8efddb3c]
https://homepage.kinepolis.lu [400] [GET] [text/html] [Invalid URL] [AkamaiGHost] [f54a503fe5ecf89b4157f5af5e8b9d0e]
https://homepage1.kinepolis.lu [400] [GET] [text/html] [Invalid URL] [AkamaiGHost] [386564b9047cd25b9bb93451be0a4f4b]
https://homepage1.kinepolis.lu [400] [GET] [text/html] [Invalid URL] [AkamaiGHost] [99c435605377ca1232b1f6751bdd355a]
https://homepage2.kinepolis.lu [400] [GET] [text/html] [Invalid URL] [AkamaiGHost] [9f436f2eb39c36a6d252937f4583c578]
https://homepage2.kinepolis.lu [400] [GET] [text/html] [Invalid URL] [AkamaiGHost] [cd90d556078c05e19a63b792784c0d54]
https://homepage3.kinepolis.lu [400] [GET] [text/html] [Invalid URL] [AkamaiGHost] [07e46516ca96566460046a3950b52d24]
https://homepage3.kinepolis.lu [400] [GET] [text/html] [Invalid URL] [AkamaiGHost] [d61a94d36dd1bf20291a04b063212d08]
https://host.kinepolis.lu [400] [GET] [text/html] [Invalid URL] [AkamaiGHost] [87c4173a49c5457cbceaad4ded31aefa]
https://host.kinepolis.lu [400] [GET] [text/html] [Invalid URL] [AkamaiGHost] [f5cac45f847af2bc84a5ed2927a1b184]
https://iimahd.kinepolis.lu [400] [GET] [text/html] [Invalid URL] [AkamaiGHost] [9ae0007e7c3e82f16f60bdd16fadb05f]
https://iimahd.kinepolis.lu [400] [GET] [text/html] [Invalid URL] [AkamaiGHost] [b56c14e43a18853eb3b3cdd56ae4cf71]
https://info.kinepolis.lu [400] [GET] [text/html] [Invalid URL] [AkamaiGHost] [0a02c9b67e0bde0558bcccd87e112885]
https://info.kinepolis.lu [400] [GET] [text/html] [Invalid URL] [AkamaiGHost] [fd039e40f3317388eee41add004ce9c8]
https://infolab.kinepolis.lu [400] [GET] [text/html] [Invalid URL] [AkamaiGHost] [1fcf1f1b48343fe2ac5ddf3ae4740e76]
https://infolab.kinepolis.lu [400] [GET] [text/html] [Invalid URL] [AkamaiGHost] [dcb993a274db311c1076a5d29fae9770]
https://informatik.kinepolis.lu [400] [GET] [text/html] [Invalid URL] [AkamaiGHost] [6e6406eacb92ef437ea222ab2abf2c89]
https://informatik.kinepolis.lu [400] [GET] [text/html] [Invalid URL] [AkamaiGHost] [d8471fd9404a4e1442d45e2e88ecc6fc]
https://inst.kinepolis.lu [400] [GET] [text/html] [Invalid URL] [AkamaiGHost] [2782673eb94be0c3d14060c8a00731dc]
https://inst.kinepolis.lu [400] [GET] [text/html] [Invalid URL] [AkamaiGHost] [cad31f3cc83ce6d29c9a00365141621c]
https://ion9.roslin.www.youtube.collabwww.people.com.cn.kinepolis.lu [400] [GET] [text/html] [Invalid URL] [AkamaiGHost] [19816bced4c72c1b80d745e95fc7df27]
https://ion9.roslin.www.youtube.collabwww.people.com.cn.kinepolis.lu [400] [GET] [text/html] [Invalid URL] [AkamaiGHost] [533b51d310e0f8f52e704cf2207675a9]
https://jmask.kinepolis.lu [400] [GET] [text/html] [Invalid URL] [AkamaiGHost] [75deb257e238914437f2fddb68c3f3bd]
https://jmask.kinepolis.lu [400] [GET] [text/html] [Invalid URL] [AkamaiGHost] [e829fe45140a6bd9afc76823c0ca1e36]
https://k2.kinepolis.lu [400] [GET] [text/html] [Invalid URL] [AkamaiGHost] [5ad63344fdc7d2ebd8ef5c27baed6e97]
https://k2.kinepolis.lu [400] [GET] [text/html] [Invalid URL] [AkamaiGHost] [5ee2915da84e2d8b5f8d7550986a67e2]
https://k3.kinepolis.lu [400] [GET] [text/html] [Invalid URL] [AkamaiGHost] [96d9f9ead113be47d6955f8181718456]
https://k3.kinepolis.lu [400] [GET] [text/html] [Invalid URL] [AkamaiGHost] [ee798235a4775aa8d7b77fbdef922c5e]
https://k4.kinepolis.lu [400] [GET] [text/html] [Invalid URL] [AkamaiGHost] [97c0ce41590607e10c76c47fb2457fc9]
https://k4.kinepolis.lu [400] [GET] [text/html] [Invalid URL] [AkamaiGHost] [c776c4220ff607a0a35f7cfd955d42f5]
https://k5.kinepolis.lu [400] [GET] [text/html] [Invalid URL] [AkamaiGHost] [365fc0bf3f8fef4691f64471d75768eb]
https://k5.kinepolis.lu [400] [GET] [text/html] [Invalid URL] [AkamaiGHost] [38b6490e7b4076c255f65562763ec75a]
https://kabokimask.kinepolis.lu [400] [GET] [text/html] [Invalid URL] [AkamaiGHost] [3ac07dfef4a47ee8196e490212431a5d]
https://kabokimask.kinepolis.lu [400] [GET] [text/html] [Invalid URL] [AkamaiGHost] [df6d6e46ddefe8553f887223d8b9ada0]
https://kaffemaskiner.kinepolis.lu [400] [GET] [text/html] [Invalid URL] [AkamaiGHost] [137939d1cf75570a47649c17e5ff9828]
https://kaffemaskiner.kinepolis.lu [400] [GET] [text/html] [Invalid URL] [AkamaiGHost] [3f43eb5d7abd3b51524143c45451fbc8]
https://kinepolis.lu [200] [GET] [text/html] [Kinepolis] [Apache] [vhost] [Apache,Drupal,Google Tag Manager,PHP] [c0742c3b5c9c1ede1bae145dff5c455a]
https://kk.kinepolis.lu [400] [GET] [text/html] [Invalid URL] [AkamaiGHost] [4033d42289c72a0666ca4fe24fffe072]
https://kk.kinepolis.lu [400] [GET] [text/html] [Invalid URL] [AkamaiGHost] [a884e7366c8148adfc56ea301e0ad652]
https://korona-residence.kinepolis.lu [400] [GET] [text/html] [Invalid URL] [AkamaiGHost] [a6e558f550cdcae39d4f423c0226cb43]
https://korona-residence.kinepolis.lu [400] [GET] [text/html] [Invalid URL] [AkamaiGHost] [ab2bc0a5d13778096d4fff67e0a90927]
https://koronalakopark.kinepolis.lu [400] [GET] [text/html] [Invalid URL] [AkamaiGHost] [501f9231362eb718b11bbcbb4bd25dfe]
https://koronalakopark.kinepolis.lu [400] [GET] [text/html] [Invalid URL] [AkamaiGHost] [ba869976ffe2b8fc4ff0ca19b5a6e4ee]
https://ksvirus.kinepolis.lu [400] [GET] [text/html] [Invalid URL] [AkamaiGHost] [a31754cfcb4ca6e0fbca3c41ff6ec29d]
https://ksvirus.kinepolis.lu [400] [GET] [text/html] [Invalid URL] [AkamaiGHost] [ceda8c2117f9b297717b74f10b0e8c6b]
https://ku1720.kinepolis.lu [400] [GET] [text/html] [Invalid URL] [AkamaiGHost] [a77421564375ba03305af8180b38e60b]
https://ku1720.kinepolis.lu [400] [GET] [text/html] [Invalid URL] [AkamaiGHost] [c93ee5f464fe568bd7f0b2b1033ef599]
https://kunstimuuseum.kinepolis.lu [400] [GET] [text/html] [Invalid URL] [AkamaiGHost] [14a660107d5f363cbb8ef431bb8f9f11]
https://kunstimuuseum.kinepolis.lu [400] [GET] [text/html] [Invalid URL] [AkamaiGHost] [d5aad964189dede9d28c05ec6b4aa192]
https://lesvirus.kinepolis.lu [400] [GET] [text/html] [Invalid URL] [AkamaiGHost] [29483d9a709e7de4ca1c94d1161b4444]
https://lesvirus.kinepolis.lu [400] [GET] [text/html] [Invalid URL] [AkamaiGHost] [6f70ac04b044a9bf4321f9a0878913a6]
https://local.kinepolis.lu [400] [GET] [text/html] [Invalid URL] [AkamaiGHost] [1f188cc6dc03050540560c4f11a3cd26]
https://local.kinepolis.lu [400] [GET] [text/html] [Invalid URL] [AkamaiGHost] [45b215d853e8355569378807ab2c2b2f]
https://lockdown.kinepolis.lu [400] [GET] [text/html] [Invalid URL] [AkamaiGHost] [5cfd2b0daadf5a72bd9132562d502e1c]
https://lockdown.kinepolis.lu [400] [GET] [text/html] [Invalid URL] [AkamaiGHost] [69491d3c90f02313be3cd61ea2a51ae6]
https://lockdownteam.kinepolis.lu [400] [GET] [text/html] [Invalid URL] [AkamaiGHost] [7a0253d8f2dc089d6b346ae7bdb4bd2b]
https://lockdownteam.kinepolis.lu [400] [GET] [text/html] [Invalid URL] [AkamaiGHost] [a500f1d0a8f118a04e5bf65f0ac5d121]
https://mail.kinepolis.lu [400] [GET] [text/html] [Invalid URL] [AkamaiGHost] [053d237a6b750a0fc1b0cb2455f097b6]
https://mail.kinepolis.lu [400] [GET] [text/html] [Invalid URL] [AkamaiGHost] [3796227a7b6e6ca7113c02a520fa22a4]
https://manager.kinepolis.lu [400] [GET] [text/html] [Invalid URL] [AkamaiGHost] [5793e7167f693fbacfd8c664e5024f72]
https://manager.kinepolis.lu [400] [GET] [text/html] [Invalid URL] [AkamaiGHost] [e4a345680cf80f8efe53a474f17c19b3]
https://mascaras.kinepolis.lu [400] [GET] [text/html] [Invalid URL] [AkamaiGHost] [b8c323f89107ad4d4f354479a0dd814c]
https://mascaras.kinepolis.lu [400] [GET] [text/html] [Invalid URL] [AkamaiGHost] [c48b81f8569fab9f6cc89f8b9c834d6f]
https://maschera.kinepolis.lu [400] [GET] [text/html] [Invalid URL] [AkamaiGHost] [a267cb3f06a4445972d49ea174378e56]
https://maschera.kinepolis.lu [400] [GET] [text/html] [Invalid URL] [AkamaiGHost] [f1bb0766cbeb1f55f233fdacf8f2724b]
https://mask10.kinepolis.lu [400] [GET] [text/html] [Invalid URL] [AkamaiGHost] [2bc7284a268e1b79134e8fc5dfc88a04]
https://mask10.kinepolis.lu [400] [GET] [text/html] [Invalid URL] [AkamaiGHost] [3c172575b17bd4709544192278e28e80]
https://mask12.kinepolis.lu [400] [GET] [text/html] [Invalid URL] [AkamaiGHost] [21ed396402d0983d531ee385d662a961]
https://mask12.kinepolis.lu [400] [GET] [text/html] [Invalid URL] [AkamaiGHost] [f4532cdd6ed2bfd9b372d9cf621c1c5d]
https://mask8.kinepolis.lu [400] [GET] [text/html] [Invalid URL] [AkamaiGHost] [53131120bec39e4b248ec44db8bf69bc]
https://mask8.kinepolis.lu [400] [GET] [text/html] [Invalid URL] [AkamaiGHost] [e367c219ad45efc4ccb1c8da0466db97]
https://mask9.kinepolis.lu [400] [GET] [text/html] [Invalid URL] [AkamaiGHost] [11e337b11cf8f588dfcbd71f9cda98b2]
https://mask9.kinepolis.lu [400] [GET] [text/html] [Invalid URL] [AkamaiGHost] [8f13d676e3d0ea665af9c0cc57141aa2]
https://maska.kinepolis.lu [400] [GET] [text/html] [Invalid URL] [AkamaiGHost] [9ef0994bfab8c69d3be80a52de8b8874]
https://maska.kinepolis.lu [400] [GET] [text/html] [Invalid URL] [AkamaiGHost] [d3ff48b6451ec6c9d5d062c72f510bad]
https://maskable.kinepolis.lu [400] [GET] [text/html] [Invalid URL] [AkamaiGHost] [2cf9eb798fd947628b4eaa5b9172c73c]
https://maskable.kinepolis.lu [400] [GET] [text/html] [Invalid URL] [AkamaiGHost] [58e8f23f2f902503f7ca7c014c44d122]
https://maskarad.kinepolis.lu [400] [GET] [text/html] [Invalid URL] [AkamaiGHost] [94647b73e19c804db15b4f89eca52ec2]
https://maskarad.kinepolis.lu [400] [GET] [text/html] [Invalid URL] [AkamaiGHost] [d7949899d616c4f6610d7dcad2abaefd]
https://maskell.kinepolis.lu [400] [GET] [text/html] [Invalid URL] [AkamaiGHost] [57cb08e7b2fe7773ed5b8d53c414b149]
https://maskell.kinepolis.lu [400] [GET] [text/html] [Invalid URL] [AkamaiGHost] [ab55e5abb586b581d3a44deb36d920b4]
https://maskerchlorina.kinepolis.lu [400] [GET] [text/html] [Invalid URL] [AkamaiGHost] [8fd23cbf1ede236cc22b353fc4f7a13c]
https://maskerchlorina.kinepolis.lu [400] [GET] [text/html] [Invalid URL] [AkamaiGHost] [f9bdb6b7e955956e5c227b6220964f18]
https://maskerspirulinagq.kinepolis.lu [400] [GET] [text/html] [Invalid URL] [AkamaiGHost] [a0c8e9e7d44855dc076e775401621d64]
https://maskerspirulinagq.kinepolis.lu [400] [GET] [text/html] [Invalid URL] [AkamaiGHost] [de81adf58c701f66fc1362111107217d]
https://maskin.kinepolis.lu [400] [GET] [text/html] [Invalid URL] [AkamaiGHost] [5f3541e344651b919856d58f9ad90c3a]
https://maskin.kinepolis.lu [400] [GET] [text/html] [Invalid URL] [AkamaiGHost] [e1bb2b68aafad25775cdc1d9e6ebacf6]
https://maskindg.kinepolis.lu [400] [GET] [text/html] [Invalid URL] [AkamaiGHost] [0f26f200e018287b34e8c0b4cf280f62]
https://maskindg.kinepolis.lu [400] [GET] [text/html] [Invalid URL] [AkamaiGHost] [2d075493011537d6b53121d0b078dad1]
https://maskiner.kinepolis.lu [400] [GET] [text/html] [Invalid URL] [AkamaiGHost] [c66094b2d554d5b6cbb399ff179c9329]
https://maskiner.kinepolis.lu [400] [GET] [text/html] [Invalid URL] [AkamaiGHost] [e55181fac9ca4b42c3fd9b2aeecc26a0]
https://maskingtape.kinepolis.lu [400] [GET] [text/html] [Invalid URL] [AkamaiGHost] [0951884d6fce0b661dcc12b7d545bced]
https://maskingtape.kinepolis.lu [400] [GET] [text/html] [Invalid URL] [AkamaiGHost] [bd11f28a82f3e1e7e4abeadeb9818276]
https://maskottchen.kinepolis.lu [400] [GET] [text/html] [Invalid URL] [AkamaiGHost] [9893e416f45de60b7239e2cbf8fd22c8]
https://maskottchen.kinepolis.lu [400] [GET] [text/html] [Invalid URL] [AkamaiGHost] [dd2404d5f4fc4f7cbcac3171c3725fec]
https://masks.kinepolis.lu [400] [GET] [text/html] [Invalid URL] [AkamaiGHost] [3ba17a4d8d527bcb8a096396354e50c1]
https://masks.kinepolis.lu [400] [GET] [text/html] [Invalid URL] [AkamaiGHost] [f89b5ca879e2a3d42cafbcb1cfad9f83]
https://math.kinepolis.lu [400] [GET] [text/html] [Invalid URL] [AkamaiGHost] [621258ef5f650aeaebeb8bd730baa9e3]
https://math.kinepolis.lu [400] [GET] [text/html] [Invalid URL] [AkamaiGHost] [b4485b5f5fe456dcff1cdddc72a62e83]
https://maven.kinepolis.lu [400] [GET] [text/html] [Invalid URL] [AkamaiGHost] [1b19594feffca6d3a075f05c33a5a939]
https://maven.kinepolis.lu [400] [GET] [text/html] [Invalid URL] [AkamaiGHost] [e3da29bb4d382d91ccbb9b6998097b8a]
https://members.kinepolis.lu [400] [GET] [text/html] [Invalid URL] [AkamaiGHost] [8165d8f45f24b88af0581bec3a1472fe]
https://members.kinepolis.lu [400] [GET] [text/html] [Invalid URL] [AkamaiGHost] [9ce90ba7e3e7581b9e39a78a30441a51]
https://mpk.kinepolis.lu [400] [GET] [text/html] [Invalid URL] [AkamaiGHost] [3e91b9a9c5eea277c3235eb7c92e8691]
https://mpk.kinepolis.lu [400] [GET] [text/html] [Invalid URL] [AkamaiGHost] [aa70f763c5b6969ac6ae0ffd0864bf41]
https://music.kinepolis.lu [400] [GET] [text/html] [Invalid URL] [AkamaiGHost] [2ca5fe69e6ad2973a8b42bbfdc0e8853]
https://music.kinepolis.lu [400] [GET] [text/html] [Invalid URL] [AkamaiGHost] [358b5b4e754513b32e116ec0726fc249]
https://mvn.kinepolis.lu [400] [GET] [text/html] [Invalid URL] [AkamaiGHost] [8f48ed3f916b63abf8beac27d7205221]
https://mvn.kinepolis.lu [400] [GET] [text/html] [Invalid URL] [AkamaiGHost] [d3a5e9ee3848e58faba6011d1b0dcd7a]
https://my.kinepolis.lu [400] [GET] [text/html] [Invalid URL] [AkamaiGHost] [0da94a6e754130110281a22a9380531e]
https://my.kinepolis.lu [400] [GET] [text/html] [Invalid URL] [AkamaiGHost] [6affbea35c23eefe439ec6e77cd87bde]
https://myhome.kinepolis.lu [400] [GET] [text/html] [Invalid URL] [AkamaiGHost] [56ccec2ead72d13559ed88d369e8355a]
https://myhome.kinepolis.lu [400] [GET] [text/html] [Invalid URL] [AkamaiGHost] [a3899b8e1ca2708e1b09a8e83e043769]
https://new.kinepolis.lu [400] [GET] [text/html] [Invalid URL] [AkamaiGHost] [1e6bd02c64226a02464d16c61ac9f4e6]
https://new.kinepolis.lu [400] [GET] [text/html] [Invalid URL] [AkamaiGHost] [907645a0239c1b121b43aa7667d6bbc0]
https://news.kinepolis.lu [400] [GET] [text/html] [Invalid URL] [AkamaiGHost] [42bb9693183ec12bd23dbc251050d4c4]
https://news.kinepolis.lu [400] [GET] [text/html] [Invalid URL] [AkamaiGHost] [783d74b3862b1e6b5ff0df3e1a9266cf]
https://newvirus.kinepolis.lu [400] [GET] [text/html] [Invalid URL] [AkamaiGHost] [39b9d8eaf7d366d8d38eb5f5ae2ffae7]
https://newvirus.kinepolis.lu [400] [GET] [text/html] [Invalid URL] [AkamaiGHost] [ffe47f24f2219d83b43126b74fdca95e]
https://nn.kinepolis.lu [400] [GET] [text/html] [Invalid URL] [AkamaiGHost] [83c78dd7f3dda3171b99dd2edb81baab]
https://nn.kinepolis.lu [400] [GET] [text/html] [Invalid URL] [AkamaiGHost] [ec6cad9c603f7cd0afbac933fbc1dd44]
https://nosemask.kinepolis.lu [400] [GET] [text/html] [Invalid URL] [AkamaiGHost] [c1fd019b42875da63d4ce82f50ed7c51]
https://nosemask.kinepolis.lu [400] [GET] [text/html] [Invalid URL] [AkamaiGHost] [ec7199f7a697cd20a3e10887bbb4676c]
https://obatkankermulutrahim.kinepolis.lu [400] [GET] [text/html] [Invalid URL] [AkamaiGHost] [25733ad14334e9959431edec53fd99da]
https://obatkankermulutrahim.kinepolis.lu [400] [GET] [text/html] [Invalid URL] [AkamaiGHost] [343c2db946748572c7203dc501f66681]
https://opafstand.kinepolis.lu [400] [GET] [text/html] [Invalid URL] [AkamaiGHost] [1960b554c79fddd554611978394e751a]
https://opafstand.kinepolis.lu [400] [GET] [text/html] [Invalid URL] [AkamaiGHost] [2194e0ed1e396327f6e385f0842a510c]
https://open-heart-lung-ntm-infection-settlement.kinepolis.lu [400] [GET] [text/html] [Invalid URL] [AkamaiGHost] [61c2f647b2581d302ab9943e7243cf83]
https://open-heart-lung-ntm-infection-settlement.kinepolis.lu [400] [GET] [text/html] [Invalid URL] [AkamaiGHost] [83907b830138759e26a5a4f2beaf4038]
https://ops.kinepolis.lu [400] [GET] [text/html] [Invalid URL] [AkamaiGHost] [75dc9e68cff19cd31e442c45f884fe2b]
https://ops.kinepolis.lu [400] [GET] [text/html] [Invalid URL] [AkamaiGHost] [8c32526dbb2cc392de7bfbe3ed1b08d3]
https://order.kinepolis.lu [400] [GET] [text/html] [Invalid URL] [AkamaiGHost] [952e1d04dda63f267af498c26b372f65]
https://order.kinepolis.lu [400] [GET] [text/html] [Invalid URL] [AkamaiGHost] [b7027f40b16a6c82a3e3378190fb9c70]
https://pandemicflu.kinepolis.lu [400] [GET] [text/html] [Invalid URL] [AkamaiGHost] [82921eebe01bf2304681efddd8190bfc]
https://pandemicflu.kinepolis.lu [400] [GET] [text/html] [Invalid URL] [AkamaiGHost] [d051e4c24642ab61f9adb2b21a09a6fc]
https://passport.kinepolis.lu [400] [GET] [text/html] [Invalid URL] [AkamaiGHost] [3c38264a0b6933e980996c21047bb65f]
https://passport.kinepolis.lu [400] [GET] [text/html] [Invalid URL] [AkamaiGHost] [4c88ae9695ca2b1c285840ae79cdf883]
https://pay.kinepolis.lu [400] [GET] [text/html] [Invalid URL] [AkamaiGHost] [3119ecb8730d2d1e43f50170ec0ea10c]
https://pay.kinepolis.lu [400] [GET] [text/html] [Invalid URL] [AkamaiGHost] [54ad7d75bab237f448334ec5b2c6460a]
https://people.kinepolis.lu [400] [GET] [text/html] [Invalid URL] [AkamaiGHost] [22c56bb0a07e6ee6e4fc346a23570aca]
https://people.kinepolis.lu [400] [GET] [text/html] [Invalid URL] [AkamaiGHost] [fac6bfda21ffe53fa4b2ae8d3b46c80b]
https://prive.kinepolis.lu [403] [GET] [text/html] [Access Denied] [] [vhost] [ba7dfc1ddee0d723d1c971feb2053dc4]
https://prive.kinepolis.lu [403] [GET] [text/html] [Access Denied] [] [vhost] [c217425c88c5fd455676d0ac6782643f]
https://privetickets.kinepolis.lu [403] [GET] [text/html] [Access Denied] [] [vhost] [0bf028ad28d7e34c73cf072a5228fb8b]
https://privetickets.kinepolis.lu [403] [GET] [text/html] [Access Denied] [] [vhost] [dbf3d946a96bac39fcd36da056d60787]
https://prof.kinepolis.lu [400] [GET] [text/html] [Invalid URL] [AkamaiGHost] [55daf588669ca7425e2728a1ca5f7947]
https://prof.kinepolis.lu [400] [GET] [text/html] [Invalid URL] [AkamaiGHost] [c2e238ce146eb4dc5c417ad2df207218]
https://provincia.kinepolis.lu [400] [GET] [text/html] [Invalid URL] [AkamaiGHost] [946913ba61ca0aee2f948a7abedf68b8]
https://provincia.kinepolis.lu [400] [GET] [text/html] [Invalid URL] [AkamaiGHost] [ad89ec7b67080f78f16da19804281be6]
https://pup.kinepolis.lu [400] [GET] [text/html] [Invalid URL] [AkamaiGHost] [420b1ef68bf964062b2bb584b2122625]
https://pup.kinepolis.lu [400] [GET] [text/html] [Invalid URL] [AkamaiGHost] [fb129b6275941cc9e03b63e124a445b9]
https://quarantine-a.kinepolis.lu [400] [GET] [text/html] [Invalid URL] [AkamaiGHost] [3f848be75f5ec88da437971e5fe63ae2]
https://quarantine-a.kinepolis.lu [400] [GET] [text/html] [Invalid URL] [AkamaiGHost] [d00b44c8a49896c0c598a18c193c2dc0]
https://quarantine1.kinepolis.lu [400] [GET] [text/html] [Invalid URL] [AkamaiGHost] [879faed44e4d8e39fdb2ef9aa009a29a]
https://quarantine1.kinepolis.lu [400] [GET] [text/html] [Invalid URL] [AkamaiGHost] [f9e8c4857ebd39f86d4e509f5a9ea611]
https://quarantine51.kinepolis.lu [400] [GET] [text/html] [Invalid URL] [AkamaiGHost] [c63bf6cf38077e5a835b0ee6f68e4173]
https://quarantine51.kinepolis.lu [400] [GET] [text/html] [Invalid URL] [AkamaiGHost] [cdc846fb7315ab7b0d03d87553f9098f]
https://regione.kinepolis.lu [400] [GET] [text/html] [Invalid URL] [AkamaiGHost] [0b8815413a6b7fbaab9b63da7f4ab5ce]
https://regione.kinepolis.lu [400] [GET] [text/html] [Invalid URL] [AkamaiGHost] [d95cbd8dfe6ff2f5e2a9d5de636e7d0b]
https://respiratorysystem.kinepolis.lu [400] [GET] [text/html] [Invalid URL] [AkamaiGHost] [706486fd2fd6b0cb861cff2f967406d8]
https://respiratorysystem.kinepolis.lu [400] [GET] [text/html] [Invalid URL] [AkamaiGHost] [d77a312abdc37f2c7de6ed4a540c66d5]
https://resume.kinepolis.lu [400] [GET] [text/html] [Invalid URL] [AkamaiGHost] [2eb0a79a69471042a4f8477d506a6e00]
https://resume.kinepolis.lu [400] [GET] [text/html] [Invalid URL] [AkamaiGHost] [dd8fa455acfd87feab9e9ce86e8a1318]
https://riccardocoronati.kinepolis.lu [400] [GET] [text/html] [Invalid URL] [AkamaiGHost] [1549601bf0e3dad18757663fbb81ee66]
https://riccardocoronati.kinepolis.lu [400] [GET] [text/html] [Invalid URL] [AkamaiGHost] [fc0a73d7fc40ba1504783cef9ca1dab9]
https://rootsweb.kinepolis.lu [400] [GET] [text/html] [Invalid URL] [AkamaiGHost] [3370f802f1bfc0db94f8e470350d2e89]
https://rootsweb.kinepolis.lu [400] [GET] [text/html] [Invalid URL] [AkamaiGHost] [c230bfecaff59c202d23c0ed7f82e70b]
https://saint-nicolas.kinepolis.lu [200] [GET] [text/html] [Kinepolis St Nicolas – Vivez une St. Nicolas magique] [Apache] [vhost] [Apache,MySQL,PHP,WordPress] [9775092f07f065a79420bc2107f35b07]
https://saint-nicolas.kinepolis.lu:8081 [404] [GET] [application/json] [] [nginx] [Nginx] [8a80554c91d9fca8acb82f023de02f11]
https://search.kinepolis.lu [400] [GET] [text/html] [Invalid URL] [AkamaiGHost] [9f7fd2e7ecf6df569db751f4b51b8386]
https://search.kinepolis.lu [400] [GET] [text/html] [Invalid URL] [AkamaiGHost] [f43b13514b026aaa0f0ff989d522aba5]
https://secure.kinepolis.lu [400] [GET] [text/html] [Invalid URL] [AkamaiGHost] [7175f363bf18d44932a5d604f11bba9f]
https://secure.kinepolis.lu [400] [GET] [text/html] [Invalid URL] [AkamaiGHost] [9fd6c4cb0d1f8b7c604c5926545a2795]
https://server.kinepolis.lu [400] [GET] [text/html] [Invalid URL] [AkamaiGHost] [e950f82ed151fe088d6ba04576c79bcc]
https://server.kinepolis.lu [400] [GET] [text/html] [Invalid URL] [AkamaiGHost] [fd75f8a939b2423745a4f5c3bd1b9b89]
https://server1.kinepolis.lu [400] [GET] [text/html] [Invalid URL] [AkamaiGHost] [2b95cce35f1d67df60e59a559a9afb22]
https://server1.kinepolis.lu [400] [GET] [text/html] [Invalid URL] [AkamaiGHost] [4fa6a615fc3a43dfa4ce53dad1d9399d]
https://severnaya-korona.kinepolis.lu [400] [GET] [text/html] [Invalid URL] [AkamaiGHost] [581de46d8783ce5f3cfecbab85e3830a]
https://severnaya-korona.kinepolis.lu [400] [GET] [text/html] [Invalid URL] [AkamaiGHost] [ba7f31b72c6003792a817a571667970f]
https://shop-dev.kinepolis.lu [401] [GET] [text/html] [401 Unauthorized] [Apache] [vhost] [Apache,Basic] [118a489422be0c5ca0cecf3bb7903c7e]
https://shop-dev.kinepolis.lu:8081 [404] [GET] [application/json] [] [nginx] [Nginx] [8a80554c91d9fca8acb82f023de02f11]
https://shop-devprod.kinepolis.lu [400] [GET] [text/html] [Invalid URL] [AkamaiGHost] [43adb8500cb013844ac9fd5c201b9c05]
https://shop-devprod.kinepolis.lu [400] [GET] [text/html] [Invalid URL] [AkamaiGHost] [e0d70cdbcda420603daea5fc39316550]
https://shop-nicolas.kinepolis.lu [400] [GET] [text/html] [Invalid URL] [AkamaiGHost] [0ac689fc9e99bc2b250d852c545a4100]
https://shop-nicolas.kinepolis.lu [400] [GET] [text/html] [Invalid URL] [AkamaiGHost] [4b3f0992441b363737704255b5d11f54]
https://shop.kinepolis.lu [302] [GET] [text/html] [Redirecting to /fr/] [] [vhost] [39ad9b875390c9525733d0e20dc14a75]
https://sites.kinepolis.lu [400] [GET] [text/html] [Invalid URL] [AkamaiGHost] [7e78bfed8427a51cbf3cf117091691d6]
https://sites.kinepolis.lu [400] [GET] [text/html] [Invalid URL] [AkamaiGHost] [eb0a238464f68d5a76936e54bbe8892b]
https://sixxvirus.kinepolis.lu [400] [GET] [text/html] [Invalid URL] [AkamaiGHost] [ac9c4282a9a5e2206612c9ede476c0cf]
https://sixxvirus.kinepolis.lu [400] [GET] [text/html] [Invalid URL] [AkamaiGHost] [ea0b1c5e25473c7c591787d75779563a]
https://skolajovandamaskin.kinepolis.lu [400] [GET] [text/html] [Invalid URL] [AkamaiGHost] [2590204e13020f7a04ff88829b06c93c]
https://skolajovandamaskin.kinepolis.lu [400] [GET] [text/html] [Invalid URL] [AkamaiGHost] [e28e9e6eda31dae701fa9cc04b962db6]
https://slovari.kinepolis.lu [400] [GET] [text/html] [Invalid URL] [AkamaiGHost] [3d6afaf8132fd5bc3594c3578a50af78]
https://slovari.kinepolis.lu [400] [GET] [text/html] [Invalid URL] [AkamaiGHost] [6f202bc078da0406451a15f62c3b71f7]
https://ss.kinepolis.lu [400] [GET] [text/html] [Invalid URL] [AkamaiGHost] [1b59d1429db8d16f32666414958a50af]
https://ss.kinepolis.lu [400] [GET] [text/html] [Invalid URL] [AkamaiGHost] [db0405b224bab3f48d728172518ad3ae]
https://stage-prive.kinepolis.lu [403] [GET] [text/html] [Access Denied] [] [vhost] [d5781be7d16a9f2d79fc4981bc54d6a6]
https://stage-prive.kinepolis.lu [404] [GET] [text/html] [Not Found] [] [vhost] [67932d4b695e1d6b19dfc2e3610761ff]
https://stage-privetickets.kinepolis.lu [403] [GET] [text/html] [Access Denied] [] [vhost] [7f3d1ad0493a204884ffcadabf8cf82d]
https://stage-privetickets.kinepolis.lu [403] [GET] [text/html] [Access Denied] [] [vhost] [b671254cab8caa193b42763c06e99fd6]
https://staging.kinepolis.lu [400] [GET] [text/html] [Invalid URL] [AkamaiGHost] [7c8ae6728f56d6069ad084526e18311a]
https://staging.kinepolis.lu [400] [GET] [text/html] [Invalid URL] [AkamaiGHost] [d71108ebc2fd8eec6d435a71f6b75f7e]
https://support.kinepolis.lu [400] [GET] [text/html] [Invalid URL] [AkamaiGHost] [065e36dc8f31dad0053be35633e7abaf]
https://support.kinepolis.lu [400] [GET] [text/html] [Invalid URL] [AkamaiGHost] [6e6c19b78fb25edcb8e2b93c27851006]
https://symposium.kinepolis.lu [400] [GET] [text/html] [Invalid URL] [AkamaiGHost] [1dc259b80bfac0e1a008761a8f52b536]
https://symposium.kinepolis.lu [400] [GET] [text/html] [Invalid URL] [AkamaiGHost] [b9beb24a3097e05b3834825dc54706df]
https://thomaskonrad.kinepolis.lu [400] [GET] [text/html] [Invalid URL] [AkamaiGHost] [0d534e94195f3eab97030afcb833f129]
https://thomaskonrad.kinepolis.lu [400] [GET] [text/html] [Invalid URL] [AkamaiGHost] [280c8c6281e4ca0705386f5814802078]
https://tickets.kinepolis.lu [403] [GET] [text/html] [Access Denied] [] [vhost] [1c82c5ac0882492fe10c2c71ce198c72]
https://tickets.kinepolis.lu [403] [GET] [text/html] [Access Denied] [] [vhost] [5a27ff4a48844f461ca73e4e5ec1d5ee]
https://top100.kinepolis.lu [400] [GET] [text/html] [Invalid URL] [AkamaiGHost] [0b2fcd42f777226f934680625ea3ea59]
https://top100.kinepolis.lu [400] [GET] [text/html] [Invalid URL] [AkamaiGHost] [1105c38e30ad43600da771d7e653f9dd]
https://tribunale.kinepolis.lu [400] [GET] [text/html] [Invalid URL] [AkamaiGHost] [51181ea52d8d7869b3ceda0e1b77e64c]
https://tribunale.kinepolis.lu [400] [GET] [text/html] [Invalid URL] [AkamaiGHost] [9418424f3b2b3cef15e6ec139e2a6358]
https://uni.kinepolis.lu [400] [GET] [text/html] [Invalid URL] [AkamaiGHost] [344915c3225de3989ee0c3bedc5e8174]
https://uni.kinepolis.lu [400] [GET] [text/html] [Invalid URL] [AkamaiGHost] [f6e8e12167c48296bd5c7766cc642275]
https://union.kinepolis.lu [400] [GET] [text/html] [Invalid URL] [AkamaiGHost] [4f2fee720b8c4ab680c397beeedc519b]
https://union.kinepolis.lu [400] [GET] [text/html] [Invalid URL] [AkamaiGHost] [aeb88e36e9418a23a2d89cd9464faa4d]
https://univ.kinepolis.lu [400] [GET] [text/html] [Invalid URL] [AkamaiGHost] [0b0a7f281990556be5d5b263e7aed28c]
https://univ.kinepolis.lu [400] [GET] [text/html] [Invalid URL] [AkamaiGHost] [5df22848bdfd69f6bf49955def5d5d07]
https://uppstartsmaskinen.kinepolis.lu [400] [GET] [text/html] [Invalid URL] [AkamaiGHost] [8754c59ff3ead0934fd0cff5576345f9]
https://uppstartsmaskinen.kinepolis.lu [400] [GET] [text/html] [Invalid URL] [AkamaiGHost] [ac89e630108fcde922006e6f5260804b]
https://user.kinepolis.lu [400] [GET] [text/html] [Invalid URL] [AkamaiGHost] [e59233e6d27e600a400318d1c0e5596f]
https://user.kinepolis.lu [400] [GET] [text/html] [Invalid URL] [AkamaiGHost] [f57ae643baac90806efd0393140b67e9]
https://users.kinepolis.lu [400] [GET] [text/html] [Invalid URL] [AkamaiGHost] [31bd7f5f9c6c7c212bb4671ce0026a3f]
https://users.kinepolis.lu [400] [GET] [text/html] [Invalid URL] [AkamaiGHost] [f15d44c03d9757b9ab9bf00f23579cf4]
https://utazzmaskepp.kinepolis.lu [400] [GET] [text/html] [Invalid URL] [AkamaiGHost] [7f5ed4388231c498c947a60e417a7437]
https://utazzmaskepp.kinepolis.lu [400] [GET] [text/html] [Invalid URL] [AkamaiGHost] [ad79dcbbf109fa72ea1d9c6333c96766]
https://vaccinetracker.kinepolis.lu [400] [GET] [text/html] [Invalid URL] [AkamaiGHost] [01cb226228078dcbadb615a18090a4e8]
https://vaccinetracker.kinepolis.lu [400] [GET] [text/html] [Invalid URL] [AkamaiGHost] [ec6f2c95655021342375da0863974828]
https://varnish.kinepolis.lu [400] [GET] [text/html] [Invalid URL] [AkamaiGHost] [135c1fa3631d1c64c08aaeba2832de5b]
https://varnish.kinepolis.lu [400] [GET] [text/html] [Invalid URL] [AkamaiGHost] [e4ee2e111ce72a6d88039f948693b961]
https://virusscan.kinepolis.lu [400] [GET] [text/html] [Invalid URL] [AkamaiGHost] [0b06f3ce8af30771c7135471ea2b4588]
https://virusscan.kinepolis.lu [400] [GET] [text/html] [Invalid URL] [AkamaiGHost] [73bf19018f2d340bbbe1350a2ac7903d]
https://walkingmask.kinepolis.lu [400] [GET] [text/html] [Invalid URL] [AkamaiGHost] [71fc5df797fd4fafbf91e619f8be718a]
https://walkingmask.kinepolis.lu [400] [GET] [text/html] [Invalid URL] [AkamaiGHost] [d0337ca578aa35049407aae57aa1f67f]
https://wallet-acc.kinepolis.lu [404] [GET] [] [] [] [vhost] [IIS,Microsoft ASP.NET] [d41d8cd98f00b204e9800998ecf8427e]
https://wallet.kinepolis.lu [404] [GET] [] [] [] [vhost] [IIS,Microsoft ASP.NET] [d41d8cd98f00b204e9800998ecf8427e]
https://web.kinepolis.lu [400] [GET] [text/html] [Invalid URL] [AkamaiGHost] [30bc8337feb654810ac27709d24298a3]
https://web.kinepolis.lu [400] [GET] [text/html] [Invalid URL] [AkamaiGHost] [bc2c2fe04a173e90bb01ed3cc2f81f9f]
https://webmail.kinepolis.lu [400] [GET] [text/html] [Invalid URL] [AkamaiGHost] [a27f58029bc969091998fe12a0b1134b]
https://webmail.kinepolis.lu [400] [GET] [text/html] [Invalid URL] [AkamaiGHost] [ce130f4fbf3be8343dc13d9bd5ea70f8]
https://wenku.kinepolis.lu [400] [GET] [text/html] [Invalid URL] [AkamaiGHost] [2d7df8a9ab23f39a0a5a34d320a76ea8]
https://wenku.kinepolis.lu [400] [GET] [text/html] [Invalid URL] [AkamaiGHost] [8cef50ef4026dd5ff01b23a47f3718bc]
https://ww5.kinepolis.lu [400] [GET] [text/html] [Invalid URL] [AkamaiGHost] [2bfc3aa63d1331a6ff397bcc83bb48dd]
https://ww5.kinepolis.lu [400] [GET] [text/html] [Invalid URL] [AkamaiGHost] [8503906dc7b87a04f7f210c5ab227d49]
https://www2s.kinepolis.lu [400] [GET] [text/html] [Invalid URL] [AkamaiGHost] [648f753bcc855581997b791cd45c8e89]
https://www2s.kinepolis.lu [400] [GET] [text/html] [Invalid URL] [AkamaiGHost] [ebe38ff3df09168f0e37ad1a320c15ed]
https://www2u.kinepolis.lu [400] [GET] [text/html] [Invalid URL] [AkamaiGHost] [b40c423c9120b323c96c04fb3027ba3b]
https://www2u.kinepolis.lu [400] [GET] [text/html] [Invalid URL] [AkamaiGHost] [f298094a7faf7a3f72607054fed7e5c8]
https://www4b.kinepolis.lu [400] [GET] [text/html] [Invalid URL] [AkamaiGHost] [2513fdf4cccdd7e4a71af429c2e425af]
https://www4b.kinepolis.lu [400] [GET] [text/html] [Invalid URL] [AkamaiGHost] [6f0ac5b851737e0da530dae9ef9f97f7]
https://www5a.kinepolis.lu [400] [GET] [text/html] [Invalid URL] [AkamaiGHost] [3833d5ac01b5c2d3612823a08e16d23a]
https://www5a.kinepolis.lu [400] [GET] [text/html] [Invalid URL] [AkamaiGHost] [fb8020092b0ce5ec13f7b5f31de67ccc]
https://www5b.kinepolis.lu [400] [GET] [text/html] [Invalid URL] [AkamaiGHost] [1385e414ad750c5681c63a43178ef310]
https://www5b.kinepolis.lu [400] [GET] [text/html] [Invalid URL] [AkamaiGHost] [c8122458430fd42b7b05d005de514207]
https://www5c.kinepolis.lu [400] [GET] [text/html] [Invalid URL] [AkamaiGHost] [38d69426d16b7187e6b484b2866321f7]
https://www5c.kinepolis.lu [400] [GET] [text/html] [Invalid URL] [AkamaiGHost] [bd3bbe5772770cad9e7a7378201ae188]
https://www5d.kinepolis.lu [400] [GET] [text/html] [Invalid URL] [AkamaiGHost] [44f2aae17e2fc5ce96e7da112cd4ed65]
https://www5d.kinepolis.lu [400] [GET] [text/html] [Invalid URL] [AkamaiGHost] [93aaf050e6698f983f8b71c00ca5980b]
https://www5f.kinepolis.lu [400] [GET] [text/html] [Invalid URL] [AkamaiGHost] [44f693e4998f26a6451a47fa4f64c224]
https://www5f.kinepolis.lu [400] [GET] [text/html] [Invalid URL] [AkamaiGHost] [dc6b92d33fe1aa7415c65832142adac4]
https://www7a.kinepolis.lu [400] [GET] [text/html] [Invalid URL] [AkamaiGHost] [5a760ba0983b6c15ffbc3e6363093a3d]
https://www7a.kinepolis.lu [400] [GET] [text/html] [Invalid URL] [AkamaiGHost] [ca104e6c55d87df5be4cb131127b277c]
https://www7b.kinepolis.lu [400] [GET] [text/html] [Invalid URL] [AkamaiGHost] [11d550b0522bbf10898856ebba21349d]
https://www7b.kinepolis.lu [400] [GET] [text/html] [Invalid URL] [AkamaiGHost] [d5bb18c91e8083f1f6592b81f2a14316]
https://xroads.kinepolis.lu [400] [GET] [text/html] [Invalid URL] [AkamaiGHost] [a99279ffa59ff77ebb1c84ff8ec42bc1]
https://xroads.kinepolis.lu [400] [GET] [text/html] [Invalid URL] [AkamaiGHost] [f1f390aa8cb7bb9aff3f92ca7eb9dfe5]
