https://11.kinepolis.ch [400] [GET] [text/html] [Invalid URL] [AkamaiGHost] [ed3708667d8e36d22517f242407bedc4]
https://20.kinepolis.ch [400] [GET] [text/html] [Invalid URL] [AkamaiGHost] [40835e5dea5cf24220a3273ae87de099]
https://9.kinepolis.ch [400] [GET] [text/html] [Invalid URL] [AkamaiGHost] [f284d30d14fb507e2ff3af455728b14e]
https://96.kinepolis.ch [400] [GET] [text/html] [Invalid URL] [AkamaiGHost] [57a6466bfba64032b284b95c71f54df1]
https://a1.kinepolis.ch [400] [GET] [text/html] [Invalid URL] [AkamaiGHost] [447a0fbddd747d77c3fb6f2ecb471971]
https://access.kinepolis.ch [400] [GET] [text/html] [Invalid URL] [AkamaiGHost] [ea177cdb523831b609abe527ea425929]
https://ae.kinepolis.ch [400] [GET] [text/html] [Invalid URL] [AkamaiGHost] [815d9b44ee2684cbb49f011fee54b5b8]
https://ak.kinepolis.ch [400] [GET] [text/html] [Invalid URL] [AkamaiGHost] [03d20c522ce807ad13cc519e5e8fbdf7]
https://apotonickrangqiuma.kinepolis.ch [400] [GET] [text/html] [Invalid URL] [AkamaiGHost] [7b5d8d68a4a52cf4e1cabfcf44aca622]
https://argentina.kinepolis.ch [400] [GET] [text/html] [Invalid URL] [AkamaiGHost] [ae37837aceade7a7cc7e19000af94d79]
https://baidu.kinepolis.ch [400] [GET] [text/html] [Invalid URL] [AkamaiGHost] [56fae7c267be53e086745e9a79ecf039]
https://banuba-live-selfie-filters-and-face-masks-camera.kinepolis.ch [400] [GET] [text/html] [Invalid URL] [AkamaiGHost] [a376e39a7ac32a9e9c9e436ae2df7786]
https://bip.kinepolis.ch [400] [GET] [text/html] [Invalid URL] [AkamaiGHost] [af8d9ffbbbf1ac0c928a741281b25f58]
https://bookmarks.kinepolis.ch [400] [GET] [text/html] [Invalid URL] [AkamaiGHost] [79660a3a790c8268dddda6bf3d73fd76]
https://boy.kinepolis.ch [400] [GET] [text/html] [Invalid URL] [AkamaiGHost] [fe894c256015cb52018e5324f090a3ec]
https://bsd01.kinepolis.ch [400] [GET] [text/html] [Invalid URL] [AkamaiGHost] [e50ea84b973b872c9b795b7be1fa8669]
https://bsd73.kinepolis.ch [400] [GET] [text/html] [Invalid URL] [AkamaiGHost] [f5737ad3bc070e455bb5c953c73bbabc]
https://burner-1.kinepolis.ch [400] [GET] [text/html] [Invalid URL] [AkamaiGHost] [e5e067dfe5868fe1241932f8f483b635]
https://cancancommunity.kinepolis.ch [400] [GET] [text/html] [Invalid URL] [AkamaiGHost] [a8f930a1a69fd0e8fd5f854f7d8385f3]
https://class.kinepolis.ch [400] [GET] [text/html] [Invalid URL] [AkamaiGHost] [c0a1997b209e564718fd01c494cd227a]
https://club.kinepolis.ch [400] [GET] [text/html] [Invalid URL] [AkamaiGHost] [f18c1c9f7fee424c720789e176da4cc3]
https://cn.kinepolis.ch [400] [GET] [text/html] [Invalid URL] [AkamaiGHost] [daa74e37413de11b36588903f71d32c3]
https://comprignet2.kinepolis.ch [400] [GET] [text/html] [Invalid URL] [AkamaiGHost] [158ae467204b7bdb6d194f018a97b9b6]
https://comune.kinepolis.ch [400] [GET] [text/html] [Invalid URL] [AkamaiGHost] [86a820fc9400cfdc4b695655e4b6d7c6]
https://corona.kinepolis.ch [400] [GET] [text/html] [Invalid URL] [AkamaiGHost] [2b71e6b1738f7d1a04689368e7e9f5c8]
https://couronne.kinepolis.ch [400] [GET] [text/html] [Invalid URL] [AkamaiGHost] [b34466debded57c996ac3801811edb6e]
https://crm.kinepolis.ch [400] [GET] [text/html] [Invalid URL] [AkamaiGHost] [5a3305392199845ffaf1819ca7c5b00b]
https://cse.kinepolis.ch [400] [GET] [text/html] [Invalid URL] [AkamaiGHost] [396039ef72796ec534d78fe6a5c9540a]
https://cust114.kinepolis.ch [400] [GET] [text/html] [Invalid URL] [AkamaiGHost] [ea780c4d30ad8a9679587baa2b515ba6]
https://cust212.kinepolis.ch [400] [GET] [text/html] [Invalid URL] [AkamaiGHost] [c5e44ee2f494d4cbf73507cb7eb589d2]
https://cust614.kinepolis.ch [400] [GET] [text/html] [Invalid URL] [AkamaiGHost] [f0aa85d099a08d3902d80adfbc5ffe2f]
https://dd.kinepolis.ch [400] [GET] [text/html] [Invalid URL] [AkamaiGHost] [5d7582833ae1ad49d16b984756808bdb]
https://dialup.kinepolis.ch [400] [GET] [text/html] [Invalid URL] [AkamaiGHost] [5f47388c3981c0157e99a9906e3db2c2]
https://en.kinepolis.ch [400] [GET] [text/html] [Invalid URL] [AkamaiGHost] [1d46a1f70e76f59364b082d1c6cdc648]
https://enterpriseenrollment.kinepolis.ch [302] [GET] [] [] [Microsoft-IIS/10.0] [azure] [IIS,Microsoft ASP.NET,Windows Server] [d41d8cd98f00b204e9800998ecf8427e]
https://external.kinepolis.ch [400] [GET] [text/html] [Invalid URL] [AkamaiGHost] [6b2169835448b74112176f91151fe402]
https://ff.kinepolis.ch [400] [GET] [text/html] [Invalid URL] [AkamaiGHost] [d5bef8e00b2e638993fafe2e4df96308]
https://forum.kinepolis.ch [400] [GET] [text/html] [Invalid URL] [AkamaiGHost] [b4d7ff18eaa23b5aedcc36b2b2fea473]
https://fr.kinepolis.ch [400] [GET] [text/html] [Invalid URL] [AkamaiGHost] [78da31523413c78e18be2f10a3660f39]
https://games.kinepolis.ch [400] [GET] [text/html] [Invalid URL] [AkamaiGHost] [ffa9fddb02fcd311692065ec7f66ad16]
https://groups.kinepolis.ch [400] [GET] [text/html] [Invalid URL] [AkamaiGHost] [9f7e036403dbfc7eb2dbf18ce97b27d0]
https://h2.kinepolis.ch [400] [GET] [text/html] [Invalid URL] [AkamaiGHost] [2164fd0ad353b9aa36fab5aef6040f72]
https://h6.kinepolis.ch [400] [GET] [text/html] [Invalid URL] [AkamaiGHost] [29fa7162ed9b84bff54242eccc369c7b]
https://h7.kinepolis.ch [400] [GET] [text/html] [Invalid URL] [AkamaiGHost] [ae0787bd9f8c7d3827569ae8bf66f4af]
https://hh.kinepolis.ch [400] [GET] [text/html] [Invalid URL] [AkamaiGHost] [397a2e804acf79e31527deb66df68f9b]
https://home.kinepolis.ch [400] [GET] [text/html] [Invalid URL] [AkamaiGHost] [7c6de034ac86fadbcaa598f850b475c6]
https://homepage1.kinepolis.ch [400] [GET] [text/html] [Invalid URL] [AkamaiGHost] [6804f0d62607d93facc26726497240fe]
https://homepage2.kinepolis.ch [400] [GET] [text/html] [Invalid URL] [AkamaiGHost] [c74a88cb6b7311094116459444358438]
https://host.kinepolis.ch [400] [GET] [text/html] [Invalid URL] [AkamaiGHost] [2a074956a77bc4d1e44e34d0c769b4da]
https://iakovidis.kinepolis.ch [400] [GET] [text/html] [Invalid URL] [AkamaiGHost] [a5783231192de969d26d53a64275e119]
https://infolab.kinepolis.ch [400] [GET] [text/html] [Invalid URL] [AkamaiGHost] [5cbec3dfe382e71cdb9eaa883d9a3afd]
https://informatik.kinepolis.ch [400] [GET] [text/html] [Invalid URL] [AkamaiGHost] [9153c87dabe962eaaec8d28d432f99d5]
https://inst.kinepolis.ch [400] [GET] [text/html] [Invalid URL] [AkamaiGHost] [9ce0c0a9fc0a09df7f972047c53670dd]
https://k3.kinepolis.ch [400] [GET] [text/html] [Invalid URL] [AkamaiGHost] [1775f7ea894259dbf8a8a89eb696840c]
https://k5.kinepolis.ch [400] [GET] [text/html] [Invalid URL] [AkamaiGHost] [eca856ea3becfa001715539a524c4f82]
https://kaviruspnet.kinepolis.ch [400] [GET] [text/html] [Invalid URL] [AkamaiGHost] [7d3025bddf87949d707a7d1518b72d37]
https://kinepolis.ch [200] [GET] [text/html] [All movies between 24/03 and 06/04 | Kinepolis Swiss] [] [vhost] [Drupal,Google Tag Manager,OWL Carousel,PHP,jQuery] [9f71ed55a912eee1c2713efaed722fce]
https://ku1720.kinepolis.ch [400] [GET] [text/html] [Invalid URL] [AkamaiGHost] [a415afc516d6cacae6e4d8c3c52d313b]
https://local.kinepolis.ch [400] [GET] [text/html] [Invalid URL] [AkamaiGHost] [13266c380efdfa66db3b6f2109301c22]
https://losvirus.kinepolis.ch [400] [GET] [text/html] [Invalid URL] [AkamaiGHost] [7da8946634fd65f0e440536254bb5b93]
https://manager.kinepolis.ch [400] [GET] [text/html] [Invalid URL] [AkamaiGHost] [ce8a932d0bc2a71cd4df7075b1806a7b]
https://maska.kinepolis.ch [400] [GET] [text/html] [Invalid URL] [AkamaiGHost] [4616d47e05fa47fb08c0040ae6580266]
https://maskan.kinepolis.ch [400] [GET] [text/html] [Invalid URL] [AkamaiGHost] [cc1deaa86be319d12cce7342b2dd1b2f]
https://maskindg.kinepolis.ch [400] [GET] [text/html] [Invalid URL] [AkamaiGHost] [00bbaffd5100cbfc186043249b1c507e]
https://math.kinepolis.ch [400] [GET] [text/html] [Invalid URL] [AkamaiGHost] [884afe99b26186d6579adda2d44a1161]
https://members.kinepolis.ch [400] [GET] [text/html] [Invalid URL] [AkamaiGHost] [6d4a8d02541a34e8c8eefc146d32f8c0]
https://mpk.kinepolis.ch [400] [GET] [text/html] [Invalid URL] [AkamaiGHost] [bb78d7f1b90ea85b3f14504b562e76e4]
https://muhunupothamuluthange.kinepolis.ch [400] [GET] [text/html] [Invalid URL] [AkamaiGHost] [b86745060d217338f69c855197976e08]
https://music.kinepolis.ch [400] [GET] [text/html] [Invalid URL] [AkamaiGHost] [bd20a3997ad785b8a4a860355076c14d]
https://myhome.kinepolis.ch [400] [GET] [text/html] [Invalid URL] [AkamaiGHost] [b8eb91f03bf34a8dfc5073e29665f055]
https://ng4.kinepolis.ch [400] [GET] [text/html] [Invalid URL] [AkamaiGHost] [0f6d04377870517f5f907f042382e6c5]
https://nn.kinepolis.ch [400] [GET] [text/html] [Invalid URL] [AkamaiGHost] [019f032fa6e0c57c88d295aeb95f7ddc]
https://ns01.kinepolis.ch [400] [GET] [text/html] [Invalid URL] [AkamaiGHost] [a68feada1ccf98a63c42985d522d2799]
https://passport.kinepolis.ch [400] [GET] [text/html] [Invalid URL] [AkamaiGHost] [80578d3c26d33909fe41c0c7414a9b93]
https://pink.kinepolis.ch [400] [GET] [text/html] [Invalid URL] [AkamaiGHost] [5c682fbf6b814c3235ae013fb3316c42]
https://postentryquarantine.kinepolis.ch [400] [GET] [text/html] [Invalid URL] [AkamaiGHost] [edb4b36576ed7ae0a4d46fdc129ed281]
https://ppp.kinepolis.ch [400] [GET] [text/html] [Invalid URL] [AkamaiGHost] [8732038a7f681bbb54690a8db1a80239]
https://privetickets.kinepolis.ch [403] [GET] [text/html] [Access Denied] [] [vhost] [ac5172090044cc8ed9910d7b09533828]
https://provincia.kinepolis.ch [400] [GET] [text/html] [Invalid URL] [AkamaiGHost] [bf6015c3524658f66ce7f3e54484b41e]
https://ptp128.kinepolis.ch [400] [GET] [text/html] [Invalid URL] [AkamaiGHost] [a85f8bb1aba818b2a3bdec4acd9393df]
https://publicstaticvoid.kinepolis.ch [400] [GET] [text/html] [Invalid URL] [AkamaiGHost] [e7e8aad7688f69f91311a980a51d3c00]
https://quarantinetco.kinepolis.ch [400] [GET] [text/html] [Invalid URL] [AkamaiGHost] [4d3b62a4bb8622f16ca796a4f59c12c3]
https://rootsweb.kinepolis.ch [400] [GET] [text/html] [Invalid URL] [AkamaiGHost] [af4aa4ad8f45a0490f422e1a09bf5d48]
https://search.kinepolis.ch [400] [GET] [text/html] [Invalid URL] [AkamaiGHost] [d26c68541d9ff715c7112cb07e3aaaf6]
https://secure.kinepolis.ch [400] [GET] [text/html] [Invalid URL] [AkamaiGHost] [d123b985ebac68e6aaa6827d1a3e942e]
https://shop.kinepolis.ch [400] [GET] [text/html] [Invalid URL] [AkamaiGHost] [0ab5dc166e0218c958df81d83d215987]
https://sites.kinepolis.ch [400] [GET] [text/html] [Invalid URL] [AkamaiGHost] [8ce6c0c97ae3c926953d3e8e3be5bcc9]
https://sql1-8.kinepolis.ch [400] [GET] [text/html] [Invalid URL] [AkamaiGHost] [ec9e0cfecb0f66b5b3f26f935630df1d]
https://staging.kinepolis.ch [400] [GET] [text/html] [Invalid URL] [AkamaiGHost] [517fa391012e4abc9188ba8d2dd9ed5b]
https://stromectole.kinepolis.ch [400] [GET] [text/html] [Invalid URL] [AkamaiGHost] [6675c489ff03b203ab519a42b7db3d83]
https://sub-97-206-232.kinepolis.ch [400] [GET] [text/html] [Invalid URL] [AkamaiGHost] [6cfc699992d59ee94a8bc48a27ba90f8]
https://sv.kinepolis.ch [400] [GET] [text/html] [Invalid URL] [AkamaiGHost] [db9830819e872c725b862bfce97be28f]
https://sybase.kinepolis.ch [400] [GET] [text/html] [Invalid URL] [AkamaiGHost] [b3893973fb25681f0a0b4623496b61e3]
https://symposium.kinepolis.ch [400] [GET] [text/html] [Invalid URL] [AkamaiGHost] [248f181379dbcf3cbf0625adba65a353]
https://t-virus.kinepolis.ch [400] [GET] [text/html] [Invalid URL] [AkamaiGHost] [b8f11e02385e09ed3fb381b4f8a961e9]
https://telnet.kinepolis.ch [400] [GET] [text/html] [Invalid URL] [AkamaiGHost] [4fdba061c4d5d0e66a45c57ad97776ab]
https://tickets.kinepolis.ch [403] [GET] [text/html] [Access Denied] [] [vhost] [82a4486dab4ba34d595cc16f34e576d8]
https://top100.kinepolis.ch [400] [GET] [text/html] [Invalid URL] [AkamaiGHost] [1f0d5533691f3ef1b2d70a6fd7a7bed6]
https://tribunale.kinepolis.ch [400] [GET] [text/html] [Invalid URL] [AkamaiGHost] [df5881128f4b25abc73b3fbe2f3a327f]
https://uni.kinepolis.ch [400] [GET] [text/html] [Invalid URL] [AkamaiGHost] [b8f7b52f66c984cc9d5f271e4ac63e67]
https://user.kinepolis.ch [400] [GET] [text/html] [Invalid URL] [AkamaiGHost] [1603aa2ce184d57cc759495f6e988403]
https://vaccine.kinepolis.ch [400] [GET] [text/html] [Invalid URL] [AkamaiGHost] [c808247211617197f8f5a02a7a60b0da]
https://venetianmaskticino.kinepolis.ch [400] [GET] [text/html] [Invalid URL] [AkamaiGHost] [61c930b008c66996b68b5ee6c9559201]
https://viruswall.kinepolis.ch [400] [GET] [text/html] [Invalid URL] [AkamaiGHost] [205d0cb7f4eaae6fdff7b97662a6b261]
https://webcache.kinepolis.ch [400] [GET] [text/html] [Invalid URL] [AkamaiGHost] [36a8dd034944eeba046892bcb0a21527]
https://webhelp2.kinepolis.ch [400] [GET] [text/html] [Invalid URL] [AkamaiGHost] [0b914ed53ced48e25a69cdc8e3117de2]
https://webmail.kinepolis.ch [400] [GET] [text/html] [Invalid URL] [AkamaiGHost] [570a071e88367ea10acabbd4dcb63e3e]
https://win2k3.kinepolis.ch [400] [GET] [text/html] [Invalid URL] [AkamaiGHost] [746d07cbcd1ccad2020a0e7df2b37c9b]
https://ws11.kinepolis.ch [400] [GET] [text/html] [Invalid URL] [AkamaiGHost] [00b3dc8a988b6c36b82b38909092ca52]
https://www-02.kinepolis.ch [400] [GET] [text/html] [Invalid URL] [AkamaiGHost] [68207ab9eb64190498a47963b0ea8c9e]
https://www-int.kinepolis.ch [400] [GET] [text/html] [Invalid URL] [AkamaiGHost] [1759b0010b6c367221eafad34b12c408]
https://www-mask.kinepolis.ch [400] [GET] [text/html] [Invalid URL] [AkamaiGHost] [a8d155e7b7e92f03ab949e8c98577805]
https://www.weblhe.kinepolis.ch [400] [GET] [text/html] [Invalid URL] [AkamaiGHost] [4de51c1d2111d49bcdcee8d48ddec187]
https://www2u.kinepolis.ch [400] [GET] [text/html] [Invalid URL] [AkamaiGHost] [9952c0a6fc46e02336f51fd7a0959897]
https://www4b.kinepolis.ch [400] [GET] [text/html] [Invalid URL] [AkamaiGHost] [8e0065927f8fa7b192cb05dc2eaa0977]
https://www5-7.kinepolis.ch [400] [GET] [text/html] [Invalid URL] [AkamaiGHost] [8577eb284520732c57d242a82e14bffe]
https://www5a.kinepolis.ch [400] [GET] [text/html] [Invalid URL] [AkamaiGHost] [97b0a77dcdb093661f3cc73bb7ac27e2]
https://www5b.kinepolis.ch [400] [GET] [text/html] [Invalid URL] [AkamaiGHost] [31df06f457807d201c33c55c83e60d49]
https://www5f.kinepolis.ch [400] [GET] [text/html] [Invalid URL] [AkamaiGHost] [43130071332b8cfc896fb0f06bda1dc9]
https://www7a.kinepolis.ch [400] [GET] [text/html] [Invalid URL] [AkamaiGHost] [1e31b4ab2b39f36dd34cdae24ea4df02]
https://zw.kinepolis.ch [400] [GET] [text/html] [Invalid URL] [AkamaiGHost] [6392c5ffae26170424d4670c2945410f]
