http://autodiscover.kinepolis.fr [301] [GET] [] [] [Microsoft-IIS/10.0] [vhost] [IIS,Microsoft ASP.NET,Windows Server] [d41d8cd98f00b204e9800998ecf8427e]
https://02.kinepolis.fr [400] [GET] [text/html] [Invalid URL] [AkamaiGHost] [a504ea106e3e23755fb370ed5dce3992]
https://02.kinepolis.fr [400] [GET] [text/html] [Invalid URL] [AkamaiGHost] [f999d7be8585000e1ef267c293cc2648]
https://0-checkpoint.thomsonreuters.com.olinkserver.kinepolis.fr [400] [GET] [text/html] [Invalid URL] [AkamaiGHost] [89783b29f93f8852514af7c471a5fd5b]
https://0-checkpoint.thomsonreuters.com.olinkserver.kinepolis.fr [400] [GET] [text/html] [Invalid URL] [AkamaiGHost] [e74dc876c8e96d4725abd1bb5f5e6230]
https://0-customimages.webofknowledge.com.biblio.kinepolis.fr [400] [GET] [text/html] [Invalid URL] [AkamaiGHost] [5529b9878e9573da0c44d33426aea61a]
https://0-customimages.webofknowledge.com.biblio.kinepolis.fr [400] [GET] [text/html] [Invalid URL] [AkamaiGHost] [b86239ab2b0eed9fae258fc02d0f3c0b]
https://0-d194ekacf8mn8t.cloudfront.net.skyline.kinepolis.fr [400] [GET] [text/html] [Invalid URL] [AkamaiGHost] [508b5ed51949c955aa70078f7e69b979]
https://0-d194ekacf8mn8t.cloudfront.net.skyline.kinepolis.fr [400] [GET] [text/html] [Invalid URL] [AkamaiGHost] [50db489c81b7191955f8cb43a7a87373]
https://0-journalarchives.jisc.ac.uk.pugwash.lib.kinepolis.fr [400] [GET] [text/html] [Invalid URL] [AkamaiGHost] [1a037ea31cb6cf4dd9300413dc7a0755]
https://0-journalarchives.jisc.ac.uk.pugwash.lib.kinepolis.fr [400] [GET] [text/html] [Invalid URL] [AkamaiGHost] [b2c3fc851d84415d42e1096470e3be77]
https://0-login.incites.thomsonreuters.com.wncln.kinepolis.fr [400] [GET] [text/html] [Invalid URL] [AkamaiGHost] [7057133107dc7529ca9c4138c1ba4be9]
https://0-login.incites.thomsonreuters.com.wncln.kinepolis.fr [400] [GET] [text/html] [Invalid URL] [AkamaiGHost] [dcb81d96837d3340790edd1637dcf5a1]
https://0-ulrichsweb.serialssolutions.com.iii-server.kinepolis.fr [400] [GET] [text/html] [Invalid URL] [AkamaiGHost] [72341d3b838fd273b7226c51afb21b1a]
https://0-ulrichsweb.serialssolutions.com.iii-server.kinepolis.fr [400] [GET] [text/html] [Invalid URL] [AkamaiGHost] [ddf48e489f673c90578238d38a9ed534]
https://0-ulrichsweb.serialssolutions.com.libraries.kinepolis.fr [400] [GET] [text/html] [Invalid URL] [AkamaiGHost] [55f4a71869a2f1a32f19638c0a87c760]
https://0-ulrichsweb.serialssolutions.com.libraries.kinepolis.fr [400] [GET] [text/html] [Invalid URL] [AkamaiGHost] [a967c9be22c653fac903a822d601bdd7]
https://0-wcs.webofknowledge.com.dewey2.library.kinepolis.fr [400] [GET] [text/html] [Invalid URL] [AkamaiGHost] [08a6fbb2ba7c3a8a36369d59abf13d11]
https://0-wcs.webofknowledge.com.dewey2.library.kinepolis.fr [400] [GET] [text/html] [Invalid URL] [AkamaiGHost] [3207b1b80277bd38eabf3bdac039639f]
https://0-wellcomelibrary.on.worldcat.org.catalogue.kinepolis.fr [400] [GET] [text/html] [Invalid URL] [AkamaiGHost] [05c74d6837025a87c37ecf2e14553ac4]
https://0-wellcomelibrary.on.worldcat.org.catalogue.kinepolis.fr [400] [GET] [text/html] [Invalid URL] [AkamaiGHost] [38c6d06e2d0669bbf0482ff7c57d4025]
https://0-www.lexisnexis.com.pacificatclassic.kinepolis.fr [400] [GET] [text/html] [Invalid URL] [AkamaiGHost] [0ab422918eabaae4ad6aa3a232eb25cd]
https://0-www.lexisnexis.com.pacificatclassic.kinepolis.fr [400] [GET] [text/html] [Invalid URL] [AkamaiGHost] [f40e08051e59ebd8bca3879b21e83e18]
https://0-www.ropercenter.uconn.edu.libraries.kinepolis.fr [400] [GET] [text/html] [Invalid URL] [AkamaiGHost] [193667f89f2259f9d33d3e19fb7ad979]
https://0-www.ropercenter.uconn.edu.libraries.kinepolis.fr [400] [GET] [text/html] [Invalid URL] [AkamaiGHost] [abc5717e55bee845e53e3d4ae9ba6c9c]
https://0-www.sciencedirect.com.pacificatclassic.kinepolis.fr [400] [GET] [text/html] [Invalid URL] [AkamaiGHost] [50c5f1bb60f0c64debbe691fee904c8d]
https://0-www.sciencedirect.com.pacificatclassic.kinepolis.fr [400] [GET] [text/html] [Invalid URL] [AkamaiGHost] [d87e0762acfccf144a44e400173e5607]
https://13.kinepolis.fr [400] [GET] [text/html] [Invalid URL] [AkamaiGHost] [6c8f252e1ded78e1efe02ffce24a480e]
https://13.kinepolis.fr [400] [GET] [text/html] [Invalid URL] [AkamaiGHost] [980fae305258aae9578d0b9de7341338]
https://20www.kinepolis.fr [400] [GET] [text/html] [Invalid URL] [AkamaiGHost] [4ed676f3506578e5216f80e205922a4f]
https://20www.kinepolis.fr [400] [GET] [text/html] [Invalid URL] [AkamaiGHost] [eea8567d03e66ea51f8d2c61c39a08c6]
https://8-1.kinepolis.fr [400] [GET] [text/html] [Invalid URL] [AkamaiGHost] [3eff6e35441b35745cf68ea9aed17521]
https://8-1.kinepolis.fr [400] [GET] [text/html] [Invalid URL] [AkamaiGHost] [c7ed6b634dd64c82bb439051bac07284]
https://88.kinepolis.fr [400] [GET] [text/html] [Invalid URL] [AkamaiGHost] [cbe366c9ebbbab8225b2936c3fe9cbc0]
https://88.kinepolis.fr [400] [GET] [text/html] [Invalid URL] [AkamaiGHost] [db1517d0c9fae36c89ef62ac6d677159]
https://a1covid19.kinepolis.fr [400] [GET] [text/html] [Invalid URL] [AkamaiGHost] [28d659ace274cde51c91139e86b9c229]
https://a1covid19.kinepolis.fr [400] [GET] [text/html] [Invalid URL] [AkamaiGHost] [565f594a50b3f5bf97fc47fc413b39e4]
https://a1.kinepolis.fr [400] [GET] [text/html] [Invalid URL] [AkamaiGHost] [21440a1c26dde4643f918d82c313c548]
https://a1.kinepolis.fr [400] [GET] [text/html] [Invalid URL] [AkamaiGHost] [394a41fcb61b05fca5497cc0bbbf444a]
https://acceso6.kinepolis.fr [400] [GET] [text/html] [Invalid URL] [AkamaiGHost] [299bd1530f67459735f0515c654a2dd8]
https://acceso6.kinepolis.fr [400] [GET] [text/html] [Invalid URL] [AkamaiGHost] [b288611b489ecb3fb0f05ef01a3c3e99]
https://acceso.kinepolis.fr [400] [GET] [text/html] [Invalid URL] [AkamaiGHost] [62a366d357f5b6d98586215cbb35c689]
https://acceso.kinepolis.fr [400] [GET] [text/html] [Invalid URL] [AkamaiGHost] [a33ac98cd826c87b7ac1f6f08b40a9b0]
https://accounts.google.com.mail.googlo.comselom.kinepolis.fr [400] [GET] [text/html] [Invalid URL] [AkamaiGHost] [10d213f253b0c37fb1120dee26377055]
https://accounts.google.com.mail.googlo.comselom.kinepolis.fr [400] [GET] [text/html] [Invalid URL] [AkamaiGHost] [42584d77be2944e42a5b001efc69fb62]
https://adsl.kinepolis.fr [400] [GET] [text/html] [Invalid URL] [AkamaiGHost] [0fdf541a176a76af485682e4f5701cc3]
https://adsl.kinepolis.fr [400] [GET] [text/html] [Invalid URL] [AkamaiGHost] [f14e285e9708775c3f3dcaf22493b1fc]
https://alabama.kinepolis.fr [400] [GET] [text/html] [Invalid URL] [AkamaiGHost] [60bd9553254b3e39aef7bb5338c6101d]
https://alabama.kinepolis.fr [400] [GET] [text/html] [Invalid URL] [AkamaiGHost] [e208e0b2a85d5762e61ea1ef7107b932]
https://anzeiger-news.com.kunden.ortsinfo.at.kunden.kinepolis.fr [400] [GET] [text/html] [Invalid URL] [AkamaiGHost] [ce22975d42d57baf54d99289dc1dc2dd]
https://anzeiger-news.com.kunden.ortsinfo.at.kunden.kinepolis.fr [400] [GET] [text/html] [Invalid URL] [AkamaiGHost] [dff3f8fd0d5ddba42097123afd2077a1]
https://ar.kinepolis.fr [400] [GET] [text/html] [Invalid URL] [AkamaiGHost] [17609c3e819cec1b74862abc367eb198]
https://ar.kinepolis.fr [400] [GET] [text/html] [Invalid URL] [AkamaiGHost] [49b4ba4ff375c62fd23389dfc9d46c51]
https://asia.kinepolis.fr [400] [GET] [text/html] [Invalid URL] [AkamaiGHost] [064ea86f30e85f211b528856995ea214]
https://asia.kinepolis.fr [400] [GET] [text/html] [Invalid URL] [AkamaiGHost] [ee0f74c1bd395c3c9f44e46bf5ad8226]
https://assets-yammer-docker.com.office.cibcpoc.kinepolis.fr [400] [GET] [text/html] [Invalid URL] [AkamaiGHost] [01875bda681afe986287a42fc5d688e7]
https://assets-yammer-docker.com.office.cibcpoc.kinepolis.fr [400] [GET] [text/html] [Invalid URL] [AkamaiGHost] [41726ea9488fc438903ea38fa9d5cdbf]
https://assets-yammer-elasticbeanstalk.com.office.cibcpoc.kinepolis.fr [400] [GET] [text/html] [Invalid URL] [AkamaiGHost] [0dd333fbab60fee01b83e78673236415]
https://assets-yammer-elasticbeanstalk.com.office.cibcpoc.kinepolis.fr [400] [GET] [text/html] [Invalid URL] [AkamaiGHost] [6075955b0ba9bd5d17cdde98bca1d7de]
https://assets-yammer-login.com.office.cibcpoc.kinepolis.fr [400] [GET] [text/html] [Invalid URL] [AkamaiGHost] [36a2194518fc6190003fcc4c413293a2]
https://assets-yammer-login.com.office.cibcpoc.kinepolis.fr [400] [GET] [text/html] [Invalid URL] [AkamaiGHost] [47a7f1fa2e9ac1c470bd8c619fd635e9]
https://assets-yammer.test.com.office.cibcpoc.kinepolis.fr [400] [GET] [text/html] [Invalid URL] [AkamaiGHost] [19d8c1e366717dab93da7829d5c00b64]
https://assets-yammer.test.com.office.cibcpoc.kinepolis.fr [400] [GET] [text/html] [Invalid URL] [AkamaiGHost] [806ed25e2a158669660ddd62005969fb]
https://avira-free-antivirus.ar.kinepolis.fr [400] [GET] [text/html] [Invalid URL] [AkamaiGHost] [4f76c760af7de887ce8a2232d557699e]
https://avira-free-antivirus.ar.kinepolis.fr [400] [GET] [text/html] [Invalid URL] [AkamaiGHost] [62c318c87426fe05064c8f72dc397a99]
https://bannervirus0316.kinepolis.fr [400] [GET] [text/html] [Invalid URL] [AkamaiGHost] [f238ed979e07463fe0bcb685abcc8e03]
https://bannervirus0316.kinepolis.fr [400] [GET] [text/html] [Invalid URL] [AkamaiGHost] [fb0be376918aecf2073868cd5231cee0]
https://be.kinepolis.fr [400] [GET] [text/html] [Invalid URL] [AkamaiGHost] [c1c463fffaa11845177a9257555a689c]
https://be.kinepolis.fr [400] [GET] [text/html] [Invalid URL] [AkamaiGHost] [e37884bfdbe5a9cf0f1164012acc9591]
https://blogmask.kinepolis.fr [400] [GET] [text/html] [Invalid URL] [AkamaiGHost] [5009822a4e460344d198128bb61ebf97]
https://blogmask.kinepolis.fr [400] [GET] [text/html] [Invalid URL] [AkamaiGHost] [c1350b94c32b26a244cd7583aa1e0c40]
https://blogspot.centerpriseenrollment.kinepolis.fr [400] [GET] [text/html] [Invalid URL] [AkamaiGHost] [15003dd2e40482a1c6639a8cfbf3fc40]
https://blogspot.centerpriseenrollment.kinepolis.fr [400] [GET] [text/html] [Invalid URL] [AkamaiGHost] [bfa332e3885656ddd1f304998510d4ec]
https://bojena69.blogspot.centerpriseenrollment.kinepolis.fr [400] [GET] [text/html] [Invalid URL] [AkamaiGHost] [5d27a2deb627dfc75e13e81b68aa11c4]
https://bojena69.blogspot.centerpriseenrollment.kinepolis.fr [400] [GET] [text/html] [Invalid URL] [AkamaiGHost] [71b34be8268c695e1e2d784601de99d8]
https://bumetavoxww.kinepolis.fr [400] [GET] [text/html] [Invalid URL] [AkamaiGHost] [ab4f41cbe6b5ae6fe61551a76d42a161]
https://bumetavoxww.kinepolis.fr [400] [GET] [text/html] [Invalid URL] [AkamaiGHost] [bbed928de5c3051a2fd0ace1f6aebf6c]
https://business.kinepolis.fr [200] [GET] [text/html] [Réinventons le cinéma – business.kinepolis.fr] [] [vhost] [Google Tag Manager,MySQL,PHP,WordPress,wpBakery] [0b1784c91eb7d93400f91fc79c8025af]
https://channel.kinepolis.fr [400] [GET] [text/html] [Invalid URL] [AkamaiGHost] [2c19b32e37c8a0180e1b1c31d733620a]
https://channel.kinepolis.fr [400] [GET] [text/html] [Invalid URL] [AkamaiGHost] [80e3e2bad8242a559bd8d3ff32cb0164]
https://commerceserver.kinepolis.fr [400] [GET] [text/html] [Invalid URL] [AkamaiGHost] [706151ba809a374b357f393835772847]
https://commerceserver.kinepolis.fr [400] [GET] [text/html] [Invalid URL] [AkamaiGHost] [b604cc9012c56f9026233900fa603bb9]
https://corona420.kinepolis.fr [400] [GET] [text/html] [Invalid URL] [AkamaiGHost] [1049fad067e609df4d413436e5aa6352]
https://corona420.kinepolis.fr [400] [GET] [text/html] [Invalid URL] [AkamaiGHost] [982d134373aadc7ffa1f04b91b8bad48]
https://coronakuamp.kinepolis.fr [400] [GET] [text/html] [Invalid URL] [AkamaiGHost] [2ad0ab06095581c19a6de2fad2c42104]
https://coronakuamp.kinepolis.fr [400] [GET] [text/html] [Invalid URL] [AkamaiGHost] [73d62eb948b320226dc4ea383c9e6023]
https://corona-trunk-development-manhattan-gq.kinepolis.fr [400] [GET] [text/html] [Invalid URL] [AkamaiGHost] [2203eb4f6c0ff44c4456974d8220d327]
https://corona-trunk-development-manhattan-gq.kinepolis.fr [400] [GET] [text/html] [Invalid URL] [AkamaiGHost] [87b278bb41938703bc8f7b01833bdf86]
https://cust100.kinepolis.fr [400] [GET] [text/html] [Invalid URL] [AkamaiGHost] [8438d543fa5b8d1250ad77bf587f01cd]
https://cust100.kinepolis.fr [400] [GET] [text/html] [Invalid URL] [AkamaiGHost] [cc2abfbb68207c21ebf9f6e7df926535]
https://cust83.kinepolis.fr [400] [GET] [text/html] [Invalid URL] [AkamaiGHost] [a7cb71aba8df05e304ce4f0cdd4368b9]
https://cust83.kinepolis.fr [400] [GET] [text/html] [Invalid URL] [AkamaiGHost] [df4d38d4beaadb87e3cd46c534ccd303]
https://cust84.kinepolis.fr [400] [GET] [text/html] [Invalid URL] [AkamaiGHost] [1af3987473146a4bf85c791728c8fc68]
https://cust84.kinepolis.fr [400] [GET] [text/html] [Invalid URL] [AkamaiGHost] [726658d6f7bc4b45431527174a778258]
https://devcorona.kinepolis.fr [400] [GET] [text/html] [Invalid URL] [AkamaiGHost] [5120b50e746aa85d0dc490b5ae4bdb76]
https://devcorona.kinepolis.fr [400] [GET] [text/html] [Invalid URL] [AkamaiGHost] [9af6a53819f1ce45584b448ee54fe91c]
https://distancelearnpre.kinepolis.fr [400] [GET] [text/html] [Invalid URL] [AkamaiGHost] [3a4dd5683f49eeaa26f9b6722b397f9e]
https://distancelearnpre.kinepolis.fr [400] [GET] [text/html] [Invalid URL] [AkamaiGHost] [f3b69b6cc6f7b41255290ba8741d0c37]
https://doesdefinatelynotexist.a.ebscohost.com.aupac.lib.kinepolis.fr [400] [GET] [text/html] [Invalid URL] [AkamaiGHost] [0649c252a79eb4e505b37297f8033866]
https://doesdefinatelynotexist.a.ebscohost.com.aupac.lib.kinepolis.fr [400] [GET] [text/html] [Invalid URL] [AkamaiGHost] [85301f632fe8d7804f81517abee6bdf3]
https://doesdefinatelynotexist.a.ebscohost.com.ezproxy.kinepolis.fr [400] [GET] [text/html] [Invalid URL] [AkamaiGHost] [6b676597fc37287da5cae6ef8de2ea6e]
https://doesdefinatelynotexist.a.ebscohost.com.ezproxy.kinepolis.fr [400] [GET] [text/html] [Invalid URL] [AkamaiGHost] [96e8de7df9b1f05b1c048a81a5ad7fa4]
https://doesdefinatelynotexist.a.ebscohost.com.kinepolis.fr [400] [GET] [text/html] [Invalid URL] [AkamaiGHost] [8372fedcdb90e6df4a5a4079f18a00f9]
https://doesdefinatelynotexist.a.ebscohost.com.kinepolis.fr [400] [GET] [text/html] [Invalid URL] [AkamaiGHost] [d611614cbcda22d28d5f6086e15c1a4d]
https://doesdefinatelynotexist.b.ebscohost.com.alvin.kinepolis.fr [400] [GET] [text/html] [Invalid URL] [AkamaiGHost] [0e1bd88310fcc9953902dd2bb5c2ea67]
https://doesdefinatelynotexist.b.ebscohost.com.alvin.kinepolis.fr [400] [GET] [text/html] [Invalid URL] [AkamaiGHost] [9c7c799eae878fb8ae61896fb1fb5caa]
https://doesdefinatelynotexist.b.ebscohost.com.library.kinepolis.fr [400] [GET] [text/html] [Invalid URL] [AkamaiGHost] [0d7e8993d41d32f3c20e59857f8439aa]
https://doesdefinatelynotexist.b.ebscohost.com.library.kinepolis.fr [400] [GET] [text/html] [Invalid URL] [AkamaiGHost] [4735755375cb7f17e198e05f0651c862]
https://doesdefinatelynotexist.b.ebscohost.com.oak.kinepolis.fr [400] [GET] [text/html] [Invalid URL] [AkamaiGHost] [e173e50243f80872a53c9fa4e9d66d7a]
https://doesdefinatelynotexist.b.ebscohost.com.oak.kinepolis.fr [400] [GET] [text/html] [Invalid URL] [AkamaiGHost] [ed6a8535cac99085443acc87844cef5e]
https://doesdefinatelynotexist.b.ebscohost.com.sultan.kinepolis.fr [400] [GET] [text/html] [Invalid URL] [AkamaiGHost] [52a8599e1727cc3eff9d4c1e63639b77]
https://doesdefinatelynotexist.b.ebscohost.com.sultan.kinepolis.fr [400] [GET] [text/html] [Invalid URL] [AkamaiGHost] [b9395e0deee4a7c65c5479f079ef9318]
https://doesdefinatelynotexist.biccamera.com.c.lj.hpcn.kinepolis.fr [400] [GET] [text/html] [Invalid URL] [AkamaiGHost] [22a68d30515ec53f554ff19508bb76ec]
https://doesdefinatelynotexist.biccamera.com.c.lj.hpcn.kinepolis.fr [400] [GET] [text/html] [Invalid URL] [AkamaiGHost] [35818d3758b6a2e903d417c9054b084e]
https://doesdefinatelynotexist.biccamera.com.k.lj.hp.kinepolis.fr [400] [GET] [text/html] [Invalid URL] [AkamaiGHost] [92197a3a54661e9a763ac07bbd595b26]
https://doesdefinatelynotexist.biccamera.com.k.lj.hp.kinepolis.fr [400] [GET] [text/html] [Invalid URL] [AkamaiGHost] [acba8ad4a02337d447ab51ee4b24797b]
https://doesdefinatelynotexist.biccamera.com.th.vi.hp.kinepolis.fr [400] [GET] [text/html] [Invalid URL] [AkamaiGHost] [776c3b29688fe8f23b0d2a0b0f2f4dc9]
https://doesdefinatelynotexist.biccamera.com.th.vi.hp.kinepolis.fr [400] [GET] [text/html] [Invalid URL] [AkamaiGHost] [ba8870c769ef95ee0651f601bb646c0b]
https://doesdefinatelynotexist.bioconductor.org.s3-website-us-east-1.kinepolis.fr [400] [GET] [text/html] [Invalid URL] [AkamaiGHost] [e4c520d9342840a5bd42cf1463ed109f]
https://doesdefinatelynotexist.bioconductor.org.s3-website-us-east-1.kinepolis.fr [400] [GET] [text/html] [Invalid URL] [AkamaiGHost] [e5bcd15355b8c8eaa6e1c4b781526120]
https://doesdefinatelynotexist.caltech.edu.s3-website-us-east-1.kinepolis.fr [400] [GET] [text/html] [Invalid URL] [AkamaiGHost] [89b6b61d328cb5fb7745a7c721a4e6fe]
https://doesdefinatelynotexist.caltech.edu.s3-website-us-east-1.kinepolis.fr [400] [GET] [text/html] [Invalid URL] [AkamaiGHost] [ffed1c8bad44847b50757ea0a7b78365]
https://doesdefinatelynotexist.creative.blog.jp.kinepolis.fr [400] [GET] [text/html] [Invalid URL] [AkamaiGHost] [82656b618a33e7a7d170f6981d41169e]
https://doesdefinatelynotexist.creative.blog.jp.kinepolis.fr [400] [GET] [text/html] [Invalid URL] [AkamaiGHost] [ebd1002aab0c7f2023d231f8450d4fed]
https://doesdefinatelynotexist.ebscohost.com.alvin.kinepolis.fr [400] [GET] [text/html] [Invalid URL] [AkamaiGHost] [716dfc4e4d0bc703818fbb738e2ed719]
https://doesdefinatelynotexist.ebscohost.com.alvin.kinepolis.fr [400] [GET] [text/html] [Invalid URL] [AkamaiGHost] [8479f13c2110d5f0862ea71cd38515e8]
https://doesdefinatelynotexist.ebscohost.com.bdigitaluss.kinepolis.fr [400] [GET] [text/html] [Invalid URL] [AkamaiGHost] [5bc9cd566c119c621cd4e39a9d1721fc]
https://doesdefinatelynotexist.ebscohost.com.bdigitaluss.kinepolis.fr [400] [GET] [text/html] [Invalid URL] [AkamaiGHost] [cef5e3cb261589f67648257922cd2e18]
https://doesdefinatelynotexist.ebscohost.com.divit.library.kinepolis.fr [400] [GET] [text/html] [Invalid URL] [AkamaiGHost] [914c4b8143971fd2843020283df70acb]
https://doesdefinatelynotexist.ebscohost.com.divit.library.kinepolis.fr [400] [GET] [text/html] [Invalid URL] [AkamaiGHost] [fa137e04264e8428a3c522680b009752]
https://doesdefinatelynotexist.ebscohost.com.lib1000.kinepolis.fr [400] [GET] [text/html] [Invalid URL] [AkamaiGHost] [8f91e68bbbc3278afb4964ffb7ea16d9]
https://doesdefinatelynotexist.ebscohost.com.lib1000.kinepolis.fr [400] [GET] [text/html] [Invalid URL] [AkamaiGHost] [a69e35c2ccaa0dae0214065d9928726f]
https://doesdefinatelynotexist.ebscohost.com.libcat.kinepolis.fr [400] [GET] [text/html] [Invalid URL] [AkamaiGHost] [fc282346ae34bda216d1ec7ec6e2f7d8]
https://doesdefinatelynotexist.ebscohost.com.libcat.kinepolis.fr [400] [GET] [text/html] [Invalid URL] [AkamaiGHost] [ffd3e4f91b33edbd9a34beb71ce728f6]
https://doesdefinatelynotexist.ebscohost.com.lib.kinepolis.fr [400] [GET] [text/html] [Invalid URL] [AkamaiGHost] [4943cf10814ee0239def5762c1a59541]
https://doesdefinatelynotexist.ebscohost.com.lib.kinepolis.fr [400] [GET] [text/html] [Invalid URL] [AkamaiGHost] [c6a0e707884a1b63e9bee718556f0dd0]
https://doesdefinatelynotexist.ebscohost.com.oak.kinepolis.fr [400] [GET] [text/html] [Invalid URL] [AkamaiGHost] [73f68e4ebe638eb8e3734b73c37588d5]
https://doesdefinatelynotexist.ebscohost.com.oak.kinepolis.fr [400] [GET] [text/html] [Invalid URL] [AkamaiGHost] [8ed0f8a40d304e1351e10adf76005dcc]
https://doesdefinatelynotexist.ebscohost.com.wam.kinepolis.fr [400] [GET] [text/html] [Invalid URL] [AkamaiGHost] [14b28a05808a3ec188f62cbc1b93ff61]
https://doesdefinatelynotexist.ebscohost.com.wam.kinepolis.fr [400] [GET] [text/html] [Invalid URL] [AkamaiGHost] [e43bfed2c785fda01003de9f57a58870]
https://doesdefinatelynotexist.elecom.co.jp.e.gj.hp.kinepolis.fr [400] [GET] [text/html] [Invalid URL] [AkamaiGHost] [069dc90178173f6cd1b340e4d07f9e46]
https://doesdefinatelynotexist.elecom.co.jp.e.gj.hp.kinepolis.fr [400] [GET] [text/html] [Invalid URL] [AkamaiGHost] [5e5edca4bcd2ff5cf38ebcf253c2cf0e]
https://doesdefinatelynotexist.eventd.wild941.cbslocal.com.kinepolis.fr [400] [GET] [text/html] [Invalid URL] [AkamaiGHost] [0a8996f058f4b4547b631479a2009845]
https://doesdefinatelynotexist.eventd.wild941.cbslocal.com.kinepolis.fr [400] [GET] [text/html] [Invalid URL] [AkamaiGHost] [f030ebb60dae15c993b22034764c90d7]
https://doesdefinatelynotexist.fotor.com.s3-website-us-east-1.kinepolis.fr [400] [GET] [text/html] [Invalid URL] [AkamaiGHost] [902fad362eb30a0300a9ea775ed7afd4]
https://doesdefinatelynotexist.fotor.com.s3-website-us-east-1.kinepolis.fr [400] [GET] [text/html] [Invalid URL] [AkamaiGHost] [b5d29069ead337dac040172d12f4060f]
https://doesdefinatelynotexist.fotor.com.s3-website-us-west-2.kinepolis.fr [400] [GET] [text/html] [Invalid URL] [AkamaiGHost] [3afe156b8933862b6fabaffc381144bc]
https://doesdefinatelynotexist.fotor.com.s3-website-us-west-2.kinepolis.fr [400] [GET] [text/html] [Invalid URL] [AkamaiGHost] [690f2f0564365a0522395586445d5515]
https://doesdefinatelynotexist.ieee.org.egateway.kinepolis.fr [400] [GET] [text/html] [Invalid URL] [AkamaiGHost] [1d72318369f730ee51232721d0629c8e]
https://doesdefinatelynotexist.ieee.org.egateway.kinepolis.fr [400] [GET] [text/html] [Invalid URL] [AkamaiGHost] [88d9dbdcfc9d051e3114b0e4a59edb9b]
https://doesdefinatelynotexist.iimcal.ac.in.iimcal.kinepolis.fr [400] [GET] [text/html] [Invalid URL] [AkamaiGHost] [05fb2bc823c2ce2d44b070c3b0377562]
https://doesdefinatelynotexist.iimcal.ac.in.iimcal.kinepolis.fr [400] [GET] [text/html] [Invalid URL] [AkamaiGHost] [972acaa6cfec31abcf9c3793f61f2575]
https://doesdefinatelynotexist.jstor.org.oca.rizal.library.kinepolis.fr [400] [GET] [text/html] [Invalid URL] [AkamaiGHost] [5c6351bd22472cfca08e72a09ae5b5f0]
https://doesdefinatelynotexist.jstor.org.oca.rizal.library.kinepolis.fr [400] [GET] [text/html] [Invalid URL] [AkamaiGHost] [7129687ea8c5bee3f8cab9aab806c41c]
https://doesdefinatelynotexist.jstor.org.rgnul.kinepolis.fr [400] [GET] [text/html] [Invalid URL] [AkamaiGHost] [e28b88be15eaa5550fef9d1944188d7a]
https://doesdefinatelynotexist.jstor.org.rgnul.kinepolis.fr [400] [GET] [text/html] [Invalid URL] [AkamaiGHost] [ec7b8eaaa469bd255dd39f56b5aa51d8]
https://doesdefinatelynotexist.listas.postgresql.org.kinepolis.fr [400] [GET] [text/html] [Invalid URL] [AkamaiGHost] [3105e498f4dcf721599ceb8c214b56b3]
https://doesdefinatelynotexist.listas.postgresql.org.kinepolis.fr [400] [GET] [text/html] [Invalid URL] [AkamaiGHost] [ac5a6788ca13b095a75a85be52ff3b8a]
https://doesdefinatelynotexist.maharashtra.gov.in.kinepolis.fr [400] [GET] [text/html] [Invalid URL] [AkamaiGHost] [a1dd19fafb469397d4a3fb888ebade7a]
https://doesdefinatelynotexist.maharashtra.gov.in.kinepolis.fr [400] [GET] [text/html] [Invalid URL] [AkamaiGHost] [e34a266c85424ed170caee39abdeea60]
https://doesdefinatelynotexist.orisaifa.blogspot.com.kinepolis.fr [400] [GET] [text/html] [Invalid URL] [AkamaiGHost] [2669893c3a24357a1f908cf8b0da97f4]
https://doesdefinatelynotexist.orisaifa.blogspot.com.kinepolis.fr [400] [GET] [text/html] [Invalid URL] [AkamaiGHost] [394fe0b1d3d93ac3c3cbd84e5c0bb362]
https://doesdefinatelynotexist.qingcaodizhi.at.gmail.com.kinepolis.fr [400] [GET] [text/html] [Invalid URL] [AkamaiGHost] [310fb90ad6408bbeb90f74e8c1eda7a8]
https://doesdefinatelynotexist.qingcaodizhi.at.gmail.com.kinepolis.fr [400] [GET] [text/html] [Invalid URL] [AkamaiGHost] [9c869ce1eedfe5f4e4be4c0f9352473c]
https://doesdefinatelynotexist.rajasthan.gov.in.kinepolis.fr [400] [GET] [text/html] [Invalid URL] [AkamaiGHost] [0291482d7475d9485ba89331262777c5]
https://doesdefinatelynotexist.rajasthan.gov.in.kinepolis.fr [400] [GET] [text/html] [Invalid URL] [AkamaiGHost] [900b74f74ad217035a4417a58cf07953]
https://doesdefinatelynotexist.sagepub.com.oca.rizal.library.kinepolis.fr [400] [GET] [text/html] [Invalid URL] [AkamaiGHost] [8a60d02445ea2c591d271be5785d1b1c]
https://doesdefinatelynotexist.sagepub.com.oca.rizal.library.kinepolis.fr [400] [GET] [text/html] [Invalid URL] [AkamaiGHost] [ae1f8ad1f5fe55abcb6b2e0be816259b]
https://doesdefinatelynotexist.sciencedirect.com.ditlib.kinepolis.fr [400] [GET] [text/html] [Invalid URL] [AkamaiGHost] [36210d61bc9768d1a2ccfdb91753b9a2]
https://doesdefinatelynotexist.sciencedirect.com.ditlib.kinepolis.fr [400] [GET] [text/html] [Invalid URL] [AkamaiGHost] [7136e441ad60252d827e275d98399334]
https://doesdefinatelynotexist.sciencedirect.com.egateway.kinepolis.fr [400] [GET] [text/html] [Invalid URL] [AkamaiGHost] [1cec6fd63cf9a44538c05d600508416e]
https://doesdefinatelynotexist.sciencedirect.com.egateway.kinepolis.fr [400] [GET] [text/html] [Invalid URL] [AkamaiGHost] [de96ad77183f87fabc70448fae9bb473]
https://doesdefinatelynotexist.sciencedirect.com.kinepolis.fr [400] [GET] [text/html] [Invalid URL] [AkamaiGHost] [c4d52e7fefdb709fc0cbeb823a04b009]
https://doesdefinatelynotexist.sciencedirect.com.kinepolis.fr [400] [GET] [text/html] [Invalid URL] [AkamaiGHost] [ff9cfc4da856737a39b072016074d772]
https://doesdefinatelynotexist.sciencedirect.com.millenium.kinepolis.fr [400] [GET] [text/html] [Invalid URL] [AkamaiGHost] [6d0ca9d947f49cec6bf77b621a876c27]
https://doesdefinatelynotexist.sciencedirect.com.millenium.kinepolis.fr [400] [GET] [text/html] [Invalid URL] [AkamaiGHost] [9c5e4322cfead1a991d2da09e0c68c22]
https://doesdefinatelynotexist.scopus.com.millenium.kinepolis.fr [400] [GET] [text/html] [Invalid URL] [AkamaiGHost] [8de8e6a087c2894e5af76363adf53a2b]
https://doesdefinatelynotexist.scopus.com.millenium.kinepolis.fr [400] [GET] [text/html] [Invalid URL] [AkamaiGHost] [e391c0f74a4d49de0c61b711513faf0a]
https://doesdefinatelynotexist.search.serialssolutions.com.iimb.kinepolis.fr [400] [GET] [text/html] [Invalid URL] [AkamaiGHost] [9896a45266a37f71efb4f3ac3c599105]
https://doesdefinatelynotexist.search.serialssolutions.com.iimb.kinepolis.fr [400] [GET] [text/html] [Invalid URL] [AkamaiGHost] [eef49dd4eba30fdb4ac4183daf15fc02]
https://doesdefinatelynotexist.search.serialssolutions.com.uma.kinepolis.fr [400] [GET] [text/html] [Invalid URL] [AkamaiGHost] [e093d8ff4be57b695888872ed3841b15]
https://doesdefinatelynotexist.search.serialssolutions.com.uma.kinepolis.fr [400] [GET] [text/html] [Invalid URL] [AkamaiGHost] [fcb5b277d1293775ae03afe43b614f08]
https://doesdefinatelynotexist.summon.serialssolutions.com.millenium.kinepolis.fr [400] [GET] [text/html] [Invalid URL] [AkamaiGHost] [b36ade049d8617a1253645f866cb404d]
https://doesdefinatelynotexist.summon.serialssolutions.com.millenium.kinepolis.fr [400] [GET] [text/html] [Invalid URL] [AkamaiGHost] [c13c501a6691b596666617eae9528a4e]
https://doesdefinatelynotexist.techtudo.com.br.kinepolis.fr [400] [GET] [text/html] [Invalid URL] [AkamaiGHost] [13bab526d205ff4ff64ba1f734d8f2b4]
https://doesdefinatelynotexist.techtudo.com.br.kinepolis.fr [400] [GET] [text/html] [Invalid URL] [AkamaiGHost] [3dae94fc4fc9301d11068d1703ab9dd2]
https://doesdefinatelynotexist.teletalk.com.bd.kinepolis.fr [400] [GET] [text/html] [Invalid URL] [AkamaiGHost] [0dbe0139e7d0921cf4b26d5275b868ed]
https://doesdefinatelynotexist.teletalk.com.bd.kinepolis.fr [400] [GET] [text/html] [Invalid URL] [AkamaiGHost] [3891229a4fd42490f90d94f494d63661]
https://doesdefinatelynotexist.tepco.co.jp.cache.kinepolis.fr [400] [GET] [text/html] [Invalid URL] [AkamaiGHost] [6cba74122c6272b6fec947dbee6df984]
https://doesdefinatelynotexist.tepco.co.jp.cache.kinepolis.fr [400] [GET] [text/html] [Invalid URL] [AkamaiGHost] [c58b19a2126e882dbb15d56ca895dc4f]
https://doesdefinatelynotexist.tescobank.com.s3-website-eu-west-1.kinepolis.fr [400] [GET] [text/html] [Invalid URL] [AkamaiGHost] [8fae26061daf78101e012b8baed0754e]
https://doesdefinatelynotexist.tescobank.com.s3-website-eu-west-1.kinepolis.fr [400] [GET] [text/html] [Invalid URL] [AkamaiGHost] [dbdf9c9b6601d8d3f13ddab3df6ea269]
https://doesdefinatelynotexist.v2dizhi.at.gmail.com.kinepolis.fr [400] [GET] [text/html] [Invalid URL] [AkamaiGHost] [0c4907c03d958c568138fd142cfac029]
https://doesdefinatelynotexist.v2dizhi.at.gmail.com.kinepolis.fr [400] [GET] [text/html] [Invalid URL] [AkamaiGHost] [efdd38954b8af46663a4f66ec7dce56b]
https://doesdefinatelynotexist.webofknowledge.com.acces.bibl.kinepolis.fr [400] [GET] [text/html] [Invalid URL] [AkamaiGHost] [9a2dd81d7e09fdde1b1b18432f23a684]
https://doesdefinatelynotexist.webofknowledge.com.acces.bibl.kinepolis.fr [400] [GET] [text/html] [Invalid URL] [AkamaiGHost] [ad1e7e269a7d323364787c0505b714d6]
https://doesdefinatelynotexist.www.google.com.kinepolis.fr [400] [GET] [text/html] [Invalid URL] [AkamaiGHost] [75bfbf1f91f48009ca6272a440bfdce9]
https://doesdefinatelynotexist.www.google.com.kinepolis.fr [400] [GET] [text/html] [Invalid URL] [AkamaiGHost] [f968c415642407f29a0928ee72c6ecee]
https://doesdefinatelynotexist.www.seahawks.com.s3.kinepolis.fr [400] [GET] [text/html] [Invalid URL] [AkamaiGHost] [3b03c098909f23547cbb91c130c1c188]
https://doesdefinatelynotexist.www.seahawks.com.s3.kinepolis.fr [400] [GET] [text/html] [Invalid URL] [AkamaiGHost] [47c26fef53d778e21d9d0bf052cfafae]
https://email1-quarantine.kinepolis.fr [400] [GET] [text/html] [Invalid URL] [AkamaiGHost] [7952dd9dbb59c280741ba6e8d7afb188]
https://email1-quarantine.kinepolis.fr [400] [GET] [text/html] [Invalid URL] [AkamaiGHost] [a3c02684aa0dffe8a31a9b4a5ec9b2b3]
https://enterpriseenrollment.kinepolis.fr [302] [GET] [] [] [Microsoft-IIS/10.0] [azure] [IIS,Microsoft ASP.NET,Windows Server] [d41d8cd98f00b204e9800998ecf8427e]
https://error.incites.thomsonreuters.com.ezproxy.kinepolis.fr [400] [GET] [text/html] [Invalid URL] [AkamaiGHost] [1e0a67e5b99f6c21c23a52041292bb7d]
https://error.incites.thomsonreuters.com.ezproxy.kinepolis.fr [400] [GET] [text/html] [Invalid URL] [AkamaiGHost] [f9c94dd1b72d8ecee0dace84c0d241fe]
https://error.incites.thomsonreuters.com.lib-ezproxy.library.kinepolis.fr [400] [GET] [text/html] [Invalid URL] [AkamaiGHost] [44d0c55715c2243f7723a16c29cb15b7]
https://error.incites.thomsonreuters.com.lib-ezproxy.library.kinepolis.fr [400] [GET] [text/html] [Invalid URL] [AkamaiGHost] [8e1d7866fb3910cf2ef7f775dfd98810]
https://facebook.com.security-checkpoint-global-do.kinepolis.fr [400] [GET] [text/html] [Invalid URL] [AkamaiGHost] [94a1e3aff48ee53e1d1a541c1f071e1a]
https://facebook.com.security-checkpoint-global-do.kinepolis.fr [400] [GET] [text/html] [Invalid URL] [AkamaiGHost] [f96e5f5c050ee73e3dbc7c40e95ecdca]
https://forum.kinepolis.fr [400] [GET] [text/html] [Invalid URL] [AkamaiGHost] [e7a9010a98c479fe88637d5320a498ff]
https://forum.kinepolis.fr [400] [GET] [text/html] [Invalid URL] [AkamaiGHost] [fc6df9849d10b410910f62b324e47a17]
https://gd.kinepolis.fr [400] [GET] [text/html] [Invalid URL] [AkamaiGHost] [bec4e7b349b9fbbb154aeefea8d78782]
https://gd.kinepolis.fr [400] [GET] [text/html] [Invalid URL] [AkamaiGHost] [c3fe865f1ceba59f5e8000ad977f8c7f]
https://gemaskop.kinepolis.fr [400] [GET] [text/html] [Invalid URL] [AkamaiGHost] [de5d206986b610d9fc4f16f44cde0740]
https://gemaskop.kinepolis.fr [400] [GET] [text/html] [Invalid URL] [AkamaiGHost] [f571ebe16875ca03428b2a56be04ecd5]
https://gwscovidien.kinepolis.fr [400] [GET] [text/html] [Invalid URL] [AkamaiGHost] [047a08593266a2c8bf1e50438643b385]
https://gwscovidien.kinepolis.fr [400] [GET] [text/html] [Invalid URL] [AkamaiGHost] [d101d3f7fc75bca53c56e43a96a664c2]
https://hc1covid19.kinepolis.fr [400] [GET] [text/html] [Invalid URL] [AkamaiGHost] [60fb957178b874ddf77c834c0d599f9c]
https://hc1covid19.kinepolis.fr [400] [GET] [text/html] [Invalid URL] [AkamaiGHost] [8bd45cf77028482e7157bb162dcd9d5a]
http://shop-dev.kinepolis.fr:8080 [404] [GET] [application/json] [] [nginx] [Nginx] [8a80554c91d9fca8acb82f023de02f11]
https://houstin.kinepolis.fr [400] [GET] [text/html] [Invalid URL] [AkamaiGHost] [547cb7728aeb16dbc20531982b482cbc]
https://houstin.kinepolis.fr [400] [GET] [text/html] [Invalid URL] [AkamaiGHost] [d41ec5d1b0de7ac3f8c0785b59058ca3]
https://h-s.jcr.incites.thomsonreuters.com.niit.kinepolis.fr [400] [GET] [text/html] [Invalid URL] [AkamaiGHost] [0d8d291165aec895908070a4d2935a43]
https://h-s.jcr.incites.thomsonreuters.com.niit.kinepolis.fr [400] [GET] [text/html] [Invalid URL] [AkamaiGHost] [f65e38f016c7d93a7cbd18292fa40804]
https://insight-fm.kinepolis.fr [400] [GET] [text/html] [Invalid URL] [AkamaiGHost] [4a7499da4b4482bc958dd8cd17f006fc]
https://insight-fm.kinepolis.fr [400] [GET] [text/html] [Invalid URL] [AkamaiGHost] [ae25db7c44c2a3548862cbabfa60394b]
https://intern.kinepolis.fr [400] [GET] [text/html] [Invalid URL] [AkamaiGHost] [35c59324a7dfc70f1161692848ee2231]
https://intern.kinepolis.fr [400] [GET] [text/html] [Invalid URL] [AkamaiGHost] [a06d2f08f1300d47f3704d58b126649d]
https://iowrb-www420.kinepolis.fr [400] [GET] [text/html] [Invalid URL] [AkamaiGHost] [42769b3b6fe91e17161d9569d90fe7b1]
https://iowrb-www420.kinepolis.fr [400] [GET] [text/html] [Invalid URL] [AkamaiGHost] [bfe35cbfe54f2171be12799091f70bfa]
https://kortmaskin.kinepolis.fr [400] [GET] [text/html] [Invalid URL] [AkamaiGHost] [42229d38e13f37bf708e4306e8a6524b]
https://kortmaskin.kinepolis.fr [400] [GET] [text/html] [Invalid URL] [AkamaiGHost] [5326cf0ef4aa50f799674e19e701a3c0]
https://lannuaire.service-public.fr.qualif.ext.kinepolis.fr [400] [GET] [text/html] [Invalid URL] [AkamaiGHost] [22131d41f00c767863f1b8550f0950cb]
https://lannuaire.service-public.fr.qualif.ext.kinepolis.fr [400] [GET] [text/html] [Invalid URL] [AkamaiGHost] [f56c2a1ba04e15c6ffbb130fa15bc391]
https://lc.kinepolis.fr [400] [GET] [text/html] [Invalid URL] [AkamaiGHost] [3c9b07259d6f0212c190a283f751b166]
https://lc.kinepolis.fr [400] [GET] [text/html] [Invalid URL] [AkamaiGHost] [8a46b6d73bd167c735c58e850c5ba00b]
https://lecomarquage.service-public.fr.qualif.ext.kinepolis.fr [400] [GET] [text/html] [Invalid URL] [AkamaiGHost] [565ca0213fbf791b0915cc141f98a8c2]
https://lecomarquage.service-public.fr.qualif.ext.kinepolis.fr [400] [GET] [text/html] [Invalid URL] [AkamaiGHost] [d3e7c1446b4293b1fffb5e13cad35da4]
https://login.com-apple-updata-account-informations.kinepolis.fr [400] [GET] [text/html] [Invalid URL] [AkamaiGHost] [905abf100a48e207f425c9c0b6eaa67c]
https://login.com-apple-updata-account-informations.kinepolis.fr [400] [GET] [text/html] [Invalid URL] [AkamaiGHost] [96f95265c25eff9e0795cefa7ef1c2a1]
https://login-travelrewards.capitalone.com.test.kinepolis.fr [400] [GET] [text/html] [Invalid URL] [AkamaiGHost] [4417115773a7670022afa250aab9b948]
https://login-travelrewards.capitalone.com.test.kinepolis.fr [400] [GET] [text/html] [Invalid URL] [AkamaiGHost] [a22d158f8229962b4cf06be4bd97d72b]
https://lyncdiscover.kinepolis.fr [404] [GET] [application/json] [] [] [vhost] [373397b4ebf514ea3578818e90f5f9b6]
https://macintosh.kinepolis.fr [400] [GET] [text/html] [Invalid URL] [AkamaiGHost] [199ea8d01a6bd5b77629bfdc6d40f30c]
https://macintosh.kinepolis.fr [400] [GET] [text/html] [Invalid URL] [AkamaiGHost] [6bb804e5ec458986745b62d3186abffc]
https://mamaskram.kinepolis.fr [400] [GET] [text/html] [Invalid URL] [AkamaiGHost] [61ded1e9261457d7ddadf6e901b1f510]
https://mamaskram.kinepolis.fr [400] [GET] [text/html] [Invalid URL] [AkamaiGHost] [e4a5126213c31b8164a0a5e6292006c8]
https://mamasku.kinepolis.fr [400] [GET] [text/html] [Invalid URL] [AkamaiGHost] [bb181f6453166f331eecc7c9299a7015]
https://mamasku.kinepolis.fr [400] [GET] [text/html] [Invalid URL] [AkamaiGHost] [ebbd5e80e4c2b011f2b5988c4e2c474b]
https://marketintelligence.lexisnexis.com.ezproxy.kinepolis.fr [400] [GET] [text/html] [Invalid URL] [AkamaiGHost] [7b95fa06b79c66f5a05301b3c2ffeeed]
https://marketintelligence.lexisnexis.com.ezproxy.kinepolis.fr [400] [GET] [text/html] [Invalid URL] [AkamaiGHost] [f98ba0d959168a09390a14345600379e]
https://mascara1865.kinepolis.fr [400] [GET] [text/html] [Invalid URL] [AkamaiGHost] [17ed12774ea631a6208752d9f230aab7]
https://mascara1865.kinepolis.fr [400] [GET] [text/html] [Invalid URL] [AkamaiGHost] [9f81da589ee37c02326033a80b7dcf21]
https://maschera.kinepolis.fr [400] [GET] [text/html] [Invalid URL] [AkamaiGHost] [4506755f5d14ebcc39d2ab8108f34541]
https://maschera.kinepolis.fr [400] [GET] [text/html] [Invalid URL] [AkamaiGHost] [80004dcb8af5cc4924055ebd111dc694]
https://maskan.kinepolis.fr [400] [GET] [text/html] [Invalid URL] [AkamaiGHost] [2038693d279cb0c8ca693204e9965660]
https://maskan.kinepolis.fr [400] [GET] [text/html] [Invalid URL] [AkamaiGHost] [ce94089a8c447a3e76960d477071f882]
https://maskargo.kinepolis.fr [400] [GET] [text/html] [Invalid URL] [AkamaiGHost] [0ed054707e8a0e6be0464baa235964c1]
https://maskargo.kinepolis.fr [400] [GET] [text/html] [Invalid URL] [AkamaiGHost] [91c31294e6400046b1d7e271a0003811]
https://maskedqueen.kinepolis.fr [400] [GET] [text/html] [Invalid URL] [AkamaiGHost] [48559d99197a7be08d7e95aa331e6fd0]
https://maskedqueen.kinepolis.fr [400] [GET] [text/html] [Invalid URL] [AkamaiGHost] [de6479ef0d7d1c4e6695acee1bf84f7f]
https://maskot41ikitellit41.kinepolis.fr [400] [GET] [text/html] [Invalid URL] [AkamaiGHost] [61c0549086439697a28fd940e4cec2c1]
https://maskot41ikitellit41.kinepolis.fr [400] [GET] [text/html] [Invalid URL] [AkamaiGHost] [d3f353fd08974f152a3f4291ed3ff622]
https://maskurblog.kinepolis.fr [400] [GET] [text/html] [Invalid URL] [AkamaiGHost] [cf170028877843bd1e0b0792d8b8dbfd]
https://maskurblog.kinepolis.fr [400] [GET] [text/html] [Invalid URL] [AkamaiGHost] [fe48f104d60cb1e0a4a983628afdd883]
https://maskxapas02.kinepolis.fr [400] [GET] [text/html] [Invalid URL] [AkamaiGHost] [8735424684dffa543253f9ab16fec7bc]
https://maskxapas02.kinepolis.fr [400] [GET] [text/html] [Invalid URL] [AkamaiGHost] [d2ca81ed9c42b7a0474e9a4d8feca1d8]
https://mcafeequarantine.kinepolis.fr [400] [GET] [text/html] [Invalid URL] [AkamaiGHost] [9c491c07cd5525033a556ddf906aedd6]
https://mcafeequarantine.kinepolis.fr [400] [GET] [text/html] [Invalid URL] [AkamaiGHost] [eb16046e9f40ac7764345c1bcf52cccd]
https://meine.immowelt.de.0-558.meineimmowelt.kinepolis.fr [400] [GET] [text/html] [Invalid URL] [AkamaiGHost] [db5e454ec4da5dd104cf0bfa93e6f78d]
https://meine.immowelt.de.0-558.meineimmowelt.kinepolis.fr [400] [GET] [text/html] [Invalid URL] [AkamaiGHost] [dea4736219bea68b59bfae409dbddf1b]
https://mobilvirus0316.kinepolis.fr [400] [GET] [text/html] [Invalid URL] [AkamaiGHost] [ccd6281261eedeb628a17e61153ec7b9]
https://mobilvirus0316.kinepolis.fr [400] [GET] [text/html] [Invalid URL] [AkamaiGHost] [f225738441e3890d296300c4669a6696]
https://mrtg.kinepolis.fr [400] [GET] [text/html] [Invalid URL] [AkamaiGHost] [1a4ed0b5302870c6064f787dc8d6860d]
https://mrtg.kinepolis.fr [400] [GET] [text/html] [Invalid URL] [AkamaiGHost] [7922ea2ecd06092b59b16cdee5e910a9]
https://msoid.kinepolis.fr [302] [GET] [text/html] [Object moved] [] [vhost] [azure] [67dc47621d0dca9dc8d849ee26494c3b]
https://mw.musikhochschule-muenchen.de.devweb.kinepolis.fr [400] [GET] [text/html] [Invalid URL] [AkamaiGHost] [96de6872cfd13dc25ff925a6a5679976]
https://mw.musikhochschule-muenchen.de.devweb.kinepolis.fr [400] [GET] [text/html] [Invalid URL] [AkamaiGHost] [eeb2851985341f805fc07c84b2ff7fba]
https://myaccount.com-webapps.mpp.denx3f19b6a4a40d5c.6abec026.kinepolis.fr [400] [GET] [text/html] [Invalid URL] [AkamaiGHost] [1aca8ca34199fd9aff50a6fad4c9db83]
https://myaccount.com-webapps.mpp.denx3f19b6a4a40d5c.6abec026.kinepolis.fr [400] [GET] [text/html] [Invalid URL] [AkamaiGHost] [62834b8236671d4ba65c53629597c67c]
https://mysql.kinepolis.fr [400] [GET] [text/html] [Invalid URL] [AkamaiGHost] [37fcbbf14c994728ccb31023fac79369]
https://mysql.kinepolis.fr [400] [GET] [text/html] [Invalid URL] [AkamaiGHost] [419453f1664442af05527e43dbd27b47]
https://ns6.kinepolis.fr [400] [GET] [text/html] [Invalid URL] [AkamaiGHost] [d7e9ee869cbbe5d392c191077415ac49]
https://ns6.kinepolis.fr [400] [GET] [text/html] [Invalid URL] [AkamaiGHost] [fe6e985a158f5b0d6ea6a9d8968e965f]
https://officeapps.live.com.office.cardinalhealth.kinepolis.fr [400] [GET] [text/html] [Invalid URL] [AkamaiGHost] [2f2e513f0c751f94356941a8a87bf672]
https://officeapps.live.com.office.cardinalhealth.kinepolis.fr [400] [GET] [text/html] [Invalid URL] [AkamaiGHost] [aff158d1cd3ea0196b7f8103a51804c6]
https://onlineweb.kinepolis.fr [400] [GET] [text/html] [Invalid URL] [AkamaiGHost] [593173f4c3fa5a609e2fb8aed7c37868]
https://onlineweb.kinepolis.fr [400] [GET] [text/html] [Invalid URL] [AkamaiGHost] [ef3c3d008b507fdb5db3063ae62f3d44]
https://pager.kinepolis.fr [400] [GET] [text/html] [Invalid URL] [AkamaiGHost] [119a33efa4b1d98b6a7111a4c176f3a9]
https://pager.kinepolis.fr [400] [GET] [text/html] [Invalid URL] [AkamaiGHost] [c8e0f946e3f9d76f3fbae508c9679645]
https://pandemie.kinepolis.fr [400] [GET] [text/html] [Invalid URL] [AkamaiGHost] [a8a11cdd9c01b7843d556d63e1ee026d]
https://pandemie.kinepolis.fr [400] [GET] [text/html] [Invalid URL] [AkamaiGHost] [d7abbcd37ffe779eba978a5857bfae5b]
https://particuliers.clients.mabanque.bnpparibas.para.kinepolis.fr [400] [GET] [text/html] [Invalid URL] [AkamaiGHost] [0a73325eeccb2361a8745a2a3a3aa3e4]
https://particuliers.clients.mabanque.bnpparibas.para.kinepolis.fr [400] [GET] [text/html] [Invalid URL] [AkamaiGHost] [e3579f4298292b63ea7cf096d653204e]
https://paypal.com.services-account-update-billing.kinepolis.fr [400] [GET] [text/html] [Invalid URL] [AkamaiGHost] [52500a475c84d535b5d0e313baa2d634]
https://paypal.com.services-account-update-billing.kinepolis.fr [400] [GET] [text/html] [Invalid URL] [AkamaiGHost] [c41c790ce5050cd47c87d53bb2f08dc9]
https://pc1.kinepolis.fr [400] [GET] [text/html] [Invalid URL] [AkamaiGHost] [0d335b962cfac72b9a93b6e1969ab79a]
https://pc1.kinepolis.fr [400] [GET] [text/html] [Invalid URL] [AkamaiGHost] [58dbd129c32e3185be2e474fe1a78d30]
https://ppp16.kinepolis.fr [400] [GET] [text/html] [Invalid URL] [AkamaiGHost] [5775e6f209a6d36ca473d440be926e91]
https://ppp16.kinepolis.fr [400] [GET] [text/html] [Invalid URL] [AkamaiGHost] [e834a64056ab13d0d14c1cef7e3bff5d]
https://ppp5.kinepolis.fr [400] [GET] [text/html] [Invalid URL] [AkamaiGHost] [78bc1da3f9485c97eb103de8c6f9c2e9]
https://ppp5.kinepolis.fr [400] [GET] [text/html] [Invalid URL] [AkamaiGHost] [d4a7b2e94d3cea0103bc24acbe5f95a0]
https://prive.kinepolis.fr [403] [GET] [text/html] [Access Denied] [] [vhost] [dade1dda8a753ca5ff2be3b197ac1a8b]
https://prive.kinepolis.fr [403] [GET] [text/html] [Access Denied] [] [vhost] [eac8acbf8b0c85d69b959e3e77427996]
https://privetickets.kinepolis.fr [403] [GET] [text/html] [Access Denied] [] [vhost] [272b2baaedc6e8bd1c2daef197de4f50]
https://privetickets.kinepolis.fr [403] [GET] [text/html] [Access Denied] [] [vhost] [e0f3dccc00d23216fee489f9bc9d0aab]
https://profiles.google.com.ezproxy.bibliothek.kinepolis.fr [400] [GET] [text/html] [Invalid URL] [AkamaiGHost] [a4b60001d067864217060736e754d872]
https://profiles.google.com.ezproxy.bibliothek.kinepolis.fr [400] [GET] [text/html] [Invalid URL] [AkamaiGHost] [eb4ce6daf1adfe471b52b53e5d3c25dc]
https://qotd2.kinepolis.fr [400] [GET] [text/html] [Invalid URL] [AkamaiGHost] [669f5da3519702da9866d6f91d678dce]
https://qotd2.kinepolis.fr [400] [GET] [text/html] [Invalid URL] [AkamaiGHost] [ae8d4c7cae32b00e942b99b7740cbe2e]
https://quake.kinepolis.fr [400] [GET] [text/html] [Invalid URL] [AkamaiGHost] [614864908c59750467d2552356d610ea]
https://quake.kinepolis.fr [400] [GET] [text/html] [Invalid URL] [AkamaiGHost] [d54bf914b9fda83f517ab89cd1df474f]
https://quarantine2.kinepolis.fr [400] [GET] [text/html] [Invalid URL] [AkamaiGHost] [7bb0d91d60c94d61de347217e4bf97fe]
https://quarantine2.kinepolis.fr [400] [GET] [text/html] [Invalid URL] [AkamaiGHost] [9321650860f2f36636ca04addcf0e82e]
https://quarentena.kinepolis.fr [400] [GET] [text/html] [Invalid URL] [AkamaiGHost] [efa167f21afc89e3af2dbaa872cc26c0]
https://quarentena.kinepolis.fr [400] [GET] [text/html] [Invalid URL] [AkamaiGHost] [fd0d5344639b815eb861b92bbfa31beb]
https://quarentenamp.kinepolis.fr [400] [GET] [text/html] [Invalid URL] [AkamaiGHost] [c23d6da6d64f06eb100b091d5fdf9899]
https://quarentenamp.kinepolis.fr [400] [GET] [text/html] [Invalid URL] [AkamaiGHost] [fec4b4f412f5627ea214f393c5b9b916]
https://quarter-virus.kinepolis.fr [400] [GET] [text/html] [Invalid URL] [AkamaiGHost] [271f20e27d16a0f9bf2317f0f24dfd8f]
https://quarter-virus.kinepolis.fr [400] [GET] [text/html] [Invalid URL] [AkamaiGHost] [ffe44ab6a4866e1d37fde5d9494f16ce]
https://ra-7.kinepolis.fr [400] [GET] [text/html] [Invalid URL] [AkamaiGHost] [34b8a24e7dc0d668a4fafaced0fec51e]
https://ra-7.kinepolis.fr [400] [GET] [text/html] [Invalid URL] [AkamaiGHost] [ea5c64865745f2f4fec2ea60b3c13acf]
https://rd.kinepolis.fr [400] [GET] [text/html] [Invalid URL] [AkamaiGHost] [7a051e7333d0af7614f3a1b22ec10163]
https://rd.kinepolis.fr [400] [GET] [text/html] [Invalid URL] [AkamaiGHost] [cf0b1280aeecdb34ac071f75d0653e33]
https://removevirusmalwares.kinepolis.fr [400] [GET] [text/html] [Invalid URL] [AkamaiGHost] [78213498ff09e053dac6dfed01854118]
https://removevirusmalwares.kinepolis.fr [400] [GET] [text/html] [Invalid URL] [AkamaiGHost] [def6a3adfffc77febda16952f0fa709e]
https://scholar.google.com.fortwayne.libproxy.kinepolis.fr [400] [GET] [text/html] [Invalid URL] [AkamaiGHost] [59ae0a177d0f4543bb66acefb0acdbcf]
https://scholar.google.com.fortwayne.libproxy.kinepolis.fr [400] [GET] [text/html] [Invalid URL] [AkamaiGHost] [d688792a7d7ae1aec71272f28a3f6780]
https://scjfvirus0316.kinepolis.fr [400] [GET] [text/html] [Invalid URL] [AkamaiGHost] [17299258493fd25ae119dd3667673db9]
https://scjfvirus0316.kinepolis.fr [400] [GET] [text/html] [Invalid URL] [AkamaiGHost] [5f1e3df4e69cfc1d031a7541f9996e24]
https://secure.login.confirmation.bankofamerica.com.kinepolis.fr [400] [GET] [text/html] [Invalid URL] [AkamaiGHost] [2b0f903f51d1db33b9fef6d01f037b77]
https://secure.login.confirmation.bankofamerica.com.kinepolis.fr [400] [GET] [text/html] [Invalid URL] [AkamaiGHost] [4f8e3133c4a2ca164eb480c7b73b30b0]
https://sedi-https-internal-eu.aka.amazon.com.kinepolis.fr [400] [GET] [text/html] [Invalid URL] [AkamaiGHost] [4981215abedce4a8dfbaa241a5171802]
https://sedi-https-internal-eu.aka.amazon.com.kinepolis.fr [400] [GET] [text/html] [Invalid URL] [AkamaiGHost] [d0624e61ed873875856899617fbe59a7]
https://serv.kinepolis.fr [400] [GET] [text/html] [Invalid URL] [AkamaiGHost] [91c5a0985c5094936b14bcf100aecf18]
https://serv.kinepolis.fr [400] [GET] [text/html] [Invalid URL] [AkamaiGHost] [f4bc44a3f84c64a2c148425d85e61dc9]
https://shn-dev-ed.my.salesforce.com.crm.abccorp.kinepolis.fr [400] [GET] [text/html] [Invalid URL] [AkamaiGHost] [3ab2a6f074c822b22bc54cb668f1373d]
https://shn-dev-ed.my.salesforce.com.crm.abccorp.kinepolis.fr [400] [GET] [text/html] [Invalid URL] [AkamaiGHost] [b63795103dc80882ec3800bddd3d1f7f]
https://shop-dev.kinepolis.fr [401] [GET] [text/html] [401 Unauthorized] [Apache] [vhost] [Apache,Basic] [118a489422be0c5ca0cecf3bb7903c7e]
https://shop-dev.kinepolis.fr:8081 [404] [GET] [application/json] [] [nginx] [Nginx] [8a80554c91d9fca8acb82f023de02f11]
https://shop.kinepolis.fr [301] [GET] [text/html] [301 Moved Permanently] [] [vhost] [45ca392ae997e9817af4bef0c58f4202]
https://studio58gtv.kinepolis.fr [400] [GET] [text/html] [Invalid URL] [AkamaiGHost] [236861673667314591dfb99269a9df4b]
https://studio58gtv.kinepolis.fr [400] [GET] [text/html] [Invalid URL] [AkamaiGHost] [bc4b4f122a20564cacf22fab698ad0c0]
https://sub-97-52-63.kinepolis.fr [400] [GET] [text/html] [Invalid URL] [AkamaiGHost] [05d7b796b37f26944079f2c1f12fbefb]
https://sub-97-52-63.kinepolis.fr [400] [GET] [text/html] [Invalid URL] [AkamaiGHost] [2ce646813dfe3be5bd3fbe4f977d79b7]
https://sw0.kinepolis.fr [400] [GET] [text/html] [Invalid URL] [AkamaiGHost] [b83450bacea3a669b79c47de9e7ac72b]
https://sw0.kinepolis.fr [400] [GET] [text/html] [Invalid URL] [AkamaiGHost] [cd8486ac66fc6c33a6fcafad6eb0083f]
https://switzerland.kinepolis.fr [400] [GET] [text/html] [Invalid URL] [AkamaiGHost] [6282f392186883ea3494ec19920d2cfd]
https://switzerland.kinepolis.fr [400] [GET] [text/html] [Invalid URL] [AkamaiGHost] [eb54a1bdcf98d69d196d15854ed27940]
https://telnet.kinepolis.fr [400] [GET] [text/html] [Invalid URL] [AkamaiGHost] [0c1e333c9b18ac56f5225fca6dbec92c]
https://telnet.kinepolis.fr [400] [GET] [text/html] [Invalid URL] [AkamaiGHost] [ea46770c0a35ed1c220c854a5bc064bc]
https://test-distance.kinepolis.fr [400] [GET] [text/html] [Invalid URL] [AkamaiGHost] [761e65790993f5291b94d3fc282fb12c]
https://test-distance.kinepolis.fr [400] [GET] [text/html] [Invalid URL] [AkamaiGHost] [e970d23cdea7da06cf03f9e0d5a1dbcd]
https://tickets.kinepolis.fr [403] [GET] [text/html] [Access Denied] [] [vhost] [0459113af9716cf277f88b6957c1a8d7]
https://tickets.kinepolis.fr [403] [GET] [text/html] [Access Denied] [] [vhost] [3f49831a706c277d640c23ffa88c6a0b]
https://titan.kinepolis.fr [400] [GET] [text/html] [Invalid URL] [AkamaiGHost] [9842254a3d7b8f46ee4cb377866e833f]
https://titan.kinepolis.fr [400] [GET] [text/html] [Invalid URL] [AkamaiGHost] [eb17cf22cb9caf18c3b59dfa3526e4a1]
https://tokyo.kinepolis.fr [400] [GET] [text/html] [Invalid URL] [AkamaiGHost] [246528618d638d6d413d02399ec82329]
https://tokyo.kinepolis.fr [400] [GET] [text/html] [Invalid URL] [AkamaiGHost] [c1922589af588e69f66715b910378d99]
https://vaccines.kinepolis.fr [400] [GET] [text/html] [Invalid URL] [AkamaiGHost] [8aeab76987470267cd783827af375b47]
https://vaccines.kinepolis.fr [400] [GET] [text/html] [Invalid URL] [AkamaiGHost] [cae43711001e3cbd45dc29828f888a82]
https://vermont.kinepolis.fr [400] [GET] [text/html] [Invalid URL] [AkamaiGHost] [b0d635d03a682e939c81c7ce7b3a9662]
https://vermont.kinepolis.fr [400] [GET] [text/html] [Invalid URL] [AkamaiGHost] [e288b8d63f2229e0a349021c6447a5ff]
https://vger-virus0316.kinepolis.fr [400] [GET] [text/html] [Invalid URL] [AkamaiGHost] [d60b3d886ad2a9c3fa8bed497c9314f8]
https://vger-virus0316.kinepolis.fr [400] [GET] [text/html] [Invalid URL] [AkamaiGHost] [e4ac7466afc762453fce9d16aa3f984b]
https://virus0316-deemed.kinepolis.fr [400] [GET] [text/html] [Invalid URL] [AkamaiGHost] [504a00c159d1396734a7bf9d746750e4]
https://virus0316-deemed.kinepolis.fr [400] [GET] [text/html] [Invalid URL] [AkamaiGHost] [d603f912534fe05e148c8a5f48be2b8b]
https://virus0316herapeutic.kinepolis.fr [400] [GET] [text/html] [Invalid URL] [AkamaiGHost] [0b403555bc96610dc37f32095ec33f59]
https://virus0316herapeutic.kinepolis.fr [400] [GET] [text/html] [Invalid URL] [AkamaiGHost] [5c162fbc57aab249ab5abc34d946e125]
https://virus.kinepolis.fr [400] [GET] [text/html] [Invalid URL] [AkamaiGHost] [32bb1c6099a3f6896155c3364317b57d]
https://virus.kinepolis.fr [400] [GET] [text/html] [Invalid URL] [AkamaiGHost] [543d3577196dedec2cdc667926982a00]
https://wallet-acc.kinepolis.fr [404] [GET] [] [] [] [vhost] [IIS,Microsoft ASP.NET] [d41d8cd98f00b204e9800998ecf8427e]
https://wallet.kinepolis.fr [404] [GET] [] [] [] [vhost] [IIS,Microsoft ASP.NET] [d41d8cd98f00b204e9800998ecf8427e]
https://webdocs.kinepolis.fr [400] [GET] [text/html] [Invalid URL] [AkamaiGHost] [68bc8a83151019ebc7a0302454140ee3]
https://webdocs.kinepolis.fr [400] [GET] [text/html] [Invalid URL] [AkamaiGHost] [790d18c1450fe911ec261fa4578ad6f4]
https://windows1.kinepolis.fr [400] [GET] [text/html] [Invalid URL] [AkamaiGHost] [1a9ca3319e196f86c2973fab5da9f6b5]
https://windows1.kinepolis.fr [400] [GET] [text/html] [Invalid URL] [AkamaiGHost] [cd0665d00e52f9cfea0b8c6ced13df43]
https://w.kinepolis.fr [400] [GET] [text/html] [Invalid URL] [AkamaiGHost] [6f34bd45495babb456b9df8288089ed6]
https://w.kinepolis.fr [400] [GET] [text/html] [Invalid URL] [AkamaiGHost] [8ef0ddadd4848dd9517522aa662c72d0]
https://wsww.kinepolis.fr [400] [GET] [text/html] [Invalid URL] [AkamaiGHost] [430d26003c8f967add525942abdcdffa]
https://wsww.kinepolis.fr [400] [GET] [text/html] [Invalid URL] [AkamaiGHost] [e4ef76593738a82ed147d7c8918f1933]
https://ww.kinepolis.fr [400] [GET] [text/html] [Invalid URL] [AkamaiGHost] [4040fbe0e30d2c54a3fbe79403f85bbe]
https://ww.kinepolis.fr [400] [GET] [text/html] [Invalid URL] [AkamaiGHost] [c22b413069f1643ae9b8765d82d368c0]
https://www11.sitekey.login.update.billing.information.bankofamerica.com.kinepolis.fr [400] [GET] [text/html] [Invalid URL] [AkamaiGHost] [827e0bbd3aae79b6a95c166afdc4cf94]
https://www11.sitekey.login.update.billing.information.bankofamerica.com.kinepolis.fr [400] [GET] [text/html] [Invalid URL] [AkamaiGHost] [d59e1516849189713175eee1097268d5]
https://www-dimask.kinepolis.fr [400] [GET] [text/html] [Invalid URL] [AkamaiGHost] [2a20380a9c596138e82cac35f150cfe8]
https://www-dimask.kinepolis.fr [400] [GET] [text/html] [Invalid URL] [AkamaiGHost] [a450d9ce50a4e4bf3637731c7c500aa9]
https://www.foundationmedicine.com.sg.uat-fmi.preprod.opengarden.kinepolis.fr [400] [GET] [text/html] [Invalid URL] [AkamaiGHost] [20c665a9e85291f22aa831433835659c]
https://www.foundationmedicine.com.sg.uat-fmi.preprod.opengarden.kinepolis.fr [400] [GET] [text/html] [Invalid URL] [AkamaiGHost] [3d257d921d5b344dff2a43ee96935443]
https://www.google.com.googledocs.signin.verification.attachment.kinepolis.fr [400] [GET] [text/html] [Invalid URL] [AkamaiGHost] [812252320c02f74df7915fee42dac6ec]
https://www.google.com.googledocs.signin.verification.attachment.kinepolis.fr [400] [GET] [text/html] [Invalid URL] [AkamaiGHost] [e6f291b650f856d81dd69706113469b8]
https://www-infectionfree.kinepolis.fr [400] [GET] [text/html] [Invalid URL] [AkamaiGHost] [2afeda755ae493b11183afb1f4d7b39f]
https://www-infectionfree.kinepolis.fr [400] [GET] [text/html] [Invalid URL] [AkamaiGHost] [ff8029a7b4898bf31852e72f1d9265a2]
https://www-mask10.kinepolis.fr [400] [GET] [text/html] [Invalid URL] [AkamaiGHost] [51e51051ffc7f565611d1d21dee76aed]
https://www-mask10.kinepolis.fr [400] [GET] [text/html] [Invalid URL] [AkamaiGHost] [d41a8e22b9617b26c50e9c91112fc801]
https://www.pressreader.com.indianapolis.libproxy.kinepolis.fr [400] [GET] [text/html] [Invalid URL] [AkamaiGHost] [1ab6f61bec642b69568f80bf0f1fbe8f]
https://www.pressreader.com.indianapolis.libproxy.kinepolis.fr [400] [GET] [text/html] [Invalid URL] [AkamaiGHost] [cc1cc0241256b8e0dfebedb8036c22d4]
https://www.tandfonline.com.ezproxy.bibliothek.kinepolis.fr [400] [GET] [text/html] [Invalid URL] [AkamaiGHost] [640017d210310d1dbea574adfdb46810]
https://www.tandfonline.com.ezproxy.bibliothek.kinepolis.fr [400] [GET] [text/html] [Invalid URL] [AkamaiGHost] [b627991f8d3bab937a7950c79c6d6da7]
https://wwwvirus0316.kinepolis.fr [400] [GET] [text/html] [Invalid URL] [AkamaiGHost] [3b8000418a6393ea59f9810b8c4c3d3b]
https://wwwvirus0316.kinepolis.fr [400] [GET] [text/html] [Invalid URL] [AkamaiGHost] [bd8a66a0677959c62b4dde53a37674bd]
https://wwww.kinepolis.fr [400] [GET] [text/html] [Invalid URL] [AkamaiGHost] [0a7d3f037589d299cf6ea3a79c950324]
https://wwww.kinepolis.fr [400] [GET] [text/html] [Invalid URL] [AkamaiGHost] [e3011116bce65245fe38c08c01cd10ba]
https://www.wvv.paypal.com.cgi-bin-webapps.com.kinepolis.fr [400] [GET] [text/html] [Invalid URL] [AkamaiGHost] [70c43317ab8670633c6711d28fb19b28]
https://www.wvv.paypal.com.cgi-bin-webapps.com.kinepolis.fr [400] [GET] [text/html] [Invalid URL] [AkamaiGHost] [a241760b646b2a3681e89b353cea0733]
https://wwwwww.kinepolis.fr [400] [GET] [text/html] [Invalid URL] [AkamaiGHost] [9ae045cf155242d351e9fe50e128bf0b]
https://wwwwww.kinepolis.fr [400] [GET] [text/html] [Invalid URL] [AkamaiGHost] [de074692501ebcfcf5eb782db8f0b0f0]
https://xingjiyulechengguanfangwang.kinepolis.fr [400] [GET] [text/html] [Invalid URL] [AkamaiGHost] [8861be9aa34acec2168747e638d90525]
https://xingjiyulechengguanfangwang.kinepolis.fr [400] [GET] [text/html] [Invalid URL] [AkamaiGHost] [89048db00bc5f38ddbd4305bf0599d1d]
