https://acs-m.lazada.com.ph [403] [GET] [text/html] [403 Forbidden] [Tengine/Aserver] [vhost] [Tengine] [3496d618bb18b7872e7e791945618f1f]
https://acs-wapa.lazada.com.ph [200] [GET] [text/html] [] [Tengine/Aserver] [Tengine] [3a53a5ff562e4a44afe50a8a830b14b8]
https://admin.lazada.com.ph [302] [GET] [text/html] [302 Found] [Tengine/Aserver] [Tengine] [43276b3c9487605068688498af0acfab]
https://admin-p.lazada.com.ph [200] [GET] [text/html] [] [Tengine/Aserver] [Tengine] [6268a5e46536aa093cec2cd7971346eb]
https://adsense.lazada.com.ph [302] [GET] [] [] [Tengine/Aserver] [vhost] [Tengine] [d41d8cd98f00b204e9800998ecf8427e]
https://ali.lazada.com.ph [200] [GET] [text/html] [Lazada Philippines: Online Shopping Philippines with Great Prices!] [Tengine/Aserver] [vhost] [Tengine] [0a683ea24e427d5c6046255a6cd8e4b7]
https://cart.lazada.com.ph [302] [GET] [text/html] [302 Found] [Tengine/Aserver] [vhost] [Tengine] [ca862016d6c92c0e14232962898c3e79]
https://cart-p.lazada.com.ph [200] [GET] [text/html] [] [Tengine/Aserver] [Tengine] [53825d9ffb1130e57fbeef225a4703ae]
https://checkout-p.lazada.com.ph [200] [GET] [text/html] [] [Tengine/Aserver] [Tengine] [30e1af98b120234235855b5c2568db50]
https://creative.lazada.com.ph [200] [GET] [text/plain] [Content Platform] [Tengine/Aserver] [vhost] [Java,Spring,Tengine] [2ea1bcc73b903231308efe03d2eefa64]
https://cs.lazada.com.ph [200] [GET] [text/html] [] [Tengine/Aserver] [vhost] [Tengine] [bbb4f3070acdc9b9915dadfb75ec843b]
https://digital.lazada.com.ph [400] [GET] [text/html] [Invalid URL] [AkamaiGHost] [874a283b05168330b876e0a5c26fa494]
https://eco-device.lazada.com.ph [404] [GET] [text/html] [404 Not Found] [Tengine/Aserver] [Tengine] [82e54ce02cb695cd3190618ba81f1e61]
https://eco-ueba.lazada.com.ph [404] [GET] [text/html] [404 Not Found] [Tengine/Aserver] [Tengine] [86d60de94669bec6755957485b7eea1f]
https://education-staging.lazada.com.ph [200] [GET] [text/html] [] [Tengine/Aserver] [Tengine] [4ced1d5db6a7e29f4d1240bdbdf23a55]
https://email.lazada.com.ph [403] [GET] [text/html] [403 Forbidden] [Apache] [Apache] [0152ed695f4291488741d98ba066d280]
https://er-p.lazada.com.ph [200] [GET] [text/html] [ER] [Tengine] [vhost] [Tengine] [1c5042579b1ee71d312dbf049adc2477]
https://filebroker-cdn.lazada.com.ph [200] [GET] [application/octet-stream] [] [Tengine] [vhost] [Tengine] [0cc175b9c0f1b6a831c399e269772661]
https://filebroker-staging.lazada.com.ph [200] [GET] [text/html] [] [Tengine/Aserver] [Tengine] [ea247e1c71c7dbdfcd8365f428fab515]
https://gmcp.lazada.com.ph [200] [GET] [text/html] [Global Media Creative Platform] [Tengine/Aserver] [vhost] [Tengine] [80353028df5a054295b9d44a44505a86]
https://ho.lazada.com.ph [404] [GET] [] [] [nginx] [Nginx] [d41d8cd98f00b204e9800998ecf8427e]
https://i.lazada.com.ph [301] [GET] [] [] [Tengine] [vhost] [Tengine] [c1672b641f87a9cde48e9120d2a11e85]
https://lazada.com.ph [301] [GET] [text/html] [301 Moved Permanently] [Tengine/Aserver] [vhost] [Tengine] [67194376ec810b1466000b45b043ab94]
https://lighthouse.lazada.com.ph [200] [GET] [text/html] [Lighthouse] [Tengine/Aserver] [vhost] [Java,Spring,Tengine] [f7341fae75938258698ba4c42e6e1740]
https://member.lazada.com.ph [302] [GET] [text/html] [302 Found] [Tengine/Aserver] [vhost] [Tengine] [ca862016d6c92c0e14232962898c3e79]
https://member-p.lazada.com.ph [200] [GET] [text/html] [] [Tengine/Aserver] [Tengine] [cc7e4aa068828a72036b617e7597800f]
https://msoid.lazada.com.ph [302] [GET] [text/html] [Object moved] [] [vhost] [azure] [67dc47621d0dca9dc8d849ee26494c3b]
https://my-p.lazada.com.ph [200] [GET] [text/html] [] [Tengine/Aserver] [Tengine] [ad8a2fcaa5813a331c4193a15095d323]
https://openapi.lazada.com.ph [404] [GET] [text/html] [404 Not Found] [Tengine/Aserver] [Tengine] [1cc65e7374cdfeb0bd356b3a29d35b63]
https://open.lazada.com.ph [404] [GET] [text/html] [404 Not Found] [Tengine/Aserver] [Tengine] [8fba2372a384ed3d9f0a284ab159c754]
https://orders.lazada.com.ph [403] [GET] [text/html] [403 Forbidden] [Apache] [Apache] [0152ed695f4291488741d98ba066d280]
https://pages.lazada.com.ph [200] [GET] [text/html] [Lazada Philippines: Online Shopping Philippines with Great Prices!] [Tengine/Aserver] [vhost] [Tengine] [eebc53a10160781b1e6139209066763b]
https://pdpdesc-m.lazada.com.ph [404] [GET] [application/json] [] [Tengine/Aserver] [vhost] [Java,Spring,Tengine] [07887d3e7efe8e77e09c324717f4f3af]
https://pdpdesc-p.lazada.com.ph [200] [GET] [text/html] [] [Tengine/Aserver] [Tengine] [3a1c1f986f300ca22ae01b9142af35b0]
https://pform.lazada.com.ph [404] [GET] [text/html] [] [Tengine] [vhost] [Tengine] [5a2bce9d53f443761357fef4f5674ca7]
https://pre-adsence.lazada.com.ph [200] [GET] [text/html] [] [Tengine/Aserver] [Tengine] [5faa32cb8f35f19489f121f02ce001c1]
https://pre-c.lazada.com.ph [200] [GET] [text/html] [] [Tengine/Aserver] [Tengine] [f8282b08be739a166c650b968bbcd825]
https://pre-creative.lazada.com.ph [200] [GET] [text/html] [] [Tengine/Aserver] [Tengine] [6b6c07ae18735fccec3c5169f00be209]
https://pre-gmcp.lazada.com.ph [200] [GET] [text/html] [] [Tengine/Aserver] [Tengine] [99070313c992f68431fc089ba7a32b74]
https://pre.lazada.com.ph [200] [GET] [text/html] [] [Tengine/Aserver] [Tengine] [aa9fe6cdeb2542f16eb5910a553006ef]
https://pre-psc-alimebot.lazada.com.ph [200] [GET] [text/html] [] [Tengine/Aserver] [Tengine] [f3b20076218ef42f537c0115d60c20a5]
https://pre-shop-alimebot.lazada.com.ph [200] [GET] [text/html] [] [Tengine/Aserver] [Tengine] [e4e8d95032494cb38a678c7564a4df9d]
https://pre-u.lazada.com.ph [200] [GET] [text/html] [] [Tengine/Aserver] [Tengine] [b190a9b3ff55694f2bc1e915bc8a80c0]
https://pre-wallet.lazada.com.ph [200] [GET] [text/html] [] [Tengine/Aserver] [Tengine] [c8c12a54041bf8497f0faf90861ec30d]
https://rest.lazada.com.ph [404] [GET] [text/html] [404 Not Found] [Tengine/Aserver] [Tengine] [e336986c122c10e5823d0c9e10482847]
https://search-p.lazada.com.ph [200] [GET] [text/html] [] [Tengine/Aserver] [Tengine] [0ae56fbe2ea04640d0afb8182865a6a1]
https://sellercenter.lazada.com.ph [302] [GET] [] [] [Tengine/Aserver] [vhost] [Java,Tengine] [d41d8cd98f00b204e9800998ecf8427e]
https://sellercenter-staging.lazada.com.ph [200] [GET] [text/html] [] [Tengine/Aserver] [Tengine] [48fe62e7ca87fce093fd41700766886f]
https://ssc-staging.lazada.com.ph [200] [GET] [text/html] [] [Tengine/Aserver] [Tengine] [87a6bcbc865576445d3e9bffd99de199]
https://static-file.lazada.com.ph [400] [GET] [text/html] [Invalid URL] [AkamaiGHost] [5c823f1fc6a3bf0f6df5b8c735ab2ca6]
https://store.lazada.com.ph [302] [GET] [text/html] [302 Found] [Tengine/Aserver] [vhost] [Tengine] [ca862016d6c92c0e14232962898c3e79]
https://survey.lazada.com.ph [200] [GET] [text/html] [] [Tengine/Aserver] [vhost] [Tengine] [d24b3052fc452ccbab2bad879eac1515]
https://taobao.lazada.com.ph [200] [GET] [text/html] [Taobao Collection] [Tengine/Aserver] [vhost] [Tengine] [7d39b29de77964cd3aaff2433a14d1fa]
https://union.lazada.com.ph [200] [GET] [text/html] [Lazada Philippines: Online Shopping Philippines with Great Prices!] [Tengine/Aserver] [vhost] [Tengine] [f428f0d3b222bbf82843dfbec742a62d]
https://university.lazada.com.ph [200] [GET] [text/html] [Lazada University] [Tengine/Aserver] [vhost] [Tengine] [df4c7cb3e05304f50b77ccadc7880a32]
https://www.lazada.com.ph [200] [GET] [text/html] [Lazada Philippines: Online Shopping Philippines with Great Prices!] [Tengine] [vhost] [Tengine] [f92f880749ada2fe8b23714348c6c4ec]
http://topup.lazada.com.ph [301] [GET] [text/html] [301 Moved Permanently] [Tengine/Aserver] [Tengine] [c6eee52eb2f0b8d48f818d75278c08e8]
