http://calendar.lazada.co.th [302] [GET] [text/html] [302 Moved] [ghs] [vhost] [55a126cc6cc82668e8289b8d650cb646]
http://dmtrace.support.lazada.co.th [302] [GET] [text/html] [302 Found] [Tengine] [Tengine] [ca862016d6c92c0e14232962898c3e79]
http://docs.lazada.co.th [302] [GET] [text/html] [302 Moved] [ghs] [vhost] [fc38402e62ac30618b7c5a44421f9b48]
http://mail.lazada.co.th [301] [GET] [text/html] [301 Moved] [ghs] [vhost] [d2d0a79b18f5665d9d02c48dca046ef1]
http://topup.lazada.co.th [301] [GET] [text/html] [301 Moved Permanently] [Tengine/Aserver] [Tengine] [c6eee52eb2f0b8d48f818d75278c08e8]
https://ab.lazada.co.th [404] [GET] [text/html] [] [Tengine/Aserver] [vhost] [Tengine] [5a2bce9d53f443761357fef4f5674ca7]
https://acs-m.lazada.co.th [403] [GET] [text/html] [403 Forbidden] [Tengine/Aserver] [vhost] [Tengine] [9bfd885ef5ff96e8895e78fcba6aeea1]
https://acs-m.lazada.co.th [403] [GET] [text/html] [403 Forbidden] [Tengine/Aserver] [vhost] [Tengine] [a231683c2d0ec429c958873770304b17]
https://acs-wapa.lazada.co.th [200] [GET] [text/html] [] [Tengine/Aserver] [Tengine] [a706af6ce6bf23213e0c7b8383bf2c6e]
https://acs-wapa.lazada.co.th [200] [GET] [text/html] [] [Tengine/Aserver] [Tengine] [ec4a34dc353d29535d616f8c35de5c74]
https://admin-m.lazada.co.th [404] [GET] [text/html] [404 Not Found] [Tengine/Aserver] [Tengine] [4aa11acb028b75503b003028b5c6ab1a]
https://admin-m.lazada.co.th [404] [GET] [text/html] [404 Not Found] [Tengine/Aserver] [Tengine] [905ff3101b85e401d94ff62630046757]
https://admin-p.lazada.co.th [200] [GET] [text/html] [] [Tengine/Aserver] [Tengine] [80a677c02d72295e8ed82373eb507a63]
https://admin-p.lazada.co.th [200] [GET] [text/html] [] [Tengine/Aserver] [Tengine] [acddc7b9207132d40e6226bf9c58746e]
https://admin-staging.education.lazada.co.th [302] [GET] [text/html] [302 Found] [Tengine/Aserver] [Tengine] [43276b3c9487605068688498af0acfab]
https://admin.education.lazada.co.th [302] [GET] [text/html] [302 Found] [Tengine/Aserver] [vhost] [Tengine] [43276b3c9487605068688498af0acfab]
https://admin.lazada.co.th [302] [GET] [text/html] [302 Found] [Tengine/Aserver] [Tengine] [43276b3c9487605068688498af0acfab]
https://adsense.lazada.co.th [302] [GET] [] [] [Tengine/Aserver] [vhost] [Tengine] [d41d8cd98f00b204e9800998ecf8427e]
https://affiliate.lazada.co.th [200] [GET] [] [] [Tengine/Aserver] [vhost] [Tengine] [d41d8cd98f00b204e9800998ecf8427e]
https://ali.lazada.co.th [200] [GET] [text/html] [Lazada.co.th - EPIC 10th Birthday Sale ช้อปสนุกสุขเต็มสิบ เซลใหญ่วันเกิด 10 ปี] [Tengine/Aserver] [vhost] [Tengine] [953be85b0d59444add3845b55c6f7b75]
https://ali.lazada.co.th [200] [GET] [text/html] [Lazada.co.th - EPIC 10th Birthday Sale ช้อปสนุกสุขเต็มสิบ เซลใหญ่วันเกิด 10 ปี] [Tengine/Aserver] [vhost] [Tengine] [dfeb844f874aeb4b58a9135def79408f]
https://api.lazada.co.th [404] [GET] [text/html] [] [Tengine/Aserver] [vhost] [Tengine] [31751d9a8251760f6b1f21b229b870cf]
https://asc-hub.lazada.co.th [404] [GET] [text/html] [404 Not Found] [Tengine/Aserver] [Tengine] [7bdfa347d60e10fccb2ddfb684dddcc3]
https://asc-hub.lazada.co.th [404] [GET] [text/html] [404 Not Found] [Tengine/Aserver] [Tengine] [e07cb33a1dad397c49d88f403cdbf444]
https://ba-buyer-staging.lazada.co.th [200] [GET] [text/html] [] [Tengine/Aserver] [Tengine] [0dba3dc905d5d6616702919a95bc8408]
https://ba-buyer-staging.lazada.co.th [200] [GET] [text/html] [] [Tengine/Aserver] [Tengine] [ee282f8e45e2e9675d6059ceac17e221]
https://ba-buyer.lazada.co.th [200] [GET] [text/plain] [] [Tengine/Aserver] [vhost] [Tengine] [8c02547a8a3b02382bac3557bcb2280d]
https://ba-p.zal.lazada.co.th [200] [GET] [text/html] [] [Tengine/Aserver] [Tengine] [31b13a6d72b5ba9f706ec22a84d6e719]
https://ba-p.zal.lazada.co.th [200] [GET] [text/html] [] [Tengine/Aserver] [Tengine] [d207fa754d41d97bd050b18ff955166c]
https://brand.adsense.lazada.co.th [404] [GET] [text/html] [404 Not Found] [Tengine/Aserver] [Tengine] [30ccd7dd776678f742b764b725ace7ba]
https://brand.adsense.lazada.co.th [404] [GET] [text/html] [404 Not Found] [Tengine/Aserver] [Tengine] [f093b6682077ed0ae0df2a785ff9d41b]
https://c.lazada.co.th [302] [GET] [text/html] [302 Found] [Tengine/Aserver] [vhost] [Tengine] [ca862016d6c92c0e14232962898c3e79]
https://cart-m.lazada.co.th [404] [GET] [text/html] [] [Tengine/Aserver] [vhost] [Tengine] [56b5e8f279c527cffd8311bef771b500]
https://cart-p.lazada.co.th [200] [GET] [text/html] [] [Tengine/Aserver] [Tengine] [86d7a33006f9d0d7ceb1f96b29d0588e]
https://cart-p.lazada.co.th [200] [GET] [text/html] [] [Tengine/Aserver] [Tengine] [c24e1f5a13dd3f378e7576761918716b]
https://cart.lazada.co.th [302] [GET] [text/html] [302 Found] [Tengine/Aserver] [vhost] [Tengine] [ca862016d6c92c0e14232962898c3e79]
https://cb-customs.lazada.co.th [404] [GET] [text/html] [404 Not Found] [Tengine/Aserver] [Tengine] [9eb13dfd10669e296ca2e76bddb54364]
https://cb-customs.lazada.co.th [404] [GET] [text/html] [404 Not Found] [Tengine/Aserver] [Tengine] [bf6e0c694fc6730bb76d98cb363bf040]
https://checkout-m.lazada.co.th [404] [GET] [text/html] [] [Tengine/Aserver] [vhost] [Tengine] [568ed3d59ec46bfa91ed8b815a35a7a7]
https://checkout-p.lazada.co.th [200] [GET] [text/html] [] [Tengine/Aserver] [Tengine] [59214bcde17621d0a9bfce0530918833]
https://checkout-p.lazada.co.th [200] [GET] [text/html] [] [Tengine/Aserver] [Tengine] [a43e5ad7d24da104f8d4db5feadfb39a]
https://checkout.lazada.co.th [302] [GET] [text/html] [302 Found] [Tengine/Aserver] [vhost] [Tengine] [ca862016d6c92c0e14232962898c3e79]
https://creative.lazada.co.th [200] [GET] [text/plain] [Content Platform] [Tengine/Aserver] [vhost] [Java,Spring,Tengine] [2ea1bcc73b903231308efe03d2eefa64]
https://cs.lazada.co.th [200] [GET] [text/html] [] [Tengine/Aserver] [vhost] [Tengine] [710ff3c6b2d34cd2df67ef40c92d362d]
https://cs.lazada.co.th [200] [GET] [text/html] [] [Tengine/Aserver] [vhost] [Tengine] [731ce0893ee4d213102642bfc6e758cc]
https://datafeeds.lazada.co.th [404] [GET] [application/json] [] [Tengine/Aserver] [vhost] [Tengine] [28578a049f97823e2d442fc9b2d8c833]
https://datafeeds.lazada.co.th [404] [GET] [application/json] [] [Tengine/Aserver] [vhost] [Tengine] [844f8547d9fd6bfcc3a7e8759e11e73c]
https://digital.lazada.co.th [400] [GET] [text/html] [Invalid URL] [AkamaiGHost] [500ab00c513b2069071fdd3020e189ca]
https://digital.lazada.co.th [400] [GET] [text/html] [Invalid URL] [AkamaiGHost] [a2d3265f1afb8396f81605dfe5eba687]
https://eco-acc.lazada.co.th [404] [GET] [text/html] [404 Not Found] [Tengine/Aserver] [Tengine] [25353c3dac97859d00dc941dcb36ac7b]
https://eco-acc.lazada.co.th [404] [GET] [text/html] [404 Not Found] [Tengine/Aserver] [Tengine] [490f090eb9f65d43ca39149e5ec122da]
https://eco-device.lazada.co.th [404] [GET] [text/html] [404 Not Found] [Tengine/Aserver] [Tengine] [7389dc65ebee5c66407736e44fee9121]
https://eco-device.lazada.co.th [404] [GET] [text/html] [404 Not Found] [Tengine/Aserver] [Tengine] [d147dc78a54cb5ea7957b06ea491c490]
https://eco-ueba.lazada.co.th [404] [GET] [text/html] [404 Not Found] [Tengine/Aserver] [Tengine] [64b4586d8328df69bfa83e23b2ccfb7a]
https://eco-ueba.lazada.co.th [404] [GET] [text/html] [404 Not Found] [Tengine/Aserver] [Tengine] [97f8c8c88937a8715c7426055153840d]
https://eco.lazada.co.th [404] [GET] [text/html] [404 Not Found] [Tengine/Aserver] [Tengine] [0b0fab814bf070d22ebca5d3a528feef]
https://eco.lazada.co.th [404] [GET] [text/html] [404 Not Found] [Tengine/Aserver] [Tengine] [7e8358cf01db00b3e2725f0359240898]
https://education-staging.lazada.co.th [200] [GET] [text/html] [] [Tengine/Aserver] [Tengine] [2c1882509259a54584c51bfe3a44f92c]
https://education-staging.lazada.co.th [200] [GET] [text/html] [] [Tengine/Aserver] [Tengine] [97859489e38e214f76e6f74e7eca9454]
https://education.lazada.co.th [200] [GET] [text/html] [Lazada University] [Tengine/Aserver] [vhost] [Tengine] [13c34efad188cb0493e030c1613d9d8a]
https://education.lazada.co.th [200] [GET] [text/html] [Lazada University] [Tengine/Aserver] [vhost] [Tengine] [dc4130575d14911402d84ae2c7e726aa]
https://email.lazada.co.th [403] [GET] [text/html] [403 Forbidden] [Apache] [Apache] [0152ed695f4291488741d98ba066d280]
https://enterpriseenrollment.lazada.co.th [302] [GET] [] [] [Microsoft-IIS/10.0] [azure] [IIS,Microsoft ASP.NET,Windows Server] [d41d8cd98f00b204e9800998ecf8427e]
https://enterpriseregistration.lazada.co.th [404] [GET] [text/html] [Service] [] [azure] [17654c28a506596d05424ea295203bac]
https://er-p.lazada.co.th [200] [GET] [text/html] [ER] [Tengine] [vhost] [Tengine] [1c5042579b1ee71d312dbf049adc2477]
https://er-search.lazada.co.th [403] [GET] [application/xml] [] [Tengine] [vhost] [Tengine] [982f2a84723b6bbaf25f635cbb9b4165]
https://er.lazada.co.th [200] [GET] [text/html] [ER] [Tengine] [vhost] [Tengine] [b2e3571b1e93d418eed9814702cfe8d2]
https://filebroker-cdn.lazada.co.th [200] [GET] [application/octet-stream] [] [Tengine] [vhost] [Tengine] [0cc175b9c0f1b6a831c399e269772661]
https://filebroker-p.zal.lazada.co.th [200] [GET] [text/html] [] [Tengine/Aserver] [Tengine] [a816d71b18db27a8aa55bc5a9c250478]
https://filebroker-p.zal.lazada.co.th [200] [GET] [text/html] [] [Tengine/Aserver] [Tengine] [aaa99d3b5a8c0e03417fcbd70614dfc4]
https://filebroker-staging.lazada.co.th [200] [GET] [text/html] [] [Tengine/Aserver] [Tengine] [2daf5cc7d3286300dc2e5df6e45ad730]
https://filebroker-staging.lazada.co.th [200] [GET] [text/html] [] [Tengine/Aserver] [Tengine] [c5110fcedbf39e0ccc846176a28213b8]
https://filebroker.lazada.co.th [200] [GET] [text/plain] [] [Tengine/Aserver] [vhost] [Tengine] [5058f1af8388633f609cadb75a75dc9d]
https://gmcp.lazada.co.th [200] [GET] [text/html] [Global Media Creative Platform] [Tengine/Aserver] [vhost] [Tengine] [d406832d7fb6f59c5be3ccb58159563d]
https://gmcp.lazada.co.th [200] [GET] [text/html] [Global Media Creative Platform] [Tengine/Aserver] [vhost] [Tengine] [e6833978a8ab5e0263c2cd4069dcb08b]
https://h5-alimebot.lazada.co.th [200] [GET] [application/json] [] [Tengine/Aserver] [vhost] [Java,Spring,Tengine] [e2a98308e7869828e561710d44a1be08]
https://ho.lazada.co.th [404] [GET] [] [] [nginx] [Nginx] [d41d8cd98f00b204e9800998ecf8427e]
https://i.lazada.co.th [301] [GET] [] [] [Tengine] [vhost] [Tengine] [c1672b641f87a9cde48e9120d2a11e85]
https://ifs.lazada.co.th [200] [GET] [text/html] [] [Tengine/Aserver] [vhost] [Java,Spring,Tengine] [2d087396f5e07406446d22173da82045]
https://ifs.lazada.co.th [200] [GET] [text/html] [] [Tengine/Aserver] [vhost] [Java,Spring,Tengine] [3ebf3dd165e77d05e43f997d9bb56fab]
https://jmacs-m.lazada.co.th [403] [GET] [text/html] [403 Forbidden] [Tengine/Aserver] [Tengine] [12a64024c395c58cb34c9906cba0c570]
https://ju.lazada.co.th [302] [GET] [image/gif] [] [] [vhost] [ad4b0f606e0f8465bc4c4c170b37e1a3]
https://lazada.co.th [301] [GET] [text/html] [301 Moved Permanently] [Tengine/Aserver] [vhost] [Tengine] [67194376ec810b1466000b45b043ab94]
https://lighthouse.lazada.co.th [200] [GET] [text/html] [Lighthouse] [Tengine/Aserver] [vhost] [Java,Spring,Tengine] [51a29c848d6c2c4e9feb27eef628a5d1]
https://locker.lazada.co.th [200] [GET] [text/html] [Lazada - Digital Delivery Center] [Apache-Coyote/1.1] [vhost] [incapsula] [Apache Tomcat,Imperva,Java] [938617c5836fdf128a5938e18a703a32]
https://locker.lazada.co.th [200] [GET] [text/html] [Lazada - Digital Delivery Center] [Apache-Coyote/1.1] [vhost] [incapsula] [Apache Tomcat,Imperva,Java] [ee2b32bb526f4584cdcaf3cc58c7eac2]
https://m.lazada.co.th [200] [GET] [text/html] [Lazada.co.th - Online Shopping Lazada Mobiles Tablets Cosmetics] [Tengine] [vhost] [Tengine] [b51bfd2ca2e4013da42cd58de34579e5]
https://m.lazada.co.th [301] [GET] [] [] [Tengine] [vhost] [Tengine] [c1672b641f87a9cde48e9120d2a11e85]
https://media.lazada.co.th [404] [GET] [text/html] [404 Not Found] [Tengine/Aserver] [Tengine] [8368dc9169adf3a41d1c12b07267e337]
https://media.lazada.co.th [404] [GET] [text/html] [404 Not Found] [Tengine/Aserver] [Tengine] [dd200cb82ba5e17a813e720fc804fcb5]
https://member-m.lazada.co.th [302] [GET] [text/html] [302 Found] [Tengine/Aserver] [vhost] [Tengine] [ca862016d6c92c0e14232962898c3e79]
https://member-p.lazada.co.th [200] [GET] [text/html] [] [Tengine/Aserver] [Tengine] [297907774d89639e6047ddc949ff5195]
https://member-p.lazada.co.th [200] [GET] [text/html] [] [Tengine/Aserver] [Tengine] [c6fb3e5819b58cd39ae417ca1214a8c9]
https://member.lazada.co.th [302] [GET] [text/html] [302 Found] [Tengine/Aserver] [vhost] [Tengine] [ca862016d6c92c0e14232962898c3e79]
https://msgacs-m.lazada.co.th [403] [GET] [text/html] [403 Forbidden] [Tengine/Aserver] [Tengine] [5183de9a00053e0e9623d26b229c035f]
https://msoid.lazada.co.th [302] [GET] [text/html] [Object moved] [] [vhost] [azure] [67dc47621d0dca9dc8d849ee26494c3b]
https://my-m.lazada.co.th [404] [GET] [text/html] [] [Tengine/Aserver] [vhost] [Tengine] [4d3867e5b90b79a2da70acc270d7b0a1]
https://my.lazada.co.th [302] [GET] [text/html] [302 Found] [Tengine/Aserver] [vhost] [Tengine] [ca862016d6c92c0e14232962898c3e79]
https://open.lazada.co.th [404] [GET] [text/html] [404 Not Found] [Tengine/Aserver] [Tengine] [80dd7093644952bcb5461ef170b5c0e4]
https://open.lazada.co.th [404] [GET] [text/html] [404 Not Found] [Tengine/Aserver] [Tengine] [ca47b7db6a47d53b4bfc249a89b53fbd]
https://openapi.lazada.co.th [404] [GET] [text/html] [404 Not Found] [Tengine/Aserver] [Tengine] [150c7737d666da8c3f88dbcf6fb4bcc4]
https://openapi.lazada.co.th [404] [GET] [text/html] [404 Not Found] [Tengine/Aserver] [Tengine] [2e76005e639e8393421822eb76f489ec]
https://orders.lazada.co.th [403] [GET] [text/html] [403 Forbidden] [Apache] [Apache] [0152ed695f4291488741d98ba066d280]
https://pages.lazada.co.th [200] [GET] [text/html] [Lazada.co.th - EPIC 10th Birthday Sale ช้อปสนุกสุขเต็มสิบ เซลใหญ่วันเกิด 10 ปี] [Tengine/Aserver] [vhost] [Tengine] [953be85b0d59444add3845b55c6f7b75]
https://partners.lazada.co.th [404] [GET] [text/html] [404 Not Found] [Tengine/Aserver] [Tengine] [37e4e07846b117898201b8893a54f48c]
https://partners.lazada.co.th [404] [GET] [text/html] [404 Not Found] [Tengine/Aserver] [Tengine] [d5b8463f909577676fbfc98d689181ce]
https://pdp-p.lazada.co.th [200] [GET] [text/html] [] [Tengine/Aserver] [Tengine] [0c6f86319fb0454e3168effaac2158b2]
https://pdp-p.lazada.co.th [200] [GET] [text/html] [] [Tengine/Aserver] [Tengine] [957a1bb1581185aa29b66f7813e65d84]
https://pdp.lazada.co.th [200] [GET] [text/html] [] [Tengine/Aserver] [vhost] [Bootstrap,Tengine] [b05beb65e7d82a8a17f2174d926e9bf4]
https://pdpdesc-m.lazada.co.th [404] [GET] [application/json] [] [Tengine/Aserver] [vhost] [Java,Spring,Tengine] [b80f4345778ff33cf7c4891a6c9f9d02]
https://pdpdesc-m.lazada.co.th [404] [GET] [application/json] [] [Tengine/Aserver] [vhost] [Java,Spring,Tengine] [cbce4d73c76ea7e5edf87e0ce6b70304]
https://pdpdesc-p.lazada.co.th [200] [GET] [text/html] [] [Tengine/Aserver] [Tengine] [f3aff8a4bd92f699fb1087ddee62ce22]
https://pdpdesc-p.lazada.co.th [200] [GET] [text/html] [] [Tengine/Aserver] [Tengine] [fe4497c02911a29dc8ba584ac87c1ad5]
https://pre-adsence.lazada.co.th [200] [GET] [text/html] [] [Tengine/Aserver] [Tengine] [4a76f839810129d27f0e682dc071cfcf]
https://pre-adsence.lazada.co.th [200] [GET] [text/html] [] [Tengine/Aserver] [Tengine] [f70b46a95d8b2a5b3d5d138ebd540d52]
https://pre-adsense.lazada.co.th [200] [GET] [text/html] [] [Tengine/Aserver] [Tengine] [0b928d9235f831e3eb7aad3205199630]
https://pre-adsense.lazada.co.th [200] [GET] [text/html] [] [Tengine/Aserver] [Tengine] [10b8ea4c2b2bb8b3af861384a1c90d07]
https://pre-allinone.lazada.co.th [200] [GET] [text/html] [] [Tengine/Aserver] [Tengine] [51d8eae4641961099a100f1e0de1108e]
https://pre-allinone.lazada.co.th [200] [GET] [text/html] [] [Tengine/Aserver] [Tengine] [9e4fce9b7486e589fb313ca8ee30aafe]
https://pre-s.lazada.co.th [200] [GET] [text/html] [] [Tengine/Aserver] [Tengine] [a8e8b848fa3efe8b0d103341279280be]
https://pre-s.lazada.co.th [200] [GET] [text/html] [] [Tengine/Aserver] [Tengine] [b9b037883c3d36aa5b5ee5bf26771ba3]
https://pre-solution.lazada.co.th [200] [GET] [text/html] [] [Tengine/Aserver] [Tengine] [18925455c4144c21e433ee0b978685ed]
https://pre-solution.lazada.co.th [200] [GET] [text/html] [] [Tengine/Aserver] [Tengine] [c3afca8f0a76bb63f5581eb617cdd274]
https://pre-u.lazada.co.th [200] [GET] [text/html] [] [Tengine/Aserver] [Tengine] [04f681a0863ebbaa2cde8f1c563d2b74]
https://pre-u.lazada.co.th [200] [GET] [text/html] [] [Tengine/Aserver] [Tengine] [ec82329af6ffcfdd9894f49a2932a640]
https://pre-wallet.lazada.co.th [200] [GET] [text/html] [] [Tengine/Aserver] [Tengine] [535ec5b924d4c368a02076bd0b2df7df]
https://pre-wallet.lazada.co.th [200] [GET] [text/html] [] [Tengine/Aserver] [Tengine] [60885946a6e62227403ec40234d271e7]
https://pre.lazada.co.th [200] [GET] [text/html] [] [Tengine/Aserver] [Tengine] [0c56c427e892674aa1139c01ef312bb5]
https://pre.lazada.co.th [200] [GET] [text/html] [] [Tengine/Aserver] [Tengine] [7f72b6622e9e2898f758ef5e56765b4f]
https://psc-alimebot.lazada.co.th [302] [GET] [] [] [Tengine/Aserver] [vhost] [Tengine] [d41d8cd98f00b204e9800998ecf8427e]
https://rest.lazada.co.th [404] [GET] [text/html] [404 Not Found] [Tengine/Aserver] [Tengine] [69e41c9df4cd244809dd41eaa44ffdf5]
https://rest.lazada.co.th [404] [GET] [text/html] [404 Not Found] [Tengine/Aserver] [Tengine] [ec04b60b2981ed9d6efb9470c5387898]
https://s.lazada.co.th [302] [GET] [text/html] [302 Found] [Tengine/Aserver] [vhost] [Tengine] [bfac680f5601df0f5482fd08c8c970a7]
https://search-beta.lazada.co.th [200] [GET] [text/html] [] [Tengine/Aserver] [vhost] [Bootstrap,Tengine] [1d65cc1d2758e64942c0d417c4e53347]
https://search-p.lazada.co.th [200] [GET] [text/html] [] [Tengine/Aserver] [Tengine] [63ede0fe9b69641c2e3140fb16bbe6bb]
https://search-p.lazada.co.th [200] [GET] [text/html] [] [Tengine/Aserver] [Tengine] [e7e70cd77504057fca70ec89208a2052]
https://sellercenter-staging.lazada.co.th [200] [GET] [text/html] [] [Tengine/Aserver] [Tengine] [62ca0eb131cbf7897c68cedf3d2972a5]
https://sellercenter-staging.lazada.co.th [200] [GET] [text/html] [] [Tengine/Aserver] [Tengine] [9d51a589548a34d5365ae9b03a6f1b7d]
https://shop-p.zal.lazada.co.th [200] [GET] [text/html] [] [Tengine/Aserver] [Tengine] [11ce14174b874581c5e4d1151cbc7c7a]
https://shop-p.zal.lazada.co.th [200] [GET] [text/html] [] [Tengine/Aserver] [Tengine] [8f345d69e0c9d7e7d67cc57c375f40ff]
https://solution.lazada.co.th [302] [GET] [] [] [Tengine/Aserver] [vhost] [Tengine] [d41d8cd98f00b204e9800998ecf8427e]
https://ssc-staging.lazada.co.th [200] [GET] [text/html] [] [Tengine/Aserver] [Tengine] [b449cecba5af51726ef7e3badfcefcdd]
https://ssc-staging.lazada.co.th [200] [GET] [text/html] [] [Tengine/Aserver] [Tengine] [c5556e59b81e645e51f787b2a88797e8]
https://ssc.lazada.co.th [302] [GET] [] [] [Tengine/Aserver] [vhost] [Tengine] [d41d8cd98f00b204e9800998ecf8427e]
https://ssr-std.lazada.co.th [200] [GET] [application/json] [] [Tengine/Aserver] [vhost] [Tengine] [2accc21a6db24d5baefad8a762a8fc10]
https://static-file.lazada.co.th [400] [GET] [text/html] [Invalid URL] [AkamaiGHost] [1129d81ba7b1ba83a997914750c06ce2]
https://static-file.lazada.co.th [400] [GET] [text/html] [Invalid URL] [AkamaiGHost] [1140c1fe94201bc71070e0f546f8073b]
https://station.lazada.co.th [200] [GET] [application/octet-stream] [Home] [Tengine/Aserver] [vhost] [Bootstrap,Font Awesome,Tengine] [86ce98ce03a4646d1f71b1e94f4afad2]
https://store.lazada.co.th [302] [GET] [text/html] [302 Found] [Tengine/Aserver] [vhost] [Tengine] [ca862016d6c92c0e14232962898c3e79]
https://sug.lazada.co.th [200] [GET] [text/html] [] [Tengine/Aserver] [vhost] [Tengine] [cde86c8fc9569b17c1c487944842e81c]
https://survey.lazada.co.th [200] [GET] [text/html] [] [Tengine/Aserver] [vhost] [Tengine] [d18a32421354fde7c538346c421ca1ef]
https://taobao.lazada.co.th [200] [GET] [text/html] [Taobao คอลเลคชั่น] [Tengine/Aserver] [vhost] [Tengine] [2b998ac15f1664b728cc2a368b775c41]
https://taobao.lazada.co.th [200] [GET] [text/html] [Taobao คอลเลคชั่น] [Tengine/Aserver] [vhost] [Tengine] [ffac6ebc8d5a9384f38ebcbc8e220a80]
https://th.locker.lazada.co.th [200] [GET] [text/html] [Lazada - Digital Delivery Center] [Apache-Coyote/1.1] [vhost] [incapsula] [Apache Tomcat,Imperva,Java] [5240e353744b0f1cf937d8d957908e43]
https://th.locker.lazada.co.th [200] [GET] [text/html] [Lazada - Digital Delivery Center] [Apache-Coyote/1.1] [vhost] [incapsula] [Apache Tomcat,Imperva,Java] [ec50075d54155beab425b39588bf9bfb]
https://u.lazada.co.th [302] [GET] [text/html] [302 Found] [Tengine/Aserver] [vhost] [Tengine] [ca862016d6c92c0e14232962898c3e79]
https://uapi-xspace.lazada.co.th [302] [GET] [text/html] [302 Found] [Tengine/Aserver] [vhost] [Tengine] [ca862016d6c92c0e14232962898c3e79]
https://union.lazada.co.th [200] [GET] [text/html] [Lazada.co.th - EPIC 10th Birthday Sale ช้อปสนุกสุขเต็มสิบ เซลใหญ่วันเกิด 10 ปี] [Tengine/Aserver] [vhost] [Tengine] [265a84c62c416d1cdd67a02a43c08b68]
https://union.lazada.co.th [200] [GET] [text/html] [Lazada.co.th - EPIC 10th Birthday Sale ช้อปสนุกสุขเต็มสิบ เซลใหญ่วันเกิด 10 ปี] [Tengine/Aserver] [vhost] [Tengine] [886563ace9ba8024fc430ffa4cbaf1e7]
https://university.lazada.co.th [200] [GET] [text/html] [Lazada University] [Tengine/Aserver] [vhost] [Tengine] [61c157cbded013da53443cbea9607ab7]
https://university.lazada.co.th [200] [GET] [text/html] [Lazada University] [Tengine/Aserver] [vhost] [Tengine] [edc89b2c0cf3c36bb56115b3eecac3b0]
https://wallet.lazada.co.th [302] [GET] [text/html] [302 Found] [Tengine/Aserver] [vhost] [Tengine] [ca862016d6c92c0e14232962898c3e79]
https://www.lazada.co.th [200] [GET] [text/html] [Lazada.co.th - EPIC 10th Birthday Sale ช้อปสนุกสุขเต็มสิบ เซลใหญ่วันเกิด 10 ปี] [Tengine/Aserver] [vhost] [Tengine] [bd14d08bc4a720301d4e1d6846557c59]
https://www.lazada.co.th [200] [GET] [text/html] [Lazada.co.th - Online Shopping Lazada Mobiles Tablets Cosmetics] [Tengine/Aserver] [vhost] [Tengine] [cab6eabbe984c36a9398a98cb47fa729]
https://www.locker.lazada.co.th [200] [GET] [text/html] [] [Apache-Coyote/1.1] [vhost] [incapsula] [Apache Tomcat,Imperva,Java] [334bd784e45e228ef80a88653a391ab1]
https://www.locker.lazada.co.th [200] [GET] [text/html] [] [Apache-Coyote/1.1] [vhost] [incapsula] [Apache Tomcat,Imperva,Java] [b1b8cc3e761729d5428054d236c02dcc]
https://www.th.locker.lazada.co.th [200] [GET] [text/html] [] [Apache-Coyote/1.1] [vhost] [incapsula] [Apache Tomcat,Imperva,Java] [4fd85ffb996eab4288de99b7135e6413]
https://www.th.locker.lazada.co.th [200] [GET] [text/html] [] [Apache-Coyote/1.1] [vhost] [incapsula] [Apache Tomcat,Imperva,Java] [d0cae5413efdc34a2595098987ce7019]
https://xform.lazada.co.th [302] [GET] [text/html] [302 Found] [Tengine/Aserver] [vhost] [Tengine] [ca862016d6c92c0e14232962898c3e79]
https://zal.lazada.co.th [200] [GET] [text/html] [] [Tengine/Aserver] [Tengine] [35f2292408315d15973978aa821a83f3]
https://zal.lazada.co.th [200] [GET] [text/html] [] [Tengine/Aserver] [Tengine] [54b2baf38945ecbcb02a6f4216895c1b]
