http://api.sellercenter.lazada.com.my [301] [GET] [text/html] [301 Moved Permanently] [Tengine/Aserver] [Tengine] [c6eee52eb2f0b8d48f818d75278c08e8]
http://dmtrace.support.lazada.com.my [302] [GET] [text/html] [302 Found] [Tengine] [Tengine] [ca862016d6c92c0e14232962898c3e79]
http://least.lazada.com.my [301] [GET] [text/html] [301 Moved Permanently] [Tengine/Aserver] [Tengine] [c6eee52eb2f0b8d48f818d75278c08e8]
http://topup.lazada.com.my [301] [GET] [text/html] [301 Moved Permanently] [Tengine/Aserver] [Tengine] [c6eee52eb2f0b8d48f818d75278c08e8]
https://ab.lazada.com.my [404] [GET] [text/html] [] [Tengine/Aserver] [vhost] [Tengine] [5a2bce9d53f443761357fef4f5674ca7]
https://acs-m.lazada.com.my [403] [GET] [text/html] [403 Forbidden] [Tengine/Aserver] [vhost] [Tengine] [65e1160627e7aed204cbc8462e4c7ec6]
https://acs-m.lazada.com.my [403] [GET] [text/html] [403 Forbidden] [Tengine/Aserver] [vhost] [Tengine] [7017238606529a3610dea4b8de0593fc]
https://admin-m.lazada.com.my [404] [GET] [text/html] [404 Not Found] [Tengine/Aserver] [Tengine] [8ecb904b85334a0a89822cfc1933af59]
https://admin-m.lazada.com.my [404] [GET] [text/html] [404 Not Found] [Tengine/Aserver] [Tengine] [9e3af3b7562d99415a47d16e6046857a]
https://admin-p.lazada.com.my [200] [GET] [text/html] [] [Tengine/Aserver] [Tengine] [8e51c1e783453454421b04e3602cd7b1]
https://admin-p.lazada.com.my [200] [GET] [text/html] [] [Tengine/Aserver] [Tengine] [ad249053aae9b56e5ca990d321f52b09]
https://admin-staging.education.lazada.com.my [302] [GET] [text/html] [302 Found] [Tengine/Aserver] [Tengine] [43276b3c9487605068688498af0acfab]
https://admin-staging.education.lazada.com.my [302] [GET] [text/html] [302 Found] [Tengine/Aserver] [vhost] [Tengine] [43276b3c9487605068688498af0acfab]
https://admin.education.lazada.com.my [302] [GET] [text/html] [302 Found] [Tengine/Aserver] [Tengine] [43276b3c9487605068688498af0acfab]
https://admin.education.lazada.com.my [302] [GET] [text/html] [302 Found] [Tengine/Aserver] [vhost] [Tengine] [43276b3c9487605068688498af0acfab]
https://admin.lazada.com.my [302] [GET] [text/html] [302 Found] [Tengine/Aserver] [Tengine] [43276b3c9487605068688498af0acfab]
https://admin.sellercenter.lazada.com.my [302] [GET] [text/html] [302 Found] [Tengine/Aserver] [vhost] [Tengine] [43276b3c9487605068688498af0acfab]
https://adsense.lazada.com.my [302] [GET] [] [] [Tengine/Aserver] [vhost] [Tengine] [d41d8cd98f00b204e9800998ecf8427e]
https://affiliate.lazada.com.my [200] [GET] [] [] [Tengine/Aserver] [vhost] [Tengine] [d41d8cd98f00b204e9800998ecf8427e]
https://ali.lazada.com.my [200] [GET] [text/html] [Lazada.com.my: Best Online Shopping in Malaysia] [Tengine/Aserver] [vhost] [Tengine] [023093d7f3e5dcdc78ce98ba20b72908]
https://api-pre.lazada.com.my [200] [GET] [text/html] [] [Tengine/Aserver] [Tengine] [70553f224dd8e31ea8af1e3fbd5f081b]
https://api-pre.lazada.com.my [200] [GET] [text/html] [] [Tengine/Aserver] [Tengine] [d5e40464a524cba2b837db8ee1801a0c]
https://api-xspace.lazada.com.my [302] [GET] [text/html] [302 Found] [Tengine/Aserver] [vhost] [Tengine] [ca862016d6c92c0e14232962898c3e79]
https://asc-hub.lazada.com.my [404] [GET] [text/html] [404 Not Found] [Tengine/Aserver] [Tengine] [53340511fa2bf48ca73acbf13f336542]
https://asc-hub.lazada.com.my [404] [GET] [text/html] [404 Not Found] [Tengine/Aserver] [Tengine] [76a35d643a697121545e613d34fee958]
https://ba-buyer-staging.lazada.com.my [200] [GET] [text/html] [] [Tengine/Aserver] [Tengine] [958e17502ded6ba56568641e9ea4e630]
https://ba-buyer-staging.lazada.com.my [200] [GET] [text/html] [] [Tengine/Aserver] [Tengine] [e18f954d279041a9d62b3a858bf56a84]
https://ba-buyer.lazada.com.my [200] [GET] [text/plain] [] [Tengine/Aserver] [vhost] [Tengine] [8c02547a8a3b02382bac3557bcb2280d]
https://c.lazada.com.my [302] [GET] [text/html] [302 Found] [Tengine/Aserver] [vhost] [Tengine] [ca862016d6c92c0e14232962898c3e79]
https://cart-m.lazada.com.my [404] [GET] [text/html] [] [Tengine/Aserver] [vhost] [Tengine] [357c171a118b41bcc4775403070a006e]
https://cart-p.lazada.com.my [200] [GET] [text/html] [] [Tengine/Aserver] [Tengine] [0702bbd5e943e3cdeb70c31241049aec]
https://cart-p.lazada.com.my [200] [GET] [text/html] [] [Tengine/Aserver] [Tengine] [98e9b5d7e63c66191ef1ed542157b9e8]
https://cb-customs.lazada.com.my [404] [GET] [text/html] [404 Not Found] [Tengine/Aserver] [Tengine] [512745475e6e6a22dea498ff1b72516b]
https://cb-customs.lazada.com.my [404] [GET] [text/html] [404 Not Found] [Tengine/Aserver] [Tengine] [cc207d1a8c3d9b8d2f120f255a075f31]
https://checkout-m.lazada.com.my [404] [GET] [text/html] [] [Tengine/Aserver] [vhost] [Tengine] [bae5ed21668e8ebad9c86e603fa74053]
https://checkout-p.lazada.com.my [200] [GET] [text/html] [] [Tengine/Aserver] [Tengine] [8d3a5fbdeadae6900443381d4dfbc8d2]
https://checkout-p.lazada.com.my [200] [GET] [text/html] [] [Tengine/Aserver] [Tengine] [a9d2dd5d06a2a31858ffba5aff465f9d]
https://checkout.lazada.com.my [302] [GET] [text/html] [302 Found] [Tengine/Aserver] [vhost] [Tengine] [ca862016d6c92c0e14232962898c3e79]
https://connected.lazada.com.my [200] [GET] [] [] [Tengine/Aserver] [vhost] [Tengine] [78fc92d25e3406b478c7883fcfed0fbd]
https://creative.lazada.com.my [200] [GET] [text/plain] [Content Platform] [Tengine/Aserver] [vhost] [Java,Spring,Tengine] [2ea1bcc73b903231308efe03d2eefa64]
https://crossborder.lazada.com.my [302] [GET] [] [] [Tengine/Aserver] [vhost] [Tengine] [d41d8cd98f00b204e9800998ecf8427e]
https://cs.lazada.com.my [200] [GET] [text/html] [] [Tengine/Aserver] [vhost] [Tengine] [7cc5a527b3a32104c2120222386976a8]
https://cs.lazada.com.my [200] [GET] [text/html] [] [Tengine/Aserver] [vhost] [Tengine] [bc756e0cb78977cbddfc7817b8fd7e06]
https://datafeeds.lazada.com.my [404] [GET] [application/json] [] [Tengine/Aserver] [vhost] [Tengine] [3a8f6f288c37ebd0aa7d64fa7d8b4fd9]
https://datafeeds.lazada.com.my [404] [GET] [application/json] [] [Tengine/Aserver] [vhost] [Tengine] [ca128f44a387c3799ea4838835beb3d1]
https://digital.lazada.com.my [400] [GET] [text/html] [Invalid URL] [AkamaiGHost] [1f9e013c723f840d6770f1f47c630c13]
https://digital.lazada.com.my [400] [GET] [text/html] [Invalid URL] [AkamaiGHost] [d8017f9941a8cd755576e21a5c65a585]
https://eco-acc.lazada.com.my [404] [GET] [text/html] [404 Not Found] [Tengine/Aserver] [Tengine] [108ac03d80d8dd7487acac49bcebb46c]
https://eco-acc.lazada.com.my [404] [GET] [text/html] [404 Not Found] [Tengine/Aserver] [Tengine] [21ed71ccc95006d6c06b1709c5667e6f]
https://eco-device.lazada.com.my [404] [GET] [text/html] [404 Not Found] [Tengine/Aserver] [Tengine] [6ece7502bdf6a3192c8aafbc45523c5a]
https://eco-device.lazada.com.my [404] [GET] [text/html] [404 Not Found] [Tengine/Aserver] [Tengine] [c3f3bbb8cfc3af477ac0edb5c64c0e1c]
https://eco.lazada.com.my [404] [GET] [text/html] [404 Not Found] [Tengine/Aserver] [Tengine] [13f63808f54668c3190c3bb61b93bde2]
https://eco.lazada.com.my [404] [GET] [text/html] [404 Not Found] [Tengine/Aserver] [Tengine] [5fdc814c18b6d807a15b2eafd5a00ab6]
https://education.lazada.com.my [200] [GET] [text/html] [Lazada University] [Tengine/Aserver] [vhost] [Tengine] [035d264bfa7bee2dc8449c4eccd3c790]
https://education.lazada.com.my [200] [GET] [text/html] [Lazada University] [Tengine/Aserver] [vhost] [Tengine] [4263900ce74f52264647887bd56bb1bb]
https://email.lazada.com.my [403] [GET] [text/html] [403 Forbidden] [Apache] [Apache] [0152ed695f4291488741d98ba066d280]
https://enterpriseenrollment.lazada.com.my [302] [GET] [] [] [Microsoft-IIS/10.0] [azure] [IIS,Microsoft ASP.NET,Windows Server] [d41d8cd98f00b204e9800998ecf8427e]
https://enterpriseregistration.lazada.com.my [404] [GET] [text/html] [Service] [] [azure] [17654c28a506596d05424ea295203bac]
https://er-p.lazada.com.my [200] [GET] [text/html] [ER] [Tengine] [vhost] [Tengine] [1c5042579b1ee71d312dbf049adc2477]
https://er-search.lazada.com.my [403] [GET] [application/xml] [] [Tengine] [vhost] [Tengine] [54be34dbb94f9a6d81849c998e699f7c]
https://er.lazada.com.my [200] [GET] [text/html] [ER] [Tengine] [vhost] [Tengine] [1c5042579b1ee71d312dbf049adc2477]
https://filebroker-cdn.lazada.com.my [200] [GET] [application/octet-stream] [] [Tengine] [vhost] [Tengine] [0cc175b9c0f1b6a831c399e269772661]
https://filebroker-staging.lazada.com.my [200] [GET] [text/html] [] [Tengine/Aserver] [Tengine] [5ed69ca71063a6d4b53c5504c7426d1a]
https://filebroker-staging.lazada.com.my [200] [GET] [text/html] [] [Tengine/Aserver] [Tengine] [d04fb14912d694938b43d6499f56fc7e]
https://filebroker.lazada.com.my [200] [GET] [text/plain] [] [Tengine/Aserver] [vhost] [Tengine] [5058f1af8388633f609cadb75a75dc9d]
https://gmcp.lazada.com.my [200] [GET] [text/html] [Global Media Creative Platform] [Tengine/Aserver] [vhost] [Tengine] [e6833978a8ab5e0263c2cd4069dcb08b]
https://h5-alimebot.lazada.com.my [200] [GET] [application/json] [] [Tengine/Aserver] [vhost] [Java,Spring,Tengine] [e2a98308e7869828e561710d44a1be08]
https://ho.lazada.com.my [404] [GET] [] [] [nginx] [Nginx] [d41d8cd98f00b204e9800998ecf8427e]
https://i.lazada.com.my [200] [GET] [text/html] [Lazada.com.my: Best Online Shopping in Malaysia] [Tengine] [vhost] [Tengine] [7351d65aa4d0d1922f083b7d993e8be1]
https://ifs.lazada.com.my [200] [GET] [text/html] [] [Tengine/Aserver] [vhost] [Java,Spring,Tengine] [2dac332fe409189ea9eb1753104ce60e]
https://ifs.lazada.com.my [200] [GET] [text/html] [] [Tengine/Aserver] [vhost] [Java,Spring,Tengine] [3f174ebe3142b503623666c28d114a9d]
https://jmacs-m.lazada.com.my [403] [GET] [text/html] [403 Forbidden] [Tengine/Aserver] [Tengine] [11e9531addf61b211b2306f51f0db288]
https://ju.lazada.com.my [302] [GET] [image/gif] [] [] [vhost] [ad4b0f606e0f8465bc4c4c170b37e1a3]
https://lazada.com.my [301] [GET] [text/html] [301 Moved Permanently] [Tengine/Aserver] [vhost] [Tengine] [67194376ec810b1466000b45b043ab94]
https://lighthouse.lazada.com.my [200] [GET] [text/html] [Lighthouse] [Tengine/Aserver] [vhost] [Java,Spring,Tengine] [af9ce828860269db80d99abb3412836b]
https://lighthouse.lazada.com.my [200] [GET] [text/html] [Lighthouse] [Tengine/Aserver] [vhost] [Java,Spring,Tengine] [bee0ef1650971fd46c89155264dd8b2f]
https://locker.lazada.com.my [200] [GET] [text/html] [Lazada - Digital Delivery Center] [Apache-Coyote/1.1] [vhost] [incapsula] [Apache Tomcat,Imperva,Java] [cd062f2f5ac9818f840ef7e15b7a6451]
https://locker.lazada.com.my [200] [GET] [text/html] [Lazada - Digital Delivery Center] [Apache-Coyote/1.1] [vhost] [incapsula] [Apache Tomcat,Imperva,Java] [dc2181d7d069d7e141a1ec44372f5969]
https://login.sellercenter.lazada.com.my [302] [GET] [text/html] [302 Found] [Tengine/Aserver] [vhost] [Tengine] [ca862016d6c92c0e14232962898c3e79]
https://m.lazada.com.my [200] [GET] [text/html] [Lazada.com.my: Best Online Shopping in Malaysia] [Tengine] [vhost] [Tengine] [b37589c23bfd65e0aebaf41187f875d5]
https://m.lazada.com.my [301] [GET] [] [] [Tengine] [vhost] [Tengine] [c1672b641f87a9cde48e9120d2a11e85]
https://m.sellercenter.lazada.com.my [302] [GET] [] [] [Tengine/Aserver] [vhost] [Tengine] [d41d8cd98f00b204e9800998ecf8427e]
https://media.lazada.com.my [404] [GET] [text/html] [404 Not Found] [Tengine/Aserver] [Tengine] [364618a44addbfad63138ce3781c6bdf]
https://media.lazada.com.my [404] [GET] [text/html] [404 Not Found] [Tengine/Aserver] [Tengine] [aa4dfcd20155d962b4acabb8550290e4]
https://member-m.lazada.com.my [302] [GET] [text/html] [302 Found] [Tengine/Aserver] [vhost] [Tengine] [ca862016d6c92c0e14232962898c3e79]
https://member-p.lazada.com.my [200] [GET] [text/html] [] [Tengine/Aserver] [Tengine] [28b76bb27ec4e2f879eb490a333371ba]
https://member-p.lazada.com.my [200] [GET] [text/html] [] [Tengine/Aserver] [Tengine] [ce2991f35fd05d47444ac345e6a93ee1]
https://member.lazada.com.my [302] [GET] [text/html] [302 Found] [Tengine/Aserver] [vhost] [Tengine] [ca862016d6c92c0e14232962898c3e79]
https://ms.adsense.lazada.com.my [302] [GET] [] [] [Tengine/Aserver] [vhost] [Tengine] [d41d8cd98f00b204e9800998ecf8427e]
https://ms.locker.lazada.com.my [200] [GET] [text/html] [Lazada - Digital Delivery Center] [Apache-Coyote/1.1] [vhost] [incapsula] [Apache Tomcat,Imperva,Java] [2229fbb51e018616f04b9e9a9a6820e7]
https://ms.locker.lazada.com.my [200] [GET] [text/html] [Lazada - Digital Delivery Center] [Apache-Coyote/1.1] [vhost] [incapsula] [Apache Tomcat,Imperva,Java] [96a8f1239e11f8a87a9eb871ee50de19]
https://msgacs-m.lazada.com.my [403] [GET] [text/html] [403 Forbidden] [Tengine/Aserver] [Tengine] [a2e59da62ecd85f4ddffaf5d18d42eba]
https://msgx-space.lazada.com.my [302] [GET] [text/html] [302 Found] [Tengine/Aserver] [vhost] [Tengine] [ca862016d6c92c0e14232962898c3e79]
https://msoid.lazada.com.my [302] [GET] [text/html] [Object moved] [] [vhost] [azure] [67dc47621d0dca9dc8d849ee26494c3b]
https://my-m.lazada.com.my [404] [GET] [text/html] [] [Tengine/Aserver] [vhost] [Tengine] [260bdf052c40e92b4c5e7f00a2e93d09]
https://my-p.lazada.com.my [200] [GET] [text/html] [] [Tengine/Aserver] [Tengine] [136868ac856417d6575422f4c03bcc63]
https://my-p.lazada.com.my [200] [GET] [text/html] [] [Tengine/Aserver] [Tengine] [4a1e541f0838b2f18c1326b226c43ba6]
https://my.lazada.com.my [302] [GET] [text/html] [302 Found] [Tengine/Aserver] [vhost] [Tengine] [ca862016d6c92c0e14232962898c3e79]
https://nest.sellercenter.lazada.com.my [302] [GET] [text/html] [] [Tengine/Aserver] [vhost] [Tengine] [1e07be36874e8f15a647cc49775fa53e]
https://open.lazada.com.my [404] [GET] [text/html] [404 Not Found] [Tengine/Aserver] [Tengine] [241452f9142fd7876975d212be59388a]
https://open.lazada.com.my [404] [GET] [text/html] [404 Not Found] [Tengine/Aserver] [Tengine] [a00fc3f07369286606fb7e2bcb90c1fa]
https://openapi.lazada.com.my [404] [GET] [text/html] [404 Not Found] [Tengine/Aserver] [Tengine] [6e7d3d65dbd0a8fbf75d9f74ee568afd]
https://openapi.lazada.com.my [404] [GET] [text/html] [404 Not Found] [Tengine/Aserver] [Tengine] [7182d3c83e3812818037247b07b99e26]
https://orders.lazada.com.my [403] [GET] [text/html] [403 Forbidden] [Apache] [Apache] [0152ed695f4291488741d98ba066d280]
https://pages.lazada.com.my [200] [GET] [text/html] [Lazada.com.my: Best Online Shopping in Malaysia] [Tengine/Aserver] [vhost] [Tengine] [b4958c524bda68212326f1794a5ed3b4]
https://pages.lazada.com.my [200] [GET] [text/html] [Lazada.com.my: Best Online Shopping in Malaysia] [Tengine/Aserver] [vhost] [Tengine] [eba702afa7a1d3f97a7e023b17d7a452]
https://pdp-beta.lazada.com.my [200] [GET] [text/html] [] [Tengine/Aserver] [vhost] [Bootstrap,Tengine] [b05beb65e7d82a8a17f2174d926e9bf4]
https://pdp-p.lazada.com.my [200] [GET] [text/html] [] [Tengine/Aserver] [Tengine] [2fb3466738bdc46624e6143607554e81]
https://pdp-p.lazada.com.my [200] [GET] [text/html] [] [Tengine/Aserver] [Tengine] [6df81e0ac5ffc9e552e890e96635b3f0]
https://pdp.lazada.com.my [200] [GET] [text/html] [] [Tengine/Aserver] [vhost] [Bootstrap,Tengine] [b05beb65e7d82a8a17f2174d926e9bf4]
https://pdpdesc-m.lazada.com.my [404] [GET] [application/json] [] [Tengine/Aserver] [vhost] [Java,Spring,Tengine] [1526195d8a38ab7e21524158e60f0e22]
https://pdpdesc-m.lazada.com.my [404] [GET] [application/json] [] [Tengine/Aserver] [vhost] [Java,Spring,Tengine] [38ab89e7312fc614ed0c6d27cec4002d]
https://pdpdesc-p.lazada.com.my [200] [GET] [text/html] [] [Tengine/Aserver] [Tengine] [7c0ad86ad60de4e1b29c1f46cae97a92]
https://pdpdesc-p.lazada.com.my [200] [GET] [text/html] [] [Tengine/Aserver] [Tengine] [f9e48ce5582811eb981217b8edf9296e]
https://pdpdesc.lazada.com.my [404] [GET] [text/html] [404 Not Found] [Tengine/Aserver] [Tengine] [6d157709e47893f8824ebcb14111f40e]
https://pdpdesc.lazada.com.my [404] [GET] [text/html] [404 Not Found] [Tengine/Aserver] [Tengine] [ec7a8d8e3014963f67f31d37008f2d7c]
https://pform.lazada.com.my [404] [GET] [text/html] [] [Tengine] [vhost] [Tengine] [5a2bce9d53f443761357fef4f5674ca7]
https://pre-adsense.lazada.com.my [200] [GET] [text/html] [] [Tengine/Aserver] [Tengine] [44408a41272fcb8e08828837187704dc]
https://pre-adsense.lazada.com.my [200] [GET] [text/html] [] [Tengine/Aserver] [Tengine] [e9825855613210b6f707ac3393484d71]
https://pre-c.lazada.com.my [200] [GET] [text/html] [] [Tengine/Aserver] [Tengine] [1857c9fdc9a481636d1a99bc0bd5fcc5]
https://pre-c.lazada.com.my [200] [GET] [text/html] [] [Tengine/Aserver] [Tengine] [297ad864e036792ade84dc74fcb819e4]
https://pre-connected.lazada.com.my [200] [GET] [text/html] [] [Tengine/Aserver] [Tengine] [b465e3d63e7b058590a0fdfd07c9e2cb]
https://pre-connected.lazada.com.my [200] [GET] [text/html] [] [Tengine/Aserver] [Tengine] [d1b95ae634ca43d2098cc4049223dc4f]
https://pre-gmcp.lazada.com.my [200] [GET] [text/html] [] [Tengine/Aserver] [Tengine] [521eec862191c8d2132aeec18901e5e2]
https://pre-gmcp.lazada.com.my [200] [GET] [text/html] [] [Tengine/Aserver] [Tengine] [ae67b62de53227f99c35e5c1f190c1cc]
https://pre-h5-alimebot.lazada.com.my [200] [GET] [text/html] [] [Tengine/Aserver] [Tengine] [2eb2b833f6e738cb5953919c807024c0]
https://pre-h5-alimebot.lazada.com.my [200] [GET] [text/html] [] [Tengine/Aserver] [Tengine] [3dee6a341fc6c889144f41d6f95d30c3]
https://pre-login-openaccount-sg94.lazada.com.my [200] [GET] [text/html] [] [Tengine/Aserver] [Tengine] [07ed6793bcfd541de586840796c03a61]
https://pre-login-openaccount-sg94.lazada.com.my [200] [GET] [text/html] [] [Tengine/Aserver] [Tengine] [6c94788ce17b550c7c3b7bc1fe5386e1]
https://pre-psc-alimebot.lazada.com.my [200] [GET] [text/html] [] [Tengine/Aserver] [Tengine] [170399235151b3c9901eca511e0448fa]
https://pre-psc-alimebot.lazada.com.my [200] [GET] [text/html] [] [Tengine/Aserver] [Tengine] [748754a316dec10d630dc48eaa5d9601]
https://pre-shop-alimebot.lazada.com.my [200] [GET] [text/html] [] [Tengine/Aserver] [Tengine] [7fa178357262c1559ed9dd6f1c593cd2]
https://pre-shop-alimebot.lazada.com.my [200] [GET] [text/html] [] [Tengine/Aserver] [Tengine] [a5126c201c123e097fb31d9c6d03ac5d]
https://pre-wallet.lazada.com.my [200] [GET] [text/html] [] [Tengine/Aserver] [Tengine] [63e9d1371b7a9b72b62b40503c77ea63]
https://pre-wallet.lazada.com.my [200] [GET] [text/html] [] [Tengine/Aserver] [Tengine] [725ae7343400f4dd59285ed4c1064173]
https://pre-xspace-social.lazada.com.my [200] [GET] [text/html] [] [Tengine/Aserver] [Tengine] [843ebc88a7f3a84cfdc95133011a07d0]
https://pre-xspace-social.lazada.com.my [200] [GET] [text/html] [] [Tengine/Aserver] [Tengine] [eb6f6b5e34fbe44424a474c6fb8f726a]
https://pre-xspace.lazada.com.my [200] [GET] [text/html] [] [Tengine/Aserver] [Tengine] [37cd5658b9cb5c71f603a7bc463663a8]
https://pre-xspace.lazada.com.my [200] [GET] [text/html] [] [Tengine/Aserver] [Tengine] [5d02383ec91c424304faabc03b6b8240]
https://psc-alimebot.lazada.com.my [302] [GET] [] [] [Tengine/Aserver] [vhost] [Tengine] [d41d8cd98f00b204e9800998ecf8427e]
https://rest.lazada.com.my [404] [GET] [text/html] [404 Not Found] [Tengine/Aserver] [Tengine] [a4ba5c2f2ba0da35ce1ff33debd3bc83]
https://rest.lazada.com.my [404] [GET] [text/html] [404 Not Found] [Tengine/Aserver] [Tengine] [e458b3329e8fecb8543084eec8b44d13]
https://s.lazada.com.my [302] [GET] [text/html] [302 Found] [Tengine/Aserver] [vhost] [Tengine] [bfac680f5601df0f5482fd08c8c970a7]
https://search-p.lazada.com.my [200] [GET] [text/html] [] [Tengine/Aserver] [Tengine] [3f9d23772775b3a5306b9db65c7a3d25]
https://search-p.lazada.com.my [200] [GET] [text/html] [] [Tengine/Aserver] [Tengine] [5036e39a807d0434dd41340afef0482c]
https://sellercenter-staging.lazada.com.my [200] [GET] [text/html] [] [Tengine/Aserver] [Tengine] [19beb1d5e50ad62a5e24226ed0216baa]
https://sellercenter-staging.lazada.com.my [200] [GET] [text/html] [] [Tengine/Aserver] [Tengine] [82f54eeb82dcb2b472efb83bb0af3347]
https://sellercenter.lazada.com.my [302] [GET] [] [] [Tengine/Aserver] [vhost] [Java,Tengine] [d41d8cd98f00b204e9800998ecf8427e]
https://shop-alimebot.lazada.com.my [200] [GET] [text/html] [alimebot] [Tengine/Aserver] [vhost] [Java,Spring,Tengine] [2ee0c47d974eff9e7d570770930e79f6]
https://shop-alimebot.lazada.com.my [200] [GET] [text/html] [alimebot] [Tengine/Aserver] [vhost] [Java,Spring,Tengine] [f6709dcb50476df4993d9947673e6d34]
https://social-xspace.lazada.com.my [302] [GET] [text/html] [302 Found] [Tengine/Aserver] [vhost] [Tengine] [ca862016d6c92c0e14232962898c3e79]
https://solution.lazada.com.my [302] [GET] [] [] [Tengine/Aserver] [vhost] [Tengine] [d41d8cd98f00b204e9800998ecf8427e]
https://ssc-staging.lazada.com.my [200] [GET] [text/html] [] [Tengine/Aserver] [Tengine] [787019286749b167cafb51dad180f9d1]
https://ssc-staging.lazada.com.my [200] [GET] [text/html] [] [Tengine/Aserver] [Tengine] [d6794e870cebf44c6aa77f962b55a877]
https://ssc.lazada.com.my [302] [GET] [] [] [Tengine/Aserver] [vhost] [Tengine] [d41d8cd98f00b204e9800998ecf8427e]
https://ssr-std.lazada.com.my [200] [GET] [application/json] [] [Tengine/Aserver] [vhost] [Tengine] [2accc21a6db24d5baefad8a762a8fc10]
https://station.lazada.com.my [200] [GET] [application/octet-stream] [Home Page] [Tengine/Aserver] [vhost] [Bootstrap,Font Awesome,Tengine] [15d0e4ccab7d02a834148ce6c49c3635]
https://store.lazada.com.my [302] [GET] [text/html] [302 Found] [Tengine/Aserver] [vhost] [Tengine] [ca862016d6c92c0e14232962898c3e79]
https://stp.lazada.com.my [302] [GET] [text/html] [302 Found] [Tengine/Aserver] [vhost] [Tengine] [ca862016d6c92c0e14232962898c3e79]
https://survey.lazada.com.my [200] [GET] [text/html] [] [Tengine/Aserver] [vhost] [Tengine] [07532b6081a3d2132f4cc3c16e819fda]
https://survey.lazada.com.my [200] [GET] [text/html] [] [Tengine/Aserver] [vhost] [Tengine] [68eb9fdf26ef1f8372b45945f8178533]
https://taobao.lazada.com.my [200] [GET] [text/html] [Taobao Collection] [Tengine/Aserver] [vhost] [Tengine] [16aaae14301d954d75e133bd650a946c]
https://taobao.lazada.com.my [200] [GET] [text/html] [Taobao Collection] [Tengine/Aserver] [vhost] [Tengine] [f2053d6655313b025724c998d40d40ae]
https://u.lazada.com.my [302] [GET] [text/html] [302 Found] [Tengine/Aserver] [vhost] [Tengine] [ca862016d6c92c0e14232962898c3e79]
https://uapi-xspace.lazada.com.my [302] [GET] [text/html] [302 Found] [Tengine/Aserver] [vhost] [Tengine] [ca862016d6c92c0e14232962898c3e79]
https://union.lazada.com.my [200] [GET] [text/html] [Lazada.com.my: Best Online Shopping in Malaysia] [Tengine/Aserver] [vhost] [Tengine] [023093d7f3e5dcdc78ce98ba20b72908]
https://union.lazada.com.my [200] [GET] [text/html] [Lazada.com.my: Best Online Shopping in Malaysia] [Tengine/Aserver] [vhost] [Tengine] [a0b931a063005864127d30c3d4920454]
https://university.lazada.com.my [200] [GET] [text/html] [Lazada University] [Tengine/Aserver] [vhost] [Tengine] [371231a657a342e33978d6b0ab98ff15]
https://university.lazada.com.my [200] [GET] [text/html] [Lazada University] [Tengine/Aserver] [vhost] [Tengine] [a3724496ec6df888e9b13d7a66869f51]
https://wallet.lazada.com.my [302] [GET] [text/html] [302 Found] [Tengine/Aserver] [vhost] [Tengine] [ca862016d6c92c0e14232962898c3e79]
https://webim.lazada.com.my [302] [GET] [text/html] [302 Found] [Tengine/Aserver] [vhost] [Tengine] [ca862016d6c92c0e14232962898c3e79]
https://www.lazada.com.my [200] [GET] [text/html] [Lazada.com.my: Best Online Shopping in Malaysia] [Tengine] [vhost] [Tengine] [0e87f021defe4cbce52ab6859b92e0b8]
https://www.lazada.com.my [200] [GET] [text/html] [Lazada.com.my: Best Online Shopping in Malaysia] [Tengine] [vhost] [Tengine] [eba702afa7a1d3f97a7e023b17d7a452]
https://www.locker.lazada.com.my [200] [GET] [text/html] [] [Apache-Coyote/1.1] [vhost] [incapsula] [Apache Tomcat,Imperva,Java] [9163900d5aa804cd235e2a7749ff3c64]
https://www.locker.lazada.com.my [200] [GET] [text/html] [] [Apache-Coyote/1.1] [vhost] [incapsula] [Apache Tomcat,Imperva,Java] [ae0f39130c17458d73843e525420741e]
https://www.ms.locker.lazada.com.my [200] [GET] [text/html] [] [Apache-Coyote/1.1] [vhost] [incapsula] [Apache Tomcat,Imperva,Java] [11bd33c619076540c742e03f9a49bf18]
https://www.ms.locker.lazada.com.my [200] [GET] [text/html] [] [Apache-Coyote/1.1] [vhost] [incapsula] [Apache Tomcat,Imperva,Java] [bb4f6cb8015139245d5d3c75b52ef9ea]
https://xform.lazada.com.my [302] [GET] [text/html] [302 Found] [Tengine/Aserver] [vhost] [Tengine] [ca862016d6c92c0e14232962898c3e79]
https://xspace.lazada.com.my [200] [GET] [text/html] [Agent Workbench] [Tengine/Aserver] [vhost] [Tengine] [9f07b347b65b9aabb9dd392146932f83]
https://xspace.lazada.com.my [200] [GET] [text/html] [Agent Workbench] [Tengine/Aserver] [vhost] [Tengine] [d77af6d9469a6ba4e015fda81ecfad94]
