https://airflow.limeinternal.com [302] [GET] [text/html] [Redirecting...] [cloudflare] [vhost] [cloudflare] [Cloudflare] [661995591b57c1e759703d1cab4cdb5d]
https://airflow-mwaa.limeinternal.com [302] [GET] [text/html] [Redirecting...] [cloudflare] [vhost] [cloudflare] [Cloudflare] [3cc140d34969fa39436714272aa23256]
https://common-airflow.limeinternal.com [530] [GET] [text/html] [Origin DNS error | common-airflow.limeinternal.com | Cloudflare] [cloudflare] [vhost] [cloudflare] [Cloudflare] [43f481a8db1508ee241af2be169bf971]
https://common-airflow.limeinternal.com [530] [GET] [text/html] [Origin DNS error | common-airflow.limeinternal.com | Cloudflare] [cloudflare] [vhost] [cloudflare] [Cloudflare] [448772e28724affa5bd212552e39ad3d]
https://data-entrypoint-api.limeinternal.com [200] [GET] [text/html] [] [cloudflare] [vhost] [cloudflare] [Cloudflare,Express,Node.js] [f0ef7081e1539ac00ef5b761b4fb01b3]
https://data-entrypoint-api-staging.limeinternal.com [200] [GET] [text/html] [] [cloudflare] [vhost] [cloudflare] [Cloudflare,Express,Node.js] [f0ef7081e1539ac00ef5b761b4fb01b3]
https://data.limeinternal.com [200] [GET] [text/html] [Lime Data Portal] [cloudflare] [vhost] [cloudflare] [Amazon Cloudfront,Amazon Web Services,Cloudflare] [e948f6fbd706a96d784c1bec1b3894ab]
https://data-staging.limeinternal.com [200] [GET] [text/html] [Lime Data Portal] [cloudflare] [vhost] [cloudflare] [Amazon Cloudfront,Amazon Web Services,Cloudflare] [4b27b9b2920209578c33551def61bd43]
https://golden-airflow.limeinternal.com [530] [GET] [text/html] [Origin DNS error | golden-airflow.limeinternal.com | Cloudflare] [cloudflare] [vhost] [cloudflare] [Cloudflare] [95dd548194e967adad3393478baf7dcf]
https://golden-airflow.limeinternal.com [530] [GET] [text/html] [Origin DNS error | golden-airflow.limeinternal.com | Cloudflare] [cloudflare] [vhost] [cloudflare] [Cloudflare] [c376e733adb63ac31751cca5b17e0595]
https://golden-airflow-mwaa.limeinternal.com [302] [GET] [text/html] [Redirecting...] [cloudflare] [vhost] [cloudflare] [Cloudflare] [3cc140d34969fa39436714272aa23256]
https://ml-flower.limeinternal.com [302] [GET] [] [] [cloudflare] [vhost] [cloudflare] [Cloudflare] [d41d8cd98f00b204e9800998ecf8427e]
https://ml-flower-staging.limeinternal.com [302] [GET] [] [] [cloudflare] [vhost] [cloudflare] [Cloudflare] [d41d8cd98f00b204e9800998ecf8427e]
https://ml.limeinternal.com [302] [GET] [] [] [cloudflare] [vhost] [cloudflare] [Cloudflare] [d41d8cd98f00b204e9800998ecf8427e]
https://mlp.limeinternal.com [302] [GET] [] [] [cloudflare] [vhost] [cloudflare] [Cloudflare] [d41d8cd98f00b204e9800998ecf8427e]
https://ml-staging.limeinternal.com [302] [GET] [] [] [cloudflare] [vhost] [cloudflare] [Cloudflare] [d41d8cd98f00b204e9800998ecf8427e]
https://orchard.limeinternal.com [200] [GET] [text/html] [Lime Orchard] [cloudflare] [vhost] [cloudflare] [Bootstrap,Cloudflare,Envoy,Ionicons] [46e0f04cef575d225ca0effefec222dd]
https://orchard-staging.limeinternal.com [200] [GET] [text/html] [Lime Orchard] [cloudflare] [vhost] [cloudflare] [Bootstrap,Cloudflare,Envoy,Ionicons] [46e0f04cef575d225ca0effefec222dd]
https://pmm.limeinternal.com [302] [GET] [] [] [cloudflare] [vhost] [cloudflare] [Cloudflare] [d41d8cd98f00b204e9800998ecf8427e]
https://sidewalk-data-collection.limeinternal.com [302] [GET] [] [] [cloudflare] [vhost] [cloudflare] [Cloudflare] [d41d8cd98f00b204e9800998ecf8427e]
https://tab.limeinternal.com [200] [GET] [text/html] [Browser Not Supported] [cloudflare] [vhost] [cloudflare] [Cloudflare] [53a9327463184dbdf6a6743d62247ed6]
https://tab.limeinternal.com [403] [GET] [text/plain] [] [cloudflare] [vhost] [cloudflare] [Cloudflare] [4f20b85ce5ebf225720e040314a7966a]
https://test.limeinternal.com [404] [GET] [] [] [cloudflare] [vhost] [cloudflare] [Cloudflare] [d41d8cd98f00b204e9800998ecf8427e]
