http://blog.clova.line.me:8080 [403] [GET] [text/plain] [] [cloudflare] [vhost] [Cloudflare,Cloudflare Network Error Logging] [c8750906ad1e689d41ab2a4e25d9864d]
http://cs-cb.clova.line.me:8080 [403] [GET] [text/plain] [] [cloudflare] [vhost] [Cloudflare,Cloudflare Network Error Logging] [c8750906ad1e689d41ab2a4e25d9864d]
http://cs-ocr.clova.line.me:8080 [403] [GET] [text/plain] [] [cloudflare] [vhost] [Cloudflare,Cloudflare Network Error Logging] [c8750906ad1e689d41ab2a4e25d9864d]
http://lb.clova.line.me:8080 [403] [GET] [text/plain] [] [cloudflare] [vhost] [Cloudflare,Cloudflare Network Error Logging] [c8750906ad1e689d41ab2a4e25d9864d]
https://access-auto.line.me [403] [GET] [text/html] [Access Denied] [AkamaiGHost] [vhost] [f75a37677bd3bea64c4059629f420fa1]
https://access.line.me [403] [GET] [text/html] [Access Denied] [AkamaiGHost] [vhost] [e163795ddd5df3ed79003630a2e5692c]
https://a.line.me [403] [GET] [text/html] [Access Denied] [AkamaiGHost] [vhost] [78185cf88358cbcc9357e477fc232fa1]
https://api.line.me [403] [GET] [text/html] [Access Denied] [AkamaiGHost] [vhost] [bad08fcdc59dfcc63d3df52043ead8c5]
https://api.today.line.me [403] [GET] [text/html] [Access Denied] [AkamaiGHost] [vhost] [87af5ebf5fb4f53443a5a59cb330ee09]
https://ask-lawyer-mag.line.me [200] [GET] [text/html] [LINE弁護士相談] [nginx] [vhost] [Nginx] [da7fc589e12d400079057a30c6e513f3]
https://baito-mag-ja.line.me [200] [GET] [text/html] [LINEバイト Magazine] [nginx] [vhost] [Nginx] [ad672c196cf5607e65ef71fad0e904e4]
https://blog.clova.line.me [403] [GET] [text/plain] [] [cloudflare] [vhost] [Cloudflare,Cloudflare Network Error Logging] [c8750906ad1e689d41ab2a4e25d9864d]
https://buy.line.me [403] [GET] [text/html] [Access Denied] [AkamaiGHost] [vhost] [75f856e292a0057cec542a232ad44d85]
https://campaign.line.me [403] [GET] [text/html] [Access Denied] [AkamaiGHost] [vhost] [11df951434282cd81ed44087494a0d31]
https://care-mag.line.me [200] [GET] [text/html] [トークCARE NEWS] [nginx] [vhost] [Nginx] [f88f4a020cc62d616460a464555f56c4]
https://creative.line.me [200] [GET] [text/html] [LINE CREATIVE] [VOS] [vhost] [cloudfront] [Amazon Cloudfront,Amazon Web Services,Gatsby,Google Font API,React,webpack] [167ec0ea758c807b669e9556ce9b0bfa]
https://cs-cb.clova.line.me [403] [GET] [text/plain] [] [cloudflare] [vhost] [Cloudflare,Cloudflare Network Error Logging] [c8750906ad1e689d41ab2a4e25d9864d]
https://cs-ocr.clova.line.me [403] [GET] [text/plain] [] [cloudflare] [vhost] [Cloudflare,Cloudflare Network Error Logging] [c8750906ad1e689d41ab2a4e25d9864d]
https://cube.line.me [403] [GET] [text/html] [Access Denied] [AkamaiGHost] [vhost] [ba145d81d2132ea19474a68595e9882f]
https://deals.line.me [403] [GET] [text/html] [Access Denied] [AkamaiGHost] [vhost] [ad6a15f66a5391b7dd646f4dd8fd4704]
https://design.line.me [403] [GET] [text/html] [Access Denied] [AkamaiGHost] [vhost] [7e74028a023ca0190f2196e2a780c0d0]
https://dev.blockchain.line.me [302] [GET] [] [] [AkamaiGHost] [vhost] [d41d8cd98f00b204e9800998ecf8427e]
https://event-web.line.me [403] [GET] [text/html] [Access Denied] [AkamaiGHost] [vhost] [7de2c19a3c23e3266577a3583c64792c]
https://fortune-mag-ja.line.me [200] [GET] [text/html] [LINE占い Magazine] [nginx] [vhost] [Nginx] [f1183516291a1157e08c17b160a592ba]
https://gift-blog-ja.line.me [200] [GET] [text/html] [LINEギフト公式ブログ] [nginx] [vhost] [Nginx] [f11dc077a6ea7388c9c8d511bff19bfe]
https://help2.line.me [403] [GET] [text/html] [Access Denied] [AkamaiGHost] [vhost] [08aec312732c175a5038d024db780c06]
https://help.line.me [403] [GET] [text/html] [Access Denied] [AkamaiGHost] [vhost] [90082f665b6ed309cc2c1c25c5e2f7da]
https://hoken-blog.line.me [200] [GET] [text/html] [LINEほけん 公式ブログ] [nginx] [vhost] [Nginx] [f10e95f4991c87243d61460f6dd64d39]
https://keep.line.me [403] [GET] [text/html] [Access Denied] [AkamaiGHost] [vhost] [7c07c2a3032ca292b0fb1113404a7def]
https://lan3rd.line.me [403] [GET] [text/html] [Access Denied] [AkamaiGHost] [vhost] [ceeb850188ce217be3acecd1fce4994b]
https://lb.clova.line.me:8443 [403] [GET] [text/plain] [] [cloudflare] [vhost] [Cloudflare,Cloudflare Network Error Logging] [c8750906ad1e689d41ab2a4e25d9864d]
https://lineit.line.me [403] [GET] [text/html] [Access Denied] [AkamaiGHost] [vhost] [33d474ae1a0230276bd3ffcf0e7df68c]
https://line.me [302] [GET] [text/html] [302 Found] [nginx] [Nginx] [cfbeaf604823f038b8b46f0ac862b98c]
https://linepay.line.me [403] [GET] [text/html] [Access Denied] [AkamaiGHost] [vhost] [b089aadb858a341cb17005bf5aadc660]
https://media.line.me [403] [GET] [text/html] [Access Denied] [AkamaiGHost] [vhost] [01bd40984b2ed94f51979417ea39f1c8]
https://melody.line.me [200] [GET] [text/html] [LINE MELODY] [VOS] [vhost] [cloudfront] [Amazon Cloudfront,Amazon Web Services,React] [650869af8f51517f77e251eb04d47143]
https://official-blog-cn.line.me [200] [GET] [text/html] [LINE 中国官方博客] [nginx] [vhost] [Nginx] [c6fb054a60e7f9df181eb6e4cbfb26e8]
https://official-blog-id.line.me [200] [GET] [text/html] [LINE Indonesia Official Blog] [nginx] [vhost] [Nginx] [983f088868e15e953b51fd013a3e4690]
https://official-blog-tw.line.me [200] [GET] [text/html] [LINE台灣 官方BLOG] [nginx] [vhost] [Nginx] [87bd16d9d7f3feee2e214b6e94ada3a5]
https://openchat.line.me [403] [GET] [text/html] [Access Denied] [AkamaiGHost] [vhost] [a366c923a3cc9294d64ef91548e454dd]
https://pod.game.line.me [403] [GET] [text/html] [Access Denied] [AkamaiGHost] [vhost] [d76dab1115fa44763c57371b2c3d55cf]
https://pod-payment.game.line.me [403] [GET] [text/html] [Access Denied] [AkamaiGHost] [vhost] [ebe1e0ec237fd760fa3ae518a7f426b1]
https://point-blog.line.me [200] [GET] [text/html] [【公式】LINEポイントまとめ] [nginx] [vhost] [Nginx] [d899c601a426a299d626fb3138918ba1]
https://rabbitlinepay-blog-th.line.me [200] [GET] [text/html] [Rabbit LINE Pay Blog] [nginx] [vhost] [Nginx] [82ee3edd80307bddb9ef7bac2ac89163]
https://reaction.line.me [403] [GET] [text/html] [Access Denied] [AkamaiGHost] [vhost] [9f765c246c1ca86f6ad4a48968371270]
https://scdn.line.me [403] [GET] [text/html] [Access Denied] [AkamaiGHost] [vhost] [9c29b3757231c68f9f9e2ba14d45ae8d]
https://search.line.me [403] [GET] [text/html] [Access Denied] [AkamaiGHost] [vhost] [2b18b4cfdd6eb911f58574181a0dd1f0]
https://shop.line.me [403] [GET] [text/html] [Access Denied] [AkamaiGHost] [vhost] [6e526042eab8da3e60ca6187c2b2323d]
https://social-plugins.line.me [403] [GET] [text/html] [Access Denied] [AkamaiGHost] [vhost] [c9a38e97c09dba0c892eee3801b78291]
https://square-api.line.me [403] [GET] [text/html] [Access Denied] [AkamaiGHost] [vhost] [d6a5be56fa934e9f40a1b2e64b8713ad]
https://terms2.line.me [403] [GET] [text/html] [Access Denied] [AkamaiGHost] [vhost] [5180cea6c621c12ffdce0a14be553740]
https://terms.line.me [403] [GET] [text/html] [Access Denied] [AkamaiGHost] [vhost] [502059e3408caf3d88380d9d003dac70]
https://themeshop.line.me [200] [GET] [text/html] [LINE Themeshop] [custom] [vhost] [cloudfront] [Amazon Cloudfront,Amazon Web Services] [05c58bf08477a896a72b1181ed7d18c5]
https://ticket.line.me [403] [GET] [text/html] [Access Denied] [AkamaiGHost] [vhost] [e9ee0a27035c94741868e791b66b0d68]
https://ticket-st.line.me [403] [GET] [text/html] [Access Denied] [AkamaiGHost] [vhost] [5d109bba3b29c1815a2c073de320066b]
https://timeline-creator.line.me [403] [GET] [text/html] [Access Denied] [AkamaiGHost] [vhost] [d70a32d26cff19fba23ddae5e0f2c969]
https://timeline.line.me [403] [GET] [text/html] [Access Denied] [AkamaiGHost] [vhost] [dbaab0a50eb1718278bb77b52764d819]
https://today.line.me [403] [GET] [text/html] [Access Denied] [AkamaiGHost] [vhost] [ba149134304db5eeaa81ac9ff03fe8da]
https://w.line.me [403] [GET] [text/html] [Access Denied] [AkamaiGHost] [vhost] [2496f78b7364c7e5ed5587cb37b054bc]
