http://cdn-lg-cn.line-apps.com [404] [GET] [text/html] [Not Found on Accelerator] [ATS/6.2.0] [Apache Traffic Server] [2fa9c0f01f6a17b5f639fe1a3a126335]
http://obs-cn-rc.line-apps.com [403] [GET] [text/html] [TestPage184] [Beaver] [da8a78ded7f8e431415279eb98035d1e]
http://obs-cn-rc.line-apps.com:8000 [200] [GET] [text/html] [Welcome to nginx!] [nginx/1.4.7] [Nginx] [e3eb0a1df437f3f97a64aca5952c8ea0]
https://bot-stickershop.line-apps.com [403] [GET] [text/html] [Access Denied] [AkamaiGHost] [vhost] [0690a4256353218513e8f543c6532bff]
https://bot-stickershop.line-apps.com [403] [GET] [text/html] [Access Denied] [AkamaiGHost] [vhost] [b9f58537165e87ba286fce3af1641008]
https://cdn-lg.line-apps.com [403] [GET] [text/html] [Access Denied] [AkamaiGHost] [vhost] [0ae16ea4a73854a2d1d7ace2c3183cb6]
https://cdn-lg.line-apps.com [403] [GET] [text/html] [Access Denied] [AkamaiGHost] [vhost] [84906f00cc417bb688f7b8e671574678]
https://cdn-obs.line-apps.com [403] [GET] [text/html] [Access Denied] [AkamaiGHost] [vhost] [bf48854247f3c619b5f45fa89ad3800c]
https://cdn-obs.line-apps.com [403] [GET] [text/html] [Access Denied] [AkamaiGHost] [vhost] [c6ae8b9c467f77ab129b4bcfcab8580f]
https://cdn-stf.line-apps.com [403] [GET] [text/html] [Access Denied] [AkamaiGHost] [vhost] [5d35d27f56f250d369dcdeb3822d2b30]
https://cdn-stf.line-apps.com [403] [GET] [text/html] [Access Denied] [AkamaiGHost] [vhost] [ca73c47cdaa6e267b68bd1f1f0e4e468]
https://cdn-stickershop.line-apps.com [403] [GET] [text/html] [Access Denied] [AkamaiGHost] [vhost] [67cc4d733b2d9e5bd7fa52010a0c2a36]
https://cdn-stickershop.line-apps.com [403] [GET] [text/html] [Access Denied] [AkamaiGHost] [vhost] [9362c40062799eff4f1ef48e7a0bc8cc]
https://cdn.line-apps.com [403] [GET] [text/html] [Access Denied] [AkamaiGHost] [vhost] [3525abb91599c852f222ac9bb3aa7e99]
https://cdn.line-apps.com [403] [GET] [text/html] [Access Denied] [AkamaiGHost] [vhost] [b3e67f139764c399611ddea3357c3714]
https://ch-news-beta.line-apps.com [403] [GET] [text/html] [Access Denied] [AkamaiGHost] [vhost] [12d0764646cd83aef834fdcff245f222]
https://ch-news-beta.line-apps.com [403] [GET] [text/html] [Access Denied] [AkamaiGHost] [vhost] [69da29588814297f0248e7de11604b25]
https://ch-news-cf.line-apps.com [403] [GET] [text/html] [ERROR: The request could not be satisfied] [CloudFront] [cloudfront] [Amazon Cloudfront,Amazon Web Services] [474b5d7e9a962e4a985ba041305e06bf]
https://ch-news-cf.line-apps.com [403] [GET] [text/html] [ERROR: The request could not be satisfied] [CloudFront] [cloudfront] [Amazon Cloudfront,Amazon Web Services] [a35255a0d0b2d2e809c842d6ab5a5e86]
https://ch-news.line-apps.com [403] [GET] [text/html] [Access Denied] [AkamaiGHost] [vhost] [1ad9a68af0e5d8d04396666a1d035aff]
https://ch-news.line-apps.com [403] [GET] [text/html] [Access Denied] [AkamaiGHost] [vhost] [bf80073b5ec6dac9d0f6c12b844923ba]
https://coupon.line-apps.com [403] [GET] [text/html] [Access Denied] [AkamaiGHost] [vhost] [983a13ca39eb9bd3ec05e25204eab6a6]
https://coupon.line-apps.com [403] [GET] [text/html] [Access Denied] [AkamaiGHost] [vhost] [d44278abc30b27ab5196dc076c9dfebb]
https://cwa-front.line-apps.com [403] [GET] [text/html] [Access Denied] [AkamaiGHost] [vhost] [37ddbe5251b094da919c62a0a0e06a0d]
https://cwa-front.line-apps.com [403] [GET] [text/html] [Access Denied] [AkamaiGHost] [vhost] [49016c3bcfdd38d577eb799ac8fb225b]
https://dev-gb-vod-linetv.line-apps.com [200] [GET] [text/html] [Welcome to nginx!] [nginx] [vhost] [Nginx] [e3eb0a1df437f3f97a64aca5952c8ea0]
https://ldblog-image-cdn.line-apps.com [403] [GET] [text/html] [403 Forbidden] [nginx] [vhost] [cloudfront] [Amazon Cloudfront,Amazon Web Services,Nginx] [9fe3cb2b7313dc79bb477bc8fde184a7]
https://ldblog-parts-cdn.line-apps.com [301] [GET] [text/html] [301 Moved Permanently] [nginx] [vhost] [cloudfront] [Amazon Cloudfront,Amazon Web Services,Nginx] [4f8e702cc244ec5d4de32740c0ecbd97]
https://lg-borne-ppp.line-apps.com [403] [GET] [text/html] [Access Denied] [AkamaiGHost] [vhost] [690520957de9a703fdcdce068574c1fe]
https://lg-borne-ppp.line-apps.com [403] [GET] [text/html] [Access Denied] [AkamaiGHost] [vhost] [ff18d5e26b7965e974f77e38486e7d47]
https://litmus.line-apps.com [403] [GET] [text/html] [Access Denied] [AkamaiGHost] [vhost] [e8a136e7520c0531ba05c6444aa9f288]
https://litmus.line-apps.com [403] [GET] [text/html] [Access Denied] [AkamaiGHost] [vhost] [fed81ce4861cec32dd06622c4f6bd515]
https://music-jp-dn.line-apps.com [403] [GET] [text/html] [] [] [vhost] [095afbf2f1f0e5be678f5dac5c54e717]
https://scdn.line-apps.com [403] [GET] [text/html] [Access Denied] [AkamaiGHost] [vhost] [03b85a97ed10109a45005ffe4952ea92]
https://scdn.line-apps.com [403] [GET] [text/html] [Access Denied] [AkamaiGHost] [vhost] [4417d96c8c955e1af4db48bdae530922]
https://sstatic-cbox.line-apps.com [403] [GET] [text/html] [] [nfront] [vhost] [d41d8cd98f00b204e9800998ecf8427e]
https://sstatic-linetv.line-apps.com [404] [GET] [] [] [] [vhost] [d41d8cd98f00b204e9800998ecf8427e]
https://ticket-api.line-apps.com [403] [GET] [text/html] [Access Denied] [AkamaiGHost] [vhost] [34bc0fa45dbecccee5117c4453b2852a]
https://ticket-api.line-apps.com [403] [GET] [text/html] [Access Denied] [AkamaiGHost] [vhost] [46c2b7efdeaadea56d3c7a009341f242]
https://tv-rmcnmv-pt.line-apps.com [503] [GET] [text/html] [Error] [AkamaiGHost] [vhost] [85c656d5fc199d66dd610d128c341bf5]
https://tv-rmcnmv-pt.line-apps.com [503] [GET] [text/html] [Error] [AkamaiGHost] [vhost] [c04c99735faa81e92dfbcfb8ed8ae813]
https://tv-rmcnmv.line-apps.com [503] [GET] [text/html] [Error] [AkamaiGHost] [vhost] [5a7787691417bf095e4e7c5dff41bb40]
https://tv-rmcnmv.line-apps.com [503] [GET] [text/html] [Error] [AkamaiGHost] [vhost] [77d2811cde421694e158d62c93e57ebf]
https://tv1-pt.line-apps.com [503] [GET] [text/html] [Error] [AkamaiGHost] [vhost] [47e0d75b6a6feb2365799676c7d5cca2]
https://tv1-pt.line-apps.com [503] [GET] [text/html] [Error] [AkamaiGHost] [vhost] [651fa642d4aa68149c9fb819f3d2de43]
https://tv2-pt.line-apps.com [503] [GET] [text/html] [Error] [AkamaiGHost] [vhost] [a681efaf8c7c88df040427e09087bdc3]
https://tv2-pt.line-apps.com [503] [GET] [text/html] [Error] [AkamaiGHost] [vhost] [c31b18aabd75c12a7d66dbc18db55e4b]
https://vdn-obs.line-apps.com [403] [GET] [text/html] [Access Denied] [AkamaiGHost] [vhost] [b0df6f6ff5397a1c32e40fd9f59cc0d9]
https://vdn-obs.line-apps.com [403] [GET] [text/html] [Access Denied] [AkamaiGHost] [vhost] [e37e331b54efc42cbeb87f31592156c1]
https://yuki-cdn.line-apps.com [403] [GET] [text/html] [403 Forbidden] [nginx] [vhost] [cloudfront] [Amazon Cloudfront,Amazon Web Services,Nginx] [4dec45889e09ec3ceb63fd65825d0f11]
https://yuki-cdn.line-apps.com [403] [GET] [text/html] [403 Forbidden] [nginx] [vhost] [cloudfront] [Amazon Cloudfront,Amazon Web Services,Nginx] [bc56979a0b381a791dd59713198a87fb]
