https://data.login.gov [200] [GET] [text/html] [Login.gov Reporting Dashboard] [] [vhost] [cloudfront] [Amazon Cloudfront,Amazon Web Services] [7dac4604abaa4de38ec073a6be4fd6aa]
https://design.login.gov [200] [GET] [text/html] [Overview | Login.gov Design System] [] [vhost] [cloudfront] [Amazon Cloudfront,Amazon Web Services] [c1653b6f110cf544ebdf8abfe0ab984c]
https://developer.login.gov [301] [GET] [text/html] [301 Moved Permanently] [] [vhost] [cloudfront] [Amazon Cloudfront,Amazon Web Services] [4f8e702cc244ec5d4de32740c0ecbd97]
https://developers.login.gov [200] [GET] [text/html] [Welcome to the Login.gov developer guide | Login.gov] [] [vhost] [cloudfront] [Amazon Cloudfront,Amazon Web Services] [431d010cffeacb3767ff1277b4e981db]
https://dm.login.gov [302] [GET] [text/html] [302 Found] [nginx] [vhost] [Nginx] [aff950cab4c0265e21d401db15f1026d]
https://handbook.login.gov [200] [GET] [text/html] [Login Handbook |            Login.gov handbook] [] [vhost] [cloudfront] [Amazon Cloudfront,Amazon Web Services] [938a737001b5d13b08f303c513de4d25]
https://idp.dm.login.gov [200] [GET] [text/html] [Welcome - Login.gov] [nginx + Phusion Passenger(R)] [vhost] [Ahoy,Nginx,Phusion Passenger,Ruby,Ruby on Rails] [6682668c152441fc26024ba153452e53]
https://idp.dm.login.gov [200] [GET] [text/html] [Welcome - Login.gov] [nginx + Phusion Passenger(R)] [vhost] [Ahoy,Nginx,Phusion Passenger,Ruby,Ruby on Rails] [d4bfd55b4b13c24e327906d5f92bbc34]
https://idp.staging.login.gov [200] [GET] [text/html] [Welcome - Login.gov] [nginx + Phusion Passenger(R)] [vhost] [Ahoy,Nginx,Phusion Passenger,Ruby,Ruby on Rails] [9d0703212e5f5613fd7168d8bdefef4c]
https://idp.staging.login.gov [200] [GET] [text/html] [Welcome - Login.gov] [nginx + Phusion Passenger(R)] [vhost] [Ahoy,Nginx,Phusion Passenger,Ruby,Ruby on Rails] [c2578df336ce749c01600213fd0da29a]
https://mta-sts.login.gov [403] [GET] [application/xml] [] [AmazonS3] [vhost] [cloudfront] [Amazon Cloudfront,Amazon S3,Amazon Web Services] [33ee4fb613bf6a4b537e99bbfc431d97]
https://mta-sts.login.gov [403] [GET] [application/xml] [] [AmazonS3] [vhost] [cloudfront] [Amazon Cloudfront,Amazon S3,Amazon Web Services] [92af8e4f82c5777d001c5b40282ab898]
https://partners.login.gov [200] [GET] [text/html] [Login.gov Partners | Login.gov Partners] [] [vhost] [cloudfront] [Amazon Cloudfront,Amazon Web Services] [5cbd5bf653dbbf3be1ef783f33141d8a]
https://public-reporting-data.dm.login.gov [403] [GET] [application/xml] [] [AmazonS3] [vhost] [cloudfront] [Amazon Cloudfront,Amazon S3,Amazon Web Services] [e1120650568056f4177caed4aa70326c]
https://public-reporting-data.staging.login.gov [403] [GET] [application/xml] [] [AmazonS3] [vhost] [cloudfront] [Amazon Cloudfront,Amazon S3,Amazon Web Services] [f0a30ce5195a1d87614578ee9364ab80]
https://secure.login.gov [200] [GET] [text/html] [Welcome - Login.gov] [nginx + Phusion Passenger(R)] [vhost] [Ahoy,Amazon ALB,Amazon Web Services,Nginx,Phusion Passenger,Ruby,Ruby on Rails] [bbe7254e21649edf511540abf035587c]
https://secure.login.gov [200] [GET] [text/html] [Welcome - Login.gov] [nginx + Phusion Passenger(R)] [vhost] [Ahoy,Amazon ALB,Amazon Web Services,Nginx,Phusion Passenger,Ruby,Ruby on Rails] [d403e141c7d4ff3c1a6a26d14e034917]
https://staging.login.gov [302] [GET] [text/html] [302 Found] [nginx] [vhost] [Nginx] [aff950cab4c0265e21d401db15f1026d]
https://static.idp.dm.login.gov [403] [GET] [application/xml] [] [AmazonS3] [vhost] [cloudfront] [Amazon Cloudfront,Amazon S3,Amazon Web Services] [e2acb19b78620d4865fdbc8cb8974865]
https://static.secure.login.gov [403] [GET] [application/xml] [] [AmazonS3] [vhost] [cloudfront] [Amazon Cloudfront,Amazon S3,Amazon Web Services] [a433341bf695d08a63f497e0a19962f2]
https://status.login.gov [200] [GET] [text/html] [login.gov Status] [] [vhost] [Atlassian Statuspage] [c139d144ec6ce1805fa4469d27729e7a]
https://www.login.gov [200] [GET] [text/html] [The public’s one account for government.  | Login.gov] [] [vhost] [cloudfront] [Amazon Cloudfront,Amazon Web Services,Google Tag Manager] [8fe4bde9c7eaf8c7e4c404a9b2fc8b43]
