http://autodiscover.luxuryretreats.com [301] [GET] [] [] [Microsoft-IIS/10.0] [vhost] [IIS,Microsoft ASP.NET,Windows Server] [d41d8cd98f00b204e9800998ecf8427e]
https://akamai.luxuryretreats.com [301] [GET] [] [] [AkamaiGHost] [vhost] [d41d8cd98f00b204e9800998ecf8427e]
https://akamai-staging.luxuryretreats.com [301] [GET] [] [] [AkamaiGHost] [vhost] [d41d8cd98f00b204e9800998ecf8427e]
https://blog.luxuryretreats.com [404] [GET] [text/html] [Site is not available] [UploadServer] [google] [Google Cloud,Google Cloud Storage] [06222bb7a635a39164087516ba1bf85c]
https://click.mail.luxuryretreats.com [403] [GET] [text/html] [403 - Forbidden: Access is denied.] [] [11ca4578cb026a23713aea6781b8ece3]
https://cloud.mail.luxuryretreats.com [403] [GET] [text/html] [403 - Forbidden: Access is denied.] [] [11ca4578cb026a23713aea6781b8ece3]
https://data.luxuryretreats.com [404] [GET] [text/html] [404 Not Found] [] [azure] [370e16c3b7dba286cff055f93b9a94d8]
https://enterpriseenrollment.luxuryretreats.com [302] [GET] [] [] [Microsoft-IIS/10.0] [azure] [IIS,Microsoft ASP.NET,Windows Server] [d41d8cd98f00b204e9800998ecf8427e]
https://es.luxuryretreats.com [301] [GET] [] [] [AkamaiGHost] [vhost] [d41d8cd98f00b204e9800998ecf8427e]
https://feature-branch.luxuryretreats.com [301] [GET] [] [] [AkamaiGHost] [vhost] [d41d8cd98f00b204e9800998ecf8427e]
https://fr.luxuryretreats.com [301] [GET] [] [] [AkamaiGHost] [vhost] [d41d8cd98f00b204e9800998ecf8427e]
https://holidayparty.luxuryretreats.com [404] [GET] [text/plain] [] [] [f9ae9006943e3a67b95ca4c6c733b6d4]
https://image.mail.luxuryretreats.com [403] [GET] [text/html] [Access Denied] [AkamaiGHost] [vhost] [47dfc64dec5606d66877ee39724389a6]
https://intranetone.luxuryretreats.com [404] [GET] [text/html] [Site is not available] [UploadServer] [google] [Google Cloud,Google Cloud Storage] [06222bb7a635a39164087516ba1bf85c]
https://luxuryretreats.com [301] [GET] [] [] [AkamaiGHost] [vhost] [d41d8cd98f00b204e9800998ecf8427e]
https://lyncdiscover.luxuryretreats.com [404] [GET] [application/json] [] [] [vhost] [373397b4ebf514ea3578818e90f5f9b6]
https://m.luxuryretreats.com [301] [GET] [] [] [AkamaiGHost] [vhost] [d41d8cd98f00b204e9800998ecf8427e]
https://msoid.luxuryretreats.com [302] [GET] [text/html] [Object moved] [] [vhost] [azure] [67dc47621d0dca9dc8d849ee26494c3b]
https://pages.mail.luxuryretreats.com [403] [GET] [text/html] [403 - Forbidden: Access is denied.] [] [11ca4578cb026a23713aea6781b8ece3]
https://tv.luxuryretreats.com [301] [GET] [] [] [AkamaiGHost] [vhost] [d41d8cd98f00b204e9800998ecf8427e]
https://view.mail.luxuryretreats.com [302] [GET] [text/html] [Object moved] [] [0b9ef0192b2022a0b94f012083714795]
https://webserver01.luxuryretreats.com [301] [GET] [] [] [AkamaiGHost] [vhost] [d41d8cd98f00b204e9800998ecf8427e]
https://www2.luxuryretreats.com [301] [GET] [] [] [AkamaiGHost] [vhost] [d41d8cd98f00b204e9800998ecf8427e]
https://www.luxuryretreats.com [301] [GET] [] [] [AkamaiGHost] [vhost] [d41d8cd98f00b204e9800998ecf8427e]
https://xxkey.luxuryretreats.com [301] [GET] [] [] [AkamaiGHost] [vhost] [d41d8cd98f00b204e9800998ecf8427e]
https://xx.luxuryretreats.com [301] [GET] [] [] [AkamaiGHost] [vhost] [d41d8cd98f00b204e9800998ecf8427e]
