http://blog.machinefi.com:2082 [403] [GET] [text/html] [Attention Required! | Cloudflare] [cloudflare] [vhost] [Cloudflare] [3d1bdff64821d01dcca5a9d7c18e7e44]
http://blog.machinefi.com:2086 [403] [GET] [text/html] [Attention Required! | Cloudflare] [cloudflare] [vhost] [Cloudflare] [a38fc6cf567196b5c66db67663b772ac]
http://blog.machinefi.com:2095 [403] [GET] [text/html] [Attention Required! | Cloudflare] [cloudflare] [vhost] [Cloudflare] [7709fdc604d0b54976aea2104634b50e]
http://blog.machinefi.com:8080 [403] [GET] [text/html] [Attention Required! | Cloudflare] [cloudflare] [vhost] [Cloudflare] [e326ca9df7c238c8a9aa61b23ef480b2]
http://blog.machinefi.com:8880 [403] [GET] [text/html] [Attention Required! | Cloudflare] [cloudflare] [vhost] [Cloudflare] [36e1b57108439c786b538da0fb6be71d]
http://demo.machinefi.com:2052 [403] [GET] [text/html] [Attention Required! | Cloudflare] [cloudflare] [vhost] [Cloudflare] [4553e064b8a8f30fa997d3b71e0d9f8d]
http://demo.machinefi.com:2082 [403] [GET] [text/html] [Attention Required! | Cloudflare] [cloudflare] [vhost] [Cloudflare] [b805fc667433be8690d797d9a42971ba]
http://demo.machinefi.com:2086 [403] [GET] [text/html] [Attention Required! | Cloudflare] [cloudflare] [vhost] [Cloudflare] [a58051c2bd13ff950c13842a14ff675d]
http://demo.machinefi.com:8080 [403] [GET] [text/html] [Attention Required! | Cloudflare] [cloudflare] [vhost] [Cloudflare] [fcbd4b58014e9d4b6bb23b99d381f0f0]
http://machinefi.com:2052 [403] [GET] [text/html] [Attention Required! | Cloudflare] [cloudflare] [vhost] [cloudflare] [Cloudflare] [9d4cba5c12644d518ac8e73887ced6bb]
http://machinefi.com:2082 [403] [GET] [text/html] [Attention Required! | Cloudflare] [cloudflare] [vhost] [cloudflare] [Cloudflare] [95e6d9e3fe57f133d5a34aa434b3741d]
http://machinefi.com:2086 [403] [GET] [text/html] [Attention Required! | Cloudflare] [cloudflare] [vhost] [cloudflare] [Cloudflare] [2e9b158506c37b7d803aa9da2e8a2afa]
http://machinefi.com:8880 [403] [GET] [text/html] [Attention Required! | Cloudflare] [cloudflare] [vhost] [cloudflare] [Cloudflare] [65c7c0319029db08b447feb6c0b84105]
http://portal.machinefi.com:2052 [403] [GET] [text/html] [Attention Required! | Cloudflare] [cloudflare] [vhost] [Cloudflare] [42aea79072f2dfa6641486f10b102346]
http://portal.machinefi.com:2082 [403] [GET] [text/html] [Attention Required! | Cloudflare] [cloudflare] [vhost] [Cloudflare] [6271fba6f3e46c1e6ad7e325db4639fd]
http://portal.machinefi.com:2086 [403] [GET] [text/html] [Attention Required! | Cloudflare] [cloudflare] [vhost] [Cloudflare] [0a05280def220940817ca8bea0f5d940]
http://portal.machinefi.com:8080 [403] [GET] [text/html] [Attention Required! | Cloudflare] [cloudflare] [vhost] [Cloudflare] [5f04c1624a2e8955b601b0277c91c5aa]
http://portal-testnet.machinefi.com:2082 [403] [GET] [text/html] [Attention Required! | Cloudflare] [cloudflare] [vhost] [Cloudflare] [92304782dd2c5699817d4201a984e57d]
http://portal-testnet.machinefi.com:2086 [403] [GET] [text/html] [Attention Required! | Cloudflare] [cloudflare] [vhost] [Cloudflare] [ff61e4f7ccd08ac777d9f52f9718178e]
http://portal-testnet.machinefi.com:2095 [403] [GET] [text/html] [Attention Required! | Cloudflare] [cloudflare] [vhost] [Cloudflare] [a9a36b95867a35c35c3436778f4979f6]
http://portal-testnet.machinefi.com:8080 [403] [GET] [text/html] [Attention Required! | Cloudflare] [cloudflare] [vhost] [Cloudflare] [4bee888d3da225539694ac85a216d1ea]
http://portal-testnet.machinefi.com:8880 [403] [GET] [text/html] [Attention Required! | Cloudflare] [cloudflare] [vhost] [Cloudflare] [33d39b45f366969765837082f76f3ab2]
https://blog.machinefi.com:2053 [403] [GET] [text/html] [Attention Required! | Cloudflare] [cloudflare] [vhost] [Cloudflare] [ea26b2c9e571524cd1a219155a8f8b9a]
https://blog.machinefi.com:2083 [403] [GET] [text/html] [Attention Required! | Cloudflare] [cloudflare] [vhost] [Cloudflare] [852cd3409642eda2aa5e2d7d5da14e8f]
https://blog.machinefi.com:2087 [403] [GET] [text/html] [Attention Required! | Cloudflare] [cloudflare] [vhost] [Cloudflare] [7002ba6d7ca023f9d3b9c2a8a87994e6]
https://blog.machinefi.com [404] [GET] [text/html] [Error] [cloudflare] [vhost] [Cloudflare,Express,Node.js] [da7da7d630292e7a2a7dda8ca87b3d39]
https://blog.machinefi.com:8443 [403] [GET] [text/html] [Attention Required! | Cloudflare] [cloudflare] [vhost] [Cloudflare] [6dffb485ab77d552ab3f49f26cfa340c]
https://demo.machinefi.com [200] [GET] [text/html] [MachineFi Portal] [cloudflare] [vhost] [Cloudflare,Google Font API] [d2146ff307ccca035e3dc42214eeed33]
https://demo.machinefi.com:2053 [403] [GET] [text/html] [Attention Required! | Cloudflare] [cloudflare] [vhost] [Cloudflare] [555ed32f863b58e7dc520c71cd86ab59]
https://demo.machinefi.com:2083 [403] [GET] [text/html] [Attention Required! | Cloudflare] [cloudflare] [vhost] [Cloudflare] [9b4b9539ccfcb16839048bff241a4ca4]
https://demo.machinefi.com:2087 [403] [GET] [text/html] [Attention Required! | Cloudflare] [cloudflare] [vhost] [Cloudflare] [22582afafc216dab53a7d2cbfe78cb9b]
https://demo.machinefi.com:8443 [403] [GET] [text/html] [Attention Required! | Cloudflare] [cloudflare] [vhost] [Cloudflare] [c04e6cb5b96f5e84e0d1bb558a26c4ea]
http://simulator.machinefi.com:2082 [403] [GET] [text/html] [Attention Required! | Cloudflare] [cloudflare] [vhost] [Cloudflare] [065567b6338274abb62fd28031daea1e]
http://simulator.machinefi.com:2086 [403] [GET] [text/html] [Attention Required! | Cloudflare] [cloudflare] [vhost] [Cloudflare] [2c464698cf3a148a9cd071a605c64102]
http://simulator.machinefi.com:2095 [403] [GET] [text/html] [Attention Required! | Cloudflare] [cloudflare] [vhost] [Cloudflare] [fe8a87f1b46670dd5ec10fcd812c4e0b]
http://simulator.machinefi.com:8080 [403] [GET] [text/html] [Attention Required! | Cloudflare] [cloudflare] [vhost] [Cloudflare] [a8e87744807a933c8eb6f9261896a4da]
http://simulator.machinefi.com:8880 [403] [GET] [text/html] [Attention Required! | Cloudflare] [cloudflare] [vhost] [Cloudflare] [5eff7d987066478f30a7f7c553a0f05f]
https://machinefi.com [200] [GET] [text/html] [Official Site of MachineFi Economy - Merging DEFI and Machines] [cloudflare] [vhost] [cloudflare] [Cloudflare,Google Font API,Google Tag Manager,React] [263de498c4e36d30aeec38b886145a96]
https://machinefi.com:2087 [403] [GET] [text/html] [Attention Required! | Cloudflare] [cloudflare] [vhost] [cloudflare] [Cloudflare] [7c64a0036d8209b09a610538fd958d78]
https://machinefi.com:8443 [403] [GET] [text/html] [Attention Required! | Cloudflare] [cloudflare] [vhost] [cloudflare] [Cloudflare] [775162d0b0a1db17fb625c8156e25584]
https://portal.machinefi.com [200] [GET] [text/html] [MachineFi Portal] [cloudflare] [vhost] [Cloudflare,Google Font API] [02ed0fb7b511e1c82045810530a527f6]
https://portal.machinefi.com:2053 [403] [GET] [text/html] [Attention Required! | Cloudflare] [cloudflare] [vhost] [Cloudflare] [1b1e1d699c02587a8015a704d2ae19ac]
https://portal.machinefi.com:2083 [403] [GET] [text/html] [Attention Required! | Cloudflare] [cloudflare] [vhost] [Cloudflare] [9b35e5156349f471ae5f1f43bf920265]
https://portal.machinefi.com:2087 [403] [GET] [text/html] [Attention Required! | Cloudflare] [cloudflare] [vhost] [Cloudflare] [b1a71d6edda7ac88cc7cde352862f5ee]
https://portal.machinefi.com:8443 [403] [GET] [text/html] [Attention Required! | Cloudflare] [cloudflare] [vhost] [Cloudflare] [d3e9b9a725ffff72c4d09e7fbe1aa559]
https://portal-testnet.machinefi.com [200] [GET] [text/html] [MachineFi Portal] [cloudflare] [vhost] [Cloudflare,Google Font API] [c43749028aacf370c9f4441a3d06f37d]
https://portal-testnet.machinefi.com:2053 [403] [GET] [text/html] [Attention Required! | Cloudflare] [cloudflare] [vhost] [Cloudflare] [e5a267a49bbb7f0e4cd3a1b9890f94d7]
https://portal-testnet.machinefi.com:2083 [403] [GET] [text/html] [Attention Required! | Cloudflare] [cloudflare] [vhost] [Cloudflare] [55b9be5695e97978e4ff0e9931d9a4dc]
https://portal-testnet.machinefi.com:2087 [403] [GET] [text/html] [Attention Required! | Cloudflare] [cloudflare] [vhost] [Cloudflare] [5661d9aa3abccbe17bbc248282eeb95a]
https://portal-testnet.machinefi.com:8443 [403] [GET] [text/html] [Attention Required! | Cloudflare] [cloudflare] [vhost] [Cloudflare] [10e20c9c6573d3e90b9a673b07386b85]
https://simulator.machinefi.com [200] [GET] [text/html] [IoTeX Machine Simulator] [cloudflare] [vhost] [Cloudflare] [e76567a29289a8fa72ac6b637a46f26a]
https://simulator.machinefi.com:2053 [403] [GET] [text/html] [Attention Required! | Cloudflare] [cloudflare] [vhost] [Cloudflare] [2009331af4df56ace65d18f727508ade]
https://simulator.machinefi.com:2083 [403] [GET] [text/html] [Attention Required! | Cloudflare] [cloudflare] [vhost] [Cloudflare] [394cfd5da048ecd3aff9328b3b9c4c7c]
https://simulator.machinefi.com:2087 [403] [GET] [text/html] [Attention Required! | Cloudflare] [cloudflare] [vhost] [Cloudflare] [b8ae671ed51ce8766448b10c6287f8ba]
https://simulator.machinefi.com:8443 [403] [GET] [text/html] [Attention Required! | Cloudflare] [cloudflare] [vhost] [Cloudflare] [99bb70fa0a3af95767d26350b54a79fa]
https://www.machinefi.com:2087 [403] [GET] [text/html] [Attention Required! | Cloudflare] [cloudflare] [vhost] [Cloudflare] [ac0fcc416103432f0ad853ec1574dc19]
https://www.machinefi.com [301] [GET] [text/html] [] [cloudflare] [vhost] [Cloudflare] [9c1dd5240eb192cfc837c623b31fd6e9]
https://www.machinefi.com:8443 [403] [GET] [text/html] [Attention Required! | Cloudflare] [cloudflare] [vhost] [Cloudflare] [d185009fec9fd896f7abdd539a258731]
http://www.machinefi.com:2082 [403] [GET] [text/html] [Attention Required! | Cloudflare] [cloudflare] [vhost] [Cloudflare] [b53adfa2ef75898b04de188d37bcc25b]
http://www.machinefi.com:8080 [403] [GET] [text/html] [Attention Required! | Cloudflare] [cloudflare] [vhost] [Cloudflare] [11501476cfd9ed9e4e05d5c359c4e8fc]
http://www.machinefi.com:8880 [403] [GET] [text/html] [Attention Required! | Cloudflare] [cloudflare] [vhost] [Cloudflare] [67ee7e76908b88843154541cb6292514]
