http://autodiscover.megatix.be [301] [GET] [] [] [Microsoft-IIS/10.0] [vhost] [IIS,Microsoft ASP.NET,Windows Server] [d41d8cd98f00b204e9800998ecf8427e]
https://bookingapi-kinepolis.megatix.be [403] [GET] [text/html] [Access Denied] [] [vhost] [583a880f4decad4196dc284c11536c92]
https://bookingapi-kinepolis.megatix.be [403] [GET] [text/html] [Access Denied] [] [vhost] [f63c7bd923f5c5c0106d7e1a70facfb3]
https://bookingapi.kinepolis.megatix.be [403] [GET] [text/html] [Access Denied] [] [vhost] [0b7d52d862c89b61de8403a0fda64d29]
https://bookingapi.kinepolis.megatix.be [403] [GET] [text/html] [Access Denied] [] [vhost] [c8e83b166885486b192ba7825f1845d1]
https://cera.megatix.be [403] [GET] [text/html] [Access Denied] [] [vhost] [43b1820bba7d0d771fc5e44a05664025]
https://cera.megatix.be [403] [GET] [text/html] [Access Denied] [] [vhost] [cabcc65c68c4ef0f46be3b99170107ac]
https://cms-kinepolis.megatix.be [403] [GET] [text/html] [Access Denied] [] [vhost] [285e7b6ddb1e06f3fbeff113523c0c27]
https://cms-kinepolis.megatix.be [403] [GET] [text/html] [Access Denied] [] [vhost] [6d28ea1b92dc8b3a9fe369548e1f61f4]
https://cms.kinepolis.megatix.be [403] [GET] [text/html] [Access Denied] [] [vhost] [0b03c908f26649d20dccb280ee6c74fb]
https://cms.kinepolis.megatix.be [403] [GET] [text/html] [Access Denied] [] [vhost] [18ae2ec15355eeb61f1992e552acd451]
https://enterpriseenrollment.megatix.be [302] [GET] [] [] [Microsoft-IIS/10.0] [azure] [IIS,Microsoft ASP.NET,Windows Server] [d41d8cd98f00b204e9800998ecf8427e]
https://enterpriseregistration.megatix.be [404] [GET] [text/html] [Service] [] [azure] [17654c28a506596d05424ea295203bac]
https://full.megatix.be [403] [GET] [text/html] [Access Denied] [] [vhost] [0c790e0b58a06be9f8e2684237caa1ea]
https://full.megatix.be [403] [GET] [text/html] [Access Denied] [] [vhost] [e0995e5d04935d2d4965b5d81cc095dc]
https://luxfilmfestfilms.megatix.be [404] [GET] [] [] [] [vhost] [d41d8cd98f00b204e9800998ecf8427e]
https://luxfilmfestpass.megatix.be [404] [GET] [text/html] [Not Found] [] [vhost] [67932d4b695e1d6b19dfc2e3610761ff]
https://luxfilmfestproducts.megatix.be [403] [GET] [text/html] [Access Denied] [] [vhost] [7cef028fb2708ae4aee9ed5e7b24958b]
https://luxfilmfestproducts.megatix.be [403] [GET] [text/html] [Access Denied] [] [vhost] [ce6a1d1909bc21396f8d878acb4ef51c]
https://luxfilmfesttickets.megatix.be [403] [GET] [text/html] [Access Denied] [] [vhost] [351bf92b65c35211a7ad06a0efad3085]
https://luxfilmfesttickets.megatix.be [403] [GET] [text/html] [Access Denied] [] [vhost] [5988a1806d8516da1b138e3caa8a5436]
https://lyncdiscover.megatix.be [404] [GET] [application/json] [] [] [vhost] [373397b4ebf514ea3578818e90f5f9b6]
https://movieapi-kinepolis.megatix.be [403] [GET] [text/html] [Access Denied] [] [vhost] [0f500097acfe8b53e6e29518a00eb902]
https://movieapi-kinepolis.megatix.be [403] [GET] [text/html] [Access Denied] [] [vhost] [1cd834e6d022353f043ae87699ec7eef]
https://movieapi.kinepolis.megatix.be [403] [GET] [text/html] [Access Denied] [] [vhost] [10a8af9363c01c9f6475e8969d21a013]
https://movieapi.kinepolis.megatix.be [403] [GET] [text/html] [Access Denied] [] [vhost] [a25f2c4cb84f2c56a08c8a7345f18769]
https://msoid.megatix.be [302] [GET] [text/html] [Object moved] [] [vhost] [azure] [67dc47621d0dca9dc8d849ee26494c3b]
https://prod-bookingapi-kinepolis.megatix.be [403] [GET] [text/html] [Access Denied] [] [vhost] [30466aa3b878d0e30a7e2b9269deff04]
https://prod-bookingapi-kinepolis.megatix.be [403] [GET] [text/html] [Access Denied] [] [vhost] [421adf3174a541f7e4a825a18f2f93c5]
https://prod-kinepolis.megatix.be [403] [GET] [text/html] [Access Denied] [] [vhost] [368ac5949a800a5aaf29d9282a0706be]
https://prod-kinepolis.megatix.be [403] [GET] [text/html] [Access Denied] [] [vhost] [b0ee7ed22b3591637aada07b95e58d91]
https://prod-klub.megatix.be [403] [GET] [text/html] [Access Denied] [] [vhost] [87e890c3d11f7a6c0d70df1dabba0894]
https://prod-klub.megatix.be [403] [GET] [text/html] [Access Denied] [] [vhost] [8de4627960ba6c683d1b880d9b943988]
https://prod-tmf.megatix.be [403] [GET] [text/html] [Access Denied] [] [vhost] [4e3fadf3c367b5e2a2086f19ff7522b3]
https://prod-tmf.megatix.be [403] [GET] [text/html] [Access Denied] [] [vhost] [eeb6386878703c348e3032ca45da12f5]
https://proximus.megatix.be [403] [GET] [text/html] [Access Denied] [] [vhost] [2124e7f16579ca6d066129a8b4311ca0]
https://proximus.megatix.be [403] [GET] [text/html] [Access Denied] [] [vhost] [2c1abbc1aeef30ce3bfc44771cc87036]
https://sip.megatix.be [404] [GET] [text/plain] [] [RTC/7.0] [563dcc5b42562b3786e459181888bfaa]
https://stage-bookingapi-kinepolis.megatix.be [403] [GET] [text/html] [Access Denied] [] [vhost] [08eb66e3f6b919c599abcab0c8d960ab]
https://stage-bookingapi-kinepolis.megatix.be [403] [GET] [text/html] [Access Denied] [] [vhost] [4b9a5c910b89dcc04cc03e3e856a77a1]
https://stage-kinepolis.megatix.be [403] [GET] [text/html] [] [] [vhost] [722969577a96ca3953e84e3d949dee81]
https://stage-klub.megatix.be [403] [GET] [text/html] [] [] [vhost] [722969577a96ca3953e84e3d949dee81]
https://stage-lmcmoviecard.megatix.be [403] [GET] [text/html] [Access Denied] [] [vhost] [66e1097b3072be357ed87101d81d692b]
https://stage-lmcmoviecard.megatix.be [403] [GET] [text/html] [Access Denied] [] [vhost] [ecd456102b64cb0e4ead3660be066af6]
https://stage-luxfilmfestfilms.megatix.be [404] [GET] [] [] [] [vhost] [IIS,Microsoft ASP.NET] [d41d8cd98f00b204e9800998ecf8427e]
https://stage-luxfilmfestproducts.megatix.be [403] [GET] [text/html] [Access Denied] [] [vhost] [150532766f5fb7333c028890f96dd936]
https://stage-luxfilmfestproducts.megatix.be [403] [GET] [text/html] [Access Denied] [] [vhost] [e17c4d1b493410d1b66dc8a784efb17b]
https://stage-luxfilmfesttickets.megatix.be [403] [GET] [text/html] [Access Denied] [] [vhost] [b2f6bab7d66d0f75bd897aab6e16aeb0]
https://stage-luxfilmfesttickets.megatix.be [403] [GET] [text/html] [Access Denied] [] [vhost] [cf65398e20ebb252773236fb8443b7f5]
https://stage-tmf.megatix.be [403] [GET] [text/html] [] [] [vhost] [722969577a96ca3953e84e3d949dee81]
https://stage.bookingapi.megatix.be [403] [GET] [text/html] [Access Denied] [] [vhost] [a3c8277f572749555d861efdd2a72f64]
https://stage.bookingapi.megatix.be [403] [GET] [text/html] [Access Denied] [] [vhost] [da98123b2d4c7643db4e1bb590200aa2]
https://stage.cms.megatix.be [403] [GET] [text/html] [Access Denied] [] [vhost] [4d76b3d443416dcd78019619987a6a86]
https://stage.cms.megatix.be [403] [GET] [text/html] [Access Denied] [] [vhost] [913786790550289891739a8713539754]
https://stage.kinepolis.megatix.be [403] [GET] [text/html] [] [] [vhost] [722969577a96ca3953e84e3d949dee81]
https://stage.movieapi.megatix.be [403] [GET] [text/html] [Access Denied] [] [vhost] [bdf25c877c4be8e9dd509151af9d6c1d]
https://stage.movieapi.megatix.be [403] [GET] [text/html] [Access Denied] [] [vhost] [c2da79c3fd846c0462db2b70604e6464]
https://stage.umbracoapi.megatix.be [403] [GET] [text/html] [Access Denied] [] [vhost] [6d1e9c5c3bc2b5bcbc7e92a9ae151899]
https://stage.umbracoapi.megatix.be [403] [GET] [text/html] [Access Denied] [] [vhost] [f75c29283c00da9bc0153a4045367f41]
https://stageadyen.megatix.be [403] [GET] [text/html] [Access Denied] [] [vhost] [4f1b1d97d931eb9b33c09e09362e6b3d]
https://stageadyen.megatix.be [403] [GET] [text/html] [Access Denied] [] [vhost] [db0d8f10c450e6e21fa8e04b1b90cb5b]
https://stagekineloyal.megatix.be [403] [GET] [text/html] [Access Denied] [] [vhost] [08371fbff63f3fe2a68324fc8afec600]
https://stagekineloyal.megatix.be [403] [GET] [text/html] [Access Denied] [] [vhost] [57509ec0cb0a73e790ba29eb38c1c60c]
https://umbracoapi-kinepolis.megatix.be [403] [GET] [text/html] [Access Denied] [] [vhost] [387a0cb79cfba6d9e5febe96902cb7b6]
https://umbracoapi-kinepolis.megatix.be [403] [GET] [text/html] [Access Denied] [] [vhost] [6ad7979a4130bd554d14a230be0c4f28]
https://umbracoapi.kinepolis.megatix.be [403] [GET] [text/html] [Access Denied] [] [vhost] [0eac616610489320ce65de8e52468305]
https://umbracoapi.kinepolis.megatix.be [403] [GET] [text/html] [Access Denied] [] [vhost] [1dd49a38c716f1cecfc6119ed2e49417]
