http://docs.moola.market:2082 [302] [GET] [] [] [cloudflare] [vhost] [cloudflare] [Cloudflare] [d41d8cd98f00b204e9800998ecf8427e]
http://docs.moola.market:2086 [302] [GET] [] [] [cloudflare] [vhost] [cloudflare] [Cloudflare] [d41d8cd98f00b204e9800998ecf8427e]
http://docs.moola.market:8080 [302] [GET] [] [] [cloudflare] [vhost] [cloudflare] [Cloudflare] [d41d8cd98f00b204e9800998ecf8427e]
http://docs.moola.market:8880 [302] [GET] [] [] [cloudflare] [vhost] [cloudflare] [Cloudflare] [d41d8cd98f00b204e9800998ecf8427e]
https://alfajores.moola.market [200] [GET] [text/html] [moola-app] [AmazonS3] [vhost] [cloudfront] [Amazon Cloudfront,Amazon S3,Amazon Web Services] [ff6c11359d83ce9012da2482c614c596]
https://app.moola.market [200] [GET] [text/html] [moola-app] [AmazonS3] [vhost] [cloudfront] [Amazon Cloudfront,Amazon S3,Amazon Web Services] [a9fab9447db180b8281f70314a3cf264]
https://app-v1.moola.market [200] [GET] [text/html] [moola-app] [AmazonS3] [vhost] [cloudfront] [Amazon Cloudfront,Amazon S3,Amazon Web Services] [4e7085bac3659cf9032425bfd0b6e992]
https://dev.moola.market [200] [GET] [text/html] [moola-app] [AmazonS3] [vhost] [cloudfront] [Amazon Cloudfront,Amazon S3,Amazon Web Services] [ed63616c678bda7e822b8dab10901d49]
https://docs.moola.market [200] [GET] [text/html] [Introduction - Moola Docs] [cloudflare] [vhost] [cloudflare] [Algolia,Cloudflare,Google Cloud,Google Cloud Trace,React] [3320f61763bb8c88028c9dc0f570511f]
https://docs.moola.market [200] [GET] [text/html] [Introduction - Moola Docs] [cloudflare] [vhost] [cloudflare] [Algolia,Cloudflare,Google Cloud,Google Cloud Trace,React] [ed0ca356ecd8ef6e0c33a86c01f3e33b]
https://docs.moola.market:2083 [200] [GET] [text/html] [Introduction - Moola Docs] [cloudflare] [vhost] [cloudflare] [Algolia,Cloudflare,Google Cloud,Google Cloud Trace,React] [a61e7532625bf8bb3a543c256dc2ab0a]
https://docs.moola.market:2087 [200] [GET] [text/html] [Introduction - Moola Docs] [cloudflare] [vhost] [cloudflare] [Algolia,Cloudflare,Google Cloud,Google Cloud Trace,React] [a8fd7fd46734ec14d17bac6ea74d1c7c]
https://docs.moola.market:8443 [200] [GET] [text/html] [Introduction - Moola Docs] [cloudflare] [vhost] [cloudflare] [Algolia,Cloudflare,Google Cloud,Google Cloud Trace,React] [552c10f22645c5e9f5c0ac3b5ebb55a3]
https://landing.alfajores.moola.market [200] [GET] [text/html] [Moola] [AmazonS3] [vhost] [cloudfront] [Amazon Cloudfront,Amazon S3,Amazon Web Services,Google Font API] [fe25bbfb0e64489183d4eb648e40cae4]
https://moola.market [200] [GET] [text/html] [Moola] [AmazonS3] [vhost] [cloudfront] [Amazon Cloudfront,Amazon S3,Amazon Web Services,Google Font API] [22c51ea0d1b5a4e17a2279a868505add]
https://old.app.moola.market [200] [GET] [text/html] [moola] [AmazonS3] [vhost] [cloudfront] [Amazon Cloudfront,Amazon S3,Amazon Web Services] [41b8670935aacd0e0c28147232d80317]
https://old.moola.market [200] [GET] [text/html] [Moola] [AmazonS3] [vhost] [cloudfront] [Amazon Cloudfront,Amazon S3,Amazon Web Services,Google Font API] [74d6f251ae64130df6a81f4b40af8ee1]
https://staging.moola.market [200] [GET] [text/html] [moola-app] [AmazonS3] [vhost] [cloudfront] [Amazon Cloudfront,Amazon S3,Amazon Web Services] [ab4cfe0190d9b2a05adcf45e26709ea3]
https://staging-v1.moola.market [200] [GET] [text/html] [moola-app] [AmazonS3] [vhost] [cloudfront] [Amazon Cloudfront,Amazon S3,Amazon Web Services] [21818e1ac5815ce806a2a8fc173aa9dd]
https://www.moola.market [200] [GET] [text/html] [Moola] [AmazonS3] [vhost] [cloudfront] [Amazon Cloudfront,Amazon S3,Amazon Web Services,Google Font API] [22c51ea0d1b5a4e17a2279a868505add]
