http://aws-api.newrelic.com:8080 [301] [GET] [] [] [cloudflare] [Cloudflare] [d41d8cd98f00b204e9800998ecf8427e]
http://cloud-collector.newrelic.com:8080 [301] [GET] [] [] [cloudflare] [Cloudflare] [d41d8cd98f00b204e9800998ecf8427e]
http://collector-0.newrelic.com:8080 [500] [GET] [text/plain] [] [cloudflare] [Cloudflare] [99914b932bd37a50b983c5e7c90ae93b]
http://collector-001.newrelic.com:8080 [403] [GET] [text/plain] [] [cloudflare] [vhost] [Cloudflare] [d41d8cd98f00b204e9800998ecf8427e]
http://collector-002.newrelic.com:8080 [403] [GET] [text/plain] [] [cloudflare] [vhost] [Cloudflare] [d41d8cd98f00b204e9800998ecf8427e]
http://collector-003.newrelic.com:8080 [403] [GET] [text/plain] [] [cloudflare] [vhost] [Cloudflare] [d41d8cd98f00b204e9800998ecf8427e]
http://collector-004.newrelic.com:8080 [403] [GET] [text/plain] [] [cloudflare] [vhost] [Cloudflare] [d41d8cd98f00b204e9800998ecf8427e]
http://collector-005.newrelic.com:8080 [403] [GET] [text/plain] [] [cloudflare] [vhost] [Cloudflare] [d41d8cd98f00b204e9800998ecf8427e]
http://collector-006.newrelic.com:8080 [403] [GET] [text/plain] [] [cloudflare] [vhost] [Cloudflare] [d41d8cd98f00b204e9800998ecf8427e]
http://collector-007.newrelic.com:8080 [403] [GET] [text/plain] [] [cloudflare] [vhost] [Cloudflare] [d41d8cd98f00b204e9800998ecf8427e]
http://collector-008.newrelic.com:8080 [403] [GET] [text/plain] [] [cloudflare] [vhost] [Cloudflare] [d41d8cd98f00b204e9800998ecf8427e]
http://collector-009.newrelic.com:8080 [403] [GET] [text/plain] [] [cloudflare] [vhost] [Cloudflare] [d41d8cd98f00b204e9800998ecf8427e]
http://collector-010.newrelic.com:8080 [403] [GET] [text/plain] [] [cloudflare] [vhost] [Cloudflare] [d41d8cd98f00b204e9800998ecf8427e]
http://collector-180.newrelic.com [403] [GET] [text/plain] [] [] [d41d8cd98f00b204e9800998ecf8427e]
http://collector-2.staging-collectors.newrelic.com:8080 [403] [GET] [text/plain] [] [cloudflare] [Cloudflare] [d41d8cd98f00b204e9800998ecf8427e]
http://collector-280.newrelic.com [403] [GET] [text/plain] [] [] [d41d8cd98f00b204e9800998ecf8427e]
http://collector-pool.staging-collectors.newrelic.com:8080 [403] [GET] [text/plain] [] [cloudflare] [Cloudflare] [d41d8cd98f00b204e9800998ecf8427e]
http://collector.newrelic.com:8080 [403] [GET] [text/plain] [] [cloudflare] [vhost] [Cloudflare] [d41d8cd98f00b204e9800998ecf8427e]
http://get.newrelic.com:8443 [400] [GET] [text/html] [400 The plain HTTP request was sent to HTTPS port] [cloudflare] [cloudflare] [Cloudflare] [20ad84d030031252141ca0b3fc0183f0]
http://infra-api.newrelic.com:8080 [301] [GET] [] [] [cloudflare] [Cloudflare] [d41d8cd98f00b204e9800998ecf8427e]
http://infrastructure-api.newrelic.com:8080 [500] [GET] [text/plain] [] [cloudflare] [Cloudflare] [99914b932bd37a50b983c5e7c90ae93b]
http://insights-collector.newrelic.com:8080 [404] [GET] [text/plain] [] [cloudflare] [vhost] [Cloudflare] [99914b932bd37a50b983c5e7c90ae93b]
http://log-api.newrelic.com:8080 [301] [GET] [] [] [cloudflare] [Cloudflare] [d41d8cd98f00b204e9800998ecf8427e]
http://metric-api.newrelic.com:8080 [301] [GET] [] [] [cloudflare] [Cloudflare] [d41d8cd98f00b204e9800998ecf8427e]
http://mobile-collector.newrelic.com:8080 [301] [GET] [] [] [cloudflare] [Cloudflare] [d41d8cd98f00b204e9800998ecf8427e]
http://staging-aws-api.newrelic.com:8080 [301] [GET] [] [] [cloudflare] [Cloudflare] [d41d8cd98f00b204e9800998ecf8427e]
http://staging-collector-001.newrelic.com:8080 [403] [GET] [text/plain] [] [cloudflare] [vhost] [Cloudflare] [d41d8cd98f00b204e9800998ecf8427e]
http://staging-collector-101.newrelic.com:8080 [500] [GET] [text/plain] [] [cloudflare] [Cloudflare] [99914b932bd37a50b983c5e7c90ae93b]
http://staging-collector-102.newrelic.com:8080 [500] [GET] [text/plain] [] [cloudflare] [Cloudflare] [99914b932bd37a50b983c5e7c90ae93b]
http://staging-collector-pool.newrelic.com:8080 [500] [GET] [text/plain] [] [cloudflare] [Cloudflare] [99914b932bd37a50b983c5e7c90ae93b]
http://staging-collector.newrelic.com:8080 [301] [GET] [] [] [cloudflare] [Cloudflare] [d41d8cd98f00b204e9800998ecf8427e]
http://staging-infra-api.newrelic.com:8080 [301] [GET] [] [] [cloudflare] [Cloudflare] [d41d8cd98f00b204e9800998ecf8427e]
http://staging-insights-collector.newrelic.com:8080 [301] [GET] [] [] [cloudflare] [Cloudflare] [d41d8cd98f00b204e9800998ecf8427e]
http://staging-trace-api.newrelic.com:8080 [301] [GET] [] [] [cloudflare] [Cloudflare] [d41d8cd98f00b204e9800998ecf8427e]
http://tls10.eu.newrelic.com:2082 [301] [GET] [] [] [cloudflare] [Cloudflare] [d41d8cd98f00b204e9800998ecf8427e]
http://tls10.eu.newrelic.com:2086 [301] [GET] [] [] [cloudflare] [Cloudflare] [d41d8cd98f00b204e9800998ecf8427e]
http://tls10.eu.newrelic.com:8080 [301] [GET] [] [] [cloudflare] [Cloudflare] [d41d8cd98f00b204e9800998ecf8427e]
http://tls10.eu.newrelic.com:8880 [301] [GET] [] [] [cloudflare] [Cloudflare] [d41d8cd98f00b204e9800998ecf8427e]
http://tls10.newrelic.com:2082 [301] [GET] [] [] [cloudflare] [Cloudflare] [d41d8cd98f00b204e9800998ecf8427e]
http://tls10.newrelic.com:2086 [301] [GET] [] [] [cloudflare] [Cloudflare] [d41d8cd98f00b204e9800998ecf8427e]
http://tls10.newrelic.com:8080 [301] [GET] [] [] [cloudflare] [Cloudflare] [d41d8cd98f00b204e9800998ecf8427e]
http://tls10.newrelic.com:8880 [301] [GET] [] [] [cloudflare] [Cloudflare] [d41d8cd98f00b204e9800998ecf8427e]
http://tls12.eu.newrelic.com:2082 [301] [GET] [] [] [cloudflare] [Cloudflare] [d41d8cd98f00b204e9800998ecf8427e]
http://tls12.eu.newrelic.com:2086 [301] [GET] [] [] [cloudflare] [Cloudflare] [d41d8cd98f00b204e9800998ecf8427e]
http://tls12.eu.newrelic.com:8080 [301] [GET] [] [] [cloudflare] [Cloudflare] [d41d8cd98f00b204e9800998ecf8427e]
http://tls12.eu.newrelic.com:8880 [301] [GET] [] [] [cloudflare] [Cloudflare] [d41d8cd98f00b204e9800998ecf8427e]
http://tls12.newrelic.com:2082 [301] [GET] [] [] [cloudflare] [Cloudflare] [d41d8cd98f00b204e9800998ecf8427e]
http://tls12.newrelic.com:2086 [301] [GET] [] [] [cloudflare] [Cloudflare] [d41d8cd98f00b204e9800998ecf8427e]
http://tls12.newrelic.com:2095 [301] [GET] [] [] [cloudflare] [Cloudflare] [d41d8cd98f00b204e9800998ecf8427e]
http://tls12.newrelic.com:8080 [301] [GET] [] [] [cloudflare] [Cloudflare] [d41d8cd98f00b204e9800998ecf8427e]
http://tls12.newrelic.com:8880 [301] [GET] [] [] [cloudflare] [Cloudflare] [d41d8cd98f00b204e9800998ecf8427e]
http://trace-api.newrelic.com:8080 [301] [GET] [] [] [cloudflare] [Cloudflare] [d41d8cd98f00b204e9800998ecf8427e]
https://8hp-anizyn.service.eu.newrelic.com [404] [GET] [text/html] [404 Sorry – You've reached an error on New Relic] [] [Google Font API] [6a156d4ca10ebf7a0c97c14ec3d0c3c3]
https://account.eu.newrelic.com [404] [GET] [text/html] [404 Sorry – You've reached an error on New Relic] [] [Google Font API] [6a156d4ca10ebf7a0c97c14ec3d0c3c3]
https://account.newrelic.com [302] [GET] [text/plain] [] [] [vhost] [268f5fc09f7058a0b3958b335b860278]
https://alerts.eu.newrelic.com [302] [GET] [text/plain] [] [] [vhost] [179b547a0df266b7e9c3b2f5d8a7ef46]
https://alerts.newrelic.com [302] [GET] [text/plain] [] [] [vhost] [47e9f22494a70920aab0031d45796a3d]
https://also-two.newrelic.com [302] [GET] [text/plain] [] [] [vhost] [84b77a996627c9709a705bd205cb8519]
https://api.eu.newrelic.com [301] [GET] [text/html] [] [nginx] [vhost] [Nginx,RackCache,Ruby] [6e542734ee4b888f98a4a3832d36d221]
https://api.newrelic.com [301] [GET] [text/html] [] [nginx] [vhost] [Nginx,RackCache,Ruby] [42142309a840c3e8bea81c6656238d0e]
https://apt.newrelic.com [200] [GET] [text/html] [] [AmazonS3] [vhost] [fastly] [Amazon S3,Amazon Web Services] [2963c1ee56a2123e2223bc96db4e50dd]
https://auth.newrelic.com [404] [GET] [text/plain] [] [] [595e88012a6521aae3e12cbebe76eb9e]
https://aws-api.newrelic.com [500] [GET] [text/plain] [] [cloudflare] [vhost] [Cloudflare] [99914b932bd37a50b983c5e7c90ae93b]
https://aws-api.newrelic.com:8443 [500] [GET] [text/plain] [] [cloudflare] [vhost] [Cloudflare] [99914b932bd37a50b983c5e7c90ae93b]
https://babyparentingadmin.service.eu.newrelic.com [404] [GET] [text/html] [404 Sorry – You've reached an error on New Relic] [] [Google Font API] [6a156d4ca10ebf7a0c97c14ec3d0c3c3]
https://be-images.newrelic.com [404] [GET] [text/html] [404 Sorry – You've reached an error on New Relic] [] [Google Font API] [6a156d4ca10ebf7a0c97c14ec3d0c3c3]
https://be.newrelic.com [404] [GET] [text/html] [404 Sorry – You've reached an error on New Relic] [] [Google Font API] [6a156d4ca10ebf7a0c97c14ec3d0c3c3]
https://beta.newrelic.com [302] [GET] [text/plain] [] [] [vhost] [076905bddc26116a9b282f936881bf5f]
https://blog.newrelic.com [301] [GET] [] [] [Varnish] [vhost] [fastly] [d41d8cd98f00b204e9800998ecf8427e]
https://business-intel.newrelic.com [404] [GET] [text/html] [404 Sorry – You've reached an error on New Relic] [] [Google Font API] [6a156d4ca10ebf7a0c97c14ec3d0c3c3]
https://cf-proxy-stg2a.newrelic.com [404] [GET] [text/plain] [] [] [595e88012a6521aae3e12cbebe76eb9e]
https://cf-proxy.eu.newrelic.com [404] [GET] [text/plain] [] [] [595e88012a6521aae3e12cbebe76eb9e]
https://chi-collector-pool.newrelic.com [403] [GET] [text/plain] [] [] [d41d8cd98f00b204e9800998ecf8427e]
https://chi-infra-api.newrelic.com [404] [GET] [text/plain] [] [] [595e88012a6521aae3e12cbebe76eb9e]
https://chi-insights-collector.newrelic.com [404] [GET] [application/json] [] [] [99914b932bd37a50b983c5e7c90ae93b]
https://chi-log-api.newrelic.com [404] [GET] [application/json] [] [] [99914b932bd37a50b983c5e7c90ae93b]
https://chi-staging-collector-pool.newrelic.com [403] [GET] [text/plain] [] [] [d41d8cd98f00b204e9800998ecf8427e]
https://cloud-collector.newrelic.com [403] [GET] [text/plain] [] [cloudflare] [vhost] [Cloudflare] [d41d8cd98f00b204e9800998ecf8427e]
https://cloud-collector.newrelic.com:8443 [403] [GET] [text/plain] [] [cloudflare] [vhost] [Cloudflare] [d41d8cd98f00b204e9800998ecf8427e]
https://cloudfront-dl.newrelic.com [200] [GET] [text/html] [] [AmazonS3] [vhost] [cloudfront] [Amazon Cloudfront,Amazon S3,Amazon Web Services] [2963c1ee56a2123e2223bc96db4e50dd]
https://collector-0.newrelic.com [500] [GET] [text/plain] [] [cloudflare] [vhost] [Cloudflare] [99914b932bd37a50b983c5e7c90ae93b]
https://collector-0.newrelic.com:8443 [500] [GET] [text/plain] [] [cloudflare] [vhost] [Cloudflare] [99914b932bd37a50b983c5e7c90ae93b]
https://collector-001.newrelic.com [403] [GET] [text/plain] [] [cloudflare] [vhost] [Cloudflare] [d41d8cd98f00b204e9800998ecf8427e]
https://collector-001.newrelic.com:8443 [403] [GET] [text/plain] [] [cloudflare] [vhost] [Cloudflare] [d41d8cd98f00b204e9800998ecf8427e]
https://collector-002.newrelic.com [403] [GET] [text/plain] [] [cloudflare] [vhost] [Cloudflare] [d41d8cd98f00b204e9800998ecf8427e]
https://collector-002.newrelic.com:8443 [403] [GET] [text/plain] [] [cloudflare] [vhost] [Cloudflare] [d41d8cd98f00b204e9800998ecf8427e]
https://collector-003.newrelic.com [403] [GET] [text/plain] [] [cloudflare] [vhost] [Cloudflare] [d41d8cd98f00b204e9800998ecf8427e]
https://collector-003.newrelic.com:8443 [403] [GET] [text/plain] [] [cloudflare] [vhost] [Cloudflare] [d41d8cd98f00b204e9800998ecf8427e]
https://collector-004.newrelic.com [403] [GET] [text/plain] [] [cloudflare] [vhost] [Cloudflare] [d41d8cd98f00b204e9800998ecf8427e]
https://collector-004.newrelic.com:8443 [403] [GET] [text/plain] [] [cloudflare] [vhost] [Cloudflare] [d41d8cd98f00b204e9800998ecf8427e]
https://collector-005.newrelic.com [403] [GET] [text/plain] [] [cloudflare] [vhost] [Cloudflare] [d41d8cd98f00b204e9800998ecf8427e]
https://collector-005.newrelic.com:8443 [403] [GET] [text/plain] [] [cloudflare] [vhost] [Cloudflare] [d41d8cd98f00b204e9800998ecf8427e]
https://collector-006.newrelic.com [403] [GET] [text/plain] [] [cloudflare] [vhost] [Cloudflare] [d41d8cd98f00b204e9800998ecf8427e]
https://collector-006.newrelic.com:8443 [403] [GET] [text/plain] [] [cloudflare] [vhost] [Cloudflare] [d41d8cd98f00b204e9800998ecf8427e]
https://collector-007.newrelic.com [403] [GET] [text/plain] [] [cloudflare] [vhost] [Cloudflare] [d41d8cd98f00b204e9800998ecf8427e]
https://collector-007.newrelic.com:8443 [403] [GET] [text/plain] [] [cloudflare] [vhost] [Cloudflare] [d41d8cd98f00b204e9800998ecf8427e]
https://collector-008.newrelic.com [403] [GET] [text/plain] [] [cloudflare] [vhost] [Cloudflare] [d41d8cd98f00b204e9800998ecf8427e]
https://collector-008.newrelic.com:8443 [403] [GET] [text/plain] [] [cloudflare] [vhost] [Cloudflare] [d41d8cd98f00b204e9800998ecf8427e]
https://collector-009.newrelic.com [403] [GET] [text/plain] [] [cloudflare] [vhost] [Cloudflare] [d41d8cd98f00b204e9800998ecf8427e]
https://collector-009.newrelic.com:8443 [403] [GET] [text/plain] [] [cloudflare] [vhost] [Cloudflare] [d41d8cd98f00b204e9800998ecf8427e]
https://collector-010.newrelic.com [403] [GET] [text/plain] [] [cloudflare] [vhost] [Cloudflare] [d41d8cd98f00b204e9800998ecf8427e]
https://collector-010.newrelic.com:8443 [403] [GET] [text/plain] [] [cloudflare] [vhost] [Cloudflare] [d41d8cd98f00b204e9800998ecf8427e]
https://collector-1.newrelic.com [403] [GET] [text/plain] [] [] [d41d8cd98f00b204e9800998ecf8427e]
https://collector-155.newrelic.com [403] [GET] [text/plain] [] [] [d41d8cd98f00b204e9800998ecf8427e]
https://collector-156.newrelic.com [403] [GET] [text/plain] [] [] [d41d8cd98f00b204e9800998ecf8427e]
https://collector-159.newrelic.com [403] [GET] [text/plain] [] [] [d41d8cd98f00b204e9800998ecf8427e]
https://collector-160.newrelic.com [403] [GET] [text/plain] [] [] [d41d8cd98f00b204e9800998ecf8427e]
https://collector-165.newrelic.com [403] [GET] [text/plain] [] [] [d41d8cd98f00b204e9800998ecf8427e]
https://collector-166.newrelic.com [403] [GET] [text/plain] [] [] [d41d8cd98f00b204e9800998ecf8427e]
https://collector-167.newrelic.com [403] [GET] [text/plain] [] [] [d41d8cd98f00b204e9800998ecf8427e]
https://collector-168.newrelic.com [403] [GET] [text/plain] [] [] [d41d8cd98f00b204e9800998ecf8427e]
https://collector-169.newrelic.com [403] [GET] [text/plain] [] [] [d41d8cd98f00b204e9800998ecf8427e]
https://collector-170.newrelic.com [403] [GET] [text/plain] [] [] [d41d8cd98f00b204e9800998ecf8427e]
https://collector-171.newrelic.com [403] [GET] [text/plain] [] [] [d41d8cd98f00b204e9800998ecf8427e]
https://collector-172.newrelic.com [403] [GET] [text/plain] [] [] [d41d8cd98f00b204e9800998ecf8427e]
https://collector-173.newrelic.com [403] [GET] [text/plain] [] [] [d41d8cd98f00b204e9800998ecf8427e]
https://collector-174.newrelic.com [403] [GET] [text/plain] [] [] [d41d8cd98f00b204e9800998ecf8427e]
https://collector-175.newrelic.com [403] [GET] [text/plain] [] [] [d41d8cd98f00b204e9800998ecf8427e]
https://collector-176.newrelic.com [403] [GET] [text/plain] [] [] [d41d8cd98f00b204e9800998ecf8427e]
https://collector-177.newrelic.com [403] [GET] [text/plain] [] [] [d41d8cd98f00b204e9800998ecf8427e]
https://collector-178.newrelic.com [403] [GET] [text/plain] [] [] [d41d8cd98f00b204e9800998ecf8427e]
https://collector-179.newrelic.com [403] [GET] [text/plain] [] [] [d41d8cd98f00b204e9800998ecf8427e]
https://collector-180.newrelic.com [403] [GET] [text/plain] [] [] [d41d8cd98f00b204e9800998ecf8427e]
https://collector-181.newrelic.com [403] [GET] [text/plain] [] [] [d41d8cd98f00b204e9800998ecf8427e]
https://collector-182.newrelic.com [403] [GET] [text/plain] [] [] [d41d8cd98f00b204e9800998ecf8427e]
https://collector-183.newrelic.com [403] [GET] [text/plain] [] [] [d41d8cd98f00b204e9800998ecf8427e]
https://collector-184.newrelic.com [403] [GET] [text/plain] [] [] [d41d8cd98f00b204e9800998ecf8427e]
https://collector-185.newrelic.com [403] [GET] [text/plain] [] [] [d41d8cd98f00b204e9800998ecf8427e]
https://collector-186.newrelic.com [403] [GET] [text/plain] [] [] [d41d8cd98f00b204e9800998ecf8427e]
https://collector-187.newrelic.com [403] [GET] [text/plain] [] [] [d41d8cd98f00b204e9800998ecf8427e]
https://collector-188.newrelic.com [403] [GET] [text/plain] [] [] [d41d8cd98f00b204e9800998ecf8427e]
https://collector-189.newrelic.com [403] [GET] [text/plain] [] [] [d41d8cd98f00b204e9800998ecf8427e]
https://collector-190.newrelic.com [403] [GET] [text/plain] [] [] [d41d8cd98f00b204e9800998ecf8427e]
https://collector-191.newrelic.com [403] [GET] [text/plain] [] [] [d41d8cd98f00b204e9800998ecf8427e]
https://collector-192.newrelic.com [403] [GET] [text/plain] [] [] [d41d8cd98f00b204e9800998ecf8427e]
https://collector-193.newrelic.com [403] [GET] [text/plain] [] [] [d41d8cd98f00b204e9800998ecf8427e]
https://collector-194.newrelic.com [403] [GET] [text/plain] [] [] [d41d8cd98f00b204e9800998ecf8427e]
https://collector-195.newrelic.com [403] [GET] [text/plain] [] [] [d41d8cd98f00b204e9800998ecf8427e]
https://collector-196.newrelic.com [403] [GET] [text/plain] [] [] [d41d8cd98f00b204e9800998ecf8427e]
https://collector-197.newrelic.com [403] [GET] [text/plain] [] [] [d41d8cd98f00b204e9800998ecf8427e]
https://collector-198.newrelic.com [403] [GET] [text/plain] [] [] [d41d8cd98f00b204e9800998ecf8427e]
https://collector-199.newrelic.com [403] [GET] [text/plain] [] [] [d41d8cd98f00b204e9800998ecf8427e]
https://collector-2.newrelic.com [403] [GET] [text/plain] [] [] [d41d8cd98f00b204e9800998ecf8427e]
https://collector-2.staging-collectors.newrelic.com [403] [GET] [text/plain] [] [cloudflare] [vhost] [Cloudflare] [d41d8cd98f00b204e9800998ecf8427e]
https://collector-2.staging-collectors.newrelic.com:8443 [403] [GET] [text/plain] [] [cloudflare] [vhost] [Cloudflare] [d41d8cd98f00b204e9800998ecf8427e]
https://collector-200.newrelic.com [403] [GET] [text/plain] [] [] [d41d8cd98f00b204e9800998ecf8427e]
https://collector-201.newrelic.com [403] [GET] [text/plain] [] [] [d41d8cd98f00b204e9800998ecf8427e]
https://collector-202.newrelic.com [403] [GET] [text/plain] [] [] [d41d8cd98f00b204e9800998ecf8427e]
https://collector-203.newrelic.com [403] [GET] [text/plain] [] [] [d41d8cd98f00b204e9800998ecf8427e]
https://collector-204.newrelic.com [403] [GET] [text/plain] [] [] [d41d8cd98f00b204e9800998ecf8427e]
https://collector-205.newrelic.com [403] [GET] [text/plain] [] [] [d41d8cd98f00b204e9800998ecf8427e]
https://collector-206.newrelic.com [403] [GET] [text/plain] [] [] [d41d8cd98f00b204e9800998ecf8427e]
https://collector-207.newrelic.com [403] [GET] [text/plain] [] [] [d41d8cd98f00b204e9800998ecf8427e]
https://collector-208.newrelic.com [403] [GET] [text/plain] [] [] [d41d8cd98f00b204e9800998ecf8427e]
https://collector-209.newrelic.com [403] [GET] [text/plain] [] [] [d41d8cd98f00b204e9800998ecf8427e]
https://collector-210.newrelic.com [403] [GET] [text/plain] [] [] [d41d8cd98f00b204e9800998ecf8427e]
https://collector-211.newrelic.com [403] [GET] [text/plain] [] [] [d41d8cd98f00b204e9800998ecf8427e]
https://collector-212.newrelic.com [403] [GET] [text/plain] [] [] [d41d8cd98f00b204e9800998ecf8427e]
https://collector-213.newrelic.com [403] [GET] [text/plain] [] [] [d41d8cd98f00b204e9800998ecf8427e]
https://collector-214.newrelic.com [403] [GET] [text/plain] [] [] [d41d8cd98f00b204e9800998ecf8427e]
https://collector-215.newrelic.com [403] [GET] [text/plain] [] [] [d41d8cd98f00b204e9800998ecf8427e]
https://collector-216.newrelic.com [403] [GET] [text/plain] [] [] [d41d8cd98f00b204e9800998ecf8427e]
https://collector-217.newrelic.com [403] [GET] [text/plain] [] [] [d41d8cd98f00b204e9800998ecf8427e]
https://collector-218.newrelic.com [403] [GET] [text/plain] [] [] [d41d8cd98f00b204e9800998ecf8427e]
https://collector-219.newrelic.com [403] [GET] [text/plain] [] [] [d41d8cd98f00b204e9800998ecf8427e]
https://collector-220.newrelic.com [403] [GET] [text/plain] [] [] [d41d8cd98f00b204e9800998ecf8427e]
https://collector-221.newrelic.com [403] [GET] [text/plain] [] [] [d41d8cd98f00b204e9800998ecf8427e]
https://collector-222.newrelic.com [403] [GET] [text/plain] [] [] [d41d8cd98f00b204e9800998ecf8427e]
https://collector-224.newrelic.com [403] [GET] [text/plain] [] [] [d41d8cd98f00b204e9800998ecf8427e]
https://collector-225.newrelic.com [403] [GET] [text/plain] [] [] [d41d8cd98f00b204e9800998ecf8427e]
https://collector-226.newrelic.com [403] [GET] [text/plain] [] [] [d41d8cd98f00b204e9800998ecf8427e]
https://collector-227.newrelic.com [403] [GET] [text/plain] [] [] [d41d8cd98f00b204e9800998ecf8427e]
https://collector-228.newrelic.com [403] [GET] [text/plain] [] [] [d41d8cd98f00b204e9800998ecf8427e]
https://collector-229.newrelic.com [403] [GET] [text/plain] [] [] [d41d8cd98f00b204e9800998ecf8427e]
https://collector-230.newrelic.com [403] [GET] [text/plain] [] [] [d41d8cd98f00b204e9800998ecf8427e]
https://collector-232.newrelic.com [403] [GET] [text/plain] [] [] [d41d8cd98f00b204e9800998ecf8427e]
https://collector-233.newrelic.com [403] [GET] [text/plain] [] [] [d41d8cd98f00b204e9800998ecf8427e]
https://collector-235.newrelic.com [403] [GET] [text/plain] [] [] [d41d8cd98f00b204e9800998ecf8427e]
https://collector-236.newrelic.com [403] [GET] [text/plain] [] [] [d41d8cd98f00b204e9800998ecf8427e]
https://collector-237.newrelic.com [403] [GET] [text/plain] [] [] [d41d8cd98f00b204e9800998ecf8427e]
https://collector-238.newrelic.com [403] [GET] [text/plain] [] [] [d41d8cd98f00b204e9800998ecf8427e]
https://collector-239.newrelic.com [403] [GET] [text/plain] [] [] [d41d8cd98f00b204e9800998ecf8427e]
https://collector-240.newrelic.com [403] [GET] [text/plain] [] [] [d41d8cd98f00b204e9800998ecf8427e]
https://collector-241.newrelic.com [403] [GET] [text/plain] [] [] [d41d8cd98f00b204e9800998ecf8427e]
https://collector-242.newrelic.com [403] [GET] [text/plain] [] [] [d41d8cd98f00b204e9800998ecf8427e]
https://collector-243.newrelic.com [403] [GET] [text/plain] [] [] [d41d8cd98f00b204e9800998ecf8427e]
https://collector-245.newrelic.com [403] [GET] [text/plain] [] [] [d41d8cd98f00b204e9800998ecf8427e]
https://collector-246.newrelic.com [403] [GET] [text/plain] [] [] [d41d8cd98f00b204e9800998ecf8427e]
https://collector-247.newrelic.com [403] [GET] [text/plain] [] [] [d41d8cd98f00b204e9800998ecf8427e]
https://collector-248.newrelic.com [403] [GET] [text/plain] [] [] [d41d8cd98f00b204e9800998ecf8427e]
https://collector-249.newrelic.com [403] [GET] [text/plain] [] [] [d41d8cd98f00b204e9800998ecf8427e]
https://collector-250.newrelic.com [403] [GET] [text/plain] [] [] [d41d8cd98f00b204e9800998ecf8427e]
https://collector-251.newrelic.com [403] [GET] [text/plain] [] [] [d41d8cd98f00b204e9800998ecf8427e]
https://collector-252.newrelic.com [403] [GET] [text/plain] [] [] [d41d8cd98f00b204e9800998ecf8427e]
https://collector-253.newrelic.com [403] [GET] [text/plain] [] [] [d41d8cd98f00b204e9800998ecf8427e]
https://collector-254.newrelic.com [403] [GET] [text/plain] [] [] [d41d8cd98f00b204e9800998ecf8427e]
https://collector-255.newrelic.com [403] [GET] [text/plain] [] [] [d41d8cd98f00b204e9800998ecf8427e]
https://collector-256.newrelic.com [403] [GET] [text/plain] [] [] [d41d8cd98f00b204e9800998ecf8427e]
https://collector-257.newrelic.com [403] [GET] [text/plain] [] [] [d41d8cd98f00b204e9800998ecf8427e]
https://collector-258.newrelic.com [403] [GET] [text/plain] [] [] [d41d8cd98f00b204e9800998ecf8427e]
https://collector-259.newrelic.com [403] [GET] [text/plain] [] [] [d41d8cd98f00b204e9800998ecf8427e]
https://collector-260.newrelic.com [403] [GET] [text/plain] [] [] [d41d8cd98f00b204e9800998ecf8427e]
https://collector-262.newrelic.com [403] [GET] [text/plain] [] [] [d41d8cd98f00b204e9800998ecf8427e]
https://collector-263.newrelic.com [403] [GET] [text/plain] [] [] [d41d8cd98f00b204e9800998ecf8427e]
https://collector-268.newrelic.com [403] [GET] [text/plain] [] [] [d41d8cd98f00b204e9800998ecf8427e]
https://collector-269.newrelic.com [403] [GET] [text/plain] [] [] [d41d8cd98f00b204e9800998ecf8427e]
https://collector-270.newrelic.com [403] [GET] [text/plain] [] [] [d41d8cd98f00b204e9800998ecf8427e]
https://collector-273.newrelic.com [403] [GET] [text/plain] [] [] [d41d8cd98f00b204e9800998ecf8427e]
https://collector-274.newrelic.com [403] [GET] [text/plain] [] [] [d41d8cd98f00b204e9800998ecf8427e]
https://collector-275.newrelic.com [403] [GET] [text/plain] [] [] [d41d8cd98f00b204e9800998ecf8427e]
https://collector-277.newrelic.com [403] [GET] [text/plain] [] [] [d41d8cd98f00b204e9800998ecf8427e]
https://collector-278.newrelic.com [403] [GET] [text/plain] [] [] [d41d8cd98f00b204e9800998ecf8427e]
https://collector-279.newrelic.com [403] [GET] [text/plain] [] [] [d41d8cd98f00b204e9800998ecf8427e]
https://collector-280.newrelic.com [403] [GET] [text/plain] [] [] [d41d8cd98f00b204e9800998ecf8427e]
https://collector-281.newrelic.com [403] [GET] [text/plain] [] [] [d41d8cd98f00b204e9800998ecf8427e]
https://collector-282.newrelic.com [403] [GET] [text/plain] [] [] [d41d8cd98f00b204e9800998ecf8427e]
https://collector-283.newrelic.com [403] [GET] [text/plain] [] [] [d41d8cd98f00b204e9800998ecf8427e]
https://collector-284.newrelic.com [403] [GET] [text/plain] [] [] [d41d8cd98f00b204e9800998ecf8427e]
https://collector-285.newrelic.com [403] [GET] [text/plain] [] [] [d41d8cd98f00b204e9800998ecf8427e]
https://collector-286.newrelic.com [403] [GET] [text/plain] [] [] [d41d8cd98f00b204e9800998ecf8427e]
https://collector-287.newrelic.com [403] [GET] [text/plain] [] [] [d41d8cd98f00b204e9800998ecf8427e]
https://collector-288.newrelic.com [403] [GET] [text/plain] [] [] [d41d8cd98f00b204e9800998ecf8427e]
https://collector-289.newrelic.com [403] [GET] [text/plain] [] [] [d41d8cd98f00b204e9800998ecf8427e]
https://collector-290.newrelic.com [403] [GET] [text/plain] [] [] [d41d8cd98f00b204e9800998ecf8427e]
https://collector-291.newrelic.com [403] [GET] [text/plain] [] [] [d41d8cd98f00b204e9800998ecf8427e]
https://collector-292.newrelic.com [403] [GET] [text/plain] [] [] [d41d8cd98f00b204e9800998ecf8427e]
https://collector-293.newrelic.com [403] [GET] [text/plain] [] [] [d41d8cd98f00b204e9800998ecf8427e]
https://collector-294.newrelic.com [403] [GET] [text/plain] [] [] [d41d8cd98f00b204e9800998ecf8427e]
https://collector-295.newrelic.com [403] [GET] [text/plain] [] [] [d41d8cd98f00b204e9800998ecf8427e]
https://collector-296.newrelic.com [403] [GET] [text/plain] [] [] [d41d8cd98f00b204e9800998ecf8427e]
https://collector-297.newrelic.com [403] [GET] [text/plain] [] [] [d41d8cd98f00b204e9800998ecf8427e]
https://collector-298.newrelic.com [403] [GET] [text/plain] [] [] [d41d8cd98f00b204e9800998ecf8427e]
https://collector-299.newrelic.com [403] [GET] [text/plain] [] [] [d41d8cd98f00b204e9800998ecf8427e]
https://collector-3.newrelic.com [403] [GET] [text/plain] [] [] [d41d8cd98f00b204e9800998ecf8427e]
https://collector-300.newrelic.com [403] [GET] [text/plain] [] [] [d41d8cd98f00b204e9800998ecf8427e]
https://collector-4.newrelic.com [403] [GET] [text/plain] [] [] [d41d8cd98f00b204e9800998ecf8427e]
https://collector-5.newrelic.com [403] [GET] [text/plain] [] [] [d41d8cd98f00b204e9800998ecf8427e]
https://collector-6.newrelic.com [403] [GET] [text/plain] [] [] [d41d8cd98f00b204e9800998ecf8427e]
https://collector-7.newrelic.com [403] [GET] [text/plain] [] [] [d41d8cd98f00b204e9800998ecf8427e]
https://collector-8.newrelic.com [403] [GET] [text/plain] [] [] [d41d8cd98f00b204e9800998ecf8427e]
https://collector-9.newrelic.com [403] [GET] [text/plain] [] [] [d41d8cd98f00b204e9800998ecf8427e]
https://collector-pool-1.newrelic.com [403] [GET] [text/plain] [] [] [d41d8cd98f00b204e9800998ecf8427e]
https://collector-pool-10.newrelic.com [403] [GET] [text/plain] [] [] [d41d8cd98f00b204e9800998ecf8427e]
https://collector-pool-2.newrelic.com [403] [GET] [text/plain] [] [] [d41d8cd98f00b204e9800998ecf8427e]
https://collector-pool-3.newrelic.com [403] [GET] [text/plain] [] [] [d41d8cd98f00b204e9800998ecf8427e]
https://collector-pool-4.newrelic.com [403] [GET] [text/plain] [] [] [d41d8cd98f00b204e9800998ecf8427e]
https://collector-pool-5.newrelic.com [403] [GET] [text/plain] [] [] [d41d8cd98f00b204e9800998ecf8427e]
https://collector-pool-6.newrelic.com [403] [GET] [text/plain] [] [] [d41d8cd98f00b204e9800998ecf8427e]
https://collector-pool-7.newrelic.com [403] [GET] [text/plain] [] [] [d41d8cd98f00b204e9800998ecf8427e]
https://collector-pool-8.newrelic.com [403] [GET] [text/plain] [] [] [d41d8cd98f00b204e9800998ecf8427e]
https://collector-pool-9.newrelic.com [403] [GET] [text/plain] [] [] [d41d8cd98f00b204e9800998ecf8427e]
https://collector-pool.newrelic.com [403] [GET] [text/plain] [] [] [d41d8cd98f00b204e9800998ecf8427e]
https://collector-pool.staging-collectors.newrelic.com [403] [GET] [text/plain] [] [cloudflare] [vhost] [Cloudflare] [d41d8cd98f00b204e9800998ecf8427e]
https://collector-pool.staging-collectors.newrelic.com:8443 [403] [GET] [text/plain] [] [cloudflare] [vhost] [Cloudflare] [d41d8cd98f00b204e9800998ecf8427e]
https://collector.newrelic.com [403] [GET] [text/plain] [] [cloudflare] [vhost] [Cloudflare] [d41d8cd98f00b204e9800998ecf8427e]
https://collector.newrelic.com:8443 [403] [GET] [text/plain] [] [cloudflare] [vhost] [Cloudflare] [d41d8cd98f00b204e9800998ecf8427e]
https://connect.newrelic.com [403] [GET] [application/json] [] [] [vhost] [cloudfront] [Amazon Cloudfront,Amazon Web Services] [bc45704aad57d445b6dfa58b101071e3]
https://connection-test.newrelic.com [200] [GET] [] [New Relic Connection Test] [] [a4ffc68d51983bdb79059c6eb0514c57]
https://cube.newrelic.com [404] [GET] [text/html] [404 Sorry – You've reached an error on New Relic] [] [Google Font API] [6a156d4ca10ebf7a0c97c14ec3d0c3c3]
https://customeremails-app2.service.eu.newrelic.com [404] [GET] [text/html] [404 Sorry – You've reached an error on New Relic] [] [Google Font API] [6a156d4ca10ebf7a0c97c14ec3d0c3c3]
https://dev-infrastructure.newrelic.com [404] [GET] [text/html] [404 Sorry – You've reached an error on New Relic] [] [Google Font API] [6a156d4ca10ebf7a0c97c14ec3d0c3c3]
https://dev-insights-embed.newrelic.com [302] [GET] [text/plain] [] [] [vhost] [8337c11702f7cdca97bf6b852d6ebf71]
https://dev-insights.newrelic.com [302] [GET] [text/plain] [] [] [vhost] [abb2b6afd6baaa4427ddf6c9719d212f]
https://dev-login.newrelic.com [404] [GET] [text/plain] [] [] [595e88012a6521aae3e12cbebe76eb9e]
https://dev-radar.newrelic.com [404] [GET] [text/html] [404 Sorry – You've reached an error on New Relic] [] [Google Font API] [6a156d4ca10ebf7a0c97c14ec3d0c3c3]
https://dev-support.newrelic.com [302] [GET] [text/plain] [] [] [vhost] [0bd8ee19970ba04528bdb18251d52488]
https://dev.newrelic.com [301] [GET] [] [] [Varnish] [vhost] [fastly] [d41d8cd98f00b204e9800998ecf8427e]
https://developer.newrelic.com [200] [GET] [text/html] [New Relic Developers] [GatsbyHosting] [vhost] [fastly] [Apache Traffic Server,Gatsby,Google Font API,React,webpack] [0a13789df32167ebf82e4ca981940267]
https://discuss.newrelic.com [200] [GET] [text/html] [New Relic Explorers Hub] [nginx] [vhost] [Discourse,Google Font API,Nginx,Ruby on Rails] [6f889e4fa49a9519ff15520dd779c3e9]
https://discuss.newrelic.com [200] [GET] [text/html] [New Relic Explorers Hub] [nginx] [vhost] [Discourse,Google Font API,Nginx,Ruby on Rails] [72742b657f7843a9dee3100385e7d20d]
https://docs-preview.newrelic.com [200] [GET] [text/html] [] [GatsbyHosting] [vhost] [fastly] [Apache Traffic Server] [b5a4ac38cced0b61bfd992b51623dc85]
https://docs.newrelic.com [200] [GET] [text/html] [New Relic Documentation] [GatsbyHosting] [vhost] [fastly] [Apache Traffic Server,Gatsby,Google Font API,React,webpack] [675b7fed17547d4ab6d15f69ae33ce10]
https://download.newrelic.com [200] [GET] [text/html] [] [AmazonS3] [vhost] [fastly] [Amazon S3,Amazon Web Services] [2963c1ee56a2123e2223bc96db4e50dd]
https://email.alerts.newrelic.com [200] [GET] [application/octet-stream] [] [nginx] [Nginx] [9f36c1c909fa94ed5e7af41387ae3dae]
https://email.internal.newrelic.com [200] [GET] [application/octet-stream] [] [nginx] [Nginx] [9f36c1c909fa94ed5e7af41387ae3dae]
https://frame-account.eu.newrelic.com [404] [GET] [text/html] [404 Sorry – You've reached an error on New Relic] [] [Google Font API] [6a156d4ca10ebf7a0c97c14ec3d0c3c3]
https://frame-account.newrelic.com [404] [GET] [text/html] [404 Sorry – You've reached an error on New Relic] [] [Google Font API] [6a156d4ca10ebf7a0c97c14ec3d0c3c3]
https://frame-alerts.eu.newrelic.com [302] [GET] [text/plain] [] [] [vhost] [53558998934bf85a66f28f593993e55d]
https://frame-alerts.newrelic.com [302] [GET] [text/plain] [] [] [vhost] [437fd8c63d3c24d5355b98ea2f4e8646]
https://frame-infrastructure.eu.newrelic.com [302] [GET] [text/plain] [] [] [vhost] [112594b14f30e590cb8269942229fbcc]
https://frame-infrastructure.newrelic.com [302] [GET] [text/plain] [] [] [vhost] [c7a867204a6c6f0eec147acdefbfed72]
https://frame-maps.eu.newrelic.com [400] [GET] [text/html] [400 Sorry – You've reached an error on New Relic] [] [vhost] [Google Font API] [4ac2b0e7831c9ddf6f14cc190254353a]
https://frame-maps.newrelic.com [302] [GET] [text/plain] [] [] [vhost] [d25973c268a9cac56a1027304cf9ea0e]
https://frame-rpm.eu.newrelic.com [200] [GET] [text/html] [Redirecting...] [nginx] [vhost] [Nginx,RackCache,Ruby,Ruby on Rails] [224c990896408ed0d8268d2f2fd0072b]
https://frame-rpm.eu.newrelic.com [200] [GET] [text/html] [Redirecting...] [nginx] [vhost] [Nginx,RackCache,Ruby,Ruby on Rails] [8fcbb37fb84ef1150f543566720b2276]
https://frame-rpm.newrelic.com [200] [GET] [text/html] [Redirecting...] [nginx] [vhost] [Nginx,RackCache,Ruby,Ruby on Rails] [45245a568771bce7369ff54666f4c7ab]
https://frame-rpm.newrelic.com [200] [GET] [text/html] [Redirecting...] [nginx] [vhost] [Nginx,RackCache,Ruby,Ruby on Rails] [4ec801e0a35eb6b220e17f9e66cb3209]
https://frame-staging-account.newrelic.com [404] [GET] [text/html] [404 Sorry – You've reached an error on New Relic] [] [Google Font API] [6a156d4ca10ebf7a0c97c14ec3d0c3c3]
https://frame-staging-infrastructure.newrelic.com [302] [GET] [text/plain] [] [] [vhost] [88dbec3e2063f5eb7d90cfea3505e275]
https://frame-staging.newrelic.com [200] [GET] [text/html] [Redirecting...] [nginx] [vhost] [Nginx,RackCache,Ruby,Ruby on Rails] [3c308fe8468e157a46a824ffac43c9ff]
https://frame-staging.newrelic.com [200] [GET] [text/html] [Redirecting...] [nginx] [vhost] [Nginx,RackCache,Ruby,Ruby on Rails] [4900fad61fc21daf1d466184abdbf0cc]
https://frame-synthetics.eu.newrelic.com [302] [GET] [text/plain] [] [] [vhost] [bfe55553dd25092a1dfcf0fdbcf9ed5a]
https://frame-synthetics.newrelic.com [302] [GET] [text/plain] [] [] [vhost] [afd608c433dfa720128afe324f0bcaa6]
https://get.newrelic.com [200] [GET] [text/html] [] [cloudflare] [vhost] [cloudflare] [Cloudflare,Cloudflare Bot Management] [8bc4374c7fe9ae7a1abb6518f3bf9af1]
https://gnax.newrelic.com [302] [GET] [text/plain] [] [] [vhost] [7d497508e574cc3d6ce10eb346dd5bd4]
https://got.newrelic.com [200] [GET] [text/html] [Sign In	- Pardot] [PardotServer] [Bootstrap,Pardot] [06354e72a246474cee803336f87e2ef7]
https://got.newrelic.com [200] [GET] [text/html] [Sign In	- Pardot] [PardotServer] [Bootstrap,Pardot] [371f9c21bed6e83a36ef9d3e51104402]
https://gov-collector.newrelic.com [403] [GET] [text/plain] [] [] [d41d8cd98f00b204e9800998ecf8427e]
https://gov-identity-api.newrelic.com [404] [GET] [text/plain] [] [] [vhost] [d41d8cd98f00b204e9800998ecf8427e]
https://gov-infra-api.newrelic.com [404] [GET] [text/plain] [] [] [vhost] [d41d8cd98f00b204e9800998ecf8427e]
https://gov-infrastructure-command-api.newrelic.com [404] [GET] [application/json] [] [] [vhost] [aa84edf14c2576b7bd1c6d7d24276095]
https://gov-insights-collector.newrelic.com [404] [GET] [application/json] [] [] [99914b932bd37a50b983c5e7c90ae93b]
https://h2-wildcard.service.newrelic.com [404] [GET] [text/html] [404 Sorry – You've reached an error on New Relic] [] [Google Font API] [6a156d4ca10ebf7a0c97c14ec3d0c3c3]
https://helix-service.newrelic.com [302] [GET] [text/plain] [] [] [vhost] [Java] [61d22c37a77204be9b8391b53b64ef6f]
https://helix.newrelic.com [302] [GET] [text/plain] [] [] [vhost] [Java] [8f6d9609162d3930e8f8c3cbf1422796]
https://helm-charts.newrelic.com [302] [GET] [] [] [CloudFront] [vhost] [cloudfront] [Amazon Cloudfront,Amazon Web Services] [d41d8cd98f00b204e9800998ecf8427e]
https://heroku-staging.newrelic.com [404] [GET] [text/html] [404 Sorry – You've reached an error on New Relic] [] [Google Font API] [6a156d4ca10ebf7a0c97c14ec3d0c3c3]
https://heroku.newrelic.com [302] [GET] [text/plain] [] [] [vhost] [858873caaa6b926a4564f3d501ffc3e3]
https://hypertext-admin.eu.newrelic.com [302] [GET] [text/plain] [] [] [vhost] [0037abe72bd938f5bbcc6aed1c94cc2f]
https://identity-api.eu.newrelic.com [404] [GET] [text/plain] [] [] [vhost] [d41d8cd98f00b204e9800998ecf8427e]
https://identity-api.newrelic.com [404] [GET] [text/plain] [] [] [vhost] [d41d8cd98f00b204e9800998ecf8427e]
https://infra-api.eu.newrelic.com [404] [GET] [text/plain] [] [cloudflare] [vhost] [Cloudflare] [d41d8cd98f00b204e9800998ecf8427e]
https://infra-api.newrelic.com [404] [GET] [text/plain] [] [cloudflare] [vhost] [Cloudflare] [d41d8cd98f00b204e9800998ecf8427e]
https://infra-api.newrelic.com:8443 [404] [GET] [text/plain] [] [cloudflare] [vhost] [Cloudflare] [d41d8cd98f00b204e9800998ecf8427e]
https://infra.newrelic.com [302] [GET] [text/plain] [] [] [vhost] [ed1925e08d34ed16ca1cbaec76ed73cd]
https://infrastructure-api.newrelic.com [500] [GET] [text/plain] [] [cloudflare] [vhost] [Cloudflare] [99914b932bd37a50b983c5e7c90ae93b]
https://infrastructure-api.newrelic.com:8443 [500] [GET] [text/plain] [] [cloudflare] [vhost] [Cloudflare] [99914b932bd37a50b983c5e7c90ae93b]
https://infrastructure-command-api.eu.newrelic.com [404] [GET] [application/json] [] [] [vhost] [aa84edf14c2576b7bd1c6d7d24276095]
https://infrastructure-command-api.newrelic.com [404] [GET] [application/json] [] [] [vhost] [aa84edf14c2576b7bd1c6d7d24276095]
https://infrastructure-data.newrelic.com [302] [GET] [text/plain] [] [] [vhost] [9ab017a61184d8ecf8fbd0ce58af45b8]
https://infrastructure-seldon.eu.newrelic.com [302] [GET] [text/plain] [] [] [vhost] [5c532fad0df1d7545586156c88162904]
https://infrastructure-seldon.newrelic.com [302] [GET] [text/plain] [] [] [vhost] [8555077e481ac8bc54683b4d1f20bb9c]
https://infrastructure.eu.newrelic.com [302] [GET] [text/plain] [] [] [vhost] [4fa5e2f0a5f3c093fdfdfd1cd3f54add]
https://infrastructure.newrelic.com [302] [GET] [text/plain] [] [] [vhost] [8ac18710fa19f9dc09371a24606faeb3]
https://ingest-integration.newrelic.com [404] [GET] [text/plain] [] [cloudflare] [vhost] [Cloudflare] [99914b932bd37a50b983c5e7c90ae93b]
https://ingest-test.newrelic.com [202] [GET] [text/plain] [] [awselb/2.0] [d41d8cd98f00b204e9800998ecf8427e]
https://insights-api.eu.newrelic.com [404] [GET] [application/x-gzip] [] [] [vhost] [d41d8cd98f00b204e9800998ecf8427e]
https://insights-api.newrelic.com [404] [GET] [application/x-gzip] [] [] [vhost] [d41d8cd98f00b204e9800998ecf8427e]
https://insights-collector.newrelic.com [404] [GET] [text/plain] [] [cloudflare] [vhost] [Cloudflare] [99914b932bd37a50b983c5e7c90ae93b]
https://insights-collector.newrelic.com:8443 [404] [GET] [text/plain] [] [cloudflare] [vhost] [Cloudflare] [99914b932bd37a50b983c5e7c90ae93b]
https://insights-embed.eu.newrelic.com [302] [GET] [text/plain] [] [] [vhost] [f1203584d0b35e736bc49c2f38d39cc2]
https://insights-embed.newrelic.com [302] [GET] [text/plain] [] [] [vhost] [4ce78b3b902ea8231553b93875a5d97b]
https://insights.eu.newrelic.com [302] [GET] [text/plain] [] [] [vhost] [2f406af4ee984da25f495f0965d181fe]
https://insights.newrelic.com [302] [GET] [text/plain] [] [] [vhost] [dcfe298e21199ecd5810a7873bdd0548]
https://integration-alerts.newrelic.com [302] [GET] [text/plain] [] [] [vhost] [72d2c0e1be57cb259994037dc9e6d211]
https://integration.newrelic.com [404] [GET] [text/html] [404 Sorry – You've reached an error on New Relic] [] [Google Font API] [6a156d4ca10ebf7a0c97c14ec3d0c3c3]
https://issues.newrelic.com [200] [GET] [text/html] [System Dashboard - New Relic Issues] [] [vhost] [google] [Atlassian Jira,Java] [19555615ae9b0bee2321cebd4a2a8591]
https://issues.newrelic.com [200] [GET] [text/html] [System Dashboard - New Relic Issues] [] [vhost] [google] [Atlassian Jira,Java] [cae219e33cfae64042d02c6c2529d2c2]
https://js-agent.newrelic.com [403] [GET] [application/xml] [] [AmazonS3] [vhost] [fastly] [Amazon S3,Amazon Web Services] [cab990a6e7ff15f10611fec858b58f41]
https://js-agent.newrelic.com [403] [GET] [application/xml] [] [AmazonS3] [vhost] [fastly] [Amazon S3,Amazon Web Services] [cd2ee93fe76efbb2f4219569f5ed12b5]
https://jserrors-query-service.service.newrelic.com [302] [GET] [text/plain] [] [] [vhost] [994b26d4aaa639a4e16f9da8bde27121]
https://kayoyon.service.newrelic.com [404] [GET] [text/html] [404 Sorry – You've reached an error on New Relic] [] [Google Font API] [6a156d4ca10ebf7a0c97c14ec3d0c3c3]
https://learn.newrelic.com [200] [GET] [text/html] [New Relic University] [gunicorn] [vhost] [cloudfront] [Amazon Cloudfront,Amazon Web Services,Google Font API,Google Tag Manager,Python,gunicorn] [65fedeec55f7d5b84addf22852f5911a]
https://learn.newrelic.com [200] [GET] [text/html] [New Relic University] [gunicorn] [vhost] [cloudfront] [Amazon Cloudfront,Amazon Web Services,Google Font API,Google Tag Manager,Python,gunicorn] [740a59f48080b28c50220c75e0d3ab38]
https://legacy-service-2.newrelic.com [404] [GET] [text/html] [404 Sorry – You've reached an error on New Relic] [] [Google Font API] [6a156d4ca10ebf7a0c97c14ec3d0c3c3]
https://legacy-service.newrelic.com [404] [GET] [text/html] [404 Sorry – You've reached an error on New Relic] [] [Google Font API] [6a156d4ca10ebf7a0c97c14ec3d0c3c3]
https://log-api.eu.newrelic.com [404] [GET] [text/plain] [] [cloudflare] [vhost] [Cloudflare] [99914b932bd37a50b983c5e7c90ae93b]
https://log-api.newrelic.com [404] [GET] [text/plain] [] [cloudflare] [vhost] [Cloudflare] [99914b932bd37a50b983c5e7c90ae93b]
https://log-api.newrelic.com:8443 [404] [GET] [text/plain] [] [cloudflare] [vhost] [Cloudflare] [99914b932bd37a50b983c5e7c90ae93b]
https://login-origin.newrelic.com [404] [GET] [text/plain] [] [] [595e88012a6521aae3e12cbebe76eb9e]
https://login.newrelic.com [200] [GET] [text/html] [Log in to New Relic] [nginx] [vhost] [Google Font API,Nginx,Ruby,Ruby on Rails] [f38b2508d2c30747fba522fee8225845]
https://maps.eu.newrelic.com [302] [GET] [text/plain] [] [] [vhost] [9a34b0d01e62d36b4e607d59bf8c9b79]
https://maps.newrelic.com [302] [GET] [text/plain] [] [] [vhost] [cb76fbc8d63d0cef4f90d5b315c25584]
https://marketing-contents.newrelic.com [301] [GET] [] [] [Varnish] [vhost] [fastly] [d41d8cd98f00b204e9800998ecf8427e]
https://meetme.newrelic.com [302] [GET] [text/plain] [] [] [vhost] [39c1a9a1647f593ad9487d979abc2dbd]
https://metric-api.eu.newrelic.com [404] [GET] [text/plain] [] [cloudflare] [vhost] [Cloudflare] [99914b932bd37a50b983c5e7c90ae93b]
https://metric-api.newrelic.com [404] [GET] [text/plain] [] [cloudflare] [vhost] [Cloudflare] [99914b932bd37a50b983c5e7c90ae93b]
https://metric-api.newrelic.com:8443 [404] [GET] [text/plain] [] [cloudflare] [vhost] [Cloudflare] [99914b932bd37a50b983c5e7c90ae93b]
https://mobile-collector-origin.newrelic.com [404] [GET] [text/html] [Error 404] [] [167bb53a287f4597d5174a40814d564d]
https://mobile-collector.newrelic.com [403] [GET] [text/plain] [] [cloudflare] [vhost] [Cloudflare] [d41d8cd98f00b204e9800998ecf8427e]
https://mobile-collector.newrelic.com:8443 [403] [GET] [text/plain] [] [cloudflare] [vhost] [Cloudflare] [d41d8cd98f00b204e9800998ecf8427e]
https://mobile-crash-origin.newrelic.com [500] [GET] [text/plain] [] [cloudflare] [vhost] [Cloudflare] [99914b932bd37a50b983c5e7c90ae93b]
https://mobile-crash.newrelic.com [404] [GET] [text/plain] [] [cloudflare] [vhost] [Cloudflare] [99914b932bd37a50b983c5e7c90ae93b]
https://mobile-data-api.eu.newrelic.com [302] [GET] [text/plain] [] [] [vhost] [5376b4797150a7024cc3b4c7fdd59e3c]
https://mobile-data-api.newrelic.com [302] [GET] [text/plain] [] [] [vhost] [d3429b21ccf610c4de7fc01096eedec8]
https://mobile-symbol-upload-origin.newrelic.com [404] [GET] [text/plain] [] [] [595e88012a6521aae3e12cbebe76eb9e]
https://mobile-symbol-upload.eu.newrelic.com [400] [GET] [application/json] [] [] [vhost] [0d7b96ce3d2eb14a4a0be72a38f78054]
https://mobile-symbol-upload.eu.newrelic.com [400] [GET] [application/json] [] [] [vhost] [ffae4635281e41c5a573a284d0476d61]
https://mobile-symbol-upload.newrelic.com [400] [GET] [application/json] [] [] [vhost] [4d79979266a1e1e841fa3a8b4a4ac979]
https://nerd-graph.eu.newrelic.com [404] [GET] [text/html] [404 Sorry – You've reached an error on New Relic] [] [Google Font API] [6a156d4ca10ebf7a0c97c14ec3d0c3c3]
https://nerd-graph.newrelic.com [404] [GET] [text/html] [404 Sorry – You've reached an error on New Relic] [] [Google Font API] [6a156d4ca10ebf7a0c97c14ec3d0c3c3]
https://newrelic.com [200] [GET] [text/html] [Monitor, Debug and Improve Your Entire Stack | New Relic] [] [vhost] [fastly] [Drupal,Fastly,Google Cloud,Google Cloud Trace,MariaDB,Nginx,PHP,Pantheon] [8f18eef07028a4bb3cd710858651582b]
https://next-support.newrelic.com [404] [GET] [text/html] [404 Sorry – You've reached an error on New Relic] [] [Google Font API] [6a156d4ca10ebf7a0c97c14ec3d0c3c3]
https://npi.newrelic.com [302] [GET] [text/plain] [] [] [vhost] [e24244a34208ca3f83765b72aaa69670]
https://nrpn.newrelic.com [302] [GET] [text/html] [] [gunicorn] [vhost] [cloudfront] [Amazon Cloudfront,Amazon Web Services,Python,gunicorn] [d41d8cd98f00b204e9800998ecf8427e]
https://one.eu.newrelic.com [302] [GET] [text/plain] [] [] [vhost] [331e14276408a9b7c1f29ba8b593a28a]
https://one.newrelic.com [302] [GET] [text/plain] [] [] [vhost] [7a18094e13230233a4ad57337ca2b322]
https://opensource.newrelic.com [200] [GET] [text/html] [Home | New Relic Open Source] [GatsbyHosting] [vhost] [fastly] [Apache Traffic Server,Gatsby,Google Font API,React,webpack] [160e77ee85572f3eb992c45116e768e2]
https://partner-admin-console.newrelic.com [302] [GET] [text/plain] [] [] [vhost] [206768a1c8dff73ee2f80931708f758e]
https://phpfog.newrelic.com [302] [GET] [text/plain] [] [] [vhost] [c4a569f9b93006df8579fe7462f09eeb]
https://platform-api.newrelic.com [404] [GET] [text/plain] [] [] [595e88012a6521aae3e12cbebe76eb9e]
https://plugins.newrelic.com [302] [GET] [text/plain] [] [] [vhost] [f2a34c41ec69dfec37d7ef7564038dc8]
https://portal.newrelic.com [404] [GET] [text/html] [404 Sorry – You've reached an error on New Relic] [] [Google Font API] [6a156d4ca10ebf7a0c97c14ec3d0c3c3]
https://prometheus-api.eu.newrelic.com [404] [GET] [text/html] [404 Sorry – You've reached an error on New Relic] [] [Google Font API] [6a156d4ca10ebf7a0c97c14ec3d0c3c3]
https://prometheus-api.newrelic.com [404] [GET] [text/html] [404 Sorry – You've reached an error on New Relic] [] [Google Font API] [6a156d4ca10ebf7a0c97c14ec3d0c3c3]
https://public-service-gateway.eu.newrelic.com [404] [GET] [text/html] [404 Sorry – You've reached an error on New Relic] [] [Google Font API] [6a156d4ca10ebf7a0c97c14ec3d0c3c3]
https://radar.newrelic.com [404] [GET] [text/html] [404 Sorry – You've reached an error on New Relic] [] [Google Font API] [6a156d4ca10ebf7a0c97c14ec3d0c3c3]
https://resources.newrelic.com [302] [GET] [text/html] [302 Found] [awselb/2.0] [vhost] [f366e0e18b589cb6f243bf43ce75e83c]
https://rpm-admin.eu.newrelic.com [302] [GET] [text/plain] [] [] [vhost] [ded902cff565866ebcd400cdd978fd25]
https://rpm-admin.newrelic.com [302] [GET] [text/plain] [] [] [vhost] [adc3e2bda42cf3787b3aab15205d9883]
https://rpm-be.newrelic.com [404] [GET] [text/html] [404 Sorry – You've reached an error on New Relic] [] [Google Font API] [6a156d4ca10ebf7a0c97c14ec3d0c3c3]
https://rpm-images.newrelic.com [302] [GET] [text/plain] [] [] [vhost] [c3c2aac8712c935ba934e807920c59b3]
https://rpm-seldon.eu.newrelic.com [302] [GET] [text/html] [] [nginx] [vhost] [Nginx,RackCache,Ruby] [f62fe688e505363a1465375994552a9f]
https://rpm-seldon.newrelic.com [302] [GET] [text/html] [] [nginx] [vhost] [Nginx,RackCache,Ruby] [329e466e61704627a637251ce0a04f46]
https://rpm-staging.newrelic.com [404] [GET] [text/html] [404 Sorry – You've reached an error on New Relic] [] [Google Font API] [6a156d4ca10ebf7a0c97c14ec3d0c3c3]
https://rpm-test.newrelic.com [302] [GET] [text/plain] [] [] [vhost] [e0e2c8c4c6dcc18ff755e9551f35add6]
https://rpm-ui.newrelic.com [404] [GET] [text/html] [404 Sorry – You've reached an error on New Relic] [] [Google Font API] [6a156d4ca10ebf7a0c97c14ec3d0c3c3]
https://rpm.eu.newrelic.com [302] [GET] [text/plain] [] [] [vhost] [bed7f4470fa0a8df8735aa12b46134d8]
https://rpm.newrelic.com [302] [GET] [text/plain] [] [] [vhost] [ad7d1140e4a445d85dbb83c8fc4b398e]
https://service-6.newrelic.com [404] [GET] [text/html] [404 Sorry – You've reached an error on New Relic] [] [Google Font API] [6a156d4ca10ebf7a0c97c14ec3d0c3c3]
https://service-7.newrelic.com [404] [GET] [text/html] [404 Sorry – You've reached an error on New Relic] [] [Google Font API] [6a156d4ca10ebf7a0c97c14ec3d0c3c3]
https://service-8.newrelic.com [404] [GET] [text/html] [404 Sorry – You've reached an error on New Relic] [] [Google Font API] [6a156d4ca10ebf7a0c97c14ec3d0c3c3]
https://service.eu.newrelic.com [200] [GET] [text/html] [] [] [vhost] [Java] [b2054b15ca7ba947c44081bf67d1e13c]
https://service.eu.newrelic.com [200] [GET] [text/html] [] [] [vhost] [Java] [c28cff059f7d393032b8614bc89539ee]
https://service.newrelic.com [200] [GET] [text/html] [] [] [vhost] [Java] [30689d825ccec78b283835250dbd2372]
https://service.newrelic.com [200] [GET] [text/html] [] [] [vhost] [Java] [b7d8638393590b1dc1297027ccfb9ffb]
https://seymour.newrelic.com [404] [GET] [text/html] [404 Sorry – You've reached an error on New Relic] [] [Google Font API] [6a156d4ca10ebf7a0c97c14ec3d0c3c3]
https://staging-account.newrelic.com [302] [GET] [text/plain] [] [] [vhost] [c7f0640c8fb7474ed22ceee325aeb5f0]
https://staging-alerts.newrelic.com [302] [GET] [text/plain] [] [] [vhost] [d835c27acd134b3645b05b79f61f6c76]
https://staging-api.newrelic.com [301] [GET] [text/html] [] [nginx] [vhost] [Nginx,RackCache,Ruby] [651a86a88502a6b0af1650c6f90c54aa]
https://staging-aws-api.newrelic.com [500] [GET] [text/plain] [] [cloudflare] [vhost] [Cloudflare] [99914b932bd37a50b983c5e7c90ae93b]
https://staging-aws-api.newrelic.com:8443 [500] [GET] [text/plain] [] [cloudflare] [vhost] [Cloudflare] [99914b932bd37a50b983c5e7c90ae93b]
https://staging-beacon-1.newrelic.com [400] [GET] [] [] [] [d41d8cd98f00b204e9800998ecf8427e]
https://staging-beacon-2.newrelic.com [400] [GET] [] [] [] [d41d8cd98f00b204e9800998ecf8427e]
https://staging-beacon-3.newrelic.com [400] [GET] [] [] [] [d41d8cd98f00b204e9800998ecf8427e]
https://staging-cloud-collector.newrelic.com [403] [GET] [text/plain] [] [cloudflare] [vhost] [Cloudflare] [d41d8cd98f00b204e9800998ecf8427e]
https://staging-collector-001.newrelic.com [403] [GET] [text/plain] [] [cloudflare] [vhost] [Cloudflare] [d41d8cd98f00b204e9800998ecf8427e]
https://staging-collector-001.newrelic.com:8443 [403] [GET] [text/plain] [] [cloudflare] [vhost] [Cloudflare] [d41d8cd98f00b204e9800998ecf8427e]
https://staging-collector-1.newrelic.com [403] [GET] [text/plain] [] [] [d41d8cd98f00b204e9800998ecf8427e]
https://staging-collector-101.newrelic.com [500] [GET] [text/plain] [] [cloudflare] [vhost] [Cloudflare] [99914b932bd37a50b983c5e7c90ae93b]
https://staging-collector-101.newrelic.com:8443 [500] [GET] [text/plain] [] [cloudflare] [vhost] [Cloudflare] [99914b932bd37a50b983c5e7c90ae93b]
https://staging-collector-102.newrelic.com [500] [GET] [text/plain] [] [cloudflare] [vhost] [Cloudflare] [99914b932bd37a50b983c5e7c90ae93b]
https://staging-collector-102.newrelic.com:8443 [500] [GET] [text/plain] [] [cloudflare] [vhost] [Cloudflare] [99914b932bd37a50b983c5e7c90ae93b]
https://staging-collector-2.newrelic.com [403] [GET] [text/plain] [] [] [d41d8cd98f00b204e9800998ecf8427e]
https://staging-collector-pool.newrelic.com [500] [GET] [text/plain] [] [cloudflare] [vhost] [Cloudflare] [99914b932bd37a50b983c5e7c90ae93b]
https://staging-collector-pool.newrelic.com:8443 [500] [GET] [text/plain] [] [cloudflare] [vhost] [Cloudflare] [99914b932bd37a50b983c5e7c90ae93b]
https://staging-collector.newrelic.com [403] [GET] [text/plain] [] [cloudflare] [vhost] [Cloudflare] [d41d8cd98f00b204e9800998ecf8427e]
https://staging-collector.newrelic.com:8443 [403] [GET] [text/plain] [] [cloudflare] [vhost] [Cloudflare] [d41d8cd98f00b204e9800998ecf8427e]
https://staging-connect.newrelic.com [404] [GET] [text/plain] [] [] [google] [efa6ba503d1db3c0aeb36d2dfe12081a]
https://staging-cube.newrelic.com [302] [GET] [text/plain] [] [] [vhost] [48741e46fb4d6c00fa7db397322abb0f]
https://staging-custom-event-inserter.newrelic.com [404] [GET] [application/json] [] [] [99914b932bd37a50b983c5e7c90ae93b]
https://staging-discuss.newrelic.com [302] [GET] [text/plain] [] [] [vhost] [5a9e19381e0122ac70b4fc002c0cf9b3]
https://staging-helix-service.newrelic.com [302] [GET] [text/plain] [] [] [vhost] [Java] [1e5e2e79fdcbefb03f2a5ebbd935f3cf]
https://staging-helix.newrelic.com [302] [GET] [text/plain] [] [] [vhost] [Java] [5275102d0cfb294c2a9ac6f0e0c88e58]
https://staging-identity-api.newrelic.com [404] [GET] [text/plain] [] [] [vhost] [d41d8cd98f00b204e9800998ecf8427e]
https://staging-infra-api.newrelic.com [404] [GET] [text/plain] [] [cloudflare] [vhost] [Cloudflare] [d41d8cd98f00b204e9800998ecf8427e]
https://staging-infra-api.newrelic.com:8443 [404] [GET] [text/plain] [] [cloudflare] [vhost] [Cloudflare] [d41d8cd98f00b204e9800998ecf8427e]
https://staging-infra.newrelic.com [302] [GET] [text/plain] [] [] [vhost] [7f3b4721ea3eafb283effe7fe7da40a7]
https://staging-infrastructure-api.newrelic.com [404] [GET] [text/plain] [] [] [vhost] [d41d8cd98f00b204e9800998ecf8427e]
https://staging-infrastructure-command-api.newrelic.com [404] [GET] [application/json] [] [] [vhost] [aa84edf14c2576b7bd1c6d7d24276095]
https://staging-infrastructure-data.newrelic.com [302] [GET] [text/plain] [] [] [vhost] [79f33778ec9052afc13de325f94efad3]
https://staging-infrastructure.newrelic.com [302] [GET] [text/plain] [] [] [vhost] [f46a02652aaa09c6938b8a0db62035be]
https://staging-insights-api.newrelic.com [404] [GET] [application/x-gzip] [] [] [vhost] [d41d8cd98f00b204e9800998ecf8427e]
https://staging-insights-collector.newrelic.com [404] [GET] [text/plain] [] [cloudflare] [vhost] [Cloudflare] [99914b932bd37a50b983c5e7c90ae93b]
https://staging-insights-collector.newrelic.com:8443 [404] [GET] [text/plain] [] [cloudflare] [vhost] [Cloudflare] [99914b932bd37a50b983c5e7c90ae93b]
https://staging-insights-embed.newrelic.com [302] [GET] [text/plain] [] [] [vhost] [ee53db249993d02019bef7c21b8e363d]
https://staging-insights.newrelic.com [302] [GET] [text/plain] [] [] [vhost] [ded5959c158747e8102a96f3d21ece8b]
https://staging-jserror.newrelic.com [400] [GET] [] [] [] [d41d8cd98f00b204e9800998ecf8427e]
https://staging-legacy-service.newrelic.com [404] [GET] [text/html] [404 Sorry – You've reached an error on New Relic] [] [Google Font API] [6a156d4ca10ebf7a0c97c14ec3d0c3c3]
https://staging-log-api.newrelic.com [404] [GET] [text/plain] [] [cloudflare] [vhost] [Cloudflare] [99914b932bd37a50b983c5e7c90ae93b]
https://staging-login.newrelic.com [200] [GET] [text/html] [Log in to New Relic] [nginx] [vhost] [Google Font API,Nginx,Ruby,Ruby on Rails] [ef0ef00a527564cf9b1d6bfb228d13ad]
https://staging-maps.newrelic.com [302] [GET] [text/plain] [] [] [vhost] [f4c866987500e6d097a72872b9a17adb]
https://staging-marketing-contents.newrelic.com [404] [GET] [text/plain] [] [] [vhost] [595e88012a6521aae3e12cbebe76eb9e]
https://staging-metric-api.newrelic.com [404] [GET] [text/plain] [] [cloudflare] [vhost] [Cloudflare] [99914b932bd37a50b983c5e7c90ae93b]
https://staging-mobile-collector-origin.newrelic.com [404] [GET] [text/html] [Error 404] [] [167bb53a287f4597d5174a40814d564d]
https://staging-mobile-collector.newrelic.com [403] [GET] [text/plain] [] [cloudflare] [vhost] [Cloudflare] [d41d8cd98f00b204e9800998ecf8427e]
https://staging-mobile-crash.newrelic.com [404] [GET] [text/plain] [] [cloudflare] [vhost] [Cloudflare] [99914b932bd37a50b983c5e7c90ae93b]
https://staging-mobile-data-api.newrelic.com [302] [GET] [text/plain] [] [] [vhost] [41ef25d544529929d5fbb822fbbf5dd0]
https://staging-nerd-graph.newrelic.com [404] [GET] [text/html] [404 Sorry – You've reached an error on New Relic] [] [Google Font API] [6a156d4ca10ebf7a0c97c14ec3d0c3c3]
https://staging-one-aws.newrelic.com [302] [GET] [text/plain] [] [] [vhost] [f74340b56e9bb7db780ba642df646203]
https://staging-one.newrelic.com [302] [GET] [text/plain] [] [] [vhost] [056f7c0bdbabb198506f2d1dc88a36aa]
https://staging-platform-api.newrelic.com [404] [GET] [text/plain] [] [] [595e88012a6521aae3e12cbebe76eb9e]
https://staging-plugins.newrelic.com [302] [GET] [text/plain] [] [] [vhost] [feec9f95285f41edf7f0f1b0ae57568b]
https://staging-portal.newrelic.com [404] [GET] [text/html] [404 Sorry – You've reached an error on New Relic] [] [Google Font API] [6a156d4ca10ebf7a0c97c14ec3d0c3c3]
https://staging-radar.newrelic.com [404] [GET] [text/html] [404 Sorry – You've reached an error on New Relic] [] [Google Font API] [6a156d4ca10ebf7a0c97c14ec3d0c3c3]
https://staging-rpm-admin.newrelic.com [302] [GET] [text/plain] [] [] [vhost] [a09b9fe649ccaec7011fd80d5ae3cb27]
https://staging-rpm.newrelic.com [404] [GET] [text/html] [404 Sorry – You've reached an error on New Relic] [] [Google Font API] [6a156d4ca10ebf7a0c97c14ec3d0c3c3]
https://staging-service.newrelic.com [200] [GET] [text/html] [] [] [vhost] [Java] [b8f1f1a9c0b5e86d61075499b8b12e60]
https://staging-service.newrelic.com [200] [GET] [text/html] [] [] [vhost] [Java] [dbca173a501e17a3a44749a29b78fc16]
https://staging-seymour.newrelic.com [404] [GET] [text/html] [404 Sorry – You've reached an error on New Relic] [] [Google Font API] [6a156d4ca10ebf7a0c97c14ec3d0c3c3]
https://staging-shared.newrelic.com [404] [GET] [text/html] [404 Sorry – You've reached an error on New Relic] [] [Google Font API] [6a156d4ca10ebf7a0c97c14ec3d0c3c3]
https://staging-support.newrelic.com [404] [GET] [text/plain] [] [] [vhost] [595e88012a6521aae3e12cbebe76eb9e]
https://staging-synthetics.newrelic.com [302] [GET] [text/plain] [] [] [vhost] [02906ac6ba722004526a955a6cf15e9c]
https://staging-trace-api.newrelic.com [404] [GET] [text/plain] [] [cloudflare] [vhost] [Cloudflare] [99914b932bd37a50b983c5e7c90ae93b]
https://staging-trace-api.newrelic.com:8443 [404] [GET] [text/plain] [] [cloudflare] [vhost] [Cloudflare] [99914b932bd37a50b983c5e7c90ae93b]
https://staging.newrelic.com [302] [GET] [text/plain] [] [] [vhost] [4cf0738dffe846f099f5fcf557aa16f5]
https://support-beta.newrelic.com [404] [GET] [text/html] [404 Sorry – You've reached an error on New Relic] [] [Google Font API] [6a156d4ca10ebf7a0c97c14ec3d0c3c3]
https://support-legacy.newrelic.com [404] [GET] [text/html] [404 Sorry – You've reached an error on New Relic] [] [Google Font API] [6a156d4ca10ebf7a0c97c14ec3d0c3c3]
https://support.newrelic.com [301] [GET] [] [] [] [vhost] [d41d8cd98f00b204e9800998ecf8427e]
https://synthetics.eu.newrelic.com [302] [GET] [text/plain] [] [] [vhost] [2c75c5a3497f32cbacb4c8c16b7ca916]
https://synthetics.newrelic.com [302] [GET] [text/plain] [] [] [vhost] [43e09a146be79fada2ec041a2c6d74ec]
https://test-api.newrelic.com [404] [GET] [text/html] [404 Sorry – You've reached an error on New Relic] [] [Google Font API] [6a156d4ca10ebf7a0c97c14ec3d0c3c3]
https://test-support.newrelic.com [404] [GET] [text/plain] [] [] [vhost] [595e88012a6521aae3e12cbebe76eb9e]
https://test.newrelic.com [404] [GET] [text/html] [404 Sorry – You've reached an error on New Relic] [] [Google Font API] [6a156d4ca10ebf7a0c97c14ec3d0c3c3]
https://test1-api.newrelic.com [404] [GET] [text/html] [404 Sorry – You've reached an error on New Relic] [] [Google Font API] [6a156d4ca10ebf7a0c97c14ec3d0c3c3]
https://test1.newrelic.com [404] [GET] [text/html] [404 Sorry – You've reached an error on New Relic] [] [Google Font API] [6a156d4ca10ebf7a0c97c14ec3d0c3c3]
https://test2-api.newrelic.com [404] [GET] [text/html] [404 Sorry – You've reached an error on New Relic] [] [Google Font API] [6a156d4ca10ebf7a0c97c14ec3d0c3c3]
https://test2.newrelic.com [404] [GET] [text/html] [404 Sorry – You've reached an error on New Relic] [] [Google Font API] [6a156d4ca10ebf7a0c97c14ec3d0c3c3]
https://test3-api.newrelic.com [404] [GET] [text/html] [404 Sorry – You've reached an error on New Relic] [] [Google Font API] [6a156d4ca10ebf7a0c97c14ec3d0c3c3]
https://test3.newrelic.com [404] [GET] [text/html] [404 Sorry – You've reached an error on New Relic] [] [Google Font API] [6a156d4ca10ebf7a0c97c14ec3d0c3c3]
https://test4-api.newrelic.com [404] [GET] [text/html] [404 Sorry – You've reached an error on New Relic] [] [Google Font API] [6a156d4ca10ebf7a0c97c14ec3d0c3c3]
https://test4.newrelic.com [404] [GET] [text/html] [404 Sorry – You've reached an error on New Relic] [] [Google Font API] [6a156d4ca10ebf7a0c97c14ec3d0c3c3]
https://test5-api.newrelic.com [404] [GET] [text/html] [404 Sorry – You've reached an error on New Relic] [] [Google Font API] [6a156d4ca10ebf7a0c97c14ec3d0c3c3]
https://test5.newrelic.com [404] [GET] [text/html] [404 Sorry – You've reached an error on New Relic] [] [Google Font API] [6a156d4ca10ebf7a0c97c14ec3d0c3c3]
https://test6-api.newrelic.com [404] [GET] [text/html] [404 Sorry – You've reached an error on New Relic] [] [Google Font API] [6a156d4ca10ebf7a0c97c14ec3d0c3c3]
https://test6.newrelic.com [404] [GET] [text/html] [404 Sorry – You've reached an error on New Relic] [] [Google Font API] [6a156d4ca10ebf7a0c97c14ec3d0c3c3]
https://test7-api.newrelic.com [404] [GET] [text/html] [404 Sorry – You've reached an error on New Relic] [] [Google Font API] [6a156d4ca10ebf7a0c97c14ec3d0c3c3]
https://test7.newrelic.com [404] [GET] [text/html] [404 Sorry – You've reached an error on New Relic] [] [Google Font API] [6a156d4ca10ebf7a0c97c14ec3d0c3c3]
https://test8-api.newrelic.com [404] [GET] [text/html] [404 Sorry – You've reached an error on New Relic] [] [Google Font API] [6a156d4ca10ebf7a0c97c14ec3d0c3c3]
https://test8.newrelic.com [404] [GET] [text/html] [404 Sorry – You've reached an error on New Relic] [] [Google Font API] [6a156d4ca10ebf7a0c97c14ec3d0c3c3]
https://thecloud.newrelic.com [302] [GET] [text/plain] [] [] [vhost] [54a892b6b42673e34d0c6c2587aa40f7]
https://tips.newrelic.com [301] [GET] [] [] [Varnish] [vhost] [fastly] [d41d8cd98f00b204e9800998ecf8427e]
https://tls10.eu.newrelic.com [530] [GET] [text/html] [Origin DNS error | tls10.eu.newrelic.com | Cloudflare] [cloudflare] [vhost] [Cloudflare] [083694e6f2cd3831ec0e90812f7bb28a]
https://tls10.eu.newrelic.com [530] [GET] [text/html] [Origin DNS error | tls10.eu.newrelic.com | Cloudflare] [cloudflare] [vhost] [Cloudflare] [ba17b8d50dadf95f2320a54fa317330b]
https://tls10.eu.newrelic.com:2083 [530] [GET] [text/html] [Origin DNS error | tls10.eu.newrelic.com | Cloudflare] [cloudflare] [vhost] [Cloudflare] [75e46c56b199bbcdb549a7a9ce3cc84f]
https://tls10.eu.newrelic.com:2087 [530] [GET] [text/html] [Origin DNS error | tls10.eu.newrelic.com | Cloudflare] [cloudflare] [vhost] [Cloudflare] [9fcb673981cce9c56c54aef829bb8ea3]
https://tls10.eu.newrelic.com:8443 [530] [GET] [text/html] [Origin DNS error | tls10.eu.newrelic.com | Cloudflare] [cloudflare] [vhost] [Cloudflare] [8230f728921291826357bcd62aee0a85]
https://tls10.newrelic.com [530] [GET] [text/html] [Origin DNS error | tls10.newrelic.com | Cloudflare] [cloudflare] [vhost] [Cloudflare] [85ed5cceba55b809a97da4444a350f50]
https://tls10.newrelic.com [530] [GET] [text/html] [Origin DNS error | tls10.newrelic.com | Cloudflare] [cloudflare] [vhost] [Cloudflare] [cb359eff224b9ec7a4c55179921fdbff]
https://tls10.newrelic.com:2083 [530] [GET] [text/html] [Origin DNS error | tls10.newrelic.com | Cloudflare] [cloudflare] [vhost] [Cloudflare] [cc36a3864748576541a33841c0232c46]
https://tls10.newrelic.com:2087 [530] [GET] [text/html] [Origin DNS error | tls10.newrelic.com | Cloudflare] [cloudflare] [vhost] [Cloudflare] [227f3e5b9b80e95328e41c0e071ece5c]
https://tls10.newrelic.com:8443 [530] [GET] [text/html] [Origin DNS error | tls10.newrelic.com | Cloudflare] [cloudflare] [vhost] [Cloudflare] [71a36bc5467edbd219448902d5fb1bc9]
https://tls12.eu.newrelic.com [530] [GET] [text/html] [Origin DNS error | tls12.eu.newrelic.com | Cloudflare] [cloudflare] [vhost] [Cloudflare] [2c0f1d65b4a3001b697fcb59c64cb11b]
https://tls12.eu.newrelic.com [530] [GET] [text/html] [Origin DNS error | tls12.eu.newrelic.com | Cloudflare] [cloudflare] [vhost] [Cloudflare] [79a9ee619d928facb3be50d2a8bd9c4a]
https://tls12.eu.newrelic.com:2083 [530] [GET] [text/html] [Origin DNS error | tls12.eu.newrelic.com | Cloudflare] [cloudflare] [vhost] [Cloudflare] [8de0d1741baf6529e6652ca04e9aabd7]
https://tls12.eu.newrelic.com:2087 [530] [GET] [text/html] [Origin DNS error | tls12.eu.newrelic.com | Cloudflare] [cloudflare] [vhost] [Cloudflare] [3602d676e2c3f9f285f814a241ce4c07]
https://tls12.eu.newrelic.com:8443 [530] [GET] [text/html] [Origin DNS error | tls12.eu.newrelic.com | Cloudflare] [cloudflare] [vhost] [Cloudflare] [0d96c3eb6c5a49f8eba2a1ee747a4c5a]
https://tls12.newrelic.com [530] [GET] [text/html] [Origin DNS error | tls12.newrelic.com | Cloudflare] [cloudflare] [vhost] [Cloudflare] [98e08a07e1dd0c7baff18a42bd9ffe71]
https://tls12.newrelic.com [530] [GET] [text/html] [Origin DNS error | tls12.newrelic.com | Cloudflare] [cloudflare] [vhost] [Cloudflare] [d4f732462eb5f9aecaa172741cf9d590]
https://tls12.newrelic.com:2083 [530] [GET] [text/html] [Origin DNS error | tls12.newrelic.com | Cloudflare] [cloudflare] [vhost] [Cloudflare] [ab4e4f60b11b9dd14bc470cccad2dc4a]
https://tls12.newrelic.com:2087 [530] [GET] [text/html] [Origin DNS error | tls12.newrelic.com | Cloudflare] [cloudflare] [vhost] [Cloudflare] [135d2097463acd8bfb02adefd65b06ca]
https://tls12.newrelic.com:8443 [530] [GET] [text/html] [Origin DNS error | tls12.newrelic.com | Cloudflare] [cloudflare] [vhost] [Cloudflare] [c5727256f62a7519d43507cc6a1e245b]
https://tlscheck.newrelic.com [200] [GET] [] [New Relic TLS Test] [] [8eeecd4360cf2322527161940763af2e]
https://trace-api.eu.newrelic.com [404] [GET] [text/plain] [] [cloudflare] [vhost] [Cloudflare] [99914b932bd37a50b983c5e7c90ae93b]
https://trace-api.newrelic.com [404] [GET] [text/plain] [] [cloudflare] [vhost] [Cloudflare] [99914b932bd37a50b983c5e7c90ae93b]
https://trace-api.newrelic.com:8443 [404] [GET] [text/plain] [] [cloudflare] [vhost] [Cloudflare] [99914b932bd37a50b983c5e7c90ae93b]
https://trace-this.newrelic.com [404] [GET] [application/json] [] [cloudflare] [vhost] [Cloudflare] [99914b932bd37a50b983c5e7c90ae93b]
https://workflows.newrelic.com [404] [GET] [text/plain] [] [] [google] [efa6ba503d1db3c0aeb36d2dfe12081a]
https://www-staging.newrelic.com [302] [GET] [text/plain] [] [] [vhost] [fastly] [253f012f11547ea84c8b41b0a0fbae0b]
https://www.newrelic.com [301] [GET] [] [] [] [vhost] [fastly] [d41d8cd98f00b204e9800998ecf8427e]
https://yum.newrelic.com [200] [GET] [text/html] [] [AmazonS3] [vhost] [fastly] [Amazon S3,Amazon Web Services] [2963c1ee56a2123e2223bc96db4e50dd]
