http://idx.nextel.be:2082 [301] [GET] [] [] [cloudflare] [vhost] [cloudflare] [Cloudflare,Cloudflare Bot Management] [d41d8cd98f00b204e9800998ecf8427e]
http://idx.nextel.be:2086 [301] [GET] [] [] [cloudflare] [vhost] [cloudflare] [Cloudflare,Cloudflare Bot Management] [d41d8cd98f00b204e9800998ecf8427e]
http://idx.nextel.be:8080 [301] [GET] [] [] [cloudflare] [vhost] [cloudflare] [Cloudflare,Cloudflare Bot Management] [d41d8cd98f00b204e9800998ecf8427e]
http://idx.nextel.be:8880 [301] [GET] [] [] [cloudflare] [vhost] [cloudflare] [Cloudflare,Cloudflare Bot Management] [d41d8cd98f00b204e9800998ecf8427e]
http://mysack.nextel.be:4040 [400] [GET] [text/html] [Bad Request] [Microsoft-HTTPAPI/2.0] [Microsoft HTTPAPI:2.0] [812cb069327a73bb5d9f95c392c722c2]
http://nextel.be [301] [GET] [text/html] [301 Moved Permanently] [Telenet Hosting & Cloud] [vhost] [3ea1c8d079b38532a6e01a96216ba5e2]
https://aanvraag.nextel.be [404] [GET] [text/plain] [] [] [f9ae9006943e3a67b95ca4c6c733b6d4]
https://apimy.nextel.be [403] [GET] [text/html] [] [Microsoft-IIS/10.0] [vhost] [azure] [Azure,IIS:10.0,Microsoft ASP.NET,Windows Server] [97a729425160429efb6b9ec91f1c7a96]
https://demande.nextel.be [404] [GET] [text/plain] [] [] [f9ae9006943e3a67b95ca4c6c733b6d4]
https://document.nextel.be [400] [GET] [application/xml] [] [Microsoft-HTTPAPI/2.0] [vhost] [Azure,Azure Front Door,Microsoft HTTPAPI:2.0] [6ea577b2ce725a1f8d3794a2ddb3f1a9]
https://document.nextel.be [400] [GET] [application/xml] [] [Microsoft-HTTPAPI/2.0] [vhost] [Azure,Azure Front Door,Microsoft HTTPAPI:2.0] [a6076ca3d052d29624a97a560f322187]
https://documentsglobal.nextel.be [400] [GET] [] [] [] [fbfee9a1d49ee446cc042ac6e1a14fd2]
https://documentsglobal.nextel.be [400] [GET] [] [] [] [vhost] [0ec5d0136085e4943faf4122d00d9efe]
https://documenttest.nextel.be [400] [GET] [application/xml] [] [Microsoft-HTTPAPI/2.0] [vhost] [Azure,Azure Front Door,Microsoft HTTPAPI:2.0] [206a70b7b67599e327de2fbea4b3331c]
https://documenttest.nextel.be [400] [GET] [application/xml] [] [Microsoft-HTTPAPI/2.0] [vhost] [Azure,Azure Front Door,Microsoft HTTPAPI:2.0] [532e9024953e4a7eb5c55e89ad510322]
https://external.nextel.be [200] [GET] [text/html] [] [SonicWALL SSL-VPN Web Server] [vhost] [a38fb416694e194d32c67f58c1eb2a1b]
https://fs.nextel.be [404] [GET] [text/html] [Not Found] [Microsoft-HTTPAPI/2.0 Microsoft-HTTPAPI/2.0] [vhost] [Microsoft HTTPAPI:2.0] [67932d4b695e1d6b19dfc2e3610761ff]
https://ftp.nextel.be [302] [GET] [] [] [] [d41d8cd98f00b204e9800998ecf8427e]
https://global.nextel.be [400] [GET] [] [] [] [vhost] [4d5e22479a13f698bbd410f0397ef76c]
https://global.nextel.be [400] [GET] [] [] [] [vhost] [ed5603e498f0f5c002680ca543335ebf]
https://hivemanager.nextel.be [200] [GET] [text/html] [] [HiveManager] [9dd85263bf8876b405ec2a891cb7afa8]
https://hvac.nextel.be [302] [GET] [] [] [] [d41d8cd98f00b204e9800998ecf8427e]
https://hvac.nextel.be [302] [GET] [] [] [] [vhost] [d41d8cd98f00b204e9800998ecf8427e]
https://idx.nextel.be:2083 [400] [GET] [text/plain] [] [cloudflare] [vhost] [cloudflare] [Cloudflare,Cloudflare Bot Management] [426975243793dd61c5340e83425bc0e9]
https://idx.nextel.be:2087 [400] [GET] [text/plain] [] [cloudflare] [vhost] [cloudflare] [Cloudflare,Cloudflare Bot Management] [426975243793dd61c5340e83425bc0e9]
https://idx.nextel.be [302] [GET] [text/plain] [] [cloudflare] [vhost] [cloudflare] [Cloudflare,Cloudflare Bot Management] [44e6b671852876ca41508f2b2463d8dd]
https://idx.nextel.be:8443 [400] [GET] [text/plain] [] [cloudflare] [vhost] [cloudflare] [Cloudflare,Cloudflare Bot Management] [426975243793dd61c5340e83425bc0e9]
https://ipo.demo.nextel.be [301] [GET] [text/plain] [] [IPOffice/] [32587595f8fe0a112758aaf6d4715185]
https://ipo.nextel.be:9443 [200] [GET] [text/html] [] [Apache-Coyote/1.1] [Apache Tomcat,Java] [4a4c08235ae08d9086628f3043a54728]
https://ipo-uc.demo.nextel.be:9443 [200] [GET] [text/html] [] [Apache-Coyote/1.1] [Apache Tomcat,Java] [4a4c08235ae08d9086628f3043a54728]
https://ipo-uc.nextel.be:9443 [200] [GET] [text/html] [] [Apache-Coyote/1.1] [Apache Tomcat,Java] [4a4c08235ae08d9086628f3043a54728]
https://itappnforced.nextel.be [403] [GET] [text/html] [Web App - Unavailable] [] [vhost] [azure] [fa175a75967d5661c4d38eaf18e28fc8]
https://mbg.demo.nextel.be [200] [GET] [text/html] [Redirecting...] [Apache] [vhost] [Apache] [cfa6e3dcc9fc417b5268b09477fa3853]
https://mbg.demo.nextel.be:4443 [404] [GET] [] [] [Linktivity ConnectionPoint] [d41d8cd98f00b204e9800998ecf8427e]
https://micollab.demo.nextel.be [200] [GET] [text/html] [Redirecting...] [Apache] [vhost] [Apache] [cfa6e3dcc9fc417b5268b09477fa3853]
https://micollab.demo.nextel.be:4443 [404] [GET] [] [] [Linktivity ConnectionPoint] [d41d8cd98f00b204e9800998ecf8427e]
https://mobicrmapi.nextel.be [403] [GET] [text/html] [] [Microsoft-IIS/10.0] [vhost] [azure] [Azure,IIS:10.0,Microsoft ASP.NET,Windows Server] [97a729425160429efb6b9ec91f1c7a96]
https://mobicrmapitest.nextel.be [403] [GET] [text/html] [] [Microsoft-IIS/10.0] [vhost] [azure] [Azure,IIS:10.0,Microsoft ASP.NET,Windows Server] [97a729425160429efb6b9ec91f1c7a96]
https://mydashboard.nextel.be [302] [GET] [text/html] [] [] [cb0b177a86bb404bfe3fb7697196e9b7]
https://my.nextel.be [200] [GET] [text/html] [Loading...] [Microsoft-IIS/10.0] [vhost] [Azure,Azure Front Door,Bootstrap,IIS:10.0,Microsoft ASP.NET,Windows Server] [b4bcfb35eb1b9ddcca8e75eaf276788e]
https://mynextel.nextel.be [200] [GET] [text/html] [MyNextel] [Microsoft-IIS/10.0] [vhost] [azure] [Azure,Bootstrap,IIS:10.0,Microsoft ASP.NET,Windows Server] [f3c0fa058f12f3a4ffe60ccd83127234]
https://mysack.nextel.be [404] [GET] [text/html] [Not Found] [Microsoft-HTTPAPI/2.0] [Microsoft HTTPAPI:2.0] [67932d4b695e1d6b19dfc2e3610761ff]
https://new.nextel.be [200] [GET] [text/html] [] [nginx] [Nginx] [7ddb7f8cb4adc25c7acd848179e23f45]
https://obmmc.nextel.be [404] [GET] [text/html] [Not Found] [Microsoft-HTTPAPI/2.0] [Microsoft HTTPAPI:2.0] [67932d4b695e1d6b19dfc2e3610761ff]
https://public-api.nextel.be [404] [GET] [] [] [Microsoft-IIS/10.0] [vhost] [azure] [Azure,IIS:10.0,Microsoft ASP.NET,Windows Server] [d41d8cd98f00b204e9800998ecf8427e]
https://qa-api-my.nextel.be [403] [GET] [text/html] [] [Microsoft-IIS/10.0] [vhost] [azure] [Azure,IIS:10.0,Microsoft ASP.NET,Windows Server] [97a729425160429efb6b9ec91f1c7a96]
https://sc.nextel.be [401] [GET] [text/html] [401 Authorization Required] [Apache/2.2.16 (Debian)] [vhost] [Apache:2.2.16,Basic,Debian] [f6146fe23d3bc127b847da3dffa4a818]
https://ssl.bealert.nextel.be [302] [GET] [text/html] [] [] [Java] [d41d8cd98f00b204e9800998ecf8427e]
https://ssl.nextel.be [200] [GET] [text/html] [] [SonicWALL SSL-VPN Web Server] [vhost] [a38fb416694e194d32c67f58c1eb2a1b]
https://staging-api-my.nextel.be [403] [GET] [text/html] [] [Microsoft-IIS/10.0] [vhost] [azure] [Azure,IIS:10.0,Microsoft ASP.NET,Windows Server] [97a729425160429efb6b9ec91f1c7a96]
https://staging-my.nextel.be [200] [GET] [text/html] [Loading...] [Microsoft-IIS/10.0] [vhost] [azure] [Azure,Bootstrap,IIS:10.0,Microsoft ASP.NET,Windows Server] [f0054d52a41b28d67602b9ec88931f17]
https://staging-public-api.nextel.be [404] [GET] [] [] [Microsoft-IIS/10.0] [vhost] [azure] [Azure,IIS:10.0,Microsoft ASP.NET,Windows Server] [d41d8cd98f00b204e9800998ecf8427e]
https://test-api-my.nextel.be [403] [GET] [text/html] [] [Microsoft-IIS/10.0] [vhost] [azure] [Azure,IIS:10.0,Microsoft ASP.NET,Windows Server] [97a729425160429efb6b9ec91f1c7a96]
https://test-my.nextel.be [200] [GET] [text/html] [Loading...] [Microsoft-IIS/10.0] [vhost] [azure] [Azure,Bootstrap,IIS:10.0,Microsoft ASP.NET,Windows Server] [c5831c6da7977d32750d45fed24aa5a6]
https://test-public-api.nextel.be [404] [GET] [] [] [Microsoft-IIS/10.0] [vhost] [azure] [Azure,IIS:10.0,Microsoft ASP.NET,Windows Server] [d41d8cd98f00b204e9800998ecf8427e]
https://tmhe.nextel.be [404] [GET] [text/html] [Not Found] [Microsoft-HTTPAPI/2.0] [Microsoft HTTPAPI:2.0] [67932d4b695e1d6b19dfc2e3610761ff]
https://uat-api-my.nextel.be [403] [GET] [text/html] [] [Microsoft-IIS/10.0] [vhost] [azure] [Azure,IIS:10.0,Microsoft ASP.NET,Windows Server] [97a729425160429efb6b9ec91f1c7a96]
https://uat-my.nextel.be [200] [GET] [text/html] [Loading...] [Microsoft-IIS/10.0] [vhost] [Azure,Azure Front Door,Bootstrap,IIS:10.0,Microsoft ASP.NET,Windows Server] [2b4030a06ccbfcecc9104457bdbfc875]
https://uat-public-api.nextel.be [404] [GET] [] [] [Microsoft-IIS/10.0] [vhost] [azure] [Azure,IIS:10.0,Microsoft ASP.NET,Windows Server] [d41d8cd98f00b204e9800998ecf8427e]
https://url7541.nextel.be [404] [GET] [text/html] [404 Not Found] [nginx] [Nginx] [70461da8b94c6ca5d2fda3260c5a8c3b]
https://varnish.nextel.be [200] [GET] [text/html] [] [nginx] [Nginx] [7ddb7f8cb4adc25c7acd848179e23f45]
https://wachtdienst.nextel.be [200] [GET] [text/html] [] [SonicWALL SSL-VPN Web Server] [vhost] [a38fb416694e194d32c67f58c1eb2a1b]
http://www.nextel.be [301] [GET] [text/html] [301 Moved Permanently] [Telenet Hosting & Cloud] [vhost] [3ea1c8d079b38532a6e01a96216ba5e2]
