http://docs.notional.finance:2082 [302] [GET] [] [] [cloudflare] [vhost] [cloudflare] [Cloudflare] [d41d8cd98f00b204e9800998ecf8427e]
http://docs.notional.finance:2086 [302] [GET] [] [] [cloudflare] [vhost] [cloudflare] [Cloudflare] [d41d8cd98f00b204e9800998ecf8427e]
http://docs.notional.finance:8080 [302] [GET] [] [] [cloudflare] [vhost] [cloudflare] [Cloudflare] [d41d8cd98f00b204e9800998ecf8427e]
http://docs.notional.finance:8880 [302] [GET] [] [] [cloudflare] [vhost] [cloudflare] [Cloudflare] [d41d8cd98f00b204e9800998ecf8427e]
https://api.notional.finance [200] [GET] [text/html] [] [] [vhost] [Express,Google Cloud,Google Cloud CDN,Node.js] [e0aa021e21dddbd6d8cecec71e9cf564]
https://blog.notional.finance [200] [GET] [text/html] [Notional Finance - Fixed Rates, Now in Crypto] [openresty] [vhost] [fastly] [Fastly,Ghost:4.48,Google Font API,Nginx,Node.js,OpenResty,Varnish] [983a38aa4a5719439681b8ecd6fee8c5]
https://community.notional.finance [302] [GET] [] [] [Caddy cloudflare] [vhost] [Cloudflare,Cloudflare Network Error Logging,Express,Node.js] [d41d8cd98f00b204e9800998ecf8427e]
https://discord.notional.finance [301] [GET] [text/plain] [] [Netlify] [vhost] [google] [Netlify] [aba1a0ea0ffb95da24f16d79540ef673]
https://docs.notional.finance:2053 [302] [GET] [text/plain] [] [cloudflare] [vhost] [cloudflare] [Algolia,Cloudflare,Google Cloud,Google Cloud Trace] [3637bba0ead9cb56ca35b392a65008eb]
https://docs.notional.finance:2083 [302] [GET] [text/plain] [] [cloudflare] [vhost] [cloudflare] [Algolia,Cloudflare,Google Cloud,Google Cloud Trace] [3637bba0ead9cb56ca35b392a65008eb]
https://docs.notional.finance:2087 [302] [GET] [text/plain] [] [cloudflare] [vhost] [cloudflare] [Algolia,Cloudflare,Google Cloud,Google Cloud Trace] [3637bba0ead9cb56ca35b392a65008eb]
https://docs.notional.finance [302] [GET] [text/plain] [] [cloudflare] [vhost] [cloudflare] [Algolia,Cloudflare,Google Cloud,Google Cloud Trace] [3637bba0ead9cb56ca35b392a65008eb]
https://docs.notional.finance:8443 [302] [GET] [text/plain] [] [cloudflare] [vhost] [cloudflare] [Algolia,Cloudflare,Google Cloud,Google Cloud Trace] [3637bba0ead9cb56ca35b392a65008eb]
https://forum.notional.finance [200] [GET] [text/html] [Commonwealth] [Cowboy] [vhost] [Cowboy,Express,Heroku,Node.js,Typekit] [b8ee978b74c651be3396d802f151a93a]
https://goerli.api.notional.finance [200] [GET] [text/html] [] [] [vhost] [Express,Google Cloud,Google Cloud CDN,Node.js] [e0aa021e21dddbd6d8cecec71e9cf564]
https://goerli.notional.finance [200] [GET] [text/html] [Notional Finance - DeFi Fixed Rates] [Netlify] [vhost] [Netlify] [1244f8688c69ab439cdde9588dc4a3c4]
https://info.notional.finance [200] [GET] [text/html] [Notional Info] [Netlify] [vhost] [google] [Google Font API,Netlify] [6a43392157aa2f92780d312ea4e54b1f]
https://kovan.api.notional.finance [200] [GET] [text/html] [] [] [vhost] [Express,Google Cloud,Google Cloud CDN,Node.js] [e0aa021e21dddbd6d8cecec71e9cf564]
https://kovan.notional.finance [200] [GET] [text/html] [Notional Finance - DeFi Fixed Rates] [Netlify] [vhost] [Netlify] [1244f8688c69ab439cdde9588dc4a3c4]
https://notional.finance [200] [GET] [text/html] [Notional Finance - DeFi Fixed Rates] [Netlify] [vhost] [google] [Netlify] [1244f8688c69ab439cdde9588dc4a3c4]
https://podcast.notional.finance [200] [GET] [text/html] [Notable Buidlers] [Caddy] [vhost] [Caddy,Go,Ruby,Ruby on Rails,Stimulus] [68ffe59b2eadfedd2a41adc740d598bb]
https://podcast.notional.finance [200] [GET] [text/html] [Notable Buidlers] [Caddy] [vhost] [Caddy,Go,Ruby,Ruby on Rails,Stimulus] [7c5fb8b878307fa2dd04b405cbd10108]
https://v1.notional.finance [200] [GET] [text/html] [Notional Finance] [Netlify] [vhost] [Netlify] [128365c5f5761efbfa411dfe1ee43d99]
https://www.notional.finance [301] [GET] [text/plain] [] [Netlify] [vhost] [Netlify] [1626971e53499923652f0d3d601c0ad3]
