http://bam-cell.nr-data.net:8080 [301] [GET] [] [] [cloudflare] [vhost] [Cloudflare,Cloudflare Network Error Logging] [d41d8cd98f00b204e9800998ecf8427e]
http://bam.eu01.nr-data.net:8080 [301] [GET] [] [] [cloudflare] [vhost] [Cloudflare,Cloudflare Network Error Logging] [d41d8cd98f00b204e9800998ecf8427e]
http://cloud-collector.eu01.nr-data.net:8080 [301] [GET] [] [] [cloudflare] [Cloudflare] [d41d8cd98f00b204e9800998ecf8427e]
http://collector-001.eu01.nr-data.net:8080 [301] [GET] [] [] [cloudflare] [Cloudflare] [d41d8cd98f00b204e9800998ecf8427e]
http://collector-pool.migration.cell.nr-data.net [409] [GET] [text/plain] [] [cloudflare] [Cloudflare] [f6bbbdc9b05a5af96b6b7e618ee357cc]
http://collector-pool.migration.cell.nr-data.net:8080 [409] [GET] [text/plain] [] [cloudflare] [Cloudflare] [f6bbbdc9b05a5af96b6b7e618ee357cc]
http://collector-pool.migration.cell.nr-data.net:8443 [400] [GET] [text/html] [400 The plain HTTP request was sent to HTTPS port] [cloudflare] [Cloudflare] [cd58783500d7fa3c58f88eb0ba22f4f8]
http://log-api.eu01.nr-data.net:8080 [301] [GET] [] [] [cloudflare] [Cloudflare] [d41d8cd98f00b204e9800998ecf8427e]
http://log-api-origin.cell.nr-data.net [409] [GET] [text/plain] [] [cloudflare] [Cloudflare] [f6bbbdc9b05a5af96b6b7e618ee357cc]
http://log-api-origin.cell.nr-data.net:8080 [409] [GET] [text/plain] [] [cloudflare] [Cloudflare] [f6bbbdc9b05a5af96b6b7e618ee357cc]
http://log-api-origin.cell.nr-data.net:8443 [400] [GET] [text/html] [400 The plain HTTP request was sent to HTTPS port] [cloudflare] [Cloudflare] [cd58783500d7fa3c58f88eb0ba22f4f8]
https://bam-6.nr-data.net [400] [GET] [] [] [] [d41d8cd98f00b204e9800998ecf8427e]
https://bam-7.nr-data.net [400] [GET] [] [] [] [d41d8cd98f00b204e9800998ecf8427e]
https://bam-8.nr-data.net [400] [GET] [] [] [] [d41d8cd98f00b204e9800998ecf8427e]
https://bam-9.nr-data.net [400] [GET] [] [] [] [d41d8cd98f00b204e9800998ecf8427e]
https://bam-cell.nr-data.net [404] [GET] [text/plain] [] [cloudflare] [vhost] [Cloudflare,Cloudflare Network Error Logging] [99914b932bd37a50b983c5e7c90ae93b]
https://bam-cell.nr-data.net:8443 [404] [GET] [text/plain] [] [cloudflare] [vhost] [Cloudflare,Cloudflare Network Error Logging] [99914b932bd37a50b983c5e7c90ae93b]
https://bam.eu01.nr-data.net [404] [GET] [text/plain] [] [cloudflare] [vhost] [Cloudflare,Cloudflare Network Error Logging] [99914b932bd37a50b983c5e7c90ae93b]
https://bam.eu01.nr-data.net:8443 [404] [GET] [text/plain] [] [cloudflare] [vhost] [Cloudflare,Cloudflare Network Error Logging] [99914b932bd37a50b983c5e7c90ae93b]
https://bam-f10-i60-30.eu01.nr-data.net [500] [GET] [text/html] [Fastly error: unknown domain bam-f10-i60-30.eu01.nr-data.net] [Varnish] [fastly] [9e63ad7e46381fab9b57b1d5b45f2eb7]
https://bam.nr-data.net [400] [GET] [] [] [] [d41d8cd98f00b204e9800998ecf8427e]
https://chi-prod-cloud-collector.nr-data.net [404] [GET] [application/json] [] [] [99914b932bd37a50b983c5e7c90ae93b]
https://chi-prod-collector.nr-data.net [403] [GET] [text/plain] [] [] [d41d8cd98f00b204e9800998ecf8427e]
https://chi-prod-infra-api.nr-data.net [404] [GET] [text/plain] [] [] [vhost] [d41d8cd98f00b204e9800998ecf8427e]
https://chi-production-insights-collector.nr-data.net [404] [GET] [application/json] [] [] [99914b932bd37a50b983c5e7c90ae93b]
https://chi-staging-cloud-collector.nr-data.net [404] [GET] [application/json] [] [] [99914b932bd37a50b983c5e7c90ae93b]
https://chi-staging-collector.nr-data.net [403] [GET] [text/plain] [] [] [d41d8cd98f00b204e9800998ecf8427e]
https://chi-staging-infra-api.nr-data.net [404] [GET] [text/plain] [] [] [vhost] [d41d8cd98f00b204e9800998ecf8427e]
https://chi-staging-insights-collector.nr-data.net [404] [GET] [application/json] [] [] [99914b932bd37a50b983c5e7c90ae93b]
https://cloud-collector.eu01.nr-data.net [403] [GET] [text/plain] [] [cloudflare] [vhost] [Cloudflare] [d41d8cd98f00b204e9800998ecf8427e]
https://cloud-collector.eu01.nr-data.net:8443 [403] [GET] [text/plain] [] [cloudflare] [vhost] [Cloudflare] [d41d8cd98f00b204e9800998ecf8427e]
https://collector-001.eu01.nr-data.net [403] [GET] [text/plain] [] [cloudflare] [vhost] [Cloudflare] [d41d8cd98f00b204e9800998ecf8427e]
https://collector-001.eu01.nr-data.net:8443 [403] [GET] [text/plain] [] [cloudflare] [vhost] [Cloudflare] [d41d8cd98f00b204e9800998ecf8427e]
https://gov-bam.nr-data.net [400] [GET] [] [] [] [d41d8cd98f00b204e9800998ecf8427e]
https://ingest-test-api.eu01.nr-data.net:2083 [404] [GET] [text/plain] [] [cloudflare] [vhost] [Cloudflare] [99914b932bd37a50b983c5e7c90ae93b]
https://ingest-test-api.eu01.nr-data.net:2087 [404] [GET] [text/plain] [] [cloudflare] [vhost] [Cloudflare] [99914b932bd37a50b983c5e7c90ae93b]
https://ingest-test-api.eu01.nr-data.net [404] [GET] [text/plain] [] [cloudflare] [vhost] [Cloudflare] [99914b932bd37a50b983c5e7c90ae93b]
https://ingest-test-api.eu01.nr-data.net:8443 [404] [GET] [text/plain] [] [cloudflare] [vhost] [Cloudflare] [99914b932bd37a50b983c5e7c90ae93b]
https://log-api.eu01.nr-data.net [404] [GET] [text/plain] [] [cloudflare] [vhost] [Cloudflare] [99914b932bd37a50b983c5e7c90ae93b]
https://log-api.eu01.nr-data.net:8443 [404] [GET] [text/plain] [] [cloudflare] [vhost] [Cloudflare] [99914b932bd37a50b983c5e7c90ae93b]
https://metric-api.eu01.nr-data.net:2083 [404] [GET] [text/plain] [] [cloudflare] [vhost] [Cloudflare] [99914b932bd37a50b983c5e7c90ae93b]
https://metric-api.eu01.nr-data.net:2087 [404] [GET] [text/plain] [] [cloudflare] [vhost] [Cloudflare] [99914b932bd37a50b983c5e7c90ae93b]
https://metric-api.eu01.nr-data.net [404] [GET] [text/plain] [] [cloudflare] [vhost] [Cloudflare] [99914b932bd37a50b983c5e7c90ae93b]
https://metric-api.eu01.nr-data.net:8443 [404] [GET] [text/plain] [] [cloudflare] [vhost] [Cloudflare] [99914b932bd37a50b983c5e7c90ae93b]
https://mobile-collector.eu01.nr-data.net [403] [GET] [text/plain] [] [cloudflare] [vhost] [Cloudflare] [d41d8cd98f00b204e9800998ecf8427e]
https://mobile-crash-origin.eu01.nr-data.net [503] [GET] [] [] [] [0b12f326642120ebfb529fb9def08aaf]
https://service.nr-data.net [404] [GET] [text/html] [404 Sorry – You've reached an error on New Relic] [] [Google Font API] [6a156d4ca10ebf7a0c97c14ec3d0c3c3]
https://staging-bam-cell.nr-data.net:2083 [404] [GET] [text/plain] [] [cloudflare] [vhost] [Cloudflare,Cloudflare Network Error Logging] [99914b932bd37a50b983c5e7c90ae93b]
https://staging-bam-cell.nr-data.net:2087 [404] [GET] [text/plain] [] [cloudflare] [vhost] [Cloudflare,Cloudflare Network Error Logging] [99914b932bd37a50b983c5e7c90ae93b]
https://staging-bam-cell.nr-data.net [404] [GET] [text/plain] [] [cloudflare] [vhost] [Cloudflare,Cloudflare Network Error Logging] [99914b932bd37a50b983c5e7c90ae93b]
https://staging-bam-cell.nr-data.net:8443 [404] [GET] [text/plain] [] [cloudflare] [vhost] [Cloudflare,Cloudflare Network Error Logging] [99914b932bd37a50b983c5e7c90ae93b]
https://staging-bam.nr-data.net:2083 [404] [GET] [text/plain] [] [cloudflare] [vhost] [Cloudflare] [99914b932bd37a50b983c5e7c90ae93b]
https://staging-bam.nr-data.net:2087 [404] [GET] [text/plain] [] [cloudflare] [vhost] [Cloudflare] [99914b932bd37a50b983c5e7c90ae93b]
https://staging-bam.nr-data.net [404] [GET] [text/plain] [] [cloudflare] [vhost] [Cloudflare] [99914b932bd37a50b983c5e7c90ae93b]
https://staging-bam.nr-data.net:8443 [404] [GET] [text/plain] [] [cloudflare] [vhost] [Cloudflare] [99914b932bd37a50b983c5e7c90ae93b]
https://staging-otlp.nr-data.net [404] [GET] [text/plain] [] [cloudflare] [vhost] [Cloudflare] [99914b932bd37a50b983c5e7c90ae93b]
https://staging-service.nr-data.net [404] [GET] [text/html] [404 Sorry – You've reached an error on New Relic] [] [Google Font API] [6a156d4ca10ebf7a0c97c14ec3d0c3c3]
https://staging-synthetics-horde-admin-tmp.nr-data.net [404] [GET] [text/plain] [] [] [595e88012a6521aae3e12cbebe76eb9e]
https://synthetics-horde.nr-data.net [404] [GET] [application/json] [] [] [vhost] [bc2aa9e4302a2bd3005ff4defd589b15]
http://staging-insights-collector-origin.nr-data.net [409] [GET] [text/plain] [] [cloudflare] [Cloudflare] [f6bbbdc9b05a5af96b6b7e618ee357cc]
http://staging-insights-collector-origin.nr-data.net:8080 [409] [GET] [text/plain] [] [cloudflare] [Cloudflare] [f6bbbdc9b05a5af96b6b7e618ee357cc]
http://staging-insights-collector-origin.nr-data.net:8443 [400] [GET] [text/html] [400 The plain HTTP request was sent to HTTPS port] [cloudflare] [Cloudflare] [cd58783500d7fa3c58f88eb0ba22f4f8]
https://tls10.eu01.nr-data.net:2083 [530] [GET] [text/html] [Origin DNS error | tls10.eu01.nr-data.net | Cloudflare] [cloudflare] [vhost] [Cloudflare] [4aacba2a6c4a4ac413c24d796e463e40]
https://tls10.eu01.nr-data.net:2087 [530] [GET] [text/html] [Origin DNS error | tls10.eu01.nr-data.net | Cloudflare] [cloudflare] [vhost] [Cloudflare] [f11d6fa58624d36f8dd3dfbcb02d8634]
https://tls10.eu01.nr-data.net:2096 [530] [GET] [text/html] [Origin DNS error | tls10.eu01.nr-data.net | Cloudflare] [cloudflare] [vhost] [Cloudflare] [27c646d838a0a661798adf96a12dcb9c]
https://tls10.eu01.nr-data.net [530] [GET] [text/html] [Origin DNS error | tls10.eu01.nr-data.net | Cloudflare] [cloudflare] [vhost] [Cloudflare] [6efbec6585265e1a85dbd606084c16c3]
https://tls10.eu01.nr-data.net [530] [GET] [text/html] [Origin DNS error | tls10.eu01.nr-data.net | Cloudflare] [cloudflare] [vhost] [Cloudflare] [f6845753bc0945038967bea2452304f8]
https://tls10.eu01.nr-data.net:8443 [530] [GET] [text/html] [Origin DNS error | tls10.eu01.nr-data.net | Cloudflare] [cloudflare] [vhost] [Cloudflare] [8a5ad91617ecc8148d7140b52ac61739]
https://tls12.eu01.nr-data.net:2053 [530] [GET] [text/html] [Origin DNS error | tls12.eu01.nr-data.net | Cloudflare] [cloudflare] [vhost] [Cloudflare] [6ea183c3930b140bcc5db24513ef9c5b]
https://tls12.eu01.nr-data.net:2083 [530] [GET] [text/html] [Origin DNS error | tls12.eu01.nr-data.net | Cloudflare] [cloudflare] [vhost] [Cloudflare] [f80186a77a3da7fbbffb71739a6214d2]
https://tls12.eu01.nr-data.net:2087 [530] [GET] [text/html] [Origin DNS error | tls12.eu01.nr-data.net | Cloudflare] [cloudflare] [vhost] [Cloudflare] [7bdc504b4dd10419e4e0bafffb772875]
https://tls12.eu01.nr-data.net [530] [GET] [text/html] [Origin DNS error | tls12.eu01.nr-data.net | Cloudflare] [cloudflare] [vhost] [Cloudflare] [267c7fd4e31f19e33173846b7987fd79]
https://tls12.eu01.nr-data.net [530] [GET] [text/html] [Origin DNS error | tls12.eu01.nr-data.net | Cloudflare] [cloudflare] [vhost] [Cloudflare] [5722add2aeec70ab4fe1085d1bf34769]
https://tls12.eu01.nr-data.net:8443 [530] [GET] [text/html] [Origin DNS error | tls12.eu01.nr-data.net | Cloudflare] [cloudflare] [vhost] [Cloudflare] [f028a65a1bde2580dfea8d75d34a4943]
http://tls10.eu01.nr-data.net:2052 [301] [GET] [] [] [cloudflare] [Cloudflare] [d41d8cd98f00b204e9800998ecf8427e]
http://tls10.eu01.nr-data.net:2082 [301] [GET] [] [] [cloudflare] [Cloudflare] [d41d8cd98f00b204e9800998ecf8427e]
http://tls10.eu01.nr-data.net:2086 [301] [GET] [] [] [cloudflare] [Cloudflare] [d41d8cd98f00b204e9800998ecf8427e]
http://tls10.eu01.nr-data.net:8080 [301] [GET] [] [] [cloudflare] [Cloudflare] [d41d8cd98f00b204e9800998ecf8427e]
http://tls10.eu01.nr-data.net:8880 [301] [GET] [] [] [cloudflare] [Cloudflare] [d41d8cd98f00b204e9800998ecf8427e]
http://tls12.eu01.nr-data.net:2082 [301] [GET] [] [] [cloudflare] [Cloudflare] [d41d8cd98f00b204e9800998ecf8427e]
http://tls12.eu01.nr-data.net:2086 [301] [GET] [] [] [cloudflare] [Cloudflare] [d41d8cd98f00b204e9800998ecf8427e]
http://tls12.eu01.nr-data.net:8080 [301] [GET] [] [] [cloudflare] [Cloudflare] [d41d8cd98f00b204e9800998ecf8427e]
http://tls12.eu01.nr-data.net:8880 [301] [GET] [] [] [cloudflare] [Cloudflare] [d41d8cd98f00b204e9800998ecf8427e]
