https://api.dev.oasis.app [404] [GET] [text/plain] [] [] [vhost] [adbd75e05ff49cde50ce1c12829d4d76]
https://auctions.oasis.app [403] [GET] [application/json] [] [] [vhost] [cloudfront] [Amazon Cloudfront,Amazon Web Services] [8bbd3c6a30b50e25115513b9be76704b]
https://blog.oasis.app [200] [GET] [text/html] [Oasis Blog] [Apache/2.4.53 (Debian)] [vhost] [cloudfront] [Amazon Cloudfront,Amazon Web Services,Apache:2.4.53,Debian,MySQL,PHP:7.4.30,WordPress,Yoast SEO:19.1] [bea968cc03f7b04d8a65f96ff5db5e0a]
https://blog.staging.oasis.app [200] [GET] [text/html] [Oasis Blog] [Apache/2.4.53 (Debian)] [vhost] [cloudfront] [Amazon Cloudfront,Amazon Web Services,Apache:2.4.53,Debian,MySQL,PHP:7.4.30,WordPress,Yoast SEO:19.1] [e373698e45952ffbcf6951236e63c31b]
https://cache.new.oasis.app [200] [GET] [text/html] [Oasis Blog] [Apache/2.4.53 (Debian)] [Apache:2.4.53,Debian,MySQL,PHP:7.4.30,WordPress,Yoast SEO:19.1] [707cb0ed325cadfaa0d5a27731415ef3]
https://chat.oasis.app [302] [GET] [application/octet-stream] [] [awselb/2.0] [99914b932bd37a50b983c5e7c90ae93b]
https://kb.oasis.app [301] [GET] [text/html] [] [nginx] [vhost] [Nginx] [1bfcd2e75754780c97a3f0d6a50f0b6e]
https://legacy.oasis.app [200] [GET] [text/html] [Oasis.app] [Cowboy] [vhost] [Cowboy,Heroku,Next.js,Node.js,React,webpack] [d19e4a8a448cc48a5df6e563bad39e50]
https://mpp.oasis.app [200] [GET] [text/html] [Mixpanel API] [nginx/1.21.1] [Envoy,Google Cloud,Google Cloud CDN,Nginx:1.21.1] [ce0bf4255f99b53f6e20e85ef9b00754]
https://mpp.staging.oasis.app [200] [GET] [text/html] [Mixpanel API] [nginx/1.21.1] [Envoy,Google Cloud,Google Cloud CDN,Nginx:1.21.1] [ce0bf4255f99b53f6e20e85ef9b00754]
https://oasis.app [200] [GET] [text/html] [Oasis.app] [] [vhost] [cloudfront] [Amazon Cloudfront,Amazon Web Services,Next.js,Node.js,React,webpack] [14acc557da3dbd2cfc2a6db9a430396f]
https://oazo-bcache-goerli-adp.new.oasis.app [403] [GET] [application/json] [] [] [vhost] [cloudfront] [Amazon Cloudfront,Amazon Web Services] [8bbd3c6a30b50e25115513b9be76704b]
https://oazo-bcache-goerli-staging.new.oasis.app [403] [GET] [application/json] [] [] [vhost] [cloudfront] [Amazon Cloudfront,Amazon Web Services] [8bbd3c6a30b50e25115513b9be76704b]
https://oazo-bcache-mainnet-staging.new.oasis.app [403] [GET] [application/json] [] [] [vhost] [cloudfront] [Amazon Cloudfront,Amazon Web Services] [8bbd3c6a30b50e25115513b9be76704b]
https://oazo-bcache.new.oasis.app [403] [GET] [application/json] [] [] [vhost] [cloudfront] [Amazon Cloudfront,Amazon Web Services] [8bbd3c6a30b50e25115513b9be76704b]
https://staging.oasis.app [200] [GET] [text/html] [Oasis.app] [] [vhost] [cloudfront] [Amazon Cloudfront,Amazon Web Services,Next.js,Node.js,React,webpack] [cc1ae7de5230e2b6eb24b0876fd68cfb]
https://storybook.oasis.app [404] [GET] [application/xml] [] [AmazonS3] [vhost] [cloudfront] [Amazon Cloudfront,Amazon S3,Amazon Web Services] [9d87c5a831f1952bb5cd94b1d2c6b2bf]
https://translate.oasis.app [200] [GET] [text/html] [Translate Maker] [AmazonS3] [vhost] [cloudfront] [Amazon Cloudfront,Amazon S3,Amazon Web Services,Gatsby:2.32.13,React,webpack] [e8cf9a14d90260da75e15452b66dc4d6]
https://translate.staging.oasis.app [200] [GET] [text/html] [Translate Maker] [AmazonS3] [vhost] [cloudfront] [Amazon Cloudfront,Amazon S3,Amazon Web Services,Gatsby:2.32.13,React,webpack] [e23d82b745e4c32464f0fa98235cd0cc]
https://www.mpp.staging.oasis.app [301] [GET] [text/html] [301 Moved Permanently] [awselb/2.0] [vhost] [4aa7a432bb447f094408f1bd6229c605]
https://www.oasis.app [200] [GET] [text/html] [Oasis.app] [] [vhost] [cloudfront] [Amazon Cloudfront,Amazon Web Services,Next.js,Node.js,React,webpack] [14acc557da3dbd2cfc2a6db9a430396f]
https://www.staging.oasis.app [200] [GET] [text/html] [Oasis.app] [] [vhost] [cloudfront] [Amazon Cloudfront,Amazon Web Services,Next.js,Node.js,React,webpack] [cc1ae7de5230e2b6eb24b0876fd68cfb]
https://www.storybook.oasis.app [404] [GET] [application/xml] [] [AmazonS3] [vhost] [cloudfront] [Amazon Cloudfront,Amazon S3,Amazon Web Services] [9d87c5a831f1952bb5cd94b1d2c6b2bf]
https://www.translate.oasis.app [200] [GET] [text/html] [Translate Maker] [AmazonS3] [vhost] [cloudfront] [Amazon Cloudfront,Amazon S3,Amazon Web Services,Gatsby:2.32.13,React,webpack] [e8cf9a14d90260da75e15452b66dc4d6]
https://www.translate.staging.oasis.app [200] [GET] [text/html] [Translate Maker] [AmazonS3] [vhost] [cloudfront] [Amazon Cloudfront,Amazon S3,Amazon Web Services,Gatsby:2.32.13,React,webpack] [e23d82b745e4c32464f0fa98235cd0cc]
