http://go.okx.com:2082 [403] [GET] [text/html] [Actions blocked] [cloudflare] [vhost] [Cloudflare,Cloudflare Bot Management,Cloudflare Network Error Logging] [51978cbe380c5ff1489cd9fd4bf7fd86]
http://go.okx.com:2086 [403] [GET] [text/html] [Actions blocked] [cloudflare] [vhost] [Cloudflare,Cloudflare Bot Management,Cloudflare Network Error Logging] [17e510ef6c825ab22a9c7e8060a68ccb]
http://go.okx.com:2095 [403] [GET] [text/html] [Actions blocked] [cloudflare] [vhost] [Cloudflare,Cloudflare Bot Management,Cloudflare Network Error Logging] [d3b2ab25766e3008c184087c160fa6d0]
http://go.okx.com:8080 [403] [GET] [text/html] [Actions blocked] [cloudflare] [vhost] [Cloudflare,Cloudflare Bot Management,Cloudflare Network Error Logging] [5212487d13f0efcc7bb273db9efc0ff6]
http://go.okx.com:8880 [403] [GET] [text/html] [Actions blocked] [cloudflare] [vhost] [Cloudflare,Cloudflare Bot Management,Cloudflare Network Error Logging] [b682473d7a9b7bf9a8623da30f8bd8d7]
http://newsletter.okx.com:2082 [403] [GET] [text/html] [Actions blocked] [cloudflare] [vhost] [Cloudflare,Cloudflare Bot Management,Cloudflare Network Error Logging] [443ccdf2f9c70945e2adb7e8a3207e69]
http://newsletter.okx.com:2086 [403] [GET] [text/html] [Actions blocked] [cloudflare] [vhost] [Cloudflare,Cloudflare Bot Management,Cloudflare Network Error Logging] [ccc131fb438b0f4c25c433eb149f3a5e]
http://newsletter.okx.com:2095 [403] [GET] [text/html] [Actions blocked] [cloudflare] [vhost] [Cloudflare,Cloudflare Bot Management,Cloudflare Network Error Logging] [4e090bd71d6d8e10f354d45daa2b4649]
http://newsletter.okx.com:8080 [403] [GET] [text/html] [Actions blocked] [cloudflare] [vhost] [Cloudflare,Cloudflare Bot Management,Cloudflare Network Error Logging] [464a40694f96fb8e414b83a734f60f60]
http://newsletter.okx.com:8880 [403] [GET] [text/html] [Actions blocked] [cloudflare] [vhost] [Cloudflare,Cloudflare Bot Management,Cloudflare Network Error Logging] [9a977d257cafbdbe3835ce476c53a332]
https://aws.okx.com [200] [GET] [text/html] [Buy Bitcoin & other cryptocurrencies | cryptocurrency exchange, reimagined | OKX] [] [vhost] [0678a303b8e266f62e4d1b72cffcc86b]
https://aws.okx.com [200] [GET] [text/html] [Buy Bitcoin & other cryptocurrencies | cryptocurrency exchange, reimagined | OKX] [] [vhost] [8c4f217f58de10d4698056268f16b79a]
https://awspush.okx.com [404] [GET] [text/html] [404 Not Found] [nginx] [Nginx] [8eec510e57f5f732fd2cce73df7b73ef]
https://awspush.okx.com:8443 [404] [GET] [text/html] [404 Not Found] [nginx] [Nginx] [8eec510e57f5f732fd2cce73df7b73ef]
https://email.gh-mail.okx.com [404] [GET] [text/plain] [] [] [google] [595e88012a6521aae3e12cbebe76eb9e]
https://go.okx.com:2053 [403] [GET] [text/html] [Actions blocked] [cloudflare] [vhost] [Cloudflare,Cloudflare Bot Management,Cloudflare Network Error Logging] [c616716e773f342df92e802bd2bcab11]
https://go.okx.com:2083 [403] [GET] [text/html] [Actions blocked] [cloudflare] [vhost] [Cloudflare,Cloudflare Bot Management,Cloudflare Network Error Logging] [0e7b2dfe0f6b6bdf80dfcd5bcdaf0cb9]
https://go.okx.com:2087 [403] [GET] [text/html] [Actions blocked] [cloudflare] [vhost] [Cloudflare,Cloudflare Bot Management,Cloudflare Network Error Logging] [3816ee14e836c0dc2f80f44b5d6dcc37]
https://go.okx.com:2096 [403] [GET] [text/html] [Actions blocked] [cloudflare] [vhost] [Cloudflare,Cloudflare Bot Management,Cloudflare Network Error Logging] [aa4a09cf609769316619ac4b42b8d417]
https://go.okx.com [301] [GET] [] [] [cloudflare] [vhost] [Cloudflare,Cloudflare Bot Management,Cloudflare Network Error Logging] [d41d8cd98f00b204e9800998ecf8427e]
https://go.okx.com:8443 [403] [GET] [text/html] [Actions blocked] [cloudflare] [vhost] [Cloudflare,Cloudflare Bot Management,Cloudflare Network Error Logging] [2f4477936ba6c28fe9847d7ab833ee8f]
https://learn.okx.com [301] [GET] [text/html] [] [nginx] [vhost] [google] [Nginx,WP Engine,WordPress] [d41d8cd98f00b204e9800998ecf8427e]
https://newsletter.okx.com:2053 [403] [GET] [text/html] [Actions blocked] [cloudflare] [vhost] [Cloudflare,Cloudflare Bot Management,Cloudflare Network Error Logging] [a316f721cd80733957ab1e5fa623696e]
https://newsletter.okx.com:2083 [403] [GET] [text/html] [Actions blocked] [cloudflare] [vhost] [Cloudflare,Cloudflare Bot Management,Cloudflare Network Error Logging] [ff2a5280fd4f1854e8c3e0e79ebf7063]
https://newsletter.okx.com:2087 [403] [GET] [text/html] [Actions blocked] [cloudflare] [vhost] [Cloudflare,Cloudflare Bot Management,Cloudflare Network Error Logging] [149024273e3bd09885ef8aa59c490a30]
https://newsletter.okx.com:2096 [403] [GET] [text/html] [Actions blocked] [cloudflare] [vhost] [Cloudflare,Cloudflare Bot Management,Cloudflare Network Error Logging] [c5b3eadd9d84ae3a629c90dda7bd3a4a]
https://newsletter.okx.com [301] [GET] [] [] [cloudflare] [vhost] [Cloudflare,Cloudflare Bot Management,Cloudflare Network Error Logging] [d41d8cd98f00b204e9800998ecf8427e]
https://newsletter.okx.com:8443 [403] [GET] [text/html] [Actions blocked] [cloudflare] [vhost] [Cloudflare,Cloudflare Bot Management,Cloudflare Network Error Logging] [1c4497ad6b61b2cab67385f247ead63e]
https://okx.com [301] [GET] [text/html] [301 Moved Permanently] [openresty] [vhost] [Nginx,OpenResty] [4aa7a432bb447f094408f1bd6229c605]
https://staticaws.okx.com [403] [GET] [application/xml] [] [Tengine] [vhost] [Tengine] [43c95adb94026684d0e604b7fb4c3910]
https://static.okx.com [403] [GET] [application/xml] [] [Tengine] [vhost] [cloudfront] [Amazon Cloudfront,Amazon Web Services,Tengine] [ed2b27b45ae7f98c76ce2c70f78f251c]
https://test.okx.com [400] [GET] [text/html] [Invalid URL] [AkamaiGHost] [6a1e19332a1b9d7d0abe173e34c7c0d4]
https://test.okx.com [400] [GET] [text/html] [Invalid URL] [AkamaiGHost] [c5c32ec6533a66bbd1fc033def38a9ad]
https://wsaws.okx.com [404] [GET] [text/html] [404 Not Found] [nginx] [Nginx] [370e16c3b7dba286cff055f93b9a94d8]
https://wsaws.okx.com:8443 [404] [GET] [text/html] [404 Not Found] [nginx] [Nginx] [8eec510e57f5f732fd2cce73df7b73ef]
https://wsdex.okx.com [404] [GET] [text/html] [404 Not Found] [cloudflare] [vhost] [cloudflare] [Cloudflare,Cloudflare Bot Management] [8eec510e57f5f732fd2cce73df7b73ef]
https://wsdex.okx.com:8443 [404] [GET] [text/html] [404 Not Found] [cloudflare] [vhost] [cloudflare] [Cloudflare,Cloudflare Bot Management] [8eec510e57f5f732fd2cce73df7b73ef]
https://wsdexpre.okx.com [404] [GET] [text/html] [404 Not Found] [cloudflare] [vhost] [cloudflare] [Cloudflare,Cloudflare Bot Management] [8eec510e57f5f732fd2cce73df7b73ef]
https://wsdexpre.okx.com:8443 [404] [GET] [text/html] [404 Not Found] [cloudflare] [vhost] [cloudflare] [Cloudflare,Cloudflare Bot Management] [370e16c3b7dba286cff055f93b9a94d8]
https://ws.okx.com [404] [GET] [text/html] [404 Not Found] [cloudflare] [vhost] [cloudflare] [Cloudflare,Cloudflare Bot Management] [8eec510e57f5f732fd2cce73df7b73ef]
https://ws.okx.com:8443 [404] [GET] [text/html] [404 Not Found] [cloudflare] [vhost] [cloudflare] [Cloudflare,Cloudflare Bot Management] [370e16c3b7dba286cff055f93b9a94d8]
https://wspap.okx.com [404] [GET] [text/html] [404 Not Found] [cloudflare] [vhost] [cloudflare] [Cloudflare,Cloudflare Bot Management] [8eec510e57f5f732fd2cce73df7b73ef]
https://wspap.okx.com:8443 [404] [GET] [text/html] [404 Not Found] [cloudflare] [vhost] [cloudflare] [Cloudflare,Cloudflare Bot Management] [370e16c3b7dba286cff055f93b9a94d8]
https://wspri.okx.com [404] [GET] [text/html] [404 Not Found] [cloudflare] [vhost] [cloudflare] [Cloudflare,Cloudflare Bot Management] [370e16c3b7dba286cff055f93b9a94d8]
https://wspri.okx.com:8443 [404] [GET] [text/html] [404 Not Found] [cloudflare] [vhost] [cloudflare] [Cloudflare,Cloudflare Bot Management] [8eec510e57f5f732fd2cce73df7b73ef]
https://wspripap.okx.com [404] [GET] [text/html] [404 Not Found] [cloudflare] [vhost] [cloudflare] [Cloudflare,Cloudflare Bot Management] [8eec510e57f5f732fd2cce73df7b73ef]
https://wspripap.okx.com:8443 [404] [GET] [text/html] [404 Not Found] [cloudflare] [vhost] [cloudflare] [Cloudflare,Cloudflare Bot Management] [8eec510e57f5f732fd2cce73df7b73ef]
https://www.okx.com [200] [GET] [text/html] [Buy Bitcoin & other cryptocurrencies | cryptocurrency exchange, reimagined | OKX] [cloudflare] [vhost] [cloudflare] [Cloudflare,Cloudflare Bot Management] [21b70408d79f7d28d5b11251a05cb30e]
https://www.okx.com [200] [GET] [text/html] [Buy Bitcoin & other cryptocurrencies | cryptocurrency exchange, reimagined | OKX] [cloudflare] [vhost] [cloudflare] [Cloudflare,Cloudflare Bot Management] [7c211b74e5b02088c97bc4249765452b]
http://wsdex.okx.com:2083 [400] [GET] [text/html] [400 The plain HTTP request was sent to HTTPS port] [cloudflare] [cloudflare] [Cloudflare] [cd58783500d7fa3c58f88eb0ba22f4f8]
http://wsdex.okx.com:2087 [400] [GET] [text/html] [400 The plain HTTP request was sent to HTTPS port] [cloudflare] [cloudflare] [Cloudflare] [cd58783500d7fa3c58f88eb0ba22f4f8]
http://wsdex.okx.com:2096 [400] [GET] [text/html] [400 The plain HTTP request was sent to HTTPS port] [cloudflare] [cloudflare] [Cloudflare] [20ad84d030031252141ca0b3fc0183f0]
http://wsdexpre.okx.com:2083 [400] [GET] [text/html] [400 The plain HTTP request was sent to HTTPS port] [cloudflare] [cloudflare] [Cloudflare] [20ad84d030031252141ca0b3fc0183f0]
http://wsdexpre.okx.com:2087 [400] [GET] [text/html] [400 The plain HTTP request was sent to HTTPS port] [cloudflare] [cloudflare] [Cloudflare] [20ad84d030031252141ca0b3fc0183f0]
http://ws.okx.com:2083 [400] [GET] [text/html] [400 The plain HTTP request was sent to HTTPS port] [cloudflare] [cloudflare] [Cloudflare] [20ad84d030031252141ca0b3fc0183f0]
http://ws.okx.com:2087 [400] [GET] [text/html] [400 The plain HTTP request was sent to HTTPS port] [cloudflare] [cloudflare] [Cloudflare] [cd58783500d7fa3c58f88eb0ba22f4f8]
http://ws.okx.com:2096 [400] [GET] [text/html] [400 The plain HTTP request was sent to HTTPS port] [cloudflare] [cloudflare] [Cloudflare] [20ad84d030031252141ca0b3fc0183f0]
http://wspap.okx.com:2083 [400] [GET] [text/html] [400 The plain HTTP request was sent to HTTPS port] [cloudflare] [cloudflare] [Cloudflare] [20ad84d030031252141ca0b3fc0183f0]
http://wspap.okx.com:2087 [400] [GET] [text/html] [400 The plain HTTP request was sent to HTTPS port] [cloudflare] [cloudflare] [Cloudflare] [20ad84d030031252141ca0b3fc0183f0]
http://wspri.okx.com:2083 [400] [GET] [text/html] [400 The plain HTTP request was sent to HTTPS port] [cloudflare] [cloudflare] [Cloudflare] [cd58783500d7fa3c58f88eb0ba22f4f8]
http://wspri.okx.com:2087 [400] [GET] [text/html] [400 The plain HTTP request was sent to HTTPS port] [cloudflare] [cloudflare] [Cloudflare] [cd58783500d7fa3c58f88eb0ba22f4f8]
http://wspripap.okx.com:2083 [400] [GET] [text/html] [400 The plain HTTP request was sent to HTTPS port] [cloudflare] [cloudflare] [Cloudflare] [cd58783500d7fa3c58f88eb0ba22f4f8]
http://wspripap.okx.com:2087 [400] [GET] [text/html] [400 The plain HTTP request was sent to HTTPS port] [cloudflare] [cloudflare] [Cloudflare] [20ad84d030031252141ca0b3fc0183f0]
http://wspripap.okx.com:2096 [400] [GET] [text/html] [400 The plain HTTP request was sent to HTTPS port] [cloudflare] [cloudflare] [Cloudflare] [20ad84d030031252141ca0b3fc0183f0]
http://www.okx.com:2083 [400] [GET] [text/html] [400 The plain HTTP request was sent to HTTPS port] [cloudflare] [cloudflare] [Cloudflare] [20ad84d030031252141ca0b3fc0183f0]
http://www.okx.com:2087 [400] [GET] [text/html] [400 The plain HTTP request was sent to HTTPS port] [cloudflare] [cloudflare] [Cloudflare] [20ad84d030031252141ca0b3fc0183f0]
http://www.okx.com:8443 [400] [GET] [text/html] [400 The plain HTTP request was sent to HTTPS port] [cloudflare] [cloudflare] [Cloudflare] [20ad84d030031252141ca0b3fc0183f0]
