http://alpha.olympusdao.finance:8082 [403] [GET] [text/html] [403 Forbidden] [nginx] [vhost] [Nginx] [4f8afc2689243991dcede77ebc8b25c8]
http://alpha.olympusdao.finance:8084 [403] [GET] [text/html] [403 Forbidden] [nginx] [vhost] [Nginx] [4f8afc2689243991dcede77ebc8b25c8]
http://alpha.olympusdao.finance:8085 [403] [GET] [text/html] [403 Forbidden] [nginx] [vhost] [Nginx] [4f8afc2689243991dcede77ebc8b25c8]
http://api.olympusdao.finance:2083 [400] [GET] [text/html] [400 The plain HTTP request was sent to HTTPS port] [cloudflare] [cloudflare] [Cloudflare] [cd58783500d7fa3c58f88eb0ba22f4f8]
http://api.olympusdao.finance:2087 [400] [GET] [text/html] [400 The plain HTTP request was sent to HTTPS port] [cloudflare] [cloudflare] [Cloudflare] [cd58783500d7fa3c58f88eb0ba22f4f8]
http://api.olympusdao.finance:8443 [400] [GET] [text/html] [400 The plain HTTP request was sent to HTTPS port] [cloudflare] [cloudflare] [Cloudflare] [20ad84d030031252141ca0b3fc0183f0]
http://app.olympusdao.finance:8082 [403] [GET] [text/html] [403 Forbidden] [nginx] [vhost] [Nginx] [4f8afc2689243991dcede77ebc8b25c8]
http://app.olympusdao.finance:8084 [403] [GET] [text/html] [403 Forbidden] [nginx] [vhost] [Nginx] [4f8afc2689243991dcede77ebc8b25c8]
http://app.olympusdao.finance:8085 [403] [GET] [text/html] [403 Forbidden] [nginx] [vhost] [Nginx] [4f8afc2689243991dcede77ebc8b25c8]
http://backup.olympusdao.finance:2082 [200] [GET] [text/html] [OlympusDAO] [cloudflare] [vhost] [cloudflare] [Cloudflare,Cloudflare Bot Management,IPFS] [4546a7abef2c126842b4df9c942e31b4]
http://backup.olympusdao.finance:2086 [200] [GET] [text/html] [OlympusDAO] [cloudflare] [vhost] [cloudflare] [Cloudflare,Cloudflare Bot Management,IPFS] [4546a7abef2c126842b4df9c942e31b4]
http://backup.olympusdao.finance:8080 [200] [GET] [text/html] [OlympusDAO] [cloudflare] [vhost] [cloudflare] [Cloudflare,Cloudflare Bot Management,IPFS] [4546a7abef2c126842b4df9c942e31b4]
http://backup.olympusdao.finance:8880 [200] [GET] [text/html] [OlympusDAO] [cloudflare] [vhost] [cloudflare] [Cloudflare,Cloudflare Bot Management,IPFS] [4546a7abef2c126842b4df9c942e31b4]
http://docs.olympusdao.finance:2082 [302] [GET] [] [] [cloudflare] [vhost] [cloudflare] [Cloudflare] [d41d8cd98f00b204e9800998ecf8427e]
http://docs.olympusdao.finance:2086 [302] [GET] [] [] [cloudflare] [vhost] [cloudflare] [Cloudflare] [d41d8cd98f00b204e9800998ecf8427e]
http://docs.olympusdao.finance:8080 [302] [GET] [] [] [cloudflare] [vhost] [cloudflare] [Cloudflare] [d41d8cd98f00b204e9800998ecf8427e]
http://docs.olympusdao.finance:8880 [302] [GET] [] [] [cloudflare] [vhost] [cloudflare] [Cloudflare] [d41d8cd98f00b204e9800998ecf8427e]
http://forum.olympusdao.finance:2082 [301] [GET] [] [] [cloudflare] [vhost] [cloudflare] [Cloudflare,Cloudflare Network Error Logging] [d41d8cd98f00b204e9800998ecf8427e]
http://forum.olympusdao.finance:2086 [301] [GET] [] [] [cloudflare] [vhost] [cloudflare] [Cloudflare,Cloudflare Network Error Logging] [d41d8cd98f00b204e9800998ecf8427e]
http://forum.olympusdao.finance:8080 [301] [GET] [] [] [cloudflare] [vhost] [cloudflare] [Cloudflare,Cloudflare Network Error Logging] [d41d8cd98f00b204e9800998ecf8427e]
http://forum.olympusdao.finance:8880 [301] [GET] [] [] [cloudflare] [vhost] [cloudflare] [Cloudflare,Cloudflare Network Error Logging] [d41d8cd98f00b204e9800998ecf8427e]
http://frens.olympusdao.finance:2052 [301] [GET] [] [] [cloudflare] [vhost] [cloudflare] [Cloudflare,Cloudflare Network Error Logging] [d41d8cd98f00b204e9800998ecf8427e]
http://frens.olympusdao.finance:2086 [301] [GET] [] [] [cloudflare] [vhost] [cloudflare] [Cloudflare,Cloudflare Network Error Logging] [d41d8cd98f00b204e9800998ecf8427e]
http://frens.olympusdao.finance:8080 [301] [GET] [] [] [cloudflare] [vhost] [cloudflare] [Cloudflare,Cloudflare Network Error Logging] [d41d8cd98f00b204e9800998ecf8427e]
http://frens.olympusdao.finance:8880 [301] [GET] [] [] [cloudflare] [vhost] [cloudflare] [Cloudflare,Cloudflare Network Error Logging] [d41d8cd98f00b204e9800998ecf8427e]
http://getinvolved.olympusdao.finance:2082 [301] [GET] [] [] [cloudflare] [vhost] [cloudflare] [Cloudflare,Cloudflare Network Error Logging] [d41d8cd98f00b204e9800998ecf8427e]
http://getinvolved.olympusdao.finance:2086 [301] [GET] [] [] [cloudflare] [vhost] [cloudflare] [Cloudflare,Cloudflare Network Error Logging] [d41d8cd98f00b204e9800998ecf8427e]
http://getinvolved.olympusdao.finance:8080 [301] [GET] [] [] [cloudflare] [vhost] [cloudflare] [Cloudflare,Cloudflare Network Error Logging] [d41d8cd98f00b204e9800998ecf8427e]
http://getinvolved.olympusdao.finance:8880 [301] [GET] [] [] [cloudflare] [vhost] [cloudflare] [Cloudflare,Cloudflare Network Error Logging] [d41d8cd98f00b204e9800998ecf8427e]
http://gg.olympusdao.finance:2052 [301] [GET] [] [] [cloudflare] [vhost] [cloudflare] [Cloudflare,Cloudflare Network Error Logging] [d41d8cd98f00b204e9800998ecf8427e]
http://gg.olympusdao.finance:2086 [301] [GET] [] [] [cloudflare] [vhost] [cloudflare] [Cloudflare,Cloudflare Network Error Logging] [d41d8cd98f00b204e9800998ecf8427e]
http://gg.olympusdao.finance:8080 [301] [GET] [] [] [cloudflare] [vhost] [cloudflare] [Cloudflare,Cloudflare Network Error Logging] [d41d8cd98f00b204e9800998ecf8427e]
http://gg.olympusdao.finance:8880 [301] [GET] [] [] [cloudflare] [vhost] [cloudflare] [Cloudflare,Cloudflare Network Error Logging] [d41d8cd98f00b204e9800998ecf8427e]
http://ggwp.olympusdao.finance:2052 [301] [GET] [] [] [cloudflare] [vhost] [cloudflare] [Cloudflare,Cloudflare Network Error Logging] [d41d8cd98f00b204e9800998ecf8427e]
http://ggwp.olympusdao.finance:2086 [301] [GET] [] [] [cloudflare] [vhost] [cloudflare] [Cloudflare,Cloudflare Network Error Logging] [d41d8cd98f00b204e9800998ecf8427e]
http://ggwp.olympusdao.finance:8080 [301] [GET] [] [] [cloudflare] [vhost] [cloudflare] [Cloudflare,Cloudflare Network Error Logging] [d41d8cd98f00b204e9800998ecf8427e]
http://ggwp.olympusdao.finance:8880 [301] [GET] [] [] [cloudflare] [vhost] [cloudflare] [Cloudflare,Cloudflare Network Error Logging] [d41d8cd98f00b204e9800998ecf8427e]
http://grants.olympusdao.finance:2052 [301] [GET] [] [] [cloudflare] [vhost] [cloudflare] [Cloudflare,Cloudflare Network Error Logging] [d41d8cd98f00b204e9800998ecf8427e]
http://grants.olympusdao.finance:2086 [301] [GET] [] [] [cloudflare] [vhost] [cloudflare] [Cloudflare,Cloudflare Network Error Logging] [d41d8cd98f00b204e9800998ecf8427e]
http://grants.olympusdao.finance:8080 [301] [GET] [] [] [cloudflare] [vhost] [cloudflare] [Cloudflare,Cloudflare Network Error Logging] [d41d8cd98f00b204e9800998ecf8427e]
http://grants.olympusdao.finance:8880 [301] [GET] [] [] [cloudflare] [vhost] [cloudflare] [Cloudflare,Cloudflare Network Error Logging] [d41d8cd98f00b204e9800998ecf8427e]
http://img.newsletter.olympusdao.finance:2053 [400] [GET] [text/html] [400 The plain HTTP request was sent to HTTPS port] [cloudflare] [cloudflare] [Cloudflare] [cd58783500d7fa3c58f88eb0ba22f4f8]
http://img.newsletter.olympusdao.finance:2083 [400] [GET] [text/html] [400 The plain HTTP request was sent to HTTPS port] [cloudflare] [cloudflare] [Cloudflare] [20ad84d030031252141ca0b3fc0183f0]
http://img.newsletter.olympusdao.finance:2087 [400] [GET] [text/html] [400 The plain HTTP request was sent to HTTPS port] [cloudflare] [cloudflare] [Cloudflare] [cd58783500d7fa3c58f88eb0ba22f4f8]
http://img.newsletter.olympusdao.finance:2096 [400] [GET] [text/html] [400 The plain HTTP request was sent to HTTPS port] [cloudflare] [cloudflare] [Cloudflare] [cd58783500d7fa3c58f88eb0ba22f4f8]
http://img.newsletter.olympusdao.finance:8443 [400] [GET] [text/html] [400 The plain HTTP request was sent to HTTPS port] [cloudflare] [cloudflare] [Cloudflare] [20ad84d030031252141ca0b3fc0183f0]
http://jamesbond.olympusdao.finance:2052 [301] [GET] [] [] [cloudflare] [vhost] [cloudflare] [Cloudflare,Cloudflare Network Error Logging] [d41d8cd98f00b204e9800998ecf8427e]
http://jamesbond.olympusdao.finance:2086 [301] [GET] [] [] [cloudflare] [vhost] [cloudflare] [Cloudflare,Cloudflare Network Error Logging] [d41d8cd98f00b204e9800998ecf8427e]
http://jamesbond.olympusdao.finance:8080 [301] [GET] [] [] [cloudflare] [vhost] [cloudflare] [Cloudflare,Cloudflare Network Error Logging] [d41d8cd98f00b204e9800998ecf8427e]
http://jamesbond.olympusdao.finance:8880 [301] [GET] [] [] [cloudflare] [vhost] [cloudflare] [Cloudflare,Cloudflare Network Error Logging] [d41d8cd98f00b204e9800998ecf8427e]
http://odyssey.olympusdao.finance:8082 [403] [GET] [text/html] [403 Forbidden] [nginx] [vhost] [Nginx] [4f8afc2689243991dcede77ebc8b25c8]
http://odyssey.olympusdao.finance:8084 [403] [GET] [text/html] [403 Forbidden] [nginx] [vhost] [Nginx] [4f8afc2689243991dcede77ebc8b25c8]
http://odyssey.olympusdao.finance:8085 [403] [GET] [text/html] [403 Forbidden] [nginx] [vhost] [Nginx] [4f8afc2689243991dcede77ebc8b25c8]
http://ohmie.olympusdao.finance:2082 [301] [GET] [] [] [cloudflare] [vhost] [cloudflare] [Cloudflare,Cloudflare Network Error Logging] [d41d8cd98f00b204e9800998ecf8427e]
http://ohmie.olympusdao.finance:2086 [301] [GET] [] [] [cloudflare] [vhost] [cloudflare] [Cloudflare,Cloudflare Network Error Logging] [d41d8cd98f00b204e9800998ecf8427e]
http://ohmie.olympusdao.finance:8080 [301] [GET] [] [] [cloudflare] [vhost] [cloudflare] [Cloudflare,Cloudflare Network Error Logging] [d41d8cd98f00b204e9800998ecf8427e]
http://ohmie.olympusdao.finance:8880 [301] [GET] [] [] [cloudflare] [vhost] [cloudflare] [Cloudflare,Cloudflare Network Error Logging] [d41d8cd98f00b204e9800998ecf8427e]
http://pro.olympusdao.finance:8082 [403] [GET] [text/html] [403 Forbidden] [nginx] [vhost] [Nginx] [4f8afc2689243991dcede77ebc8b25c8]
http://pro.olympusdao.finance:8084 [403] [GET] [text/html] [403 Forbidden] [nginx] [vhost] [Nginx] [4f8afc2689243991dcede77ebc8b25c8]
http://pro.olympusdao.finance:8085 [403] [GET] [text/html] [403 Forbidden] [nginx] [vhost] [Nginx] [4f8afc2689243991dcede77ebc8b25c8]
https://alpha.olympusdao.finance:1935 [403] [GET] [application/octet-stream] [] [nginx] [Nginx] [086d9069069ed62de536cbd4f326d0a9]
https://alpha.olympusdao.finance [200] [GET] [text/html] [OlympusDAO] [BunnyCDN-NY-885] [vhost] [Bunny,Cloudflare,IPFS] [1ebf5b53356a261e895b1eb9b627f5e9]
https://api.olympusdao.finance [301] [GET] [text/html] [301 Moved Permanently] [cloudflare] [vhost] [cloudflare] [Cloudflare] [a195eff831acad3e8f20707625fb13fa]
https://app.olympusdao.finance:1935 [403] [GET] [application/octet-stream] [] [nginx] [Nginx] [086d9069069ed62de536cbd4f326d0a9]
https://app.olympusdao.finance [200] [GET] [text/html] [OlympusDAO] [BunnyCDN-NY-885] [vhost] [Bunny] [4546a7abef2c126842b4df9c942e31b4]
https://backup.olympusdao.finance [200] [GET] [text/html] [OlympusDAO] [cloudflare] [vhost] [cloudflare] [Cloudflare,Cloudflare Bot Management,IPFS] [4546a7abef2c126842b4df9c942e31b4]
https://backup.olympusdao.finance:2053 [200] [GET] [text/html] [OlympusDAO] [cloudflare] [vhost] [cloudflare] [Cloudflare,Cloudflare Bot Management,IPFS] [4546a7abef2c126842b4df9c942e31b4]
https://backup.olympusdao.finance:2083 [200] [GET] [text/html] [OlympusDAO] [cloudflare] [vhost] [cloudflare] [Cloudflare,Cloudflare Bot Management,IPFS] [4546a7abef2c126842b4df9c942e31b4]
https://backup.olympusdao.finance:2087 [200] [GET] [text/html] [OlympusDAO] [cloudflare] [vhost] [cloudflare] [Cloudflare,Cloudflare Bot Management,IPFS] [4546a7abef2c126842b4df9c942e31b4]
https://backup.olympusdao.finance:2096 [200] [GET] [text/html] [OlympusDAO] [cloudflare] [vhost] [cloudflare] [Cloudflare,Cloudflare Bot Management,IPFS] [4546a7abef2c126842b4df9c942e31b4]
https://backup.olympusdao.finance:8443 [200] [GET] [text/html] [OlympusDAO] [cloudflare] [vhost] [cloudflare] [Cloudflare,Cloudflare Bot Management,IPFS] [4546a7abef2c126842b4df9c942e31b4]
https://discord-invite.olympusdao.finance [200] [GET] [text/html] [Discord Invite] [Google Frontend] [vhost] [Google App Engine,Next.js,Node.js,React,webpack] [299565db04e169a1a42af4a636c3c92d]
https://docs.olympusdao.finance:2083 [302] [GET] [text/plain] [] [cloudflare] [vhost] [cloudflare] [Algolia,Cloudflare,Google Cloud,Google Cloud Trace] [4e9a02823d70d2d6e7b25dbc63a777fd]
https://docs.olympusdao.finance:2087 [302] [GET] [text/plain] [] [cloudflare] [vhost] [cloudflare] [Algolia,Cloudflare,Google Cloud,Google Cloud Trace] [4e9a02823d70d2d6e7b25dbc63a777fd]
https://docs.olympusdao.finance [302] [GET] [text/plain] [] [cloudflare] [vhost] [cloudflare] [Algolia,Cloudflare,Google Cloud,Google Cloud Trace] [4e9a02823d70d2d6e7b25dbc63a777fd]
https://docs.olympusdao.finance:8443 [302] [GET] [text/plain] [] [cloudflare] [vhost] [cloudflare] [Algolia,Cloudflare,Google Cloud,Google Cloud Trace] [4e9a02823d70d2d6e7b25dbc63a777fd]
https://forum.olympusdao.finance [200] [GET] [text/html] [OlympusDAOForum] [cloudflare] [vhost] [cloudflare] [Cloudflare,Cloudflare Network Error Logging,Flarum,MySQL,PHP] [0779dbe51e8f889e560d94ff8ef1f67a]
https://forum.olympusdao.finance [200] [GET] [text/html] [OlympusDAOForum] [cloudflare] [vhost] [cloudflare] [Cloudflare,Cloudflare Network Error Logging,Flarum,MySQL,PHP] [c2fc481717238c104a5831f06e360552]
https://forum.olympusdao.finance:2083 [521] [GET] [] [] [cloudflare] [vhost] [cloudflare] [Cloudflare,Cloudflare Network Error Logging] [d41d8cd98f00b204e9800998ecf8427e]
https://forum.olympusdao.finance:2087 [521] [GET] [] [] [cloudflare] [vhost] [cloudflare] [Cloudflare,Cloudflare Network Error Logging] [d41d8cd98f00b204e9800998ecf8427e]
https://forum.olympusdao.finance:8443 [521] [GET] [] [] [cloudflare] [vhost] [cloudflare] [Cloudflare,Cloudflare Network Error Logging] [d41d8cd98f00b204e9800998ecf8427e]
https://frens.olympusdao.finance:2083 [301] [GET] [] [] [cloudflare] [vhost] [cloudflare] [Cloudflare,Cloudflare Network Error Logging] [d41d8cd98f00b204e9800998ecf8427e]
https://frens.olympusdao.finance:2087 [301] [GET] [] [] [cloudflare] [vhost] [cloudflare] [Cloudflare,Cloudflare Network Error Logging] [d41d8cd98f00b204e9800998ecf8427e]
https://frens.olympusdao.finance [301] [GET] [] [] [cloudflare] [vhost] [cloudflare] [Cloudflare,Cloudflare Network Error Logging] [d41d8cd98f00b204e9800998ecf8427e]
https://getinvolved.olympusdao.finance:2083 [301] [GET] [] [] [cloudflare] [vhost] [cloudflare] [Cloudflare,Cloudflare Network Error Logging] [d41d8cd98f00b204e9800998ecf8427e]
https://getinvolved.olympusdao.finance:2087 [301] [GET] [] [] [cloudflare] [vhost] [cloudflare] [Cloudflare,Cloudflare Network Error Logging] [d41d8cd98f00b204e9800998ecf8427e]
https://getinvolved.olympusdao.finance [301] [GET] [] [] [cloudflare] [vhost] [cloudflare] [Cloudflare,Cloudflare Network Error Logging] [d41d8cd98f00b204e9800998ecf8427e]
https://getinvolved.olympusdao.finance:8443 [301] [GET] [] [] [cloudflare] [vhost] [cloudflare] [Cloudflare,Cloudflare Network Error Logging] [d41d8cd98f00b204e9800998ecf8427e]
https://gg.olympusdao.finance [200] [GET] [text/html] [OlympusDAO Games] [cloudflare] [vhost] [cloudflare] [Cloudflare,Cloudflare Network Error Logging,IPFS] [bfbe1051cd43931c2e95c8ce81dfb7ed]
https://gg.olympusdao.finance:2083 [521] [GET] [] [] [cloudflare] [vhost] [cloudflare] [Cloudflare,Cloudflare Network Error Logging] [d41d8cd98f00b204e9800998ecf8427e]
https://gg.olympusdao.finance:2087 [521] [GET] [] [] [cloudflare] [vhost] [cloudflare] [Cloudflare,Cloudflare Network Error Logging] [d41d8cd98f00b204e9800998ecf8427e]
https://ggwp.olympusdao.finance [200] [GET] [text/html] [OlympusDAO Games] [cloudflare] [vhost] [cloudflare] [Cloudflare,Cloudflare Network Error Logging,IPFS] [bfbe1051cd43931c2e95c8ce81dfb7ed]
https://ggwp.olympusdao.finance:2083 [521] [GET] [] [] [cloudflare] [vhost] [cloudflare] [Cloudflare,Cloudflare Network Error Logging] [d41d8cd98f00b204e9800998ecf8427e]
https://ggwp.olympusdao.finance:2087 [521] [GET] [] [] [cloudflare] [vhost] [cloudflare] [Cloudflare,Cloudflare Network Error Logging] [d41d8cd98f00b204e9800998ecf8427e]
https://grants.olympusdao.finance [200] [GET] [text/html] [Olympus Grants] [cloudflare] [vhost] [cloudflare] [Cloudflare,Cloudflare Network Error Logging,IPFS,React] [a015a12c8d651e80c942e13626866f3f]
https://grants.olympusdao.finance:2083 [521] [GET] [] [] [cloudflare] [vhost] [cloudflare] [Cloudflare,Cloudflare Network Error Logging] [d41d8cd98f00b204e9800998ecf8427e]
https://grants.olympusdao.finance:2087 [521] [GET] [] [] [cloudflare] [vhost] [cloudflare] [Cloudflare,Cloudflare Network Error Logging] [d41d8cd98f00b204e9800998ecf8427e]
https://img.newsletter.olympusdao.finance [301] [GET] [text/html] [] [cloudflare] [vhost] [cloudflare] [Cloudflare] [d41d8cd98f00b204e9800998ecf8427e]
https://jamesbond.olympusdao.finance [200] [GET] [text/html] [Olympus Pro - Bond marketplace for protocol owned liquidity] [cloudflare] [vhost] [cloudflare] [Cloudflare,Cloudflare Network Error Logging,IPFS] [04ae7db68daf301a83ea8e2b023e38eb]
https://jamesbond.olympusdao.finance:2083 [521] [GET] [] [] [cloudflare] [vhost] [cloudflare] [Cloudflare,Cloudflare Network Error Logging] [d41d8cd98f00b204e9800998ecf8427e]
https://jamesbond.olympusdao.finance:2087 [521] [GET] [] [] [cloudflare] [vhost] [cloudflare] [Cloudflare,Cloudflare Network Error Logging] [d41d8cd98f00b204e9800998ecf8427e]
https://odyssey-ohmie-day.olympusdao.finance [404] [GET] [text/plain] [] [Vercel] [vhost] [Vercel] [d4ac7f1bba70ba87c56e6d93092b7cca]
https://odyssey.olympusdao.finance:1935 [403] [GET] [application/octet-stream] [] [nginx] [Nginx] [086d9069069ed62de536cbd4f326d0a9]
https://odyssey.olympusdao.finance [200] [GET] [text/html] [Olympus Odyssey] [BunnyCDN-NY-885] [vhost] [Bunny,IPFS] [8a20231ff65eda6fc50a69767694918c]
https://ohmie.olympusdao.finance [200] [GET] [text/html] [Olympus Image Compositor] [cloudflare] [vhost] [cloudflare] [Cloudflare,Cloudflare Network Error Logging,IPFS] [aa12a49a993f547c108c6b007b449f9e]
https://ohmie.olympusdao.finance:2083 [521] [GET] [] [] [cloudflare] [vhost] [cloudflare] [Cloudflare,Cloudflare Network Error Logging] [d41d8cd98f00b204e9800998ecf8427e]
https://ohmie.olympusdao.finance:2087 [521] [GET] [] [] [cloudflare] [vhost] [cloudflare] [Cloudflare,Cloudflare Network Error Logging] [d41d8cd98f00b204e9800998ecf8427e]
https://ohmie.olympusdao.finance:8443 [521] [GET] [] [] [cloudflare] [vhost] [cloudflare] [Cloudflare,Cloudflare Network Error Logging] [d41d8cd98f00b204e9800998ecf8427e]
https://olympusdao.finance [301] [GET] [text/html] [301 Moved Permanently] [openresty] [vhost] [Nginx,OpenResty] [3ea1c8d079b38532a6e01a96216ba5e2]
https://pro.olympusdao.finance:1935 [403] [GET] [application/octet-stream] [] [nginx] [Nginx] [086d9069069ed62de536cbd4f326d0a9]
https://pro.olympusdao.finance [200] [GET] [text/html] [Olympus Pro - Bond marketplace for protocol owned liquidity] [BunnyCDN-NY-885] [vhost] [Bunny,IPFS] [3668b2004407ca62d8a83e1187d08f5b]
https://r.newsletter.olympusdao.finance [301] [GET] [text/html] [] [nginx] [vhost] [Nginx] [d41d8cd98f00b204e9800998ecf8427e]
https://r.newsletter.olympusdao.finance:4443 [301] [GET] [] [] [cloudflare] [Cloudflare] [d41d8cd98f00b204e9800998ecf8427e]
https://staging.olympusdao.finance:1935 [403] [GET] [application/octet-stream] [] [nginx] [Nginx] [086d9069069ed62de536cbd4f326d0a9]
https://staging.olympusdao.finance [200] [GET] [text/html] [OlympusDAO] [BunnyCDN-NY-885] [vhost] [Bunny,IPFS] [559ccd4604411eeffda43f507778c4a5]
http://staging.olympusdao.finance:8082 [403] [GET] [text/html] [403 Forbidden] [nginx] [vhost] [Nginx] [4f8afc2689243991dcede77ebc8b25c8]
http://staging.olympusdao.finance:8084 [403] [GET] [text/html] [403 Forbidden] [nginx] [vhost] [Nginx] [4f8afc2689243991dcede77ebc8b25c8]
http://staging.olympusdao.finance:8085 [403] [GET] [text/html] [403 Forbidden] [nginx] [vhost] [Nginx] [4f8afc2689243991dcede77ebc8b25c8]
https://verified.olympusdao.finance [200] [GET] [text/html] [Verified Ohmies] [Vercel] [vhost] [Next.js,Node.js,React,Vercel,webpack] [d294edfd58935f2573364676a18507a8]
https://verified-staging.olympusdao.finance [200] [GET] [text/html] [Verified Ohmies] [Vercel] [vhost] [Next.js,Node.js,React,Vercel,webpack] [8cb96855dd36a788079b1ce7064a611d]
https://vote.olympusdao.finance:2083 [301] [GET] [] [] [cloudflare] [vhost] [cloudflare] [Cloudflare,Cloudflare Network Error Logging] [d41d8cd98f00b204e9800998ecf8427e]
https://vote.olympusdao.finance:2087 [301] [GET] [] [] [cloudflare] [vhost] [cloudflare] [Cloudflare,Cloudflare Network Error Logging] [d41d8cd98f00b204e9800998ecf8427e]
https://vote.olympusdao.finance [301] [GET] [] [] [cloudflare] [vhost] [cloudflare] [Cloudflare,Cloudflare Network Error Logging] [d41d8cd98f00b204e9800998ecf8427e]
https://www.olympusdao.finance [200] [GET] [text/html] [Olympus - The future decentralized reserve currency] [openresty] [Fastly,Google Tag Manager,Nginx,OpenResty,Varnish,Webflow] [34993de590dc18a072155e4e356bb412]
http://vote.olympusdao.finance:2052 [301] [GET] [] [] [cloudflare] [vhost] [cloudflare] [Cloudflare,Cloudflare Network Error Logging] [d41d8cd98f00b204e9800998ecf8427e]
http://vote.olympusdao.finance:2086 [301] [GET] [] [] [cloudflare] [vhost] [cloudflare] [Cloudflare,Cloudflare Network Error Logging] [d41d8cd98f00b204e9800998ecf8427e]
http://vote.olympusdao.finance:8080 [301] [GET] [] [] [cloudflare] [vhost] [cloudflare] [Cloudflare,Cloudflare Network Error Logging] [d41d8cd98f00b204e9800998ecf8427e]
http://vote.olympusdao.finance:8880 [301] [GET] [] [] [cloudflare] [vhost] [cloudflare] [Cloudflare,Cloudflare Network Error Logging] [d41d8cd98f00b204e9800998ecf8427e]
