http://bream-dev.opera.software [301] [GET] [text/html] [301 Moved Permanently] [nginx] [Nginx] [cd2e0e43980a00fb6a2742d3afd803b8]
http://install.opera.software [200] [GET] [text/html] [Welcome to nginx on Debian!] [nginx/1.10.3] [Nginx] [9341805ff485c40b268e3a4e40e919ad]
https://admin.speeddials.opera.software [302] [GET] [text/html] [] [nginx] [vhost] [Nginx] [67a001fd765f3682fe07847d6db91b8e]
https://admin.speeddials.opera.software [302] [GET] [text/html] [] [nginx] [vhost] [Nginx] [c1e384aa74ca5159432c72441f5e780d]
https://airflow.osp.opera.software [302] [GET] [text/html] [] [nginx/1.20.2] [vhost] [Nginx] [3f363188080ac5a66c1149fe0e19e6bf]
https://airflow.osp.opera.software [302] [GET] [text/html] [] [nginx/1.20.2] [vhost] [Nginx] [c69e49c1045060da119610688d557668]
https://am4.vpn.opera.software [302] [GET] [text/html] [] [] [Pulse Secure] [d41d8cd98f00b204e9800998ecf8427e]
https://amsterdam.vpn.opera.software [302] [GET] [text/html] [] [] [Pulse Secure] [d41d8cd98f00b204e9800998ecf8427e]
https://apt-internal.opera.software [403] [GET] [text/html] [403 Forbidden] [nginx/1.20.2] [Nginx] [8fcfc5242f716fda1aab91f517e044b1]
https://aws.opera.software [301] [GET] [text/html] [301 Moved Permanently] [nginx] [vhost] [Nginx] [cd2e0e43980a00fb6a2742d3afd803b8]
https://bbui.android.opera.software [302] [GET] [text/html] [] [nginx] [vhost] [Nginx] [35c911e6133c27a5633b0a21dac633af]
https://bbui.android.opera.software [302] [GET] [text/html] [] [nginx] [vhost] [Nginx] [c343d56f6ca31a45c7ad8e8edb638fb9]
https://bream.opera.software [302] [GET] [text/html] [] [nginx] [vhost] [Nginx] [1e475e5a8204383fc374b3106c85878d]
https://bream.opera.software [302] [GET] [text/html] [] [nginx] [vhost] [Nginx] [eac4ae8a7cb77cd0300092643bd065ff]
https://buildbot-dev.opera.software [404] [GET] [text/plain] [] [nginx] [vhost] [Nginx] [53af239ee5d3e261545dededcb6ffd57]
https://buildbot.opera.software [302] [GET] [text/html] [] [nginx] [vhost] [Nginx] [7f33828cb9b6d7c6a8b0c0efd328ed48]
https://buildbot.opera.software [302] [GET] [text/html] [] [nginx] [vhost] [Nginx] [d44951d50f147a278f881809e1c03388]
https://desktop-assistant-sub.osp.opera.software [404] [GET] [text/html] [404 Not Found] [nginx/1.18.0] [Nginx] [26017130abca7d511d22eea19ce6d7a1]
https://desktop-dna.osp.opera.software [404] [GET] [text/html] [404 Not Found] [nginx/1.18.0] [Nginx] [26017130abca7d511d22eea19ce6d7a1]
https://desktop-netinstaller-sub.osp.opera.software [404] [GET] [text/html] [404 Not Found] [nginx/1.18.0] [Nginx] [706a98254456810d3e849c3957af9d01]
https://desktop-qualityclient-sub.osp.opera.software [404] [GET] [text/html] [404 Not Found] [nginx/1.18.0] [Nginx] [26017130abca7d511d22eea19ce6d7a1]
https://desktop-sessions-sub.osp.opera.software [404] [GET] [text/html] [404 Not Found] [nginx/1.18.0] [Nginx] [706a98254456810d3e849c3957af9d01]
https://dns-ui.opera.software [302] [GET] [text/html] [] [nginx] [vhost] [Nginx] [411959a6c05e7f6de050b668dd09812c]
https://dns-ui.opera.software [302] [GET] [text/html] [] [nginx] [vhost] [Nginx] [89adc15adab534a5fb35bf7136eb4e8d]
https://era.opera.software [302] [GET] [text/html] [] [nginx] [vhost] [Nginx] [db491b1ed01e939e2d40488d059f56dc]
https://era.opera.software [302] [GET] [text/html] [] [nginx] [vhost] [Nginx] [e355c4c7604fbed157c86858655ab26b]
https://footer.opera.software [302] [GET] [text/html] [] [nginx] [vhost] [Nginx] [be5c2bcbebf92d01d54f442df8afc272]
https://footer.opera.software [302] [GET] [text/html] [] [nginx] [vhost] [Nginx] [d7fd7759b4b8f3185b8974152c0cbf63]
https://gitlab.opera.software [302] [GET] [text/html] [] [nginx] [vhost] [Nginx] [09d193efc1baf7ffa7fcee6fffb95f1d]
https://gitlab.opera.software [302] [GET] [text/html] [] [nginx] [vhost] [Nginx] [d0a75524dc9c20101cccc87252d4b5db]
https://graylog.opera.software [302] [GET] [text/html] [] [nginx] [vhost] [Nginx] [21ed09c980d54b433b21d69561621f94]
https://graylog.opera.software [302] [GET] [text/html] [] [nginx] [vhost] [Nginx] [580878aee875414645489fdbce568ccc]
https://h05-17-01.osp.opera.software [404] [GET] [text/html] [404 Not Found] [nginx/1.18.0] [Nginx] [26017130abca7d511d22eea19ce6d7a1]
https://h05-17-02.osp.opera.software [404] [GET] [text/html] [404 Not Found] [nginx/1.18.0] [Nginx] [706a98254456810d3e849c3957af9d01]
https://h05-17-03.osp.opera.software [404] [GET] [text/html] [404 Not Found] [nginx/1.18.0] [Nginx] [26017130abca7d511d22eea19ce6d7a1]
https://h05-17-04.osp.opera.software [404] [GET] [text/html] [404 Not Found] [nginx/1.18.0] [Nginx] [26017130abca7d511d22eea19ce6d7a1]
https://h05-18-02.osp.opera.software [404] [GET] [text/html] [404 Not Found] [nginx/1.18.0] [Nginx] [26017130abca7d511d22eea19ce6d7a1]
https://h05-18-03.osp.opera.software [404] [GET] [text/html] [404 Not Found] [nginx/1.18.0] [Nginx] [26017130abca7d511d22eea19ce6d7a1]
https://h05-18-04.osp.opera.software [404] [GET] [text/html] [404 Not Found] [nginx/1.18.0] [Nginx] [26017130abca7d511d22eea19ce6d7a1]
https://h05-19-01.osp.opera.software [404] [GET] [text/html] [404 Not Found] [nginx/1.18.0] [Nginx] [26017130abca7d511d22eea19ce6d7a1]
https://h05-19-02.osp.opera.software [404] [GET] [text/html] [404 Not Found] [nginx/1.18.0] [Nginx] [706a98254456810d3e849c3957af9d01]
https://h05-19-03.osp.opera.software [404] [GET] [text/html] [404 Not Found] [nginx/1.18.0] [Nginx] [706a98254456810d3e849c3957af9d01]
https://h05-19-04.osp.opera.software [404] [GET] [text/html] [404 Not Found] [nginx/1.18.0] [Nginx] [26017130abca7d511d22eea19ce6d7a1]
https://h06-18-02.osp.opera.software [404] [GET] [text/html] [404 Not Found] [nginx/1.18.0] [Nginx] [706a98254456810d3e849c3957af9d01]
https://h06-18-03.osp.opera.software [404] [GET] [text/html] [404 Not Found] [nginx/1.18.0] [Nginx] [26017130abca7d511d22eea19ce6d7a1]
https://h06-18-04.osp.opera.software [404] [GET] [text/html] [404 Not Found] [nginx/1.18.0] [Nginx] [26017130abca7d511d22eea19ce6d7a1]
https://h06-19-01.osp.opera.software [404] [GET] [text/html] [404 Not Found] [nginx/1.18.0] [Nginx] [706a98254456810d3e849c3957af9d01]
https://h06-19-02.osp.opera.software [404] [GET] [text/html] [404 Not Found] [nginx/1.18.0] [Nginx] [706a98254456810d3e849c3957af9d01]
https://h06-19-03.osp.opera.software [404] [GET] [text/html] [404 Not Found] [nginx/1.18.0] [Nginx] [26017130abca7d511d22eea19ce6d7a1]
https://h06-19-04.osp.opera.software [404] [GET] [text/html] [404 Not Found] [nginx/1.18.0] [Nginx] [26017130abca7d511d22eea19ce6d7a1]
https://h07-20-01.osp.opera.software [404] [GET] [text/html] [404 Not Found] [nginx/1.18.0] [Nginx] [26017130abca7d511d22eea19ce6d7a1]
https://h07-20-02.osp.opera.software [404] [GET] [text/html] [404 Not Found] [nginx/1.18.0] [Nginx] [706a98254456810d3e849c3957af9d01]
https://h07-20-03.osp.opera.software [404] [GET] [text/html] [404 Not Found] [nginx/1.18.0] [Nginx] [26017130abca7d511d22eea19ce6d7a1]
https://h07-20-04.osp.opera.software [404] [GET] [text/html] [404 Not Found] [nginx/1.18.0] [Nginx] [26017130abca7d511d22eea19ce6d7a1]
https://h07-21-01.osp.opera.software [404] [GET] [text/html] [404 Not Found] [nginx/1.18.0] [Nginx] [706a98254456810d3e849c3957af9d01]
https://h07-21-02.osp.opera.software [404] [GET] [text/html] [404 Not Found] [nginx/1.18.0] [Nginx] [26017130abca7d511d22eea19ce6d7a1]
https://h07-21-03.osp.opera.software [404] [GET] [text/html] [404 Not Found] [nginx/1.18.0] [Nginx] [706a98254456810d3e849c3957af9d01]
https://h07-21-04.osp.opera.software [404] [GET] [text/html] [404 Not Found] [nginx/1.18.0] [Nginx] [26017130abca7d511d22eea19ce6d7a1]
https://hoardr.opera.software [302] [GET] [text/html] [] [nginx] [vhost] [Nginx] [d2c7dca65c48193e66c7264908fe0ccc]
https://hoardr.opera.software [302] [GET] [text/html] [] [nginx] [vhost] [Nginx] [ec55f5ce97de8a367de554a7ad515f50]
https://icinga-01.osp.opera.software [301] [GET] [text/html] [301 Moved Permanently] [nginx/1.20.2] [Nginx] [9527755784f5014d2c94dcabdf6ae892]
https://lati-otp.opera.software [200] [GET] [text/html] [WebADM Web Applications Portal] [nginx] [vhost] [Nginx] [48a8babd6e1e95b53254c8b72038fa89]
https://lvs-ash-test.osp.opera.software [404] [GET] [text/html] [404 Not Found] [nginx/1.18.0] [Nginx] [706a98254456810d3e849c3957af9d01]
https://mailing-list.opera.software [302] [GET] [text/html] [] [nginx] [vhost] [Nginx] [523f6578217aa5ae3742c2ceb032ecee]
https://mailing-list.opera.software [302] [GET] [text/html] [] [nginx] [vhost] [Nginx] [f60c868091ad45706528511de9a3a33f]
https://mobsf.opera.software [302] [GET] [text/html] [] [nginx] [vhost] [Nginx] [e81cbd693196aec58ea7ddd107f10d2e]
https://mobsf.opera.software [302] [GET] [text/html] [] [nginx] [vhost] [Nginx] [f34737d620ac7707c37a39748121ee5f]
https://n-infra-affive.opera.software [302] [GET] [text/html] [] [nginx] [vhost] [Nginx] [d14d20036e6c528cb254e5d76ebc57d9]
https://n-infra-affive.opera.software [302] [GET] [text/html] [] [nginx] [vhost] [Nginx] [f010ec838c29e81d7fbfffce3e373963]
https://nessus.opera.software [302] [GET] [text/html] [] [nginx] [vhost] [Nginx] [0fe204978954e8eca13d4127f56ae582]
https://nessus.opera.software [302] [GET] [text/html] [] [nginx] [vhost] [Nginx] [98b8bda4949eb520ccda2af1c071dbbc]
https://ofa-b-sub.osp.opera.software [404] [GET] [text/html] [404 Not Found] [nginx/1.18.0] [Nginx] [706a98254456810d3e849c3957af9d01]
https://ofa-r-sub.osp.opera.software [404] [GET] [text/html] [404 Not Found] [nginx/1.18.0] [Nginx] [26017130abca7d511d22eea19ce6d7a1]
https://ofa-sub.osp.opera.software [404] [GET] [text/html] [404 Not Found] [nginx/1.18.0] [Nginx] [706a98254456810d3e849c3957af9d01]
https://ofa.android.opera.software [302] [GET] [text/html] [] [nginx] [vhost] [Nginx] [4d63cb06ebae3ff38aaf1bde34c434c2]
https://ofa.android.opera.software [302] [GET] [text/html] [] [nginx] [vhost] [Nginx] [e0af112fdb26755d4a031c5a2031cc9e]
https://operamini-sub.osp.opera.software [404] [GET] [text/html] [404 Not Found] [nginx/1.18.0] [Nginx] [26017130abca7d511d22eea19ce6d7a1]
https://operanews-lite-app-sub.osp.opera.software [404] [GET] [text/html] [404 Not Found] [nginx/1.18.0] [Nginx] [706a98254456810d3e849c3957af9d01]
https://operanews-sub.osp.opera.software [404] [GET] [text/html] [404 Not Found] [nginx/1.18.0] [Nginx] [706a98254456810d3e849c3957af9d01]
https://ospstatus.osp.opera.software [302] [GET] [text/html] [Redirecting...] [nginx/1.20.2] [Nginx] [b6c52bc4864bf1a8273c7151603b157c]
https://ospsubmit-ash-01.osp.opera.software [404] [GET] [text/html] [404 Not Found] [nginx/1.18.0] [Nginx] [26017130abca7d511d22eea19ce6d7a1]
https://ospsubmit-ash-02.osp.opera.software [404] [GET] [text/html] [404 Not Found] [nginx/1.18.0] [Nginx] [26017130abca7d511d22eea19ce6d7a1]
https://ospsubmit-ash-03.osp.opera.software [404] [GET] [text/html] [404 Not Found] [nginx/1.18.0] [Nginx] [706a98254456810d3e849c3957af9d01]
https://ospsubmit-ash-05.osp.opera.software [404] [GET] [text/html] [404 Not Found] [nginx/1.18.0] [Nginx] [26017130abca7d511d22eea19ce6d7a1]
https://ospsubmit-ash-06.osp.opera.software [404] [GET] [text/html] [404 Not Found] [nginx/1.18.0] [Nginx] [706a98254456810d3e849c3957af9d01]
https://ospsubmit-ash-07.osp.opera.software [404] [GET] [text/html] [404 Not Found] [nginx/1.18.0] [Nginx] [26017130abca7d511d22eea19ce6d7a1]
https://ospsubmit-ash-08.osp.opera.software [404] [GET] [text/html] [404 Not Found] [nginx/1.18.0] [Nginx] [706a98254456810d3e849c3957af9d01]
https://ospsubmit-ash-09.osp.opera.software [404] [GET] [text/html] [404 Not Found] [nginx/1.18.0] [Nginx] [26017130abca7d511d22eea19ce6d7a1]
https://ospsubmit-ash-10.osp.opera.software [404] [GET] [text/html] [404 Not Found] [nginx/1.18.0] [Nginx] [26017130abca7d511d22eea19ce6d7a1]
https://ospsubmit-ash-11.osp.opera.software [404] [GET] [text/html] [404 Not Found] [nginx/1.18.0] [Nginx] [26017130abca7d511d22eea19ce6d7a1]
https://ospsubmit-ash-12.osp.opera.software [404] [GET] [text/html] [404 Not Found] [nginx/1.18.0] [Nginx] [26017130abca7d511d22eea19ce6d7a1]
https://ospsubmit-ash-13.osp.opera.software [404] [GET] [text/html] [404 Not Found] [nginx/1.18.0] [Nginx] [706a98254456810d3e849c3957af9d01]
https://ospsubmit-ash-14.osp.opera.software [404] [GET] [text/html] [404 Not Found] [nginx/1.18.0] [Nginx] [706a98254456810d3e849c3957af9d01]
https://ospsubmit-ash-15.osp.opera.software [404] [GET] [text/html] [404 Not Found] [nginx/1.18.0] [Nginx] [26017130abca7d511d22eea19ce6d7a1]
https://ospsubmit-ash-16.osp.opera.software [404] [GET] [text/html] [404 Not Found] [nginx/1.18.0] [Nginx] [26017130abca7d511d22eea19ce6d7a1]
https://ospsubmit-ash-17.osp.opera.software [404] [GET] [text/html] [404 Not Found] [nginx/1.18.0] [Nginx] [26017130abca7d511d22eea19ce6d7a1]
https://ospsubmit-ash-18.osp.opera.software [404] [GET] [text/html] [404 Not Found] [nginx/1.18.0] [Nginx] [26017130abca7d511d22eea19ce6d7a1]
https://ospsubmit-ash-19.osp.opera.software [404] [GET] [text/html] [404 Not Found] [nginx/1.18.0] [Nginx] [26017130abca7d511d22eea19ce6d7a1]
https://otp.opera.software [200] [GET] [text/html] [WebADM Web Applications Portal] [nginx] [vhost] [Nginx] [48a8babd6e1e95b53254c8b72038fa89]
https://password.opera.software [302] [GET] [text/html] [] [nginx] [vhost] [Nginx] [52260df3ecc663a0ed21a2f159529b59]
https://password.opera.software [302] [GET] [text/html] [] [nginx] [vhost] [Nginx] [eb0d171a691f64562e3885be92ce4bad]
https://pns.opera.software [200] [GET] [text/html] [PNS Console] [nginx] [vhost] [Nginx] [aa922141c031322620203563e01e2485]
https://redash.opera.software [302] [GET] [text/html] [] [nginx] [vhost] [Nginx] [0f5311891fda1f5fd28a9b9312311ab7]
https://redash.opera.software [302] [GET] [text/html] [] [nginx] [vhost] [Nginx] [f5150548ef3903479e5a03485c0b708a]
https://request.opera.software [302] [GET] [text/html] [] [nginx] [vhost] [Nginx] [403c79ef97f664f844ad52edc0acc100]
https://request.opera.software [302] [GET] [text/html] [] [nginx] [vhost] [Nginx] [b16b10c05fbfc358adbf270b081ca5f1]
https://revenueapi-test.osp.opera.software [404] [GET] [application/problem+json] [] [nginx/1.20.2] [Nginx] [f4c963e670e1f109758c26f4da9af56b]
https://revenueapi.osp.opera.software [404] [GET] [application/problem+json] [] [nginx/1.20.2] [Nginx] [f4c963e670e1f109758c26f4da9af56b]
https://sadb.opera.software [302] [GET] [text/html] [] [nginx] [vhost] [Nginx] [79d2d9ec99600bb7fab2a9640753708b]
https://sadb.opera.software [302] [GET] [text/html] [] [nginx] [vhost] [Nginx] [c0fedfcbb5dac9890bcc67f8d792b490]
https://schemaserver.osp.opera.software [302] [GET] [text/html] [Redirecting...] [nginx/1.20.2] [Nginx] [fdca6f8436d1de3fbbd5a9370b154085]
https://screw.opera.software [302] [GET] [] [] [] [vhost] [google] [d41d8cd98f00b204e9800998ecf8427e]
https://secret.opera.software [200] [GET] [text/html] [Yopass: Share Secrets Securely] [nginx] [Nginx] [925854e5b4bc24e8c5f5d6499ec712f2]
https://security.opera.software [302] [GET] [text/html] [] [nginx] [vhost] [Nginx] [0cb71328966eb5bb57be13c04810ed8f]
https://security.opera.software [302] [GET] [text/html] [] [nginx] [vhost] [Nginx] [f8a7e4e6bf359bc16f196cceedb077d5]
https://sentry-am3-01.osp.opera.software [302] [GET] [text/html] [] [nginx/1.20.2] [Nginx] [7cdd91ac0dde99a8293099d953f856a2]
https://sg1.opera.software [200] [GET] [text/html] [] [nginx] [Nginx] [d41d8cd98f00b204e9800998ecf8427e]
https://sonarqube.opera.software [302] [GET] [text/html] [] [nginx] [vhost] [Nginx] [4aa8eee026aff94060501b10e892c7b8]
https://sonarqube.opera.software [302] [GET] [text/html] [] [nginx] [vhost] [Nginx] [f0d9747910b0ae2d7a6eaa5ee15d38d2]
https://submit-am4.osp.opera.software [404] [GET] [text/html] [404 Not Found] [nginx/1.18.0] [Nginx] [26017130abca7d511d22eea19ce6d7a1]
https://submit-ash.osp.opera.software [404] [GET] [text/html] [404 Not Found] [nginx/1.18.0] [Nginx] [26017130abca7d511d22eea19ce6d7a1]
https://submit-com-am4.osp.opera.software [404] [GET] [text/html] [404 Not Found] [nginx/1.18.0] [Nginx] [26017130abca7d511d22eea19ce6d7a1]
https://submit-com-ash.osp.opera.software [404] [GET] [text/html] [404 Not Found] [nginx/1.18.0] [Nginx] [706a98254456810d3e849c3957af9d01]
https://submit-com-target.osp.opera.software [404] [GET] [text/html] [404 Not Found] [nginx/1.18.0] [Nginx] [26017130abca7d511d22eea19ce6d7a1]
https://submit-target.osp.opera.software [404] [GET] [text/html] [404 Not Found] [nginx/1.18.0] [Nginx] [706a98254456810d3e849c3957af9d01]
https://trial-ci-cdn.osp.opera.software [403] [GET] [application/xml] [] [UploadServer] [vhost] [google] [e7a9350210b4dba641f6020447c96045]
https://usernames.opera.software [302] [GET] [text/html] [] [nginx] [vhost] [Nginx] [d2f7ce8bcf47a46a143d062352592482]
https://usernames.opera.software [302] [GET] [text/html] [] [nginx] [vhost] [Nginx] [e15a9c1e9904c690ff8db7f1e9d0ddfe]
https://vault.opera.software [302] [GET] [text/html] [] [nginx] [vhost] [Nginx] [cf43e0e2dc8776053fb625be61b06022]
https://vault.opera.software [302] [GET] [text/html] [] [nginx] [vhost] [Nginx] [e2b1be0f34b6cf46a31765c32e2c8b90]
https://vpn.opera.software [302] [GET] [text/html] [] [] [Pulse Secure] [d41d8cd98f00b204e9800998ecf8427e]
https://wiki.opera.software [302] [GET] [text/html] [] [Apache/2.4.25 (Debian)] [Apache,Atlassian Confluence,Debian,Java] [d41d8cd98f00b204e9800998ecf8427e]
https://xenos.opera.software [302] [GET] [text/html] [] [nginx] [vhost] [Nginx] [a019caa1451232d77eb5012353f43b19]
https://xenos.opera.software [302] [GET] [text/html] [] [nginx] [vhost] [Nginx] [ab9aa080602b0afcca06d4bc67906c08]
