http://account-messaging.paddypower.com:8080 [403] [GET] [text/plain] [] [cloudflare] [vhost] [cloudflare] [Cloudflare,Cloudflare Bot Management] [7b5ea53ba332630e5aca8e4abb807f70]
http://amspp.paddypower.com:8080 [403] [GET] [text/plain] [] [cloudflare] [vhost] [cloudflare] [Cloudflare,Cloudflare Bot Management] [7b5ea53ba332630e5aca8e4abb807f70]
http://apismsios.paddypower.com:8080 [403] [GET] [text/plain] [] [cloudflare] [vhost] [cloudflare] [Cloudflare,Cloudflare Bot Management] [7b5ea53ba332630e5aca8e4abb807f70]
http://assets.paddypower.com:8080 [403] [GET] [text/plain] [] [cloudflare] [vhost] [cloudflare] [Cloudflare,Cloudflare Bot Management] [7b5ea53ba332630e5aca8e4abb807f70]
http://bgf.paddypower.com:8080 [403] [GET] [text/plain] [] [cloudflare] [vhost] [cloudflare] [Cloudflare,Cloudflare Bot Management] [7b5ea53ba332630e5aca8e4abb807f70]
http://bgi.lb.paddypower.com [301] [GET] [] [] [] [d41d8cd98f00b204e9800998ecf8427e]
http://bgi.paddypower.com [301] [GET] [] [] [] [d41d8cd98f00b204e9800998ecf8427e]
http://bingo.paddypower.com:8080 [403] [GET] [text/plain] [] [cloudflare] [vhost] [cloudflare] [Cloudflare,Cloudflare Bot Management] [7b5ea53ba332630e5aca8e4abb807f70]
http://blog.paddypower.com:2052 [302] [GET] [] [] [cloudflare] [vhost] [cloudflare] [Cloudflare,Cloudflare Bot Management] [d41d8cd98f00b204e9800998ecf8427e]
http://blog.paddypower.com:2086 [302] [GET] [] [] [cloudflare] [vhost] [cloudflare] [Cloudflare,Cloudflare Bot Management] [d41d8cd98f00b204e9800998ecf8427e]
http://blog.paddypower.com:8080 [302] [GET] [] [] [cloudflare] [vhost] [cloudflare] [Cloudflare,Cloudflare Bot Management] [d41d8cd98f00b204e9800998ecf8427e]
http://bts.paddypower.com:8080 [403] [GET] [text/plain] [] [cloudflare] [vhost] [cloudflare] [Cloudflare,Cloudflare Bot Management] [7b5ea53ba332630e5aca8e4abb807f70]
http://bvp.paddypower.com:8080 [403] [GET] [text/plain] [] [cloudflare] [vhost] [cloudflare] [Cloudflare,Cloudflare Bot Management] [7b5ea53ba332630e5aca8e4abb807f70]
http://cbs.paddypower.com:8080 [403] [GET] [text/plain] [] [cloudflare] [vhost] [cloudflare] [Cloudflare,Cloudflare Bot Management] [7b5ea53ba332630e5aca8e4abb807f70]
http://clientmetrics.paddypower.com:8080 [403] [GET] [text/plain] [] [cloudflare] [vhost] [cloudflare] [Cloudflare,Cloudflare Bot Management] [7b5ea53ba332630e5aca8e4abb807f70]
http://clientmetricstst.paddypower.com:8080 [403] [GET] [text/plain] [] [cloudflare] [vhost] [cloudflare] [Cloudflare,Cloudflare Bot Management] [7b5ea53ba332630e5aca8e4abb807f70]
http://cro.paddypower.com:8080 [403] [GET] [text/plain] [] [cloudflare] [vhost] [cloudflare] [Cloudflare,Cloudflare Bot Management] [7b5ea53ba332630e5aca8e4abb807f70]
http://fantasy.paddypower.com:2082 [403] [GET] [text/plain] [] [cloudflare] [vhost] [cloudflare] [Cloudflare,Cloudflare Bot Management] [7b5ea53ba332630e5aca8e4abb807f70]
http://fantasy.paddypower.com:2086 [403] [GET] [text/plain] [] [cloudflare] [vhost] [cloudflare] [Cloudflare,Cloudflare Bot Management] [7b5ea53ba332630e5aca8e4abb807f70]
http://fantasy.paddypower.com:8080 [403] [GET] [text/plain] [] [cloudflare] [vhost] [cloudflare] [Cloudflare,Cloudflare Bot Management] [7b5ea53ba332630e5aca8e4abb807f70]
http://fantasy.paddypower.com:8880 [403] [GET] [text/plain] [] [cloudflare] [vhost] [cloudflare] [Cloudflare,Cloudflare Bot Management] [7b5ea53ba332630e5aca8e4abb807f70]
http://fcq.paddypower.com:8080 [403] [GET] [text/plain] [] [cloudflare] [vhost] [cloudflare] [Cloudflare,Cloudflare Bot Management] [7b5ea53ba332630e5aca8e4abb807f70]
http://frc.paddypower.com:8080 [403] [GET] [text/plain] [] [cloudflare] [vhost] [cloudflare] [Cloudflare,Cloudflare Bot Management] [7b5ea53ba332630e5aca8e4abb807f70]
http://games.paddypower.com:8080 [403] [GET] [text/plain] [] [cloudflare] [vhost] [cloudflare] [Cloudflare,Cloudflare Bot Management] [7b5ea53ba332630e5aca8e4abb807f70]
http://gap.lb.paddypower.com [301] [GET] [] [] [] [d41d8cd98f00b204e9800998ecf8427e]
http://gap.paddypower.com [301] [GET] [] [] [] [d41d8cd98f00b204e9800998ecf8427e]
http://gfe.paddypower.com:8080 [403] [GET] [text/plain] [] [cloudflare] [vhost] [cloudflare] [Cloudflare,Cloudflare Bot Management] [7b5ea53ba332630e5aca8e4abb807f70]
http://gfs.paddypower.com:8080 [403] [GET] [text/plain] [] [cloudflare] [vhost] [cloudflare] [Cloudflare,Cloudflare Bot Management] [7b5ea53ba332630e5aca8e4abb807f70]
http://gmd.paddypower.com:8080 [403] [GET] [text/plain] [] [cloudflare] [vhost] [cloudflare] [Cloudflare,Cloudflare Bot Management] [7b5ea53ba332630e5aca8e4abb807f70]
http://gmw.paddypower.com:8080 [403] [GET] [text/plain] [] [cloudflare] [vhost] [cloudflare] [Cloudflare,Cloudflare Bot Management] [7b5ea53ba332630e5aca8e4abb807f70]
http://gwb.paddypower.com:8080 [403] [GET] [text/plain] [] [cloudflare] [vhost] [cloudflare] [Cloudflare,Cloudflare Bot Management] [7b5ea53ba332630e5aca8e4abb807f70]
http://helpcenter.paddypower.com:8080 [301] [GET] [] [] [cloudflare] [vhost] [cloudflare] [Cloudflare,Cloudflare Bot Management] [d41d8cd98f00b204e9800998ecf8427e]
http://identitysso.paddypower.com:8080 [403] [GET] [text/plain] [] [cloudflare] [vhost] [cloudflare] [Cloudflare,Cloudflare Bot Management] [7b5ea53ba332630e5aca8e4abb807f70]
http://ie1-bgi.paddypower.com [301] [GET] [] [] [] [d41d8cd98f00b204e9800998ecf8427e]
http://ie1-gap.paddypower.com [301] [GET] [] [] [] [d41d8cd98f00b204e9800998ecf8427e]
http://ie2-bgi.paddypower.com [301] [GET] [] [] [] [d41d8cd98f00b204e9800998ecf8427e]
http://ie2-gap.paddypower.com [301] [GET] [] [] [] [d41d8cd98f00b204e9800998ecf8427e]
http://ips.paddypower.com:8080 [403] [GET] [text/plain] [] [cloudflare] [vhost] [cloudflare] [Cloudflare,Cloudflare Bot Management] [7b5ea53ba332630e5aca8e4abb807f70]
http://launcher.paddypower.com:8080 [403] [GET] [text/plain] [] [cloudflare] [vhost] [cloudflare] [Cloudflare,Cloudflare Bot Management] [7b5ea53ba332630e5aca8e4abb807f70]
http://livecasino.paddypower.com:8080 [403] [GET] [text/plain] [] [cloudflare] [vhost] [cloudflare] [Cloudflare,Cloudflare Bot Management] [7b5ea53ba332630e5aca8e4abb807f70]
http://locator.paddypower.com:8080 [403] [GET] [text/plain] [] [cloudflare] [vhost] [cloudflare] [Cloudflare,Cloudflare Bot Management] [7b5ea53ba332630e5aca8e4abb807f70]
http://maintenance.paddypower.com:8080 [403] [GET] [text/plain] [] [cloudflare] [vhost] [cloudflare] [Cloudflare,Cloudflare Bot Management] [7b5ea53ba332630e5aca8e4abb807f70]
http://mbingo.paddypower.com:8080 [403] [GET] [text/plain] [] [cloudflare] [vhost] [cloudflare] [Cloudflare,Cloudflare Bot Management] [7b5ea53ba332630e5aca8e4abb807f70]
http://mcasino.paddypower.com:8080 [403] [GET] [text/plain] [] [cloudflare] [vhost] [cloudflare] [Cloudflare,Cloudflare Bot Management] [7b5ea53ba332630e5aca8e4abb807f70]
http://messaging.paddypower.com:8080 [403] [GET] [text/plain] [] [cloudflare] [vhost] [cloudflare] [Cloudflare,Cloudflare Bot Management] [7b5ea53ba332630e5aca8e4abb807f70]
http://mga.paddypower.com:8080 [403] [GET] [text/plain] [] [cloudflare] [vhost] [cloudflare] [Cloudflare,Cloudflare Bot Management] [7b5ea53ba332630e5aca8e4abb807f70]
http://mgw.paddypower.com:8080 [403] [GET] [text/plain] [] [cloudflare] [vhost] [cloudflare] [Cloudflare,Cloudflare Bot Management] [7b5ea53ba332630e5aca8e4abb807f70]
http://mpoker.paddypower.com:8080 [403] [GET] [text/plain] [] [cloudflare] [vhost] [cloudflare] [Cloudflare,Cloudflare Bot Management] [7b5ea53ba332630e5aca8e4abb807f70]
http://myaccount.paddypower.com:8080 [403] [GET] [text/plain] [] [cloudflare] [vhost] [cloudflare] [Cloudflare,Cloudflare Bot Management] [7b5ea53ba332630e5aca8e4abb807f70]
http://myactivity.paddypower.com:8080 [403] [GET] [text/plain] [] [cloudflare] [vhost] [cloudflare] [Cloudflare,Cloudflare Bot Management] [7b5ea53ba332630e5aca8e4abb807f70]
http://myfunds.paddypower.com:8080 [403] [GET] [text/plain] [] [cloudflare] [vhost] [cloudflare] [Cloudflare,Cloudflare Bot Management] [7b5ea53ba332630e5aca8e4abb807f70]
http://mypromos.paddypower.com:8080 [403] [GET] [text/plain] [] [cloudflare] [vhost] [cloudflare] [Cloudflare,Cloudflare Bot Management] [7b5ea53ba332630e5aca8e4abb807f70]
http://news.paddypower.com:2083 [400] [GET] [text/html] [400 The plain HTTP request was sent to HTTPS port] [cloudflare] [cloudflare] [Cloudflare] [20ad84d030031252141ca0b3fc0183f0]
http://news.paddypower.com:2087 [400] [GET] [text/html] [400 The plain HTTP request was sent to HTTPS port] [cloudflare] [cloudflare] [Cloudflare] [cd58783500d7fa3c58f88eb0ba22f4f8]
http://news.paddypower.com:8443 [400] [GET] [text/html] [400 The plain HTTP request was sent to HTTPS port] [cloudflare] [cloudflare] [Cloudflare] [20ad84d030031252141ca0b3fc0183f0]
http://osg.paddypower.com:2082 [403] [GET] [text/plain] [] [cloudflare] [vhost] [cloudflare] [Cloudflare,Cloudflare Bot Management] [7b5ea53ba332630e5aca8e4abb807f70]
http://osg.paddypower.com:2086 [403] [GET] [text/plain] [] [cloudflare] [vhost] [cloudflare] [Cloudflare,Cloudflare Bot Management] [7b5ea53ba332630e5aca8e4abb807f70]
http://osg.paddypower.com:2095 [403] [GET] [text/plain] [] [cloudflare] [vhost] [cloudflare] [Cloudflare,Cloudflare Bot Management] [7b5ea53ba332630e5aca8e4abb807f70]
http://osg.paddypower.com:8080 [403] [GET] [text/plain] [] [cloudflare] [vhost] [cloudflare] [Cloudflare,Cloudflare Bot Management] [7b5ea53ba332630e5aca8e4abb807f70]
http://osg.paddypower.com:8880 [403] [GET] [text/plain] [] [cloudflare] [vhost] [cloudflare] [Cloudflare,Cloudflare Bot Management] [7b5ea53ba332630e5aca8e4abb807f70]
http://paddypower.com:2082 [403] [GET] [text/plain] [] [cloudflare] [vhost] [cloudflare] [Cloudflare,Cloudflare Bot Management] [7b5ea53ba332630e5aca8e4abb807f70]
http://paddypower.com:2086 [403] [GET] [text/plain] [] [cloudflare] [vhost] [cloudflare] [Cloudflare,Cloudflare Bot Management] [7b5ea53ba332630e5aca8e4abb807f70]
http://paddypower.com:8080 [403] [GET] [text/plain] [] [cloudflare] [vhost] [cloudflare] [Cloudflare,Cloudflare Bot Management] [7b5ea53ba332630e5aca8e4abb807f70]
http://paddypower.com:8880 [403] [GET] [text/plain] [] [cloudflare] [vhost] [cloudflare] [Cloudflare,Cloudflare Bot Management] [7b5ea53ba332630e5aca8e4abb807f70]
http://partnerships.paddypower.com:8080 [301] [GET] [] [] [cloudflare] [vhost] [cloudflare] [Cloudflare,Cloudflare Bot Management] [d41d8cd98f00b204e9800998ecf8427e]
http://playerhistory.paddypower.com:8080 [403] [GET] [text/plain] [] [cloudflare] [vhost] [cloudflare] [Cloudflare,Cloudflare Bot Management] [7b5ea53ba332630e5aca8e4abb807f70]
http://playerprotection.paddypower.com:8080 [403] [GET] [text/plain] [] [cloudflare] [vhost] [cloudflare] [Cloudflare,Cloudflare Bot Management] [7b5ea53ba332630e5aca8e4abb807f70]
http://playersclub.paddypower.com:8080 [403] [GET] [text/plain] [] [cloudflare] [vhost] [cloudflare] [Cloudflare,Cloudflare Bot Management] [7b5ea53ba332630e5aca8e4abb807f70]
http://play.paddypower.com:8080 [403] [GET] [text/plain] [] [cloudflare] [vhost] [cloudflare] [Cloudflare,Cloudflare Bot Management] [7b5ea53ba332630e5aca8e4abb807f70]
http://poker.paddypower.com:8080 [403] [GET] [text/plain] [] [cloudflare] [vhost] [cloudflare] [Cloudflare,Cloudflare Bot Management] [7b5ea53ba332630e5aca8e4abb807f70]
http://promos.paddypower.com:8080 [403] [GET] [text/plain] [] [cloudflare] [vhost] [cloudflare] [Cloudflare,Cloudflare Bot Management] [7b5ea53ba332630e5aca8e4abb807f70]
http://promotions.paddypower.com:8080 [403] [GET] [text/plain] [] [cloudflare] [vhost] [cloudflare] [Cloudflare,Cloudflare Bot Management] [7b5ea53ba332630e5aca8e4abb807f70]
http://push-subscription.paddypower.com:8080 [403] [GET] [text/plain] [] [cloudflare] [vhost] [cloudflare] [Cloudflare,Cloudflare Bot Management] [7b5ea53ba332630e5aca8e4abb807f70]
http://register.paddypower.com:8080 [403] [GET] [text/plain] [] [cloudflare] [vhost] [cloudflare] [Cloudflare,Cloudflare Bot Management] [7b5ea53ba332630e5aca8e4abb807f70]
https://account-messaging.paddypower.com [403] [GET] [text/plain] [] [cloudflare] [vhost] [cloudflare] [Cloudflare,Cloudflare Bot Management] [7b5ea53ba332630e5aca8e4abb807f70]
https://account-messaging.paddypower.com:8443 [403] [GET] [text/plain] [] [cloudflare] [vhost] [cloudflare] [Cloudflare,Cloudflare Bot Management] [7b5ea53ba332630e5aca8e4abb807f70]
https://amspp.paddypower.com [403] [GET] [text/plain] [] [cloudflare] [vhost] [cloudflare] [Cloudflare,Cloudflare Bot Management] [7b5ea53ba332630e5aca8e4abb807f70]
https://amspp.paddypower.com:8443 [403] [GET] [text/plain] [] [cloudflare] [vhost] [cloudflare] [Cloudflare,Cloudflare Bot Management] [7b5ea53ba332630e5aca8e4abb807f70]
https://apismsios.paddypower.com [403] [GET] [text/plain] [] [cloudflare] [vhost] [cloudflare] [Cloudflare,Cloudflare Bot Management] [7b5ea53ba332630e5aca8e4abb807f70]
https://apismsios.paddypower.com:8443 [403] [GET] [text/plain] [] [cloudflare] [vhost] [cloudflare] [Cloudflare,Cloudflare Bot Management] [7b5ea53ba332630e5aca8e4abb807f70]
https://assets.paddypower.com [403] [GET] [text/plain] [] [cloudflare] [vhost] [cloudflare] [Cloudflare,Cloudflare Bot Management] [7b5ea53ba332630e5aca8e4abb807f70]
https://assets.paddypower.com:8443 [403] [GET] [text/plain] [] [cloudflare] [vhost] [cloudflare] [Cloudflare,Cloudflare Bot Management] [7b5ea53ba332630e5aca8e4abb807f70]
https://beatthedrop.paddypower.com [403] [GET] [text/plain] [] [cloudflare] [vhost] [cloudflare] [Cloudflare,Cloudflare Bot Management] [7b5ea53ba332630e5aca8e4abb807f70]
https://beatthekeeper.paddypower.com [403] [GET] [text/plain] [] [cloudflare] [vhost] [cloudflare] [Cloudflare,Cloudflare Bot Management] [7b5ea53ba332630e5aca8e4abb807f70]
https://bet-calculator.paddypower.com [403] [GET] [text/plain] [] [cloudflare] [vhost] [cloudflare] [Cloudflare,Cloudflare Bot Management] [7b5ea53ba332630e5aca8e4abb807f70]
https://betcalculator.paddypower.com [403] [GET] [text/plain] [] [cloudflare] [vhost] [cloudflare] [Cloudflare,Cloudflare Bot Management] [7b5ea53ba332630e5aca8e4abb807f70]
https://bgf.paddypower.com [403] [GET] [text/plain] [] [cloudflare] [vhost] [cloudflare] [Cloudflare,Cloudflare Bot Management] [7b5ea53ba332630e5aca8e4abb807f70]
https://bgf.paddypower.com:8443 [403] [GET] [text/plain] [] [cloudflare] [vhost] [cloudflare] [Cloudflare,Cloudflare Bot Management] [7b5ea53ba332630e5aca8e4abb807f70]
https://bgi.paddypower.com:8443 [404] [GET] [] [Service not Found] [] [c7ed3dffbfd84df8a45f0d1e2113e784]
https://bingo.paddypower.com [403] [GET] [text/plain] [] [cloudflare] [vhost] [cloudflare] [Cloudflare,Cloudflare Bot Management] [7b5ea53ba332630e5aca8e4abb807f70]
https://bingo.paddypower.com:8443 [403] [GET] [text/plain] [] [cloudflare] [vhost] [cloudflare] [Cloudflare,Cloudflare Bot Management] [7b5ea53ba332630e5aca8e4abb807f70]
https://blog.paddypower.com:2083 [302] [GET] [] [] [cloudflare] [vhost] [cloudflare] [Cloudflare,Cloudflare Bot Management] [d41d8cd98f00b204e9800998ecf8427e]
https://blog.paddypower.com:2087 [302] [GET] [] [] [cloudflare] [vhost] [cloudflare] [Cloudflare,Cloudflare Bot Management] [d41d8cd98f00b204e9800998ecf8427e]
https://blog.paddypower.com [302] [GET] [] [] [cloudflare] [vhost] [cloudflare] [Cloudflare,Cloudflare Bot Management] [d41d8cd98f00b204e9800998ecf8427e]
https://blog.paddypower.com:8443 [302] [GET] [] [] [cloudflare] [vhost] [cloudflare] [Cloudflare,Cloudflare Bot Management] [d41d8cd98f00b204e9800998ecf8427e]
https://bts.paddypower.com [403] [GET] [text/plain] [] [cloudflare] [vhost] [cloudflare] [Cloudflare,Cloudflare Bot Management] [7b5ea53ba332630e5aca8e4abb807f70]
https://bts.paddypower.com:8443 [403] [GET] [text/plain] [] [cloudflare] [vhost] [cloudflare] [Cloudflare,Cloudflare Bot Management] [7b5ea53ba332630e5aca8e4abb807f70]
https://bvp.paddypower.com [403] [GET] [text/plain] [] [cloudflare] [vhost] [cloudflare] [Cloudflare,Cloudflare Bot Management] [7b5ea53ba332630e5aca8e4abb807f70]
https://bvp.paddypower.com:8443 [403] [GET] [text/plain] [] [cloudflare] [vhost] [cloudflare] [Cloudflare,Cloudflare Bot Management] [7b5ea53ba332630e5aca8e4abb807f70]
https://cache.download.banner.livecasino.paddypower.com [400] [GET] [text/plain] [] [EdgePrism/4.9.8.1] [vhost] [d41d8cd98f00b204e9800998ecf8427e]
https://cbs.paddypower.com [403] [GET] [text/plain] [] [cloudflare] [vhost] [cloudflare] [Cloudflare,Cloudflare Bot Management] [7b5ea53ba332630e5aca8e4abb807f70]
https://cbs.paddypower.com:8443 [403] [GET] [text/plain] [] [cloudflare] [vhost] [cloudflare] [Cloudflare,Cloudflare Bot Management] [7b5ea53ba332630e5aca8e4abb807f70]
https://ccc.paddypower.com [403] [GET] [text/plain] [] [cloudflare] [vhost] [cloudflare] [Cloudflare,Cloudflare Bot Management] [7b5ea53ba332630e5aca8e4abb807f70]
https://clientmetrics.paddypower.com [403] [GET] [text/plain] [] [cloudflare] [vhost] [cloudflare] [Cloudflare,Cloudflare Bot Management] [7b5ea53ba332630e5aca8e4abb807f70]
https://clientmetrics.paddypower.com:8443 [403] [GET] [text/plain] [] [cloudflare] [vhost] [cloudflare] [Cloudflare,Cloudflare Bot Management] [7b5ea53ba332630e5aca8e4abb807f70]
https://clientmetricstst.paddypower.com [403] [GET] [text/plain] [] [cloudflare] [vhost] [cloudflare] [Cloudflare,Cloudflare Bot Management] [7b5ea53ba332630e5aca8e4abb807f70]
https://clientmetricstst.paddypower.com:8443 [403] [GET] [text/plain] [] [cloudflare] [vhost] [cloudflare] [Cloudflare,Cloudflare Bot Management] [7b5ea53ba332630e5aca8e4abb807f70]
http://sco.paddypower.com:8080 [403] [GET] [text/plain] [] [cloudflare] [vhost] [cloudflare] [Cloudflare,Cloudflare Bot Management] [7b5ea53ba332630e5aca8e4abb807f70]
https://cro.paddypower.com [403] [GET] [text/plain] [] [cloudflare] [vhost] [cloudflare] [Cloudflare,Cloudflare Bot Management] [7b5ea53ba332630e5aca8e4abb807f70]
https://cro.paddypower.com:8443 [403] [GET] [text/plain] [] [cloudflare] [vhost] [cloudflare] [Cloudflare,Cloudflare Bot Management] [7b5ea53ba332630e5aca8e4abb807f70]
https://design.paddypower.com [403] [GET] [text/plain] [] [cloudflare] [vhost] [cloudflare] [Cloudflare,Cloudflare Bot Management] [7b5ea53ba332630e5aca8e4abb807f70]
http://ser.paddypower.com:8080 [403] [GET] [text/plain] [] [cloudflare] [vhost] [cloudflare] [Cloudflare,Cloudflare Bot Management] [7b5ea53ba332630e5aca8e4abb807f70]
https://fantasy.paddypower.com:2083 [403] [GET] [text/plain] [] [cloudflare] [vhost] [cloudflare] [Cloudflare,Cloudflare Bot Management] [7b5ea53ba332630e5aca8e4abb807f70]
https://fantasy.paddypower.com:2087 [403] [GET] [text/plain] [] [cloudflare] [vhost] [cloudflare] [Cloudflare,Cloudflare Bot Management] [7b5ea53ba332630e5aca8e4abb807f70]
https://fantasy.paddypower.com [403] [GET] [text/plain] [] [cloudflare] [vhost] [cloudflare] [Cloudflare,Cloudflare Bot Management] [7b5ea53ba332630e5aca8e4abb807f70]
https://fantasy.paddypower.com:8443 [403] [GET] [text/plain] [] [cloudflare] [vhost] [cloudflare] [Cloudflare,Cloudflare Bot Management] [7b5ea53ba332630e5aca8e4abb807f70]
https://fcq.paddypower.com [403] [GET] [text/plain] [] [cloudflare] [vhost] [cloudflare] [Cloudflare,Cloudflare Bot Management] [7b5ea53ba332630e5aca8e4abb807f70]
https://fcq.paddypower.com:8443 [403] [GET] [text/plain] [] [cloudflare] [vhost] [cloudflare] [Cloudflare,Cloudflare Bot Management] [7b5ea53ba332630e5aca8e4abb807f70]
https://frc.paddypower.com [403] [GET] [text/plain] [] [cloudflare] [vhost] [cloudflare] [Cloudflare,Cloudflare Bot Management] [7b5ea53ba332630e5aca8e4abb807f70]
https://frc.paddypower.com:8443 [403] [GET] [text/plain] [] [cloudflare] [vhost] [cloudflare] [Cloudflare,Cloudflare Bot Management] [7b5ea53ba332630e5aca8e4abb807f70]
https://games.paddypower.com [403] [GET] [text/plain] [] [cloudflare] [vhost] [cloudflare] [Cloudflare,Cloudflare Bot Management] [7b5ea53ba332630e5aca8e4abb807f70]
https://games.paddypower.com:8443 [403] [GET] [text/plain] [] [cloudflare] [vhost] [cloudflare] [Cloudflare,Cloudflare Bot Management] [7b5ea53ba332630e5aca8e4abb807f70]
https://gfe.paddypower.com [403] [GET] [text/plain] [] [cloudflare] [vhost] [cloudflare] [Cloudflare,Cloudflare Bot Management] [7b5ea53ba332630e5aca8e4abb807f70]
https://gfe.paddypower.com:8443 [403] [GET] [text/plain] [] [cloudflare] [vhost] [cloudflare] [Cloudflare,Cloudflare Bot Management] [7b5ea53ba332630e5aca8e4abb807f70]
https://gfs.paddypower.com [403] [GET] [text/plain] [] [cloudflare] [vhost] [cloudflare] [Cloudflare,Cloudflare Bot Management] [7b5ea53ba332630e5aca8e4abb807f70]
https://gfs.paddypower.com:8443 [403] [GET] [text/plain] [] [cloudflare] [vhost] [cloudflare] [Cloudflare,Cloudflare Bot Management] [7b5ea53ba332630e5aca8e4abb807f70]
https://gmd.paddypower.com [403] [GET] [text/plain] [] [cloudflare] [vhost] [cloudflare] [Cloudflare,Cloudflare Bot Management] [7b5ea53ba332630e5aca8e4abb807f70]
https://gmd.paddypower.com:8443 [403] [GET] [text/plain] [] [cloudflare] [vhost] [cloudflare] [Cloudflare,Cloudflare Bot Management] [7b5ea53ba332630e5aca8e4abb807f70]
https://gmw.paddypower.com [403] [GET] [text/plain] [] [cloudflare] [vhost] [cloudflare] [Cloudflare,Cloudflare Bot Management] [7b5ea53ba332630e5aca8e4abb807f70]
https://gmw.paddypower.com:8443 [403] [GET] [text/plain] [] [cloudflare] [vhost] [cloudflare] [Cloudflare,Cloudflare Bot Management] [7b5ea53ba332630e5aca8e4abb807f70]
https://gwb.paddypower.com [403] [GET] [text/plain] [] [cloudflare] [vhost] [cloudflare] [Cloudflare,Cloudflare Bot Management] [7b5ea53ba332630e5aca8e4abb807f70]
https://gwb.paddypower.com:8443 [403] [GET] [text/plain] [] [cloudflare] [vhost] [cloudflare] [Cloudflare,Cloudflare Bot Management] [7b5ea53ba332630e5aca8e4abb807f70]
https://helpcenter.paddypower.com [301] [GET] [text/html] [301 Moved Permanently] [cloudflare] [vhost] [cloudflare] [Cloudflare,Cloudflare Bot Management] [bbb76906e1a88e41554ca45532c23622]
https://helpcenter.paddypower.com [301] [GET] [text/html] [301 Moved Permanently] [cloudflare] [vhost] [cloudflare] [Cloudflare,Cloudflare Bot Management] [d4f6b4e8594c6e168442cdfe0a0670fe]
https://helpcenter.paddypower.com:8443 [403] [GET] [text/html] [Attention Required! | Cloudflare] [cloudflare] [vhost] [cloudflare] [Cloudflare,Cloudflare Bot Management] [a45c1f929e7f60be9e0e36d5da9ff955]
https://hitthespot.paddypower.com [403] [GET] [text/plain] [] [cloudflare] [vhost] [cloudflare] [Cloudflare,Cloudflare Bot Management] [7b5ea53ba332630e5aca8e4abb807f70]
http://shl.paddypower.com:8080 [403] [GET] [text/plain] [] [cloudflare] [vhost] [cloudflare] [Cloudflare,Cloudflare Bot Management] [7b5ea53ba332630e5aca8e4abb807f70]
http://sib.paddypower.com:8080 [403] [GET] [text/plain] [] [cloudflare] [vhost] [cloudflare] [Cloudflare,Cloudflare Bot Management] [7b5ea53ba332630e5aca8e4abb807f70]
https://identitysso.paddypower.com [403] [GET] [text/plain] [] [cloudflare] [vhost] [cloudflare] [Cloudflare,Cloudflare Bot Management] [7b5ea53ba332630e5aca8e4abb807f70]
https://identitysso.paddypower.com:8443 [403] [GET] [text/plain] [] [cloudflare] [vhost] [cloudflare] [Cloudflare,Cloudflare Bot Management] [7b5ea53ba332630e5aca8e4abb807f70]
https://ie1-pacpp.paddypower.com [403] [GET] [] [] [] [d41d8cd98f00b204e9800998ecf8427e]
https://ie1-rdr.paddypower.com [301] [GET] [text/html] [301 Moved Permanently] [] [cbbc3d4ec865ddffbf554a2748500fea]
https://ie2-pacpp.paddypower.com [403] [GET] [] [] [] [d41d8cd98f00b204e9800998ecf8427e]
https://ie2-rdr.paddypower.com [301] [GET] [text/html] [301 Moved Permanently] [] [cbbc3d4ec865ddffbf554a2748500fea]
https://images.paddypower.com [200] [GET] [] [Movable Ink Domain] [cloudflare] [vhost] [cloudflare] [Amazon Cloudfront,Amazon Web Services,Cloudflare,Cloudflare Bot Management] [da4d9472bd8768d5646f9f431a4be082]
https://ips.paddypower.com [403] [GET] [text/plain] [] [cloudflare] [vhost] [cloudflare] [Cloudflare,Cloudflare Bot Management] [7b5ea53ba332630e5aca8e4abb807f70]
https://ips.paddypower.com:8443 [403] [GET] [text/plain] [] [cloudflare] [vhost] [cloudflare] [Cloudflare,Cloudflare Bot Management] [7b5ea53ba332630e5aca8e4abb807f70]
https://launcher.paddypower.com [403] [GET] [text/plain] [] [cloudflare] [vhost] [cloudflare] [Cloudflare,Cloudflare Bot Management] [7b5ea53ba332630e5aca8e4abb807f70]
https://launcher.paddypower.com:8443 [403] [GET] [text/plain] [] [cloudflare] [vhost] [cloudflare] [Cloudflare,Cloudflare Bot Management] [7b5ea53ba332630e5aca8e4abb807f70]
https://links.paddypower.com [404] [GET] [text/html] [404 Not Found] [nginx] [Nginx] [70461da8b94c6ca5d2fda3260c5a8c3b]
https://livecasino.paddypower.com [403] [GET] [text/plain] [] [cloudflare] [vhost] [cloudflare] [Cloudflare,Cloudflare Bot Management] [7b5ea53ba332630e5aca8e4abb807f70]
https://livecasino.paddypower.com:8443 [403] [GET] [text/plain] [] [cloudflare] [vhost] [cloudflare] [Cloudflare,Cloudflare Bot Management] [7b5ea53ba332630e5aca8e4abb807f70]
https://locator.paddypower.com [403] [GET] [text/plain] [] [cloudflare] [vhost] [cloudflare] [Cloudflare,Cloudflare Bot Management] [7b5ea53ba332630e5aca8e4abb807f70]
https://locator.paddypower.com:8443 [403] [GET] [text/plain] [] [cloudflare] [vhost] [cloudflare] [Cloudflare,Cloudflare Bot Management] [7b5ea53ba332630e5aca8e4abb807f70]
https://maintenance.paddypower.com [403] [GET] [text/plain] [] [cloudflare] [vhost] [cloudflare] [Cloudflare,Cloudflare Bot Management] [7b5ea53ba332630e5aca8e4abb807f70]
https://maintenance.paddypower.com:8443 [403] [GET] [text/plain] [] [cloudflare] [vhost] [cloudflare] [Cloudflare,Cloudflare Bot Management] [7b5ea53ba332630e5aca8e4abb807f70]
https://mbingo.paddypower.com [403] [GET] [text/plain] [] [cloudflare] [vhost] [cloudflare] [Cloudflare,Cloudflare Bot Management] [7b5ea53ba332630e5aca8e4abb807f70]
https://mbingo.paddypower.com:8443 [403] [GET] [text/plain] [] [cloudflare] [vhost] [cloudflare] [Cloudflare,Cloudflare Bot Management] [7b5ea53ba332630e5aca8e4abb807f70]
https://mcasino.paddypower.com [403] [GET] [text/plain] [] [cloudflare] [vhost] [cloudflare] [Cloudflare,Cloudflare Bot Management] [7b5ea53ba332630e5aca8e4abb807f70]
https://mcasino.paddypower.com:8443 [403] [GET] [text/plain] [] [cloudflare] [vhost] [cloudflare] [Cloudflare,Cloudflare Bot Management] [7b5ea53ba332630e5aca8e4abb807f70]
https://media.paddypower.com [403] [GET] [text/html] [403 - Forbidden: Access is denied.] [cloudflare] [vhost] [cloudflare] [Cloudflare,Cloudflare Bot Management] [21ae23c2510a63b08c6699f6e8cd7dc9]
https://media.paddypower.com [403] [GET] [text/html] [403 - Forbidden: Access is denied.] [cloudflare] [vhost] [cloudflare] [Cloudflare,Cloudflare Bot Management] [463febced6f95ecb1a9a5374453d0448]
https://messaging.paddypower.com [403] [GET] [text/plain] [] [cloudflare] [vhost] [cloudflare] [Cloudflare,Cloudflare Bot Management] [7b5ea53ba332630e5aca8e4abb807f70]
https://messaging.paddypower.com:8443 [403] [GET] [text/plain] [] [cloudflare] [vhost] [cloudflare] [Cloudflare,Cloudflare Bot Management] [7b5ea53ba332630e5aca8e4abb807f70]
https://mga.paddypower.com [403] [GET] [text/plain] [] [cloudflare] [vhost] [cloudflare] [Cloudflare,Cloudflare Bot Management] [7b5ea53ba332630e5aca8e4abb807f70]
https://mga.paddypower.com:8443 [403] [GET] [text/plain] [] [cloudflare] [vhost] [cloudflare] [Cloudflare,Cloudflare Bot Management] [7b5ea53ba332630e5aca8e4abb807f70]
https://mgw.paddypower.com [403] [GET] [text/plain] [] [cloudflare] [vhost] [cloudflare] [Cloudflare,Cloudflare Bot Management] [7b5ea53ba332630e5aca8e4abb807f70]
https://mgw.paddypower.com:8443 [403] [GET] [text/plain] [] [cloudflare] [vhost] [cloudflare] [Cloudflare,Cloudflare Bot Management] [7b5ea53ba332630e5aca8e4abb807f70]
https://mpoker.paddypower.com [403] [GET] [text/plain] [] [cloudflare] [vhost] [cloudflare] [Cloudflare,Cloudflare Bot Management] [7b5ea53ba332630e5aca8e4abb807f70]
https://mpoker.paddypower.com:8443 [403] [GET] [text/plain] [] [cloudflare] [vhost] [cloudflare] [Cloudflare,Cloudflare Bot Management] [7b5ea53ba332630e5aca8e4abb807f70]
http://smp.paddypower.com:8080 [403] [GET] [text/plain] [] [cloudflare] [vhost] [cloudflare] [Cloudflare,Cloudflare Bot Management] [7b5ea53ba332630e5aca8e4abb807f70]
https://myaccount.paddypower.com [403] [GET] [text/plain] [] [cloudflare] [vhost] [cloudflare] [Cloudflare,Cloudflare Bot Management] [7b5ea53ba332630e5aca8e4abb807f70]
https://myaccount.paddypower.com:8443 [403] [GET] [text/plain] [] [cloudflare] [vhost] [cloudflare] [Cloudflare,Cloudflare Bot Management] [7b5ea53ba332630e5aca8e4abb807f70]
https://myactivity.paddypower.com [403] [GET] [text/plain] [] [cloudflare] [vhost] [cloudflare] [Cloudflare,Cloudflare Bot Management] [7b5ea53ba332630e5aca8e4abb807f70]
https://myactivity.paddypower.com:8443 [403] [GET] [text/plain] [] [cloudflare] [vhost] [cloudflare] [Cloudflare,Cloudflare Bot Management] [7b5ea53ba332630e5aca8e4abb807f70]
https://mycards.paddypower.com [403] [GET] [text/plain] [] [cloudflare] [vhost] [cloudflare] [Cloudflare,Cloudflare Bot Management] [7b5ea53ba332630e5aca8e4abb807f70]
https://myfunds.paddypower.com [403] [GET] [text/plain] [] [cloudflare] [vhost] [cloudflare] [Cloudflare,Cloudflare Bot Management] [7b5ea53ba332630e5aca8e4abb807f70]
https://myfunds.paddypower.com:8443 [403] [GET] [text/plain] [] [cloudflare] [vhost] [cloudflare] [Cloudflare,Cloudflare Bot Management] [7b5ea53ba332630e5aca8e4abb807f70]
https://mypromos.paddypower.com [403] [GET] [text/plain] [] [cloudflare] [vhost] [cloudflare] [Cloudflare,Cloudflare Bot Management] [7b5ea53ba332630e5aca8e4abb807f70]
https://mypromos.paddypower.com:8443 [403] [GET] [text/plain] [] [cloudflare] [vhost] [cloudflare] [Cloudflare,Cloudflare Bot Management] [7b5ea53ba332630e5aca8e4abb807f70]
https://news.paddypower.com [200] [GET] [text/html] [Online Betting Tips, Predictions & Previews » Paddy Power News] [cloudflare] [vhost] [cloudflare] [Bootstrap,Cloudflare,Google Font API,Google Tag Manager,MySQL,PHP,WordPress,Yoast SEO] [26b67f5150595eb06552c9494df6026a]
https://news.paddypower.com [200] [GET] [text/html] [Online Betting Tips, Predictions & Previews » Paddy Power News] [cloudflare] [vhost] [cloudflare] [Bootstrap,Cloudflare,Google Font API,Google Tag Manager,MySQL,PHP,WordPress,Yoast SEO] [6ab486d7f5715919d30593b991be0a4c]
https://osg.paddypower.com:2083 [403] [GET] [text/plain] [] [cloudflare] [vhost] [cloudflare] [Cloudflare,Cloudflare Bot Management] [7b5ea53ba332630e5aca8e4abb807f70]
https://osg.paddypower.com:2087 [403] [GET] [text/plain] [] [cloudflare] [vhost] [cloudflare] [Cloudflare,Cloudflare Bot Management] [7b5ea53ba332630e5aca8e4abb807f70]
https://osg.paddypower.com [403] [GET] [text/plain] [] [cloudflare] [vhost] [cloudflare] [Cloudflare,Cloudflare Bot Management] [7b5ea53ba332630e5aca8e4abb807f70]
https://osg.paddypower.com:8443 [403] [GET] [text/plain] [] [cloudflare] [vhost] [cloudflare] [Cloudflare,Cloudflare Bot Management] [7b5ea53ba332630e5aca8e4abb807f70]
https://pacpp.lb.paddypower.com [403] [GET] [] [] [] [d41d8cd98f00b204e9800998ecf8427e]
https://paddypower.com:2083 [403] [GET] [text/plain] [] [cloudflare] [vhost] [cloudflare] [Cloudflare,Cloudflare Bot Management] [7b5ea53ba332630e5aca8e4abb807f70]
https://paddypower.com:2087 [403] [GET] [text/plain] [] [cloudflare] [vhost] [cloudflare] [Cloudflare,Cloudflare Bot Management] [7b5ea53ba332630e5aca8e4abb807f70]
https://paddypower.com [403] [GET] [text/plain] [] [cloudflare] [vhost] [cloudflare] [Cloudflare,Cloudflare Bot Management] [7b5ea53ba332630e5aca8e4abb807f70]
https://paddypower.com:8443 [403] [GET] [text/plain] [] [cloudflare] [vhost] [cloudflare] [Cloudflare,Cloudflare Bot Management] [7b5ea53ba332630e5aca8e4abb807f70]
https://partnerships.paddypower.com [200] [GET] [text/html] [Paddy Power Affiliates] [cloudflare] [vhost] [cloudflare] [Cloudflare,Cloudflare Bot Management,Google Tag Manager] [2efe7d2b8c3266990e6843e2b93fe58e]
https://partnerships.paddypower.com [200] [GET] [text/html] [Paddy Power Affiliates] [cloudflare] [vhost] [cloudflare] [Cloudflare,Cloudflare Bot Management,Google Tag Manager] [fd8cfc170c0deffb0c417e8cbe3fdb27]
https://partnerships.paddypower.com:8443 [403] [GET] [text/html] [Attention Required! | Cloudflare] [cloudflare] [vhost] [cloudflare] [Cloudflare,Cloudflare Bot Management] [4c71c48f848e2701164ebff3a44eef81]
http://spb.paddypower.com:8080 [403] [GET] [text/plain] [] [cloudflare] [vhost] [cloudflare] [Cloudflare,Cloudflare Bot Management] [7b5ea53ba332630e5aca8e4abb807f70]
http://splash.paddypower.com:8080 [403] [GET] [text/plain] [] [cloudflare] [vhost] [cloudflare] [Cloudflare,Cloudflare Bot Management] [7b5ea53ba332630e5aca8e4abb807f70]
https://playerhistory.paddypower.com [403] [GET] [text/plain] [] [cloudflare] [vhost] [cloudflare] [Cloudflare,Cloudflare Bot Management] [7b5ea53ba332630e5aca8e4abb807f70]
https://playerhistory.paddypower.com:8443 [403] [GET] [text/plain] [] [cloudflare] [vhost] [cloudflare] [Cloudflare,Cloudflare Bot Management] [7b5ea53ba332630e5aca8e4abb807f70]
https://playerprotection.paddypower.com [403] [GET] [text/plain] [] [cloudflare] [vhost] [cloudflare] [Cloudflare,Cloudflare Bot Management] [7b5ea53ba332630e5aca8e4abb807f70]
https://playerprotection.paddypower.com:8443 [403] [GET] [text/plain] [] [cloudflare] [vhost] [cloudflare] [Cloudflare,Cloudflare Bot Management] [7b5ea53ba332630e5aca8e4abb807f70]
https://playersclub.paddypower.com [403] [GET] [text/plain] [] [cloudflare] [vhost] [cloudflare] [Cloudflare,Cloudflare Bot Management] [7b5ea53ba332630e5aca8e4abb807f70]
https://playersclub.paddypower.com:8443 [403] [GET] [text/plain] [] [cloudflare] [vhost] [cloudflare] [Cloudflare,Cloudflare Bot Management] [7b5ea53ba332630e5aca8e4abb807f70]
https://play.paddypower.com [403] [GET] [text/plain] [] [cloudflare] [vhost] [cloudflare] [Cloudflare,Cloudflare Bot Management] [7b5ea53ba332630e5aca8e4abb807f70]
https://play.paddypower.com:8443 [403] [GET] [text/plain] [] [cloudflare] [vhost] [cloudflare] [Cloudflare,Cloudflare Bot Management] [7b5ea53ba332630e5aca8e4abb807f70]
https://poker.paddypower.com [403] [GET] [text/plain] [] [cloudflare] [vhost] [cloudflare] [Cloudflare,Cloudflare Bot Management] [7b5ea53ba332630e5aca8e4abb807f70]
https://poker.paddypower.com:8443 [403] [GET] [text/plain] [] [cloudflare] [vhost] [cloudflare] [Cloudflare,Cloudflare Bot Management] [7b5ea53ba332630e5aca8e4abb807f70]
http://sportsbook-api.paddypower.com:8080 [403] [GET] [text/plain] [] [cloudflare] [vhost] [cloudflare] [Cloudflare,Cloudflare Bot Management] [7b5ea53ba332630e5aca8e4abb807f70]
http://sportsgaming.paddypower.com:8080 [403] [GET] [text/plain] [] [cloudflare] [vhost] [cloudflare] [Cloudflare,Cloudflare Bot Management] [7b5ea53ba332630e5aca8e4abb807f70]
https://promos.paddypower.com [403] [GET] [text/plain] [] [cloudflare] [vhost] [cloudflare] [Cloudflare,Cloudflare Bot Management] [7b5ea53ba332630e5aca8e4abb807f70]
https://promos.paddypower.com:8443 [403] [GET] [text/plain] [] [cloudflare] [vhost] [cloudflare] [Cloudflare,Cloudflare Bot Management] [7b5ea53ba332630e5aca8e4abb807f70]
https://promotions.paddypower.com [403] [GET] [text/plain] [] [cloudflare] [vhost] [cloudflare] [Cloudflare,Cloudflare Bot Management] [7b5ea53ba332630e5aca8e4abb807f70]
https://promotions.paddypower.com:8443 [403] [GET] [text/plain] [] [cloudflare] [vhost] [cloudflare] [Cloudflare,Cloudflare Bot Management] [7b5ea53ba332630e5aca8e4abb807f70]
https://push-subscription.paddypower.com [403] [GET] [text/plain] [] [cloudflare] [vhost] [cloudflare] [Cloudflare,Cloudflare Bot Management] [7b5ea53ba332630e5aca8e4abb807f70]
https://push-subscription.paddypower.com:8443 [403] [GET] [text/plain] [] [cloudflare] [vhost] [cloudflare] [Cloudflare,Cloudflare Bot Management] [7b5ea53ba332630e5aca8e4abb807f70]
https://rdr.lb.paddypower.com [301] [GET] [text/html] [301 Moved Permanently] [] [cbbc3d4ec865ddffbf554a2748500fea]
https://rdr.paddypower.com [301] [GET] [text/html] [301 Moved Permanently] [] [cbbc3d4ec865ddffbf554a2748500fea]
https://redirect.paddypower.com [301] [GET] [text/html] [301 Moved Permanently] [] [cbbc3d4ec865ddffbf554a2748500fea]
https://register.paddypower.com [403] [GET] [text/plain] [] [cloudflare] [vhost] [cloudflare] [Cloudflare,Cloudflare Bot Management] [7b5ea53ba332630e5aca8e4abb807f70]
https://register.paddypower.com:8443 [403] [GET] [text/plain] [] [cloudflare] [vhost] [cloudflare] [Cloudflare,Cloudflare Bot Management] [7b5ea53ba332630e5aca8e4abb807f70]
https://regstat.paddypower.com [400] [GET] [text/html] [] [Apache] [Apache] [825644f747baab2c00e420dbbc39e4b3]
https://rgi.paddypower.com [403] [GET] [text/plain] [] [cloudflare] [vhost] [cloudflare] [Cloudflare,Cloudflare Bot Management] [7b5ea53ba332630e5aca8e4abb807f70]
https://sco.paddypower.com [403] [GET] [text/plain] [] [cloudflare] [vhost] [cloudflare] [Cloudflare,Cloudflare Bot Management] [7b5ea53ba332630e5aca8e4abb807f70]
https://sco.paddypower.com:8443 [403] [GET] [text/plain] [] [cloudflare] [vhost] [cloudflare] [Cloudflare,Cloudflare Bot Management] [7b5ea53ba332630e5aca8e4abb807f70]
http://ssc.paddypower.com:8080 [403] [GET] [text/plain] [] [cloudflare] [vhost] [cloudflare] [Cloudflare,Cloudflare Bot Management] [7b5ea53ba332630e5aca8e4abb807f70]
https://ser.paddypower.com [403] [GET] [text/plain] [] [cloudflare] [vhost] [cloudflare] [Cloudflare,Cloudflare Bot Management] [7b5ea53ba332630e5aca8e4abb807f70]
https://ser.paddypower.com:8443 [403] [GET] [text/plain] [] [cloudflare] [vhost] [cloudflare] [Cloudflare,Cloudflare Bot Management] [7b5ea53ba332630e5aca8e4abb807f70]
https://shl.paddypower.com [403] [GET] [text/plain] [] [cloudflare] [vhost] [cloudflare] [Cloudflare,Cloudflare Bot Management] [7b5ea53ba332630e5aca8e4abb807f70]
https://shl.paddypower.com:8443 [403] [GET] [text/plain] [] [cloudflare] [vhost] [cloudflare] [Cloudflare,Cloudflare Bot Management] [7b5ea53ba332630e5aca8e4abb807f70]
https://sib.paddypower.com [403] [GET] [text/plain] [] [cloudflare] [vhost] [cloudflare] [Cloudflare,Cloudflare Bot Management] [7b5ea53ba332630e5aca8e4abb807f70]
https://sib.paddypower.com:8443 [403] [GET] [text/plain] [] [cloudflare] [vhost] [cloudflare] [Cloudflare,Cloudflare Bot Management] [7b5ea53ba332630e5aca8e4abb807f70]
https://smp.paddypower.com [403] [GET] [text/plain] [] [cloudflare] [vhost] [cloudflare] [Cloudflare,Cloudflare Bot Management] [7b5ea53ba332630e5aca8e4abb807f70]
https://smp.paddypower.com:8443 [403] [GET] [text/plain] [] [cloudflare] [vhost] [cloudflare] [Cloudflare,Cloudflare Bot Management] [7b5ea53ba332630e5aca8e4abb807f70]
https://spb.paddypower.com [403] [GET] [text/plain] [] [cloudflare] [vhost] [cloudflare] [Cloudflare,Cloudflare Bot Management] [7b5ea53ba332630e5aca8e4abb807f70]
https://spb.paddypower.com:8443 [403] [GET] [text/plain] [] [cloudflare] [vhost] [cloudflare] [Cloudflare,Cloudflare Bot Management] [7b5ea53ba332630e5aca8e4abb807f70]
https://splash.paddypower.com [403] [GET] [text/plain] [] [cloudflare] [vhost] [cloudflare] [Cloudflare,Cloudflare Bot Management] [7b5ea53ba332630e5aca8e4abb807f70]
https://splash.paddypower.com:8443 [403] [GET] [text/plain] [] [cloudflare] [vhost] [cloudflare] [Cloudflare,Cloudflare Bot Management] [7b5ea53ba332630e5aca8e4abb807f70]
https://sportsbook-api.paddypower.com [403] [GET] [text/plain] [] [cloudflare] [vhost] [cloudflare] [Cloudflare,Cloudflare Bot Management] [7b5ea53ba332630e5aca8e4abb807f70]
https://sportsbook-api.paddypower.com:8443 [403] [GET] [text/plain] [] [cloudflare] [vhost] [cloudflare] [Cloudflare,Cloudflare Bot Management] [7b5ea53ba332630e5aca8e4abb807f70]
https://sportsgaming.paddypower.com [403] [GET] [text/plain] [] [cloudflare] [vhost] [cloudflare] [Cloudflare,Cloudflare Bot Management] [7b5ea53ba332630e5aca8e4abb807f70]
https://sportsgaming.paddypower.com:8443 [403] [GET] [text/plain] [] [cloudflare] [vhost] [cloudflare] [Cloudflare,Cloudflare Bot Management] [7b5ea53ba332630e5aca8e4abb807f70]
https://ssc.paddypower.com [403] [GET] [text/plain] [] [cloudflare] [vhost] [cloudflare] [Cloudflare,Cloudflare Bot Management] [7b5ea53ba332630e5aca8e4abb807f70]
https://ssc.paddypower.com:8443 [403] [GET] [text/plain] [] [cloudflare] [vhost] [cloudflare] [Cloudflare,Cloudflare Bot Management] [7b5ea53ba332630e5aca8e4abb807f70]
https://strands.paddypower.com [403] [GET] [text/plain] [] [cloudflare] [vhost] [cloudflare] [Cloudflare,Cloudflare Bot Management] [7b5ea53ba332630e5aca8e4abb807f70]
https://strands.paddypower.com:8443 [403] [GET] [text/plain] [] [cloudflare] [vhost] [cloudflare] [Cloudflare,Cloudflare Bot Management] [7b5ea53ba332630e5aca8e4abb807f70]
https://support.paddypower.com [301] [GET] [] [] [cloudflare] [vhost] [cloudflare] [Cloudflare,Cloudflare Bot Management] [d41d8cd98f00b204e9800998ecf8427e]
https://t.mails.paddypower.com [404] [GET] [text/html] [404 Not Found] [Apache] [Apache] [62962daa1b19bbcc2db10b7bfd531ea6]
http://strands.paddypower.com:8080 [403] [GET] [text/plain] [] [cloudflare] [vhost] [cloudflare] [Cloudflare,Cloudflare Bot Management] [7b5ea53ba332630e5aca8e4abb807f70]
https://upload.paddypower.com [403] [GET] [text/plain] [] [cloudflare] [vhost] [cloudflare] [Cloudflare,Cloudflare Bot Management] [7b5ea53ba332630e5aca8e4abb807f70]
https://upload.paddypower.com:8443 [403] [GET] [text/plain] [] [cloudflare] [vhost] [cloudflare] [Cloudflare,Cloudflare Bot Management] [7b5ea53ba332630e5aca8e4abb807f70]
https://usp.paddypower.com [403] [GET] [text/plain] [] [cloudflare] [vhost] [cloudflare] [Cloudflare,Cloudflare Bot Management] [7b5ea53ba332630e5aca8e4abb807f70]
https://usp.paddypower.com:8443 [403] [GET] [text/plain] [] [cloudflare] [vhost] [cloudflare] [Cloudflare,Cloudflare Bot Management] [7b5ea53ba332630e5aca8e4abb807f70]
https://vegas.paddypower.com [403] [GET] [text/plain] [] [cloudflare] [vhost] [cloudflare] [Cloudflare,Cloudflare Bot Management] [7b5ea53ba332630e5aca8e4abb807f70]
https://vegas.paddypower.com:8443 [403] [GET] [text/plain] [] [cloudflare] [vhost] [cloudflare] [Cloudflare,Cloudflare Bot Management] [7b5ea53ba332630e5aca8e4abb807f70]
https://vqa.paddypower.com [403] [GET] [text/plain] [] [cloudflare] [vhost] [cloudflare] [Cloudflare,Cloudflare Bot Management] [7b5ea53ba332630e5aca8e4abb807f70]
https://vqa.paddypower.com:8443 [403] [GET] [text/plain] [] [cloudflare] [vhost] [cloudflare] [Cloudflare,Cloudflare Bot Management] [7b5ea53ba332630e5aca8e4abb807f70]
https://was.paddypower.com [403] [GET] [text/plain] [] [cloudflare] [vhost] [cloudflare] [Cloudflare,Cloudflare Bot Management] [7b5ea53ba332630e5aca8e4abb807f70]
https://was.paddypower.com:8443 [403] [GET] [text/plain] [] [cloudflare] [vhost] [cloudflare] [Cloudflare,Cloudflare Bot Management] [7b5ea53ba332630e5aca8e4abb807f70]
https://ws.paddypower.com [403] [GET] [text/plain] [] [cloudflare] [vhost] [cloudflare] [Cloudflare,Cloudflare Bot Management] [7b5ea53ba332630e5aca8e4abb807f70]
https://ws.paddypower.com:8443 [403] [GET] [text/plain] [] [cloudflare] [vhost] [cloudflare] [Cloudflare,Cloudflare Bot Management] [7b5ea53ba332630e5aca8e4abb807f70]
https://www.paddypower.com [403] [GET] [text/plain] [] [cloudflare] [vhost] [cloudflare] [Cloudflare,Cloudflare Bot Management] [7b5ea53ba332630e5aca8e4abb807f70]
https://www.paddypower.com:8443 [403] [GET] [text/plain] [] [cloudflare] [vhost] [cloudflare] [Cloudflare,Cloudflare Bot Management] [7b5ea53ba332630e5aca8e4abb807f70]
http://upload.paddypower.com:8080 [403] [GET] [text/plain] [] [cloudflare] [vhost] [cloudflare] [Cloudflare,Cloudflare Bot Management] [7b5ea53ba332630e5aca8e4abb807f70]
http://usp.paddypower.com:8080 [403] [GET] [text/plain] [] [cloudflare] [vhost] [cloudflare] [Cloudflare,Cloudflare Bot Management] [7b5ea53ba332630e5aca8e4abb807f70]
http://vegas.paddypower.com:8080 [403] [GET] [text/plain] [] [cloudflare] [vhost] [cloudflare] [Cloudflare,Cloudflare Bot Management] [7b5ea53ba332630e5aca8e4abb807f70]
http://vqa.paddypower.com:8080 [403] [GET] [text/plain] [] [cloudflare] [vhost] [cloudflare] [Cloudflare,Cloudflare Bot Management] [7b5ea53ba332630e5aca8e4abb807f70]
http://was.paddypower.com:8080 [403] [GET] [text/plain] [] [cloudflare] [vhost] [cloudflare] [Cloudflare,Cloudflare Bot Management] [7b5ea53ba332630e5aca8e4abb807f70]
http://ws.paddypower.com:8080 [403] [GET] [text/plain] [] [cloudflare] [vhost] [cloudflare] [Cloudflare,Cloudflare Bot Management] [7b5ea53ba332630e5aca8e4abb807f70]
http://www.paddypower.com:8080 [403] [GET] [text/plain] [] [cloudflare] [vhost] [cloudflare] [Cloudflare,Cloudflare Bot Management] [7b5ea53ba332630e5aca8e4abb807f70]
