http://advertorial.parool.nl [301] [GET] [] [] [AkamaiGHost] [vhost] [d41d8cd98f00b204e9800998ecf8427e]
http://caps.parool.nl [301] [GET] [] [] [AkamaiGHost] [vhost] [d41d8cd98f00b204e9800998ecf8427e]
http://fotovandedag.parool.nl [409] [GET] [text/plain] [] [cloudflare] [cloudflare] [f6bbbdc9b05a5af96b6b7e618ee357cc]
http://puzzels.parool.nl [404] [GET] [text/html] [Not Found] [Microsoft-HTTPAPI/2.0] [Microsoft HTTPAPI] [67932d4b695e1d6b19dfc2e3610761ff]
https://accounts.parool.nl [200] [GET] [text/html] [] [] [IIS,Microsoft ASP.NET] [d41d8cd98f00b204e9800998ecf8427e]
https://acc.parool.nl [401] [GET] [text/html] [Access Denied] [AkamaiGHost] [vhost] [Basic] [2b2ede3755d97480d80d8ed8e43052ff]
https://acc.parool.nl [401] [GET] [text/html] [Access Denied] [AkamaiGHost] [vhost] [Basic] [900d7bd6e63e95d54b0cf270b93e78ca]
https://actie.parool.nl [404] [GET] [text/html] [-] [NCSA/1.4.2] [d57424ca602fa39a59d65a02e43e5e55]
https://banen.parool.nl [302] [GET] [text/html] [] [Apache] [Apache] [af097b7b1537b1647f6673a7895eb2a1]
https://beta.parool.nl [301] [GET] [] [] [AkamaiGHost] [vhost] [d41d8cd98f00b204e9800998ecf8427e]
https://caps-acc.parool.nl [403] [GET] [text/html] [Access Denied] [AkamaiGHost] [vhost] [9076096f4443f92e8faea4a1dda82149]
https://cmp.parool.nl [403] [GET] [application/xml] [] [AmazonS3] [vhost] [cloudfront] [Amazon Cloudfront,Amazon S3,Amazon Web Services] [4095a9ae521a11b9dce92102b2716fbc]
https://cmp.parool.nl [403] [GET] [application/xml] [] [AmazonS3] [vhost] [cloudfront] [Amazon Cloudfront,Amazon S3,Amazon Web Services] [7bb1e1caa3e89754e29b32d2d2004adc]
https://dev-service.parool.nl [400] [GET] [text/html] [Invalid URL] [AkamaiGHost] [71f970cbec75e0a7d94179858eb4c76e]
https://dev-service.parool.nl [400] [GET] [text/html] [Invalid URL] [AkamaiGHost] [c2347a643d173ead8879dbb3db79b4cf]
https://e.email.parool.nl [200] [GET] [text/html] [You received emails from this domain, didn't you?] [nginx] [Nginx,PHP,Webflow] [c0666cde79e5426946974302fe3307c3]
https://esales.parool.nl [404] [GET] [application/json] [] [nginx/1.20.0] [vhost] [Amazon ALB,Amazon Web Services,Nginx] [555f91e4e0267cebf7633665d1b49fe6]
https://esales.parool.nl [404] [GET] [application/json] [] [nginx/1.20.0] [vhost] [Amazon ALB,Amazon Web Services,Nginx] [a5ca276869934436561651f58af45082]
https://ims.parool.nl [403] [GET] [text/html] [403 - Forbidden: Access is denied.] [] [vhost] [11ca4578cb026a23713aea6781b8ece3]
https://landingpage.parool.nl [200] [GET] [text/html] [DPG Media Branded Content -] [Apache] [vhost] [Apache,Font Awesome,Google Font API,MySQL,PHP,W3 Total Cache,WordPress,Yoast SEO] [44d3cfb764d6713035a082012bd94aaa]
https://landingpage.parool.nl [200] [GET] [text/html] [DPG Media Branded Content -] [Apache] [vhost] [Apache,Font Awesome,Google Font API,MySQL,PHP,W3 Total Cache,WordPress,Yoast SEO] [46b9fe112908cff98277f5efd1913508]
https://login2.parool.nl [406] [GET] [text/html] [] [AkamaiGHost] [vhost] [e202c2aad4fd1205f0c6a20516e48d3a]
https://login.parool.nl [406] [GET] [text/html] [] [AkamaiGHost] [vhost] [e202c2aad4fd1205f0c6a20516e48d3a]
https://meer.parool.nl [301] [GET] [] [] [AkamaiGHost] [vhost] [d41d8cd98f00b204e9800998ecf8427e]
https://mijnomgeving-acc.parool.nl [403] [GET] [text/html] [Access Denied] [] [vhost] [781ce6f046072d0f3759dd02f9fa58c1]
https://mijnomgeving-acc.parool.nl [403] [GET] [text/html] [Access Denied] [] [vhost] [873d4f05e945079a441008bb10f6f34e]
https://mijnomgeving.parool.nl [503] [GET] [text/html] [Error] [] [vhost] [0c51d6849c2c4b6c3c30aea42bb4dcfe]
https://mijnomgeving.parool.nl [503] [GET] [text/html] [Error] [] [vhost] [25391aacd41cf3ffd426217a100ea6b1]
https://mijn.parool.nl [301] [GET] [] [] [] [vhost] [d41d8cd98f00b204e9800998ecf8427e]
https://mobile2.parool.nl [200] [GET] [text/html] [Het Parool - Vrij, Onverveerd] [] [vhost] [b8452cfda3c05883edb41f04e1a8405a]
https://mobile2.parool.nl [302] [GET] [] [] [AkamaiGHost] [vhost] [d41d8cd98f00b204e9800998ecf8427e]
https://mobile-acc.parool.nl [401] [GET] [text/html] [Access Denied] [AkamaiGHost] [vhost] [Basic] [65c4af9549e2a2ef0ae4fb0cb6acfde1]
https://mobile-acc.parool.nl [401] [GET] [text/html] [Access Denied] [AkamaiGHost] [vhost] [Basic] [6af8ce35f7c5f515c1a167b64075c5b2]
https://mobile-beta.parool.nl [200] [GET] [text/html] [Technisch Onderhoud] [AkamaiNetStorage] [vhost] [db7657579317e65e2ac4552b3f55185c]
https://m.parool.nl [301] [GET] [] [] [AkamaiGHost] [vhost] [d41d8cd98f00b204e9800998ecf8427e]
https://nieuws.parool.nl [503] [GET] [text/html] [Service Unavailable] [AkamaiGHost] [vhost] [d4536fee0bf151b9f610846448214878]
https://pmail.parool.nl [200] [GET] [text/html] [] [nginx] [vhost] [Nginx] [8cd38890681852d184cbc40bbbd8ed43]
https://secure-acc.parool.nl [403] [GET] [text/html] [Access Denied] [AkamaiGHost] [vhost] [a3235c3d78c78b8fa916bd4fc24e4300]
https://social.parool.nl [200] [GET] [text/html] [] [] [IIS,Microsoft ASP.NET] [d41d8cd98f00b204e9800998ecf8427e]
https://story.parool.nl [200] [GET] [text/html] [DPG Media Branded Content -] [Apache] [vhost] [Apache,Font Awesome,Google Font API,MySQL,PHP,W3 Total Cache,WordPress,Yoast SEO] [aaf66c9525587872311b5a04953687c1]
https://t.parool.nl [400] [GET] [] [] [] [vhost] [d41d8cd98f00b204e9800998ecf8427e]
https://video.parool.nl [404] [GET] [] [] [AkamaiNetStorage] [vhost] [ddf0e2c382137c5bee8ee282368616f4]
https://webmail.parool.nl [302] [GET] [] [] [BigIP] [F5 BigIP] [d41d8cd98f00b204e9800998ecf8427e]
https://web.parool.nl [200] [GET] [text/html] [You received emails from this domain, didn't you?] [nginx] [Nginx,PHP,Webflow] [c0666cde79e5426946974302fe3307c3]
https://webwinkel.parool.nl [200] [GET] [text/html] [Van Het Parool speciaal voor u - De Parool Shop] [] [vhost] [Google Tag Manager,Next.js,Node.js,React,webpack] [f172ed7b77b7dd43554b6331edee3d9e]
https://wedstrijd.parool.nl [404] [GET] [text/html] [-] [NCSA/1.4.2] [d57424ca602fa39a59d65a02e43e5e55]
https://winkel.parool.nl [301] [GET] [text/html] [Document Moved] [Microsoft-IIS/10.0] [vhost] [azure] [IIS,Windows Server] [be35a1686bfff6f2df3bd864308ea1d7]
https://www.parool.nl [302] [GET] [] [] [AkamaiGHost] [vhost] [d41d8cd98f00b204e9800998ecf8427e]
