http://autodiscover.mailout.paypalcorp.com [301] [GET] [] [] [Microsoft-IIS/10.0] [vhost] [IIS,Microsoft ASP.NET,Windows Server] [d41d8cd98f00b204e9800998ecf8427e]
http://autodiscover.paypalcorp.com [301] [GET] [] [] [Microsoft-IIS/10.0] [vhost] [IIS,Microsoft ASP.NET,Windows Server] [d41d8cd98f00b204e9800998ecf8427e]
https://awsegdev.paypalcorp.com:8443 [404] [GET] [text/html] [HTTP Status 404 – Not Found] [] [875927332f52c86065894ba05cabb6c4]
https://awseg.paypalcorp.com [200] [GET] [text/html] [IIS Windows Server] [] [2df5f028ed53b80feed29a1bb7699320]
https://azure-eu-hdx.paypalcorp.com [302] [GET] [text/html] [] [] [azure] [c623cadfa4ef39072c9cdae568133022]
https://azure-eu-ogr.paypalcorp.com [302] [GET] [text/html] [] [] [c623cadfa4ef39072c9cdae568133022]
https://bom.paypalcorp.com [200] [GET] [text/html] [Support Portal] [Apache] [Apache] [adf7fd5a0c72e31e906ace99cdeeecc6]
https://bridgeazure.paypalcorp.com [200] [GET] [text/html] [Your Azure Function App is up and running.] [] [vhost] [azure] [e1454fa4ae7e129a0cdba70191b71fe2]
https://bridgedmz.paypalcorp.com [200] [GET] [text/html] [Request Rejected] [] [8e8796542a444de36cfacf08e1fa3cf3]
https://bridge.paypalcorp.com [302] [GET] [text/plain] [] [] [vhost] [0b7f2a5c390c3e89565b9eae391ad462]
https://camel.paypalcorp.com [403] [GET] [text/html] [Web App - Unavailable] [] [vhost] [azure] [77e04b398ad3ca9739b75293fd188086]
https://casper.paypalcorp.com:8443 [302] [GET] [] [] [Jamf Cloud Node] [vhost] [Amazon ALB,Amazon Web Services,Java] [d41d8cd98f00b204e9800998ecf8427e]
https://cosmos.paypalcorp.com [200] [GET] [text/html] [] [] [f91a416be352a03c76b6ce8f948eda4d]
https://den-int-gslb.paypalcorp.com [302] [GET] [text/html] [] [] [c623cadfa4ef39072c9cdae568133022]
https://dub-hdx.paypalcorp.com [302] [GET] [text/html] [] [] [c623cadfa4ef39072c9cdae568133022]
https://dub-ogr.paypalcorp.com [302] [GET] [text/html] [] [] [IIS,Microsoft ASP.NET] [689e7a7339bd0e2a78bf64597dd6fcc7]
https://elk.ppdg.paypalcorp.com [404] [GET] [text/html] [Not Found] [Microsoft-HTTPAPI/2.0] [Microsoft HTTPAPI] [67932d4b695e1d6b19dfc2e3610761ff]
https://fra-hdx.paypalcorp.com [302] [GET] [text/html] [] [] [c623cadfa4ef39072c9cdae568133022]
https://fra-ogr.paypalcorp.com [302] [GET] [text/html] [] [] [IIS,Microsoft ASP.NET] [689e7a7339bd0e2a78bf64597dd6fcc7]
https://igelv3.paypalcorp.com:8443 [404] [GET] [text/html] [HTTP Status 404 – Not Found] [] [875927332f52c86065894ba05cabb6c4]
https://igelv4.paypalcorp.com:8443 [404] [GET] [text/html] [HTTP Status 404 – Not Found] [] [875927332f52c86065894ba05cabb6c4]
https://lvs1-avysip-s01.paypalcorp.com [400] [GET] [text/html] [400 No required SSL certificate was sent] [nginx] [Nginx] [1a967745c8d79137c550f790a8458729]
https://lvs1-avysip-s04.paypalcorp.com [405] [GET] [] [] [nginx] [Nginx] [d41d8cd98f00b204e9800998ecf8427e]
https://lvs-hdx-lab.paypalcorp.com [302] [GET] [text/html] [] [] [c623cadfa4ef39072c9cdae568133022]
https://lvs-hdx.paypalcorp.com [302] [GET] [text/html] [] [] [c623cadfa4ef39072c9cdae568133022]
https://lvs-ogr.paypalcorp.com [302] [GET] [text/html] [] [] [IIS,Microsoft ASP.NET] [689e7a7339bd0e2a78bf64597dd6fcc7]
https://lyncdiscover.devlab.paypalcorp.com [200] [GET] [application/json] [] [] [vhost] [c859345a8e63658005afdd2d9b4cabd8]
https://msoid.paypalcorp.com [302] [GET] [text/html] [Object moved] [] [vhost] [azure] [67dc47621d0dca9dc8d849ee26494c3b]
https://na-aads.paypalcorp.com [403] [GET] [text/html] [Test Page for the Apache HTTP Server on Red Hat Enterprise Linux] [] [a4e8f0467573f7da032f17a463cdcd76]
https://nova-ams.paypalcorp.com [400] [GET] [] [] [] [d41d8cd98f00b204e9800998ecf8427e]
https://nova-apac.g.paypalcorp.com [400] [GET] [] [] [] [d41d8cd98f00b204e9800998ecf8427e]
https://nova-ash.g.paypalcorp.com [400] [GET] [] [] [] [d41d8cd98f00b204e9800998ecf8427e]
https://nova-ash.paypalcorp.com [400] [GET] [] [] [] [d41d8cd98f00b204e9800998ecf8427e]
https://nova-den.paypalcorp.com [400] [GET] [] [] [] [d41d8cd98f00b204e9800998ecf8427e]
https://nova-dev.paypalcorp.com [400] [GET] [] [] [] [d41d8cd98f00b204e9800998ecf8427e]
https://nova-dub.paypalcorp.com [400] [GET] [] [] [] [d41d8cd98f00b204e9800998ecf8427e]
https://nova-emea.g.paypalcorp.com [302] [GET] [] [] [BigIP] [vhost] [F5 BigIP] [d41d8cd98f00b204e9800998ecf8427e]
https://nova-emea.g.paypalcorp.com [400] [GET] [] [] [] [d41d8cd98f00b204e9800998ecf8427e]
https://nova-fra.paypalcorp.com [400] [GET] [] [] [] [d41d8cd98f00b204e9800998ecf8427e]
https://nova.g.paypalcorp.com [400] [GET] [] [] [] [d41d8cd98f00b204e9800998ecf8427e]
https://nova-lab.paypalcorp.com [302] [GET] [] [] [BigIP] [vhost] [F5 BigIP] [d41d8cd98f00b204e9800998ecf8427e]
https://nova-lvs.paypalcorp.com [400] [GET] [] [] [] [d41d8cd98f00b204e9800998ecf8427e]
https://nova-maa.paypalcorp.com [400] [GET] [] [] [] [d41d8cd98f00b204e9800998ecf8427e]
https://nova.paypalcorp.com [400] [GET] [] [] [] [d41d8cd98f00b204e9800998ecf8427e]
https://nova-phx.paypalcorp.com [400] [GET] [] [] [] [d41d8cd98f00b204e9800998ecf8427e]
https://nova-pvg.g.paypalcorp.com [400] [GET] [] [] [] [d41d8cd98f00b204e9800998ecf8427e]
https://nova-pvg.paypalcorp.com [400] [GET] [] [] [] [d41d8cd98f00b204e9800998ecf8427e]
https://nova-sin.g.paypalcorp.com [400] [GET] [] [] [] [d41d8cd98f00b204e9800998ecf8427e]
https://nova-sin.paypalcorp.com [400] [GET] [] [] [] [d41d8cd98f00b204e9800998ecf8427e]
https://nova-test.paypalcorp.com [400] [GET] [] [] [] [d41d8cd98f00b204e9800998ecf8427e]
https://paycheck.paypalcorp.com [302] [GET] [] [] [BigIP] [F5 BigIP] [d41d8cd98f00b204e9800998ecf8427e]
https://payroll.paypalcorp.com [302] [GET] [] [] [BigIP] [F5 BigIP] [d41d8cd98f00b204e9800998ecf8427e]
https://phx11-avysip-s04.paypalcorp.com [405] [GET] [] [] [nginx] [Nginx] [d41d8cd98f00b204e9800998ecf8427e]
https://phx-hdx.paypalcorp.com [302] [GET] [text/html] [] [] [c623cadfa4ef39072c9cdae568133022]
https://phx-ogr.paypalcorp.com [302] [GET] [text/html] [] [] [IIS,Microsoft ASP.NET] [689e7a7339bd0e2a78bf64597dd6fcc7]
https://politemaildr.paypalcorp.com [503] [GET] [text/html] [Service Unavailable] [] [bf3231d7fad0292d818aac7d6d669f00]
https://politemail.paypalcorp.com [200] [GET] [text/html] [] [] [af9e5ba18fb9120d22a7d987fcccd843]
https://safetyhub.paypalcorp.com [200] [GET] [text/html] [] [] [vhost] [Java] [6a8197d5ef356c93749ef815d273fe84]
https://safetyhub.paypalcorp.com [200] [GET] [text/html] [] [] [vhost] [Java] [8bd011fab632e443b81a455f5f051dc8]
https://sin-hdx.paypalcorp.com [302] [GET] [text/html] [] [] [c623cadfa4ef39072c9cdae568133022]
https://Sin-hdx.paypalcorp.com [302] [GET] [text/html] [] [] [c623cadfa4ef39072c9cdae568133022]
https://sin-ogr.paypalcorp.com [302] [GET] [text/html] [] [] [IIS,Microsoft ASP.NET] [689e7a7339bd0e2a78bf64597dd6fcc7]
http://ssoapps.paypalcorp.com [302] [GET] [] [] [BigIP] [F5 BigIP] [d41d8cd98f00b204e9800998ecf8427e]
https://sso.paypalcorp.com [403] [GET] [text/html] [Error] [] [de26b265b4623177b870e1bc41d9c481]
https://ssoqa.paypalcorp.com [403] [GET] [text/html] [Error] [] [a92bb987248a271b08a1b85b9ea5d1a2]
https://uspaycheck.paypalcorp.com [302] [GET] [] [] [BigIP] [F5 BigIP] [d41d8cd98f00b204e9800998ecf8427e]
https://visitor.paypalcorp.com [307] [GET] [text/html] [Document Moved] [Microsoft-IIS/10.0] [IIS,Microsoft ASP.NET,Windows Server] [39b4175f5655726cb265be93bc88309c]
http://sweeping.paypalcorp.com [301] [GET] [] [] [] [vhost] [azure] [d41d8cd98f00b204e9800998ecf8427e]
https://ws-aaa.paypalcorp.com [302] [GET] [text/html] [] [] [azure] [c623cadfa4ef39072c9cdae568133022]
