http://api.peanut.trade:2082 [301] [GET] [] [] [cloudflare] [vhost] [cloudflare] [Cloudflare,Cloudflare Network Error Logging] [d41d8cd98f00b204e9800998ecf8427e]
http://api.peanut.trade:2086 [301] [GET] [] [] [cloudflare] [vhost] [cloudflare] [Cloudflare,Cloudflare Network Error Logging] [d41d8cd98f00b204e9800998ecf8427e]
http://api.peanut.trade:2095 [301] [GET] [] [] [cloudflare] [vhost] [cloudflare] [Cloudflare,Cloudflare Network Error Logging] [d41d8cd98f00b204e9800998ecf8427e]
http://api.peanut.trade:8080 [301] [GET] [] [] [cloudflare] [vhost] [cloudflare] [Cloudflare,Cloudflare Network Error Logging] [d41d8cd98f00b204e9800998ecf8427e]
http://api.peanut.trade:8880 [301] [GET] [] [] [cloudflare] [vhost] [cloudflare] [Cloudflare,Cloudflare Network Error Logging] [d41d8cd98f00b204e9800998ecf8427e]
http://feenodemo.peanut.trade:2082 [301] [GET] [] [] [cloudflare] [vhost] [cloudflare] [Cloudflare,Cloudflare Network Error Logging] [d41d8cd98f00b204e9800998ecf8427e]
http://feenodemo.peanut.trade:2083 [400] [GET] [text/html] [400 The plain HTTP request was sent to HTTPS port] [cloudflare] [cloudflare] [Cloudflare] [20ad84d030031252141ca0b3fc0183f0]
http://feenodemo.peanut.trade:2086 [301] [GET] [] [] [cloudflare] [vhost] [cloudflare] [Cloudflare,Cloudflare Network Error Logging] [d41d8cd98f00b204e9800998ecf8427e]
http://feenodemo.peanut.trade:2087 [400] [GET] [text/html] [400 The plain HTTP request was sent to HTTPS port] [cloudflare] [cloudflare] [Cloudflare] [cd58783500d7fa3c58f88eb0ba22f4f8]
http://feenodemo.peanut.trade:2095 [301] [GET] [] [] [cloudflare] [vhost] [cloudflare] [Cloudflare,Cloudflare Network Error Logging] [d41d8cd98f00b204e9800998ecf8427e]
http://feenodemo.peanut.trade:2096 [400] [GET] [text/html] [400 The plain HTTP request was sent to HTTPS port] [cloudflare] [cloudflare] [Cloudflare] [20ad84d030031252141ca0b3fc0183f0]
http://feenodemo.peanut.trade:8080 [301] [GET] [] [] [cloudflare] [vhost] [cloudflare] [Cloudflare,Cloudflare Network Error Logging] [d41d8cd98f00b204e9800998ecf8427e]
http://feenodemo.peanut.trade:8443 [400] [GET] [text/html] [400 The plain HTTP request was sent to HTTPS port] [cloudflare] [cloudflare] [Cloudflare] [20ad84d030031252141ca0b3fc0183f0]
http://feenodemo.peanut.trade:8880 [403] [GET] [text/plain] [] [cloudflare] [vhost] [cloudflare] [Cloudflare,Cloudflare Network Error Logging] [4f20b85ce5ebf225720e040314a7966a]
http://files.peanut.trade:2082 [301] [GET] [] [] [cloudflare] [vhost] [cloudflare] [Cloudflare,Cloudflare Network Error Logging] [d41d8cd98f00b204e9800998ecf8427e]
http://files.peanut.trade:2086 [301] [GET] [] [] [cloudflare] [vhost] [cloudflare] [Cloudflare,Cloudflare Network Error Logging] [d41d8cd98f00b204e9800998ecf8427e]
http://files.peanut.trade:2095 [301] [GET] [] [] [cloudflare] [vhost] [cloudflare] [Cloudflare,Cloudflare Network Error Logging] [d41d8cd98f00b204e9800998ecf8427e]
http://files.peanut.trade:8080 [301] [GET] [] [] [cloudflare] [vhost] [cloudflare] [Cloudflare,Cloudflare Network Error Logging] [d41d8cd98f00b204e9800998ecf8427e]
http://files.peanut.trade:8880 [301] [GET] [] [] [cloudflare] [vhost] [cloudflare] [Cloudflare,Cloudflare Network Error Logging] [d41d8cd98f00b204e9800998ecf8427e]
http://galaxian.peanut.trade:2082 [301] [GET] [] [] [cloudflare] [vhost] [cloudflare] [Cloudflare,Cloudflare Network Error Logging] [d41d8cd98f00b204e9800998ecf8427e]
http://galaxian.peanut.trade:2086 [301] [GET] [] [] [cloudflare] [vhost] [cloudflare] [Cloudflare,Cloudflare Network Error Logging] [d41d8cd98f00b204e9800998ecf8427e]
http://galaxian.peanut.trade:2095 [301] [GET] [] [] [cloudflare] [vhost] [cloudflare] [Cloudflare,Cloudflare Network Error Logging] [d41d8cd98f00b204e9800998ecf8427e]
http://galaxian.peanut.trade:8080 [301] [GET] [] [] [cloudflare] [vhost] [cloudflare] [Cloudflare,Cloudflare Network Error Logging] [d41d8cd98f00b204e9800998ecf8427e]
http://galaxian.peanut.trade:8880 [301] [GET] [] [] [cloudflare] [vhost] [cloudflare] [Cloudflare,Cloudflare Network Error Logging] [d41d8cd98f00b204e9800998ecf8427e]
http://nuxbridge.peanut.trade:2082 [301] [GET] [] [] [cloudflare] [vhost] [cloudflare] [Cloudflare,Cloudflare Network Error Logging] [d41d8cd98f00b204e9800998ecf8427e]
http://nuxbridge.peanut.trade:2083 [400] [GET] [text/html] [400 The plain HTTP request was sent to HTTPS port] [cloudflare] [cloudflare] [Cloudflare] [cd58783500d7fa3c58f88eb0ba22f4f8]
http://nuxbridge.peanut.trade:2086 [301] [GET] [] [] [cloudflare] [vhost] [cloudflare] [Cloudflare,Cloudflare Network Error Logging] [d41d8cd98f00b204e9800998ecf8427e]
http://nuxbridge.peanut.trade:2087 [400] [GET] [text/html] [400 The plain HTTP request was sent to HTTPS port] [cloudflare] [cloudflare] [Cloudflare] [20ad84d030031252141ca0b3fc0183f0]
http://nuxbridge.peanut.trade:2095 [301] [GET] [] [] [cloudflare] [vhost] [cloudflare] [Cloudflare,Cloudflare Network Error Logging] [d41d8cd98f00b204e9800998ecf8427e]
http://nuxbridge.peanut.trade:2096 [400] [GET] [text/html] [400 The plain HTTP request was sent to HTTPS port] [cloudflare] [cloudflare] [Cloudflare] [cd58783500d7fa3c58f88eb0ba22f4f8]
http://nuxbridge.peanut.trade:8080 [301] [GET] [] [] [cloudflare] [vhost] [cloudflare] [Cloudflare,Cloudflare Network Error Logging] [d41d8cd98f00b204e9800998ecf8427e]
http://nuxbridge.peanut.trade:8443 [400] [GET] [text/html] [400 The plain HTTP request was sent to HTTPS port] [cloudflare] [cloudflare] [Cloudflare] [cd58783500d7fa3c58f88eb0ba22f4f8]
http://nuxbridge.peanut.trade:8880 [301] [GET] [] [] [cloudflare] [vhost] [cloudflare] [Cloudflare,Cloudflare Network Error Logging] [d41d8cd98f00b204e9800998ecf8427e]
https://api-beta-smart-lp.peanut.trade [404] [GET] [text/html] [404 Not Found] [] [google] [370e16c3b7dba286cff055f93b9a94d8]
https://api-fair-launch.peanut.trade [404] [GET] [text/html] [Error] [] [vhost] [google] [Express,Node.js] [da7da7d630292e7a2a7dda8ca87b3d39]
https://api-feeno.peanut.trade [200] [GET] [text/html] [Swagger UI] [] [vhost] [google] [Express,Node.js] [ad5d2219fa73eae1af6d76aba61c1008]
https://api.peanut.trade [200] [GET] [text/html] [Welcome to nginx!] [cloudflare] [vhost] [cloudflare] [Cloudflare,Cloudflare Network Error Logging] [e3eb0a1df437f3f97a64aca5952c8ea0]
https://api.peanut.trade:2083 [521] [GET] [] [] [cloudflare] [vhost] [cloudflare] [Cloudflare,Cloudflare Network Error Logging] [d41d8cd98f00b204e9800998ecf8427e]
https://api.peanut.trade:2087 [521] [GET] [] [] [cloudflare] [vhost] [cloudflare] [Cloudflare,Cloudflare Network Error Logging] [d41d8cd98f00b204e9800998ecf8427e]
https://api.peanut.trade:2096 [521] [GET] [] [] [cloudflare] [vhost] [cloudflare] [Cloudflare,Cloudflare Network Error Logging] [d41d8cd98f00b204e9800998ecf8427e]
https://api.peanut.trade:8443 [521] [GET] [] [] [cloudflare] [vhost] [cloudflare] [Cloudflare,Cloudflare Network Error Logging] [d41d8cd98f00b204e9800998ecf8427e]
https://api-smart-lp.peanut.trade [404] [GET] [text/html] [Error] [] [vhost] [google] [Express,Node.js] [da7da7d630292e7a2a7dda8ca87b3d39]
https://baget.peanut.trade [401] [GET] [text/html] [401 Authorization Required] [] [vhost] [google] [Basic] [28c5f434e4ab2e2a682400cb005fb08b]
https://baget.peanut.trade [401] [GET] [text/html] [401 Authorization Required] [] [vhost] [google] [Basic] [55f69d37caed0efafa4d15970ed5f18e]
https://beta-smart-lp.peanut.trade [200] [GET] [text/html] [PEANUT LB] [] [vhost] [google] [Google Font API,Next.js,Node.js,React,webpack] [c4d84f584b11b6a1655f4564ed30f774]
https://bev.peanut.trade [401] [GET] [application/json] [] [] [vhost] [google] [Express,Node.js] [9791d290f82bb77e155c31f2d176e2e5]
https://bsc.bxgw.peanut.trade [404] [GET] [text/html] [404 Not Found] [] [google] [8eec510e57f5f732fd2cce73df7b73ef]
https://devapi-fair-launch.peanut.trade [404] [GET] [text/html] [Error] [] [vhost] [google] [Express,Node.js] [da7da7d630292e7a2a7dda8ca87b3d39]
https://devapi-feeno.peanut.trade [200] [GET] [text/html] [Swagger UI] [] [vhost] [google] [Express,Node.js] [ad5d2219fa73eae1af6d76aba61c1008]
https://dev-bev-relay.peanut.trade [404] [GET] [application/json] [] [] [vhost] [google] [093206c775ab5f7ce396f1b67fcae5bb]
https://dev-dark-forest.peanut.trade [200] [GET] [text/html] [DEX Liquidity Console] [] [vhost] [google] [783345b166bc7340ee66bdac811faac0]
https://dev-fair-launch.peanut.trade [200] [GET] [text/html] [Fair Launch] [] [vhost] [google] [Google Font API] [85dfdab1c54a514864290b85f0754f0e]
https://dev-feeno.peanut.trade [200] [GET] [text/html] [Feeno Transfer] [] [vhost] [google] [717f4315a087c8e13fb762132a1a8c55]
https://dev-feeno-uniswap.peanut.trade [200] [GET] [text/html] [Feeno Uniswap Interface] [] [vhost] [google] [7fe0b2427afb483a5070ff281cebb080]
https://dev-hedge.peanut.trade [200] [GET] [text/html] [Peanut] [] [vhost] [google] [8352edea8693729e8ac14014506970a9]
https://dev-ingress.peanut.trade [404] [GET] [text/html] [404 Not Found] [] [google] [8eec510e57f5f732fd2cce73df7b73ef]
https://dex-ingress.peanut.trade [404] [GET] [text/html] [404 Not Found] [] [google] [370e16c3b7dba286cff055f93b9a94d8]
https://dex-liquidity-console.peanut.trade [200] [GET] [text/html] [DEX Liquidity Console] [] [vhost] [google] [3f2e9bf9f331f3ae966538d76446c3c6]
https://es.peanut.trade [404] [GET] [] [] [] [d41d8cd98f00b204e9800998ecf8427e]
https://fair-launch.peanut.trade [200] [GET] [text/html] [Fair Launch] [] [vhost] [google] [Google Font API] [1f4cb0d386e3c9bb8be86f2ef94162a6]
https://feenodemo.peanut.trade [521] [GET] [] [] [cloudflare] [vhost] [cloudflare] [Cloudflare,Cloudflare Network Error Logging] [d41d8cd98f00b204e9800998ecf8427e]
https://feeno.peanut.trade [200] [GET] [text/html] [Feeno Transfer] [] [vhost] [google] [Google Tag Manager] [a1880873a7edc642141e158648ed74d0]
https://feeno-uniswap.peanut.trade [200] [GET] [text/html] [Feeno Uniswap Interface] [] [vhost] [google] [7fe0b2427afb483a5070ff281cebb080]
https://files.peanut.trade:2083 [521] [GET] [] [] [cloudflare] [vhost] [cloudflare] [Cloudflare,Cloudflare Network Error Logging] [d41d8cd98f00b204e9800998ecf8427e]
https://files.peanut.trade:2087 [521] [GET] [] [] [cloudflare] [vhost] [cloudflare] [Cloudflare,Cloudflare Network Error Logging] [d41d8cd98f00b204e9800998ecf8427e]
https://files.peanut.trade:2096 [521] [GET] [] [] [cloudflare] [vhost] [cloudflare] [Cloudflare,Cloudflare Network Error Logging] [d41d8cd98f00b204e9800998ecf8427e]
https://files.peanut.trade [521] [GET] [] [] [cloudflare] [vhost] [cloudflare] [Cloudflare,Cloudflare Network Error Logging] [d41d8cd98f00b204e9800998ecf8427e]
https://files.peanut.trade:8443 [521] [GET] [] [] [cloudflare] [vhost] [cloudflare] [Cloudflare,Cloudflare Network Error Logging] [d41d8cd98f00b204e9800998ecf8427e]
https://galaxian.peanut.trade:2083 [521] [GET] [] [] [cloudflare] [vhost] [cloudflare] [Cloudflare,Cloudflare Network Error Logging] [d41d8cd98f00b204e9800998ecf8427e]
https://galaxian.peanut.trade:2087 [521] [GET] [] [] [cloudflare] [vhost] [cloudflare] [Cloudflare,Cloudflare Network Error Logging] [d41d8cd98f00b204e9800998ecf8427e]
https://galaxian.peanut.trade:2096 [521] [GET] [] [] [cloudflare] [vhost] [cloudflare] [Cloudflare,Cloudflare Network Error Logging] [d41d8cd98f00b204e9800998ecf8427e]
https://galaxian.peanut.trade [301] [GET] [text/html] [301 Moved Permanently] [cloudflare] [vhost] [cloudflare] [Cloudflare,Cloudflare Network Error Logging] [4f8e702cc244ec5d4de32740c0ecbd97]
https://galaxian.peanut.trade:8443 [521] [GET] [] [] [cloudflare] [vhost] [cloudflare] [Cloudflare,Cloudflare Network Error Logging] [d41d8cd98f00b204e9800998ecf8427e]
https://hedge-dev-ingress.peanut.trade [404] [GET] [text/html] [404 Not Found] [] [google] [370e16c3b7dba286cff055f93b9a94d8]
https://hedge.peanut.trade [200] [GET] [text/html] [Peanut] [] [vhost] [google] [Google Tag Manager] [b3ef44414fee8968c976b87b86e50757]
https://manager.dev-dark-forest.peanut.trade [404] [GET] [application/json] [] [] [vhost] [google] [Express,Node.js] [093206c775ab5f7ce396f1b67fcae5bb]
https://manager.dex-liquidity-console.peanut.trade [404] [GET] [application/json] [] [] [vhost] [google] [Express,Node.js] [093206c775ab5f7ce396f1b67fcae5bb]
https://mev-ingress.peanut.trade [404] [GET] [text/html] [404 Not Found] [] [google] [8eec510e57f5f732fd2cce73df7b73ef]
https://nuxbridge.peanut.trade [200] [GET] [text/html] [🥜 NUX BSC Bridge] [cloudflare] [vhost] [cloudflare] [Cloudflare,Cloudflare Network Error Logging,Fastly,Google Font API,Node.js,Nuxt.js,Vue.js] [e0de550417fad96bf9e89cd8a263735c]
https://pa-bxgw-5.peanut.trade [404] [GET] [text/plain] [] [] [vhost] [google] [595e88012a6521aae3e12cbebe76eb9e]
https://pa-bxgw.peanut.trade [404] [GET] [text/plain] [] [] [vhost] [google] [595e88012a6521aae3e12cbebe76eb9e]
https://pa-ingress.peanut.trade [404] [GET] [text/html] [404 Not Found] [] [google] [370e16c3b7dba286cff055f93b9a94d8]
https://pa-ingress.peanut.trade [404] [GET] [text/html] [404 Not Found] [] [google] [8eec510e57f5f732fd2cce73df7b73ef]
https://peanut.trade [200] [GET] [text/html] [Peanut | DEX trading and MEV protection] [openresty] [Fastly,Google Tag Manager,Nginx,OpenResty,Varnish,Webflow] [ea9ffab62193c1890b76026f18c3062a]
https://polygon.bxgw.peanut.trade [404] [GET] [text/html] [404 Not Found] [] [google] [370e16c3b7dba286cff055f93b9a94d8]
https://polygon.bxgw.peanut.trade [404] [GET] [text/html] [404 Not Found] [] [google] [8eec510e57f5f732fd2cce73df7b73ef]
https://pt.peanut.trade [404] [GET] [] [] [] [d41d8cd98f00b204e9800998ecf8427e]
https://smart-lp-ingress.peanut.trade [404] [GET] [text/html] [404 Not Found] [] [google] [370e16c3b7dba286cff055f93b9a94d8]
https://smart-lp.peanut.trade [200] [GET] [text/html] [PEANUT LB] [] [vhost] [google] [Google Font API,Next.js,Node.js,React,webpack] [c06d07e5a46af74a2b12c21232337c1b]
https://staking.peanut.trade [200] [GET] [text/html] [NUX community staking program] [cloudflare] [vhost] [cloudflare] [Cloudflare,Cloudflare Network Error Logging] [11d8e10b073d91b530069f06011ff2e0]
https://staking.peanut.trade:2087 [521] [GET] [] [] [cloudflare] [vhost] [cloudflare] [Cloudflare,Cloudflare Network Error Logging] [d41d8cd98f00b204e9800998ecf8427e]
https://staking.peanut.trade:8443 [521] [GET] [] [] [cloudflare] [vhost] [cloudflare] [Cloudflare,Cloudflare Network Error Logging] [d41d8cd98f00b204e9800998ecf8427e]
http://staking.peanut.trade:2052 [301] [GET] [] [] [cloudflare] [vhost] [cloudflare] [Cloudflare,Cloudflare Network Error Logging] [d41d8cd98f00b204e9800998ecf8427e]
http://staking.peanut.trade:2082 [301] [GET] [] [] [cloudflare] [vhost] [cloudflare] [Cloudflare,Cloudflare Network Error Logging] [d41d8cd98f00b204e9800998ecf8427e]
http://staking.peanut.trade:8080 [301] [GET] [] [] [cloudflare] [vhost] [cloudflare] [Cloudflare,Cloudflare Network Error Logging] [d41d8cd98f00b204e9800998ecf8427e]
http://staking.peanut.trade:8880 [301] [GET] [] [] [cloudflare] [vhost] [cloudflare] [Cloudflare,Cloudflare Network Error Logging] [d41d8cd98f00b204e9800998ecf8427e]
https://tr.peanut.trade [404] [GET] [] [] [] [d41d8cd98f00b204e9800998ecf8427e]
https://ts-stats.peanut.trade:2087 [521] [GET] [] [] [cloudflare] [vhost] [cloudflare] [Cloudflare,Cloudflare Network Error Logging] [d41d8cd98f00b204e9800998ecf8427e]
https://ts-stats.peanut.trade [521] [GET] [] [] [cloudflare] [vhost] [cloudflare] [Cloudflare,Cloudflare Network Error Logging] [d41d8cd98f00b204e9800998ecf8427e]
https://ts-stats.peanut.trade:8443 [521] [GET] [] [] [cloudflare] [vhost] [cloudflare] [Cloudflare,Cloudflare Network Error Logging] [d41d8cd98f00b204e9800998ecf8427e]
https://widgetgzmay5xxl6.peanut.trade [200] [GET] [text/html] [Peanut Tokensale widget] [cloudflare] [vhost] [cloudflare] [Cloudflare,Cloudflare Network Error Logging] [b3d1471757d65b480c566f92335b0c9d]
https://widgetgzmay5xxl6.peanut.trade:2087 [521] [GET] [] [] [cloudflare] [vhost] [cloudflare] [Cloudflare,Cloudflare Network Error Logging] [d41d8cd98f00b204e9800998ecf8427e]
https://widgetgzmay5xxl6.peanut.trade:8443 [521] [GET] [] [] [cloudflare] [vhost] [cloudflare] [Cloudflare,Cloudflare Network Error Logging] [d41d8cd98f00b204e9800998ecf8427e]
https://www.peanut.trade [200] [GET] [text/html] [Peanut | DEX trading and MEV protection] [openresty] [Fastly,Google Tag Manager,Nginx,OpenResty,Varnish,Webflow] [32d6be2b7d188ce9941922f94e02e8a7]
https://yzpv2qrcgcqb.peanut.trade [200] [GET] [text/html] [REM -> NUX Swap widget] [cloudflare] [vhost] [cloudflare] [Cloudflare,Cloudflare Network Error Logging] [61831adfb32d68ec167e26c2cab27948]
https://yzpv2qrcgcqb.peanut.trade:2083 [521] [GET] [] [] [cloudflare] [vhost] [cloudflare] [Cloudflare,Cloudflare Network Error Logging] [d41d8cd98f00b204e9800998ecf8427e]
https://yzpv2qrcgcqb.peanut.trade:2087 [521] [GET] [] [] [cloudflare] [vhost] [cloudflare] [Cloudflare,Cloudflare Network Error Logging] [d41d8cd98f00b204e9800998ecf8427e]
https://yzpv2qrcgcqb.peanut.trade:2096 [521] [GET] [] [] [cloudflare] [vhost] [cloudflare] [Cloudflare,Cloudflare Network Error Logging] [d41d8cd98f00b204e9800998ecf8427e]
https://yzpv2qrcgcqb.peanut.trade:8443 [521] [GET] [] [] [cloudflare] [vhost] [cloudflare] [Cloudflare,Cloudflare Network Error Logging] [d41d8cd98f00b204e9800998ecf8427e]
https://zh.peanut.trade [404] [GET] [] [] [] [d41d8cd98f00b204e9800998ecf8427e]
http://ts-stats.peanut.trade:2052 [301] [GET] [] [] [cloudflare] [vhost] [cloudflare] [Cloudflare,Cloudflare Network Error Logging] [d41d8cd98f00b204e9800998ecf8427e]
http://ts-stats.peanut.trade:2082 [301] [GET] [] [] [cloudflare] [vhost] [cloudflare] [Cloudflare,Cloudflare Network Error Logging] [d41d8cd98f00b204e9800998ecf8427e]
http://ts-stats.peanut.trade:8080 [301] [GET] [] [] [cloudflare] [vhost] [cloudflare] [Cloudflare,Cloudflare Network Error Logging] [d41d8cd98f00b204e9800998ecf8427e]
http://ts-stats.peanut.trade:8880 [301] [GET] [] [] [cloudflare] [vhost] [cloudflare] [Cloudflare,Cloudflare Network Error Logging] [d41d8cd98f00b204e9800998ecf8427e]
http://widgetgzmay5xxl6.peanut.trade:2052 [301] [GET] [] [] [cloudflare] [vhost] [cloudflare] [Cloudflare,Cloudflare Network Error Logging] [d41d8cd98f00b204e9800998ecf8427e]
http://widgetgzmay5xxl6.peanut.trade:2082 [301] [GET] [] [] [cloudflare] [vhost] [cloudflare] [Cloudflare,Cloudflare Network Error Logging] [d41d8cd98f00b204e9800998ecf8427e]
http://widgetgzmay5xxl6.peanut.trade:8080 [301] [GET] [] [] [cloudflare] [vhost] [cloudflare] [Cloudflare,Cloudflare Network Error Logging] [d41d8cd98f00b204e9800998ecf8427e]
http://widgetgzmay5xxl6.peanut.trade:8880 [301] [GET] [] [] [cloudflare] [vhost] [cloudflare] [Cloudflare,Cloudflare Network Error Logging] [d41d8cd98f00b204e9800998ecf8427e]
http://yzpv2qrcgcqb.peanut.trade:2082 [301] [GET] [] [] [cloudflare] [vhost] [cloudflare] [Cloudflare,Cloudflare Network Error Logging] [d41d8cd98f00b204e9800998ecf8427e]
http://yzpv2qrcgcqb.peanut.trade:2086 [301] [GET] [] [] [cloudflare] [vhost] [cloudflare] [Cloudflare,Cloudflare Network Error Logging] [d41d8cd98f00b204e9800998ecf8427e]
http://yzpv2qrcgcqb.peanut.trade:2095 [301] [GET] [] [] [cloudflare] [vhost] [cloudflare] [Cloudflare,Cloudflare Network Error Logging] [d41d8cd98f00b204e9800998ecf8427e]
http://yzpv2qrcgcqb.peanut.trade:8080 [301] [GET] [] [] [cloudflare] [vhost] [cloudflare] [Cloudflare,Cloudflare Network Error Logging] [d41d8cd98f00b204e9800998ecf8427e]
http://yzpv2qrcgcqb.peanut.trade:8880 [301] [GET] [] [] [cloudflare] [vhost] [cloudflare] [Cloudflare,Cloudflare Network Error Logging] [d41d8cd98f00b204e9800998ecf8427e]
