https://alerts-qa-gq1.protrade.com [404] [GET] [text/html] [Yahoo] [ATS] [Apache Traffic Server] [4759b40aef175bd05a1103dcc624e6aa]
https://alerts-qa-gq1.protrade.com [404] [GET] [text/html] [Yahoo] [ATS] [Apache Traffic Server] [47b3c73f1d71c144a48beeeb89632911]
https://alerts-stage-gq1.protrade.com [404] [GET] [text/html] [Yahoo] [ATS] [Apache Traffic Server] [1065cb2e141e01e5d63839ad06d66641]
https://alerts-stage-gq1.protrade.com [404] [GET] [text/html] [Yahoo] [ATS] [Apache Traffic Server] [845e689307a7ba8b0c39ce8986cbfc5c]
https://alerts.protrade.com [404] [GET] [text/html] [Yahoo] [ATS] [Apache Traffic Server] [7f868efc33ba2a2fadfadb13110d96be]
https://alerts.protrade.com [404] [GET] [text/html] [Yahoo] [ATS] [Apache Traffic Server] [e16397ffad18cd0de89ae84ccd87f2aa]
https://mrest-qa-gq1-test.protrade.com [404] [GET] [text/html] [Yahoo] [ATS] [Apache Traffic Server] [c89e45e541be68b1e099f59f52ea7194]
https://mrest-qa-gq1-test.protrade.com [404] [GET] [text/html] [Yahoo] [ATS] [Apache Traffic Server] [e1610e63d052d0096959b3114db70284]
https://mrest-qa-gq1.protrade.com [404] [GET] [text/html] [Yahoo] [ATS] [Apache Traffic Server] [cc531f5e896f91b4dc3c5146d9c78695]
https://mrest-qa-gq1.protrade.com [404] [GET] [text/html] [Yahoo] [ATS] [Apache Traffic Server] [f55052e0d1ee870edfe797233bcfd406]
https://mrest-stage-gq1-test.protrade.com [400] [GET] [] [] [ATS] [vhost] [Apache Traffic Server,Envoy] [d41d8cd98f00b204e9800998ecf8427e]
https://mrest-stage-gq1.protrade.com [400] [GET] [] [] [ATS] [vhost] [Apache Traffic Server,Envoy] [d41d8cd98f00b204e9800998ecf8427e]
https://mrest-ycpi.protrade.com [400] [GET] [] [] [ATS] [vhost] [Apache Traffic Server,Envoy] [d41d8cd98f00b204e9800998ecf8427e]
https://smrest-ycpi.protrade.com [400] [GET] [] [] [ATS] [vhost] [Apache Traffic Server,Envoy] [d41d8cd98f00b204e9800998ecf8427e]
https://smrest.protrade.com [400] [GET] [] [] [ATS] [vhost] [Apache Traffic Server,Envoy] [d41d8cd98f00b204e9800998ecf8427e]
https://sportrest-qa-gq1.protrade.com [404] [GET] [text/html] [Yahoo] [ATS] [Apache Traffic Server] [3f17ccdfce89ead708db47c326ca88a1]
https://sportrest-qa-gq1.protrade.com [404] [GET] [text/html] [Yahoo] [ATS] [Apache Traffic Server] [df8b8267f933de7dea7716d9cf7d966c]
https://sportrest-stage-gq1.protrade.com [404] [GET] [text/html] [Yahoo] [ATS] [Apache Traffic Server] [0a1200416e5004af7148909c0aa2a9eb]
https://sportrest-stage-gq1.protrade.com [404] [GET] [text/html] [Yahoo] [ATS] [Apache Traffic Server] [e5a9f23bdcccd7d6124e836ab4403d88]
https://www.protrade.com [301] [GET] [text/html] [Yahoo] [ATS] [vhost] [Apache Traffic Server] [632d57eb8d92accd7a22539994a016a1]
https://www.protrade.com [301] [GET] [text/html] [Yahoo] [ATS] [vhost] [Apache Traffic Server] [6d121117dbc55c0510b2b2735323593d]
https://ymrest.protrade.com [400] [GET] [] [] [ATS] [vhost] [Apache Traffic Server,Envoy] [d41d8cd98f00b204e9800998ecf8427e]
