http://dev-vidman-eu-west-1.pscp.tv:1935 [400] [GET] [text/plain] [] [] [3073b4fb3dbc30dd1509ea9c3638987d]
http://dev-vidman-us-west-2.pscp.tv:1935 [400] [GET] [text/plain] [] [] [3073b4fb3dbc30dd1509ea9c3638987d]
http://fr.pscp.tv:1935 [400] [GET] [text/plain] [] [] [3073b4fb3dbc30dd1509ea9c3638987d]
http://ie.pscp.tv:1935 [400] [GET] [text/plain] [] [] [3073b4fb3dbc30dd1509ea9c3638987d]
http://jp.pscp.tv:1935 [400] [GET] [text/plain] [] [] [3073b4fb3dbc30dd1509ea9c3638987d]
http://metrics.pscp.tv [403] [GET] [text/html] [403 Forbidden] [AmazonS3] [vhost] [Amazon S3,Amazon Web Services] [a11f00fefb77af44f2e97d1c8281074a]
https://a.pscp.tv [404] [GET] [text/plain] [] [] [595e88012a6521aae3e12cbebe76eb9e]
https://assets.pscp.tv [403] [GET] [application/xml] [] [AmazonS3] [vhost] [cloudfront] [Amazon Cloudfront,Amazon S3,Amazon Web Services] [6f6464e2b438973ff756b68cf859ec37]
https://audit-trail.pscp.tv [404] [GET] [text/plain] [] [] [595e88012a6521aae3e12cbebe76eb9e]
https://au.pscp.tv [400] [GET] [text/plain] [] [] [3073b4fb3dbc30dd1509ea9c3638987d]
https://br.pscp.tv [400] [GET] [text/plain] [] [] [3073b4fb3dbc30dd1509ea9c3638987d]
https://canary-channels.pscp.tv [404] [GET] [text/plain] [] [] [595e88012a6521aae3e12cbebe76eb9e]
https://canary-exp-video-us-east-1.pscp.tv [500] [GET] [text/html] [Fastly error: unknown domain canary-exp-video-us-east-1.pscp.tv] [Varnish] [fastly] [1bcd5eadc958e4d9d96cfcb097423c7a]
https://canary-proxsee.pscp.tv [404] [GET] [text/plain] [] [] [595e88012a6521aae3e12cbebe76eb9e]
https://canary-safety.pscp.tv [404] [GET] [text/plain] [] [] [595e88012a6521aae3e12cbebe76eb9e]
https://canary-text-classification.pscp.tv [404] [GET] [text/plain] [] [] [595e88012a6521aae3e12cbebe76eb9e]
https://canary-transcode-us-east-1.pscp.tv [404] [GET] [text/plain] [] [] [595e88012a6521aae3e12cbebe76eb9e]
https://canary-video-us-east-1.pscp.tv [404] [GET] [text/plain] [] [] [vhost] [fastly] [595e88012a6521aae3e12cbebe76eb9e]
https://canary-web.pscp.tv [200] [GET] [text/html] [Watch LIVE] [] [vhost] [React] [95de238a14206f23250ad76ee3996e5e]
https://ca.pscp.tv [400] [GET] [text/plain] [] [] [3073b4fb3dbc30dd1509ea9c3638987d]
https://channel-thumbnails-live.pscp.tv [403] [GET] [application/xml] [] [AmazonS3] [vhost] [cloudfront] [Amazon Cloudfront,Amazon S3,Amazon Web Services] [dfd66e3bf17d794218931383a20a428e]
https://chatman-replay-ap-northeast-1.pscp.tv [404] [GET] [text/plain] [] [] [ef81e41d11c9e7193ddd3d470dbb3eda]
https://chatman-replay-us-west-2.pscp.tv [404] [GET] [text/plain] [] [] [ef81e41d11c9e7193ddd3d470dbb3eda]
https://dca.pscp.tv [400] [GET] [text/plain] [] [] [3073b4fb3dbc30dd1509ea9c3638987d]
https://de.pscp.tv [400] [GET] [text/plain] [] [] [3073b4fb3dbc30dd1509ea9c3638987d]
https://dev-api.pscp.tv [404] [GET] [text/plain] [] [] [595e88012a6521aae3e12cbebe76eb9e]
https://dev-api-ws.pscp.tv [404] [GET] [text/plain] [] [] [595e88012a6521aae3e12cbebe76eb9e]
https://dev-assets.pscp.tv [403] [GET] [application/xml] [] [AmazonS3] [vhost] [cloudfront] [Amazon Cloudfront,Amazon S3,Amazon Web Services] [faaff854a934b7af0a3299e54b5c63a4]
https://dev-chatman-ancillary-us-west-2.pscp.tv [404] [GET] [text/plain] [] [] [ef81e41d11c9e7193ddd3d470dbb3eda]
https://dev-email.pscp.tv [404] [GET] [text/plain] [] [] [595e88012a6521aae3e12cbebe76eb9e]
https://dev-embed.pscp.tv [403] [GET] [application/json] [] [AmazonS3] [vhost] [fastly] [Amazon S3,Amazon Web Services] [06b2c145589fe991feb1c94dee5b32c9]
https://dev-exp-video-us-west-2.pscp.tv [400] [GET] [text/html] [400 no stream name] [Varnish] [vhost] [fastly] [69a17836bb4fa7207415c8b92197e858]
https://dev-hlspull.pscp.tv [404] [GET] [text/plain] [] [] [595e88012a6521aae3e12cbebe76eb9e]
https://dev-masks.pscp.tv [403] [GET] [application/xml] [] [AmazonS3] [vhost] [cloudfront] [Amazon Cloudfront,Amazon S3,Amazon Web Services] [50d8844ecb5d6ae84f013acd7887e244]
https://dev-masks.pscp.tv [403] [GET] [application/xml] [] [AmazonS3] [vhost] [cloudfront] [Amazon Cloudfront,Amazon S3,Amazon Web Services] [773b32d29ed8eddd10fb37807a982509]
https://dev-profile.pscp.tv [403] [GET] [application/xml] [] [AmazonS3] [vhost] [cloudfront] [Amazon Cloudfront,Amazon S3,Amazon Web Services] [889cce8b9f487abd922620fb9f728b3d]
https://dev-proxsee.pscp.tv [404] [GET] [text/plain] [] [] [595e88012a6521aae3e12cbebe76eb9e]
https://dev-public-api-assets.pscp.tv [403] [GET] [application/xml] [] [AmazonS3] [vhost] [cloudfront] [Amazon Cloudfront,Amazon S3,Amazon Web Services] [3f3e36d4281fadf1d70aeaa2dc44679d]
https://dev-signer-eu-west-1.pscp.tv [200] [GET] [application/json] [] [] [c1da567631175532d893899f42e714c8]
https://dev-signer.pscp.tv [200] [GET] [application/json] [] [] [7dd318b3f5d8ac2d16274e0a1f86a96b]
https://dev-text-classification.pscp.tv [404] [GET] [text/plain] [] [] [595e88012a6521aae3e12cbebe76eb9e]
https://dev-thumbnail.pscp.tv [403] [GET] [application/xml] [] [AmazonS3] [vhost] [cloudfront] [Amazon Cloudfront,Amazon S3,Amazon Web Services] [8ebfcdba095b89d89c2266525eba85b2]
https://dev-transcode-us-west-2.pscp.tv [404] [GET] [text/plain] [] [] [595e88012a6521aae3e12cbebe76eb9e]
https://dev-video-us-west-2.pscp.tv [400] [GET] [text/html] [400 no stream name] [Varnish] [vhost] [fastly] [218e533c5e85671aad5e3490b332c2ad]
https://dev-vidman-eu-west-1.pscp.tv [400] [GET] [text/plain] [] [] [3073b4fb3dbc30dd1509ea9c3638987d]
https://dev-vidman-us-west-2.pscp.tv [400] [GET] [text/plain] [] [] [3073b4fb3dbc30dd1509ea9c3638987d]
https://die.pscp.tv [400] [GET] [text/plain] [] [] [3073b4fb3dbc30dd1509ea9c3638987d]
https://d.pscp.tv [404] [GET] [text/plain] [] [] [595e88012a6521aae3e12cbebe76eb9e]
https://embed.pscp.tv [403] [GET] [application/json] [] [AmazonS3] [vhost] [fastly] [Amazon S3,Amazon Web Services] [01e7fe8dacdfe7fba3a56736b9e1cf0d]
https://embed.pscp.tv [403] [GET] [application/json] [] [AmazonS3] [vhost] [fastly] [Amazon S3,Amazon Web Services] [ba4156eca04159efd4a38d304137c5dc]
https://fr.pscp.tv [400] [GET] [text/plain] [] [] [3073b4fb3dbc30dd1509ea9c3638987d]
https://gw-canary-hydra-us-east-1.pscp.tv [400] [GET] [text/plain] [] [] [3073b4fb3dbc30dd1509ea9c3638987d]
https://gw-prod-hydra-ap-south-1.pscp.tv [400] [GET] [text/plain] [] [] [3073b4fb3dbc30dd1509ea9c3638987d]
https://gw-prod-hydra-eu-west-3.pscp.tv [400] [GET] [text/plain] [] [] [3073b4fb3dbc30dd1509ea9c3638987d]
https://gw-prod-hydra-us-west-1.pscp.tv [400] [GET] [text/plain] [] [] [3073b4fb3dbc30dd1509ea9c3638987d]
https://help.pscp.tv [301] [GET] [] [] [AmazonS3] [vhost] [cloudfront] [Amazon Cloudfront,Amazon S3,Amazon Web Services] [d41d8cd98f00b204e9800998ecf8427e]
https://hls.pscp.tv [500] [GET] [text/html] [Fastly error: unknown domain hls.pscp.tv] [Varnish] [fastly] [41c42c549ef1c62b16db86b4df8658b3]
https://hlspull.pscp.tv [404] [GET] [text/plain] [] [] [595e88012a6521aae3e12cbebe76eb9e]
https://in.pscp.tv [400] [GET] [text/plain] [] [] [3073b4fb3dbc30dd1509ea9c3638987d]
https://jp.pscp.tv [400] [GET] [text/plain] [] [] [3073b4fb3dbc30dd1509ea9c3638987d]
https://kr.pscp.tv [400] [GET] [text/plain] [] [] [3073b4fb3dbc30dd1509ea9c3638987d]
https://payman.pscp.tv [404] [GET] [text/plain] [] [] [595e88012a6521aae3e12cbebe76eb9e]
https://prod-assets.pscp.tv [403] [GET] [application/xml] [] [AmazonS3] [vhost] [cloudfront] [Amazon Cloudfront,Amazon S3,Amazon Web Services] [f8401bb2b2efa570480c755cac9d43d7]
https://prod-channels-thumbnails.pscp.tv [403] [GET] [application/xml] [] [AmazonS3] [vhost] [cloudfront] [Amazon Cloudfront,Amazon S3,Amazon Web Services] [401991cdcd7034f24b1193c6550c3152]
https://prod-chatman-ancillary-eu-central-1.pscp.tv [404] [GET] [text/plain] [] [] [ef81e41d11c9e7193ddd3d470dbb3eda]
https://prod-chatman-ancillary-us-west-2.pscp.tv [404] [GET] [text/plain] [] [] [ef81e41d11c9e7193ddd3d470dbb3eda]
https://prod-cloudfront-tn-ap-northeast-1-replay.video.pscp.tv [403] [GET] [text/xml] [] [CloudFront] [vhost] [cloudfront] [Amazon Cloudfront,Amazon Web Services] [40a481f43ca93bbbdd18621b439ea397]
https://prod-cloudfront-tn-ap-southeast-1-replay.video.pscp.tv [403] [GET] [text/xml] [] [CloudFront] [vhost] [cloudfront] [Amazon Cloudfront,Amazon Web Services] [40a481f43ca93bbbdd18621b439ea397]
https://prod-cloudfront-tn-eu-central-1-live.video.pscp.tv [403] [GET] [text/xml] [] [CloudFront] [vhost] [cloudfront] [Amazon Cloudfront,Amazon Web Services] [40a481f43ca93bbbdd18621b439ea397]
https://prod-cloudfront-tn-eu-central-1-replay.video.pscp.tv [403] [GET] [text/xml] [] [CloudFront] [vhost] [cloudfront] [Amazon Cloudfront,Amazon Web Services] [40a481f43ca93bbbdd18621b439ea397]
https://prod-cloudfront-tn-eu-west-1-live.video.pscp.tv [403] [GET] [text/xml] [] [CloudFront] [vhost] [cloudfront] [Amazon Cloudfront,Amazon Web Services] [40a481f43ca93bbbdd18621b439ea397]
https://prod-cloudfront-tn-eu-west-1-replay.video.pscp.tv [403] [GET] [text/xml] [] [CloudFront] [vhost] [cloudfront] [Amazon Cloudfront,Amazon Web Services] [40a481f43ca93bbbdd18621b439ea397]
https://prod-cloudfront-tn-eu-west-3-live.video.pscp.tv [403] [GET] [text/xml] [] [CloudFront] [vhost] [cloudfront] [Amazon Cloudfront,Amazon Web Services] [40a481f43ca93bbbdd18621b439ea397]
https://prod-cloudfront-tn-eu-west-3-replay.video.pscp.tv [403] [GET] [text/xml] [] [CloudFront] [vhost] [cloudfront] [Amazon Cloudfront,Amazon Web Services] [40a481f43ca93bbbdd18621b439ea397]
https://prod-cloudfront-tn-sa-east-1-live.video.pscp.tv [403] [GET] [text/xml] [] [CloudFront] [vhost] [cloudfront] [Amazon Cloudfront,Amazon Web Services] [40a481f43ca93bbbdd18621b439ea397]
https://prod-cloudfront-tn-us-east-1-live.video.pscp.tv [403] [GET] [text/xml] [] [CloudFront] [vhost] [cloudfront] [Amazon Cloudfront,Amazon Web Services] [40a481f43ca93bbbdd18621b439ea397]
https://prod-cloudfront-tn-us-east-1-replay.video.pscp.tv [403] [GET] [text/xml] [] [CloudFront] [vhost] [cloudfront] [Amazon Cloudfront,Amazon Web Services] [40a481f43ca93bbbdd18621b439ea397]
https://prod-cloudfront-tn-us-west-1-live.video.pscp.tv [403] [GET] [text/xml] [] [CloudFront] [vhost] [cloudfront] [Amazon Cloudfront,Amazon Web Services] [40a481f43ca93bbbdd18621b439ea397]
https://prod-cloudfront-tn-us-west-1-replay.video.pscp.tv [403] [GET] [text/xml] [] [CloudFront] [vhost] [cloudfront] [Amazon Cloudfront,Amazon Web Services] [40a481f43ca93bbbdd18621b439ea397]
https://prod-cloudfront-tn-us-west-2-live.video.pscp.tv [403] [GET] [text/xml] [] [CloudFront] [vhost] [cloudfront] [Amazon Cloudfront,Amazon Web Services] [40a481f43ca93bbbdd18621b439ea397]
https://prod-ec-ap-northeast-1.video.pscp.tv [404] [GET] [text/plain] [] [ECAcc (tkb/73B7)] [vhost] [595e88012a6521aae3e12cbebe76eb9e]
https://prod-ec-ap-northeast-2.video.pscp.tv [404] [GET] [text/plain] [] [ECAcc (tka/8891)] [vhost] [595e88012a6521aae3e12cbebe76eb9e]
https://prod-ec-ap-south-1.video.pscp.tv [403] [GET] [text/html] [403 Forbidden] [Varnish] [vhost] [cfae5303d9479bdc8c5a313dc8b90824]
https://prod-ec-ap-southeast-1.video.pscp.tv [403] [GET] [text/html] [403 Forbidden] [Varnish] [vhost] [0377fee60a7927cd712cec71db266aae]
https://prod-ec-ap-southeast-2.video.pscp.tv [404] [GET] [text/plain] [] [ECAcc (nwa/E7C0)] [vhost] [595e88012a6521aae3e12cbebe76eb9e]
https://prod-ec-eu-central-1.video.pscp.tv [404] [GET] [text/plain] [] [ECAcc (frc/8F68)] [vhost] [595e88012a6521aae3e12cbebe76eb9e]
https://prod-ec-eu-west-1.video.pscp.tv [404] [GET] [text/plain] [] [ECAcc (lhb/63A1)] [vhost] [595e88012a6521aae3e12cbebe76eb9e]
https://prod-ec-sa-east-1.video.pscp.tv [404] [GET] [text/plain] [] [ECAcc (spb/E50F)] [vhost] [595e88012a6521aae3e12cbebe76eb9e]
https://prod-ec-us-east-1.video.pscp.tv [404] [GET] [text/plain] [] [ECAcc (dcc/725C)] [vhost] [595e88012a6521aae3e12cbebe76eb9e]
https://prod-ec-us-west-1.video.pscp.tv [404] [GET] [text/plain] [] [ECAcc (sab/578E)] [vhost] [595e88012a6521aae3e12cbebe76eb9e]
https://prod-ec-us-west-2.video.pscp.tv [404] [GET] [text/plain] [] [ECAcc (sec/9788)] [vhost] [595e88012a6521aae3e12cbebe76eb9e]
https://prod-exp-video-ap-southeast-2.pscp.tv [400] [GET] [text/html] [400 no stream name] [Varnish] [vhost] [fastly] [bdc372822758f12b52f81ac983afec8a]
https://prod-exp-video-eu-central-1.pscp.tv [400] [GET] [text/html] [400 no stream name] [Varnish] [vhost] [fastly] [48f81c9965b73b3065e37bbc4d6b0259]
https://prod-exp-video-eu-central-1.pscp.tv [400] [GET] [text/html] [400 no stream name] [Varnish] [vhost] [fastly] [7b5ca24a8545fe4ba4c5718b3247c8a6]
https://prod-exp-video-eu-west-1.pscp.tv [400] [GET] [text/html] [400 no stream name] [Varnish] [vhost] [fastly] [e453f46122da84bcef3c4d455a9ec216]
https://prod-exp-video-sa-east-1.pscp.tv [400] [GET] [text/html] [400 no stream name] [Varnish] [vhost] [fastly] [03e93985c42cd93703371ec5482b0259]
https://prod-exp-video-us-east-1.pscp.tv [400] [GET] [text/html] [400 no stream name] [Varnish] [vhost] [fastly] [57101c3b6ca47215bee0022f08b7d2ec]
https://prod-fastly-ap-northeast-2.video.pscp.tv [404] [GET] [text/plain] [] [] [vhost] [fastly] [595e88012a6521aae3e12cbebe76eb9e]
https://prod-fastly-ap-south-1.video.pscp.tv [403] [GET] [text/html] [403 Forbidden] [Varnish] [vhost] [fastly] [d121d9c104c7ab919ec8b3f442f5dc6f]
https://prod-fastly-ap-southeast-1.video.pscp.tv [403] [GET] [text/html] [403 Forbidden] [Varnish] [vhost] [fastly] [edb61abe8e4089fe882ea71a67f25d8b]
https://prod-fastly-ap-southeast-2.video.pscp.tv [404] [GET] [text/plain] [] [] [vhost] [fastly] [595e88012a6521aae3e12cbebe76eb9e]
https://prod-fastly-eu-west-1.video.pscp.tv [404] [GET] [text/plain] [] [] [vhost] [fastly] [595e88012a6521aae3e12cbebe76eb9e]
https://prod-fastly-eu-west-3.video.pscp.tv [404] [GET] [text/plain] [] [] [vhost] [fastly] [595e88012a6521aae3e12cbebe76eb9e]
https://prod-fastly-sa-east-1.video.pscp.tv [404] [GET] [text/plain] [] [] [vhost] [fastly] [595e88012a6521aae3e12cbebe76eb9e]
https://prod-fastly-us-east-1.video.pscp.tv [404] [GET] [text/plain] [] [] [vhost] [fastly] [595e88012a6521aae3e12cbebe76eb9e]
https://prod-fastly-us-west-1.video.pscp.tv [404] [GET] [text/plain] [] [] [vhost] [fastly] [595e88012a6521aae3e12cbebe76eb9e]
https://prod-fastly-us-west-2.video.pscp.tv [404] [GET] [text/plain] [] [] [vhost] [fastly] [595e88012a6521aae3e12cbebe76eb9e]
https://prod-masks.pscp.tv [403] [GET] [application/xml] [] [AmazonS3] [vhost] [cloudfront] [Amazon Cloudfront,Amazon S3,Amazon Web Services] [9fd6bf319bda47ddf54c7d2d84236f39]
https://prod-profile.pscp.tv [403] [GET] [application/xml] [] [AmazonS3] [vhost] [cloudfront] [Amazon Cloudfront,Amazon S3,Amazon Web Services] [0f31025dbcbfbaaa2fa1c109ac4ec50e]
https://prod-profile.pscp.tv [403] [GET] [application/xml] [] [AmazonS3] [vhost] [cloudfront] [Amazon Cloudfront,Amazon S3,Amazon Web Services] [ec1cbb78332e216d9ae336ee28490ed0]
https://prod-public-api-assets.pscp.tv [403] [GET] [application/xml] [] [AmazonS3] [vhost] [cloudfront] [Amazon Cloudfront,Amazon S3,Amazon Web Services] [a0f8c70b91e75bf5cc5d5ce4dfb53e54]
https://prod-text-classification.pscp.tv [404] [GET] [text/plain] [] [] [595e88012a6521aae3e12cbebe76eb9e]
https://prod-thumbnail-small.pscp.tv [403] [GET] [application/xml] [] [AmazonS3] [vhost] [cloudfront] [Amazon Cloudfront,Amazon S3,Amazon Web Services] [e5a0532422a031474d2c1831b549196e]
https://prod-transcode-ap-northeast-2.pscp.tv [404] [GET] [text/plain] [] [] [595e88012a6521aae3e12cbebe76eb9e]
https://prod-transcode-ap-south-1.pscp.tv [404] [GET] [text/plain] [] [] [595e88012a6521aae3e12cbebe76eb9e]
https://prod-transcode-ap-southeast-2.pscp.tv [404] [GET] [text/plain] [] [] [595e88012a6521aae3e12cbebe76eb9e]
https://prod-transcode-eu-west-1.pscp.tv [404] [GET] [text/plain] [] [] [595e88012a6521aae3e12cbebe76eb9e]
https://prod-transcode-eu-west-3.pscp.tv [404] [GET] [text/plain] [] [] [595e88012a6521aae3e12cbebe76eb9e]
https://prod-transcode-proxy-ap-south-1.pscp.tv [404] [GET] [text/plain] [] [] [595e88012a6521aae3e12cbebe76eb9e]
https://prod-transcode-proxy-eu-central-1.pscp.tv [404] [GET] [text/plain] [] [] [595e88012a6521aae3e12cbebe76eb9e]
https://prod-transcode-proxy-eu-west-1.pscp.tv [404] [GET] [text/plain] [] [] [595e88012a6521aae3e12cbebe76eb9e]
https://prod-transcode-proxy-sa-east-1.pscp.tv [404] [GET] [text/plain] [] [] [595e88012a6521aae3e12cbebe76eb9e]
https://prod-transcode-sa-east-1.pscp.tv [404] [GET] [text/plain] [] [] [595e88012a6521aae3e12cbebe76eb9e]
https://prod-transcode-us-east-1.pscp.tv [404] [GET] [text/plain] [] [] [595e88012a6521aae3e12cbebe76eb9e]
https://prod-video-ap-northeast-2.pscp.tv [400] [GET] [text/html] [400 no stream name] [Varnish] [vhost] [fastly] [14989c9a556b7c3ca0301218defe5dc1]
https://prod-video-ap-northeast-2.pscp.tv [400] [GET] [text/html] [400 no stream name] [Varnish] [vhost] [fastly] [f7e1a64354a7fc3fcf7296dc46e9aa33]
https://prod-video-ap-south-1.pscp.tv [400] [GET] [text/html] [400 no stream name] [Varnish] [vhost] [fastly] [361d4ff63e32596aa2fb0492aaed67b2]
https://prod-video-ap-south-1.pscp.tv [400] [GET] [text/html] [400 no stream name] [Varnish] [vhost] [fastly] [ea8f99a46a8195c56049cf9a52a5ea7f]
https://prod-video-ap-southeast-1.pscp.tv [400] [GET] [text/html] [400 no stream name] [Varnish] [vhost] [fastly] [0b3215ae0c462a1aa6401ef4e6daa3e0]
https://prod-video-ap-southeast-1.pscp.tv [400] [GET] [text/html] [400 no stream name] [Varnish] [vhost] [fastly] [a0f31195708a869ee41a8e6eb1112c74]
https://prod-video-eu-central-1.pscp.tv [400] [GET] [text/html] [400 no stream name] [Varnish] [vhost] [fastly] [6e96b3a83dcbc1124266f173266ec2c9]
https://prod-video-eu-west-1.pscp.tv [400] [GET] [text/html] [400 no stream name] [Varnish] [vhost] [fastly] [88f11624b431383c77f514d2f09d0f23]
https://prod-video-eu-west-3.pscp.tv [400] [GET] [text/html] [400 no stream name] [Varnish] [vhost] [fastly] [5d16f48735907a1ac59c6ec6cae888b9]
https://prod-video-eu-west-3.pscp.tv [400] [GET] [text/html] [400 no stream name] [Varnish] [vhost] [fastly] [fe08370066a66a055813e8b854da6871]
https://prod-video-sa-east-1.pscp.tv [400] [GET] [text/html] [400 no stream name] [Varnish] [vhost] [fastly] [7d0fe2c35846c99256aa7266a3391563]
https://prod-video-us-east-1.pscp.tv [400] [GET] [text/html] [400 no stream name] [Varnish] [vhost] [fastly] [cb2d532985ba3d4d028f48a91ef126c0]
https://prod-video-us-west-2.pscp.tv [400] [GET] [text/html] [400 no stream name] [Varnish] [vhost] [fastly] [90fca3d6e1dedc82220c1808bac8c4be]
https://proxsee.pscp.tv [404] [GET] [text/plain] [] [] [595e88012a6521aae3e12cbebe76eb9e]
https://pscp.tv [302] [GET] [text/plain] [] [] [vhost] [c3345ce39bc9d1cad3d922330a1c3a70]
https://safety.pscp.tv [404] [GET] [text/plain] [] [] [595e88012a6521aae3e12cbebe76eb9e]
https://signer-ap-northeast-1.pscp.tv [200] [GET] [application/json] [] [] [955e7eaf56cb40c3c4544b3324e53fdf]
https://signer-ap-southeast-1.pscp.tv [200] [GET] [application/json] [] [] [44678677e90ff3958cfe1632432c9ffa]
https://signer-eu-west-1.pscp.tv [200] [GET] [application/json] [] [] [c1da567631175532d893899f42e714c8]
https://signer.pscp.tv [200] [GET] [application/json] [] [] [2da38e09d389fb38c62a9e003dbfae88]
https://signer-us-west-2.pscp.tv [200] [GET] [application/json] [] [] [7dd318b3f5d8ac2d16274e0a1f86a96b]
https://test-help.pscp.tv [301] [GET] [] [] [AmazonS3] [vhost] [cloudfront] [Amazon Cloudfront,Amazon S3,Amazon Web Services] [d41d8cd98f00b204e9800998ecf8427e]
https://va.pscp.tv [400] [GET] [text/plain] [] [] [3073b4fb3dbc30dd1509ea9c3638987d]
https://vidman-ap-northeast-1.pscp.tv [400] [GET] [text/plain] [] [] [3073b4fb3dbc30dd1509ea9c3638987d]
https://vidman-ap-northeast-2.pscp.tv [400] [GET] [text/plain] [] [] [3073b4fb3dbc30dd1509ea9c3638987d]
https://vidman-ap-southeast-1.pscp.tv [400] [GET] [text/plain] [] [] [3073b4fb3dbc30dd1509ea9c3638987d]
https://vidman-ap-southeast-2.pscp.tv [400] [GET] [text/plain] [] [] [3073b4fb3dbc30dd1509ea9c3638987d]
https://vidman-eu-central-1.pscp.tv [400] [GET] [text/plain] [] [] [3073b4fb3dbc30dd1509ea9c3638987d]
https://vidman-eu-west-1.pscp.tv [400] [GET] [text/plain] [] [] [3073b4fb3dbc30dd1509ea9c3638987d]
https://vidman-eu-west-3.pscp.tv [400] [GET] [text/plain] [] [] [3073b4fb3dbc30dd1509ea9c3638987d]
https://vidman-us-east-1.pscp.tv [400] [GET] [text/plain] [] [] [3073b4fb3dbc30dd1509ea9c3638987d]
https://vidman-us-west-2.pscp.tv [400] [GET] [text/plain] [] [] [3073b4fb3dbc30dd1509ea9c3638987d]
https://web-ap-northeast-1.pscp.tv [403] [GET] [text/html] [] [] [849426656a510e49d017b16626255f12]
https://web-ap-northeast-2.pscp.tv [403] [GET] [text/html] [] [] [849426656a510e49d017b16626255f12]
https://web-ap-south-1.pscp.tv [403] [GET] [text/html] [] [] [849426656a510e49d017b16626255f12]
https://web-ap-southeast-1.pscp.tv [403] [GET] [text/html] [] [] [849426656a510e49d017b16626255f12]
https://web-ap-southeast-2.pscp.tv [403] [GET] [text/html] [] [] [849426656a510e49d017b16626255f12]
https://web-eu-central-1.pscp.tv [403] [GET] [text/html] [] [] [849426656a510e49d017b16626255f12]
https://web-eu-west-1.pscp.tv [403] [GET] [text/html] [] [] [849426656a510e49d017b16626255f12]
https://web.pscp.tv [403] [GET] [text/html] [] [] [849426656a510e49d017b16626255f12]
https://web-us-east-1.pscp.tv [403] [GET] [text/html] [] [] [849426656a510e49d017b16626255f12]
https://web-us-west-2.pscp.tv [403] [GET] [text/html] [] [] [849426656a510e49d017b16626255f12]
https://www.pscp.tv [200] [GET] [text/html] [Watch LIVE] [] [vhost] [React] [b9fc0ecc01b9d93826d8b6e0bb1c2ce4]
https://www.pscp.tv [200] [GET] [text/html] [Watch LIVE] [] [vhost] [React] [fad89c317f9fe7b4b638b6f16cf58e96]
https://zz.pscp.tv [400] [GET] [text/plain] [] [] [3073b4fb3dbc30dd1509ea9c3638987d]
http://vidman-ap-northeast-1.pscp.tv:1935 [400] [GET] [text/plain] [] [] [3073b4fb3dbc30dd1509ea9c3638987d]
http://vidman-eu-central-1.pscp.tv:1935 [400] [GET] [text/plain] [] [] [3073b4fb3dbc30dd1509ea9c3638987d]
http://vidman-eu-west-1.pscp.tv:1935 [400] [GET] [text/plain] [] [] [3073b4fb3dbc30dd1509ea9c3638987d]
http://vidman-eu-west-3.pscp.tv:1935 [400] [GET] [text/plain] [] [] [3073b4fb3dbc30dd1509ea9c3638987d]
http://vidman-sa-east-1.pscp.tv:1935 [400] [GET] [text/plain] [] [] [3073b4fb3dbc30dd1509ea9c3638987d]
http://vidman-us-east-1.pscp.tv:1935 [400] [GET] [text/plain] [] [] [3073b4fb3dbc30dd1509ea9c3638987d]
http://vidman-us-west-2.pscp.tv:1935 [400] [GET] [text/plain] [] [] [3073b4fb3dbc30dd1509ea9c3638987d]
