http://algorand-node-1.ptokens.io:8080 [405] [GET] [application/json] [] [] [6ec6d82d81df8c1a8c730b22481640b2]
http://bridge2.ptokens.io [301] [GET] [text/html] [301 Moved Permanently] [nginx/1.14.0 (Ubuntu)] [vhost] [Nginx:1.14.0,Ubuntu] [ec0f2d6d8da7997a10f72a2537729e59]
http://btc-node-1.ptokens.io [405] [GET] [text/html] [] [nginx/1.14.0 (Ubuntu)] [Nginx:1.14.0,Ubuntu] [8a0fec5d6561ca4589efcdd93b4765fb]
http://btc-node-3.ptokens.io:8080 [200] [GET] [text/html] [Bitcoin Explorer] [nginx] [Bootstrap,Nginx] [c61cce538812f5ae18907d823ff6d1a6]
http://btc-node-4.ptokens.io:8080 [200] [GET] [text/html] [Bitcoin Explorer] [nginx] [Bootstrap,Nginx] [c61cce538812f5ae18907d823ff6d1a6]
http://chart.ptokens.io:2082 [521] [GET] [] [] [cloudflare] [vhost] [cloudflare] [Cloudflare,Cloudflare Network Error Logging] [d41d8cd98f00b204e9800998ecf8427e]
http://chart.ptokens.io:2086 [521] [GET] [] [] [cloudflare] [vhost] [cloudflare] [Cloudflare,Cloudflare Network Error Logging] [d41d8cd98f00b204e9800998ecf8427e]
http://chart.ptokens.io:2095 [521] [GET] [] [] [cloudflare] [vhost] [cloudflare] [Cloudflare,Cloudflare Network Error Logging] [d41d8cd98f00b204e9800998ecf8427e]
http://chart.ptokens.io [301] [GET] [text/html] [301 Moved Permanently] [cloudflare] [vhost] [cloudflare] [Cloudflare,Cloudflare Network Error Logging] [0f952b73d3f5586637ea9a5a789d48f4]
http://chart.ptokens.io:8080 [200] [GET] [text/html] [swarmpit] [cloudflare] [vhost] [cloudflare] [Cloudflare,Cloudflare Network Error Logging] [75c3924141018163ea50b27ca1b0b0a8]
http://chart.ptokens.io:8880 [521] [GET] [] [] [cloudflare] [vhost] [cloudflare] [Cloudflare,Cloudflare Network Error Logging] [d41d8cd98f00b204e9800998ecf8427e]
http://corsproxy.ptokens.io:2082 [200] [GET] [text/html] [] [cloudflare] [vhost] [cloudflare] [Cloudflare,Cloudflare Network Error Logging] [6fdb087aa3fbfbcb8287a593a0919e61]
http://corsproxy.ptokens.io:2086 [200] [GET] [text/html] [] [cloudflare] [vhost] [cloudflare] [Cloudflare,Cloudflare Network Error Logging] [6fdb087aa3fbfbcb8287a593a0919e61]
http://corsproxy.ptokens.io:2095 [200] [GET] [text/html] [] [cloudflare] [vhost] [cloudflare] [Cloudflare,Cloudflare Network Error Logging] [6fdb087aa3fbfbcb8287a593a0919e61]
http://corsproxy.ptokens.io:8880 [200] [GET] [text/html] [] [cloudflare] [vhost] [cloudflare] [Cloudflare,Cloudflare Network Error Logging] [6fdb087aa3fbfbcb8287a593a0919e61]
http://dao--stake-proxy.ptokens.io:3030 [404] [GET] [text/html] [Error] [] [Express,Node.js] [da7da7d630292e7a2a7dda8ca87b3d39]
http://dapp3.ptokens.io:2082 [521] [GET] [] [] [cloudflare] [vhost] [cloudflare] [Cloudflare,Cloudflare Network Error Logging] [d41d8cd98f00b204e9800998ecf8427e]
http://dapp3.ptokens.io:2086 [521] [GET] [] [] [cloudflare] [vhost] [cloudflare] [Cloudflare,Cloudflare Network Error Logging] [d41d8cd98f00b204e9800998ecf8427e]
http://dapp3.ptokens.io:8080 [521] [GET] [] [] [cloudflare] [vhost] [cloudflare] [Cloudflare,Cloudflare Network Error Logging] [d41d8cd98f00b204e9800998ecf8427e]
http://dapp3.ptokens.io:8880 [521] [GET] [] [] [cloudflare] [vhost] [cloudflare] [Cloudflare,Cloudflare Network Error Logging] [d41d8cd98f00b204e9800998ecf8427e]
http://eidoo--sendtx-dynlink.ptokens.io:3030 [404] [GET] [text/html] [Error] [] [Express,Node.js] [da7da7d630292e7a2a7dda8ca87b3d39]
http://eos-mainnet-4.ptokens.io [301] [GET] [text/html] [301 Moved Permanently] [nginx/1.14.0 (Ubuntu)] [vhost] [Nginx:1.14.0,Ubuntu] [ec0f2d6d8da7997a10f72a2537729e59]
http://eos-mainnet-5.ptokens.io [301] [GET] [text/html] [301 Moved Permanently] [nginx/1.14.0 (Ubuntu)] [vhost] [Nginx:1.14.0,Ubuntu] [ec0f2d6d8da7997a10f72a2537729e59]
http://eos-mainnet-6.ptokens.io:8888 [404] [GET] [application/json] [] [WebSocket++/0.7.0] [6361267b09ee5ffb4f1bc1dfe3e27c99]
http://eos-mainnet-7.ptokens.io:3001 [404] [GET] [text/html] [Error] [] [Express,Node.js] [da7da7d630292e7a2a7dda8ca87b3d39]
http://eos-mainnet-7.ptokens.io:8080 [400] [GET] [] [] [Boost.Beast/266] [3087d94ae3d9ca43c83b0e2454708564]
http://eos-mainnet-7.ptokens.io:8888 [404] [GET] [application/json] [] [WebSocket++/0.7.0] [6361267b09ee5ffb4f1bc1dfe3e27c99]
http://eos-mainnet-8.ptokens.io [301] [GET] [text/html] [301 Moved Permanently] [nginx/1.14.0 (Ubuntu)] [vhost] [Nginx:1.14.0,Ubuntu] [ec0f2d6d8da7997a10f72a2537729e59]
http://ipfs.ptokens.io:3001 [404] [GET] [text/html] [Error] [] [Express,Node.js] [da7da7d630292e7a2a7dda8ca87b3d39]
http://libre-node-1.ptokens.io:3001 [404] [GET] [text/html] [Error] [] [Express,Node.js] [da7da7d630292e7a2a7dda8ca87b3d39]
http://libre-node-1.ptokens.io:4242 [426] [GET] [text/plain] [] [] [7580e1f4e34b963d5ce1bbb35001f953]
http://libre-node-1.ptokens.io:8080 [400] [GET] [] [] [Boost.Beast/266] [3087d94ae3d9ca43c83b0e2454708564]
http://libre-node-1.ptokens.io:8888 [404] [GET] [application/json] [] [WebSocket++/0.7.0] [bf94778ff38acb830929e30450ab7b04]
http://ltc-node-1.ptokens.io:3001 [404] [GET] [text/html] [Error] [] [Express,Node.js] [da7da7d630292e7a2a7dda8ca87b3d39]
http://ltc-node-2.ptokens.io:3001 [404] [GET] [text/html] [Error] [] [Express,Node.js] [da7da7d630292e7a2a7dda8ca87b3d39]
http://ltc-testnet-node-1.ptokens.io [200] [GET] [text/html] [news.cipano.com] [Apache/2.4.6 (CentOS) PHP/7.3.33] [Apache:2.4.6,CentOS,PHP:7.3.33] [e80b04aa955bdf57d4e88170c7ac24e3]
http://ore-node-1.ptokens.io:3001 [404] [GET] [text/html] [Error] [] [Express,Node.js] [da7da7d630292e7a2a7dda8ca87b3d39]
http://ore-node-1.ptokens.io:4242 [426] [GET] [text/plain] [] [] [7580e1f4e34b963d5ce1bbb35001f953]
http://ore-node-1.ptokens.io:8080 [400] [GET] [] [] [Boost.Beast/266] [3087d94ae3d9ca43c83b0e2454708564]
http://ore-node-1.ptokens.io:8888 [404] [GET] [application/json] [] [WebSocket++/0.7.0] [bf94778ff38acb830929e30450ab7b04]
http://pbtc-on-eos-jungle-3.ptokens.io:8888 [404] [GET] [application/json] [] [WebSocket++/0.7.0] [d4dc6a5ce8e8c9f8f6aa579e6037920a]
http://pbtc-on-eth-kovan-node-1a.ptokens.io:2082 [521] [GET] [] [] [cloudflare] [vhost] [cloudflare] [Cloudflare,Cloudflare Network Error Logging] [d41d8cd98f00b204e9800998ecf8427e]
http://pbtc-on-eth-kovan-node-1a.ptokens.io:2086 [521] [GET] [] [] [cloudflare] [vhost] [cloudflare] [Cloudflare,Cloudflare Network Error Logging] [d41d8cd98f00b204e9800998ecf8427e]
http://pbtc-on-eth-kovan-node-1a.ptokens.io:8080 [521] [GET] [] [] [cloudflare] [vhost] [cloudflare] [Cloudflare,Cloudflare Network Error Logging] [d41d8cd98f00b204e9800998ecf8427e]
http://pbtc-on-eth-kovan-node-1a.ptokens.io:8880 [521] [GET] [] [] [cloudflare] [vhost] [cloudflare] [Cloudflare,Cloudflare Network Error Logging] [d41d8cd98f00b204e9800998ecf8427e]
http://pbtc-on-eth--pegout-proxy.ptokens.io:3030 [404] [GET] [text/html] [Error] [] [Express,Node.js] [da7da7d630292e7a2a7dda8ca87b3d39]
http://phoenix-node-1.ptokens.io:8000 [401] [GET] [application/json] [] [nginx/1.21.0] [Nginx:1.21.0] [4bad12da36ab732a9534ca165f0bc60c]
http://ptokens.io:2082 [301] [GET] [] [] [cloudflare] [vhost] [cloudflare] [Cloudflare,Cloudflare Network Error Logging] [d41d8cd98f00b204e9800998ecf8427e]
http://ptokens.io:2086 [301] [GET] [] [] [cloudflare] [vhost] [cloudflare] [Cloudflare,Cloudflare Network Error Logging] [d41d8cd98f00b204e9800998ecf8427e]
http://ptokens.io:2095 [301] [GET] [] [] [cloudflare] [vhost] [cloudflare] [Cloudflare,Cloudflare Network Error Logging] [d41d8cd98f00b204e9800998ecf8427e]
http://ptokens.io:8880 [301] [GET] [] [] [cloudflare] [vhost] [cloudflare] [Cloudflare,Cloudflare Network Error Logging] [d41d8cd98f00b204e9800998ecf8427e]
https://algorand-node-1.ptokens.io [405] [GET] [application/json] [] [nginx/1.18.0 (Ubuntu)] [Nginx:1.18.0,Ubuntu] [6ec6d82d81df8c1a8c730b22481640b2]
https://algorand-node-1.ptokens.io:4443 [404] [GET] [application/json] [] [nginx/1.18.0 (Ubuntu)] [Nginx:1.18.0,Ubuntu] [48a73a4bd3176fbc096625bb7d4afa3f]
https://btc-node-3.ptokens.io [200] [GET] [text/html] [Bitcoin Explorer] [nginx/1.18.0 (Ubuntu)] [Bootstrap,Nginx:1.18.0,Ubuntu] [c61cce538812f5ae18907d823ff6d1a6]
https://btc-node-4.ptokens.io [200] [GET] [text/html] [Bitcoin Explorer] [nginx/1.18.0 (Ubuntu)] [Bootstrap,Nginx:1.18.0,Ubuntu] [c61cce538812f5ae18907d823ff6d1a6]
https://chart.ptokens.io:2053 [521] [GET] [] [] [cloudflare] [vhost] [cloudflare] [Cloudflare,Cloudflare Network Error Logging] [d41d8cd98f00b204e9800998ecf8427e]
https://chart.ptokens.io:2087 [521] [GET] [] [] [cloudflare] [vhost] [cloudflare] [Cloudflare,Cloudflare Network Error Logging] [d41d8cd98f00b204e9800998ecf8427e]
https://chart.ptokens.io:8443 [521] [GET] [] [] [cloudflare] [vhost] [cloudflare] [Cloudflare,Cloudflare Network Error Logging] [d41d8cd98f00b204e9800998ecf8427e]
https://corsproxy.ptokens.io [200] [GET] [text/html] [] [cloudflare] [vhost] [cloudflare] [Cloudflare,Cloudflare Network Error Logging] [6fdb087aa3fbfbcb8287a593a0919e61]
https://corsproxy.ptokens.io:2083 [200] [GET] [text/html] [] [cloudflare] [vhost] [cloudflare] [Cloudflare,Cloudflare Network Error Logging] [6fdb087aa3fbfbcb8287a593a0919e61]
https://corsproxy.ptokens.io:2087 [200] [GET] [text/html] [] [cloudflare] [vhost] [cloudflare] [Cloudflare,Cloudflare Network Error Logging] [6fdb087aa3fbfbcb8287a593a0919e61]
https://corsproxy.ptokens.io:8443 [200] [GET] [text/html] [] [cloudflare] [vhost] [cloudflare] [Cloudflare,Cloudflare Network Error Logging] [6fdb087aa3fbfbcb8287a593a0919e61]
https://dao--stake-proxy.ptokens.io [404] [GET] [text/html] [Error] [nginx/1.14.0 (Ubuntu)] [Express,Nginx:1.14.0,Node.js,Ubuntu] [da7da7d630292e7a2a7dda8ca87b3d39]
https://dapp2.ptokens.io [200] [GET] [text/html] [pTokens DApp] [nginx/1.21.6] [Font Awesome,Nginx:1.21.6] [fcaf51f979997134da71d9b5f4c5618d]
https://dapp3.ptokens.io [200] [GET] [text/html] [pTokens DApp] [cloudflare] [vhost] [cloudflare] [Cloudflare,Cloudflare Network Error Logging,Font Awesome] [54265c05a8f589c436d34616007df088]
https://dapp3.ptokens.io:2083 [521] [GET] [] [] [cloudflare] [vhost] [cloudflare] [Cloudflare,Cloudflare Network Error Logging] [d41d8cd98f00b204e9800998ecf8427e]
https://dapp3.ptokens.io:2087 [521] [GET] [] [] [cloudflare] [vhost] [cloudflare] [Cloudflare,Cloudflare Network Error Logging] [d41d8cd98f00b204e9800998ecf8427e]
https://dapp-legacy.ptokens.io [200] [GET] [text/html] [pTokens DApp] [nginx/1.21.6] [vhost] [Font Awesome,Nginx:1.21.6] [a86e2d51e50aad74d075f8684d0bc640]
https://dapp.ptokens.io [200] [GET] [text/html] [pTokens DApp] [nginx/1.21.6] [Font Awesome,Nginx:1.21.6] [5d69751c17fffd57171a2850775533a1]
https://eidoo--sendtx-dynlink.ptokens.io [404] [GET] [text/html] [Error] [nginx/1.14.0 (Ubuntu)] [Express,Nginx:1.14.0,Node.js,Ubuntu] [da7da7d630292e7a2a7dda8ca87b3d39]
https://eos-mainnet-1.ptokens.io:3000 [502] [GET] [text/html] [502 Bad Gateway] [nginx/1.14.0 (Ubuntu)] [Nginx:1.14.0,Ubuntu] [487f86562d294d1ccce30dae78903a9f]
https://eos-mainnet-4.ptokens.io:3000 [502] [GET] [text/html] [502 Bad Gateway] [nginx/1.14.0 (Ubuntu)] [Nginx:1.14.0,Ubuntu] [487f86562d294d1ccce30dae78903a9f]
https://eos-mainnet-5.ptokens.io:3000 [502] [GET] [text/html] [502 Bad Gateway] [nginx/1.14.0 (Ubuntu)] [Nginx:1.14.0,Ubuntu] [f8722bb4476990cf85aea599f63becc4]
https://eos-mainnet-6.ptokens.io:3000 [404] [GET] [text/html] [Error] [nginx/1.14.0 (Ubuntu)] [Express,Nginx:1.14.0,Node.js,Ubuntu] [da7da7d630292e7a2a7dda8ca87b3d39]
https://eos-mainnet-6.ptokens.io [404] [GET] [application/json] [] [WebSocket++/0.7.0] [6361267b09ee5ffb4f1bc1dfe3e27c99]
https://eos-mainnet-7.ptokens.io:3000 [404] [GET] [text/html] [Error] [nginx/1.14.0 (Ubuntu)] [Express,Nginx:1.14.0,Node.js,Ubuntu] [da7da7d630292e7a2a7dda8ca87b3d39]
https://eos-mainnet-7.ptokens.io [404] [GET] [application/json] [] [WebSocket++/0.7.0] [6361267b09ee5ffb4f1bc1dfe3e27c99]
https://eos-mainnet-8.ptokens.io:3000 [502] [GET] [text/html] [502 Bad Gateway] [nginx/1.14.0 (Ubuntu)] [Nginx:1.14.0,Ubuntu] [f8722bb4476990cf85aea599f63becc4]
https://extra.ptokens.io [404] [GET] [text/html] [404 Not Found] [nginx/1.18.0 (Ubuntu)] [Nginx:1.18.0,Ubuntu] [e46c4e5e1fbc64b1bae9ebd9bcef7fcf]
https://future2.ptokens.io [200] [GET] [text/html] [pTokens] [nginx/1.14.0 (Ubuntu)] [Google Font API,Nginx:1.14.0,Ubuntu] [4d928a40ef6e2154382d89f926fb8507]
https://ipfs.ptokens.io [404] [GET] [text/plain] [] [nginx/1.14.0 (Ubuntu)] [vhost] [Nginx:1.14.0,Ubuntu] [595e88012a6521aae3e12cbebe76eb9e]
https://libre-node-1.ptokens.io:3000 [404] [GET] [text/html] [Error] [nginx/1.14.0 (Ubuntu)] [Express,Nginx:1.14.0,Node.js,Ubuntu] [da7da7d630292e7a2a7dda8ca87b3d39]
https://libre-node-1.ptokens.io [404] [GET] [application/json] [] [WebSocket++/0.7.0] [bf94778ff38acb830929e30450ab7b04]
https://liquid-node-1.ptokens.io [502] [GET] [text/html] [502 Bad Gateway] [nginx/1.14.0 (Ubuntu)] [Nginx:1.14.0,Ubuntu] [487f86562d294d1ccce30dae78903a9f]
https://liquid-node-1.ptokens.io [502] [GET] [text/html] [502 Bad Gateway] [nginx/1.14.0 (Ubuntu)] [Nginx:1.14.0,Ubuntu] [f8722bb4476990cf85aea599f63becc4]
https://ltc-node-1.ptokens.io [404] [GET] [text/html] [Error] [nginx/1.14.0 (Ubuntu)] [Express,Nginx:1.14.0,Node.js,Ubuntu] [da7da7d630292e7a2a7dda8ca87b3d39]
https://ltc-node-2.ptokens.io [404] [GET] [text/html] [Error] [nginx/1.18.0 (Ubuntu)] [Express,Nginx:1.18.0,Node.js,Ubuntu] [da7da7d630292e7a2a7dda8ca87b3d39]
https://nuc-bridge-1.ptokens.io [502] [GET] [text/html] [502 Bad Gateway] [nginx/1.14.0 (Ubuntu)] [Nginx:1.14.0,Ubuntu] [f8722bb4476990cf85aea599f63becc4]
https://nuc-bridge.ptokens.io [502] [GET] [text/html] [502 Bad Gateway] [nginx/1.14.0 (Ubuntu)] [Nginx:1.14.0,Ubuntu] [487f86562d294d1ccce30dae78903a9f]
https://nuc-bridge.ptokens.io [502] [GET] [text/html] [502 Bad Gateway] [nginx/1.14.0 (Ubuntu)] [Nginx:1.14.0,Ubuntu] [f8722bb4476990cf85aea599f63becc4]
https://ore-node-1.ptokens.io [404] [GET] [text/html] [Error] [nginx/1.14.0 (Ubuntu)] [Express,Nginx:1.14.0,Node.js,Ubuntu] [da7da7d630292e7a2a7dda8ca87b3d39]
https://pbtc-on-eos-jungle-3.ptokens.io:3000 [502] [GET] [text/html] [502 Bad Gateway] [nginx/1.14.0 (Ubuntu)] [Nginx:1.14.0,Ubuntu] [f8722bb4476990cf85aea599f63becc4]
https://pbtc-on-eos-jungle-3.ptokens.io [404] [GET] [application/json] [] [WebSocket++/0.7.0] [d4dc6a5ce8e8c9f8f6aa579e6037920a]
https://pbtc-on-eth-kovan-node-1a.ptokens.io:2083 [521] [GET] [] [] [cloudflare] [vhost] [cloudflare] [Cloudflare,Cloudflare Network Error Logging] [d41d8cd98f00b204e9800998ecf8427e]
https://pbtc-on-eth-kovan-node-1a.ptokens.io:2087 [521] [GET] [] [] [cloudflare] [vhost] [cloudflare] [Cloudflare,Cloudflare Network Error Logging] [d41d8cd98f00b204e9800998ecf8427e]
https://pbtc-on-eth-kovan-node-1a.ptokens.io [521] [GET] [] [] [cloudflare] [vhost] [cloudflare] [Cloudflare,Cloudflare Network Error Logging] [d41d8cd98f00b204e9800998ecf8427e]
https://pbtc-on-eth--pegout-proxy.ptokens.io [404] [GET] [text/html] [Error] [nginx/1.14.0 (Ubuntu)] [Express,Nginx:1.14.0,Node.js,Ubuntu] [da7da7d630292e7a2a7dda8ca87b3d39]
https://ptokens.io:2083 [301] [GET] [] [] [cloudflare] [vhost] [cloudflare] [Cloudflare,Cloudflare Network Error Logging] [d41d8cd98f00b204e9800998ecf8427e]
https://ptokens.io:2087 [301] [GET] [] [] [cloudflare] [vhost] [cloudflare] [Cloudflare,Cloudflare Network Error Logging] [d41d8cd98f00b204e9800998ecf8427e]
https://ptokens.io [301] [GET] [] [] [cloudflare] [vhost] [cloudflare] [Cloudflare,Cloudflare Network Error Logging] [d41d8cd98f00b204e9800998ecf8427e]
https://ptokens.io:8443 [301] [GET] [] [] [cloudflare] [vhost] [cloudflare] [Cloudflare,Cloudflare Network Error Logging] [d41d8cd98f00b204e9800998ecf8427e]
https://status.ptokens.io [200] [GET] [text/html] [Ptokens Status Page] [nginx/1.17.8] [Google Font API,Laravel,Nginx:1.17.8,PHP:7.3.14] [5cc59c44a4b01accd2ce8bf4c7736481]
https://telos-mainnet-1-new.ptokens.io:3000 [502] [GET] [text/html] [502 Bad Gateway] [nginx/1.14.0 (Ubuntu)] [Nginx:1.14.0,Ubuntu] [487f86562d294d1ccce30dae78903a9f]
https://telos-mainnet-1.ptokens.io:3000 [404] [GET] [text/html] [Error] [nginx/1.14.0 (Ubuntu)] [Express,Nginx:1.14.0,Node.js,Ubuntu] [da7da7d630292e7a2a7dda8ca87b3d39]
https://telos-mainnet-1.ptokens.io [404] [GET] [application/json] [] [WebSocket++/0.7.0] [bf94778ff38acb830929e30450ab7b04]
https://test.ptokens.io [200] [GET] [text/html] [Homepage - pTokens] [Apache/2.4.29 (Ubuntu)] [vhost] [Apache:2.4.29,Elementor,Google Font API,MySQL,PHP,Ubuntu,WordPress:5.2.15,Yoast SEO:12.4] [41ae85e4f4c8ec086661792954f436da]
https://test.ptokens.io [200] [GET] [text/html] [Homepage - pTokens] [Apache/2.4.29 (Ubuntu)] [vhost] [Apache:2.4.29,Elementor,Google Font API,MySQL,PHP,Ubuntu,WordPress:5.2.15,Yoast SEO:12.4] [f7b8abfe86b05662adb1cb80626737cb]
https://webapi.ptokens.io [502] [GET] [text/html] [502 Bad Gateway] [nginx/1.14.0 (Ubuntu)] [vhost] [Nginx:1.14.0,Ubuntu] [487f86562d294d1ccce30dae78903a9f]
https://www.dapp.ptokens.io [301] [GET] [text/html] [301 Moved Permanently] [nginx/1.21.6] [vhost] [Nginx:1.21.6] [ff3438f1699724c1ce3d071d2ca210c2]
https://www.ptokens.io [200] [GET] [text/html] [pTokens | cross-chain DeFi composability] [cloudflare] [vhost] [cloudflare] [Cloudflare,Cloudflare Network Error Logging] [3dbbd4c18ede88d7e5f0b0ce82521438]
https://www.ptokens.io [200] [GET] [text/html] [pTokens | cross-chain DeFi composability] [cloudflare] [vhost] [cloudflare] [Cloudflare,Cloudflare Network Error Logging] [b75bad0cf086d6cfb5667f780f8bee88]
http://telos-mainnet-1-new.ptokens.io [301] [GET] [text/html] [301 Moved Permanently] [nginx/1.14.0 (Ubuntu)] [vhost] [Nginx:1.14.0,Ubuntu] [ec0f2d6d8da7997a10f72a2537729e59]
http://telos-mainnet-1-new.ptokens.io:4242 [426] [GET] [text/plain] [] [] [7580e1f4e34b963d5ce1bbb35001f953]
http://telos-mainnet-1-new.ptokens.io:8080 [400] [GET] [] [] [Boost.Beast/266] [3087d94ae3d9ca43c83b0e2454708564]
http://telos-mainnet-1-new.ptokens.io:8888 [404] [GET] [application/json] [] [WebSocket++/0.7.0] [bf94778ff38acb830929e30450ab7b04]
http://telos-mainnet-1.ptokens.io:8080 [400] [GET] [] [] [Boost.Beast/266] [3087d94ae3d9ca43c83b0e2454708564]
http://telos-mainnet-1.ptokens.io:8888 [404] [GET] [application/json] [] [WebSocket++/0.7.0] [bf94778ff38acb830929e30450ab7b04]
http://www.bridge.ptokens.io [404] [GET] [text/html] [404 Not Found] [nginx/1.14.0 (Ubuntu)] [Nginx:1.14.0,Ubuntu] [9e47d3a502a7b2bcec1f1375430ca0eb]
http://www.ptokens.io:2083 [400] [GET] [text/html] [400 The plain HTTP request was sent to HTTPS port] [cloudflare] [cloudflare] [Cloudflare] [20ad84d030031252141ca0b3fc0183f0]
http://www.ptokens.io:2087 [400] [GET] [text/html] [400 The plain HTTP request was sent to HTTPS port] [cloudflare] [cloudflare] [Cloudflare] [20ad84d030031252141ca0b3fc0183f0]
http://www.ptokens.io:8443 [400] [GET] [text/html] [400 The plain HTTP request was sent to HTTPS port] [cloudflare] [cloudflare] [Cloudflare] [cd58783500d7fa3c58f88eb0ba22f4f8]
http://www.test.ptokens.io:2083 [400] [GET] [text/html] [400 The plain HTTP request was sent to HTTPS port] [cloudflare] [cloudflare] [Cloudflare] [cd58783500d7fa3c58f88eb0ba22f4f8]
http://www.test.ptokens.io:2087 [400] [GET] [text/html] [400 The plain HTTP request was sent to HTTPS port] [cloudflare] [cloudflare] [Cloudflare] [cd58783500d7fa3c58f88eb0ba22f4f8]
http://www.test.ptokens.io [301] [GET] [text/html] [301 Moved Permanently] [cloudflare] [vhost] [cloudflare] [Cloudflare,Cloudflare Network Error Logging] [d9abd145b1e05cc8ae56b28c3daaba83]
http://www.test.ptokens.io:8443 [400] [GET] [text/html] [400 The plain HTTP request was sent to HTTPS port] [cloudflare] [cloudflare] [Cloudflare] [20ad84d030031252141ca0b3fc0183f0]
