http://docs.net.quora.com [302] [GET] [text/html] [302 Moved] [ghs] [vhost] [0d86061247f15eb9b9b8b3a6d2b31a42]
http://help.quora.com:2087 [400] [GET] [text/html] [400 The plain HTTP request was sent to HTTPS port] [cloudflare] [cloudflare] [Cloudflare] [cd58783500d7fa3c58f88eb0ba22f4f8]
http://help.quora.com:8443 [400] [GET] [text/html] [400 The plain HTTP request was sent to HTTPS port] [cloudflare] [cloudflare] [Cloudflare] [cd58783500d7fa3c58f88eb0ba22f4f8]
http://info.quora.com:2053 [400] [GET] [text/html] [400 The plain HTTP request was sent to HTTPS port] [cloudflare] [cloudflare] [Cloudflare] [20ad84d030031252141ca0b3fc0183f0]
http://info.quora.com:2083 [400] [GET] [text/html] [400 The plain HTTP request was sent to HTTPS port] [cloudflare] [cloudflare] [Cloudflare] [cd58783500d7fa3c58f88eb0ba22f4f8]
http://info.quora.com:2087 [400] [GET] [text/html] [400 The plain HTTP request was sent to HTTPS port] [cloudflare] [cloudflare] [Cloudflare] [cd58783500d7fa3c58f88eb0ba22f4f8]
http://info.quora.com:2096 [400] [GET] [text/html] [400 The plain HTTP request was sent to HTTPS port] [cloudflare] [cloudflare] [Cloudflare] [20ad84d030031252141ca0b3fc0183f0]
http://info.quora.com:8443 [400] [GET] [text/html] [400 The plain HTTP request was sent to HTTPS port] [cloudflare] [cloudflare] [Cloudflare] [cd58783500d7fa3c58f88eb0ba22f4f8]
http://mail.contractor.quora.com [301] [GET] [text/html] [301 Moved] [ghs] [vhost] [5857be0bd7ab67b00da5ccd9c11325b9]
http://mail.net.quora.com [301] [GET] [text/html] [301 Moved] [ghs] [vhost] [de7fd5a06d1c41694d633e09892f6e92]
https://aws-east-www.edge.quora.com [403] [GET] [text/html] [Error 403 (Forbidden)] [nginx] [Nginx] [2dead881f1f8e006a7e351ae1dfaa688]
https://go.ad.quora.com [302] [GET] [text/html] [] [nginx] [fastly] [Nginx] [d41d8cd98f00b204e9800998ecf8427e]
https://help.quora.com [301] [GET] [text/html] [] [cloudflare] [vhost] [cloudflare] [Cloudflare,Cloudflare Network Error Logging,Envoy] [fb8c1ade9c8cbdf60f273c7aa279aa8d]
https://help.quora.com:2083 [403] [GET] [text/html] [Access denied] [cloudflare] [vhost] [cloudflare] [Cloudflare,Cloudflare Network Error Logging] [910893553a329b2a8e8be9ce141a78e8]
https://info.quora.com [200] [GET] [text/html] [] [cloudflare] [vhost] [cloudflare] [Cloudflare,Cloudflare Bot Management] [8bc4374c7fe9ae7a1abb6518f3bf9af1]
https://localhost.quora.com [403] [GET] [text/html] [Error 403 (Forbidden)] [nginx] [fastly] [Nginx] [2dead881f1f8e006a7e351ae1dfaa688]
https://log.quora.com [301] [GET] [text/html] [301 Moved Permanently] [nginx] [vhost] [Nginx] [4f8e702cc244ec5d4de32740c0ecbd97]
https://main.quora.com [403] [GET] [text/html] [Error 403 (Forbidden)] [nginx] [fastly] [Nginx] [2dead881f1f8e006a7e351ae1dfaa688]
https://post.quora.com [403] [GET] [text/html] [Error 403 (Forbidden)] [nginx] [Nginx] [2dead881f1f8e006a7e351ae1dfaa688]
https://q.quora.com [403] [GET] [text/html] [Error 403 (Forbidden)] [nginx] [Nginx] [2dead881f1f8e006a7e351ae1dfaa688]
https://quora.com [308] [GET] [text/html] [308 Permanent Redirect] [nginx] [vhost] [Nginx] [f23c4815ecaef1588f16ac735c0e15d6]
https://tch.corp.quora.com [403] [GET] [text/html] [Error 403 (Forbidden)] [nginx] [fastly] [Nginx] [2dead881f1f8e006a7e351ae1dfaa688]
https://tch.quora.com [403] [GET] [text/html] [Error 403 (Forbidden)] [nginx] [fastly] [Nginx] [2dead881f1f8e006a7e351ae1dfaa688]
https://tch.www.quora.com [403] [GET] [text/html] [Error 403 (Forbidden)] [nginx] [vhost] [fastly] [Nginx] [2dead881f1f8e006a7e351ae1dfaa688]
https://upload.quora.com [403] [GET] [text/html] [Error 403 (Forbidden)] [nginx] [Nginx] [2dead881f1f8e006a7e351ae1dfaa688]
https://www.quora.com [403] [GET] [text/html] [Error 403 (Forbidden)] [nginx] [fastly] [Nginx] [2dead881f1f8e006a7e351ae1dfaa688]
