http://autodiscover.rbx.com [301] [GET] [] [] [Microsoft-IIS/10.0] [vhost] [IIS,Microsoft ASP.NET,Windows Server] [d41d8cd98f00b204e9800998ecf8427e]
https://argus.rbx.com [302] [GET] [] [] [] [vhost] [google] [d41d8cd98f00b204e9800998ecf8427e]
https://artifactory-edge01.rbx.com [302] [GET] [text/html] [302 Found] [nginx/1.20.0] [vhost] [Amazon ALB,Amazon Web Services,Nginx] [c02f49a6f7239447eb46e4018c9c4d4d]
https://aws-ap-east-1a-lms.rbx.com [200] [GET] [image/gif] [] [] [vhost] [Amazon ALB,Amazon Web Services] [ad4b0f606e0f8465bc4c4c170b37e1a3]
https://aws-ap-east-1b-lms.rbx.com [200] [GET] [image/gif] [] [] [vhost] [Amazon ALB,Amazon Web Services] [ad4b0f606e0f8465bc4c4c170b37e1a3]
https://aws-ap-east-1c-lms.rbx.com [200] [GET] [image/gif] [] [] [vhost] [Amazon ALB,Amazon Web Services] [ad4b0f606e0f8465bc4c4c170b37e1a3]
https://aws-ap-northeast-1c-lms.rbx.com [200] [GET] [image/gif] [] [] [vhost] [Amazon ALB,Amazon Web Services] [ad4b0f606e0f8465bc4c4c170b37e1a3]
https://aws-eu-central-1a-lms.rbx.com [200] [GET] [image/gif] [] [] [vhost] [Amazon ALB,Amazon Web Services] [ad4b0f606e0f8465bc4c4c170b37e1a3]
https://aws-eu-central-1b-lms.rbx.com [200] [GET] [image/gif] [] [] [vhost] [Amazon ALB,Amazon Web Services] [ad4b0f606e0f8465bc4c4c170b37e1a3]
https://aws-eu-west-2c-lms.rbx.com [200] [GET] [image/gif] [] [] [vhost] [Amazon ALB,Amazon Web Services] [ad4b0f606e0f8465bc4c4c170b37e1a3]
https://aws-us-east-1a-lms.rbx.com [200] [GET] [image/gif] [] [] [vhost] [Amazon ALB,Amazon Web Services] [ad4b0f606e0f8465bc4c4c170b37e1a3]
https://aws-us-east-1c-lms.rbx.com [200] [GET] [image/gif] [] [] [vhost] [Amazon ALB,Amazon Web Services] [ad4b0f606e0f8465bc4c4c170b37e1a3]
https://aws-us-east-2b-lms.rbx.com [200] [GET] [image/gif] [] [] [vhost] [Amazon ALB,Amazon Web Services] [ad4b0f606e0f8465bc4c4c170b37e1a3]
https://bpo-vpn.rbx.com [200] [GET] [text/html] [] [] [f91a416be352a03c76b6ce8f948eda4d]
https://confluence-dev.rbx.com [302] [GET] [text/html] [302 Found] [awselb/2.0] [vhost] [f366e0e18b589cb6f243bf43ce75e83c]
https://confluence.rbx.com [302] [GET] [text/html] [302 Found] [awselb/2.0] [vhost] [f366e0e18b589cb6f243bf43ce75e83c]
https://confluence-stage.rbx.com [302] [GET] [text/html] [302 Found] [awselb/2.0] [vhost] [f366e0e18b589cb6f243bf43ce75e83c]
https://corp-assets.rbx.com [403] [GET] [application/xml] [] [AmazonS3] [vhost] [cloudfront] [Amazon Cloudfront,Amazon S3,Amazon Web Services] [4f101e129f0f0b1dac9f3eabcb411368]
https://corp-assets.rbx.com [403] [GET] [application/xml] [] [AmazonS3] [vhost] [cloudfront] [Amazon Cloudfront,Amazon S3,Amazon Web Services] [8777312b3ec26bab3de4293e508cb82c]
https://discourse.rbx.com [302] [GET] [text/html] [] [nginx] [vhost] [Nginx] [3e66609ff6f79e857fffc3753b88cb2a]
https://events.rbx.com [200] [GET] [text/html] [Events Home | Roblox] [nginx] [vhost] [google] [Google Cloud,Google Cloud CDN,Nginx] [e93ac67deb04b5544de3f82cd0cc66da]
https://forensics.rbx.com [404] [GET] [text/plain] [] [] [google] [Google Cloud,Google Cloud CDN] [1cd7bc4b228010dbdf01f2df97123407]
https://fossa.rbx.com [302] [GET] [text/html] [302 Found] [awselb/2.0] [vhost] [f366e0e18b589cb6f243bf43ce75e83c]
https://github-flow.rbx.com [503] [GET] [text/plain] [] [awselb/2.0] [d41d8cd98f00b204e9800998ecf8427e]
https://hkg-gw.bpo-vpn.rbx.com [502] [GET] [text/html] [502 Bad Gateway] [] [1bbe96c37fd18f08054036c3684cdac3]
https://iad-gw.bpo-vpn.rbx.com [502] [GET] [text/html] [502 Bad Gateway] [] [1bbe96c37fd18f08054036c3684cdac3]
https://jira.rbx.com [302] [GET] [text/html] [302 Found] [awselb/2.0] [vhost] [f366e0e18b589cb6f243bf43ce75e83c]
https://jira-ros.rbx.com [302] [GET] [text/html] [302 Found] [awselb/2.0] [vhost] [f366e0e18b589cb6f243bf43ce75e83c]
https://jira-stage.rbx.com [302] [GET] [text/html] [302 Found] [awselb/2.0] [vhost] [f366e0e18b589cb6f243bf43ce75e83c]
https://ord-full-gw.vpn.rbx.com [502] [GET] [text/html] [502 Bad Gateway] [] [967fea9bf419f24f2bf014bcc02ae480]
https://rbx.com [200] [GET] [text/html] [This page left intentionally blank] [AmazonS3] [vhost] [cloudfront] [Amazon Cloudfront,Amazon S3,Amazon Web Services] [fd53bbf0336757f402d6f2afc08cc5f8]
https://ros.rbx.com [200] [GET] [text/html] [] [AmazonS3] [vhost] [cloudfront] [Amazon Cloudfront,Amazon S3,Amazon Web Services] [8630371db6019ec929ff9570be28bceb]
https://scim.rbx.com [200] [GET] [text/html] [1Password SCIM Bridge Login] [] [google] [1458e5f1376d8b5333adce09ed932ca3]
https://sea-full-gw.vpn.rbx.com [502] [GET] [text/html] [502 Bad Gateway] [] [1bbe96c37fd18f08054036c3684cdac3]
https://sea-gw.vpn.rbx.com [502] [GET] [text/html] [502 Bad Gateway] [] [967fea9bf419f24f2bf014bcc02ae480]
https://sjc-full-gw.vpn.rbx.com [502] [GET] [text/html] [502 Bad Gateway] [] [1bbe96c37fd18f08054036c3684cdac3]
https://sjc-gw.vpn.rbx.com [502] [GET] [text/html] [502 Bad Gateway] [] [967fea9bf419f24f2bf014bcc02ae480]
https://status-stage.rbx.com [302] [GET] [text/html] [302 Found] [awselb/2.0] [vhost] [f366e0e18b589cb6f243bf43ce75e83c]
https://tfe.rbx.com [302] [GET] [text/html] [302 Found] [awselb/2.0] [vhost] [f366e0e18b589cb6f243bf43ce75e83c]
https://vpn.rbx.com [200] [GET] [text/html] [] [] [f91a416be352a03c76b6ce8f948eda4d]
