http://app.test.ref.finance [403] [GET] [text/html] [ERROR: The request could not be satisfied] [CloudFront] [cloudfront] [Amazon Cloudfront,Amazon Web Services] [ee4c143836963fbdd811034020515d7a]
http://guide.ref.finance:2082 [403] [GET] [text/html] [Attention Required! | Cloudflare] [cloudflare] [vhost] [cloudflare] [Cloudflare] [0e2bb2519e0d85723062d86b6de9fb91]
http://guide.ref.finance:2086 [302] [GET] [] [] [cloudflare] [vhost] [cloudflare] [Cloudflare] [d41d8cd98f00b204e9800998ecf8427e]
http://guide.ref.finance:8080 [302] [GET] [] [] [cloudflare] [vhost] [cloudflare] [Cloudflare] [d41d8cd98f00b204e9800998ecf8427e]
http://guide.ref.finance:8880 [302] [GET] [] [] [cloudflare] [vhost] [cloudflare] [Cloudflare] [d41d8cd98f00b204e9800998ecf8427e]
http://indexer.test.ref.finance [403] [GET] [text/html] [ERROR: The request could not be satisfied] [CloudFront] [cloudfront] [Amazon Cloudfront,Amazon Web Services] [228278ff422cd649464ec9e45f9dc558]
https://api.stats.ref.finance [404] [GET] [text/html] [404 Not Found] [nginx/1.21.6] [vhost] [Nginx:1.21.6] [841102042dfedb8a9dcc0e6a9966307f]
https://api.stats.ref.finance [404] [GET] [text/html] [404 Not Found] [nginx/1.21.6] [vhost] [Nginx:1.21.6] [9b9278a3fc0e0dcb812e81d6072a9f99]
https://app.ref.finance [200] [GET] [text/html] [Ref Finance] [openresty] [vhost] [cloudfront] [Amazon Cloudfront,Amazon Web Services,Google Font API,Nginx,OpenResty] [8ee55869e2cf437d17bfa4e0100a70ea]
https://assets.ref.finance [403] [GET] [application/xml] [] [AmazonS3] [vhost] [cloudfront] [Amazon Cloudfront,Amazon S3,Amazon Web Services] [be9bce3064607a11b05bcef2fca19187]
https://dev.stats.ref.finance [200] [GET] [text/html] [Ref Finance Stats] [AmazonS3] [vhost] [cloudfront] [Amazon Cloudfront,Amazon S3,Amazon Web Services,Google Font API] [29d308d8655c65db5135d53a7cb27615]
https://gov.ref.finance [200] [GET] [text/html] [Ref Finance] [nginx] [vhost] [Discourse,Nginx,Ruby on Rails] [745abc5dbec292cf904c7fe430bc9e79]
https://gov.ref.finance [200] [GET] [text/html] [Ref Finance] [nginx] [vhost] [Discourse,Nginx,Ruby on Rails] [85c8a80e3375abe4281f57cdfc69e00a]
https://guide.ref.finance [200] [GET] [text/html] [Introduction - Ref Finance] [cloudflare] [vhost] [cloudflare] [Algolia,Cloudflare,Google Cloud,Google Cloud Trace,React] [937ea9b1c651776087365753ffaad42e]
https://guide.ref.finance [200] [GET] [text/html] [Introduction - Ref Finance] [cloudflare] [vhost] [cloudflare] [Algolia,Cloudflare,Google Cloud,Google Cloud Trace,React] [bbab5cce785ae84726837dbdb1a7d1b8]
https://guide.ref.finance:2083 [200] [GET] [text/html] [Introduction - Ref Finance] [cloudflare] [vhost] [cloudflare] [Algolia,Cloudflare,Google Cloud,Google Cloud Trace,React] [3912fae1e0fccd74db392a13518f4144]
https://guide.ref.finance:2087 [200] [GET] [text/html] [Introduction - Ref Finance] [cloudflare] [vhost] [cloudflare] [Algolia,Cloudflare,Google Cloud,Google Cloud Trace,React] [df04209732e2b67e5adb4e7d0454bddf]
https://guide.ref.finance:8443 [200] [GET] [text/html] [Introduction - Ref Finance] [cloudflare] [vhost] [cloudflare] [Algolia,Cloudflare,Google Cloud,Google Cloud Trace,React] [dd1e86233ef755b5032e0be0b79641af]
https://indexer.ref.finance [200] [GET] [text/html] [] [openresty] [vhost] [cloudfront] [Amazon Cloudfront,Amazon Web Services,Nginx,OpenResty] [bf356e1c0a272235a6bff37528c0c0e2]
https://ref.finance [302] [GET] [text/html] [302 Moved] [ghs] [vhost] [20115a17934954bde50671cb59de3b6b]
https://stats.ref.finance [200] [GET] [text/html] [Ref Finance Stats] [AmazonS3] [vhost] [cloudfront] [Amazon Cloudfront,Amazon S3,Amazon Web Services,Google Font API] [4b0b9db9cb5f97872fa504f35a0a4b09]
https://testnet.ref.finance [200] [GET] [text/html] [Ref Finance] [Netlify] [vhost] [Google Font API,Netlify] [de8f2ced209d9a8fcae20db4ce13e327]
https://www.ref.finance [200] [GET] [text/html] [Ref.finance] [openresty] [vhost] [cloudfront] [Amazon Cloudfront,Amazon Web Services,Nginx,OpenResty] [8c4c8f338aafecbd60bc91cb4cc8f1c3]
http://www.test.ref.finance [403] [GET] [text/html] [ERROR: The request could not be satisfied] [CloudFront] [cloudfront] [Amazon Cloudfront,Amazon Web Services] [4c8b0afbd8d875ede21d420c5de8a431]
