http://lu.registry.eu [301] [GET] [] [] [cloudflare] [cloudflare] [Cloudflare] [d41d8cd98f00b204e9800998ecf8427e]
http://members.registry.eu [301] [GET] [] [] [cloudflare] [cloudflare] [Cloudflare] [d41d8cd98f00b204e9800998ecf8427e]
https://beta.registry.eu [302] [GET] [text/html] [] [cloudflare] [vhost] [cloudflare] [Cloudflare] [d41d8cd98f00b204e9800998ecf8427e]
http://secure.lu.registry.eu [403] [GET] [text/plain] [] [cloudflare] [cloudflare] [Cloudflare] [4f20b85ce5ebf225720e040314a7966a]
https://regex.registry.eu:2053 [429] [GET] [text/plain] [] [cloudflare] [vhost] [cloudflare] [Cloudflare] [1001b29d0cc03c0a5d1cd2567ed8ed94]
https://regex.registry.eu:2083 [429] [GET] [text/plain] [] [cloudflare] [vhost] [cloudflare] [Cloudflare] [1001b29d0cc03c0a5d1cd2567ed8ed94]
https://regex.registry.eu:2087 [429] [GET] [text/plain] [] [cloudflare] [vhost] [cloudflare] [Cloudflare] [1001b29d0cc03c0a5d1cd2567ed8ed94]
https://regex.registry.eu [429] [GET] [text/plain] [] [cloudflare] [vhost] [cloudflare] [Cloudflare] [1001b29d0cc03c0a5d1cd2567ed8ed94]
https://regex.registry.eu:8443 [429] [GET] [text/plain] [] [cloudflare] [vhost] [cloudflare] [Cloudflare] [1001b29d0cc03c0a5d1cd2567ed8ed94]
https://secure.registry.eu:2083 [429] [GET] [text/plain] [] [cloudflare] [vhost] [cloudflare] [Cloudflare] [1001b29d0cc03c0a5d1cd2567ed8ed94]
https://secure.registry.eu:2087 [429] [GET] [text/plain] [] [cloudflare] [vhost] [cloudflare] [Cloudflare] [1001b29d0cc03c0a5d1cd2567ed8ed94]
https://secure.registry.eu [429] [GET] [text/plain] [] [cloudflare] [vhost] [cloudflare] [Cloudflare] [1001b29d0cc03c0a5d1cd2567ed8ed94]
https://tryout.registry.eu [302] [GET] [text/html] [] [cloudflare] [vhost] [cloudflare] [Cloudflare] [d41d8cd98f00b204e9800998ecf8427e]
https://www.registry.eu:2053 [429] [GET] [text/plain] [] [cloudflare] [vhost] [cloudflare] [Cloudflare] [1001b29d0cc03c0a5d1cd2567ed8ed94]
https://www.registry.eu:2083 [429] [GET] [text/plain] [] [cloudflare] [vhost] [cloudflare] [Cloudflare] [1001b29d0cc03c0a5d1cd2567ed8ed94]
https://www.registry.eu:2087 [429] [GET] [text/plain] [] [cloudflare] [vhost] [cloudflare] [Cloudflare] [1001b29d0cc03c0a5d1cd2567ed8ed94]
https://www.registry.eu [429] [GET] [text/plain] [] [cloudflare] [vhost] [cloudflare] [Cloudflare] [1001b29d0cc03c0a5d1cd2567ed8ed94]
https://www.registry.eu:8443 [429] [GET] [text/plain] [] [cloudflare] [vhost] [cloudflare] [Cloudflare] [1001b29d0cc03c0a5d1cd2567ed8ed94]
http://www.lu.registry.eu [301] [GET] [] [] [cloudflare] [cloudflare] [Cloudflare] [d41d8cd98f00b204e9800998ecf8427e]
http://www.registry.eu:8080 [429] [GET] [text/plain] [] [cloudflare] [cloudflare] [Cloudflare] [1001b29d0cc03c0a5d1cd2567ed8ed94]
http://www.registry.eu:8880 [429] [GET] [text/plain] [] [cloudflare] [cloudflare] [Cloudflare] [1001b29d0cc03c0a5d1cd2567ed8ed94]
