http://autodiscover.rockstargames.com [301] [GET] [] [] [Microsoft-IIS/10.0] [vhost] [IIS,Microsoft ASP.NET,Windows Server] [d41d8cd98f00b204e9800998ecf8427e]
http://cert.store.rockstargames.com:8080 [403] [GET] [text/plain] [] [cloudflare] [cloudflare] [7b5ea53ba332630e5aca8e4abb807f70]
http://crews-gta5-prod.ros.rockstargames.com [403] [GET] [text/html] [403 - Forbidden: Access is denied.] [Microsoft-IIS/10.0] [vhost] [IIS,Windows Server] [11ca4578cb026a23713aea6781b8ece3]
http://cs-gta5-prod.ros.rockstargames.com [403] [GET] [text/html] [403 - Forbidden: Access is denied.] [Microsoft-IIS/10.0] [vhost] [IIS,Windows Server] [11ca4578cb026a23713aea6781b8ece3]
http://dev.store.rockstargames.com:8080 [403] [GET] [text/plain] [] [cloudflare] [cloudflare] [7b5ea53ba332630e5aca8e4abb807f70]
http://inbox-gta5-prod.ros.rockstargames.com [403] [GET] [text/html] [403 - Forbidden: Access is denied.] [Microsoft-IIS/10.0] [vhost] [IIS,Windows Server] [11ca4578cb026a23713aea6781b8ece3]
http://mm-gta5-prod.ros.rockstargames.com [403] [GET] [text/html] [403 - Forbidden: Access is denied.] [Microsoft-IIS/10.0] [vhost] [IIS,Windows Server] [11ca4578cb026a23713aea6781b8ece3]
http://prs-gta5-prod.ros.rockstargames.com [403] [GET] [text/html] [403 - Forbidden: Access is denied.] [Microsoft-IIS/10.0] [vhost] [IIS,Windows Server] [11ca4578cb026a23713aea6781b8ece3]
http://ps-gta5-prod.ros.rockstargames.com [403] [GET] [text/html] [403 - Forbidden: Access is denied.] [Microsoft-IIS/10.0] [vhost] [IIS,Windows Server] [11ca4578cb026a23713aea6781b8ece3]
http://stage-dev.store.rockstargames.com:8080 [403] [GET] [text/plain] [] [cloudflare] [cloudflare] [7b5ea53ba332630e5aca8e4abb807f70]
http://stage-prod.store.rockstargames.com:8880 [403] [GET] [text/plain] [] [cloudflare] [cloudflare] [7b5ea53ba332630e5aca8e4abb807f70]
http://store-develop.rockstargames.com:8080 [403] [GET] [text/plain] [] [cloudflare] [cloudflare] [7b5ea53ba332630e5aca8e4abb807f70]
http://store-integration.rockstargames.com:8080 [403] [GET] [text/plain] [] [cloudflare] [cloudflare] [7b5ea53ba332630e5aca8e4abb807f70]
http://store-preview.rockstargames.com:8080 [403] [GET] [text/plain] [] [cloudflare] [cloudflare] [7b5ea53ba332630e5aca8e4abb807f70]
http://store-staging.rockstargames.com:8080 [403] [GET] [text/plain] [] [cloudflare] [cloudflare] [7b5ea53ba332630e5aca8e4abb807f70]
http://store.rockstargames.com:2082 [301] [GET] [] [] [cloudflare] [vhost] [cloudflare] [d41d8cd98f00b204e9800998ecf8427e]
http://store.rockstargames.com:2086 [301] [GET] [] [] [cloudflare] [vhost] [cloudflare] [d41d8cd98f00b204e9800998ecf8427e]
http://store.rockstargames.com:8080 [301] [GET] [] [] [cloudflare] [vhost] [cloudflare] [d41d8cd98f00b204e9800998ecf8427e]
http://store.rockstargames.com:8880 [301] [GET] [] [] [cloudflare] [vhost] [cloudflare] [d41d8cd98f00b204e9800998ecf8427e]
http://ugc-gta5-prod.ros.rockstargames.com [403] [GET] [text/html] [403 - Forbidden: Access is denied.] [Microsoft-IIS/10.0] [vhost] [IIS,Windows Server] [11ca4578cb026a23713aea6781b8ece3]
https://activate.rockstargames.com [301] [GET] [text/html] [] [] [vhost] [d41d8cd98f00b204e9800998ecf8427e]
https://akapatch.rockstargames.com [403] [GET] [text/html] [Access Denied] [AkamaiGHost] [vhost] [0dd7d53afc940259455b09ac7f1857a4]
https://akapatch.rockstargames.com [403] [GET] [text/html] [Access Denied] [AkamaiGHost] [vhost] [f63afc0d140a0394d9a77bc10805b69c]
https://amspdc4-web2-rdr2-prod.ros.rockstargames.com [401] [GET] [] [] [] [d41d8cd98f00b204e9800998ecf8427e]
https://app-rgl-prod.ros.rockstargames.com [403] [GET] [text/html] [403 - Forbidden: Access is denied.] [Microsoft-IIS/10.0] [IIS,Windows Server] [11ca4578cb026a23713aea6781b8ece3]
https://auth-gta5-prod.ros.rockstargames.com [403] [GET] [text/html] [403 - Forbidden: Access is denied.] [Microsoft-IIS/10.0] [IIS,Windows Server] [11ca4578cb026a23713aea6781b8ece3]
https://auth-prod.ros.rockstargames.com [403] [GET] [text/html] [403 - Forbidden: Access is denied.] [Microsoft-IIS/10.0] [IIS,Windows Server] [11ca4578cb026a23713aea6781b8ece3]
https://auth-rdr2-prod.ros.rockstargames.com [403] [GET] [text/html] [403 - Forbidden: Access is denied.] [Microsoft-IIS/10.0] [IIS,Windows Server] [11ca4578cb026a23713aea6781b8ece3]
https://auth-rgl-prod.ros.rockstargames.com [403] [GET] [text/html] [403 - Forbidden: Access is denied.] [Microsoft-IIS/10.0] [IIS,Windows Server] [11ca4578cb026a23713aea6781b8ece3]
https://bomgar.rockstargames.com [200] [GET] [text/html] [Remote Support Portal | Powered by BOMGAR] [Bomgar] [vhost] [10a21ffcec79a87da0bfbf9128f2ef34]
https://bomgar.rockstargames.com [200] [GET] [text/html] [Remote Support Portal | Powered by BOMGAR] [Bomgar] [vhost] [be67b05a25e44829305476d8a6b72c38]
https://cert-catalog-cloud.rockstargames.com [403] [GET] [text/html] [Access Denied] [AkamaiGHost] [vhost] [ae9d95fff3a52b0f408579cc43f50006]
https://cert-gamedownloads.rockstargames.com [403] [GET] [text/html] [Access Denied] [AkamaiGHost] [vhost] [ea00077ebf3db289777c4a9d5c42ad7d]
https://cert-locator-cloud.rockstargames.com [403] [GET] [text/html] [Access Denied] [AkamaiGHost] [vhost] [fc51bbfe92f13219be78d0c92119dd74]
https://cert.hosted.cloud.rockstargames.com [403] [GET] [text/html] [Access Denied] [AkamaiGHost] [vhost] [66f15b5e756ae78b1cf5888c27b539c0]
https://cert.store.rockstargames.com [403] [GET] [text/plain] [] [cloudflare] [vhost] [cloudflare] [7b5ea53ba332630e5aca8e4abb807f70]
https://cert.store.rockstargames.com:8443 [403] [GET] [text/plain] [] [cloudflare] [vhost] [cloudflare] [7b5ea53ba332630e5aca8e4abb807f70]
https://challenges-rdr2-prod.ros.rockstargames.com [403] [GET] [text/html] [403 - Forbidden: Access is denied.] [Microsoft-IIS/10.0] [IIS,Windows Server] [11ca4578cb026a23713aea6781b8ece3]
https://click.newsletter.rockstargames.com [403] [GET] [text/html] [403 - Forbidden: Access is denied.] [] [11ca4578cb026a23713aea6781b8ece3]
https://cloud.newsletter.rockstargames.com [403] [GET] [text/html] [403 - Forbidden: Access is denied.] [] [11ca4578cb026a23713aea6781b8ece3]
https://conductor-prod.ros.rockstargames.com [403] [GET] [text/html] [403 - Forbidden: Access is denied.] [Microsoft-IIS/10.0] [IIS,Windows Server] [11ca4578cb026a23713aea6781b8ece3]
https://conductor-rdr2-prod.ros.rockstargames.com [403] [GET] [text/html] [403 - Forbidden: Access is denied.] [Microsoft-IIS/10.0] [IIS,Windows Server] [11ca4578cb026a23713aea6781b8ece3]
https://crews-rdr2-prod.ros.rockstargames.com [403] [GET] [text/html] [403 - Forbidden: Access is denied.] [Microsoft-IIS/10.0] [IIS,Windows Server] [11ca4578cb026a23713aea6781b8ece3]
https://cs-gta4-prod.ros.rockstargames.com [403] [GET] [text/html] [403 - Forbidden: Access is denied.] [Microsoft-IIS/10.0] [IIS,Windows Server] [11ca4578cb026a23713aea6781b8ece3]
https://cs-rgl-prod.ros.rockstargames.com [403] [GET] [text/html] [403 - Forbidden: Access is denied.] [Microsoft-IIS/10.0] [IIS,Windows Server] [11ca4578cb026a23713aea6781b8ece3]
https://de.socialclub.rockstargames.com [301] [GET] [] [] [BigIP] [F5 BigIP] [d41d8cd98f00b204e9800998ecf8427e]
https://dev-catalog-cloud.rockstargames.com [403] [GET] [text/html] [Access Denied] [AkamaiGHost] [vhost] [dc76abcdc88d1b946942580a266a8013]
https://dev-gamedownloads.rockstargames.com [403] [GET] [text/html] [Access Denied] [AkamaiGHost] [vhost] [d36a3fb98e0007c2253e16be140f5f4a]
https://dev-locator-cloud.rockstargames.com [403] [GET] [text/html] [Access Denied] [AkamaiGHost] [vhost] [e6c63349c2f69ef89f1ea4c6895ecb78]
https://dev.store.rockstargames.com [403] [GET] [text/plain] [] [cloudflare] [vhost] [cloudflare] [7b5ea53ba332630e5aca8e4abb807f70]
https://dev.store.rockstargames.com:8443 [403] [GET] [text/plain] [] [cloudflare] [vhost] [cloudflare] [7b5ea53ba332630e5aca8e4abb807f70]
https://dev.stream.rockstargames.com [403] [GET] [text/html] [Access Denied] [AkamaiGHost] [vhost] [17945ac223632e975875d0fbc625d1ff]
https://dev.stream.rockstargames.com [403] [GET] [text/html] [Access Denied] [AkamaiGHost] [vhost] [939e689c2450bbc86371403f7a90204c]
https://downloads.rockstargames.com [400] [GET] [text/plain] [] [EdgePrism/4.9.7.0] [vhost] [d41d8cd98f00b204e9800998ecf8427e]
https://downloads1.rockstargames.com [400] [GET] [text/plain] [] [EdgePrism/4.9.7.0] [vhost] [d41d8cd98f00b204e9800998ecf8427e]
https://es-mx.socialclub.rockstargames.com [301] [GET] [] [] [BigIP] [F5 BigIP] [d41d8cd98f00b204e9800998ecf8427e]
https://es.socialclub.rockstargames.com [301] [GET] [] [] [BigIP] [F5 BigIP] [d41d8cd98f00b204e9800998ecf8427e]
https://facebook.rockstargames.com [301] [GET] [text/html] [] [] [vhost] [d41d8cd98f00b204e9800998ecf8427e]
https://feed-rdr2-prod.ros.rockstargames.com [403] [GET] [text/html] [403 - Forbidden: Access is denied.] [Microsoft-IIS/10.0] [IIS,Windows Server] [11ca4578cb026a23713aea6781b8ece3]
https://feed-rgl-prod.ros.rockstargames.com [403] [GET] [text/html] [403 - Forbidden: Access is denied.] [Microsoft-IIS/10.0] [IIS,Windows Server] [11ca4578cb026a23713aea6781b8ece3]
https://fr.socialclub.rockstargames.com [301] [GET] [] [] [BigIP] [F5 BigIP] [d41d8cd98f00b204e9800998ecf8427e]
https://gamedownloads.rockstargames.com [404] [GET] [] [] [AkamaiNetStorage] [vhost] [ddf0e2c382137c5bee8ee282368616f4]
https://graph.rockstargames.com [200] [GET] [application/json] [] [] [vhost] [555c5c9154dd70cdd9d7001a14a044be]
https://gta4-prod.ros.rockstargames.com [403] [GET] [text/html] [403 - Forbidden: Access is denied.] [Microsoft-IIS/10.0] [IIS,Windows Server] [11ca4578cb026a23713aea6781b8ece3]
https://gta5-prod.ros.rockstargames.com [403] [GET] [text/html] [403 - Forbidden: Access is denied.] [Microsoft-IIS/10.0] [IIS,Windows Server] [11ca4578cb026a23713aea6781b8ece3]
https://image.newsletter.rockstargames.com [403] [GET] [text/html] [Access Denied] [AkamaiGHost] [vhost] [7b1a2628c0237a117c68b0a59083faa6]
https://image.newsletter.rockstargames.com [403] [GET] [text/html] [Access Denied] [AkamaiGHost] [vhost] [fc5f19f673bc7efecff801ed165ad411]
https://inbox-rdr2-prod.ros.rockstargames.com [403] [GET] [text/html] [403 - Forbidden: Access is denied.] [Microsoft-IIS/10.0] [IIS,Windows Server] [11ca4578cb026a23713aea6781b8ece3]
https://it.socialclub.rockstargames.com [301] [GET] [] [] [BigIP] [F5 BigIP] [d41d8cd98f00b204e9800998ecf8427e]
https://ja.socialclub.rockstargames.com [301] [GET] [] [] [BigIP] [F5 BigIP] [d41d8cd98f00b204e9800998ecf8427e]
https://jobs.rockstargames.com [301] [GET] [text/html] [] [] [vhost] [d41d8cd98f00b204e9800998ecf8427e]
https://jobsadmin.rockstargames.com [301] [GET] [text/html] [] [] [d41d8cd98f00b204e9800998ecf8427e]
https://jobsadmin.rockstargames.com [301] [GET] [text/html] [] [] [vhost] [d41d8cd98f00b204e9800998ecf8427e]
https://jobsadmin2.rockstargames.com [301] [GET] [text/html] [] [] [d41d8cd98f00b204e9800998ecf8427e]
https://jobsadmin2.rockstargames.com [301] [GET] [text/html] [] [] [vhost] [d41d8cd98f00b204e9800998ecf8427e]
https://jobstar.rockstargames.com [301] [GET] [text/html] [] [] [vhost] [d41d8cd98f00b204e9800998ecf8427e]
https://keys.rockstargames.com [403] [GET] [text/plain] [] [cloudflare] [vhost] [cloudflare] [7b5ea53ba332630e5aca8e4abb807f70]
https://ko.socialclub.rockstargames.com [301] [GET] [] [] [BigIP] [F5 BigIP] [d41d8cd98f00b204e9800998ecf8427e]
https://load-catalog-cloud.rockstargames.com [403] [GET] [text/html] [Access Denied] [AkamaiGHost] [vhost] [35ac0ebd17fc6f99643a63484c626d3c]
https://load.hosted.cloud.rockstargames.com [400] [GET] [text/plain] [] [EdgePrism/4.9.8.1] [vhost] [d41d8cd98f00b204e9800998ecf8427e]
https://m.rockstargames.com [301] [GET] [text/html] [] [] [vhost] [d41d8cd98f00b204e9800998ecf8427e]
https://media.rockstargames.com [404] [GET] [] [] [AkamaiNetStorage] [vhost] [ddf0e2c382137c5bee8ee282368616f4]
https://messdistr1-rdr2-prod.ros.rockstargames.com [401] [GET] [] [] [] [d41d8cd98f00b204e9800998ecf8427e]
https://messdistr2-rdr2-prod.ros.rockstargames.com [401] [GET] [] [] [] [d41d8cd98f00b204e9800998ecf8427e]
https://minigame1-rdr2-prod.ros.rockstargames.com [401] [GET] [] [] [] [d41d8cd98f00b204e9800998ecf8427e]
https://minigame2-rdr2-prod.ros.rockstargames.com [401] [GET] [] [] [] [d41d8cd98f00b204e9800998ecf8427e]
https://minigame3-rdr2-prod.ros.rockstargames.com [401] [GET] [] [] [] [d41d8cd98f00b204e9800998ecf8427e]
https://minigame4-rdr2-prod.ros.rockstargames.com [401] [GET] [] [] [] [d41d8cd98f00b204e9800998ecf8427e]
https://oaktree.rockstargames.com [301] [GET] [text/html] [] [] [vhost] [d41d8cd98f00b204e9800998ecf8427e]
https://online.rockstargames.com [301] [GET] [text/html] [] [] [vhost] [d41d8cd98f00b204e9800998ecf8427e]
https://origin_videos.rockstargames.com [403] [GET] [text/html] [Access Denied] [AkamaiGHost] [vhost] [6f833017a886172a9f75d35b64735da4]
https://origin_videos.rockstargames.com [403] [GET] [text/html] [Access Denied] [AkamaiGHost] [vhost] [ef5597aef5132b6624d8eb3df4272fc4]
https://pages.newsletter.rockstargames.com [403] [GET] [text/html] [403 - Forbidden: Access is denied.] [] [11ca4578cb026a23713aea6781b8ece3]
https://patches.rockstargames.com [404] [GET] [] [] [AkamaiNetStorage] [vhost] [7605968e79d0ca095ab1231486d2b814]
https://pl.socialclub.rockstargames.com [301] [GET] [] [] [BigIP] [F5 BigIP] [d41d8cd98f00b204e9800998ecf8427e]
https://posse-rdr2-prod.ros.rockstargames.com [403] [GET] [text/html] [403 - Forbidden: Access is denied.] [Microsoft-IIS/10.0] [IIS,Windows Server] [11ca4578cb026a23713aea6781b8ece3]
https://prod-catalog-cloud.rockstargames.com [404] [GET] [] [] [AkamaiNetStorage] [vhost] [7605968e79d0ca095ab1231486d2b814]
https://prod-locator-cloud.rockstargames.com [404] [GET] [] [] [AkamaiNetStorage] [vhost] [7605968e79d0ca095ab1231486d2b814]
https://prod.cloud.rockstargames.com [403] [GET] [text/html] [403 - Forbidden: Access is denied.] [Microsoft-IIS/8.5] [vhost] [IIS,Microsoft ASP.NET,Windows Server] [11ca4578cb026a23713aea6781b8ece3]
https://prod.hosted.cloud.rockstargames.com [404] [GET] [] [] [AkamaiNetStorage] [vhost] [7605968e79d0ca095ab1231486d2b814]
https://prod.p01ams.pod.rockstargames.com [403] [GET] [text/html] [403 - Forbidden: Access is denied.] [Microsoft-IIS/8.5] [IIS,Microsoft ASP.NET,Windows Server] [11ca4578cb026a23713aea6781b8ece3]
https://prod.p01ewr.pod.rockstargames.com [403] [GET] [text/html] [403 - Forbidden: Access is denied.] [Microsoft-IIS/8.5] [IIS,Microsoft ASP.NET,Windows Server] [11ca4578cb026a23713aea6781b8ece3]
https://prod.p01sjc.pod.rockstargames.com [403] [GET] [text/html] [403 - Forbidden: Access is denied.] [Microsoft-IIS/8.5] [IIS,Microsoft ASP.NET,Windows Server] [11ca4578cb026a23713aea6781b8ece3]
https://prod.p02ams.pod.rockstargames.com [403] [GET] [text/html] [403 - Forbidden: Access is denied.] [Microsoft-IIS/8.5] [IIS,Microsoft ASP.NET,Windows Server] [11ca4578cb026a23713aea6781b8ece3]
https://prod.p02ewr.pod.rockstargames.com [403] [GET] [text/html] [403 - Forbidden: Access is denied.] [Microsoft-IIS/8.5] [IIS,Microsoft ASP.NET,Windows Server] [11ca4578cb026a23713aea6781b8ece3]
https://prod.p02sjc.pod.rockstargames.com [403] [GET] [text/html] [403 - Forbidden: Access is denied.] [Microsoft-IIS/8.5] [IIS,Microsoft ASP.NET,Windows Server] [11ca4578cb026a23713aea6781b8ece3]
https://prod.telemetry.ros.rockstargames.com [403] [GET] [text/html] [403 - Forbidden: Access is denied.] [Microsoft-IIS/10.0] [IIS,Windows Server] [11ca4578cb026a23713aea6781b8ece3]
https://prod1.rockstargames.com [400] [GET] [text/plain] [] [EdgePrism/4.9.7.0] [vhost] [d41d8cd98f00b204e9800998ecf8427e]
https://prs-rdr2-prod.ros.rockstargames.com [403] [GET] [text/html] [403 - Forbidden: Access is denied.] [Microsoft-IIS/10.0] [IIS,Windows Server] [11ca4578cb026a23713aea6781b8ece3]
https://prs-rgl-prod.ros.rockstargames.com [403] [GET] [text/html] [403 - Forbidden: Access is denied.] [Microsoft-IIS/10.0] [IIS,Windows Server] [11ca4578cb026a23713aea6781b8ece3]
https://ps-rdr2-prod.ros.rockstargames.com [403] [GET] [text/html] [403 - Forbidden: Access is denied.] [Microsoft-IIS/10.0] [IIS,Windows Server] [11ca4578cb026a23713aea6781b8ece3]
https://ps-rgl-prod.ros.rockstargames.com [403] [GET] [text/html] [403 - Forbidden: Access is denied.] [Microsoft-IIS/10.0] [IIS,Windows Server] [11ca4578cb026a23713aea6781b8ece3]
https://pt.socialclub.rockstargames.com [301] [GET] [] [] [BigIP] [F5 BigIP] [d41d8cd98f00b204e9800998ecf8427e]
https://rage-catalog-cloud.rockstargames.com [403] [GET] [text/html] [Access Denied] [AkamaiGHost] [vhost] [ffc28200c8ff701fcb1a86ebed5ee7cf]
https://rage-locator-cloud.rockstargames.com [403] [GET] [text/html] [Access Denied] [AkamaiGHost] [vhost] [e33254333200c17c2c310a27de8a516b]
https://rage.hosted.cloud.rockstargames.com [400] [GET] [text/plain] [] [EdgePrism/4.9.8.1] [vhost] [d41d8cd98f00b204e9800998ecf8427e]
https://rgl.rockstargames.com [403] [GET] [text/html] [403 - Forbidden: Access is denied.] [] [11ca4578cb026a23713aea6781b8ece3]
https://rockstargames.com [301] [GET] [text/html] [] [] [vhost] [d41d8cd98f00b204e9800998ecf8427e]
https://ru.socialclub.rockstargames.com [301] [GET] [] [] [BigIP] [F5 BigIP] [d41d8cd98f00b204e9800998ecf8427e]
https://scapi.rockstargames.com [200] [GET] [application/json] [] [] [vhost] [33f76e73ff9969c0986a91cb5f826e67]
https://scui.rockstargames.com [403] [GET] [text/html] [403 - Forbidden: Access is denied.] [] [11ca4578cb026a23713aea6781b8ece3]
https://signin.rockstargames.com [200] [GET] [text/html] [Rockstar Games Social Club] [] [0503ec53abe621b1cc54e1d186c7bfd0]
https://signin.rockstargames.com [200] [GET] [text/html] [Rockstar Games Social Club] [] [f307835d2250e91957f3567d0cb644ef]
https://sjcpdc1-web1-rdr2-prod.ros.rockstargames.com [401] [GET] [] [] [] [d41d8cd98f00b204e9800998ecf8427e]
https://sjcpdc1-web2-rdr2-prod.ros.rockstargames.com [401] [GET] [] [] [] [d41d8cd98f00b204e9800998ecf8427e]
https://sjcpdc1-web3-rdr2-prod.ros.rockstargames.com [401] [GET] [] [] [] [d41d8cd98f00b204e9800998ecf8427e]
https://sjcpdc1-web4-rdr2-prod.ros.rockstargames.com [401] [GET] [] [] [] [d41d8cd98f00b204e9800998ecf8427e]
https://sjcpdc2-web1-rdr2-prod.ros.rockstargames.com [401] [GET] [] [] [] [d41d8cd98f00b204e9800998ecf8427e]
https://sjcpdc2-web2-rdr2-prod.ros.rockstargames.com [401] [GET] [] [] [] [d41d8cd98f00b204e9800998ecf8427e]
https://sjcpdc2-web3-rdr2-prod.ros.rockstargames.com [401] [GET] [] [] [] [d41d8cd98f00b204e9800998ecf8427e]
https://sjcpdc3-web1-rdr2-prod.ros.rockstargames.com [401] [GET] [] [] [] [d41d8cd98f00b204e9800998ecf8427e]
https://sjcpdc3-web2-rdr2-prod.ros.rockstargames.com [401] [GET] [] [] [] [d41d8cd98f00b204e9800998ecf8427e]
https://socialclub.rockstargames.com [302] [GET] [text/html] [Object moved] [] [vhost] [43b3b55d37d1a499c54fe12bf753d0bd]
https://spap-rdr2-prod.ros.rockstargames.com [403] [GET] [text/html] [403 - Forbidden: Access is denied.] [Microsoft-IIS/10.0] [IIS,Windows Server] [11ca4578cb026a23713aea6781b8ece3]
https://stage-cert-catalog-cloud.rockstargames.com [403] [GET] [text/html] [Access Denied] [AkamaiGHost] [vhost] [7d66d7d1da7ce2a5aef2157b1ad7014d]
https://stage-cert-gamedownloads.rockstargames.com [403] [GET] [text/html] [Access Denied] [AkamaiGHost] [vhost] [73426281b9e1ac204a4c7ed28306bd80]
https://stage-cert-locator-cloud.rockstargames.com [403] [GET] [text/html] [Access Denied] [AkamaiGHost] [vhost] [9fcd559cebcac771c21453c349b774ec]
https://stage-cert.hosted.cloud.rockstargames.com [403] [GET] [text/html] [Access Denied] [AkamaiGHost] [vhost] [ac2e3ea4d19f148d8a0a3817f05724fe]
https://stage-dev-catalog-cloud.rockstargames.com [403] [GET] [text/html] [Access Denied] [AkamaiGHost] [vhost] [367e577237f84ef430479c8c0cc07430]
https://stage-dev-catalog.rockstargames.com [400] [GET] [text/html] [Invalid URL] [AkamaiGHost] [65c126a780d334829a04b8225f37f34a]
https://stage-dev-catalog.rockstargames.com [400] [GET] [text/html] [Invalid URL] [AkamaiGHost] [dac4bd6360e5aa8f5aef0160ea76d93e]
https://stage-dev-gamedownloads.rockstargames.com [403] [GET] [text/html] [Access Denied] [AkamaiGHost] [vhost] [a67d6bacbb3d3b872bb0e2f42ac57971]
https://stage-dev-locator-cloud.rockstargames.com [403] [GET] [text/html] [Access Denied] [AkamaiGHost] [vhost] [fc907bea51b932e2f252c62037702740]
https://stage-dev.hosted.cloud.rockstargames.com [403] [GET] [text/html] [Access Denied] [AkamaiGHost] [vhost] [514b0600910f423c88df2c91bd5de95e]
https://stage-dev.store.rockstargames.com [403] [GET] [text/plain] [] [cloudflare] [vhost] [cloudflare] [7b5ea53ba332630e5aca8e4abb807f70]
https://stage-dev.store.rockstargames.com:8443 [403] [GET] [text/plain] [] [cloudflare] [vhost] [cloudflare] [7b5ea53ba332630e5aca8e4abb807f70]
https://stage-prod-catalog-cloud.rockstargames.com [403] [GET] [text/html] [Access Denied] [AkamaiGHost] [vhost] [2569fcb6e1cd8014d2bdf2382e5784e1]
https://stage-prod-gamedownloads.rockstargames.com [403] [GET] [text/html] [Access Denied] [AkamaiGHost] [vhost] [9e6f7c1fe98ad5aa666efa9f22760e3b]
https://stage-prod-locator-cloud.rockstargames.com [403] [GET] [text/html] [Access Denied] [AkamaiGHost] [vhost] [f1be02aa1e2996f4ef33e7d6101eb0e1]
https://stage-prod.hosted.cloud.rockstargames.com [403] [GET] [text/html] [Access Denied] [AkamaiGHost] [vhost] [f023f45b6a0e66f9ce0075e83f4033f2]
https://stage-prod.store.rockstargames.com [403] [GET] [text/plain] [] [cloudflare] [vhost] [cloudflare] [7b5ea53ba332630e5aca8e4abb807f70]
https://stage-prod.store.rockstargames.com:2083 [403] [GET] [text/plain] [] [cloudflare] [vhost] [cloudflare] [7b5ea53ba332630e5aca8e4abb807f70]
https://stage-prod.store.rockstargames.com:2087 [403] [GET] [text/plain] [] [cloudflare] [vhost] [cloudflare] [7b5ea53ba332630e5aca8e4abb807f70]
https://stage-prod.store.rockstargames.com:2096 [403] [GET] [text/plain] [] [cloudflare] [vhost] [cloudflare] [7b5ea53ba332630e5aca8e4abb807f70]
https://stage-prod.store.rockstargames.com:8443 [403] [GET] [text/plain] [] [cloudflare] [vhost] [cloudflare] [7b5ea53ba332630e5aca8e4abb807f70]
https://store-develop.rockstargames.com [403] [GET] [text/plain] [] [cloudflare] [vhost] [cloudflare] [7b5ea53ba332630e5aca8e4abb807f70]
https://store-develop.rockstargames.com:8443 [403] [GET] [text/plain] [] [cloudflare] [vhost] [cloudflare] [7b5ea53ba332630e5aca8e4abb807f70]
https://store-integration.rockstargames.com [403] [GET] [text/plain] [] [cloudflare] [vhost] [cloudflare] [7b5ea53ba332630e5aca8e4abb807f70]
https://store-integration.rockstargames.com:8443 [403] [GET] [text/plain] [] [cloudflare] [vhost] [cloudflare] [7b5ea53ba332630e5aca8e4abb807f70]
https://store-preview.rockstargames.com [403] [GET] [text/plain] [] [cloudflare] [vhost] [cloudflare] [7b5ea53ba332630e5aca8e4abb807f70]
https://store-preview.rockstargames.com:8443 [403] [GET] [text/plain] [] [cloudflare] [vhost] [cloudflare] [7b5ea53ba332630e5aca8e4abb807f70]
https://store-staging.rockstargames.com [403] [GET] [text/plain] [] [cloudflare] [vhost] [cloudflare] [7b5ea53ba332630e5aca8e4abb807f70]
https://store-staging.rockstargames.com:8443 [403] [GET] [text/plain] [] [cloudflare] [vhost] [cloudflare] [7b5ea53ba332630e5aca8e4abb807f70]
https://store.rockstargames.com [403] [GET] [text/html] [Attention Required! | Cloudflare] [cloudflare] [vhost] [cloudflare] [hCaptcha] [9194683983c6f84d030d7eceb4601aa5]
https://store.rockstargames.com [403] [GET] [text/html] [Attention Required! | Cloudflare] [cloudflare] [vhost] [cloudflare] [hCaptcha] [ffc9ef641762ed151f535c3a5fb3646c]
https://store.rockstargames.com:2087 [403] [GET] [text/html] [Attention Required! | Cloudflare] [cloudflare] [vhost] [cloudflare] [hCaptcha] [d1e2801b66eb34a9b5a9d3d4e446ced8]
https://store.rockstargames.com:8443 [403] [GET] [text/html] [Attention Required! | Cloudflare] [cloudflare] [vhost] [cloudflare] [hCaptcha] [ac4874a65a63c0155206d791852c9112]
https://support.rockstargames.com [200] [GET] [text/html] [Rockstar Games Customer Support] [] [vhost] [Akamai,Google Tag Manager] [1a89ef8475305134113d818708aaa5fb]
https://support.rockstargames.com [200] [GET] [text/html] [Rockstar Games Customer Support] [] [vhost] [Google Tag Manager] [d5251c536aef2c9c2d3c6647039855b3]
https://supportfiles.rockstargames.com [400] [GET] [text/plain] [] [EdgePrism/4.9.7.0] [vhost] [d41d8cd98f00b204e9800998ecf8427e]
https://techsupport.rockstargames.com [301] [GET] [text/html] [] [] [vhost] [d41d8cd98f00b204e9800998ecf8427e]
https://tm-rdr2-prod.ros.rockstargames.com [403] [GET] [text/html] [403 - Forbidden: Access is denied.] [Microsoft-IIS/10.0] [IIS,Windows Server] [11ca4578cb026a23713aea6781b8ece3]
https://tm-rgl-prod.rockstargames.com [403] [GET] [text/html] [403 - Forbidden: Access is denied.] [Microsoft-IIS/10.0] [IIS,Windows Server] [11ca4578cb026a23713aea6781b8ece3]
https://tm-rgl-prod.ros.rockstargames.com [403] [GET] [text/html] [403 - Forbidden: Access is denied.] [Microsoft-IIS/10.0] [IIS,Windows Server] [11ca4578cb026a23713aea6781b8ece3]
https://ugc-rdr2-prod.ros.rockstargames.com [403] [GET] [text/html] [403 - Forbidden: Access is denied.] [Microsoft-IIS/10.0] [IIS,Windows Server] [11ca4578cb026a23713aea6781b8ece3]
https://updates.rockstargames.com [404] [GET] [] [] [AkamaiNetStorage] [vhost] [7605968e79d0ca095ab1231486d2b814]
https://upload2005.rockstargames.com [301] [GET] [text/html] [] [] [vhost] [d41d8cd98f00b204e9800998ecf8427e]
https://vanity-develop.employee.store.rockstargames.com [403] [GET] [text/plain] [] [cloudflare] [vhost] [cloudflare] [Cloudflare] [7b5ea53ba332630e5aca8e4abb807f70]
https://vanity-develop.employee.store.rockstargames.com:2083 [403] [GET] [text/plain] [] [cloudflare] [vhost] [cloudflare] [Cloudflare] [7b5ea53ba332630e5aca8e4abb807f70]
https://vanity-develop.employee.store.rockstargames.com:2087 [403] [GET] [text/plain] [] [cloudflare] [vhost] [cloudflare] [Cloudflare] [7b5ea53ba332630e5aca8e4abb807f70]
https://vanity-develop.employee.store.rockstargames.com:8443 [403] [GET] [text/plain] [] [cloudflare] [vhost] [cloudflare] [Cloudflare] [7b5ea53ba332630e5aca8e4abb807f70]
https://vanity-develop.rockstargames.com [403] [GET] [text/plain] [] [cloudflare] [vhost] [cloudflare] [7b5ea53ba332630e5aca8e4abb807f70]
https://vanity-develop.rockstargames.com:2083 [403] [GET] [text/plain] [] [cloudflare] [vhost] [cloudflare] [7b5ea53ba332630e5aca8e4abb807f70]
https://vanity-develop.rockstargames.com:2087 [403] [GET] [text/plain] [] [cloudflare] [vhost] [cloudflare] [7b5ea53ba332630e5aca8e4abb807f70]
https://vanity-develop.rockstargames.com:8443 [403] [GET] [text/plain] [] [cloudflare] [vhost] [cloudflare] [7b5ea53ba332630e5aca8e4abb807f70]
https://vanity.employee.store.rockstargames.com [403] [GET] [text/plain] [] [cloudflare] [vhost] [cloudflare] [Cloudflare] [7b5ea53ba332630e5aca8e4abb807f70]
https://vanity.employee.store.rockstargames.com:2083 [403] [GET] [text/plain] [] [cloudflare] [vhost] [cloudflare] [Cloudflare] [7b5ea53ba332630e5aca8e4abb807f70]
https://vanity.employee.store.rockstargames.com:2087 [403] [GET] [text/plain] [] [cloudflare] [vhost] [cloudflare] [Cloudflare] [7b5ea53ba332630e5aca8e4abb807f70]
https://vanity.employee.store.rockstargames.com:8443 [403] [GET] [text/plain] [] [cloudflare] [vhost] [cloudflare] [Cloudflare] [7b5ea53ba332630e5aca8e4abb807f70]
https://vanity.rockstargames.com [403] [GET] [text/plain] [] [cloudflare] [vhost] [cloudflare] [7b5ea53ba332630e5aca8e4abb807f70]
https://vanity.rockstargames.com:2083 [403] [GET] [text/plain] [] [cloudflare] [vhost] [cloudflare] [7b5ea53ba332630e5aca8e4abb807f70]
https://vanity.rockstargames.com:2087 [403] [GET] [text/plain] [] [cloudflare] [vhost] [cloudflare] [7b5ea53ba332630e5aca8e4abb807f70]
https://vanity.rockstargames.com:8443 [403] [GET] [text/plain] [] [cloudflare] [vhost] [cloudflare] [7b5ea53ba332630e5aca8e4abb807f70]
https://videos.rockstargames.com [404] [GET] [] [] [AkamaiNetStorage] [vhost] [ddf0e2c382137c5bee8ee282368616f4]
https://videos2.rockstargames.com [404] [GET] [] [] [AkamaiNetStorage] [vhost] [7605968e79d0ca095ab1231486d2b814]
https://view-adm.rockstargames.com [200] [GET] [text/html] [VMware Horizon] [] [Java] [31ae7730063c60d1e2350005936e9e3b]
https://view-adm.rockstargames.com:8443 [404] [GET] [] [] [] [373f10631b8a3e1c5de5e0806478e92c]
https://view.newsletter.rockstargames.com [302] [GET] [text/html] [Object moved] [] [0b9ef0192b2022a0b94f012083714795]
https://view.rockstargames.com [200] [GET] [text/html] [VMware Horizon] [] [Java] [31ae7730063c60d1e2350005936e9e3b]
https://view.rockstargames.com [200] [GET] [text/html] [VMware Horizon] [] [Java] [cc9aa4c8d654adb7847ba08eefc52299]
https://view.rockstargames.com:8443 [404] [GET] [] [] [] [373f10631b8a3e1c5de5e0806478e92c]
https://vpn.rockstargames.com [200] [GET] [text/html] [] [] [f91a416be352a03c76b6ce8f948eda4d]
https://warehouse.rockstargames.com [301] [GET] [text/html] [301 Moved Permanently] [] [vhost] [a728769a5c99007eded6a32596fb99db]
https://www.rockstargames.com [200] [GET] [text/html] [Rockstar Games] [] [vhost] [Google Tag Manager] [0b1b297b836d24e439c1c9103b610439]
https://www.socialclub.rockstargames.com [301] [GET] [] [] [BigIP] [F5 BigIP] [d41d8cd98f00b204e9800998ecf8427e]
https://ykval.rockstargames.com [403] [GET] [text/html] [403 Forbidden] [Apache/2.4.29 (Ubuntu)] [Apache,Ubuntu] [bf44d25bff74eb5fa379461a4a86c972]
https://zh-cn.socialclub.rockstargames.com [301] [GET] [] [] [BigIP] [F5 BigIP] [d41d8cd98f00b204e9800998ecf8427e]
https://zh.socialclub.rockstargames.com [301] [GET] [] [] [BigIP] [F5 BigIP] [d41d8cd98f00b204e9800998ecf8427e]
