http://bugbounty.runnr.in [301] [GET] [] [] [Zomato] [vhost] [d41d8cd98f00b204e9800998ecf8427e]
https://api.runnr.in [200] [GET] [text/html] [Zomato] [Zomato] [vhost] [Bootstrap,Font Awesome,Ruby,Ruby on Rails] [751fe8b82ff83b2439ea17e8f1af6d7f]
https://dashboard.runnr.in [200] [GET] [text/html] [Zomato Logistics Admin Dashboard] [Zomato] [vhost] [Envoy] [91a980da0dd6ae8a0915c185b999aaf0]
https://merchant.runnr.in [200] [GET] [text/html] [Zomato] [Zomato] [vhost] [Bootstrap,Font Awesome,Ruby,Ruby on Rails] [0c70e0b3da9ff22d74943e8d68bb6589]
https://ops.runnr.in [200] [GET] [text/html] [Zomato] [Zomato] [vhost] [Bootstrap,Font Awesome,Ruby,Ruby on Rails] [7f5d02787e59a816455943eaaeaa900a]
https://referralpartner.runnr.in [404] [GET] [text/html] [] [Zomato] [vhost] [Envoy] [d41d8cd98f00b204e9800998ecf8427e]
https://runnr.in [301] [GET] [text/html] [301 Moved Permanently] [awselb/2.0] [vhost] [4aa7a432bb447f094408f1bd6229c605]
https://staging1.runnr.in [500] [GET] [text/html] [We're sorry, but something went wrong: Web application could not be started] [Zomato] [vhost] [89b92861a710f23cc16b9ab4b99b4db1]
https://staging2.runnr.in [200] [GET] [text/html] [Zomato] [Zomato] [vhost] [Bootstrap,Font Awesome,Ruby,Ruby on Rails] [28e9f77a0ed4469c1f169e1f24162733]
https://staging3.runnr.in [200] [GET] [text/html] [Zomato] [Zomato] [vhost] [Bootstrap,Font Awesome,Ruby,Ruby on Rails] [46ef495241b4f820aded9c11616cce17]
https://staging4.runnr.in [503] [GET] [text/html] [503 Service Temporarily Unavailable] [Zomato] [vhost] [613f79233487af685baf4b32a2397ede]
https://staging4.runnr.in [503] [GET] [text/html] [503 Service Temporarily Unavailable] [Zomato] [vhost] [81df4d3863debf3eceb5cf84251fd472]
https://staging5.runnr.in [502] [GET] [text/html] [502 Bad Gateway] [Zomato] [vhost] [f8722bb4476990cf85aea599f63becc4]
https://staging6.runnr.in [503] [GET] [text/html] [503 Service Temporarily Unavailable] [Zomato] [vhost] [613f79233487af685baf4b32a2397ede]
https://staging8.runnr.in [200] [GET] [text/html] [Zomato] [Zomato] [vhost] [Bootstrap,Font Awesome,Ruby,Ruby on Rails] [c9e0b222e1a1234ff44d3033498441a3]
https://staging.runnr.in [200] [GET] [text/html] [Zomato] [Zomato] [vhost] [Bootstrap,Font Awesome,Ruby,Ruby on Rails] [4d0bc55b6e288c4c4b6eec108fad8cbf]
https://staging.runnr.in [200] [GET] [text/html] [Zomato] [Zomato] [vhost] [Bootstrap,Font Awesome,Ruby,Ruby on Rails] [d0fc832f0205e49ec52630411d3f1beb]
https://web.runnr.in [200] [GET] [text/html] [Zomato] [Zomato] [vhost] [Bootstrap,Font Awesome,Ruby,Ruby on Rails] [87356084e12efd01fec3ee4a031cbdef]
https://www.runnr.in [200] [GET] [text/html] [Zomato] [Zomato] [vhost] [Bootstrap,Font Awesome,Ruby,Ruby on Rails] [9c279d94b1b7740f4708accb6e0527d4]
https://www.runnr.in [200] [GET] [text/html] [Zomato] [Zomato] [vhost] [Bootstrap,Font Awesome,Ruby,Ruby on Rails] [ff7033167c1021d9a82729c991d2080e]
https://www.test.staging.runnr.in [403] [GET] [text/html] [ERROR: The request could not be satisfied] [CloudFront] [cloudfront] [Amazon Cloudfront,Amazon Web Services] [b382358cad6a07c49d1dbdc6c09e01a6]
