http://presto-bm.dds.aips.seek.com.au:8001 [404] [GET] [] [] [Crow/0.1] [f32a3f4e01675b77e327442afb937886]
http://presto-bm.dds.aips.seek.com.au:8007 [404] [GET] [] [] [Crow/0.1] [f32a3f4e01675b77e327442afb937886]
http://presto-bm.dds.aips.seek.com.au:8008 [404] [GET] [] [] [Crow/0.1] [f32a3f4e01675b77e327442afb937886]
http://presto-bm.dds.aips.seek.com.au:8009 [404] [GET] [] [] [Crow/0.1] [f32a3f4e01675b77e327442afb937886]
http://presto-bm.dds.aips.seek.com.au:8011 [404] [GET] [] [] [Crow/0.1] [f32a3f4e01675b77e327442afb937886]
http://presto-bm.dds.aips.seek.com.au:8080 [404] [GET] [] [] [Crow/0.1] [f32a3f4e01675b77e327442afb937886]
https://10.cloud.seek.com.au [418] [GET] [application/octet-stream text/plain] [] [nginx] [Nginx] [416e916bfd36d5b865cfe2b5ab61bdcb]
https://11.cloud.seek.com.au [418] [GET] [application/octet-stream text/plain] [] [nginx] [Nginx] [416e916bfd36d5b865cfe2b5ab61bdcb]
https://15.home.index2git.staging.cloud.seek.com.au [403] [GET] [text/html] [ERROR: The request could not be satisfied] [CloudFront] [cloudfront] [Amazon Cloudfront,Amazon Web Services] [5d8c04c71c1ebd00aeee040a11b4e5a0]
https://1761656.s.seek.com.au [404] [GET] [text/html] [404 Not Found] [nginx] [Nginx] [70461da8b94c6ca5d2fda3260c5a8c3b]
https://2786905.fin.seek.com.au [404] [GET] [text/html] [404 Not Found] [nginx] [Nginx] [8e325dc2fea7c8900fc6c4b8c6c394fe]
https://4-service.team2-pl.5gantryclassroom.staging.cloud.seek.com.au [403] [GET] [text/html] [ERROR: The request could not be satisfied] [CloudFront] [cloudfront] [Amazon Cloudfront,Amazon Web Services] [53d88cbf780f0530adbcad789ec54e1e]
https://5661519.hirer.s.seek.com.au [404] [GET] [text/html] [404 Not Found] [nginx] [Nginx] [8e325dc2fea7c8900fc6c4b8c6c394fe]
https://adm-certmanalstatustic-service-cdn-dev.apollo.staging.cloud.seek.com.au [403] [GET] [text/html] [ERROR: The request could not be satisfied] [CloudFront] [cloudfront] [Amazon Cloudfront,Amazon Web Services] [345c41c958c9e802607f60b727adba74]
https://adm-certmanalytic-service-cdn-dev.apollo.staging.cloud.seek.com.au [403] [GET] [text/html] [ERROR: The request could not be satisfied] [CloudFront] [cloudfront] [Amazon Cloudfront,Amazon Web Services] [be28c9bfa67fb20f6fcba555706e8ca0]
https://admin1-germany-service-cdn.staging.cloud.seek.com.au [403] [GET] [text/html] [ERROR: The request could not be satisfied] [CloudFront] [cloudfront] [Amazon Cloudfront,Amazon Web Services] [0724dcb3b09ae4842df220384f6d6385]
https://adposting-integration.cloud.seek.com.au [401] [GET] [] [] [Apache-Coyote/1.1] [vhost] [Apache Tomcat,Java] [d41d8cd98f00b204e9800998ecf8427e]
https://adv-caja-x-api.staging.cloud.seek.com.au [403] [GET] [text/html] [ERROR: The request could not be satisfied] [CloudFront] [cloudfront] [Amazon Cloudfront,Amazon Web Services] [62921782df91aba774a2c3b41afc02a3]
https://adv-invoice-api.cloud.seek.com.au [418] [GET] [application/octet-stream text/plain] [] [nginx] [Nginx] [416e916bfd36d5b865cfe2b5ab61bdcb]
https://advertiser.seek.com.au [301] [GET] [text/html] [301 Moved Permanently] [awselb/2.0] [4aa7a432bb447f094408f1bd6229c605]
https://akamai.alt-kafkainstall-prod-service-cdn.staging.cloud.seek.com.au [403] [GET] [text/html] [ERROR: The request could not be satisfied] [CloudFront] [cloudfront] [Amazon Cloudfront,Amazon Web Services] [df6b92f7e5c24c1c8c449f593d405d63]
https://akureyri-service-cdn-dev.apollo.staging.cloud.seek.com.au [403] [GET] [text/html] [ERROR: The request could not be satisfied] [CloudFront] [cloudfront] [Amazon Cloudfront,Amazon Web Services] [6ed52c80f5610ba62b39e5566176e447]
https://alt-apidocs-prod-service-cdn.staging.cloud.seek.com.au [403] [GET] [text/html] [ERROR: The request could not be satisfied] [CloudFront] [cloudfront] [Amazon Cloudfront,Amazon Web Services] [90791d71c0a50bf8bf42f1cd0adaeed3]
https://alt-kafkainstall-prod-service-cdn.staging.cloud.seek.com.au [403] [GET] [text/html] [ERROR: The request could not be satisfied] [CloudFront] [cloudfront] [Amazon Cloudfront,Amazon Web Services] [e1187ef91ad7f3413f25a17ebb38298f]
https://alt-kafkainstall-prod-service-cdnkorea.staging.cloud.seek.com.au [403] [GET] [text/html] [ERROR: The request could not be satisfied] [CloudFront] [cloudfront] [Amazon Cloudfront,Amazon Web Services] [0babe000e0553a3e252bfddf854c7c04]
https://alt-kafkainstall-prod-service-d.staging.cloud.seek.com.au [403] [GET] [text/html] [ERROR: The request could not be satisfied] [CloudFront] [cloudfront] [Amazon Cloudfront,Amazon Web Services] [703973cf8e89de9a6188a07d63bc1edb]
https://alt-kanetherlandska3-prod-service-cdn.staging.cloud.seek.com.au [403] [GET] [text/html] [ERROR: The request could not be satisfied] [CloudFront] [cloudfront] [Amazon Cloudfront,Amazon Web Services] [1696e1caf2e93b0d193537240c93e045]
https://analytics.seek.com.au [301] [GET] [text/html] [301 Moved Permanently] [awselb/2.0] [4aa7a432bb447f094408f1bd6229c605]
https://api-docs-adm-certmanalstatustic-service-cdn-dev.apollo.staging.cloud.seek.com.au [403] [GET] [text/html] [ERROR: The request could not be satisfied] [CloudFront] [cloudfront] [Amazon Cloudfront,Amazon Web Services] [3aaf4f51d6aeb034145447c470d88ef9]
https://api.id.api.cloud.seek.com.au [418] [GET] [application/octet-stream text/plain] [] [nginx] [Nginx] [416e916bfd36d5b865cfe2b5ab61bdcb]
https://api.seek.com.au [200] [GET] [text/html] [SEEK API] [nginx] [vhost] [cloudfront] [Amazon Cloudfront,Amazon Web Services,Nginx] [652586bccf543f51108cc99f77275dfd]
https://api.staging.seek.com.au [403] [GET] [text/html] [403 Forbidden] [nginx/1.14.0 (Ubuntu)] [vhost] [cloudfront] [Amazon Cloudfront,Amazon Web Services,Nginx,Ubuntu] [9fe3cb2b7313dc79bb477bc8fde184a7]
https://apple.com.index.staging-administrator.cloud.seek.com.au [418] [GET] [application/octet-stream text/plain] [] [nginx] [Nginx] [416e916bfd36d5b865cfe2b5ab61bdcb]
https://apple.corepo.index.staging.cloud.seek.com.au [403] [GET] [text/html] [ERROR: The request could not be satisfied] [CloudFront] [cloudfront] [Amazon Cloudfront,Amazon Web Services] [ca202ab07f2b99347dfb4c3e1a8a5834]
https://appleidcom-fileirewall.home.index2.staging.cloud.seek.com.au [403] [GET] [text/html] [ERROR: The request could not be satisfied] [CloudFront] [cloudfront] [Amazon Cloudfront,Amazon Web Services] [f145fd5bb160d90144ef48bd5f507144]
https://appleidcom-firewall.autodiscovedome.index2.staging.cloud.seek.com.au [403] [GET] [text/html] [ERROR: The request could not be satisfied] [CloudFront] [cloudfront] [Amazon Cloudfront,Amazon Web Services] [207de0e57558fd42fd4e345ed15f1fdb]
https://appleidcom-firewall.cloudfront.document.home.index2.staging.cloud.seek.com.au [403] [GET] [text/html] [ERROR: The request could not be satisfied] [CloudFront] [cloudfront] [Amazon Cloudfront,Amazon Web Services] [aa433ea944c4b53e4cb9a6eb85a1aec8]
https://appleidcom-firewall.document.home.index2.staging.cloud.seek.com.au [403] [GET] [text/html] [ERROR: The request could not be satisfied] [CloudFront] [cloudfront] [Amazon Cloudfront,Amazon Web Services] [8ee3db33bf6de03feb6fa7f61f6f3873]
https://appleidcom-firewall.document.home.index217.staging.cloud.seek.com.au [403] [GET] [text/html] [ERROR: The request could not be satisfied] [CloudFront] [cloudfront] [Amazon Cloudfront,Amazon Web Services] [d51d5e97eea20314bb1be5738eba9ffc]
https://appleidcom-firewall.document.home.index2git.staging.cloud.seek.com.au [403] [GET] [text/html] [ERROR: The request could not be satisfied] [CloudFront] [cloudfront] [Amazon Cloudfront,Amazon Web Services] [292c16dcfef601352ad520991782fb40]
https://appleidcom-firewall.home.index2.staging.cloud.seek.com.au [403] [GET] [text/html] [ERROR: The request could not be satisfied] [CloudFront] [cloudfront] [Amazon Cloudfront,Amazon Web Services] [ed513fe6c6193a3a50c37c10b4e21156]
https://appleidcom-firewall.pantheon-home.index2.staging.cloud.seek.com.au [403] [GET] [text/html] [ERROR: The request could not be satisfied] [CloudFront] [cloudfront] [Amazon Cloudfront,Amazon Web Services] [82556cb3ca74507cf7aebf4d35b22dd3]
https://applied-jobs-web-experience-api.cloud.seek.com.au [418] [GET] [application/octet-stream text/plain] [] [nginx] [Nginx] [416e916bfd36d5b865cfe2b5ab61bdcb]
https://apps.staging.cloud.seek.com.au [403] [GET] [text/html] [ERROR: The request could not be satisfied] [CloudFront] [cloudfront] [Amazon Cloudfront,Amazon Web Services] [4cf0ec4c65208c8519c1998dd7406da9]
https://authenticate.seek.com.au [302] [GET] [text/plain] [] [cloudflare] [vhost] [cloudflare] [Cloudflare,Cloudflare Bot Management] [d33db1de325b1ea35d8cb5f00d08c54f]
https://base-ress-conversars-cdn.cloud.seek.com.au [418] [GET] [application/octet-stream text/plain] [] [nginx] [Nginx] [416e916bfd36d5b865cfe2b5ab61bdcb]
https://beta.wikipedia-engineering.cloud.seek.com.au [418] [GET] [application/octet-stream text/plain] [] [nginx] [Nginx] [416e916bfd36d5b865cfe2b5ab61bdcb]
https://betterview-integration-service.o.cloud.seek.com.au [418] [GET] [application/octet-stream text/plain] [] [nginx] [Nginx] [416e916bfd36d5b865cfe2b5ab61bdcb]
https://blueprintaccept.system.cdn.cloud.seek.com.au [418] [GET] [application/octet-stream text/plain] [] [nginx] [Nginx] [416e916bfd36d5b865cfe2b5ab61bdcb]
https://bookmarks.cloud.seek.com.au [418] [GET] [application/octet-stream text/plain] [] [nginx] [Nginx] [416e916bfd36d5b865cfe2b5ab61bdcb]
https://bucky.cloud.seek.com.au [418] [GET] [application/octet-stream text/plain] [] [nginx] [Nginx] [416e916bfd36d5b865cfe2b5ab61bdcb]
https://ca-jobapply-ex-api.cloud.seek.com.au [418] [GET] [application/octet-stream text/plain] [] [nginx] [Nginx] [416e916bfd36d5b865cfe2b5ab61bdcb]
https://ca-metrics-forwarder.cloud.seek.com.au [418] [GET] [application/octet-stream text/plain] [] [nginx] [Nginx] [416e916bfd36d5b865cfe2b5ab61bdcb]
https://ca-user-consent-service.cloud.seek.com.au [401] [GET] [text/plain] [] [nginx] [vhost] [Nginx] [8c187a45c3c9fa913b3183bde798ad2f]
https://candidate-nudger-api.staging.cloud.seek.com.au [403] [GET] [text/html] [ERROR: The request could not be satisfied] [CloudFront] [cloudfront] [Amazon Cloudfront,Amazon Web Services] [27b9bac2d96cd94c462f52d2c08a8058]
https://candidate-resource-api.cloud.seek.com.au [401] [GET] [text/plain] [] [nginx] [vhost] [Nginx] [8c187a45c3c9fa913b3183bde798ad2f]
https://career-guide-api.cloud.seek.com.au [200] [GET] [application/json] [] [nginx] [vhost] [Nginx] [1a6bdcdb5efffaeee5a6c9010fbb2a6e]
https://career-guide-api.staging.cloud.seek.com.au [403] [GET] [text/html] [ERROR: The request could not be satisfied] [CloudFront] [cloudfront] [Amazon Cloudfront,Amazon Web Services] [2f7e5b443de387d9b185694105728c74]
https://ccomms-ios-experience-api.cloud.seek.com.au [418] [GET] [application/octet-stream text/plain] [] [nginx] [Nginx] [416e916bfd36d5b865cfe2b5ab61bdcb]
https://cdn-redirectorooking-service-cdn.staging.cloud.seek.com.au [403] [GET] [text/html] [ERROR: The request could not be satisfied] [CloudFront] [cloudfront] [Amazon Cloudfront,Amazon Web Services] [b19a35efdaed4e128bf554fb08831883]
https://certmanalytic-service-cdn-dev-sept.apollo.staging.cloud.seek.com.au [403] [GET] [text/html] [ERROR: The request could not be satisfied] [CloudFront] [cloudfront] [Amazon Cloudfront,Amazon Web Services] [399652ae50ba9bcc3393e644eca4709a]
https://certmanalytic-service-cdn-dev.apollo.staging.cloud.seek.com.au [403] [GET] [text/html] [ERROR: The request could not be satisfied] [CloudFront] [cloudfront] [Amazon Cloudfront,Amazon Web Services] [a9ec592ce29a07fee832a472aaac9087]
https://cg2018-metrics-forwarder.cloud.seek.com.au [418] [GET] [application/octet-stream text/plain] [] [nginx] [Nginx] [416e916bfd36d5b865cfe2b5ab61bdcb]
https://chalice-experience.cloud.seek.com.au [404] [GET] [text/plain] [] [nginx] [vhost] [Nginx] [6c3050e355a1a451f8ede4a73ae31306]
https://chalice-search-api.cloud.seek.com.au [200] [GET] [text/html] [] [nginx] [vhost] [Express,Nginx,Node.js] [54b836d1c28a1f5a0b6e9119a8cd4ea9]
https://click.email.seek.com.au [403] [GET] [text/html] [403 - Forbidden: Access is denied.] [] [11ca4578cb026a23713aea6781b8ece3]
https://clients.staging.cloud.seek.com.au [403] [GET] [text/html] [ERROR: The request could not be satisfied] [CloudFront] [cloudfront] [Amazon Cloudfront,Amazon Web Services] [533b6f8f6e58ffecdb2a40d44e6d9e62]
https://cloudfront-northamerica-ir.staging.cloud.seek.com.au [403] [GET] [text/html] [ERROR: The request could not be satisfied] [CloudFront] [cloudfront] [Amazon Cloudfront,Amazon Web Services] [66e780a6817b90d7d02dbd385b7fc7a5]
https://cm-recommendation-api.cloud.seek.com.au [401] [GET] [text/plain] [] [nginx] [vhost] [Nginx] [8c187a45c3c9fa913b3183bde798ad2f]
https://company-prod-conversars-cdn-dev.cloud.seek.com.au [418] [GET] [application/octet-stream text/plain] [] [nginx] [Nginx] [416e916bfd36d5b865cfe2b5ab61bdcb]
https://company-profiles-cdn-dev.cloud.seek.com.au [418] [GET] [text/plain] [] [nginx] [vhost] [cloudfront] [Amazon Cloudfront,Amazon Web Services,Nginx] [416e916bfd36d5b865cfe2b5ab61bdcb]
https://company-proxy-prod-staging-widge-service-cdnredirector.staging.cloud.seek.com.au [403] [GET] [text/html] [ERROR: The request could not be satisfied] [CloudFront] [cloudfront] [Amazon Cloudfront,Amazon Web Services] [2d84c67ae9ce74c980ebcea9fd881942]
https://company-reviews-api-router.cloud.seek.com.au [404] [GET] [text/html] [404 Not Found] [nginx] [vhost] [Nginx] [370e16c3b7dba286cff055f93b9a94d8]
https://connect-metrics.cloud.seek.com.au [200] [GET] [text/html] [] [nginx] [vhost] [Express,Nginx,Node.js] [e17cc10b1ee6f3322ba730aba2af9b39]
https://cr-metrics-forwarder.cloud.seek.com.au [418] [GET] [application/octet-stream text/plain] [] [nginx] [Nginx] [416e916bfd36d5b865cfe2b5ab61bdcb]
https://deepmatch-api.cloud.seek.com.au [401] [GET] [text/plain] [] [nginx] [vhost] [Nginx] [8c187a45c3c9fa913b3183bde798ad2f]
https://devportal.seek.com.au [200] [GET] [text/html] [SEEK - Australia's no. 1 jobs, employment, career and recruitment site] [AmazonS3] [vhost] [cloudfront] [Amazon Cloudfront,Amazon S3,Amazon Web Services,React] [8b408117c6c70f4c88d67e491ca9c07d]
https://ecovidrio-mapi.cloud.seek.com.au [418] [GET] [application/octet-stream text/plain] [] [nginx] [Nginx] [416e916bfd36d5b865cfe2b5ab61bdcb]
https://edge-cloudfront.staging.seek.com.au [200] [GET] [text/plain] [] [nginx] [vhost] [cloudfront] [Amazon Cloudfront,Amazon Web Services,Nginx] [bacf965f6095326b386280e0f0d73aca]
https://email.fin.seek.com.au [404] [GET] [text/html] [404 Not Found] [nginx] [Nginx] [8e325dc2fea7c8900fc6c4b8c6c394fe]
https://email.ga.seek.com.au [404] [GET] [text/html] [404 Not Found] [nginx] [Nginx] [8e325dc2fea7c8900fc6c4b8c6c394fe]
https://email.s.seek.com.au [404] [GET] [text/html] [404 Not Found] [nginx] [vhost] [cloudfront] [Amazon Cloudfront,Amazon Web Services,Nginx] [70461da8b94c6ca5d2fda3260c5a8c3b]
https://enterpriseenrollment.seek.com.au [302] [GET] [] [] [Microsoft-IIS/10.0] [azure] [IIS,Microsoft ASP.NET,Windows Server] [d41d8cd98f00b204e9800998ecf8427e]
https://experiments.cloud.seek.com.au [400] [GET] [text/plain] [] [nginx] [vhost] [Nginx] [07e7544ae89bc50fd77928b364cc69c5]
https://f.staging.cloud.seek.com.au [403] [GET] [text/html] [ERROR: The request could not be satisfied] [CloudFront] [cloudfront] [Amazon Cloudfront,Amazon Web Services] [a9667846b5be1020911602aa6a1fd27a]
https://gantryclassroom.staging.cloud.seek.com.au [403] [GET] [text/html] [ERROR: The request could not be satisfied] [CloudFront] [cloudfront] [Amazon Cloudfront,Amazon Web Services] [cba2302d751508c20c16d693600b5585]
https://gh-secure.restricted-mobile.nike.staging.cloud.seek.com.au [403] [GET] [text/html] [ERROR: The request could not be satisfied] [CloudFront] [cloudfront] [Amazon Cloudfront,Amazon Web Services] [54fe75a6702249bd01ce728747cab731]
https://goldcoast2018.seek.com.au [301] [GET] [text/html] [301 Moved Permanently] [awselb/2.0] [4aa7a432bb447f094408f1bd6229c605]
https://graphql.incubator.seek.com.au [403] [GET] [application/json] [] [] [vhost] [cloudfront] [Amazon Cloudfront,Amazon Web Services] [bc45704aad57d445b6dfa58b101071e3]
https://home.staging.cloud.seek.com.au [403] [GET] [text/html] [ERROR: The request could not be satisfied] [CloudFront] [cloudfront] [Amazon Cloudfront,Amazon Web Services] [46265484f0c597e96404f155fa65d014]
https://http-api.cloud.seek.com.au [418] [GET] [application/octet-stream text/plain] [] [nginx] [Nginx] [416e916bfd36d5b865cfe2b5ab61bdcb]
https://http-visual-bot.cloud.seek.com.au [418] [GET] [application/octet-stream text/plain] [] [nginx] [Nginx] [416e916bfd36d5b865cfe2b5ab61bdcb]
https://http-www.cloud.seek.com.au [418] [GET] [application/octet-stream text/plain] [] [nginx] [Nginx] [416e916bfd36d5b865cfe2b5ab61bdcb]
https://httpbin.staging.cloud.seek.com.au [403] [GET] [text/html] [ERROR: The request could not be satisfied] [CloudFront] [cloudfront] [Amazon Cloudfront,Amazon Web Services] [9f4970eec0ecf2512be475052f971ab0]
https://https-ca-applied-jobs-ehttps-chalice-search-apip-api.cloud.seek.com.au [418] [GET] [application/octet-stream text/plain] [] [nginx] [Nginx] [416e916bfd36d5b865cfe2b5ab61bdcb]
https://https-jobsearch-legacy-mobile.cloud.seek.com.au [418] [GET] [application/octet-stream text/plain] [] [nginx] [Nginx] [416e916bfd36d5b865cfe2b5ab61bdcb]
https://https-visual-bot.cloud.seek.com.au [418] [GET] [application/octet-stream text/plain] [] [nginx] [Nginx] [416e916bfd36d5b865cfe2b5ab61bdcb]
https://https-www.cloud.seek.com.au [418] [GET] [application/octet-stream text/plain] [] [nginx] [Nginx] [416e916bfd36d5b865cfe2b5ab61bdcb]
https://identity-metrics.cloud.seek.com.au [200] [GET] [text/html] [] [nginx] [vhost] [Express,Nginx,Node.js] [e17cc10b1ee6f3322ba730aba2af9b39]
https://image-service-cdn.seek.com.au [404] [GET] [application/json] [] [cloudflare] [vhost] [cloudflare] [Cloudflare,Cloudflare Bot Management] [3442bf155418a579af6d80d9315e435f]
https://image-service-cdn.staging.seek.com.au [404] [GET] [application/json] [] [cloudflare] [vhost] [cloudflare] [Cloudflare,Cloudflare Bot Management] [3442bf155418a579af6d80d9315e435f]
https://image-service-cdnebs.staging.cloud.seek.com.au [403] [GET] [text/html] [ERROR: The request could not be satisfied] [CloudFront] [cloudfront] [Amazon Cloudfront,Amazon Web Services] [649f77bb4fa425d1b439b2ae7065d58f]
https://image.email.seek.com.au [403] [GET] [text/html] [Access Denied] [AkamaiGHost] [vhost] [07bef017090a5a6afa0ed675e1e304e2]
https://images.seek.com.au [404] [GET] [text/html] [404 Not Found] [nginx] [vhost] [cloudfront] [Amazon Cloudfront,Amazon Web Services,Nginx] [370e16c3b7dba286cff055f93b9a94d8]
https://imap.staging.cloud.seek.com.au [403] [GET] [text/html] [ERROR: The request could not be satisfied] [CloudFront] [cloudfront] [Amazon Cloudfront,Amazon Web Services] [71fed2bc7a24a15a038c4162f17432bc]
https://indie-jobapply-linkout-service.cloud.seek.com.au [404] [GET] [text/plain] [] [nginx] [vhost] [Nginx] [6c3050e355a1a451f8ede4a73ae31306]
https://info.staging.cloud.seek.com.au [403] [GET] [text/html] [ERROR: The request could not be satisfied] [CloudFront] [cloudfront] [Amazon Cloudfront,Amazon Web Services] [241f5f3e094701f9e597c81d85a73283]
https://ingress-stag-waf-alb.staging.cloud.seek.com.au [200] [GET] [text/plain] [] [nginx/1.14.0 (Ubuntu)] [vhost] [Nginx,Ubuntu] [609102104261657d279dbf62bdf5ecbe]
https://internal.team.www.secure.cloud.seek.com.au [418] [GET] [application/octet-stream text/plain] [] [nginx] [Nginx] [416e916bfd36d5b865cfe2b5ab61bdcb]
https://ir.seek.com.au [400] [GET] [text/html] [Error] [] [vhost] [cloudfront] [Amazon Cloudfront,Amazon Web Services] [300c3313bfc6b6af83ef56d14ef1e050]
https://jobsboard.seek.com.au [301] [GET] [text/html] [301 Moved Permanently] [awselb/2.0] [4aa7a432bb447f094408f1bd6229c605]
https://jobsearch-api-mobile.cloud.seek.com.au [200] [GET] [application/json] [] [nginx] [vhost] [Nginx] [3e88a6753122cd69d0c5b0338464799f]
https://jobsearch-dashboard.cloud.seek.com.au [418] [GET] [application/octet-stream text/plain] [] [nginx] [Nginx] [416e916bfd36d5b865cfe2b5ab61bdcb]
https://k8s-prodsecure-cdn-mobile-backend-staging.staging.cloud.seek.com.au [403] [GET] [text/html] [ERROR: The request could not be satisfied] [CloudFront] [cloudfront] [Amazon Cloudfront,Amazon Web Services] [a32ab67fa0a1f8dcd2e62e4e8796e75d]
https://kb.staging.cloud.seek.com.au [403] [GET] [text/html] [ERROR: The request could not be satisfied] [CloudFront] [cloudfront] [Amazon Cloudfront,Amazon Web Services] [e39d91c3108fbd58e3a3232148eca66f]
https://labtomcat-stam.datauat-nautilus.staging.cloud.seek.com.au [403] [GET] [text/html] [ERROR: The request could not be satisfied] [CloudFront] [cloudfront] [Amazon Cloudfront,Amazon Web Services] [726022463a8c92c41b684c1d115412be]
https://locations.cloud.seek.com.au [404] [GET] [application/json] [] [nginx] [vhost] [Nginx] [621ae330f88fe87fe7f8027ba6851675]
https://locations.staging.cloud.seek.com.au [403] [GET] [text/html] [ERROR: The request could not be satisfied] [CloudFront] [cloudfront] [Amazon Cloudfront,Amazon Web Services] [f3479b8a3e06247bcf8db54c51f8e427]
https://m.seek.com.au [301] [GET] [text/html] [301 Moved Permanently] [nginx] [vhost] [cloudfront] [Amazon Cloudfront,Amazon Web Services,Nginx] [4f8e702cc244ec5d4de32740c0ecbd97]
https://mailtrap.labtomcat-stam.datauat.staging.cloud.seek.com.au [403] [GET] [text/html] [ERROR: The request could not be satisfied] [CloudFront] [cloudfront] [Amazon Cloudfront,Amazon Web Services] [54af524b6d8e73591e01cd3d574eec35]
https://mailtrap.tomcat-stam.datauat-web5179.staging.cloud.seek.com.au [403] [GET] [text/html] [ERROR: The request could not be satisfied] [CloudFront] [cloudfront] [Amazon Cloudfront,Amazon Web Services] [cbe30cc59d3f5e23a7e772a264a9afbd]
https://mailtrap.tomcat-stam.datauat.staging.cloud.seek.com.au [403] [GET] [text/html] [ERROR: The request could not be satisfied] [CloudFront] [cloudfront] [Amazon Cloudfront,Amazon Web Services] [d8bfd2f9df047887574b63e9271de998]
https://mapi.cloud.seek.com.au [200] [GET] [text/plain] [] [nginx] [vhost] [cloudfront] [Amazon Cloudfront,Amazon Web Services,Nginx] [08776d4357723716a5f770b5558c85be]
https://mapi.dot.dot.staging.cloud.seek.com.au [403] [GET] [text/html] [ERROR: The request could not be satisfied] [CloudFront] [cloudfront] [Amazon Cloudfront,Amazon Web Services] [99d1f441f83a7ad076aaafa542da15de]
https://mapi.override.staging.cloud.seek.com.au [403] [GET] [text/html] [ERROR: The request could not be satisfied] [CloudFront] [cloudfront] [Amazon Cloudfront,Amazon Web Services] [1dd832b900a93c5dc8292ab6c2311fbd]
https://mapi.staging.cloud.seek.com.au [200] [GET] [text/plain] [] [cloudflare] [vhost] [cloudflare] [Cloudflare,Cloudflare Bot Management] [08776d4357723716a5f770b5558c85be]
https://mapitest.staging.cloud.seek.com.au [403] [GET] [text/html] [ERROR: The request could not be satisfied] [CloudFront] [cloudfront] [Amazon Cloudfront,Amazon Web Services] [9dd47df72eb2943a4966d680a32b9089]
https://media.april.northamerica-ir.staging.cloud.seek.com.au [403] [GET] [text/html] [ERROR: The request could not be satisfied] [CloudFront] [cloudfront] [Amazon Cloudfront,Amazon Web Services] [5c55bcd4351cf9ca5254f2ad0b07dad7]
https://mi.seek.com.au [200] [GET] [] [Movable Ink Domain] [] [vhost] [cloudfront] [Amazon Cloudfront,Amazon Web Services] [da4d9472bd8768d5646f9f431a4be082]
https://move-staging.cdn-secure.media.oscar.staging.cloud.seek.com.au [403] [GET] [text/html] [ERROR: The request could not be satisfied] [CloudFront] [cloudfront] [Amazon Cloudfront,Amazon Web Services] [728087b8e0e9cd51f7635b41d34295f7]
https://my.cloud.seek.com.au [418] [GET] [application/octet-stream text/plain] [] [nginx] [Nginx] [416e916bfd36d5b865cfe2b5ab61bdcb]
https://nudge-api.cloud.seek.com.au [401] [GET] [text/plain] [] [nginx] [vhost] [Nginx] [0bd244736cf23657dd386df5ea4767a0]
https://nudge-api.loncov9.cloud.seek.com.au [418] [GET] [application/octet-stream text/plain] [] [nginx] [Nginx] [416e916bfd36d5b865cfe2b5ab61bdcb]
https://nudge-api.nudges-dev.uncoverapi.cloud.seek.com.au [418] [GET] [application/octet-stream text/plain] [] [nginx] [Nginx] [416e916bfd36d5b865cfe2b5ab61bdcb]
https://nudge-api.uncoveringsuperman.cloud.seek.com.au [418] [GET] [application/octet-stream text/plain] [] [nginx] [Nginx] [416e916bfd36d5b865cfe2b5ab61bdcb]
https://nudge-mail.odincovoudges-dev.cloud.seek.com.au [418] [GET] [application/octet-stream text/plain] [] [nginx] [Nginx] [416e916bfd36d5b865cfe2b5ab61bdcb]
https://nudge-virusremovaludges-dev.cloud.seek.com.au [418] [GET] [application/octet-stream text/plain] [] [nginx] [Nginx] [416e916bfd36d5b865cfe2b5ab61bdcb]
https://o15.em.s.api.cloud.seek.com.au [418] [GET] [application/octet-stream text/plain] [] [nginx] [Nginx] [416e916bfd36d5b865cfe2b5ab61bdcb]
https://odisee-stam.datauat.staging.cloud.seek.com.au [403] [GET] [text/html] [ERROR: The request could not be satisfied] [CloudFront] [cloudfront] [Amazon Cloudfront,Amazon Web Services] [8af5f60b29d524b8fe8b0faf3f884b54]
https://pay.seek.com.au [200] [GET] [text/html] [SEEK Payments] [AmazonS3] [vhost] [cloudfront] [Amazon Cloudfront,Amazon S3,Amazon Web Services,React] [cc7aa49915623acf62f44521fef17d0b]
https://payments.staging.cloud.seek.com.au [401] [GET] [text/plain] [] [istio-envoy] [vhost] [cloudfront] [Amazon Cloudfront,Amazon Web Services,Envoy] [8c187a45c3c9fa913b3183bde798ad2f]
https://pc3.staging.cloud.seek.com.au [403] [GET] [text/html] [ERROR: The request could not be satisfied] [CloudFront] [cloudfront] [Amazon Cloudfront,Amazon Web Services] [72c71ab98028cc2c8d34a8f7d6238eca]
https://pop.staging.cloud.seek.com.au [403] [GET] [text/html] [ERROR: The request could not be satisfied] [CloudFront] [cloudfront] [Amazon Cloudfront,Amazon Web Services] [992351e698e91cc126381920ad52a239]
https://prerelease.staging.cloud.seek.com.au [403] [GET] [text/html] [ERROR: The request could not be satisfied] [CloudFront] [cloudfront] [Amazon Cloudfront,Amazon Web Services] [71dd86ec683273c4b8f285784aa54691]
https://productblog.seek.com.au [301] [GET] [text/html] [301 Moved Permanently] [awselb/2.0] [4aa7a432bb447f094408f1bd6229c605]
https://profile-web-api.cloud.seek.com.au [418] [GET] [application/octet-stream text/plain] [] [nginx] [Nginx] [416e916bfd36d5b865cfe2b5ab61bdcb]
https://profile-web-api.staging.cloud.seek.com.au [403] [GET] [text/html] [ERROR: The request could not be satisfied] [CloudFront] [cloudfront] [Amazon Cloudfront,Amazon Web Services] [8ef1853ff1957ac6ff060f5c1aa21846]
https://profile-web-experience-api.staging.cloud.seek.com.au [403] [GET] [text/html] [ERROR: The request could not be satisfied] [CloudFront] [cloudfront] [Amazon Cloudfront,Amazon Web Services] [bf937f9058dd7ebc20f33bcebbfcadb3]
https://profile-web-read-only-api.cloud.seek.com.au [418] [GET] [application/octet-stream text/plain] [] [nginx] [vhost] [Nginx] [416e916bfd36d5b865cfe2b5ab61bdcb]
https://promotion-appleidcom-firewall.autodiscovedome.index2.staging.cloud.seek.com.au [403] [GET] [text/html] [ERROR: The request could not be satisfied] [CloudFront] [cloudfront] [Amazon Cloudfront,Amazon Web Services] [f07e21ea6433f81092e679729a699c42]
https://recommendations-ios-experience-api.cloud.seek.com.au [418] [GET] [application/octet-stream text/plain] [] [nginx] [Nginx] [416e916bfd36d5b865cfe2b5ab61bdcb]
https://redirect.seek.com.au [301] [GET] [text/html] [301 Moved Permanently] [awselb/2.0] [4aa7a432bb447f094408f1bd6229c605]
https://related-search-api.cloud.seek.com.au [418] [GET] [application/octet-stream text/plain] [] [nginx] [Nginx] [416e916bfd36d5b865cfe2b5ab61bdcb]
https://rss.seek.com.au [301] [GET] [text/html] [301 Moved Permanently] [awselb/2.0] [4aa7a432bb447f094408f1bd6229c605]
https://secure.backupbeta.cloud.seek.com.au [418] [GET] [application/octet-stream text/plain] [] [nginx] [Nginx] [416e916bfd36d5b865cfe2b5ab61bdcb]
https://secure.cdn-git.media.northamerica-ir.staging.cloud.seek.com.au [403] [GET] [text/html] [ERROR: The request could not be satisfied] [CloudFront] [cloudfront] [Amazon Cloudfront,Amazon Web Services] [b291df42a7617de238440e30bff2503e]
https://secure.cdn-login-version.media.northamerica-ir.staging.cloud.seek.com.au [403] [GET] [text/html] [ERROR: The request could not be satisfied] [CloudFront] [cloudfront] [Amazon Cloudfront,Amazon Web Services] [59173ef470b5f4fca9161afa9e55d69c]
https://secure.cdn-login.media.northamerica-ir.staging.cloud.seek.com.au [403] [GET] [text/html] [ERROR: The request could not be satisfied] [CloudFront] [cloudfront] [Amazon Cloudfront,Amazon Web Services] [fd06f05fa191c372f4e9abac5faaf1fc]
https://secure.cdn.media.northamerica-ir.staging.cloud.seek.com.au [403] [GET] [text/html] [ERROR: The request could not be satisfied] [CloudFront] [cloudfront] [Amazon Cloudfront,Amazon Web Services] [f90e08586db0f37b0ce831d9b5218ee4]
https://secure.cms1mobile.nike.staging.cloud.seek.com.au [403] [GET] [text/html] [ERROR: The request could not be satisfied] [CloudFront] [cloudfront] [Amazon Cloudfront,Amazon Web Services] [0ad50c06dd5f4c2b00527af6baa366cd]
https://secure.graphql.nike.staging.cloud.seek.com.au [403] [GET] [text/html] [ERROR: The request could not be satisfied] [CloudFront] [cloudfront] [Amazon Cloudfront,Amazon Web Services] [1134b2717d4a83a4e9b51917a5752cba]
https://secure.info.m.seek.com.au [200] [GET] [] [] [jag] [d41d8cd98f00b204e9800998ecf8427e]
https://secure.restricted-mobile.nike.staging.cloud.seek.com.au [403] [GET] [text/html] [ERROR: The request could not be satisfied] [CloudFront] [cloudfront] [Amazon Cloudfront,Amazon Web Services] [dfb99b57a3c51bddcde4f602eb4f6ee0]
https://secure.staging.cdn-secure.media.oscar.staging.cloud.seek.com.au [403] [GET] [text/html] [ERROR: The request could not be satisfied] [CloudFront] [cloudfront] [Amazon Cloudfront,Amazon Web Services] [fe1775a149ffdce557e0788b8b32f26d]
https://secure.staging.cdn-secure.media.vpn-oscar.staging.cloud.seek.com.au [403] [GET] [text/html] [ERROR: The request could not be satisfied] [CloudFront] [cloudfront] [Amazon Cloudfront,Amazon Web Services] [6e354c85e5875e2e2ec27057f9038d63]
https://secure.staging.cdn-secure.web.media.oscar.staging.cloud.seek.com.au [403] [GET] [text/html] [ERROR: The request could not be satisfied] [CloudFront] [cloudfront] [Amazon Cloudfront,Amazon Web Services] [c0831103bfdcff8633afbb63f41be67f]
https://secure.staging.cdnskins.media.oscar.staging.cloud.seek.com.au [403] [GET] [text/html] [ERROR: The request could not be satisfied] [CloudFront] [cloudfront] [Amazon Cloudfront,Amazon Web Services] [aabacd0dc7c813047136876e17f63e3c]
https://seek.com.au [301] [GET] [text/html] [301 Moved Permanently] [awselb/2.0] [4aa7a432bb447f094408f1bd6229c605]
https://showcase-metrics-forwarder.cloud.seek.com.au [418] [GET] [application/octet-stream text/plain] [] [nginx] [Nginx] [416e916bfd36d5b865cfe2b5ab61bdcb]
https://skl-connections-api.staging.cloud.seek.com.au [403] [GET] [text/html] [ERROR: The request could not be satisfied] [CloudFront] [cloudfront] [Amazon Cloudfront,Amazon Web Services] [6bffd50fc8d53267f8c839cd946e28cb]
https://skl-course-directory-api.cloud.seek.com.au [400] [GET] [text/html] [] [nginx] [vhost] [Express,Nginx,Node.js] [129abf301e12da2879eca02a1be6065a]
https://skl-course-directory-api.staging.cloud.seek.com.au [403] [GET] [text/html] [ERROR: The request could not be satisfied] [CloudFront] [cloudfront] [Amazon Cloudfront,Amazon Web Services] [6b718a1e9d6b18f3df85ce6f57799b63]
https://skl-events-capture-api.staging.cloud.seek.com.au [403] [GET] [text/html] [ERROR: The request could not be satisfied] [CloudFront] [cloudfront] [Amazon Cloudfront,Amazon Web Services] [2e5f5d4284321d6b3b94ee01885eb0ed]
https://skl-payment-api.cloud.seek.com.au [418] [GET] [application/octet-stream text/plain] [] [nginx] [Nginx] [416e916bfd36d5b865cfe2b5ab61bdcb]
https://skl-payment-api.staging.cloud.seek.com.au [403] [GET] [text/html] [ERROR: The request could not be satisfied] [CloudFront] [cloudfront] [Amazon Cloudfront,Amazon Web Services] [e02684a995e0dfd7505b800b9d6d987a]
https://smtp.staging.cloud.seek.com.au [403] [GET] [text/html] [ERROR: The request could not be satisfied] [CloudFront] [cloudfront] [Amazon Cloudfront,Amazon Web Services] [d1d5ad84b339f93518a318cba61cadae]
https://spool.staging.cloud.seek.com.au [403] [GET] [text/html] [ERROR: The request could not be satisfied] [CloudFront] [cloudfront] [Amazon Cloudfront,Amazon Web Services] [96efd597c56475091af9a28e67b23885]
https://statestreet.cloud.seek.com.au [418] [GET] [application/octet-stream text/plain] [] [nginx] [Nginx] [416e916bfd36d5b865cfe2b5ab61bdcb]
https://stats.staging.cloud.seek.com.au [403] [GET] [text/html] [ERROR: The request could not be satisfied] [CloudFront] [cloudfront] [Amazon Cloudfront,Amazon Web Services] [9b8775cbc366085d92679c85b0f17903]
https://suggest.kg.cloud.seek.com.au [418] [GET] [application/octet-stream text/plain] [] [nginx] [Nginx] [416e916bfd36d5b865cfe2b5ab61bdcb]
https://svc-appleidcom.home.index2.staging.cloud.seek.com.au [403] [GET] [text/html] [ERROR: The request could not be satisfied] [CloudFront] [cloudfront] [Amazon Cloudfront,Amazon Web Services] [ca80a9e7d507d412ce2f0237d54766de]
https://swagger-appleidcom-firewall.document.home.index2.staging.cloud.seek.com.au [403] [GET] [text/html] [ERROR: The request could not be satisfied] [CloudFront] [cloudfront] [Amazon Cloudfront,Amazon Web Services] [7464df75e29c5a52611dc6d58476bdd1]
https://talent.seek.com.au [200] [GET] [text/html] [The best job ads find the best people] [nginx] [vhost] [cloudfront] [Amazon Cloudfront,Amazon Web Services,Nginx,React] [a74b13f696f39c2ae9e03940272cefad]
https://talent.staging.seek.com.au [403] [GET] [text/html] [403 Forbidden] [nginx/1.14.0 (Ubuntu)] [vhost] [cloudfront] [Amazon Cloudfront,Amazon Web Services,Nginx,Ubuntu] [4b074b0b59693fa9f94fb71b175fb187]
https://talentsearch-api.cloud.seek.com.au [404] [GET] [] [] [nginx] [vhost] [Nginx] [d41d8cd98f00b204e9800998ecf8427e]
https://talentsearchpartner.cloud.seek.com.au [200] [GET] [text/html] [Not Found] [nginx] [vhost] [Nginx] [2efdd147b35d10dc5b093e825421b44c]
https://tdprivateank-wealth-management.staging.cloud.seek.com.au [403] [GET] [text/html] [ERROR: The request could not be satisfied] [CloudFront] [cloudfront] [Amazon Cloudfront,Amazon Web Services] [b2235eb8a36f1c55455a50d510cf257c]
https://team.kmobile.staging.cloud.seek.com.au [403] [GET] [text/html] [ERROR: The request could not be satisfied] [CloudFront] [cloudfront] [Amazon Cloudfront,Amazon Web Services] [e02073788fb8612aa40a937fd545d754]
https://team0.gantryclassroom.staging.cloud.seek.com.au [403] [GET] [text/html] [ERROR: The request could not be satisfied] [CloudFront] [cloudfront] [Amazon Cloudfront,Amazon Web Services] [55f642b0487000a38393a434c3c4428e]
https://team1.gantryclassroom.staging.cloud.seek.com.au [403] [GET] [text/html] [ERROR: The request could not be satisfied] [CloudFront] [cloudfront] [Amazon Cloudfront,Amazon Web Services] [34f179dd91fb043d5568be7a72306293]
https://team10.gantryclassroom.staging.cloud.seek.com.au [403] [GET] [text/html] [ERROR: The request could not be satisfied] [CloudFront] [cloudfront] [Amazon Cloudfront,Amazon Web Services] [a11dc9a837660c0e461d06f988a6cd0e]
https://team2.gantryclassroom.staging.cloud.seek.com.au [403] [GET] [text/html] [ERROR: The request could not be satisfied] [CloudFront] [cloudfront] [Amazon Cloudfront,Amazon Web Services] [afe5ca5645df85816b350ec5ced04cbc]
https://team3.gantryclassroom.staging.cloud.seek.com.au [403] [GET] [text/html] [ERROR: The request could not be satisfied] [CloudFront] [cloudfront] [Amazon Cloudfront,Amazon Web Services] [7241a1d8e0f0d25f3d87175a60b79ffa]
https://team4.gantryclassroom.staging.cloud.seek.com.au [403] [GET] [text/html] [ERROR: The request could not be satisfied] [CloudFront] [cloudfront] [Amazon Cloudfront,Amazon Web Services] [980ded33e63d1afd83f273e5c596c2f9]
https://team5.gantryclassroom.staging.cloud.seek.com.au [403] [GET] [text/html] [ERROR: The request could not be satisfied] [CloudFront] [cloudfront] [Amazon Cloudfront,Amazon Web Services] [981ff52f3b7d0c4fe645cd7fb843d93a]
https://team6.gantryclassroom.staging.cloud.seek.com.au [403] [GET] [text/html] [ERROR: The request could not be satisfied] [CloudFront] [cloudfront] [Amazon Cloudfront,Amazon Web Services] [4aeeb41973dc36ff4df5e1795c597da1]
https://team7.gantryclassroom.staging.cloud.seek.com.au [403] [GET] [text/html] [ERROR: The request could not be satisfied] [CloudFront] [cloudfront] [Amazon Cloudfront,Amazon Web Services] [394642085dba9fb14d78aaed27012970]
https://team8.gantryclassroom.staging.cloud.seek.com.au [403] [GET] [text/html] [ERROR: The request could not be satisfied] [CloudFront] [cloudfront] [Amazon Cloudfront,Amazon Web Services] [1f44e80d1610eb8be9cf7311f72f7ee7]
https://team9.gantryclassroom.staging.cloud.seek.com.au [403] [GET] [text/html] [ERROR: The request could not be satisfied] [CloudFront] [cloudfront] [Amazon Cloudfront,Amazon Web Services] [4e25f1bd3968c58b1b1dd53df187935b]
https://test.api.seek.com.au [404] [GET] [text/plain] [] [nginx] [vhost] [cloudfront] [Amazon Cloudfront,Amazon Web Services,Nginx] [ec65a3dc9c958c8350012207a7e11c7d]
https://testcrunch-runner-js-api.cloud.seek.com.au [400] [GET] [text/plain] [] [nginx] [vhost] [Nginx] [07e7544ae89bc50fd77928b364cc69c5]
https://testsubdomain.staging.cloud.seek.com.au [403] [GET] [text/html] [ERROR: The request could not be satisfied] [CloudFront] [cloudfront] [Amazon Cloudfront,Amazon Web Services] [e9e2f055e1d312b71fb9851b3c8d8dae]
https://tomcat-stam.datauat-web5179-migrate.repo.staging.cloud.seek.com.au [403] [GET] [text/html] [ERROR: The request could not be satisfied] [CloudFront] [cloudfront] [Amazon Cloudfront,Amazon Web Services] [5470e1439e27cf2188209caa7e084a0e]
https://tomcat-stam.datauat-web5179-migrate.staging.cloud.seek.com.au [403] [GET] [text/html] [ERROR: The request could not be satisfied] [CloudFront] [cloudfront] [Amazon Cloudfront,Amazon Web Services] [8f273aa44975957f1a61b03bc3492922]
https://tomcat-stam.datauat-web5179.staging.install.cloud.seek.com.au [418] [GET] [application/octet-stream text/plain] [] [nginx] [Nginx] [416e916bfd36d5b865cfe2b5ab61bdcb]
https://tomcat-stam.datauat-web517mailgate.staging.cloud.seek.com.au [403] [GET] [text/html] [ERROR: The request could not be satisfied] [CloudFront] [cloudfront] [Amazon Cloudfront,Amazon Web Services] [5e97cc2bcb5b9b4199f73d43f19cb3bb]
https://tracking.engineering.cloud.seek.com.au [200] [GET] [image/png] [] [AmazonS3] [vhost] [cloudfront] [Amazon Cloudfront,Amazon S3,Amazon Web Services] [978c1bee49d7ad5fc1a4d81099b13e18]
https://us-east-8.northamerica-ir.staging.cloud.seek.com.au [403] [GET] [text/html] [ERROR: The request could not be satisfied] [CloudFront] [cloudfront] [Amazon Cloudfront,Amazon Web Services] [b66e477492c5b5b98251324070ca3b73]
https://video.seek.com.au [200] [GET] [text/html] [SEEK Videos] [] [vhost] [cloudfront] [Amazon Cloudfront,Amazon Web Services] [772909bd4d707946920a773b54efc523]
https://view.email.seek.com.au [302] [GET] [text/html] [Object moved] [] [0b9ef0192b2022a0b94f012083714795]
https://webmail.myc.team.cloud.seek.com.au [418] [GET] [application/octet-stream text/plain] [] [nginx] [Nginx] [416e916bfd36d5b865cfe2b5ab61bdcb]
https://wellsfargotransfer-secure.staging.cloud.seek.com.au [403] [GET] [text/html] [ERROR: The request could not be satisfied] [CloudFront] [cloudfront] [Amazon Cloudfront,Amazon Web Services] [d0a175e5f88bbab2e69f44eb823bae32]
https://westeurope.converse.company-profiles-cdn.cloud.seek.com.au [418] [GET] [application/octet-stream text/plain] [] [nginx] [Nginx] [416e916bfd36d5b865cfe2b5ab61bdcb]
https://wpt-contact-api.cloud.seek.com.au [404] [GET] [text/html] [Error] [nginx] [vhost] [Nginx] [da7da7d630292e7a2a7dda8ca87b3d39]
https://wpt-contact-api.staging.cloud.seek.com.au [403] [GET] [text/html] [ERROR: The request could not be satisfied] [CloudFront] [cloudfront] [Amazon Cloudfront,Amazon Web Services] [f51386d28ff3552caf5b7392e96e2123]
https://ww.seek.com.au [301] [GET] [text/html] [301 Moved Permanently] [awselb/2.0] [4aa7a432bb447f094408f1bd6229c605]
https://www-prd.full-logoutovie-online.dev1strealogout.staging.cloud.seek.com.au [403] [GET] [text/html] [ERROR: The request could not be satisfied] [CloudFront] [cloudfront] [Amazon Cloudfront,Amazon Web Services] [c12f3e3fbec09bbc7f81a9acc28fa499]
https://www-prd.full-movie-online.dev1stream.staging.cloud.seek.com.au [403] [GET] [text/html] [ERROR: The request could not be satisfied] [CloudFront] [cloudfront] [Amazon Cloudfront,Amazon Web Services] [f77b80aa79ebf9e1db841be123dbe316]
https://www.full-movie-online.dev1stream-control.staging.cloud.seek.com.au [403] [GET] [text/html] [ERROR: The request could not be satisfied] [CloudFront] [cloudfront] [Amazon Cloudfront,Amazon Web Services] [78507beb754952dd3e14d6275a4b611b]
https://www.full-movie-online.dev1stream.staging.cloud.seek.com.au [403] [GET] [text/html] [ERROR: The request could not be satisfied] [CloudFront] [cloudfront] [Amazon Cloudfront,Amazon Web Services] [c8fe9c3605443b6936109c652d229749]
https://www.mario.northamerica-profiles-cdn.cloud.seek.com.au [418] [GET] [application/octet-stream text/plain] [] [nginx] [Nginx] [416e916bfd36d5b865cfe2b5ab61bdcb]
https://www.seek.com.au [200] [GET] [text/html] [SEEK - Australia's no. 1 jobs, employment, career and recruitment site] [nginx] [vhost] [cloudfront] [Amazon Cloudfront,Amazon Web Services,Nginx,React] [b937f9baabdad03a3aee6961774f13eb]
https://www.staging.seek.com.au [403] [GET] [text/html] [403 Forbidden] [nginx/1.14.0 (Ubuntu)] [vhost] [cloudfront] [Amazon Cloudfront,Amazon Web Services,Nginx,Ubuntu] [9fe3cb2b7313dc79bb477bc8fde184a7]
https://www.team3.gantryclassroom.staging.cloud.seek.com.au [403] [GET] [text/html] [ERROR: The request could not be satisfied] [CloudFront] [cloudfront] [Amazon Cloudfront,Amazon Web Services] [a9f085ae495b0835e2fa69601a2c2521]
