http://cloudapp.shopifycloud.com [404] [GET] [text/html] [404 Not Found] [] [2e9281cb1598565605593d28a5efa3bb]
http://cloudapp.shopifycloud.com:8080 [404] [GET] [text/html] [404 Not Found] [] [2e9281cb1598565605593d28a5efa3bb]
http://iap-test.shopifycloud.com [404] [GET] [text/html] [404 Not Found] [] [2e9281cb1598565605593d28a5efa3bb]
http://iap-test.shopifycloud.com:8080 [404] [GET] [text/html] [404 Not Found] [] [2e9281cb1598565605593d28a5efa3bb]
http://panama-canada-api.shopifycloud.com [404] [GET] [text/plain] [] [] [595e88012a6521aae3e12cbebe76eb9e]
http://panama-staging-api.shopifycloud.com [404] [GET] [text/plain] [] [] [595e88012a6521aae3e12cbebe76eb9e]
http://production-platform-productio-htaqtz65-management-us-central1-3.shopifycloud.com:8080 [404] [GET] [text/html] [404 Not Found] [] [2e9281cb1598565605593d28a5efa3bb]
http://production-platform-production-unrestricted-i0.shopifycloud.com:8080 [404] [GET] [text/html] [404 Not Found] [] [2e9281cb1598565605593d28a5efa3bb]
http://production-platform-production-unrestricted-i1.shopifycloud.com:8080 [404] [GET] [text/html] [404 Not Found] [] [2e9281cb1598565605593d28a5efa3bb]
http://production-platform-production-u-pljdsxln-management-us-east1-3.shopifycloud.com:8080 [404] [GET] [text/html] [404 Not Found] [] [2e9281cb1598565605593d28a5efa3bb]
http://production-platform-staging-unrestricted-i0.shopifycloud.com:8080 [404] [GET] [text/html] [404 Not Found] [] [2e9281cb1598565605593d28a5efa3bb]
http://production-platform-staging-unrestricted-i1.shopifycloud.com:8080 [404] [GET] [text/html] [404 Not Found] [] [2e9281cb1598565605593d28a5efa3bb]
https://27fmu.kibana.shopifycloud.com [404] [GET] [text/html] [404 Not Found] [] [google] [8eec510e57f5f732fd2cce73df7b73ef]
https://2yodq.kibana.shopifycloud.com [404] [GET] [text/html] [404 Not Found] [] [google] [8eec510e57f5f732fd2cce73df7b73ef]
https://3l36q.kibana.shopifycloud.com [404] [GET] [text/html] [404 Not Found] [] [google] [370e16c3b7dba286cff055f93b9a94d8]
https://5gap2.kibana.shopifycloud.com [404] [GET] [text/html] [404 Not Found] [] [8eec510e57f5f732fd2cce73df7b73ef]
https://7mjqo.kibana.shopifycloud.com [404] [GET] [text/html] [404 Not Found] [] [370e16c3b7dba286cff055f93b9a94d8]
https://abandoned-checkouts-offloader.shopifycloud.com [401] [GET] [text/html] [401 Authorization Required] [] [vhost] [google] [Basic] [55f69d37caed0efafa4d15970ed5f18e]
https://accounts-staging.shopifycloud.com [503] [GET] [text/html] [Something went wrong] [] [vhost] [google] [Ruby,Ruby on Rails,Stimulus] [b90a446c4175080d97a8c7f701fd73c4]
https://adequate-desk-production-web-apps-b-us-east1-8.shopifycloud.com [404] [GET] [text/html] [404 Not Found] [] [8eec510e57f5f732fd2cce73df7b73ef]
https://adequate-desk.shopifycloud.com [302] [GET] [text/html] [] [] [vhost] [google] [4f3435df402f4768ea584d663817b5ad]
https://admin.shopifycloud.com [200] [GET] [text/html] [] [] [vhost] [google] [4b0af2eabeaf6a4653774627b98e5819]
https://admin-staging-1g8h.shopifycloud.com [301] [GET] [text/html] [] [] [vhost] [1b125920f0daeeb941e0bfbf2c914c2c]
https://admin-staging-5.shopifycloud.com [200] [GET] [text/html] [] [] [vhost] [google] [07ff47e5dea309242acd799a289f50a8]
https://admin-staging.shopifycloud.com [200] [GET] [text/html] [] [] [vhost] [google] [311abd5e33ec6e8b5e02bced49413b96]
https://ad-platform-staging.shopifycloud.com [302] [GET] [text/html] [302 Found] [] [vhost] [google] [aff950cab4c0265e21d401db15f1026d]
https://alertmanager-prometheus-us-ce1-eb98.shopifycloud.com [401] [GET] [text/html] [401 Authorization Required] [] [vhost] [google] [Basic] [55f69d37caed0efafa4d15970ed5f18e]
https://alertmanager-prom-staging-us-ce1-wt49.shopifycloud.com [401] [GET] [text/html] [401 Authorization Required] [] [vhost] [Basic] [55f69d37caed0efafa4d15970ed5f18e]
https://antoniam-staging.shopifycloud.com [302] [GET] [text/html] [302 Found] [] [vhost] [google] [aff950cab4c0265e21d401db15f1026d]
https://apostolis-2-test.shopifycloud.com [302] [GET] [text/html] [302 Found] [] [vhost] [google] [aff950cab4c0265e21d401db15f1026d]
https://apple-business-chat-commerce-staging.shopifycloud.com [302] [GET] [text/html] [] [] [vhost] [001c018ae570d19ce5a2890bdab235a1]
https://app-m2m-test-prod.shopifycloud.com [302] [GET] [text/html] [] [] [vhost] [google] [d08acafe92702110f2b5f431e4175b54]
https://app-reviews.shopifycloud.com [302] [GET] [text/html] [] [] [vhost] [google] [55410eee565e95ce75921607f569bac5]
https://app-test-es7.secure-elasticsearch.ben.shopifycloud.com [401] [GET] [text/plain] [] [] [vhost] [google] [88deaa1060b44cdf7f8732652a6f2e0f]
https://argus-server-staging-unrestricted-w6m7tod7-apps-b-us-central1-8.shopifycloud.com [404] [GET] [text/html] [404 Not Found] [] [370e16c3b7dba286cff055f93b9a94d8]
https://arrive-renaming-pinger.shopifycloud.com [302] [GET] [text/html] [302 Found] [] [vhost] [google] [aff950cab4c0265e21d401db15f1026d]
https://arrive-server-staging.shopifycloud.com [302] [GET] [text/html] [302 Found] [] [vhost] [aff950cab4c0265e21d401db15f1026d]
https://arrive-website.shopifycloud.com [200] [GET] [text/html] [Close Main Navigation] [] [vhost] [Ruby,Ruby on Rails] [93752a68f97d56e26fb03e8202dd86fc]
https://athena-flex-production-preview.shopifycloud.com [302] [GET] [text/html] [302 Found] [] [vhost] [google] [aade1473d7f8858a24dcca062a0dbd94]
https://athena-flex-staging.shopifycloud.com [302] [GET] [text/html] [302 Found] [] [vhost] [google] [aff950cab4c0265e21d401db15f1026d]
https://athena.shopifycloud.com [301] [GET] [text/html] [] [] [vhost] [606f9fd8d9e26069391f6888a3a14f6d]
https://athena-staging.shopifycloud.com [302] [GET] [text/html] [302 Found] [] [vhost] [google] [aff950cab4c0265e21d401db15f1026d]
https://atlas-production-unrestricted-2v4-woqwvd2w-es-apps-a-us-east1-2.shopifycloud.com [404] [GET] [text/html] [404 Not Found] [] [370e16c3b7dba286cff055f93b9a94d8]
https://audit-creator-sandbox.shopifycloud.com [302] [GET] [text/html] [302 Found] [] [vhost] [google] [aff950cab4c0265e21d401db15f1026d]
https://authme.shopifycloud.com [401] [GET] [text/html] [AuthMe] [] [vhost] [Google Font API,Ruby,Ruby on Rails] [b8bb2fc912cc7aad6d3f21b66b446386]
https://authme-staging.shopifycloud.com [401] [GET] [text/html] [AuthMe] [] [vhost] [google] [Google Font API,Ruby,Ruby on Rails] [79ee0edd48e56e18ae6ca158aa4eb848]
https://avatar-maker.shopifycloud.com [302] [GET] [text/html] [302 Found] [] [vhost] [aff950cab4c0265e21d401db15f1026d]
https://bcldb-integration-production-web-pxu-na-ne1-2.shopifycloud.com [404] [GET] [text/html] [404 Not Found] [] [8eec510e57f5f732fd2cce73df7b73ef]
https://bcldb-integration-uat-web-pxu-na-ne1-2.shopifycloud.com [404] [GET] [text/html] [404 Not Found] [] [8eec510e57f5f732fd2cce73df7b73ef]
https://beta-buddy.shopifycloud.com [302] [GET] [text/html] [302 Found] [] [vhost] [google] [aff950cab4c0265e21d401db15f1026d]
https://billing.shopifycloud.com [302] [GET] [text/html] [302 Found] [] [vhost] [google] [Basic] [aff950cab4c0265e21d401db15f1026d]
https://blog.shopifycloud.com [302] [GET] [text/html] [302 Found] [] [vhost] [aff950cab4c0265e21d401db15f1026d]
https://bogus-simulator-staging.shopifycloud.com [302] [GET] [text/html] [302 Found] [] [vhost] [google] [aff950cab4c0265e21d401db15f1026d]
https://brochure2-staging10.shopifycloud.com [302] [GET] [text/html] [302 Found] [] [vhost] [aff950cab4c0265e21d401db15f1026d]
https://brochure2-staging16.shopifycloud.com [302] [GET] [text/html] [302 Found] [] [vhost] [aff950cab4c0265e21d401db15f1026d]
https://brochure2-staging17.shopifycloud.com [302] [GET] [text/html] [302 Found] [] [vhost] [google] [aff950cab4c0265e21d401db15f1026d]
https://brochure2-staging19.shopifycloud.com [302] [GET] [text/html] [302 Found] [] [vhost] [google] [aff950cab4c0265e21d401db15f1026d]
https://brochure2-staging25.shopifycloud.com [302] [GET] [text/html] [302 Found] [] [vhost] [aff950cab4c0265e21d401db15f1026d]
https://brochure2-staging2.shopifycloud.com [302] [GET] [text/html] [302 Found] [] [vhost] [aff950cab4c0265e21d401db15f1026d]
https://brochure2-staging6.shopifycloud.com [401] [GET] [text/html] [401 Authorization Required] [] [vhost] [Basic] [55f69d37caed0efafa4d15970ed5f18e]
https://brochure2-staging-fxlv.shopifycloud.com [401] [GET] [text/html] [401 Authorization Required] [] [vhost] [google] [Basic] [55f69d37caed0efafa4d15970ed5f18e]
https://brochure2-staging-unrestricted-24-bzevbbxf-apps-b-us-central1-9.shopifycloud.com [404] [GET] [text/html] [404 Not Found] [] [8eec510e57f5f732fd2cce73df7b73ef]
https://brochure2-tier2-central.shopifycloud.com [301] [GET] [text/html] [] [] [vhost] [google] [c77a94c04ded573b316ab211e01ac85f]
https://brochure-ingress-apps-a-us-central1-8.shopifycloud.com [301] [GET] [text/html] [301 Moved Permanently] [] [vhost] [4f8e702cc244ec5d4de32740c0ecbd97]
https://bugbounty.secure-elasticsearch.bugbounty-production-unrestricted-o9ie.shopifycloud.com [401] [GET] [text/plain] [] [] [vhost] [88deaa1060b44cdf7f8732652a6f2e0f]
https://bugsnag-mtl.shopifycloud.com [302] [GET] [text/html] [302 Found] [nginx] [Nginx] [cfbeaf604823f038b8b46f0ac862b98c]
https://burrow-staging.shopifycloud.com [302] [GET] [text/html] [302 Found] [] [vhost] [aff950cab4c0265e21d401db15f1026d]
https://business-platform.secure-elasticsearch.business-platform-production.shopifycloud.com [401] [GET] [text/plain] [] [] [vhost] [google] [88deaa1060b44cdf7f8732652a6f2e0f]
https://buzzer.shopifycloud.com [302] [GET] [text/html] [302 Found] [] [vhost] [google] [aff950cab4c0265e21d401db15f1026d]
https://captain-crunch.shopifycloud.com [302] [GET] [text/html] [302 Found] [] [vhost] [aff950cab4c0265e21d401db15f1026d]
https://cdc-controller-staging.shopifycloud.com [302] [GET] [text/html] [302 Found] [] [vhost] [aff950cab4c0265e21d401db15f1026d]
https://cdc-core-staging-unrestricted-kaf-lrwa4kti-apps-core-us-east1-1.shopifycloud.com [404] [GET] [text/html] [404 Not Found] [] [8eec510e57f5f732fd2cce73df7b73ef]
https://cdc.pepto-connector.shopifycloud.com [401] [GET] [text/html] [401 Authorization Required] [] [vhost] [Basic] [55f69d37caed0efafa4d15970ed5f18e]
https://celebration-library.shopifycloud.com [302] [GET] [text/html] [302 Found] [] [vhost] [google] [aff950cab4c0265e21d401db15f1026d]
https://channel-m2m-test-prod.shopifycloud.com [302] [GET] [text/html] [] [] [vhost] [google] [7007acc1ad5bae4a72aa4259c55f2eeb]
https://ciro-rails-test.shopifycloud.com [302] [GET] [text/html] [302 Found] [] [vhost] [google] [aff950cab4c0265e21d401db15f1026d]
https://clouddo-ui.shopifycloud.com [302] [GET] [text/html] [302 Found] [] [vhost] [google] [aff950cab4c0265e21d401db15f1026d]
https://cloud-portal-apps-a-us-central1-10.shopifycloud.com [302] [GET] [text/html] [302 Found] [] [vhost] [aff950cab4c0265e21d401db15f1026d]
https://cloud-portal-apps-a-us-central1-14.shopifycloud.com [302] [GET] [text/html] [302 Found] [] [vhost] [google] [aff950cab4c0265e21d401db15f1026d]
https://cloud-portal-apps-a-us-east1-13.shopifycloud.com [302] [GET] [text/html] [302 Found] [] [vhost] [google] [aff950cab4c0265e21d401db15f1026d]
https://cloud-portal-apps-a-us-east1-9.shopifycloud.com [302] [GET] [text/html] [302 Found] [] [vhost] [google] [aff950cab4c0265e21d401db15f1026d]
https://cloud-portal-apps-b-us-central1-8.shopifycloud.com [302] [GET] [text/html] [302 Found] [] [vhost] [aff950cab4c0265e21d401db15f1026d]
https://cloud-portal-apps-b-us-east1-7.shopifycloud.com [302] [GET] [text/html] [302 Found] [] [vhost] [google] [aff950cab4c0265e21d401db15f1026d]
https://cloud-portal-apps-core-na-ne1-2.shopifycloud.com [302] [GET] [text/html] [302 Found] [] [vhost] [google] [aff950cab4c0265e21d401db15f1026d]
https://cloud-portal-apps-eu-core-eu-we4-es67.shopifycloud.com [302] [GET] [text/html] [302 Found] [] [vhost] [google] [aff950cab4c0265e21d401db15f1026d]
https://cloud-portal-core-eu-we3-du16.shopifycloud.com [302] [GET] [text/html] [302 Found] [] [vhost] [google] [aff950cab4c0265e21d401db15f1026d]
https://cloud-portal-core-n1-us-ce1-eu17.shopifycloud.com [302] [GET] [text/html] [302 Found] [] [vhost] [google] [aff950cab4c0265e21d401db15f1026d]
https://cloud-portal-core-n1-us-ea1-hq89.shopifycloud.com [302] [GET] [text/html] [302 Found] [] [vhost] [google] [aff950cab4c0265e21d401db15f1026d]
https://cloud-portal-core-n1-us-ea1-zq96.shopifycloud.com [302] [GET] [text/html] [302 Found] [] [vhost] [google] [aff950cab4c0265e21d401db15f1026d]
https://cloud-portal-core-us-ce1-qo51.shopifycloud.com [302] [GET] [text/html] [302 Found] [] [vhost] [google] [aff950cab4c0265e21d401db15f1026d]
https://cloud-portal-core-us-ce1-xk79.shopifycloud.com [302] [GET] [text/html] [302 Found] [] [vhost] [google] [aff950cab4c0265e21d401db15f1026d]
https://cloud-portal-core-us-east1-we48.shopifycloud.com [302] [GET] [text/html] [302 Found] [] [vhost] [aff950cab4c0265e21d401db15f1026d]
https://cloud-portal-es-apps-na-ne1-1.shopifycloud.com [302] [GET] [text/html] [302 Found] [] [vhost] [google] [aff950cab4c0265e21d401db15f1026d]
https://cloud-portal-imagery-us-ea1-fv18.shopifycloud.com [302] [GET] [text/html] [302 Found] [] [vhost] [google] [aff950cab4c0265e21d401db15f1026d]
https://cloud-portal-infra-sandbox-us-ea1-dn76.shopifycloud.com [302] [GET] [text/html] [302 Found] [] [vhost] [google] [aff950cab4c0265e21d401db15f1026d]
https://cloud-portal-management-staging-us-central1-4.shopifycloud.com [302] [GET] [text/html] [302 Found] [] [vhost] [aff950cab4c0265e21d401db15f1026d]
https://cloud-portal-management-us-east1-3.shopifycloud.com [302] [GET] [text/html] [302 Found] [] [vhost] [google] [aff950cab4c0265e21d401db15f1026d]
https://cloud-portal-production-web-custom-apps-b-us-east1-9.shopifycloud.com [404] [GET] [text/html] [404 Not Found] [] [370e16c3b7dba286cff055f93b9a94d8]
https://cloud-portal-production-web-custom-management-us-east1-3.shopifycloud.com [404] [GET] [text/html] [404 Not Found] [] [8eec510e57f5f732fd2cce73df7b73ef]
https://cloud-portal-production-web-ping-apps-a-us-central1-9.shopifycloud.com [404] [GET] [text/html] [404 Not Found] [] [8eec510e57f5f732fd2cce73df7b73ef]
https://cloud-portal-production-web-ping-apps-b-us-central1-9.shopifycloud.com [404] [GET] [text/html] [404 Not Found] [] [8eec510e57f5f732fd2cce73df7b73ef]
https://cloud-portal-production-web-ping-apps-core-us-east1-1.shopifycloud.com [404] [GET] [text/html] [404 Not Found] [] [370e16c3b7dba286cff055f93b9a94d8]
https://cloud-portal-production-web-ping-imagery-us-central1-7.shopifycloud.com [404] [GET] [text/html] [404 Not Found] [] [370e16c3b7dba286cff055f93b9a94d8]
https://cloud-portal-pxu-na-ne1-2.shopifycloud.com [302] [GET] [text/html] [302 Found] [] [vhost] [google] [aff950cab4c0265e21d401db15f1026d]
https://cloud-portal.shopifycloud.com [302] [GET] [text/html] [302 Found] [] [vhost] [google] [aff950cab4c0265e21d401db15f1026d]
https://cluster-registry-staging-web-apps-b-us-east1-8.shopifycloud.com [404] [GET] [text/html] [404 Not Found] [] [370e16c3b7dba286cff055f93b9a94d8]
https://cm-splunk-staging-us-central1-a-1.shopifycloud.com [303] [GET] [text/html] [303 See Other] [] [vhost] [82ce448f25d02d5989d3bae0c767680c]
https://command-menu-prototype.shopifycloud.com [302] [GET] [text/html] [302 Found] [] [vhost] [google] [aff950cab4c0265e21d401db15f1026d]
https://communities-outreach.streamlit-service.shopifycloud.com [302] [GET] [text/html] [302 Found] [] [vhost] [google] [aff950cab4c0265e21d401db15f1026d]
https://compass.shopifycloud.com [301] [GET] [text/html] [] [] [vhost] [google] [b0eece17416953bc59cf449d8d87d0fa]
https://content-scanner-production-unrest-eklv7cvi-apps-b-us-central1-8.shopifycloud.com [404] [GET] [text/html] [404 Not Found] [] [370e16c3b7dba286cff055f93b9a94d8]
https://core-europe-west1-es7.secure-elasticsearch.es7.shopifycloud.com [401] [GET] [text/plain] [] [] [vhost] [88deaa1060b44cdf7f8732652a6f2e0f]
https://core-europe-west4-es7.secure-elasticsearch.es7.shopifycloud.com [401] [GET] [text/plain] [] [] [vhost] [88deaa1060b44cdf7f8732652a6f2e0f]
https://core-experiences-prototype-sandbox.shopifycloud.com [401] [GET] [text/html] [401 Authorization Required] [] [vhost] [google] [Basic] [55f69d37caed0efafa4d15970ed5f18e]
https://core-us-central1-es7.kibana.es7.shopifycloud.com [302] [GET] [text/html] [302 Found] [] [vhost] [aff950cab4c0265e21d401db15f1026d]
https://corp-dev.shopifycloud.com [302] [GET] [text/html] [302 Found] [] [vhost] [google] [aff950cab4c0265e21d401db15f1026d]
https://courier-canada.shopifycloud.com [404] [GET] [text/plain] [] [] [vhost] [google] [595e88012a6521aae3e12cbebe76eb9e]
https://courier.shopifycloud.com [302] [GET] [text/html] [] [] [vhost] [Google Cloud,Google Cloud Trace] [65b5f11fe79113bf4f14f783ccbf27d7]
https://cronograma.shopifycloud.com [302] [GET] [text/html] [302 Found] [] [vhost] [aff950cab4c0265e21d401db15f1026d]
https://curated-commerce-staging.shopifycloud.com [302] [GET] [text/html] [] [] [vhost] [8e51cdbf0fd2cb9ccc314e8f15b97ed8]
https://customer-data-platform-loadtest.shopifycloud.com [302] [GET] [text/html] [302 Found] [] [vhost] [Basic] [aff950cab4c0265e21d401db15f1026d]
https://customer-data-platform.secure-elasticsearch.i0.customer-data-platform-production-query-unrestricted-82mr.shopifycloud.com [401] [GET] [text/plain] [] [] [vhost] [88deaa1060b44cdf7f8732652a6f2e0f]
https://customer-data-platform-staging-query-unrestricted-i0.shopifycloud.com [404] [GET] [text/html] [404 Not Found] [] [370e16c3b7dba286cff055f93b9a94d8]
https://customer-engagement-service.shopifycloud.com [503] [GET] [text/html] [] [] [vhost] [google] [10d0de28911c5f66463b9c8783f8148a]
https://cypress-tests.shopifycloud.com [302] [GET] [text/html] [302 Found] [] [vhost] [aff950cab4c0265e21d401db15f1026d]
https://dancefloor-staging-i3m7.shopifycloud.com [302] [GET] [text/html] [302 Found] [] [vhost] [aff950cab4c0265e21d401db15f1026d]
https://data-handbook-qa.shopifycloud.com [302] [GET] [text/html] [302 Found] [] [vhost] [google] [aff950cab4c0265e21d401db15f1026d]
https://data-merlin-api-staging.shopifycloud.com [302] [GET] [text/html] [302 Found] [] [vhost] [google] [Basic] [aff950cab4c0265e21d401db15f1026d]
https://data-portal-staging-pt50.shopifycloud.com [302] [GET] [text/html] [302 Found] [] [vhost] [google] [aff950cab4c0265e21d401db15f1026d]
https://data-portal-staging.shopifycloud.com [302] [GET] [text/html] [302 Found] [] [vhost] [aff950cab4c0265e21d401db15f1026d]
https://data-toolkit.shopifycloud.com [302] [GET] [text/html] [302 Found] [] [vhost] [google] [aff950cab4c0265e21d401db15f1026d]
https://declarative-forms-editor.shopifycloud.com [302] [GET] [text/html] [302 Found] [] [vhost] [google] [aff950cab4c0265e21d401db15f1026d]
https://delegation-of-authority-bot.shopifycloud.com [302] [GET] [text/html] [302 Found] [] [vhost] [aff950cab4c0265e21d401db15f1026d]
https://detour.shopifycloud.com [404] [GET] [text/html] [404 Not Found] [] [8eec510e57f5f732fd2cce73df7b73ef]
https://devdegree-bridge-ariana.shopifycloud.com [302] [GET] [text/html] [302 Found] [] [vhost] [aff950cab4c0265e21d401db15f1026d]
https://devdegree-bridge-freddie.shopifycloud.com [302] [GET] [text/html] [302 Found] [] [vhost] [aff950cab4c0265e21d401db15f1026d]
https://development-docs-staging.shopifycloud.com [302] [GET] [text/html] [302 Found] [] [vhost] [aff950cab4c0265e21d401db15f1026d]
https://devicemanager.shopifycloud.com [404] [GET] [text/html] [The page you were looking for doesn't exist (404)] [] [vhost] [google] [f4d59d741048f0f72dc59c7cec8e4575]
https://dev-til.shopifycloud.com [503] [GET] [text/html] [] [] [vhost] [google] [10d0de28911c5f66463b9c8783f8148a]
https://diffy-server.shopifycloud.com [404] [GET] [text/html] [Error] [] [vhost] [Express,Node.js] [da7da7d630292e7a2a7dda8ca87b3d39]
https://disco-time.shopifycloud.com [302] [GET] [text/html] [302 Found] [] [vhost] [google] [aff950cab4c0265e21d401db15f1026d]
https://docs.shopifycloud.com [301] [GET] [text/html] [301 Moved Permanently] [] [vhost] [google] [4f8e702cc244ec5d4de32740c0ecbd97]
https://doer7.kibana.shopifycloud.com [404] [GET] [text/html] [404 Not Found] [] [google] [8eec510e57f5f732fd2cce73df7b73ef]
https://domainify-staging.shopifycloud.com [302] [GET] [text/html] [302 Found] [] [vhost] [google] [aff950cab4c0265e21d401db15f1026d]
https://drill-staging.shopifycloud.com [302] [GET] [text/html] [302 Found] [] [vhost] [google] [aff950cab4c0265e21d401db15f1026d]
https://duties-taxes-service.shopifycloud.com [401] [GET] [text/html] [401 Authorization Required] [] [vhost] [Basic] [55f69d37caed0efafa4d15970ed5f18e]
https://edge-cache-service.shopifycloud.com [302] [GET] [text/html] [302 Found] [] [vhost] [google] [aff950cab4c0265e21d401db15f1026d]
https://elasticsearch-failover-dev-produ-afarwj2r-es-staging-us-east1-1.shopifycloud.com [404] [GET] [text/html] [404 Not Found] [] [370e16c3b7dba286cff055f93b9a94d8]
https://elasticsearch-failover-dev-staging.shopifycloud.com [302] [GET] [text/html] [302 Found] [] [vhost] [google] [aff950cab4c0265e21d401db15f1026d]
https://elasticsearch.kibana.i0.production-unrestricted-od3g.emex-net-basic-app.shopifycloud.com [302] [GET] [text/html] [302 Found] [] [vhost] [google] [aff950cab4c0265e21d401db15f1026d]
https://elasticsearch.kibana.i0.staging-unrestricted-pt50.data-portal.shopifycloud.com [302] [GET] [text/html] [302 Found] [] [vhost] [google] [aff950cab4c0265e21d401db15f1026d]
https://elasticsearch.secure-elasticsearch.command-menu-prototype-production-unrestricted-jnzi.shopifycloud.com [401] [GET] [text/plain] [] [] [vhost] [google] [88deaa1060b44cdf7f8732652a6f2e0f]
https://elasticsearch.secure-elasticsearch.courier-audit-production-unrestricted.shopifycloud.com [401] [GET] [text/plain] [] [] [vhost] [google] [88deaa1060b44cdf7f8732652a6f2e0f]
https://elasticsearch.secure-elasticsearch.deep-understanding-similarity-production-unrestricted-jpix.shopifycloud.com [401] [GET] [text/plain] [] [] [vhost] [google] [88deaa1060b44cdf7f8732652a6f2e0f]
https://elasticsearch.secure-elasticsearch.emex-net-basic-app-production-unrestricted-od3g.shopifycloud.com [401] [GET] [text/plain] [] [] [vhost] [google] [88deaa1060b44cdf7f8732652a6f2e0f]
https://elasticsearch.secure-elasticsearch.shopify-payments-tools-production-unrestricted-rnzq.shopifycloud.com [401] [GET] [text/plain] [] [] [vhost] [88deaa1060b44cdf7f8732652a6f2e0f]
https://elasticsearch-v6.kibana.i0.staging-zeebe-unrestricted-uwge.trust-rules-engine.shopifycloud.com [302] [GET] [text/html] [302 Found] [] [vhost] [google] [aff950cab4c0265e21d401db15f1026d]
https://email-insights-by-funnel.streamlit-service.shopifycloud.com [302] [GET] [text/html] [302 Found] [] [vhost] [google] [aff950cab4c0265e21d401db15f1026d]
https://email-production-web-internal-apps-a-us-east1-9.shopifycloud.com [404] [GET] [text/html] [404 Not Found] [] [8eec510e57f5f732fd2cce73df7b73ef]
https://email.secure-elasticsearch.email-staging-unrestricted.shopifycloud.com [401] [GET] [text/plain] [] [] [vhost] [88deaa1060b44cdf7f8732652a6f2e0f]
https://empowered-by-shopify-staging.shopifycloud.com [200] [GET] [text/html] [Celebrating entrepreneurs empowered by Shopify] [] [vhost] [React] [751e604d85f8f6d489eb26c68c120b5b]
https://es7-core-europe-west1-es7--kibana-es-core-europe-west1-2.shopifycloud.com [404] [GET] [text/html] [404 Not Found] [] [370e16c3b7dba286cff055f93b9a94d8]
https://es7-staging-es-staging--elasticsearch-es-staging-us-central1-3.shopifycloud.com [404] [GET] [text/html] [404 Not Found] [] [370e16c3b7dba286cff055f93b9a94d8]
https://ethan-aubuchon-test-app-staging.shopifycloud.com [503] [GET] [text/html] [] [] [vhost] [10d0de28911c5f66463b9c8783f8148a]
https://evs-shipping-staging-unrestricted-web-apps-b-us-central1-8.shopifycloud.com [404] [GET] [text/html] [404 Not Found] [] [370e16c3b7dba286cff055f93b9a94d8]
https://exchange-production-exchange-es6--kef47jtx-es-apps-a-us-east1-2.shopifycloud.com [404] [GET] [text/html] [404 Not Found] [] [370e16c3b7dba286cff055f93b9a94d8]
https://exchange.shopifycloud.com [301] [GET] [text/html] [] [] [vhost] [google] [c2f500263a05ad17e94ba9ba61cdf6df]
https://experiments-dashboard.shopifycloud.com [302] [GET] [text/html] [302 Found] [] [vhost] [google] [aff950cab4c0265e21d401db15f1026d]
https://extensions-sandbox-app.shopifycloud.com [302] [GET] [text/html] [302 Found] [] [vhost] [google] [aff950cab4c0265e21d401db15f1026d]
https://facebook-ads-staging2.shopifycloud.com [302] [GET] [text/html] [] [] [vhost] [b8b927d90f7585e9f9dc80b2f71b3650]
https://fas.shopifycloud.com [404] [GET] [text/plain] [] [] [vhost] [google] [595e88012a6521aae3e12cbebe76eb9e]
https://fb-capi-production-unrestricted-2p0r-i1.shopifycloud.com [401] [GET] [text/html] [401 Authorization Required] [] [vhost] [Basic] [55f69d37caed0efafa4d15970ed5f18e]
https://fb-capi.shopifycloud.com [404] [GET] [text/html] [404 Not Found] [] [8eec510e57f5f732fd2cce73df7b73ef]
https://flashsales-staging.shopifycloud.com [302] [GET] [text/html] [302 Found] [] [vhost] [aff950cab4c0265e21d401db15f1026d]
https://flow-connectors-canada.shopifycloud.com [404] [GET] [text/html] [The page you were looking for doesn't exist (404)] [] [vhost] [4ead20c186eaf2f7c09d6627ab7c0102]
https://flow-web-canada.shopifycloud.com [200] [GET] [text/html] [] [] [vhost] [PayPal] [d5094dbc5d0e466bc7cf5b167cd69d7b]
https://fohcs.kibana.shopifycloud.com [404] [GET] [text/html] [404 Not Found] [] [370e16c3b7dba286cff055f93b9a94d8]
https://ftf-app.shopifycloud.com [302] [GET] [text/html] [] [] [vhost] [59a2b15751c08481dea5302af322b130]
https://genghis.shopifycloud.com [401] [GET] [text/plain] [] [] [vhost] [google] [Basic,Google Cloud,Google Cloud Trace] [be3c5cdccf225ae191b14b7dcef21246]
https://geolocation-recommendations.shopifycloud.com [302] [GET] [text/html] [] [] [vhost] [google] [88690b5bf210a36a47f46e00ebd0a735]
https://github-certification.shopifycloud.com [302] [GET] [text/html] [] [] [vhost] [b351093251f36689fb67ebe83729bdee]
https://global-search-sandbox-production--brrkv6cg-apps-b-us-central1-9.shopifycloud.com [404] [GET] [text/html] [404 Not Found] [] [8eec510e57f5f732fd2cce73df7b73ef]
https://godog.shopifycloud.com [404] [GET] [text/plain] [] [] [vhost] [google] [595e88012a6521aae3e12cbebe76eb9e]
https://gradle-build-cache.shopifycloud.com [401] [GET] [text/html] [Build cache node | Gradle Enterprise] [] [vhost] [google] [Basic,Java] [4e5bab4ac5b0bd0a967735fe24485e8f]
https://grok.shopifycloud.com [301] [GET] [text/html] [301 Moved Permanently] [] [vhost] [4f8e702cc244ec5d4de32740c0ecbd97]
https://growth-labs-production-unrestricted-2i9v-web-apps-b-us-east1-9.shopifycloud.com [404] [GET] [text/html] [404 Not Found] [] [370e16c3b7dba286cff055f93b9a94d8]
https://growth-tools-staging4.shopifycloud.com [302] [GET] [text/html] [302 Found] [] [vhost] [google] [aff950cab4c0265e21d401db15f1026d]
https://growth-tools-staging8.shopifycloud.com [302] [GET] [text/html] [302 Found] [] [vhost] [google] [aff950cab4c0265e21d401db15f1026d]
https://growth-tools-staging-9-unrestrict-5abrxxxn-apps-b-us-central1-9.shopifycloud.com [404] [GET] [text/html] [404 Not Found] [] [370e16c3b7dba286cff055f93b9a94d8]
https://gsf.shopifycloud.com [302] [GET] [text/html] [302 Found] [] [vhost] [google] [aff950cab4c0265e21d401db15f1026d]
https://hackdays32-barcodify.shopifycloud.com [302] [GET] [text/html] [302 Found] [] [vhost] [google] [aff950cab4c0265e21d401db15f1026d]
https://hackdays-clockify.shopifycloud.com [302] [GET] [text/html] [302 Found] [] [vhost] [google] [aff950cab4c0265e21d401db15f1026d]
https://hack-days-staging.shopifycloud.com [302] [GET] [text/html] [302 Found] [] [vhost] [google] [aff950cab4c0265e21d401db15f1026d]
https://handshake-core-internal.shopifycloud.com [200] [GET] [text/html] [Shopify Products] [] [vhost] [PHP,React] [695e8e242e1e2da946ad1b76ceb96edc]
https://handshake-search.secure-elasticsearch.handshake-search-production-unrestricted.shopifycloud.com [401] [GET] [text/plain] [] [] [vhost] [google] [88deaa1060b44cdf7f8732652a6f2e0f]
https://handshake-search-staging-unres-5knzwdck-es-apps-b-us-central1-2.shopifycloud.com [404] [GET] [text/html] [404 Not Found] [] [370e16c3b7dba286cff055f93b9a94d8]
https://hd-d90-community.shopifycloud.com [302] [GET] [text/html] [302 Found] [] [vhost] [google] [aff950cab4c0265e21d401db15f1026d]
https://hedwig-test.shopifycloud.com [503] [GET] [text/html] [] [] [vhost] [google] [10d0de28911c5f66463b9c8783f8148a]
https://helpdesk-staging.shopifycloud.com [302] [GET] [text/html] [302 Found] [] [vhost] [google] [aff950cab4c0265e21d401db15f1026d]
https://help-staging3.shopifycloud.com [302] [GET] [text/html] [302 Found] [] [vhost] [aff950cab4c0265e21d401db15f1026d]
https://help-staging5.shopifycloud.com [302] [GET] [text/html] [302 Found] [] [vhost] [google] [aff950cab4c0265e21d401db15f1026d]
https://help-staging7.shopifycloud.com [302] [GET] [text/html] [302 Found] [] [vhost] [aff950cab4c0265e21d401db15f1026d]
https://hive-logs-proxy.shopifycloud.com [404] [GET] [text/plain] [] [] [vhost] [595e88012a6521aae3e12cbebe76eb9e]
https://hush-staging.shopifycloud.com [200] [GET] [text/html] [Share a secret - One Time] [] [vhost] [Bootstrap] [1baa282032db2882888940f29a92f8f4]
https://hydrogen-website.shopifycloud.com [200] [GET] [text/html] [Hydrogen: Shopify's opinionated framework for building headless ecommerce] [] [vhost] [google] [Svelte] [d83218c757734ee08ebe53291390bf42]
https://identity-graph-staging.shopifycloud.com [302] [GET] [text/html] [302 Found] [] [vhost] [google] [Basic] [aff950cab4c0265e21d401db15f1026d]
https://identity-proofing.shopifycloud.com [302] [GET] [text/html] [302 Found] [] [vhost] [google] [aff950cab4c0265e21d401db15f1026d]
https://idx-splunk-staging-us-central1-a-1.shopifycloud.com [404] [GET] [text/html] [404 Not Found] [] [vhost] [google] [9f35d337bbaeaacb6e1862270b6782a5]
https://idx-splunk-us-east4-a-1.shopifycloud.com [404] [GET] [text/html] [404 Not Found] [] [vhost] [google] [9f35d337bbaeaacb6e1862270b6782a5]
https://ihub-staging.shopifycloud.com [302] [GET] [text/html] [302 Found] [] [vhost] [google] [aff950cab4c0265e21d401db15f1026d]
https://imagery3-production-unrestricted-nvwhtn4h-imagery-us-central1-7.shopifycloud.com [404] [GET] [text/html] [404 Not Found] [] [370e16c3b7dba286cff055f93b9a94d8]
https://immersive-google-meet.shopifycloud.com [302] [GET] [text/html] [302 Found] [] [vhost] [google] [aff950cab4c0265e21d401db15f1026d]
https://inbox-web-client-host-staging.shopifycloud.com [302] [GET] [text/html] [] [] [vhost] [google] [3d3da9266b66bbc3eacd2f0ce65e6473]
https://incident-dashboard.shopifycloud.com [302] [GET] [text/html] [302 Found] [] [vhost] [aff950cab4c0265e21d401db15f1026d]
https://iris-frontend-poc.shopifycloud.com [302] [GET] [text/html] [302 Found] [] [vhost] [google] [aff950cab4c0265e21d401db15f1026d]
https://ivm-staging.shopifycloud.com [404] [GET] [text/plain] [] [] [vhost] [595e88012a6521aae3e12cbebe76eb9e]
https://james-esi-4.secure-elasticsearch.james.shopifycloud.com [401] [GET] [text/plain] [] [] [vhost] [google] [88deaa1060b44cdf7f8732652a6f2e0f]
https://james-hall-test-staging.shopifycloud.com [302] [GET] [text/html] [302 Found] [] [vhost] [google] [aff950cab4c0265e21d401db15f1026d]
https://jamfpro-staging.shopifycloud.com [302] [GET] [] [] [] [vhost] [google] [Java] [d41d8cd98f00b204e9800998ecf8427e]
https://job-post-lint.shopifycloud.com [302] [GET] [text/html] [302 Found] [] [vhost] [google] [aff950cab4c0265e21d401db15f1026d]
https://jupyterhub-jupyterhub-data-notebooks-staging.shopifycloud.com [404] [GET] [text/html] [404 Not Found] [] [370e16c3b7dba286cff055f93b9a94d8]
https://kafka-scrubber-production-web-apps-a-us-east1-9.shopifycloud.com [404] [GET] [text/html] [404 Not Found] [] [8eec510e57f5f732fd2cce73df7b73ef]
https://kafka-scrubber.shopifycloud.com [404] [GET] [text/plain] [] [] [vhost] [google] [595e88012a6521aae3e12cbebe76eb9e]
https://kalindu-test-app-staging.shopifycloud.com [503] [GET] [text/html] [503 Service Temporarily Unavailable] [] [vhost] [google] [80d85d8dee5d6b66ea68013f7ca3284a]
https://katesql-manager-staging-vitess.shopifycloud.com [302] [GET] [text/html] [302 Found] [] [vhost] [google] [aff950cab4c0265e21d401db15f1026d]
https://katesql-orchestrator-sandbox-api.shopifycloud.com [401] [GET] [text/html] [401 Authorization Required] [] [vhost] [Basic] [55f69d37caed0efafa4d15970ed5f18e]
https://kepler-production-web-apps-b-us-east1-9.shopifycloud.com [404] [GET] [text/html] [404 Not Found] [] [8eec510e57f5f732fd2cce73df7b73ef]
https://kibana-auth-proxy-staging.kibana.kibana-auth-proxy-staging.shopifycloud.com [302] [GET] [text/html] [302 Found] [] [vhost] [aff950cab4c0265e21d401db15f1026d]
https://krate-webhooks-production-sox-unr-eqlsnyi5-apps-b-us-central1-9.shopifycloud.com [404] [GET] [text/html] [404 Not Found] [] [370e16c3b7dba286cff055f93b9a94d8]
https://krate-webhooks-sox.shopifycloud.com [503] [GET] [text/html] [] [] [vhost] [10d0de28911c5f66463b9c8783f8148a]
https://l4oam.kibana.shopifycloud.com [404] [GET] [text/html] [404 Not Found] [] [370e16c3b7dba286cff055f93b9a94d8]
https://launchpad.shopifycloud.com [302] [GET] [text/html] [] [] [vhost] [google] [Ruby,Ruby on Rails] [1aabe24ca3882c4d7ba65fe8e2500ff0]
https://lexicon.shopifycloud.com [503] [GET] [text/html] [] [] [vhost] [google] [10d0de28911c5f66463b9c8783f8148a]
https://linkpop-staging-2.shopifycloud.com [404] [GET] [text/html] [404 Not Found] [] [google] [8eec510e57f5f732fd2cce73df7b73ef]
https://logging-rails-playground.shopifycloud.com [302] [GET] [text/html] [302 Found] [] [vhost] [google] [aff950cab4c0265e21d401db15f1026d]
https://logs-staging-us-central1-a-1.shopifycloud.com [503] [GET] [text/html] [503 Service Temporarily Unavailable] [] [vhost] [3267dd8f0e96711dd54dbb1f5676b447]
https://logs-us-east1-d-1.shopifycloud.com [503] [GET] [text/html] [503 Service Temporarily Unavailable] [] [vhost] [google] [80d85d8dee5d6b66ea68013f7ca3284a]
https://lqxnz.kibana.shopifycloud.com [404] [GET] [text/html] [404 Not Found] [] [370e16c3b7dba286cff055f93b9a94d8]
https://maedmin-production-unrestricted-h-eyvzxzrq-apps-b-us-central1-9.shopifycloud.com [404] [GET] [text/html] [404 Not Found] [] [370e16c3b7dba286cff055f93b9a94d8]
https://maestro-service-synload-benchmark.shopifycloud.com [401] [GET] [text/html] [401 Authorization Required] [] [vhost] [Basic] [55f69d37caed0efafa4d15970ed5f18e]
https://magellan-production-unrestricted--scmcrp34-apps-core-us-east1-1.shopifycloud.com [404] [GET] [text/html] [404 Not Found] [] [8eec510e57f5f732fd2cce73df7b73ef]
https://marco-subs-test.shopifycloud.com [302] [GET] [text/html] [302 Found] [] [vhost] [aff950cab4c0265e21d401db15f1026d]
https://marketing-styleguide-production-web-external-apps-b-us-east1-7.shopifycloud.com [404] [GET] [text/html] [404 Not Found] [] [370e16c3b7dba286cff055f93b9a94d8]
https://marketplace-platform.shopifycloud.com [302] [GET] [text/html] [302 Found] [] [vhost] [Basic] [aff950cab4c0265e21d401db15f1026d]
https://mauro-test-jobs.shopifycloud.com [302] [GET] [text/html] [302 Found] [] [vhost] [google] [aff950cab4c0265e21d401db15f1026d]
https://merchant-acceleration.shopifycloud.com [302] [GET] [text/html] [] [] [vhost] [google] [5ed02d6e171887432a8e43c008772805]
https://merchant-engagement-admin-sandbox.shopifycloud.com [503] [GET] [text/html] [503 Service Temporarily Unavailable] [] [vhost] [3267dd8f0e96711dd54dbb1f5676b447]
https://merchant-frustrations.secure-elasticsearch.merchant-frustrations-staging-unrestricted.shopifycloud.com [401] [GET] [text/plain] [] [] [vhost] [88deaa1060b44cdf7f8732652a6f2e0f]
https://merchant-to-merchant-curator-staging.shopifycloud.com [404] [GET] [text/html] [The page you were looking for doesn't exist (404)] [] [vhost] [google] [4ead20c186eaf2f7c09d6627ab7c0102]
https://merchant-to-merchant.shopifycloud.com [503] [GET] [text/html] [] [] [vhost] [google] [10d0de28911c5f66463b9c8783f8148a]
https://merchant-to-merchant-staging.shopifycloud.com [404] [GET] [text/html] [The page you were looking for doesn't exist (404)] [] [vhost] [google] [4ead20c186eaf2f7c09d6627ab7c0102]
https://merlin-api-adhoc.shopifycloud.com [302] [GET] [text/html] [302 Found] [] [vhost] [Basic] [aff950cab4c0265e21d401db15f1026d]
https://meta-channel-poc.shopifycloud.com [200] [GET] [text/html] [] [] [vhost] [Next.js,Node.js,React,webpack] [1118643f7bb5c971fb9d27806c3b9d3f]
https://michel-test.es-26abq.shopifycloud.com [404] [GET] [text/html] [404 Not Found] [] [370e16c3b7dba286cff055f93b9a94d8]
https://minerva-scep-production-unrestricted-web-apps-b-us-east1-9.shopifycloud.com [404] [GET] [text/html] [404 Not Found] [] [370e16c3b7dba286cff055f93b9a94d8]
https://minerva-test-application.shopifycloud.com [302] [GET] [text/html] [302 Found] [] [vhost] [google] [aff950cab4c0265e21d401db15f1026d]
https://minerva-verify-staging.shopifycloud.com [400] [GET] [] [] [] [vhost] [google] [d41d8cd98f00b204e9800998ecf8427e]
https://mlprojects-db.shopifycloud.com [302] [GET] [text/html] [302 Found] [] [vhost] [google] [aff950cab4c0265e21d401db15f1026d]
https://mobility-test-app-production-unr-eirmwyw7-apps-b-us-central1-10.shopifycloud.com [404] [GET] [text/html] [404 Not Found] [] [370e16c3b7dba286cff055f93b9a94d8]
https://moi-comet-model.shopifycloud.com [401] [GET] [text/html] [401 Authorization Required] [] [vhost] [google] [Basic] [55f69d37caed0efafa4d15970ed5f18e]
https://monitor-scylla-us-east1-1.shopifycloud.com [302] [GET] [text/html] [302 Found] [] [vhost] [aff950cab4c0265e21d401db15f1026d]
https://monorail-edge.shopifycloud.com [404] [GET] [text/plain] [] [] [vhost] [google] [595e88012a6521aae3e12cbebe76eb9e]
https://monorail-registry-oauth.shopifycloud.com [302] [GET] [text/html] [302 Found] [] [vhost] [google] [aff950cab4c0265e21d401db15f1026d]
https://monorail-staging.shopifycloud.com [302] [GET] [text/html] [302 Found] [] [vhost] [google] [aff950cab4c0265e21d401db15f1026d]
https://monpliance.kibana.i0.production-unrestricted.monpliance.shopifycloud.com [302] [GET] [text/html] [302 Found] [] [vhost] [google] [aff950cab4c0265e21d401db15f1026d]
https://monpliance-production-monpliance--ufetifsw-es-apps-b-us-east1-1.shopifycloud.com [404] [GET] [text/html] [404 Not Found] [] [8eec510e57f5f732fd2cce73df7b73ef]
https://monpliance.shopifycloud.com [302] [GET] [] [] [] [vhost] [google] [d41d8cd98f00b204e9800998ecf8427e]
https://nextjs-admin-starter.shopifycloud.com [500] [GET] [text/html] [500 Internal Server Error] [] [vhost] [e84f022438466f11192ea3d60f5710fa]
https://nft-gating-app.shopifycloud.com [302] [GET] [text/html] [302 Found] [] [vhost] [google] [aff950cab4c0265e21d401db15f1026d]
https://ngram-viewer.growth-labs.shopifycloud.com [302] [GET] [text/html] [302 Found] [] [vhost] [google] [aff950cab4c0265e21d401db15f1026d]
https://notary.shopifycloud.com [302] [GET] [text/html] [302 Found] [] [vhost] [Basic] [aff950cab4c0265e21d401db15f1026d]
https://o11y-test-rw.shopifycloud.com [302] [GET] [text/html] [302 Found] [] [vhost] [google] [aff950cab4c0265e21d401db15f1026d]
https://oberlo-image-proxy.shopifycloud.com [400] [GET] [] [] [] [vhost] [google] [d41d8cd98f00b204e9800998ecf8427e]
https://observe-api-staging.shopifycloud.com [302] [GET] [text/html] [302 Found] [] [vhost] [google] [Basic] [aff950cab4c0265e21d401db15f1026d]
https://observe-grafana-shopify-sandbox.shopifycloud.com [302] [GET] [text/html] [] [] [vhost] [google] [cb0b177a86bb404bfe3fb7697196e9b7]
https://omybm.kibana.shopifycloud.com [404] [GET] [text/html] [404 Not Found] [] [google] [370e16c3b7dba286cff055f93b9a94d8]
https://onepassword-scim.shopifycloud.com [200] [GET] [text/html] [1Password SCIM Bridge Login] [] [vhost] [1458e5f1376d8b5333adce09ed932ca3]
https://orchestrator-apps-east.shopifycloud.com [302] [GET] [text/html] [302 Found] [] [vhost] [aff950cab4c0265e21d401db15f1026d]
https://orchestrator.shopifycloud.com [302] [GET] [text/html] [302 Found] [] [vhost] [aade1473d7f8858a24dcca062a0dbd94]
https://otel-collector-client-metrics-staging.shopifycloud.com [404] [GET] [text/plain] [] [] [vhost] [google] [595e88012a6521aae3e12cbebe76eb9e]
https://oxygen-directory.shopifycloud.com [302] [GET] [text/html] [302 Found] [] [vhost] [google] [Basic] [aff950cab4c0265e21d401db15f1026d]
https://oxygen-dms.shopifycloud.com [302] [GET] [text/html] [302 Found] [] [vhost] [google] [aff950cab4c0265e21d401db15f1026d]
https://oxygen-observabilit-marxd5c4-oxygen-observability-us-central1-1.shopifycloud.com [404] [GET] [text/html] [404 Not Found] [] [370e16c3b7dba286cff055f93b9a94d8]
https://pairing-tournament.shopifycloud.com [302] [GET] [text/html] [302 Found] [] [vhost] [google] [aff950cab4c0265e21d401db15f1026d]
https://panama-staging.shopifycloud.com [302] [GET] [text/html] [302 Found] [] [vhost] [aff950cab4c0265e21d401db15f1026d]
https://partners-production-partners-es7--kibana-es-apps-a-us-east1-2.shopifycloud.com [404] [GET] [text/html] [404 Not Found] [] [8eec510e57f5f732fd2cce73df7b73ef]
https://patdown-staging.shopifycloud.com [302] [GET] [text/html] [] [] [vhost] [google] [34c9db024db041adb39b0a7d5cccac55]
https://patricks-app-playground-canary-router.shopifycloud.com [302] [GET] [text/html] [302 Found] [] [vhost] [Basic] [aff950cab4c0265e21d401db15f1026d]
https://payment-service.shopifycloud.com [302] [GET] [text/html] [302 Found] [] [vhost] [aff950cab4c0265e21d401db15f1026d]
https://pepto-table-service-prod-sx2p3g6x-data-platform-a-us-central1-1.shopifycloud.com [404] [GET] [text/html] [404 Not Found] [] [370e16c3b7dba286cff055f93b9a94d8]
https://phoney.shopifycloud.com [302] [GET] [text/html] [302 Found] [] [vhost] [google] [aff950cab4c0265e21d401db15f1026d]
https://pl-test.shopifycloud.com [302] [GET] [text/html] [302 Found] [] [vhost] [google] [aff950cab4c0265e21d401db15f1026d]
https://plus-support-fed-dashboard.shopifycloud.com [302] [GET] [text/html] [302 Found] [] [vhost] [aff950cab4c0265e21d401db15f1026d]
https://plus-website-staging4.shopifycloud.com [302] [GET] [text/html] [302 Found] [] [vhost] [google] [aff950cab4c0265e21d401db15f1026d]
https://plus-website-staging7jis.shopifycloud.com [302] [GET] [text/html] [302 Found] [] [vhost] [google] [aff950cab4c0265e21d401db15f1026d]
https://plus-website-stagingfzad.shopifycloud.com [302] [GET] [text/html] [302 Found] [] [vhost] [google] [aff950cab4c0265e21d401db15f1026d]
https://plus-website-stagingn1og.shopifycloud.com [302] [GET] [text/html] [302 Found] [] [vhost] [google] [aff950cab4c0265e21d401db15f1026d]
https://poozle-staging-unrestricted-po-iyzxyav2-es-apps-b-us-central1-2.shopifycloud.com [404] [GET] [text/html] [404 Not Found] [] [8eec510e57f5f732fd2cce73df7b73ef]
https://popandau-go.shopifycloud.com [404] [GET] [text/plain] [] [] [vhost] [google] [595e88012a6521aae3e12cbebe76eb9e]
https://pos-channel-staging.shopifycloud.com [502] [GET] [text/html] [502 Bad Gateway] [] [vhost] [eac0a6a53d4a4353aace122055b4b4c8]
https://privacy-banner.shopifycloud.com [302] [GET] [text/html] [] [] [vhost] [16196099c2a31251171ee28286f3424c]
https://production-change-visualization.shopifycloud.com [302] [GET] [text/html] [302 Found] [] [vhost] [google] [aff950cab4c0265e21d401db15f1026d]
https://production-platform-staging-qrjz.shopifycloud.com [302] [GET] [] [] [] [vhost] [google] [d41d8cd98f00b204e9800998ecf8427e]
https://product-sync-dependency-stubber-staging.shopifycloud.com [401] [GET] [text/html] [401 Authorization Required] [] [vhost] [Basic] [55f69d37caed0efafa4d15970ed5f18e]
https://profiling-ruby-test-app.shopifycloud.com [302] [GET] [text/html] [302 Found] [] [vhost] [google] [aff950cab4c0265e21d401db15f1026d]
https://prometheus-na-ne1-hz50.shopifycloud.com [401] [GET] [text/html] [401 Authorization Required] [] [vhost] [Basic] [55f69d37caed0efafa4d15970ed5f18e]
https://proxysql-rules.shopifycloud.com [302] [GET] [text/html] [302 Found] [] [vhost] [aff950cab4c0265e21d401db15f1026d]
https://qxdtj.kibana.shopifycloud.com [404] [GET] [text/html] [404 Not Found] [] [8eec510e57f5f732fd2cce73df7b73ef]
https://rack-queue.shopifycloud.com [404] [GET] [text/plain] [] [] [vhost] [7f284a5c359c107e36c3e17c17038e8b]
https://ray-ray-dashboard-ingress-data-merlin-prod-us-central1-1.shopifycloud.com [404] [GET] [text/html] [404 Not Found] [] [370e16c3b7dba286cff055f93b9a94d8]
https://react-native-tophat-server-stagi-sskxthgt-apps-b-us-central1-10.shopifycloud.com [404] [GET] [text/html] [404 Not Found] [] [370e16c3b7dba286cff055f93b9a94d8]
https://realtime-staging-unrestricted-rai-iybaw7ku-apps-b-us-central1-9.shopifycloud.com [404] [GET] [text/html] [404 Not Found] [] [370e16c3b7dba286cff055f93b9a94d8]
https://reindex-coordinator.shopifycloud.com [302] [GET] [text/html] [302 Found] [] [vhost] [Basic] [aff950cab4c0265e21d401db15f1026d]
https://reportify-query-production-query-admin-reportify-na-ne1-1.shopifycloud.com [404] [GET] [text/html] [404 Not Found] [] [8eec510e57f5f732fd2cce73df7b73ef]
https://reportify-query-staging.shopifycloud.com [302] [GET] [text/html] [302 Found] [] [vhost] [google] [aff950cab4c0265e21d401db15f1026d]
https://retail-telemetry-proxy.shopifycloud.com [200] [GET] [text/html] [] [] [vhost] [google] [d41d8cd98f00b204e9800998ecf8427e]
https://retail-telemetry-proxy-staging.shopifycloud.com [200] [GET] [text/html] [] [] [vhost] [google] [d41d8cd98f00b204e9800998ecf8427e]
https://retrospace.shopifycloud.com [302] [GET] [text/html] [302 Found] [] [vhost] [google] [aff950cab4c0265e21d401db15f1026d]
https://rg-vanilla-app.shopifycloud.com [302] [GET] [text/html] [302 Found] [] [vhost] [aff950cab4c0265e21d401db15f1026d]
https://rollout-monitor.streamlit-service.shopifycloud.com [302] [GET] [text/html] [302 Found] [] [vhost] [aff950cab4c0265e21d401db15f1026d]
https://runtime-engine-central.shopifycloud.com [403] [GET] [] [] [] [vhost] [432a2240114b1242ac39695d554a7304]
https://runtime-engine.shopifycloud.com [403] [GET] [] [] [] [vhost] [432a2240114b1242ac39695d554a7304]
https://russbot-elasticsearch.kibana.russbot-production.shopifycloud.com [302] [GET] [text/html] [302 Found] [] [vhost] [google] [aff950cab4c0265e21d401db15f1026d]
https://rw3re.kibana.shopifycloud.com [404] [GET] [text/html] [404 Not Found] [] [google] [8eec510e57f5f732fd2cce73df7b73ef]
https://safer.shopifycloud.com [503] [GET] [text/html] [503 Service Temporarily Unavailable] [] [vhost] [80d85d8dee5d6b66ea68013f7ca3284a]
https://salesforce-connector.shopifycloud.com [302] [GET] [text/html] [302 Found] [] [vhost] [google] [aff950cab4c0265e21d401db15f1026d]
https://sap-splunk-na-ne1-b-1.shopifycloud.com [403] [GET] [text/plain] [] [] [vhost] [google] [086d9069069ed62de536cbd4f326d0a9]
https://sap-splunk-us-east4-a-1.shopifycloud.com [403] [GET] [text/plain] [] [] [vhost] [google] [086d9069069ed62de536cbd4f326d0a9]
https://savage-sign-on-test-client.shopifycloud.com [302] [GET] [text/html] [302 Found] [] [vhost] [aff950cab4c0265e21d401db15f1026d]
https://schema-migrations-test-app.shopifycloud.com [503] [GET] [text/html] [] [] [vhost] [google] [10d0de28911c5f66463b9c8783f8148a]
https://schema-registry-viewer.shopifycloud.com [302] [GET] [text/html] [302 Found] [] [vhost] [google] [aff950cab4c0265e21d401db15f1026d]
https://script-editor.shopifycloud.com [302] [GET] [text/html] [] [] [vhost] [google] [d29146bd9cf1d9ac2b6cb4f860f63ea8]
https://script-service.kibana.i0.production-unrestricted.script-service.shopifycloud.com [302] [GET] [text/html] [302 Found] [] [vhost] [aff950cab4c0265e21d401db15f1026d]
https://seamster.shopifycloud.com [302] [GET] [text/html] [302 Found] [] [vhost] [aff950cab4c0265e21d401db15f1026d]
https://secure-proxy.shopifycloud.com [404] [GET] [text/plain] [] [] [vhost] [595e88012a6521aae3e12cbebe76eb9e]
https://sentinel-alpha.shopifycloud.com [401] [GET] [text/html] [401 Authorization Required] [] [vhost] [google] [Basic] [55f69d37caed0efafa4d15970ed5f18e]
https://sfe-cf-routing-asia-northeast2-2.shopifycloud.com [403] [GET] [text/html] [] [] [1706beb8968ac203eb0569de9ae8537b]
https://sfn-webhooks-staging-unrestricted-3q3zklke-es-apps-b-us-east1-1.shopifycloud.com [404] [GET] [text/html] [404 Not Found] [] [370e16c3b7dba286cff055f93b9a94d8]
https://shipify-staging.shopifycloud.com [200] [GET] [text/plain] [] [] [vhost] [c3847dd889d87d93118a65f0791a977e]
https://shipping-manifests.shopifycloud.com [302] [GET] [text/html] [] [] [vhost] [google] [6fa487936869a6e7610db81c63c44cb2]
https://shop-charlinho-production-unrestricted-web-apps-b-us-central1-8.shopifycloud.com [404] [GET] [text/html] [404 Not Found] [] [8eec510e57f5f732fd2cce73df7b73ef]
https://shop-cloner.shopifycloud.com [301] [GET] [text/html] [] [] [vhost] [google] [d41d8cd98f00b204e9800998ecf8427e]
https://shopcodes-staging.shopifycloud.com [302] [GET] [text/html] [] [] [vhost] [a567a0ca574d5ecc8d7be87a907003f5]
https://shop-discovery-pipeline-stagin-owr44xlh-es-apps-b-us-central1-2.shopifycloud.com [404] [GET] [text/html] [404 Not Found] [] [370e16c3b7dba286cff055f93b9a94d8]
https://shop-discovery-sandbox.secure-elasticsearch.shop-discovery-pipeline-staging-unrestricted.shopifycloud.com [401] [GET] [text/plain] [] [] [vhost] [google] [88deaa1060b44cdf7f8732652a6f2e0f]
https://shopify-app-store-production-shop-4jftxean-es-apps-a-us-east1-2.shopifycloud.com [404] [GET] [text/html] [404 Not Found] [] [8eec510e57f5f732fd2cce73df7b73ef]
https://shopify-app-store.shopifycloud.com [422] [GET] [] [] [] [vhost] [google] [d41d8cd98f00b204e9800998ecf8427e]
https://shopify-bids.shopifycloud.com [200] [GET] [text/html] [Shopify Bids] [] [vhost] [google] [Ruby,Ruby on Rails] [8973243337beea16795fbd5bcb350cb4]
https://shopify-chat-staging.shopifycloud.com [302] [GET] [text/html] [] [] [vhost] [google] [9f4c09e526e9c75f51f96f397d3e7c86]
https://shopifycloud.com [404] [GET] [text/html] [404 Not Found] [] [google] [370e16c3b7dba286cff055f93b9a94d8]
https://shopifycloud.com [404] [GET] [text/html] [404 Not Found] [] [google] [8eec510e57f5f732fd2cce73df7b73ef]
https://shopify-core-autoscaler-productio-lwmgmbfg-apps-core-us-east1-1.shopifycloud.com [404] [GET] [text/html] [404 Not Found] [] [8eec510e57f5f732fd2cce73df7b73ef]
https://shopify-debug.shopifycloud.com [200] [GET] [text/html] [Shopify Debug] [] [vhost] [google] [5272486d3a75a2340ba59a87bd0fbf88]
https://shopify-dev.secure-elasticsearch.shopify-dev-staging-unrestricted-4.shopifycloud.com [401] [GET] [text/plain] [] [] [vhost] [88deaa1060b44cdf7f8732652a6f2e0f]
https://shopify-dev.secure-elasticsearch.shopify-dev-staging-unrestricted-kqzf.shopifycloud.com [401] [GET] [text/plain] [] [] [vhost] [google] [88deaa1060b44cdf7f8732652a6f2e0f]
https://shopify-dev-staging3.shopifycloud.com [302] [GET] [text/html] [302 Found] [] [vhost] [google] [aff950cab4c0265e21d401db15f1026d]
https://shopify-dev-staging8.shopifycloud.com [302] [GET] [text/html] [302 Found] [] [vhost] [google] [aff950cab4c0265e21d401db15f1026d]
https://shopify-dev-staging-unrestricted-4-web-apps-b-us-central1-9.shopifycloud.com [404] [GET] [text/html] [404 Not Found] [] [370e16c3b7dba286cff055f93b9a94d8]
https://shopify-dev-staging-unrestricted--ruhqb3bx-es-apps-b-us-east1-1.shopifycloud.com [404] [GET] [text/html] [404 Not Found] [] [370e16c3b7dba286cff055f93b9a94d8]
https://shopify-dev-staging-unrestricted-web-apps-b-us-central1-10.shopifycloud.com [404] [GET] [text/html] [404 Not Found] [] [370e16c3b7dba286cff055f93b9a94d8]
https://shopify-dev-staging-unrestrict-mp2jzpc2-es-apps-b-us-central1-2.shopifycloud.com [404] [GET] [text/html] [404 Not Found] [] [370e16c3b7dba286cff055f93b9a94d8]
https://shopify-events.shopifycloud.com [200] [GET] [] [] [] [vhost] [d41d8cd98f00b204e9800998ecf8427e]
https://shopify-payments-webhook-proxy.shopifycloud.com [404] [GET] [text/html] [The page you were looking for doesn't exist (404)] [] [vhost] [google] [4ead20c186eaf2f7c09d6627ab7c0102]
https://shopify-theme-store-production-th-ynqfi6rw-es-apps-a-us-east1-2.shopifycloud.com [404] [GET] [text/html] [404 Not Found] [] [370e16c3b7dba286cff055f93b9a94d8]
https://shopify-theme-store-staging-un-rx6pjc75-es-apps-b-us-central1-2.shopifycloud.com [404] [GET] [text/html] [404 Not Found] [] [8eec510e57f5f732fd2cce73df7b73ef]
https://shopify-tv-production-unrestricted-10-web-apps-b-us-central1-8.shopifycloud.com [404] [GET] [text/html] [404 Not Found] [] [8eec510e57f5f732fd2cce73df7b73ef]
https://shopinauts-staging.shopifycloud.com [302] [GET] [text/html] [302 Found] [] [vhost] [google] [aff950cab4c0265e21d401db15f1026d]
https://shop-search-es.shopifycloud.com [401] [GET] [text/html] [401 Authorization Required] [] [vhost] [Basic] [55f69d37caed0efafa4d15970ed5f18e]
https://shopstatus-staging-2.shopifycloud.com [404] [GET] [text/html] [404 Not Found] [] [google] [370e16c3b7dba286cff055f93b9a94d8]
https://short-list-next-production-unrest-xzsxwydl-apps-b-us-central1-8.shopifycloud.com [404] [GET] [text/html] [404 Not Found] [] [370e16c3b7dba286cff055f93b9a94d8]
https://sh-splunk-na-ne1-a-1.shopifycloud.com [303] [GET] [text/html] [303 See Other] [] [vhost] [google] [668edf675035e9294450968bd32e8d9e]
https://sh-splunk-us-east1-b-1.shopifycloud.com [303] [GET] [text/html] [303 See Other] [] [vhost] [google] [628c6c71cd0feccbbc4031c46b7b4d11]
https://sh-splunk-us-east4-b-1.shopifycloud.com [303] [GET] [text/html] [303 See Other] [] [vhost] [google] [8f2efe5876c517688e3cff7a1ab8563a]
https://sidekick.shopifycloud.com [302] [GET] [text/html] [302 Found] [] [vhost] [aff950cab4c0265e21d401db15f1026d]
https://slinky-server-production-unrestricte-2rosf4mh-apps-b-us-east1-9.shopifycloud.com [404] [GET] [text/html] [404 Not Found] [] [370e16c3b7dba286cff055f93b9a94d8]
https://smarty-client.shopifycloud.com [302] [GET] [text/html] [302 Found] [] [vhost] [google] [aff950cab4c0265e21d401db15f1026d]
https://soleil.shopifycloud.com [302] [GET] [text/html] [302 Found] [] [vhost] [google] [aff950cab4c0265e21d401db15f1026d]
https://speedscope.shopifycloud.com [302] [GET] [text/html] [302 Found] [] [vhost] [aff950cab4c0265e21d401db15f1026d]
https://splunk-admin-proxy-splunk-staging-us-central1-a-1.shopifycloud.com [404] [GET] [text/html] [404 Not Found] [] [370e16c3b7dba286cff055f93b9a94d8]
https://splunk-admin-proxy-splunk-us-east4-b-1.shopifycloud.com [404] [GET] [text/html] [404 Not Found] [] [8eec510e57f5f732fd2cce73df7b73ef]
https://splunk-hec-canada-na-ne1-a-1.shopifycloud.com [404] [GET] [text/html] [404 Not Found] [] [vhost] [google] [9f35d337bbaeaacb6e1862270b6782a5]
https://splunk-hec-us-east1-b-1.shopifycloud.com [404] [GET] [text/html] [404 Not Found] [] [vhost] [google] [9f35d337bbaeaacb6e1862270b6782a5]
https://splunk-hec-us-east4-c-1.shopifycloud.com [404] [GET] [text/html] [404 Not Found] [] [vhost] [google] [9f35d337bbaeaacb6e1862270b6782a5]
https://spopify-jukebox-production-unres-mguken3a-apps-b-us-central1-10.shopifycloud.com [404] [GET] [text/html] [404 Not Found] [] [8eec510e57f5f732fd2cce73df7b73ef]
https://starmix-v2.growth-labs.shopifycloud.com [302] [GET] [text/html] [302 Found] [] [vhost] [google] [aff950cab4c0265e21d401db15f1026d]
https://start-api.shopifycloud.com [404] [GET] [text/html] [] [] [vhost] [d41d8cd98f00b204e9800998ecf8427e]
https://stock-photos-es6.kibana.i0.production-unrestricted.stock-photos.shopifycloud.com [302] [GET] [text/html] [302 Found] [] [vhost] [google] [aff950cab4c0265e21d401db15f1026d]
https://stock-photos-es6.secure-elasticsearch.stock-photos-production.shopifycloud.com [401] [GET] [text/plain] [] [] [vhost] [88deaa1060b44cdf7f8732652a6f2e0f]
https://stock-photos-staging-stock-photos-eqscqjie-es-apps-b-us-east1-1.shopifycloud.com [404] [GET] [text/html] [404 Not Found] [] [370e16c3b7dba286cff055f93b9a94d8]
https://stocky-staging-unrestricted-web-apps-b-us-central1-10.shopifycloud.com [404] [GET] [text/html] [404 Not Found] [] [370e16c3b7dba286cff055f93b9a94d8]
https://storefront-search-us-east.kibana.i0.production-useast-unrestricted-pmxy.storefront-search.shopifycloud.com [302] [GET] [text/html] [302 Found] [] [vhost] [google] [aff950cab4c0265e21d401db15f1026d]
https://superset-exp.shopifycloud.com [302] [GET] [text/html] [302 Found] [] [vhost] [aff950cab4c0265e21d401db15f1026d]
https://support-scheduler-staging.shopifycloud.com [302] [GET] [text/html] [302 Found] [] [vhost] [google] [aff950cab4c0265e21d401db15f1026d]
https://taid-workload-simulator.shopifycloud.com [302] [GET] [text/html] [302 Found] [] [vhost] [aff950cab4c0265e21d401db15f1026d]
https://tally.shopifycloud.com [404] [GET] [] [] [] [vhost] [google] [dfd61ccf6efd80829409c467bb777574]
https://tempo-tempo-tempo-us-east1-1.shopifycloud.com [404] [GET] [text/html] [404 Not Found] [] [370e16c3b7dba286cff055f93b9a94d8]
https://testing-the-one-click-start-with-katesql.shopifycloud.com [302] [GET] [text/html] [302 Found] [] [vhost] [google] [aff950cab4c0265e21d401db15f1026d]
https://test-olivierlab-staging.shopifycloud.com [302] [GET] [text/html] [302 Found] [] [vhost] [google] [Basic] [aff950cab4c0265e21d401db15f1026d]
https://test-plus-merchant-onboarding.shopifycloud.com [302] [GET] [text/html] [302 Found] [] [vhost] [google] [aff950cab4c0265e21d401db15f1026d]
https://thanos-query-grpc-prometheus-as-se1-wq60.shopifycloud.com [302] [GET] [text/html] [302 Found] [] [vhost] [google] [Basic] [aff950cab4c0265e21d401db15f1026d]
https://thanos-query-observability-thanos-us-ea1-zy70.shopifycloud.com [302] [GET] [text/html] [302 Found] [] [vhost] [google] [Basic] [aff950cab4c0265e21d401db15f1026d]
https://thanos-query-prometheus-us-ea1-ln22.shopifycloud.com [302] [GET] [text/html] [302 Found] [] [vhost] [google] [Basic] [aff950cab4c0265e21d401db15f1026d]
https://theme-store-es6.secure-elasticsearch.shopify-theme-store-production.shopifycloud.com [401] [GET] [text/plain] [] [] [vhost] [google] [88deaa1060b44cdf7f8732652a6f2e0f]
https://theme-store-es6-staging2.kibana.i0.staging-unrestricted-2.shopify-theme-store.shopifycloud.com [302] [GET] [text/html] [302 Found] [] [vhost] [google] [aff950cab4c0265e21d401db15f1026d]
https://threed-warehouse.shopifycloud.com [301] [GET] [text/html] [] [] [vhost] [1bd2f587a3cbc0704d883296e7627fbe]
https://token-scan-consumer.shopifycloud.com [302] [GET] [text/html] [302 Found] [] [vhost] [aff950cab4c0265e21d401db15f1026d]
https://translation-platform-staging.shopifycloud.com [302] [GET] [text/html] [302 Found] [] [vhost] [google] [Basic] [aff950cab4c0265e21d401db15f1026d]
https://trickle-production-platform-demo-staging.flink.shopifycloud.com [302] [GET] [text/html] [302 Found] [] [vhost] [google] [aff950cab4c0265e21d401db15f1026d]
https://tricorder.shopifycloud.com [302] [GET] [text/html] [302 Found] [] [vhost] [google] [aff950cab4c0265e21d401db15f1026d]
https://tricorn-staging.shopifycloud.com [302] [GET] [text/html] [302 Found] [] [vhost] [google] [aff950cab4c0265e21d401db15f1026d]
https://trust-query-layer.shopifycloud.com [302] [GET] [text/html] [302 Found] [] [vhost] [google] [aff950cab4c0265e21d401db15f1026d]
https://trust-rules-engine.shopifycloud.com [302] [GET] [text/html] [302 Found] [] [vhost] [aff950cab4c0265e21d401db15f1026d]
https://u2-production-es7.kibana.i0.production-unrestricted.u2.shopifycloud.com [302] [GET] [text/html] [302 Found] [] [vhost] [google] [aff950cab4c0265e21d401db15f1026d]
https://u2-staging.shopifycloud.com [302] [GET] [text/html] [302 Found] [] [vhost] [google] [aff950cab4c0265e21d401db15f1026d]
https://u2-staging-u2-staging-es7--kibana-es-apps-b-us-east1-1.shopifycloud.com [404] [GET] [text/html] [404 Not Found] [] [8eec510e57f5f732fd2cce73df7b73ef]
https://ulysses-staging-web-apps-b-us-east1-8.shopifycloud.com [404] [GET] [text/html] [404 Not Found] [] [8eec510e57f5f732fd2cce73df7b73ef]
https://unite2021.shopifycloud.com [301] [GET] [text/html] [] [] [vhost] [53c34485528fd98f27725716322e343d]
https://usage-service-edge-us-central.shopifycloud.com [302] [GET] [text/html] [302 Found] [] [vhost] [google] [aff950cab4c0265e21d401db15f1026d]
https://verde.shopifycloud.com [302] [GET] [text/html] [302 Found] [] [vhost] [google] [aff950cab4c0265e21d401db15f1026d]
https://visa-token-staging.shopifycloud.com [400] [GET] [text/html] [400 No required SSL certificate was sent] [] [vhost] [6be05d19e4ca80eb3ef0a7f16f937f13]
https://vlj75.kibana.shopifycloud.com [404] [GET] [text/html] [404 Not Found] [] [370e16c3b7dba286cff055f93b9a94d8]
https://warehouse-staging.shopifycloud.com [302] [GET] [] [] [] [vhost] [d41d8cd98f00b204e9800998ecf8427e]
https://web-feature-quality-checklist.shopifycloud.com [302] [GET] [text/html] [302 Found] [] [vhost] [google] [aff950cab4c0265e21d401db15f1026d]
https://webhook-metrics.secure-elasticsearch.partners-production.shopifycloud.com [401] [GET] [text/plain] [] [] [vhost] [88deaa1060b44cdf7f8732652a6f2e0f]
https://webhook-receiver4.shopifycloud.com [302] [GET] [text/html] [] [] [vhost] [26455630ba6742e7775180b2ce2698ab]
https://webhooks-demo.secure-elasticsearch.webhooks-demo-production-unrestricted-m8oq.shopifycloud.com [401] [GET] [text/plain] [] [] [vhost] [google] [88deaa1060b44cdf7f8732652a6f2e0f]
https://web-production-unrestricted-i0.shopifycloud.com [301] [GET] [text/html] [] [] [vhost] [google] [1b125920f0daeeb941e0bfbf2c914c2c]
https://web-production-unrestricted-i1.shopifycloud.com [301] [GET] [text/html] [] [] [vhost] [google] [1b125920f0daeeb941e0bfbf2c914c2c]
https://web.shopifycloud.com [301] [GET] [text/html] [] [] [vhost] [google] [1b125920f0daeeb941e0bfbf2c914c2c]
https://web-staging-4.shopifycloud.com [301] [GET] [text/html] [] [] [vhost] [1b125920f0daeeb941e0bfbf2c914c2c]
https://web-staging-pz8w.shopifycloud.com [301] [GET] [text/html] [] [] [vhost] [1b125920f0daeeb941e0bfbf2c914c2c]
https://web-staging-unrestricted-4-web-apps-b-us-central1-10.shopifycloud.com [404] [GET] [text/html] [404 Not Found] [] [370e16c3b7dba286cff055f93b9a94d8]
https://wheeljack-staging-zeebe.shopifycloud.com [401] [GET] [text/html] [401 Authorization Required] [] [vhost] [google] [Basic] [55f69d37caed0efafa4d15970ed5f18e]
https://whistleblower.shopifycloud.com [302] [GET] [text/html] [302 Found] [] [vhost] [google] [aff950cab4c0265e21d401db15f1026d]
https://wholesale-app-staging-wholesale-a-fnmln2j5-es-apps-b-us-east1-1.shopifycloud.com [404] [GET] [text/html] [404 Not Found] [] [8eec510e57f5f732fd2cce73df7b73ef]
https://woocommerce-shop-pay-gateway.shopifycloud.com [302] [GET] [text/html] [302 Found] [] [vhost] [google] [aff950cab4c0265e21d401db15f1026d]
https://x456o.kibana.shopifycloud.com [404] [GET] [text/html] [404 Not Found] [] [google] [8eec510e57f5f732fd2cce73df7b73ef]
https://xiaoxi-test-timeout.shopifycloud.com [302] [GET] [text/html] [302 Found] [] [vhost] [google] [aff950cab4c0265e21d401db15f1026d]
https://ywydv.kibana.shopifycloud.com [404] [GET] [text/html] [404 Not Found] [] [google] [8eec510e57f5f732fd2cce73df7b73ef]
https://zozhj.kibana.shopifycloud.com [404] [GET] [text/html] [404 Not Found] [] [370e16c3b7dba286cff055f93b9a94d8]
