http://api-cryptoeconomics.sifchain.finance:2082 [530] [GET] [text/html] [Origin DNS error | api-cryptoeconomics.sifchain.finance | Cloudflare] [cloudflare] [cloudflare] [Cloudflare] [5cde3e24b5acaf38eb191dc6f01e354a]
http://api-cryptoeconomics.sifchain.finance:2086 [530] [GET] [text/html] [Origin DNS error | api-cryptoeconomics.sifchain.finance | Cloudflare] [cloudflare] [cloudflare] [Cloudflare] [ab53547b1f5f0247f2f382495bfbe6ca]
http://api-cryptoeconomics.sifchain.finance:8080 [530] [GET] [text/html] [Origin DNS error | api-cryptoeconomics.sifchain.finance | Cloudflare] [cloudflare] [cloudflare] [Cloudflare] [618fe72885c9a343a5f3ccf4ad39e107]
http://api-cryptoeconomics.sifchain.finance:8880 [530] [GET] [text/html] [Origin DNS error | api-cryptoeconomics.sifchain.finance | Cloudflare] [cloudflare] [cloudflare] [Cloudflare] [ed08feb438f5639d4100a48a88d49c69]
http://api-devnet.sifchain.finance:2083 [400] [GET] [text/html] [400 The plain HTTP request was sent to HTTPS port] [cloudflare] [cloudflare] [Cloudflare] [cd58783500d7fa3c58f88eb0ba22f4f8]
http://api-devnet.sifchain.finance:2087 [400] [GET] [text/html] [400 The plain HTTP request was sent to HTTPS port] [cloudflare] [cloudflare] [Cloudflare] [cd58783500d7fa3c58f88eb0ba22f4f8]
http://api-devnet.sifchain.finance:8443 [400] [GET] [text/html] [400 The plain HTTP request was sent to HTTPS port] [cloudflare] [cloudflare] [Cloudflare] [cd58783500d7fa3c58f88eb0ba22f4f8]
http://api-int.sifchain.finance:2082 [521] [GET] [] [] [cloudflare] [vhost] [cloudflare] [Cloudflare] [d41d8cd98f00b204e9800998ecf8427e]
http://api-int.sifchain.finance:2086 [521] [GET] [] [] [cloudflare] [vhost] [cloudflare] [Cloudflare] [d41d8cd98f00b204e9800998ecf8427e]
http://api-int.sifchain.finance:2095 [521] [GET] [] [] [cloudflare] [vhost] [cloudflare] [Cloudflare] [d41d8cd98f00b204e9800998ecf8427e]
http://api-int.sifchain.finance:8080 [521] [GET] [] [] [cloudflare] [vhost] [cloudflare] [Cloudflare] [d41d8cd98f00b204e9800998ecf8427e]
http://api-int.sifchain.finance:8880 [521] [GET] [] [] [cloudflare] [vhost] [cloudflare] [Cloudflare] [d41d8cd98f00b204e9800998ecf8427e]
http://api.sifchain.finance:2082 [521] [GET] [] [] [cloudflare] [vhost] [cloudflare] [Cloudflare] [d41d8cd98f00b204e9800998ecf8427e]
http://api.sifchain.finance:2086 [521] [GET] [] [] [cloudflare] [vhost] [cloudflare] [Cloudflare] [d41d8cd98f00b204e9800998ecf8427e]
http://api.sifchain.finance:8080 [521] [GET] [] [] [cloudflare] [vhost] [cloudflare] [Cloudflare] [d41d8cd98f00b204e9800998ecf8427e]
http://api.sifchain.finance:8880 [521] [GET] [] [] [cloudflare] [vhost] [cloudflare] [Cloudflare] [d41d8cd98f00b204e9800998ecf8427e]
http://api-testnet.sifchain.finance:2083 [400] [GET] [text/html] [400 The plain HTTP request was sent to HTTPS port] [cloudflare] [cloudflare] [Cloudflare] [20ad84d030031252141ca0b3fc0183f0]
http://api-testnet.sifchain.finance:2087 [400] [GET] [text/html] [400 The plain HTTP request was sent to HTTPS port] [cloudflare] [cloudflare] [Cloudflare] [cd58783500d7fa3c58f88eb0ba22f4f8]
http://blockexplorer-devnet.sifchain.finance:2083 [400] [GET] [text/html] [400 The plain HTTP request was sent to HTTPS port] [cloudflare] [cloudflare] [Cloudflare] [cd58783500d7fa3c58f88eb0ba22f4f8]
http://blockexplorer-devnet.sifchain.finance:8443 [400] [GET] [text/html] [400 The plain HTTP request was sent to HTTPS port] [cloudflare] [cloudflare] [Cloudflare] [cd58783500d7fa3c58f88eb0ba22f4f8]
http://blockexplorer.sifchain.finance:2082 [301] [GET] [] [] [cloudflare] [vhost] [cloudflare] [Cloudflare] [d41d8cd98f00b204e9800998ecf8427e]
http://blockexplorer.sifchain.finance:2086 [301] [GET] [] [] [cloudflare] [vhost] [cloudflare] [Cloudflare] [d41d8cd98f00b204e9800998ecf8427e]
http://blockexplorer.sifchain.finance:8080 [301] [GET] [] [] [cloudflare] [vhost] [cloudflare] [Cloudflare] [d41d8cd98f00b204e9800998ecf8427e]
http://blockexplorer.sifchain.finance:8880 [301] [GET] [] [] [cloudflare] [vhost] [cloudflare] [Cloudflare] [d41d8cd98f00b204e9800998ecf8427e]
http://blockexplorer-testnet.sifchain.finance:2087 [400] [GET] [text/html] [400 The plain HTTP request was sent to HTTPS port] [cloudflare] [cloudflare] [Cloudflare] [cd58783500d7fa3c58f88eb0ba22f4f8]
http://blockexplorer-testnet.sifchain.finance:8443 [400] [GET] [text/html] [400 The plain HTTP request was sent to HTTPS port] [cloudflare] [cloudflare] [Cloudflare] [cd58783500d7fa3c58f88eb0ba22f4f8]
http://docs.sifchain.finance:2082 [302] [GET] [] [] [cloudflare] [vhost] [cloudflare] [Cloudflare] [d41d8cd98f00b204e9800998ecf8427e]
http://docs.sifchain.finance:2086 [302] [GET] [] [] [cloudflare] [vhost] [cloudflare] [Cloudflare] [d41d8cd98f00b204e9800998ecf8427e]
http://docs.sifchain.finance:8080 [302] [GET] [] [] [cloudflare] [vhost] [cloudflare] [Cloudflare] [d41d8cd98f00b204e9800998ecf8427e]
http://docs.sifchain.finance:8880 [302] [GET] [] [] [cloudflare] [vhost] [cloudflare] [Cloudflare] [d41d8cd98f00b204e9800998ecf8427e]
http://forum.sifchain.finance:2082 [530] [GET] [text/html] [Origin DNS error | forum.sifchain.finance | Cloudflare] [cloudflare] [cloudflare] [Cloudflare] [a2d4d9d8b943a4b46e1501949f5c35cc]
http://forum.sifchain.finance:2086 [530] [GET] [text/html] [Origin DNS error | forum.sifchain.finance | Cloudflare] [cloudflare] [cloudflare] [Cloudflare] [dc4cd2528ea42a1a02f2ea19ab65d3c6]
http://forum.sifchain.finance:8080 [530] [GET] [text/html] [Origin DNS error | forum.sifchain.finance | Cloudflare] [cloudflare] [cloudflare] [Cloudflare] [09c915cda816241d7cdc128b8277bc3e]
http://forum.sifchain.finance:8880 [530] [GET] [text/html] [Origin DNS error | forum.sifchain.finance | Cloudflare] [cloudflare] [cloudflare] [Cloudflare] [c2484ebe1c88f619d3bac720eee68ac0]
http://market-data.sifchain.finance:2083 [400] [GET] [text/html] [400 The plain HTTP request was sent to HTTPS port] [cloudflare] [cloudflare] [Cloudflare] [cd58783500d7fa3c58f88eb0ba22f4f8]
http://market-data.sifchain.finance:2087 [400] [GET] [text/html] [400 The plain HTTP request was sent to HTTPS port] [cloudflare] [cloudflare] [Cloudflare] [cd58783500d7fa3c58f88eb0ba22f4f8]
http://market-data.sifchain.finance:8443 [400] [GET] [text/html] [400 The plain HTTP request was sent to HTTPS port] [cloudflare] [cloudflare] [Cloudflare] [20ad84d030031252141ca0b3fc0183f0]
http://rpc-devnet.sifchain.finance:2083 [400] [GET] [text/html] [400 The plain HTTP request was sent to HTTPS port] [cloudflare] [cloudflare] [Cloudflare] [cd58783500d7fa3c58f88eb0ba22f4f8]
http://rpc-devnet.sifchain.finance:2087 [400] [GET] [text/html] [400 The plain HTTP request was sent to HTTPS port] [cloudflare] [cloudflare] [Cloudflare] [20ad84d030031252141ca0b3fc0183f0]
http://rpc-devnet.sifchain.finance:8443 [400] [GET] [text/html] [400 The plain HTTP request was sent to HTTPS port] [cloudflare] [cloudflare] [Cloudflare] [20ad84d030031252141ca0b3fc0183f0]
http://rpc-int.sifchain.finance:8880 [521] [GET] [] [] [cloudflare] [vhost] [cloudflare] [Cloudflare] [d41d8cd98f00b204e9800998ecf8427e]
http://rpc.sifchain.finance:2082 [521] [GET] [] [] [cloudflare] [vhost] [cloudflare] [Cloudflare] [d41d8cd98f00b204e9800998ecf8427e]
http://rpc.sifchain.finance:2095 [521] [GET] [] [] [cloudflare] [vhost] [cloudflare] [Cloudflare] [d41d8cd98f00b204e9800998ecf8427e]
http://rpc.sifchain.finance:8880 [521] [GET] [] [] [cloudflare] [vhost] [cloudflare] [Cloudflare] [d41d8cd98f00b204e9800998ecf8427e]
http://rpc-testnet.sifchain.finance:2083 [400] [GET] [text/html] [400 The plain HTTP request was sent to HTTPS port] [cloudflare] [cloudflare] [Cloudflare] [20ad84d030031252141ca0b3fc0183f0]
http://rpc-testnet.sifchain.finance:2087 [400] [GET] [text/html] [400 The plain HTTP request was sent to HTTPS port] [cloudflare] [cloudflare] [Cloudflare] [cd58783500d7fa3c58f88eb0ba22f4f8]
http://rpc-testnet.sifchain.finance:8443 [400] [GET] [text/html] [400 The plain HTTP request was sent to HTTPS port] [cloudflare] [cloudflare] [Cloudflare] [cd58783500d7fa3c58f88eb0ba22f4f8]
https://api-cryptoeconomics.sifchain.finance:2083 [530] [GET] [text/html] [Origin DNS error | api-cryptoeconomics.sifchain.finance | Cloudflare] [cloudflare] [vhost] [cloudflare] [Cloudflare] [c04dc8f1b82fc3df5cfb3b0671db7db3]
https://api-cryptoeconomics.sifchain.finance:2087 [530] [GET] [text/html] [Origin DNS error | api-cryptoeconomics.sifchain.finance | Cloudflare] [cloudflare] [vhost] [cloudflare] [Cloudflare] [b7b6a74146f4ee244400e2d6229dfac5]
https://api-cryptoeconomics.sifchain.finance [530] [GET] [text/html] [Origin DNS error | api-cryptoeconomics.sifchain.finance | Cloudflare] [cloudflare] [vhost] [cloudflare] [Cloudflare] [38fd737757c1b9028574683a0f80e2aa]
https://api-cryptoeconomics.sifchain.finance [530] [GET] [text/html] [Origin DNS error | api-cryptoeconomics.sifchain.finance | Cloudflare] [cloudflare] [vhost] [cloudflare] [Cloudflare] [cc6a27ab2648bbcae4a674c060c30c24]
https://api-cryptoeconomics.sifchain.finance:8443 [530] [GET] [text/html] [Origin DNS error | api-cryptoeconomics.sifchain.finance | Cloudflare] [cloudflare] [vhost] [cloudflare] [Cloudflare] [5c1955396f1a56f31afa72b279856ebb]
https://api-devnet.sifchain.finance [501] [GET] [application/json] [] [cloudflare] [vhost] [cloudflare] [Cloudflare] [003bdf90c35e2c4c6add636e2b80f073]
https://api-int.sifchain.finance:2083 [521] [GET] [] [] [cloudflare] [vhost] [cloudflare] [Cloudflare] [d41d8cd98f00b204e9800998ecf8427e]
https://api-int.sifchain.finance:2087 [521] [GET] [] [] [cloudflare] [vhost] [cloudflare] [Cloudflare] [d41d8cd98f00b204e9800998ecf8427e]
https://api-int.sifchain.finance [501] [GET] [application/json] [] [cloudflare] [vhost] [cloudflare] [Cloudflare] [003bdf90c35e2c4c6add636e2b80f073]
https://api-int.sifchain.finance:8443 [521] [GET] [] [] [cloudflare] [vhost] [cloudflare] [Cloudflare] [d41d8cd98f00b204e9800998ecf8427e]
https://api.sifchain.finance:2083 [521] [GET] [] [] [cloudflare] [vhost] [cloudflare] [Cloudflare] [d41d8cd98f00b204e9800998ecf8427e]
https://api.sifchain.finance:2087 [521] [GET] [] [] [cloudflare] [vhost] [cloudflare] [Cloudflare] [d41d8cd98f00b204e9800998ecf8427e]
https://api.sifchain.finance [501] [GET] [application/json] [] [cloudflare] [vhost] [cloudflare] [Cloudflare] [003bdf90c35e2c4c6add636e2b80f073]
https://api.sifchain.finance:8443 [521] [GET] [] [] [cloudflare] [vhost] [cloudflare] [Cloudflare] [d41d8cd98f00b204e9800998ecf8427e]
https://api-testnet.sifchain.finance [501] [GET] [application/json] [] [cloudflare] [vhost] [cloudflare] [Cloudflare] [003bdf90c35e2c4c6add636e2b80f073]
https://blockexplorer-devnet.sifchain.finance [200] [GET] [text/html] [Sifchain - Block Explorer] [cloudflare] [vhost] [cloudflare] [Cloudflare,Google Font API,Meteor,MongoDB,Node.js,React] [36defb3742314b015683c6198958faa1]
https://blockexplorer-devnet.sifchain.finance [200] [GET] [text/html] [Sifchain - Block Explorer] [cloudflare] [vhost] [cloudflare] [Cloudflare,Google Font API,Meteor,MongoDB,Node.js,React] [bc81f697a3b963bf9524226dfae13fec]
https://blockexplorer-devnet.sifchain.finance:2087 [403] [GET] [text/html] [Attention Required! | Cloudflare] [cloudflare] [vhost] [cloudflare] [Cloudflare] [e5eaba9f7b28292f4eb571889cbcf59f]
https://blockexplorer.sifchain.finance:2083 [301] [GET] [] [] [cloudflare] [vhost] [cloudflare] [Cloudflare] [d41d8cd98f00b204e9800998ecf8427e]
https://blockexplorer.sifchain.finance:2087 [301] [GET] [] [] [cloudflare] [vhost] [cloudflare] [Cloudflare] [d41d8cd98f00b204e9800998ecf8427e]
https://blockexplorer.sifchain.finance [301] [GET] [] [] [cloudflare] [vhost] [cloudflare] [Cloudflare] [d41d8cd98f00b204e9800998ecf8427e]
https://blockexplorer.sifchain.finance:8443 [301] [GET] [] [] [cloudflare] [vhost] [cloudflare] [Cloudflare] [d41d8cd98f00b204e9800998ecf8427e]
https://blockexplorer-testnet.sifchain.finance [200] [GET] [text/html] [Sifchain - Block Explorer] [cloudflare] [vhost] [cloudflare] [Cloudflare,Google Font API,Meteor,MongoDB,Node.js,React] [3422deeb65b575516b1fb3e042bffcff]
https://blockexplorer-testnet.sifchain.finance:2083 [403] [GET] [text/html] [Attention Required! | Cloudflare] [cloudflare] [vhost] [cloudflare] [Cloudflare] [78111e4dbfd86f51dbdb1aca975847f8]
https://data.sifchain.finance [200] [GET] [text/html] [] [AmazonS3] [vhost] [cloudfront] [Amazon Cloudfront,Amazon S3,Amazon Web Services] [9130433c627159febf28cc059eaa7443]
https://devnet.sifchain.finance [200] [GET] [text/html] [Sifchain] [Vercel] [vhost] [Vercel] [c85976b888ea120fa1cf6222a2dc3b39]
https://dex.sifchain.finance [307] [GET] [text/plain] [] [Vercel] [vhost] [Vercel] [07782f88baa851f1adac68657594c74d]
https://docs.sifchain.finance:2083 [302] [GET] [text/plain] [] [cloudflare] [vhost] [cloudflare] [Algolia,Cloudflare,Google Cloud,Google Cloud Trace] [5edcc2ed5459c96a9436e413fd672226]
https://docs.sifchain.finance:2087 [302] [GET] [text/plain] [] [cloudflare] [vhost] [cloudflare] [Algolia,Cloudflare,Google Cloud,Google Cloud Trace] [5edcc2ed5459c96a9436e413fd672226]
https://docs.sifchain.finance [302] [GET] [text/plain] [] [cloudflare] [vhost] [cloudflare] [Algolia,Cloudflare,Google Cloud,Google Cloud Trace] [5edcc2ed5459c96a9436e413fd672226]
https://docs.sifchain.finance [403] [GET] [text/html] [Attention Required! | Cloudflare] [cloudflare] [vhost] [cloudflare] [Cloudflare] [af535ac6d2f0b1055c3bc00a34605090]
https://docs.sifchain.finance:8443 [302] [GET] [text/plain] [] [cloudflare] [vhost] [cloudflare] [Algolia,Cloudflare,Google Cloud,Google Cloud Trace] [5edcc2ed5459c96a9436e413fd672226]
https://forum.sifchain.finance:2083 [530] [GET] [text/html] [Origin DNS error | forum.sifchain.finance | Cloudflare] [cloudflare] [vhost] [cloudflare] [Cloudflare] [cec4bd8afb4f62959621c44376d5c294]
https://forum.sifchain.finance:2087 [530] [GET] [text/html] [Origin DNS error | forum.sifchain.finance | Cloudflare] [cloudflare] [vhost] [cloudflare] [Cloudflare] [5eb6fd8c638d883eda24c411a6eb3a02]
https://forum.sifchain.finance [530] [GET] [text/html] [Origin DNS error | forum.sifchain.finance | Cloudflare] [cloudflare] [vhost] [cloudflare] [Cloudflare] [c33af19070493024cef239e285eb89d3]
https://forum.sifchain.finance [530] [GET] [text/html] [Origin DNS error | forum.sifchain.finance | Cloudflare] [cloudflare] [vhost] [cloudflare] [Cloudflare] [cadfaf273f011f3150ff5d2df945872e]
https://forum.sifchain.finance:8443 [530] [GET] [text/html] [Origin DNS error | forum.sifchain.finance | Cloudflare] [cloudflare] [vhost] [cloudflare] [Cloudflare] [0845b3cee94e52071f341a354501122b]
https://market-data.sifchain.finance [404] [GET] [text/html] [Error] [cloudflare] [vhost] [cloudflare] [Cloudflare,Express,Node.js] [da7da7d630292e7a2a7dda8ca87b3d39]
https://proxies.sifchain.finance [404] [GET] [text/plain] [] [Vercel] [vhost] [Vercel] [d4ac7f1bba70ba87c56e6d93092b7cca]
https://rpc-devnet.sifchain.finance [200] [GET] [text/html] [] [cloudflare] [vhost] [cloudflare] [Cloudflare] [2c793d39b8d5e6c4ffdc550b7063d5bf]
https://rpc-int.sifchain.finance:2083 [521] [GET] [] [] [cloudflare] [vhost] [cloudflare] [Cloudflare] [d41d8cd98f00b204e9800998ecf8427e]
https://rpc-int.sifchain.finance:2087 [521] [GET] [] [] [cloudflare] [vhost] [cloudflare] [Cloudflare] [d41d8cd98f00b204e9800998ecf8427e]
https://rpc-int.sifchain.finance [500] [GET] [text/html] [Fastly error: unknown domain rpc-int.sifchain.finance] [cloudflare] [vhost] [cloudflare] [Cloudflare,Fastly,Varnish] [a4309bc511b6c35397857c8bc93a3447]
https://rpc-int.sifchain.finance [500] [GET] [text/html] [Fastly error: unknown domain rpc-int.sifchain.finance] [cloudflare] [vhost] [cloudflare] [Cloudflare,Fastly,Varnish] [bc4267812da95e5f2ee482f940e342da]
https://rpc.sifchain.finance [200] [GET] [text/html] [] [cloudflare] [vhost] [cloudflare] [Cloudflare] [90dc47874634075569817bd081eddb96]
https://rpc.sifchain.finance [200] [GET] [text/html] [] [cloudflare] [vhost] [cloudflare] [Cloudflare,Fastly,Varnish] [90dc47874634075569817bd081eddb96]
https://rpc.sifchain.finance:2083 [403] [GET] [text/html] [Attention Required! | Cloudflare] [cloudflare] [vhost] [cloudflare] [Cloudflare] [cb61a035e5eb40df64bfe3c8355fbb08]
https://rpc.sifchain.finance:2087 [521] [GET] [] [] [cloudflare] [vhost] [cloudflare] [Cloudflare] [d41d8cd98f00b204e9800998ecf8427e]
https://rpc.sifchain.finance:8443 [521] [GET] [] [] [cloudflare] [vhost] [cloudflare] [Cloudflare] [d41d8cd98f00b204e9800998ecf8427e]
https://rpc-testnet.sifchain.finance [200] [GET] [text/html] [] [cloudflare] [vhost] [cloudflare] [Cloudflare] [9185f22c457855184c5f4dd7711f3e6c]
https://sifchain.finance [302] [GET] [text/plain] [] [Vercel] [vhost] [Vercel] [5afbe8ecbfde763977701ee4c658c27c]
https://staging.sifchain.finance [200] [GET] [text/html] [Sifchain] [cloudflare] [vhost] [cloudflare] [Cloudflare,Vercel] [98b7626e358cf2826145768087118080]
http://staging.sifchain.finance:2083 [400] [GET] [text/html] [400 The plain HTTP request was sent to HTTPS port] [cloudflare] [cloudflare] [Cloudflare] [20ad84d030031252141ca0b3fc0183f0]
http://staging.sifchain.finance:2087 [400] [GET] [text/html] [400 The plain HTTP request was sent to HTTPS port] [cloudflare] [cloudflare] [Cloudflare] [cd58783500d7fa3c58f88eb0ba22f4f8]
http://staging.sifchain.finance:8443 [400] [GET] [text/html] [400 The plain HTTP request was sent to HTTPS port] [cloudflare] [cloudflare] [Cloudflare] [20ad84d030031252141ca0b3fc0183f0]
https://test2.sifchain.finance:2083 [530] [GET] [text/html] [Origin DNS error | test2.sifchain.finance | Cloudflare] [cloudflare] [vhost] [cloudflare] [Cloudflare] [c48f71926104ebdffb789996883e280b]
https://test2.sifchain.finance:2087 [530] [GET] [text/html] [Origin DNS error | test2.sifchain.finance | Cloudflare] [cloudflare] [vhost] [cloudflare] [Cloudflare] [276a304ce2047debd490e3e4532bf905]
https://test2.sifchain.finance [530] [GET] [text/html] [Origin DNS error | test2.sifchain.finance | Cloudflare] [cloudflare] [vhost] [cloudflare] [Cloudflare] [017e5c77cae21ac0cb029fae6b21f49b]
https://test2.sifchain.finance [530] [GET] [text/html] [Origin DNS error | test2.sifchain.finance | Cloudflare] [cloudflare] [vhost] [cloudflare] [Cloudflare] [2cb1bd2be4ccf89a09c5181ddeb88c26]
https://test2.sifchain.finance:8443 [530] [GET] [text/html] [Origin DNS error | test2.sifchain.finance | Cloudflare] [cloudflare] [vhost] [cloudflare] [Cloudflare] [e929ec3341997a70c8062d2dff45887f]
https://token-recovery.sifchain.finance [200] [GET] [text/html] [Sifchain Recovery Tool] [Vercel] [vhost] [Vercel] [0e65041ca139fcc971fe925294555694]
https://www.sifchain.finance [200] [GET] [text/html] [Sifchain Finance – Omni-chain DEX] [openresty] [Fastly,Nginx,OpenResty,Varnish,Webflow] [bdb349e537ddb28728b46137aaf99354]
https://x.sifchain.finance:2083 [530] [GET] [text/html] [Origin DNS error | x.sifchain.finance | Cloudflare] [cloudflare] [vhost] [cloudflare] [Cloudflare] [71c636944457c4d3fcf49c40c7160056]
https://x.sifchain.finance:2087 [530] [GET] [text/html] [Origin DNS error | x.sifchain.finance | Cloudflare] [cloudflare] [vhost] [cloudflare] [Cloudflare] [c51b0dd06aef9ecc4a5fcf9bbb3cd89e]
https://x.sifchain.finance [530] [GET] [text/html] [Origin DNS error | x.sifchain.finance | Cloudflare] [cloudflare] [vhost] [cloudflare] [Cloudflare] [2848b9f96305a1896dba6f1854b7a985]
https://x.sifchain.finance [530] [GET] [text/html] [Origin DNS error | x.sifchain.finance | Cloudflare] [cloudflare] [vhost] [cloudflare] [Cloudflare] [4cd5bfb043c41f6dc197104507c8f6e3]
https://x.sifchain.finance:8443 [530] [GET] [text/html] [Origin DNS error | x.sifchain.finance | Cloudflare] [cloudflare] [vhost] [cloudflare] [Cloudflare] [ebdfbebeb3722b935119d98d54e5a41f]
http://test2.sifchain.finance:2082 [530] [GET] [text/html] [Origin DNS error | test2.sifchain.finance | Cloudflare] [cloudflare] [cloudflare] [Cloudflare] [4de1245083a0618742cdb295f1b24795]
http://test2.sifchain.finance:2086 [530] [GET] [text/html] [Origin DNS error | test2.sifchain.finance | Cloudflare] [cloudflare] [cloudflare] [Cloudflare] [4bcfb27c47cdc4c0d27d7d8bc875ef68]
http://test2.sifchain.finance:2095 [530] [GET] [text/html] [Origin DNS error | test2.sifchain.finance | Cloudflare] [cloudflare] [cloudflare] [Cloudflare] [0558c62416c470f249588ed6a9782717]
http://test2.sifchain.finance:8080 [530] [GET] [text/html] [Origin DNS error | test2.sifchain.finance | Cloudflare] [cloudflare] [cloudflare] [Cloudflare] [a370d0d90148fbf59eed764bff8a61a6]
http://test2.sifchain.finance:8880 [530] [GET] [text/html] [Origin DNS error | test2.sifchain.finance | Cloudflare] [cloudflare] [cloudflare] [Cloudflare] [45aa8f59fee522f7b7d8d8d8037105d6]
http://x.sifchain.finance:2082 [530] [GET] [text/html] [Origin DNS error | x.sifchain.finance | Cloudflare] [cloudflare] [cloudflare] [Cloudflare] [fd822d64496bc604cbab2bf197b6be7c]
http://x.sifchain.finance:2086 [530] [GET] [text/html] [Origin DNS error | x.sifchain.finance | Cloudflare] [cloudflare] [cloudflare] [Cloudflare] [5b44233029732617f752ca1c35ec8d15]
http://x.sifchain.finance:2095 [530] [GET] [text/html] [Origin DNS error | x.sifchain.finance | Cloudflare] [cloudflare] [cloudflare] [Cloudflare] [bda2abfc72a2274ba283a6f0e44a2d48]
http://x.sifchain.finance:8080 [530] [GET] [text/html] [Origin DNS error | x.sifchain.finance | Cloudflare] [cloudflare] [cloudflare] [Cloudflare] [f0c68577645d0fb5845c82874ff1c1e1]
http://x.sifchain.finance:8880 [530] [GET] [text/html] [Origin DNS error | x.sifchain.finance | Cloudflare] [cloudflare] [cloudflare] [Cloudflare] [82a1efa64fd604e1e794d8ce9ddd29e1]
