https://account.guea.skybetservices.com [302] [GET] [text/plain] [] [] [vhost] [0b7f2a5c390c3e89565b9eae391ad462]
https://account.nps.skybetservices.com [403] [GET] [text/html] [Access to this site has or may be restricted or prohibited from your current location] [AkamaiNetStorage] [vhost] [a0861620c853283cc7fcbef80e07138b]
https://account.skybetservices.com [302] [GET] [text/plain] [] [] [vhost] [0b7f2a5c390c3e89565b9eae391ad462]
https://account.staging.skybetservices.com [403] [GET] [text/html] [Access to this site has or may be restricted or prohibited from your current location] [AkamaiNetStorage] [vhost] [a0861620c853283cc7fcbef80e07138b]
https://api.verification.staging.skybetservices.com [403] [GET] [text/html] [Access Denied] [AkamaiGHost] [vhost] [12224573bc868da5c1c3142b6ffb78fc]
https://api.verification.staging.skybetservices.com [403] [GET] [text/html] [Access Denied] [AkamaiGHost] [vhost] [53daa7235c22ad0706cc542d4407ec89]
https://api.verification.test.skybetservices.com [403] [GET] [text/html] [Access Denied] [AkamaiGHost] [vhost] [3f09befc63dd49fa08e67c1f395813c9]
https://api.verification.test.skybetservices.com [403] [GET] [text/html] [Access Denied] [AkamaiGHost] [vhost] [bd7379fde18b54c65db3e55b095b3365]
https://auth.guea.skybetservices.com [404] [GET] [text/html] [Error] [] [vhost] [b8bd641208b32f592e4217c00af50bbe]
https://auth.nps.skybetservices.com [403] [GET] [text/html] [Access to this site has or may be restricted or prohibited from your current location] [AkamaiNetStorage] [vhost] [a0861620c853283cc7fcbef80e07138b]
https://auth.skybetservices.com [404] [GET] [text/html] [Error] [] [vhost] [b8bd641208b32f592e4217c00af50bbe]
https://auth.staging.skybetservices.com [403] [GET] [text/html] [Access to this site has or may be restricted or prohibited from your current location] [AkamaiNetStorage] [vhost] [a0861620c853283cc7fcbef80e07138b]
https://pay.static.skybetservices.com [403] [GET] [text/html] [403 Forbidden] [nginx] [vhost] [Nginx] [4b074b0b59693fa9f94fb71b175fb187]
https://pay.static.staging.skybetservices.com [403] [GET] [text/html] [Access to this site has or may be restricted or prohibited from your current location] [AkamaiNetStorage] [vhost] [a0861620c853283cc7fcbef80e07138b]
https://sidebar.guea.skybetservices.com [301] [GET] [text/html] [] [(REDACTED)] [vhost] [d41d8cd98f00b204e9800998ecf8427e]
https://sidebar.guea.skybetservices.com [302] [GET] [text/html] [] [(REDACTED)] [vhost] [d41d8cd98f00b204e9800998ecf8427e]
https://sidebar.nps.skybetservices.com [403] [GET] [text/html] [Access to this site has or may be restricted or prohibited from your current location] [AkamaiNetStorage] [vhost] [a0861620c853283cc7fcbef80e07138b]
https://sidebar.skybetservices.com [301] [GET] [text/html] [] [(REDACTED)] [vhost] [d41d8cd98f00b204e9800998ecf8427e]
https://sidebar.skybetservices.com [302] [GET] [text/html] [] [(REDACTED)] [vhost] [d41d8cd98f00b204e9800998ecf8427e]
https://sidebar.staging.skybetservices.com [403] [GET] [text/html] [Access to this site has or may be restricted or prohibited from your current location] [AkamaiNetStorage] [vhost] [a0861620c853283cc7fcbef80e07138b]
https://static.live.skybetservices.com [400] [GET] [text/html] [Invalid URL] [AkamaiGHost] [dcdbd7d5fe364656982577339837ebb1]
https://static.live.skybetservices.com [400] [GET] [text/html] [Invalid URL] [AkamaiGHost] [f3aa3cf374812d210271060e6c4d0b3b]
https://static.skybetservices.com [403] [GET] [application/xml] [] [AmazonS3] [vhost] [Amazon S3,Amazon Web Services] [88ec1dd01ae399f5eb351aae683116cb]
https://static.skybetservices.com [403] [GET] [application/xml] [] [AmazonS3] [vhost] [Amazon S3,Amazon Web Services] [bd6b535bc6090d6157e50b516efcf014]
https://static.stage.skybetservices.com [400] [GET] [text/html] [Invalid URL] [AkamaiGHost] [4a9fb98d9e3fae969eab59f401125c64]
https://static.stage.skybetservices.com [400] [GET] [text/html] [Invalid URL] [AkamaiGHost] [76c65ec376867dafd72c882643245a89]
https://static.test.skybetservices.com [403] [GET] [application/xml] [] [AmazonS3] [vhost] [Amazon S3,Amazon Web Services] [442121b010e9040119fd89b6c1a4f533]
https://static.test.skybetservices.com [403] [GET] [application/xml] [] [AmazonS3] [vhost] [Amazon S3,Amazon Web Services] [5eedf6f4cabcd87df4776027685627aa]
https://verification.skybetservices.com [400] [GET] [text/html] [Invalid URL] [AkamaiGHost] [19adacde41f73cdf2f651ed2a5af71cc]
https://verification.skybetservices.com [400] [GET] [text/html] [Invalid URL] [AkamaiGHost] [6cee3c61fb083c4a0a6a8c37bad59421]
https://verification.staging.skybetservices.com [403] [GET] [text/html] [Access Denied] [AkamaiGHost] [vhost] [1a283befe37c7d068f4362506c55ac19]
https://verification.staging.skybetservices.com [403] [GET] [text/html] [Access Denied] [AkamaiGHost] [vhost] [ba14e6009850fb9d632a55313c25e9e3]
https://verification.test.skybetservices.com [403] [GET] [text/html] [Access Denied] [AkamaiGHost] [vhost] [178bfc38ee04f4831e4c95f6b8f3d5a7]
https://verification.test.skybetservices.com [403] [GET] [text/html] [Access Denied] [AkamaiGHost] [vhost] [641fd9d3c9301dd8049b80369177a72c]
https://verify.skybetservices.com [401] [GET] [text/html] [Sky Betting and Gaming Verification] [] [vhost] [526513a3ccf37189114f6ab606968b35]
