http://3.push.staging.skybet.com [301] [GET] [] [] [(REDACTED)] [vhost] [d41d8cd98f00b204e9800998ecf8427e]
http://3.push.test4.skybet.com [301] [GET] [] [] [(REDACTED)] [vhost] [d41d8cd98f00b204e9800998ecf8427e]
http://autodiscover.skybet.com [301] [GET] [] [] [Microsoft-IIS/10.0] [vhost] [IIS,Microsoft ASP.NET,Windows Server] [d41d8cd98f00b204e9800998ecf8427e]
http://bettingpreviews.skybet.com [301] [GET] [text/html] [] [] [vhost] [81051bcc2cf1bedf378224b0a93e2877]
https://1.push.skybet.com:8443 [404] [GET] [text/html] [Error] [] [da7da7d630292e7a2a7dda8ca87b3d39]
https://2.push.skybet.com:8443 [404] [GET] [text/html] [Error] [] [da7da7d630292e7a2a7dda8ca87b3d39]
https://2.push.testdr.skybet.com:8443 [404] [GET] [text/html] [Error] [] [da7da7d630292e7a2a7dda8ca87b3d39]
https://2.ws.push.sbgsvc.skybet.com:8443 [404] [GET] [text/html] [Error] [] [da7da7d630292e7a2a7dda8ca87b3d39]
https://2.ws.push.testdr.sbgsvc.skybet.com:8443 [404] [GET] [text/html] [Error] [] [da7da7d630292e7a2a7dda8ca87b3d39]
https://catalogue.app-guea.live.skybet.com [404] [GET] [] [] [(REDACTED)] [vhost] [d41d8cd98f00b204e9800998ecf8427e]
https://catalogue.app-nps.live.skybet.com [404] [GET] [] [] [(REDACTED)] [vhost] [d41d8cd98f00b204e9800998ecf8427e]
https://catalogue.green-1-aws.live.skybet.com [404] [GET] [] [] [(REDACTED)] [vhost] [d41d8cd98f00b204e9800998ecf8427e]
https://catalogue.test-app-guea.staging.skybet.com [404] [GET] [] [] [] [vhost] [d41d8cd98f00b204e9800998ecf8427e]
https://catalogue.test-app-guea.test4.skybet.com [404] [GET] [] [] [] [vhost] [d41d8cd98f00b204e9800998ecf8427e]
https://catalogue.test-aws.staging.skybet.com [404] [GET] [] [] [(REDACTED)] [vhost] [d41d8cd98f00b204e9800998ecf8427e]
https://catalogue.test-aws.test4.skybet.com [404] [GET] [] [] [(REDACTED)] [vhost] [d41d8cd98f00b204e9800998ecf8427e]
https://dev-abelson-feed-api.awsdev.feeds.skybet.com [403] [GET] [application/json] [] [] [vhost] [905b1fbb26e082557ff0b3b3553cda6c]
https://dev-football-api.awsdev.feeds.skybet.com [403] [GET] [application/json] [] [] [vhost] [905b1fbb26e082557ff0b3b3553cda6c]
https://ebm.email1.skybet.com [200] [GET] [text/html] [ny5p01lpebmp001 OK] [Apache] [vhost] [Apache] [afd4c3702c52e7a818c968cd0f628b33]
https://eds.nps.skybet.com [403] [GET] [text/html] [Access Denied] [(REDACTED)] [vhost] [4f76d5a974f9dd5a16878414139d104f]
https://eds.nps.skybet.com [403] [GET] [text/html] [Access Denied] [(REDACTED)] [vhost] [8aa403a8f639995c14326d2e6ad5165f]
https://eds.skybet.com [403] [GET] [text/html] [Access Denied] [(REDACTED)] [vhost] [12c97bad820f5314b115335c758bbce0]
https://eds.skybet.com [403] [GET] [text/html] [Access Denied] [(REDACTED)] [vhost] [2f631c07737ee787a6306b94d96b37e9]
https://eds.staging.skybet.com [403] [GET] [text/html] [Access Denied] [(REDACTED)] [vhost] [68e3749d1828c1597417071107c45109]
https://eds.staging.skybet.com [403] [GET] [text/html] [Access Denied] [(REDACTED)] [vhost] [8ae737529da826f0074837501fabe823]
https://eds.test4.skybet.com [403] [GET] [text/html] [Access Denied] [(REDACTED)] [vhost] [b87d71f832e16b81ab24f48ae3ecc2eb]
https://eds.test4.skybet.com [403] [GET] [text/html] [Access Denied] [(REDACTED)] [vhost] [d442874f78bb21d4d1b39e7f74ac63fe]
https://eds.test6.skybet.com [403] [GET] [text/html] [Access Denied] [AkamaiGHost] [vhost] [53eb88723279fd1797988e6f48182868]
https://eds.test6.skybet.com [403] [GET] [text/html] [Access Denied] [AkamaiGHost] [vhost] [972d435a7097cf90a7870c68f39ef5ac]
https://email1.skybet.com [200] [GET] [text/html] [redt1.cheetahmail.com OK] [Apache] [Apache] [297cb8bf449995b00010eabbe3fbfdd5]
https://email1.skybet.com [200] [GET] [text/html] [redt3.cheetahmail.com OK] [Apache] [Apache] [53de562c39a47c67fd0ad33dbe8820bb]
https://email.skybet.com [302] [GET] [] [] [BigIP] [F5 BigIP] [d41d8cd98f00b204e9800998ecf8427e]
https://events.green-1-aws.live.skybet.com [403] [GET] [text/html] [Access Denied] [(REDACTED)] [vhost] [b103c76d2b1ac9ebf69bb93d45121140]
https://events.green-1-aws.live.skybet.com [403] [GET] [text/html] [Access Denied] [(REDACTED)] [vhost] [ce9a7ade7ec74a928881ff33c43efbdd]
https://events.test-aws.staging.skybet.com [403] [GET] [text/html] [Access Denied] [(REDACTED)] [vhost] [166ef6903e930b7e84f19f14888584fa]
https://events.test-aws.staging.skybet.com [403] [GET] [text/html] [Access Denied] [(REDACTED)] [vhost] [ad15892a4524dc85b002638d0b7b581f]
https://events.test-aws.test4.skybet.com [403] [GET] [text/html] [Access Denied] [(REDACTED)] [vhost] [a5e2169d54d06fb7268cedb7f1fb5cb2]
https://events.test-aws.test4.skybet.com [403] [GET] [text/html] [Access Denied] [(REDACTED)] [vhost] [f0c7eef8855f778bbe5754bdd7b858d2]
https://f.email1.skybet.com [200] [GET] [text/html] [ny5pimg02 OK] [nginx] [vhost] [Nginx] [0e7f4aa5119e8b021c1e4b169f255907]
https://inttst-football-api.awsdev.feeds.skybet.com [403] [GET] [application/json] [] [] [vhost] [905b1fbb26e082557ff0b3b3553cda6c]
https://ios.bannercheck-api.skybet.com [403] [GET] [text/html] [Access Denied] [] [vhost] [62d52e1f739f99f6126f725c11559dbe]
https://ios.bannercheck-api.skybet.com [403] [GET] [text/html] [Access Denied] [] [vhost] [9bdfa14b5a7882214c98ea9c9874d79e]
https://jmi08-dev-football-api.awsdev.feeds.skybet.com [403] [GET] [application/json] [] [] [vhost] [905b1fbb26e082557ff0b3b3553cda6c]
https://live-football-api.aws.feeds.skybet.com [403] [GET] [application/json] [] [] [vhost] [905b1fbb26e082557ff0b3b3553cda6c]
https://m.a.skybet.com [403] [GET] [text/html] [Access to this site has or may be restricted or prohibited from your current location] [AkamaiNetStorage] [vhost] [a0861620c853283cc7fcbef80e07138b]
https://m.nps.skybet.com [403] [GET] [text/html] [Access to this site has or may be restricted or prohibited from your current location] [AkamaiNetStorage] [vhost] [a0861620c853283cc7fcbef80e07138b]
https://m.skybet.com [302] [GET] [] [] [AkamaiGHost] [vhost] [d41d8cd98f00b204e9800998ecf8427e]
https://msoid.skybet.com [302] [GET] [text/html] [Object moved] [] [vhost] [azure] [67dc47621d0dca9dc8d849ee26494c3b]
https://opta.aws.feeds.skybet.com [403] [GET] [application/json] [] [] [vhost] [cloudfront] [Amazon Cloudfront,Amazon Web Services] [bc45704aad57d445b6dfa58b101071e3]
https://partners.skybet.com [200] [GET] [text/html] [Tracking Solution] [Microsoft-IIS/10.0] [vhost] [Google Font API,Google Tag Manager,IIS,Microsoft ASP.NET,Windows Server] [4c195bfbd0125d5301f3b15654a279cb]
https://perf-football-api.awsdev.feeds.skybet.com [403] [GET] [application/json] [] [] [vhost] [905b1fbb26e082557ff0b3b3553cda6c]
https://placement.api.nps.skybet.com [302] [GET] [] [] [(REDACTED)] [vhost] [d41d8cd98f00b204e9800998ecf8427e]
https://placement.api.skybet.com [302] [GET] [] [] [(REDACTED)] [vhost] [d41d8cd98f00b204e9800998ecf8427e]
https://placement.api.staging.skybet.com [403] [GET] [text/html] [Access Denied] [(REDACTED)] [vhost] [7972d6d4006f01689737573d47085da1]
https://placement.api.staging.skybet.com [403] [GET] [text/html] [Access Denied] [(REDACTED)] [vhost] [cdd1a7c8b4dbdff03e4470ef790e3497]
https://placement.api.test4.skybet.com [403] [GET] [text/html] [Access Denied] [(REDACTED)] [vhost] [4c918351f5c97532e59f75e33cba8452]
https://placement.api.test4.skybet.com [403] [GET] [text/html] [Access Denied] [(REDACTED)] [vhost] [6af31f87f33b37d21d2d560233086754]
https://players.runningball.aws.feeds.skybet.com [403] [GET] [application/json] [] [] [vhost] [cloudfront] [Amazon Cloudfront,Amazon Web Services] [905b1fbb26e082557ff0b3b3553cda6c]
https://players-runningball-stage.awsdev.feeds.skybet.com [403] [GET] [application/json] [] [] [vhost] [cloudfront] [Amazon Cloudfront,Amazon Web Services] [905b1fbb26e082557ff0b3b3553cda6c]
https://players-runningball-test.awsdev.feeds.skybet.com [403] [GET] [application/json] [] [] [vhost] [cloudfront] [Amazon Cloudfront,Amazon Web Services] [905b1fbb26e082557ff0b3b3553cda6c]
https://promocode.nps.skybet.com [404] [GET] [] [] [(REDACTED)] [vhost] [d41d8cd98f00b204e9800998ecf8427e]
https://promocode.skybet.com [404] [GET] [] [] [(REDACTED)] [vhost] [d41d8cd98f00b204e9800998ecf8427e]
https://promocode.staging.skybet.com [403] [GET] [text/html] [Access Denied] [(REDACTED)] [vhost] [4560561b69282f94e35c21da3204f45b]
https://promocode.staging.skybet.com [403] [GET] [text/html] [Access Denied] [(REDACTED)] [vhost] [71cd7a7606a73a76589b3e46e72064d3]
https://promocode.test4.skybet.com [404] [GET] [] [] [(REDACTED)] [vhost] [d41d8cd98f00b204e9800998ecf8427e]
https://promotions.app-guea.live.skybet.com [404] [GET] [] [] [(REDACTED)] [vhost] [d41d8cd98f00b204e9800998ecf8427e]
https://promotions.app-nps.live.skybet.com [404] [GET] [] [] [(REDACTED)] [vhost] [d41d8cd98f00b204e9800998ecf8427e]
https://promotions.green-1-aws.live.skybet.com [404] [GET] [] [] [(REDACTED)] [vhost] [d41d8cd98f00b204e9800998ecf8427e]
https://promotions-hub.nps.skybet.com [404] [GET] [] [] [(REDACTED)] [vhost] [d41d8cd98f00b204e9800998ecf8427e]
https://promotions-hub.skybet.com [404] [GET] [] [] [(REDACTED)] [vhost] [d41d8cd98f00b204e9800998ecf8427e]
https://push.skybet.com:8443 [404] [GET] [text/html] [Error] [] [da7da7d630292e7a2a7dda8ca87b3d39]
https://services.nps.skybet.com [404] [GET] [text/html] [404 Not Found] [(REDACTED)] [vhost] [a59a696caee588826a365d80e9a57e16]
https://services.skybet.com [404] [GET] [text/html] [404 Not Found] [(REDACTED)] [vhost] [a59a696caee588826a365d80e9a57e16]
https://skybet.com [302] [GET] [] [] [AkamaiGHost] [vhost] [d41d8cd98f00b204e9800998ecf8427e]
https://skybetgroups.skybet.com [200] [GET] [text/html] [Group Bet] [(REDACTED)] [vhost] [Envoy,Express,Node.js] [d09af95ffa226de274919da0e38c6a07]
https://st1.a.skybet.com [403] [GET] [text/html] [Access to this site has or may be restricted or prohibited from your current location] [AkamaiNetStorage] [vhost] [a0861620c853283cc7fcbef80e07138b]
https://st1.nps.skybet.com [403] [GET] [text/html] [Access to this site has or may be restricted or prohibited from your current location] [AkamaiNetStorage] [vhost] [a0861620c853283cc7fcbef80e07138b]
https://st1.skybet.com [403] [GET] [text/html] [403 Forbidden] [(REDACTED)] [vhost] [0152ed695f4291488741d98ba066d280]
https://st1.staging.skybet.com [403] [GET] [text/html] [Access to this site has or may be restricted or prohibited from your current location] [AkamaiNetStorage] [vhost] [a0861620c853283cc7fcbef80e07138b]
https://st2.a.skybet.com [403] [GET] [text/html] [Access to this site has or may be restricted or prohibited from your current location] [AkamaiNetStorage] [vhost] [a0861620c853283cc7fcbef80e07138b]
https://st2.nps.skybet.com [403] [GET] [text/html] [Access to this site has or may be restricted or prohibited from your current location] [AkamaiNetStorage] [vhost] [a0861620c853283cc7fcbef80e07138b]
https://st2.skybet.com [403] [GET] [text/html] [403 Forbidden] [(REDACTED)] [vhost] [0152ed695f4291488741d98ba066d280]
https://st2.staging.skybet.com [403] [GET] [text/html] [Access to this site has or may be restricted or prohibited from your current location] [AkamaiNetStorage] [vhost] [a0861620c853283cc7fcbef80e07138b]
https://st3.a.skybet.com [403] [GET] [text/html] [Access to this site has or may be restricted or prohibited from your current location] [AkamaiNetStorage] [vhost] [a0861620c853283cc7fcbef80e07138b]
https://st3.nps.skybet.com [403] [GET] [text/html] [Access to this site has or may be restricted or prohibited from your current location] [AkamaiNetStorage] [vhost] [a0861620c853283cc7fcbef80e07138b]
https://st3.skybet.com [404] [GET] [text/html] [] [Apache] [vhost] [Apache] [f4807dc872edc11b51fe27738a066d46]
https://stage-football-api.awsdev.feeds.skybet.com [403] [GET] [application/json] [] [] [vhost] [905b1fbb26e082557ff0b3b3553cda6c]
https://staging-abelson-feed-api.awsdev.feeds.skybet.com [403] [GET] [application/json] [] [] [vhost] [905b1fbb26e082557ff0b3b3553cda6c]
https://stats.app-guea.live.skybet.com [404] [GET] [] [] [(REDACTED)] [vhost] [d41d8cd98f00b204e9800998ecf8427e]
https://stats.app-nps.live.skybet.com [404] [GET] [] [] [(REDACTED)] [vhost] [d41d8cd98f00b204e9800998ecf8427e]
https://stats.green-1-aws.live.skybet.com [404] [GET] [] [] [(REDACTED)] [vhost] [d41d8cd98f00b204e9800998ecf8427e]
https://stats.test-app-guea.staging.skybet.com [404] [GET] [] [] [(REDACTED)] [vhost] [d41d8cd98f00b204e9800998ecf8427e]
https://stats.test-app-guea.test4.skybet.com [404] [GET] [] [] [(REDACTED)] [vhost] [d41d8cd98f00b204e9800998ecf8427e]
https://stats.test-aws.staging.skybet.com [403] [GET] [text/html] [Access Denied] [(REDACTED)] [vhost] [5bf66efdfcbf5949ddf9f765f6fdbc07]
https://stats.test-aws.staging.skybet.com [403] [GET] [text/html] [Access Denied] [(REDACTED)] [vhost] [b0570deec6df45c0e75430e8be2cbaaf]
https://stats.test-aws.test4.skybet.com [403] [GET] [text/html] [Access Denied] [(REDACTED)] [vhost] [83a28dbc0f8d4f7076b45b541ce3cebc]
https://stats.test-aws.test4.skybet.com [403] [GET] [text/html] [Access Denied] [(REDACTED)] [vhost] [85adfb362902a8e63484ae475c160be2]
https://support.skybet.com [301] [GET] [] [] [] [vhost] [d41d8cd98f00b204e9800998ecf8427e]
https://support.test.skybet.com [200] [GET] [text/html] [Login | Salesforce] [] [vhost] [69ab5012a9339aec445cb9dd63efb46e]
https://test-abelson-feed-api.awsdev.feeds.skybet.com [403] [GET] [application/json] [] [] [vhost] [905b1fbb26e082557ff0b3b3553cda6c]
https://test-football-api.awsdev.feeds.skybet.com [403] [GET] [application/json] [] [] [vhost] [905b1fbb26e082557ff0b3b3553cda6c]
https://tooling.app-guea.live.skybet.com [404] [GET] [] [] [(REDACTED)] [vhost] [d41d8cd98f00b204e9800998ecf8427e]
https://tooling.app-nps.live.skybet.com [404] [GET] [] [] [(REDACTED)] [vhost] [d41d8cd98f00b204e9800998ecf8427e]
https://tooling.green-1-aws.live.skybet.com [404] [GET] [] [] [(REDACTED)] [vhost] [d41d8cd98f00b204e9800998ecf8427e]
https://trading.app-guea.live.skybet.com [404] [GET] [] [] [(REDACTED)] [vhost] [d41d8cd98f00b204e9800998ecf8427e]
https://trading.app-nps.live.skybet.com [404] [GET] [] [] [(REDACTED)] [vhost] [d41d8cd98f00b204e9800998ecf8427e]
https://trading.green-1-aws.live.skybet.com [404] [GET] [] [] [(REDACTED)] [vhost] [d41d8cd98f00b204e9800998ecf8427e]
https://trading.test-app-guea.staging.skybet.com [404] [GET] [] [] [(REDACTED)] [vhost] [d41d8cd98f00b204e9800998ecf8427e]
https://trading.test-app-guea.test4.skybet.com [404] [GET] [] [] [(REDACTED)] [vhost] [d41d8cd98f00b204e9800998ecf8427e]
https://trading.test-aws.staging.skybet.com [404] [GET] [] [] [(REDACTED)] [vhost] [d41d8cd98f00b204e9800998ecf8427e]
https://trading.test-aws.test4.skybet.com [404] [GET] [] [] [(REDACTED)] [vhost] [d41d8cd98f00b204e9800998ecf8427e]
https://transactions.app-guea.live.skybet.com [404] [GET] [] [] [(REDACTED)] [vhost] [d41d8cd98f00b204e9800998ecf8427e]
https://transactions.app-nps.live.skybet.com [404] [GET] [] [] [(REDACTED)] [vhost] [d41d8cd98f00b204e9800998ecf8427e]
https://transactions.green-1-aws.live.skybet.com [404] [GET] [] [] [(REDACTED)] [vhost] [d41d8cd98f00b204e9800998ecf8427e]
https://twr01-dev-football-api.awsdev.feeds.skybet.com [403] [GET] [application/json] [] [] [vhost] [bc45704aad57d445b6dfa58b101071e3]
https://txodds.aws.feeds.skybet.com [403] [GET] [application/json] [] [] [vhost] [905b1fbb26e082557ff0b3b3553cda6c]
https://txodds-dev-crowthed.awsdev.feeds.skybet.com [403] [GET] [application/json] [] [] [vhost] [905b1fbb26e082557ff0b3b3553cda6c]
https://txodds-dev-dbe01.awsdev.feeds.skybet.com [403] [GET] [application/json] [] [] [vhost] [905b1fbb26e082557ff0b3b3553cda6c]
https://txodds-dev-esp01.awsdev.feeds.skybet.com [403] [GET] [application/json] [] [] [vhost] [905b1fbb26e082557ff0b3b3553cda6c]
https://txodds-dev-jho04.awsdev.feeds.skybet.com [403] [GET] [application/json] [] [] [vhost] [905b1fbb26e082557ff0b3b3553cda6c]
https://txodds-dev-lse01.awsdev.feeds.skybet.com [403] [GET] [application/json] [] [] [vhost] [905b1fbb26e082557ff0b3b3553cda6c]
https://txodds-dev-lwh01.awsdev.feeds.skybet.com [403] [GET] [application/json] [] [] [vhost] [905b1fbb26e082557ff0b3b3553cda6c]
https://txodds-dev-pjo01.awsdev.feeds.skybet.com [403] [GET] [application/json] [] [] [vhost] [905b1fbb26e082557ff0b3b3553cda6c]
https://txodds-dev-uiq01.awsdev.feeds.skybet.com [403] [GET] [application/json] [] [] [vhost] [bc45704aad57d445b6dfa58b101071e3]
https://txodds-stage.awsdev.feeds.skybet.com [403] [GET] [application/json] [] [] [vhost] [905b1fbb26e082557ff0b3b3553cda6c]
https://txodds-test.awsdev.feeds.skybet.com [403] [GET] [application/json] [] [] [vhost] [905b1fbb26e082557ff0b3b3553cda6c]
https://www.a.skybet.com [403] [GET] [text/html] [Access to this site has or may be restricted or prohibited from your current location] [AkamaiNetStorage] [vhost] [a0861620c853283cc7fcbef80e07138b]
https://www.nps.skybet.com [403] [GET] [text/html] [Access to this site has or may be restricted or prohibited from your current location] [AkamaiNetStorage] [vhost] [a0861620c853283cc7fcbef80e07138b]
https://www.skybet.com [302] [GET] [] [] [AkamaiGHost] [vhost] [d41d8cd98f00b204e9800998ecf8427e]
https://www.staging.skybet.com [403] [GET] [text/html] [Access to this site has or may be restricted or prohibited from your current location] [AkamaiNetStorage] [vhost] [a0861620c853283cc7fcbef80e07138b]
https://www.test2.skybet.com [403] [GET] [text/html] [Access to this site has or may be restricted or prohibited from your current location] [AkamaiNetStorage] [vhost] [a0861620c853283cc7fcbef80e07138b]
