http://autodiscover.skypoker.com [301] [GET] [] [] [Microsoft-IIS/10.0] [vhost] [IIS,Microsoft ASP.NET,Windows Server] [d41d8cd98f00b204e9800998ecf8427e]
http://community.staging.skypoker.com:2082 [301] [GET] [] [] [cloudflare] [vhost] [cloudflare] [Cloudflare] [d41d8cd98f00b204e9800998ecf8427e]
http://community.staging.skypoker.com:2086 [301] [GET] [] [] [cloudflare] [vhost] [cloudflare] [Cloudflare] [d41d8cd98f00b204e9800998ecf8427e]
http://community.staging.skypoker.com:8080 [301] [GET] [] [] [cloudflare] [vhost] [cloudflare] [Cloudflare] [d41d8cd98f00b204e9800998ecf8427e]
http://community.staging.skypoker.com:8880 [301] [GET] [] [] [cloudflare] [vhost] [cloudflare] [Cloudflare] [d41d8cd98f00b204e9800998ecf8427e]
https://account.skypoker.com [302] [GET] [] [] [AkamaiGHost] [vhost] [d41d8cd98f00b204e9800998ecf8427e]
https://community.skypoker.com:2053 [503] [GET] [text/html] [Just a moment...] [cloudflare] [vhost] [cloudflare] [Cloudflare] [27ed326f6f9cd9722b5ca036310e91a1]
https://community.skypoker.com:2083 [503] [GET] [text/html] [Just a moment...] [cloudflare] [vhost] [cloudflare] [Cloudflare] [da3380b6819de28d5d6b225804c36bc3]
https://community.skypoker.com:2087 [503] [GET] [text/html] [Just a moment...] [cloudflare] [vhost] [cloudflare] [Cloudflare] [f1638a96fd21b9304fc06e692fd22bfd]
https://community.skypoker.com [503] [GET] [text/html] [Just a moment...] [cloudflare] [vhost] [cloudflare] [Cloudflare] [56a11c7339495087f0fa3d1b57543b05]
https://community.skypoker.com:8443 [503] [GET] [text/html] [Just a moment...] [cloudflare] [vhost] [cloudflare] [Cloudflare] [73aaa45221ae48990cb7c1ae5336e47b]
https://community.staging.skypoker.com [200] [GET] [text/html] [Sky Poker Forums] [cloudflare] [vhost] [cloudflare] [Cloudflare,React,ZURB Foundation] [724f47c997a34f151c135487df50ca32]
https://community.staging.skypoker.com [200] [GET] [text/html] [Sky Poker Forums] [cloudflare] [vhost] [cloudflare] [Cloudflare,React,ZURB Foundation] [ff389f9a2c5d20e0427208fd66d5aa64]
https://community.staging.skypoker.com:2083 [403] [GET] [text/html] [Sorry, you've been blocked] [cloudflare] [vhost] [cloudflare] [Cloudflare] [a698ae6aa338771432f62c88f1b83408]
https://community.staging.skypoker.com:2087 [403] [GET] [text/html] [Sorry, you've been blocked] [cloudflare] [vhost] [cloudflare] [Cloudflare] [92d4a64a7d8d0fcf58434928fd4448ce]
https://community.staging.skypoker.com:2096 [403] [GET] [text/plain] [] [cloudflare] [vhost] [cloudflare] [Cloudflare] [4f20b85ce5ebf225720e040314a7966a]
https://ls.push.skypoker.com [200] [GET] [text/plain] [] [] [vhost] [d0d695099e39173eb72601dce2dbb05f]
https://m.skypoker.com [302] [GET] [] [] [AkamaiGHost] [vhost] [d41d8cd98f00b204e9800998ecf8427e]
https://msoid.skypoker.com [302] [GET] [text/html] [Object moved] [] [vhost] [azure] [67dc47621d0dca9dc8d849ee26494c3b]
https://m.staging.skypoker.com [403] [GET] [text/html] [Access to this site has or may be restricted or prohibited from your current location] [AkamaiNetStorage] [vhost] [a0861620c853283cc7fcbef80e07138b]
https://push.skypoker.com [404] [GET] [] [] [] [vhost] [d41d8cd98f00b204e9800998ecf8427e]
https://skypoker.com [302] [GET] [] [] [AkamaiGHost] [vhost] [d41d8cd98f00b204e9800998ecf8427e]
https://support.skypoker.com [301] [GET] [] [] [] [vhost] [d41d8cd98f00b204e9800998ecf8427e]
https://table.push.skypoker.com [404] [GET] [] [] [] [vhost] [d41d8cd98f00b204e9800998ecf8427e]
https://www.skypoker.com [302] [GET] [] [] [AkamaiGHost] [vhost] [d41d8cd98f00b204e9800998ecf8427e]
https://www.staging.skypoker.com [403] [GET] [text/html] [Access to this site has or may be restricted or prohibited from your current location] [AkamaiNetStorage] [vhost] [a0861620c853283cc7fcbef80e07138b]
https://www.test2.skypoker.com [403] [GET] [text/html] [Access to this site has or may be restricted or prohibited from your current location] [AkamaiNetStorage] [vhost] [a0861620c853283cc7fcbef80e07138b]
