http://creator-services.soundcloud.com:8080 [301] [GET] [] [] [cloudflare] [vhost] [Cloudflare Network Error Logging] [d41d8cd98f00b204e9800998ecf8427e]
http://promotions.soundcloud.com:8080 [404] [GET] [text/html] [404 Not Found] [] [2e9281cb1598565605593d28a5efa3bb]
https://2021playback.soundcloud.com [200] [GET] [text/html] [Playback 2021] [openresty] [Google Tag Manager,Nginx,OpenResty,Webflow] [6be6bf106ad9bd5e70481b44aa6e20ab]
https://advertising.soundcloud.com [200] [GET] [text/html] [SoundCloud Promoted Content] [am/2] [vhost] [cloudfront] [Amazon Cloudfront,Amazon Web Services] [a713de47441ef205edc754dca5ba5527]
https://advertising.soundcloud.com [429] [GET] [text/plain] [] [] [vhost] [cloudfront] [Amazon Cloudfront,Amazon Web Services] [a52a7a1a6be7d17eed733b6702aa2ece]
https://api-auth.soundcloud.com [405] [GET] [text/plain] [] [am/2] [vhost] [cloudfront] [Amazon Cloudfront,Amazon Web Services] [54459140f41b68d3b605bcb547090d67]
https://api-auth-staging-a69c1cd1984c34.soundcloud.com [405] [GET] [text/plain] [] [am/2] [vhost] [cloudfront] [Amazon Cloudfront,Amazon Web Services] [54459140f41b68d3b605bcb547090d67]
https://api-auth-staging-a69c1cd1984c34.soundcloud.com [429] [GET] [text/plain] [] [] [vhost] [cloudfront] [Amazon Cloudfront,Amazon Web Services] [a52a7a1a6be7d17eed733b6702aa2ece]
https://api-creator-services.soundcloud.com [401] [GET] [application/json] [] [am/2] [vhost] [cloudfront] [Amazon Cloudfront,Amazon Web Services] [ab1e51b25d31881e95c220eb707723c9]
https://api-curators.soundcloud.com [405] [GET] [text/plain] [] [am/2] [vhost] [cloudfront] [Amazon Cloudfront,Amazon Web Services] [54459140f41b68d3b605bcb547090d67]
https://api-deck.soundcloud.com [405] [GET] [text/plain] [] [am/2] [vhost] [cloudfront] [Amazon Cloudfront,Amazon Web Services] [54459140f41b68d3b605bcb547090d67]
https://api-deck.soundcloud.com [429] [GET] [text/plain] [] [] [vhost] [cloudfront] [Amazon Cloudfront,Amazon Web Services] [a52a7a1a6be7d17eed733b6702aa2ece]
https://api-fortune.soundcloud.com [405] [GET] [text/plain] [] [am/2] [vhost] [cloudfront] [Amazon Cloudfront,Amazon Web Services] [54459140f41b68d3b605bcb547090d67]
https://api-fortune.soundcloud.com [429] [GET] [text/plain] [] [] [vhost] [cloudfront] [Amazon Cloudfront,Amazon Web Services] [a52a7a1a6be7d17eed733b6702aa2ece]
https://api-insights-alpha.soundcloud.com [401] [GET] [] [] [am/2] [vhost] [cloudfront] [Amazon Cloudfront,Amazon Web Services] [d41d8cd98f00b204e9800998ecf8427e]
https://api-insights.soundcloud.com [401] [GET] [] [] [am/2] [vhost] [cloudfront] [Amazon Cloudfront,Amazon Web Services] [d41d8cd98f00b204e9800998ecf8427e]
https://api-insights.soundcloud.com [429] [GET] [text/plain] [] [] [vhost] [cloudfront] [Amazon Cloudfront,Amazon Web Services] [a52a7a1a6be7d17eed733b6702aa2ece]
https://api-labs.soundcloud.com [401] [GET] [] [] [am/2] [vhost] [cloudfront] [Amazon Cloudfront,Amazon Web Services] [d41d8cd98f00b204e9800998ecf8427e]
https://api-labs.soundcloud.com [429] [GET] [text/plain] [] [] [vhost] [cloudfront] [Amazon Cloudfront,Amazon Web Services] [a52a7a1a6be7d17eed733b6702aa2ece]
https://api-mobile-alpha.soundcloud.com [401] [GET] [] [] [am/2] [vhost] [cloudfront] [Amazon Cloudfront,Amazon Web Services] [d41d8cd98f00b204e9800998ecf8427e]
https://api-mobile-beta.soundcloud.com [401] [GET] [] [] [am/2] [vhost] [cloudfront] [Amazon Cloudfront,Amazon Web Services] [d41d8cd98f00b204e9800998ecf8427e]
https://api-mobile-beta.soundcloud.com [429] [GET] [text/plain] [] [] [vhost] [cloudfront] [Amazon Cloudfront,Amazon Web Services] [a52a7a1a6be7d17eed733b6702aa2ece]
https://api-mobile.soundcloud.com [401] [GET] [] [] [am/2] [vhost] [cloudfront] [Amazon Cloudfront,Amazon Web Services] [d41d8cd98f00b204e9800998ecf8427e]
https://api-mobile-staging.soundcloud.com [401] [GET] [] [] [am/2] [vhost] [cloudfront] [Amazon Cloudfront,Amazon Web Services] [d41d8cd98f00b204e9800998ecf8427e]
https://api-mobi.soundcloud.com [401] [GET] [] [] [am/2] [vhost] [cloudfront] [Amazon Cloudfront,Amazon Web Services] [d41d8cd98f00b204e9800998ecf8427e]
https://api-partners.soundcloud.com [401] [GET] [] [] [am/2] [vhost] [cloudfront] [Amazon Cloudfront,Amazon Web Services] [d41d8cd98f00b204e9800998ecf8427e]
https://api-partners-staging.soundcloud.com [401] [GET] [] [] [am/2] [vhost] [cloudfront] [Amazon Cloudfront,Amazon Web Services] [d41d8cd98f00b204e9800998ecf8427e]
https://api-pss.soundcloud.com [403] [GET] [text/html] [Something went wrong - SoundCloud] [] [vhost] [cloudfront] [Amazon Cloudfront,Amazon Web Services] [0b42dc883a4adce28e36e0e18a33f31b]
https://api.soundcloud.com [401] [GET] [application/json] [] [am/2] [vhost] [cloudfront] [Amazon Cloudfront,Amazon Web Services] [77109df85b979590f5be9098c64a71ad]
https://api.soundcloud.com [429] [GET] [text/plain] [] [] [vhost] [cloudfront] [Amazon Cloudfront,Amazon Web Services] [a52a7a1a6be7d17eed733b6702aa2ece]
https://api-staging-mobi.soundcloud.com [403] [GET] [text/html] [Something went wrong - SoundCloud] [] [vhost] [cloudfront] [Amazon Cloudfront,Amazon Web Services] [0b42dc883a4adce28e36e0e18a33f31b]
https://api-staging-mobi.soundcloud.com [429] [GET] [text/plain] [] [] [vhost] [cloudfront] [Amazon Cloudfront,Amazon Web Services] [a52a7a1a6be7d17eed733b6702aa2ece]
https://api-staging-v2.soundcloud.com [403] [GET] [application/json] [] [am/2] [vhost] [cloudfront] [Amazon Cloudfront,Amazon Web Services] [7c8cface617822422a4cf3afc7f2286c]
https://api-v2.soundcloud.com [401] [GET] [] [] [am/2] [vhost] [cloudfront] [Amazon Cloudfront,Amazon Web Services] [d41d8cd98f00b204e9800998ecf8427e]
https://api-v2-test.soundcloud.com [403] [GET] [text/html] [Something went wrong - SoundCloud] [] [vhost] [cloudfront] [Amazon Cloudfront,Amazon Web Services] [0b42dc883a4adce28e36e0e18a33f31b]
https://api-v2-test.soundcloud.com [429] [GET] [text/plain] [] [] [vhost] [cloudfront] [Amazon Cloudfront,Amazon Web Services] [a52a7a1a6be7d17eed733b6702aa2ece]
https://api-widget.soundcloud.com [401] [GET] [] [] [am/2] [vhost] [cloudfront] [Amazon Cloudfront,Amazon Web Services] [d41d8cd98f00b204e9800998ecf8427e]
https://api-widget.soundcloud.com [429] [GET] [text/plain] [] [] [vhost] [cloudfront] [Amazon Cloudfront,Amazon Web Services] [a52a7a1a6be7d17eed733b6702aa2ece]
https://attachments.soundcloud.com [403] [GET] [application/xml] [] [AmazonS3] [vhost] [cloudfront] [Amazon Cloudfront,Amazon S3,Amazon Web Services] [f116bdf5cc6c8b32532e8a84d63d95e3]
https://attachments.soundcloud.com [403] [GET] [application/xml] [] [AmazonS3] [vhost] [cloudfront] [Amazon Cloudfront,Amazon S3,Amazon Web Services] [fb59ce4ea8768bf334ed23b38ff31fd5]
https://backstage.soundcloud.com [301] [GET] [] [] [] [vhost] [cloudfront] [Amazon Cloudfront,Amazon Web Services] [d41d8cd98f00b204e9800998ecf8427e]
https://backstage.soundcloud.com [429] [GET] [text/plain] [] [] [vhost] [cloudfront] [Amazon Cloudfront,Amazon Web Services] [a52a7a1a6be7d17eed733b6702aa2ece]
https://billing.cs.soundcloud.com [404] [GET] [application/json] [] [] [39e95f60557ef3febfcf5dc698631ee4]
https://blog.soundcloud.com [200] [GET] [text/html] [SoundCloud » The Official SoundCloud Blog] [cloudflare] [vhost] [Cloudflare,Cloudflare Network Error Logging,MySQL,PHP,WordPress,Yoast SEO] [7f5358c2227566c0c0f82888ab0cb2ba]
https://buckster.soundcloud.com [403] [GET] [text/html] [Something went wrong - SoundCloud] [] [vhost] [cloudfront] [Amazon Cloudfront,Amazon Web Services] [0b42dc883a4adce28e36e0e18a33f31b]
https://buckster-staging.soundcloud.com [403] [GET] [text/html] [Something went wrong - SoundCloud] [] [vhost] [cloudfront] [Amazon Cloudfront,Amazon Web Services] [0b42dc883a4adce28e36e0e18a33f31b]
https://careers.soundcloud.com [200] [GET] [text/html] [We're hiring!] [Squarespace] [vhost] [Google Font API,Squarespace,Squarespace Commerce,Stimulus] [deff6647095c0f96c5f452a1bb804a77]
https://cast-1.soundcloud.com [200] [GET] [text/html] [SoundCloud Chromecast Receiver] [AmazonS3] [vhost] [cloudfront] [Amazon Cloudfront,Amazon S3,Amazon Web Services] [f9b6b61cc0475e044fab5d2acc491e24]
https://cast-beta.soundcloud.com [200] [GET] [text/html] [SoundCloud Chromecast Receiver] [AmazonS3] [vhost] [cloudfront] [Amazon Cloudfront,Amazon S3,Amazon Web Services] [c6874d850593ce500e804328b9146cc9]
https://cast.soundcloud.com [403] [GET] [text/html] [Something went wrong - SoundCloud] [] [vhost] [cloudfront] [Amazon Cloudfront,Amazon Web Services] [0b42dc883a4adce28e36e0e18a33f31b]
https://cdn-07bd.soundcloud.com [403] [GET] [text/html] [Something went wrong - SoundCloud] [] [vhost] [cloudfront] [Amazon Cloudfront,Amazon Web Services] [0b42dc883a4adce28e36e0e18a33f31b]
https://cdn-07bd.soundcloud.com [429] [GET] [text/plain] [] [] [vhost] [cloudfront] [Amazon Cloudfront,Amazon Web Services] [a52a7a1a6be7d17eed733b6702aa2ece]
https://cdn-334c.soundcloud.com [403] [GET] [text/html] [Something went wrong - SoundCloud] [] [vhost] [cloudfront] [Amazon Cloudfront,Amazon Web Services] [0b42dc883a4adce28e36e0e18a33f31b]
https://cdn-45f1.soundcloud.com [403] [GET] [text/html] [Something went wrong - SoundCloud] [] [vhost] [cloudfront] [Amazon Cloudfront,Amazon Web Services] [0b42dc883a4adce28e36e0e18a33f31b]
https://cdn-45f1.soundcloud.com [429] [GET] [text/plain] [] [] [vhost] [cloudfront] [Amazon Cloudfront,Amazon Web Services] [a52a7a1a6be7d17eed733b6702aa2ece]
https://cdn-aca3.soundcloud.com [403] [GET] [text/html] [Something went wrong - SoundCloud] [] [vhost] [cloudfront] [Amazon Cloudfront,Amazon Web Services] [0b42dc883a4adce28e36e0e18a33f31b]
https://cdn-aca3.soundcloud.com [429] [GET] [text/plain] [] [] [vhost] [cloudfront] [Amazon Cloudfront,Amazon Web Services] [a52a7a1a6be7d17eed733b6702aa2ece]
https://cdn-b43f.soundcloud.com [403] [GET] [text/html] [Something went wrong - SoundCloud] [] [vhost] [cloudfront] [Amazon Cloudfront,Amazon Web Services] [0b42dc883a4adce28e36e0e18a33f31b]
https://cdn-b43f.soundcloud.com [429] [GET] [text/plain] [] [] [vhost] [cloudfront] [Amazon Cloudfront,Amazon Web Services] [a52a7a1a6be7d17eed733b6702aa2ece]
https://checkout-android.soundcloud.com [302] [GET] [text/plain] [] [am/2] [vhost] [cloudfront] [Amazon Cloudfront,Amazon Web Services] [f635a68b0cf428da5a9612b03ea8fab8]
https://checkout-android.soundcloud.com [429] [GET] [text/plain] [] [] [vhost] [cloudfront] [Amazon Cloudfront,Amazon Web Services] [a52a7a1a6be7d17eed733b6702aa2ece]
https://checkout-android-staging.soundcloud.com [302] [GET] [text/plain] [] [am/2] [vhost] [cloudfront] [Amazon Cloudfront,Amazon Web Services] [f635a68b0cf428da5a9612b03ea8fab8]
https://checkout-android-staging.soundcloud.com [429] [GET] [text/plain] [] [] [vhost] [cloudfront] [Amazon Cloudfront,Amazon Web Services] [a52a7a1a6be7d17eed733b6702aa2ece]
https://checkout.soundcloud.com [302] [GET] [text/plain] [] [am/2] [vhost] [cloudfront] [Amazon Cloudfront,Amazon Web Services] [f635a68b0cf428da5a9612b03ea8fab8]
https://checkout.soundcloud.com [429] [GET] [text/plain] [] [] [vhost] [cloudfront] [Amazon Cloudfront,Amazon Web Services] [a52a7a1a6be7d17eed733b6702aa2ece]
https://checkout-staging.soundcloud.com [302] [GET] [text/plain] [] [am/2] [vhost] [cloudfront] [Amazon Cloudfront,Amazon Web Services] [f635a68b0cf428da5a9612b03ea8fab8]
https://checkout-staging.soundcloud.com [429] [GET] [text/plain] [] [] [vhost] [cloudfront] [Amazon Cloudfront,Amazon Web Services] [a52a7a1a6be7d17eed733b6702aa2ece]
https://cnnct.soundcloud.com [301] [GET] [] [] [] [vhost] [cloudfront] [Amazon Cloudfront,Amazon Web Services] [d41d8cd98f00b204e9800998ecf8427e]
https://cnnct.soundcloud.com [429] [GET] [text/plain] [] [] [vhost] [cloudfront] [Amazon Cloudfront,Amazon Web Services] [a52a7a1a6be7d17eed733b6702aa2ece]
https://community.soundcloud.com [200] [GET] [text/html] [SoundCloud Playbook] [am/2] [vhost] [cloudfront] [Amazon Cloudfront,Amazon Web Services,Contentful] [b826cacf3753a802b45c443373782c30]
https://connect.soundcloud.com [200] [GET] [text/html] [Connect with SoundCloud] [AmazonS3] [vhost] [cloudfront] [Amazon Cloudfront,Amazon S3,Amazon Web Services] [cdf76f867cf7b6446cb459a9c5a0d0bd]
https://contest.soundcloud.com [403] [GET] [text/html] [Something went wrong - SoundCloud] [] [vhost] [cloudfront] [Amazon Cloudfront,Amazon Web Services] [0b42dc883a4adce28e36e0e18a33f31b]
https://contest.soundcloud.com [429] [GET] [text/plain] [] [] [vhost] [cloudfront] [Amazon Cloudfront,Amazon Web Services] [a52a7a1a6be7d17eed733b6702aa2ece]
https://copyright.soundcloud.com [302] [GET] [text/html] [] [am/2] [vhost] [cloudfront] [Amazon Cloudfront,Amazon Web Services] [d41d8cd98f00b204e9800998ecf8427e]
https://copyright.soundcloud.com [429] [GET] [text/plain] [] [] [vhost] [cloudfront] [Amazon Cloudfront,Amazon Web Services] [a52a7a1a6be7d17eed733b6702aa2ece]
https://creatorguide.soundcloud.com [301] [GET] [] [] [] [vhost] [cloudfront] [Amazon Cloudfront,Amazon Web Services] [d41d8cd98f00b204e9800998ecf8427e]
https://creator-services.soundcloud.com [404] [GET] [text/html] [Follow us on Instagram] [cloudflare] [vhost] [Cloudflare,Cloudflare Network Error Logging,Google Font API,HubSpot,HubSpot CMS Hub] [75009358c62c18aba361e85a1b8ae9b2]
https://creator-services.soundcloud.com [404] [GET] [text/html] [Follow us on Instagram] [cloudflare] [vhost] [Cloudflare,Cloudflare Network Error Logging,Google Font API,HubSpot,HubSpot CMS Hub] [e8f82521c708566961ff8276556f2093]
https://creator-services.soundcloud.com:8443 [521] [GET] [] [] [cloudflare] [vhost] [Cloudflare,Cloudflare Network Error Logging] [d41d8cd98f00b204e9800998ecf8427e]
https://creators.soundcloud.com [301] [GET] [] [] [] [vhost] [cloudfront] [Amazon Cloudfront,Amazon Web Services] [d41d8cd98f00b204e9800998ecf8427e]
https://creators.soundcloud.com [429] [GET] [text/plain] [] [] [vhost] [cloudfront] [Amazon Cloudfront,Amazon Web Services] [a52a7a1a6be7d17eed733b6702aa2ece]
https://dashboard.soundcloud.com [200] [GET] [text/html] [Creator Dashboard] [AmazonS3] [vhost] [cloudfront] [Amazon Cloudfront,Amazon S3,Amazon Web Services,React] [7ba82ffb8da5e1a0692c299d6b6edde7]
https://denondj.soundcloud.com [302] [GET] [] [] [] [vhost] [cloudfront] [Amazon Cloudfront,Amazon Web Services] [d41d8cd98f00b204e9800998ecf8427e]
https://denondj.soundcloud.com [429] [GET] [text/plain] [] [] [vhost] [cloudfront] [Amazon Cloudfront,Amazon Web Services] [a52a7a1a6be7d17eed733b6702aa2ece]
https://developer.soundcloud.com [301] [GET] [] [] [] [vhost] [cloudfront] [Amazon Cloudfront,Amazon Web Services] [d41d8cd98f00b204e9800998ecf8427e]
https://developer.soundcloud.com [429] [GET] [text/plain] [] [] [vhost] [cloudfront] [Amazon Cloudfront,Amazon Web Services] [a52a7a1a6be7d17eed733b6702aa2ece]
https://developers.soundcloud.com [200] [GET] [text/html] [SoundCloud Developers] [am/2] [vhost] [cloudfront] [Amazon Cloudfront,Amazon Web Services,RackCache,Ruby] [ba290990ba3178f0c4551b3410d54ca1]
https://dev.soundcloud.com [301] [GET] [] [] [] [vhost] [cloudfront] [Amazon Cloudfront,Amazon Web Services] [d41d8cd98f00b204e9800998ecf8427e]
https://dev.soundcloud.com [429] [GET] [text/plain] [] [] [vhost] [cloudfront] [Amazon Cloudfront,Amazon Web Services] [a52a7a1a6be7d17eed733b6702aa2ece]
https://directory.soundcloud.com [403] [GET] [text/html] [Something went wrong - SoundCloud] [] [vhost] [cloudfront] [Amazon Cloudfront,Amazon Web Services] [0b42dc883a4adce28e36e0e18a33f31b]
https://directory.soundcloud.com [429] [GET] [text/plain] [] [] [vhost] [cloudfront] [Amazon Cloudfront,Amazon Web Services] [a52a7a1a6be7d17eed733b6702aa2ece]
https://domainlocking.soundcloud.com [403] [GET] [text/html] [Something went wrong - SoundCloud] [] [vhost] [cloudfront] [Amazon Cloudfront,Amazon Web Services] [0b42dc883a4adce28e36e0e18a33f31b]
https://domainlocking.soundcloud.com [429] [GET] [text/plain] [] [] [vhost] [cloudfront] [Amazon Cloudfront,Amazon Web Services] [a52a7a1a6be7d17eed733b6702aa2ece]
https://doseofjoy.soundcloud.com [404] [GET] [text/html] [Pageserver 404] [openresty] [Google Cloud,Google Cloud CDN,Nginx,OpenResty] [d7af2d09db221c65f6efd9eb029ee03e]
https://email-assets.soundcloud.com [404] [GET] [application/xml] [] [AmazonS3] [vhost] [cloudfront] [Amazon Cloudfront,Amazon S3,Amazon Web Services] [bc834d7e7c16f6643880af3bb99c4598]
https://eventgateway.soundcloud.com [404] [GET] [] [] [am/2] [vhost] [cloudfront] [Amazon Cloudfront,Amazon Web Services] [9e076f5885f5cc16a4b5aeb8de4adff5]
https://eventgateway.soundcloud.com [429] [GET] [text/plain] [] [] [vhost] [cloudfront] [Amazon Cloudfront,Amazon Web Services] [a52a7a1a6be7d17eed733b6702aa2ece]
https://eventlogger.soundcloud.com [404] [GET] [] [] [am/2] [vhost] [cloudfront] [Amazon Cloudfront,Amazon Web Services] [9e076f5885f5cc16a4b5aeb8de4adff5]
https://eventlogger.soundcloud.com [429] [GET] [text/plain] [] [] [vhost] [cloudfront] [Amazon Cloudfront,Amazon Web Services] [a52a7a1a6be7d17eed733b6702aa2ece]
https://feeds.soundcloud.com [405] [GET] [text/plain] [] [am/2] [vhost] [cloudfront] [Amazon Cloudfront,Amazon Web Services] [54459140f41b68d3b605bcb547090d67]
https://feeds.soundcloud.com [429] [GET] [text/plain] [] [] [vhost] [cloudfront] [Amazon Cloudfront,Amazon Web Services] [a52a7a1a6be7d17eed733b6702aa2ece]
https://feeds-tmp.soundcloud.com [403] [GET] [text/html] [Something went wrong - SoundCloud] [] [vhost] [cloudfront] [Amazon Cloudfront,Amazon Web Services] [0b42dc883a4adce28e36e0e18a33f31b]
https://feeds-tmp.soundcloud.com [429] [GET] [text/plain] [] [] [vhost] [cloudfront] [Amazon Cloudfront,Amazon Web Services] [a52a7a1a6be7d17eed733b6702aa2ece]
https://firston.soundcloud.com [200] [GET] [text/html] [First on SoundCloud] [Netlify] [vhost] [Contentful,Netlify] [eefe744f8697ffc490eca5e55b38acb5]
https://get.soundcloud.com [302] [GET] [] [] [] [vhost] [cloudfront] [Amazon Cloudfront,Amazon Web Services] [d41d8cd98f00b204e9800998ecf8427e]
https://get.soundcloud.com [429] [GET] [text/plain] [] [] [vhost] [cloudfront] [Amazon Cloudfront,Amazon Web Services] [a52a7a1a6be7d17eed733b6702aa2ece]
https://help-assets.soundcloud.com [404] [GET] [application/xml] [] [AmazonS3] [vhost] [cloudfront] [Amazon Cloudfront,Amazon S3,Amazon Web Services] [039d7d11358a7ee2082ac5321d0b1388]
https://help.soundcloud.com [301] [GET] [text/html] [] [cloudflare] [vhost] [cloudflare] [Cloudflare,Cloudflare Network Error Logging,Zendesk] [de5bc113f333ede7e243e610db7ab69d]
https://igf.soundcloud.com [403] [GET] [text/html] [Error 403 Forbidden] [] [vhost] [oracle] [1f6b98ce8efc8006f4c2aaae869dd3a7]
https://insights-ui.soundcloud.com [200] [GET] [text/html] [] [am/2] [vhost] [cloudfront] [Amazon Cloudfront,Amazon Web Services] [68cfe09847ebc141de18f7dceccb02e7]
https://insights-ui.soundcloud.com [429] [GET] [text/plain] [] [] [vhost] [cloudfront] [Amazon Cloudfront,Amazon Web Services] [a52a7a1a6be7d17eed733b6702aa2ece]
https://jctl.soundcloud.com [403] [GET] [text/html] [Something went wrong - SoundCloud] [] [vhost] [cloudfront] [Amazon Cloudfront,Amazon Web Services] [0b42dc883a4adce28e36e0e18a33f31b]
https://jctl.soundcloud.com [429] [GET] [text/plain] [] [] [vhost] [cloudfront] [Amazon Cloudfront,Amazon Web Services] [a52a7a1a6be7d17eed733b6702aa2ece]
https://jira.soundcloud.com [301] [GET] [] [] [] [vhost] [cloudfront] [Amazon Cloudfront,Amazon Web Services] [d41d8cd98f00b204e9800998ecf8427e]
https://jira.soundcloud.com [429] [GET] [text/plain] [] [] [vhost] [cloudfront] [Amazon Cloudfront,Amazon Web Services] [a52a7a1a6be7d17eed733b6702aa2ece]
https://jira-staging.soundcloud.com [403] [GET] [text/html] [Something went wrong - SoundCloud] [] [vhost] [cloudfront] [Amazon Cloudfront,Amazon Web Services] [0b42dc883a4adce28e36e0e18a33f31b]
https://jira-staging.soundcloud.com [429] [GET] [text/plain] [] [] [vhost] [cloudfront] [Amazon Cloudfront,Amazon Web Services] [a52a7a1a6be7d17eed733b6702aa2ece]
https://jobs.soundcloud.com [301] [GET] [] [] [] [vhost] [cloudfront] [Amazon Cloudfront,Amazon Web Services] [d41d8cd98f00b204e9800998ecf8427e]
https://jobs.soundcloud.com [429] [GET] [text/plain] [] [] [vhost] [cloudfront] [Amazon Cloudfront,Amazon Web Services] [a52a7a1a6be7d17eed733b6702aa2ece]
https://kia.soundcloud.com [302] [GET] [text/html] [Redirecting to https://kia.soundcloud.com/coming-soon] [nginx] [vhost] [cloudfront] [Amazon ALB,Amazon Cloudfront,Amazon Web Services,Nginx] [53f05b6ed2041a83151676126dc16253]
https://kik.soundcloud.com [301] [GET] [] [] [] [vhost] [cloudfront] [Amazon Cloudfront,Amazon Web Services] [d41d8cd98f00b204e9800998ecf8427e]
https://l9bjkkhaycw6f8f4.soundcloud.com [404] [GET] [] [] [am/2] [vhost] [cloudfront] [Amazon Cloudfront,Amazon Web Services] [9e076f5885f5cc16a4b5aeb8de4adff5]
https://l9bjkkhaycw6f8f4.soundcloud.com [429] [GET] [text/plain] [] [] [vhost] [cloudfront] [Amazon Cloudfront,Amazon Web Services] [a52a7a1a6be7d17eed733b6702aa2ece]
https://links.account.soundcloud.com [404] [GET] [text/html] [404 Not Found] [nginx] [vhost] [cloudfront] [Amazon Cloudfront,Amazon Web Services,Nginx] [8e325dc2fea7c8900fc6c4b8c6c394fe]
https://links.announcements.soundcloud.com [404] [GET] [text/html] [404 Not Found] [nginx] [vhost] [cloudfront] [Amazon Cloudfront,Amazon Web Services,Nginx] [70461da8b94c6ca5d2fda3260c5a8c3b]
https://links.announcements.soundcloud.com [404] [GET] [text/html] [404 Not Found] [nginx] [vhost] [cloudfront] [Amazon Cloudfront,Amazon Web Services,Nginx] [8e325dc2fea7c8900fc6c4b8c6c394fe]
https://links.billing.soundcloud.com [404] [GET] [text/html] [404 Not Found] [nginx] [vhost] [cloudfront] [Amazon Cloudfront,Amazon Web Services,Nginx] [70461da8b94c6ca5d2fda3260c5a8c3b]
https://links.confirmation.soundcloud.com [404] [GET] [text/html] [404 Not Found] [nginx] [vhost] [cloudfront] [Amazon Cloudfront,Amazon Web Services,Nginx] [8e325dc2fea7c8900fc6c4b8c6c394fe]
https://links.hello.soundcloud.com [404] [GET] [text/html] [404 Not Found] [nginx] [vhost] [cloudfront] [Amazon Cloudfront,Amazon Web Services,Nginx] [8e325dc2fea7c8900fc6c4b8c6c394fe]
https://links.login.soundcloud.com [404] [GET] [text/html] [404 Not Found] [nginx] [vhost] [cloudfront] [Amazon Cloudfront,Amazon Web Services,Nginx] [70461da8b94c6ca5d2fda3260c5a8c3b]
https://links.messages.soundcloud.com [404] [GET] [text/html] [404 Not Found] [nginx] [vhost] [cloudfront] [Amazon Cloudfront,Amazon Web Services,Nginx] [8e325dc2fea7c8900fc6c4b8c6c394fe]
https://links.notifications.soundcloud.com [404] [GET] [text/html] [404 Not Found] [nginx] [vhost] [cloudfront] [Amazon Cloudfront,Amazon Web Services,Nginx] [70461da8b94c6ca5d2fda3260c5a8c3b]
https://links.reporting.soundcloud.com [404] [GET] [text/html] [404 Not Found] [nginx] [vhost] [cloudfront] [Amazon Cloudfront,Amazon Web Services,Nginx] [70461da8b94c6ca5d2fda3260c5a8c3b]
https://links.reporting.soundcloud.com [404] [GET] [text/html] [404 Not Found] [nginx] [vhost] [cloudfront] [Amazon Cloudfront,Amazon Web Services,Nginx] [8e325dc2fea7c8900fc6c4b8c6c394fe]
https://links.transactions.soundcloud.com [404] [GET] [text/html] [404 Not Found] [nginx] [vhost] [cloudfront] [Amazon Cloudfront,Amazon Web Services,Nginx] [8e325dc2fea7c8900fc6c4b8c6c394fe]
https://links.warnings.soundcloud.com [404] [GET] [text/html] [404 Not Found] [nginx] [vhost] [cloudfront] [Amazon Cloudfront,Amazon Web Services,Nginx] [70461da8b94c6ca5d2fda3260c5a8c3b]
https://links.warnings.soundcloud.com [404] [GET] [text/html] [404 Not Found] [nginx] [vhost] [cloudfront] [Amazon Cloudfront,Amazon Web Services,Nginx] [8e325dc2fea7c8900fc6c4b8c6c394fe]
https://mastering.soundcloud.com [200] [GET] [text/html] [Mastering] [am/2] [vhost] [cloudfront] [Amazon Cloudfront,Amazon Web Services] [4150d0c7080739557024cee135c091d1]
https://mastering-staging-c76abee92f.soundcloud.com [200] [GET] [text/html] [Mastering] [am/2] [vhost] [cloudfront] [Amazon Cloudfront,Amazon Web Services] [cf51c3b024317b6f071ba70489e36658]
https://mobi.soundcloud.com [200] [GET] [text/html] [Download App] [am/2] [vhost] [cloudfront] [Amazon Cloudfront,Amazon Web Services] [5f360f39923c5c023ba3398016844eaf]
https://mobi.soundcloud.com [429] [GET] [text/plain] [] [] [vhost] [cloudfront] [Amazon Cloudfront,Amazon Web Services] [a52a7a1a6be7d17eed733b6702aa2ece]
https://mobi-staging.soundcloud.com [403] [GET] [text/html] [Something went wrong - SoundCloud] [] [vhost] [cloudfront] [Amazon Cloudfront,Amazon Web Services] [0b42dc883a4adce28e36e0e18a33f31b]
https://mobi-staging.soundcloud.com [429] [GET] [text/plain] [] [] [vhost] [cloudfront] [Amazon Cloudfront,Amazon Web Services] [a52a7a1a6be7d17eed733b6702aa2ece]
https://m.soundcloud.com [200] [GET] [text/html] [Download App] [am/2] [vhost] [cloudfront] [Amazon Cloudfront,Amazon Web Services] [87fe2bcbaf1e792a3479b02e2eac6133]
https://m.soundcloud.com [429] [GET] [text/plain] [] [] [vhost] [cloudfront] [Amazon Cloudfront,Amazon Web Services] [a52a7a1a6be7d17eed733b6702aa2ece]
https://nba2kbeatsthesearch.soundcloud.com [302] [GET] [text/html] [Redirecting to https://nba2kbeatsthesearch.soundcloud.com/promo-over] [nginx] [vhost] [cloudfront] [Amazon ALB,Amazon Cloudfront,Amazon Web Services,Nginx] [3a8c27d125a391b84bf72f3451f91645]
https://no9pldds1lmn3.soundcloud.com [404] [GET] [] [] [am/2] [vhost] [cloudfront] [Amazon Cloudfront,Amazon Web Services] [9e076f5885f5cc16a4b5aeb8de4adff5]
https://no9pldds1lmn3.soundcloud.com [429] [GET] [text/plain] [] [] [vhost] [cloudfront] [Amazon Cloudfront,Amazon Web Services] [a52a7a1a6be7d17eed733b6702aa2ece]
https://notifications.cs.soundcloud.com [404] [GET] [text/html] [HTTP Status 404 – Not Found] [] [875927332f52c86065894ba05cabb6c4]
https://numark.soundcloud.com [302] [GET] [] [] [] [vhost] [cloudfront] [Amazon Cloudfront,Amazon Web Services] [d41d8cd98f00b204e9800998ecf8427e]
https://numark.soundcloud.com [429] [GET] [text/plain] [] [] [vhost] [cloudfront] [Amazon Cloudfront,Amazon Web Services] [a52a7a1a6be7d17eed733b6702aa2ece]
https://on.soundcloud.com [301] [GET] [] [] [] [vhost] [cloudfront] [Amazon Cloudfront,Amazon Web Services] [d41d8cd98f00b204e9800998ecf8427e]
https://on.soundcloud.com [429] [GET] [text/plain] [] [] [vhost] [cloudfront] [Amazon Cloudfront,Amazon Web Services] [a52a7a1a6be7d17eed733b6702aa2ece]
https://p1.soundcloud.com [301] [GET] [] [] [] [vhost] [cloudfront] [Amazon Cloudfront,Amazon Web Services] [d41d8cd98f00b204e9800998ecf8427e]
https://pages.soundcloud.com [404] [GET] [text/plain] [] [am/2] [vhost] [cloudfront] [Amazon Cloudfront,Amazon Web Services] [fc311c49b175c0c36456ff853d0cb44c]
https://playback.soundcloud.com [404] [GET] [text/html] [Pageserver 404] [openresty] [Google Cloud,Google Cloud CDN,Nginx,OpenResty] [c78ef9622acdf629109ec191c2195925]
https://playerone.soundcloud.com [404] [GET] [text/html] [Pageserver 404] [openresty] [Google Cloud,Google Cloud CDN,Nginx,OpenResty] [8e2f1014e31f2675542f28731b9638ad]
https://player.soundcloud.com [404] [GET] [application/xml] [] [AmazonS3] [vhost] [cloudfront] [Amazon Cloudfront,Amazon S3,Amazon Web Services] [bd682e306c94c4e6d166f53bb896eecb]
https://premium.soundcloud.com [200] [GET] [text/html] [] [Apache] [Apache] [d41d8cd98f00b204e9800998ecf8427e]
https://press.soundcloud.com [200] [GET] [text/html] [Newsroom powered by pr.co] [nginx] [vhost] [cloudfront] [Amazon Cloudfront,Amazon Web Services,Nginx] [112d082161f1ce908bd155999d611657]
https://press.soundcloud.com [200] [GET] [text/html] [Newsroom powered by pr.co] [nginx] [vhost] [cloudfront] [Amazon Cloudfront,Amazon Web Services,Nginx] [61442b6e3f10c748335a150918f5f53d]
https://prod.igf.soundcloud.com [403] [GET] [text/html] [Error 403 Forbidden] [] [vhost] [oracle] [1f6b98ce8efc8006f4c2aaae869dd3a7]
https://promoted.soundcloud.com [403] [GET] [text/html] [Something went wrong - SoundCloud] [] [vhost] [cloudfront] [Amazon Cloudfront,Amazon Web Services] [0b42dc883a4adce28e36e0e18a33f31b]
https://promoted-staging.soundcloud.com [405] [GET] [text/plain] [] [am/2] [vhost] [cloudfront] [Amazon Cloudfront,Amazon Web Services] [54459140f41b68d3b605bcb547090d67]
https://promoted-staging.soundcloud.com [429] [GET] [text/plain] [] [] [vhost] [cloudfront] [Amazon Cloudfront,Amazon Web Services] [a52a7a1a6be7d17eed733b6702aa2ece]
https://promote.soundcloud.com [200] [GET] [text/html] [Promote on SoundCloud] [nginx] [vhost] [Google Tag Manager,Laravel,Nginx,PHP] [fe3ea7a3e1911ed54863bbc65976f4e4]
https://promotions.soundcloud.com [302] [GET] [text/plain] [] [openresty] [vhost] [Google Cloud,Google Cloud CDN,Nginx,OpenResty] [d61d02ea77cd393c15310cb91fb64943]
https://pwt.soundcloud.com [200] [GET] [] [] [] [d41d8cd98f00b204e9800998ecf8427e]
https://recurly-gateway-staging.soundcloud.com [405] [GET] [text/plain] [] [am/2] [vhost] [cloudfront] [Amazon Cloudfront,Amazon Web Services] [54459140f41b68d3b605bcb547090d67]
https://recurly-gateway-staging.soundcloud.com [429] [GET] [text/plain] [] [] [vhost] [cloudfront] [Amazon Cloudfront,Amazon Web Services] [a52a7a1a6be7d17eed733b6702aa2ece]
https://repost.soundcloud.com [200] [GET] [text/html] [Repost by SoundCloud] [AmazonS3] [vhost] [cloudfront] [Amazon Cloudfront,Amazon S3,Amazon Web Services] [2fc58d6a8d5cf152bc06d62a98ca14d8]
https://rss-importer.soundcloud.com [200] [GET] [text/html] [Bulk Uploader] [am/2] [vhost] [cloudfront] [Amazon Cloudfront,Amazon Web Services,AngularJS,Bootstrap] [a657761b0be033e20a18e3b9314c571d]
https://rss-importer.soundcloud.com [429] [GET] [text/plain] [] [] [vhost] [cloudfront] [Amazon Cloudfront,Amazon Web Services] [a52a7a1a6be7d17eed733b6702aa2ece]
https://scdrops.soundcloud.com [301] [GET] [] [] [Squarespace] [vhost] [Squarespace,Squarespace Commerce] [d41d8cd98f00b204e9800998ecf8427e]
https://secure.soundcloud.com [200] [GET] [text/html] [SoundCloud – Listen to free music and podcasts on SoundCloud] [am/2] [vhost] [cloudfront] [Amazon Cloudfront,Amazon Web Services] [755dd2509b83c33ab45f6b0702190631]
https://secure.soundcloud.com [429] [GET] [text/plain] [] [] [vhost] [cloudfront] [Amazon Cloudfront,Amazon Web Services] [a52a7a1a6be7d17eed733b6702aa2ece]
https://secure-staging-fcc3ea5085.soundcloud.com [200] [GET] [text/html] [SoundCloud – Listen to free music and podcasts on SoundCloud] [am/2] [vhost] [cloudfront] [Amazon Cloudfront,Amazon Web Services] [b1c1b24c986c8f644f27e0d50ee9024d]
https://secure-staging-fcc3ea5085.soundcloud.com [429] [GET] [text/plain] [] [] [vhost] [cloudfront] [Amazon Cloudfront,Amazon Web Services] [a52a7a1a6be7d17eed733b6702aa2ece]
https://sheerid.soundcloud.com [429] [GET] [text/plain] [] [] [vhost] [cloudfront] [Amazon Cloudfront,Amazon Web Services] [a52a7a1a6be7d17eed733b6702aa2ece]
https://sheerid-staging.soundcloud.com [405] [GET] [text/plain] [] [am/2] [vhost] [cloudfront] [Amazon Cloudfront,Amazon Web Services] [54459140f41b68d3b605bcb547090d67]
https://sonar.soundcloud.com [301] [GET] [] [] [] [vhost] [cloudfront] [Amazon Cloudfront,Amazon Web Services] [d41d8cd98f00b204e9800998ecf8427e]
https://sonar.soundcloud.com [429] [GET] [text/plain] [] [] [vhost] [cloudfront] [Amazon Cloudfront,Amazon Web Services] [a52a7a1a6be7d17eed733b6702aa2ece]
https://sonos.soundcloud.com [200] [GET] [text/html] [SoundCloud & Sonos] [am/2] [vhost] [cloudfront] [Amazon Cloudfront,Amazon Web Services] [87837a5869765942a23bee2e3ad11d83]
https://sonos.soundcloud.com [429] [GET] [text/plain] [] [] [vhost] [cloudfront] [Amazon Cloudfront,Amazon Web Services] [a52a7a1a6be7d17eed733b6702aa2ece]
https://soundcloud.com [302] [GET] [] [] [am/2] [vhost] [cloudfront] [Amazon Cloudfront,Amazon Web Services] [d41d8cd98f00b204e9800998ecf8427e]
https://soundcouch-beta.soundcloud.com [200] [GET] [text/html] [SoundCloud] [am/2] [vhost] [cloudfront] [Amazon Cloudfront,Amazon Web Services] [4aafe985320e8d54f661b33daa75df48]
https://soundcouch-beta.soundcloud.com [429] [GET] [text/plain] [] [] [vhost] [cloudfront] [Amazon Cloudfront,Amazon Web Services] [a52a7a1a6be7d17eed733b6702aa2ece]
https://soundcouch.soundcloud.com [200] [GET] [text/html] [SoundCloud] [am/2] [vhost] [cloudfront] [Amazon Cloudfront,Amazon Web Services] [274466ce5301fe31dcb4ebe6b8130ad3]
https://soundcouch.soundcloud.com [429] [GET] [text/plain] [] [] [vhost] [cloudfront] [Amazon Cloudfront,Amazon Web Services] [a52a7a1a6be7d17eed733b6702aa2ece]
https://soundtest.soundcloud.com [200] [GET] [text/html] [SoundCloud Audio Test] [AmazonS3] [vhost] [cloudfront] [Amazon Cloudfront,Amazon S3,Amazon Web Services] [afefcab57c98d1d4a02ff63a9ef242e4]
https://s.pwt.soundcloud.com [200] [GET] [] [] [] [d41d8cd98f00b204e9800998ecf8427e]
https://static.soundcloud.com [429] [GET] [text/plain] [] [] [vhost] [cloudfront] [Amazon Cloudfront,Amazon Web Services] [a52a7a1a6be7d17eed733b6702aa2ece]
https://status.soundcloud.com [429] [GET] [text/plain] [] [] [vhost] [cloudfront] [Amazon Cloudfront,Amazon Web Services] [a52a7a1a6be7d17eed733b6702aa2ece]
https://stratus.soundcloud.com [429] [GET] [text/plain] [] [] [vhost] [cloudfront] [Amazon Cloudfront,Amazon Web Services] [a52a7a1a6be7d17eed733b6702aa2ece]
https://style.soundcloud.com [429] [GET] [text/plain] [] [] [vhost] [cloudfront] [Amazon Cloudfront,Amazon Web Services] [a52a7a1a6be7d17eed733b6702aa2ece]
https://swf.soundcloud.com [301] [GET] [] [] [] [vhost] [cloudfront] [Amazon Cloudfront,Amazon Web Services] [d41d8cd98f00b204e9800998ecf8427e]
https://telemetry.soundcloud.com [404] [GET] [] [] [am/2] [vhost] [cloudfront] [Amazon Cloudfront,Amazon Web Services] [9e076f5885f5cc16a4b5aeb8de4adff5]
https://telemetry.soundcloud.com [429] [GET] [text/plain] [] [] [vhost] [cloudfront] [Amazon Cloudfront,Amazon Web Services] [a52a7a1a6be7d17eed733b6702aa2ece]
https://theziasproject.soundcloud.com [301] [GET] [] [] [Squarespace] [vhost] [Squarespace,Squarespace Commerce] [d41d8cd98f00b204e9800998ecf8427e]
https://u.pwt.soundcloud.com [200] [GET] [] [] [] [d41d8cd98f00b204e9800998ecf8427e]
https://url1220.reporting.soundcloud.com [404] [GET] [text/html] [404 Not Found] [nginx] [vhost] [cloudfront] [Amazon Cloudfront,Amazon Web Services,Nginx] [8e325dc2fea7c8900fc6c4b8c6c394fe]
https://users.cs.soundcloud.com [404] [GET] [text/html] [HTTP Status 404 – Not Found] [] [875927332f52c86065894ba05cabb6c4]
https://users.cs-staging.soundcloud.com [404] [GET] [text/html] [HTTP Status 404 – Not Found] [] [875927332f52c86065894ba05cabb6c4]
https://visuals.soundcloud.com [403] [GET] [text/html] [Something went wrong - SoundCloud] [] [vhost] [cloudfront] [Amazon Cloudfront,Amazon Web Services] [0b42dc883a4adce28e36e0e18a33f31b]
https://visuals.soundcloud.com [429] [GET] [text/plain] [] [] [vhost] [cloudfront] [Amazon Cloudfront,Amazon Web Services] [a52a7a1a6be7d17eed733b6702aa2ece]
https://vote.soundcloud.com [301] [GET] [] [] [AmazonS3] [vhost] [cloudfront] [Amazon Cloudfront,Amazon S3,Amazon Web Services] [d41d8cd98f00b204e9800998ecf8427e]
https://web-errors.soundcloud.com [404] [GET] [] [] [am/2] [vhost] [cloudfront] [Amazon Cloudfront,Amazon Web Services] [817ae1ffa9d8bb15c6edd06322e71611]
https://w.soundcloud.com [403] [GET] [text/html] [Something went wrong - SoundCloud] [] [vhost] [cloudfront] [Amazon Cloudfront,Amazon Web Services] [0b42dc883a4adce28e36e0e18a33f31b]
https://w.soundcloud.com [429] [GET] [text/plain] [] [] [vhost] [cloudfront] [Amazon Cloudfront,Amazon Web Services] [a52a7a1a6be7d17eed733b6702aa2ece]
https://wt.soundcloud.com [429] [GET] [text/plain] [] [] [vhost] [cloudfront] [Amazon Cloudfront,Amazon Web Services] [a52a7a1a6be7d17eed733b6702aa2ece]
https://www.kia.soundcloud.com [301] [GET] [text/html] [301 Moved Permanently] [nginx] [vhost] [cloudfront] [Amazon ALB,Amazon Cloudfront,Amazon Web Services,Nginx] [4f8e702cc244ec5d4de32740c0ecbd97]
https://www.promote.soundcloud.com [302] [GET] [text/html] [302 Found] [awselb/2.0] [vhost] [f366e0e18b589cb6f243bf43ce75e83c]
https://www.soundcloud.com [429] [GET] [text/plain] [] [] [vhost] [cloudfront] [Amazon Cloudfront,Amazon Web Services] [a52a7a1a6be7d17eed733b6702aa2ece]
https://wwww.soundcloud.com [429] [GET] [text/plain] [] [] [vhost] [cloudfront] [Amazon Cloudfront,Amazon Web Services] [a52a7a1a6be7d17eed733b6702aa2ece]
