http://admin.sovryn.app:2082 [301] [GET] [] [] [cloudflare] [cloudflare] [Cloudflare] [d41d8cd98f00b204e9800998ecf8427e]
http://admin.sovryn.app:2086 [301] [GET] [] [] [cloudflare] [cloudflare] [Cloudflare] [d41d8cd98f00b204e9800998ecf8427e]
http://admin.sovryn.app:8080 [301] [GET] [] [] [cloudflare] [cloudflare] [Cloudflare] [d41d8cd98f00b204e9800998ecf8427e]
http://admin.sovryn.app:8880 [301] [GET] [] [] [cloudflare] [cloudflare] [Cloudflare] [d41d8cd98f00b204e9800998ecf8427e]
http://api.test.sovryn.app:2082 [301] [GET] [] [] [cloudflare] [cloudflare] [Cloudflare] [d41d8cd98f00b204e9800998ecf8427e]
http://api.test.sovryn.app:2083 [400] [GET] [text/html] [400 The plain HTTP request was sent to HTTPS port] [cloudflare] [cloudflare] [Cloudflare] [cd58783500d7fa3c58f88eb0ba22f4f8]
http://api.test.sovryn.app:2086 [301] [GET] [] [] [cloudflare] [cloudflare] [Cloudflare] [d41d8cd98f00b204e9800998ecf8427e]
http://api.test.sovryn.app:2087 [400] [GET] [text/html] [400 The plain HTTP request was sent to HTTPS port] [cloudflare] [cloudflare] [Cloudflare] [cd58783500d7fa3c58f88eb0ba22f4f8]
http://api.test.sovryn.app [301] [GET] [] [] [cloudflare] [cloudflare] [Cloudflare] [d41d8cd98f00b204e9800998ecf8427e]
http://api.test.sovryn.app:8080 [301] [GET] [] [] [cloudflare] [cloudflare] [Cloudflare] [d41d8cd98f00b204e9800998ecf8427e]
http://api.test.sovryn.app:8443 [400] [GET] [text/html] [400 The plain HTTP request was sent to HTTPS port] [cloudflare] [cloudflare] [Cloudflare] [cd58783500d7fa3c58f88eb0ba22f4f8]
http://api.test.sovryn.app:8880 [301] [GET] [] [] [cloudflare] [cloudflare] [Cloudflare] [d41d8cd98f00b204e9800998ecf8427e]
http://autodiscover.sovryn.app [302] [GET] [text/html] [302 Found] [awselb/2.0] [f366e0e18b589cb6f243bf43ce75e83c]
http://babelfish.sovryn.app:2083 [400] [GET] [text/html] [400 The plain HTTP request was sent to HTTPS port] [cloudflare] [cloudflare] [Cloudflare] [20ad84d030031252141ca0b3fc0183f0]
http://babelfish.sovryn.app:2086 [301] [GET] [] [] [cloudflare] [cloudflare] [Cloudflare] [d41d8cd98f00b204e9800998ecf8427e]
http://babelfish.sovryn.app:2087 [400] [GET] [text/html] [400 The plain HTTP request was sent to HTTPS port] [cloudflare] [cloudflare] [Cloudflare] [cd58783500d7fa3c58f88eb0ba22f4f8]
http://babelfish.sovryn.app:8080 [301] [GET] [] [] [cloudflare] [cloudflare] [Cloudflare] [d41d8cd98f00b204e9800998ecf8427e]
http://backend.sovryn.app:2083 [400] [GET] [text/html] [400 The plain HTTP request was sent to HTTPS port] [cloudflare] [cloudflare] [Cloudflare] [20ad84d030031252141ca0b3fc0183f0]
http://backend.sovryn.app:2086 [301] [GET] [] [] [cloudflare] [cloudflare] [Cloudflare] [d41d8cd98f00b204e9800998ecf8427e]
http://backend.sovryn.app:2087 [400] [GET] [text/html] [400 The plain HTTP request was sent to HTTPS port] [cloudflare] [cloudflare] [Cloudflare] [cd58783500d7fa3c58f88eb0ba22f4f8]
http://backend.sovryn.app:8080 [301] [GET] [] [] [cloudflare] [cloudflare] [Cloudflare] [d41d8cd98f00b204e9800998ecf8427e]
http://bitocracy.sovryn.app:2086 [301] [GET] [] [] [cloudflare] [cloudflare] [Cloudflare] [d41d8cd98f00b204e9800998ecf8427e]
http://bitocracy.sovryn.app:8080 [301] [GET] [] [] [cloudflare] [cloudflare] [Cloudflare] [d41d8cd98f00b204e9800998ecf8427e]
http://bitocracy.test.sovryn.app:2086 [301] [GET] [] [] [cloudflare] [cloudflare] [Cloudflare] [d41d8cd98f00b204e9800998ecf8427e]
http://bitocracy.test.sovryn.app:8080 [301] [GET] [] [] [cloudflare] [cloudflare] [Cloudflare] [d41d8cd98f00b204e9800998ecf8427e]
http://bridge.test.sovryn.app:2086 [301] [GET] [] [] [cloudflare] [vhost] [cloudflare] [Cloudflare,Cloudflare Network Error Logging] [d41d8cd98f00b204e9800998ecf8427e]
http://bridge.test.sovryn.app:8080 [301] [GET] [] [] [cloudflare] [vhost] [cloudflare] [Cloudflare,Cloudflare Network Error Logging] [d41d8cd98f00b204e9800998ecf8427e]
http://bsc.relay.sovryn.app:8080 [404] [GET] [text/html] [404 Not Found] [nginx/1.19.1] [Nginx:1.19.1] [f68e2c9f50473733362050da8a935a81]
http://ch.sovryn.app:2082 [301] [GET] [] [] [cloudflare] [cloudflare] [Cloudflare] [d41d8cd98f00b204e9800998ecf8427e]
http://ch.sovryn.app:2086 [301] [GET] [] [] [cloudflare] [cloudflare] [Cloudflare] [d41d8cd98f00b204e9800998ecf8427e]
http://ch.sovryn.app:8080 [301] [GET] [] [] [cloudflare] [cloudflare] [Cloudflare] [d41d8cd98f00b204e9800998ecf8427e]
http://ch.sovryn.app:8880 [301] [GET] [] [] [cloudflare] [cloudflare] [Cloudflare] [d41d8cd98f00b204e9800998ecf8427e]
http://email.sovryn.app:2083 [400] [GET] [text/html] [400 The plain HTTP request was sent to HTTPS port] [cloudflare] [cloudflare] [Cloudflare] [cd58783500d7fa3c58f88eb0ba22f4f8]
http://email.sovryn.app:2086 [301] [GET] [] [] [cloudflare] [cloudflare] [Cloudflare] [d41d8cd98f00b204e9800998ecf8427e]
http://email.sovryn.app:2087 [400] [GET] [text/html] [400 The plain HTTP request was sent to HTTPS port] [cloudflare] [cloudflare] [Cloudflare] [cd58783500d7fa3c58f88eb0ba22f4f8]
http://email.sovryn.app:8080 [301] [GET] [] [] [cloudflare] [cloudflare] [Cloudflare] [d41d8cd98f00b204e9800998ecf8427e]
http://exchequer.sovryn.app:2086 [301] [GET] [] [] [cloudflare] [cloudflare] [Cloudflare] [d41d8cd98f00b204e9800998ecf8427e]
http://exchequer.sovryn.app:8080 [301] [GET] [] [] [cloudflare] [cloudflare] [Cloudflare] [d41d8cd98f00b204e9800998ecf8427e]
http://exchequer.test.sovryn.app:2082 [301] [GET] [] [] [cloudflare] [cloudflare] [Cloudflare] [d41d8cd98f00b204e9800998ecf8427e]
http://exchequer.test.sovryn.app:2086 [301] [GET] [] [] [cloudflare] [cloudflare] [Cloudflare] [d41d8cd98f00b204e9800998ecf8427e]
http://exchequer.test.sovryn.app:8080 [301] [GET] [] [] [cloudflare] [cloudflare] [Cloudflare] [d41d8cd98f00b204e9800998ecf8427e]
http://exchequer.test.sovryn.app:8880 [301] [GET] [] [] [cloudflare] [cloudflare] [Cloudflare] [d41d8cd98f00b204e9800998ecf8427e]
http://fastbtc.sovryn.app:2082 [301] [GET] [] [] [cloudflare] [cloudflare] [Cloudflare] [d41d8cd98f00b204e9800998ecf8427e]
http://fastbtc.sovryn.app:2086 [301] [GET] [] [] [cloudflare] [cloudflare] [Cloudflare] [d41d8cd98f00b204e9800998ecf8427e]
http://fastbtc.sovryn.app:2087 [400] [GET] [text/html] [400 The plain HTTP request was sent to HTTPS port] [cloudflare] [cloudflare] [Cloudflare] [cd58783500d7fa3c58f88eb0ba22f4f8]
http://fastbtc.sovryn.app:8080 [301] [GET] [] [] [cloudflare] [cloudflare] [Cloudflare] [d41d8cd98f00b204e9800998ecf8427e]
http://fastbtc.sovryn.app:8443 [400] [GET] [text/html] [400 The plain HTTP request was sent to HTTPS port] [cloudflare] [cloudflare] [Cloudflare] [20ad84d030031252141ca0b3fc0183f0]
http://fastbtc.sovryn.app:8880 [301] [GET] [] [] [cloudflare] [cloudflare] [Cloudflare] [d41d8cd98f00b204e9800998ecf8427e]
http://fastbtc.test.sovryn.app:2082 [301] [GET] [] [] [cloudflare] [cloudflare] [Cloudflare] [d41d8cd98f00b204e9800998ecf8427e]
http://fastbtc.test.sovryn.app:2086 [301] [GET] [] [] [cloudflare] [cloudflare] [Cloudflare] [d41d8cd98f00b204e9800998ecf8427e]
http://fastbtc.test.sovryn.app:2087 [400] [GET] [text/html] [400 The plain HTTP request was sent to HTTPS port] [cloudflare] [cloudflare] [Cloudflare] [20ad84d030031252141ca0b3fc0183f0]
http://fastbtc.test.sovryn.app:8080 [301] [GET] [] [] [cloudflare] [cloudflare] [Cloudflare] [d41d8cd98f00b204e9800998ecf8427e]
http://fastbtc.test.sovryn.app:8443 [400] [GET] [text/html] [400 The plain HTTP request was sent to HTTPS port] [cloudflare] [cloudflare] [Cloudflare] [20ad84d030031252141ca0b3fc0183f0]
http://fastbtc.test.sovryn.app:8880 [301] [GET] [] [] [cloudflare] [cloudflare] [Cloudflare] [d41d8cd98f00b204e9800998ecf8427e]
http://faucet.sovryn.app:2083 [400] [GET] [text/html] [400 The plain HTTP request was sent to HTTPS port] [cloudflare] [cloudflare] [Cloudflare] [20ad84d030031252141ca0b3fc0183f0]
http://faucet.sovryn.app:2086 [301] [GET] [] [] [cloudflare] [cloudflare] [Cloudflare] [d41d8cd98f00b204e9800998ecf8427e]
http://faucet.sovryn.app:2087 [400] [GET] [text/html] [400 The plain HTTP request was sent to HTTPS port] [cloudflare] [cloudflare] [Cloudflare] [cd58783500d7fa3c58f88eb0ba22f4f8]
http://faucet.sovryn.app:8080 [301] [GET] [] [] [cloudflare] [cloudflare] [Cloudflare] [d41d8cd98f00b204e9800998ecf8427e]
http://genesis.sovryn.app:2086 [301] [GET] [] [] [cloudflare] [cloudflare] [Cloudflare] [d41d8cd98f00b204e9800998ecf8427e]
http://genesis.sovryn.app:8080 [301] [GET] [] [] [cloudflare] [cloudflare] [Cloudflare] [d41d8cd98f00b204e9800998ecf8427e]
http://live.sovryn.app:2086 [301] [GET] [] [] [cloudflare] [cloudflare] [Cloudflare] [d41d8cd98f00b204e9800998ecf8427e]
http://live.sovryn.app:8080 [301] [GET] [] [] [cloudflare] [cloudflare] [Cloudflare] [d41d8cd98f00b204e9800998ecf8427e]
http://mailservice.sovryn.app:2082 [301] [GET] [] [] [cloudflare] [cloudflare] [Cloudflare] [d41d8cd98f00b204e9800998ecf8427e]
http://mailservice.sovryn.app:2083 [400] [GET] [text/html] [400 The plain HTTP request was sent to HTTPS port] [cloudflare] [cloudflare] [Cloudflare] [cd58783500d7fa3c58f88eb0ba22f4f8]
http://mailservice.sovryn.app:2086 [301] [GET] [] [] [cloudflare] [cloudflare] [Cloudflare] [d41d8cd98f00b204e9800998ecf8427e]
http://mailservice.sovryn.app:2087 [400] [GET] [text/html] [400 The plain HTTP request was sent to HTTPS port] [cloudflare] [cloudflare] [Cloudflare] [20ad84d030031252141ca0b3fc0183f0]
http://mailservice.sovryn.app:8080 [403] [GET] [text/plain] [] [cloudflare] [cloudflare] [Cloudflare] [4f20b85ce5ebf225720e040314a7966a]
http://mailservice.sovryn.app:8443 [400] [GET] [text/html] [400 The plain HTTP request was sent to HTTPS port] [cloudflare] [cloudflare] [Cloudflare] [20ad84d030031252141ca0b3fc0183f0]
http://mailservice.sovryn.app:8880 [301] [GET] [] [] [cloudflare] [cloudflare] [Cloudflare] [d41d8cd98f00b204e9800998ecf8427e]
http://monitor.sovryn.app:2082 [301] [GET] [] [] [cloudflare] [cloudflare] [Cloudflare] [d41d8cd98f00b204e9800998ecf8427e]
http://monitor.sovryn.app:2086 [301] [GET] [] [] [cloudflare] [cloudflare] [Cloudflare] [d41d8cd98f00b204e9800998ecf8427e]
http://monitor.sovryn.app:2087 [400] [GET] [text/html] [400 The plain HTTP request was sent to HTTPS port] [cloudflare] [cloudflare] [Cloudflare] [cd58783500d7fa3c58f88eb0ba22f4f8]
http://monitor.sovryn.app:8080 [301] [GET] [] [] [cloudflare] [cloudflare] [Cloudflare] [d41d8cd98f00b204e9800998ecf8427e]
http://monitor.sovryn.app:8443 [400] [GET] [text/html] [400 The plain HTTP request was sent to HTTPS port] [cloudflare] [cloudflare] [Cloudflare] [cd58783500d7fa3c58f88eb0ba22f4f8]
http://monitor.sovryn.app:8880 [301] [GET] [] [] [cloudflare] [cloudflare] [Cloudflare] [d41d8cd98f00b204e9800998ecf8427e]
http://notify.sovryn.app:2082 [301] [GET] [] [] [cloudflare] [cloudflare] [Cloudflare] [d41d8cd98f00b204e9800998ecf8427e]
http://notify.sovryn.app:2086 [301] [GET] [] [] [cloudflare] [cloudflare] [Cloudflare] [d41d8cd98f00b204e9800998ecf8427e]
http://notify.sovryn.app:2087 [400] [GET] [text/html] [400 The plain HTTP request was sent to HTTPS port] [cloudflare] [cloudflare] [Cloudflare] [cd58783500d7fa3c58f88eb0ba22f4f8]
http://notify.sovryn.app:8080 [301] [GET] [] [] [cloudflare] [cloudflare] [Cloudflare] [d41d8cd98f00b204e9800998ecf8427e]
http://notify.sovryn.app:8443 [400] [GET] [text/html] [400 The plain HTTP request was sent to HTTPS port] [cloudflare] [cloudflare] [Cloudflare] [cd58783500d7fa3c58f88eb0ba22f4f8]
http://notify.sovryn.app:8880 [301] [GET] [] [] [cloudflare] [cloudflare] [Cloudflare] [d41d8cd98f00b204e9800998ecf8427e]
http://og.sovryn.app:2082 [302] [GET] [] [] [cloudflare] [vhost] [cloudflare] [Cloudflare] [d41d8cd98f00b204e9800998ecf8427e]
http://og.sovryn.app:2086 [302] [GET] [] [] [cloudflare] [vhost] [cloudflare] [Cloudflare] [d41d8cd98f00b204e9800998ecf8427e]
http://og.sovryn.app:8080 [302] [GET] [] [] [cloudflare] [vhost] [cloudflare] [Cloudflare] [d41d8cd98f00b204e9800998ecf8427e]
http://og.sovryn.app:8880 [302] [GET] [] [] [cloudflare] [vhost] [cloudflare] [Cloudflare] [d41d8cd98f00b204e9800998ecf8427e]
http://rpc.eth.sovryn.app:2086 [301] [GET] [] [] [cloudflare] [cloudflare] [Cloudflare] [d41d8cd98f00b204e9800998ecf8427e]
http://rpc.eth.sovryn.app:8080 [301] [GET] [] [] [cloudflare] [cloudflare] [Cloudflare] [d41d8cd98f00b204e9800998ecf8427e]
http://rpc.eth.sovryn.app:8880 [301] [GET] [] [] [cloudflare] [cloudflare] [Cloudflare] [d41d8cd98f00b204e9800998ecf8427e]
https://admin.sovryn.app [200] [GET] [text/html] [Sovryn] [cloudflare] [vhost] [cloudflare] [Cloudflare,Cloudflare Network Error Logging] [880d16ddedc1e8abb9380ba76e3864f0]
https://admin.sovryn.app [200] [GET] [text/html] [Sovryn] [cloudflare] [vhost] [cloudflare] [Cloudflare,Cloudflare Network Error Logging] [a3e4d4679107f3c2cbbfdfd346b43448]
https://admin.sovryn.app:2083 [200] [GET] [text/html] [Sovryn] [cloudflare] [vhost] [cloudflare] [Cloudflare,Cloudflare Network Error Logging] [953b3c13b6a8cbf9d8b7e2219caec5e2]
https://admin.sovryn.app:2087 [200] [GET] [text/html] [Sovryn] [cloudflare] [vhost] [cloudflare] [Cloudflare,Cloudflare Network Error Logging] [9f9e8a34e6045da9aa81fc7ec8139be8]
https://admin.sovryn.app:8443 [200] [GET] [text/html] [Sovryn] [cloudflare] [vhost] [cloudflare] [Cloudflare,Cloudflare Network Error Logging] [4c08a5b06aba427e76b2e4e4da8a9177]
http://safe.sovryn.app:2086 [301] [GET] [] [] [cloudflare] [cloudflare] [Cloudflare] [d41d8cd98f00b204e9800998ecf8427e]
http://safe.sovryn.app:8080 [301] [GET] [] [] [cloudflare] [cloudflare] [Cloudflare] [d41d8cd98f00b204e9800998ecf8427e]
http://safe.test.sovryn.app:2086 [301] [GET] [] [] [cloudflare] [cloudflare] [Cloudflare] [d41d8cd98f00b204e9800998ecf8427e]
http://safe.test.sovryn.app:8080 [301] [GET] [] [] [cloudflare] [cloudflare] [Cloudflare] [d41d8cd98f00b204e9800998ecf8427e]
https://arbitrumtest.sovryn.app [200] [GET] [text/html] [Sovryn] [Vercel] [vhost] [Google Font API,Vercel] [83c6e89747ea45b87235f7b0e1ad004d]
https://babelfish.sovryn.app [200] [GET] [text/html] [BabelFish Bitocracy] [cloudflare] [vhost] [cloudflare] [Amazon Web Services,Cloudflare,Google Font API] [16718c8f51176218000d34c7dcae51d0]
https://babelfish.sovryn.app [200] [GET] [text/html] [BabelFish Bitocracy] [cloudflare] [vhost] [cloudflare] [Amazon Web Services,Cloudflare,Google Font API] [f65471f92773d79c7eedc5f532c79afe]
https://backend.sovryn.app [404] [GET] [text/html] [Error] [cloudflare] [vhost] [cloudflare] [Cloudflare,Express,Node.js] [35d7c8d9585ee6d4952d4b4a7e56fa21]
https://backend.sovryn.app [404] [GET] [text/html] [Error] [cloudflare] [vhost] [cloudflare] [Cloudflare,Express,Node.js] [a562801eb4f51bd5138df6fae855035c]
https://bitocracy.sovryn.app [200] [GET] [text/html] [Sovryn Bitocracy] [cloudflare] [vhost] [cloudflare] [Cloudflare,Cloudflare Network Error Logging,Google Font API] [32b6b2d9e0482ba50b011d7c2acc294c]
https://bitocracy.sovryn.app [200] [GET] [text/html] [Sovryn Bitocracy] [cloudflare] [vhost] [cloudflare] [Cloudflare,Cloudflare Network Error Logging,Google Font API] [d4840ce2bbff489f47e8dd11274c54f9]
https://bitocracy.sovryn.app:2083 [200] [GET] [text/html] [Sovryn Bitocracy] [cloudflare] [vhost] [cloudflare] [Cloudflare,Cloudflare Network Error Logging,Google Font API] [74cd5d24069304267c52e20029a5d943]
https://bitocracy.sovryn.app:2087 [200] [GET] [text/html] [Sovryn Bitocracy] [cloudflare] [vhost] [cloudflare] [Cloudflare,Cloudflare Network Error Logging,Google Font API] [6fb73f093be88e514abae981ff95b7c1]
https://bitocracy.test.sovryn.app [200] [GET] [text/html] [Sovryn Bitocracy] [cloudflare] [vhost] [cloudflare] [Cloudflare,Cloudflare Network Error Logging,Google Font API] [0e9b0db3148a3f19ab5a5a61407ea37d]
https://bitocracy.test.sovryn.app [200] [GET] [text/html] [Sovryn Bitocracy] [cloudflare] [vhost] [cloudflare] [Cloudflare,Cloudflare Network Error Logging,Google Font API] [0f3116f93a5103f3d1c1e2c8179105bf]
https://bitocracy.test.sovryn.app:2083 [200] [GET] [text/html] [Sovryn Bitocracy] [cloudflare] [vhost] [cloudflare] [Cloudflare,Cloudflare Network Error Logging,Google Font API] [d116adda6827f661d83db0b52fe4fab0]
https://bitocracy.test.sovryn.app:2087 [200] [GET] [text/html] [Sovryn Bitocracy] [cloudflare] [vhost] [cloudflare] [Cloudflare,Cloudflare Network Error Logging,Google Font API] [86231af870c8dd91c3f311b78b028e68]
https://bridge.sovryn.app [200] [GET] [text/html] [Sovryn Bridge] [Netlify] [vhost] [google] [Google Font API,Netlify] [4845f0ba40af9b5a91ba8a387eeaf0f1]
https://bridge.staging.sovryn.app [200] [GET] [text/html] [Sovryn Bridge] [Netlify] [vhost] [Google Font API,Netlify] [4845f0ba40af9b5a91ba8a387eeaf0f1]
https://bridge.test.sovryn.app [200] [GET] [text/html] [Sovryn Bridge] [cloudflare] [vhost] [cloudflare] [Cloudflare,Cloudflare Network Error Logging,Google Font API] [a4b31d1514554ca69b55f8c2f846c8aa]
https://bridge.test.sovryn.app:2083 [200] [GET] [text/html] [Sovryn Bridge] [cloudflare] [vhost] [cloudflare] [Cloudflare,Cloudflare Network Error Logging,Google Font API] [a4b31d1514554ca69b55f8c2f846c8aa]
https://bridge.test.sovryn.app:2087 [200] [GET] [text/html] [Sovryn Bridge] [cloudflare] [vhost] [cloudflare] [Cloudflare,Cloudflare Network Error Logging,Google Font API] [a4b31d1514554ca69b55f8c2f846c8aa]
https://bsc.relay.sovryn.app [404] [GET] [text/html] [404 Not Found] [nginx] [Nginx] [4a0699ab9335daea313e7b5249ca497a]
https://bsc.relay.sovryn.app [404] [GET] [text/html] [404 Not Found] [nginx] [Nginx] [f68e2c9f50473733362050da8a935a81]
https://ch.sovryn.app [200] [GET] [text/html] [Sovryn] [cloudflare] [vhost] [cloudflare] [Cloudflare,Google Font API] [3780eb27896c03f148a5a855060381b5]
https://ch.sovryn.app [200] [GET] [text/html] [Sovryn] [cloudflare] [vhost] [cloudflare] [Cloudflare,Google Font API] [e19aa9a9d8beaf0d1abfd037294c1c78]
https://ch.sovryn.app:2087 [522] [GET] [] [] [cloudflare] [vhost] [cloudflare] [Cloudflare] [d41d8cd98f00b204e9800998ecf8427e]
https://ch.sovryn.app:8443 [522] [GET] [] [] [cloudflare] [vhost] [cloudflare] [Cloudflare] [d41d8cd98f00b204e9800998ecf8427e]
https://email.sovryn.app [301] [GET] [text/html] [301 Moved Permanently] [cloudflare] [vhost] [cloudflare] [Cloudflare] [209750db61b899c87dfbb46c81b879fd]
https://email.sovryn.app [301] [GET] [text/html] [301 Moved Permanently] [cloudflare] [vhost] [cloudflare] [Cloudflare] [732a2c100f6ee57d11deb343ee2b46e0]
https://em.sovryn.app [404] [GET] [text/html] [404 Not Found] [nginx] [Nginx] [70461da8b94c6ca5d2fda3260c5a8c3b]
https://em.sovryn.app [404] [GET] [text/html] [404 Not Found] [nginx] [Nginx] [8e325dc2fea7c8900fc6c4b8c6c394fe]
https://exchequer.sovryn.app [200] [GET] [text/html] [Exchequer Dashboard] [cloudflare] [vhost] [cloudflare] [Cloudflare,Cloudflare Network Error Logging,React] [28c0186a92a3e30a025805ece80b6156]
https://exchequer.sovryn.app [200] [GET] [text/html] [Exchequer Dashboard] [cloudflare] [vhost] [cloudflare] [Cloudflare,Cloudflare Network Error Logging,React] [8da200b11f78d2dce68f094319481fc8]
https://exchequer.sovryn.app:2083 [200] [GET] [text/html] [Exchequer Dashboard] [cloudflare] [vhost] [cloudflare] [Cloudflare,Cloudflare Network Error Logging,React] [14408a5d67f7e31ab562b8778fa30a44]
https://exchequer.sovryn.app:2087 [200] [GET] [text/html] [Exchequer Dashboard] [cloudflare] [vhost] [cloudflare] [Cloudflare,Cloudflare Network Error Logging,React] [6e6db7b8bece50b2864631d87499a7ec]
https://exchequer.test.sovryn.app [200] [GET] [text/html] [Exchequer Dashboard] [cloudflare] [vhost] [cloudflare] [Cloudflare,Cloudflare Network Error Logging,React] [0c1e2753790d692ef0bd446748e94d48]
https://exchequer.test.sovryn.app [200] [GET] [text/html] [Exchequer Dashboard] [cloudflare] [vhost] [cloudflare] [Cloudflare,Cloudflare Network Error Logging,React] [4743334d9871b5304becf9d578a8c053]
https://exchequer.test.sovryn.app:2087 [200] [GET] [text/html] [Exchequer Dashboard] [cloudflare] [vhost] [cloudflare] [Cloudflare,Cloudflare Network Error Logging,React] [a2389bbf34f926db8bfe5ef30c27de1a]
https://exchequer.test.sovryn.app:8443 [200] [GET] [text/html] [Exchequer Dashboard] [cloudflare] [vhost] [cloudflare] [Cloudflare,Cloudflare Network Error Logging,React] [2767b7ecfa0730e75e992428405f44b5]
https://ex.sovryn.app [200] [GET] [text/html] [] [] [1c1d1ef53893967a268c42733363dfc5]
https://fastbtc.sovryn.app [400] [GET] [application/json] [] [cloudflare] [vhost] [cloudflare] [Cloudflare] [aa0e147946323cc1c2f6daaeda33a894]
https://fastbtc.test.sovryn.app [400] [GET] [application/json] [] [cloudflare] [vhost] [cloudflare] [Cloudflare] [aa0e147946323cc1c2f6daaeda33a894]
https://faucet.sovryn.app [200] [GET] [text/html] [Sovryn faucet] [cloudflare] [vhost] [cloudflare] [Bootstrap,Cloudflare,Express,Node.js] [1488c171f4be043f47d00e3e7363ffe2]
https://faucet.sovryn.app [403] [GET] [text/html] [Attention Required! | Cloudflare] [cloudflare] [vhost] [cloudflare] [Cloudflare] [dd719a830d2d01c52f12f96b7780f83f]
https://forum.sovryn.app [200] [GET] [text/html] [Sovryn - Sovryn Individuals, Free Speech, Transparency] [nginx] [vhost] [Discourse,Nginx,Ruby on Rails] [5b4c758da4382e9cde2968ed62ded6f4]
https://forum.sovryn.app [200] [GET] [text/html] [Sovryn - Sovryn Individuals, Free Speech, Transparency] [nginx] [vhost] [Discourse,Nginx,Ruby on Rails] [8c6808f267163976430a9b3871dc0887]
https://genesis.sovryn.app:2083 [522] [GET] [] [] [cloudflare] [vhost] [cloudflare] [Cloudflare] [d41d8cd98f00b204e9800998ecf8427e]
https://genesis.sovryn.app:2087 [522] [GET] [] [] [cloudflare] [vhost] [cloudflare] [Cloudflare] [d41d8cd98f00b204e9800998ecf8427e]
https://genesis.sovryn.app [522] [GET] [] [] [cloudflare] [vhost] [cloudflare] [Cloudflare] [d41d8cd98f00b204e9800998ecf8427e]
https://gsn-relayer-xp3.sovryn.app [404] [GET] [text/html] [404 Not Found] [nginx] [Nginx] [8e5d4c6bec6d1f65a90c42b287eabdf5]
https://gsn-relayer-xp3.sovryn.app [404] [GET] [text/html] [404 Not Found] [nginx] [Nginx] [e1904e0ee385305df37d1cedb0619f32]
http://shop.sovryn.app:2052 [403] [GET] [text/html] [Attention Required! | Cloudflare] [cloudflare] [Cloudflare] [163cd1e7548806b0e90825662286374e]
http://shop.sovryn.app:2082 [403] [GET] [text/html] [Attention Required! | Cloudflare] [cloudflare] [Cloudflare] [28cceb2f98f2f58fa1b77a254208bc8e]
http://shop.sovryn.app:2086 [403] [GET] [text/html] [Attention Required! | Cloudflare] [cloudflare] [Cloudflare] [7e63a55f0e0dba8ddee30a55d56e8b1e]
http://shop.sovryn.app:2095 [403] [GET] [text/html] [Attention Required! | Cloudflare] [cloudflare] [Cloudflare] [2a0c3ef5de810070e9be06d4445e7ae2]
http://shop.sovryn.app:8080 [403] [GET] [text/html] [Attention Required! | Cloudflare] [cloudflare] [Cloudflare] [5881ae37f13fe48294ffa6c9f1586336]
http://shop.sovryn.app:8880 [403] [GET] [text/html] [Attention Required! | Cloudflare] [cloudflare] [Cloudflare] [4ac7a31b95f6034bcdb47eba573ce089]
https://live.sovryn.app [200] [GET] [text/html] [Sovryn] [cloudflare] [vhost] [cloudflare] [Cloudflare,Cloudflare Network Error Logging,Google Font API,Google Tag Manager] [a321f23c31db3786134cede2cf37bf6b]
https://live.sovryn.app [200] [GET] [text/html] [Sovryn] [cloudflare] [vhost] [cloudflare] [Cloudflare,Cloudflare Network Error Logging,Google Font API,Google Tag Manager] [a6c39c48f80623faf4dab1b85cc4efcc]
https://live.sovryn.app:2083 [200] [GET] [text/html] [Sovryn] [cloudflare] [vhost] [cloudflare] [Cloudflare,Cloudflare Network Error Logging,Google Font API,Google Tag Manager] [a8c22156862c826f4890bc8ff222c164]
https://live.sovryn.app:2087 [200] [GET] [text/html] [Sovryn] [cloudflare] [vhost] [cloudflare] [Cloudflare,Cloudflare Network Error Logging,Google Font API,Google Tag Manager] [604c07dd7f8a6b7b341837b3a3ba7f46]
https://mailservice.sovryn.app [404] [GET] [text/html] [Error] [cloudflare] [vhost] [cloudflare] [Cloudflare,Express,Node.js] [8754aac768a8d752f4a0db99432bc549]
https://mailservice.sovryn.app [404] [GET] [text/html] [Error] [cloudflare] [vhost] [cloudflare] [Cloudflare,Express,Node.js] [c37462454b6f0c17b5633c6422b8e6b5]
https://monitor.sovryn.app [502] [GET] [text/html] [502 Bad Gateway] [cloudflare] [vhost] [cloudflare] [Cloudflare] [02906054faae6dd9db0b4b6b2fcea3cc]
https://monitor.sovryn.app [502] [GET] [text/html] [502 Bad Gateway] [cloudflare] [vhost] [cloudflare] [Cloudflare] [997bf34e0da4a8460270adad7ff0245c]
https://notify.sovryn.app [404] [GET] [text/html] [] [cloudflare] [vhost] [cloudflare] [Cloudflare] [4d650fe2d6bc60726eb3fea760e21a5d]
https://og.sovryn.app:2083 [302] [GET] [] [] [cloudflare] [vhost] [cloudflare] [Cloudflare] [d41d8cd98f00b204e9800998ecf8427e]
https://og.sovryn.app:2087 [302] [GET] [] [] [cloudflare] [vhost] [cloudflare] [Cloudflare] [d41d8cd98f00b204e9800998ecf8427e]
https://og.sovryn.app [302] [GET] [] [] [cloudflare] [vhost] [cloudflare] [Cloudflare] [d41d8cd98f00b204e9800998ecf8427e]
https://og.sovryn.app:8443 [302] [GET] [] [] [cloudflare] [vhost] [cloudflare] [Cloudflare] [d41d8cd98f00b204e9800998ecf8427e]
http://sovrython.sovryn.app:2082 [301] [GET] [] [] [cloudflare] [cloudflare] [Cloudflare] [d41d8cd98f00b204e9800998ecf8427e]
http://sovrython.sovryn.app:2086 [301] [GET] [] [] [cloudflare] [cloudflare] [Cloudflare] [d41d8cd98f00b204e9800998ecf8427e]
http://sovrython.sovryn.app:2087 [400] [GET] [text/html] [400 The plain HTTP request was sent to HTTPS port] [cloudflare] [cloudflare] [Cloudflare] [cd58783500d7fa3c58f88eb0ba22f4f8]
http://sovrython.sovryn.app:8080 [301] [GET] [] [] [cloudflare] [cloudflare] [Cloudflare] [d41d8cd98f00b204e9800998ecf8427e]
http://sovrython.sovryn.app:8443 [400] [GET] [text/html] [400 The plain HTTP request was sent to HTTPS port] [cloudflare] [cloudflare] [Cloudflare] [cd58783500d7fa3c58f88eb0ba22f4f8]
http://sovrython.sovryn.app:8880 [301] [GET] [] [] [cloudflare] [cloudflare] [Cloudflare] [d41d8cd98f00b204e9800998ecf8427e]
https://pdp.sovryn.app [200] [GET] [text/html] [Home Page - My ASP.NET Application] [Microsoft-IIS/10.0] [vhost] [Google Font API,IIS:10.0,Microsoft ASP.NET:4.0.30319,Windows Server,YouTube] [aa77aaa3a726d893331d17ae56f1912b]
https://redash.sovryn.app [302] [GET] [text/html] [Redirecting...] [gunicorn/19.7.1] [Python,gunicorn:19.7.1] [2ffbd44256f3db006ecf52d73dae305a]
https://rpc.eth.sovryn.app:2083 [403] [GET] [text/html] [CNAME Cross-User Banned | Cloudflare] [cloudflare] [vhost] [cloudflare] [Cloudflare] [1e54bb45369aeff5911122248ef132d4]
https://rpc.eth.sovryn.app:2087 [403] [GET] [text/html] [CNAME Cross-User Banned | Cloudflare] [cloudflare] [vhost] [cloudflare] [Cloudflare] [3d1e18dac2ee2290597ea37f33dce1bb]
https://rpc.eth.sovryn.app [403] [GET] [text/html] [CNAME Cross-User Banned | Cloudflare] [cloudflare] [vhost] [cloudflare] [Cloudflare] [4f60c96f4dfc7d1aa58cd54dcd5d4361]
https://rpc.eth.sovryn.app [403] [GET] [text/html] [CNAME Cross-User Banned | Cloudflare] [cloudflare] [vhost] [cloudflare] [Cloudflare] [924ce5511373b11e362c9b587d22d581]
https://rpc.eth.sovryn.app:8443 [403] [GET] [text/html] [CNAME Cross-User Banned | Cloudflare] [cloudflare] [vhost] [cloudflare] [Cloudflare] [12e89b54fb41d22586984f7ca53aaba4]
https://safe.sovryn.app [200] [GET] [text/html] [Gnosis Safe] [cloudflare] [vhost] [cloudflare] [Cloudflare,Cloudflare Network Error Logging,Google Font API] [c601e7d523e0f912f80c4bdb71eec475]
https://safe.sovryn.app [200] [GET] [text/html] [Gnosis Safe] [cloudflare] [vhost] [cloudflare] [Cloudflare,Cloudflare Network Error Logging,Google Font API] [d4efeb71d47b7b8f7336e49b3dff9c6e]
https://safe.sovryn.app:2083 [200] [GET] [text/html] [Gnosis Safe] [cloudflare] [vhost] [cloudflare] [Cloudflare,Cloudflare Network Error Logging,Google Font API] [ca81b850ca6af0655244e28c5b11e585]
https://safe.sovryn.app:2087 [200] [GET] [text/html] [Gnosis Safe] [cloudflare] [vhost] [cloudflare] [Cloudflare,Cloudflare Network Error Logging,Google Font API] [7018f4ab6970094c41558a64a1167180]
https://safe.test.sovryn.app [200] [GET] [text/html] [Gnosis Safe] [cloudflare] [vhost] [cloudflare] [Cloudflare,Cloudflare Network Error Logging,Google Font API] [93dd6881bfa1902e38185a27b5a3184f]
https://safe.test.sovryn.app [200] [GET] [text/html] [Gnosis Safe] [cloudflare] [vhost] [cloudflare] [Cloudflare,Cloudflare Network Error Logging,Google Font API] [fe3c06d6c5c3f96ee798c799db127fe9]
https://safe.test.sovryn.app:2083 [200] [GET] [text/html] [Gnosis Safe] [cloudflare] [vhost] [cloudflare] [Cloudflare,Cloudflare Network Error Logging,Google Font API] [6e07e50f0021f680363339ecda1f85e5]
https://safe.test.sovryn.app:2087 [200] [GET] [text/html] [Gnosis Safe] [cloudflare] [vhost] [cloudflare] [Cloudflare,Cloudflare Network Error Logging,Google Font API] [8f66abe56ec803743a8fc16061f5e197]
https://shop.sovryn.app:2053 [403] [GET] [text/html] [Attention Required! | Cloudflare] [cloudflare] [vhost] [Cloudflare] [a653a29335b941f732c0f2deb431d007]
https://shop.sovryn.app:2083 [403] [GET] [text/html] [Attention Required! | Cloudflare] [cloudflare] [vhost] [Cloudflare] [c64f42afe0a3434725244318f436e35c]
https://shop.sovryn.app:2087 [403] [GET] [text/html] [Attention Required! | Cloudflare] [cloudflare] [vhost] [Cloudflare] [889f712173eb81aab28a32572717458d]
https://shop.sovryn.app:2096 [403] [GET] [text/html] [Attention Required! | Cloudflare] [cloudflare] [vhost] [Cloudflare] [7111764486f03bcf8784756ea711d949]
https://shop.sovryn.app [402] [GET] [text/html] [Something went wrong.] [cloudflare] [vhost] [Cloudflare,Shopify] [6853d56e294432305ed7a650d9ce9416]
https://shop.sovryn.app:8443 [403] [GET] [text/html] [Attention Required! | Cloudflare] [cloudflare] [vhost] [Cloudflare] [1257aefe18781ad269596923ba2aa743]
https://sovryn.app [301] [GET] [text/html] [301 Moved Permanently] [openresty] [vhost] [Nginx,OpenResty] [3ea1c8d079b38532a6e01a96216ba5e2]
https://sovrython.sovryn.app [200] [GET] [text/html] [Sovrython - at interspace.chat] [cloudflare] [vhost] [cloudflare] [Cloudflare,Netlify] [19fad77050c9427db2d38047dec394d6]
https://sovrython.sovryn.app [200] [GET] [text/html] [Sovrython - at interspace.chat] [cloudflare] [vhost] [cloudflare] [Cloudflare,Netlify] [48e09b310c9ea94e71efef07f17bcce7]
https://sovvpn.sovryn.app [302] [GET] [text/html] [] [OpenVPN-AS] [20b5dcc7a42ef848f11b67929654c7b2]
https://staging.sovryn.app [200] [GET] [text/html] [Sovryn] [cloudflare] [vhost] [cloudflare] [Cloudflare,Google Font API,Google Tag Manager,Netlify] [39404e3598b8505b2185e10486f562fd]
https://staging.sovryn.app [200] [GET] [text/html] [Sovryn] [cloudflare] [vhost] [cloudflare] [Cloudflare,Google Font API,Google Tag Manager,Netlify] [acd670ab80d56a72a9f6d4dafb2eb359]
https://support.sovryn.app:2083 [403] [GET] [text/plain] [] [cloudflare] [vhost] [cloudflare] [Cloudflare] [1e592c666f49ec5d3c8933c571646d79]
https://support.sovryn.app:2087 [403] [GET] [text/plain] [] [cloudflare] [vhost] [cloudflare] [Cloudflare] [1e592c666f49ec5d3c8933c571646d79]
https://support.sovryn.app [403] [GET] [text/plain] [] [cloudflare] [vhost] [cloudflare] [Cloudflare] [1e592c666f49ec5d3c8933c571646d79]
http://staging.sovryn.app:2082 [301] [GET] [] [] [cloudflare] [cloudflare] [Cloudflare] [d41d8cd98f00b204e9800998ecf8427e]
http://staging.sovryn.app:2083 [400] [GET] [text/html] [400 The plain HTTP request was sent to HTTPS port] [cloudflare] [cloudflare] [Cloudflare] [cd58783500d7fa3c58f88eb0ba22f4f8]
http://staging.sovryn.app:2086 [301] [GET] [] [] [cloudflare] [cloudflare] [Cloudflare] [d41d8cd98f00b204e9800998ecf8427e]
http://staging.sovryn.app:2087 [400] [GET] [text/html] [400 The plain HTTP request was sent to HTTPS port] [cloudflare] [cloudflare] [Cloudflare] [cd58783500d7fa3c58f88eb0ba22f4f8]
http://staging.sovryn.app:8080 [301] [GET] [] [] [cloudflare] [cloudflare] [Cloudflare] [d41d8cd98f00b204e9800998ecf8427e]
http://staging.sovryn.app:8443 [400] [GET] [text/html] [400 The plain HTTP request was sent to HTTPS port] [cloudflare] [cloudflare] [Cloudflare] [cd58783500d7fa3c58f88eb0ba22f4f8]
http://staging.sovryn.app:8880 [301] [GET] [] [] [cloudflare] [cloudflare] [Cloudflare] [d41d8cd98f00b204e9800998ecf8427e]
https://tbsc.relay.sovryn.app [404] [GET] [text/html] [404 Not Found] [nginx] [Nginx] [f68e2c9f50473733362050da8a935a81]
https://test.sovryn.app [200] [GET] [text/html] [Sovryn] [cloudflare] [vhost] [cloudflare] [Cloudflare,Google Font API,Google Tag Manager,Netlify] [20a3db3ae428fc12f3daaa5a55f1e4c6]
https://test.sovryn.app [200] [GET] [text/html] [Sovryn] [cloudflare] [vhost] [cloudflare] [Cloudflare,Google Font API,Google Tag Manager,Netlify] [3173e0fd275d079680b557757691a52f]
https://treasury.sovryn.app [200] [GET] [text/html] [Exchequer Dashboard] [cloudflare] [vhost] [cloudflare] [Cloudflare,Cloudflare Network Error Logging,React] [7ce0ff6f1b4b26e12b58ecd9514093d2]
https://treasury.sovryn.app [200] [GET] [text/html] [Exchequer Dashboard] [cloudflare] [vhost] [cloudflare] [Cloudflare,Cloudflare Network Error Logging,React] [8eae99883c9b68a197c35ed19ce5ba80]
https://treasury.sovryn.app:2087 [200] [GET] [text/html] [Exchequer Dashboard] [cloudflare] [vhost] [cloudflare] [Cloudflare,Cloudflare Network Error Logging,React] [0e73c06a3259b0c04538a23de5acc549]
https://treasury.sovryn.app:8443 [200] [GET] [text/html] [Exchequer Dashboard] [cloudflare] [vhost] [cloudflare] [Cloudflare,Cloudflare Network Error Logging,React] [97f80d0b4cc6333b3e9f4a0384a16e01]
http://support.sovryn.app:2086 [301] [GET] [] [] [cloudflare] [cloudflare] [Cloudflare] [d41d8cd98f00b204e9800998ecf8427e]
http://support.sovryn.app:8080 [301] [GET] [] [] [cloudflare] [cloudflare] [Cloudflare] [d41d8cd98f00b204e9800998ecf8427e]
https://vote.sovryn.app:2087 [301] [GET] [] [] [cloudflare] [vhost] [cloudflare] [Cloudflare] [d41d8cd98f00b204e9800998ecf8427e]
https://vote.sovryn.app [301] [GET] [] [] [cloudflare] [vhost] [cloudflare] [Cloudflare] [d41d8cd98f00b204e9800998ecf8427e]
https://vote.sovryn.app:8443 [301] [GET] [] [] [cloudflare] [vhost] [cloudflare] [Cloudflare] [d41d8cd98f00b204e9800998ecf8427e]
https://watcher.sovryn.app [502] [GET] [text/html] [502 Bad Gateway] [cloudflare] [vhost] [cloudflare] [Cloudflare] [08c4262a0e2c0a3636819c22793ce50e]
https://watcher.sovryn.app [502] [GET] [text/html] [502 Bad Gateway] [cloudflare] [vhost] [cloudflare] [Cloudflare] [43bc45166a5d7b851b6a9458343e00b8]
https://wiki.sovryn.app:2083 [403] [GET] [text/html] [Attention Required! | Cloudflare] [cloudflare] [vhost] [cloudflare] [Cloudflare] [e389706eadb6663a026370f3403e3025]
https://wiki.sovryn.app [302] [GET] [text/plain] [] [cloudflare] [vhost] [cloudflare] [Cloudflare] [e6a0abda6fdbd1ffd327416cdaa5cb1c]
https://www.sovryn.app [200] [GET] [text/html] [Better DeFi, on Bitcoin] [openresty] [Fastly,Google Tag Manager,Nginx,OpenResty,Varnish,Webflow,YouTube] [136a247889ba250febfa7ca08364453c]
http://tbsc.relay.sovryn.app:8080 [404] [GET] [text/html] [404 Not Found] [nginx/1.19.1] [Nginx:1.19.1] [4a0699ab9335daea313e7b5249ca497a]
http://templatetest.sovryn.app [200] [GET] [text/html] [IIS Windows Server] [Microsoft-IIS/10.0] [IIS:10.0,Microsoft ASP.NET,Windows Server] [242c23ea412530c7d94b77a7a978c176]
http://test.sovryn.app:2083 [400] [GET] [text/html] [400 The plain HTTP request was sent to HTTPS port] [cloudflare] [cloudflare] [Cloudflare] [cd58783500d7fa3c58f88eb0ba22f4f8]
http://test.sovryn.app:2086 [301] [GET] [] [] [cloudflare] [cloudflare] [Cloudflare] [d41d8cd98f00b204e9800998ecf8427e]
http://test.sovryn.app:2087 [400] [GET] [text/html] [400 The plain HTTP request was sent to HTTPS port] [cloudflare] [cloudflare] [Cloudflare] [20ad84d030031252141ca0b3fc0183f0]
http://test.sovryn.app:8080 [301] [GET] [] [] [cloudflare] [cloudflare] [Cloudflare] [d41d8cd98f00b204e9800998ecf8427e]
http://treasury.sovryn.app:2082 [301] [GET] [] [] [cloudflare] [cloudflare] [Cloudflare] [d41d8cd98f00b204e9800998ecf8427e]
http://treasury.sovryn.app:2086 [301] [GET] [] [] [cloudflare] [cloudflare] [Cloudflare] [d41d8cd98f00b204e9800998ecf8427e]
http://treasury.sovryn.app:8080 [301] [GET] [] [] [cloudflare] [cloudflare] [Cloudflare] [d41d8cd98f00b204e9800998ecf8427e]
http://treasury.sovryn.app:8880 [301] [GET] [] [] [cloudflare] [cloudflare] [Cloudflare] [d41d8cd98f00b204e9800998ecf8427e]
http://vote.sovryn.app:2082 [301] [GET] [] [] [cloudflare] [cloudflare] [Cloudflare] [d41d8cd98f00b204e9800998ecf8427e]
http://vote.sovryn.app:2086 [301] [GET] [] [] [cloudflare] [cloudflare] [Cloudflare] [d41d8cd98f00b204e9800998ecf8427e]
http://vote.sovryn.app:8080 [301] [GET] [] [] [cloudflare] [cloudflare] [Cloudflare] [d41d8cd98f00b204e9800998ecf8427e]
http://vote.sovryn.app:8880 [301] [GET] [] [] [cloudflare] [cloudflare] [Cloudflare] [d41d8cd98f00b204e9800998ecf8427e]
http://watcher.sovryn.app:2082 [301] [GET] [] [] [cloudflare] [cloudflare] [Cloudflare] [d41d8cd98f00b204e9800998ecf8427e]
http://watcher.sovryn.app:2083 [400] [GET] [text/html] [400 The plain HTTP request was sent to HTTPS port] [cloudflare] [cloudflare] [Cloudflare] [cd58783500d7fa3c58f88eb0ba22f4f8]
http://watcher.sovryn.app:2086 [301] [GET] [] [] [cloudflare] [cloudflare] [Cloudflare] [d41d8cd98f00b204e9800998ecf8427e]
http://watcher.sovryn.app:2087 [400] [GET] [text/html] [400 The plain HTTP request was sent to HTTPS port] [cloudflare] [cloudflare] [Cloudflare] [cd58783500d7fa3c58f88eb0ba22f4f8]
http://watcher.sovryn.app:8080 [301] [GET] [] [] [cloudflare] [cloudflare] [Cloudflare] [d41d8cd98f00b204e9800998ecf8427e]
http://watcher.sovryn.app:8443 [400] [GET] [text/html] [400 The plain HTTP request was sent to HTTPS port] [cloudflare] [cloudflare] [Cloudflare] [20ad84d030031252141ca0b3fc0183f0]
http://watcher.sovryn.app:8880 [301] [GET] [] [] [cloudflare] [cloudflare] [Cloudflare] [d41d8cd98f00b204e9800998ecf8427e]
http://wiki.sovryn.app:2082 [301] [GET] [] [] [cloudflare] [cloudflare] [Cloudflare] [d41d8cd98f00b204e9800998ecf8427e]
http://wiki.sovryn.app:2086 [403] [GET] [text/plain] [] [cloudflare] [cloudflare] [Cloudflare] [4f20b85ce5ebf225720e040314a7966a]
http://wiki.sovryn.app:2087 [400] [GET] [text/html] [400 The plain HTTP request was sent to HTTPS port] [cloudflare] [cloudflare] [Cloudflare] [20ad84d030031252141ca0b3fc0183f0]
http://wiki.sovryn.app:8080 [301] [GET] [] [] [cloudflare] [cloudflare] [Cloudflare] [d41d8cd98f00b204e9800998ecf8427e]
http://wiki.sovryn.app:8443 [400] [GET] [text/html] [400 The plain HTTP request was sent to HTTPS port] [cloudflare] [cloudflare] [Cloudflare] [20ad84d030031252141ca0b3fc0183f0]
http://wiki.sovryn.app:8880 [301] [GET] [] [] [cloudflare] [cloudflare] [Cloudflare] [d41d8cd98f00b204e9800998ecf8427e]
