http://autodiscover.starlink.com [301] [GET] [] [] [Microsoft-IIS/10.0] [vhost] [IIS,Microsoft ASP.NET,Windows Server] [d41d8cd98f00b204e9800998ecf8427e]
http://connect.starlink.com [404] [GET] [text/html] [404 Not Found] [] [google] [2e9281cb1598565605593d28a5efa3bb]
http://my.starlink.com [404] [GET] [text/html] [404 Not Found] [] [google] [2e9281cb1598565605593d28a5efa3bb]
http://my.starlink.com:8080 [404] [GET] [text/html] [404 Not Found] [] [google] [2e9281cb1598565605593d28a5efa3bb]
https://analytics.beta.starlink.com [502] [GET] [text/html] [502 Bad Gatway] [Varnish] [vhost] [fastly] [40145002dae4aecfd8791772f343a84f]
https://analytics.beta.starlink.com [502] [GET] [text/html] [502 Bad Gatway] [Varnish] [vhost] [fastly] [803819ef2d087a04230db4d0ed060b01]
https://analytics.starlink.com [502] [GET] [text/html] [502 Bad Gateway] [whydoyoucare?] [vhost] [fastly] [50bdd1aa43301b7aa78974f88912357b]
https://analytics.starlink.com [502] [GET] [text/html] [502 Bad Gateway] [whydoyoucare?] [vhost] [fastly] [fd95313ffdb6f33753104d2753b6c013]
https://api2.starlink.com [502] [GET] [text/html] [502] [] [google] [40ff8ac3fcdaeb858d0a9f0d0a8be992]
https://api.payments.starlink.com [403] [GET] [text/html] [403 Forbidden] [whydoyoucare?] [vhost] [fastly] [4e5169453036b66a297d43e6aa6e6064]
https://api.payments.starlink.com [403] [GET] [text/html] [403 Forbidden] [whydoyoucare?] [vhost] [fastly] [5243b068014b1ca4278158366d18cedc]
https://api.payments-test.starlink.com [503] [GET] [text/html] [503 Forbidden] [whydoyoucare?] [vhost] [fastly] [563bc15c7e674e4048be7e0ebd031279]
https://api.payments-test.starlink.com [503] [GET] [text/html] [503 Forbidden] [whydoyoucare?] [vhost] [fastly] [82f6efb221485926643d7c83e834097c]
https://api.starlink.com [404] [GET] [] [] [whydoyoucare?] [vhost] [fastly] [d41d8cd98f00b204e9800998ecf8427e]
https://auth.starlink.com [200] [GET] [text/html] [Starlink] [whydoyoucare?] [vhost] [fastly] [a4360b39a901886f15f9c5cfc42889f8]
https://email.starlink.com [301] [GET] [text/html] [301 Moved Permanently] [Apache] [vhost] [Apache] [1789bd544cbf60a394243512cc0ad5a5]
https://e.starlink.com [301] [GET] [text/html] [301 Moved Permanently] [Apache] [vhost] [Apache] [464a64c2af707cac64310ca744197c9e]
https://lyncdiscover.starlink.com [200] [GET] [application/json] [] [] [vhost] [949b8a1a5092ae44b200389ee47228c4]
https://metabase.starlink.com [302] [GET] [] [] [] [vhost] [azure] [d41d8cd98f00b204e9800998ecf8427e]
https://msoid.starlink.com [302] [GET] [text/html] [Object moved] [] [vhost] [azure] [67dc47621d0dca9dc8d849ee26494c3b]
https://shop.beta.starlink.com [502] [GET] [text/html] [502 Bad Gatway] [whydoyoucare?] [vhost] [fastly] [3a38b92b82dd3dd60a092b42efc1f73f]
https://shop.beta.starlink.com [502] [GET] [text/html] [502 Bad Gatway] [whydoyoucare?] [vhost] [fastly] [fad089e6b11a146d99427e8fa4b7e998]
https://shop.starlink.com [200] [GET] [text/html] [Starlink] [whydoyoucare?] [vhost] [fastly] [8ef94ddc54023dce149847e23eb4aff8]
https://sip.starlink.com [404] [GET] [text/plain] [] [RTC/7.0] [6f9e69e1034603ac6a1e67707144a486]
https://support-agent.starlink.com [302] [GET] [] [] [] [vhost] [azure] [d41d8cd98f00b204e9800998ecf8427e]
https://support.starlink.com [200] [GET] [text/html] [Help Center] [whydoyoucare?] [vhost] [fastly] [0eaa6871d09d9b9e1342cb627872ddd0]
https://webmail.starlink.com [301] [GET] [text/html] [301 Moved Permanently] [Apache] [vhost] [Apache] [77965244862837d10c715fde037d947c]
https://www.starlink.com [200] [GET] [text/html] [Starlink] [whydoyoucare?] [vhost] [fastly] [40826f215880be5c5966d28df9e6bd76]
