http://docs.stonedefi.io:2082 [302] [GET] [] [] [cloudflare] [vhost] [cloudflare] [Cloudflare] [d41d8cd98f00b204e9800998ecf8427e]
http://docs.stonedefi.io:2086 [302] [GET] [] [] [cloudflare] [vhost] [cloudflare] [Cloudflare] [d41d8cd98f00b204e9800998ecf8427e]
http://docs.stonedefi.io:8080 [302] [GET] [] [] [cloudflare] [vhost] [cloudflare] [Cloudflare] [d41d8cd98f00b204e9800998ecf8427e]
http://docs.stonedefi.io:8880 [302] [GET] [] [] [cloudflare] [vhost] [cloudflare] [Cloudflare] [d41d8cd98f00b204e9800998ecf8427e]
https://api.stonedefi.io [404] [GET] [application/json] [] [] [vhost] [e66a7a6c91e2c26803f3f49feb7a883f]
https://app.stonedefi.io [200] [GET] [text/html] [Stone] [AmazonS3] [vhost] [cloudfront] [Amazon Cloudfront,Amazon S3,Amazon Web Services] [ad2d9a09f5f9d6933e60cb57e6b3c83f]
https://bridge.stonedefi.io [200] [GET] [text/html] [StoneBridge] [AmazonS3] [vhost] [cloudfront] [Amazon Cloudfront,Amazon S3,Amazon Web Services] [939285b038d730614bd4aaf2c2d6f5dd]
https://bsc.stonedefi.io [200] [GET] [text/html] [STONE - Single-Asset Mining Aggregator] [AmazonS3] [vhost] [cloudfront] [Amazon Cloudfront,Amazon S3,Amazon Web Services,Bootstrap] [ade7a2e670c391f2a9b5e8d1aec913c0]
https://docs.stonedefi.io [200] [GET] [text/html] [Stone Defi Overview - StoneDefi] [cloudflare] [vhost] [cloudflare] [Algolia,Cloudflare,Google Cloud,Google Cloud Trace,React] [c314fd6d969e69a9bd4c0c07c3e1f675]
https://docs.stonedefi.io:2083 [200] [GET] [text/html] [Stone Defi Overview - StoneDefi] [cloudflare] [vhost] [cloudflare] [Algolia,Cloudflare,Google Cloud,Google Cloud Trace,React] [47e0a134ae47e31439b14e8272ee0f1f]
https://docs.stonedefi.io:2087 [200] [GET] [text/html] [Stone Defi Overview - StoneDefi] [cloudflare] [vhost] [cloudflare] [Algolia,Cloudflare,Google Cloud,Google Cloud Trace,React] [06da1fe53abd03dbf6f5d114f6a6aab2]
https://docs.stonedefi.io:8443 [200] [GET] [text/html] [Stone Defi Overview - StoneDefi] [cloudflare] [vhost] [cloudflare] [Algolia,Cloudflare,Google Cloud,Google Cloud Trace,React] [29488a99e83c5a20e1c81f8a85c48e55]
https://matic.stonedefi.io [200] [GET] [text/html] [STONE - Single-Asset Mining Aggregator] [AmazonS3] [vhost] [cloudfront] [Amazon Cloudfront,Amazon S3,Amazon Web Services,Bootstrap] [2670315c8ac7143ff1521b7dc1096ca9]
https://stonedefi.io [301] [GET] [text/html] [301 Moved Permanently] [nginx/1.18.0 (Ubuntu)] [vhost] [Nginx:1.18.0,Ubuntu] [bd2695f4b079c71dbddde3436286fb9c]
http://stonedefi.io:7777 [200] [GET] [text/html] [SoGraph - One-stop Web3 Social Insight Portal] [nginx/1.18.0 (Ubuntu)] [Nginx:1.18.0,Ubuntu] [cc33687586af9d381d7e0566efaf3f48]
http://stonedefi.io:8080 [200] [GET] [text/html] [StoneDefi] [] [Element UI,Node.js,Nuxt.js,Vue.js] [ed79671a17896fa1aa4b4eac42242907]
http://stonedefi.io:8081 [500] [GET] [text/html] [500 Internal Server Error] [nginx/1.18.0 (Ubuntu)] [Nginx:1.18.0,Ubuntu] [4f854cd7f43689b5ac552528a402d2b0]
http://stonedefi.io:8082 [200] [GET] [text/html] [Supervisor Status] [Medusa/1.12] [5fde4fb232bb0392971865b07b04a2a1]
https://watch.stonedefi.io [200] [GET] [text/html] [StoneDefi] [nginx/1.18.0 (Ubuntu)] [Element UI,Nginx:1.18.0,Node.js,Nuxt.js,Ubuntu,Vue.js] [5a37ecf1fe7d43afef9c20a6b9f2bb07]
https://www.stonedefi.io [200] [GET] [text/html] [StoneDefi - Cross-Chain Staking Protocol] [AmazonS3] [vhost] [cloudfront] [Amazon Cloudfront,Amazon S3,Amazon Web Services] [038ad209690416dc592f3503a16908dd]
