http://aws.streamlabs.com:8080 [301] [GET] [] [] [cloudflare] [cloudflare] [Cloudflare] [d41d8cd98f00b204e9800998ecf8427e]
http://beta2.streamlabs.com:8080 [403] [GET] [text/plain] [] [cloudflare] [vhost] [cloudflare] [Cloudflare] [7b5ea53ba332630e5aca8e4abb807f70]
http://beta-overlays.streamlabs.com:8080 [301] [GET] [] [] [cloudflare] [cloudflare] [Cloudflare] [d41d8cd98f00b204e9800998ecf8427e]
http://beta.streamlabs.com:8080 [403] [GET] [text/plain] [] [cloudflare] [vhost] [cloudflare] [Cloudflare] [7b5ea53ba332630e5aca8e4abb807f70]
http://chatbot-api-beta.streamlabs.com:8080 [301] [GET] [] [] [cloudflare] [cloudflare] [Cloudflare] [d41d8cd98f00b204e9800998ecf8427e]
http://chatbot-api.streamlabs.com:8080 [301] [GET] [] [] [cloudflare] [cloudflare] [Cloudflare] [d41d8cd98f00b204e9800998ecf8427e]
http://chatbot-io.streamlabs.com:8080 [301] [GET] [] [] [cloudflare] [cloudflare] [Cloudflare] [d41d8cd98f00b204e9800998ecf8427e]
http://chatbot-sockets.streamlabs.com:8080 [301] [GET] [] [] [cloudflare] [cloudflare] [Cloudflare] [d41d8cd98f00b204e9800998ecf8427e]
http://chat-stage.streamlabs.com:8080 [301] [GET] [] [] [cloudflare] [cloudflare] [Cloudflare] [d41d8cd98f00b204e9800998ecf8427e]
http://contenthub-cdn.streamlabs.com:8080 [301] [GET] [] [] [cloudflare] [cloudflare] [Cloudflare] [d41d8cd98f00b204e9800998ecf8427e]
http://contenthub-stage.streamlabs.com:8080 [403] [GET] [text/plain] [] [cloudflare] [vhost] [cloudflare] [Cloudflare] [7b5ea53ba332630e5aca8e4abb807f70]
http://contenthub.streamlabs.com:8080 [301] [GET] [] [] [cloudflare] [cloudflare] [Cloudflare] [d41d8cd98f00b204e9800998ecf8427e]
http://designers.streamlabs.com:8080 [403] [GET] [text/plain] [] [cloudflare] [vhost] [cloudflare] [Cloudflare] [7b5ea53ba332630e5aca8e4abb807f70]
http://dev-logi.streamlabs.com:8080 [301] [GET] [] [] [cloudflare] [cloudflare] [Cloudflare] [d41d8cd98f00b204e9800998ecf8427e]
http://dev.streamlabs.com:8080 [301] [GET] [] [] [cloudflare] [cloudflare] [Cloudflare] [d41d8cd98f00b204e9800998ecf8427e]
http://discordbot.streamlabs.com:8080 [301] [GET] [] [] [cloudflare] [cloudflare] [Cloudflare] [d41d8cd98f00b204e9800998ecf8427e]
http://email-stats.streamlabs.com:8080 [301] [GET] [] [] [cloudflare] [cloudflare] [Cloudflare] [d41d8cd98f00b204e9800998ecf8427e]
http://ext-assets.streamlabs.com:8080 [301] [GET] [] [] [cloudflare] [cloudflare] [Cloudflare] [d41d8cd98f00b204e9800998ecf8427e]
http://facebook.streamlabs.com:8080 [301] [GET] [] [] [cloudflare] [cloudflare] [Cloudflare] [d41d8cd98f00b204e9800998ecf8427e]
http://facemasks-cdn.streamlabs.com:8080 [301] [GET] [] [] [cloudflare] [cloudflare] [Cloudflare] [d41d8cd98f00b204e9800998ecf8427e]
http://howto.streamlabs.com:8080 [301] [GET] [] [] [cloudflare] [cloudflare] [Cloudflare] [d41d8cd98f00b204e9800998ecf8427e]
http://ideas.streamlabs.com:8080 [301] [GET] [] [] [cloudflare] [cloudflare] [Cloudflare] [d41d8cd98f00b204e9800998ecf8427e]
http://io-test.streamlabs.com:8080 [301] [GET] [] [] [cloudflare] [cloudflare] [Cloudflare] [d41d8cd98f00b204e9800998ecf8427e]
http://jobs.streamlabs.com:8080 [301] [GET] [] [] [cloudflare] [cloudflare] [Cloudflare] [d41d8cd98f00b204e9800998ecf8427e]
http://logi.streamlabs.com:8080 [301] [GET] [] [] [cloudflare] [cloudflare] [Cloudflare] [d41d8cd98f00b204e9800998ecf8427e]
http://loyalty-io.streamlabs.com:8080 [301] [GET] [] [] [cloudflare] [cloudflare] [Cloudflare] [d41d8cd98f00b204e9800998ecf8427e]
http://media-handler.streamlabs.com:8080 [301] [GET] [] [] [cloudflare] [cloudflare] [Cloudflare] [d41d8cd98f00b204e9800998ecf8427e]
http://media.streamlabs.com:8080 [301] [GET] [] [] [cloudflare] [cloudflare] [Cloudflare] [d41d8cd98f00b204e9800998ecf8427e]
http://merch-beta.streamlabs.com:8080 [403] [GET] [text/plain] [] [cloudflare] [vhost] [cloudflare] [Cloudflare] [7b5ea53ba332630e5aca8e4abb807f70]
http://merchcdn.streamlabs.com:8080 [301] [GET] [] [] [cloudflare] [cloudflare] [Cloudflare] [d41d8cd98f00b204e9800998ecf8427e]
http://merch.streamlabs.com:8080 [301] [GET] [] [] [cloudflare] [cloudflare] [Cloudflare] [d41d8cd98f00b204e9800998ecf8427e]
http://mixer.streamlabs.com:8080 [301] [GET] [] [] [cloudflare] [cloudflare] [Cloudflare] [d41d8cd98f00b204e9800998ecf8427e]
http://ms.streamlabs.com:8080 [403] [GET] [text/plain] [] [cloudflare] [vhost] [cloudflare] [Cloudflare] [7b5ea53ba332630e5aca8e4abb807f70]
http://obsstudionodes3.streamlabs.com:8080 [301] [GET] [] [] [cloudflare] [cloudflare] [Cloudflare] [d41d8cd98f00b204e9800998ecf8427e]
http://obsstudios3.streamlabs.com:8080 [301] [GET] [] [] [cloudflare] [cloudflare] [Cloudflare] [d41d8cd98f00b204e9800998ecf8427e]
http://overlays-cdn.streamlabs.com:8080 [301] [GET] [] [] [cloudflare] [cloudflare] [Cloudflare] [d41d8cd98f00b204e9800998ecf8427e]
http://overlays.streamlabs.com:8080 [301] [GET] [] [] [cloudflare] [cloudflare] [Cloudflare] [d41d8cd98f00b204e9800998ecf8427e]
http://payments-dashboard.streamlabs.com:8080 [301] [GET] [] [] [cloudflare] [cloudflare] [Cloudflare] [d41d8cd98f00b204e9800998ecf8427e]
http://payments-dev.streamlabs.com:8080 [301] [GET] [] [] [cloudflare] [cloudflare] [Cloudflare] [d41d8cd98f00b204e9800998ecf8427e]
http://payments.streamlabs.com:8080 [301] [GET] [] [] [cloudflare] [cloudflare] [Cloudflare] [d41d8cd98f00b204e9800998ecf8427e]
http://platform-cdn.streamlabs.com:8080 [301] [GET] [] [] [cloudflare] [cloudflare] [Cloudflare] [d41d8cd98f00b204e9800998ecf8427e]
http://platform-io.streamlabs.com:8080 [301] [GET] [] [] [cloudflare] [cloudflare] [Cloudflare] [d41d8cd98f00b204e9800998ecf8427e]
http://platform.streamlabs.com:8080 [301] [GET] [] [] [cloudflare] [cloudflare] [Cloudflare] [d41d8cd98f00b204e9800998ecf8427e]
http://polly.streamlabs.com:8080 [301] [GET] [] [] [cloudflare] [cloudflare] [Cloudflare] [d41d8cd98f00b204e9800998ecf8427e]
http://r2d2.streamlabs.com:8080 [301] [GET] [] [] [cloudflare] [cloudflare] [Cloudflare] [d41d8cd98f00b204e9800998ecf8427e]
http://repo.streamlabs.com [301] [GET] [] [] [cloudflare] [cloudflare] [Cloudflare] [d41d8cd98f00b204e9800998ecf8427e]
http://repo.streamlabs.com:8080 [301] [GET] [] [] [cloudflare] [cloudflare] [Cloudflare] [d41d8cd98f00b204e9800998ecf8427e]
http://restream-api.streamlabs.com:8080 [301] [GET] [] [] [cloudflare] [cloudflare] [Cloudflare] [d41d8cd98f00b204e9800998ecf8427e]
http://restreambeta-ingest.streamlabs.com:1935 [200] [GET] [text/html] [Wowza Streaming Engine 4 Subscription Edition 4.8.8 build20201203191143] [WowzaStreamingEngine/4.8.8] [402463d6723154effa288786e59b1953]
http://restream-ingest.streamlabs.com:1935 [200] [GET] [text/html] [Wowza Streaming Engine 4 Subscription Edition 4.8.8.01 build20201216140014] [WowzaStreamingEngine/4.8.8.01] [552224c9b38d7f760a6d0af9fae962e9]
https://aws-io.streamlabs.com [404] [GET] [] [] [nginx/1.18.0 (Ubuntu)] [Nginx,Ubuntu] [d41d8cd98f00b204e9800998ecf8427e]
https://aws.streamlabs.com [200] [GET] [text/html] [Streamlabs: Free Live Streaming & Recording Software] [cloudflare] [vhost] [cloudflare] [Cloudflare,Google Font API] [baf63d1070c6f58be1788827692f6df8]
https://beta2.streamlabs.com [403] [GET] [text/plain] [] [cloudflare] [vhost] [cloudflare] [Cloudflare] [7b5ea53ba332630e5aca8e4abb807f70]
https://beta2.streamlabs.com:8443 [403] [GET] [text/plain] [] [cloudflare] [vhost] [cloudflare] [Cloudflare] [7b5ea53ba332630e5aca8e4abb807f70]
https://beta-overlays.streamlabs.com [302] [GET] [text/html] [Redirecting to https://streamlabs.com] [cloudflare] [vhost] [cloudflare] [Cloudflare] [54828e14ae91227374ddb81c3f21272f]
https://beta.streamlabs.com [403] [GET] [text/plain] [] [cloudflare] [vhost] [cloudflare] [Cloudflare] [7b5ea53ba332630e5aca8e4abb807f70]
https://beta.streamlabs.com:8443 [403] [GET] [text/plain] [] [cloudflare] [vhost] [cloudflare] [Cloudflare] [7b5ea53ba332630e5aca8e4abb807f70]
https://blog.streamlabs.com [307] [GET] [text/html] [] [openresty] [vhost] [Envoy,Nginx,OpenResty] [c3ef65afce471590375ad0a2ecd4e33c]
https://chatbot-api-beta.streamlabs.com [200] [GET] [text/html] [] [cloudflare] [vhost] [cloudflare] [Cloudflare] [06a6d02e4c7d83cca994773b68e53e7b]
https://chatbot-api.streamlabs.com [200] [GET] [text/html] [] [cloudflare] [vhost] [cloudflare] [Cloudflare] [06a6d02e4c7d83cca994773b68e53e7b]
https://chatbot-io.streamlabs.com [404] [GET] [application/json] [] [cloudflare] [vhost] [cloudflare] [Amazon ALB,Amazon Web Services,Cloudflare] [dbbd541018ac793774a0123fef485617]
https://chatbot-sockets.streamlabs.com [530] [GET] [text/html] [oops] [cloudflare] [vhost] [cloudflare] [Cloudflare] [bb0c71a5d26a5dfb2a8799711f1315b5]
https://chatbot-sockets.streamlabs.com [530] [GET] [text/html] [oops] [cloudflare] [vhost] [cloudflare] [Cloudflare] [ca72abab29cfa27371417fb0ed0044f2]
https://chatbot-sockets.streamlabs.com:8443 [530] [GET] [text/html] [oops] [cloudflare] [vhost] [cloudflare] [Cloudflare] [72a756ce76e2ce8060d7c4c79e4f5c19]
https://chat-stage.streamlabs.com [502] [GET] [text/html] [502 Bad Gateway] [cloudflare] [vhost] [cloudflare] [Cloudflare] [2b04736d96787f2c09e31a234e40273e]
https://contenthub-cdn.streamlabs.com [403] [GET] [application/xml] [] [cloudflare] [vhost] [cloudflare] [Cloudflare] [421bcbfb924c91a5032f62c8c39a0347]
https://contenthub-cdn.streamlabs.com [403] [GET] [application/xml] [] [cloudflare] [vhost] [cloudflare] [Cloudflare] [5598084ea240bc0ecf95a05493c88d23]
https://contenthub-stage.streamlabs.com [403] [GET] [text/plain] [] [cloudflare] [vhost] [cloudflare] [Cloudflare] [7b5ea53ba332630e5aca8e4abb807f70]
https://contenthub-stage.streamlabs.com:8443 [403] [GET] [text/plain] [] [cloudflare] [vhost] [cloudflare] [Cloudflare] [7b5ea53ba332630e5aca8e4abb807f70]
https://contenthub.streamlabs.com [301] [GET] [] [] [cloudflare] [vhost] [cloudflare] [Cloudflare] [d41d8cd98f00b204e9800998ecf8427e]
https://contenthub.streamlabs.com:8443 [301] [GET] [] [] [cloudflare] [vhost] [cloudflare] [Cloudflare] [d41d8cd98f00b204e9800998ecf8427e]
https://designers.streamlabs.com [403] [GET] [text/plain] [] [cloudflare] [vhost] [cloudflare] [Cloudflare] [7b5ea53ba332630e5aca8e4abb807f70]
https://designers.streamlabs.com:8443 [403] [GET] [text/plain] [] [cloudflare] [vhost] [cloudflare] [Cloudflare] [7b5ea53ba332630e5aca8e4abb807f70]
https://dev-logi.streamlabs.com [403] [GET] [text/plain] [] [cloudflare] [vhost] [cloudflare] [Cloudflare] [4f20b85ce5ebf225720e040314a7966a]
https://dev-logi.streamlabs.com [404] [GET] [text/plain] [] [cloudflare] [vhost] [cloudflare] [Cloudflare] [d41d8cd98f00b204e9800998ecf8427e]
https://dev.streamlabs.com [200] [GET] [text/html] [Streamlabs API] [cloudflare] [vhost] [cloudflare] [AngularJS,Cloudflare,Heroku] [954c4db909d4ecbf1fc7e59ffd195f70]
https://dev.streamlabs.com:8443 [403] [GET] [text/html] [Attention Required! | Cloudflare] [cloudflare] [vhost] [cloudflare] [Cloudflare] [16cc60e7aa151d0dedf2d948b9cb1d98]
https://discordbot.streamlabs.com [200] [GET] [text/html] [] [cloudflare] [vhost] [cloudflare] [Cloudflare,Express,Node.js] [e1a1f0be30cefc7d857ea6408cd00a12]
https://email-stats.streamlabs.com [404] [GET] [text/html] [Error] [cloudflare] [vhost] [cloudflare] [Cloudflare,Express,Node.js] [da7da7d630292e7a2a7dda8ca87b3d39]
https://email-stats.streamlabs.com:8443 [403] [GET] [text/html] [oops] [cloudflare] [vhost] [cloudflare] [Cloudflare] [d9d35bed4b2bf8eb8a6c7c7093293bd0]
https://ext-assets.streamlabs.com [403] [GET] [application/xml] [] [cloudflare] [vhost] [cloudflare] [Cloudflare] [60628353175787580c3818f6cdcc7a6b]
https://ext-assets.streamlabs.com [403] [GET] [text/plain] [] [cloudflare] [vhost] [cloudflare] [Cloudflare] [4f20b85ce5ebf225720e040314a7966a]
https://facebook.streamlabs.com [302] [GET] [text/html] [Redirecting to https://streamlabs.com/] [cloudflare] [vhost] [cloudflare] [Cloudflare] [d63e7cccb198a99e60bdf3147dfbb21e]
https://facemasks-cdn.streamlabs.com [403] [GET] [application/xml] [] [cloudflare] [vhost] [cloudflare] [Cloudflare] [2f1bed08c0421f29126f9ee4fe21fe23]
https://facemasks-cdn.streamlabs.com [403] [GET] [application/xml] [] [cloudflare] [vhost] [cloudflare] [Cloudflare] [6265d3f93241112703f1ba69fa3cd3d5]
https://howto.streamlabs.com [301] [GET] [text/html] [] [cloudflare] [vhost] [cloudflare] [Cloudflare] [d41d8cd98f00b204e9800998ecf8427e]
https://ideas.streamlabs.com [301] [GET] [] [] [cloudflare] [vhost] [cloudflare] [Cloudflare] [d41d8cd98f00b204e9800998ecf8427e]
https://ideas.streamlabs.com:8443 [301] [GET] [] [] [cloudflare] [vhost] [cloudflare] [Cloudflare] [d41d8cd98f00b204e9800998ecf8427e]
https://io-test.streamlabs.com [530] [GET] [text/html] [oops] [cloudflare] [vhost] [cloudflare] [Cloudflare] [591be1e04c37cc4a353e56c16f81ad34]
https://io-test.streamlabs.com [530] [GET] [text/html] [oops] [cloudflare] [vhost] [cloudflare] [Cloudflare] [b06b185478de72db364aae7af015af88]
https://io-test.streamlabs.com:8443 [530] [GET] [text/html] [oops] [cloudflare] [vhost] [cloudflare] [Cloudflare] [628df9400b3d4005fdfdccf732f57c1b]
https://jobs.streamlabs.com [301] [GET] [] [] [cloudflare] [vhost] [cloudflare] [Cloudflare] [d41d8cd98f00b204e9800998ecf8427e]
https://jobs.streamlabs.com:8443 [301] [GET] [] [] [cloudflare] [vhost] [cloudflare] [Cloudflare] [d41d8cd98f00b204e9800998ecf8427e]
http://slobs-cdn.streamlabs.com:8080 [301] [GET] [] [] [cloudflare] [cloudflare] [Cloudflare] [d41d8cd98f00b204e9800998ecf8427e]
https://logi.streamlabs.com [404] [GET] [text/plain] [] [cloudflare] [vhost] [cloudflare] [Cloudflare] [d41d8cd98f00b204e9800998ecf8427e]
https://loyalty-io.streamlabs.com [530] [GET] [text/html] [oops] [cloudflare] [vhost] [cloudflare] [Cloudflare] [9409a1b41a2e235d34a2793ed45361ae]
https://loyalty-io.streamlabs.com [530] [GET] [text/html] [oops] [cloudflare] [vhost] [cloudflare] [Cloudflare] [daf9ebd750ede1912669ae16ddf2913a]
https://loyalty-io.streamlabs.com:8443 [530] [GET] [text/html] [oops] [cloudflare] [vhost] [cloudflare] [Cloudflare] [5f2900f2f8c11c44c05ffc3564d0deed]
https://media-handler.streamlabs.com [404] [GET] [text/html] [] [cloudflare] [vhost] [cloudflare] [Cloudflare] [8c7cc8be2cf689968d8d87f8badcaddb]
https://media.streamlabs.com [200] [GET] [text/html] [Streamlabs: Free Live Streaming & Recording Software] [cloudflare] [vhost] [cloudflare] [Cloudflare,Google Font API] [baf63d1070c6f58be1788827692f6df8]
https://merch-beta.streamlabs.com [403] [GET] [text/plain] [] [cloudflare] [vhost] [cloudflare] [Cloudflare] [7b5ea53ba332630e5aca8e4abb807f70]
https://merch-beta.streamlabs.com:8443 [403] [GET] [text/plain] [] [cloudflare] [vhost] [cloudflare] [Cloudflare] [7b5ea53ba332630e5aca8e4abb807f70]
https://merchcdn.streamlabs.com [403] [GET] [application/xml] [] [cloudflare] [vhost] [cloudflare] [Cloudflare] [38f74806b4c7af5d410bdb79d3bbd0e2]
https://merchcdn.streamlabs.com [403] [GET] [application/xml] [] [cloudflare] [vhost] [cloudflare] [Cloudflare] [7304d8b423e76b6f834510f335a98b9d]
https://merch.streamlabs.com [301] [GET] [] [] [cloudflare] [vhost] [cloudflare] [Cloudflare] [d41d8cd98f00b204e9800998ecf8427e]
https://merch.streamlabs.com:8443 [301] [GET] [] [] [cloudflare] [vhost] [cloudflare] [Cloudflare] [d41d8cd98f00b204e9800998ecf8427e]
https://mixer.streamlabs.com [200] [GET] [text/html] [Streamlabs: Free Live Streaming & Recording Software] [cloudflare] [vhost] [cloudflare] [Cloudflare,Google Font API] [baf63d1070c6f58be1788827692f6df8]
https://ms.streamlabs.com [403] [GET] [text/plain] [] [cloudflare] [vhost] [cloudflare] [Cloudflare] [7b5ea53ba332630e5aca8e4abb807f70]
https://ms.streamlabs.com:8443 [403] [GET] [text/plain] [] [cloudflare] [vhost] [cloudflare] [Cloudflare] [7b5ea53ba332630e5aca8e4abb807f70]
https://obsstudionodes3.streamlabs.com [403] [GET] [application/xml] [] [cloudflare] [vhost] [cloudflare] [Cloudflare] [0cc6e73a2a46df9b818bdf663a6b008b]
https://obsstudionodes3.streamlabs.com [403] [GET] [application/xml] [] [cloudflare] [vhost] [cloudflare] [Cloudflare] [686aec4b6dba6612b13599c7cddd3768]
https://obsstudios3.streamlabs.com [403] [GET] [application/xml] [] [cloudflare] [vhost] [cloudflare] [Cloudflare] [7d928852eba894ad2f064b85a6473a46]
https://obsstudios3.streamlabs.com [403] [GET] [application/xml] [] [cloudflare] [vhost] [cloudflare] [Cloudflare] [8a02df52de0a8e8db4c381030e93cf92]
https://overlays-cdn.streamlabs.com [403] [GET] [application/xml] [] [cloudflare] [vhost] [cloudflare] [Cloudflare] [497b06b3cd35399e0115aabb27fba9af]
https://overlays-cdn.streamlabs.com [403] [GET] [application/xml] [] [cloudflare] [vhost] [cloudflare] [Cloudflare] [ca3ffa6d6bd83fc19ed03f0f8cf0a250]
https://overlays.streamlabs.com [302] [GET] [text/html] [Redirecting to https://streamlabs.com] [cloudflare] [vhost] [cloudflare] [Cloudflare] [54828e14ae91227374ddb81c3f21272f]
https://payments-dashboard.streamlabs.com [200] [GET] [text/html] [Laravel] [cloudflare] [vhost] [cloudflare] [Cloudflare,Google Font API] [bacfb1684fe3e7099b477545593d2bb0]
https://payments-dev.streamlabs.com [200] [GET] [text/html] [Laravel] [cloudflare] [vhost] [cloudflare] [Cloudflare,Google Font API,Laravel,PHP] [bacfb1684fe3e7099b477545593d2bb0]
https://payments.streamlabs.com [200] [GET] [text/html] [Laravel] [cloudflare] [vhost] [cloudflare] [Cloudflare,Google Font API] [bacfb1684fe3e7099b477545593d2bb0]
http://sp-cdn.streamlabs.com:8080 [301] [GET] [] [] [cloudflare] [cloudflare] [Cloudflare] [d41d8cd98f00b204e9800998ecf8427e]
http://sp-dev.streamlabs.com:8080 [403] [GET] [text/plain] [] [cloudflare] [vhost] [cloudflare] [Cloudflare] [7b5ea53ba332630e5aca8e4abb807f70]
https://platform-cdn.streamlabs.com [403] [GET] [application/xml] [] [cloudflare] [vhost] [cloudflare] [Cloudflare] [566207e2b4dd630d5bba2b508222c15f]
https://platform-cdn.streamlabs.com [403] [GET] [application/xml] [] [cloudflare] [vhost] [cloudflare] [Cloudflare] [7dbeeb06894c6c70486178487bf6b358]
https://platform-io.streamlabs.com [404] [GET] [] [] [cloudflare] [vhost] [cloudflare] [Amazon ALB,Amazon Web Services,Cloudflare] [d41d8cd98f00b204e9800998ecf8427e]
https://platform.streamlabs.com [200] [GET] [text/html] [Streamlabs Platform] [cloudflare] [vhost] [cloudflare] [Cloudflare,Google Font API] [7ff63032df343c8ef78cf47eddb8ff97]
https://platform.streamlabs.com [200] [GET] [text/html] [Streamlabs Platform] [cloudflare] [vhost] [cloudflare] [Cloudflare,Google Font API] [ff84007c317906619a193d89629c9f3a]
https://points-api.streamlabs.com [404] [GET] [text/html] [] [nginx/1.12.2] [Nginx] [b8f2a7e41c8d9850ae07f5b7d098d2b2]
https://polly.streamlabs.com [200] [GET] [text/plain] [] [cloudflare] [vhost] [cloudflare] [Cloudflare] [741839f346d6e8126ae38ee76a96fd12]
http://sprite.streamlabs.com:8080 [301] [GET] [] [] [cloudflare] [cloudflare] [Cloudflare] [d41d8cd98f00b204e9800998ecf8427e]
http://sp-stage1.streamlabs.com:8080 [301] [GET] [] [] [cloudflare] [cloudflare] [Cloudflare] [d41d8cd98f00b204e9800998ecf8427e]
http://sp-stage2.streamlabs.com:8080 [301] [GET] [] [] [cloudflare] [cloudflare] [Cloudflare] [d41d8cd98f00b204e9800998ecf8427e]
http://sp.streamlabs.com:8080 [301] [GET] [] [] [cloudflare] [cloudflare] [Cloudflare] [d41d8cd98f00b204e9800998ecf8427e]
https://r2d2.streamlabs.com [200] [GET] [text/html] [] [cloudflare] [vhost] [cloudflare] [Cloudflare] [002a78bc3a968bbae5ef8229e4c99b76]
https://repo.streamlabs.com:8443 [403] [GET] [text/plain] [] [cloudflare] [vhost] [cloudflare] [Cloudflare] [4f20b85ce5ebf225720e040314a7966a]
https://restream-api.streamlabs.com [530] [GET] [text/html] [oops] [cloudflare] [vhost] [cloudflare] [Cloudflare] [884394ca2cfc3fe5a7e7e1daa19069ec]
https://restream-api.streamlabs.com [530] [GET] [text/html] [oops] [cloudflare] [vhost] [cloudflare] [Cloudflare] [c89c9fbb288f4fac8aba8b53666ab798]
https://restream-api.streamlabs.com:8443 [530] [GET] [text/html] [oops] [cloudflare] [vhost] [cloudflare] [Cloudflare] [f7f36f19dcd04b16aac876aaad898ad0]
https://slobs-cdn.streamlabs.com [403] [GET] [application/xml] [] [cloudflare] [vhost] [cloudflare] [Cloudflare] [8ce400e0c979a2e30e44527bc9cb87a1]
https://slobs-cdn.streamlabs.com [403] [GET] [application/xml] [] [cloudflare] [vhost] [cloudflare] [Cloudflare] [f6cfb6eea836e12d9526e06891a0bf95]
https://sockets.streamlabs.com [404] [GET] [] [] [nginx/1.18.0 (Ubuntu)] [Nginx,Ubuntu] [d41d8cd98f00b204e9800998ecf8427e]
https://sp-cdn.streamlabs.com [403] [GET] [application/xml] [] [cloudflare] [vhost] [cloudflare] [Cloudflare] [41218faac4dfdd94294c9b457f58112b]
https://sp-cdn.streamlabs.com [403] [GET] [application/xml] [] [cloudflare] [vhost] [cloudflare] [Cloudflare] [ecb9b390912735f304a69f3121c79e4b]
https://sp-dev.streamlabs.com [403] [GET] [text/plain] [] [cloudflare] [vhost] [cloudflare] [Cloudflare] [7b5ea53ba332630e5aca8e4abb807f70]
https://sp-dev.streamlabs.com:8443 [403] [GET] [text/plain] [] [cloudflare] [vhost] [cloudflare] [Cloudflare] [7b5ea53ba332630e5aca8e4abb807f70]
https://sprite.streamlabs.com [302] [GET] [text/html] [Redirecting to https://streamlabs.com] [cloudflare] [vhost] [cloudflare] [Cloudflare,Laravel,PHP] [43625933e9657d65acdb8218d17a4863]
https://sp-stage1.streamlabs.com [302] [GET] [text/html] [Redirecting to https://stage1.streamlabs.com/login?r=https%3A%2F%2Fstage1.streamlabs.com%2Fglobal%2Fidentity%3Fr%3Dhttps%3A%2F%2Fsp-stage1.streamlabs.com] [cloudflare] [vhost] [cloudflare] [Cloudflare] [b0641daafe4eff7f2b7db4201441f86b]
https://sp-stage2.streamlabs.com [400] [GET] [text/html] [] [cloudflare] [vhost] [cloudflare] [Cloudflare] [478d0a8868fd5cec3c781f788e9a3353]
https://sp.streamlabs.com [302] [GET] [text/html] [Redirecting to https://streamlabs.com/login?r=https%3A%2F%2Fstreamlabs.com%2Fglobal%2Fidentity%3Fr%3Dhttps%3A%2F%2Fsp.streamlabs.com] [cloudflare] [vhost] [cloudflare] [Cloudflare] [b7d9591bbd9b424e613340db46c84396]
https://stage1.streamlabs.com [403] [GET] [text/plain] [] [cloudflare] [vhost] [cloudflare] [Cloudflare] [7b5ea53ba332630e5aca8e4abb807f70]
https://stage1.streamlabs.com:8443 [403] [GET] [text/plain] [] [cloudflare] [vhost] [cloudflare] [Cloudflare] [7b5ea53ba332630e5aca8e4abb807f70]
https://stage3.streamlabs.com [403] [GET] [text/plain] [] [cloudflare] [vhost] [cloudflare] [Cloudflare] [7b5ea53ba332630e5aca8e4abb807f70]
https://stage3.streamlabs.com:8443 [403] [GET] [text/plain] [] [cloudflare] [vhost] [cloudflare] [Cloudflare] [7b5ea53ba332630e5aca8e4abb807f70]
https://stage4.streamlabs.com [403] [GET] [text/plain] [] [cloudflare] [vhost] [cloudflare] [Cloudflare] [7b5ea53ba332630e5aca8e4abb807f70]
https://stage4.streamlabs.com:8443 [403] [GET] [text/plain] [] [cloudflare] [vhost] [cloudflare] [Cloudflare] [7b5ea53ba332630e5aca8e4abb807f70]
https://stage5.streamlabs.com [403] [GET] [text/plain] [] [cloudflare] [vhost] [cloudflare] [Cloudflare] [7b5ea53ba332630e5aca8e4abb807f70]
https://stage5.streamlabs.com:8443 [403] [GET] [text/plain] [] [cloudflare] [vhost] [cloudflare] [Cloudflare] [7b5ea53ba332630e5aca8e4abb807f70]
https://stage-io.streamlabs.com [404] [GET] [] [] [cloudflare] [vhost] [cloudflare] [Cloudflare] [d41d8cd98f00b204e9800998ecf8427e]
https://stats.streamlabs.com [200] [GET] [application/json] [] [cloudflare] [vhost] [cloudflare] [Cloudflare] [1d70329eb08d6c7e40bfee04efc1b2fc]
https://stats.streamlabs.com [200] [GET] [application/json] [] [cloudflare] [vhost] [cloudflare] [Cloudflare] [8f3c1d4600f619f5b0daa2a28880abcc]
https://status.streamlabs.com [301] [GET] [] [] [cloudflare] [vhost] [cloudflare] [Cloudflare] [d41d8cd98f00b204e9800998ecf8427e]
https://status.streamlabs.com [403] [GET] [text/plain] [] [cloudflare] [vhost] [cloudflare] [Cloudflare] [4f20b85ce5ebf225720e040314a7966a]
https://status.streamlabs.com:8443 [301] [GET] [] [] [cloudflare] [vhost] [cloudflare] [Cloudflare] [d41d8cd98f00b204e9800998ecf8427e]
https://streamlabels.streamlabs.com [200] [GET] [application/json] [] [cloudflare] [vhost] [cloudflare] [Cloudflare,Express,Node.js] [33e14405604670574b69e68895216ed2]
https://streamlabs.com [200] [GET] [text/html] [Streamlabs: Free Live Streaming & Recording Software] [cloudflare] [vhost] [cloudflare] [Cloudflare,Google Font API] [baf63d1070c6f58be1788827692f6df8]
https://support.streamlabs.com [301] [GET] [text/html] [] [cloudflare] [vhost] [cloudflare] [Cloudflare,Cloudflare Network Error Logging,Envoy] [a3dc494af90311bc2ac036ba23c0a3d0]
http://stage1.streamlabs.com:8080 [403] [GET] [text/plain] [] [cloudflare] [vhost] [cloudflare] [Cloudflare] [7b5ea53ba332630e5aca8e4abb807f70]
http://stage3.streamlabs.com:8080 [403] [GET] [text/plain] [] [cloudflare] [vhost] [cloudflare] [Cloudflare] [7b5ea53ba332630e5aca8e4abb807f70]
http://stage4.streamlabs.com:8080 [403] [GET] [text/plain] [] [cloudflare] [vhost] [cloudflare] [Cloudflare] [7b5ea53ba332630e5aca8e4abb807f70]
http://stage5.streamlabs.com:8080 [403] [GET] [text/plain] [] [cloudflare] [vhost] [cloudflare] [Cloudflare] [7b5ea53ba332630e5aca8e4abb807f70]
http://stage-io.streamlabs.com:8080 [301] [GET] [] [] [cloudflare] [cloudflare] [Cloudflare] [d41d8cd98f00b204e9800998ecf8427e]
http://stats.streamlabs.com:8080 [301] [GET] [] [] [cloudflare] [cloudflare] [Cloudflare] [d41d8cd98f00b204e9800998ecf8427e]
http://status.streamlabs.com:8080 [301] [GET] [] [] [cloudflare] [cloudflare] [Cloudflare] [d41d8cd98f00b204e9800998ecf8427e]
http://streamlabels.streamlabs.com:8080 [301] [GET] [] [] [cloudflare] [cloudflare] [Cloudflare] [d41d8cd98f00b204e9800998ecf8427e]
http://streamlabs.com:2053 [400] [GET] [text/html] [400 The plain HTTP request was sent to HTTPS port] [cloudflare] [cloudflare] [Cloudflare] [cd58783500d7fa3c58f88eb0ba22f4f8]
http://streamlabs.com:2082 [301] [GET] [] [] [cloudflare] [cloudflare] [Cloudflare] [d41d8cd98f00b204e9800998ecf8427e]
http://streamlabs.com:2083 [400] [GET] [text/html] [400 The plain HTTP request was sent to HTTPS port] [cloudflare] [cloudflare] [Cloudflare] [cd58783500d7fa3c58f88eb0ba22f4f8]
http://streamlabs.com:2086 [301] [GET] [] [] [cloudflare] [cloudflare] [Cloudflare] [d41d8cd98f00b204e9800998ecf8427e]
http://streamlabs.com:2087 [400] [GET] [text/html] [400 The plain HTTP request was sent to HTTPS port] [cloudflare] [cloudflare] [Cloudflare] [20ad84d030031252141ca0b3fc0183f0]
http://streamlabs.com:2096 [400] [GET] [text/html] [400 The plain HTTP request was sent to HTTPS port] [cloudflare] [cloudflare] [Cloudflare] [cd58783500d7fa3c58f88eb0ba22f4f8]
http://streamlabs.com:8080 [301] [GET] [] [] [cloudflare] [cloudflare] [Cloudflare] [d41d8cd98f00b204e9800998ecf8427e]
http://streamlabs.com:8443 [400] [GET] [text/html] [400 The plain HTTP request was sent to HTTPS port] [cloudflare] [cloudflare] [Cloudflare] [20ad84d030031252141ca0b3fc0183f0]
http://streamlabs.com:8880 [301] [GET] [] [] [cloudflare] [cloudflare] [Cloudflare] [d41d8cd98f00b204e9800998ecf8427e]
https://twitch.streamlabs.com [302] [GET] [text/html] [Redirecting to https://streamlabs.com/] [cloudflare] [vhost] [cloudflare] [Cloudflare] [d63e7cccb198a99e60bdf3147dfbb21e]
http://support.streamlabs.com:8443 [400] [GET] [text/html] [400 The plain HTTP request was sent to HTTPS port] [cloudflare] [cloudflare] [Cloudflare] [cd58783500d7fa3c58f88eb0ba22f4f8]
https://www.streamlabs.com [301] [GET] [] [] [cloudflare] [vhost] [cloudflare] [Cloudflare] [d41d8cd98f00b204e9800998ecf8427e]
https://www.streamlabs.com:8443 [301] [GET] [] [] [cloudflare] [vhost] [cloudflare] [Cloudflare] [d41d8cd98f00b204e9800998ecf8427e]
https://xt.streamlabs.com [200] [GET] [text/html] [Streamlabs: Free Live Streaming & Recording Software] [cloudflare] [vhost] [cloudflare] [Cloudflare,Google Font API] [baf63d1070c6f58be1788827692f6df8]
https://youtube.streamlabs.com [302] [GET] [text/html] [Redirecting to https://streamlabs.com/] [cloudflare] [vhost] [cloudflare] [Cloudflare] [d63e7cccb198a99e60bdf3147dfbb21e]
http://twitch.streamlabs.com:8080 [301] [GET] [] [] [cloudflare] [cloudflare] [Cloudflare] [d41d8cd98f00b204e9800998ecf8427e]
http://www.streamlabs.com:8080 [301] [GET] [] [] [cloudflare] [cloudflare] [Cloudflare] [d41d8cd98f00b204e9800998ecf8427e]
http://xt.streamlabs.com:8080 [301] [GET] [] [] [cloudflare] [cloudflare] [Cloudflare] [d41d8cd98f00b204e9800998ecf8427e]
http://youtube.streamlabs.com:8080 [301] [GET] [] [] [cloudflare] [cloudflare] [Cloudflare] [d41d8cd98f00b204e9800998ecf8427e]
