http://admin.sturdy.finance:2082 [301] [GET] [text/html] [] [cloudflare] [vhost] [cloudflare] [Cloudflare] [be7cb2a37fc83784bc3528f020b99595]
http://admin.sturdy.finance:2086 [301] [GET] [text/html] [] [cloudflare] [vhost] [cloudflare] [Cloudflare] [6fe00e1259b47c6d33c262c357170240]
http://app.sturdy.finance:2082 [301] [GET] [text/html] [] [cloudflare] [vhost] [cloudflare] [Cloudflare] [c264dd7cd062aecc870c7c0b98a13795]
http://app.sturdy.finance:2086 [301] [GET] [text/html] [] [cloudflare] [vhost] [cloudflare] [Cloudflare] [13aedcc92c4ed13b5dea54f7de1c7701]
http://autodiscover.sturdy.finance:2083 [400] [GET] [text/html] [400 The plain HTTP request was sent to HTTPS port] [cloudflare] [cloudflare] [Cloudflare] [20ad84d030031252141ca0b3fc0183f0]
http://autodiscover.sturdy.finance:2087 [400] [GET] [text/html] [400 The plain HTTP request was sent to HTTPS port] [cloudflare] [cloudflare] [Cloudflare] [cd58783500d7fa3c58f88eb0ba22f4f8]
http://docs.sturdy.finance:2082 [302] [GET] [] [] [cloudflare] [vhost] [cloudflare] [Cloudflare] [d41d8cd98f00b204e9800998ecf8427e]
http://docs.sturdy.finance:2083 [400] [GET] [text/html] [400 The plain HTTP request was sent to HTTPS port] [cloudflare] [cloudflare] [Cloudflare] [cd58783500d7fa3c58f88eb0ba22f4f8]
http://docs.sturdy.finance:2086 [302] [GET] [] [] [cloudflare] [vhost] [cloudflare] [Cloudflare] [d41d8cd98f00b204e9800998ecf8427e]
http://docs.sturdy.finance:2087 [400] [GET] [text/html] [400 The plain HTTP request was sent to HTTPS port] [cloudflare] [cloudflare] [Cloudflare] [cd58783500d7fa3c58f88eb0ba22f4f8]
http://docs.sturdy.finance:2096 [400] [GET] [text/html] [400 The plain HTTP request was sent to HTTPS port] [cloudflare] [cloudflare] [Cloudflare] [20ad84d030031252141ca0b3fc0183f0]
http://docs.sturdy.finance:8080 [302] [GET] [] [] [cloudflare] [vhost] [cloudflare] [Cloudflare] [d41d8cd98f00b204e9800998ecf8427e]
http://docs.sturdy.finance:8880 [302] [GET] [] [] [cloudflare] [vhost] [cloudflare] [Cloudflare] [d41d8cd98f00b204e9800998ecf8427e]
http://lyncdiscover.sturdy.finance:2083 [400] [GET] [text/html] [400 The plain HTTP request was sent to HTTPS port] [cloudflare] [cloudflare] [Cloudflare] [20ad84d030031252141ca0b3fc0183f0]
http://lyncdiscover.sturdy.finance:2087 [400] [GET] [text/html] [400 The plain HTTP request was sent to HTTPS port] [cloudflare] [cloudflare] [Cloudflare] [20ad84d030031252141ca0b3fc0183f0]
http://lyncdiscover.sturdy.finance:2096 [400] [GET] [text/html] [400 The plain HTTP request was sent to HTTPS port] [cloudflare] [cloudflare] [Cloudflare] [cd58783500d7fa3c58f88eb0ba22f4f8]
http://mail.sturdy.finance:2082 [301] [GET] [text/html] [] [cloudflare] [vhost] [cloudflare] [Cloudflare] [be7cb2a37fc83784bc3528f020b99595]
http://mail.sturdy.finance:2086 [301] [GET] [text/html] [] [cloudflare] [vhost] [cloudflare] [Cloudflare] [6fe00e1259b47c6d33c262c357170240]
https://admin.sturdy.finance [200] [GET] [text/html] [Sturdy] [cloudflare] [vhost] [cloudflare] [Bootstrap:4.6.1,Cloudflare,Google Font API] [b2e4038489f2833f0ab6fe7e8e9b592e]
https://admin.sturdy.finance:2083 [200] [GET] [text/html] [cPanel Login] [cloudflare] [vhost] [cloudflare] [Cloudflare,cPanel] [8d29842fb218b7b1a1839cbff1094514]
https://admin.sturdy.finance:2087 [200] [GET] [text/html] [WHM Login] [cloudflare] [vhost] [cloudflare] [Cloudflare] [731ff36d981541e142b328326e1bd467]
https://admin.sturdy.finance:2096 [200] [GET] [text/html] [Webmail Login] [cloudflare] [vhost] [cloudflare] [Cloudflare] [9a4aff7bd997e9d030d86b661f6852d2]
https://app.sturdy.finance [200] [GET] [text/html] [Sturdy - The first positive-sum DeFi lending protocol.] [cloudflare] [vhost] [cloudflare] [Cloudflare] [e32f5c832d79bdf21ef7dae28c62e426]
https://app.sturdy.finance:2083 [200] [GET] [text/html] [cPanel Login] [cloudflare] [vhost] [cloudflare] [Cloudflare,cPanel] [789ed43d39995fb06a1177ed63ca5a94]
https://app.sturdy.finance:2087 [200] [GET] [text/html] [WHM Login] [cloudflare] [vhost] [cloudflare] [Cloudflare] [15e15b832dc6e554bd9d4437af8b5bc9]
https://app.sturdy.finance:2096 [200] [GET] [text/html] [Webmail Login] [cloudflare] [vhost] [cloudflare] [Cloudflare] [64515037edf461ed5176da9621a5fc3d]
https://autodiscover.sturdy.finance [521] [GET] [] [] [cloudflare] [vhost] [cloudflare] [Cloudflare] [d41d8cd98f00b204e9800998ecf8427e]
https://docs.sturdy.finance [302] [GET] [text/plain] [] [cloudflare] [vhost] [cloudflare] [Algolia,Cloudflare,Google Cloud,Google Cloud Trace] [5cad09cf0375dffc0c3ed9e4c635900f]
https://docs.sturdy.finance [403] [GET] [text/plain] [] [cloudflare] [vhost] [cloudflare] [Cloudflare] [4f20b85ce5ebf225720e040314a7966a]
http://sip.sturdy.finance:2083 [400] [GET] [text/html] [400 The plain HTTP request was sent to HTTPS port] [cloudflare] [cloudflare] [Cloudflare] [20ad84d030031252141ca0b3fc0183f0]
http://sip.sturdy.finance:2087 [400] [GET] [text/html] [400 The plain HTTP request was sent to HTTPS port] [cloudflare] [cloudflare] [Cloudflare] [20ad84d030031252141ca0b3fc0183f0]
http://sip.sturdy.finance:2096 [400] [GET] [text/html] [400 The plain HTTP request was sent to HTTPS port] [cloudflare] [cloudflare] [Cloudflare] [cd58783500d7fa3c58f88eb0ba22f4f8]
https://lyncdiscover.sturdy.finance [404] [GET] [application/json] [] [cloudflare] [vhost] [cloudflare] [Azure,Cloudflare] [373397b4ebf514ea3578818e90f5f9b6]
https://mail.sturdy.finance [200] [GET] [text/html] [Sturdy] [cloudflare] [vhost] [cloudflare] [Bootstrap:4.6.1,Cloudflare,Google Font API] [b2e4038489f2833f0ab6fe7e8e9b592e]
https://mail.sturdy.finance:2083 [200] [GET] [text/html] [cPanel Login] [cloudflare] [vhost] [cloudflare] [Cloudflare,cPanel] [fca149b0338af2ea1ca14979f848718e]
https://mail.sturdy.finance:2087 [200] [GET] [text/html] [WHM Login] [cloudflare] [vhost] [cloudflare] [Cloudflare] [9ba0cede248f556d634d0b2471f79d14]
https://mail.sturdy.finance:2096 [200] [GET] [text/html] [Webmail Login] [cloudflare] [vhost] [cloudflare] [Cloudflare] [dd8f157d0b3efbbafbe6df36dbeb6697]
https://sip.sturdy.finance [404] [GET] [text/plain] [] [cloudflare] [vhost] [cloudflare] [Cloudflare] [5c3b5b46be2b7025c58479ec08ad57a4]
https://sip.sturdy.finance [404] [GET] [text/plain] [] [cloudflare] [vhost] [cloudflare] [Cloudflare] [ae47c42146393b69b7db0af6622dd329]
https://staging.sturdy.finance:2083 [200] [GET] [text/html] [cPanel Login] [cloudflare] [vhost] [cloudflare] [Cloudflare,cPanel] [d15e41852fbba67a37316c39538b6d06]
https://staging.sturdy.finance:2087 [200] [GET] [text/html] [WHM Login] [cloudflare] [vhost] [cloudflare] [Cloudflare] [e2eafd19ade4fc6f576471613e62ebfb]
https://staging.sturdy.finance [403] [GET] [text/html] [403 Forbidden] [cloudflare] [vhost] [cloudflare] [Cloudflare] [fa172c77abd7b03605d83cd1ae373657]
https://sturdy.finance [200] [GET] [text/html] [Sturdy] [cloudflare] [vhost] [cloudflare] [Bootstrap:4.6.1,Cloudflare,Google Font API,Sucuri] [b2e4038489f2833f0ab6fe7e8e9b592e]
http://staging.sturdy.finance:2086 [301] [GET] [text/html] [] [cloudflare] [vhost] [cloudflare] [Cloudflare] [6546380b539d3538b868776a57db1276]
http://staging.sturdy.finance:2095 [301] [GET] [text/html] [] [cloudflare] [vhost] [cloudflare] [Cloudflare] [4adee51b82f563497061dc5b537ab43b]
http://sturdy.finance:2083 [400] [GET] [text/html] [400 The plain HTTP request was sent to HTTPS port] [cloudflare] [cloudflare] [Cloudflare] [cd58783500d7fa3c58f88eb0ba22f4f8]
http://sturdy.finance:2087 [400] [GET] [text/html] [400 The plain HTTP request was sent to HTTPS port] [cloudflare] [cloudflare] [Cloudflare] [20ad84d030031252141ca0b3fc0183f0]
http://sturdy.finance:2096 [400] [GET] [text/html] [400 The plain HTTP request was sent to HTTPS port] [cloudflare] [cloudflare] [Cloudflare] [cd58783500d7fa3c58f88eb0ba22f4f8]
https://www.sturdy.finance [200] [GET] [text/html] [Sturdy] [cloudflare] [vhost] [cloudflare] [Bootstrap:4.6.1,Cloudflare,Google Font API,Sucuri] [b2e4038489f2833f0ab6fe7e8e9b592e]
https://www.sturdy.finance [403] [GET] [text/html] [GoDaddy Security - Access Denied] [cloudflare] [vhost] [cloudflare] [Cloudflare,Sucuri] [e272b8c4e1669a8f269f110edc5c485a]
http://www.sturdy.finance:2083 [400] [GET] [text/html] [400 The plain HTTP request was sent to HTTPS port] [cloudflare] [cloudflare] [Cloudflare] [cd58783500d7fa3c58f88eb0ba22f4f8]
http://www.sturdy.finance:2087 [400] [GET] [text/html] [400 The plain HTTP request was sent to HTTPS port] [cloudflare] [cloudflare] [Cloudflare] [20ad84d030031252141ca0b3fc0183f0]
