http://beta.ads.superawesome.tv [301] [GET] [] [] [AmazonS3] [vhost] [Amazon S3,Amazon Web Services] [d41d8cd98f00b204e9800998ecf8427e]
http://calendar.superawesome.tv [404] [GET] [text/html] [Error 404 (Not Found)!!1] [ghs] [b81150861bf911f947660cf73bce77f6]
http://developer.superawesome.tv [301] [GET] [] [] [AmazonS3] [vhost] [Amazon S3,Amazon Web Services] [d41d8cd98f00b204e9800998ecf8427e]
http://devportal.kws.staging.superawesome.tv [403] [GET] [text/html] [ERROR: The request could not be satisfied] [CloudFront] [cloudfront] [Amazon Cloudfront,Amazon Web Services] [f9011492bbb22f435acd3a8385b04d9c]
http://mail.superawesome.tv [404] [GET] [text/html] [Error 404 (Not Found)!!1] [ghs] [b81150861bf911f947660cf73bce77f6]
http://mlp.staging.superawesome.tv [301] [GET] [] [] [AmazonS3] [vhost] [Amazon S3,Amazon Web Services] [d41d8cd98f00b204e9800998ecf8427e]
https://accounts.kws.staging.superawesome.tv [404] [GET] [text/plain] [] [] [595e88012a6521aae3e12cbebe76eb9e]
https://accounts.kws.superawesome.tv [404] [GET] [text/plain] [] [] [595e88012a6521aae3e12cbebe76eb9e]
https://ads.superawesome.tv [200] [GET] [text/plain] [] [] [vhost] [Express,Node.js] [e0aa021e21dddbd6d8cecec71e9cf564]
https://api.kws.staging.superawesome.tv [404] [GET] [text/plain] [] [] [595e88012a6521aae3e12cbebe76eb9e]
https://api.staging.superawesome.tv [404] [GET] [application/json] [] [] [vhost] [Express,Node.js] [093206c775ab5f7ce396f1b67fcae5bb]
https://api.superawesome.tv [404] [GET] [application/json] [] [] [vhost] [Express,Node.js] [093206c775ab5f7ce396f1b67fcae5bb]
https://api2.superawesome.tv [404] [GET] [text/plain] [] [awselb/2.0] [d41d8cd98f00b204e9800998ecf8427e]
https://apm.superawesome.tv [404] [GET] [text/plain] [] [awselb/2.0] [d41d8cd98f00b204e9800998ecf8427e]
https://auth.staging.superawesome.tv [403] [GET] [text/html] [Sign In] [] [vhost] [47feeaac85992e8f15ed54dda0e98473]
https://auth.superawesome.tv [403] [GET] [text/html] [Sign In] [] [vhost] [47feeaac85992e8f15ed54dda0e98473]
https://auth.superawesome.tv:8200 [404] [GET] [text/plain] [] [awselb/2.0] [d41d8cd98f00b204e9800998ecf8427e]
https://blog.superawesome.tv [302] [GET] [text/html] [302 Found] [nginx] [vhost] [Nginx] [cfbeaf604823f038b8b46f0ac862b98c]
https://broker.cloud.staging.superawesome.tv [401] [GET] [text/plain] [] [] [vhost] [Basic] [f73716aeea5e67820bfd7cf2ba50416b]
https://broker.cloud.superawesome.tv [401] [GET] [text/plain] [] [] [vhost] [Basic] [f73716aeea5e67820bfd7cf2ba50416b]
https://confluence.superawesome.tv [404] [GET] [text/plain] [] [] [595e88012a6521aae3e12cbebe76eb9e]
https://control-panel-api.demo.superawesome.tv [404] [GET] [text/html] [Error] [] [vhost] [da7da7d630292e7a2a7dda8ca87b3d39]
https://cpanel.staging.superawesome.tv [200] [GET] [text/html] [KWS Control Panel] [nginx/1.13.12] [vhost] [Google Font API,Nginx] [d4a9842a6f11ff8c0ec93170781b375e]
https://cpanelapi.staging.superawesome.tv [404] [GET] [text/html] [Error] [] [vhost] [da7da7d630292e7a2a7dda8ca87b3d39]
https://cpapi.kws.staging.superawesome.tv [404] [GET] [text/plain] [] [] [595e88012a6521aae3e12cbebe76eb9e]
https://dashboard.staging.superawesome.tv [200] [GET] [text/html] [AwesomeAds] [nginx] [vhost] [Nginx] [f86ed313d4204fff44711fe4cee39a12]
https://dashboard.superawesome.tv [200] [GET] [text/html] [AwesomeAds] [nginx] [vhost] [Nginx] [f86ed313d4204fff44711fe4cee39a12]
https://developers.superawesome.tv [302] [GET] [text/html] [302 Found] [nginx] [vhost] [Nginx] [cfbeaf604823f038b8b46f0ac862b98c]
https://doc.superawesome.tv [200] [GET] [text/html] [Page Redirection] [AmazonS3] [vhost] [cloudfront] [Amazon Cloudfront,Amazon S3,Amazon Web Services] [edb923770bd9ddd8755e0ae91e35d7a8]
https://eu-west-1-ads.superawesome.tv [200] [GET] [text/plain] [] [] [vhost] [Express,Node.js] [e0aa021e21dddbd6d8cecec71e9cf564]
https://eu-west-1-prog-filter.superawesome.tv [200] [GET] [application/json] [] [] [vhost] [e86a8728f5c70004429fee498deadfc9]
https://events-v2.studio.superawesome.tv [404] [GET] [text/html] [Error] [] [vhost] [da7da7d630292e7a2a7dda8ca87b3d39]
https://hackday.superawesome.tv [404] [GET] [text/plain] [] [] [595e88012a6521aae3e12cbebe76eb9e]
https://hello-world.superawesome.tv [404] [GET] [text/plain] [] [] [595e88012a6521aae3e12cbebe76eb9e]
https://hub.superawesome.tv [404] [GET] [text/plain] [] [] [595e88012a6521aae3e12cbebe76eb9e]
https://jira.superawesome.tv [404] [GET] [text/plain] [] [] [595e88012a6521aae3e12cbebe76eb9e]
https://ksf.staging.superawesome.tv [404] [GET] [text/plain] [] [] [595e88012a6521aae3e12cbebe76eb9e]
https://ksiq.superawesome.tv [302] [GET] [text/html] [] [] [vhost] [1c1232951b2ca59154535dab38956860]
https://ksiq.superawesome.tv [302] [GET] [text/html] [] [] [vhost] [62d97ec9330c746cbd45a988cb9b9073]
https://kws-cluster-pj-staging.worker.kws.superawesome.tv [404] [GET] [text/html] [Error] [] [vhost] [Express,Node.js] [da7da7d630292e7a2a7dda8ca87b3d39]
https://kws.demo.superawesome.tv [200] [GET] [text/html] [KWS Control Panel] [nginx/1.13.12] [vhost] [Google Font API,Nginx] [f4968406edfb85a98a03a053678ffe84]
https://kws.superawesome.tv [302] [GET] [text/html] [302 Found] [nginx/1.21.6] [vhost] [Nginx] [dca33d79e50624118086e38d6f06474d]
https://kwsapi.demo.superawesome.tv [404] [GET] [text/html] [Error] [] [vhost] [da7da7d630292e7a2a7dda8ca87b3d39]
https://kwsapi.staging.superawesome.tv [404] [GET] [text/html] [Error] [] [vhost] [da7da7d630292e7a2a7dda8ca87b3d39]
https://metabase.superawesome.tv [302] [GET] [text/html] [] [] [vhost] [329051195fd1a7fd7034aca7a86c344e]
https://metabase.superawesome.tv [302] [GET] [text/html] [] [] [vhost] [8e84b17b4a55a394b740bbb7e7def623]
https://parents.demo.superawesome.tv [200] [GET] [text/html] [] [nginx] [vhost] [AngularJS,Bootstrap,Nginx] [541066cce1cbf1b33dac8e5f8f6868df]
https://parents.kws.superawesome.tv [404] [GET] [text/plain] [] [] [595e88012a6521aae3e12cbebe76eb9e]
https://parents.staging.superawesome.tv [200] [GET] [text/html] [] [nginx] [vhost] [AngularJS,Bootstrap,Nginx] [be1feb9909e25e33b1c097aad7ffce01]
https://parentsapi.demo.superawesome.tv [404] [GET] [text/html] [Error] [] [vhost] [da7da7d630292e7a2a7dda8ca87b3d39]
https://parentsapi.kws.superawesome.tv [404] [GET] [text/plain] [] [] [595e88012a6521aae3e12cbebe76eb9e]
https://parentsapi.staging.superawesome.tv [404] [GET] [text/html] [Error] [] [vhost] [da7da7d630292e7a2a7dda8ca87b3d39]
https://parentsapp.kws.superawesome.tv [404] [GET] [text/plain] [] [] [595e88012a6521aae3e12cbebe76eb9e]
https://parentsapp.staging.superawesome.tv [200] [GET] [text/html] [KWS Parent Portal] [nginx] [vhost] [Google Font API,Nginx] [f5bc266ca1ed802e026c7e8968393cbd]
https://preview-v2.staging.superawesome.tv [200] [GET] [text/html] [SuperAwesome Creative Preview] [nginx/1.13.12] [vhost] [Nginx] [9f37f09cb18543486c94a87e8c4ac9f4]
https://preview-v2.superawesome.tv [200] [GET] [text/html] [SuperAwesome Creative Preview] [nginx/1.13.12] [vhost] [Nginx] [79ca29d1aeceb95fb6b73c5ffaa2fded]
https://preview.superawesome.tv [404] [GET] [text/html] [Error] [] [vhost] [Express,Node.js] [da7da7d630292e7a2a7dda8ca87b3d39]
https://prog-filter.superawesome.tv [200] [GET] [application/json] [] [] [vhost] [e86a8728f5c70004429fee498deadfc9]
https://prog-renderer.superawesome.tv [404] [GET] [text/plain] [] [] [595e88012a6521aae3e12cbebe76eb9e]
https://sa-mobile-sdk-advertiser-android.superawesome.tv [200] [GET] [text/html] [AwesomeAds Android SDK] [GitHub.com] [vhost] [GitHub Pages,Hugo,Ruby on Rails] [bf32c1af27bde3e47a2913cb49df9f7f]
https://sa-mobile-sdk-advertiser-ios.superawesome.tv [200] [GET] [text/html] [AwesomeAds Advertiser iOS SDK] [GitHub.com] [vhost] [GitHub Pages,Hugo,Ruby on Rails] [5015fd0cf7facc789de10081725c4810]
https://sa-mobile-sdk-android.superawesome.tv [200] [GET] [text/html] [AwesomeAds Android SDK] [GitHub.com] [vhost] [GitHub Pages,Hugo,Ruby on Rails] [932aa1f48aecda34519f2359da347615]
https://sa-mobile-sdk-ios.superawesome.tv [200] [GET] [text/html] [AwesomeAds iOS SDK] [GitHub.com] [vhost] [GitHub Pages,Hugo,Ruby on Rails] [89298fc97383fdc96650d21e0ea24770]
https://sa-unity-sdk.superawesome.tv [200] [GET] [text/html] [AwesomeAds Android SDK] [GitHub.com] [vhost] [GitHub Pages,Hugo,Ruby on Rails] [41282a44795bab36abd63e48d09638bd]
https://sift-callbacks.superawesome.tv [404] [GET] [application/json] [] [] [vhost] [Express,Node.js] [093206c775ab5f7ce396f1b67fcae5bb]
https://sso.kws.superawesome.tv [404] [GET] [text/plain] [] [] [595e88012a6521aae3e12cbebe76eb9e]
https://sso.staging.superawesome.tv [404] [GET] [text/plain] [] [awselb/2.0] [d41d8cd98f00b204e9800998ecf8427e]
https://staging.superawesome.tv [403] [GET] [text/html] [403 Forbidden] [AmazonS3] [vhost] [cloudfront] [Amazon Cloudfront,Amazon S3,Amazon Web Services] [74217f158290a52e77f538dc6ab2cc69]
https://staging.superawesome.tv [403] [GET] [text/html] [403 Forbidden] [AmazonS3] [vhost] [cloudfront] [Amazon Cloudfront,Amazon S3,Amazon Web Services] [d2c82ecc2418cd9414132ec0c82a8292]
https://studio.superawesome.tv [200] [GET] [text/html] [AA - Studio] [nginx/1.13.12] [vhost] [Nginx] [b15ac5f541184eb2143f831969536550]
https://superawesome.tv [301] [GET] [text/html] [301 Moved Permanently] [nginx] [vhost] [Nginx] [cd2e0e43980a00fb6a2742d3afd803b8]
https://support.superawesome.tv [404] [GET] [text/plain] [] [] [595e88012a6521aae3e12cbebe76eb9e]
https://us-east-1-ads.superawesome.tv [200] [GET] [text/plain] [] [] [vhost] [Express,Node.js] [e0aa021e21dddbd6d8cecec71e9cf564]
https://us-east-1.prog-filter.superawesome.tv [404] [GET] [text/plain] [] [] [595e88012a6521aae3e12cbebe76eb9e]
https://vault.superawesome.tv [404] [GET] [text/plain] [] [awselb/2.0] [d41d8cd98f00b204e9800998ecf8427e]
https://vault.superawesome.tv:8200 [307] [GET] [text/html] [] [] [vhost] [094a8b5d70638df99c2a44d566fa08b6]
https://words.superawesome.tv [404] [GET] [text/plain] [] [awselb/2.0] [d41d8cd98f00b204e9800998ecf8427e]
https://words.superawesome.tv:8200 [404] [GET] [text/plain] [] [awselb/2.0] [d41d8cd98f00b204e9800998ecf8427e]
https://worker.kws.superawesome.tv [404] [GET] [text/plain] [] [] [595e88012a6521aae3e12cbebe76eb9e]
https://www.superawesome.tv [301] [GET] [text/html] [301 Moved Permanently] [nginx] [vhost] [Nginx] [cd2e0e43980a00fb6a2742d3afd803b8]
