https://api.login.techcrunch.com [404] [GET] [text/html] [Error 404 Not Found] [ATS] [vhost] [Apache Traffic Server] [2aa038a12be9906209b9750494ef3ea2]
https://api.login.techcrunch.com [404] [GET] [text/html] [Error 404 Not Found] [ATS] [vhost] [Apache Traffic Server] [932be627ce8266c18f19e3e1a13d3b7c]
https://apply.techcrunch.com [301] [GET] [text/html] [Document Has Moved] [ATS] [vhost] [Apache Traffic Server] [de7a80861dd961c3ebc3ad8f321b160f]
https://beta.techcrunch.com [301] [GET] [text/html] [Document Has Moved] [ATS] [vhost] [Apache Traffic Server] [8e9b33454285ae16f6a788e6b4e2933f]
https://develop.techcrunch.com [302] [GET] [text/html] [TechCrunch] [ATS] [vhost] [Apache Traffic Server] [82b922efd4f9756a2d4225455015b67c]
https://develop.techcrunch.com [302] [GET] [text/html] [TechCrunch] [ATS] [vhost] [Apache Traffic Server] [c94dffa54468eda5a49aba362a1a0d7c]
https://eu.techcrunch.com [301] [GET] [text/html] [Document Has Moved] [ATS] [vhost] [Apache Traffic Server] [8e9b33454285ae16f6a788e6b4e2933f]
https://fr.techcrunch.com [301] [GET] [text/html] [Document Has Moved] [ATS] [vhost] [Apache Traffic Server] [8e9b33454285ae16f6a788e6b4e2933f]
https://future.techcrunch.com [200] [GET] [text/html] [TechCrunch (future) – Startup and Technology News] [nginx] [vhost] [MySQL,Nginx,PHP,WordPress,WordPress VIP] [aaa1434b13cdb3625b5ea289ed1eccd9]
https://guce.login.techcrunch.com [404] [GET] [text/html] [techcrunch] [guce] [6fef4ea73a90aa4100ea030083148a16]
https://guce.login.techcrunch.com:4443 [404] [GET] [application/json] [] [guce] [b528230b3d55854845b988305f7f3b9f]
https://guce.techcrunch.com [404] [GET] [text/html] [techcrunch] [guce] [d8f2ed528f3934828faf0720d5a3bbbc]
https://guce.techcrunch.com:4443 [404] [GET] [application/json] [] [guce] [b528230b3d55854845b988305f7f3b9f]
https://horizon.techcrunch.com [404] [GET] [text/html] [] [Sailthru] [d41d8cd98f00b204e9800998ecf8427e]
https://info.techcrunch.com [302] [GET] [text/html] [] [cloudflare] [vhost] [cloudflare] [Cloudflare,Cloudflare Bot Management] [1626239f1c077be053b585baadd4a0f8]
https://jp-preprod.techcrunch.com [200] [GET] [text/html] [TechCrunch Japan - 最新のテクノロジーとスタートアップ・Webに関するニュースを配信するブログメディア] [ATS] [vhost] [Apache Traffic Server,MySQL,PHP,WordPress,WordPress VIP] [1caab757874261906aa7070bb9d77295]
https://jp-preprod.techcrunch.com [200] [GET] [text/html] [TechCrunch Japan - 最新のテクノロジーとスタートアップ・Webに関するニュースを配信するブログメディア] [ATS] [vhost] [Apache Traffic Server,MySQL,PHP,WordPress,WordPress VIP] [aff625ee2aeafff3e50ebc7c1798fb5f]
https://jp.techcrunch.com [301] [GET] [text/html] [Document Has Moved] [ATS] [vhost] [Apache Traffic Server] [8e9b33454285ae16f6a788e6b4e2933f]
https://link.techcrunch.com [302] [GET] [text/html] [] [Sailthru] [d41d8cd98f00b204e9800998ecf8427e]
https://login.techcrunch.com [200] [GET] [text/html] [TechCrunch] [ATS] [vhost] [Apache Traffic Server] [09959fdb34321277547de259540b8ade]
https://login.techcrunch.com [200] [GET] [text/html] [TechCrunch] [ATS] [vhost] [Apache Traffic Server] [2ced76da5759fe3ea260eeed2516dd3d]
https://madison.techcrunch.com [301] [GET] [text/html] [Document Has Moved] [ATS] [vhost] [Apache Traffic Server] [8e9b33454285ae16f6a788e6b4e2933f]
https://mailing.techcrunch.com [200] [GET] [text/html] [] [cloudflare] [vhost] [cloudflare] [Cloudflare,Cloudflare Bot Management] [8bc4374c7fe9ae7a1abb6518f3bf9af1]
https://m.jp.techcrunch.com [404] [GET] [text/html] [404 Not Found] [ATS] [vhost] [Apache Traffic Server] [370e16c3b7dba286cff055f93b9a94d8]
https://m.jp.techcrunch.com [404] [GET] [text/html] [404 Not Found] [ATS] [vhost] [Apache Traffic Server] [8eec510e57f5f732fd2cce73df7b73ef]
https://m.techcrunch.com [301] [GET] [text/html] [Document Has Moved] [ATS] [vhost] [Apache Traffic Server] [8e9b33454285ae16f6a788e6b4e2933f]
https://networking.techcrunch.com [301] [GET] [text/html] [301 Moved Permanently] [] [vhost] [4f8e702cc244ec5d4de32740c0ecbd97]
https://oidc.techcrunch.com [404] [GET] [application/json] [] [ATS] [Apache Traffic Server] [2e0f364cef7e93e58404283a5cde7fde]
https://on.techcrunch.com [301] [GET] [text/html] [Document Has Moved] [ATS] [vhost] [Apache Traffic Server] [8e9b33454285ae16f6a788e6b4e2933f]
https://pixel.techcrunch.com [404] [GET] [text/html] [Aol] [ATS] [Apache Traffic Server] [8789ee95327b3d4af9748eba40fe70ba]
https://pixel.techcrunch.com [404] [GET] [text/html] [Aol] [ATS] [Apache Traffic Server] [cea47d8bcc7f50c133090a6cf6ff8557]
https://podcast.techcrunch.com [404] [GET] [text/html] [Yahoo] [ATS] [Apache Traffic Server] [17d3ca57fbe5cb1bcd84615d7a0e5856]
https://podcast.techcrunch.com [404] [GET] [text/html] [Yahoo] [ATS] [Apache Traffic Server] [d269a5b63e7841b0846796d04e76f0b6]
https://preprod.techcrunch.com [302] [GET] [text/html] [TechCrunch] [ATS] [vhost] [Apache Traffic Server] [ebb04052937b3c2339d1f28fffd16a3d]
https://preprod.techcrunch.com [302] [GET] [text/html] [TechCrunch] [ATS] [vhost] [Apache Traffic Server] [f767ea241c37496ff6f5d5d1a207a4c6]
https://ryot.techcrunch.com [404] [GET] [text/html] [Page Not Found] [] [vhost] [fastly] [Amazon Web Services] [cb4493671b983675b3dd60bab5310e0f]
https://search.techcrunch.com [404] [GET] [text/html] [] [ATS] [vhost] [Apache Traffic Server] [980373ab828ee2714e84636f177c3a08]
https://social.techcrunch.com [302] [GET] [] [] [Cowboy] [vhost] [Cowboy,Heroku] [d41d8cd98f00b204e9800998ecf8427e]
https://stage.api.login.techcrunch.com [404] [GET] [text/html] [Error 404 Not Found] [ATS] [vhost] [Apache Traffic Server] [4ff395fdd5eecd51185909b6bbc7df5a]
https://stage.api.login.techcrunch.com [404] [GET] [text/html] [Error 404 Not Found] [ATS] [vhost] [Apache Traffic Server] [87269ddc4b0f2068399390c19846f2e9]
https://stage.guce.login.techcrunch.com [404] [GET] [text/html] [techcrunch] [guce] [33ced6ee7486afea12df1009e2684807]
https://stage.guce.login.techcrunch.com:4443 [404] [GET] [application/json] [] [guce] [b528230b3d55854845b988305f7f3b9f]
https://stage.guce.techcrunch.com [404] [GET] [text/html] [techcrunch] [guce] [c29dda5492757934dc7e0a96ce9522ca]
https://stage.guce.techcrunch.com:4443 [404] [GET] [application/json] [] [guce] [b528230b3d55854845b988305f7f3b9f]
https://stage.login.techcrunch.com [403] [GET] [text/plain] [] [ATS] [Apache Traffic Server] [722969577a96ca3953e84e3d949dee81]
https://stage.oidc.techcrunch.com [404] [GET] [application/json] [] [ATS] [vhost] [Apache Traffic Server] [2e0f364cef7e93e58404283a5cde7fde]
https://techcrunch.com [200] [GET] [text/html] [TechCrunch – Startup and Technology News] [ATS] [vhost] [Apache Traffic Server,MySQL,PHP,WordPress,WordPress VIP] [b9b55851b32c8253c4ceade4710d9f09]
https://trunk.guce.login.techcrunch.com [404] [GET] [text/html] [techcrunch] [guce] [bc32c66a6373f2edf280e7eb1e1d538e]
https://trunk.guce.login.techcrunch.com:4443 [404] [GET] [application/json] [] [guce] [b528230b3d55854845b988305f7f3b9f]
https://trunk.guce.techcrunch.com [404] [GET] [text/html] [techcrunch] [guce] [9492938d4440e157cd2afa608587c057]
https://trunk.guce.techcrunch.com:4443 [404] [GET] [application/json] [] [guce] [b528230b3d55854845b988305f7f3b9f]
https://video.techcrunch.com [301] [GET] [text/html] [Document Has Moved] [ATS] [vhost] [Apache Traffic Server] [8e9b33454285ae16f6a788e6b4e2933f]
https://www.techcrunch.com [301] [GET] [text/html] [Document Has Moved] [ATS] [vhost] [Apache Traffic Server] [8e9b33454285ae16f6a788e6b4e2933f]
