http://discord.tempus.finance [302] [GET] [text/html] [302 Moved] [ghs] [vhost] [1da065f59d444efb64355f8d17e36f14]
http://docs.tempus.finance:2082 [302] [GET] [] [] [cloudflare] [vhost] [cloudflare] [Cloudflare] [d41d8cd98f00b204e9800998ecf8427e]
http://docs.tempus.finance:2086 [302] [GET] [] [] [cloudflare] [vhost] [cloudflare] [Cloudflare] [d41d8cd98f00b204e9800998ecf8427e]
http://docs.tempus.finance:8080 [302] [GET] [] [] [cloudflare] [vhost] [cloudflare] [Cloudflare] [d41d8cd98f00b204e9800998ecf8427e]
http://docs.tempus.finance:8880 [302] [GET] [] [] [cloudflare] [vhost] [cloudflare] [Cloudflare] [d41d8cd98f00b204e9800998ecf8427e]
http://github.tempus.finance [302] [GET] [text/html] [302 Moved] [ghs] [vhost] [c0f2475a273044b31689b8b472dc982e]
http://medium.tempus.finance [302] [GET] [text/html] [302 Moved] [ghs] [vhost] [fae98ae0b2445d010b4a5d2645588836]
https://app.tempus.finance [200] [GET] [text/html] [Tempus App] [] [vhost] [Fastly,Google Font API] [3cb4a89f34ea664c00d1a644d868fc68]
https://docs.tempus.finance [200] [GET] [text/html] [Welcome to Tempus Docs - Tempus] [cloudflare] [vhost] [cloudflare] [Algolia,Cloudflare,Google Cloud,Google Cloud Trace,React] [dee13d7d3db8f7104b2e4160cb8be4e4]
https://docs.tempus.finance [200] [GET] [text/html] [Welcome to Tempus Docs - Tempus] [cloudflare] [vhost] [cloudflare] [Algolia,Cloudflare,Google Cloud,Google Cloud Trace,React] [fdb3d35e6a044ecb815c245eabd86ccc]
https://docs.tempus.finance:2053 [200] [GET] [text/html] [Welcome to Tempus Docs - Tempus] [cloudflare] [vhost] [cloudflare] [Algolia,Cloudflare,Google Cloud,Google Cloud Trace,React] [278f3113aed944d7f754479328dffbd4]
https://docs.tempus.finance:2083 [200] [GET] [text/html] [Welcome to Tempus Docs - Tempus] [cloudflare] [vhost] [cloudflare] [Algolia,Cloudflare,Google Cloud,Google Cloud Trace,React] [a29217ff912bc2fc80767bf9cb1d6665]
https://docs.tempus.finance:2087 [200] [GET] [text/html] [Welcome to Tempus Docs - Tempus] [cloudflare] [vhost] [cloudflare] [Algolia,Cloudflare,Google Cloud,Google Cloud Trace,React] [65de83cc2b92546855544c0fff0d20cc]
https://docs.tempus.finance:8443 [200] [GET] [text/html] [Welcome to Tempus Docs - Tempus] [cloudflare] [vhost] [cloudflare] [Algolia,Cloudflare,Google Cloud,Google Cloud Trace,React] [8a16bcdf839650c848f91afe593982ff]
https://forum.tempus.finance [200] [GET] [text/html] [Tempus] [nginx] [vhost] [Discourse,Nginx,Ruby on Rails] [2b23efcff0180067ffe269e0ea0667c8]
https://forum.tempus.finance [200] [GET] [text/html] [Tempus] [nginx] [vhost] [Discourse,Nginx,Ruby on Rails] [6269a7179739725cc85287d3632a4f06]
https://network.tempus.finance [200] [GET] [application/json] [] [nginx/1.18.0 (Ubuntu)] [Nginx:1.18.0,Ubuntu] [52f78cf271c82f46efad92b7d41f4f8c]
https://storybook.tempus.finance [200] [GET] [text/html] [Webpack App] [] [vhost] [Fastly] [823c34e9b751084e4f744f0a2180ff9d]
https://tempus.finance [200] [GET] [text/html] [Tempus - Shaping the future of DeFi] [] [vhost] [fastly] [Fastly,Typekit] [311bcf187cbfac5879856640196ad1a8]
https://testnet.tempus.finance [200] [GET] [text/html] [Tempus App] [] [vhost] [Fastly,Google Font API] [13337fd12f1a0754e6df832c1610f5a0]
https://testnet-v2.tempus.finance [200] [GET] [text/html] [Tempus App] [] [vhost] [Fastly,Google Font API] [b002172b3aba1238e07fba0a40ddd144]
https://vote.tempus.finance:1935 [403] [GET] [application/octet-stream] [] [nginx] [Nginx] [086d9069069ed62de536cbd4f326d0a9]
https://vote.tempus.finance [200] [GET] [text/html] [Snapshot] [BunnyCDN-NY-885] [vhost] [Bunny,IPFS] [6d206286f56c488f27d0786f0f3842be]
https://www.tempus.finance [200] [GET] [text/html] [Tempus - Shaping the future of DeFi] [] [vhost] [fastly] [Fastly,Typekit] [311bcf187cbfac5879856640196ad1a8]
http://twitter.tempus.finance [302] [GET] [text/html] [302 Moved] [ghs] [vhost] [b12fbd63c27591ab8d571c7922251e45]
http://vote.tempus.finance:8082 [403] [GET] [text/html] [403 Forbidden] [nginx] [vhost] [Nginx] [4f8afc2689243991dcede77ebc8b25c8]
http://vote.tempus.finance:8084 [403] [GET] [text/html] [403 Forbidden] [nginx] [vhost] [Nginx] [4f8afc2689243991dcede77ebc8b25c8]
http://vote.tempus.finance:8085 [403] [GET] [text/html] [403 Forbidden] [nginx] [vhost] [Nginx] [4f8afc2689243991dcede77ebc8b25c8]
