http://autodiscover.teslamotors.com [301] [GET] [] [] [Microsoft-IIS/10.0] [vhost] [IIS,Microsoft ASP.NET,Windows Server] [d41d8cd98f00b204e9800998ecf8427e]
http://drupal8-prod.teslamotors.com [302] [GET] [] [] [BigIP] [F5 BigIP] [d41d8cd98f00b204e9800998ecf8427e]
http://drupal8-stage.teslamotors.com [302] [GET] [] [] [BigIP] [F5 BigIP] [d41d8cd98f00b204e9800998ecf8427e]
http://extconfl.teslamotors.com [302] [GET] [] [] [BigIP] [F5 BigIP] [d41d8cd98f00b204e9800998ecf8427e]
http://japan.teslamotors.com [302] [GET] [text/html] [] [] [vhost] [81051bcc2cf1bedf378224b0a93e2877]
http://mytcore-prdsvc.teslamotors.com [302] [GET] [] [] [BigIP] [F5 BigIP] [d41d8cd98f00b204e9800998ecf8427e]
http://origin-service.teslamotors.com [302] [GET] [] [] [LB] [d41d8cd98f00b204e9800998ecf8427e]
https://auth-stage.teslamotors.com [403] [GET] [text/html] [Access Denied] [AkamaiGHost] [vhost] [0d445a05e1ea3bcb956a405fbb7cc33a]
https://auth-stage.teslamotors.com [403] [GET] [text/html] [Access Denied] [AkamaiGHost] [vhost] [862024115206b5022bb2da61341610a3]
https://cartalk.teslamotors.com [403] [GET] [text/html] [Access Denied] [AkamaiGHost] [vhost] [c126cafe7fdcc265c9527b787f2ac296]
https://cartalk.teslamotors.com [403] [GET] [text/html] [Access Denied] [AkamaiGHost] [vhost] [c224faf6492358e7f81cd42067068b66]
https://cn.teslamotors.com [301] [GET] [] [] [AkamaiGHost] [d41d8cd98f00b204e9800998ecf8427e]
https://cnvpn-ex.teslamotors.com [404] [GET] [text/html] [Tesla Motors VPN] [] [383ad42a108f4c5a592d627b07bebb42]
https://cnvpn-ex.teslamotors.com [404] [GET] [text/html] [Tesla Motors VPN] [] [b9b9095f54de4fc48f1cd4d23e64f539]
https://cnvpn.teslamotors.com [404] [GET] [text/html] [Tesla Motors VPN] [] [383ad42a108f4c5a592d627b07bebb42]
https://cnvpn.teslamotors.com [404] [GET] [text/html] [Tesla Motors VPN] [] [57483f0bdd84bad11be6d81705117a48]
https://csp.teslamotors.com [403] [GET] [text/html] [Access Denied] [AkamaiGHost] [vhost] [d64d49062ed2afb5cbab16a96740c26a]
https://eaa-setup.teslamotors.com [401] [GET] [text/html] [] [akamai/nginx] [Nginx] [d7f91d3c53a59e5f12567a9f5cfb9180]
https://euvpn1.teslamotors.com [404] [GET] [text/html] [Ivanti Connect Secure] [] [d2c75b484807f40c5f3f9413796f63c7]
https://euvpn.teslamotors.com [404] [GET] [text/html] [Pulse Connect Secure] [] [2ad383bf0616a843878f871fe4a8641b]
https://exec.teslamotors.com [200] [GET] [text/html] [] [akamai/nginx] [AngularJS,Nginx] [18938cd8b5bdf878b80b728af253a75c]
https://exec.teslamotors.com [200] [GET] [text/html] [] [akamai/nginx] [AngularJS,Nginx] [d462c1654ce270aa27aab164ea48943c]
https://extconfluence.teslamotors.com [403] [GET] [text/html] [Access Denied] [AkamaiGHost] [vhost] [1feb8279e7a73e47fc1177f706964df4]
https://extconfluence.teslamotors.com [403] [GET] [text/html] [Access Denied] [AkamaiGHost] [vhost] [649dad3f9d0195cd5638ade150ce4cfe]
https://external.teslamotors.com [403] [GET] [text/html] [Access Denied] [AkamaiGHost] [vhost] [e4f5596278b216c3dba08e14d4893b44]
https://extgit.teslamotors.com [403] [GET] [text/html] [Access Denied] [AkamaiGHost] [vhost] [21011fe2b64157dea80a8245dd067abc]
https://extgit.teslamotors.com [403] [GET] [text/html] [Access Denied] [AkamaiGHost] [vhost] [533424934ef6b0b31acfe94a0a40f176]
https://extissues.teslamotors.com [403] [GET] [text/html] [Access Denied] [AkamaiGHost] [vhost] [8613752f1cea83d7d183f2ba8d996e93]
https://extissues.teslamotors.com [403] [GET] [text/html] [Access Denied] [AkamaiGHost] [vhost] [d50b64606cdfef683a848297770456ab]
https://files.teslamotors.com [200] [GET] [text/html] [Axway SecureTransport | Login] [SecureTransport 5.3.0 (build: 1289)] [001126b4e836094979bbe6d51e6f265d]
https://fleet-api.teslamotors.com [404] [GET] [] [] [envoy] [vhost] [Envoy] [d0fbda9855d118740f1105334305c126]
https://fleetview.teslamotors.com [403] [GET] [text/html] [Access Denied] [AkamaiGHost] [vhost] [9e0ed5ddf8fc69b4233a936659fc48a9]
https://fleetview.teslamotors.com [403] [GET] [text/html] [Access Denied] [AkamaiGHost] [vhost] [bb6f5d97c5bc2fe7f4fea0024c2fdc29]
https://forums.teslamotors.com [301] [GET] [] [] [AkamaiGHost] [vhost] [d41d8cd98f00b204e9800998ecf8427e]
https://fvcarriers.teslamotors.com [302] [GET] [] [] [BigIP] [vhost] [F5 BigIP] [d41d8cd98f00b204e9800998ecf8427e]
http://shop.uk.teslamotors.com:8080 [403] [GET] [text/html] [Attention Required! | Cloudflare] [cloudflare] [Cloudflare] [d5c33ad81beff221ab29a214e43c0438]
https://hrosapi.teslamotors.com [403] [GET] [text/html] [Access Denied] [AkamaiGHost] [vhost] [32c4e5057e40b39ffd5a355178f93eaf]
https://hrosapi.teslamotors.com [403] [GET] [text/html] [Access Denied] [AkamaiGHost] [vhost] [adceb444f8d390efb2f0922ffd33fc47]
https://jss-retail.teslamotors.com:8443 [403] [GET] [] [] [Apache Tomcat] [Apache,Java] [aea0e4f6edf67b117ca08e62c4d987a9]
https://jss.teslamotors.com:8443 [403] [GET] [] [] [Apache Tomcat] [Apache,Java] [aea0e4f6edf67b117ca08e62c4d987a9]
https://location.teslamotors.com [403] [GET] [text/html] [Access Denied] [AkamaiGHost] [vhost] [a50daa9480d5b6ecee0fe431f9b75480]
https://my.teslamotors.com [301] [GET] [] [] [AkamaiGHost] [d41d8cd98f00b204e9800998ecf8427e]
https://onboarding-pre-delivery-prod.teslamotors.com [403] [GET] [text/html] [Access Denied] [AkamaiGHost] [vhost] [f2a4052dad9781a5cdab6a024adcfe33]
https://onboarding-pre-delivery-prod.teslamotors.com [403] [GET] [text/html] [Access Denied] [AkamaiGHost] [vhost] [f5b49cbbb2bef9a1d59f8b7aa56da37f]
https://owner-api.teslamotors.com [404] [GET] [] [] [envoy] [vhost] [Envoy] [d0fbda9855d118740f1105334305c126]
https://packaging-v2-ui.teslamotors.com [403] [GET] [text/html] [Access Denied] [AkamaiGHost] [vhost] [c599acbb1e0a8a52a7ee75f3ed85107a]
https://packaging-v2-ui.teslamotors.com [403] [GET] [text/html] [Access Denied] [AkamaiGHost] [vhost] [e3b11688cf836a17f9c96c03a24aab74]
https://partners.teslamotors.com [302] [GET] [text/html] [Object moved] [Microsoft-IIS/10.0] [vhost] [IIS,Microsoft SharePoint,Windows Server] [9438554eefb50ff3c8339e5da655a306]
https://resources.teslamotors.com [404] [GET] [] [] [AkamaiNetStorage] [vhost] [ddf0e2c382137c5bee8ee282368616f4]
https://rumcollector.teslamotors.com [403] [GET] [text/html] [Access Denied] [AkamaiGHost] [vhost] [e9b5bdcbc97fe9748541dcfbd362748c]
https://sales-stg.teslamotors.com [403] [GET] [text/html] [Access Denied] [AkamaiGHost] [vhost] [a4f96d2e1089f2f3c2dbda9e15cae564]
https://sales-stg.teslamotors.com [403] [GET] [text/html] [Access Denied] [AkamaiGHost] [vhost] [bb3d4d1340691a068dcab5a577eeecd4]
https://service.teslamotors.com [403] [GET] [text/html] [Access Denied] [AkamaiGHost] [vhost] [96e103d6981a6d7c8aa8626f46af2699]
https://service.teslamotors.com [403] [GET] [text/html] [Access Denied] [AkamaiGHost] [vhost] [bd04f9e3b67374f1fc64671966beb06c]
https://sgvpn.teslamotors.com [404] [GET] [text/html] [Pulse Connect Secure] [] [2ad383bf0616a843878f871fe4a8641b]
https://shop.uk.teslamotors.com [403] [GET] [text/html] [403 Forbidden] [cloudflare] [Cloudflare] [c371fa8374a06a3c0535fc341d454236]
https://shop.uk.teslamotors.com:8443 [403] [GET] [text/html] [403 Forbidden] [cloudflare] [Cloudflare] [c371fa8374a06a3c0535fc341d454236]
https://signaling.dev.teslamotors.com [404] [GET] [text/html] [404 Not Found] [] [vhost] [8eec510e57f5f732fd2cce73df7b73ef]
https://signaling.vn.teslamotors.com [404] [GET] [text/html] [404 Not Found] [] [vhost] [8eec510e57f5f732fd2cce73df7b73ef]
https://sourcing.teslamotors.com [302] [GET] [] [] [BigIP] [vhost] [F5 BigIP] [d41d8cd98f00b204e9800998ecf8427e]
https://stage2.teslamotors.com [403] [GET] [text/html] [Access Denied] [AkamaiGHost] [vhost] [ab3b56b873fb2fafaa0cc3cfe551d350]
https://stage2.teslamotors.com [403] [GET] [text/html] [Access Denied] [AkamaiGHost] [vhost] [dda7d3cfd69e3d207f2600e30fca9896]
https://streaming.dev.teslamotors.com [404] [GET] [text/plain] [] [] [vhost] [595e88012a6521aae3e12cbebe76eb9e]
https://streaming.vn.teslamotors.com [404] [GET] [text/plain] [] [] [vhost] [595e88012a6521aae3e12cbebe76eb9e]
https://suppliers.teslamotors.com [302] [GET] [text/html] [Object moved] [Microsoft-IIS/10.0] [vhost] [IIS,Microsoft SharePoint,Windows Server] [0b9115f97f5122bf261a96b72d5eac36]
https://trt.teslamotors.com [403] [GET] [text/html] [Access Denied] [AkamaiGHost] [vhost] [bae344cd832f9b7e90b033fae6f70616]
https://trt.teslamotors.com [403] [GET] [text/html] [Access Denied] [AkamaiGHost] [vhost] [ef4c565b6947133e81f0950cdafc5b5a]
https://upload.teslamotors.com [403] [GET] [text/html] [Access Denied] [AkamaiGHost] [vhost] [4c4cb9586910eeb70baaf235a3068019]
https://upload.teslamotors.com [403] [GET] [text/html] [Access Denied] [AkamaiGHost] [vhost] [7c5b33ad844c57a018c31bf0df1b1d03]
https://va.teslamotors.com [403] [GET] [text/html] [Error] [AkamaiGHost] [vhost] [241528c8722ed3866743f4650d3b692e]
https://va.teslamotors.com [403] [GET] [text/html] [Error] [AkamaiGHost] [vhost] [d631ef8d57754cc0b1973ead2437cc74]
https://vehicle-files.teslamotors.com [403] [GET] [text/html] [Error] [AkamaiGHost] [vhost] [6b25e09728ee5a2a5f767cbf1d95800e]
https://vehicle-files.teslamotors.com [403] [GET] [text/html] [Error] [AkamaiGHost] [vhost] [7d55190f3007c956162ae5b0d8fd05c8]
https://vpn-ex.teslamotors.com [404] [GET] [text/html] [Tesla Motors VPN] [] [383ad42a108f4c5a592d627b07bebb42]
https://vpn-ex.teslamotors.com [404] [GET] [text/html] [Tesla Motors VPN] [] [57483f0bdd84bad11be6d81705117a48]
https://vpn.teslamotors.com [404] [GET] [text/html] [Tesla Motors VPN] [] [57483f0bdd84bad11be6d81705117a48]
https://westream.teslamotors.com [404] [GET] [] [] [AkamaiNetStorage] [vhost] [7605968e79d0ca095ab1231486d2b814]
https://www.teslamotors.com [403] [GET] [text/html] [Access Denied] [AkamaiGHost] [vhost] [ba27b1890ab5669b8bb2486939655c9f]
https://www-test03.teslamotors.com [404] [GET] [text/html] [] [nginx] [Nginx] [893232516e5afd5aeeeab67a970d03cb]
http://training.teslamotors.com [301] [GET] [text/html] [] [] [vhost] [81051bcc2cf1bedf378224b0a93e2877]
http://w242.teslamotors.com [302] [GET] [] [] [LB] [d41d8cd98f00b204e9800998ecf8427e]
