http://3.tesla.cn [302] [GET] [] [] [BigIP] [F5 BigIP] [d41d8cd98f00b204e9800998ecf8427e]
http://autodiscover.tesla.cn [301] [GET] [] [] [Microsoft-IIS/10.0] [vhost] [IIS,Microsoft ASP.NET,Windows Server] [d41d8cd98f00b204e9800998ecf8427e]
http://origin-static-assets.tesla.cn [302] [GET] [] [] [BigIP] [F5 BigIP] [d41d8cd98f00b204e9800998ecf8427e]
https://apm.tesla.cn [403] [GET] [application/xml] [] [AmazonS3] [vhost] [Amazon S3,Amazon Web Services] [0557a1c29ec5142afe3d0adda25f4adc]
https://apm.tesla.cn [403] [GET] [application/xml] [] [AmazonS3] [vhost] [Amazon S3,Amazon Web Services] [4b55220e2adacbc993b6fb6113f6da5b]
https://app.tesla.cn [404] [GET] [] [] [AkamaiNetStorage] [vhost] [7605968e79d0ca095ab1231486d2b814]
https://auth-stage.tesla.cn [403] [GET] [text/html] [Access Denied] [AkamaiGHost] [vhost] [d4d899bad623c0c97811274515eecdfb]
https://auth-stage.tesla.cn [403] [GET] [text/html] [Access Denied] [AkamaiGHost] [vhost] [e5d722710dd6973b94824ca03898682b]
https://auth.tesla.cn [403] [GET] [text/html] [Access Denied] [AkamaiGHost] [vhost] [3bd9452f5fdb378331dc4851f0c37dd4]
https://auth.tesla.cn [403] [GET] [text/html] [Access Denied] [AkamaiGHost] [vhost] [fff24ca8de1a8f18f21624b20f829172]
https://community.tesla.cn [200] [GET] [text/html] [Tesla] [] [vhost] [bbe0f014a9fcc1b0d0396b8da47687c6]
https://crossdock.tesla.cn [403] [GET] [text/html] [Access Denied] [AkamaiGHost] [vhost] [264372886c182e201d5b289f633249f9]
https://crossdock.tesla.cn [403] [GET] [text/html] [Access Denied] [AkamaiGHost] [vhost] [30b345a393afd179f257738b7ba1ae0d]
https://digitalassets-shop.tesla.cn [301] [GET] [] [] [Cloudinary] [vhost] [d41d8cd98f00b204e9800998ecf8427e]
https://digitalassets.tesla.cn [301] [GET] [] [] [Cloudinary] [vhost] [d41d8cd98f00b204e9800998ecf8427e]
https://enterpriseenrollment.tesla.cn [302] [GET] [] [] [Microsoft-IIS/10.0] [azure] [IIS,Microsoft ASP.NET,Windows Server] [d41d8cd98f00b204e9800998ecf8427e]
https://enterpriseregistration.tesla.cn [404] [GET] [text/html] [Service] [] [azure] [17654c28a506596d05424ea295203bac]
https://events.tesla.cn [301] [GET] [] [] [AkamaiGHost] [vhost] [d41d8cd98f00b204e9800998ecf8427e]
https://inside.tesla.cn [403] [GET] [text/html] [Access Denied] [AkamaiGHost] [vhost] [9758ddb5067f3250c678e98ddc08ee9d]
https://inside.tesla.cn [403] [GET] [text/html] [Access Denied] [AkamaiGHost] [vhost] [ad0b491233d2a7d1b7607018d9b4e249]
https://insurance.tesla.cn [404] [GET] [text/html] [404] [] [vhost] [952fa5852ff0f882d60ce394ef362e13]
https://livestreamapi.tesla.cn [403] [GET] [text/html] [Access Denied] [AkamaiGHost] [vhost] [472c8271e6adfeb99dc96a8cae9463d2]
https://livestreamapi.tesla.cn [403] [GET] [text/html] [Access Denied] [AkamaiGHost] [vhost] [fbee3602e6ea335266a1a29444174be1]
https://livestream.tesla.cn [403] [GET] [text/html] [Access Denied] [AkamaiGHost] [vhost] [abadedbde582746b26231db313d0945a]
https://livestream.tesla.cn [403] [GET] [text/html] [Access Denied] [AkamaiGHost] [vhost] [feab08fd1d508d77c7c89d0180d6343f]
https://location-services-prd.tesla.cn [403] [GET] [text/html] [Access Denied] [AkamaiGHost] [vhost] [2ea9dee7267805fab33e0dbff60de02e]
https://location-services-prd.tesla.cn [403] [GET] [text/html] [Access Denied] [AkamaiGHost] [vhost] [5c4dd2996b839190b36e56ad1fd40495]
https://lyncdiscover.tesla.cn [404] [GET] [application/json] [] [] [vhost] [373397b4ebf514ea3578818e90f5f9b6]
https://media-server-me.tesla.cn [404] [GET] [text/plain] [] [] [vhost] [ef81e41d11c9e7193ddd3d470dbb3eda]
https://mfs-supplier-eng.mo.tesla.cn [403] [GET] [text/html] [Access Denied] [AkamaiGHost] [vhost] [51747db7ba2c3f77f94af92b4ca41d93]
https://mfs-supplier-eng.mo.tesla.cn [403] [GET] [text/html] [Access Denied] [AkamaiGHost] [vhost] [8f64e7c1df0c45506aed3ca49daf053d]
https://mfs-supplier.mo.tesla.cn [403] [GET] [text/html] [Access Denied] [AkamaiGHost] [vhost] [80a41663220238e6ca87105280bba295]
https://mfs-supplier.mo.tesla.cn [403] [GET] [text/html] [Access Denied] [AkamaiGHost] [vhost] [ecdb8338462fc2169f2e5d04229db48c]
https://model3.tesla.cn [503] [GET] [text/html] [Service Unavailable] [AkamaiGHost] [vhost] [03761490204cf417f121db44f88c9fab]
https://model3.tesla.cn [503] [GET] [text/html] [Service Unavailable] [AkamaiGHost] [vhost] [d9eaa3c7ce6f37cb3c585f1007c6596c]
https://msoid.tesla.cn [302] [GET] [text/html] [Object moved] [] [vhost] [ee731a8c5f053e7e52f9107a1fbfcad8]
https://nav-prd-maps.tesla.cn [400] [GET] [text/html] [400 No required SSL certificate was sent] [] [vhost] [08fee48a957bb5fb09679a318ee48bbc]
https://nav-prd-maps.tesla.cn [400] [GET] [text/html] [400 No required SSL certificate was sent] [] [vhost] [6be05d19e4ca80eb3ef0a7f16f937f13]
https://onboarding-pre-delivery.tesla.cn [403] [GET] [text/html] [Access Denied] [AkamaiGHost] [vhost] [6c0eb45242d79c94ec0d66160225e4c4]
https://onboarding-pre-delivery.tesla.cn [403] [GET] [text/html] [Access Denied] [AkamaiGHost] [vhost] [a80c9244878b952754742461d2a5474e]
https://ownership.tesla.cn [403] [GET] [text/html] [Access Denied] [AkamaiGHost] [vhost] [7c547d86dab3078decabc9690e580a24]
https://ownership.tesla.cn [403] [GET] [text/html] [Access Denied] [AkamaiGHost] [vhost] [f4d8b7f70a1a8afb38444713a9616e1f]
https://partners.tesla.cn [403] [GET] [text/html] [] [] [vhost] [6351030f724f6f42fd11ec9aa6ee8c76]
https://profile.tesla.cn [403] [GET] [text/html] [Access Denied] [AkamaiGHost] [vhost] [5bc7917922e6144ab10f346dba06023b]
https://profile.tesla.cn [403] [GET] [text/html] [Access Denied] [AkamaiGHost] [vhost] [8fab6b713ff2022ca2c96bbfb1bcc319]
https://servicegateway.tesla.cn [403] [GET] [text/html] [Access Denied] [AkamaiGHost] [vhost] [24c893d47ca741023bd67effd69ebb25]
https://servicegateway.tesla.cn [403] [GET] [text/html] [Access Denied] [AkamaiGHost] [vhost] [34f526b0bbe2796a21f6c0d65dfdb679]
https://service.tesla.cn [403] [GET] [text/html] [Access Denied] [AkamaiGHost] [vhost] [05f43a3cd0adac727d7815f113e0d37d]
https://service.tesla.cn [403] [GET] [text/html] [Access Denied] [AkamaiGHost] [vhost] [87e234396b22ca35d450f943c732d704]
https://shop.tesla.cn [403] [GET] [text/html] [Access Denied] [AkamaiGHost] [vhost] [7b50b676f5c7b379c4858b38cfbad16f]
https://shop.tesla.cn [403] [GET] [text/html] [Access Denied] [AkamaiGHost] [vhost] [b271d54cb4361a7c5d86e6d691345c51]
https://sip.tesla.cn [404] [GET] [text/plain] [] [RTC/7.0] [a3e15d80326f571f9a6a04fcfe58ddd5]
https://static-assets-pay.tesla.cn [403] [GET] [text/html] [Access Denied] [AkamaiGHost] [vhost] [b4372a6f0645b18d4a2a10c13855aaae]
https://static-assets-pay.tesla.cn [403] [GET] [text/html] [Access Denied] [AkamaiGHost] [vhost] [d01ff01923c9bd068d2a1a046916e833]
https://static-assets.tesla.cn [403] [GET] [text/html] [Access Denied] [AkamaiGHost] [vhost] [065e7d01ad299e4158cf5af22f5de596]
https://static-assets.tesla.cn [403] [GET] [text/html] [Access Denied] [AkamaiGHost] [vhost] [56f047c485baf7308516ba3f6bf78752]
https://tutorial.vn.cloud.tesla.cn [403] [GET] [application/xml] [] [AmazonS3] [vhost] [cloudfront] [Amazon Cloudfront,Amazon S3,Amazon Web Services] [0eb05f67c616842d79b7c7a042415af8]
https://tutorial.vn.cloud.tesla.cn [403] [GET] [application/xml] [] [AmazonS3] [vhost] [cloudfront] [Amazon Cloudfront,Amazon S3,Amazon Web Services] [fea136e519d933702d6e2836a0dfab2f]
https://wechat-stg.tesla.cn [403] [GET] [text/html] [Access Denied] [AkamaiGHost] [vhost] [7dfd35373e2976e5cb03103230b20979]
https://wechat-stg.tesla.cn [403] [GET] [text/html] [Access Denied] [AkamaiGHost] [vhost] [ff2294fe444e5fcfe6f712cffe4b49ca]
https://wechat.tesla.cn [403] [GET] [text/html] [Access Denied] [AkamaiGHost] [vhost] [377e9a5b046ac2d53e993f8f6e416311]
https://wechat.tesla.cn [403] [GET] [text/html] [Access Denied] [AkamaiGHost] [vhost] [64f556dcd356b9ec32ca10943304a728]
https://www.tesla.cn [403] [GET] [text/html] [Access Denied] [AkamaiGHost] [vhost] [13108af727746c0f53f2728a609e1436]
https://www.tesla.cn [403] [GET] [text/html] [Access Denied] [AkamaiGHost] [vhost] [ca87fbcc0cab430d292a33fc053059a2]
http://tesla.cn [302] [GET] [] [] [BigIP] [F5 BigIP] [d41d8cd98f00b204e9800998ecf8427e]
