http://1e35cbc19de1456caf8c08b2b4ead7d2.thorstarter.org:2082 [301] [GET] [] [] [cloudflare] [vhost] [cloudflare] [Cloudflare,Cloudflare Network Error Logging] [d41d8cd98f00b204e9800998ecf8427e]
http://1e35cbc19de1456caf8c08b2b4ead7d2.thorstarter.org:2086 [301] [GET] [] [] [cloudflare] [vhost] [cloudflare] [Cloudflare,Cloudflare Network Error Logging] [d41d8cd98f00b204e9800998ecf8427e]
http://1e35cbc19de1456caf8c08b2b4ead7d2.thorstarter.org:8080 [301] [GET] [] [] [cloudflare] [vhost] [cloudflare] [Cloudflare,Cloudflare Network Error Logging] [d41d8cd98f00b204e9800998ecf8427e]
http://1e35cbc19de1456caf8c08b2b4ead7d2.thorstarter.org:8880 [301] [GET] [] [] [cloudflare] [vhost] [cloudflare] [Cloudflare,Cloudflare Network Error Logging] [d41d8cd98f00b204e9800998ecf8427e]
http://blog.thorstarter.org:2082 [301] [GET] [] [] [cloudflare] [vhost] [cloudflare] [Cloudflare] [d41d8cd98f00b204e9800998ecf8427e]
http://blog.thorstarter.org:2083 [400] [GET] [text/html] [400 The plain HTTP request was sent to HTTPS port] [cloudflare] [cloudflare] [Cloudflare] [cd58783500d7fa3c58f88eb0ba22f4f8]
http://blog.thorstarter.org:2087 [400] [GET] [text/html] [400 The plain HTTP request was sent to HTTPS port] [cloudflare] [cloudflare] [Cloudflare] [cd58783500d7fa3c58f88eb0ba22f4f8]
http://blog.thorstarter.org:2095 [301] [GET] [] [] [cloudflare] [vhost] [cloudflare] [Cloudflare] [d41d8cd98f00b204e9800998ecf8427e]
http://blog.thorstarter.org:8080 [301] [GET] [] [] [cloudflare] [vhost] [cloudflare] [Cloudflare] [d41d8cd98f00b204e9800998ecf8427e]
http://blog.thorstarter.org:8880 [301] [GET] [] [] [cloudflare] [vhost] [cloudflare] [Cloudflare] [d41d8cd98f00b204e9800998ecf8427e]
http://docs.thorstarter.org:2082 [302] [GET] [] [] [cloudflare] [vhost] [cloudflare] [Cloudflare] [d41d8cd98f00b204e9800998ecf8427e]
http://docs.thorstarter.org:2086 [302] [GET] [] [] [cloudflare] [vhost] [cloudflare] [Cloudflare] [d41d8cd98f00b204e9800998ecf8427e]
http://docs.thorstarter.org:8080 [302] [GET] [] [] [cloudflare] [vhost] [cloudflare] [Cloudflare] [d41d8cd98f00b204e9800998ecf8427e]
http://docs.thorstarter.org:8880 [302] [GET] [] [] [cloudflare] [vhost] [cloudflare] [Cloudflare] [d41d8cd98f00b204e9800998ecf8427e]
https://1e35cbc19de1456caf8c08b2b4ead7d2.thorstarter.org:2087 [521] [GET] [] [] [cloudflare] [vhost] [cloudflare] [Cloudflare,Cloudflare Network Error Logging] [d41d8cd98f00b204e9800998ecf8427e]
https://1e35cbc19de1456caf8c08b2b4ead7d2.thorstarter.org [521] [GET] [] [] [cloudflare] [vhost] [cloudflare] [Cloudflare,Cloudflare Network Error Logging] [d41d8cd98f00b204e9800998ecf8427e]
https://1e35cbc19de1456caf8c08b2b4ead7d2.thorstarter.org:8443 [521] [GET] [] [] [cloudflare] [vhost] [cloudflare] [Cloudflare,Cloudflare Network Error Logging] [d41d8cd98f00b204e9800998ecf8427e]
https://blog.thorstarter.org [307] [GET] [text/html] [] [cloudflare] [vhost] [cloudflare] [Cloudflare,Envoy] [bcd7efacd7eceb0e358b5bd5b19e43bf]
https://docs.thorstarter.org:2053 [400] [GET] [text/html] [GitBook: 400] [cloudflare] [vhost] [cloudflare] [Algolia,Cloudflare,Google Cloud,Google Cloud Trace] [40b46bec7eeaa4a97a4dc42cff0f0f89]
https://docs.thorstarter.org:2083 [400] [GET] [text/html] [GitBook: 400] [cloudflare] [vhost] [cloudflare] [Algolia,Cloudflare,Google Cloud,Google Cloud Trace] [40b46bec7eeaa4a97a4dc42cff0f0f89]
https://docs.thorstarter.org:2087 [400] [GET] [text/html] [GitBook: 400] [cloudflare] [vhost] [cloudflare] [Algolia,Cloudflare,Google Cloud,Google Cloud Trace] [40b46bec7eeaa4a97a4dc42cff0f0f89]
https://docs.thorstarter.org [400] [GET] [text/html] [GitBook: 400] [cloudflare] [vhost] [cloudflare] [Algolia,Cloudflare,Google Cloud,Google Cloud Trace] [40b46bec7eeaa4a97a4dc42cff0f0f89]
https://docs.thorstarter.org:8443 [400] [GET] [text/html] [GitBook: 400] [cloudflare] [vhost] [cloudflare] [Algolia,Cloudflare,Google Cloud,Google Cloud Trace] [40b46bec7eeaa4a97a4dc42cff0f0f89]
https://forum.thorstarter.org [200] [GET] [text/html] [Thorstarter] [nginx] [vhost] [Discourse,Nginx,Ruby on Rails] [9c790803f5ee1530958e83ed6efb4a11]
https://forum.thorstarter.org [200] [GET] [text/html] [Thorstarter] [nginx] [vhost] [Discourse,Nginx,Ruby on Rails] [fb9e23b6e2fa7af45cd494f8cb189e61]
http://smtp.thorstarter.org:2086 [301] [GET] [] [] [cloudflare] [vhost] [cloudflare] [Cloudflare,Cloudflare Network Error Logging] [d41d8cd98f00b204e9800998ecf8427e]
http://smtp.thorstarter.org:2095 [301] [GET] [] [] [cloudflare] [vhost] [cloudflare] [Cloudflare,Cloudflare Network Error Logging] [d41d8cd98f00b204e9800998ecf8427e]
http://smtp.thorstarter.org:8080 [301] [GET] [] [] [cloudflare] [vhost] [cloudflare] [Cloudflare,Cloudflare Network Error Logging] [d41d8cd98f00b204e9800998ecf8427e]
http://smtp.thorstarter.org:8880 [301] [GET] [] [] [cloudflare] [vhost] [cloudflare] [Cloudflare,Cloudflare Network Error Logging] [d41d8cd98f00b204e9800998ecf8427e]
https://smtp.thorstarter.org:2083 [521] [GET] [] [] [cloudflare] [vhost] [cloudflare] [Cloudflare,Cloudflare Network Error Logging] [d41d8cd98f00b204e9800998ecf8427e]
https://smtp.thorstarter.org:2087 [521] [GET] [] [] [cloudflare] [vhost] [cloudflare] [Cloudflare,Cloudflare Network Error Logging] [d41d8cd98f00b204e9800998ecf8427e]
https://smtp.thorstarter.org:2096 [521] [GET] [] [] [cloudflare] [vhost] [cloudflare] [Cloudflare,Cloudflare Network Error Logging] [d41d8cd98f00b204e9800998ecf8427e]
https://smtp.thorstarter.org [521] [GET] [] [] [cloudflare] [vhost] [cloudflare] [Cloudflare,Cloudflare Network Error Logging] [d41d8cd98f00b204e9800998ecf8427e]
https://smtp.thorstarter.org:8443 [521] [GET] [] [] [cloudflare] [vhost] [cloudflare] [Cloudflare,Cloudflare Network Error Logging] [d41d8cd98f00b204e9800998ecf8427e]
https://thorstarter.org [301] [GET] [text/html] [301 Moved Permanently] [openresty] [vhost] [Nginx,OpenResty] [3ea1c8d079b38532a6e01a96216ba5e2]
https://www.thorstarter.org [200] [GET] [text/html] [Thorstarter - DAO Launchpad] [openresty] [Fastly,Nginx,OpenResty,Varnish,Webflow] [f9711f30d7e6df1ab440b04071deb5f8]
