https://activity.tiktok.com [404] [GET] [text/html] [404 Not Found] [nginx] [vhost] [Nginx] [70461da8b94c6ca5d2fda3260c5a8c3b]
https://ads.tiktok.com [302] [GET] [text/html] [Redirecting...] [nginx] [vhost] [Nginx] [e460bdff6d382f5c9eefc7043bf1821b]
https://ads-va.tiktok.com [404] [GET] [text/html] [404 Not Found] [nginx] [vhost] [Nginx] [70461da8b94c6ca5d2fda3260c5a8c3b]
https://affiliate-id.tiktok.com [404] [GET] [text/html] [404 Not Found] [nginx] [vhost] [Nginx] [8e325dc2fea7c8900fc6c4b8c6c394fe]
https://analytics-sg.tiktok.com [404] [GET] [text/html] [404 Not Found] [nginx] [vhost] [Nginx] [8e325dc2fea7c8900fc6c4b8c6c394fe]
https://api-m.tiktok.com [404] [GET] [text/html] [404 Not Found] [nginx] [vhost] [Nginx] [8e325dc2fea7c8900fc6c4b8c6c394fe]
https://artist.tiktok.com [302] [GET] [text/html] [302 Found] [nginx] [vhost] [Nginx] [cfbeaf604823f038b8b46f0ac862b98c]
https://business-sso.tiktok.com [404] [GET] [text/plain] [] [nginx] [vhost] [Nginx] [d41d8cd98f00b204e9800998ecf8427e]
https://careers.tiktok.com [404] [GET] [text/plain] [] [nginx] [vhost] [Nginx] [764030f575902daac9795d84e37ea06e]
https://cc.tiktok.com [404] [GET] [text/html] [404 Not Found] [nginx] [vhost] [Nginx] [8e325dc2fea7c8900fc6c4b8c6c394fe]
https://creatormarketplace-va.tiktok.com [403] [GET] [text/html] [403 Forbidden] [nginx] [vhost] [Nginx] [bc56979a0b381a791dd59713198a87fb]
https://developer.tiktok.com [301] [GET] [text/html] [301 Moved Permanently] [nginx] [vhost] [Nginx] [cd2e0e43980a00fb6a2742d3afd803b8]
https://effect-api-sg.tiktok.com [502] [GET] [text/html] [502 Bad Gateway] [nginx] [vhost] [Nginx] [8dce59ae8ddc42b04d1f7e2c0c95ec3d]
https://effect.tiktok.com [301] [GET] [text/html] [301 Moved Permanently] [nginx] [vhost] [Nginx] [cd2e0e43980a00fb6a2742d3afd803b8]
https://feelgood-api.tiktok.com [404] [GET] [text/html] [404 Not Found] [nginx] [vhost] [Nginx] [70461da8b94c6ca5d2fda3260c5a8c3b]
https://getstarted.tiktok.com [200] [GET] [text/html] [Get your business discovered on TikTok] [nginx] [vhost] [Nginx,Node.js,Nuxt.js,Vue.js] [c28080ebd173dd58a8bd6220bc4b2a9b]
https://gma.tiktok.com [502] [GET] [text/html] [502 Bad Gateway] [nginx] [vhost] [Nginx] [261b1f079fa0a5c0c32d181e43440c05]
https://h1-16.tiktok.com [503] [GET] [text/html] [Error] [AkamaiGHost] [vhost] [1d804c149a620a6c5639b09b05be198b]
https://h2-16.tiktok.com [503] [GET] [text/html] [Error] [AkamaiGHost] [vhost] [5742b7990112216c3629bda6e331e36e]
https://im-ws-sg.tiktok.com [404] [GET] [text/html] [404 Not Found] [nginx] [Nginx] [8e325dc2fea7c8900fc6c4b8c6c394fe]
https://im-ws-va.tiktok.com [404] [GET] [text/html] [404 Not Found] [nginx] [Nginx] [8e325dc2fea7c8900fc6c4b8c6c394fe]
https://in.tiktok.com [302] [GET] [text/html] [] [nginx] [vhost] [Nginx] [bc4507e76193f7e1ff4d46e93057dde8]
https://login.tiktok.com [301] [GET] [text/html] [301 Moved Permanently] [nginx] [vhost] [Nginx] [cd2e0e43980a00fb6a2742d3afd803b8]
https://m1-16.tiktok.com [503] [GET] [text/html] [Error] [AkamaiGHost] [vhost] [73ba0d552818a6854954cafc6ab00570]
https://m2-16.tiktok.com [503] [GET] [text/html] [Error] [AkamaiGHost] [vhost] [b3fc7b3d50ad4db87b3d73f14fa195cd]
https://media.tiktok.com [502] [GET] [text/html] [502 Bad Gateway] [nginx] [vhost] [Nginx] [8dce59ae8ddc42b04d1f7e2c0c95ec3d]
https://mg.tiktok.com [404] [GET] [text/html] [404 Not Found] [nginx] [Nginx] [70461da8b94c6ca5d2fda3260c5a8c3b]
https://m.tiktok.com [403] [GET] [text/html] [Access Denied] [AkamaiGHost] [vhost] [ef5bd6d4da8962f84a68a0e78755c5ab]
https://musician.tiktok.com [302] [GET] [text/html] [302 Found] [nginx] [vhost] [Nginx] [cfbeaf604823f038b8b46f0ac862b98c]
https://music.tiktok.com [403] [GET] [text/html] [403 Forbidden] [nginx] [vhost] [Nginx] [4dec45889e09ec3ceb63fd65825d0f11]
https://open-api.tiktok.com [404] [GET] [text/html] [404 Not Found] [nginx] [vhost] [Nginx] [70461da8b94c6ca5d2fda3260c5a8c3b]
https://open-api-useast1a.tiktok.com [404] [GET] [text/html] [404 Not Found] [nginx] [vhost] [Nginx] [70461da8b94c6ca5d2fda3260c5a8c3b]
https://s16-ies-useast2a.tiktok.com [403] [GET] [application/json] [] [nginx] [vhost] [Nginx] [f6386d13121f42784ad70bcda5aca1d2]
https://seller-id.tiktok.com [200] [GET] [text/html] [] [nginx] [vhost] [Nginx] [6cc98d1fc1d05d57a8f148ba06c85910]
https://seller.tiktok.com [200] [GET] [text/html] [TikTok Shop Seller Center | Select Portal] [nginx] [vhost] [Nginx] [d1d7a1f39019cccaf87c1eaa73d76a6d]
https://shop-id.tiktok.com [404] [GET] [text/html] [404 Not Found] [nginx] [vhost] [Nginx] [8e325dc2fea7c8900fc6c4b8c6c394fe]
https://shop-uk.tiktok.com [404] [GET] [text/html] [404 Not Found] [nginx] [vhost] [Nginx] [8e325dc2fea7c8900fc6c4b8c6c394fe]
https://spotlight.tiktok.com [302] [GET] [text/html] [302 Found] [nginx] [vhost] [Nginx] [cfbeaf604823f038b8b46f0ac862b98c]
https://suggestions.tiktok.com [404] [GET] [text/html] [404 Not Found] [nginx] [vhost] [Nginx] [8e325dc2fea7c8900fc6c4b8c6c394fe]
https://survey.tiktok.com [200] [GET] [text/html] [] [nginx] [vhost] [Nginx] [6a4a30b2c803399d2193320d129dfaf3]
https://tiktok.com [301] [GET] [] [] [CloudFront] [vhost] [cloudfront] [Amazon Cloudfront,Amazon Web Services] [d41d8cd98f00b204e9800998ecf8427e]
https://t.tiktok.com [403] [GET] [text/html] [Access Denied] [AkamaiGHost] [vhost] [8d4f1cdb309d54a74945518680a5df61]
https://url4077.ads-service.tiktok.com [404] [GET] [text/html] [404 Not Found] [nginx] [Nginx] [8e325dc2fea7c8900fc6c4b8c6c394fe]
https://url4153.service.tiktok.com [404] [GET] [text/html] [404 Not Found] [nginx] [Nginx] [8e325dc2fea7c8900fc6c4b8c6c394fe]
https://url7709.account.tiktok.com [404] [GET] [text/html] [404 Not Found] [nginx] [Nginx] [8e325dc2fea7c8900fc6c4b8c6c394fe]
https://v16-web.tiktok.com [403] [GET] [text/html] [Access Denied] [AkamaiGHost] [vhost] [3b4b4b51854816b07a97bc112c329861]
https://v16-web-tv.tiktok.com [403] [GET] [text/html] [Access Denied] [AkamaiGHost] [vhost] [5756e59bf63fd3b06e74f49a05f1cc2a]
https://vm.tiktok.com [302] [GET] [text/html] [] [nginx] [vhost] [Nginx] [e678472dddd67d479d82cb5314e773da]
https://webapp-sg.tiktok.com [403] [GET] [text/html] [403 Forbidden] [nginx] [vhost] [Nginx] [4dec45889e09ec3ceb63fd65825d0f11]
https://webapp-va.tiktok.com [403] [GET] [text/html] [403 Forbidden] [nginx] [vhost] [Nginx] [4dec45889e09ec3ceb63fd65825d0f11]
https://webcast-m.tiktok.com [404] [GET] [text/html] [404 Not Found] [nginx] [vhost] [Nginx] [8e325dc2fea7c8900fc6c4b8c6c394fe]
https://webcast.tiktok.com [404] [GET] [text/html] [404 Not Found] [nginx] [vhost] [Nginx] [70461da8b94c6ca5d2fda3260c5a8c3b]
https://www.tiktok.com [403] [GET] [text/html] [Access Denied] [AkamaiGHost] [vhost] [aa15073b481079d8647572d427f647ce]
https://www-useast1a.tiktok.com [301] [GET] [text/html] [] [nginx] [vhost] [Nginx] [dfb424d492f51b0880fd5d009dc2f69f]
