http://api22-va.tiktokv.com [404] [GET] [text/html] [404 Not Found] [] [google] [2e9281cb1598565605593d28a5efa3bb]
http://api22-va.tiktokv.com:8080 [404] [GET] [text/html] [404 Not Found] [] [google] [2e9281cb1598565605593d28a5efa3bb]
http://search22-normal-c-useast2a.tiktokv.com [404] [GET] [text/html] [404 Not Found] [] [google] [2e9281cb1598565605593d28a5efa3bb]
http://search22-normal-c-useast2a.tiktokv.com:8080 [404] [GET] [text/html] [404 Not Found] [] [google] [2e9281cb1598565605593d28a5efa3bb]
https://activity-va.tiktokv.com [404] [GET] [text/html] [404 Not Found] [nginx] [vhost] [Nginx] [70461da8b94c6ca5d2fda3260c5a8c3b]
https://ad-instantpage-sg.tiktokv.com [404] [GET] [text/html] [404 Not Found] [nginx] [vhost] [Nginx] [8e325dc2fea7c8900fc6c4b8c6c394fe]
https://ad-instantpage-va.tiktokv.com [404] [GET] [text/html] [404 Not Found] [nginx] [vhost] [Nginx] [70461da8b94c6ca5d2fda3260c5a8c3b]
https://ad-instantpage-va.tiktokv.com [404] [GET] [text/html] [404 Not Found] [nginx] [vhost] [Nginx] [8e325dc2fea7c8900fc6c4b8c6c394fe]
https://api-core-ru.tiktokv.com [404] [GET] [text/html] [404 Not Found] [nginx] [vhost] [Nginx] [8e325dc2fea7c8900fc6c4b8c6c394fe]
https://api-core-va.tiktokv.com [404] [GET] [text/html] [404 Not Found] [nginx] [vhost] [Nginx] [70461da8b94c6ca5d2fda3260c5a8c3b]
https://api-core-va.tiktokv.com [404] [GET] [text/html] [404 Not Found] [nginx] [vhost] [Nginx] [8e325dc2fea7c8900fc6c4b8c6c394fe]
https://api-core.tiktokv.com [404] [GET] [text/html] [404 Not Found] [nginx] [vhost] [Nginx] [70461da8b94c6ca5d2fda3260c5a8c3b]
https://api-core.tiktokv.com [404] [GET] [text/html] [404 Not Found] [nginx] [vhost] [Nginx] [8e325dc2fea7c8900fc6c4b8c6c394fe]
https://api-h2-eagle.tiktokv.com [404] [GET] [text/html] [404 Not Found] [nginx] [vhost] [Nginx] [70461da8b94c6ca5d2fda3260c5a8c3b]
https://api-h2-eagle.tiktokv.com [404] [GET] [text/html] [404 Not Found] [nginx] [vhost] [Nginx] [8e325dc2fea7c8900fc6c4b8c6c394fe]
https://api-h2.tiktokv.com [404] [GET] [text/html] [404 Not Found] [nginx] [vhost] [Nginx] [70461da8b94c6ca5d2fda3260c5a8c3b]
https://api-h2.tiktokv.com [404] [GET] [text/html] [404 Not Found] [nginx] [vhost] [Nginx] [8e325dc2fea7c8900fc6c4b8c6c394fe]
https://api-ru.tiktokv.com [404] [GET] [text/html] [404 Not Found] [nginx] [vhost] [Nginx] [8e325dc2fea7c8900fc6c4b8c6c394fe]
https://api-t.tiktokv.com [503] [GET] [text/html] [Error] [AkamaiGHost] [vhost] [5fa09b0529a42ed53104543281c54774]
https://api-t.tiktokv.com [503] [GET] [text/html] [Error] [AkamaiGHost] [vhost] [9cf11265dd0d80d4066067ca20bd867e]
https://api-t1.tiktokv.com [404] [GET] [text/html] [404 Not Found] [nginx] [vhost] [fastly] [Nginx] [8e325dc2fea7c8900fc6c4b8c6c394fe]
https://api-t2.tiktokv.com [404] [GET] [text/html] [404 Not Found] [nginx] [vhost] [fastly] [Nginx] [8e325dc2fea7c8900fc6c4b8c6c394fe]
https://api-va.tiktokv.com [404] [GET] [text/html] [404 Not Found] [nginx] [vhost] [Nginx] [8e325dc2fea7c8900fc6c4b8c6c394fe]
https://api.tiktokv.com [404] [GET] [text/html] [404 Not Found] [nginx] [vhost] [Nginx] [8e325dc2fea7c8900fc6c4b8c6c394fe]
https://api15-h2-eagle.tiktokv.com [404] [GET] [text/html] [404 Not Found] [nginx] [vhost] [cloudfront] [Amazon Cloudfront,Amazon Web Services,Nginx] [70461da8b94c6ca5d2fda3260c5a8c3b]
https://api15-h2.tiktokv.com [404] [GET] [text/html] [404 Not Found] [nginx] [vhost] [cloudfront] [Amazon Cloudfront,Amazon Web Services,Nginx] [70461da8b94c6ca5d2fda3260c5a8c3b]
https://api15-h2.tiktokv.com [404] [GET] [text/html] [404 Not Found] [nginx] [vhost] [cloudfront] [Amazon Cloudfront,Amazon Web Services,Nginx] [8e325dc2fea7c8900fc6c4b8c6c394fe]
https://api15.tiktokv.com [404] [GET] [text/html] [404 Not Found] [nginx] [vhost] [cloudfront] [Amazon Cloudfront,Amazon Web Services,Nginx] [70461da8b94c6ca5d2fda3260c5a8c3b]
https://api16-core-c-alisg.tiktokv.com [404] [GET] [text/html] [404 Not Found] [nginx] [vhost] [Nginx] [70461da8b94c6ca5d2fda3260c5a8c3b]
https://api16-core-c-alisg.tiktokv.com [404] [GET] [text/html] [404 Not Found] [nginx] [vhost] [Nginx] [8e325dc2fea7c8900fc6c4b8c6c394fe]
https://api16-core-c-useast1a.tiktokv.com [404] [GET] [text/html] [404 Not Found] [nginx] [vhost] [Nginx] [8e325dc2fea7c8900fc6c4b8c6c394fe]
https://api16-core-c-useast2a.tiktokv.com [404] [GET] [text/html] [404 Not Found] [nginx] [vhost] [Nginx] [70461da8b94c6ca5d2fda3260c5a8c3b]
https://api16-core-c-useast2a.tiktokv.com [404] [GET] [text/html] [404 Not Found] [nginx] [vhost] [Nginx] [8e325dc2fea7c8900fc6c4b8c6c394fe]
https://api16-core-c.tiktokv.com [404] [GET] [text/html] [404 Not Found] [nginx] [vhost] [Nginx] [70461da8b94c6ca5d2fda3260c5a8c3b]
https://api16-core-c.tiktokv.com [404] [GET] [text/html] [404 Not Found] [nginx] [vhost] [Nginx] [8e325dc2fea7c8900fc6c4b8c6c394fe]
https://api16-core-c4-alisg.tiktokv.com [404] [GET] [text/html] [404 Not Found] [nginx] [vhost] [Nginx] [70461da8b94c6ca5d2fda3260c5a8c3b]
https://api16-core-c4-alisg.tiktokv.com [404] [GET] [text/html] [404 Not Found] [nginx] [vhost] [Nginx] [8e325dc2fea7c8900fc6c4b8c6c394fe]
https://api16-core-c6-alisg.tiktokv.com [404] [GET] [text/html] [404 Not Found] [nginx] [vhost] [Nginx] [70461da8b94c6ca5d2fda3260c5a8c3b]
https://api16-core-c6-alisg.tiktokv.com [404] [GET] [text/html] [404 Not Found] [nginx] [vhost] [Nginx] [8e325dc2fea7c8900fc6c4b8c6c394fe]
https://api16-core-i.tiktokv.com [404] [GET] [text/html] [404 Not Found] [nginx] [vhost] [Nginx] [70461da8b94c6ca5d2fda3260c5a8c3b]
https://api16-core-i.tiktokv.com [404] [GET] [text/html] [404 Not Found] [nginx] [vhost] [Nginx] [8e325dc2fea7c8900fc6c4b8c6c394fe]
https://api16-core-n-alisg.tiktokv.com [404] [GET] [text/html] [404 Not Found] [nginx] [vhost] [Nginx] [70461da8b94c6ca5d2fda3260c5a8c3b]
https://api16-core-n-alisg.tiktokv.com [404] [GET] [text/html] [404 Not Found] [nginx] [vhost] [Nginx] [8e325dc2fea7c8900fc6c4b8c6c394fe]
https://api16-core-n-useast1a.tiktokv.com [404] [GET] [text/html] [404 Not Found] [nginx] [vhost] [Nginx] [70461da8b94c6ca5d2fda3260c5a8c3b]
https://api16-core-n-useast1a.tiktokv.com [404] [GET] [text/html] [404 Not Found] [nginx] [vhost] [Nginx] [8e325dc2fea7c8900fc6c4b8c6c394fe]
https://api16-core-va.tiktokv.com [404] [GET] [text/html] [404 Not Found] [nginx] [vhost] [Nginx] [70461da8b94c6ca5d2fda3260c5a8c3b]
https://api16-core-va.tiktokv.com [404] [GET] [text/html] [404 Not Found] [nginx] [vhost] [Nginx] [8e325dc2fea7c8900fc6c4b8c6c394fe]
https://api16-normal-c-alisg.tiktokv.com [404] [GET] [text/html] [404 Not Found] [nginx] [vhost] [Nginx] [8e325dc2fea7c8900fc6c4b8c6c394fe]
https://api16-normal-c-useast1a.tiktokv.com [404] [GET] [text/html] [404 Not Found] [nginx] [vhost] [Nginx] [70461da8b94c6ca5d2fda3260c5a8c3b]
https://api16-normal-c-useast1a.tiktokv.com [404] [GET] [text/html] [404 Not Found] [nginx] [vhost] [Nginx] [8e325dc2fea7c8900fc6c4b8c6c394fe]
https://api16-normal-c-useast2a.tiktokv.com [404] [GET] [text/html] [404 Not Found] [nginx] [vhost] [Nginx] [8e325dc2fea7c8900fc6c4b8c6c394fe]
https://api16-normal-c.tiktokv.com [404] [GET] [text/html] [404 Not Found] [nginx] [vhost] [Nginx] [70461da8b94c6ca5d2fda3260c5a8c3b]
https://api16-normal-c4-alisg.tiktokv.com [404] [GET] [text/html] [404 Not Found] [nginx] [vhost] [Nginx] [70461da8b94c6ca5d2fda3260c5a8c3b]
https://api16-normal-c4-alisg.tiktokv.com [404] [GET] [text/html] [404 Not Found] [nginx] [vhost] [Nginx] [8e325dc2fea7c8900fc6c4b8c6c394fe]
https://api16-normal-c6-alisg.tiktokv.com [404] [GET] [text/html] [404 Not Found] [nginx] [vhost] [Nginx] [70461da8b94c6ca5d2fda3260c5a8c3b]
https://api16-normal-c6-alisg.tiktokv.com [404] [GET] [text/html] [404 Not Found] [nginx] [vhost] [Nginx] [8e325dc2fea7c8900fc6c4b8c6c394fe]
https://api16-normal-i-alisg.tiktokv.com [404] [GET] [text/html] [404 Not Found] [nginx] [vhost] [Nginx] [70461da8b94c6ca5d2fda3260c5a8c3b]
https://api16-normal-i.tiktokv.com [404] [GET] [text/html] [404 Not Found] [nginx] [vhost] [Nginx] [8e325dc2fea7c8900fc6c4b8c6c394fe]
https://api16-normal-n-alisg.tiktokv.com [404] [GET] [text/html] [404 Not Found] [nginx] [vhost] [Nginx] [8e325dc2fea7c8900fc6c4b8c6c394fe]
https://api16-normal-n.tiktokv.com [404] [GET] [text/html] [404 Not Found] [nginx] [vhost] [Nginx] [70461da8b94c6ca5d2fda3260c5a8c3b]
https://api16-normal-n.tiktokv.com [404] [GET] [text/html] [404 Not Found] [nginx] [vhost] [Nginx] [8e325dc2fea7c8900fc6c4b8c6c394fe]
https://api16-normal-v4.tiktokv.com [404] [GET] [text/html] [404 Not Found] [nginx] [vhost] [Nginx] [70461da8b94c6ca5d2fda3260c5a8c3b]
https://api16-normal-v4.tiktokv.com [404] [GET] [text/html] [404 Not Found] [nginx] [vhost] [Nginx] [8e325dc2fea7c8900fc6c4b8c6c394fe]
https://api16-normal-v6.tiktokv.com [404] [GET] [text/html] [404 Not Found] [nginx] [vhost] [Nginx] [70461da8b94c6ca5d2fda3260c5a8c3b]
https://api16-normal-v6.tiktokv.com [404] [GET] [text/html] [404 Not Found] [nginx] [vhost] [Nginx] [8e325dc2fea7c8900fc6c4b8c6c394fe]
https://api16-va.tiktokv.com [404] [GET] [text/html] [404 Not Found] [nginx] [vhost] [Nginx] [8e325dc2fea7c8900fc6c4b8c6c394fe]
https://api16.tiktokv.com [404] [GET] [text/html] [404 Not Found] [nginx] [vhost] [Nginx] [8e325dc2fea7c8900fc6c4b8c6c394fe]
https://api19-core-c-alisg.tiktokv.com [404] [GET] [text/html] [404 Not Found] [nginx] [vhost] [fastly] [Nginx] [70461da8b94c6ca5d2fda3260c5a8c3b]
https://api19-core-c-alisg.tiktokv.com [404] [GET] [text/html] [404 Not Found] [nginx] [vhost] [fastly] [Nginx] [8e325dc2fea7c8900fc6c4b8c6c394fe]
https://api19-core-c-useast1a.tiktokv.com [404] [GET] [text/html] [404 Not Found] [nginx] [vhost] [fastly] [Nginx] [70461da8b94c6ca5d2fda3260c5a8c3b]
https://api19-core-c-useast1a.tiktokv.com [404] [GET] [text/html] [404 Not Found] [nginx] [vhost] [fastly] [Nginx] [8e325dc2fea7c8900fc6c4b8c6c394fe]
https://api19-core-c-useast2a.tiktokv.com [404] [GET] [text/html] [404 Not Found] [nginx] [vhost] [fastly] [Nginx] [70461da8b94c6ca5d2fda3260c5a8c3b]
https://api19-core-c-useast2a.tiktokv.com [404] [GET] [text/html] [404 Not Found] [nginx] [vhost] [fastly] [Nginx] [8e325dc2fea7c8900fc6c4b8c6c394fe]
https://api19-core-c4-alisg.tiktokv.com [404] [GET] [text/html] [404 Not Found] [nginx] [vhost] [fastly] [Nginx] [70461da8b94c6ca5d2fda3260c5a8c3b]
https://api19-core-c4-alisg.tiktokv.com [404] [GET] [text/html] [404 Not Found] [nginx] [vhost] [fastly] [Nginx] [8e325dc2fea7c8900fc6c4b8c6c394fe]
https://api19-core-c6-useast1a.tiktokv.com [404] [GET] [text/html] [404 Not Found] [nginx] [vhost] [fastly] [Nginx] [70461da8b94c6ca5d2fda3260c5a8c3b]
https://api19-core-c6-useast1a.tiktokv.com [404] [GET] [text/html] [404 Not Found] [nginx] [vhost] [fastly] [Nginx] [8e325dc2fea7c8900fc6c4b8c6c394fe]
https://api19-core-n-useast1a.tiktokv.com [404] [GET] [text/html] [404 Not Found] [nginx] [vhost] [fastly] [Nginx] [8e325dc2fea7c8900fc6c4b8c6c394fe]
https://api19-core-va.tiktokv.com [404] [GET] [text/html] [404 Not Found] [nginx] [vhost] [fastly] [Nginx] [8e325dc2fea7c8900fc6c4b8c6c394fe]
https://api19-normal-c-alisg.tiktokv.com [404] [GET] [text/html] [404 Not Found] [nginx] [vhost] [fastly] [Nginx] [70461da8b94c6ca5d2fda3260c5a8c3b]
https://api19-normal-c-alisg.tiktokv.com [404] [GET] [text/html] [404 Not Found] [nginx] [vhost] [fastly] [Nginx] [8e325dc2fea7c8900fc6c4b8c6c394fe]
https://api19-normal-c-useast1a.tiktokv.com [404] [GET] [text/html] [404 Not Found] [nginx] [vhost] [fastly] [Nginx] [70461da8b94c6ca5d2fda3260c5a8c3b]
https://api19-normal-c-useast1a.tiktokv.com [404] [GET] [text/html] [404 Not Found] [nginx] [vhost] [fastly] [Nginx] [8e325dc2fea7c8900fc6c4b8c6c394fe]
https://api19-normal-c-useast2a.tiktokv.com [404] [GET] [text/html] [404 Not Found] [nginx] [vhost] [fastly] [Nginx] [8e325dc2fea7c8900fc6c4b8c6c394fe]
https://api19-normal-c6-alisg.tiktokv.com [404] [GET] [text/html] [404 Not Found] [nginx] [vhost] [fastly] [Nginx] [8e325dc2fea7c8900fc6c4b8c6c394fe]
https://api19-va.tiktokv.com [404] [GET] [text/html] [404 Not Found] [nginx] [vhost] [fastly] [Nginx] [8e325dc2fea7c8900fc6c4b8c6c394fe]
https://api19.tiktokv.com [404] [GET] [text/html] [404 Not Found] [nginx] [vhost] [fastly] [Nginx] [70461da8b94c6ca5d2fda3260c5a8c3b]
https://api21-core-c-alisg.tiktokv.com [404] [GET] [text/html] [404 Not Found] [nginx] [vhost] [fastly] [Nginx] [70461da8b94c6ca5d2fda3260c5a8c3b]
https://api21-core-c-useast1a.tiktokv.com [404] [GET] [text/html] [404 Not Found] [nginx] [vhost] [fastly] [Nginx] [70461da8b94c6ca5d2fda3260c5a8c3b]
https://api21-core-c-useast1a.tiktokv.com [404] [GET] [text/html] [404 Not Found] [nginx] [vhost] [fastly] [Nginx] [8e325dc2fea7c8900fc6c4b8c6c394fe]
https://api21-core-c-useast2a.tiktokv.com [404] [GET] [text/html] [404 Not Found] [nginx] [vhost] [fastly] [Nginx] [70461da8b94c6ca5d2fda3260c5a8c3b]
https://api21-core-c-useast2a.tiktokv.com [404] [GET] [text/html] [404 Not Found] [nginx] [vhost] [fastly] [Nginx] [8e325dc2fea7c8900fc6c4b8c6c394fe]
https://api21-core-c4-alisg.tiktokv.com [404] [GET] [text/html] [404 Not Found] [nginx] [vhost] [fastly] [Nginx] [70461da8b94c6ca5d2fda3260c5a8c3b]
https://api21-core-c6-alisg.tiktokv.com [404] [GET] [text/html] [404 Not Found] [nginx] [vhost] [fastly] [Nginx] [8e325dc2fea7c8900fc6c4b8c6c394fe]
https://api21-core-i-alisg.tiktokv.com [404] [GET] [text/html] [404 Not Found] [nginx] [vhost] [fastly] [Nginx] [70461da8b94c6ca5d2fda3260c5a8c3b]
https://api21-core-i-alisg.tiktokv.com [404] [GET] [text/html] [404 Not Found] [nginx] [vhost] [fastly] [Nginx] [8e325dc2fea7c8900fc6c4b8c6c394fe]
https://api21-core-n-alisg.tiktokv.com [404] [GET] [text/html] [404 Not Found] [nginx] [vhost] [fastly] [Nginx] [70461da8b94c6ca5d2fda3260c5a8c3b]
https://api21-core-n-alisg.tiktokv.com [404] [GET] [text/html] [404 Not Found] [nginx] [vhost] [fastly] [Nginx] [8e325dc2fea7c8900fc6c4b8c6c394fe]
https://api21-core-n-useast1a.tiktokv.com [404] [GET] [text/html] [404 Not Found] [nginx] [vhost] [fastly] [Nginx] [70461da8b94c6ca5d2fda3260c5a8c3b]
https://api21-core-n-useast1a.tiktokv.com [404] [GET] [text/html] [404 Not Found] [nginx] [vhost] [fastly] [Nginx] [8e325dc2fea7c8900fc6c4b8c6c394fe]
https://api21-core-n.tiktokv.com [404] [GET] [text/html] [404 Not Found] [nginx] [vhost] [fastly] [Nginx] [70461da8b94c6ca5d2fda3260c5a8c3b]
https://api21-core-n.tiktokv.com [404] [GET] [text/html] [404 Not Found] [nginx] [vhost] [fastly] [Nginx] [8e325dc2fea7c8900fc6c4b8c6c394fe]
https://api21-core-va.tiktokv.com [404] [GET] [text/html] [404 Not Found] [nginx] [vhost] [fastly] [Nginx] [8e325dc2fea7c8900fc6c4b8c6c394fe]
https://api21-h2-eagle.tiktokv.com [404] [GET] [text/html] [404 Not Found] [nginx] [vhost] [fastly] [Nginx] [8e325dc2fea7c8900fc6c4b8c6c394fe]
https://api21-h2.tiktokv.com [404] [GET] [text/html] [404 Not Found] [nginx] [vhost] [fastly] [Nginx] [70461da8b94c6ca5d2fda3260c5a8c3b]
https://api21-h2.tiktokv.com [404] [GET] [text/html] [404 Not Found] [nginx] [vhost] [fastly] [Nginx] [8e325dc2fea7c8900fc6c4b8c6c394fe]
https://api21-normal-c-alisg.tiktokv.com [404] [GET] [text/html] [404 Not Found] [nginx] [vhost] [fastly] [Nginx] [8e325dc2fea7c8900fc6c4b8c6c394fe]
https://api21-normal-c-useast1a.tiktokv.com [404] [GET] [text/html] [404 Not Found] [nginx] [vhost] [fastly] [Nginx] [8e325dc2fea7c8900fc6c4b8c6c394fe]
https://api21-normal-c-useast2a.tiktokv.com [404] [GET] [text/html] [404 Not Found] [nginx] [vhost] [fastly] [Nginx] [70461da8b94c6ca5d2fda3260c5a8c3b]
https://api21-normal-c-useast2a.tiktokv.com [404] [GET] [text/html] [404 Not Found] [nginx] [vhost] [fastly] [Nginx] [8e325dc2fea7c8900fc6c4b8c6c394fe]
https://api21-normal-c4-alisg.tiktokv.com [404] [GET] [text/html] [404 Not Found] [nginx] [vhost] [fastly] [Nginx] [8e325dc2fea7c8900fc6c4b8c6c394fe]
https://api21-normal-c6-alisg.tiktokv.com [404] [GET] [text/html] [404 Not Found] [nginx] [vhost] [fastly] [Nginx] [8e325dc2fea7c8900fc6c4b8c6c394fe]
https://api21-normal-i-alisg.tiktokv.com [404] [GET] [text/html] [404 Not Found] [nginx] [vhost] [fastly] [Nginx] [70461da8b94c6ca5d2fda3260c5a8c3b]
https://api21-normal-i-alisg.tiktokv.com [404] [GET] [text/html] [404 Not Found] [nginx] [vhost] [fastly] [Nginx] [8e325dc2fea7c8900fc6c4b8c6c394fe]
https://api21-normal-n-alisg.tiktokv.com [404] [GET] [text/html] [404 Not Found] [nginx] [vhost] [fastly] [Nginx] [8e325dc2fea7c8900fc6c4b8c6c394fe]
https://api21-quic.tiktokv.com [404] [GET] [text/html] [404 Not Found] [nginx] [vhost] [fastly] [Nginx] [8e325dc2fea7c8900fc6c4b8c6c394fe]
https://api21-va.tiktokv.com [404] [GET] [text/html] [404 Not Found] [nginx] [vhost] [fastly] [Nginx] [8e325dc2fea7c8900fc6c4b8c6c394fe]
https://api21.tiktokv.com [404] [GET] [text/html] [404 Not Found] [nginx] [vhost] [fastly] [Nginx] [8e325dc2fea7c8900fc6c4b8c6c394fe]
https://api22-core-c-alisg.tiktokv.com [404] [GET] [text/html] [404 Not Found] [nginx] [google] [Google Cloud,Google Cloud CDN,Nginx] [70461da8b94c6ca5d2fda3260c5a8c3b]
https://api22-core-c-alisg.tiktokv.com [404] [GET] [text/html] [404 Not Found] [nginx] [google] [Google Cloud,Google Cloud CDN,Nginx] [8e325dc2fea7c8900fc6c4b8c6c394fe]
https://api22-core-c-useast1a.tiktokv.com [404] [GET] [text/html] [404 Not Found] [nginx] [google] [Google Cloud,Google Cloud CDN,Nginx] [8e325dc2fea7c8900fc6c4b8c6c394fe]
https://api22-core-c-useast2a.tiktokv.com [404] [GET] [text/html] [404 Not Found] [nginx] [google] [Google Cloud,Google Cloud CDN,Nginx] [8e325dc2fea7c8900fc6c4b8c6c394fe]
https://api22-core-c-useast2a.tiktokv.com [404] [GET] [text/html] [404 Not Found] [nginx] [vhost] [google] [Google Cloud,Google Cloud CDN,Nginx] [70461da8b94c6ca5d2fda3260c5a8c3b]
https://api22-core-c4-alisg.tiktokv.com [404] [GET] [text/html] [404 Not Found] [nginx] [google] [Google Cloud,Google Cloud CDN,Nginx] [8e325dc2fea7c8900fc6c4b8c6c394fe]
https://api22-core-c6-alisg.tiktokv.com [404] [GET] [text/html] [404 Not Found] [nginx] [google] [Google Cloud,Google Cloud CDN,Nginx] [70461da8b94c6ca5d2fda3260c5a8c3b]
https://api22-core-c6-alisg.tiktokv.com [404] [GET] [text/html] [404 Not Found] [nginx] [google] [Google Cloud,Google Cloud CDN,Nginx] [8e325dc2fea7c8900fc6c4b8c6c394fe]
https://api22-core-c6-useast1a.tiktokv.com [404] [GET] [text/html] [404 Not Found] [nginx] [google] [Google Cloud,Google Cloud CDN,Nginx] [70461da8b94c6ca5d2fda3260c5a8c3b]
https://api22-core-c6-useast1a.tiktokv.com [404] [GET] [text/html] [404 Not Found] [nginx] [vhost] [google] [Google Cloud,Google Cloud CDN,Nginx] [70461da8b94c6ca5d2fda3260c5a8c3b]
https://api22-core-h-alisg.tiktokv.com [404] [GET] [text/html] [404 Not Found] [nginx] [google] [Google Cloud,Google Cloud CDN,Nginx] [8e325dc2fea7c8900fc6c4b8c6c394fe]
https://api22-core-n-alisg.tiktokv.com [404] [GET] [text/html] [404 Not Found] [nginx] [google] [Google Cloud,Google Cloud CDN,Nginx] [70461da8b94c6ca5d2fda3260c5a8c3b]
https://api22-core-n-useast1a.tiktokv.com [404] [GET] [text/html] [404 Not Found] [nginx] [google] [Google Cloud,Google Cloud CDN,Nginx] [8e325dc2fea7c8900fc6c4b8c6c394fe]
https://api22-h2-eagle.tiktokv.com [404] [GET] [text/html] [404 Not Found] [nginx] [Nginx] [70461da8b94c6ca5d2fda3260c5a8c3b]
https://api22-normal-c-alisg.tiktokv.com [404] [GET] [text/html] [404 Not Found] [nginx] [google] [Google Cloud,Google Cloud CDN,Nginx] [8e325dc2fea7c8900fc6c4b8c6c394fe]
https://api22-normal-c-useast1a.tiktokv.com [404] [GET] [text/html] [404 Not Found] [nginx] [google] [Google Cloud,Google Cloud CDN,Nginx] [8e325dc2fea7c8900fc6c4b8c6c394fe]
https://api22-normal-c-useast2a.tiktokv.com [404] [GET] [text/html] [404 Not Found] [nginx] [google] [Google Cloud,Google Cloud CDN,Nginx] [8e325dc2fea7c8900fc6c4b8c6c394fe]
https://api22-normal-c.tiktokv.com [404] [GET] [text/html] [404 Not Found] [nginx] [google] [Google Cloud,Google Cloud CDN,Nginx] [8e325dc2fea7c8900fc6c4b8c6c394fe]
https://api22-normal-h-alisg.tiktokv.com [404] [GET] [text/html] [404 Not Found] [nginx] [google] [Google Cloud,Google Cloud CDN,Nginx] [8e325dc2fea7c8900fc6c4b8c6c394fe]
https://api22-normal-h-alisg.tiktokv.com [404] [GET] [text/html] [404 Not Found] [nginx] [vhost] [google] [Google Cloud,Google Cloud CDN,Nginx] [70461da8b94c6ca5d2fda3260c5a8c3b]
https://api22-normal-n-alisg.tiktokv.com [404] [GET] [text/html] [404 Not Found] [nginx] [google] [Google Cloud,Google Cloud CDN,Nginx] [70461da8b94c6ca5d2fda3260c5a8c3b]
https://api22-normal-n-alisg.tiktokv.com [404] [GET] [text/html] [404 Not Found] [nginx] [google] [Google Cloud,Google Cloud CDN,Nginx] [8e325dc2fea7c8900fc6c4b8c6c394fe]
https://api22-normal-v4.tiktokv.com [404] [GET] [text/html] [404 Not Found] [nginx] [google] [Google Cloud,Google Cloud CDN,Nginx] [8e325dc2fea7c8900fc6c4b8c6c394fe]
https://api22-quic.tiktokv.com [404] [GET] [text/html] [404 Not Found] [nginx] [google] [Google Cloud,Google Cloud CDN,Nginx] [8e325dc2fea7c8900fc6c4b8c6c394fe]
https://api3-core-n-alisg.tiktokv.com [404] [GET] [text/html] [404 Not Found] [nginx] [Nginx] [8e325dc2fea7c8900fc6c4b8c6c394fe]
https://api30-core-c-alisg.tiktokv.com [404] [GET] [text/html] [404 Not Found] [Byte-nginx] [Nginx] [3bc57dc59741f9e9dc10051084600913]
https://api30-h2-eagle.tiktokv.com [403] [GET] [application/octet-stream] [] [Byte-nginx] [Nginx] [a40cc74b2f59bca1103a93e968291bce]
https://api30-h2.tiktokv.com [403] [GET] [application/octet-stream] [] [Byte-nginx] [Nginx] [68ee37d73482ca68b49248434f0a16b1]
https://api30-normal-n-useast1a.tiktokv.com [404] [GET] [text/html] [404 Not Found] [Byte-nginx] [Nginx] [3bc57dc59741f9e9dc10051084600913]
https://api30-va.tiktokv.com [403] [GET] [application/octet-stream] [] [Byte-nginx] [Nginx] [1a619779a00c3b6945ae3011e79ab274]
https://api30.tiktokv.com [403] [GET] [application/octet-stream] [] [Byte-nginx] [Nginx] [8653221a0312f8ea556eb8e5f4529292]
https://api31-core-c-alisg.tiktokv.com [404] [GET] [text/html] [404 Not Found] [Byte-nginx] [Nginx] [3bc57dc59741f9e9dc10051084600913]
https://api31-core-c-useast1a.tiktokv.com [404] [GET] [text/html] [404 Not Found] [Byte-nginx] [Nginx] [3bc57dc59741f9e9dc10051084600913]
https://api31-core-q-alisg.tiktokv.com [404] [GET] [text/html] [404 Not Found] [Byte-nginx] [Nginx] [3bc57dc59741f9e9dc10051084600913]
https://api31-core-q-useast1a.tiktokv.com [404] [GET] [text/html] [404 Not Found] [Byte-nginx] [Nginx] [3bc57dc59741f9e9dc10051084600913]
https://api31-normal-c-alisg.tiktokv.com [404] [GET] [text/html] [404 Not Found] [Byte-nginx] [Nginx] [3bc57dc59741f9e9dc10051084600913]
https://api31-normal-c-useast1a.tiktokv.com [404] [GET] [text/html] [404 Not Found] [Byte-nginx] [Nginx] [3bc57dc59741f9e9dc10051084600913]
https://api31-normal-q-alisg.tiktokv.com [404] [GET] [text/html] [404 Not Found] [Byte-nginx] [Nginx] [3bc57dc59741f9e9dc10051084600913]
https://api31-normal-q-useast1a.tiktokv.com [404] [GET] [text/html] [404 Not Found] [Byte-nginx] [Nginx] [3bc57dc59741f9e9dc10051084600913]
https://api32-normal-c-alisg.tiktokv.com [404] [GET] [text/html] [404 Not Found] [Byte-nginx] [Nginx] [3bc57dc59741f9e9dc10051084600913]
https://api33-core-c-alisg.tiktokv.com [404] [GET] [text/html] [404 Not Found] [Byte-nginx] [Nginx] [3bc57dc59741f9e9dc10051084600913]
https://api33-core-c-useast1a.tiktokv.com [404] [GET] [text/html] [404 Not Found] [Byte-nginx] [Nginx] [3bc57dc59741f9e9dc10051084600913]
https://api33-core-q-alisg.tiktokv.com [404] [GET] [text/html] [404 Not Found] [Byte-nginx] [Nginx] [3bc57dc59741f9e9dc10051084600913]
https://api33-core-q-useast1a.tiktokv.com [404] [GET] [text/html] [404 Not Found] [Byte-nginx] [Nginx] [3bc57dc59741f9e9dc10051084600913]
https://api33-normal-c-alisg.tiktokv.com [404] [GET] [text/html] [404 Not Found] [Byte-nginx] [Nginx] [3bc57dc59741f9e9dc10051084600913]
https://api33-normal-c-useast1a.tiktokv.com [404] [GET] [text/html] [404 Not Found] [Byte-nginx] [Nginx] [3bc57dc59741f9e9dc10051084600913]
https://api33-normal-q-alisg.tiktokv.com [404] [GET] [text/html] [404 Not Found] [Byte-nginx] [Nginx] [3bc57dc59741f9e9dc10051084600913]
https://api33-normal-q-useast1a.tiktokv.com [404] [GET] [text/html] [404 Not Found] [Byte-nginx] [Nginx] [3bc57dc59741f9e9dc10051084600913]
https://api53-core-c-alisg.tiktokv.com [404] [GET] [text/html] [404 Not Found] [nginx] [vhost] [Nginx] [8e325dc2fea7c8900fc6c4b8c6c394fe]
https://api53-core-c-useast1a.tiktokv.com [404] [GET] [text/html] [404 Not Found] [nginx] [vhost] [Nginx] [70461da8b94c6ca5d2fda3260c5a8c3b]
https://api53-core-c-useast1a.tiktokv.com [404] [GET] [text/html] [404 Not Found] [nginx] [vhost] [Nginx] [8e325dc2fea7c8900fc6c4b8c6c394fe]
https://api53-normal-c-alisg.tiktokv.com [404] [GET] [text/html] [404 Not Found] [nginx] [vhost] [Nginx] [8e325dc2fea7c8900fc6c4b8c6c394fe]
https://api53-normal-c-useast1a.tiktokv.com [404] [GET] [text/html] [404 Not Found] [nginx] [vhost] [Nginx] [8e325dc2fea7c8900fc6c4b8c6c394fe]
https://api55-core-c-alisg.tiktokv.com [404] [GET] [text/html] [404 Not Found] [nginx] [vhost] [Nginx] [70461da8b94c6ca5d2fda3260c5a8c3b]
https://api55-core-c-alisg.tiktokv.com [404] [GET] [text/html] [404 Not Found] [nginx] [vhost] [Nginx] [8e325dc2fea7c8900fc6c4b8c6c394fe]
https://api55-core-c-useast1a.tiktokv.com [404] [GET] [text/html] [404 Not Found] [nginx] [vhost] [Nginx] [70461da8b94c6ca5d2fda3260c5a8c3b]
https://api55-core-c-useast1a.tiktokv.com [404] [GET] [text/html] [404 Not Found] [nginx] [vhost] [Nginx] [8e325dc2fea7c8900fc6c4b8c6c394fe]
https://api55-normal-c-alisg.tiktokv.com [404] [GET] [text/html] [404 Not Found] [nginx] [vhost] [Nginx] [70461da8b94c6ca5d2fda3260c5a8c3b]
https://api55-normal-c-useast1a.tiktokv.com [404] [GET] [text/html] [404 Not Found] [nginx] [vhost] [Nginx] [8e325dc2fea7c8900fc6c4b8c6c394fe]
https://api58-core-c-alisg.tiktokv.com [404] [GET] [text/html] [404 Not Found] [nginx] [Nginx] [8e325dc2fea7c8900fc6c4b8c6c394fe]
https://api58-core-c-alisg.tiktokv.com:444 [200] [GET] [text/html] [Welcome to nginx!] [nginx] [Nginx] [e3eb0a1df437f3f97a64aca5952c8ea0]
https://api58-core-c-alisg.tiktokv.com:8443 [200] [GET] [text/html] [Welcome to nginx!] [nginx] [Nginx] [e3eb0a1df437f3f97a64aca5952c8ea0]
https://api58-core-c-useast1a.tiktokv.com [404] [GET] [text/html] [404 Not Found] [nginx] [Nginx] [70461da8b94c6ca5d2fda3260c5a8c3b]
https://api58-core-c-useast1a.tiktokv.com [404] [GET] [text/html] [404 Not Found] [nginx] [Nginx] [8e325dc2fea7c8900fc6c4b8c6c394fe]
https://api58-core-c-useast1a.tiktokv.com:444 [200] [GET] [text/html] [Welcome to nginx!] [nginx] [Nginx] [e3eb0a1df437f3f97a64aca5952c8ea0]
https://api58-core-c-useast1a.tiktokv.com:8443 [200] [GET] [text/html] [Welcome to nginx!] [nginx] [Nginx] [e3eb0a1df437f3f97a64aca5952c8ea0]
https://api58-normal-c-alisg.tiktokv.com [404] [GET] [text/html] [404 Not Found] [nginx] [Nginx] [8e325dc2fea7c8900fc6c4b8c6c394fe]
https://api58-normal-c-alisg.tiktokv.com:444 [200] [GET] [text/html] [Welcome to nginx!] [nginx] [Nginx] [e3eb0a1df437f3f97a64aca5952c8ea0]
https://api58-normal-c-alisg.tiktokv.com:8443 [200] [GET] [text/html] [Welcome to nginx!] [nginx] [Nginx] [e3eb0a1df437f3f97a64aca5952c8ea0]
https://api58-normal-c-useast1a.tiktokv.com [404] [GET] [text/html] [404 Not Found] [nginx] [Nginx] [70461da8b94c6ca5d2fda3260c5a8c3b]
https://api58-normal-c-useast1a.tiktokv.com [404] [GET] [text/html] [404 Not Found] [nginx] [Nginx] [8e325dc2fea7c8900fc6c4b8c6c394fe]
https://api58-normal-c-useast1a.tiktokv.com:444 [200] [GET] [text/html] [Welcome to nginx!] [nginx] [Nginx] [e3eb0a1df437f3f97a64aca5952c8ea0]
https://api58-normal-c-useast1a.tiktokv.com:8443 [200] [GET] [text/html] [Welcome to nginx!] [nginx] [Nginx] [e3eb0a1df437f3f97a64aca5952c8ea0]
https://api61-core-c-alisg.tiktokv.com [404] [GET] [text/html] [404 Not Found] [MNCDN-2337] [8e325dc2fea7c8900fc6c4b8c6c394fe]
https://api61-core-c-useast1a.tiktokv.com [404] [GET] [text/html] [404 Not Found] [MNCDN-1277] [70461da8b94c6ca5d2fda3260c5a8c3b]
https://api61-core-c-useast1a.tiktokv.com [404] [GET] [text/html] [404 Not Found] [MNCDN-1277] [8e325dc2fea7c8900fc6c4b8c6c394fe]
https://api61-normal-c-alisg.tiktokv.com [404] [GET] [text/html] [404 Not Found] [MNCDN-2337] [8e325dc2fea7c8900fc6c4b8c6c394fe]
https://api77-core-c-alisg.tiktokv.com [404] [GET] [text/html] [404 Not Found] [CDN77-Turbo] [CDN77] [70461da8b94c6ca5d2fda3260c5a8c3b]
https://api77-core-c-useast1a.tiktokv.com [404] [GET] [text/html] [404 Not Found] [CDN77-Turbo] [CDN77] [70461da8b94c6ca5d2fda3260c5a8c3b]
https://api77-normal-c-alisg.tiktokv.com [404] [GET] [text/html] [404 Not Found] [CDN77-Turbo] [CDN77] [70461da8b94c6ca5d2fda3260c5a8c3b]
https://api77-normal-c-alisg.tiktokv.com [404] [GET] [text/html] [404 Not Found] [CDN77-Turbo] [CDN77] [8e325dc2fea7c8900fc6c4b8c6c394fe]
https://api77-normal-c-useast1a.tiktokv.com [404] [GET] [text/html] [404 Not Found] [CDN77-Turbo] [CDN77] [70461da8b94c6ca5d2fda3260c5a8c3b]
https://api77-normal-c-useast1a.tiktokv.com [404] [GET] [text/html] [404 Not Found] [CDN77-Turbo] [CDN77] [8e325dc2fea7c8900fc6c4b8c6c394fe]
https://apiproxy-va.tiktokv.com [503] [GET] [text/html] [Error] [AkamaiGHost] [vhost] [ec849ea4e9d90ee5a28af3859cba49e4]
https://apiproxy-va.tiktokv.com [503] [GET] [text/html] [Error] [AkamaiGHost] [vhost] [f3b184a829f82225da19c27798086e0a]
https://app-va.tiktokv.com [502] [GET] [text/html] [502 Bad Gateway] [nginx] [vhost] [Nginx] [261b1f079fa0a5c0c32d181e43440c05]
https://app-va.tiktokv.com [502] [GET] [text/html] [502 Bad Gateway] [nginx] [vhost] [Nginx] [8dce59ae8ddc42b04d1f7e2c0c95ec3d]
https://business-va.tiktokv.com [404] [GET] [text/html] [404 Not Found] [nginx] [vhost] [Nginx] [70461da8b94c6ca5d2fda3260c5a8c3b]
https://business-va.tiktokv.com [404] [GET] [text/html] [404 Not Found] [nginx] [vhost] [Nginx] [8e325dc2fea7c8900fc6c4b8c6c394fe]
https://business.tiktokv.com [404] [GET] [text/html] [404 Not Found] [nginx] [vhost] [Nginx] [8e325dc2fea7c8900fc6c4b8c6c394fe]
https://campaign19-normal-useast5.us.tiktokv.com [404] [GET] [text/plain] [] [nginx] [vhost] [fastly] [Nginx] [9d1ead73e678fa2f51a70a933b0bf017]
https://checkorigin.tiktokv.com [404] [GET] [text/html] [404 Not Found] [nginx] [vhost] [Nginx] [70461da8b94c6ca5d2fda3260c5a8c3b]
https://dm16-alisg.tiktokv.com [404] [GET] [text/html] [404 Not Found] [nginx] [vhost] [Nginx] [8e325dc2fea7c8900fc6c4b8c6c394fe]
https://dm16-test-va.tiktokv.com [404] [GET] [text/html] [404 Not Found] [nginx] [vhost] [Nginx] [70461da8b94c6ca5d2fda3260c5a8c3b]
https://dm16-test-va.tiktokv.com [404] [GET] [text/html] [404 Not Found] [nginx] [vhost] [Nginx] [8e325dc2fea7c8900fc6c4b8c6c394fe]
https://dm16-useast1a.tiktokv.com [404] [GET] [text/html] [404 Not Found] [nginx] [vhost] [Nginx] [8e325dc2fea7c8900fc6c4b8c6c394fe]
https://dm16-useast2a.tiktokv.com [503] [GET] [text/html] [503 Service Temporarily Unavailable] [nginx] [vhost] [Nginx] [27cb74e9c6ab203acfd7666b44254f5d]
https://dm16-va.tiktokv.com [404] [GET] [text/html] [404 Not Found] [nginx] [vhost] [Nginx] [8e325dc2fea7c8900fc6c4b8c6c394fe]
https://dm16.tiktokv.com [404] [GET] [text/html] [404 Not Found] [nginx] [vhost] [Nginx] [8e325dc2fea7c8900fc6c4b8c6c394fe]
https://dm22-alisg.tiktokv.com [404] [GET] [text/html] [404 Not Found] [nginx] [google] [Google Cloud,Google Cloud CDN,Nginx] [70461da8b94c6ca5d2fda3260c5a8c3b]
https://dm22-alisg.tiktokv.com [404] [GET] [text/html] [404 Not Found] [nginx] [google] [Google Cloud,Google Cloud CDN,Nginx] [8e325dc2fea7c8900fc6c4b8c6c394fe]
https://frontier-ru.tiktokv.com [404] [GET] [text/html] [404 Not Found] [nginx] [vhost] [Nginx] [70461da8b94c6ca5d2fda3260c5a8c3b]
https://frontier-va.tiktokv.com [404] [GET] [text/html] [404 Not Found] [nginx] [Nginx] [70461da8b94c6ca5d2fda3260c5a8c3b]
https://frontier.tiktokv.com [404] [GET] [text/html] [404 Not Found] [nginx] [Nginx] [70461da8b94c6ca5d2fda3260c5a8c3b]
https://frontier16-alisg.tiktokv.com [404] [GET] [text/html] [404 Not Found] [nginx] [vhost] [Nginx] [8e325dc2fea7c8900fc6c4b8c6c394fe]
https://gecko-sg.tiktokv.com [404] [GET] [text/html] [404 Not Found] [nginx] [vhost] [Nginx] [70461da8b94c6ca5d2fda3260c5a8c3b]
https://gecko-sg.tiktokv.com [404] [GET] [text/html] [404 Not Found] [nginx] [vhost] [Nginx] [8e325dc2fea7c8900fc6c4b8c6c394fe]
https://gecko-va.tiktokv.com [404] [GET] [text/html] [404 Not Found] [nginx] [vhost] [Nginx] [8e325dc2fea7c8900fc6c4b8c6c394fe]
https://gecko16-normal-c-useast1a.tiktokv.com [404] [GET] [text/html] [404 Not Found] [nginx] [vhost] [Nginx] [8e325dc2fea7c8900fc6c4b8c6c394fe]
https://gecko16-normal-c-useast2a.tiktokv.com [404] [GET] [text/html] [404 Not Found] [nginx] [vhost] [Nginx] [70461da8b94c6ca5d2fda3260c5a8c3b]
https://gecko16-normal-c-useast2a.tiktokv.com [404] [GET] [text/html] [404 Not Found] [nginx] [vhost] [Nginx] [8e325dc2fea7c8900fc6c4b8c6c394fe]
https://hotapi-ru.tiktokv.com [502] [GET] [text/html] [502 Bad Gateway] [nginx] [vhost] [Nginx] [261b1f079fa0a5c0c32d181e43440c05]
https://hotapi-ru.tiktokv.com [502] [GET] [text/html] [502 Bad Gateway] [nginx] [vhost] [Nginx] [8dce59ae8ddc42b04d1f7e2c0c95ec3d]
https://hotapi-sg.tiktokv.com [502] [GET] [text/html] [502 Bad Gateway] [nginx] [vhost] [Nginx] [8dce59ae8ddc42b04d1f7e2c0c95ec3d]
https://hotapi-va.tiktokv.com [404] [GET] [text/plain] [] [nginx] [vhost] [Nginx] [595e88012a6521aae3e12cbebe76eb9e]
https://im-va.tiktokv.com [200] [GET] [application/x-protobuf] [] [nginx] [vhost] [Nginx] [5c10f217d951ccfe88b818523bfd488a]
https://im-va.tiktokv.com [200] [GET] [application/x-protobuf] [] [nginx] [vhost] [Nginx] [ab0023f964f95bfa7e4a170aa7ca067f]
https://im16-normal-c-useast1a.tiktokv.com [200] [GET] [application/x-protobuf] [] [nginx] [vhost] [Nginx] [b2e840a0c5f07e9543131569287be5aa]
https://im16-normal-c-useast1a.tiktokv.com [200] [GET] [application/x-protobuf] [] [nginx] [vhost] [Nginx] [ceab1642a24fc8418ae567b506adca76]
https://im16-normal-c-useast2a.tiktokv.com [200] [GET] [application/x-protobuf] [] [nginx] [vhost] [Nginx] [763864d412d7afd7fe051bad212bf340]
https://im16-normal-c-useast2a.tiktokv.com [200] [GET] [application/x-protobuf] [] [nginx] [vhost] [Nginx] [a27dc1ae173d9bcb98430e9a481dd6fe]
https://im16-tmp-normal-useast1a.tiktokv.com [200] [GET] [application/x-protobuf] [] [nginx] [vhost] [Nginx] [5882e00aaec8e452f8cc4741f3185f5a]
https://im16-tmp-normal-useast1a.tiktokv.com [200] [GET] [application/x-protobuf] [] [nginx] [vhost] [Nginx] [7cc495fe53e386e9e18c5e23c487a9ff]
https://image-sg-pub-test.tiktokv.com [403] [GET] [text/plain charset=utf-8] [] [nginx] [vhost] [Nginx] [386b58df0704c0ce170d1d0e5e19ccf3]
https://image-sg-pub.tiktokv.com [403] [GET] [text/plain charset=utf-8] [] [nginx] [vhost] [Nginx] [386b58df0704c0ce170d1d0e5e19ccf3]
https://image-sg.tiktokv.com [403] [GET] [text/html] [403 Forbidden] [nginx] [vhost] [Nginx] [4dec45889e09ec3ceb63fd65825d0f11]
https://image-useast2a.tiktokv.com [403] [GET] [text/html] [403 Forbidden] [nginx] [vhost] [Nginx] [4dec45889e09ec3ceb63fd65825d0f11]
https://image-useast2a.tiktokv.com [403] [GET] [text/html] [403 Forbidden] [nginx] [vhost] [Nginx] [bc56979a0b381a791dd59713198a87fb]
https://image-va-pub-test-useast1a.tiktokv.com [403] [GET] [text/plain charset=utf-8] [] [nginx] [vhost] [Nginx] [386b58df0704c0ce170d1d0e5e19ccf3]
https://image-va-pub-test-useast2a.tiktokv.com [403] [GET] [text/plain charset=utf-8] [] [nginx] [vhost] [Nginx] [386b58df0704c0ce170d1d0e5e19ccf3]
https://image-va-pub-test.tiktokv.com [403] [GET] [text/plain charset=utf-8] [] [nginx] [vhost] [Nginx] [386b58df0704c0ce170d1d0e5e19ccf3]
https://image-va-pub-useast1a.tiktokv.com [403] [GET] [text/plain charset=utf-8] [] [nginx] [vhost] [Nginx] [386b58df0704c0ce170d1d0e5e19ccf3]
https://image-va-pub-useast2a.tiktokv.com [403] [GET] [text/plain charset=utf-8] [] [nginx] [vhost] [Nginx] [386b58df0704c0ce170d1d0e5e19ccf3]
https://image-va-useast1a.tiktokv.com [403] [GET] [text/html] [403 Forbidden] [nginx] [vhost] [Nginx] [4dec45889e09ec3ceb63fd65825d0f11]
https://imapi-16.tiktokv.com [200] [GET] [application/x-protobuf] [] [nginx] [vhost] [Nginx] [a538339c4643ac628f39c013cc695960]
https://imapi-16.tiktokv.com [200] [GET] [application/x-protobuf] [] [nginx] [vhost] [Nginx] [a93fce0bb413267163fdefbec3ced9b5]
https://jsb-sg.tiktokv.com [404] [GET] [text/html] [404 Not Found] [nginx] [vhost] [Nginx] [8e325dc2fea7c8900fc6c4b8c6c394fe]
https://jsb-va.tiktokv.com [404] [GET] [text/html] [404 Not Found] [nginx] [vhost] [Nginx] [70461da8b94c6ca5d2fda3260c5a8c3b]
https://jsb16-normal-c-useast1a.tiktokv.com [404] [GET] [text/html] [404 Not Found] [nginx] [vhost] [Nginx] [70461da8b94c6ca5d2fda3260c5a8c3b]
https://jsb16-normal-c-useast1a.tiktokv.com [404] [GET] [text/html] [404 Not Found] [nginx] [vhost] [Nginx] [8e325dc2fea7c8900fc6c4b8c6c394fe]
https://libra-sg.tiktokv.com [404] [GET] [text/html] [404 Not Found] [nginx] [vhost] [Nginx] [70461da8b94c6ca5d2fda3260c5a8c3b]
https://libra-sg.tiktokv.com [404] [GET] [text/html] [404 Not Found] [nginx] [vhost] [Nginx] [8e325dc2fea7c8900fc6c4b8c6c394fe]
https://libra-va.tiktokv.com [404] [GET] [text/html] [404 Not Found] [nginx] [vhost] [Nginx] [70461da8b94c6ca5d2fda3260c5a8c3b]
https://libra-va.tiktokv.com [404] [GET] [text/html] [404 Not Found] [nginx] [vhost] [Nginx] [8e325dc2fea7c8900fc6c4b8c6c394fe]
https://log-va.tiktokv.com [504] [GET] [text/html] [504 Gateway Time-out] [nginx] [vhost] [Nginx] [2e7b9d6f18302f47f190831433d4f7c6]
https://log.tiktokv.com [404] [GET] [text/html] [404 Not Found] [nginx] [vhost] [Nginx] [70461da8b94c6ca5d2fda3260c5a8c3b]
https://log16-normal-c-useast2a.tiktokv.com [404] [GET] [text/html] [404 Not Found] [nginx] [vhost] [Nginx] [70461da8b94c6ca5d2fda3260c5a8c3b]
https://log16-normal-c-useast2a.tiktokv.com [404] [GET] [text/html] [404 Not Found] [nginx] [vhost] [Nginx] [8e325dc2fea7c8900fc6c4b8c6c394fe]
https://log58-normal-c-alisg.tiktokv.com [404] [GET] [text/html] [404 Not Found] [nginx] [Nginx] [70461da8b94c6ca5d2fda3260c5a8c3b]
https://log58-normal-c-alisg.tiktokv.com [404] [GET] [text/html] [404 Not Found] [nginx] [Nginx] [8e325dc2fea7c8900fc6c4b8c6c394fe]
https://log58-normal-c-alisg.tiktokv.com:444 [200] [GET] [text/html] [Welcome to nginx!] [nginx] [Nginx] [e3eb0a1df437f3f97a64aca5952c8ea0]
https://log58-normal-c-alisg.tiktokv.com:8443 [200] [GET] [text/html] [Welcome to nginx!] [nginx] [Nginx] [e3eb0a1df437f3f97a64aca5952c8ea0]
https://log58-normal-c-useast1a.tiktokv.com:444 [200] [GET] [text/html] [Welcome to nginx!] [nginx] [Nginx] [e3eb0a1df437f3f97a64aca5952c8ea0]
https://log58-normal-c-useast1a.tiktokv.com:8443 [200] [GET] [text/html] [Welcome to nginx!] [nginx] [Nginx] [e3eb0a1df437f3f97a64aca5952c8ea0]
https://log77-normal-c-alisg.tiktokv.com [404] [GET] [text/html] [404 Not Found] [CDN77-Turbo] [CDN77] [8e325dc2fea7c8900fc6c4b8c6c394fe]
https://log9-normal-c-useast1a.tiktokv.com:8088 [400] [GET] [text/html] [400 Bad Request] [nginx] [Nginx] [4cda19bfdae35a57a7174f7f962b16ac]
https://log9-normal-c-useast1a.tiktokv.com:8090 [400] [GET] [text/html] [400 Bad Request] [nginx] [Nginx] [85f2bbec1233ac018c05625dbe678144]
https://mcs-sg.tiktokv.com [404] [GET] [text/plain] [] [nginx] [vhost] [Nginx] [53af239ee5d3e261545dededcb6ffd57]
https://mcs-va-useast2a.tiktokv.com [404] [GET] [text/plain] [] [nginx] [vhost] [Nginx] [53af239ee5d3e261545dededcb6ffd57]
https://mcs-va.tiktokv.com [404] [GET] [text/plain] [] [nginx] [vhost] [Nginx] [53af239ee5d3e261545dededcb6ffd57]
https://mon-ru.tiktokv.com [404] [GET] [text/html] [404 Not Found] [nginx] [vhost] [Nginx] [8e325dc2fea7c8900fc6c4b8c6c394fe]
https://mon-sg.tiktokv.com [404] [GET] [text/html] [404 Not Found] [nginx] [vhost] [Nginx] [70461da8b94c6ca5d2fda3260c5a8c3b]
https://mon-useast2a.tiktokv.com [404] [GET] [text/html] [404 Not Found] [nginx] [Nginx] [70461da8b94c6ca5d2fda3260c5a8c3b]
https://mon-va.tiktokv.com [404] [GET] [text/html] [404 Not Found] [nginx] [vhost] [Nginx] [70461da8b94c6ca5d2fda3260c5a8c3b]
https://mon-va.tiktokv.com [404] [GET] [text/html] [404 Not Found] [nginx] [vhost] [Nginx] [8e325dc2fea7c8900fc6c4b8c6c394fe]
https://mon.tiktokv.com [404] [GET] [text/html] [404 Not Found] [nginx] [vhost] [Nginx] [8e325dc2fea7c8900fc6c4b8c6c394fe]
https://mon16-normal-c-useast1a.tiktokv.com [404] [GET] [text/html] [404 Not Found] [nginx] [vhost] [Nginx] [8e325dc2fea7c8900fc6c4b8c6c394fe]
https://mon16-normal-c-useast2a.tiktokv.com [404] [GET] [text/html] [404 Not Found] [nginx] [vhost] [Nginx] [70461da8b94c6ca5d2fda3260c5a8c3b]
https://mssdk-va.tiktokv.com [404] [GET] [text/html] [404 Not Found] [nginx] [vhost] [Nginx] [70461da8b94c6ca5d2fda3260c5a8c3b]
https://oec-api.tiktokv.com [404] [GET] [text/html] [404 Not Found] [nginx] [vhost] [Nginx] [8e325dc2fea7c8900fc6c4b8c6c394fe]
https://oec16-normal-alisg.tiktokv.com [404] [GET] [text/html] [404 Not Found] [nginx] [vhost] [Nginx] [70461da8b94c6ca5d2fda3260c5a8c3b]
https://oec16-normal-alisg.tiktokv.com [404] [GET] [text/html] [404 Not Found] [nginx] [vhost] [Nginx] [8e325dc2fea7c8900fc6c4b8c6c394fe]
https://oec16-normal-useast1a.tiktokv.com [404] [GET] [text/html] [404 Not Found] [nginx] [vhost] [Nginx] [70461da8b94c6ca5d2fda3260c5a8c3b]
https://oec16-normal-useast1a.tiktokv.com [404] [GET] [text/html] [404 Not Found] [nginx] [vhost] [Nginx] [8e325dc2fea7c8900fc6c4b8c6c394fe]
https://oec16-normal-useast2a.tiktokv.com [404] [GET] [text/html] [404 Not Found] [nginx] [vhost] [Nginx] [70461da8b94c6ca5d2fda3260c5a8c3b]
https://oec16-normal-useast2a.tiktokv.com [404] [GET] [text/html] [404 Not Found] [nginx] [vhost] [Nginx] [8e325dc2fea7c8900fc6c4b8c6c394fe]
https://open16-va-useast2a.tiktokv.com [404] [GET] [text/html] [404 Not Found] [nginx] [vhost] [Nginx] [70461da8b94c6ca5d2fda3260c5a8c3b]
https://open16-va-useast2a.tiktokv.com [404] [GET] [text/html] [404 Not Found] [nginx] [vhost] [Nginx] [8e325dc2fea7c8900fc6c4b8c6c394fe]
https://open16-va.tiktokv.com [404] [GET] [text/html] [404 Not Found] [nginx] [vhost] [Nginx] [70461da8b94c6ca5d2fda3260c5a8c3b]
https://open16-va.tiktokv.com [404] [GET] [text/html] [404 Not Found] [nginx] [vhost] [Nginx] [8e325dc2fea7c8900fc6c4b8c6c394fe]
https://rtlog-va.tiktokv.com [404] [GET] [text/html] [404 Not Found] [nginx] [vhost] [Nginx] [8e325dc2fea7c8900fc6c4b8c6c394fe]
https://rtlog.tiktokv.com [404] [GET] [text/html] [404 Not Found] [nginx] [vhost] [Nginx] [8e325dc2fea7c8900fc6c4b8c6c394fe]
https://sdfp-sg.tiktokv.com [503] [GET] [application/json] [] [nginx] [vhost] [Nginx] [445cb78d28b25fedf22152b2bceb05cc]
https://sdfp-va-useast2a.tiktokv.com [404] [GET] [text/plain] [] [nginx] [vhost] [Nginx] [53af239ee5d3e261545dededcb6ffd57]
https://sdfp-va.tiktokv.com [502] [GET] [text/html] [502 Bad Gateway] [nginx] [vhost] [Nginx] [261b1f079fa0a5c0c32d181e43440c05]
https://sdfp-va.tiktokv.com [502] [GET] [text/html] [502 Bad Gateway] [nginx] [vhost] [Nginx] [8dce59ae8ddc42b04d1f7e2c0c95ec3d]
https://sdfp16-normal-c-useast1a.tiktokv.com [502] [GET] [text/html] [502 Bad Gateway] [nginx] [vhost] [Nginx] [261b1f079fa0a5c0c32d181e43440c05]
https://sdfp16-normal-c-useast1a.tiktokv.com [502] [GET] [text/html] [502 Bad Gateway] [nginx] [vhost] [Nginx] [8dce59ae8ddc42b04d1f7e2c0c95ec3d]
https://sdfp16-tmp-normal-useast1a.tiktokv.com [502] [GET] [text/html] [502 Bad Gateway] [nginx] [vhost] [Nginx] [8dce59ae8ddc42b04d1f7e2c0c95ec3d]
https://search-va.tiktokv.com [404] [GET] [text/html] [404 Not Found] [nginx] [vhost] [Nginx] [8e325dc2fea7c8900fc6c4b8c6c394fe]
https://search.tiktokv.com [404] [GET] [text/html] [404 Not Found] [nginx] [vhost] [Nginx] [70461da8b94c6ca5d2fda3260c5a8c3b]
https://search16-normal-c-alisg.tiktokv.com [404] [GET] [text/html] [404 Not Found] [nginx] [vhost] [Nginx] [70461da8b94c6ca5d2fda3260c5a8c3b]
https://search16-normal-c-alisg.tiktokv.com [404] [GET] [text/html] [404 Not Found] [nginx] [vhost] [Nginx] [8e325dc2fea7c8900fc6c4b8c6c394fe]
https://search16-normal-c-useast1a.tiktokv.com [404] [GET] [text/html] [404 Not Found] [nginx] [vhost] [Nginx] [70461da8b94c6ca5d2fda3260c5a8c3b]
https://search16-normal-c-useast1a.tiktokv.com [404] [GET] [text/html] [404 Not Found] [nginx] [vhost] [Nginx] [8e325dc2fea7c8900fc6c4b8c6c394fe]
https://search19-normal-c-useast1a.tiktokv.com [404] [GET] [text/html] [404 Not Found] [nginx] [vhost] [fastly] [Nginx] [70461da8b94c6ca5d2fda3260c5a8c3b]
https://search19-normal-c-useast1a.tiktokv.com [404] [GET] [text/html] [404 Not Found] [nginx] [vhost] [fastly] [Nginx] [8e325dc2fea7c8900fc6c4b8c6c394fe]
https://search22-normal-c-alisg.tiktokv.com [404] [GET] [text/html] [404 Not Found] [nginx] [google] [Google Cloud,Google Cloud CDN,Nginx] [8e325dc2fea7c8900fc6c4b8c6c394fe]
https://search22-normal-c-useast1a.tiktokv.com [404] [GET] [text/html] [404 Not Found] [nginx] [google] [Google Cloud,Google Cloud CDN,Nginx] [8e325dc2fea7c8900fc6c4b8c6c394fe]
https://search22-normal-c-useast1a.tiktokv.com [404] [GET] [text/html] [404 Not Found] [nginx] [vhost] [google] [Google Cloud,Google Cloud CDN,Nginx] [70461da8b94c6ca5d2fda3260c5a8c3b]
https://smr-sg.tiktokv.com [404] [GET] [text/plain] [] [nginx] [vhost] [Nginx] [53af239ee5d3e261545dededcb6ffd57]
https://smr-va.tiktokv.com [404] [GET] [text/plain] [] [nginx] [vhost] [Nginx] [53af239ee5d3e261545dededcb6ffd57]
https://tiktokv.com [404] [GET] [text/html] [404 Not Found] [nginx] [vhost] [Nginx] [8e325dc2fea7c8900fc6c4b8c6c394fe]
https://tnc16-alisg.tiktokv.com [404] [GET] [text/html] [404 Not Found] [nginx] [vhost] [Nginx] [8e325dc2fea7c8900fc6c4b8c6c394fe]
https://tnc16-platform-alisg.tiktokv.com [404] [GET] [text/html] [404 Not Found] [nginx] [vhost] [Nginx] [70461da8b94c6ca5d2fda3260c5a8c3b]
https://tnc16-platform-alisg.tiktokv.com [404] [GET] [text/html] [404 Not Found] [nginx] [vhost] [Nginx] [8e325dc2fea7c8900fc6c4b8c6c394fe]
https://tnc16-platform-useast1a.tiktokv.com [404] [GET] [text/html] [404 Not Found] [nginx] [vhost] [Nginx] [8e325dc2fea7c8900fc6c4b8c6c394fe]
https://tnc16-useast1a.tiktokv.com [404] [GET] [text/html] [404 Not Found] [nginx] [vhost] [Nginx] [70461da8b94c6ca5d2fda3260c5a8c3b]
https://tnc16-useast1a.tiktokv.com [404] [GET] [text/html] [404 Not Found] [nginx] [vhost] [Nginx] [8e325dc2fea7c8900fc6c4b8c6c394fe]
https://tnc16-useast2a.tiktokv.com [503] [GET] [text/html] [Error] [AkamaiGHost] [vhost] [2be6dcbe5c20753f7dcd53f99d4cad7c]
https://tnc16-useast2a.tiktokv.com [503] [GET] [text/html] [Error] [AkamaiGHost] [vhost] [3057c139f1d5c8c37b94a1e34f4e426c]
https://tos-maliva16-up.tiktokv.com [504] [GET] [text/html] [504 Gateway Time-out] [nginx] [vhost] [Nginx] [2e7b9d6f18302f47f190831433d4f7c6]
https://tos-maliva16-up.tiktokv.com [504] [GET] [text/html] [504 Gateway Time-out] [nginx] [vhost] [Nginx] [d5fe747284e5f75f6327b70b02f6ff02]
https://tos-maliva19-up.tiktokv.com [504] [GET] [text/html] [504 Gateway Time-out] [nginx] [vhost] [fastly] [Nginx] [2e7b9d6f18302f47f190831433d4f7c6]
https://tos-maliva19-up.tiktokv.com [504] [GET] [text/html] [504 Gateway Time-out] [nginx] [vhost] [fastly] [Nginx] [d5fe747284e5f75f6327b70b02f6ff02]
https://tos-maliva21-up.tiktokv.com [504] [GET] [text/html] [504 Gateway Time-out] [nginx] [vhost] [fastly] [Nginx] [d5fe747284e5f75f6327b70b02f6ff02]
https://tp-pay-mva.tiktokv.com [404] [GET] [text/html] [404 Not Found] [nginx] [vhost] [Nginx] [8e325dc2fea7c8900fc6c4b8c6c394fe]
https://ttnet-useast2a.tiktokv.com [404] [GET] [text/html] [404 Not Found] [nginx] [Nginx] [70461da8b94c6ca5d2fda3260c5a8c3b]
https://ttnet-useast2a.tiktokv.com [404] [GET] [text/html] [404 Not Found] [nginx] [Nginx] [8e325dc2fea7c8900fc6c4b8c6c394fe]
https://ugattribution-sg.tiktokv.com [404] [GET] [text/html] [404 Not Found] [nginx] [vhost] [Nginx] [8e325dc2fea7c8900fc6c4b8c6c394fe]
https://upload22-normal-c-alisg.tiktokv.com [404] [GET] [text/html] [404 Not Found] [nginx] [vhost] [Nginx] [70461da8b94c6ca5d2fda3260c5a8c3b]
https://upload22-normal-c-alisg.tiktokv.com [404] [GET] [text/html] [404 Not Found] [nginx] [vhost] [Nginx] [8e325dc2fea7c8900fc6c4b8c6c394fe]
https://v-va.tiktokv.com [200] [GET] [application/json] [] [nginx] [vhost] [Nginx] [a546b9702956622f15485805e9fef828]
https://v16-up.tiktokv.com [503] [GET] [text/html] [Error] [AkamaiGHost] [vhost] [b5a9a8f342556ba0b8baf949e22b32a5]
https://v16-up.tiktokv.com [503] [GET] [text/html] [Error] [AkamaiGHost] [vhost] [d5eb5455531e8dfee9572f80e9942593]
https://v16.tiktokv.com [503] [GET] [text/html] [Error] [AkamaiGHost] [vhost] [841dd14c8470039447a4a9ff5aaeb712]
https://v16.tiktokv.com [503] [GET] [text/html] [Error] [AkamaiGHost] [vhost] [a02bd0fd1bcea47a74ec504d1e35f073]
https://vas-alisg16.tiktokv.com [404] [GET] [text/html] [404 Not Found] [nginx] [vhost] [Nginx] [8e325dc2fea7c8900fc6c4b8c6c394fe]
https://vas-maliva16.tiktokv.com [404] [GET] [text/html] [404 Not Found] [nginx] [vhost] [Nginx] [8e325dc2fea7c8900fc6c4b8c6c394fe]
https://vcs-sg.tiktokv.com [404] [GET] [text/plain] [] [nginx] [vhost] [Nginx] [53af239ee5d3e261545dededcb6ffd57]
https://vcs-va-useast2a.tiktokv.com [404] [GET] [text/plain] [] [nginx] [vhost] [Nginx] [53af239ee5d3e261545dededcb6ffd57]
https://vcs-va.tiktokv.com [404] [GET] [text/plain] [] [nginx] [vhost] [Nginx] [53af239ee5d3e261545dededcb6ffd57]
https://verification-va-useast2a.tiktokv.com [404] [GET] [text/plain] [] [nginx] [vhost] [Nginx] [53af239ee5d3e261545dededcb6ffd57]
https://verification-va.tiktokv.com [404] [GET] [text/plain] [] [nginx] [vhost] [Nginx] [53af239ee5d3e261545dededcb6ffd57]
https://verification16-normal-c-useast1a.tiktokv.com [404] [GET] [text/plain] [] [nginx] [vhost] [Nginx] [53af239ee5d3e261545dededcb6ffd57]
https://verification16-normal-c-useast2a.tiktokv.com [404] [GET] [text/plain] [] [nginx] [vhost] [Nginx] [53af239ee5d3e261545dededcb6ffd57]
https://verification16-tmp-normal-useast1a.tiktokv.com [404] [GET] [text/plain] [] [nginx] [vhost] [Nginx] [53af239ee5d3e261545dededcb6ffd57]
https://verify-sg.tiktokv.com [404] [GET] [text/plain] [] [nginx] [vhost] [Nginx] [53af239ee5d3e261545dededcb6ffd57]
https://video-sg.tiktokv.com [403] [GET] [text/html] [403 Forbidden] [nginx] [vhost] [Nginx] [4dec45889e09ec3ceb63fd65825d0f11]
https://video-sg.tiktokv.com [403] [GET] [text/html] [403 Forbidden] [nginx] [vhost] [Nginx] [bc56979a0b381a791dd59713198a87fb]
https://video-tcs-sg.tiktokv.com [403] [GET] [text/html] [403 Forbidden] [nginx] [vhost] [Nginx] [4dec45889e09ec3ceb63fd65825d0f11]
https://video-tcs-va.tiktokv.com [403] [GET] [text/html] [403 Forbidden] [nginx] [vhost] [Nginx] [4dec45889e09ec3ceb63fd65825d0f11]
https://video-tcs-va.tiktokv.com [403] [GET] [text/html] [403 Forbidden] [nginx] [vhost] [Nginx] [bc56979a0b381a791dd59713198a87fb]
https://video-va.tiktokv.com [403] [GET] [text/html] [403 Forbidden] [nginx] [vhost] [Nginx] [4dec45889e09ec3ceb63fd65825d0f11]
https://video-va.tiktokv.com [403] [GET] [text/html] [403 Forbidden] [nginx] [vhost] [Nginx] [bc56979a0b381a791dd59713198a87fb]
https://vod-maliva.tiktokv.com [400] [GET] [application/json] [] [nginx] [vhost] [Nginx] [112d01f430e406d99a8f721425453e9e]
https://vod-maliva.tiktokv.com [400] [GET] [application/json] [] [nginx] [vhost] [Nginx] [87bf426953936e000351ec2de4d65044]
https://vod-sg.tiktokv.com [400] [GET] [application/json] [] [nginx] [vhost] [Nginx] [0272ff4b94bbf631b1ffc09d8832adfc]
https://vod-sg.tiktokv.com [400] [GET] [application/json] [] [nginx] [vhost] [Nginx] [d8296e63ddd5a132d10f53ed1978ce88]
https://webcast-ru.tiktokv.com [404] [GET] [text/html] [404 Not Found] [nginx] [vhost] [Nginx] [70461da8b94c6ca5d2fda3260c5a8c3b]
https://webcast-ru.tiktokv.com [404] [GET] [text/html] [404 Not Found] [nginx] [vhost] [Nginx] [8e325dc2fea7c8900fc6c4b8c6c394fe]
https://webcast-useast1a.tiktokv.com [404] [GET] [text/html] [404 Not Found] [nginx] [vhost] [Nginx] [70461da8b94c6ca5d2fda3260c5a8c3b]
https://webcast-useast2a.tiktokv.com [404] [GET] [text/html] [404 Not Found] [nginx] [vhost] [Nginx] [70461da8b94c6ca5d2fda3260c5a8c3b]
https://webcast-useast2a.tiktokv.com [404] [GET] [text/html] [404 Not Found] [nginx] [vhost] [Nginx] [8e325dc2fea7c8900fc6c4b8c6c394fe]
https://webcast-va.tiktokv.com [404] [GET] [text/html] [404 Not Found] [nginx] [vhost] [Nginx] [70461da8b94c6ca5d2fda3260c5a8c3b]
https://webcast-va.tiktokv.com [404] [GET] [text/html] [404 Not Found] [nginx] [vhost] [Nginx] [8e325dc2fea7c8900fc6c4b8c6c394fe]
https://webcast.tiktokv.com [404] [GET] [text/html] [404 Not Found] [nginx] [vhost] [Nginx] [8e325dc2fea7c8900fc6c4b8c6c394fe]
https://webcast1.tiktokv.com [400] [GET] [text/html] [Invalid URL] [AkamaiGHost] [656c8524ae2c5fe6281a9f7d8bb4d157]
https://webcast1.tiktokv.com [400] [GET] [text/html] [Invalid URL] [AkamaiGHost] [ae180c2146414aea89afec4d55d4e324]
https://webcast16-core-c-useast1a.tiktokv.com [404] [GET] [text/html] [404 Not Found] [nginx] [vhost] [Nginx] [70461da8b94c6ca5d2fda3260c5a8c3b]
https://webcast16-core-c-useast1a.tiktokv.com [404] [GET] [text/html] [404 Not Found] [nginx] [vhost] [Nginx] [8e325dc2fea7c8900fc6c4b8c6c394fe]
https://webcast16-core-c-useast2a.tiktokv.com [404] [GET] [text/html] [404 Not Found] [nginx] [vhost] [Nginx] [70461da8b94c6ca5d2fda3260c5a8c3b]
https://webcast16-core-c-useast2a.tiktokv.com [404] [GET] [text/html] [404 Not Found] [nginx] [vhost] [Nginx] [8e325dc2fea7c8900fc6c4b8c6c394fe]
https://webcast16-normal-c-alisg.tiktokv.com [404] [GET] [text/html] [404 Not Found] [nginx] [vhost] [Nginx] [8e325dc2fea7c8900fc6c4b8c6c394fe]
https://webcast16-normal-c-useast1a.tiktokv.com [404] [GET] [text/html] [404 Not Found] [nginx] [vhost] [Nginx] [70461da8b94c6ca5d2fda3260c5a8c3b]
https://webcast16-normal-c-useast1a.tiktokv.com [404] [GET] [text/html] [404 Not Found] [nginx] [vhost] [Nginx] [8e325dc2fea7c8900fc6c4b8c6c394fe]
https://webcast16-normal-c-useast2a.tiktokv.com [404] [GET] [text/html] [404 Not Found] [nginx] [vhost] [Nginx] [8e325dc2fea7c8900fc6c4b8c6c394fe]
https://webcast16-tmp-normal-useast1a.tiktokv.com [404] [GET] [text/html] [404 Not Found] [nginx] [vhost] [Nginx] [70461da8b94c6ca5d2fda3260c5a8c3b]
https://webcast16-va.tiktokv.com [404] [GET] [text/html] [404 Not Found] [nginx] [vhost] [Nginx] [8e325dc2fea7c8900fc6c4b8c6c394fe]
https://webcast16-ws-c-alisg.tiktokv.com [404] [GET] [text/html] [404 Not Found] [nginx] [vhost] [Nginx] [70461da8b94c6ca5d2fda3260c5a8c3b]
https://webcast16-ws-c-alisg.tiktokv.com [404] [GET] [text/html] [404 Not Found] [nginx] [vhost] [Nginx] [8e325dc2fea7c8900fc6c4b8c6c394fe]
https://webcast16-ws-c-va.tiktokv.com [404] [GET] [text/html] [404 Not Found] [nginx] [vhost] [Nginx] [8e325dc2fea7c8900fc6c4b8c6c394fe]
https://webcast16.tiktokv.com [404] [GET] [text/html] [404 Not Found] [nginx] [vhost] [Nginx] [70461da8b94c6ca5d2fda3260c5a8c3b]
https://webcast16.tiktokv.com [404] [GET] [text/html] [404 Not Found] [nginx] [vhost] [Nginx] [8e325dc2fea7c8900fc6c4b8c6c394fe]
https://webcast19-core-c-alisg.tiktokv.com [404] [GET] [text/html] [404 Not Found] [nginx] [vhost] [fastly] [Nginx] [8e325dc2fea7c8900fc6c4b8c6c394fe]
https://webcast19-core-c-useast1a.tiktokv.com [404] [GET] [text/html] [404 Not Found] [nginx] [vhost] [fastly] [Nginx] [70461da8b94c6ca5d2fda3260c5a8c3b]
https://webcast19-core-c-useast1a.tiktokv.com [404] [GET] [text/html] [404 Not Found] [nginx] [vhost] [fastly] [Nginx] [8e325dc2fea7c8900fc6c4b8c6c394fe]
https://webcast19-core-c-useast2a.tiktokv.com [404] [GET] [text/html] [404 Not Found] [nginx] [vhost] [fastly] [Nginx] [70461da8b94c6ca5d2fda3260c5a8c3b]
https://webcast19-normal-c-alisg.tiktokv.com [404] [GET] [text/html] [404 Not Found] [nginx] [vhost] [fastly] [Nginx] [8e325dc2fea7c8900fc6c4b8c6c394fe]
https://webcast19-normal-c-useast1a.tiktokv.com [404] [GET] [text/html] [404 Not Found] [nginx] [vhost] [fastly] [Nginx] [70461da8b94c6ca5d2fda3260c5a8c3b]
https://webcast19-normal-c-useast1a.tiktokv.com [404] [GET] [text/html] [404 Not Found] [nginx] [vhost] [fastly] [Nginx] [8e325dc2fea7c8900fc6c4b8c6c394fe]
https://webcast19-normal-c-useast2a.tiktokv.com [404] [GET] [text/html] [404 Not Found] [nginx] [vhost] [fastly] [Nginx] [8e325dc2fea7c8900fc6c4b8c6c394fe]
https://webcast19-va.tiktokv.com [404] [GET] [text/html] [404 Not Found] [nginx] [vhost] [fastly] [Nginx] [8e325dc2fea7c8900fc6c4b8c6c394fe]
https://webcast19.tiktokv.com [404] [GET] [text/html] [404 Not Found] [nginx] [vhost] [fastly] [Nginx] [70461da8b94c6ca5d2fda3260c5a8c3b]
https://webcast19.tiktokv.com [404] [GET] [text/html] [404 Not Found] [nginx] [vhost] [fastly] [Nginx] [8e325dc2fea7c8900fc6c4b8c6c394fe]
https://webcast2.tiktokv.com [400] [GET] [text/html] [Invalid URL] [AkamaiGHost] [6c686bd80e1f4ba7a6a7a30855913274]
https://webcast2.tiktokv.com [400] [GET] [text/html] [Invalid URL] [AkamaiGHost] [b9ac62f84aad350307dffbec143b442e]
https://webcast21-core-c-useast1a.tiktokv.com [404] [GET] [text/html] [404 Not Found] [nginx] [vhost] [fastly] [Nginx] [70461da8b94c6ca5d2fda3260c5a8c3b]
https://webcast21-core-c-useast1a.tiktokv.com [404] [GET] [text/html] [404 Not Found] [nginx] [vhost] [fastly] [Nginx] [8e325dc2fea7c8900fc6c4b8c6c394fe]
https://webcast21-core-c-useast2a.tiktokv.com [404] [GET] [text/html] [404 Not Found] [nginx] [vhost] [fastly] [Nginx] [70461da8b94c6ca5d2fda3260c5a8c3b]
https://webcast21-core-c-useast2a.tiktokv.com [404] [GET] [text/html] [404 Not Found] [nginx] [vhost] [fastly] [Nginx] [8e325dc2fea7c8900fc6c4b8c6c394fe]
https://webcast21-normal-c-alisg.tiktokv.com [404] [GET] [text/html] [404 Not Found] [nginx] [vhost] [fastly] [Nginx] [8e325dc2fea7c8900fc6c4b8c6c394fe]
https://webcast21-normal-c-useast1a.tiktokv.com [404] [GET] [text/html] [404 Not Found] [nginx] [vhost] [fastly] [Nginx] [8e325dc2fea7c8900fc6c4b8c6c394fe]
https://webcast21-normal-c-useast2a.tiktokv.com [404] [GET] [text/html] [404 Not Found] [nginx] [vhost] [fastly] [Nginx] [70461da8b94c6ca5d2fda3260c5a8c3b]
https://webcast21-normal-c-useast2a.tiktokv.com [404] [GET] [text/html] [404 Not Found] [nginx] [vhost] [fastly] [Nginx] [8e325dc2fea7c8900fc6c4b8c6c394fe]
https://webcast21-va.tiktokv.com [404] [GET] [text/html] [404 Not Found] [nginx] [vhost] [fastly] [Nginx] [8e325dc2fea7c8900fc6c4b8c6c394fe]
https://webcast21.tiktokv.com [404] [GET] [text/html] [404 Not Found] [nginx] [vhost] [fastly] [Nginx] [70461da8b94c6ca5d2fda3260c5a8c3b]
https://webcast21.tiktokv.com [404] [GET] [text/html] [404 Not Found] [nginx] [vhost] [fastly] [Nginx] [8e325dc2fea7c8900fc6c4b8c6c394fe]
https://webcast22-core-c-useast1a.tiktokv.com [404] [GET] [text/html] [404 Not Found] [nginx] [google] [Google Cloud,Google Cloud CDN,Nginx] [70461da8b94c6ca5d2fda3260c5a8c3b]
https://webcast22-core-c-useast1a.tiktokv.com [404] [GET] [text/html] [404 Not Found] [nginx] [google] [Google Cloud,Google Cloud CDN,Nginx] [8e325dc2fea7c8900fc6c4b8c6c394fe]
https://webcast22-normal-c-alisg.tiktokv.com [404] [GET] [text/html] [404 Not Found] [nginx] [google] [Google Cloud,Google Cloud CDN,Nginx] [8e325dc2fea7c8900fc6c4b8c6c394fe]
https://webcast22-normal-c-useast1a.tiktokv.com [404] [GET] [text/html] [404 Not Found] [nginx] [google] [Google Cloud,Google Cloud CDN,Nginx] [8e325dc2fea7c8900fc6c4b8c6c394fe]
https://webcast22-normal-c-useast1a.tiktokv.com [404] [GET] [text/html] [404 Not Found] [nginx] [vhost] [google] [Google Cloud,Google Cloud CDN,Nginx] [70461da8b94c6ca5d2fda3260c5a8c3b]
https://webcast22-normal-c-useast2a.tiktokv.com [404] [GET] [text/html] [404 Not Found] [nginx] [google] [Google Cloud,Google Cloud CDN,Nginx] [8e325dc2fea7c8900fc6c4b8c6c394fe]
https://webcast4.tiktokv.com [400] [GET] [text/html] [Invalid URL] [AkamaiGHost] [4962322514c64d53f10d5cd5b5365175]
https://webcast4.tiktokv.com [400] [GET] [text/html] [Invalid URL] [AkamaiGHost] [6b8431b4d21ae88468d14e05018a03fc]
https://webcast5.tiktokv.com [400] [GET] [text/html] [Invalid URL] [AkamaiGHost] [25c6b3fc5e9be3c5942b382310e05c01]
https://webcast5.tiktokv.com [400] [GET] [text/html] [Invalid URL] [AkamaiGHost] [99f27d530aac83cf0e74a4058a2b42dd]
https://www.tiktokv.com [301] [GET] [text/html] [301 Moved Permanently] [nginx] [vhost] [Nginx] [cd2e0e43980a00fb6a2742d3afd803b8]
https://xlog-va-useast2a.tiktokv.com [404] [GET] [text/plain] [] [nginx] [vhost] [Nginx] [53af239ee5d3e261545dededcb6ffd57]
https://xlog-va.tiktokv.com [404] [GET] [text/plain] [] [nginx] [vhost] [Nginx] [53af239ee5d3e261545dededcb6ffd57]
https://xlog.tiktokv.com [404] [GET] [text/plain] [] [nginx] [vhost] [Nginx] [53af239ee5d3e261545dededcb6ffd57]
https://xlog16-normal-c-useast1a.tiktokv.com [404] [GET] [text/plain] [] [nginx] [vhost] [Nginx] [53af239ee5d3e261545dededcb6ffd57]
https://xlog16-normal-c-useast2a.tiktokv.com [404] [GET] [text/plain] [] [nginx] [vhost] [Nginx] [53af239ee5d3e261545dededcb6ffd57]
