http://insights.tomorrow.one [301] [GET] [text/html] [301 Moved Permanently] [awselb/2.0] [4aa7a432bb447f094408f1bd6229c605]
https://1password-scim.live.aws.tomorrow.one [307] [GET] [text/html] [] [nginx] [vhost] [Nginx] [6bc692ccc10112a7d62b6e36e43c2a0b]
https://api.live.aws.tomorrow.one [400] [GET] [application/json] [] [nginx] [vhost] [Nginx] [5265d50e47137b552c3e6f5747893240]
https://api.live.aws.tomorrow.one [400] [GET] [application/json] [] [nginx] [vhost] [Nginx] [adb8c717731b5490fae57a54cfb39599]
https://api.staging.aws.tomorrow.one [400] [GET] [application/json] [] [nginx] [vhost] [Nginx] [4a628d930b54c55900628ba2900acf7a]
https://api.staging.aws.tomorrow.one [400] [GET] [application/json] [] [nginx] [vhost] [Nginx] [743fbd8bde2c2e9e99d626c6b58094a6]
https://api.tomorrow.one [400] [GET] [application/json] [] [nginx] [vhost] [Nginx] [b1b6f9708004ea14c5261bd8f74633ff]
https://api.tomorrow.one [400] [GET] [application/json] [] [nginx] [vhost] [Nginx] [f5c35096fc6c9976dfd5864236a9e9df]
https://assets.tomorrow.one [403] [GET] [application/xml] [] [AmazonS3] [vhost] [cloudfront] [Amazon Cloudfront,Amazon S3,Amazon Web Services] [2d70863bbc8c1a8f9d847b556291440c]
https://assets.tomorrow.one [403] [GET] [application/xml] [] [AmazonS3] [vhost] [cloudfront] [Amazon Cloudfront,Amazon S3,Amazon Web Services] [84ad360b1578f119d449134714bfa572]
https://clicks.tomorrow.one [404] [GET] [text/html] [404 Not Found] [msys-http] [vhost] [cloudfront] [Amazon Cloudfront,Amazon Web Services] [ad76203cbb9feb6a77342842816f7b51]
https://community.live.aws.tomorrow.one [200] [GET] [text/html] [Community | Tomorrow] [nginx] [Discourse,Google Tag Manager,Nginx,Ruby on Rails] [1f093d04a0ca54922f0166075bee41c8]
https://community.live.aws.tomorrow.one [200] [GET] [text/html] [Community | Tomorrow] [nginx] [Discourse,Google Tag Manager,Nginx,Ruby on Rails] [4bff5334016fcf3358b28edb77ae33a2]
https://community.tomorrow.one [200] [GET] [text/html] [Community | Tomorrow] [nginx] [Discourse,Google Tag Manager,Nginx,Ruby on Rails] [3808278636e45feacf8601a6193609e9]
https://community.tomorrow.one [200] [GET] [text/html] [Community | Tomorrow] [nginx] [Discourse,Google Tag Manager,Nginx,Ruby on Rails] [f2e930bfd5b416cf7a3d998f00ae5759]
https://content.live.aws.tomorrow.one [403] [GET] [application/xml] [] [AmazonS3] [vhost] [cloudfront] [Amazon Cloudfront,Amazon S3,Amazon Web Services] [1eb9b72149dad9fa2ff09a8cff42c744]
https://content.live.aws.tomorrow.one [403] [GET] [application/xml] [] [AmazonS3] [vhost] [cloudfront] [Amazon Cloudfront,Amazon S3,Amazon Web Services] [c71fa65ca5c83c0e55ef5410d425dbbf]
https://content.staging.aws.tomorrow.one [403] [GET] [application/xml] [] [AmazonS3] [vhost] [cloudfront] [Amazon Cloudfront,Amazon S3,Amazon Web Services] [1e901394f5342bf2a5b96ab28f04df6c]
https://content.staging.aws.tomorrow.one [403] [GET] [application/xml] [] [AmazonS3] [vhost] [cloudfront] [Amazon Cloudfront,Amazon S3,Amazon Web Services] [7d6c5140c34ed7b3616b9d4f44198062]
https://fslink.tomorrow.one [404] [GET] [text/plain] [] [] [d41d8cd98f00b204e9800998ecf8427e]
https://fwtrack1.tomorrow.one [404] [GET] [text/html] [404 Not Found] [nginx] [Nginx] [70461da8b94c6ca5d2fda3260c5a8c3b]
https://fwtrack1.tomorrow.one [404] [GET] [text/html] [404 Not Found] [nginx] [Nginx] [8e325dc2fea7c8900fc6c4b8c6c394fe]
https://fwtrack.tomorrow.one [404] [GET] [text/plain] [] [awselb/2.0] [d41d8cd98f00b204e9800998ecf8427e]
https://get.tomorrow.one [301] [GET] [text/html] [301 Moved Permanently] [nginx] [vhost] [Nginx] [4f8e702cc244ec5d4de32740c0ecbd97]
http://shop.tomorrow.one:2052 [403] [GET] [text/html] [Attention Required! | Cloudflare] [cloudflare] [Cloudflare] [dad990fbff90eff31b53c9d8e37f29f2]
http://shop.tomorrow.one:2082 [403] [GET] [text/html] [Attention Required! | Cloudflare] [cloudflare] [Cloudflare] [6e22e11af4d3d99a5d2968a540c3e46e]
http://shop.tomorrow.one:2086 [403] [GET] [text/html] [Attention Required! | Cloudflare] [cloudflare] [Cloudflare] [4efdcf362f013fcd62753bf64471abf1]
http://shop.tomorrow.one:2095 [403] [GET] [text/html] [Attention Required! | Cloudflare] [cloudflare] [Cloudflare] [89e364c9a4c87415b244a428e7d97282]
http://shop.tomorrow.one:8080 [403] [GET] [text/html] [Attention Required! | Cloudflare] [cloudflare] [Cloudflare] [7c547b925da50e7726b8ca040868f82f]
http://shop.tomorrow.one:8880 [403] [GET] [text/html] [Attention Required! | Cloudflare] [cloudflare] [Cloudflare] [883fb07e7ef80c1cb87a1c8901dc3904]
https://invest-guides.prototype.staging.aws.tomorrow.one [401] [GET] [text/html] [401 Authorization Required] [nginx] [vhost] [Basic,Nginx] [28c5f434e4ab2e2a682400cb005fb08b]
https://invest-guides.prototype.staging.aws.tomorrow.one [401] [GET] [text/html] [401 Authorization Required] [nginx] [vhost] [Basic,Nginx] [55f69d37caed0efafa4d15970ed5f18e]
https://jobs-faq.tomorrow.one [302] [GET] [text/html] [] [fwe] [vhost] [Envoy,RackCache,Ruby] [eda37979ac05941b3f2fad968389b97f]
https://lifestyle.prototype.staging.aws.tomorrow.one [401] [GET] [text/html] [401 Authorization Required] [nginx] [vhost] [Basic,Nginx] [55f69d37caed0efafa4d15970ed5f18e]
https://lifestyle.prototype.tomorrow.one [200] [GET] [text/html] [Tomorrow Benefits] [nginx] [vhost] [Nginx] [6d180af57e3f4dfab49ee488686c18ef]
https://open.tomorrow.one [301] [GET] [text/html] [301 Moved Permanently] [nginx] [vhost] [Nginx] [4f8e702cc244ec5d4de32740c0ecbd97]
https://openvpn1.live.aws.tomorrow.one [302] [GET] [text/html] [] [OpenVPN-AS] [vhost] [d41d8cd98f00b204e9800998ecf8427e]
https://openvpn2.live.aws.tomorrow.one [302] [GET] [text/html] [] [OpenVPN-AS] [vhost] [d41d8cd98f00b204e9800998ecf8427e]
https://openvpn.live.aws.tomorrow.one [302] [GET] [text/html] [] [OpenVPN-AS] [vhost] [d41d8cd98f00b204e9800998ecf8427e]
https://prototype.tomorrow.one [403] [GET] [text/html] [403 Forbidden] [nginx] [vhost] [Nginx] [9fe3cb2b7313dc79bb477bc8fde184a7]
https://sarma.staging.aws.tomorrow.one [403] [GET] [text/html] [403 Forbidden] [nginx] [vhost] [Nginx] [9fe3cb2b7313dc79bb477bc8fde184a7]
https://sarma.tomorrow.one [403] [GET] [text/html] [403 Forbidden] [nginx] [vhost] [Nginx] [4b074b0b59693fa9f94fb71b175fb187]
https://sarma.tomorrow.one [403] [GET] [text/html] [403 Forbidden] [nginx] [vhost] [Nginx] [9fe3cb2b7313dc79bb477bc8fde184a7]
https://shop.tomorrow.one [200] [GET] [text/html] [Tomorrow Shop] [cloudflare] [vhost] [Cloudflare,Shopify] [16120ca23b8bb82f716b0cbf76eb8f58]
https://shop.tomorrow.one [200] [GET] [text/html] [Tomorrow Shop] [cloudflare] [vhost] [Cloudflare,Shopify] [6511c5336c2fc62c2923032bfca1abe3]
https://shop.tomorrow.one:2053 [403] [GET] [text/html] [Attention Required! | Cloudflare] [cloudflare] [vhost] [Cloudflare] [956e7ce7270141f1cfbd1ee5f2148e90]
https://shop.tomorrow.one:2083 [403] [GET] [text/html] [Attention Required! | Cloudflare] [cloudflare] [vhost] [Cloudflare] [ed43e85c463d4bc7898bd4ea8b0c5673]
https://shop.tomorrow.one:2087 [403] [GET] [text/html] [Attention Required! | Cloudflare] [cloudflare] [vhost] [Cloudflare] [d08a7aba75ed06ce99d7d054e523e9c0]
https://shop.tomorrow.one:2096 [403] [GET] [text/html] [Attention Required! | Cloudflare] [cloudflare] [vhost] [Cloudflare] [f5d417e1437aa6d36cffe3e2c1e2d06b]
https://shop.tomorrow.one:8443 [403] [GET] [text/html] [Attention Required! | Cloudflare] [cloudflare] [vhost] [Cloudflare] [389b9c3bbbc949baa9a8f364969a4bce]
https://sign-up-canvas.prototype.staging.aws.tomorrow.one [401] [GET] [text/html] [401 Authorization Required] [nginx] [vhost] [Basic,Nginx] [28c5f434e4ab2e2a682400cb005fb08b]
https://sign-up-canvas.prototype.tomorrow.one [200] [GET] [text/html] [Tomorrow] [nginx] [vhost] [Nginx] [7f6468b449e3e129d8b41e0cb8983e48]
https://staging.aws.tomorrow.one [404] [GET] [text/plain] [] [nginx] [Nginx] [efa6ba503d1db3c0aeb36d2dfe12081a]
https://support.tomorrow.one [302] [GET] [text/html] [] [fwe] [vhost] [Envoy,RackCache,Ruby] [806f32f283c5d9882a309e9afef07301]
https://symmetry-paving-canvas-unmanned.prototype.tomorrow.one [401] [GET] [text/html] [401 Authorization Required] [nginx] [vhost] [Basic,Nginx] [28c5f434e4ab2e2a682400cb005fb08b]
https://tomorrow.one [301] [GET] [text/html] [301 Moved Permanently] [nginx] [vhost] [Nginx] [4f8e702cc244ec5d4de32740c0ecbd97]
https://www.tomorrow.one [301] [GET] [text/html] [301 Moved Permanently] [nginx] [vhost] [Nginx] [4f8e702cc244ec5d4de32740c0ecbd97]
http://webanalytics.live.aws.tomorrow.one [301] [GET] [text/html] [301 Moved Permanently] [awselb/2.0] [4aa7a432bb447f094408f1bd6229c605]
