http://docs.tranche.finance:2082 [302] [GET] [] [] [cloudflare] [vhost] [cloudflare] [Cloudflare] [d41d8cd98f00b204e9800998ecf8427e]
http://docs.tranche.finance:2086 [302] [GET] [] [] [cloudflare] [vhost] [cloudflare] [Cloudflare] [d41d8cd98f00b204e9800998ecf8427e]
http://docs.tranche.finance:8080 [302] [GET] [] [] [cloudflare] [vhost] [cloudflare] [Cloudflare] [d41d8cd98f00b204e9800998ecf8427e]
http://docs.tranche.finance:8880 [302] [GET] [] [] [cloudflare] [vhost] [cloudflare] [Cloudflare] [d41d8cd98f00b204e9800998ecf8427e]
http://ipfsstaging.tranche.finance:2082 [200] [GET] [text/html] [Tranche Finance] [cloudflare] [vhost] [cloudflare] [Cloudflare,Cloudflare Bot Management,Google Font API,IPFS] [6508b10fd72462d1661f60a065c52539]
http://ipfsstaging.tranche.finance:2086 [200] [GET] [text/html] [Tranche Finance] [cloudflare] [vhost] [cloudflare] [Cloudflare,Cloudflare Bot Management,Google Font API,IPFS] [6508b10fd72462d1661f60a065c52539]
http://ipfsstaging.tranche.finance:8080 [200] [GET] [text/html] [Tranche Finance] [cloudflare] [vhost] [cloudflare] [Cloudflare,Cloudflare Bot Management,Google Font API,IPFS] [6508b10fd72462d1661f60a065c52539]
http://ipfsstaging.tranche.finance:8880 [200] [GET] [text/html] [Tranche Finance] [cloudflare] [vhost] [cloudflare] [Cloudflare,Cloudflare Bot Management,Google Font API,IPFS] [6508b10fd72462d1661f60a065c52539]
https://api.tranche.finance [404] [GET] [text/html] [404 Not Found] [] [8eec510e57f5f732fd2cce73df7b73ef]
https://app.tranche.finance [200] [GET] [text/html] [Tranche Finance] [AmazonS3] [vhost] [cloudfront] [Amazon Cloudfront,Amazon S3,Amazon Web Services,Google Font API] [42b9620d2a5f11e99f355a574bbdff04]
https://assets.tranche.finance [200] [GET] [text/html] [assets | Design Assets] [GitHub.com] [vhost] [Fastly,GitHub Pages,Jekyll:v3.9.0,Varnish] [6bff1b0961e98a39cac7092deb27fbf8]
https://devlanding.tranche.finance [200] [GET] [text/html] [Tranche Finance] [AmazonS3] [vhost] [cloudfront] [Amazon Cloudfront,Amazon S3,Amazon Web Services,Google Font API] [0a2e4c558827328c42bea17c1412ac7d]
https://docs.tranche.finance:2053 [302] [GET] [text/plain] [] [cloudflare] [vhost] [cloudflare] [Algolia,Cloudflare,Google Cloud,Google Cloud Trace] [bc4aac9e69b2503b9308515be2d2d134]
https://docs.tranche.finance:2083 [302] [GET] [text/plain] [] [cloudflare] [vhost] [cloudflare] [Algolia,Cloudflare,Google Cloud,Google Cloud Trace] [bc4aac9e69b2503b9308515be2d2d134]
https://docs.tranche.finance:2087 [302] [GET] [text/plain] [] [cloudflare] [vhost] [cloudflare] [Algolia,Cloudflare,Google Cloud,Google Cloud Trace] [bc4aac9e69b2503b9308515be2d2d134]
https://docs.tranche.finance [302] [GET] [text/plain] [] [cloudflare] [vhost] [cloudflare] [Algolia,Cloudflare,Google Cloud,Google Cloud Trace] [bc4aac9e69b2503b9308515be2d2d134]
https://docs.tranche.finance:8443 [302] [GET] [text/plain] [] [cloudflare] [vhost] [cloudflare] [Algolia,Cloudflare,Google Cloud,Google Cloud Trace] [bc4aac9e69b2503b9308515be2d2d134]
https://ipfsstaging.tranche.finance [200] [GET] [text/html] [Tranche Finance] [cloudflare] [vhost] [cloudflare] [Cloudflare,Cloudflare Bot Management,Google Font API,IPFS] [6508b10fd72462d1661f60a065c52539]
https://ipfsstaging.tranche.finance:2053 [200] [GET] [text/html] [Tranche Finance] [cloudflare] [vhost] [cloudflare] [Cloudflare,Cloudflare Bot Management,Google Font API,IPFS] [6508b10fd72462d1661f60a065c52539]
https://ipfsstaging.tranche.finance:2083 [200] [GET] [text/html] [Tranche Finance] [cloudflare] [vhost] [cloudflare] [Cloudflare,Cloudflare Bot Management,Google Font API,IPFS] [6508b10fd72462d1661f60a065c52539]
https://ipfsstaging.tranche.finance:2087 [200] [GET] [text/html] [Tranche Finance] [cloudflare] [vhost] [cloudflare] [Cloudflare,Cloudflare Bot Management,Google Font API,IPFS] [6508b10fd72462d1661f60a065c52539]
https://ipfsstaging.tranche.finance:2096 [200] [GET] [text/html] [Tranche Finance] [cloudflare] [vhost] [cloudflare] [Cloudflare,Cloudflare Bot Management,Google Font API,IPFS] [6508b10fd72462d1661f60a065c52539]
https://ipfsstaging.tranche.finance:8443 [200] [GET] [text/html] [Tranche Finance] [cloudflare] [vhost] [cloudflare] [Cloudflare,Cloudflare Bot Management,Google Font API,IPFS] [6508b10fd72462d1661f60a065c52539]
https://testnet-v1.tranche.finance [200] [GET] [text/html] [Tranche Finance] [AmazonS3] [vhost] [cloudfront] [Amazon Cloudfront,Amazon S3,Amazon Web Services,Google Font API] [bd1ed9fc759ee7601081b2f58c3e8e9f]
https://tranche.finance [200] [GET] [text/html] [Tranche Finance] [AmazonS3] [vhost] [cloudfront] [Amazon Cloudfront,Amazon S3,Amazon Web Services,Google Font API] [af00e0ea40eb794cbf152db56013495e]
https://www.tranche.finance [200] [GET] [text/html] [Tranche Finance] [AmazonS3] [vhost] [cloudfront] [Amazon Cloudfront,Amazon S3,Amazon Web Services,Google Font API] [af00e0ea40eb794cbf152db56013495e]
