http://blog.trello.com:8080 [301] [GET] [] [] [cloudflare] [vhost] [Cloudflare,Cloudflare Network Error Logging] [d41d8cd98f00b204e9800998ecf8427e]
http://br.blog.trello.com:8080 [301] [GET] [] [] [cloudflare] [vhost] [Cloudflare,Cloudflare Network Error Logging] [d41d8cd98f00b204e9800998ecf8427e]
http://info.trello.com:8080 [301] [GET] [] [] [cloudflare] [vhost] [Cloudflare,Cloudflare Network Error Logging] [d41d8cd98f00b204e9800998ecf8427e]
http://mclick.trello.com [409] [GET] [text/plain] [] [cloudflare] [cloudflare] [Cloudflare] [f6bbbdc9b05a5af96b6b7e618ee357cc]
https://admin.trello.com [404] [GET] [text/html] [Sorry, the page you're looking for cannot be found] [globaledge-envoy] [aee1f66dd320d65503fd3ac69ccf2086]
https://api-gateway.trello.com [404] [GET] [] [] [globaledge-envoy] [vhost] [d41d8cd98f00b204e9800998ecf8427e]
https://api.trello.com [301] [GET] [] [] [globaledge-envoy] [vhost] [Envoy] [d41d8cd98f00b204e9800998ecf8427e]
https://blog.trello.com [200] [GET] [text/html] [Trello Blog | Helping teams work better, together.] [cloudflare] [vhost] [Cloudflare,Cloudflare Network Error Logging,Google Tag Manager,HubSpot,HubSpot CMS Hub] [1bf4c62cef3c7dd6be4a397b2e9a8633]
https://blog.trello.com [200] [GET] [text/html] [Trello Blog | Helping teams work better, together.] [cloudflare] [vhost] [Cloudflare,Cloudflare Network Error Logging,Google Tag Manager,HubSpot,HubSpot CMS Hub] [45408465a99ef2849758ef756c632a18]
https://blog.trello.com:8443 [200] [GET] [text/html] [Trello Blog | Helping teams work better, together.] [cloudflare] [vhost] [Cloudflare,Cloudflare Network Error Logging,Google Tag Manager,HubSpot,HubSpot CMS Hub] [eec704e584f175ec849f2fe852716523]
https://br.blog.trello.com [301] [GET] [] [] [cloudflare] [vhost] [Cloudflare,Cloudflare Network Error Logging] [d41d8cd98f00b204e9800998ecf8427e]
https://br.blog.trello.com:8443 [521] [GET] [text/html] [521 Origin Down] [cloudflare] [vhost] [Cloudflare,Cloudflare Network Error Logging] [0dc011450cfcf86905380218d51111bc]
https://c.trello.com [403] [GET] [application/xml] [] [AmazonS3] [vhost] [cloudfront] [Amazon Cloudfront,Amazon S3,Amazon Web Services] [516d433c76f8a7ac05f748c431f73497]
https://c.trello.com [403] [GET] [application/xml] [] [AmazonS3] [vhost] [cloudfront] [Amazon Cloudfront,Amazon S3,Amazon Web Services] [6619b8eaa6ffc8cd196c28eb176ae3f9]
https://design.trello.com [301] [GET] [] [] [AmazonS3] [vhost] [cloudfront] [Amazon Cloudfront,Amazon S3,Amazon Web Services] [d41d8cd98f00b204e9800998ecf8427e]
https://developers.trello.com [200] [GET] [text/html] [Redirecter] [AmazonS3] [vhost] [cloudfront] [Amazon Cloudfront,Amazon S3,Amazon Web Services] [c096e8867e17cd22f1e2f1c7067a89be]
https://dnstest.trello.com [302] [GET] [text/html] [302 Moved] [HTTP server (unknown)] [4603cd027760d24928f83c9f6530313c]
https://go.trello.com [503] [GET] [text/html] [Service temporarily unavailable, try again later] [globaledge-envoy] [vhost] [aa334045c09c0d6f0576a362a6cf8fa7]
https://help.trello.com [200] [GET] [text/html] [Trello Help] [openresty] [vhost] [Nginx,OpenResty,Play,Scala] [4ff2ffcef0935f5e074f6c30827ea4e4]
https://help.trello.com [200] [GET] [text/html] [Trello Help] [openresty] [vhost] [Nginx,OpenResty,Play,Scala] [fdd39c9413eb1652e6b01c6e7568cf7a]
https://info.trello.com [301] [GET] [] [] [cloudflare] [vhost] [Cloudflare,Cloudflare Network Error Logging] [d41d8cd98f00b204e9800998ecf8427e]
https://info.trello.com:8443 [521] [GET] [] [] [cloudflare] [vhost] [Cloudflare,Cloudflare Network Error Logging] [d41d8cd98f00b204e9800998ecf8427e]
https://mgo.trello.com [200] [GET] [text/html] [] [cloudflare] [vhost] [cloudflare] [Cloudflare,Cloudflare Bot Management] [8bc4374c7fe9ae7a1abb6518f3bf9af1]
https://r53.trello.com [302] [GET] [text/html] [302 Moved] [HTTP server (unknown)] [4603cd027760d24928f83c9f6530313c]
https://sptrack.trello.com [404] [GET] [text/plain] [404 Not Found] [msys-http] [vhost] [cloudfront] [Amazon Cloudfront,Amazon Web Services] [2aaf312c25b110606bd7a718e65b426f]
https://status.trello.com [301] [GET] [] [] [AmazonS3] [vhost] [cloudfront] [Amazon Cloudfront,Amazon S3,Amazon Web Services] [d41d8cd98f00b204e9800998ecf8427e]
https://support.trello.com [301] [GET] [] [] [AmazonS3] [vhost] [cloudfront] [Amazon Cloudfront,Amazon S3,Amazon Web Services] [d41d8cd98f00b204e9800998ecf8427e]
https://tech.trello.com [200] [GET] [text/html] [Tech at Trello] [AmazonS3] [vhost] [cloudfront] [Amazon Cloudfront,Amazon S3,Amazon Web Services] [2a03319eb9beaf825e7baf48c2d12c72]
https://trello.com [200] [GET] [text/html] [Trello] [globaledge-envoy] [vhost] [Envoy,Google Font API] [99043c07301e25e5f8900c6e41df3662]
https://www.trello.com [301] [GET] [] [] [globaledge-envoy] [vhost] [Envoy] [d41d8cd98f00b204e9800998ecf8427e]
