http://android-adr-docs.mobile.tstaging.com [403] [GET] [text/html] [403 Forbidden] [AmazonS3] [vhost] [Amazon S3,Amazon Web Services] [f984cef143dd0cd7d2eecdd69d32b465]
http://keepalive-cloudfront.ue1.d3.tstaging.com [301] [GET] [text/html] [301 Moved Permanently] [CloudFront] [vhost] [cloudfront] [Amazon Cloudfront,Amazon Web Services] [e4e384d6672787c1bb2a9b500114f1f5]
http://keepalive.ue1.d2.tstaging.com [301] [GET] [text/html] [301 Moved Permanently] [awselb/2.0] [vhost] [4aa7a432bb447f094408f1bd6229c605]
https://airflow.ue1.d1.tstaging.com [200] [GET] [text/html] [Welcome to nginx!] [nginx/1.13.9] [vhost] [Nginx] [e3eb0a1df437f3f97a64aca5952c8ea0]
https://airflow.ue1.d3.tstaging.com [503] [GET] [] [] [] [d41d8cd98f00b204e9800998ecf8427e]
https://airflow.ue1.stg1.tstaging.com [200] [GET] [text/html] [Welcome to nginx!] [nginx/1.13.9] [vhost] [Nginx] [e3eb0a1df437f3f97a64aca5952c8ea0]
https://api-cloudfront.a.ue1.stg1.tstaging.com [404] [GET] [] [] [nginx] [vhost] [Nginx] [d41d8cd98f00b204e9800998ecf8427e]
https://api-cloudfront.ue1.d3.tstaging.com [200] [GET] [text/html] [Welcome to nginx!] [nginx/1.13.9] [vhost] [cloudfront] [Amazon Cloudfront,Amazon Web Services,Nginx] [e3eb0a1df437f3f97a64aca5952c8ea0]
https://api-cloudfront.ue1.stg1.tstaging.com [404] [GET] [] [] [nginx] [vhost] [Nginx] [d41d8cd98f00b204e9800998ecf8427e]
https://api.s11.tstaging.com [502] [GET] [text/html] [ERROR: The request could not be satisfied] [CloudFront] [vhost] [cloudfront] [Amazon Cloudfront,Amazon Web Services] [78072a6c2add03c103071e9ad2c752f3]
https://api.s11.tstaging.com [502] [GET] [text/html] [ERROR: The request could not be satisfied] [CloudFront] [vhost] [cloudfront] [Amazon Cloudfront,Amazon Web Services] [939328c610a37bef7693ef552a333a27]
https://api.ue1.d1.tstaging.com [404] [GET] [] [] [nginx] [vhost] [Nginx] [d41d8cd98f00b204e9800998ecf8427e]
https://api.ue1.d3.tstaging.com [200] [GET] [text/html] [Welcome to nginx!] [nginx/1.13.9] [vhost] [Nginx] [e3eb0a1df437f3f97a64aca5952c8ea0]
https://api.ue1.d4.tstaging.com [404] [GET] [] [] [nginx] [vhost] [Nginx] [d41d8cd98f00b204e9800998ecf8427e]
https://api.ue1.stg1.tstaging.com [404] [GET] [] [] [nginx] [vhost] [cloudfront] [Amazon Cloudfront,Amazon Web Services,Nginx] [d41d8cd98f00b204e9800998ecf8427e]
https://botrank.ue1.d1.tstaging.com [403] [GET] [text/html] [403 Forbidden] [nginx/1.13.9] [vhost] [Nginx] [ff0a4cd9136fa9ace51f4db63c510fce]
https://botrank.ue1.d3.tstaging.com [503] [GET] [] [] [] [d41d8cd98f00b204e9800998ecf8427e]
https://botrank.ue1.d4.tstaging.com [403] [GET] [text/html] [403 Forbidden] [nginx/1.13.9] [vhost] [Nginx] [ff0a4cd9136fa9ace51f4db63c510fce]
https://botrank.ue1.stg1.tstaging.com [403] [GET] [text/html] [403 Forbidden] [nginx/1.13.9] [vhost] [Nginx] [2db2161f5f170aa97a4ebc90c980f2cf]
https://clientmodels.ue1.d1.tstaging.com [403] [GET] [application/xml] [] [AmazonS3] [vhost] [cloudfront] [Amazon Cloudfront,Amazon S3,Amazon Web Services] [7fa17c6c94b74f80a715f3f1d809d249]
https://clientmodels.ue1.d1.tstaging.com [403] [GET] [application/xml] [] [AmazonS3] [vhost] [cloudfront] [Amazon Cloudfront,Amazon S3,Amazon Web Services] [c07f9d84ebc7f5397f6bcc8262e39aec]
https://fakebook.ue1.d1.tstaging.com [400] [GET] [text/javascript] [] [nginx/1.13.9] [vhost] [Express,Nginx,Node.js] [c14e0db9e64d514c3b59fa0d087269ab]
https://images-ssl-v2.ue1.d3.tstaging.com [200] [GET] [text/html] [imgix - Image Processing On-Demand, Served By CDN] [Varnish] [vhost] [cloudfront] [Amazon Cloudfront,Amazon Web Services] [4c645e1877c16b493e5fb20da902f08f]
https://imageupload.s11.tstaging.com [502] [GET] [text/html] [ERROR: The request could not be satisfied] [CloudFront] [vhost] [cloudfront] [Amazon Cloudfront,Amazon Web Services] [2ac1c13d8d713e97464a5ebacca6f007]
https://imageupload.s11.tstaging.com [502] [GET] [text/html] [ERROR: The request could not be satisfied] [CloudFront] [vhost] [cloudfront] [Amazon Cloudfront,Amazon Web Services] [cf4ba8558e0116588e9e4337c6313f2d]
https://keepalive-cloudfront.a.ue1.stg1.tstaging.com [404] [GET] [] [] [nginx] [vhost] [Nginx] [d41d8cd98f00b204e9800998ecf8427e]
https://keepalive-cloudfront.ue1.stg1.tstaging.com [404] [GET] [] [] [nginx] [vhost] [Nginx] [d41d8cd98f00b204e9800998ecf8427e]
https://keepalive.ue1.d1.tstaging.com [404] [GET] [] [] [] [vhost] [d41d8cd98f00b204e9800998ecf8427e]
https://keepalive.ue1.d3.tstaging.com [503] [GET] [text/html] [503 Service Temporarily Unavailable] [awselb/2.0] [vhost] [613f79233487af685baf4b32a2397ede]
https://keepalive.ue1.stg1.tstaging.com [404] [GET] [] [] [] [vhost] [cloudfront] [Amazon Cloudfront,Amazon Web Services] [d41d8cd98f00b204e9800998ecf8427e]
https://linktest.ue1.d1.tstaging.com [400] [GET] [] [] [] [vhost] [cloudfront] [Amazon Cloudfront,Amazon Web Services] [d41d8cd98f00b204e9800998ecf8427e]
https://previewmapping.ue1.d1.tstaging.com [403] [GET] [application/xml] [] [AmazonS3] [vhost] [cloudfront] [Amazon Cloudfront,Amazon S3,Amazon Web Services] [6aa5e05be52a0dfb99a9f90b4a149dad]
https://previewmapping.ue1.d1.tstaging.com [403] [GET] [application/xml] [] [AmazonS3] [vhost] [cloudfront] [Amazon Cloudfront,Amazon S3,Amazon Web Services] [b4f5fd05b938ef043fbb522c88f3f839]
https://previewmapping.ue1.d2.tstaging.com [502] [GET] [text/html] [ERROR: The request could not be satisfied] [CloudFront] [vhost] [cloudfront] [Amazon Cloudfront,Amazon Web Services] [386a89a8bc2af74728be20020fc48d83]
https://previewmapping.ue1.d3.tstaging.com [502] [GET] [text/html] [ERROR: The request could not be satisfied] [CloudFront] [vhost] [cloudfront] [Amazon Cloudfront,Amazon Web Services] [b4e9b93dd64ecde324fbb5662902ae04]
https://previewmapping.ue1.d4.tstaging.com [502] [GET] [text/html] [ERROR: The request could not be satisfied] [CloudFront] [vhost] [cloudfront] [Amazon Cloudfront,Amazon Web Services] [e41e7e4ecd121dddc4494fa8c3bcf395]
https://previewmapping.ue1.stg1.tstaging.com [403] [GET] [application/xml] [] [AmazonS3] [vhost] [cloudfront] [Amazon Cloudfront,Amazon S3,Amazon Web Services] [3a3315339825d27e21b5b6dcfff0fcfa]
https://previewmapping.ue1.stg1.tstaging.com [403] [GET] [application/xml] [] [AmazonS3] [vhost] [cloudfront] [Amazon Cloudfront,Amazon S3,Amazon Web Services] [4f6801404fe0fab0386b55b1cfd2fe28]
https://quickfire.ue1.d1.tstaging.com [200] [GET] [text/html] [Welcome to nginx!] [nginx/1.13.9] [vhost] [Nginx] [e3eb0a1df437f3f97a64aca5952c8ea0]
https://quickfire.ue1.d4.tstaging.com [200] [GET] [text/html] [Welcome to nginx!] [nginx/1.13.9] [vhost] [Nginx] [e3eb0a1df437f3f97a64aca5952c8ea0]
https://quickfire.ue1.stg1.tstaging.com [200] [GET] [text/html] [Welcome to nginx!] [nginx/1.13.9] [vhost] [Nginx] [e3eb0a1df437f3f97a64aca5952c8ea0]
https://rapidfirepublish.ue1.stg1.tstaging.com [200] [GET] [] [] [nginx/1.15.6] [vhost] [Nginx] [d41d8cd98f00b204e9800998ecf8427e]
https://rapidfire.ue1.d1.tstaging.com [200] [GET] [text/html] [Welcome to nginx!] [nginx/1.13.9] [vhost] [Nginx] [e3eb0a1df437f3f97a64aca5952c8ea0]
https://rapidfire.ue1.d3.tstaging.com [503] [GET] [] [] [] [d41d8cd98f00b204e9800998ecf8427e]
https://rapidfire.ue1.d4.tstaging.com [200] [GET] [text/html] [Welcome to nginx!] [nginx/1.13.9] [vhost] [Nginx] [e3eb0a1df437f3f97a64aca5952c8ea0]
https://rapidfire.ue1.stg1.tstaging.com [200] [GET] [text/html] [Welcome to nginx!] [nginx/1.13.9] [vhost] [Nginx] [e3eb0a1df437f3f97a64aca5952c8ea0]
https://story-assets.ue1.d1.tstaging.com [403] [GET] [application/xml] [] [AmazonS3] [vhost] [cloudfront] [Amazon Cloudfront,Amazon S3,Amazon Web Services] [50eb0c54892b61b9537d665899e86dd0]
https://story-assets.ue1.d1.tstaging.com [403] [GET] [application/xml] [] [AmazonS3] [vhost] [cloudfront] [Amazon Cloudfront,Amazon S3,Amazon Web Services] [6610dd0eae80c6bbee0e87063c38c268]
https://story-assets.ue1.stg1.tstaging.com [403] [GET] [text/xml] [] [CloudFront] [vhost] [cloudfront] [Amazon Cloudfront,Amazon Web Services] [40a481f43ca93bbbdd18621b439ea397]
https://testrail.ue1.d1.tstaging.com [502] [GET] [text/html] [502 Bad Gateway] [nginx/1.13.9] [vhost] [Nginx] [96fd00644d8895c150075a56d18bef99]
