http://advantage.uber.com [301] [GET] [] [] [ufe] [d41d8cd98f00b204e9800998ecf8427e]
http://api-maps.uber.com [301] [GET] [] [] [ufe] [google] [Google Cloud,Google Cloud CDN] [d41d8cd98f00b204e9800998ecf8427e]
http://dba.usuppliers.uber.com [302] [GET] [] [] [BigIP] [F5 BigIP] [d41d8cd98f00b204e9800998ecf8427e]
http://docs.uber.com [302] [GET] [text/html] [302 Moved] [ghs] [vhost] [8092286fc98695787c54d536c98221b9]
http://elevate.uber.com [200] [GET] [text/html] [] [Google Frontend] [vhost] [Google App Engine,Google Cloud,Google Cloud Trace] [d41d8cd98f00b204e9800998ecf8427e]
http://emobility-comms.uber.com [301] [GET] [] [] [ufe] [d41d8cd98f00b204e9800998ecf8427e]
http://groups.uber.com [302] [GET] [text/html] [302 Moved] [ghs] [vhost] [99c73c4975ebc72ea4fcc034657940b4]
http://mail.uber.com [301] [GET] [text/html] [301 Moved] [ghs] [vhost] [bc6d307c0becafe10e5b8356a5c617f4]
http://mkto.uber.com [530] [GET] [text/html] [Origin DNS error | mkto.uber.com | Cloudflare] [cloudflare] [cloudflare] [Cloudflare] [c49f4f90b8210facdbd46cfbaf24df81]
http://pgwebhook.uber.com [301] [GET] [] [] [ufe] [d41d8cd98f00b204e9800998ecf8427e]
https://15205598.uber.com [404] [GET] [text/html] [404 Not Found] [nginx] [Nginx] [70461da8b94c6ca5d2fda3260c5a8c3b]
https://4460893.sodigital.uber.com [404] [GET] [text/html] [404 Not Found] [nginx] [Nginx] [8e325dc2fea7c8900fc6c4b8c6c394fe]
https://accessibility.uber.com [301] [GET] [] [] [ufe] [vhost] [google] [Google Cloud,Google Cloud CDN] [d41d8cd98f00b204e9800998ecf8427e]
https://accounts.uber.com [404] [GET] [text/html] [404 Not Found] [ufe] [vhost] [Envoy] [597ba0d4396e9c906225140ce907092c]
https://accounts.uber.com [404] [GET] [text/html] [404 Not Found] [ufe] [vhost] [Envoy] [ad76203cbb9feb6a77342842816f7b51]
https://ad.uber.com [301] [GET] [] [] [ufe] [vhost] [google] [Google Cloud,Google Cloud CDN] [d41d8cd98f00b204e9800998ecf8427e]
https://advertiser.uber.com [302] [GET] [text/html] [302 Found] [ufe] [vhost] [google] [Envoy,Google Cloud,Google Cloud CDN] [82c98e8e012b79c922655461171cc2fa]
https://ae.uber.com [404] [GET] [text/plain] [] [ufe] [vhost] [google] [Envoy,Google Cloud,Google Cloud CDN] [595e88012a6521aae3e12cbebe76eb9e]
https://airwatch3p-staging.uber.com [404] [GET] [] [] [ufe] [vhost] [d41d8cd98f00b204e9800998ecf8427e]
https://airwatch3p.uber.com [404] [GET] [] [] [ufe] [vhost] [d41d8cd98f00b204e9800998ecf8427e]
https://alpha-cn-dca1.cfe.uber.com [405] [GET] [application/json] [] [ufe] [google] [Envoy,Google Cloud,Google Cloud CDN] [334c2243bd7f284b609382aa13906343]
https://alpha-cn-sjc1.cfe.uber.com [405] [GET] [application/json] [] [ufe] [google] [Envoy,Google Cloud,Google Cloud CDN] [334c2243bd7f284b609382aa13906343]
https://amp.uber.com [301] [GET] [] [] [ufe] [vhost] [google] [Google Cloud,Google Cloud CDN] [d41d8cd98f00b204e9800998ecf8427e]
https://api.uber.com [301] [GET] [text/html] [301 Moved Permanently] [ufe] [vhost] [Envoy] [3ea1c8d079b38532a6e01a96216ba5e2]
https://approvalservice.uber.com [404] [GET] [] [] [ufe] [vhost] [d41d8cd98f00b204e9800998ecf8427e]
https://appsec-analysis.uber.com [404] [GET] [] [] [ufe] [vhost] [google] [Google Cloud,Google Cloud CDN] [d41d8cd98f00b204e9800998ecf8427e]
https://aptarchive.uber.com [403] [GET] [text/html] [403 Forbidden] [ufe] [vhost] [Envoy] [9b456fbf61f72d0016b2efe8bdbcc6cf]
https://aptarchive.uber.com [403] [GET] [text/html] [403 Forbidden] [ufe] [vhost] [Envoy] [f724078001a5acdfe82f92ad9f79ec92]
https://ar.uber.com [301] [GET] [text/html] [301 Moved Permanently] [ufe] [vhost] [Envoy] [3ea1c8d079b38532a6e01a96216ba5e2]
https://assets.uber.com [302] [GET] [text/html] [] [frontify] [vhost] [Amazon ALB,Amazon Web Services,PHP,Sqreen] [d41d8cd98f00b204e9800998ecf8427e]
https://atg-partners.uber.com [302] [GET] [text/html] [302 Found] [ufe] [vhost] [google] [Envoy,Google Cloud,Google Cloud CDN] [82c98e8e012b79c922655461171cc2fa]
https://a.uber.com [301] [GET] [text/html] [301 Moved Permanently] [ufe] [vhost] [google] [Envoy,Google Cloud,Google Cloud CDN] [3ea1c8d079b38532a6e01a96216ba5e2]
https://auth3-staging.uber.com [404] [GET] [text/plain] [] [ufe] [vhost] [google] [Envoy,Google Cloud,Google Cloud CDN] [9d1ead73e678fa2f51a70a933b0bf017]
https://auth3.uber.com [404] [GET] [text/plain] [] [ufe] [vhost] [Envoy] [9d1ead73e678fa2f51a70a933b0bf017]
https://auth-faq.uber.com [301] [GET] [] [] [ufe] [vhost] [google] [Google Cloud,Google Cloud CDN] [d41d8cd98f00b204e9800998ecf8427e]
https://auth-help.uber.com [301] [GET] [] [] [ufe] [vhost] [google] [Google Cloud,Google Cloud CDN] [d41d8cd98f00b204e9800998ecf8427e]
https://authn-foo.uber.com [301] [GET] [] [] [ufe] [vhost] [d41d8cd98f00b204e9800998ecf8427e]
https://auth-staging-dns.uber.com [404] [GET] [text/html] [404 Not Found] [ufe] [vhost] [google] [Envoy,Google Cloud,Google Cloud CDN] [597ba0d4396e9c906225140ce907092c]
https://auth-staging-dns.uber.com [404] [GET] [text/html] [404 Not Found] [ufe] [vhost] [google] [Envoy,Google Cloud,Google Cloud CDN] [ad76203cbb9feb6a77342842816f7b51]
https://auth-staging.uber.com [404] [GET] [text/plain] [] [ufe] [vhost] [google] [Envoy,Google Cloud,Google Cloud CDN] [9d1ead73e678fa2f51a70a933b0bf017]
https://auth-test2.uber.com [404] [GET] [text/html] [404 Not Found] [ufe] [vhost] [Envoy] [ad76203cbb9feb6a77342842816f7b51]
https://auth-test.uber.com [404] [GET] [text/html] [404 Not Found] [ufe] [vhost] [Envoy] [ad76203cbb9feb6a77342842816f7b51]
https://auth.uber.com [404] [GET] [text/html] [404 Not Found] [ufe] [vhost] [google] [Envoy,Google Cloud,Google Cloud CDN] [ad76203cbb9feb6a77342842816f7b51]
https://autor.uber.com [404] [GET] [] [] [ufe] [vhost] [google] [Google Cloud,Google Cloud CDN] [d41d8cd98f00b204e9800998ecf8427e]
https://base-design-docs-controller.uber.com [404] [GET] [text/html] [Error] [ufe] [vhost] [google] [Envoy,Express,Google Cloud,Google Cloud CDN,Node.js] [da7da7d630292e7a2a7dda8ca87b3d39]
https://base.uber.com [301] [GET] [] [] [ufe] [vhost] [google] [Google Cloud,Google Cloud CDN] [d41d8cd98f00b204e9800998ecf8427e]
https://bb-dca1.uber.com [307] [GET] [text/html] [307 Temporary Redirect] [ufe] [Envoy] [62019120e2e6b6a77d348c07ed5801aa]
https://bb-sjc1.uber.com [307] [GET] [text/html] [307 Temporary Redirect] [ufe] [Envoy] [62019120e2e6b6a77d348c07ed5801aa]
https://be1.cfe.uber.com [405] [GET] [application/json] [] [ufe] [google] [Envoy,Google Cloud,Google Cloud CDN] [334c2243bd7f284b609382aa13906343]
https://beacon.uber.com [301] [GET] [] [] [ufe] [vhost] [google] [Google Cloud,Google Cloud CDN] [d41d8cd98f00b204e9800998ecf8427e]
https://be-geo.cfe.uber.com [405] [GET] [application/json] [] [ufe] [google] [Envoy,Google Cloud,Google Cloud CDN] [334c2243bd7f284b609382aa13906343]
https://beta.uber.com [307] [GET] [text/html] [307 Temporary Redirect] [ufe] [google] [Envoy,Google Cloud,Google Cloud CDN] [62019120e2e6b6a77d348c07ed5801aa]
https://bill-faq.uber.com [301] [GET] [] [] [ufe] [vhost] [google] [Google Cloud,Google Cloud CDN] [d41d8cd98f00b204e9800998ecf8427e]
https://bill-help.uber.com [301] [GET] [] [] [ufe] [vhost] [google] [Google Cloud,Google Cloud CDN] [d41d8cd98f00b204e9800998ecf8427e]
https://biz-beta.uber.com [302] [GET] [text/html] [302 Found] [ufe] [vhost] [Envoy] [82c98e8e012b79c922655461171cc2fa]
https://biz-eats.uber.com [301] [GET] [text/html] [301 Moved Permanently] [ufe] [vhost] [Envoy] [3ea1c8d079b38532a6e01a96216ba5e2]
https://blackbird-staging.uber.com [404] [GET] [] [] [ufe] [vhost] [google] [Google Cloud,Google Cloud CDN] [d41d8cd98f00b204e9800998ecf8427e]
https://blackbird.uber.com [404] [GET] [] [] [ufe] [vhost] [google] [Google Cloud,Google Cloud CDN] [d41d8cd98f00b204e9800998ecf8427e]
https://blackswan.uber.com [200] [GET] [text/plain] [] [ufe] [vhost] [Envoy] [d41d8cd98f00b204e9800998ecf8427e]
https://bliss-events-stage.uber.com [200] [GET] [text/plain] [] [ufe] [vhost] [Envoy] [444bcb3a3fcf8389296c49467f27e1d6]
https://bliss-events.uber.com [200] [GET] [text/plain] [] [ufe] [vhost] [Envoy] [444bcb3a3fcf8389296c49467f27e1d6]
https://blogapi.uber.com [403] [GET] [text/html] [403 Forbidden] [nginx] [vhost] [Nginx] [4b074b0b59693fa9f94fb71b175fb187]
https://blogcdn.uber.com [200] [GET] [text/html] [] [NetDNA-cache/2.2] [MaxCDN] [6b6361a93ae63ae4500d9c8c54fa52f3]
https://blog.uber.com [301] [GET] [text/html] [301 Moved Permanently] [nginx] [vhost] [google] [Nginx] [4f8e702cc244ec5d4de32740c0ecbd97]
https://bonjour-proxy.uber.com [302] [GET] [text/html] [302 Found] [ufe] [vhost] [Envoy] [82c98e8e012b79c922655461171cc2fa]
https://bonjour-qa.uber.com [302] [GET] [text/html] [302 Found] [ufe] [vhost] [Envoy] [82c98e8e012b79c922655461171cc2fa]
https://bonjour-staging.uber.com [302] [GET] [text/html] [302 Found] [ufe] [vhost] [google] [Envoy,Google Cloud,Google Cloud CDN] [82c98e8e012b79c922655461171cc2fa]
https://bonjour.uber.com [302] [GET] [text/html] [302 Found] [ufe] [vhost] [google] [Envoy,Google Cloud,Google Cloud CDN] [82c98e8e012b79c922655461171cc2fa]
https://brand.uber.com [302] [GET] [text/html] [] [frontify] [vhost] [Amazon ALB,Amazon Web Services,PHP,Sqreen] [d41d8cd98f00b204e9800998ecf8427e]
https://brand-web-staging.uber.com [404] [GET] [text/plain] [] [ufe] [vhost] [Envoy] [9d1ead73e678fa2f51a70a933b0bf017]
https://business-beta.uber.com [302] [GET] [text/html] [302 Found] [ufe] [vhost] [Envoy] [82c98e8e012b79c922655461171cc2fa]
https://businesses.uber.com [302] [GET] [text/html] [] [cloudflare] [vhost] [cloudflare] [Cloudflare,Cloudflare Bot Management] [0b0bfe0e19b2dbfb5dc3ce0f45b90060]
https://business-staging.uber.com [302] [GET] [text/html] [302 Found] [ufe] [vhost] [Envoy] [82c98e8e012b79c922655461171cc2fa]
https://business.uber.com [302] [GET] [text/html] [302 Found] [ufe] [vhost] [Envoy] [82c98e8e012b79c922655461171cc2fa]
https://call-prompts-static.uber.com [400] [GET] [application/xml] [] [ufe] [vhost] [google] [Envoy,Google Cloud,Google Cloud CDN] [71e492de0bc6c4479f7d45abe7143b82]
https://call-prompts-static.uber.com [400] [GET] [application/xml] [] [ufe] [vhost] [google] [Envoy,Google Cloud,Google Cloud CDN] [aa41cd6147249371d1cef03117614404]
https://call-prompts.uber.com [400] [GET] [application/xml] [] [ufe] [vhost] [google] [Envoy,Google Cloud,Google Cloud CDN] [5a0240039c17a6a614106446b86104c1]
https://call-prompts.uber.com [400] [GET] [application/xml] [] [ufe] [vhost] [google] [Envoy,Google Cloud,Google Cloud CDN] [97557f9575edf570948b2439c3342d51]
https://candidate-experience-staging.uber.com [503] [GET] [text/html] [Error - Uber] [ufe] [vhost] [google] [Envoy,Google Cloud,Google Cloud CDN] [6b000aa36f4905eb31aa7b9a7753c12c]
https://careersemail.uber.com [200] [GET] [text/html] [] [Apache] [vhost] [Apache] [8bc4374c7fe9ae7a1abb6518f3bf9af1]
https://careers.uber.com [301] [GET] [] [] [ufe] [vhost] [google] [Google Cloud,Google Cloud CDN] [d41d8cd98f00b204e9800998ecf8427e]
https://cdg.uber.com [404] [GET] [] [] [ufe] [vhost] [d41d8cd98f00b204e9800998ecf8427e]
https://central-beta.uber.com [301] [GET] [text/html] [301 Moved Permanently] [ufe] [vhost] [google] [Envoy,Google Cloud,Google Cloud CDN] [3ea1c8d079b38532a6e01a96216ba5e2]
https://central.uber.com [301] [GET] [text/html] [301 Moved Permanently] [ufe] [vhost] [google] [Envoy,Google Cloud,Google Cloud CDN] [3ea1c8d079b38532a6e01a96216ba5e2]
https://central-v2.uber.com [302] [GET] [text/html] [302 Found] [ufe] [vhost] [google] [Envoy,Google Cloud,Google Cloud CDN] [82c98e8e012b79c922655461171cc2fa]
https://charter.uber.com [404] [GET] [text/plain] [] [ufe] [vhost] [google] [Envoy,Google Cloud,Google Cloud CDN] [9d1ead73e678fa2f51a70a933b0bf017]
https://ci.uber.com [301] [GET] [] [] [ufe] [vhost] [google] [Google Cloud,Google Cloud CDN] [d41d8cd98f00b204e9800998ecf8427e]
https://click.uber.com [404] [GET] [text/plain] [404 Not Found] [ufe] [vhost] [google] [Envoy,Google Cloud,Google Cloud CDN] [1525bf648f8863382b299a8ffe15b544]
https://click.uber.com [404] [GET] [text/plain] [404 Not Found] [ufe] [vhost] [google] [Envoy,Google Cloud,Google Cloud CDN] [2aaf312c25b110606bd7a718e65b426f]
https://clients.uber.com [301] [GET] [] [] [ufe] [vhost] [google] [Google Cloud,Google Cloud CDN] [d41d8cd98f00b204e9800998ecf8427e]
https://cloud-integrations-stage.uber.com [403] [GET] [text/html] [403 Forbidden] [] [2e40045efe5134ada9942798c090d269]
https://cn.cfe.uber.com [405] [GET] [application/json] [] [ufe] [google] [Envoy,Google Cloud,Google Cloud CDN] [334c2243bd7f284b609382aa13906343]
https://cnc.uber.com [400] [GET] [application/xml] [] [ufe] [vhost] [google] [Envoy,Google Cloud,Google Cloud CDN] [04e9fee1b77770f8adaf47b4370c2c54]
https://cnc.uber.com [400] [GET] [application/xml] [] [ufe] [vhost] [google] [Envoy,Google Cloud,Google Cloud CDN] [edc6fb9a3e051c076f5c1df1acdd3922]
https://cn-dc1.uber.com [405] [GET] [application/json] [] [ufe] [vhost] [Envoy] [334c2243bd7f284b609382aa13906343]
https://cn-dca1.uber.com [405] [GET] [application/json] [] [ufe] [vhost] [Envoy] [334c2243bd7f284b609382aa13906343]
https://cn-ecg.cfe.uber.com [405] [GET] [application/json] [] [ufe] [google] [Envoy,Google Cloud,Google Cloud CDN] [334c2243bd7f284b609382aa13906343]
https://cn-freight.uber.com [405] [GET] [application/json] [] [ufe] [vhost] [Envoy] [334c2243bd7f284b609382aa13906343]
https://cn-geo1.uber.com [405] [GET] [application/json] [] [ufe] [vhost] [google] [Envoy,Google Cloud,Google Cloud CDN] [334c2243bd7f284b609382aa13906343]
https://cn-phx2.cfe.uber.com [405] [GET] [application/json] [] [ufe] [google] [Envoy,Google Cloud,Google Cloud CDN] [334c2243bd7f284b609382aa13906343]
https://cn-phx2.uber.com [405] [GET] [application/json] [] [ufe] [vhost] [Envoy] [334c2243bd7f284b609382aa13906343]
https://cn-sjc1.uber.com [405] [GET] [application/json] [] [ufe] [vhost] [Envoy] [334c2243bd7f284b609382aa13906343]
https://cn-staging.cfe.uber.com [405] [GET] [application/json] [] [ufe] [google] [Envoy,Google Cloud,Google Cloud CDN] [334c2243bd7f284b609382aa13906343]
https://cn-staging-dca1.uber.com [405] [GET] [application/json] [] [ufe] [vhost] [Envoy] [334c2243bd7f284b609382aa13906343]
https://cn-staging-dca4.cfe.uber.com [405] [GET] [application/json] [] [ufe] [google] [Envoy,Google Cloud,Google Cloud CDN] [334c2243bd7f284b609382aa13906343]
https://cn-staging-dca4.uber.com [307] [GET] [text/html] [307 Temporary Redirect] [ufe] [vhost] [Envoy] [62019120e2e6b6a77d348c07ed5801aa]
https://cn-staging-dca8.cfe.uber.com [405] [GET] [application/json] [] [ufe] [google] [Envoy,Google Cloud,Google Cloud CDN] [334c2243bd7f284b609382aa13906343]
https://cn-staging-dca8.uber.com [307] [GET] [text/html] [307 Temporary Redirect] [ufe] [vhost] [Envoy] [62019120e2e6b6a77d348c07ed5801aa]
https://cn-staging-phx2.cfe.uber.com [405] [GET] [application/json] [] [ufe] [google] [Envoy,Google Cloud,Google Cloud CDN] [334c2243bd7f284b609382aa13906343]
https://cn-staging-phx2.uber.com [405] [GET] [application/json] [] [ufe] [vhost] [Envoy] [334c2243bd7f284b609382aa13906343]
https://cn-staging-sjc1.uber.com [405] [GET] [application/json] [] [ufe] [vhost] [Envoy] [334c2243bd7f284b609382aa13906343]
https://cn-staging-sjc4.cfe.uber.com [405] [GET] [application/json] [] [ufe] [google] [Envoy,Google Cloud,Google Cloud CDN] [334c2243bd7f284b609382aa13906343]
https://cn-staging-sjc4.uber.com [307] [GET] [text/html] [307 Temporary Redirect] [ufe] [Envoy] [62019120e2e6b6a77d348c07ed5801aa]
https://cn-staging.uber.com [405] [GET] [application/json] [] [ufe] [vhost] [Envoy] [334c2243bd7f284b609382aa13906343]
https://cn.uber.com [405] [GET] [application/json] [] [ufe] [vhost] [Envoy] [334c2243bd7f284b609382aa13906343]
https://conecta.uber.com [301] [GET] [] [] [ufe] [vhost] [google] [Google Cloud,Google Cloud CDN] [d41d8cd98f00b204e9800998ecf8427e]
https://contact.uber.com [301] [GET] [] [] [] [vhost] [d41d8cd98f00b204e9800998ecf8427e]
https://cpg-api-19208a97.uber.com [404] [GET] [] [] [ufe] [vhost] [google] [Google Cloud,Google Cloud CDN] [d41d8cd98f00b204e9800998ecf8427e]
https://cpg-api-b27c7352.uber.com [404] [GET] [] [] [ufe] [vhost] [google] [Google Cloud,Google Cloud CDN] [d41d8cd98f00b204e9800998ecf8427e]
https://cpg-api-ef83c3b4.uber.com [404] [GET] [] [] [ufe] [vhost] [google] [Google Cloud,Google Cloud CDN] [d41d8cd98f00b204e9800998ecf8427e]
https://csp.uber.com [404] [GET] [] [] [ufe] [vhost] [d41d8cd98f00b204e9800998ecf8427e]
https://data.uber.com [301] [GET] [] [] [ufe] [vhost] [google] [Google Cloud,Google Cloud CDN] [d41d8cd98f00b204e9800998ecf8427e]
https://db-spares-base22-dca1.prod.uber.com [307] [GET] [text/html] [307 Temporary Redirect] [ufe] [Envoy] [62019120e2e6b6a77d348c07ed5801aa]
https://dbspares-base81-dca1.prod.uber.com [307] [GET] [text/html] [307 Temporary Redirect] [ufe] [Envoy] [62019120e2e6b6a77d348c07ed5801aa]
https://dca1-geo.cfe.uber.com [405] [GET] [application/json] [] [ufe] [google] [Envoy,Google Cloud,Google Cloud CDN] [334c2243bd7f284b609382aa13906343]
https://dclb-dca1.uber.com [405] [GET] [application/json] [] [ufe] [vhost] [Envoy] [334c2243bd7f284b609382aa13906343]
https://dclb-geo.uber.com [307] [GET] [text/html] [307 Temporary Redirect] [ufe] [Envoy] [62019120e2e6b6a77d348c07ed5801aa]
https://dclb-phx.uber.com [307] [GET] [text/html] [307 Temporary Redirect] [ufe] [Envoy] [62019120e2e6b6a77d348c07ed5801aa]
https://dclb-staging-phx2.uber.com [405] [GET] [application/json] [] [ufe] [vhost] [Envoy] [334c2243bd7f284b609382aa13906343]
https://dclb.uber.com [405] [GET] [application/json] [] [ufe] [vhost] [Envoy] [334c2243bd7f284b609382aa13906343]
https://delivery.uber.com [301] [GET] [] [] [ufe] [vhost] [google] [Google Cloud,Google Cloud CDN] [d41d8cd98f00b204e9800998ecf8427e]
https://design.uber.com [301] [GET] [] [] [ufe] [vhost] [google] [Google Cloud,Google Cloud CDN] [d41d8cd98f00b204e9800998ecf8427e]
https://destination-web.uber.com [200] [GET] [text/html] [Destination:Web Meetup Series] [ufe] [vhost] [Envoy] [7cfc634deefda574a62c806276b6f3e6]
https://devbuilds.uber.com [403] [GET] [application/xml] [] [AmazonS3] [vhost] [cloudfront] [Amazon Cloudfront,Amazon S3,Amazon Web Services] [410f18c3c22df37dc4c58e8a360c9f22]
https://devbuilds.uber.com [403] [GET] [application/xml] [] [AmazonS3] [vhost] [cloudfront] [Amazon Cloudfront,Amazon S3,Amazon Web Services] [9f0b7931127aa2f4a4ca486d95320de6]
https://developers.uber.com [301] [GET] [] [] [ufe] [vhost] [google] [Google Cloud,Google Cloud CDN] [d41d8cd98f00b204e9800998ecf8427e]
https://developer.uber.com [200] [GET] [text/html] [Developers | Uber] [ufe] [vhost] [google] [Envoy,Google Cloud,Google Cloud CDN] [12fdadac284b365eef3100ad6907209e]
https://developer.uber.com [200] [GET] [text/html] [Developers | Uber] [ufe] [vhost] [google] [Envoy,Google Cloud,Google Cloud CDN] [641a1c6800c9dced8e72c8de4aa9b537]
https://direct-beta.uber.com [302] [GET] [text/html] [302 Found] [ufe] [vhost] [google] [Envoy,Google Cloud,Google Cloud CDN] [82c98e8e012b79c922655461171cc2fa]
https://direct.uber.com [302] [GET] [text/html] [302 Found] [ufe] [vhost] [google] [Envoy,Google Cloud,Google Cloud CDN] [82c98e8e012b79c922655461171cc2fa]
https://dome-web.uber.com [404] [GET] [text/plain] [] [ufe] [vhost] [google] [Envoy,Google Cloud,Google Cloud CDN] [9d1ead73e678fa2f51a70a933b0bf017]
https://dost.uber.com [301] [GET] [] [] [ufe] [vhost] [google] [Google Cloud,Google Cloud CDN] [d41d8cd98f00b204e9800998ecf8427e]
https://downloads.uber.com [301] [GET] [] [] [ufe] [vhost] [d41d8cd98f00b204e9800998ecf8427e]
https://driverinjuryprotection.uber.com [302] [GET] [text/html] [302 Found] [ufe] [vhost] [google] [Envoy,Google Cloud,Google Cloud CDN] [82c98e8e012b79c922655461171cc2fa]
https://drivers.uber.com [302] [GET] [text/plain] [] [ufe] [vhost] [google] [Envoy,Express,Google Cloud,Google Cloud CDN,Node.js] [cdd719eaac346e180023e44ba4e11bc8]
https://driver-success.uber.com [404] [GET] [text/plain] [] [ufe] [vhost] [google] [Envoy,Google Cloud,Google Cloud CDN] [9d1ead73e678fa2f51a70a933b0bf017]
https://eastwood.uber.com [404] [GET] [] [] [ufe] [vhost] [d41d8cd98f00b204e9800998ecf8427e]
https://eats.uber.com [301] [GET] [text/html] [301 Moved Permanently] [ufe] [vhost] [google] [Envoy,Google Cloud,Google Cloud CDN] [3ea1c8d079b38532a6e01a96216ba5e2]
https://ecgsitegenerationtestpp.uber.com [404] [GET] [text/html] [Error 404 Not Found] [ufe] [vhost] [google] [Envoy,Google Cloud,Google Cloud CDN] [e017a48a314da83cabbdc1fe98fdf004]
https://ecgsitegenerationtestpp.uber.com [502] [GET] [text/html] [Error - Uber] [ufe] [vhost] [google] [Envoy,Google Cloud,Google Cloud CDN] [6b000aa36f4905eb31aa7b9a7753c12c]
https://ecgsitegenerationtest.uber.com [301] [GET] [] [] [ufe] [vhost] [google] [Google Cloud,Google Cloud CDN] [d41d8cd98f00b204e9800998ecf8427e]
https://ecsapi-staging.uber.com [307] [GET] [text/html] [307 Temporary Redirect] [ufe] [Envoy] [62019120e2e6b6a77d348c07ed5801aa]
https://ecsapi.uber.com [307] [GET] [text/html] [307 Temporary Redirect] [ufe] [Envoy] [62019120e2e6b6a77d348c07ed5801aa]
https://edgetest-all.uber.com [404] [GET] [text/plain] [] [ufe] [vhost] [Envoy] [595e88012a6521aae3e12cbebe76eb9e]
https://edgetest-phx2.uber.com [404] [GET] [text/plain] [] [ufe] [vhost] [Envoy] [595e88012a6521aae3e12cbebe76eb9e]
https://eem.uber.com [302] [GET] [text/html] [302 Found] [ufe] [vhost] [google] [Envoy,Google Cloud,Google Cloud CDN] [82c98e8e012b79c922655461171cc2fa]
https://elevatenetwork-b.uber.com [302] [GET] [text/html] [302 Found] [ufe] [vhost] [Envoy] [82c98e8e012b79c922655461171cc2fa]
https://elevatenetwork.uber.com [302] [GET] [text/html] [302 Found] [ufe] [vhost] [Envoy] [82c98e8e012b79c922655461171cc2fa]
https://elevatenetwork.uber.com [401] [GET] [application/json] [] [ufe] [vhost] [Basic,Envoy] [25cbad894a9b2057a1f0bbfd0f2074e4]
https://email.uber.com [404] [GET] [text/html] [404 Not Found] [ufe] [vhost] [google] [Envoy,Google Cloud,Google Cloud CDN] [70461da8b94c6ca5d2fda3260c5a8c3b]
https://email.uber.com [404] [GET] [text/html] [404 Not Found] [ufe] [vhost] [google] [Envoy,Google Cloud,Google Cloud CDN] [8e325dc2fea7c8900fc6c4b8c6c394fe]
https://empresas.uber.com [404] [GET] [] [] [ufe] [vhost] [google] [Google Cloud,Google Cloud CDN] [d41d8cd98f00b204e9800998ecf8427e]
https://engineering.uber.com [301] [GET] [text/html] [301 Moved Permanently] [nginx] [vhost] [google] [Nginx] [4f8e702cc244ec5d4de32740c0ecbd97]
https://epichealth-staging.uber.com [302] [GET] [text/html] [302 Found] [ufe] [vhost] [google] [Envoy,Google Cloud,Google Cloud CDN] [82c98e8e012b79c922655461171cc2fa]
https://escuela.uber.com [301] [GET] [] [] [ufe] [vhost] [google] [Google Cloud,Google Cloud CDN] [d41d8cd98f00b204e9800998ecf8427e]
https://events-staging.uber.com [302] [GET] [text/html] [302 Found] [ufe] [vhost] [google] [Envoy,Google Cloud,Google Cloud CDN] [82c98e8e012b79c922655461171cc2fa]
https://event.uber.com [302] [GET] [text/html] [302 Found] [ufe] [vhost] [Envoy] [82c98e8e012b79c922655461171cc2fa]
https://experience.uber.com [301] [GET] [] [] [ufe] [vhost] [google] [Google Cloud,Google Cloud CDN] [d41d8cd98f00b204e9800998ecf8427e]
https://explore-staging.uber.com [302] [GET] [text/html] [302 Found] [ufe] [vhost] [google] [Envoy,Google Cloud,Google Cloud CDN] [82c98e8e012b79c922655461171cc2fa]
https://explore.uber.com [302] [GET] [text/html] [302 Found] [ufe] [vhost] [google] [Envoy,Google Cloud,Google Cloud CDN] [82c98e8e012b79c922655461171cc2fa]
https://exxonmobil.uber.com [301] [GET] [] [] [ufe] [vhost] [google] [Google Cloud,Google Cloud CDN] [d41d8cd98f00b204e9800998ecf8427e]
https://fantom-b.uber.com [302] [GET] [text/html] [302 Found] [ufe] [vhost] [Envoy] [82c98e8e012b79c922655461171cc2fa]
https://fantom-staging.uber.com [302] [GET] [text/html] [302 Found] [ufe] [vhost] [Envoy] [82c98e8e012b79c922655461171cc2fa]
https://fleetdm.uber.com [301] [GET] [] [] [ufe] [vhost] [d41d8cd98f00b204e9800998ecf8427e]
https://fleetmatch.uber.com [301] [GET] [] [] [ufe] [vhost] [google] [Google Cloud,Google Cloud CDN] [d41d8cd98f00b204e9800998ecf8427e]
https://fleets.uber.com [301] [GET] [] [] [ufe] [vhost] [google] [Google Cloud,Google Cloud CDN] [d41d8cd98f00b204e9800998ecf8427e]
https://fleet.uber.com [301] [GET] [] [] [ufe] [vhost] [google] [Google Cloud,Google Cloud CDN] [d41d8cd98f00b204e9800998ecf8427e]
https://floweco-staging.uber.com [404] [GET] [] [] [ufe] [vhost] [google] [Google Cloud,Google Cloud CDN] [d41d8cd98f00b204e9800998ecf8427e]
https://fly.uber.com [302] [GET] [text/html] [302 Found] [ufe] [vhost] [google] [Envoy,Google Cloud,Google Cloud CDN] [82c98e8e012b79c922655461171cc2fa]
https://free.uber.com [301] [GET] [] [] [ufe] [vhost] [google] [Google Cloud,Google Cloud CDN] [d41d8cd98f00b204e9800998ecf8427e]
https://freightbonjour-staging.uber.com [302] [GET] [text/html] [302 Found] [ufe] [vhost] [google] [Envoy,Google Cloud,Google Cloud CDN] [82c98e8e012b79c922655461171cc2fa]
https://freightbonjour.uber.com [302] [GET] [text/html] [302 Found] [ufe] [vhost] [Envoy] [82c98e8e012b79c922655461171cc2fa]
https://freightcarrier-staging.uber.com [404] [GET] [text/html] [404 Not Found] [ufe] [vhost] [google] [Envoy,Google Cloud,Google Cloud CDN] [597ba0d4396e9c906225140ce907092c]
https://freightcarrier-staging.uber.com [404] [GET] [text/html] [404 Not Found] [ufe] [vhost] [google] [Envoy,Google Cloud,Google Cloud CDN] [ad76203cbb9feb6a77342842816f7b51]
https://freightcarrier-testing.uber.com [404] [GET] [text/html] [404 Not Found] [ufe] [vhost] [google] [Envoy,Google Cloud,Google Cloud CDN] [597ba0d4396e9c906225140ce907092c]
https://freightcarrier-testing.uber.com [404] [GET] [text/html] [404 Not Found] [ufe] [vhost] [google] [Envoy,Google Cloud,Google Cloud CDN] [ad76203cbb9feb6a77342842816f7b51]
https://freight-inflow.uber.com [404] [GET] [] [] [ufe] [vhost] [google] [Google Cloud,Google Cloud CDN] [d41d8cd98f00b204e9800998ecf8427e]
https://freight-marketing-web-staging.uber.com [302] [GET] [text/html] [302 Found] [ufe] [vhost] [Envoy] [82c98e8e012b79c922655461171cc2fa]
https://freight-ops-lite-staging.uber.com [404] [GET] [text/plain] [] [ufe] [vhost] [Envoy] [9d1ead73e678fa2f51a70a933b0bf017]
https://freight-ops-lite.uber.com [404] [GET] [text/plain] [] [ufe] [vhost] [Envoy] [9d1ead73e678fa2f51a70a933b0bf017]
https://freight-plus.uber.com [404] [GET] [text/plain] [] [ufe] [vhost] [google] [Envoy,Google Cloud,Google Cloud CDN] [9d1ead73e678fa2f51a70a933b0bf017]
https://freight-support.uber.com [404] [GET] [text/plain] [] [ufe] [vhost] [Envoy] [9d1ead73e678fa2f51a70a933b0bf017]
https://freighttableau.uber.com [403] [GET] [text/html] [403 Forbidden] [ufe] [vhost] [google] [Envoy,Google Cloud,Google Cloud CDN] [735272b9ddede509dfbb7039bfe4a1f4]
https://freighttableau.uber.com [403] [GET] [text/html] [403 Forbidden] [ufe] [vhost] [google] [Envoy,Google Cloud,Google Cloud CDN] [8b181bb6767bc5795dcf17341a387e5b]
https://freight.uber.com [301] [GET] [] [] [ufe] [vhost] [google] [Google Cloud,Google Cloud CDN] [d41d8cd98f00b204e9800998ecf8427e]
https://fresh.uber.com [301] [GET] [] [] [ufe] [vhost] [google] [Google Cloud,Google Cloud CDN] [d41d8cd98f00b204e9800998ecf8427e]
https://frontends-all.uber.com [307] [GET] [text/html] [307 Temporary Redirect] [ufe] [Envoy] [62019120e2e6b6a77d348c07ed5801aa]
https://frontends-cloud.uber.com [307] [GET] [text/html] [307 Temporary Redirect] [ufe] [google] [Envoy,Google Cloud,Google Cloud CDN] [62019120e2e6b6a77d348c07ed5801aa]
https://frontends-dc.uber.com [307] [GET] [text/html] [307 Temporary Redirect] [ufe] [Envoy] [62019120e2e6b6a77d348c07ed5801aa]
https://frontends-geo.uber.com [307] [GET] [text/html] [307 Temporary Redirect] [ufe] [Envoy] [62019120e2e6b6a77d348c07ed5801aa]
https://frontends-primary.uber.com [307] [GET] [text/html] [307 Temporary Redirect] [ufe] [Envoy] [62019120e2e6b6a77d348c07ed5801aa]
https://frontends.uber.com [307] [GET] [text/html] [307 Temporary Redirect] [ufe] [Envoy] [62019120e2e6b6a77d348c07ed5801aa]
https://frontier-ivr.uber.com [404] [GET] [text/html] [Error] [ufe] [vhost] [google] [Envoy,Google Cloud,Google Cloud CDN] [da7da7d630292e7a2a7dda8ca87b3d39]
https://fusionjs-sync-bot.uber.com [404] [GET] [text/html] [404 Not Found] [ufe] [vhost] [google] [Envoy,Google Cloud,Google Cloud CDN] [597ba0d4396e9c906225140ce907092c]
https://fusionjs-sync-bot.uber.com [404] [GET] [text/html] [404 Not Found] [ufe] [vhost] [google] [Envoy,Google Cloud,Google Cloud CDN] [ad76203cbb9feb6a77342842816f7b51]
https://geo1.cfe.uber.com [405] [GET] [application/json] [] [ufe] [google] [Envoy,Google Cloud,Google Cloud CDN] [334c2243bd7f284b609382aa13906343]
https://geo-dca1.cfe.uber.com [405] [GET] [application/json] [] [ufe] [google] [Envoy,Google Cloud,Google Cloud CDN] [334c2243bd7f284b609382aa13906343]
https://geo-frontends-all-dca1.uber.com [307] [GET] [text/html] [307 Temporary Redirect] [ufe] [Envoy] [62019120e2e6b6a77d348c07ed5801aa]
https://geo-frontends-all-phx2.uber.com [307] [GET] [text/html] [307 Temporary Redirect] [ufe] [Envoy] [62019120e2e6b6a77d348c07ed5801aa]
https://geo-frontends-dca1.uber.com [307] [GET] [text/html] [307 Temporary Redirect] [ufe] [Envoy] [62019120e2e6b6a77d348c07ed5801aa]
https://geo-frontends-phx2.uber.com [307] [GET] [text/html] [307 Temporary Redirect] [ufe] [Envoy] [62019120e2e6b6a77d348c07ed5801aa]
https://geo-sjc1.cfe.uber.com [405] [GET] [application/json] [] [ufe] [google] [Envoy,Google Cloud,Google Cloud CDN] [334c2243bd7f284b609382aa13906343]
https://getmatched-staging.uber.com [301] [GET] [] [] [ufe] [vhost] [google] [Google Cloud,Google Cloud CDN] [d41d8cd98f00b204e9800998ecf8427e]
https://getmatched.uber.com [301] [GET] [] [] [ufe] [vhost] [d41d8cd98f00b204e9800998ecf8427e]
https://getrush.uber.com [301] [GET] [] [] [ufe] [vhost] [google] [Google Cloud,Google Cloud CDN] [d41d8cd98f00b204e9800998ecf8427e]
https://get.uber.com [301] [GET] [text/html] [301 Moved Permanently] [ufe] [vhost] [google] [Envoy,Google Cloud,Google Cloud CDN] [3ea1c8d079b38532a6e01a96216ba5e2]
https://gi.uber.com [404] [GET] [] [] [ufe] [vhost] [d41d8cd98f00b204e9800998ecf8427e]
https://googlefffffffffbdedc85.uber.com [404] [GET] [text/html] [Error 404 (Not Found)!!1] [] [b81150861bf911f947660cf73bce77f6]
https://go.uber.com [301] [GET] [] [] [ufe] [vhost] [google] [Google Cloud,Google Cloud CDN] [d41d8cd98f00b204e9800998ecf8427e]
https://gratitude.uber.com [302] [GET] [text/html] [302 Found] [ufe] [vhost] [google] [Envoy,Google Cloud,Google Cloud CDN] [82c98e8e012b79c922655461171cc2fa]
https://grocery.uber.com [302] [GET] [text/html] [302 Found] [ufe] [vhost] [Envoy] [82c98e8e012b79c922655461171cc2fa]
https://groove.uber.com [302] [GET] [text/html] [] [] [vhost] [489d9bc9fed013a0a925cbfaa547334a]
https://gslink.uber.com [404] [GET] [text/html] [404 Not Found] [nginx] [Nginx] [70461da8b94c6ca5d2fda3260c5a8c3b]
https://gslink.uber.com [404] [GET] [text/html] [404 Not Found] [nginx] [Nginx] [8e325dc2fea7c8900fc6c4b8c6c394fe]
https://guestpasses.uber.com [302] [GET] [text/html] [302 Found] [ufe] [vhost] [Envoy] [82c98e8e012b79c922655461171cc2fa]
https://guest.uber.com [302] [GET] [text/html] [302 Found] [ufe] [vhost] [Envoy] [82c98e8e012b79c922655461171cc2fa]
https://hatch.uber.com [301] [GET] [] [] [ufe] [vhost] [google] [Google Cloud,Google Cloud CDN] [d41d8cd98f00b204e9800998ecf8427e]
https://hcv-supplier-staging.uber.com [302] [GET] [text/html] [302 Found] [ufe] [vhost] [google] [Envoy,Google Cloud,Google Cloud CDN] [82c98e8e012b79c922655461171cc2fa]
https://hcv-supplier.uber.com [302] [GET] [text/html] [302 Found] [ufe] [vhost] [google] [Envoy,Google Cloud,Google Cloud CDN] [82c98e8e012b79c922655461171cc2fa]
https://health-cerner.uber.com [503] [GET] [text/html] [Error - Uber] [ufe] [vhost] [Envoy] [6b000aa36f4905eb31aa7b9a7753c12c]
https://health.uber.com [301] [GET] [text/html] [301 Moved Permanently] [ufe] [vhost] [google] [Envoy,Google Cloud,Google Cloud CDN] [3ea1c8d079b38532a6e01a96216ba5e2]
https://helloworldgcp.uber.com [503] [GET] [text/html] [Error - Uber] [ufe] [vhost] [google] [Envoy,Google Cloud,Google Cloud CDN] [6b000aa36f4905eb31aa7b9a7753c12c]
https://helloworld.uber.com [503] [GET] [text/html] [Error - Uber] [ufe] [vhost] [Envoy] [6b000aa36f4905eb31aa7b9a7753c12c]
https://help.uber.com [200] [GET] [text/html] [Uber Help] [ufe] [vhost] [google] [Envoy,Google Cloud,Google Cloud CDN] [58910a3aa1ccaeebd61eecd48be95984]
https://help.uber.com [200] [GET] [text/html] [Uber Help] [ufe] [vhost] [google] [Envoy,Google Cloud,Google Cloud CDN] [80d827afc8ba8e704c7ca493dfd375df]
https://hero.uber.com [302] [GET] [text/html] [302 Found] [ufe] [vhost] [google] [Envoy,Google Cloud,Google Cloud CDN] [82c98e8e012b79c922655461171cc2fa]
https://hulk.uber.com [302] [GET] [text/html] [302 Found] [ufe] [vhost] [Envoy] [82c98e8e012b79c922655461171cc2fa]
https://i18n.uber.com [404] [GET] [text/html] [404 Not Found] [ufe] [vhost] [Envoy] [ad76203cbb9feb6a77342842816f7b51]
https://iadm-staging.uber.com [302] [GET] [text/html] [302 Found] [ufe] [vhost] [google] [Envoy,Google Cloud,Google Cloud CDN] [82c98e8e012b79c922655461171cc2fa]
https://iadm.uber.com [301] [GET] [] [] [ufe] [vhost] [google] [Google Cloud,Google Cloud CDN] [d41d8cd98f00b204e9800998ecf8427e]
https://icinga01-dca1.prod.uber.com [307] [GET] [text/html] [307 Temporary Redirect] [ufe] [Envoy] [62019120e2e6b6a77d348c07ed5801aa]
https://incentives.uber.com [302] [GET] [text/html] [302 Found] [ufe] [vhost] [google] [Envoy,Google Cloud,Google Cloud CDN] [82c98e8e012b79c922655461171cc2fa]
https://info.uber.com [200] [GET] [text/html] [] [Apache] [vhost] [Apache] [8bc4374c7fe9ae7a1abb6518f3bf9af1]
https://inquiries.uber.com [404] [GET] [text/plain] [] [ufe] [vhost] [google] [Envoy,Google Cloud,Google Cloud CDN] [9d1ead73e678fa2f51a70a933b0bf017]
https://insurance.uber.com [404] [GET] [text/html] [404 Not Found] [ufe] [vhost] [Envoy] [597ba0d4396e9c906225140ce907092c]
https://interuss-dss.uber.com [503] [GET] [text/html] [Error - Uber] [ufe] [vhost] [google] [Envoy,Google Cloud,Google Cloud CDN] [6b000aa36f4905eb31aa7b9a7753c12c]
https://investor.uber.com [301] [GET] [text/html] [Object moved] [cloudflare] [vhost] [cloudflare] [Cloudflare,Cloudflare Bot Management] [21442de60fc176a8e82e00d749f3a1ab]
https://investor.uber.com [301] [GET] [text/html] [Object moved] [cloudflare] [vhost] [cloudflare] [Cloudflare,Cloudflare Bot Management] [4ea4e6ccb373b93c7fc8b1c79b00f594]
https://io.uber.com [404] [GET] [text/html] [404 Not Found] [ufe] [vhost] [google] [Envoy,Google Cloud,Google Cloud CDN] [597ba0d4396e9c906225140ce907092c]
https://io.uber.com [404] [GET] [text/html] [404 Not Found] [ufe] [vhost] [google] [Envoy,Google Cloud,Google Cloud CDN] [ad76203cbb9feb6a77342842816f7b51]
https://jobs.uber.com [301] [GET] [] [] [ufe] [vhost] [google] [Google Cloud,Google Cloud CDN] [d41d8cd98f00b204e9800998ecf8427e]
https://join.uber.com [301] [GET] [] [] [ufe] [vhost] [google] [Google Cloud,Google Cloud CDN] [d41d8cd98f00b204e9800998ecf8427e]
https://jump.uber.com [301] [GET] [] [] [ufe] [vhost] [d41d8cd98f00b204e9800998ecf8427e]
https://kcp-gateway.uber.com [503] [GET] [text/html] [Error - Uber] [ufe] [vhost] [Envoy] [6b000aa36f4905eb31aa7b9a7753c12c]
https://kiosk-node-api-staging.uber.com [307] [GET] [text/html] [307 Temporary Redirect] [ufe] [google] [Envoy,Google Cloud,Google Cloud CDN] [62019120e2e6b6a77d348c07ed5801aa]
http://slack-aaa-staging.uber.com [301] [GET] [] [] [ufe] [d41d8cd98f00b204e9800998ecf8427e]
https://ladyeng.uber.com [200] [GET] [text/html] [ladyeng] [ufe] [vhost] [Envoy,React] [16d0ed57467dbd9f97e20a723943d131]
https://ladyeng.uber.com [200] [GET] [text/html] [ladyeng] [ufe] [vhost] [Envoy,React] [e1b78405e10bb05cc36fa24c4e93daeb]
https://lantern-experiment.uber.com [404] [GET] [text/html] [Error] [ufe] [vhost] [Envoy] [da7da7d630292e7a2a7dda8ca87b3d39]
https://lert.uber.com [200] [GET] [text/html] [] [] [vhost] [ApexPages,Salesforce] [92b24dd40ff32157bac9c7338461deda]
https://lert.uber.com [200] [GET] [text/html] [] [] [vhost] [ApexPages,Salesforce] [b83faab46f3b9b5034614e5ae30daf4d]
https://link.recruitermail.uber.com [404] [GET] [text/html] [404 Not Found] [nginx] [Nginx] [70461da8b94c6ca5d2fda3260c5a8c3b]
https://link.recruitermail.uber.com [404] [GET] [text/html] [404 Not Found] [nginx] [Nginx] [8e325dc2fea7c8900fc6c4b8c6c394fe]
https://liveops.uber.com [403] [GET] [text/html] [403 Forbidden] [ufe] [vhost] [Envoy] [735272b9ddede509dfbb7039bfe4a1f4]
https://liveops.uber.com [403] [GET] [text/html] [403 Forbidden] [ufe] [vhost] [Envoy] [8b181bb6767bc5795dcf17341a387e5b]
https://lobby-cms.uber.com [200] [GET] [text/html] [uber-hqlobby-cms-fe] [ufe] [vhost] [Envoy] [7ec56c8c89596e4f124970eb0208dbdd]
https://local.uber.com [307] [GET] [text/html] [307 Temporary Redirect] [ufe] [google] [Envoy,Google Cloud,Google Cloud CDN] [62019120e2e6b6a77d348c07ed5801aa]
https://login.uber.com [404] [GET] [text/html] [404 Not Found] [ufe] [vhost] [Envoy] [ad76203cbb9feb6a77342842816f7b51]
https://lost.uber.com [301] [GET] [] [] [ufe] [vhost] [google] [Google Cloud,Google Cloud CDN] [d41d8cd98f00b204e9800998ecf8427e]
https://m2.uber.com [301] [GET] [] [] [ufe] [vhost] [google] [Google Cloud,Google Cloud CDN] [d41d8cd98f00b204e9800998ecf8427e]
https://mail.prod.uber.com [404] [GET] [text/html] [404 Not Found] [nginx] [Nginx] [8e325dc2fea7c8900fc6c4b8c6c394fe]
https://marketplace.uber.com [301] [GET] [] [] [ufe] [vhost] [google] [Google Cloud,Google Cloud CDN] [d41d8cd98f00b204e9800998ecf8427e]
https://meh-staging.uber.com [400] [GET] [text/plain] [] [ufe] [vhost] [google] [Envoy,Google Cloud,Google Cloud CDN] [5f89645fbd26a68c1fb15fa46743cd87]
https://meh.uber.com [400] [GET] [text/plain] [] [ufe] [vhost] [google] [Envoy,Google Cloud,Google Cloud CDN] [5f89645fbd26a68c1fb15fa46743cd87]
https://messages-staging.uber.com [302] [GET] [text/html] [302 Found] [ufe] [vhost] [Envoy] [82c98e8e012b79c922655461171cc2fa]
https://messages.uber.com [302] [GET] [text/html] [302 Found] [ufe] [vhost] [google] [Envoy,Google Cloud,Google Cloud CDN] [82c98e8e012b79c922655461171cc2fa]
https://mission-control-web.uber.com [404] [GET] [] [] [ufe] [vhost] [google] [Google Cloud,Google Cloud CDN] [d41d8cd98f00b204e9800998ecf8427e]
https://mobile-content.uber.com [400] [GET] [application/xml] [] [ufe] [vhost] [google] [Envoy,Google Cloud,Google Cloud CDN] [268747a00aee6a265436f26d5a0c99e7]
https://mobile-content.uber.com [400] [GET] [application/xml] [] [ufe] [vhost] [google] [Envoy,Google Cloud,Google Cloud CDN] [a8772fc76d2f4052c48308e11917c8fb]
https://movement-preprod.uber.com [302] [GET] [text/html] [302 Found] [ufe] [vhost] [google] [Envoy,Google Cloud,Google Cloud CDN] [82c98e8e012b79c922655461171cc2fa]
https://movement.uber.com [302] [GET] [text/plain] [] [ufe] [vhost] [Envoy,Express,Node.js] [c45a4f6b544925013b41e2d870ab5358]
https://mutombo.uber.com [301] [GET] [] [] [ufe] [vhost] [d41d8cd98f00b204e9800998ecf8427e]
https://mx-static.uber.com [400] [GET] [application/xml] [] [ufe] [vhost] [google] [Envoy,Google Cloud,Google Cloud CDN] [590bac3f7eb1683a42c16f73488b65a4]
https://mx-static.uber.com [400] [GET] [application/xml] [] [ufe] [vhost] [google] [Envoy,Google Cloud,Google Cloud CDN] [ed418b0f09c99750f469a22ba23b53ad]
https://myprivacy.uber.com [404] [GET] [] [] [ufe] [vhost] [google] [Google Cloud,Google Cloud CDN] [d41d8cd98f00b204e9800998ecf8427e]
https://newsroomapi.uber.com [403] [GET] [text/html] [403 Forbidden] [nginx] [vhost] [Nginx] [4b074b0b59693fa9f94fb71b175fb187]
https://newsroomapi.uber.com [403] [GET] [text/html] [403 Forbidden] [nginx] [vhost] [Nginx] [9fe3cb2b7313dc79bb477bc8fde184a7]
https://notifier.uber.com [301] [GET] [] [] [ufe] [vhost] [d41d8cd98f00b204e9800998ecf8427e]
https://nycvideo.uber.com [301] [GET] [] [] [ufe] [vhost] [google] [Google Cloud,Google Cloud CDN] [d41d8cd98f00b204e9800998ecf8427e]
https://office-space-staging.uber.com [302] [GET] [text/html] [302 Found] [ufe] [vhost] [Envoy] [82c98e8e012b79c922655461171cc2fa]
https://office-space-staging.uber.com [401] [GET] [application/json] [] [ufe] [vhost] [Basic,Envoy] [98ead5e1fa04396285a01329d429495f]
https://offthehook.uber.com [503] [GET] [text/html] [Error - Uber] [ufe] [vhost] [google] [Envoy,Google Cloud,Google Cloud CDN] [6b000aa36f4905eb31aa7b9a7753c12c]
https://onboarding.uber.com [404] [GET] [text/html] [404 Not Found] [ufe] [vhost] [Envoy] [ad76203cbb9feb6a77342842816f7b51]
https://opensource.uber.com [301] [GET] [] [] [ufe] [vhost] [google] [Google Cloud,Google Cloud CDN] [d41d8cd98f00b204e9800998ecf8427e]
https://order-tracker.uber.com [404] [GET] [text/plain] [] [ufe] [vhost] [google] [Envoy,Google Cloud,Google Cloud CDN] [9d1ead73e678fa2f51a70a933b0bf017]
https://p2.uber.com [301] [GET] [] [] [ufe] [vhost] [google] [Google Cloud,Google Cloud CDN] [d41d8cd98f00b204e9800998ecf8427e]
https://p3.uber.com [302] [GET] [text/html] [302 Found] [ufe] [vhost] [google] [Envoy,Google Cloud,Google Cloud CDN] [82c98e8e012b79c922655461171cc2fa]
https://parking-staging.uber.com [302] [GET] [text/html] [302 Found] [ufe] [vhost] [google] [Envoy,Google Cloud,Google Cloud CDN] [82c98e8e012b79c922655461171cc2fa]
https://parking.uber.com [302] [GET] [text/html] [302 Found] [ufe] [vhost] [google] [Envoy,Google Cloud,Google Cloud CDN] [82c98e8e012b79c922655461171cc2fa]
https://partners2.uber.com [301] [GET] [] [] [ufe] [vhost] [google] [Google Cloud,Google Cloud CDN] [d41d8cd98f00b204e9800998ecf8427e]
https://partners-platform.uber.com [404] [GET] [text/html] [404 Not Found] [ufe] [vhost] [Envoy] [ad76203cbb9feb6a77342842816f7b51]
https://partners-staging.uber.com [302] [GET] [text/html] [302 Found] [ufe] [vhost] [google] [Envoy,Google Cloud,Google Cloud CDN] [82c98e8e012b79c922655461171cc2fa]
https://partners.uber.com [301] [GET] [text/html] [301 Moved Permanently] [ufe] [vhost] [Envoy] [3ea1c8d079b38532a6e01a96216ba5e2]
https://partner-surveys.uber.com [302] [GET] [text/html] [302 Found] [ufe] [vhost] [google] [Envoy,Google Cloud,Google Cloud CDN] [82c98e8e012b79c922655461171cc2fa]
https://partner.uber.com [301] [GET] [] [] [ufe] [vhost] [google] [Google Cloud,Google Cloud CDN] [d41d8cd98f00b204e9800998ecf8427e]
https://pass.uber.com [404] [GET] [text/html] [404 Not Found] [ufe] [vhost] [google] [Envoy,Google Cloud,Google Cloud CDN] [597ba0d4396e9c906225140ce907092c]
https://pass.uber.com [404] [GET] [text/html] [404 Not Found] [ufe] [vhost] [google] [Envoy,Google Cloud,Google Cloud CDN] [ad76203cbb9feb6a77342842816f7b51]
https://payment-providers.uber.com [404] [GET] [text/plain] [] [ufe] [vhost] [Envoy] [595e88012a6521aae3e12cbebe76eb9e]
https://payments-staging.uber.com [302] [GET] [text/html] [] [ufe] [vhost] [google] [Envoy,Google Cloud,Google Cloud CDN,PayPal] [091e3b00def10b047fe2a06a0078fa7d]
https://payments.uber.com [302] [GET] [text/html] [] [ufe] [vhost] [google] [Envoy,Google Cloud,Google Cloud CDN] [091e3b00def10b047fe2a06a0078fa7d]
https://payments.uber.com [302] [GET] [text/html] [] [ufe] [vhost] [google] [Envoy,Google Cloud,Google Cloud CDN,PayPal] [091e3b00def10b047fe2a06a0078fa7d]
https://paypay-help.uber.com [302] [GET] [text/html] [302 Found] [ufe] [vhost] [google] [Envoy,Google Cloud,Google Cloud CDN] [82c98e8e012b79c922655461171cc2fa]
https://paypay.uber.com [302] [GET] [text/html] [302 Found] [ufe] [vhost] [google] [Envoy,Google Cloud,Google Cloud CDN] [82c98e8e012b79c922655461171cc2fa]
https://pending.uber.com [301] [GET] [] [] [ufe] [vhost] [google] [Google Cloud,Google Cloud CDN] [d41d8cd98f00b204e9800998ecf8427e]
https://pharma.uber.com [302] [GET] [text/html] [302 Found] [ufe] [vhost] [google] [Envoy,Google Cloud,Google Cloud CDN] [82c98e8e012b79c922655461171cc2fa]
https://photography.uber.com [503] [GET] [text/html] [Application Error] [Cowboy] [vhost] [Cowboy] [8c772af5c5f6e790a7ac1e8b0f5ce734]
https://photos.uber.com [503] [GET] [text/html] [Application Error] [Cowboy] [vhost] [Cowboy] [8c772af5c5f6e790a7ac1e8b0f5ce734]
https://photo.uber.com [301] [GET] [] [] [ufe] [vhost] [google] [Google Cloud,Google Cloud CDN] [d41d8cd98f00b204e9800998ecf8427e]
https://places-mobile.uber.com [302] [GET] [text/html] [302 Found] [ufe] [vhost] [google] [Envoy,Google Cloud,Google Cloud CDN] [82c98e8e012b79c922655461171cc2fa]
https://plus.uber.com [404] [GET] [text/html] [404 Not Found] [ufe] [vhost] [Envoy] [ad76203cbb9feb6a77342842816f7b51]
https://postmaster.uber.com [404] [GET] [text/html] [404 Not Found] [ufe] [vhost] [Envoy] [597ba0d4396e9c906225140ce907092c]
https://postmaster.uber.com [404] [GET] [text/html] [404 Not Found] [ufe] [vhost] [Envoy] [ad76203cbb9feb6a77342842816f7b51]
https://privacy.uber.com [301] [GET] [] [] [ufe] [vhost] [d41d8cd98f00b204e9800998ecf8427e]
https://product-platform.uber.com [301] [GET] [] [] [ufe] [vhost] [google] [Google Cloud,Google Cloud CDN] [d41d8cd98f00b204e9800998ecf8427e]
https://profiles.uber.com [301] [GET] [] [] [ufe] [vhost] [google] [Google Cloud,Google Cloud CDN] [d41d8cd98f00b204e9800998ecf8427e]
https://pt-jump.uber.com [301] [GET] [] [] [ufe] [vhost] [google] [Google Cloud,Google Cloud CDN] [d41d8cd98f00b204e9800998ecf8427e]
https://pt.uber.com [301] [GET] [text/html] [301 Moved Permanently] [ufe] [vhost] [google] [Envoy,Google Cloud,Google Cloud CDN] [3ea1c8d079b38532a6e01a96216ba5e2]
https://publicsafety.uber.com [200] [GET] [text/html] [] [] [vhost] [ApexPages,Salesforce] [60bfd9bc0a3f1ada4523f5fd014b9ba6]
https://publicsafety.uber.com [200] [GET] [text/html] [] [] [vhost] [ApexPages,Salesforce] [d751ff0979b4daad826e383e897589fb]
https://pusher.uber.com [404] [GET] [] [] [ufe] [vhost] [google] [Google Cloud,Google Cloud CDN] [d41d8cd98f00b204e9800998ecf8427e]
https://querybuilder.uber.com [301] [GET] [] [] [ufe] [vhost] [google] [Google Cloud,Google Cloud CDN] [d41d8cd98f00b204e9800998ecf8427e]
https://quic-cn.cfe.uber.com [405] [GET] [application/json] [] [ufe] [google] [Envoy,Google Cloud,Google Cloud CDN] [334c2243bd7f284b609382aa13906343]
https://quic-cn-sjc1.cfe.uber.com [405] [GET] [application/json] [] [ufe] [google] [Envoy,Google Cloud,Google Cloud CDN] [334c2243bd7f284b609382aa13906343]
https://ramendca.uber.com [404] [GET] [] [] [ufe] [vhost] [d41d8cd98f00b204e9800998ecf8427e]
https://ramenphx.uber.com [404] [GET] [text/html] [404 Not Found] [ufe] [vhost] [google] [Envoy,Google Cloud,Google Cloud CDN] [ad76203cbb9feb6a77342842816f7b51]
https://receipts.uber.com [404] [GET] [text/html] [404 - Not Found] [ufe] [vhost] [Envoy,React] [226b72a16497bae38fe0fe09e386d860]
https://receipts.uber.com [404] [GET] [text/html] [404 - Not Found] [ufe] [vhost] [Envoy,React] [d9d0ba452a7c76fb2a62c2d43fe79850]
https://redeem-beta.uber.com [404] [GET] [text/plain] [] [ufe] [vhost] [Envoy] [9d1ead73e678fa2f51a70a933b0bf017]
https://redeem.uber.com [404] [GET] [text/plain] [] [ufe] [vhost] [Envoy] [9d1ead73e678fa2f51a70a933b0bf017]
https://reimagine.uber.com [302] [GET] [text/html] [302 Found] [ufe] [vhost] [google] [Envoy,Google Cloud,Google Cloud CDN] [82c98e8e012b79c922655461171cc2fa]
https://render-receipts.uber.com [503] [GET] [text/html] [Error - Uber] [ufe] [vhost] [google] [Envoy,Google Cloud,Google Cloud CDN] [6b000aa36f4905eb31aa7b9a7753c12c]
https://research.uber.com [301] [GET] [] [] [ufe] [vhost] [google] [Google Cloud,Google Cloud CDN] [d41d8cd98f00b204e9800998ecf8427e]
https://reset-campaign.uber.com [503] [GET] [text/html] [Error - Uber] [ufe] [vhost] [Envoy] [6b000aa36f4905eb31aa7b9a7753c12c]
https://restaurant-dashboard.uber.com [302] [GET] [text/html] [302 Found] [ufe] [vhost] [google] [Envoy,Google Cloud,Google Cloud CDN] [82c98e8e012b79c922655461171cc2fa]
https://restaurant-help.uber.com [301] [GET] [] [] [ufe] [vhost] [google] [Google Cloud,Google Cloud CDN] [d41d8cd98f00b204e9800998ecf8427e]
https://restauranthelp.uber.com [301] [GET] [] [] [] [vhost] [d41d8cd98f00b204e9800998ecf8427e]
https://restaurant-signup-staging.uber.com [302] [GET] [text/html] [] [ufe] [vhost] [google] [Envoy,Google Cloud,Google Cloud CDN,PayPal,Rokt] [3325d8f2fa785fff71dc40c1038418f8]
https://restaurant-staging.uber.com [301] [GET] [text/html] [301 Moved Permanently] [ufe] [vhost] [google] [Envoy,Google Cloud,Google Cloud CDN] [3ea1c8d079b38532a6e01a96216ba5e2]
https://restaurants.uber.com [404] [GET] [text/html] [404 - Page not found] [cloudflare] [vhost] [cloudflare] [Cloudflare,Cloudflare Bot Management,Google Font API] [c648c8949d7ecc0b0dbcbb15dcb84841]
https://rewards-beta.uber.com [302] [GET] [text/html] [302 Found] [ufe] [vhost] [google] [Envoy,Google Cloud,Google Cloud CDN] [82c98e8e012b79c922655461171cc2fa]
https://rewards.uber.com [302] [GET] [text/html] [302 Found] [ufe] [vhost] [google] [Envoy,Google Cloud,Google Cloud CDN] [82c98e8e012b79c922655461171cc2fa]
https://riders-staging.uber.com [302] [GET] [text/html] [302 Found] [ufe] [vhost] [Envoy] [82c98e8e012b79c922655461171cc2fa]
https://riders.uber.com [302] [GET] [text/html] [302 Found] [ufe] [vhost] [Envoy] [82c98e8e012b79c922655461171cc2fa]
https://rider.uber.com [301] [GET] [] [] [ufe] [vhost] [google] [Google Cloud,Google Cloud CDN] [d41d8cd98f00b204e9800998ecf8427e]
https://safetycenter-staging.uber.com [302] [GET] [text/html] [302 Found] [ufe] [vhost] [Envoy] [82c98e8e012b79c922655461171cc2fa]
https://safetycenter.uber.com [302] [GET] [text/html] [302 Found] [ufe] [vhost] [Envoy] [82c98e8e012b79c922655461171cc2fa]
https://safetyreport.uber.com [301] [GET] [text/html] [301 Moved Permanently] [nginx] [vhost] [google] [Nginx] [4f8e702cc244ec5d4de32740c0ecbd97]
https://sandbox-api.uber.com [301] [GET] [text/html] [301 Moved Permanently] [ufe] [vhost] [Envoy] [3ea1c8d079b38532a6e01a96216ba5e2]
https://sao1.uber.com [404] [GET] [text/html] [404 Not Found] [ufe] [vhost] [Envoy] [597ba0d4396e9c906225140ce907092c]
https://sao1.uber.com [404] [GET] [text/html] [404 Not Found] [ufe] [vhost] [Envoy] [ad76203cbb9feb6a77342842816f7b51]
https://sao2.uber.com [404] [GET] [text/html] [404 Not Found] [ufe] [vhost] [Envoy] [597ba0d4396e9c906225140ce907092c]
https://sao.uber.com [404] [GET] [text/html] [404 Not Found] [ufe] [vhost] [Envoy] [597ba0d4396e9c906225140ce907092c]
https://sao.uber.com [404] [GET] [text/html] [404 Not Found] [ufe] [vhost] [Envoy] [ad76203cbb9feb6a77342842816f7b51]
https://sbx.usuppliers.uber.com [302] [GET] [text/html] [302 Found] [] [9f50d0c2b606e2b60a2184db4ea0e104]
https://sched.uber.com [301] [GET] [] [] [ufe] [vhost] [google] [Google Cloud,Google Cloud CDN] [d41d8cd98f00b204e9800998ecf8427e]
https://security.uber.com [301] [GET] [] [] [ufe] [vhost] [google] [Google Cloud,Google Cloud CDN] [d41d8cd98f00b204e9800998ecf8427e]
https://settlement.uber.com [307] [GET] [text/html] [307 Temporary Redirect] [ufe] [google] [Envoy,Google Cloud,Google Cloud CDN] [62019120e2e6b6a77d348c07ed5801aa]
https://share-beta.uber.com [404] [GET] [] [] [ufe] [vhost] [google] [Google Cloud,Google Cloud CDN] [d41d8cd98f00b204e9800998ecf8427e]
https://share.uber.com [301] [GET] [] [] [ufe] [vhost] [google] [Google Cloud,Google Cloud CDN] [d41d8cd98f00b204e9800998ecf8427e]
https://shortener.uber.com [503] [GET] [text/html] [Error - Uber] [ufe] [vhost] [google] [Envoy,Google Cloud,Google Cloud CDN] [6b000aa36f4905eb31aa7b9a7753c12c]
https://sit.usuppliers.uber.com [302] [GET] [text/html] [302 Found] [] [bef0dfd234b0ccff63a75089d8b087c3]
https://smartsheet.uber.com [404] [GET] [text/html] [404 Not Found] [Apache] [vhost] [Amazon ALB,Amazon Web Services,Apache] [62962daa1b19bbcc2db10b7bfd531ea6]
https://split.uber.com [301] [GET] [] [] [ufe] [vhost] [google] [Google Cloud,Google Cloud CDN] [d41d8cd98f00b204e9800998ecf8427e]
https://spotlight.uber.com [302] [GET] [text/html] [302 Found] [ufe] [vhost] [google] [Envoy,Google Cloud,Google Cloud CDN] [82c98e8e012b79c922655461171cc2fa]
https://static-maps.uber.com [404] [GET] [] [] [ufe] [vhost] [google] [Google Cloud,Google Cloud CDN] [d41d8cd98f00b204e9800998ecf8427e]
https://static.uber.com [403] [GET] [application/xml] [] [AmazonS3] [vhost] [cloudfront] [Amazon Cloudfront,Amazon S3,Amazon Web Services] [428b5717e4d328457e4865d4c7b302f9]
https://static.uber.com [403] [GET] [application/xml] [] [AmazonS3] [vhost] [cloudfront] [Amazon Cloudfront,Amazon S3,Amazon Web Services] [6f164deb8275e51822771c8108006843]
https://subscriptions.uber.com [301] [GET] [] [] [ufe] [vhost] [google] [Google Cloud,Google Cloud CDN] [d41d8cd98f00b204e9800998ecf8427e]
https://supplier-demo.uber.com [302] [GET] [text/html] [302 Found] [ufe] [vhost] [google] [Envoy,Google Cloud,Google Cloud CDN] [82c98e8e012b79c922655461171cc2fa]
https://supplier-experimental.uber.com [302] [GET] [text/html] [302 Found] [ufe] [vhost] [google] [Envoy,Google Cloud,Google Cloud CDN] [82c98e8e012b79c922655461171cc2fa]
https://support.uber.com [301] [GET] [] [] [ufe] [vhost] [google] [Google Cloud,Google Cloud CDN] [d41d8cd98f00b204e9800998ecf8427e]
https://survey-lo.uber.com [404] [GET] [text/plain] [] [ufe] [vhost] [google] [Envoy,Google Cloud,Google Cloud CDN] [9d1ead73e678fa2f51a70a933b0bf017]
https://survey.uber.com [302] [GET] [text/html] [302 Found] [ufe] [vhost] [google] [Envoy,Google Cloud,Google Cloud CDN] [82c98e8e012b79c922655461171cc2fa]
https://switchboard-staging.uber.com [404] [GET] [] [] [ufe] [vhost] [d41d8cd98f00b204e9800998ecf8427e]
https://switchboard.uber.com [404] [GET] [text/html] [HTTP Status 404  Not Found] [ufe] [vhost] [Envoy] [875927332f52c86065894ba05cabb6c4]
https://t2.uber.com [301] [GET] [] [] [ufe] [vhost] [google] [Google Cloud,Google Cloud CDN] [d41d8cd98f00b204e9800998ecf8427e]
https://tb-origin-staging.uber.com [403] [GET] [text/html] [403 Forbidden] [ufe] [vhost] [google] [Envoy,Google Cloud,Google Cloud CDN] [735272b9ddede509dfbb7039bfe4a1f4]
https://tb-origin-staging.uber.com [403] [GET] [text/html] [403 Forbidden] [ufe] [vhost] [google] [Envoy,Google Cloud,Google Cloud CDN] [8b181bb6767bc5795dcf17341a387e5b]
https://tb-origin.uber.com [403] [GET] [text/html] [403 Forbidden] [ufe] [vhost] [google] [Envoy,Google Cloud,Google Cloud CDN] [735272b9ddede509dfbb7039bfe4a1f4]
https://tbs-static.uber.com [403] [GET] [text/xml] [] [CloudFront] [vhost] [cloudfront] [Amazon Cloudfront,Amazon Web Services] [40a481f43ca93bbbdd18621b439ea397]
https://tb-static.uber.com [401] [GET] [application/xml] [] [ufe] [vhost] [cloudfront] [Amazon Cloudfront,Amazon Web Services,Envoy] [cfbbecb59a569a77d61bed111cca2a63]
https://tb-static.uber.com [401] [GET] [application/xml] [] [ufe] [vhost] [cloudfront] [Amazon Cloudfront,Amazon Web Services,Envoy] [e4f957a46ffd402e63cb855fa152955f]
https://tc.uber.com [404] [GET] [] [] [ufe] [vhost] [google] [Google Cloud,Google Cloud CDN] [d41d8cd98f00b204e9800998ecf8427e]
https://tdottest1.uber.com [302] [GET] [text/html] [] [] [vhost] [d41d8cd98f00b204e9800998ecf8427e]
https://team.uber.com [301] [GET] [] [] [ufe] [vhost] [google] [Google Cloud,Google Cloud CDN] [d41d8cd98f00b204e9800998ecf8427e]
https://te-cn.cfe.uber.com [405] [GET] [application/json] [] [ufe] [google] [Envoy,Google Cloud,Google Cloud CDN] [334c2243bd7f284b609382aa13906343]
https://te-cn-dca1.cfe.uber.com [405] [GET] [application/json] [] [ufe] [google] [Envoy,Google Cloud,Google Cloud CDN] [334c2243bd7f284b609382aa13906343]
https://te-cn-phx2.cfe.uber.com [405] [GET] [application/json] [] [ufe] [google] [Envoy,Google Cloud,Google Cloud CDN] [334c2243bd7f284b609382aa13906343]
https://te-cn-sjc1.cfe.uber.com [405] [GET] [application/json] [] [ufe] [google] [Envoy,Google Cloud,Google Cloud CDN] [334c2243bd7f284b609382aa13906343]
https://temp.uber.com [301] [GET] [] [] [ufe] [vhost] [google] [Google Cloud,Google Cloud CDN] [d41d8cd98f00b204e9800998ecf8427e]
https://terra-cognitae-staging.uber.com [404] [GET] [] [] [ufe] [vhost] [google] [Google Cloud,Google Cloud CDN] [d41d8cd98f00b204e9800998ecf8427e]
https://thankatruckdriver.uber.com [406] [GET] [text/plain] [] [ufe] [vhost] [google] [Envoy,Google Cloud,Google Cloud CDN] [c188123a8479f44786e8e1ac01f38500]
https://theresa-test.uber.com [301] [GET] [] [] [ufe] [vhost] [google] [Google Cloud,Google Cloud CDN] [d41d8cd98f00b204e9800998ecf8427e]
https://tools.uber.com [301] [GET] [] [] [ufe] [vhost] [google] [Google Cloud,Google Cloud CDN] [d41d8cd98f00b204e9800998ecf8427e]
https://track.uber.com [301] [GET] [] [] [ufe] [vhost] [google] [Google Cloud,Google Cloud CDN] [d41d8cd98f00b204e9800998ecf8427e]
https://transit.uber.com [302] [GET] [text/html] [302 Found] [ufe] [vhost] [google] [Envoy,Google Cloud,Google Cloud CDN] [82c98e8e012b79c922655461171cc2fa]
https://transparencyreport.uber.com [302] [GET] [text/html] [] [nginx] [vhost] [google] [Nginx] [d41d8cd98f00b204e9800998ecf8427e]
https://travel.uber.com [302] [GET] [text/html] [302 Found] [ufe] [vhost] [Envoy] [82c98e8e012b79c922655461171cc2fa]
https://trip.uber.com [302] [GET] [text/html] [] [ufe] [vhost] [google] [Envoy,Google Cloud,Google Cloud CDN] [0571c9cd0bd644471bd4b72cf4dcfaff]
https://t.uber.com [302] [GET] [text/html] [] [] [vhost] [d41d8cd98f00b204e9800998ecf8427e]
https://u475-dca1.prod.uber.com [307] [GET] [text/html] [307 Temporary Redirect] [ufe] [Envoy] [62019120e2e6b6a77d348c07ed5801aa]
https://uat.usuppliers.uber.com [302] [GET] [text/html] [302 Found] [] [fbe374426421adb589ef18b0d60002da]
https://uber-com-careers.uber.com [302] [GET] [text/html] [302 Found] [ufe] [vhost] [Envoy] [82c98e8e012b79c922655461171cc2fa]
https://ubercom-staging.uber.com [406] [GET] [text/plain] [] [ufe] [vhost] [google] [Envoy,Google Cloud,Google Cloud CDN] [c188123a8479f44786e8e1ac01f38500]
https://uc-staging.uber.com [403] [GET] [text/html] [403 Forbidden] [ufe] [vhost] [Envoy] [735272b9ddede509dfbb7039bfe4a1f4]
https://uc-staging.uber.com [403] [GET] [text/html] [403 Forbidden] [ufe] [vhost] [Envoy] [8b181bb6767bc5795dcf17341a387e5b]
https://uc.uber.com [403] [GET] [text/html] [403 Forbidden] [ufe] [vhost] [Envoy] [735272b9ddede509dfbb7039bfe4a1f4]
https://ukvideo.uber.com [301] [GET] [] [] [ufe] [vhost] [google] [Google Cloud,Google Cloud CDN] [d41d8cd98f00b204e9800998ecf8427e]
https://unsubscribe.uber.com [301] [GET] [text/html] [301 Moved Permanently] [ufe] [vhost] [google] [Envoy,Google Cloud,Google Cloud CDN] [3ea1c8d079b38532a6e01a96216ba5e2]
https://uprotect.uber.com [404] [GET] [text/html] [404 Not Found] [ufe] [vhost] [google] [Envoy,Google Cloud,Google Cloud CDN] [ad76203cbb9feb6a77342842816f7b51]
https://usuppliers.uber.com [302] [GET] [text/html] [302 Found] [] [715bd633dcb443302a96bdd6ba6db0e3]
https://utmbeta-staging.uber.com [503] [GET] [text/html] [Error - Uber] [ufe] [vhost] [Envoy] [6b000aa36f4905eb31aa7b9a7753c12c]
https://utmbeta.uber.com [503] [GET] [text/html] [Error - Uber] [ufe] [vhost] [Envoy] [6b000aa36f4905eb31aa7b9a7753c12c]
https://uview-node-api.uber.com [503] [GET] [text/html] [Error - Uber] [ufe] [vhost] [Envoy] [6b000aa36f4905eb31aa7b9a7753c12c]
https://vault-staging.uber.com [301] [GET] [] [] [ufe] [vhost] [google] [Google Cloud,Google Cloud CDN] [d41d8cd98f00b204e9800998ecf8427e]
https://vault.uber.com [301] [GET] [] [] [ufe] [vhost] [google] [Google Cloud,Google Cloud CDN] [d41d8cd98f00b204e9800998ecf8427e]
https://vehicle-solutions-staging.uber.com [301] [GET] [text/html] [301 Moved Permanently] [ufe] [vhost] [Envoy] [3ea1c8d079b38532a6e01a96216ba5e2]
https://vehicle-solutions.uber.com [301] [GET] [text/html] [301 Moved Permanently] [ufe] [vhost] [Envoy] [3ea1c8d079b38532a6e01a96216ba5e2]
https://vehicle-staging.uber.com [301] [GET] [] [] [ufe] [vhost] [google] [Google Cloud,Google Cloud CDN] [d41d8cd98f00b204e9800998ecf8427e]
https://vehicle.uber.com [301] [GET] [] [] [ufe] [vhost] [google] [Google Cloud,Google Cloud CDN] [d41d8cd98f00b204e9800998ecf8427e]
https://verifier.uber.com [301] [GET] [] [] [ufe] [vhost] [google] [Google Cloud,Google Cloud CDN] [d41d8cd98f00b204e9800998ecf8427e]
https://verify.uber.com [302] [GET] [text/html] [302 Found] [ufe] [vhost] [Envoy] [82c98e8e012b79c922655461171cc2fa]
https://viaduct.uber.com [404] [GET] [text/plain] [] [ufe] [vhost] [google] [Envoy,Google Cloud,Google Cloud CDN] [9d1ead73e678fa2f51a70a933b0bf017]
https://video-support-api-staging.uber.com [503] [GET] [text/html] [Error - Uber] [ufe] [vhost] [Envoy] [6b000aa36f4905eb31aa7b9a7753c12c]
https://video-support-callback-staging.uber.com [404] [GET] [text/plain] [] [ufe] [vhost] [google] [Envoy,Google Cloud,Google Cloud CDN] [595e88012a6521aae3e12cbebe76eb9e]
https://video-support-callback.uber.com [404] [GET] [text/plain] [] [ufe] [vhost] [google] [Envoy,Google Cloud,Google Cloud CDN] [595e88012a6521aae3e12cbebe76eb9e]
https://video-support.uber.com [403] [GET] [text/plain] [] [ufe] [vhost] [google] [Envoy,Google Cloud,Google Cloud CDN] [722969577a96ca3953e84e3d949dee81]
https://vouchers-staging.uber.com [302] [GET] [text/html] [302 Found] [ufe] [vhost] [google] [Envoy,Google Cloud,Google Cloud CDN] [82c98e8e012b79c922655461171cc2fa]
https://vouchers.uber.com [302] [GET] [text/html] [302 Found] [ufe] [vhost] [google] [Envoy,Google Cloud,Google Cloud CDN] [82c98e8e012b79c922655461171cc2fa]
https://vsdispatch.uber.com [302] [GET] [text/html] [302 Found] [ufe] [vhost] [Envoy] [82c98e8e012b79c922655461171cc2fa]
https://vs-terms.uber.com [404] [GET] [text/html] [404 Not Found] [ufe] [vhost] [google] [Envoy,Google Cloud,Google Cloud CDN] [597ba0d4396e9c906225140ce907092c]
https://vs-terms.uber.com [404] [GET] [text/html] [404 Not Found] [ufe] [vhost] [google] [Envoy,Google Cloud,Google Cloud CDN] [ad76203cbb9feb6a77342842816f7b51]
https://v.uber.com [301] [GET] [] [] [ufe] [vhost] [google] [Google Cloud,Google Cloud CDN] [d41d8cd98f00b204e9800998ecf8427e]
https://wallet-staging.uber.com [302] [GET] [text/html] [302 Found] [ufe] [vhost] [google] [Envoy,Google Cloud,Google Cloud CDN] [82c98e8e012b79c922655461171cc2fa]
https://wallet.uber.com [302] [GET] [text/html] [302 Found] [ufe] [vhost] [google] [Envoy,Google Cloud,Google Cloud CDN] [82c98e8e012b79c922655461171cc2fa]
https://wav-staging.uber.com [301] [GET] [text/html] [301 Moved Permanently] [ufe] [vhost] [Envoy] [3ea1c8d079b38532a6e01a96216ba5e2]
https://wav.uber.com [301] [GET] [text/html] [301 Moved Permanently] [ufe] [vhost] [Envoy] [3ea1c8d079b38532a6e01a96216ba5e2]
https://webber.uber.com [301] [GET] [] [] [ufe] [vhost] [google] [Google Cloud,Google Cloud CDN] [d41d8cd98f00b204e9800998ecf8427e]
https://web-breeze-test-1.uber.com [302] [GET] [text/html] [302 Found] [ufe] [vhost] [Envoy] [82c98e8e012b79c922655461171cc2fa]
https://webjoin.uber.com [301] [GET] [] [] [ufe] [vhost] [google] [Google Cloud,Google Cloud CDN] [d41d8cd98f00b204e9800998ecf8427e]
https://web-platform-bot.uber.com [301] [GET] [text/html] [301 Moved Permanently] [ufe] [vhost] [google] [Envoy,Google Cloud,Google Cloud CDN] [3ea1c8d079b38532a6e01a96216ba5e2]
https://webview-staging.uber.com [302] [GET] [text/html] [302 Found] [ufe] [vhost] [Envoy] [82c98e8e012b79c922655461171cc2fa]
https://widgets.uber.com [502] [GET] [text/html] [Error - Uber] [ufe] [vhost] [Envoy] [6b000aa36f4905eb31aa7b9a7753c12c]
http://swimapi-staging.uber.com [301] [GET] [] [] [ufe] [d41d8cd98f00b204e9800998ecf8427e]
http://swimapi.uber.com [301] [GET] [] [] [ufe] [d41d8cd98f00b204e9800998ecf8427e]
https://works.uber.com [301] [GET] [] [] [ufe] [vhost] [google] [Google Cloud,Google Cloud CDN] [d41d8cd98f00b204e9800998ecf8427e]
https://www.uber.com [406] [GET] [text/plain] [] [ufe] [vhost] [google] [Envoy,Google Cloud,Google Cloud CDN] [c188123a8479f44786e8e1ac01f38500]
https://xlb.uber.com [302] [GET] [text/html] [302 Found] [ufe] [vhost] [google] [Envoy,Google Cloud,Google Cloud CDN] [82c98e8e012b79c922655461171cc2fa]
https://xn--9q8h.uber.com [302] [GET] [text/html] [302 Found] [ufe] [vhost] [google] [Envoy,Google Cloud,Google Cloud CDN] [82c98e8e012b79c922655461171cc2fa]
https://x.uber.com [301] [GET] [text/html] [301 Moved Permanently] [ufe] [vhost] [Envoy] [3ea1c8d079b38532a6e01a96216ba5e2]
https://zero2.uber.com [502] [GET] [text/html] [Error - Uber] [ufe] [vhost] [Envoy] [6b000aa36f4905eb31aa7b9a7753c12c]
https://z.uber.com [302] [GET] [text/html] [] [] [vhost] [d41d8cd98f00b204e9800998ecf8427e]
http://tdottest1.uber.com:8080 [302] [GET] [text/html] [] [] [vhost] [d41d8cd98f00b204e9800998ecf8427e]
http://test-auth.uber.com [301] [GET] [] [] [ufe] [d41d8cd98f00b204e9800998ecf8427e]
http://trips-gateway-pairing-staging.uber.com [301] [GET] [] [] [ufe] [d41d8cd98f00b204e9800998ecf8427e]
http://trips-gateway-pairing.uber.com [301] [GET] [] [] [ufe] [d41d8cd98f00b204e9800998ecf8427e]
http://t.uber.com:8080 [302] [GET] [text/html] [] [] [vhost] [d41d8cd98f00b204e9800998ecf8427e]
http://vip-gateway.uber.com [301] [GET] [] [] [ufe] [d41d8cd98f00b204e9800998ecf8427e]
http://www.lert.uber.com [301] [GET] [text/html] [] [] [vhost] [81051bcc2cf1bedf378224b0a93e2877]
