https://academy.unrealengine.com [302] [GET] [text/html] [302 Found] [awselb/2.0] [vhost] [f366e0e18b589cb6f243bf43ce75e83c]
https://api.unrealengine.com [302] [GET] [text/html] [302 Found] [awselb/2.0] [vhost] [f366e0e18b589cb6f243bf43ce75e83c]
https://cdn1-dest.unrealengine.com [400] [GET] [text/html] [Invalid URL] [AkamaiGHost] [a86c71c3212b2bbc62e189ee31e8ce1e]
https://cdn1-origin.unrealengine.com [403] [GET] [application/xml] [] [AmazonS3] [vhost] [cloudfront] [Amazon Cloudfront,Amazon S3,Amazon Web Services] [ca6c922385f550a2a5a9b873730df066]
https://cdn1.unrealengine.com [403] [GET] [application/xml] [] [AmazonS3] [vhost] [Amazon Cloudfront,Amazon S3,Amazon Web Services] [b9efba10b3cf96d0f9c2269109cac272]
https://cdn2-dest.unrealengine.com [400] [GET] [text/html] [Invalid URL] [AkamaiGHost] [e0775f26a79db48f276199921ad73d3f]
https://cdn2-origin.unrealengine.com [403] [GET] [application/xml] [] [AmazonS3] [vhost] [cloudfront] [Amazon Cloudfront,Amazon S3,Amazon Web Services] [b8ec11275e94a5eb2a757ce406560371]
https://cdn2.unrealengine.com [403] [GET] [application/xml] [] [AmazonS3] [vhost] [Amazon S3,Amazon Web Services] [e81c539f42d89fd6c04da817644c5d35]
https://cdn3.unrealengine.com [403] [GET] [application/xml] [] [AmazonS3] [vhost] [cloudfront] [Amazon Cloudfront,Amazon S3,Amazon Web Services] [373f893a4a6164ba5138944ccf924b57]
https://cdn.unrealengine.com [403] [GET] [application/xml] [] [AmazonS3] [vhost] [cloudfront] [Amazon Cloudfront,Amazon S3,Amazon Web Services] [c55b8fea1d63c76179fb734c0772de0c]
https://china-cdn1.unrealengine.com [400] [GET] [text/html] [400 Bad Request] [openresty/1.13.6.1] [Nginx,OpenResty] [c1e3c771bcce6b1c3be9927a08c6f448]
https://china-cdn2.unrealengine.com [400] [GET] [text/html] [400 Bad Request] [openresty/1.13.6.1] [Nginx,OpenResty] [c1e3c771bcce6b1c3be9927a08c6f448]
https://dev.livetraining.unrealengine.com [302] [GET] [] [] [PWM] [vhost] [Google Cloud,Google Cloud CDN,Java] [d41d8cd98f00b204e9800998ecf8427e]
https://docstest.unrealengine.com [302] [GET] [text/plain] [] [] [vhost] [Amazon ELB,Amazon Web Services] [fe00e927e7779e64e9d0b96e36ad19ce]
https://education.unrealengine.com [301] [GET] [text/html] [] [cloudflare] [vhost] [cloudflare] [Cloudflare,Cloudflare Bot Management] [208586f3219c817db4c1f98739b0beda]
https://enterprise.unrealengine.com [301] [GET] [text/html] [] [cloudflare] [vhost] [cloudflare] [Cloudflare,Cloudflare Bot Management] [445b5b3737998fcd1a5f823b45d444df]
https://graphql.unrealengine.com [404] [GET] [text/html] [] [] [vhost] [87b2de68112e1f1d409e11f58cfc121b]
https://info.unrealengine.com [200] [GET] [text/html] [] [cloudflare] [vhost] [cloudflare] [Cloudflare,Cloudflare Bot Management] [8bc4374c7fe9ae7a1abb6518f3bf9af1]
https://kaltura.unrealengine.com [503] [GET] [text/html] [Error] [AkamaiGHost] [vhost] [e70d9decc3ef1cc3796aa561e583a9d2]
https://link.unrealengine.com [302] [GET] [text/plain] [] [] [vhost] [Amazon ELB,Amazon Web Services] [fe00e927e7779e64e9d0b96e36ad19ce]
https://login-academy.unrealengine.com [302] [GET] [text/html] [Object moved] [Microsoft-IIS/10.0] [vhost] [azure] [Azure,IIS,Microsoft ASP.NET,Windows Server] [3cfdf571361e360c24068b321c34af9f]
https://onlinelearninghelp.unrealengine.com [301] [GET] [text/html] [301 Moved Permanently] [awselb/2.0] [vhost] [4aa7a432bb447f094408f1bd6229c605]
https://publish.unrealengine.com [302] [GET] [] [] [] [vhost] [Amazon ALB,Amazon Web Services] [d41d8cd98f00b204e9800998ecf8427e]
https://static-assets-prod.unrealengine.com [403] [GET] [application/xml] [] [AmazonS3] [vhost] [cloudfront] [Amazon Cloudfront,Amazon S3,Amazon Web Services] [2f018cda6f4759af8c73c658a05f0ac6]
https://tm.unrealengine.com [403] [GET] [application/xml] [] [AmazonS3] [vhost] [cloudfront] [Amazon Cloudfront,Amazon S3,Amazon Web Services] [83d720ff07361a20b1f82f52b091d417]
https://tracking.unrealengine.com [404] [GET] [text/html] [Error] [] [da7da7d630292e7a2a7dda8ca87b3d39]
https://ue.unrealengine.com [301] [GET] [text/html] [] [cloudflare] [vhost] [cloudflare] [Cloudflare,Cloudflare Bot Management] [208586f3219c817db4c1f98739b0beda]
https://unrealengine.com [301] [GET] [text/html] [301 Moved Permanently] [] [vhost] [cd2e0e43980a00fb6a2742d3afd803b8]
https://unreal-engine-public-share-cdn.unrealengine.com [403] [GET] [application/xml] [] [AmazonS3] [vhost] [cloudfront] [Amazon Cloudfront,Amazon S3,Amazon Web Services] [dfa47b6bd0b23e550513bc0e0ea19753]
https://weighted-zh-graphql.unrealengine.com [404] [GET] [text/html] [] [] [87b2de68112e1f1d409e11f58cfc121b]
https://www.unrealengine.com [302] [GET] [text/plain] [] [] [vhost] [Amazon ELB,Amazon Web Services] [fe00e927e7779e64e9d0b96e36ad19ce]
