http://help.venmo.com:8443 [400] [GET] [text/html] [400 The plain HTTP request was sent to HTTPS port] [cloudflare] [cloudflare] [Cloudflare] [cd58783500d7fa3c58f88eb0ba22f4f8]
http://screenshots.venmo.com [403] [GET] [text/html] [403 Forbidden] [AmazonS3] [vhost] [Amazon S3,Amazon Web Services] [5bbded7ad1f0e2472e468ab5a750f867]
https://ablinks.email.venmo.com [404] [GET] [text/html] [404 Not Found] [nginx] [vhost] [cloudfront] [Amazon Cloudfront,Amazon Web Services,Nginx] [8e325dc2fea7c8900fc6c4b8c6c394fe]
https://account.betaweb.venmo.com [403] [GET] [text/html] [ERROR: The request could not be satisfied] [CloudFront] [cloudfront] [Amazon Cloudfront,Amazon Web Services] [e4aa44d500c9a56dfa173407ebac2294]
https://account.betaweb.venmo.com [403] [GET] [text/html] [ERROR: The request could not be satisfied] [CloudFront] [cloudfront] [Amazon Cloudfront,Amazon Web Services] [f8b70692b260e15c59feea69ca5def0c]
https://account.venmo.com [404] [GET] [text/html] [Venmo | Page Not Found] [nginx] [vhost] [cloudfront] [Amazon Cloudfront,Amazon Web Services,Nginx] [a4932442b5c219866bca075f2c51e688]
https://api.beta.venmo.com [403] [GET] [text/html] [ERROR: The request could not be satisfied] [CloudFront] [cloudfront] [Amazon Cloudfront,Amazon Web Services] [838010aa27bd54fd52707bc234595463]
https://api.beta.venmo.com [403] [GET] [text/html] [ERROR: The request could not be satisfied] [CloudFront] [cloudfront] [Amazon Cloudfront,Amazon Web Services] [da2bf53e682afb68f5b2fbac6f194216]
https://api.venmo.com [404] [GET] [text/html] [Venmo | Page Not Found] [nginx] [vhost] [Nginx] [a4932442b5c219866bca075f2c51e688]
https://beta.venmo.com [403] [GET] [text/html] [ERROR: The request could not be satisfied] [CloudFront] [cloudfront] [Amazon Cloudfront,Amazon Web Services] [c67758161370f051cb18b75bee09041f]
https://beta.venmo.com [403] [GET] [text/html] [ERROR: The request could not be satisfied] [CloudFront] [cloudfront] [Amazon Cloudfront,Amazon Web Services] [ea8297bc55922a61e160012eb3898327]
https://betadash.venmo.com [403] [GET] [text/html] [ERROR: The request could not be satisfied] [CloudFront] [cloudfront] [Amazon Cloudfront,Amazon Web Services] [2df0de1b4b3dc905cc968c3496d1659e]
https://betadash.venmo.com [403] [GET] [text/html] [ERROR: The request could not be satisfied] [CloudFront] [cloudfront] [Amazon Cloudfront,Amazon Web Services] [5c365c94f6646841141d2b2adc19f4e7]
https://betavu.venmo.com [403] [GET] [text/html] [ERROR: The request could not be satisfied] [CloudFront] [cloudfront] [Amazon Cloudfront,Amazon Web Services] [b74e67e51cf12500c75300b0a1275396]
https://betavu.venmo.com [403] [GET] [text/html] [ERROR: The request could not be satisfied] [CloudFront] [cloudfront] [Amazon Cloudfront,Amazon Web Services] [c432af70d80c4c5174ed8e996c371cee]
https://betaweb.venmo.com [403] [GET] [text/html] [ERROR: The request could not be satisfied] [CloudFront] [cloudfront] [Amazon Cloudfront,Amazon Web Services] [00c6deb81ba923d381a6dbb4310f6bf7]
https://betaweb.venmo.com [403] [GET] [text/html] [ERROR: The request could not be satisfied] [CloudFront] [cloudfront] [Amazon Cloudfront,Amazon Web Services] [30f6fb303f36e783741d459a71196863]
https://blog.venmo.com [404] [GET] [text/html] [Squarespace - Website Expired] [Squarespace] [vhost] [Squarespace,Squarespace Commerce] [f5d07809d1abf5b6aa6bb34a26646fa4]
https://cdn1.venmo.com [403] [GET] [application/xml] [] [AmazonS3] [vhost] [cloudfront] [Amazon Cloudfront,Amazon S3,Amazon Web Services] [5a6c193db62015b728854b52bf08fb3c]
https://cdn1.venmo.com [403] [GET] [application/xml] [] [AmazonS3] [vhost] [cloudfront] [Amazon Cloudfront,Amazon S3,Amazon Web Services] [b77e8c3910c1bc5b91cbcd7446aab3e6]
https://dast.fortifytest.venmo.com [301] [GET] [text/html] [301 Moved Permanently] [nginx] [Nginx] [4f8e702cc244ec5d4de32740c0ecbd97]
https://developer-api-staging.venmo.com [403] [GET] [text/html] [ERROR: The request could not be satisfied] [CloudFront] [cloudfront] [Amazon Cloudfront,Amazon Web Services] [8341996c464576b17c92a477a641a595]
https://developer-api-staging.venmo.com [403] [GET] [text/html] [ERROR: The request could not be satisfied] [CloudFront] [cloudfront] [Amazon Cloudfront,Amazon Web Services] [e1eb49391881f85e2b19d8b774a5dfd0]
https://developer.venmo.com [404] [GET] [text/html] [Venmo | Page Not Found] [nginx] [vhost] [cloudfront] [Amazon Cloudfront,Amazon Web Services,Nginx] [a4932442b5c219866bca075f2c51e688]
https://emoji.venmo.com [200] [GET] [application/xml] [] [AmazonS3] [vhost] [cloudfront] [Amazon Cloudfront,Amazon S3,Amazon Web Services] [e82b1af4e7e9ba07dc4d6d998c81893c]
https://fortifytest.venmo.com [301] [GET] [text/html] [301 Moved Permanently] [nginx] [Nginx] [4f8e702cc244ec5d4de32740c0ecbd97]
https://get.venmo.com [307] [GET] [] [] [openresty] [vhost] [Express,Nginx,Node.js,OpenResty] [d41d8cd98f00b204e9800998ecf8427e]
https://giveaway.venmo.com [301] [GET] [text/html] [301 Moved Permanently] [nginx] [Nginx] [4f8e702cc244ec5d4de32740c0ecbd97]
https://help.venmo.com [301] [GET] [text/html] [] [cloudflare] [vhost] [cloudflare] [Cloudflare,Cloudflare Network Error Logging,Envoy] [945ea6b54959c8ce3bcc5c9f4f22aca1]
https://id.sandbox.venmo.com [302] [GET] [] [] [] [vhost] [fastly] [d41d8cd98f00b204e9800998ecf8427e]
https://id.venmo.com [302] [GET] [] [] [] [vhost] [fastly] [d41d8cd98f00b204e9800998ecf8427e]
https://media.venmo.com [403] [GET] [application/xml] [] [AmazonS3] [vhost] [Amazon S3,Amazon Web Services] [07ba765b3aba83162b70be28454d078c]
https://media.venmo.com [403] [GET] [application/xml] [] [AmazonS3] [vhost] [Amazon S3,Amazon Web Services] [9acd8f253ac67014285580fc0b721f74]
https://ml.qa.venmo.com [403] [GET] [application/json] [] [] [vhost] [bc45704aad57d445b6dfa58b101071e3]
https://my-vector.venmo.com [301] [GET] [text/html] [301 Moved Permanently] [nginx] [Nginx] [4f8e702cc244ec5d4de32740c0ecbd97]
https://pics.venmo.com [200] [GET] [text/html] [Redirect] [AmazonS3] [vhost] [cloudfront] [Amazon Cloudfront,Amazon S3,Amazon Web Services] [7a33ae4909622160e552bce2c2c67fee]
https://platform.venmo.com [403] [GET] [application/xml] [] [AmazonS3] [vhost] [cloudfront] [Amazon Cloudfront,Amazon S3,Amazon Web Services] [658a83cf44636830992cb4109531afd8]
https://platform.venmo.com [403] [GET] [application/xml] [] [AmazonS3] [vhost] [cloudfront] [Amazon Cloudfront,Amazon S3,Amazon Web Services] [c2ebf114b75b43d6060b9884a69d00c4]
https://referrals.qa.venmo.com [403] [GET] [application/json] [] [] [vhost] [905b1fbb26e082557ff0b3b3553cda6c]
https://s3.venmo.com [301] [GET] [text/html] [301 Moved Permanently] [nginx] [Nginx] [4f8e702cc244ec5d4de32740c0ecbd97]
https://scope.beta.venmo.com [403] [GET] [text/html] [ERROR: The request could not be satisfied] [CloudFront] [cloudfront] [Amazon Cloudfront,Amazon Web Services] [444f00ffc7b082878d1a55fcc0aae253]
https://scope.beta.venmo.com [403] [GET] [text/html] [ERROR: The request could not be satisfied] [CloudFront] [cloudfront] [Amazon Cloudfront,Amazon Web Services] [e5e270df45b6a6c7d36595b0df3844ef]
https://scope.venmo.com [403] [GET] [text/html] [403 Forbidden] [nginx] [vhost] [Nginx] [9fe3cb2b7313dc79bb477bc8fde184a7]
https://staging-api.venmo.com [403] [GET] [text/html] [ERROR: The request could not be satisfied] [CloudFront] [cloudfront] [Amazon Cloudfront,Amazon Web Services] [17e454d83005ff4dbc326a9d8b9fdc7d]
https://staging-api.venmo.com [403] [GET] [text/html] [ERROR: The request could not be satisfied] [CloudFront] [cloudfront] [Amazon Cloudfront,Amazon Web Services] [fb3f52a2c3678ea02ca8f22d95cd9389]
https://venmo.com [406] [GET] [text/html] [406 Not Acceptable] [nginx] [vhost] [cloudfront] [Amazon Cloudfront,Amazon Web Services,Nginx] [d11d08902b1817b126aaef8d851f0d82]
https://www.beta.venmo.com [403] [GET] [text/html] [ERROR: The request could not be satisfied] [CloudFront] [cloudfront] [Amazon Cloudfront,Amazon Web Services] [5b797103230f3217856c13c6d164d03c]
https://www.beta.venmo.com [403] [GET] [text/html] [ERROR: The request could not be satisfied] [CloudFront] [cloudfront] [Amazon Cloudfront,Amazon Web Services] [a5118375ccceb03c23eac3c8967bd9eb]
https://www.blog.venmo.com [301] [GET] [] [] [Squarespace] [vhost] [Squarespace,Squarespace Commerce] [d41d8cd98f00b204e9800998ecf8427e]
https://www.venmo.com [301] [GET] [text/html] [301 Moved Permanently] [nginx] [vhost] [cloudfront] [Amazon Cloudfront,Amazon Web Services,Nginx] [4f8e702cc244ec5d4de32740c0ecbd97]
