http://gc-origin.verizondigitalmedia.com [200] [GET] [text/html] [] [gunicorn/19.9.0] [google] [Google Cloud,Google Cloud CDN,Python,gunicorn] [ae06078f423dca6a4aa0bcb00097d6dc]
https://adn-origin.verizondigitalmedia.com [404] [GET] [text/html] [Microsoft Azure Web App - Error 404] [] [azure] [ed28fca1b56fe57fbf6341faaf8e34dc]
https://adn-vzgoweb.verizondigitalmedia.com [404] [GET] [text/html] [Microsoft Azure Web App - Error 404] [] [azure] [30df3c0287ff1b1551e6be944501c461]
https://demos.verizondigitalmedia.com [301] [GET] [] [] [ECAcc (nyb/1D71)] [vhost] [d41d8cd98f00b204e9800998ecf8427e]
https://demos.verizondigitalmedia.com [301] [GET] [] [] [ECAcc (nyb/47B4)] [vhost] [d41d8cd98f00b204e9800998ecf8427e]
https://dev-www.verizondigitalmedia.com [404] [GET] [text/html] [Microsoft Azure Web App - Error 404] [ECAcc (chb/02DC)] [vhost] [ed28fca1b56fe57fbf6341faaf8e34dc]
https://eng.verizondigitalmedia.com [301] [GET] [] [] [ECS (nyb/1D0F)] [vhost] [Amazon ECS,Amazon Web Services,Docker] [d41d8cd98f00b204e9800998ecf8427e]
https://eng.verizondigitalmedia.com [301] [GET] [] [] [ECS (nyb/1D2A)] [vhost] [Amazon ECS,Amazon Web Services,Docker] [d41d8cd98f00b204e9800998ecf8427e]
https://files.verizondigitalmedia.com [404] [GET] [application/xml] [] [Blob Service Version 1.0 Microsoft-HTTPAPI/2.0] [vhost] [Microsoft HTTPAPI] [55a5cd2683e7556a0d2ad5097b010bef]
https://files.verizondigitalmedia.com [404] [GET] [application/xml] [] [Blob Service Version 1.0 Microsoft-HTTPAPI/2.0] [vhost] [Microsoft HTTPAPI] [a34094ca5a2528997ba949309eea556f]
https://go.verizondigitalmedia.com [302] [GET] [] [] [ECD (nya/78BB)] [vhost] [d41d8cd98f00b204e9800998ecf8427e]
https://go.verizondigitalmedia.com [302] [GET] [] [] [ECD (nya/79CD)] [vhost] [d41d8cd98f00b204e9800998ecf8427e]
https://images.verizondigitalmedia.com [302] [GET] [] [] [ECD (nya/78BA)] [vhost] [d41d8cd98f00b204e9800998ecf8427e]
https://info.verizondigitalmedia.com [302] [GET] [text/html] [] [PardotServer] [vhost] [Pardot] [d41d8cd98f00b204e9800998ecf8427e]
https://i.verizondigitalmedia.com [301] [GET] [] [] [ECS (nyb/1D0C)] [vhost] [Amazon ECS,Amazon Web Services,Docker] [d41d8cd98f00b204e9800998ecf8427e]
https://i.verizondigitalmedia.com [301] [GET] [] [] [ECS (nyb/1D0D)] [vhost] [Amazon ECS,Amazon Web Services,Docker] [d41d8cd98f00b204e9800998ecf8427e]
https://jobs.verizondigitalmedia.com [302] [GET] [] [] [ECD (nya/78BB)] [vhost] [d41d8cd98f00b204e9800998ecf8427e]
https://jobs.verizondigitalmedia.com [302] [GET] [] [] [ECD (nya/79CD)] [vhost] [d41d8cd98f00b204e9800998ecf8427e]
https://my.verizondigitalmedia.com [302] [GET] [] [] [ECD (nya/78BA)] [vhost] [d41d8cd98f00b204e9800998ecf8427e]
https://my.verizondigitalmedia.com [302] [GET] [] [] [ECD (nya/78BB)] [vhost] [d41d8cd98f00b204e9800998ecf8427e]
https://nxt.verizondigitalmedia.com [200] [GET] [text/html] [Best Streaming Delivery Security | Verizon Media Platform] [ECAcc (nyb/1D71)] [vhost] [Google Tag Manager] [adb82fa87961857190af5caf9d744695]
https://nxt.verizondigitalmedia.com [200] [GET] [text/html] [Best Streaming Delivery Security | Verizon Media Platform] [ECAcc (nyb/47B4)] [vhost] [Google Tag Manager] [adb82fa87961857190af5caf9d744695]
https://perf.verizondigitalmedia.com [301] [GET] [] [] [ECAcc (nyb/1D71)] [vhost] [d41d8cd98f00b204e9800998ecf8427e]
https://research-stage.verizondigitalmedia.com [200] [GET] [text/html] [Best Streaming Delivery Security | Verizon Media Platform] [ECAcc (nyb/1D71)] [vhost] [Google Tag Manager] [d3a95d157444b8241f396f2fe2c3cc2c]
https://research-staging.verizondigitalmedia.com [200] [GET] [text/html] [Verizon Digital Media Services - Research] [ECD (nya/79BE)] [vhost] [Font Awesome,Google Tag Manager,MySQL,PHP,WordPress] [c4de58c429d9183e6a74dc40fa698158]
https://research-staging.verizondigitalmedia.com [200] [GET] [text/html] [Verizon Digital Media Services - Research] [ECD (nya/79CD)] [vhost] [Font Awesome,Google Tag Manager,MySQL,PHP,WordPress] [c4de58c429d9183e6a74dc40fa698158]
https://research.verizondigitalmedia.com [301] [GET] [] [] [ECAcc (nyb/1D71)] [vhost] [d41d8cd98f00b204e9800998ecf8427e]
https://research.verizondigitalmedia.com [301] [GET] [] [] [ECAcc (nyb/47B4)] [vhost] [d41d8cd98f00b204e9800998ecf8427e]
https://rss.verizondigitalmedia.com [301] [GET] [] [] [ECAcc (nyb/47B4)] [vhost] [d41d8cd98f00b204e9800998ecf8427e]
https://s0.verizondigitalmedia.com [302] [GET] [] [] [ECD (nya/78BA)] [vhost] [d41d8cd98f00b204e9800998ecf8427e]
https://s1.verizondigitalmedia.com [302] [GET] [] [] [ECD (nya/79CD)] [vhost] [d41d8cd98f00b204e9800998ecf8427e]
https://s2.verizondigitalmedia.com [302] [GET] [] [] [ECD (nya/78BB)] [vhost] [d41d8cd98f00b204e9800998ecf8427e]
https://s3.verizondigitalmedia.com [302] [GET] [] [] [ECD (nya/78BB)] [vhost] [d41d8cd98f00b204e9800998ecf8427e]
https://s4.verizondigitalmedia.com [302] [GET] [] [] [ECD (nya/78BA)] [vhost] [d41d8cd98f00b204e9800998ecf8427e]
https://s4.verizondigitalmedia.com [302] [GET] [] [] [ECD (nya/78BB)] [vhost] [d41d8cd98f00b204e9800998ecf8427e]
https://s5.verizondigitalmedia.com [302] [GET] [] [] [ECD (nya/78BA)] [vhost] [d41d8cd98f00b204e9800998ecf8427e]
https://sales.verizondigitalmedia.com [204] [GET] [] [] [] [vhost] [d41d8cd98f00b204e9800998ecf8427e]
https://stage-www.verizondigitalmedia.com [301] [GET] [] [] [ECAcc (nyb/47B4)] [vhost] [d41d8cd98f00b204e9800998ecf8427e]
https://status.verizondigitalmedia.com [301] [GET] [] [] [ECS (nyb/1D1E)] [vhost] [Amazon ECS,Amazon Web Services,Docker] [d41d8cd98f00b204e9800998ecf8427e]
https://status.verizondigitalmedia.com [301] [GET] [] [] [ECS (nyb/1D1F)] [vhost] [Amazon ECS,Amazon Web Services,Docker] [d41d8cd98f00b204e9800998ecf8427e]
https://verizondigitalmedia.com [301] [GET] [] [] [ECD (nya/78BA)] [vhost] [d41d8cd98f00b204e9800998ecf8427e]
https://verizondigitalmedia.com [301] [GET] [] [] [ECD (nya/78BB)] [vhost] [d41d8cd98f00b204e9800998ecf8427e]
https://vzgo.verizondigitalmedia.com [302] [GET] [] [] [ECD (nya/78BA)] [vhost] [d41d8cd98f00b204e9800998ecf8427e]
https://vzgo.verizondigitalmedia.com [302] [GET] [] [] [ECD (nya/79CD)] [vhost] [d41d8cd98f00b204e9800998ecf8427e]
https://vzgoweb.verizondigitalmedia.com [302] [GET] [] [] [ECD (nya/78BA)] [vhost] [d41d8cd98f00b204e9800998ecf8427e]
http://tools.verizondigitalmedia.com [301] [GET] [] [] [ECD (nya/79BE)] [vhost] [d41d8cd98f00b204e9800998ecf8427e]
