http://docs.yop.finance:2082 [302] [GET] [] [] [cloudflare] [vhost] [cloudflare] [Cloudflare] [d41d8cd98f00b204e9800998ecf8427e]
http://docs.yop.finance:2086 [302] [GET] [] [] [cloudflare] [vhost] [cloudflare] [Cloudflare] [d41d8cd98f00b204e9800998ecf8427e]
http://docs.yop.finance:8080 [302] [GET] [] [] [cloudflare] [vhost] [cloudflare] [Cloudflare] [d41d8cd98f00b204e9800998ecf8427e]
http://docs.yop.finance:8880 [302] [GET] [] [] [cloudflare] [vhost] [cloudflare] [Cloudflare] [d41d8cd98f00b204e9800998ecf8427e]
https://app.yop.finance:2083 [403] [GET] [text/html] [Attention Required! | Cloudflare] [cloudflare] [vhost] [cloudflare] [Cloudflare,Cloudflare Network Error Logging] [44324e7e5c9068ed2c05845960589b4e]
https://app.yop.finance:2087 [403] [GET] [text/html] [Attention Required! | Cloudflare] [cloudflare] [vhost] [cloudflare] [Cloudflare,Cloudflare Network Error Logging] [12468c108f1b6f57f2656fe9ec45eb1d]
https://app.yop.finance [403] [GET] [text/html] [Attention Required! | Cloudflare] [cloudflare] [vhost] [cloudflare] [Cloudflare,Cloudflare Network Error Logging] [30570d266eb7bc0d6826770ca920ebd1]
https://app.yop.finance [403] [GET] [text/html] [Attention Required! | Cloudflare] [cloudflare] [vhost] [cloudflare] [Cloudflare,Cloudflare Network Error Logging] [cf698618a1203481ecc4671b46422bae]
https://app.yop.finance:8443 [403] [GET] [text/html] [Attention Required! | Cloudflare] [cloudflare] [vhost] [cloudflare] [Cloudflare,Cloudflare Network Error Logging] [8801b7d5b237f70a925ed031a329aae3]
https://cdn.yop.finance [403] [GET] [application/xml] [] [AmazonS3] [vhost] [cloudfront] [Amazon Cloudfront,Amazon S3,Amazon Web Services] [c73630791d280182574b267c6a5d3f87]
https://docs.yop.finance [200] [GET] [text/html] [Welcome - YOP Documentation] [cloudflare] [vhost] [cloudflare] [Algolia,Cloudflare,Google Cloud,Google Cloud Trace,React] [0c5f5e7752438962c219550183506f38]
https://docs.yop.finance [200] [GET] [text/html] [Welcome - YOP Documentation] [cloudflare] [vhost] [cloudflare] [Algolia,Cloudflare,Google Cloud,Google Cloud Trace,React] [d774e0be24f5d001d7bc8221b8211b31]
https://docs.yop.finance:2053 [200] [GET] [text/html] [Welcome - YOP Documentation] [cloudflare] [vhost] [cloudflare] [Algolia,Cloudflare,Google Cloud,Google Cloud Trace,React] [ca986215c9bc775ab528f769a55121e8]
https://docs.yop.finance:2083 [200] [GET] [text/html] [Welcome - YOP Documentation] [cloudflare] [vhost] [cloudflare] [Algolia,Cloudflare,Google Cloud,Google Cloud Trace,React] [66725b3cb2d071430d8a853419705b2c]
https://docs.yop.finance:2087 [200] [GET] [text/html] [Welcome - YOP Documentation] [cloudflare] [vhost] [cloudflare] [Algolia,Cloudflare,Google Cloud,Google Cloud Trace,React] [621b0b6508942e7c5d3648340769249b]
https://docs.yop.finance:8443 [200] [GET] [text/html] [Welcome - YOP Documentation] [cloudflare] [vhost] [cloudflare] [Algolia,Cloudflare,Google Cloud,Google Cloud Trace,React] [bcf036b660ed131fb1d7ddf84ba24a48]
https://legacystaking.yop.finance:2083 [403] [GET] [text/html] [Attention Required! | Cloudflare] [cloudflare] [vhost] [cloudflare] [Cloudflare,Cloudflare Network Error Logging] [528a57b7427883fddfdaaa90cd6bb146]
https://legacystaking.yop.finance:2087 [403] [GET] [text/html] [Attention Required! | Cloudflare] [cloudflare] [vhost] [cloudflare] [Cloudflare,Cloudflare Network Error Logging] [89b9ac124dc89aae9fbce20af9896b7a]
https://legacystaking.yop.finance [403] [GET] [text/html] [Attention Required! | Cloudflare] [cloudflare] [vhost] [cloudflare] [Cloudflare,Cloudflare Network Error Logging] [4fb8037fc1e6a20c5e13961140c985b5]
https://legacystaking.yop.finance [403] [GET] [text/html] [Attention Required! | Cloudflare] [cloudflare] [vhost] [cloudflare] [Cloudflare,Cloudflare Network Error Logging] [51438a58ba1a0cc3a76ff2d8fe88e2e2]
https://legacystaking.yop.finance:8443 [403] [GET] [text/html] [Attention Required! | Cloudflare] [cloudflare] [vhost] [cloudflare] [Cloudflare,Cloudflare Network Error Logging] [a901f106a41b63c52600de4b39eeefbb]
https://preview.yop.finance:2083 [403] [GET] [text/html] [Attention Required! | Cloudflare] [cloudflare] [vhost] [cloudflare] [Cloudflare,Cloudflare Network Error Logging] [0bad440acac97efc39f860db0bc58da9]
https://preview.yop.finance:2087 [403] [GET] [text/html] [Attention Required! | Cloudflare] [cloudflare] [vhost] [cloudflare] [Cloudflare,Cloudflare Network Error Logging] [aeedd074d74ddf138061e3ef8a1bb822]
https://preview.yop.finance [403] [GET] [text/html] [Attention Required! | Cloudflare] [cloudflare] [vhost] [cloudflare] [Cloudflare,Cloudflare Network Error Logging] [23eaa16456f9e9e6f1d11681dd7e8fbd]
https://preview.yop.finance [403] [GET] [text/html] [Attention Required! | Cloudflare] [cloudflare] [vhost] [cloudflare] [Cloudflare,Cloudflare Network Error Logging] [ffa54d657cd15d70a40e8b1a121c4c63]
https://preview.yop.finance:8443 [403] [GET] [text/html] [Attention Required! | Cloudflare] [cloudflare] [vhost] [cloudflare] [Cloudflare,Cloudflare Network Error Logging] [645ea66252cec6a0f9f8d65100992301]
http://sp-track.yop.finance:10001 [404] [GET] [text/html] [Page Not Found] [] [ddf9a82c0c7bf563800c8b280e1e6ec9]
https://sp-track.yop.finance [404] [GET] [text/html] [Page Not Found] [openresty] [Nginx,OpenResty] [ddf9a82c0c7bf563800c8b280e1e6ec9]
https://staking.yop.finance:2083 [403] [GET] [text/html] [Attention Required! | Cloudflare] [cloudflare] [vhost] [cloudflare] [Cloudflare,Cloudflare Network Error Logging] [80aea9c7cdb4b47e2e9c7caf4aa379c8]
https://staking.yop.finance:2087 [403] [GET] [text/html] [Attention Required! | Cloudflare] [cloudflare] [vhost] [cloudflare] [Cloudflare,Cloudflare Network Error Logging] [83f937180eed2f5d5b327142d09abc36]
https://staking.yop.finance [403] [GET] [text/html] [Attention Required! | Cloudflare] [cloudflare] [vhost] [cloudflare] [Cloudflare,Cloudflare Network Error Logging] [6577fcc083989114f7f934760a54c9a5]
https://staking.yop.finance [403] [GET] [text/html] [Attention Required! | Cloudflare] [cloudflare] [vhost] [cloudflare] [Cloudflare,Cloudflare Network Error Logging] [e466ba6d9e6ad26db85e373bef4e7d5a]
https://staking.yop.finance:8443 [403] [GET] [text/html] [Attention Required! | Cloudflare] [cloudflare] [vhost] [cloudflare] [Cloudflare,Cloudflare Network Error Logging] [d8816ac35bcff8418efc57ad3c98451d]
https://www.yop.finance:2083 [403] [GET] [text/html] [Attention Required! | Cloudflare] [cloudflare] [vhost] [cloudflare] [Cloudflare,Cloudflare Network Error Logging] [5a4e5c8fb143640155378665e20d61d3]
https://www.yop.finance:2087 [403] [GET] [text/html] [Attention Required! | Cloudflare] [cloudflare] [vhost] [cloudflare] [Cloudflare,Cloudflare Network Error Logging] [8f1368b1c5ac1362cd9e15964326f548]
https://www.yop.finance [403] [GET] [text/html] [Attention Required! | Cloudflare] [cloudflare] [vhost] [cloudflare] [Cloudflare,Cloudflare Network Error Logging] [0468d8143695dc635458f942d5215c8e]
https://www.yop.finance [403] [GET] [text/html] [Attention Required! | Cloudflare] [cloudflare] [vhost] [cloudflare] [Cloudflare,Cloudflare Network Error Logging] [d0426abbe0643d40a79976e26c4a4551]
https://www.yop.finance:8443 [403] [GET] [text/html] [Attention Required! | Cloudflare] [cloudflare] [vhost] [cloudflare] [Cloudflare,Cloudflare Network Error Logging] [1cf2edd7224d070b4a53d5ba76520543]
https://yop.finance:2083 [403] [GET] [text/html] [Attention Required! | Cloudflare] [cloudflare] [cloudflare] [Cloudflare,Cloudflare Network Error Logging] [03bf46d302628be272d1e71474e28648]
https://yop.finance:2087 [403] [GET] [text/html] [Attention Required! | Cloudflare] [cloudflare] [cloudflare] [Cloudflare,Cloudflare Network Error Logging] [76408719a1e41346fc1963fd351da189]
https://yop.finance [403] [GET] [text/html] [Attention Required! | Cloudflare] [cloudflare] [cloudflare] [Cloudflare,Cloudflare Network Error Logging] [0f4fc94be3a4353a1198ea087510606e]
https://yop.finance [403] [GET] [text/html] [Attention Required! | Cloudflare] [cloudflare] [cloudflare] [Cloudflare,Cloudflare Network Error Logging] [918ebc512afb66866b76db5acfe66bd4]
https://yop.finance:8443 [403] [GET] [text/html] [Attention Required! | Cloudflare] [cloudflare] [cloudflare] [Cloudflare,Cloudflare Network Error Logging] [2a11e3a9cd171bc6b665ae163f6b791c]
http://www.yop.finance:2082 [302] [GET] [] [] [cloudflare] [vhost] [cloudflare] [Cloudflare,Cloudflare Network Error Logging] [d41d8cd98f00b204e9800998ecf8427e]
http://www.yop.finance:2086 [302] [GET] [] [] [cloudflare] [vhost] [cloudflare] [Cloudflare,Cloudflare Network Error Logging] [d41d8cd98f00b204e9800998ecf8427e]
http://www.yop.finance:2095 [302] [GET] [] [] [cloudflare] [vhost] [cloudflare] [Cloudflare,Cloudflare Network Error Logging] [d41d8cd98f00b204e9800998ecf8427e]
http://www.yop.finance:8880 [302] [GET] [] [] [cloudflare] [vhost] [cloudflare] [Cloudflare,Cloudflare Network Error Logging] [d41d8cd98f00b204e9800998ecf8427e]
