[ansoft-lm-2] admin.airbnb.com:1084
[ansoft-lm-2] admin-lite.airbnb.com:1084
[ansoft-lm-2] admin-lite-next.airbnb.com:1084
[ansoft-lm-2] admin-lite-staging.airbnb.com:1084
[ansoft-lm-2] admin-next.airbnb.com:1084
[ansoft-lm-2] admin-staging.airbnb.com:1084
[ansoft-lm-2] dev.staging.airbnb.com:1084
[ansoft-lm-2] prototype-internal.airbnb.com:1084
[ansoft-lm-2] prototype-internal-next.airbnb.com:1084
[ansoft-lm-2] prototype-internal-staging.airbnb.com:1084
[blackice-icecap] admin.airbnb.com:8081
[blackice-icecap] admin-lite.airbnb.com:8081
[blackice-icecap] admin-lite-next.airbnb.com:8081
[blackice-icecap] admin-lite-staging.airbnb.com:8081
[blackice-icecap] admin-next.airbnb.com:8081
[blackice-icecap] admin-staging.airbnb.com:8081
[blackice-icecap] dev.staging.airbnb.com:8081
[blackice-icecap] one-next.airbnb.com:8081
[blackice-icecap] prototype-internal.airbnb.com:8081
[blackice-icecap] prototype-internal-next.airbnb.com:8081
[blackice-icecap] prototype-internal-staging.airbnb.com:8081
[cddbp-alt] support.airbnb.com:8880
[ctf] admin.airbnb.com:84
[ctf] admin-lite.airbnb.com:84
[ctf] admin-lite-next.airbnb.com:84
[ctf] admin-lite-staging.airbnb.com:84
[ctf] admin-next.airbnb.com:84
[ctf] admin-staging.airbnb.com:84
[ctf] dev.staging.airbnb.com:84
[ctf] prototype-internal.airbnb.com:84
[ctf] prototype-internal-next.airbnb.com:84
[ctf] prototype-internal-staging.airbnb.com:84
[dnp] admin.airbnb.com:20000
[dnp] admin-lite.airbnb.com:20000
[dnp] admin-lite-next.airbnb.com:20000
[dnp] admin-lite-staging.airbnb.com:20000
[dnp] admin-next.airbnb.com:20000
[dnp] admin-staging.airbnb.com:20000
[dnp] dev.staging.airbnb.com:20000
[dnp] prototype-internal.airbnb.com:20000
[dnp] prototype-internal-next.airbnb.com:20000
[dnp] prototype-internal-staging.airbnb.com:20000
[d-s-n] admin.airbnb.com:8086
[d-s-n] admin-lite.airbnb.com:8086
[d-s-n] admin-lite-next.airbnb.com:8086
[d-s-n] admin-lite-staging.airbnb.com:8086
[d-s-n] admin-next.airbnb.com:8086
[d-s-n] admin-staging.airbnb.com:8086
[d-s-n] dev.staging.airbnb.com:8086
[d-s-n] prototype-internal.airbnb.com:8086
[d-s-n] prototype-internal-next.airbnb.com:8086
[d-s-n] prototype-internal-staging.airbnb.com:8086
[eli] support.airbnb.com:2087
[epp] admin.airbnb.com:700
[epp] admin-lite.airbnb.com:700
[epp] admin-lite-next.airbnb.com:700
[epp] admin-lite-staging.airbnb.com:700
[epp] admin-next.airbnb.com:700
[epp] admin-staging.airbnb.com:700
[epp] dev.staging.airbnb.com:700
[epp] prototype-internal.airbnb.com:700
[epp] prototype-internal-next.airbnb.com:700
[epp] prototype-internal-staging.airbnb.com:700
[ff-annunc] admin.airbnb.com:1089
[ff-annunc] admin-lite.airbnb.com:1089
[ff-annunc] admin-lite-next.airbnb.com:1089
[ff-annunc] admin-lite-staging.airbnb.com:1089
[ff-annunc] admin-next.airbnb.com:1089
[ff-annunc] admin-staging.airbnb.com:1089
[ff-annunc] dev.staging.airbnb.com:1089
[ff-annunc] prototype-internal.airbnb.com:1089
[ff-annunc] prototype-internal-next.airbnb.com:1089
[ff-annunc] prototype-internal-staging.airbnb.com:1089
[gnunet] support.airbnb.com:2086
[http] admin.airbnb.com:80
[http] admin-lite.airbnb.com:80
[http] admin-lite-next.airbnb.com:80
[http] admin-lite-staging.airbnb.com:80
[http] admin-next.airbnb.com:80
[http] admin-staging.airbnb.com:80
[http] airbnb.com:80
[http] akamai-staging.airbnb.com:80
[http] akamai-test.airbnb.com:80
[http] allegrouz.moodle.next.airbnb.com:80
[http] api.airbnb.com:80
[http] api-fastly.airbnb.com:80
[http] api-fastly-staging.airbnb.com:80
[http] az.airbnb.com:80
[http] beyond.airbnb.com:80
[http] blog.airbnb.com:80
[http] blur.merchdirect.next.airbnb.com:80
[http] careers.airbnb.com:80
[http] click.mail.airbnb.com:80
[http] cloud.mail.airbnb.com:80
[http] cloudmonitor.airbnb.com:80
[http] create.airbnb.com:80
[http] developer.airbnb.com:80
[http] dev.staging.airbnb.com:80
[http] email.airbnb.com:80
[http] et.airbnb.com:80
[http] fastly.airbnb.com:80
[http] fastly-dev.airbnb.com:80
[http] fastly-staging.airbnb.com:80
[http] id.airbnb.com:80
[http] image.mail.airbnb.com:80
[http] link.recruiting.airbnb.com:80
[http] localhostapi.next.airbnb.com:80
[http] manager.next.airbnb.com:80
[http] nerds.airbnb.com:80
[http] netcenter.pictures.next.airbnb.com:80
[http] news.airbnb.com:80
[http] next.airbnb.com:80
[http] one-next.airbnb.com:80
[http] origin-images.airbnb.com:80
[http] pages.mail.airbnb.com:80
[http] pl.airbnb.com:80
[http] preprod.airbnb.com:80
[http] press.airbnb.com:80
[http] protools.airbnb.com:80
[http] prototype-internal.airbnb.com:80
[http] prototype-internal-next.airbnb.com:80
[http] prototype-internal-staging.airbnb.com:80
[http-proxy] admin.airbnb.com:8080
[http-proxy] admin-lite.airbnb.com:8080
[http-proxy] admin-lite-next.airbnb.com:8080
[http-proxy] admin-lite-staging.airbnb.com:8080
[http-proxy] admin-next.airbnb.com:8080
[http-proxy] admin-staging.airbnb.com:8080
[http-proxy] dev.staging.airbnb.com:8080
[http-proxy] one-next.airbnb.com:8080
[http-proxy] prototype-internal.airbnb.com:8080
[http-proxy] prototype-internal-next.airbnb.com:8080
[http-proxy] prototype-internal-staging.airbnb.com:8080
[http-proxy] support.airbnb.com:8080
[http] r.airbnb.com:80
[https] admin.airbnb.com:443
[https] admin-lite.airbnb.com:443
[https] admin-lite-next.airbnb.com:443
[https] admin-lite-staging.airbnb.com:443
[https] admin-next.airbnb.com:443
[https] admin-staging.airbnb.com:443
[https] airbnb.com:443
[http] s.airbnb.com:80
[https] akamai-staging.airbnb.com:443
[https] akamai-test.airbnb.com:443
[https] allegrouz.moodle.next.airbnb.com:443
[https-alt] support.airbnb.com:8443
[http] samara.airbnb.com:80
[https] api.airbnb.com:443
[https] api-fastly.airbnb.com:443
[https] api-fastly-staging.airbnb.com:443
[https] az.airbnb.com:443
[https] beyond.airbnb.com:443
[https] blog.airbnb.com:443
[https] blur.merchdirect.next.airbnb.com:443
[https] careers.airbnb.com:443
[https] click.mail.airbnb.com:443
[https] cloud.mail.airbnb.com:443
[https] cloudmonitor.airbnb.com:443
[https] create.airbnb.com:443
[https] developer.airbnb.com:443
[https] dev.staging.airbnb.com:443
[https] email.airbnb.com:443
[https] et.airbnb.com:443
[https] fastly.airbnb.com:443
[https] fastly-dev.airbnb.com:443
[https] fastly-staging.airbnb.com:443
[https] id.airbnb.com:443
[https] image.mail.airbnb.com:443
[http] sk.airbnb.com:80
[https] link.recruiting.airbnb.com:443
[https] localhostapi.next.airbnb.com:443
[https] manager.next.airbnb.com:443
[https] nerds.airbnb.com:443
[https] netcenter.pictures.next.airbnb.com:443
[https] news.airbnb.com:443
[https] next.airbnb.com:443
[https] one-next.airbnb.com:443
[https] origin-images.airbnb.com:443
[https] pages.mail.airbnb.com:443
[https] pl.airbnb.com:443
[https] preprod.airbnb.com:443
[https] press.airbnb.com:443
[https] protools.airbnb.com:443
[https] prototype-internal.airbnb.com:443
[https] prototype-internal-next.airbnb.com:443
[https] prototype-internal-staging.airbnb.com:443
[http] sq.airbnb.com:80
[https] r.airbnb.com:443
[https] s.airbnb.com:443
[https] samara.airbnb.com:443
[https] sk.airbnb.com:443
[https] sq.airbnb.com:443
[https] staging.airbnb.com:443
[https] support.airbnb.com:443
[https] sw.airbnb.com:443
[https] tablo.1.next.airbnb.com:443
[http] staging.airbnb.com:80
[https] th.airbnb.com:443
[https] transparency.airbnb.com:443
[http] support.airbnb.com:80
[https] view.mail.airbnb.com:443
[http] sw.airbnb.com:80
[https] wolfe.merchdirect.next.airbnb.com:443
[https] work.airbnb.com:443
[https] ws.airbnb.com:443
[https] www.airbnb.com:443
[https] zu.airbnb.com:443
[http] tablo.1.next.airbnb.com:80
[http] th.airbnb.com:80
[http] transparency.airbnb.com:80
[http] view.mail.airbnb.com:80
[http] wolfe.merchdirect.next.airbnb.com:80
[http] work.airbnb.com:80
[http] www.airbnb.com:80
[http] zu.airbnb.com:80
[ies-lm] admin.airbnb.com:1443
[ies-lm] admin-lite.airbnb.com:1443
[ies-lm] admin-lite-next.airbnb.com:1443
[ies-lm] admin-lite-staging.airbnb.com:1443
[ies-lm] admin-next.airbnb.com:1443
[ies-lm] admin-staging.airbnb.com:1443
[ies-lm] dev.staging.airbnb.com:1443
[ies-lm] prototype-internal.airbnb.com:1443
[ies-lm] prototype-internal-next.airbnb.com:1443
[ies-lm] prototype-internal-staging.airbnb.com:1443
[imap] admin.airbnb.com:143
[imap] admin-lite.airbnb.com:143
[imap] admin-lite-next.airbnb.com:143
[imap] admin-lite-staging.airbnb.com:143
[imap] admin-next.airbnb.com:143
[imap] admin-staging.airbnb.com:143
[imap] dev.staging.airbnb.com:143
[imap] one-next.airbnb.com:143
[imap] prototype-internal.airbnb.com:143
[imap] prototype-internal-next.airbnb.com:143
[imap] prototype-internal-staging.airbnb.com:143
[imaps] admin.airbnb.com:993
[imaps] admin-lite.airbnb.com:993
[imaps] admin-lite-next.airbnb.com:993
[imaps] admin-lite-staging.airbnb.com:993
[imaps] admin-next.airbnb.com:993
[imaps] admin-staging.airbnb.com:993
[imaps] dev.staging.airbnb.com:993
[imaps] one-next.airbnb.com:993
[imaps] prototype-internal.airbnb.com:993
[imaps] prototype-internal-next.airbnb.com:993
[imaps] prototype-internal-staging.airbnb.com:993
[infowave] support.airbnb.com:2082
[jetdirect] admin.airbnb.com:9100
[jetdirect] admin-lite.airbnb.com:9100
[jetdirect] admin-lite-next.airbnb.com:9100
[jetdirect] admin-lite-staging.airbnb.com:9100
[jetdirect] admin-next.airbnb.com:9100
[jetdirect] admin-staging.airbnb.com:9100
[jetdirect] dev.staging.airbnb.com:9100
[jetdirect] one-next.airbnb.com:9100
[jetdirect] prototype-internal.airbnb.com:9100
[jetdirect] prototype-internal-next.airbnb.com:9100
[jetdirect] prototype-internal-staging.airbnb.com:9100
[mit-ml-dev] admin.airbnb.com:83
[mit-ml-dev] admin.airbnb.com:85
[mit-ml-dev] admin-lite.airbnb.com:83
[mit-ml-dev] admin-lite.airbnb.com:85
[mit-ml-dev] admin-lite-next.airbnb.com:83
[mit-ml-dev] admin-lite-next.airbnb.com:85
[mit-ml-dev] admin-lite-staging.airbnb.com:83
[mit-ml-dev] admin-lite-staging.airbnb.com:85
[mit-ml-dev] admin-next.airbnb.com:83
[mit-ml-dev] admin-next.airbnb.com:85
[mit-ml-dev] admin-staging.airbnb.com:83
[mit-ml-dev] admin-staging.airbnb.com:85
[mit-ml-dev] dev.staging.airbnb.com:83
[mit-ml-dev] dev.staging.airbnb.com:85
[mit-ml-dev] prototype-internal.airbnb.com:83
[mit-ml-dev] prototype-internal.airbnb.com:85
[mit-ml-dev] prototype-internal-next.airbnb.com:83
[mit-ml-dev] prototype-internal-next.airbnb.com:85
[mit-ml-dev] prototype-internal-staging.airbnb.com:83
[mit-ml-dev] prototype-internal-staging.airbnb.com:85
[ms-wbt-server] admin.airbnb.com:3389
[ms-wbt-server] admin-lite.airbnb.com:3389
[ms-wbt-server] admin-lite-next.airbnb.com:3389
[ms-wbt-server] admin-lite-staging.airbnb.com:3389
[ms-wbt-server] admin-next.airbnb.com:3389
[ms-wbt-server] admin-staging.airbnb.com:3389
[ms-wbt-server] dev.staging.airbnb.com:3389
[ms-wbt-server] one-next.airbnb.com:3389
[ms-wbt-server] prototype-internal.airbnb.com:3389
[ms-wbt-server] prototype-internal-next.airbnb.com:3389
[ms-wbt-server] prototype-internal-staging.airbnb.com:3389
[nbx-dir] support.airbnb.com:2096
[ncd-conf] admin.airbnb.com:5999
[ncd-conf] admin-lite.airbnb.com:5999
[ncd-conf] admin-lite-next.airbnb.com:5999
[ncd-conf] admin-lite-staging.airbnb.com:5999
[ncd-conf] admin-next.airbnb.com:5999
[ncd-conf] admin-staging.airbnb.com:5999
[ncd-conf] dev.staging.airbnb.com:5999
[ncd-conf] prototype-internal.airbnb.com:5999
[ncd-conf] prototype-internal-next.airbnb.com:5999
[ncd-conf] prototype-internal-staging.airbnb.com:5999
[ndmps] admin.airbnb.com:30000
[ndmps] admin-lite.airbnb.com:30000
[ndmps] admin-lite-next.airbnb.com:30000
[ndmps] admin-lite-staging.airbnb.com:30000
[ndmps] admin-next.airbnb.com:30000
[ndmps] admin-staging.airbnb.com:30000
[ndmps] dev.staging.airbnb.com:30000
[ndmps] prototype-internal.airbnb.com:30000
[ndmps] prototype-internal-next.airbnb.com:30000
[ndmps] prototype-internal-staging.airbnb.com:30000
[opsmessaging] admin.airbnb.com:8090
[opsmessaging] admin-lite.airbnb.com:8090
[opsmessaging] admin-lite-next.airbnb.com:8090
[opsmessaging] admin-lite-staging.airbnb.com:8090
[opsmessaging] admin-next.airbnb.com:8090
[opsmessaging] admin-staging.airbnb.com:8090
[opsmessaging] dev.staging.airbnb.com:8090
[opsmessaging] prototype-internal.airbnb.com:8090
[opsmessaging] prototype-internal-next.airbnb.com:8090
[opsmessaging] prototype-internal-staging.airbnb.com:8090
[pop3] admin.airbnb.com:110
[pop3] admin-lite.airbnb.com:110
[pop3] admin-lite-next.airbnb.com:110
[pop3] admin-lite-staging.airbnb.com:110
[pop3] admin-next.airbnb.com:110
[pop3] admin-staging.airbnb.com:110
[pop3] dev.staging.airbnb.com:110
[pop3] one-next.airbnb.com:110
[pop3] prototype-internal.airbnb.com:110
[pop3] prototype-internal-next.airbnb.com:110
[pop3] prototype-internal-staging.airbnb.com:110
[pop3s] admin.airbnb.com:995
[pop3s] admin-lite.airbnb.com:995
[pop3s] admin-lite-next.airbnb.com:995
[pop3s] admin-lite-staging.airbnb.com:995
[pop3s] admin-next.airbnb.com:995
[pop3s] admin-staging.airbnb.com:995
[pop3s] dev.staging.airbnb.com:995
[pop3s] one-next.airbnb.com:995
[pop3s] prototype-internal.airbnb.com:995
[pop3s] prototype-internal-next.airbnb.com:995
[pop3s] prototype-internal-staging.airbnb.com:995
[postgresql] admin.airbnb.com:5432
[postgresql] admin-lite.airbnb.com:5432
[postgresql] admin-lite-next.airbnb.com:5432
[postgresql] admin-lite-staging.airbnb.com:5432
[postgresql] admin-next.airbnb.com:5432
[postgresql] admin-staging.airbnb.com:5432
[postgresql] dev.staging.airbnb.com:5432
[postgresql] one-next.airbnb.com:5432
[postgresql] prototype-internal.airbnb.com:5432
[postgresql] prototype-internal-next.airbnb.com:5432
[postgresql] prototype-internal-staging.airbnb.com:5432
[radan-http] admin.airbnb.com:8088
[radan-http] admin-lite.airbnb.com:8088
[radan-http] admin-lite-next.airbnb.com:8088
[radan-http] admin-lite-staging.airbnb.com:8088
[radan-http] admin-next.airbnb.com:8088
[radan-http] admin-staging.airbnb.com:8088
[radan-http] dev.staging.airbnb.com:8088
[radan-http] prototype-internal.airbnb.com:8088
[radan-http] prototype-internal-next.airbnb.com:8088
[radan-http] prototype-internal-staging.airbnb.com:8088
[radsec] support.airbnb.com:2083
[rtmp] admin.airbnb.com:1935
[rtmp] admin-lite.airbnb.com:1935
[rtmp] admin-lite-next.airbnb.com:1935
[rtmp] admin-lite-staging.airbnb.com:1935
[rtmp] admin-next.airbnb.com:1935
[rtmp] admin-staging.airbnb.com:1935
[rtmp] dev.staging.airbnb.com:1935
[rtmp] prototype-internal.airbnb.com:1935
[rtmp] prototype-internal-next.airbnb.com:1935
[rtmp] prototype-internal-staging.airbnb.com:1935
[smtp] admin.airbnb.com:25
[smtp] admin-lite.airbnb.com:25
[smtp] admin-lite-next.airbnb.com:25
[smtp] admin-lite-staging.airbnb.com:25
[smtp] admin-next.airbnb.com:25
[smtp] admin-staging.airbnb.com:25
[smtp] bounce.work.airbnb.com:25
[smtp] dev.staging.airbnb.com:25
[smtp] mail.airbnb.com:25
[smtp] one-next.airbnb.com:25
[smtp] prototype-internal.airbnb.com:25
[smtp] prototype-internal-next.airbnb.com:25
[smtp] prototype-internal-staging.airbnb.com:25
[smtps] admin.airbnb.com:465
[smtps] admin-lite.airbnb.com:465
[smtps] admin-lite-next.airbnb.com:465
[smtps] admin-lite-staging.airbnb.com:465
[smtps] admin-next.airbnb.com:465
[smtps] admin-staging.airbnb.com:465
[smtps] dev.staging.airbnb.com:465
[smtps] one-next.airbnb.com:465
[smtps] prototype-internal.airbnb.com:465
[smtps] prototype-internal-next.airbnb.com:465
[smtps] prototype-internal-staging.airbnb.com:465
[submission] admin.airbnb.com:587
[submission] admin-lite.airbnb.com:587
[submission] admin-lite-next.airbnb.com:587
[submission] admin-lite-staging.airbnb.com:587
[submission] admin-next.airbnb.com:587
[submission] admin-staging.airbnb.com:587
[submission] dev.staging.airbnb.com:587
[submission] one-next.airbnb.com:587
[submission] prototype-internal.airbnb.com:587
[submission] prototype-internal-next.airbnb.com:587
[submission] prototype-internal-staging.airbnb.com:587
[su-mit-tg] admin.airbnb.com:89
[su-mit-tg] admin-lite.airbnb.com:89
[su-mit-tg] admin-lite-next.airbnb.com:89
[su-mit-tg] admin-lite-staging.airbnb.com:89
[su-mit-tg] admin-next.airbnb.com:89
[su-mit-tg] admin-staging.airbnb.com:89
[su-mit-tg] dev.staging.airbnb.com:89
[su-mit-tg] prototype-internal.airbnb.com:89
[su-mit-tg] prototype-internal-next.airbnb.com:89
[su-mit-tg] prototype-internal-staging.airbnb.com:89
[unknown] admin.airbnb.com:8085
[unknown] admin.airbnb.com:8089
[unknown] admin.airbnb.com:8099
[unknown] admin-lite.airbnb.com:8085
[unknown] admin-lite.airbnb.com:8089
[unknown] admin-lite.airbnb.com:8099
[unknown] admin-lite-next.airbnb.com:8085
[unknown] admin-lite-next.airbnb.com:8089
[unknown] admin-lite-next.airbnb.com:8099
[unknown] admin-lite-staging.airbnb.com:8085
[unknown] admin-lite-staging.airbnb.com:8089
[unknown] admin-lite-staging.airbnb.com:8099
[unknown] admin-next.airbnb.com:8085
[unknown] admin-next.airbnb.com:8089
[unknown] admin-next.airbnb.com:8099
[unknown] admin-staging.airbnb.com:8085
[unknown] admin-staging.airbnb.com:8089
[unknown] admin-staging.airbnb.com:8099
[unknown] dev.staging.airbnb.com:8085
[unknown] dev.staging.airbnb.com:8089
[unknown] dev.staging.airbnb.com:8099
[unknown] prototype-internal.airbnb.com:8085
[unknown] prototype-internal.airbnb.com:8089
[unknown] prototype-internal.airbnb.com:8099
[unknown] prototype-internal-next.airbnb.com:8085
[unknown] prototype-internal-next.airbnb.com:8089
[unknown] prototype-internal-next.airbnb.com:8099
[unknown] prototype-internal-staging.airbnb.com:8085
[unknown] prototype-internal-staging.airbnb.com:8089
[unknown] prototype-internal-staging.airbnb.com:8099
[vnc-1] admin.airbnb.com:5901
[vnc-1] admin-lite.airbnb.com:5901
[vnc-1] admin-lite-next.airbnb.com:5901
[vnc-1] admin-lite-staging.airbnb.com:5901
[vnc-1] admin-next.airbnb.com:5901
[vnc-1] admin-staging.airbnb.com:5901
[vnc-1] dev.staging.airbnb.com:5901
[vnc-1] prototype-internal.airbnb.com:5901
[vnc-1] prototype-internal-next.airbnb.com:5901
[vnc-1] prototype-internal-staging.airbnb.com:5901
[vnc] admin.airbnb.com:5900
[vnc] admin-lite.airbnb.com:5900
[vnc] admin-lite-next.airbnb.com:5900
[vnc] admin-lite-staging.airbnb.com:5900
[vnc] admin-next.airbnb.com:5900
[vnc] admin-staging.airbnb.com:5900
[vnc] dev.staging.airbnb.com:5900
[vnc] one-next.airbnb.com:5900
[vnc] prototype-internal.airbnb.com:5900
[vnc] prototype-internal-next.airbnb.com:5900
[vnc] prototype-internal-staging.airbnb.com:5900
[wap-wsp] admin.airbnb.com:9200
[wap-wsp] admin-lite.airbnb.com:9200
[wap-wsp] admin-lite-next.airbnb.com:9200
[wap-wsp] admin-lite-staging.airbnb.com:9200
[wap-wsp] admin-next.airbnb.com:9200
[wap-wsp] admin-staging.airbnb.com:9200
[wap-wsp] dev.staging.airbnb.com:9200
[wap-wsp] prototype-internal.airbnb.com:9200
[wap-wsp] prototype-internal-next.airbnb.com:9200
[wap-wsp] prototype-internal-staging.airbnb.com:9200
[webobjects] admin.airbnb.com:1085
[webobjects] admin-lite.airbnb.com:1085
[webobjects] admin-lite-next.airbnb.com:1085
[webobjects] admin-lite-staging.airbnb.com:1085
[webobjects] admin-next.airbnb.com:1085
[webobjects] admin-staging.airbnb.com:1085
[webobjects] dev.staging.airbnb.com:1085
[webobjects] prototype-internal.airbnb.com:1085
[webobjects] prototype-internal-next.airbnb.com:1085
[webobjects] prototype-internal-staging.airbnb.com:1085
[whois] admin.airbnb.com:43
[whois] admin-lite.airbnb.com:43
[whois] admin-lite-next.airbnb.com:43
[whois] admin-lite-staging.airbnb.com:43
[whois] admin-next.airbnb.com:43
[whois] admin-staging.airbnb.com:43
[whois] dev.staging.airbnb.com:43
[whois] prototype-internal.airbnb.com:43
[whois] prototype-internal-next.airbnb.com:43
[whois] prototype-internal-staging.airbnb.com:43
[xmpp-client] admin.airbnb.com:5222
[xmpp-client] admin-lite.airbnb.com:5222
[xmpp-client] admin-lite-next.airbnb.com:5222
[xmpp-client] admin-lite-staging.airbnb.com:5222
[xmpp-client] admin-next.airbnb.com:5222
[xmpp-client] admin-staging.airbnb.com:5222
[xmpp-client] dev.staging.airbnb.com:5222
[xmpp-client] prototype-internal.airbnb.com:5222
[xmpp-client] prototype-internal-next.airbnb.com:5222
[xmpp-client] prototype-internal-staging.airbnb.com:5222
