[http] api-staging.airtable.com:80
[http] a.staging.airtable.com:80
[http] community.staging.airtable.com:80
[http] dl3.staging.airtable.com:80
[http] dl.staging.airtable.com:80
[http] email.staging.airtable.com:80
[https] api2-staging.airtable.com:443
[https] api-staging.airtable.com:443
[https] a.staging.airtable.com:443
[http] sco-assets.support.staging.airtable.com:80
[https] community.staging.airtable.com:443
[https] dl3.staging.airtable.com:443
[https] dl.staging.airtable.com:443
[https] email.staging.airtable.com:443
[https] hooks.staging.airtable.com:443
[https] lightstep.staging.airtable.com:443
[https] rt3-staging.airtable.com:443
[https] rt4-staging.airtable.com:443
[https] rtb-staging.airtable.com:443
[https] rt-staging.airtable.com:443
[https] sco-assets.support.staging.airtable.com:443
[https] staging.airtable.com:443
[https] static.staging.airtable.com:443
[http] staging.airtable.com:80
[http] static.staging.airtable.com:80
[https] www.staging.airtable.com:443
[http] www.staging.airtable.com:80
[pvuniwien] www.staging.airtable.com:1081
