[eli] blog.alphafinance.io:2087
[eli] homora.alphafinance.io:2087
[eli] homora-v2.alphafinance.io:2087
[eli] tokenomics.alphafinance.io:2087
[eli] x.alphafinance.io:2087
[http] api.abw.alphafinance.io:80
[http] api-homora.alphafinance.io:80
[http] bsctestnet.alphafinance.io:80
[http] dao.alphafinance.io:80
[http] enchanter.alphafinance.io:80
[http] forum.alphafinance.io:80
[http] homora-api2.alphafinance.io:80
[http] homora-api.alphafinance.io:80
[https] alphafinance.io:443
[https] api.abw.alphafinance.io:443
[https] api-homora.alphafinance.io:443
[https] blog.alphafinance.io:443
[https] buy-wall.alphafinance.io:443
[https] dao.alphafinance.io:443
[https] gems.alphafinance.io:443
[https] homora.alphafinance.io:443
[https] homora-api2.alphafinance.io:443
[https] homora-api.alphafinance.io:443
[https] homora-bsc.alphafinance.io:443
[https] homora-v2.alphafinance.io:443
[https] launchpad.alphafinance.io:443
[https] migration.homora-v2.alphafinance.io:443
[https] summoner-market.alphafinance.io:443
[https] supply.alphafinance.io:443
[https] tokenomics.alphafinance.io:443
[http] supply.alphafinance.io:80
[https] www.alphafinance.io:443
[https] x.alphafinance.io:443
[https] x-api.alphafinance.io:443
[http] woofwoof.alphafinance.io:80
[http] x-api.alphafinance.io:80
[ms-wbt-server] forum.alphafinance.io:3389
[ssh] woofwoof.alphafinance.io:22
