[] amsterdam-inap-107-6-164-90.ankr.com:30303
[] amsterdam-inap-107-6-164-90.ankr.com:8545
[] amsterdam-inap-198-20-96-178.ankr.com:8545
[] ape-dev.ankr.com:8545
[] ape-stage.ankr.com:8545
[] api-geth-archive-2.ankr.com:30303
[] api-geth-archive.ankr.com:30303
[] apis.ankr.com:10250
[] apis-newstage.ankr.com:10250
[] apis-sj.ankr.com:10250
[arepa-cas] near-hetzner-01.ankr.com:3030
[arepa-cas] near-hetzner-02.ankr.com:3030
[arepa-cas] near-hetzner-03.ankr.com:3030
[arepa-cas] near-hetzner-04.ankr.com:3030
[arepa-cas] near-maxihost-02.ankr.com:3030
[arepa-cas] near-maxihost-03.ankr.com:3030
[asip-webadmin] skale-0.dccn.ankr.com:311
[asip-webadmin] skale-1.dccn.ankr.com:311
[] avalanche-01-flipside.ankr.com:8545
[] avax-anthony.ankr.com:8545
[] avax-berkeley.ankr.com:8545
[bgp] apis-default.ankr.com:179
[bgp] apis-sj.ankr.com:179
[bgp] bsc.ankr.com:179
[bgp] image-cn.ankr.com:179
[bgp] okex.ankr.com:179
[bgp] traefik.ankr.com:179
[bgp] traefik-stage.ankr.com:179
[bgp] uk-cosmos1.ankr.com:179
[blackice-alerts] api.chain-monitor.ankr.com:8082
[blackice-alerts] chain-monitor.ankr.com:8082
[blackice-alerts] dc-dev.dccn.ankr.com:8082
[blackice-alerts] kibana.chain-monitor.ankr.com:8082
[blackice-icecap] amsterdam-inap-107-6-176-66.ankr.com:8081
[blackice-icecap] arbitrum-phoenix-04.ankr.com:8081
[blackice-icecap] arbitrum-phoenix-06.ankr.com:8081
[blackice-icecap] binance-protocol-02.ankr.com:8081
[blackice-icecap] binance-protocol-14.ankr.com:8081
[blackice-icecap] binance-sydney-01.ankr.com:8081
[blackice-icecap] chain-mainnet.dccn.ankr.com:8081
[blackice-icecap] dc-dev.dccn.ankr.com:8081
[blackice-icecap] dubai-equinix-dx1-216-155-55-45.ankr.com:8081
[blackice-icecap] frankfurt-vultr-45-76-92-42.ankr.com:8081
[blackice-icecap] harmony-hetzner-03.ankr.com:8081
[blackice-icecap] harmony-hetzner-archive-03.ankr.com:8081
[blackice-icecap] johannesburg-epyc-xl-03.ankr.com:8081
[blackice-icecap] johannesburg-teraco-napafrica-ix-216-107-41-44.ankr.com:8081
[blackice-icecap] matic-saopaulo-01.ankr.com:8081
[blackice-icecap] miami-equinix-mi1-216-155-62-93.ankr.com:8081
[blackice-icecap] mumbai-web-werks-216-155-53-68.ankr.com:8081
[blackice-icecap] near-maxihost-03.ankr.com:8081
[blackice-icecap] nervos-hetzner-04.ankr.com:8081
[blackice-icecap] new-jersey-inap-72-251-230-238.ankr.com:8081
[blackice-icecap] new-jersey-inap-72-251-231-71.ankr.com:8081
[blackice-icecap] new-york-maxihost-198-178-224-104.ankr.com:8081
[blackice-icecap] rp.ankr.com:8081
[blackice-icecap] san-jose-inap-107-6-91-43.ankr.com:8081
[blackice-icecap] seattle-inap-63-251-15-52.ankr.com:8081
[blackice-icecap] seoul-kinx-dogok-207-199-157-99.ankr.com:8081
[blackice-icecap] singapore-inap-107-6-113-59.ankr.com:8081
[blackice-icecap] solana-hetzner-04.ankr.com:8081
[blackice-icecap] sydney-modmc-equinix-sy1-206-246-106-228.ankr.com:8081
[] blockscout.dev-02.bas.ankr.com:8545
[] bluetest.ankr.com:10250
[] bridge-backend.ankr.com:10250
[] bridge-dev.ankr.com:8545
[] bsc-erigon-01.dccn.ankr.com:30303
[] bsc-erigon-01.dccn.ankr.com:8545
[cisco-aqos] apis-sj.ankr.com:9081
[cisco-aqos] bridge-backend.ankr.com:9081
[cisco-aqos] vault.ankr.com:9081
[cisco-sccp] ape-dev.ankr.com:2000
[cisco-sccp] ape-polygon.ankr.com:2000
[cisco-sccp] ape-stage.ankr.com:2000
[cisco-sccp] api-ape-stage.ankr.com:2000
[cisco-sccp] api.blog.ankr.com:2000
[cisco-sccp] apis.ankr.com:2000
[cisco-sccp] apis-default.ankr.com:2000
[cisco-sccp] apis-hk.ankr.com:2000
[cisco-sccp] apismasterla.ankr.com:2000
[cisco-sccp] apis-newstage.ankr.com:2000
[cisco-sccp] apis-sj.ankr.com:2000
[cisco-sccp] apis-stage.ankr.com:2000
[cisco-sccp] avalanche-01-flipside.ankr.com:2000
[cisco-sccp] avax-anthony.ankr.com:2000
[cisco-sccp] avax-berkeley.ankr.com:2000
[cisco-sccp] bas-archive.ankr.com:2000
[cisco-sccp] bas-testnet.ankr.com:2000
[cisco-sccp] binance-protocol-18.ankr.com:2000
[cisco-sccp] blue.ankr.com:2000
[cisco-sccp] bluetest.ankr.com:2000
[cisco-sccp] bridge-dev.ankr.com:2000
[cisco-sccp] bridger.ankr.com:2000
[cisco-sccp] burgerswap.ankr.com:2000
[cisco-sccp] debridge-heco-test-01.ankr.com:2000
[cisco-sccp] devops-peter-01.ankr.com:2000
[cisco-sccp] dnscr.ankr.com:2000
[cisco-sccp] drone.ankr.com:2000
[cisco-sccp] edge-testnet.ankr.com:2000
[cisco-sccp] eth-01-defipulse.ankr.com:2000
[cisco-sccp] explorer-meta-ape-edge-testnet.ankr.com:2000
[cisco-sccp] faucet-bas-testnet.ankr.com:2000
[cisco-sccp] faucet-edge-testnet.ankr.com:2000
[cisco-sccp] flow-node-01.ankr.com:2000
[cisco-sccp] flow-node-02.ankr.com:2000
[cisco-sccp] ftm-albert.ankr.com:2000
[cisco-sccp] ftm-baker.ankr.com:2000
[cisco-sccp] hk.ankr.com:2000
[cisco-sccp] hk-cosmos1.ankr.com:2000
[cisco-sccp] hub.ankr.com:2000
[cisco-sccp] hub-hk.ankr.com:2000
[cisco-sccp] hub-stage.ankr.com:2000
[cisco-sccp] image.ankr.com:2000
[cisco-sccp] jaeger.ankr.com:2000
[cisco-sccp] matic-mainnet-01.ankr.com:2000
[cisco-sccp] meta-ape-edge-testnet-04.ankr.com:2000
[cisco-sccp] meta-ape-edge-testnet-05.ankr.com:2000
[cisco-sccp] monitor.ankr.com:2000
[cisco-sccp] notary.ankr.com:2000
[cisco-sccp] okex-archive.ankr.com:2000
[cisco-sccp] openstack.ankr.com:2000
[cisco-sccp] plat-stage.ankr.com:2000
[cisco-sccp] polygon-01-defipulse.ankr.com:2000
[cisco-sccp] polygon-anthony.ankr.com:2000
[cisco-sccp] polygon-anthony-archive.ankr.com:2000
[cisco-sccp] polygon-berkeley-archive.ankr.com:2000
[cisco-sccp] prod.ankr.com:2000
[cisco-sccp] rp.ankr.com:2000
[cisco-sccp] selenoid.ankr.com:2000
[cisco-sccp] solana-sj.ankr.com:2000
[cisco-sccp] splunk.teleport.ankr.com:2000
[cisco-sccp] sushi-polygon.ankr.com:2000
[cisco-sccp] teleport.ankr.com:2000
[cisco-sccp] testnet.ankr.com:2000
[cisco-sccp] testnetscan.ankr.com:2000
[cisco-sccp] tron-2-trustwallet.ankr.com:2000
[cisco-sccp] uk-tezos1.ankr.com:2000
[cisco-sccp] vault-dev.ankr.com:2000
[clearvisn] team-service.ankr.com:2052
[cslistener] api-dev.ankr.com:9000
[cslistener] blockscout.dev-02.bas.ankr.com:9000
[cslistener] explorer.dev-02.bas.ankr.com:9000
[cslistener] faucet.dev-02.bas.ankr.com:9000
[cslistener] flow-node-01.ankr.com:9000
[cslistener] flow-node-02.ankr.com:9000
[cslistener] proxy.ankr.com:9000
[cslistener] rpc.dev-02.bas.ankr.com:9000
[cslistener] staking.dev-02.bas.ankr.com:9000
[cslistener] trace-dev.ankr.com:9000
[documentum] skale-0.dccn.ankr.com:10002
[documentum_s] skale-0.dccn.ankr.com:10003
[domain] binance-protocol-11.ankr.com:53
[domain] roadmap.ankr.com:53
[] eth-01-defipulse.ankr.com:8545
[] eth-03.dccn.ankr.com:30303
[] eth-03.dccn.ankr.com:8545
[] eth-goerli-01.dccn.ankr.com:30303
[] eth-goerli-02.dccn.ankr.com:8545
[] eth-goerli.dccn.ankr.com:30303
[] explorer.dev-02.bas.ankr.com:8545
[] explorer.meta-ape-bas-mainnet.ankr.com:30303
[] explorer.meta-ape-bas-testnet-02.ankr.com:30303
[] faucet.dev-02.bas.ankr.com:8545
[] faucet.meta-ape-bas-testnet-02.ankr.com:30303
[filenet-rpc] bridge-backend.ankr.com:32769
[filenet-rpc] vault.ankr.com:32769
[ftp] roadmap.ankr.com:21
[glrpc] apis-sj.ankr.com:9080
[glrpc] blue.ankr.com:9080
[glrpc] bridge-backend.ankr.com:9080
[glrpc] vault.ankr.com:9080
[gnunet] rpc.ankr.com:2086
[gnunet] team-service.ankr.com:2086
[] hk-cn.ankr.com:8545
[] hk-cosmos1.ankr.com:8545
[hosts2-ns] btc-03.dccn.ankr.com:81
[http] ads.game.ankr.com:80
[http-alt] ara.ankr.com:8000
[http-alt] awx.ankr.com:8000
[http-alt] consul.ankr.com:8000
[http-alt] dc-dev.dccn.ankr.com:8000
[http-alt] flow-node-01.ankr.com:8000
[http-alt] flow-node-02.ankr.com:8000
[http-alt] netbox.ankr.com:8000
[http-alt] packages.ankr.com:8000
[http-alt] sleepy.ankr.com:8000
[http-alt] splunk01.ankr.com:8000
[http] amsterdam-inap-107-6-164-90.ankr.com:80
[http] amsterdam-inap-107-6-173-34.ankr.com:80
[http] amsterdam-inap-107-6-176-66.ankr.com:80
[http] amsterdam-inap-198-20-96-178.ankr.com:80
[http] amsterdam-inap-63-251-232-119.ankr.com:80
[http] amsterdam-inap-63-251-232-123.ankr.com:80
[http] amsterdam-inap-63-251-232-124.ankr.com:80
[http] ankr.com:80
[http] ape.ankr.com:80
[http] ape-dev.ankr.com:80
[http] ape-polygon.ankr.com:80
[http] ape-stage.ankr.com:80
[http] api-ape-stage.ankr.com:80
[http] api.chain-monitor.ankr.com:80
[http] api-geth-archive-2.ankr.com:80
[http] api-geth-archive.ankr.com:80
[http] api-parity.ankr.com:80
[http] apis.ankr.com:80
[http] apis-cache.ankr.com:80
[http] apis-default.ankr.com:80
[http] api-service-stage.ankr.com:80
[http] apismasterla.ankr.com:80
[http] apis-newstage.ankr.com:80
[http] apis-sj.ankr.com:80
[http] apis-stage.ankr.com:80
[http] api.stkr-dev.ankr.com:80
[http] api.stkr-goerli.ankr.com:80
[http] app.ankr.com:80
[http] app-newstage.ankr.com:80
[http] app-stage.ankr.com:80
[http] ara.ankr.com:80
[http] arbitrum-dallas-01.ankr.com:80
[http] arbitrum-dallas-02.ankr.com:80
[http] arbitrum-dallas-03.ankr.com:80
[http] arbitrum-hetzner-01.ankr.com:80
[http] arbitrum-phoenix-01.ankr.com:80
[http] arbitrum-phoenix-02.ankr.com:80
[http] arbitrum-phoenix-03.ankr.com:80
[http] arbitrum-phoenix-04.ankr.com:80
[http] arbitrum-phoenix-06.ankr.com:80
[http] arbitrum-phoenix-07.ankr.com:80
[http] ashburn-equinix-dc3-206-246-93-162.ankr.com:80
[http] ashburn-equinix-dc3-206-246-93-163.ankr.com:80
[http] ashburn-equinix-dc3-206-246-93-164.ankr.com:80
[http] ashburn-equinix-dc3-206-246-93-165.ankr.com:80
[http] assets.ankr.com:80
[http] avalanche-01-flipside.ankr.com:80
[http] avalanchefuji-newyork-01.ankr.com:80
[http] avalanchefuji-newyork-02.ankr.com:80
[http] avalanchefuji-singapore-01.ankr.com:80
[http] avalanchefuji-singapore-02.ankr.com:80
[http] avalanche-hetzner-01.ankr.com:80
[http] avalanche-hetzner-02.ankr.com:80
[http] avalanche-hetzner-03.ankr.com:80
[http] avalanche-hetzner-04.ankr.com:80
[http] avalanche-london-01.ankr.com:80
[http] avalanche-london-02.ankr.com:80
[http] avalanche-london-03.ankr.com:80
[http] avalanche-miami-01.ankr.com:80
[http] avalanche-miami-02.ankr.com:80
[http] avalanche-miami-03.ankr.com:80
[http] avalanche-saopaulo-01.ankr.com:80
[http] avalanche-saopaulo-02.ankr.com:80
[http] avalanche-sydney-01.ankr.com:80
[http] avalanche-sydney-02.ankr.com:80
[http] avalanche-tokyo-01.ankr.com:80
[http] avalanche-tokyo-02.ankr.com:80
[http] avax-anthony.ankr.com:80
[http] avax-berkeley.ankr.com:80
[http] avax-fujitestnet-01.dccn.ankr.com:80
[http] avax-fujitestnet-02.dccn.ankr.com:80
[http] awx.ankr.com:80
[http] backoffice-gateway.mainnet.multirpc.ankr.com:80
[http] backoffice-gateway.staging.multirpc.ankr.com:80
[http] backoffice.multirpc.ankr.com:80
[http] bas-archive.ankr.com:80
[http] bas-testnet.ankr.com:80
[http] binance.ankr.com:80
[http] binance-protocol-01.ankr.com:80
[http] binance-protocol-05.ankr.com:80
[http] binance-protocol-07.ankr.com:80
[http] binance-protocol-09.ankr.com:80
[http] binance-protocol-10.ankr.com:80
[http] binance-protocol-12.ankr.com:80
[http] binance-protocol-13.ankr.com:80
[http] binance-protocol-14.ankr.com:80
[http] binance-protocol-17.ankr.com:80
[http] binance-protocol-22.ankr.com:80
[http] binance-sydney-01.ankr.com:80
[http] binance-testnet-01.ankr.com:80
[http] blue.ankr.com:80
[http] bluetest.ankr.com:80
[http] bounce.ankr.com:80
[http] bridge.ankr.com:80
[http] bridge-backend.ankr.com:80
[http] bridge-dev.ankr.com:80
[http] bs-10-stage.dccn.ankr.com:80
[http] bs-11-stage.dccn.ankr.com:80
[http] bs-12-stage.dccn.ankr.com:80
[http] bs-13-stage.dccn.ankr.com:80
[http] bs-1-stage.dccn.ankr.com:80
[http] bs-2-stage.dccn.ankr.com:80
[http] bs-3-stage.dccn.ankr.com:80
[http] bs-4-stage.dccn.ankr.com:80
[http] bs-5-stage.dccn.ankr.com:80
[http] bs-6-stage.dccn.ankr.com:80
[http] bs-7-stage.dccn.ankr.com:80
[http] bs-8-stage.dccn.ankr.com:80
[http] bs-9-stage.dccn.ankr.com:80
[http] bsc-01.dccn.ankr.com:80
[http] bsc-erigon-01.dccn.ankr.com:80
[http] bsc-erigon-02.dccn.ankr.com:80
[http] bsc-erigon-04.dccn.ankr.com:80
[http] bsc-erigon-05.dccn.ankr.com:80
[http] bsc-erigon-06.dccn.ankr.com:80
[http] bsclogs.ankr.com:80
[http] bscmon.ankr.com:80
[http] btc-03.dccn.ankr.com:80
[http] btc-04.dccn.ankr.com:80
[http] burgerswap.ankr.com:80
[http] can-archive-ethereum.ankr.com:80
[http] celo-hetzner-01.ankr.com:80
[http] celo-hetzner-02.ankr.com:80
[http] celo-hetzner-04.ankr.com:80
[http] chain-01.dccn.ankr.com:80
[http] chain-arthur.dccn.ankr.com:80
[http] chain-berkeley-test.dccn.ankr.com:80
[http] chain-monitor.ankr.com:80
[http] chain-stage-03.dccn.ankr.com:80
[http] changenetwork-service.game.ankr.com:80
[http] chiliz-testnet-01.dccn.ankr.com:80
[http] cloudflare-test2.ankr.com:80
[http] cloudflare-test.ankr.com:80
[http] clover-test.ankr.com:80
[http] consul.ankr.com:80
[http] crust-ethereum.ankr.com:80
[http] crust-phoenix-ethereum.ankr.com:80
[http] crust-solana.ankr.com:80
[http] dallas-inap-63-251-106-84.ankr.com:80
[http] dallas-inap-63-251-106-86.ankr.com:80
[http] dallas-inap-63-251-106-90.ankr.com:80
[http] dallas-maxihost-207-188-6-86.ankr.com:80
[http] dallas-maxihost-207-188-6-89.ankr.com:80
[http] dallas-maxihost-207-188-6-92.ankr.com:80
[http] dallas-maxihost-207-188-6-93.ankr.com:80
[http] debridge-heco-test-01.ankr.com:80
[http] debris-ethereum.ankr.com:80
[http] debris-phoenix-ethereum.ankr.com:80
[http] demo-ads.game.ankr.com:80
[http] demo-changenetwork-service.game.ankr.com:80
[http] demo-ue-service.game.ankr.com:80
[http] dev.ccv2.ankr.com:80
[http] devops-k8s.ankr.com:80
[http] docs.ankr.com:80
[http] drone.ankr.com:80
[http] dubai-equinix-dx1-216-155-55-42.ankr.com:80
[http] dubai-equinix-dx1-216-155-55-43.ankr.com:80
[http] dubai-equinix-dx1-216-155-55-45.ankr.com:80
[http] dust-archive-ethereum.ankr.com:80
[http] echo123.staging.multirpc.ankr.com:80
[http] echo1.staging.multirpc.ankr.com:80
[http] echo2.staging.multirpc.ankr.com:80
[http] edge-testnet.ankr.com:80
[http] eth-01.dccn.ankr.com:80
[http] eth-01-defipulse.ankr.com:80
[http] eth-02.dccn.ankr.com:80
[http] eth-03.dccn.ankr.com:80
[http] eth-04.dccn.ankr.com:80
[http] eth2.ankr.com:80
[http] eth.dccn.ankr.com:80
[http] ethereum-dubai-01.ankr.com:80
[http] ethereum-hetzner-01.ankr.com:80
[http] ethereum-hetzner-02.ankr.com:80
[http] ethereum-hetzner-03.ankr.com:80
[http] ethereum-hetzner-04.ankr.com:80
[http] ethereum-korea-01.ankr.com:80
[http] ethereum-la-02.ankr.com:80
[http] ethereum-la-03.ankr.com:80
[http] ethereum-miami-01.ankr.com:80
[http] ethereum-singapore-01.ankr.com:80
[http] ethereum-singapore-02.ankr.com:80
[http] ethereum-singapore-03.ankr.com:80
[http] ethereum-singapore-04.ankr.com:80
[http] ethereum-sydney-01.ankr.com:80
[http] ethereum-sydney-02.ankr.com:80
[http] eth-goerli-01.dccn.ankr.com:80
[http] eth-goerli-02.dccn.ankr.com:80
[http] eth-goerli.dccn.ankr.com:80
[http] eth-kovan-01.dccn.ankr.com:80
[http] eth-kovan-02.dccn.ankr.com:80
[http] eth-rinkeby-01.dccn.ankr.com:80
[http] eth-rinkeby-02.dccn.ankr.com:80
[http] eth-ropsten-01.dccn.ankr.com:80
[http] example-signing.game.ankr.com:80
[http] explorer.meta-ape-bas-mainnet.ankr.com:80
[http] explorer.meta-ape-bas-testnet-02.ankr.com:80
[http] explorer-meta-ape-edge-testnet.ankr.com:80
[http] explorer.multiverse-bas-testnet.ankr.com:80
[http] fan-archive-ethereum.ankr.com:80
[http] fantom-hetzner-01.ankr.com:80
[http] fantom-hetzner-02.ankr.com:80
[http] fantom-hetzner-03.ankr.com:80
[http] fantom-hetzner-04.ankr.com:80
[http] fantom-sydney-01.ankr.com:80
[http] faucet-bas-testnet.ankr.com:80
[http] faucet-edge-testnet.ankr.com:80
[http] faucet.meta-ape-bas-testnet-02.ankr.com:80
[http] faucet.multiverse-bas-testnet.ankr.com:80
[http] fileserver.dccn.ankr.com:80
[http] finland-hetzner-135-181-137-113.ankr.com:80
[http] finland-hetzner-135-181-221-50.ankr.com:80
[http] finland-hetzner-65-21-140-182.ankr.com:80
[http] frankfurt-hetzner-23-88-67-20.ankr.com:80
[http] frankfurt-hetzner-23-88-67-21.ankr.com:80
[http] frankfurt-vultr-45-76-92-42.ankr.com:80
[http] ftm-albert.ankr.com:80
[http] ftm-baker.ankr.com:80
[http] game.ankr.com:80
[http] grafana.game.ankr.com:80
[http] grafana-hub-stage.ankr.com:80
[http] grafana.stkr-dev.ankr.com:80
[http] grafana.stkr-goerli.ankr.com:80
[http] grants.ankr.com:80
[http] harbor.stkr-dev.ankr.com:80
[http] harmony-hetzner-02.ankr.com:80
[http] harmony-hetzner-03.ankr.com:80
[http] harmony-hetzner-archive-02.ankr.com:80
[http] harmony-hetzner-archive-03.ankr.com:80
[http] helpdesk.ankr.com:80
[http] helsinki-hetzner-95-217-225-154.ankr.com:80
[http] hk.ankr.com:80
[http] hk-cn.ankr.com:80
[http] hk-cosmos1.ankr.com:80
[http] hub-cn.ankr.com:80
[http] hub-dev.ankr.com:80
[http] hub-stage.ankr.com:80
[http] image.ankr.com:80
[http] image-cn.ankr.com:80
[http] indoor-ethereum.ankr.com:80
[http] indoor-phoenix-ethereum.ankr.com:80
[http] itool.ankr.com:80
[http] itool-dev.ankr.com:80
[http] itool-stage.ankr.com:80
[http] johannesburg-epyc-xl-03.ankr.com:80
[http] johannesburg-epyc-xl-04.ankr.com:80
[http] johannesburg-teraco-napafrica-ix-216-107-41-44.ankr.com:80
[http] kibana.chain-monitor.ankr.com:80
[http] kings.ankr.com:80
[http] kms.stkr-dev.ankr.com:80
[http] kusama-hetzner-01.ankr.com:80
[http] kusama-hetzner-02.ankr.com:80
[http] kusama-hetzner-03.ankr.com:80
[http] kusama-hetzner-04.ankr.com:80
[http] kv.ankr.com:80
[http] la-equinix-la1-216-155-15-118.ankr.com:80
[http] la-equinix-la1-216-155-15-119.ankr.com:80
[http] lithuania-cherry-93-115-29-187.ankr.com:80
[http] lithuania-cherry-93-115-29-189.ankr.com:80
[http] london-inap-64-46-115-6.ankr.com:80
[http] mainnet.multirpc.ankr.com:80
[http] mainnet.protocol.ankr.com:80
[http] matic-hetzner-01.ankr.com:80
[http] matic-hetzner-02.ankr.com:80
[http] matic-hetzner-03.ankr.com:80
[http] matic-hetzner-04.ankr.com:80
[http] matic-la-01.ankr.com:80
[http] matic-mainnet-01.ankr.com:80
[http] matic-saopaulo-01.ankr.com:80
[http] mercury.ankr.com:80
[http] meta-ape-bas-mainnet.ankr.com:80
[http] meta-ape-bas-testnet-01.ankr.com:80
[http] meta-ape-bas-testnet-02.ankr.com:80
[http] meta-ape-edge-testnet-01.ankr.com:80
[http] meta-ape-edge-testnet-02.ankr.com:80
[http] meta-ape-edge-testnet-03.ankr.com:80
[http] meta-ape-edge-testnet-05.ankr.com:80
[http] metanft.ankr.com:80
[http] miami-epyc-xl-01.ankr.com:80
[http] miami-epyc-xl-02.ankr.com:80
[http] miami-equinix-mi1-216-155-62-93.ankr.com:80
[http] monitor.stkr-dev.ankr.com:80
[http] moonsis-tokyo-01.ankr.com:80
[http] moonsis-tokyo-02.ankr.com:80
[http] moonsis-tokyo-03.ankr.com:80
[http] multirpc-backoffice.dccn.ankr.com:80
[http] multirpc-backoffice-stage.dccn.ankr.com:80
[http] multiverse-bas-testnet.ankr.com:80
[http] mumbai-web-werks-216-155-53-68.ankr.com:80
[http] mumbai-web-werks-216-155-53-70.ankr.com:80
[http] near-hetzner-01.ankr.com:80
[http] near-hetzner-02.ankr.com:80
[http] near-hetzner-03.ankr.com:80
[http] near-hetzner-04.ankr.com:80
[http] near-maxihost-01.ankr.com:80
[http] near-maxihost-02.ankr.com:80
[http] near-maxihost-03.ankr.com:80
[http] nervos-hetzner-01.ankr.com:80
[http] nervos-hetzner-02.ankr.com:80
[http] nervos-hetzner-03.ankr.com:80
[http] netbox.ankr.com:80
[http] new-jersey-inap-72-251-230-238.ankr.com:80
[http] new-jersey-inap-72-251-231-68.ankr.com:80
[http] new-jersey-inap-72-251-231-69.ankr.com:80
[http] new-jersey-inap-72-251-231-70.ankr.com:80
[http] new-jersey-inap-72-251-231-71.ankr.com:80
[http] new-jersey-inap-72-251-231-72.ankr.com:80
[http] new-jersey-inap-72-251-231-74.ankr.com:80
[http] new-jersey-inap-72-251-231-77.ankr.com:80
[http] new-york-maxihost-198-178-224-104.ankr.com:80
[http] new-york-maxihost-198-178-224-105.ankr.com:80
[http] nft-dev.ankr.com:80
[http] nodes-ankrscan-01.ankr.com:80
[http] notary.ankr.com:80
[http] notary.devops-k8s.ankr.com:80
[http] notary.harbor.stkr-dev.ankr.com:80
[http] okex-archive.ankr.com:80
[http] old-stakefi.ankr.com:80
[http] openstack.ankr.com:80
[http] packages.ankr.com:80
[http] plat-dev.ankr.com:80
[http] plat-stage.ankr.com:80
[http] polkadot-hetzner-01.ankr.com:80
[http] polkadot-hetzner-02.ankr.com:80
[http] polkadot-hetzner-03.ankr.com:80
[http] polkadot-hetzner-04.ankr.com:80
[http] polygon-01-defipulse.ankr.com:80
[http] polygon-anthony.ankr.com:80
[http] polygon-anthony-archive.ankr.com:80
[http] polygon-berkeley-archive.ankr.com:80
[http] prod.ankr.com:80
[http] promon.ankr.com:80
[http-proxy] api.chain-monitor.ankr.com:8080
[http-proxy] chain-monitor.ankr.com:8080
[http-proxy] eth-01.dccn.ankr.com:8080
[http-proxy] eth.dccn.ankr.com:8080
[http-proxy] flow-node-01.ankr.com:8080
[http-proxy] flow-node-02.ankr.com:8080
[http-proxy] image-cn.ankr.com:8080
[http-proxy] kibana.chain-monitor.ankr.com:8080
[http-proxy] rp.ankr.com:8080
[http-proxy] selenoid.ankr.com:8080
[http-proxy] skale-0.dccn.ankr.com:8080
[http-proxy] skale-1.dccn.ankr.com:8080
[http-proxy] uk-cosmos1.ankr.com:8080
[http] rancher.ankr-protocol.ankr.com:80
[http] rancher.stkr-dev.ankr.com:80
[http] registry.devops-k8s.ankr.com:80
[http] roadmap.ankr.com:80
[http] rpc.ankr.com:80
[http] rpc-dev.ccv2.ankr.com:80
[https] ads.game.ankr.com:443
[https-alt] api.blog.ankr.com:8443
[https-alt] apis-hk.ankr.com:8443
[https-alt] bridge-backend.ankr.com:8443
[https-alt] hub.ankr.com:8443
[https-alt] hub-cn.ankr.com:8443
[https-alt] hub-hk.ankr.com:8443
[https-alt] jaeger.ankr.com:8443
[https-alt] vault.ankr.com:8443
[https-alt] vault-dev.ankr.com:8443
[https] amsterdam-inap-107-6-164-90.ankr.com:443
[https] amsterdam-inap-107-6-173-34.ankr.com:443
[https] amsterdam-inap-107-6-176-66.ankr.com:443
[https] amsterdam-inap-198-20-96-178.ankr.com:443
[https] amsterdam-inap-63-251-232-119.ankr.com:443
[https] amsterdam-inap-63-251-232-123.ankr.com:443
[https] amsterdam-inap-63-251-232-124.ankr.com:443
[https] ancient-polygon.ankr.com:443
[http] san-jose-inap-107-6-89-134.ankr.com:80
[http] san-jose-inap-107-6-89-135.ankr.com:80
[http] san-jose-inap-107-6-91-38.ankr.com:80
[http] san-jose-inap-107-6-91-40.ankr.com:80
[http] san-jose-inap-107-6-91-42.ankr.com:80
[http] san-jose-inap-107-6-91-43.ankr.com:80
[http] san-jose-inap-107-6-91-44.ankr.com:80
[http] san-jose-inap-107-6-91-45.ankr.com:80
[https] ankr.com:443
[https] ape.ankr.com:443
[https] ape-dev.ankr.com:443
[https] ape-polygon.ankr.com:443
[https] ape-stage.ankr.com:443
[https] api-ape-stage.ankr.com:443
[https] api.blog.ankr.com:443
[https] api.chain-monitor.ankr.com:443
[https] api-geth-archive-2.ankr.com:443
[https] api-geth-archive.ankr.com:443
[https] api-parity.ankr.com:443
[https] api-parity-ropsten.ankr.com:443
[https] apis.ankr.com:443
[https] apis-cache.ankr.com:443
[https] apis-default.ankr.com:443
[https] api-service-stage.ankr.com:443
[https] apis-hk.ankr.com:443
[https] apis-newstage.ankr.com:443
[https] apis-sj.ankr.com:443
[https] apis-stage.ankr.com:443
[https] api.stkr-dev.ankr.com:443
[https] api.stkr-goerli.ankr.com:443
[https] app.ankr.com:443
[https] app-newstage.ankr.com:443
[https] app-stage.ankr.com:443
[https] ara.ankr.com:443
[https] arbitrum-dallas-01.ankr.com:443
[https] arbitrum-dallas-02.ankr.com:443
[https] arbitrum-dallas-03.ankr.com:443
[https] arbitrum-hetzner-01.ankr.com:443
[https] arbitrum-hetzner-02.ankr.com:443
[https] arbitrum-hetzner-03.ankr.com:443
[https] arbitrum-hetzner-04.ankr.com:443
[https] arbitrum-maxihost-01.ankr.com:443
[https] arbitrum-maxihost-02.ankr.com:443
[https] arbitrum-maxihost-03.ankr.com:443
[https] arbitrum-maxihost-04.ankr.com:443
[https] arbitrum-phoenix-01.ankr.com:443
[https] arbitrum-phoenix-02.ankr.com:443
[https] arbitrum-phoenix-03.ankr.com:443
[https] arbitrum-phoenix-04.ankr.com:443
[https] arbitrum-phoenix-05.ankr.com:443
[https] arbitrum-phoenix-06.ankr.com:443
[https] arbitrum-phoenix-07.ankr.com:443
[https] ashburn-equinix-dc3-206-246-93-162.ankr.com:443
[https] ashburn-equinix-dc3-206-246-93-163.ankr.com:443
[https] ashburn-equinix-dc3-206-246-93-164.ankr.com:443
[https] ashburn-equinix-dc3-206-246-93-165.ankr.com:443
[https] assets.ankr.com:443
[https] avalanche-01-flipside.ankr.com:443
[https] avalanchefuji-newyork-01.ankr.com:443
[https] avalanchefuji-newyork-02.ankr.com:443
[https] avalanchefuji-singapore-01.ankr.com:443
[https] avalanchefuji-singapore-02.ankr.com:443
[https] avalanche-hetzner-01.ankr.com:443
[https] avalanche-hetzner-02.ankr.com:443
[https] avalanche-hetzner-03.ankr.com:443
[https] avalanche-hetzner-04.ankr.com:443
[https] avalanche-london-01.ankr.com:443
[https] avalanche-london-02.ankr.com:443
[https] avalanche-london-03.ankr.com:443
[https] avalanche-miami-01.ankr.com:443
[https] avalanche-miami-02.ankr.com:443
[https] avalanche-miami-03.ankr.com:443
[https] avalanche-saopaulo-01.ankr.com:443
[https] avalanche-saopaulo-02.ankr.com:443
[https] avalanche-sydney-01.ankr.com:443
[https] avalanche-sydney-02.ankr.com:443
[https] avalanche-tokyo-01.ankr.com:443
[https] avalanche-tokyo-02.ankr.com:443
[https] avax-anthony.ankr.com:443
[https] avax-berkeley.ankr.com:443
[https] avax-fujitestnet-01.dccn.ankr.com:443
[https] avax-fujitestnet-02.dccn.ankr.com:443
[https] awx.ankr.com:443
[https] backoffice.dev-01.bas.ankr.com:443
[https] backoffice-gateway.mainnet.multirpc.ankr.com:443
[https] backoffice-gateway.staging.multirpc.ankr.com:443
[https] backoffice.multirpc.ankr.com:443
[https] bas-archive.ankr.com:443
[https] bas-testnet.ankr.com:443
[https] bep-stage.dccn.ankr.com:443
[https] binance.ankr.com:443
[https] binance-cn.ankr.com:443
[https] binance-protocol-01.ankr.com:443
[https] binance-protocol-02.ankr.com:443
[https] binance-protocol-05.ankr.com:443
[https] binance-protocol-07.ankr.com:443
[https] binance-protocol-09.ankr.com:443
[https] binance-protocol-10.ankr.com:443
[https] binance-protocol-12.ankr.com:443
[https] binance-protocol-13.ankr.com:443
[https] binance-protocol-14.ankr.com:443
[https] binance-protocol-17.ankr.com:443
[https] binance-protocol-18.ankr.com:443
[https] binance-protocol-22.ankr.com:443
[https] binance-protocol-23.ankr.com:443
[https] binance-sydney-01.ankr.com:443
[https] binance-testnet-01.ankr.com:443
[https] blockscout.dev-02.bas.ankr.com:443
[https] blue.ankr.com:443
[https] bluetest.ankr.com:443
[https] bridge.ankr.com:443
[https] bridge-backend.ankr.com:443
[https] bridge-dev.ankr.com:443
[https] bridger.ankr.com:443
[https] bs-10-stage.dccn.ankr.com:443
[https] bs-11-stage.dccn.ankr.com:443
[https] bs-12-stage.dccn.ankr.com:443
[https] bs-13-stage.dccn.ankr.com:443
[https] bs-1-stage.dccn.ankr.com:443
[https] bs-2-stage.dccn.ankr.com:443
[https] bs-3-stage.dccn.ankr.com:443
[https] bs-4-stage.dccn.ankr.com:443
[https] bs-5-stage.dccn.ankr.com:443
[https] bs-6-stage.dccn.ankr.com:443
[https] bs-7-stage.dccn.ankr.com:443
[https] bs-8-stage.dccn.ankr.com:443
[https] bs-9-stage.dccn.ankr.com:443
[https] bsc-01.dccn.ankr.com:443
[https] bsc-erigon-01.dccn.ankr.com:443
[https] bsc-erigon-02.dccn.ankr.com:443
[https] bsc-erigon-04.dccn.ankr.com:443
[https] bsc-erigon-05.dccn.ankr.com:443
[https] bsc-erigon-06.dccn.ankr.com:443
[https] bsclogs.ankr.com:443
[https] bscmon.ankr.com:443
[https] btc-03.dccn.ankr.com:443
[https] btc-04.dccn.ankr.com:443
[https] burgerswap.ankr.com:443
[https] can-archive-ethereum.ankr.com:443
[https] celo-hetzner-01.ankr.com:443
[https] celo-hetzner-02.ankr.com:443
[https] celo-hetzner-03.ankr.com:443
[https] celo-hetzner-04.ankr.com:443
[https] chain-monitor.ankr.com:443
[https] changenetwork-service.game.ankr.com:443
[https] chiliz-testnet-01.dccn.ankr.com:443
[https] cloudflare-test.ankr.com:443
[https] clover-test.ankr.com:443
[https] consul.ankr.com:443
[https] crust-ethereum.ankr.com:443
[https] crust-phoenix-ethereum.ankr.com:443
[https] crust-solana.ankr.com:443
[https] dallas-inap-63-251-106-84.ankr.com:443
[https] dallas-inap-63-251-106-86.ankr.com:443
[https] dallas-inap-63-251-106-90.ankr.com:443
[https] dallas-maxihost-207-188-6-86.ankr.com:443
[https] dallas-maxihost-207-188-6-89.ankr.com:443
[https] dallas-maxihost-207-188-6-92.ankr.com:443
[https] dallas-maxihost-207-188-6-93.ankr.com:443
[https] debridge-heco-test-01.ankr.com:443
[https] debris-ethereum.ankr.com:443
[https] debris-phoenix-ethereum.ankr.com:443
[https] demo-ads.game.ankr.com:443
[https] demo-changenetwork-service.game.ankr.com:443
[https] demo-ue-service.game.ankr.com:443
[https] dev.ccv2.ankr.com:443
[https] devops-k8s.ankr.com:443
[https] devops-peter-01.ankr.com:443
[https] dnscr.ankr.com:443
[https] docs.ankr.com:443
[https] drone.ankr.com:443
[https] dubai-equinix-dx1-216-155-55-42.ankr.com:443
[https] dubai-equinix-dx1-216-155-55-43.ankr.com:443
[https] dubai-equinix-dx1-216-155-55-45.ankr.com:443
[https] dust-archive-ethereum.ankr.com:443
[http] seattle-inap-63-251-15-52.ankr.com:80
[http] seattle-inap-63-251-15-90.ankr.com:80
[http] seattle-inap-63-251-15-91.ankr.com:80
[http] seattle-inap-63-251-15-92.ankr.com:80
[http] seattle-inap-63-251-15-93.ankr.com:80
[https] echo123.staging.multirpc.ankr.com:443
[https] echo1.staging.multirpc.ankr.com:443
[https] echo2.staging.multirpc.ankr.com:443
[https] edge-testnet.ankr.com:443
[https] email.gh-mail.ankr.com:443
[http] seoul-kinx-dogok-207-199-157-100.ankr.com:80
[http] seoul-kinx-dogok-207-199-157-99.ankr.com:80
[https] eth-01.dccn.ankr.com:443
[https] eth-01-defipulse.ankr.com:443
[https] eth-02.dccn.ankr.com:443
[https] eth-03.dccn.ankr.com:443
[https] eth-04.dccn.ankr.com:443
[https] eth2.ankr.com:443
[https] eth.dccn.ankr.com:443
[https] ethereum-dubai-01.ankr.com:443
[https] ethereum-hetzner-01.ankr.com:443
[https] ethereum-hetzner-02.ankr.com:443
[https] ethereum-hetzner-03.ankr.com:443
[https] ethereum-hetzner-04.ankr.com:443
[https] ethereum-korea-01.ankr.com:443
[https] ethereum-la-01.ankr.com:443
[https] ethereum-la-02.ankr.com:443
[https] ethereum-la-03.ankr.com:443
[https] ethereum-miami-01.ankr.com:443
[https] ethereum-saopaulo-01.ankr.com:443
[https] ethereum-saopaulo-02.ankr.com:443
[https] ethereum-singapore-01.ankr.com:443
[https] ethereum-singapore-02.ankr.com:443
[https] ethereum-singapore-03.ankr.com:443
[https] ethereum-singapore-04.ankr.com:443
[https] ethereum-sydney-01.ankr.com:443
[https] ethereum-sydney-02.ankr.com:443
[https] eth-goerli-01.dccn.ankr.com:443
[https] eth-goerli-02.dccn.ankr.com:443
[https] eth-goerli.dccn.ankr.com:443
[https] eth-kovan-01.dccn.ankr.com:443
[https] eth-kovan-02.dccn.ankr.com:443
[https] eth-rinkeby-01.dccn.ankr.com:443
[https] eth-rinkeby-02.dccn.ankr.com:443
[https] example-signing.game.ankr.com:443
[https] explorer.dev-01.bas.ankr.com:443
[https] explorer.dev-02.bas.ankr.com:443
[https] explorer.meta-ape-bas-mainnet.ankr.com:443
[https] explorer.meta-ape-bas-testnet-02.ankr.com:443
[https] explorer-meta-ape-edge-testnet.ankr.com:443
[https] explorer.multiverse-bas-testnet.ankr.com:443
[https] fan-archive-ethereum.ankr.com:443
[https] fantom-hetzner-01.ankr.com:443
[https] fantom-hetzner-02.ankr.com:443
[https] fantom-hetzner-03.ankr.com:443
[https] fantom-hetzner-04.ankr.com:443
[https] fantom-sydney-01.ankr.com:443
[https] faucet-bas-testnet.ankr.com:443
[https] faucet.dev-01.bas.ankr.com:443
[https] faucet.dev-02.bas.ankr.com:443
[https] faucet-edge-testnet.ankr.com:443
[https] faucet.meta-ape-bas-testnet-02.ankr.com:443
[https] faucet.multiverse-bas-testnet.ankr.com:443
[https] fileserver.dccn.ankr.com:443
[https] finland-hetzner-135-181-137-113.ankr.com:443
[https] finland-hetzner-135-181-221-50.ankr.com:443
[https] finland-hetzner-65-21-140-182.ankr.com:443
[https] frankfurt-hetzner-23-88-67-20.ankr.com:443
[https] frankfurt-hetzner-23-88-67-21.ankr.com:443
[https] frankfurt-vultr-45-76-92-42.ankr.com:443
[https] ftm-albert.ankr.com:443
[https] ftm-baker.ankr.com:443
[https] game.ankr.com:443
[https] grafana.game.ankr.com:443
[https] grafana-hub-stage.ankr.com:443
[https] grafana.stkr-dev.ankr.com:443
[https] grafana.stkr-goerli.ankr.com:443
[https] grants.ankr.com:443
[https] harbor.stkr-dev.ankr.com:443
[https] harmony-hetzner-02.ankr.com:443
[https] harmony-hetzner-03.ankr.com:443
[https] harmony-hetzner-archive-02.ankr.com:443
[https] harmony-hetzner-archive-03.ankr.com:443
[https] helsinki-hetzner-95-217-225-154.ankr.com:443
[https] hk.ankr.com:443
[https] hk-cn.ankr.com:443
[https] hk-cosmos1.ankr.com:443
[https] hub.ankr.com:443
[https] hub-cn.ankr.com:443
[https] hub-dev.ankr.com:443
[https] hub-hk.ankr.com:443
[https] hub-stage.ankr.com:443
[https] image.ankr.com:443
[https] image-cn.ankr.com:443
[https] indoor-ethereum.ankr.com:443
[https] indoor-phoenix-ethereum.ankr.com:443
[http] singapore-inap-107-6-112-152.ankr.com:80
[http] singapore-inap-107-6-113-54.ankr.com:80
[http] singapore-inap-107-6-113-59.ankr.com:80
[http] singapore-inap-107-6-113-60.ankr.com:80
[http] singapore-inap-107-6-113-62.ankr.com:80
[https] itool.ankr.com:443
[https] itool-dev.ankr.com:443
[https] itool-stage.ankr.com:443
[https] jaeger.ankr.com:443
[https] johannesburg-epyc-xl-02.ankr.com:443
[https] johannesburg-epyc-xl-03.ankr.com:443
[https] johannesburg-epyc-xl-04.ankr.com:443
[https] johannesburg-teraco-napafrica-ix-216-107-41-44.ankr.com:443
[http] skale-0.dccn.ankr.com:80
[http] skale-1.dccn.ankr.com:80
[https] kibana.chain-monitor.ankr.com:443
[https] kings.ankr.com:443
[https] kms.stkr-dev.ankr.com:443
[https] kusama-hetzner-01.ankr.com:443
[https] kusama-hetzner-02.ankr.com:443
[https] kusama-hetzner-03.ankr.com:443
[https] kusama-hetzner-04.ankr.com:443
[https] la-equinix-la1-216-155-15-118.ankr.com:443
[https] la-equinix-la1-216-155-15-119.ankr.com:443
[http] sleepy.ankr.com:80
[https] lithuania-cherry-93-115-29-187.ankr.com:443
[https] lithuania-cherry-93-115-29-189.ankr.com:443
[https] london-inap-64-46-115-6.ankr.com:443
[https] mainnet.multirpc.ankr.com:443
[https] mainnet.protocol.ankr.com:443
[https] matic-hetzner-01.ankr.com:443
[https] matic-hetzner-02.ankr.com:443
[https] matic-hetzner-03.ankr.com:443
[https] matic-hetzner-04.ankr.com:443
[https] matic-la-01.ankr.com:443
[https] matic-mainnet-01.ankr.com:443
[https] matic-saopaulo-01.ankr.com:443
[https] matic-sydney-01.ankr.com:443
[https] mercury.ankr.com:443
[https] meta-ape-bas-mainnet.ankr.com:443
[https] meta-ape-bas-testnet-01.ankr.com:443
[https] meta-ape-bas-testnet-02.ankr.com:443
[https] meta-ape-edge-testnet-01.ankr.com:443
[https] meta-ape-edge-testnet-02.ankr.com:443
[https] meta-ape-edge-testnet-03.ankr.com:443
[https] meta-ape-edge-testnet-05.ankr.com:443
[https] metanft.ankr.com:443
[https] miami-epyc-xl-01.ankr.com:443
[https] miami-epyc-xl-02.ankr.com:443
[https] miami-equinix-mi1-216-155-62-93.ankr.com:443
[https] monitor.ankr.com:443
[https] monitor.stkr-dev.ankr.com:443
[https] moonsis-tokyo-01.ankr.com:443
[https] moonsis-tokyo-02.ankr.com:443
[https] moonsis-tokyo-03.ankr.com:443
[https] multirpc-backoffice.dccn.ankr.com:443
[https] multirpc-backoffice-stage.dccn.ankr.com:443
[https] multiverse-bas-testnet.ankr.com:443
[https] mumbai-web-werks-216-155-53-68.ankr.com:443
[https] mumbai-web-werks-216-155-53-70.ankr.com:443
[https] near-hetzner-01.ankr.com:443
[https] near-hetzner-02.ankr.com:443
[https] near-hetzner-03.ankr.com:443
[https] near-hetzner-04.ankr.com:443
[https] near-maxihost-01.ankr.com:443
[https] near-maxihost-02.ankr.com:443
[https] near-maxihost-03.ankr.com:443
[https] nervos-hetzner-01.ankr.com:443
[https] nervos-hetzner-02.ankr.com:443
[https] nervos-hetzner-03.ankr.com:443
[https] nervos-hetzner-04.ankr.com:443
[https] netbox.ankr.com:443
[https] new-jersey-inap-72-251-230-238.ankr.com:443
[https] new-jersey-inap-72-251-231-68.ankr.com:443
[https] new-jersey-inap-72-251-231-69.ankr.com:443
[https] new-jersey-inap-72-251-231-70.ankr.com:443
[https] new-jersey-inap-72-251-231-71.ankr.com:443
[https] new-jersey-inap-72-251-231-72.ankr.com:443
[https] new-jersey-inap-72-251-231-74.ankr.com:443
[https] new-jersey-inap-72-251-231-77.ankr.com:443
[https] new-york-maxihost-198-178-224-104.ankr.com:443
[https] new-york-maxihost-198-178-224-105.ankr.com:443
[https] nft-dev.ankr.com:443
[https] nodes-ankrscan-01.ankr.com:443
[https] notary.ankr.com:443
[https] notary.devops-k8s.ankr.com:443
[https] notary.harbor.stkr-dev.ankr.com:443
[https] okex-archive.ankr.com:443
[http] solana-ashburn-01.ankr.com:80
[http] solana-ashburn-02.ankr.com:80
[http] solana-hetzner-01.ankr.com:80
[http] solana-hetzner-02.ankr.com:80
[http] solana-hetzner-03.ankr.com:80
[http] solana-saopaulo-01.ankr.com:80
[http] solana-saopaulo-02.ankr.com:80
[http] solana-sj.ankr.com:80
[https] old-stakefi.ankr.com:443
[https] openstack.ankr.com:443
[https] optimism-dallas-03.ankr.com:443
[https] optimism-dallas-04.ankr.com:443
[https] packages.ankr.com:443
[https] plat-dev.ankr.com:443
[https] plat-stage.ankr.com:443
[https] polkadot-hetzner-01.ankr.com:443
[https] polkadot-hetzner-02.ankr.com:443
[https] polkadot-hetzner-03.ankr.com:443
[https] polkadot-hetzner-04.ankr.com:443
[https] polygon-01-defipulse.ankr.com:443
[https] polygon-anthony.ankr.com:443
[https] polygon-anthony-archive.ankr.com:443
[https] polygon-berkeley-archive.ankr.com:443
[https] prod.ankr.com:443
[https] promon.ankr.com:443
[https] rancher.ankr-protocol.ankr.com:443
[https] rancher.stkr-dev.ankr.com:443
[https] registry.devops-k8s.ankr.com:443
[https] roadmap.ankr.com:443
[https] rpc.dev-01.bas.ankr.com:443
[https] rpc.dev-02.bas.ankr.com:443
[https] rpc-dev.ccv2.ankr.com:443
[https] san-jose-inap-107-6-89-134.ankr.com:443
[https] san-jose-inap-107-6-89-135.ankr.com:443
[https] san-jose-inap-107-6-91-38.ankr.com:443
[https] san-jose-inap-107-6-91-40.ankr.com:443
[https] san-jose-inap-107-6-91-42.ankr.com:443
[https] san-jose-inap-107-6-91-43.ankr.com:443
[https] san-jose-inap-107-6-91-44.ankr.com:443
[https] san-jose-inap-107-6-91-45.ankr.com:443
[https] seattle-inap-63-251-15-52.ankr.com:443
[https] seattle-inap-63-251-15-90.ankr.com:443
[https] seattle-inap-63-251-15-91.ankr.com:443
[https] seattle-inap-63-251-15-92.ankr.com:443
[https] seattle-inap-63-251-15-93.ankr.com:443
[https] seoul-kinx-dogok-207-199-157-100.ankr.com:443
[https] seoul-kinx-dogok-207-199-157-99.ankr.com:443
[https] singapore-inap-107-6-112-152.ankr.com:443
[https] singapore-inap-107-6-113-54.ankr.com:443
[https] singapore-inap-107-6-113-59.ankr.com:443
[https] singapore-inap-107-6-113-60.ankr.com:443
[https] singapore-inap-107-6-113-62.ankr.com:443
[https] skale-0.dccn.ankr.com:443
[https] skale-1.dccn.ankr.com:443
[https] sleepy.ankr.com:443
[http] sso.ankr.com:80
[https] solana-ashburn-01.ankr.com:443
[https] solana-ashburn-02.ankr.com:443
[https] solana-hetzner-01.ankr.com:443
[https] solana-hetzner-02.ankr.com:443
[https] solana-hetzner-03.ankr.com:443
[https] solana-hetzner-04.ankr.com:443
[https] solana-saopaulo-01.ankr.com:443
[https] solana-saopaulo-02.ankr.com:443
[https] solana-sj.ankr.com:443
[http] sso-stage.ankr.com:80
[https] splunk01.ankr.com:443
[https] splunk.teleport.ankr.com:443
[https] sso.ankr.com:443
[https] sso-stage.ankr.com:443
[https] staging.multirpc.ankr.com:443
[https] staging.protocol.ankr.com:443
[https] stakefi.ankr.com:443
[https] stakefi-parachain.ankr.com:443
[https] staking.dev-01.bas.ankr.com:443
[https] staking.dev-02.bas.ankr.com:443
[https] status.ankr.com:443
[https] stkr.ankr.com:443
[https] stkr-dev.ankr.com:443
[https] stkr-goerli.ankr.com:443
[https] sushi-polygon.ankr.com:443
[https] sydney-modmc-equinix-sy1-206-246-106-228.ankr.com:443
[https] sydney-modmc-equinix-sy1-206-246-106-230.ankr.com:443
[https] sydney-mysau-221-121-158-57.ankr.com:443
[http] staging.multirpc.ankr.com:80
[http] staging.protocol.ankr.com:80
[http] stakefi.ankr.com:80
[http] stakefi-parachain.ankr.com:80
[http] status.ankr.com:80
[https] teleport.ankr.com:443
[https] test.harbor.stkr-dev.ankr.com:443
[https] testnet.ankr.com:443
[https] testnetscan.ankr.com:443
[http] stkr.ankr.com:80
[http] stkr-dev.ankr.com:80
[http] stkr-eth.ankr.com:80
[http] stkr-goerli.ankr.com:80
[https] tokyo-maxihost-199-254-199-126.ankr.com:443
[https] tokyo-maxihost-199-254-199-127.ankr.com:443
[https] tron-2-trustwallet.ankr.com:443
[https] uc-archive-ethereum.ankr.com:443
[https] ue-service.game.ankr.com:443
[https] uk-cosmos1.ankr.com:443
[https] uk-tezos1.ankr.com:443
[http] sushi-polygon.ankr.com:80
[https] vault.ankr.com:443
[https] vault-dev.ankr.com:443
[https] web3.stkr-dev.ankr.com:443
[https] wintermute-polygon.ankr.com:443
[https] wisdom-ethereum.ankr.com:443
[https] wisdom-phoenix-ethereum.ankr.com:443
[https] wisdom-solana.ankr.com:443
[https] www.ankr.com:443
[https] www-dev.ankr.com:443
[https] www.grants.ankr.com:443
[https] www-stage.ankr.com:443
[http] sydney-modmc-equinix-sy1-206-246-106-228.ankr.com:80
[http] sydney-modmc-equinix-sy1-206-246-106-230.ankr.com:80
[http] sydney-mysau-221-121-158-57.ankr.com:80
[http] team-service.ankr.com:80
[http] test-eth.ankr.com:80
[http] test.harbor.stkr-dev.ankr.com:80
[http] testnet.ankr.com:80
[http] testnetscan.ankr.com:80
[http] tokyo-maxihost-199-254-199-126.ankr.com:80
[http] tokyo-maxihost-199-254-199-127.ankr.com:80
[http] tron-2-trustwallet.ankr.com:80
[http] uc-archive-ethereum.ankr.com:80
[http] ue-service.game.ankr.com:80
[http] uk-cosmos1.ankr.com:80
[http] uk-tezos1.ankr.com:80
[http] vault.ankr.com:80
[http] vault-dev.ankr.com:80
[http] web3.stkr-dev.ankr.com:80
[http] wisdom-ethereum.ankr.com:80
[http] wisdom-phoenix-ethereum.ankr.com:80
[http] wisdom-solana.ankr.com:80
[http] www.ankr.com:80
[http] www-dev.ankr.com:80
[http] www.grants.ankr.com:80
[http] www-stage.ankr.com:80
[imap] roadmap.ankr.com:143
[imaps] roadmap.ankr.com:993
[intermapper] vault-dev.ankr.com:8181
[iwg1] nodes-ankrscan-01.ankr.com:7071
[jetdirect] apis-default.ankr.com:9100
[jetdirect] apis-sj.ankr.com:9100
[jetdirect] avax-fujitestnet-01.dccn.ankr.com:9100
[jetdirect] bsc.ankr.com:9100
[jetdirect] image-cn.ankr.com:9100
[jetdirect] okex.ankr.com:9100
[jetdirect] skale-0.dccn.ankr.com:9100
[jetdirect] skale-1.dccn.ankr.com:9100
[jetdirect] traefik.ankr.com:9100
[jetdirect] traefik-stage.ankr.com:9100
[jetdirect] uk-cosmos1.ankr.com:9100
[krb524] selenoid.ankr.com:4444
[] matic-mainnet-01.ankr.com:8545
[] meta-ape-bas-mainnet.ankr.com:30303
[] meta-ape-bas-testnet-01.ankr.com:30303
[] meta-ape-bas-testnet-02.ankr.com:30303
[] meta-ape-edge-testnet-02.ankr.com:8545
[] meta-ape-edge-testnet-03.ankr.com:8545
[] meta-ape-edge-testnet-05.ankr.com:8545
[mmcc] nodes-ankrscan-01.ankr.com:5050
[] moonsis-tokyo-02.ankr.com:8545
[ms-sql-s] devops-peter-01.ankr.com:1433
[nessus] api.chain-monitor.ankr.com:3001
[nessus] backoffice.dev-01.bas.ankr.com:3001
[nessus] bep-04.dccn.ankr.com:3001
[nessus] blockscout.dev-02.bas.ankr.com:3001
[nessus] chain-monitor.ankr.com:3001
[nessus] explorer.dev-01.bas.ankr.com:3001
[nessus] explorer.dev-02.bas.ankr.com:3001
[nessus] faucet.dev-01.bas.ankr.com:3001
[nessus] faucet.dev-02.bas.ankr.com:3001
[nessus] kibana.chain-monitor.ankr.com:3001
[nessus] rpc.dev-01.bas.ankr.com:3001
[nessus] rpc.dev-02.bas.ankr.com:3001
[nessus] staking.dev-01.bas.ankr.com:3001
[nessus] staking.dev-02.bas.ankr.com:3001
[] new-jersey-inap-72-251-231-72.ankr.com:8545
[ntp] solana-amber.ankr.com:123
[] openstack.ankr.com:8545
[orbix-loc-ssl] apis.ankr.com:3077
[orbix-loc-ssl] bluetest.ankr.com:3077
[osxwebadmin] ape-dev.ankr.com:16080
[osxwebadmin] ape-stage.ankr.com:16080
[osxwebadmin] avalanche-01-flipside.ankr.com:16080
[osxwebadmin] avax-anthony.ankr.com:16080
[osxwebadmin] avax-berkeley.ankr.com:16080
[osxwebadmin] bridge-dev.ankr.com:16080
[osxwebadmin] eth-01-defipulse.ankr.com:16080
[osxwebadmin] hk-cosmos1.ankr.com:16080
[osxwebadmin] matic-mainnet-01.ankr.com:16080
[osxwebadmin] openstack.ankr.com:16080
[osxwebadmin] plat-stage.ankr.com:16080
[osxwebadmin] polygon-01-defipulse.ankr.com:16080
[osxwebadmin] solana-sj.ankr.com:16080
[osxwebadmin] tron-2-trustwallet.ankr.com:16080
[osxwebadmin] uk-tezos1.ankr.com:16080
[] plat-stage.ankr.com:8545
[] polygon-01-defipulse.ankr.com:8545
[] polygon-anthony.ankr.com:30303
[pop3] roadmap.ankr.com:110
[pop3s] roadmap.ankr.com:995
[ppp] api.chain-monitor.ankr.com:3000
[ppp] avax-fujitestnet-01.dccn.ankr.com:3000
[ppp] backoffice.dev-01.bas.ankr.com:3000
[ppp] blockscout.dev-02.bas.ankr.com:3000
[ppp] chain-monitor.ankr.com:3000
[ppp] explorer.dev-01.bas.ankr.com:3000
[ppp] explorer.dev-02.bas.ankr.com:3000
[ppp] faucet.dev-01.bas.ankr.com:3000
[ppp] faucet.dev-02.bas.ankr.com:3000
[ppp] kibana.chain-monitor.ankr.com:3000
[ppp] rpc.dev-01.bas.ankr.com:3000
[ppp] rpc.dev-02.bas.ankr.com:3000
[ppp] staking.dev-01.bas.ankr.com:3000
[ppp] staking.dev-02.bas.ankr.com:3000
[radan-http] splunk01.ankr.com:8088
[radsec] cloudflare-test2.ankr.com:2083
[radsec] rpc.ankr.com:2083
[radsec] team-service.ankr.com:2083
[remoteanything] ape-dev.ankr.com:4000
[remoteanything] ape-stage.ankr.com:4000
[remoteanything] avalanche-01-flipside.ankr.com:4000
[remoteanything] avax-anthony.ankr.com:4000
[remoteanything] avax-berkeley.ankr.com:4000
[remoteanything] backoffice.dev-01.bas.ankr.com:4000
[remoteanything] blockscout.dev-02.bas.ankr.com:4000
[remoteanything] bridge-dev.ankr.com:4000
[remoteanything] eth-01-defipulse.ankr.com:4000
[remoteanything] explorer.dev-01.bas.ankr.com:4000
[remoteanything] explorer.dev-02.bas.ankr.com:4000
[remoteanything] explorer.meta-ape-bas-mainnet.ankr.com:4000
[remoteanything] explorer.meta-ape-bas-testnet-02.ankr.com:4000
[remoteanything] explorer-meta-ape-edge-testnet.ankr.com:4000
[remoteanything] explorer.multiverse-bas-testnet.ankr.com:4000
[remoteanything] faucet.dev-01.bas.ankr.com:4000
[remoteanything] faucet.dev-02.bas.ankr.com:4000
[remoteanything] faucet.meta-ape-bas-testnet-02.ankr.com:4000
[remoteanything] faucet.multiverse-bas-testnet.ankr.com:4000
[remoteanything] hk-cosmos1.ankr.com:4000
[remoteanything] matic-mainnet-01.ankr.com:4000
[remoteanything] meta-ape-bas-mainnet.ankr.com:4000
[remoteanything] openstack.ankr.com:4000
[remoteanything] plat-stage.ankr.com:4000
[remoteanything] polygon-01-defipulse.ankr.com:4000
[remoteanything] rpc.dev-01.bas.ankr.com:4000
[remoteanything] rpc.dev-02.bas.ankr.com:4000
[remoteanything] solana-sj.ankr.com:4000
[remoteanything] staking.dev-01.bas.ankr.com:4000
[remoteanything] staking.dev-02.bas.ankr.com:4000
[remoteanything] tron-2-trustwallet.ankr.com:4000
[remoteanything] uk-tezos1.ankr.com:4000
[rpcbind] chains-jg.dccn.ankr.com:111
[] rpc.dev-02.bas.ankr.com:8545
[] singapore-inap-107-6-113-54.ankr.com:30303
[] singapore-inap-107-6-113-54.ankr.com:8545
[] singapore-inap-107-6-113-59.ankr.com:8545
[sip] ape-dev.ankr.com:5060
[sip] ape-polygon.ankr.com:5060
[sip] ape-stage.ankr.com:5060
[sip] api-ape-stage.ankr.com:5060
[sip] api.blog.ankr.com:5060
[sip] apis.ankr.com:5060
[sip] apis-default.ankr.com:5060
[sip] apis-hk.ankr.com:5060
[sip] apismasterla.ankr.com:5060
[sip] apis-newstage.ankr.com:5060
[sip] apis-sj.ankr.com:5060
[sip] apis-stage.ankr.com:5060
[sip] avalanche-01-flipside.ankr.com:5060
[sip] avax-anthony.ankr.com:5060
[sip] avax-berkeley.ankr.com:5060
[sip] bas-archive.ankr.com:5060
[sip] bas-testnet.ankr.com:5060
[sip] bep-stage.dccn.ankr.com:5060
[sip] binance-protocol-18.ankr.com:5060
[sip] blue.ankr.com:5060
[sip] bluetest.ankr.com:5060
[sip] bridge-dev.ankr.com:5060
[sip] bridger.ankr.com:5060
[sip] burgerswap.ankr.com:5060
[sip] debridge-heco-test-01.ankr.com:5060
[sip] devops-peter-01.ankr.com:5060
[sip] dnscr.ankr.com:5060
[sip] drone.ankr.com:5060
[sip] edge-testnet.ankr.com:5060
[sip] eth-01-defipulse.ankr.com:5060
[sip] explorer-meta-ape-edge-testnet.ankr.com:5060
[sip] faucet-bas-testnet.ankr.com:5060
[sip] faucet-edge-testnet.ankr.com:5060
[sip] flow-node-01.ankr.com:5060
[sip] flow-node-02.ankr.com:5060
[sip] ftm-albert.ankr.com:5060
[sip] ftm-baker.ankr.com:5060
[sip] hk.ankr.com:5060
[sip] hk-cosmos1.ankr.com:5060
[sip] hub.ankr.com:5060
[sip] hub-hk.ankr.com:5060
[sip] hub-stage.ankr.com:5060
[sip] image.ankr.com:5060
[sip] jaeger.ankr.com:5060
[sip] matic-mainnet-01.ankr.com:5060
[sip] meta-ape-edge-testnet-04.ankr.com:5060
[sip] meta-ape-edge-testnet-05.ankr.com:5060
[sip] monitor.ankr.com:5060
[sip] notary.ankr.com:5060
[sip] okex-archive.ankr.com:5060
[sip] openstack.ankr.com:5060
[sip] plat-stage.ankr.com:5060
[sip] polygon-01-defipulse.ankr.com:5060
[sip] polygon-anthony.ankr.com:5060
[sip] polygon-anthony-archive.ankr.com:5060
[sip] polygon-berkeley-archive.ankr.com:5060
[sip] prod.ankr.com:5060
[sip] rp.ankr.com:5060
[sip] selenoid.ankr.com:5060
[sip] solana-sj.ankr.com:5060
[sip] splunk.teleport.ankr.com:5060
[sip] sushi-polygon.ankr.com:5060
[sip] teleport.ankr.com:5060
[sip] testnetscan.ankr.com:5060
[sip-tls] bep-stage.dccn.ankr.com:5061
[sip] tron-2-trustwallet.ankr.com:5060
[sip] uk-tezos1.ankr.com:5060
[sip] vault-dev.ankr.com:5060
[smtp] roadmap.ankr.com:25
[smtps] roadmap.ankr.com:465
[snet-sensor-mgmt] hk-cn.ankr.com:10000
[] solana-sj.ankr.com:8545
[ssh] amsterdam-inap-107-6-164-90.ankr.com:22
[ssh] amsterdam-inap-107-6-173-34.ankr.com:22
[ssh] amsterdam-inap-107-6-176-66.ankr.com:22
[ssh] amsterdam-inap-198-20-96-178.ankr.com:22
[ssh] amsterdam-inap-63-251-232-119.ankr.com:22
[ssh] amsterdam-inap-63-251-232-123.ankr.com:22
[ssh] amsterdam-inap-63-251-232-124.ankr.com:22
[ssh] ape.ankr.com:22
[ssh] ape-dev.ankr.com:22
[ssh] ape-polygon.ankr.com:22
[ssh] ape-stage.ankr.com:22
[ssh] api-ape-stage.ankr.com:22
[ssh] api.chain-monitor.ankr.com:22
[ssh] api-dev.ankr.com:22
[ssh] api-geth-archive-2.ankr.com:22
[ssh] api-geth-archive.ankr.com:22
[ssh] api-parity.ankr.com:22
[ssh] api-parity-ropsten.ankr.com:22
[ssh] apis.ankr.com:22
[ssh] apis-default.ankr.com:22
[ssh] apismasterla.ankr.com:22
[ssh] apis-newstage.ankr.com:22
[ssh] apis-sj.ankr.com:22
[ssh] apis-stage.ankr.com:22
[ssh] app-newstage.ankr.com:22
[ssh] ara.ankr.com:22
[ssh] arbitrum-dallas-01.ankr.com:22
[ssh] arbitrum-dallas-02.ankr.com:22
[ssh] arbitrum-dallas-03.ankr.com:22
[ssh] arbitrum-hetzner-01.ankr.com:22
[ssh] arbitrum-hetzner-02.ankr.com:22
[ssh] arbitrum-hetzner-03.ankr.com:22
[ssh] arbitrum-hetzner-04.ankr.com:22
[ssh] arbitrum-maxihost-01.ankr.com:22
[ssh] arbitrum-maxihost-02.ankr.com:22
[ssh] arbitrum-maxihost-03.ankr.com:22
[ssh] arbitrum-maxihost-04.ankr.com:22
[ssh] arbitrum-phoenix-01.ankr.com:22
[ssh] arbitrum-phoenix-02.ankr.com:22
[ssh] arbitrum-phoenix-03.ankr.com:22
[ssh] arbitrum-phoenix-04.ankr.com:22
[ssh] arbitrum-phoenix-05.ankr.com:22
[ssh] arbitrum-phoenix-06.ankr.com:22
[ssh] arbitrum-phoenix-07.ankr.com:22
[ssh] ashburn-equinix-dc3-206-246-93-162.ankr.com:22
[ssh] ashburn-equinix-dc3-206-246-93-163.ankr.com:22
[ssh] ashburn-equinix-dc3-206-246-93-164.ankr.com:22
[ssh] ashburn-equinix-dc3-206-246-93-165.ankr.com:22
[ssh] avalanche-01-flipside.ankr.com:22
[ssh] avalanchefuji-newyork-01.ankr.com:22
[ssh] avalanchefuji-newyork-02.ankr.com:22
[ssh] avalanchefuji-singapore-01.ankr.com:22
[ssh] avalanchefuji-singapore-02.ankr.com:22
[ssh] avalanche-hetzner-01.ankr.com:22
[ssh] avalanche-hetzner-02.ankr.com:22
[ssh] avalanche-hetzner-03.ankr.com:22
[ssh] avalanche-hetzner-04.ankr.com:22
[ssh] avalanche-london-01.ankr.com:22
[ssh] avalanche-london-02.ankr.com:22
[ssh] avalanche-london-03.ankr.com:22
[ssh] avalanche-miami-01.ankr.com:22
[ssh] avalanche-miami-02.ankr.com:22
[ssh] avalanche-miami-03.ankr.com:22
[ssh] avalanche-saopaulo-01.ankr.com:22
[ssh] avalanche-saopaulo-02.ankr.com:22
[ssh] avalanche-sydney-01.ankr.com:22
[ssh] avalanche-sydney-02.ankr.com:22
[ssh] avalanche-tokyo-01.ankr.com:22
[ssh] avalanche-tokyo-02.ankr.com:22
[ssh] avax-anthony.ankr.com:22
[ssh] avax-berkeley.ankr.com:22
[ssh] avax-fujitestnet-01.dccn.ankr.com:22
[ssh] avax-fujitestnet-02.dccn.ankr.com:22
[ssh] awx.ankr.com:22
[ssh] backoffice.dev-01.bas.ankr.com:22
[ssh] bas-archive.ankr.com:22
[ssh] bas-testnet.ankr.com:22
[ssh] bep-03.dccn.ankr.com:22
[ssh] bep-04.dccn.ankr.com:22
[ssh] binance.ankr.com:22
[ssh] binance-cn.ankr.com:22
[ssh] binance-protocol-01.ankr.com:22
[ssh] binance-protocol-02.ankr.com:22
[ssh] binance-protocol-05.ankr.com:22
[ssh] binance-protocol-07.ankr.com:22
[ssh] binance-protocol-09.ankr.com:22
[ssh] binance-protocol-10.ankr.com:22
[ssh] binance-protocol-11.ankr.com:22
[ssh] binance-protocol-12.ankr.com:22
[ssh] binance-protocol-13.ankr.com:22
[ssh] binance-protocol-14.ankr.com:22
[ssh] binance-protocol-17.ankr.com:22
[ssh] binance-protocol-18.ankr.com:22
[ssh] binance-protocol-22.ankr.com:22
[ssh] binance-protocol-23.ankr.com:22
[ssh] binance-sydney-01.ankr.com:22
[ssh] binance-testnet-01.ankr.com:22
[ssh] blockscout.dev-02.bas.ankr.com:22
[ssh] blue.ankr.com:22
[ssh] bluetest.ankr.com:22
[ssh] bridge-backend.ankr.com:22
[ssh] bridge-dev.ankr.com:22
[ssh] bridger.ankr.com:22
[ssh] bsc-01.dccn.ankr.com:22
[ssh] bsc.ankr.com:22
[ssh] bsc-erigon-01.dccn.ankr.com:22
[ssh] bsc-erigon-02.dccn.ankr.com:22
[ssh] bsc-erigon-04.dccn.ankr.com:22
[ssh] bsc-erigon-05.dccn.ankr.com:22
[ssh] bsc-erigon-06.dccn.ankr.com:22
[ssh] bsclogs.ankr.com:22
[ssh] bscmon.ankr.com:22
[ssh] btc-01.dccn.ankr.com:22
[ssh] btc-02.dccn.ankr.com:22
[ssh] btc-03.dccn.ankr.com:22
[ssh] btc-04.dccn.ankr.com:22
[ssh] burgerswap.ankr.com:22
[ssh] can-archive-ethereum.ankr.com:22
[ssh] celo-hetzner-01.ankr.com:22
[ssh] celo-hetzner-02.ankr.com:22
[ssh] celo-hetzner-03.ankr.com:22
[ssh] celo-hetzner-04.ankr.com:22
[ssh] chain-01.dccn.ankr.com:22
[ssh] chain-arthur.dccn.ankr.com:22
[ssh] chain-berkeley-test.dccn.ankr.com:22
[ssh] chain-mainnet.dccn.ankr.com:22
[ssh] chain-monitor.ankr.com:22
[ssh] chains-jg.dccn.ankr.com:22
[ssh] chain-stage-03.dccn.ankr.com:22
[ssh] chiliz-testnet-01.dccn.ankr.com:22
[ssh] cloudflare-test.ankr.com:22
[ssh] consul.ankr.com:22
[ssh] crust-ethereum.ankr.com:22
[ssh] crust-phoenix-ethereum.ankr.com:22
[ssh] crust-solana.ankr.com:22
[ssh] dallas-inap-63-251-106-84.ankr.com:22
[ssh] dallas-inap-63-251-106-86.ankr.com:22
[ssh] dallas-inap-63-251-106-90.ankr.com:22
[ssh] dallas-maxihost-207-188-6-86.ankr.com:22
[ssh] dallas-maxihost-207-188-6-89.ankr.com:22
[ssh] dallas-maxihost-207-188-6-92.ankr.com:22
[ssh] dallas-maxihost-207-188-6-93.ankr.com:22
[ssh] dc-dev.dccn.ankr.com:22
[ssh] debridge-heco-test-01.ankr.com:22
[ssh] debris-ethereum.ankr.com:22
[ssh] debris-phoenix-ethereum.ankr.com:22
[ssh] dev.ccv2.ankr.com:22
[ssh] devops-k8s.ankr.com:22
[ssh] devops-peter-01.ankr.com:22
[ssh] dnscr.ankr.com:22
[ssh] dnstest.ankr.com:22
[ssh] drone.ankr.com:22
[ssh] dubai-equinix-dx1-216-155-55-42.ankr.com:22
[ssh] dubai-equinix-dx1-216-155-55-43.ankr.com:22
[ssh] dubai-equinix-dx1-216-155-55-45.ankr.com:22
[ssh] dust-archive-ethereum.ankr.com:22
[ssh] edge-testnet.ankr.com:22
[ssh] eth-01.dccn.ankr.com:22
[ssh] eth-01-defipulse.ankr.com:22
[ssh] eth-02.dccn.ankr.com:22
[ssh] eth-03.dccn.ankr.com:22
[ssh] eth-04.dccn.ankr.com:22
[ssh] eth.dccn.ankr.com:22
[ssh] ethereum-dubai-01.ankr.com:22
[ssh] ethereum-hetzner-01.ankr.com:22
[ssh] ethereum-hetzner-02.ankr.com:22
[ssh] ethereum-hetzner-03.ankr.com:22
[ssh] ethereum-hetzner-04.ankr.com:22
[ssh] ethereum-korea-01.ankr.com:22
[ssh] ethereum-la-01.ankr.com:22
[ssh] ethereum-la-02.ankr.com:22
[ssh] ethereum-la-03.ankr.com:22
[ssh] ethereum-miami-01.ankr.com:22
[ssh] ethereum-saopaulo-01.ankr.com:22
[ssh] ethereum-saopaulo-02.ankr.com:22
[ssh] ethereum-singapore-01.ankr.com:22
[ssh] ethereum-singapore-02.ankr.com:22
[ssh] ethereum-singapore-03.ankr.com:22
[ssh] ethereum-singapore-04.ankr.com:22
[ssh] ethereum-sydney-01.ankr.com:22
[ssh] ethereum-sydney-02.ankr.com:22
[ssh] eth-goerli-01.dccn.ankr.com:22
[ssh] eth-goerli-02.dccn.ankr.com:22
[ssh] eth-goerli.dccn.ankr.com:22
[ssh] eth-kovan-01.dccn.ankr.com:22
[ssh] eth-kovan-02.dccn.ankr.com:22
[ssh] explorer.dev-01.bas.ankr.com:22
[ssh] explorer.dev-02.bas.ankr.com:22
[ssh] explorer.meta-ape-bas-mainnet.ankr.com:22
[ssh] explorer.meta-ape-bas-testnet-02.ankr.com:22
[ssh] explorer-meta-ape-edge-testnet.ankr.com:22
[ssh] explorer.multiverse-bas-testnet.ankr.com:22
[ssh] fan-archive-ethereum.ankr.com:22
[ssh] fantom-hetzner-01.ankr.com:22
[ssh] fantom-hetzner-02.ankr.com:22
[ssh] fantom-hetzner-03.ankr.com:22
[ssh] fantom-hetzner-04.ankr.com:22
[ssh] fantom-saopaulo-01.ankr.com:22
[ssh] fantom-sydney-01.ankr.com:22
[ssh] faucet-bas-testnet.ankr.com:22
[ssh] faucet.dev-01.bas.ankr.com:22
[ssh] faucet.dev-02.bas.ankr.com:22
[ssh] faucet-edge-testnet.ankr.com:22
[ssh] faucet.meta-ape-bas-testnet-02.ankr.com:22
[ssh] faucet.multiverse-bas-testnet.ankr.com:22
[ssh] fileserver.dccn.ankr.com:22
[ssh] finland-hetzner-135-181-137-113.ankr.com:22
[ssh] finland-hetzner-135-181-221-50.ankr.com:22
[ssh] finland-hetzner-65-21-140-182.ankr.com:22
[ssh] flow-node-01.ankr.com:22
[ssh] flow-node-02.ankr.com:22
[ssh] frankfurt-hetzner-23-88-67-20.ankr.com:22
[ssh] frankfurt-hetzner-23-88-67-21.ankr.com:22
[ssh] frankfurt-vultr-45-76-92-42.ankr.com:22
[ssh] ftm-albert.ankr.com:22
[ssh] ftm-baker.ankr.com:22
[ssh] grafana-hub-stage.ankr.com:22
[ssh] harmony-hetzner-02.ankr.com:22
[ssh] harmony-hetzner-03.ankr.com:22
[ssh] harmony-hetzner-archive-02.ankr.com:22
[ssh] harmony-hetzner-archive-03.ankr.com:22
[ssh] helsinki-hetzner-95-217-225-154.ankr.com:22
[ssh] hk.ankr.com:22
[ssh] hk-cn.ankr.com:22
[ssh] hk-cosmos1.ankr.com:22
[ssh] hub-cn.ankr.com:22
[ssh] hub-dev.ankr.com:22
[ssh] hub-stage.ankr.com:22
[ssh] iaas.ankr.com:22
[ssh] image.ankr.com:22
[ssh] image-cn.ankr.com:22
[ssh] indoor-ethereum.ankr.com:22
[ssh] indoor-phoenix-ethereum.ankr.com:22
[ssh] johannesburg-epyc-xl-02.ankr.com:22
[ssh] johannesburg-epyc-xl-03.ankr.com:22
[ssh] johannesburg-epyc-xl-04.ankr.com:22
[ssh] johannesburg-teraco-napafrica-ix-216-107-41-44.ankr.com:22
[ssh] kibana.chain-monitor.ankr.com:22
[ssh] kusama-hetzner-01.ankr.com:22
[ssh] kusama-hetzner-02.ankr.com:22
[ssh] kusama-hetzner-03.ankr.com:22
[ssh] kusama-hetzner-04.ankr.com:22
[ssh] la-equinix-la1-216-155-15-118.ankr.com:22
[ssh] la-equinix-la1-216-155-15-119.ankr.com:22
[ssh] lithuania-cherry-93-115-29-187.ankr.com:22
[ssh] lithuania-cherry-93-115-29-189.ankr.com:22
[ssh] london-inap-64-46-115-6.ankr.com:22
[ssh] matic-hetzner-01.ankr.com:22
[ssh] matic-hetzner-02.ankr.com:22
[ssh] matic-hetzner-03.ankr.com:22
[ssh] matic-hetzner-04.ankr.com:22
[ssh] matic-la-01.ankr.com:22
[ssh] matic-mainnet-01.ankr.com:22
[ssh] matic-saopaulo-01.ankr.com:22
[ssh] matic-sydney-01.ankr.com:22
[ssh] meta-ape-bas-mainnet.ankr.com:22
[ssh] meta-ape-bas-testnet-01.ankr.com:22
[ssh] meta-ape-bas-testnet-02.ankr.com:22
[ssh] meta-ape-bas-testnet-04.ankr.com:22
[ssh] meta-ape-edge-testnet-01.ankr.com:22
[ssh] meta-ape-edge-testnet-02.ankr.com:22
[ssh] meta-ape-edge-testnet-03.ankr.com:22
[ssh] meta-ape-edge-testnet-05.ankr.com:22
[ssh] metanft.ankr.com:22
[ssh] miami-epyc-xl-01.ankr.com:22
[ssh] miami-epyc-xl-02.ankr.com:22
[ssh] miami-equinix-mi1-216-155-62-93.ankr.com:22
[ssh] monitor.ankr.com:22
[ssh] moonsis-tokyo-01.ankr.com:22
[ssh] moonsis-tokyo-02.ankr.com:22
[ssh] moonsis-tokyo-03.ankr.com:22
[ssh] multiverse-bas-testnet.ankr.com:22
[ssh] mumbai-web-werks-216-155-53-68.ankr.com:22
[ssh] mumbai-web-werks-216-155-53-70.ankr.com:22
[ssh] near-hetzner-01.ankr.com:22
[ssh] near-hetzner-02.ankr.com:22
[ssh] near-hetzner-03.ankr.com:22
[ssh] near-hetzner-04.ankr.com:22
[ssh] near-maxihost-01.ankr.com:22
[ssh] near-maxihost-02.ankr.com:22
[ssh] near-maxihost-03.ankr.com:22
[ssh] nervos-hetzner-01.ankr.com:22
[ssh] nervos-hetzner-02.ankr.com:22
[ssh] nervos-hetzner-03.ankr.com:22
[ssh] nervos-hetzner-04.ankr.com:22
[ssh] nervos-newyork-01.ankr.com:22
[ssh] nervos-newyork-02.ankr.com:22
[ssh] netbox.ankr.com:22
[ssh] new-jersey-inap-72-251-230-238.ankr.com:22
[ssh] new-jersey-inap-72-251-231-68.ankr.com:22
[ssh] new-jersey-inap-72-251-231-69.ankr.com:22
[ssh] new-jersey-inap-72-251-231-70.ankr.com:22
[ssh] new-jersey-inap-72-251-231-71.ankr.com:22
[ssh] new-jersey-inap-72-251-231-72.ankr.com:22
[ssh] new-jersey-inap-72-251-231-74.ankr.com:22
[ssh] new-jersey-inap-72-251-231-77.ankr.com:22
[ssh] new-york-maxihost-198-178-224-104.ankr.com:22
[ssh] new-york-maxihost-198-178-224-105.ankr.com:22
[ssh] nodes-ankrscan-01.ankr.com:22
[ssh] notary.ankr.com:22
[ssh] notary.devops-k8s.ankr.com:22
[ssh] okex.ankr.com:22
[ssh] okex-archive.ankr.com:22
[ssh] openstack.ankr.com:22
[ssh] optimism-dallas-03.ankr.com:22
[ssh] optimism-dallas-04.ankr.com:22
[ssh] packages.ankr.com:22
[ssh] plat-stage.ankr.com:22
[ssh] polkadot-hetzner-01.ankr.com:22
[ssh] polkadot-hetzner-02.ankr.com:22
[ssh] polkadot-hetzner-03.ankr.com:22
[ssh] polkadot-hetzner-04.ankr.com:22
[ssh] polygon-01-defipulse.ankr.com:22
[ssh] polygon-anthony.ankr.com:22
[ssh] polygon-anthony-archive.ankr.com:22
[ssh] polygon-berkeley-archive.ankr.com:22
[ssh] prod.ankr.com:22
[ssh] promon.ankr.com:22
[ssh] proxy.ankr.com:22
[ssh] registry.devops-k8s.ankr.com:22
[ssh] rp.ankr.com:22
[ssh] rpc.dev-01.bas.ankr.com:22
[ssh] rpc.dev-02.bas.ankr.com:22
[ssh] rpc-dev.ccv2.ankr.com:22
[ssh] san-jose-inap-107-6-89-134.ankr.com:22
[ssh] san-jose-inap-107-6-89-135.ankr.com:22
[ssh] san-jose-inap-107-6-91-38.ankr.com:22
[ssh] san-jose-inap-107-6-91-40.ankr.com:22
[ssh] san-jose-inap-107-6-91-42.ankr.com:22
[ssh] san-jose-inap-107-6-91-43.ankr.com:22
[ssh] san-jose-inap-107-6-91-44.ankr.com:22
[ssh] san-jose-inap-107-6-91-45.ankr.com:22
[ssh] seattle-inap-63-251-15-52.ankr.com:22
[ssh] seattle-inap-63-251-15-90.ankr.com:22
[ssh] seattle-inap-63-251-15-91.ankr.com:22
[ssh] seattle-inap-63-251-15-92.ankr.com:22
[ssh] seattle-inap-63-251-15-93.ankr.com:22
[ssh] selenoid.ankr.com:22
[ssh] seoul-kinx-dogok-207-199-157-100.ankr.com:22
[ssh] seoul-kinx-dogok-207-199-157-99.ankr.com:22
[ssh] singapore-inap-107-6-112-152.ankr.com:22
[ssh] singapore-inap-107-6-113-54.ankr.com:22
[ssh] singapore-inap-107-6-113-59.ankr.com:22
[ssh] singapore-inap-107-6-113-60.ankr.com:22
[ssh] singapore-inap-107-6-113-62.ankr.com:22
[ssh] skale-0.dccn.ankr.com:22
[ssh] skale-1.dccn.ankr.com:22
[ssh] sleepy.ankr.com:22
[ssh] solana-amber.ankr.com:22
[ssh] solana-ashburn-01.ankr.com:22
[ssh] solana-ashburn-02.ankr.com:22
[ssh] solana-hetzner-01.ankr.com:22
[ssh] solana-hetzner-02.ankr.com:22
[ssh] solana-hetzner-03.ankr.com:22
[ssh] solana-hetzner-04.ankr.com:22
[ssh] solana-miami-01.ankr.com:22
[ssh] solana-saopaulo-01.ankr.com:22
[ssh] solana-saopaulo-02.ankr.com:22
[ssh] solana-sj.ankr.com:22
[ssh] splunk01.ankr.com:22
[ssh] splunk02.ankr.com:22
[ssh] splunk03.ankr.com:22
[ssh] splunk.teleport.ankr.com:22
[ssh] sso.ankr.com:22
[ssh] sso-stage.ankr.com:22
[ssh] staking.dev-01.bas.ankr.com:22
[ssh] staking.dev-02.bas.ankr.com:22
[ssh] sydney-modmc-equinix-sy1-206-246-106-228.ankr.com:22
[ssh] sydney-modmc-equinix-sy1-206-246-106-230.ankr.com:22
[ssh] sydney-mysau-221-121-158-57.ankr.com:22
[ssh] teleport.ankr.com:22
[ssh] test-eth.ankr.com:22
[ssh] testnet.ankr.com:22
[ssh] testnetscan.ankr.com:22
[ssh] tokyo-maxihost-199-254-199-126.ankr.com:22
[ssh] tokyo-maxihost-199-254-199-127.ankr.com:22
[ssh] traefik.ankr.com:22
[ssh] traefik-stage.ankr.com:22
[ssh] tron-2-trustwallet.ankr.com:22
[ssh] uc-archive-ethereum.ankr.com:22
[ssh] uk-cosmos1.ankr.com:22
[ssh] uk-tezos1.ankr.com:22
[ssh] vault.ankr.com:22
[ssh] vault-dev.ankr.com:22
[ssh] wintermute-polygon.ankr.com:22
[ssh] wisdom-ethereum.ankr.com:22
[ssh] wisdom-phoenix-ethereum.ankr.com:22
[ssh] wisdom-solana.ankr.com:22
[ssh] xg.ankr.com:22
[] staking.dev-02.bas.ankr.com:8545
[submission] roadmap.ankr.com:587
[sun-answerbook] mainnet.multirpc.ankr.com:8888
[sun-sr-https] api.blog.ankr.com:6443
[sun-sr-https] apis-default.ankr.com:6443
[sun-sr-https] apis-hk.ankr.com:6443
[sun-sr-https] apismasterla.ankr.com:6443
[sun-sr-https] apis-newstage.ankr.com:6443
[sun-sr-https] apis-sj.ankr.com:6443
[sun-sr-https] blue.ankr.com:6443
[sun-sr-https] bluetest.ankr.com:6443
[sun-sr-https] bridge-backend.ankr.com:6443
[sun-sr-https] burgerswap.ankr.com:6443
[sun-sr-https] drone.ankr.com:6443
[sun-sr-https] hk.ankr.com:6443
[sun-sr-https] hk-cn.ankr.com:6443
[sun-sr-https] hub.ankr.com:6443
[sun-sr-https] hub-hk.ankr.com:6443
[sun-sr-https] image.ankr.com:6443
[sun-sr-https] notary.ankr.com:6443
[sun-sr-https] prod.ankr.com:6443
[sun-sr-https] vault.ankr.com:6443
[sun-sr-https] vault-dev.ankr.com:6443
[swdtp-sv] ape-dev.ankr.com:10009
[swdtp-sv] ape-stage.ankr.com:10009
[swdtp-sv] avalanche-01-flipside.ankr.com:10009
[swdtp-sv] avax-anthony.ankr.com:10009
[swdtp-sv] avax-berkeley.ankr.com:10009
[swdtp-sv] bridge-dev.ankr.com:10009
[swdtp-sv] eth-01-defipulse.ankr.com:10009
[swdtp-sv] hk-cosmos1.ankr.com:10009
[swdtp-sv] matic-mainnet-01.ankr.com:10009
[swdtp-sv] openstack.ankr.com:10009
[swdtp-sv] plat-stage.ankr.com:10009
[swdtp-sv] polygon-01-defipulse.ankr.com:10009
[swdtp-sv] skale-0.dccn.ankr.com:10009
[swdtp-sv] solana-sj.ankr.com:10009
[swdtp-sv] tron-2-trustwallet.ankr.com:10009
[swdtp-sv] uk-tezos1.ankr.com:10009
[tmi] amsterdam-inap-107-6-173-34.ankr.com:8300
[tmi] amsterdam-inap-63-251-232-119.ankr.com:8300
[tmi] amsterdam-inap-63-251-232-123.ankr.com:8300
[tmi] api.chain-monitor.ankr.com:8300
[tmi] arbitrum-dallas-01.ankr.com:8300
[tmi] ashburn-equinix-dc3-206-246-93-164.ankr.com:8300
[tmi] binance-protocol-22.ankr.com:8300
[tmi] bsc-erigon-02.dccn.ankr.com:8300
[tmi] chain-monitor.ankr.com:8300
[tmi] dallas-inap-63-251-106-84.ankr.com:8300
[tmi] fantom-saopaulo-01.ankr.com:8300
[tmi] kibana.chain-monitor.ankr.com:8300
[tmi] la-equinix-la1-216-155-15-118.ankr.com:8300
[tmi] la-equinix-la1-216-155-15-119.ankr.com:8300
[tmi] matic-la-01.ankr.com:8300
[tmi] new-jersey-inap-72-251-231-70.ankr.com:8300
[tmi] new-jersey-inap-72-251-231-72.ankr.com:8300
[tmi] san-jose-inap-107-6-89-134.ankr.com:8300
[tmi] san-jose-inap-107-6-91-40.ankr.com:8300
[tmi] seattle-inap-63-251-15-52.ankr.com:8300
[tmi] seattle-inap-63-251-15-93.ankr.com:8300
[tmi] solana-ashburn-01.ankr.com:8300
[tmi] solana-ashburn-02.ankr.com:8300
[tmi] solana-saopaulo-02.ankr.com:8300
[tor-orport] flow-node-01.ankr.com:9001
[tor-orport] flow-node-02.ankr.com:9001
[tor-orport] roadmap.ankr.com:9001
[tor-socks] can-archive-ethereum.ankr.com:9050
[] tron-2-trustwallet.ankr.com:8545
[] uk-tezos1.ankr.com:8545
[unknown] kusama-hetzner-01.ankr.com:9944
[unknown] kusama-hetzner-02.ankr.com:9944
[unknown] kusama-hetzner-03.ankr.com:9944
[unknown] kusama-hetzner-04.ankr.com:9944
[unknown] polkadot-hetzner-01.ankr.com:9944
[unknown] polkadot-hetzner-02.ankr.com:9944
[unknown] polkadot-hetzner-03.ankr.com:9944
[unknown] polkadot-hetzner-04.ankr.com:9944
[] vault.ankr.com:10250
[] vault-dev.ankr.com:10250
[vcom-tunnel] solana-amber.ankr.com:8001
[wap-wsp] api.chain-monitor.ankr.com:9200
[wap-wsp] chain-monitor.ankr.com:9200
[wap-wsp] kibana.chain-monitor.ankr.com:9200
[xmltec-xmlmail] iaas.ankr.com:9091
[xmltec-xmlmail] xg.ankr.com:9091
[zeus-admin] api.chain-monitor.ankr.com:9090
[zeus-admin] ara.ankr.com:9090
[zeus-admin] avax-fujitestnet-01.dccn.ankr.com:9090
[zeus-admin] awx.ankr.com:9090
[zeus-admin] chain-monitor.ankr.com:9090
[zeus-admin] consul.ankr.com:9090
[zeus-admin] kibana.chain-monitor.ankr.com:9090
[zeus-admin] monitor.ankr.com:9090
[zeus-admin] netbox.ankr.com:9090
[zeus-admin] packages.ankr.com:9090
[zeus-admin] sleepy.ankr.com:9090
