[bgp] vote.apeswap.finance:179
[blackice-alerts] vote.apeswap.finance:8082
[commplex-link] graph.apeswap.finance:5001
[http] 009.apeswap.finance:80
[http] 3monitor.apeswap.finance:80
[http] accountinfo.apeswap.finance:80
[http] alphamonitor2.apeswap.finance:80
[http-alt] graph.apeswap.finance:8000
[http] alt-monitor.apeswap.finance:80
[http] ap.apeswap.finance:80
[http] apeswap.finance:80
[http] api1monitor.apeswap.finance:80
[http] api.apeswap.finance:80
[http] app.apeswap.finance:80
[http] autoloan.apeswap.finance:80
[http] b-monitor.apeswap.finance:80
[http] brandmonitor.apeswap.finance:80
[http] centaur.apeswap.finance:80
[http] cmsgraph.apeswap.finance:80
[http] com.apeswap.finance:80
[http] dex-acc.apeswap.finance:80
[http] dex.apeswap.finance:80
[http] dex-evelynn.apeswap.finance:80
[http] dex-s.apeswap.finance:80
[http] dextrial.apeswap.finance:80
[http] discuss.apeswap.finance:80
[http] docs.apeswap.finance:80
[http] e-graph.apeswap.finance:80
[http] ethereum.info.apeswap.finance:80
[http] frontpage-dex.apeswap.finance:80
[http] germany-dex.apeswap.finance:80
[http] gitgraph.apeswap.finance:80
[http] graph-0.apeswap.finance:80
[http] graph2.apeswap.finance:80
[http] graphbucket.apeswap.finance:80
[http] graph-c.apeswap.finance:80
[http] graphproxy.apeswap.finance:80
[http] graphsecurity.apeswap.finance:80
[http] graphwesteurope.apeswap.finance:80
[http] h-info.apeswap.finance:80
[http] idsmonitor2.apeswap.finance:80
[http] imap-monitor2.apeswap.finance:80
[http] info-accounts.apeswap.finance:80
[http] info.apeswap.finance:80
[http] info-cms.apeswap.finance:80
[http] infoforms.apeswap.finance:80
[http] infog.apeswap.finance:80
[http] infogithub.apeswap.finance:80
[http] infopayment.apeswap.finance:80
[http] info-priv.apeswap.finance:80
[http] info-reset.apeswap.finance:80
[http] inforeset.apeswap.finance:80
[http] infoserver.apeswap.finance:80
[http] julygraph.apeswap.finance:80
[http] june-dex.apeswap.finance:80
[http] krgraph.apeswap.finance:80
[http] latinamerica-monitor2.apeswap.finance:80
[http] laxdex.apeswap.finance:80
[http] lending.apeswap.finance:80
[http] loadbalancermonitor2.apeswap.finance:80
[http] march-info.apeswap.finance:80
[http] monitor2.apeswap.finance:80
[http] monitor2-cms.apeswap.finance:80
[http] monitor2-global.apeswap.finance:80
[http] monitor2-pay.apeswap.finance:80
[http] monitor2-production.apeswap.finance:80
[http] monitor2-pub.apeswap.finance:80
[http] monitor2users.apeswap.finance:80
[http] monitor2-v.apeswap.finance:80
[http] monitor2w3.apeswap.finance:80
[http] monitor-4.apeswap.finance:80
[http] monitor-boards.apeswap.finance:80
[http] monitorhwcdn.apeswap.finance:80
[http] monitorprofiles.apeswap.finance:80
[http] monitor-y.apeswap.finance:80
[http] nginx-info.apeswap.finance:80
[http] nmonitor2.apeswap.finance:80
[http] ops-graph.apeswap.finance:80
[http] orms.apeswap.finance:80
[http] payment-graph.apeswap.finance:80
[http] paymonitor2.apeswap.finance:80
[http] polygon.info.apeswap.finance:80
[http] poly-graph.apeswap.finance:80
[http] pricewaterhousecoopers.apeswap.finance:80
[http] priv-info.apeswap.finance:80
[http] pro.apeswap.finance:80
[http] production-info.apeswap.finance:80
[http] repositorygraph.apeswap.finance:80
[http] roiloantiendinh.apeswap.finance:80
[https] 009.apeswap.finance:443
[http] s3-dex.apeswap.finance:80
[https] 3monitor.apeswap.finance:443
[http] s4325ipmi.apeswap.finance:80
[http] s834.apeswap.finance:80
[http] s9a.apeswap.finance:80
[https] accountinfo.apeswap.finance:443
[https] alphamonitor2.apeswap.finance:443
[https] alt-monitor.apeswap.finance:443
[https] ap.apeswap.finance:443
[https] apeswap.finance:443
[https] api1monitor.apeswap.finance:443
[https] api.apeswap.finance:443
[https] app.apeswap.finance:443
[https] autoloan.apeswap.finance:443
[https] b-monitor.apeswap.finance:443
[https] brandmonitor.apeswap.finance:443
[https] centaur.apeswap.finance:443
[https] cmsgraph.apeswap.finance:443
[https] com.apeswap.finance:443
[https] dex-acc.apeswap.finance:443
[https] dex.apeswap.finance:443
[https] dex-evelynn.apeswap.finance:443
[https] dex-s.apeswap.finance:443
[https] dextrial.apeswap.finance:443
[https] discuss.apeswap.finance:443
[https] docs.apeswap.finance:443
[https] e-graph.apeswap.finance:443
[https] ethereum.info.apeswap.finance:443
[https] frontpage-dex.apeswap.finance:443
[https] germany-dex.apeswap.finance:443
[https] gitgraph.apeswap.finance:443
[https] graph-0.apeswap.finance:443
[https] graph2.apeswap.finance:443
[https] graph.apeswap.finance:443
[https] graphbucket.apeswap.finance:443
[https] graph-c.apeswap.finance:443
[https] graphproxy.apeswap.finance:443
[https] graphsecurity.apeswap.finance:443
[https] graphwesteurope.apeswap.finance:443
[https] h-info.apeswap.finance:443
[https] idsmonitor2.apeswap.finance:443
[https] imap-monitor2.apeswap.finance:443
[https] info-accounts.apeswap.finance:443
[https] info.apeswap.finance:443
[https] info-cms.apeswap.finance:443
[https] infoforms.apeswap.finance:443
[https] infog.apeswap.finance:443
[https] infogithub.apeswap.finance:443
[https] infopayment.apeswap.finance:443
[https] info-priv.apeswap.finance:443
[https] info-reset.apeswap.finance:443
[https] inforeset.apeswap.finance:443
[https] infoserver.apeswap.finance:443
[http] siteintercept.apeswap.finance:80
[https] julygraph.apeswap.finance:443
[https] june-dex.apeswap.finance:443
[https] krgraph.apeswap.finance:443
[https] latinamerica-monitor2.apeswap.finance:443
[https] laxdex.apeswap.finance:443
[https] lending.apeswap.finance:443
[https] loadbalancermonitor2.apeswap.finance:443
[https] march-info.apeswap.finance:443
[https] monitor2-cms.apeswap.finance:443
[https] monitor2-global.apeswap.finance:443
[https] monitor2-pay.apeswap.finance:443
[https] monitor2-production.apeswap.finance:443
[https] monitor2-pub.apeswap.finance:443
[https] monitor2users.apeswap.finance:443
[https] monitor2-v.apeswap.finance:443
[https] monitor2w3.apeswap.finance:443
[https] monitor-4.apeswap.finance:443
[https] monitor-boards.apeswap.finance:443
[https] monitorhwcdn.apeswap.finance:443
[https] monitorprofiles.apeswap.finance:443
[https] monitor-y.apeswap.finance:443
[https] nginx-info.apeswap.finance:443
[https] nmonitor2.apeswap.finance:443
[https] ops-graph.apeswap.finance:443
[https] orms.apeswap.finance:443
[https] payment-graph.apeswap.finance:443
[https] paymonitor2.apeswap.finance:443
[https] polygon.info.apeswap.finance:443
[https] poly-graph.apeswap.finance:443
[https] pricewaterhousecoopers.apeswap.finance:443
[https] priv-info.apeswap.finance:443
[https] pro.apeswap.finance:443
[https] production-info.apeswap.finance:443
[https] repositorygraph.apeswap.finance:443
[https] roiloantiendinh.apeswap.finance:443
[https] s3-dex.apeswap.finance:443
[https] s4325ipmi.apeswap.finance:443
[https] s834.apeswap.finance:443
[https] s9a.apeswap.finance:443
[https] siteintercept.apeswap.finance:443
[https] staging.app.apeswap.finance:443
[https] staging.dex.apeswap.finance:443
[https] stgmonitor.apeswap.finance:443
[https] szinhazbajaro.apeswap.finance:443
[https] t2fsurvey.apeswap.finance:443
[http] staging.app.apeswap.finance:80
[http] staging.dex.apeswap.finance:80
[https] testinfo.apeswap.finance:443
[https] testing1monitor2.apeswap.finance:443
[https] testnet.dex.apeswap.finance:443
[http] stgmonitor.apeswap.finance:80
[https] twitchgraph.apeswap.finance:443
[https] vosecure.apeswap.finance:443
[https] vote.apeswap.finance:443
[https] westeurope-graph.apeswap.finance:443
[https] www.apeswap.finance:443
[https] xn--app-2y6a.apeswap.finance:443
[https] z-graph.apeswap.finance:443
[http] szinhazbajaro.apeswap.finance:80
[http] t2fsurvey.apeswap.finance:80
[http] testinfo.apeswap.finance:80
[http] testing1monitor2.apeswap.finance:80
[http] testnet.dex.apeswap.finance:80
[http] twitchgraph.apeswap.finance:80
[http] vosecure.apeswap.finance:80
[http] vote.apeswap.finance:80
[http] westeurope-graph.apeswap.finance:80
[http] www.apeswap.finance:80
[http] xn--app-2y6a.apeswap.finance:80
[http] z-graph.apeswap.finance:80
[intu-ec-svcdisc] graph.apeswap.finance:8020
[postgresql] graph.apeswap.finance:5432
[rsh-spx] graph1.apeswap.finance:222
[rsh-spx] graph3.apeswap.finance:222
[rtmp] vote.apeswap.finance:1935
[ssh] graph1.apeswap.finance:22
[ssh] graph3.apeswap.finance:22
[ssh] graph.apeswap.finance:22
[ssh] vote.apeswap.finance:22
[unknown] vote.apeswap.finance:8084
[unknown] vote.apeswap.finance:8085
[vcom-tunnel] graph.apeswap.finance:8001
