[http] acc2.integrations.asana.plus:80
[http] acc.asana.plus:80
[http] acc-beta.integrations.asana.plus:80
[http] acc.integrations.asana.plus:80
[http] acc-qa.integrations.asana.plus:80
[http] asana.plus:80
[http] forms.asana.plus:80
[http] jira7-test-server.integrations.asana.plus:80
[http] jira-api-beta.integrations.asana.plus:80
[http] jira-api.integrations.asana.plus:80
[http] jira-api-qa.integrations.asana.plus:80
[http] jira-prod.integrations.asana.plus:80
[http] jira-test-server.integrations.asana.plus:80
[http] jira-trial.integrations.asana.plus:80
[http] msft-teams.asana.plus:80
[http] outlook.asana.plus:80
[http] reporting-api-beta.integrations.asana.plus:80
[http] reporting-api.integrations.asana.plus:80
[http] reporting-api-uat.integrations.asana.plus:80
[https] acc2.integrations.asana.plus:443
[https] acc.asana.plus:443
[https] acc-beta.integrations.asana.plus:443
[https] acc.integrations.asana.plus:443
[https] acc-qa.integrations.asana.plus:443
[https] asana.plus:443
[https] auth.asana.plus:443
[https] beta-mock-platform-ui-app-server.asana.plus:443
[https] beta-slack-server.asana.plus:443
[https] bugcrowd.asana.plus:443
[http] sfdc-auth-redirect.integrations.asana.plus:80
[https] forms.asana.plus:443
[https] forms-server.asana.plus:443
[https] github-internal-server.asana.plus:443
[https] jira7-test-server.integrations.asana.plus:443
[https] jira-api-beta.integrations.asana.plus:443
[https] jira-api.integrations.asana.plus:443
[https] jira-api-qa.integrations.asana.plus:443
[https] jira-prod.integrations.asana.plus:443
[https] jira-server.asana.plus:443
[https] jira-test-server.integrations.asana.plus:443
[https] jira-trial.integrations.asana.plus:443
[https] msft-teams.asana.plus:443
[https] outlook.asana.plus:443
[https] reporting-api-beta.integrations.asana.plus:443
[https] reporting-api.integrations.asana.plus:443
[https] reporting-api-uat.integrations.asana.plus:443
[https] semgrep.asana.plus:443
[https] sfdc-auth-redirect.integrations.asana.plus:443
[https] slack-server.asana.plus:443
[https] tableau-wdc-beta.integrations.asana.plus:443
[https] tableau-wdc.integrations.asana.plus:443
[https] tableau-wdc-uat.integrations.asana.plus:443
[https] teams-beta.integrations.asana.plus:443
[https] teams.integrations.asana.plus:443
[https] teams-uat.integrations.asana.plus:443
[https] www.asana.plus:443
[https] zendesk.integrations.asana.plus:443
[https] zoom-app.asana.plus:443
[https] zoom.asana.plus:443
[http] tableau-wdc-beta.integrations.asana.plus:80
[http] tableau-wdc.integrations.asana.plus:80
[http] tableau-wdc-uat.integrations.asana.plus:80
[http] teams-beta.integrations.asana.plus:80
[http] teams.integrations.asana.plus:80
[http] teams-uat.integrations.asana.plus:80
[http] www.asana.plus:80
[http] zoom-app.asana.plus:80
[ssh] bastion.integrations.asana.plus:22
[ssh] jira-externlb.integrations.asana.plus:22
