[http] asana.biz:80
[http] asanapedia.asana.biz:80
[http] assets.asana.biz:80
[http] bizneyland.asana.biz:80
[http] burn.asana.biz:80
[http] cached-python-packages-mac.asana.biz:80
[http] cached-python-packages-prod.asana.biz:80
[http] coding-challenge.asana.biz:80
[http] design.asana.biz:80
[http] docs.asana.biz:80
[http] examples-viewer.asana.biz:80
[http] idk.asana.biz:80
[http] interana.asana.biz:80
[http] jupyter.asana.biz:80
[http] metadata.asana.biz:80
[http] nadi.asana.biz:80
[http] notebook.asana.biz:80
[http] oplandia.asana.biz:80
[http] percent.asana.biz:80
[http] phab.asana.biz:80
[http] ras.asana.biz:80
[https] airflow.asana.biz:443
[https] asana.biz:443
[https] asanapedia.asana.biz:443
[https] assets.asana.biz:443
[https] bizneyland.asana.biz:443
[https] burn.asana.biz:443
[https] cached-python-packages-mac.asana.biz:443
[https] cached-python-packages-prod.asana.biz:443
[https] coding-challenge.asana.biz:443
[http] scuba.asana.biz:80
[https] design.asana.biz:443
[https] docs.asana.biz:443
[https] examples-viewer.asana.biz:443
[http] shiny.asana.biz:80
[https] idk.asana.biz:443
[https] interana.asana.biz:443
[https] jupyter.asana.biz:443
[https] kmc.asana.biz:443
[https] metadata.asana.biz:443
[https] nadi.asana.biz:443
[https] notebook.asana.biz:443
[https] oplandia.asana.biz:443
[http] spark.asana.biz:80
[http] spark-beta.asana.biz:80
[http] spark-history-server.asana.biz:80
[http] spark-history-server-beta.asana.biz:80
[http] spark-master.asana.biz:80
[http] spark-nginx.asana.biz:80
[http] spark-rm.asana.biz:80
[http] spark-web-proxy.asana.biz:80
[https] percent.asana.biz:443
[https] phab.asana.biz:443
[https] ras.asana.biz:443
[https] redash.asana.biz:443
[https] scuba.asana.biz:443
[https] shiny.asana.biz:443
[https] spark.asana.biz:443
[https] spark-beta.asana.biz:443
[https] spark-history-server.asana.biz:443
[https] spark-history-server-beta.asana.biz:443
[https] spark-master.asana.biz:443
[https] spark-nginx.asana.biz:443
[https] spark-rm.asana.biz:443
[https] spark-web-proxy.asana.biz:443
[https] testopia.asana.biz:443
[https] testville.asana.biz:443
[https] www.asana.biz:443
[https] zookeeper.asana.biz:443
[http] testopia.asana.biz:80
[http] testville.asana.biz:80
[http] www.asana.biz:80
[http] zookeeper.asana.biz:80
[ssh] beta-bastion-preferred.machine.asana.biz:22
[ssh] beta-datascripts-preferred.machine.asana.biz:22
[ssh] prod-bastion-preferred.machine.asana.biz:22
[ssh] prod-eu1-scripts-preferred.machine.asana.biz:22
[ssh] prod-kubecontrol-preferred.machine.asana.biz:22
[ssh] prod-scripts000.machine.asana.biz:22
[ssh] prod-scripts-preferred.machine.asana.biz:22
[ssh] stag28-bastion-preferred.machine.asana.biz:22
[ssh] stag2-bastion-preferred.machine.asana.biz:22
[ssh] stag30-bastion-preferred.machine.asana.biz:22
[ssh] stag35-bastion-preferred.machine.asana.biz:22
[ssh] stag39-bastion-preferred.machine.asana.biz:22
[ssh] stag46-bastion-preferred.machine.asana.biz:22
[ssh] stag5-bastion-preferred.machine.asana.biz:22
[ssh] stag8-bastion-preferred.machine.asana.biz:22
[ssh] stag9-bastion-preferred.machine.asana.biz:22
[ssh] stag9-zookeeper-preferred.machine.asana.biz:22
[ssh] testville-bastion-preferred.machine.asana.biz:22
