[http] accounts.ayco.com:80
[http] api.ayco.com:80
[http] apipp.ayco.com:80
[http] apippqa.ayco.com:80
[http] apiqa.ayco.com:80
[http] ayco.com:80
[http] beta.ayco.com:80
[http] beta.uat.ayco.com:80
[http] click.e.ayco.com:80
[http] docs.ayco.com:80
[http] docsqa.ayco.com:80
[http] image.e.ayco.com:80
[http] oauth.appointments.ayco.com:80
[http] oauth-stag.appointments.ayco.com:80
[http] origin.ayco.com:80
[http] pages.e.ayco.com:80
[http] pilot.ayco.com:80
[http] pilot.uat.ayco.com:80
[http] portal.ayco.com:80
[http] protect.ayco.com:80
[http-proxy] v.ayco.com:8080
[http] qa.accounts.ayco.com:80
[http] qa.portal.ayco.com:80
[http] qa.protect.ayco.com:80
[http] qa.wellness.ayco.com:80
[https] accounts.ayco.com:443
[https] api.ayco.com:443
[https] apipp.ayco.com:443
[https] apippqa.ayco.com:443
[https] apiqa.ayco.com:443
[https] ayco.com:443
[https] beta.ayco.com:443
[https] beta.uat.ayco.com:443
[https] billpay.ayco.com:443
[https] click.e.ayco.com:443
[https] docs.ayco.com:443
[https] docspp.ayco.com:443
[https] docsqa.ayco.com:443
[https] image.e.ayco.com:443
[https] login.ayco.com:443
[https] login-qa.ayco.com:443
[https] oauth.appointments.ayco.com:443
[https] oauth-stag.appointments.ayco.com:443
[https] origin.ayco.com:443
[https] origin-qa.ayco.com:443
[https] pages.e.ayco.com:443
[https] pilot.ayco.com:443
[https] pilot.uat.ayco.com:443
[https] portal.ayco.com:443
[https] protect.ayco.com:443
[https] qa.accounts.ayco.com:443
[https] qa.portal.ayco.com:443
[https] qa.protect.ayco.com:443
[https] qa.wellness.ayco.com:443
[https] uat.accounts.ayco.com:443
[https] uat.ayco.com:443
[https] uat.protect.ayco.com:443
[https] ui.appointments.ayco.com:443
[https] ui-stag.appointments.ayco.com:443
[https] v.ayco.com:443
[https] wellness.ayco.com:443
[https] www.ayco.com:443
[https] wwwqa.ayco.com:443
[http] uat.accounts.ayco.com:80
[http] uat.ayco.com:80
[http] uat.protect.ayco.com:80
[http] ui.appointments.ayco.com:80
[http] ui-stag.appointments.ayco.com:80
[http] v.ayco.com:80
[http] view.e.ayco.com:80
[http] wellness.ayco.com:80
[http] www.ayco.com:80
[http] wwwqa.ayco.com:80
[sip-tls] sip.ayco.com:5061
[tor-orport] click.e.ayco.com:9001
