[cddbp-alt] backblaze.com:8880
[cddbp-alt] info.backblaze.com:8880
[cddbp-alt] ir.backblaze.com:8880
[cddbp-alt] secure.backblaze.com:8880
[cddbp-alt] trynow.backblaze.com:8880
[clearvisn] backblaze.com:2052
[eli] backblaze.com:2087
[eli] info.backblaze.com:2087
[eli] ir.backblaze.com:2087
[eli] secure.backblaze.com:2087
[eli] trynow.backblaze.com:2087
[gnunet] backblaze.com:2086
[gnunet] info.backblaze.com:2086
[gnunet] ir.backblaze.com:2086
[gnunet] secure.backblaze.com:2086
[gnunet] trynow.backblaze.com:2086
[http] backblaze.com:80
[http] df.backblaze.com:80
[http] fn.eu.df.backblaze.com:80
[http] fn.us.df.backblaze.com:80
[http] info.backblaze.com:80
[http] ir.backblaze.com:80
[http-proxy] backblaze.com:8080
[http-proxy] info.backblaze.com:8080
[http-proxy] ir.backblaze.com:8080
[http-proxy] secure.backblaze.com:8080
[http-proxy] trynow.backblaze.com:8080
[https-alt] backblaze.com:8443
[https-alt] info.backblaze.com:8443
[https-alt] ir.backblaze.com:8443
[https-alt] secure.backblaze.com:8443
[https-alt] trynow.backblaze.com:8443
[https] backblaze.com:443
[https] df.backblaze.com:443
[http] secure.backblaze.com:80
[https] fn.eu.df.backblaze.com:443
[https] fn.us.df.backblaze.com:443
[https] info.backblaze.com:443
[https] ir.backblaze.com:443
[https] secure.backblaze.com:443
[https] try.backblaze.com:443
[https] trynow.backblaze.com:443
[http] try.backblaze.com:80
[http] trynow.backblaze.com:80
[infowave] backblaze.com:2082
[infowave] info.backblaze.com:2082
[infowave] ir.backblaze.com:2082
[infowave] secure.backblaze.com:2082
[infowave] trynow.backblaze.com:2082
[knetd] backblaze.com:2053
[knetd] info.backblaze.com:2053
[knetd] secure.backblaze.com:2053
[knetd] trynow.backblaze.com:2053
[nbx-dir] info.backblaze.com:2096
[nbx-dir] trynow.backblaze.com:2096
[nbx-ser] info.backblaze.com:2095
[nbx-ser] trynow.backblaze.com:2095
[radsec] backblaze.com:2083
[radsec] info.backblaze.com:2083
[radsec] ir.backblaze.com:2083
[radsec] secure.backblaze.com:2083
[radsec] trynow.backblaze.com:2083
