[cddbp-alt] alpha.belt.fi:8880
[cddbp-alt] belt.fi:8880
[cddbp-alt] beta.belt.fi:8880
[cddbp-alt] docs.belt.fi:8880
[cddbp-alt] s.belt.fi:8880
[eli] alpha.belt.fi:2087
[eli] belt.fi:2087
[eli] beta.belt.fi:2087
[eli] docs.belt.fi:2087
[eli] s.belt.fi:2087
[gnunet] alpha.belt.fi:2086
[gnunet] belt.fi:2086
[gnunet] beta.belt.fi:2086
[gnunet] docs.belt.fi:2086
[gnunet] s.belt.fi:2086
[http] alpha.belt.fi:80
[http] belt.fi:80
[http] beta.belt.fi:80
[http] docs.belt.fi:80
[http-proxy] alpha.belt.fi:8080
[http-proxy] belt.fi:8080
[http-proxy] beta.belt.fi:8080
[http-proxy] docs.belt.fi:8080
[http-proxy] s.belt.fi:8080
[https] alpha.belt.fi:443
[https-alt] alpha.belt.fi:8443
[https-alt] beta.belt.fi:8443
[https-alt] docs.belt.fi:8443
[https-alt] s.belt.fi:8443
[https] belt.fi:443
[http] s.belt.fi:80
[https] beta.belt.fi:443
[https] docs.belt.fi:443
[https] s.belt.fi:443
[infowave] alpha.belt.fi:2082
[infowave] belt.fi:2082
[infowave] beta.belt.fi:2082
[infowave] docs.belt.fi:2082
[infowave] s.belt.fi:2082
