[cddbp-alt] betfair.se:8880
[eli] betfair.se:2087
[gnunet] betfair.se:2086
[http] account-messaging.betfair.se:80
[http] apieds.betfair.se:80
[http] apiems.betfair.se:80
[http] apiemsios.betfair.se:80
[http] apismx.betfair.se:80
[http] apismxios.betfair.se:80
[http] arcade.betfair.se:80
[http] assets.betfair.se:80
[http] beatthedrop.betfair.se:80
[http] betfair.se:80
[http] cashout-exchange.betfair.se:80
[http] cashout-service.betfair.se:80
[http] casino.betfair.se:80
[http] cbs.betfair.se:80
[http] cro.betfair.se:80
[http] ero.betfair.se:80
[http] etx.betfair.se:80
[http] exchangegaming.betfair.se:80
[http] fcq.betfair.se:80
[http] fcq-service.betfair.se:80
[http] gfe.betfair.se:80
[http] gmd.betfair.se:80
[http] graphs.betfair.se:80
[http] grouting.betfair.se:80
[http] identitysso.betfair.se:80
[http] ie1-account-messaging.betfair.se:80
[http] ie1-apiems.betfair.se:80
[http] ie1-graphs.betfair.se:80
[http] ie1-promotions.betfair.se:80
[http] ie1-smd.betfair.se:80
[http] ie2-account-messaging.betfair.se:80
[http] ie2-apiems.betfair.se:80
[http] ie2-graphs.betfair.se:80
[http] ie2-promotions.betfair.se:80
[http] ie2-smd.betfair.se:80
[http] ips.betfair.se:80
[http] launcher.betfair.se:80
[http] lbr.betfair.se:80
[http] maintenance.betfair.se:80
[http] mcasino.betfair.se:80
[http] messaging.betfair.se:80
[http] m.mail.betfair.se:80
[http] myacc.betfair.se:80
[http] myaccount.betfair.se:80
[http] myactivity.betfair.se:80
[http] mycards.betfair.se:80
[http] myfunds.betfair.se:80
[http] mypromos.betfair.se:80
[http] play.betfair.se:80
[http] playerprotection.betfair.se:80
[http] promotions.betfair.se:80
[http-proxy] account-messaging.betfair.se:8080
[http-proxy] apieds.betfair.se:8080
[http-proxy] apiems.betfair.se:8080
[http-proxy] apiemsios.betfair.se:8080
[http-proxy] apismx.betfair.se:8080
[http-proxy] apismxios.betfair.se:8080
[http-proxy] arcade.betfair.se:8080
[http-proxy] assets.betfair.se:8080
[http-proxy] betfair.se:8080
[http-proxy] cashout-exchange.betfair.se:8080
[http-proxy] cashout-service.betfair.se:8080
[http-proxy] casino.betfair.se:8080
[http-proxy] cbs.betfair.se:8080
[http-proxy] cro.betfair.se:8080
[http-proxy] ero.betfair.se:8080
[http-proxy] etx.betfair.se:8080
[http-proxy] exchangegaming.betfair.se:8080
[http-proxy] fcq-service.betfair.se:8080
[http-proxy] gfe.betfair.se:8080
[http-proxy] gmd.betfair.se:8080
[http-proxy] graphs.betfair.se:8080
[http-proxy] grouting.betfair.se:8080
[http-proxy] identitysso.betfair.se:8080
[http-proxy] ips.betfair.se:8080
[http-proxy] launcher.betfair.se:8080
[http-proxy] lbr.betfair.se:8080
[http-proxy] maintenance.betfair.se:8080
[http-proxy] messaging.betfair.se:8080
[http-proxy] myacc.betfair.se:8080
[http-proxy] myaccount.betfair.se:8080
[http-proxy] myactivity.betfair.se:8080
[http-proxy] myfunds.betfair.se:8080
[http-proxy] mypromos.betfair.se:8080
[http-proxy] play.betfair.se:8080
[http-proxy] playerprotection.betfair.se:8080
[http-proxy] promotions.betfair.se:8080
[http-proxy] push-subscription.betfair.se:8080
[http-proxy] register.betfair.se:8080
[http-proxy] sco.betfair.se:8080
[http-proxy] sib.betfair.se:8080
[http-proxy] smd.betfair.se:8080
[http-proxy] smp.betfair.se:8080
[http-proxy] spb.betfair.se:8080
[http-proxy] sportsgaming.betfair.se:8080
[http-proxy] ssc.betfair.se:8080
[http-proxy] strands.betfair.se:8080
[http-proxy] support.betfair.se:8080
[http-proxy] videoplayer.betfair.se:8080
[http-proxy] vqa.betfair.se:8080
[http-proxy] was.betfair.se:8080
[http-proxy] wss.betfair.se:8080
[http-proxy] www.betfair.se:8080
[http] push-subscription.betfair.se:80
[http] register.betfair.se:80
[https] account-messaging.betfair.se:443
[https-alt] account-messaging.betfair.se:8443
[https-alt] apieds.betfair.se:8443
[https-alt] apiems.betfair.se:8443
[https-alt] apiemsios.betfair.se:8443
[https-alt] apismx.betfair.se:8443
[https-alt] apismxios.betfair.se:8443
[https-alt] arcade.betfair.se:8443
[https-alt] assets.betfair.se:8443
[https-alt] betfair.se:8443
[https-alt] cashout-exchange.betfair.se:8443
[https-alt] cashout-service.betfair.se:8443
[https-alt] casino.betfair.se:8443
[https-alt] cbs.betfair.se:8443
[https-alt] cro.betfair.se:8443
[https-alt] ero.betfair.se:8443
[https-alt] etx.betfair.se:8443
[https-alt] exchangegaming.betfair.se:8443
[https-alt] fcq-service.betfair.se:8443
[https-alt] gfe.betfair.se:8443
[https-alt] gmd.betfair.se:8443
[https-alt] graphs.betfair.se:8443
[https-alt] grouting.betfair.se:8443
[https-alt] identitysso.betfair.se:8443
[https-alt] ips.betfair.se:8443
[https-alt] launcher.betfair.se:8443
[https-alt] lbr.betfair.se:8443
[https-alt] maintenance.betfair.se:8443
[https-alt] messaging.betfair.se:8443
[https-alt] myacc.betfair.se:8443
[https-alt] myaccount.betfair.se:8443
[https-alt] myactivity.betfair.se:8443
[https-alt] myfunds.betfair.se:8443
[https-alt] mypromos.betfair.se:8443
[https-alt] play.betfair.se:8443
[https-alt] playerprotection.betfair.se:8443
[https-alt] promotions.betfair.se:8443
[https-alt] push-subscription.betfair.se:8443
[https-alt] register.betfair.se:8443
[https-alt] sco.betfair.se:8443
[https-alt] sib.betfair.se:8443
[https-alt] smd.betfair.se:8443
[https-alt] smp.betfair.se:8443
[https-alt] spb.betfair.se:8443
[https-alt] sportsgaming.betfair.se:8443
[https-alt] ssc.betfair.se:8443
[https-alt] strands.betfair.se:8443
[https-alt] support.betfair.se:8443
[https-alt] videoplayer.betfair.se:8443
[https-alt] vqa.betfair.se:8443
[https-alt] was.betfair.se:8443
[https-alt] wss.betfair.se:8443
[https-alt] www.betfair.se:8443
[https] apieds.betfair.se:443
[https] apiems.betfair.se:443
[https] apiemsios.betfair.se:443
[https] apismx.betfair.se:443
[https] apismxios.betfair.se:443
[https] arcade.betfair.se:443
[https] assets.betfair.se:443
[https] beatthedrop.betfair.se:443
[https] betfair.se:443
[https] cashout-exchange.betfair.se:443
[https] cashout-service.betfair.se:443
[https] casino.betfair.se:443
[https] cbs.betfair.se:443
[https] ccc.betfair.se:443
[http] sco.betfair.se:80
[https] cro.betfair.se:443
[https] ero.betfair.se:443
[https] etx.betfair.se:443
[https] exchangegaming.betfair.se:443
[https] fcq.betfair.se:443
[https] fcq-service.betfair.se:443
[https] gfe.betfair.se:443
[https] gmd.betfair.se:443
[https] graphs.betfair.se:443
[https] grouting.betfair.se:443
[http] sib.betfair.se:80
[https] identitysso.betfair.se:443
[https] identitysso-cert.betfair.se:443
[https] ie1-account-messaging.betfair.se:443
[https] ie1-apiems.betfair.se:443
[https] ie1-graphs.betfair.se:443
[https] ie1-promotions.betfair.se:443
[https] ie1-smd.betfair.se:443
[https] ie2-account-messaging.betfair.se:443
[https] ie2-apiems.betfair.se:443
[https] ie2-graphs.betfair.se:443
[https] ie2-promotions.betfair.se:443
[https] ie2-smd.betfair.se:443
[http] simulator.betfair.se:80
[https] ips.betfair.se:443
[https] launcher.betfair.se:443
[https] lbr.betfair.se:443
[https] maintenance.betfair.se:443
[https] mcasino.betfair.se:443
[http] smd.betfair.se:80
[https] messaging.betfair.se:443
[https] m.mail.betfair.se:443
[http] smp.betfair.se:80
[https] myacc.betfair.se:443
[https] myaccount.betfair.se:443
[https] myactivity.betfair.se:443
[https] mycards.betfair.se:443
[https] myfunds.betfair.se:443
[https] mypromos.betfair.se:443
[http] spb.betfair.se:80
[http] splash.betfair.se:80
[https] play.betfair.se:443
[https] playerprotection.betfair.se:443
[http] sportsgaming.betfair.se:80
[https] promotions.betfair.se:443
[https] push-subscription.betfair.se:443
[https] register.betfair.se:443
[http] ssc.betfair.se:80
[https] sco.betfair.se:443
[https] sib.betfair.se:443
[https] simulator.betfair.se:443
[https] smd.betfair.se:443
[https] smp.betfair.se:443
[https] spb.betfair.se:443
[https] splash.betfair.se:443
[https] sportsgaming.betfair.se:443
[https] ssc.betfair.se:443
[https] strands.betfair.se:443
[https] support.betfair.se:443
[https] t.mail.betfair.se:443
[http] strands.betfair.se:80
[http] support.betfair.se:80
[https] videoplayer.betfair.se:443
[https] vqa.betfair.se:443
[https] was.betfair.se:443
[https] wss.betfair.se:443
[https] www.betfair.se:443
[http] t.mail.betfair.se:80
[http] videoplayer.betfair.se:80
[http] vqa.betfair.se:80
[http] was.betfair.se:80
[http] wss.betfair.se:80
[http] www.betfair.se:80
[infowave] betfair.se:2082
