[http] api.games.betviewapi.com:80
[http] api.popularbets.betviewapi.com:80
[http] api-static.games.betviewapi.com:80
[http] api-static.staging.games.betviewapi.com:80
[http] api-static.test4.games.betviewapi.com:80
[http] cashout.betviewapi.com:80
[http] dev.test.popularbets.betviewapi.com:80
[http] dev.trending.test.popularbets.betviewapi.com:80
[http] erwann.test.popularbets.betviewapi.com:80
[http] erwann.trending.test.popularbets.betviewapi.com:80
[http] event-catalogue.betviewapi.com:80
[http] event-catalogue.nps.betviewapi.com:80
[http] gareth.test.popularbets.betviewapi.com:80
[http] gareth.trending.test.popularbets.betviewapi.com:80
[http] rab-pricing.betviewapi.com:80
[https] a.cpaul.test.popularbets.betviewapi.com:443
[https] api.games.betviewapi.com:443
[https] api.popularbets.betviewapi.com:443
[https] api-static.games.betviewapi.com:443
[https] api-static.staging.games.betviewapi.com:443
[https] api-static.test4.games.betviewapi.com:443
[https] cashout.betviewapi.com:443
[https] dev.test.popularbets.betviewapi.com:443
[https] dev.trending.test.popularbets.betviewapi.com:443
[https] erwann.test.popularbets.betviewapi.com:443
[https] erwann.trending.test.popularbets.betviewapi.com:443
[https] event-catalogue.betviewapi.com:443
[https] event-catalogue.nps.betviewapi.com:443
[https] gareth.test.popularbets.betviewapi.com:443
[https] gareth.trending.test.popularbets.betviewapi.com:443
[http] singhr.test.popularbets.betviewapi.com:80
[http] singhr.trending.test.popularbets.betviewapi.com:80
[https] rab-pricing.betviewapi.com:443
[https] singhr.test.popularbets.betviewapi.com:443
[https] singhr.trending.test.popularbets.betviewapi.com:443
[https] staging.test.popularbets.betviewapi.com:443
[https] staging.trending.test.popularbets.betviewapi.com:443
[https] stats.betviewapi.com:443
[https] stats.nps.betviewapi.com:443
[http] staging.test.popularbets.betviewapi.com:80
[http] staging.trending.test.popularbets.betviewapi.com:80
[http] stats.betviewapi.com:80
[http] stats.nps.betviewapi.com:80
[https] test4.test.popularbets.betviewapi.com:443
[https] test4.trending.test.popularbets.betviewapi.com:443
[https] trending.popularbets.betviewapi.com:443
[https] us-east.cpaul.test.popularbets.betviewapi.com:443
[http] test4.test.popularbets.betviewapi.com:80
[http] test4.trending.test.popularbets.betviewapi.com:80
[http] trending.popularbets.betviewapi.com:80
[http] us-east.cpaul.test.popularbets.betviewapi.com:80
