[http] api.binance.org:80
[http] binance.org:80
[http] data-seed-0-s1.binance.org:80
[http] data-seed-0-s3.binance.org:80
[http] dataseed1.binance.org:80
[http] data-seed-1-s1.binance.org:80
[http] data-seed-1-s2.binance.org:80
[http] data-seed-1-s3.binance.org:80
[http] dataseed2.binance.org:80
[http] data-seed-2-s1.binance.org:80
[http] data-seed-2-s2.binance.org:80
[http] data-seed-2-s3.binance.org:80
[http] dataseed3.binance.org:80
[http] dataseed4.binance.org:80
[http] dataseed5.binance.org:80
[http] data-seed-pre-0-s1.binance.org:80
[http] data-seed-pre-0-s3.binance.org:80
[http] data-seed-pre-1-s1.binance.org:80
[http] data-seed-pre-1-s3.binance.org:80
[http] data-seed-pre-2-s1.binance.org:80
[http] data-seed-pre-2-s3.binance.org:80
[http] data-seed-prealpha-1-s1.binance.org:80
[http] data-seed-prealpha-2-s1.binance.org:80
[http] dex-asiapacific.binance.org:80
[http] dex-atlantic.binance.org:80
[http] dex.binance.org:80
[http] dex-european.binance.org:80
[http] docs.binance.org:80
[http] explorer.binance.org:80
[http] gnosis-safe.binance.org:80
[http] gnosis-safe-transaction.binance.org:80
[http] preprod.binance.org:80
[https] api.binance.org:443
[https] binance.org:443
[https] bsc-dataseed1.binance.org:443
[https] bsc-dataseed2.binance.org:443
[https] bsc-dataseed3.binance.org:443
[https] bsc-dataseed4.binance.org:443
[https] bsc-dataseed.binance.org:443
[https] bsc-dataseed-test.binance.org:443
[https] bsc-test.binance.org:443
[https] data-seed-0-s1.binance.org:443
[https] data-seed-0-s3.binance.org:443
[https] dataseed1.binance.org:443
[https] data-seed-1-s1.binance.org:443
[https] data-seed-1-s2.binance.org:443
[https] data-seed-1-s3.binance.org:443
[https] dataseed2.binance.org:443
[https] data-seed-2-s1.binance.org:443
[https] data-seed-2-s2.binance.org:443
[https] data-seed-2-s3.binance.org:443
[https] dataseed3.binance.org:443
[https] dataseed4.binance.org:443
[https] dataseed5.binance.org:443
[https] data-seed-pre-0-s1.binance.org:443
[https] data-seed-pre-0-s3.binance.org:443
[https] data-seed-pre-1-s1.binance.org:443
[https] data-seed-pre-1-s3.binance.org:443
[https] data-seed-pre-2-s1.binance.org:443
[https] data-seed-pre-2-s3.binance.org:443
[https] data-seed-prealpha-1-s1.binance.org:443
[https] data-seed-prealpha-2-s1.binance.org:443
[https] dex-asiapacific.binance.org:443
[https] dex-atlantic.binance.org:443
[https] dex.binance.org:443
[https] dex-european.binance.org:443
[https] docs.binance.org:443
[http] seed-pre-s1.binance.org:80
[http] seed-pre-s3.binance.org:80
[https] explorer.binance.org:443
[https] gnosis-safe.binance.org:443
[https] gnosis-safe-transaction.binance.org:443
[https] preprod.binance.org:443
[https] seed-pre-s1.binance.org:443
[https] seed-pre-s3.binance.org:443
[https] static.binance.org:443
[http] static.binance.org:80
[https] testnet-api.binance.org:443
[https] testnet.binance.org:443
[https] testnet-bsc-dataseed.binance.org:443
[https] testnet-dex-asiapacific.binance.org:443
[https] testnet-dex-atlantic.binance.org:443
[https] testnet-dex.binance.org:443
[https] testnet-dex-oregon.binance.org:443
[https] testnet-explorer.binance.org:443
[https] testnet-preprod.binance.org:443
[https] testnet-staking.binance.org:443
[https] testnet-static.binance.org:443
[https] testnet-ud.binance.org:443
[https] testnet-wallet.binance.org:443
[https] ud.binance.org:443
[https] wallet.binance.org:443
[https] wallet-bridge.binance.org:443
[https] wallet-push.binance.org:443
[https] www.binance.org:443
[http] testnet-api.binance.org:80
[http] testnet.binance.org:80
[http] testnet-bsc-dataseed.binance.org:80
[http] testnet-dex-asiapacific.binance.org:80
[http] testnet-dex-atlantic.binance.org:80
[http] testnet-dex.binance.org:80
[http] testnet-dex-oregon.binance.org:80
[http] testnet-explorer.binance.org:80
[http] testnet-preprod.binance.org:80
[http] testnet-staking.binance.org:80
[http] testnet-static.binance.org:80
[http] testnet-ud.binance.org:80
[http] testnet-wallet.binance.org:80
[http] ud.binance.org:80
[http] wallet.binance.org:80
[http] wallet-bridge.binance.org:80
[http] wallet-push.binance.org:80
[http] www.binance.org:80
