[http] api.bingo.com:80
[http] autodiscover.bingo.com:80
[http] autodiscover.brand.bingo.com:80
[http] bingo.com:80
[http] brand.bingo.com:80
[http] dog-qa1.bingo.com:80
[http] eum.bingo.com:80
[http] evolivecasino.bingo.com:80
[http] fi.bingo.com:80
[http] link.email.bingo.com:80
[http] no.bingo.com:80
[http] no-qa1.bingo.com:80
[http] no-si1.bingo.com:80
[http] online.bingo.com:80
[http] payment.bingo.com:80
[https] api.bingo.com:443
[https] bingo.com:443
[https] brand.bingo.com:443
[https] dog-qa1.bingo.com:443
[http] se.bingo.com:80
[http] se-qa1.bingo.com:80
[http] se-si1.bingo.com:80
[https] eum.bingo.com:443
[https] evolivecasino.bingo.com:443
[https] fi.bingo.com:443
[https] link.email.bingo.com:443
[https] no.bingo.com:443
[https] no-qa1.bingo.com:443
[https] no-si1.bingo.com:443
[https] online.bingo.com:443
[https] payment.bingo.com:443
[https] se.bingo.com:443
[https] se-qa1.bingo.com:443
[https] se-si1.bingo.com:443
[https] uk.bingo.com:443
[https] uk-qa1.bingo.com:443
[https] uk-si1.bingo.com:443
[https] valkommen.bingo.com:443
[https] welcome.bingo.com:443
[https] welcome.uk.bingo.com:443
[https] www.bingo.com:443
[https] www-qa1.bingo.com:443
[https] www-si1.bingo.com:443
[https] xns.bingo.com:443
[http] uk.bingo.com:80
[http] uk-qa1.bingo.com:80
[http] uk-si1.bingo.com:80
[http] valkommen.bingo.com:80
[http] welcome.bingo.com:80
[http] welcome.uk.bingo.com:80
[http] www.bingo.com:80
[http] www-qa1.bingo.com:80
[http] www-si1.bingo.com:80
[http] xns.bingo.com:80
