[http] admin.bistro.sk:80
[http] api.bistro.sk:80
[http] asp.bistro.sk:80
[http] authsmtp.bistro.sk:80
[http] baterie-k-aku-naradi.bistro.sk:80
[http] bistro.sk:80
[http] calisma-derskitabicevaplari.bistro.sk:80
[http] cmpv2.bistro.sk:80
[http] comune.bistro.sk:80
[http] correo.bistro.sk:80
[http] driver.bistro.sk:80
[http] gate.bistro.sk:80
[http] gateway.bistro.sk:80
[http] growingupnyc.bistro.sk:80
[http] gw.bistro.sk:80
[http] hermes.bistro.sk:80
[http] imap.bistro.sk:80
[http] link.bistro.sk:80
[http] mail01.bistro.sk:80
[http] mail11.bistro.sk:80
[http] mail12.bistro.sk:80
[http] mail1.bistro.sk:80
[http] mail2.bistro.sk:80
[http] mail.bistro.sk:80
[http] mailbox.bistro.sk:80
[http] mailer.bistro.sk:80
[http] mailgate.bistro.sk:80
[http] mailgw.bistro.sk:80
[http] mailhost.bistro.sk:80
[http] mailin.bistro.sk:80
[http] mailx.bistro.sk:80
[http] m.bistro.sk:80
[http] mbox.bistro.sk:80
[http] ms.bistro.sk:80
[http] mx01.bistro.sk:80
[http] mx0.bistro.sk:80
[http] mx1.bistro.sk:80
[http] mx2.bistro.sk:80
[http] mx4.bistro.sk:80
[http] mx5.bistro.sk:80
[http] mx7.bistro.sk:80
[http] myzh.bistro.sk:80
[http] newmexico.bistro.sk:80
[http] ns1.bistro.sk:80
[http] ns.bistro.sk:80
[http] out.bistro.sk:80
[http] poczta.bistro.sk:80
[http] posta.bistro.sk:80
[http] post.bistro.sk:80
[http] postmaster.bistro.sk:80
[http] relay2.bistro.sk:80
[http] remote.bistro.sk:80
[http] restauracia.bistro.sk:80
[http] rest.bistro.sk:80
[http] rwjms.bistro.sk:80
[https] admin.bistro.sk:443
[https] api.bistro.sk:443
[https] asp.bistro.sk:443
[https] authsmtp.bistro.sk:443
[https] baterie-k-aku-naradi.bistro.sk:443
[https] bistro.sk:443
[https] calisma-derskitabicevaplari.bistro.sk:443
[https] cmpv2.bistro.sk:443
[https] cms.bistro.sk:443
[https] comune.bistro.sk:443
[https] correo.bistro.sk:443
[https] driver.bistro.sk:443
[http] server.bistro.sk:80
[https] gate.bistro.sk:443
[https] gateway.bistro.sk:443
[https] growingupnyc.bistro.sk:443
[https] gw.bistro.sk:443
[https] hermes.bistro.sk:443
[https] imap.bistro.sk:443
[https] img.bistro.sk:443
[https] link.bistro.sk:443
[https] mail01.bistro.sk:443
[https] mail11.bistro.sk:443
[https] mail12.bistro.sk:443
[https] mail1.bistro.sk:443
[https] mail2.bistro.sk:443
[https] mail.bistro.sk:443
[https] mailbox.bistro.sk:443
[https] mailer.bistro.sk:443
[https] mailgate.bistro.sk:443
[https] mailgw.bistro.sk:443
[https] mailhost.bistro.sk:443
[https] mailin.bistro.sk:443
[https] mailx.bistro.sk:443
[https] m.bistro.sk:443
[https] mbox.bistro.sk:443
[https] ms.bistro.sk:443
[http] smtp01.bistro.sk:80
[http] smtp1.bistro.sk:80
[http] smtpauth.bistro.sk:80
[http] smtpseguro.bistro.sk:80
[https] mx01.bistro.sk:443
[https] mx0.bistro.sk:443
[https] mx1.bistro.sk:443
[https] mx2.bistro.sk:443
[https] mx4.bistro.sk:443
[https] mx5.bistro.sk:443
[https] mx7.bistro.sk:443
[https] myzh.bistro.sk:443
[https] newmexico.bistro.sk:443
[https] ns1.bistro.sk:443
[https] ns.bistro.sk:443
[https] out.bistro.sk:443
[https] poczta.bistro.sk:443
[https] posta.bistro.sk:443
[https] post.bistro.sk:443
[https] postmaster.bistro.sk:443
[https] relay2.bistro.sk:443
[https] remote.bistro.sk:443
[https] restauracia.bistro.sk:443
[https] rest.bistro.sk:443
[https] rwjms.bistro.sk:443
[https] s.bistro.sk:443
[https] server.bistro.sk:443
[https] smtp01.bistro.sk:443
[https] smtp1.bistro.sk:443
[https] smtpauth.bistro.sk:443
[https] smtpseguro.bistro.sk:443
[https] tehachapi.asp.bistro.sk:443
[https] vmail.bistro.sk:443
[https] web-components.bistro.sk:443
[https] ws-driver.bistro.sk:443
[https] www2.bistro.sk:443
[https] www.bistro.sk:443
[https] www.henry.bistro.sk:443
[https] www.m.bistro.sk:443
[https] wwww.bistro.sk:443
[http] tehachapi.asp.bistro.sk:80
[http] vmail.bistro.sk:80
[http] web-components.bistro.sk:80
[http] ws-driver.bistro.sk:80
[http] www2.bistro.sk:80
[http] www.bistro.sk:80
[http] www.henry.bistro.sk:80
[http] www.m.bistro.sk:80
[http] wwww.bistro.sk:80
