[ansoft-lm-2] catch-nimbus.bitdefender.net:1084
[ansoft-lm-2] elb-nvi-gcp.nimbus.bitdefender.net:1084
[ansoft-lm-2] elb-ore-gcp.nimbus.bitdefender.net:1084
[ansoft-lm-2] nimbus.bitdefender.net:1084
[blackice-icecap] catch-nimbus.bitdefender.net:8081
[blackice-icecap] elb-nvi-gcp.nimbus.bitdefender.net:8081
[blackice-icecap] elb-ore-gcp.nimbus.bitdefender.net:8081
[blackice-icecap] nimbus.bitdefender.net:8081
[cddbp-alt] blacklist-services.bitdefender.net:8880
[clearvisn] blacklist-services.bitdefender.net:2052
[ctf] catch-nimbus.bitdefender.net:84
[ctf] elb-nvi-gcp.nimbus.bitdefender.net:84
[ctf] elb-ore-gcp.nimbus.bitdefender.net:84
[ctf] nimbus.bitdefender.net:84
[dnp] catch-nimbus.bitdefender.net:20000
[dnp] elb-nvi-gcp.nimbus.bitdefender.net:20000
[dnp] elb-ore-gcp.nimbus.bitdefender.net:20000
[dnp] nimbus.bitdefender.net:20000
[d-s-n] catch-nimbus.bitdefender.net:8086
[d-s-n] elb-nvi-gcp.nimbus.bitdefender.net:8086
[d-s-n] elb-ore-gcp.nimbus.bitdefender.net:8086
[d-s-n] nimbus.bitdefender.net:8086
[eli] blacklist-services.bitdefender.net:2087
[epp] catch-nimbus.bitdefender.net:700
[epp] elb-nvi-gcp.nimbus.bitdefender.net:700
[epp] elb-ore-gcp.nimbus.bitdefender.net:700
[epp] nimbus.bitdefender.net:700
[ff-annunc] catch-nimbus.bitdefender.net:1089
[ff-annunc] elb-nvi-gcp.nimbus.bitdefender.net:1089
[ff-annunc] elb-ore-gcp.nimbus.bitdefender.net:1089
[ff-annunc] nimbus.bitdefender.net:1089
[ftp] ftp1.wdc1.vdc.bitdefender.net:21
[ftp] ftp2.wdc1.vdc.bitdefender.net:21
[ftp] ftp3.wdc1.slr.bitdefender.net:21
[ftp] ftp.bbu.gts.bitdefender.net:21
[ftp] ftp.rbx.ovh.bitdefender.net:21
[ftp] scorilo1.bbu.exdc01.bitdefender.net:21
[ftp] scorilo1.bitdefender.net:21
[ftp] scorilo5.bbu.exdc01.bitdefender.net:21
[ftp] scorilo5.bitdefender.net:21
[ftp] sftp-it.bbu.gts.bitdefender.net:21
[gnunet] blacklist-services.bitdefender.net:2086
[http] 0down.bbu.gts.bitdefender.net:80
[http] 0down.fra.htz.bitdefender.net:80
[http] 0upmidg.cdn.bitdefender.net:80
[http] a001.buc.gts.kdn.bitdefender.net:80
[http] a001bucgts.kdn.bitdefender.net:80
[http] a002bucgts.kdn.bitdefender.net:80
[http] a003bucgts.kdn.bitdefender.net:80
[http] a005bucgts.kdn.bitdefender.net:80
[http] a020bucgts.kdn.bitdefender.net:80
[http] adapter.bitdefender.net:80
[http] bdquiz.bitdefender.net:80
[http] beta-connect.bitdefender.net:80
[http] beta.connect.bitdefender.net:80
[http] beta-connect-lb.bitdefender.net:80
[http] beta.console.bitdefender.net:80
[http] beta.mdm-ios.bitdefender.net:80
[http] beta.nimbus.bitdefender.net:80
[http] bitdefender.net:80
[http] blacklist-services.bitdefender.net:80
[http] bluecoat-fe328ba7-3324-4ff1-ae6e-5f597c9d053e.2d7dd.cdn.bitdefender.net:80
[http] boxsrv.bitdefender.net:80
[http] catch-nimbus.bitdefender.net:80
[http] cdn-m3.buh.adn.vdc.bitdefender.net:80
[http] cisco-081992ac-962e-4ef7-b909-7140f440b6ab.2d7dd.cdn.bitdefender.net:80
[http] connect-lb.bitdefender.net:80
[http] connect-nimbus.bitdefender.net:80
[http] download.cdn.bitdefender.net:80
[http] egosecure-4a20befb-46ed-4858-a44e-fb71dd753256.2d7dd.cdn.bitdefender.net:80
[http] eicar.bitdefender.net:80
[http] elb-nvi-gcp.nimbus.bitdefender.net:80
[http] elb-ore-gcp.nimbus.bitdefender.net:80
[http] eugravityzone.bitdefender.net:80
[http] flow.bitdefender.net:80
[http] f-secure-ad67cfff-824f-4345-b87b-93695805f675.2d7dd.cdn.bitdefender.net:80
[http] gravityzone.bitdefender.net:80
[http] ipswitch-759594bd-57cf-4d10-811d-cf607fe24078.2d7dd.cdn.bitdefender.net:80
[http] ivanti-60013e4c-1d97-4269-b5b7-625530f25c30.2d7dd.cdn.bitdefender.net:80
[http] karma.bitdefender.net:80
[http] login.bitdefender.net:80
[http] logmein-49b66164-6e2e-475b-a860-2d728211586c.2d7dd.cdn.bitdefender.net:80
[http] mdm-ios.bitdefender.net:80
[http] microworld-24c34601-b5df-4e60-9465-592191c17dae.2d7dd.cdn.bitdefender.net:80
[http] myacc.bbu.gts.bitdefender.net:80
[http] myvpn.wdc1.vdc.bitdefender.net:80
[http] ncon-down.bitdefender.net:80
[http] netgear-07a2d5b3-0d1e-49d4-9038-f3e9ce19f9ce.2d7dd.cdn.bitdefender.net:80
[http] nimbus.bitdefender.net:80
[http] nimbus-cf.bitdefender.net:80
[http] ninjarmm-3480aad7-7d04-4871-ab29-f5f44b394f1d.2d7dd.cdn.bitdefender.net:80
[http] oemeval001-94027265-32ef-489b-ae6c-27b60ba758fd.2d7dd.cdn.bitdefender.net:80
[http] orangenimbus.bbu.dsd.bitdefender.net:80
[http] orangesecurity.bbu.dsd.bitdefender.net:80
[http] orangesecurity.bbu.gts.bitdefender.net:80
[http] part1.hq.vdc.bitdefender.net:80
[http] patches-please-change-me.cdn.bitdefender.net:80
[http-proxy] blacklist-services.bitdefender.net:8080
[http-proxy] catch-nimbus.bitdefender.net:8080
[http-proxy] elb-nvi-gcp.nimbus.bitdefender.net:8080
[http-proxy] elb-ore-gcp.nimbus.bitdefender.net:8080
[http-proxy] ncon-down.bitdefender.net:8080
[http-proxy] nimbus.bitdefender.net:8080
[http-proxy] upgr-midgress-21.fra.htz.bitdefender.net:8080
[http-proxy] upgr-midgress-22.fra.htz.bitdefender.net:8080
[http] push.bitdefender.net:80
[http] push.nimbus.bitdefender.net:80
[http] rpvideotron-e93bc98b-1acb-4ac8-9f97-bb3b575b212c.2d7dd.cdn.bitdefender.net:80
[https] 0upmidg.cdn.bitdefender.net:443
[https] a001.buc.gts.kdn.bitdefender.net:443
[https] a001bucgts.kdn.bitdefender.net:443
[https] a002bucgts.kdn.bitdefender.net:443
[https] a003bucgts.kdn.bitdefender.net:443
[https] a004bucgts.kdn.bitdefender.net:443
[https] a005bucgts.kdn.bitdefender.net:443
[https] a020bucgts.kdn.bitdefender.net:443
[https] a021bucgts.kdn.bitdefender.net:443
[https-alt] blacklist-services.bitdefender.net:8443
[http] sandbox-us.bitdefender.net:80
[https] att-nca-push.bitdefender.net:443
[https] att-nvi.nimbus.bitdefender.net:443
[https] atts-nvi-push.bitdefender.net:443
[http] sbcentral.bitdefender.net:80
[https] bcl.bitdefender.net:443
[https] bdquiz.bitdefender.net:443
[https] beta-connect.bitdefender.net:443
[https] beta.connect.bitdefender.net:443
[https] beta-connect-lb.bitdefender.net:443
[https] beta.mdm-ios.bitdefender.net:443
[https] beta.nimbus.bitdefender.net:443
[https] beta.push.bitdefender.net:443
[https] bitdefender.net:443
[https] blacklist-services.bitdefender.net:443
[https] bluecoat-fe328ba7-3324-4ff1-ae6e-5f597c9d053e.2d7dd.cdn.bitdefender.net:443
[https] catch-nimbus.bitdefender.net:443
[https] cdn-m3.buh.adn.vdc.bitdefender.net:443
[https] cisco-081992ac-962e-4ef7-b909-7140f440b6ab.2d7dd.cdn.bitdefender.net:443
[https] connect-lb.bitdefender.net:443
[https] connect-nimbus.bitdefender.net:443
[https] connect.nimbus.bitdefender.net:443
[https] dns.bitdefender.net:443
[https] download.bitdefender.net:443
[https] download.cdn.bitdefender.net:443
[http] secupgr.cdn.bitdefender.net:80
[https] egosecure-4a20befb-46ed-4858-a44e-fb71dd753256.2d7dd.cdn.bitdefender.net:443
[https] elb-irl-amz.nimbus.bitdefender.net:443
[https] elb-nvi-gcp.nimbus.bitdefender.net:443
[https] elb-ore-gcp.nimbus.bitdefender.net:443
[https] eugravityzone.bitdefender.net:443
[https] flow.bitdefender.net:443
[https] flow-lb.bitdefender.net:443
[https] fra-dns.bitdefender.net:443
[https] f-secure-ad67cfff-824f-4345-b87b-93695805f675.2d7dd.cdn.bitdefender.net:443
[https] gravityzone.bitdefender.net:443
[https] hq.nimbus.bitdefender.net:443
[https] iow-dns.bitdefender.net:443
[https] ipswitch-759594bd-57cf-4d10-811d-cf607fe24078.2d7dd.cdn.bitdefender.net:443
[https] irl-dns.bitdefender.net:443
[https] ivanti-60013e4c-1d97-4269-b5b7-625530f25c30.2d7dd.cdn.bitdefender.net:443
[https] karma.bitdefender.net:443
[https] login.bitdefender.net:443
[https] logmein-49b66164-6e2e-475b-a860-2d728211586c.2d7dd.cdn.bitdefender.net:443
[https] lon-dns.bitdefender.net:443
[https] mdm-ios.bitdefender.net:443
[https] microworld-24c34601-b5df-4e60-9465-592191c17dae.2d7dd.cdn.bitdefender.net:443
[https] myacc.bbu.gts.bitdefender.net:443
[https] ncon-down.bitdefender.net:443
[https] netgear-07a2d5b3-0d1e-49d4-9038-f3e9ce19f9ce.2d7dd.cdn.bitdefender.net:443
[https] nimbus.bitdefender.net:443
[https] nimbus-cf.bitdefender.net:443
[https] ninjarmm-3480aad7-7d04-4871-ab29-f5f44b394f1d.2d7dd.cdn.bitdefender.net:443
[https] nvi-dns.bitdefender.net:443
[https] oemeval001-94027265-32ef-489b-ae6c-27b60ba758fd.2d7dd.cdn.bitdefender.net:443
[http] soliton-bb424119-3e74-4347-865a-5c3c15057a6a.2d7dd.cdn.bitdefender.net:80
[https] orangenimbus.bbu.dsd.bitdefender.net:443
[https] orangesecurity.bbu.dsd.bitdefender.net:443
[https] orangesecurity.bbu.gts.bitdefender.net:443
[https] ore-dns.bitdefender.net:443
[http] sourcenext-102b7e23-ec49-4e55-ac84-edc9fa134b22.2d7dd.cdn.bitdefender.net:80
[http] spamtitan-3465a52b-11ab-4ed1-8bfc-89d93fe38877.2d7dd.cdn.bitdefender.net:80
[https] part1.hq.vdc.bitdefender.net:443
[https] patches-please-change-me.cdn.bitdefender.net:443
[https] pool-irl-dns.bitdefender.net:443
[https] push.bitdefender.net:443
[https] push.nimbus.bitdefender.net:443
[https] rpvideotron-e93bc98b-1acb-4ac8-9f97-bb3b575b212c.2d7dd.cdn.bitdefender.net:443
[https] sandbox.bitdefender.net:443
[https] sandbox-us.bitdefender.net:443
[https] sba-update.bitdefender.net:443
[https] sbcentral.bitdefender.net:443
[https] secupgr.cdn.bitdefender.net:443
[https] soliton-bb424119-3e74-4347-865a-5c3c15057a6a.2d7dd.cdn.bitdefender.net:443
[https] sourcenext-102b7e23-ec49-4e55-ac84-edc9fa134b22.2d7dd.cdn.bitdefender.net:443
[https] spamtitan-3465a52b-11ab-4ed1-8bfc-89d93fe38877.2d7dd.cdn.bitdefender.net:443
[https] staging-tmo-ore-push.bitdefender.net:443
[https] strongdns-api.bitdefender.net:443
[https] strongdns.bitdefender.net:443
[https] stsc-b61f1b87-5b60-405f-a189-fb648e0919aa.2d7dd.cdn.bitdefender.net:443
[https] tencent-7edab91a-21d3-45ab-b0a1-c98dea9fd292.2d7dd.cdn.bitdefender.net:443
[https] thirdwave-88a400dd-a66a-4a15-832a-911b9df533a3.2d7dd.cdn.bitdefender.net:443
[https] tky-dns.bitdefender.net:443
[https] tmo-ore-push.bitdefender.net:443
[http] strongdns-api.bitdefender.net:80
[http] strongdns.bitdefender.net:80
[https] trustwave-e6a168ba-133a-41dd-a1ab-0a59a31c2459.2d7dd.cdn.bitdefender.net:443
[http] stsc-b61f1b87-5b60-405f-a189-fb648e0919aa.2d7dd.cdn.bitdefender.net:80
[https] update.cloud.2d585.cdn.bitdefender.net:443
[https] update-onprem.2d585.cdn.bitdefender.net:443
[https] update-solarwinds.2d585.cdn.bitdefender.net:443
[https] update-solarwinds-mav.2d585.cdn.bitdefender.net:443
[https] upgrade-please-change-me.cdn.bitdefender.net:443
[https] upgr-avfree-2017.2d8cd.cdn.bitdefender.net:443
[https] upgr-avfree-2017-p.2d8cd.cdn.bitdefender.net:443
[https] upgr-midgress-02.fra.htz.bitdefender.net:443
[https] upgr-midgress-02.htz.bitdefender.net:443
[https] upgr-midgress-03.fra.htz.bitdefender.net:443
[https] upgr-midgress-03.htz.bitdefender.net:443
[https] upgr-midgress-04.fra.htz.bitdefender.net:443
[https] upgr-midgress-04.htz.bitdefender.net:443
[https] upgr-midgress-05.fra.htz.bitdefender.net:443
[https] upgr-midgress-06.fra.htz.bitdefender.net:443
[https] upgr-midgress-06.htz.bitdefender.net:443
[https] upgr-midgress-07.fra.htz.bitdefender.net:443
[https] upgr-midgress-07.htz.bitdefender.net:443
[https] upgr-midgress-08.fra.htz.bitdefender.net:443
[https] upgr-midgress-08.htz.bitdefender.net:443
[https] upgr-midgress-09.fra.htz.bitdefender.net:443
[https] upgr-midgress-10.fra.htz.bitdefender.net:443
[https] upgr-midgress-11.fra.htz.bitdefender.net:443
[https] upgr-midgress-12.fra.htz.bitdefender.net:443
[https] upgr-midgress-13.fra.htz.bitdefender.net:443
[https] upgr-midgress-14.fra.htz.bitdefender.net:443
[https] upgr-midgress-15.fra.htz.bitdefender.net:443
[https] upgr-midgress-16.fra.htz.bitdefender.net:443
[https] upgr-midgress-21.fra.htz.bitdefender.net:443
[https] upgr-midgress-22.fra.htz.bitdefender.net:443
[https] upgr-mmxiii.cdn.bitdefender.net:443
[https] upgr-mmxiii-p.cdn.bitdefender.net:443
[https] upgr-mmxiii-rgr.bitdefender.net:443
[https] upgr-mmxiii-rp.bitdefender.net:443
[https] upgr-mmxiv.cdn.bitdefender.net:443
[https] upgr-mmxiv-p.cdn.bitdefender.net:443
[https] upgr-mmxix-cl-ts.2d8cd.cdn.bitdefender.net:443
[https] upgr-mmxix-cl-ts-p.2d8cd.cdn.bitdefender.net:443
[https] upgr-mmxv.cdn.bitdefender.net:443
[https] upgr-mmxvi.cdn.bitdefender.net:443
[https] upgr-mmxvii-cl-ts.2d8cd.cdn.bitdefender.net:443
[https] upgr-mmxvii-cl-ts-p.2d8cd.cdn.bitdefender.net:443
[https] upgr-mmxviii-avfm.2d8cd.cdn.bitdefender.net:443
[https] upgr-mmxviii-cl-ts.2d8cd.cdn.bitdefender.net:443
[https] upgr-mmxviii-cl-ts-p.2d8cd.cdn.bitdefender.net:443
[https] upgr-mmxvi-p.cdn.bitdefender.net:443
[https] upgr-mmxv-p.cdn.bitdefender.net:443
[https] upgr-mmxx-cl-ts.2d8cd.cdn.bitdefender.net:443
[https] upgr-mmxx-cl-ts-p.2d8cd.cdn.bitdefender.net:443
[https] upgr-mmxxi-cl-ts.2d8cd.cdn.bitdefender.net:443
[https] upgr-mmxxi-cl-ts-p.2d8cd.cdn.bitdefender.net:443
[https] upgr-mmxxi-padv.2d8cd.cdn.bitdefender.net:443
[https] upgr-rp-vtr.cdn.bitdefender.net:443
[https] upgr-rp-vtr-p.cdn.bitdefender.net:443
[https] usgravityzone.bitdefender.net:443
[https] www.bitdefender.net:443
[https] www.push.bitdefender.net:443
[https] zemana-2a56bdb2-17ce-4b85-b8f5-f756f21d8121.2d7dd.cdn.bitdefender.net:443
[http] ta.bitdefender.net:80
[http] tencent-7edab91a-21d3-45ab-b0a1-c98dea9fd292.2d7dd.cdn.bitdefender.net:80
[http] thirdwave-88a400dd-a66a-4a15-832a-911b9df533a3.2d7dd.cdn.bitdefender.net:80
[http] trustwave-e6a168ba-133a-41dd-a1ab-0a59a31c2459.2d7dd.cdn.bitdefender.net:80
[http] update.cloud.2d585.cdn.bitdefender.net:80
[http] update-onprem.2d585.cdn.bitdefender.net:80
[http] update-solarwinds.2d585.cdn.bitdefender.net:80
[http] update-solarwinds-mav.2d585.cdn.bitdefender.net:80
[http] upgrade-origin-bkp.fra.htz.bitdefender.net:80
[http] upgrade-please-change-me.cdn.bitdefender.net:80
[http] upgr-avfree-2017.2d8cd.cdn.bitdefender.net:80
[http] upgr-avfree-2017-p.2d8cd.cdn.bitdefender.net:80
[http] upgr-midgress-02.fra.htz.bitdefender.net:80
[http] upgr-midgress-02.htz.bitdefender.net:80
[http] upgr-midgress-03.fra.htz.bitdefender.net:80
[http] upgr-midgress-03.htz.bitdefender.net:80
[http] upgr-midgress-04.fra.htz.bitdefender.net:80
[http] upgr-midgress-04.htz.bitdefender.net:80
[http] upgr-midgress-05.fra.htz.bitdefender.net:80
[http] upgr-midgress-06.fra.htz.bitdefender.net:80
[http] upgr-midgress-06.htz.bitdefender.net:80
[http] upgr-midgress-07.fra.htz.bitdefender.net:80
[http] upgr-midgress-07.htz.bitdefender.net:80
[http] upgr-midgress-08.fra.htz.bitdefender.net:80
[http] upgr-midgress-08.htz.bitdefender.net:80
[http] upgr-midgress-09.fra.htz.bitdefender.net:80
[http] upgr-midgress-10.fra.htz.bitdefender.net:80
[http] upgr-midgress-11.fra.htz.bitdefender.net:80
[http] upgr-midgress-12.fra.htz.bitdefender.net:80
[http] upgr-midgress-13.fra.htz.bitdefender.net:80
[http] upgr-midgress-14.fra.htz.bitdefender.net:80
[http] upgr-midgress-15.fra.htz.bitdefender.net:80
[http] upgr-midgress-16.fra.htz.bitdefender.net:80
[http] upgr-midgress-21.fra.htz.bitdefender.net:80
[http] upgr-midgress-22.fra.htz.bitdefender.net:80
[http] upgr-mmxiii.cdn.bitdefender.net:80
[http] upgr-mmxiii-p.cdn.bitdefender.net:80
[http] upgr-mmxiii-rgr.bitdefender.net:80
[http] upgr-mmxiii-rp.bitdefender.net:80
[http] upgr-mmxiv.cdn.bitdefender.net:80
[http] upgr-mmxiv-p.cdn.bitdefender.net:80
[http] upgr-mmxix-cl-ts.2d8cd.cdn.bitdefender.net:80
[http] upgr-mmxix-cl-ts-p.2d8cd.cdn.bitdefender.net:80
[http] upgr-mmxv.cdn.bitdefender.net:80
[http] upgr-mmxvi.cdn.bitdefender.net:80
[http] upgr-mmxvii-cl-ts.2d8cd.cdn.bitdefender.net:80
[http] upgr-mmxvii-cl-ts-p.2d8cd.cdn.bitdefender.net:80
[http] upgr-mmxviii-avfm.2d8cd.cdn.bitdefender.net:80
[http] upgr-mmxviii-cl-ts.2d8cd.cdn.bitdefender.net:80
[http] upgr-mmxviii-cl-ts-p.2d8cd.cdn.bitdefender.net:80
[http] upgr-mmxvi-p.cdn.bitdefender.net:80
[http] upgr-mmxv-p.cdn.bitdefender.net:80
[http] upgr-mmxx-cl-ts.2d8cd.cdn.bitdefender.net:80
[http] upgr-mmxx-cl-ts-p.2d8cd.cdn.bitdefender.net:80
[http] upgr-mmxxi-cl-ts.2d8cd.cdn.bitdefender.net:80
[http] upgr-mmxxi-cl-ts-p.2d8cd.cdn.bitdefender.net:80
[http] upgr-mmxxi-padv.2d8cd.cdn.bitdefender.net:80
[http] upgr-rp-vtr.cdn.bitdefender.net:80
[http] upgr-rp-vtr-p.cdn.bitdefender.net:80
[http] usgravityzone.bitdefender.net:80
[http] www.bitdefender.net:80
[http] zemana-2a56bdb2-17ce-4b85-b8f5-f756f21d8121.2d7dd.cdn.bitdefender.net:80
[ies-lm] catch-nimbus.bitdefender.net:1443
[ies-lm] elb-nvi-gcp.nimbus.bitdefender.net:1443
[ies-lm] elb-ore-gcp.nimbus.bitdefender.net:1443
[ies-lm] nimbus.bitdefender.net:1443
[imap] catch-nimbus.bitdefender.net:143
[imap] elb-nvi-gcp.nimbus.bitdefender.net:143
[imap] elb-ore-gcp.nimbus.bitdefender.net:143
[imap] nimbus.bitdefender.net:143
[imaps] catch-nimbus.bitdefender.net:993
[imaps] elb-nvi-gcp.nimbus.bitdefender.net:993
[imaps] elb-ore-gcp.nimbus.bitdefender.net:993
[imaps] nimbus.bitdefender.net:993
[infowave] blacklist-services.bitdefender.net:2082
[jetdirect] catch-nimbus.bitdefender.net:9100
[jetdirect] elb-nvi-gcp.nimbus.bitdefender.net:9100
[jetdirect] elb-ore-gcp.nimbus.bitdefender.net:9100
[jetdirect] nimbus.bitdefender.net:9100
[mit-ml-dev] catch-nimbus.bitdefender.net:83
[mit-ml-dev] catch-nimbus.bitdefender.net:85
[mit-ml-dev] elb-nvi-gcp.nimbus.bitdefender.net:83
[mit-ml-dev] elb-nvi-gcp.nimbus.bitdefender.net:85
[mit-ml-dev] elb-ore-gcp.nimbus.bitdefender.net:83
[mit-ml-dev] elb-ore-gcp.nimbus.bitdefender.net:85
[mit-ml-dev] nimbus.bitdefender.net:83
[mit-ml-dev] nimbus.bitdefender.net:85
[ms-wbt-server] catch-nimbus.bitdefender.net:3389
[ms-wbt-server] elb-nvi-gcp.nimbus.bitdefender.net:3389
[ms-wbt-server] elb-ore-gcp.nimbus.bitdefender.net:3389
[ms-wbt-server] nimbus.bitdefender.net:3389
[ncd-conf] catch-nimbus.bitdefender.net:5999
[ncd-conf] elb-nvi-gcp.nimbus.bitdefender.net:5999
[ncd-conf] elb-ore-gcp.nimbus.bitdefender.net:5999
[ncd-conf] nimbus.bitdefender.net:5999
[ndmps] catch-nimbus.bitdefender.net:30000
[ndmps] elb-nvi-gcp.nimbus.bitdefender.net:30000
[ndmps] elb-ore-gcp.nimbus.bitdefender.net:30000
[ndmps] nimbus.bitdefender.net:30000
[opsmessaging] catch-nimbus.bitdefender.net:8090
[opsmessaging] elb-nvi-gcp.nimbus.bitdefender.net:8090
[opsmessaging] elb-ore-gcp.nimbus.bitdefender.net:8090
[opsmessaging] nimbus.bitdefender.net:8090
[pop3] catch-nimbus.bitdefender.net:110
[pop3] elb-nvi-gcp.nimbus.bitdefender.net:110
[pop3] elb-ore-gcp.nimbus.bitdefender.net:110
[pop3] nimbus.bitdefender.net:110
[pop3s] catch-nimbus.bitdefender.net:995
[pop3s] elb-nvi-gcp.nimbus.bitdefender.net:995
[pop3s] elb-ore-gcp.nimbus.bitdefender.net:995
[pop3s] nimbus.bitdefender.net:995
[postgresql] catch-nimbus.bitdefender.net:5432
[postgresql] elb-nvi-gcp.nimbus.bitdefender.net:5432
[postgresql] elb-ore-gcp.nimbus.bitdefender.net:5432
[postgresql] nimbus.bitdefender.net:5432
[pptp] myvpn.wdc1.vdc.bitdefender.net:1723
[radan-http] catch-nimbus.bitdefender.net:8088
[radan-http] elb-nvi-gcp.nimbus.bitdefender.net:8088
[radan-http] elb-ore-gcp.nimbus.bitdefender.net:8088
[radan-http] nimbus.bitdefender.net:8088
[radsec] blacklist-services.bitdefender.net:2083
[rtmp] catch-nimbus.bitdefender.net:1935
[rtmp] elb-nvi-gcp.nimbus.bitdefender.net:1935
[rtmp] elb-ore-gcp.nimbus.bitdefender.net:1935
[rtmp] nimbus.bitdefender.net:1935
[smtp] catch-nimbus.bitdefender.net:25
[smtp] elb-nvi-gcp.nimbus.bitdefender.net:25
[smtp] elb-ore-gcp.nimbus.bitdefender.net:25
[smtp] mx02.buh.bitdefender.net:25
[smtp] nimbus.bitdefender.net:25
[smtps] catch-nimbus.bitdefender.net:465
[smtps] elb-nvi-gcp.nimbus.bitdefender.net:465
[smtps] elb-ore-gcp.nimbus.bitdefender.net:465
[smtp] smtp02.buh.bitdefender.net:25
[smtps] nimbus.bitdefender.net:465
[smtps] smtp02.buh.bitdefender.net:465
[ssh] ftp.bbu.gts.bitdefender.net:22
[ssh] ftp.rbx.ovh.bitdefender.net:22
[ssh] sftp-it.bbu.gts.bitdefender.net:22
[submission] catch-nimbus.bitdefender.net:587
[submission] elb-nvi-gcp.nimbus.bitdefender.net:587
[submission] elb-ore-gcp.nimbus.bitdefender.net:587
[submission] nimbus.bitdefender.net:587
[submission] smtp02.buh.bitdefender.net:587
[su-mit-tg] catch-nimbus.bitdefender.net:89
[su-mit-tg] elb-nvi-gcp.nimbus.bitdefender.net:89
[su-mit-tg] elb-ore-gcp.nimbus.bitdefender.net:89
[su-mit-tg] nimbus.bitdefender.net:89
[unknown] catch-nimbus.bitdefender.net:8085
[unknown] catch-nimbus.bitdefender.net:8089
[unknown] catch-nimbus.bitdefender.net:8099
[unknown] elb-nvi-gcp.nimbus.bitdefender.net:8085
[unknown] elb-nvi-gcp.nimbus.bitdefender.net:8089
[unknown] elb-nvi-gcp.nimbus.bitdefender.net:8099
[unknown] elb-ore-gcp.nimbus.bitdefender.net:8085
[unknown] elb-ore-gcp.nimbus.bitdefender.net:8089
[unknown] elb-ore-gcp.nimbus.bitdefender.net:8099
[unknown] nimbus.bitdefender.net:8085
[unknown] nimbus.bitdefender.net:8089
[unknown] nimbus.bitdefender.net:8099
[vnc-1] catch-nimbus.bitdefender.net:5901
[vnc-1] elb-nvi-gcp.nimbus.bitdefender.net:5901
[vnc-1] elb-ore-gcp.nimbus.bitdefender.net:5901
[vnc-1] nimbus.bitdefender.net:5901
[vnc] catch-nimbus.bitdefender.net:5900
[vnc] elb-nvi-gcp.nimbus.bitdefender.net:5900
[vnc] elb-ore-gcp.nimbus.bitdefender.net:5900
[vnc] nimbus.bitdefender.net:5900
[wap-wsp] catch-nimbus.bitdefender.net:9200
[wap-wsp] elb-nvi-gcp.nimbus.bitdefender.net:9200
[wap-wsp] elb-ore-gcp.nimbus.bitdefender.net:9200
[wap-wsp] nimbus.bitdefender.net:9200
[webobjects] catch-nimbus.bitdefender.net:1085
[webobjects] elb-nvi-gcp.nimbus.bitdefender.net:1085
[webobjects] elb-ore-gcp.nimbus.bitdefender.net:1085
[webobjects] nimbus.bitdefender.net:1085
[whois] catch-nimbus.bitdefender.net:43
[whois] elb-nvi-gcp.nimbus.bitdefender.net:43
[whois] elb-ore-gcp.nimbus.bitdefender.net:43
[whois] nimbus.bitdefender.net:43
[xmpp-client] catch-nimbus.bitdefender.net:5222
[xmpp-client] elb-nvi-gcp.nimbus.bitdefender.net:5222
[xmpp-client] elb-ore-gcp.nimbus.bitdefender.net:5222
[xmpp-client] nimbus.bitdefender.net:5222
