[http] bitmarket.bitrue.com:80
[http] bitrue.com:80
[http] fm.bitrue.com:80
[http] futures.bitrue.com:80
[http] futuresws.bitrue.com:80
[http] link.bitrue.com:80
[http] m.bitrue.com:80
[http] openapi.bitrue.com:80
[http] open.bitrue.com:80
[https] b.bitrue.com:443
[https] bitmarket.bitrue.com:443
[https] bitrue.com:443
[https] cdn.bitrue.com:443
[https] fm.bitrue.com:443
[https] futures.bitrue.com:443
[https] futuresws.bitrue.com:443
[https] link.bitrue.com:443
[https] m.bitrue.com:443
[https] openapi.bitrue.com:443
[https] open.bitrue.com:443
[https] static.bitrue.com:443
[https] ws.bitrue.com:443
[https] www.bitrue.com:443
[http] ws.bitrue.com:80
[polipo] b.bitrue.com:8123
[snpp] openapi.bitrue.com:444
[sun-sr-https] bitrue.com:6443
