[domain] autoconfig.bitswift.cash:53
[domain] autodiscover.bitswift.cash:53
[domain] cpanel.bitswift.cash:53
[domain] imap.bitswift.cash:53
[domain] mail.bitswift.cash:53
[domain] pop3.bitswift.cash:53
[domain] smtp.bitswift.cash:53
[domain] webmail.bitswift.cash:53
[ftp] autoconfig.bitswift.cash:21
[ftp] autodiscover.bitswift.cash:21
[ftp] cpanel.bitswift.cash:21
[ftp] imap.bitswift.cash:21
[ftp] mail.bitswift.cash:21
[ftp] pop3.bitswift.cash:21
[ftp] smtp.bitswift.cash:21
[ftp] webmail.bitswift.cash:21
[http] autoconfig.bitswift.cash:80
[http] autodiscover.bitswift.cash:80
[http] bitswift.cash:80
[http] cpanel.bitswift.cash:80
[http] ftp.bitswift.cash:80
[http] imap.bitswift.cash:80
[http] mail.bitswift.cash:80
[http] pop3.bitswift.cash:80
[https-alt] bitswift.cash:8443
[https-alt] ftp.bitswift.cash:8443
[https-alt] www.bitswift.cash:8443
[https] autoconfig.bitswift.cash:443
[https] autodiscover.bitswift.cash:443
[https] bitswift.cash:443
[https] cpanel.bitswift.cash:443
[https] ftp.bitswift.cash:443
[https] imap.bitswift.cash:443
[https] mail.bitswift.cash:443
[http] smtp.bitswift.cash:80
[https] pop3.bitswift.cash:443
[https] smtp.bitswift.cash:443
[https] webmail.bitswift.cash:443
[https] www.bitswift.cash:443
[http] webmail.bitswift.cash:80
[http] www.bitswift.cash:80
[idware-router] autoconfig.bitswift.cash:2079
[idware-router] autodiscover.bitswift.cash:2079
[idware-router] cpanel.bitswift.cash:2079
[idware-router] imap.bitswift.cash:2079
[idware-router] mail.bitswift.cash:2079
[idware-router] pop3.bitswift.cash:2079
[idware-router] smtp.bitswift.cash:2079
[idware-router] webmail.bitswift.cash:2079
[imap] autoconfig.bitswift.cash:143
[imap] autodiscover.bitswift.cash:143
[imap] cpanel.bitswift.cash:143
[imap] imap.bitswift.cash:143
[imap] mail.bitswift.cash:143
[imap] pop3.bitswift.cash:143
[imaps] autoconfig.bitswift.cash:993
[imaps] autodiscover.bitswift.cash:993
[imaps] cpanel.bitswift.cash:993
[imaps] imap.bitswift.cash:993
[imaps] mail.bitswift.cash:993
[imap] smtp.bitswift.cash:143
[imaps] pop3.bitswift.cash:993
[imaps] smtp.bitswift.cash:993
[imaps] webmail.bitswift.cash:993
[imap] webmail.bitswift.cash:143
[infowave] autoconfig.bitswift.cash:2082
[infowave] autodiscover.bitswift.cash:2082
[infowave] cpanel.bitswift.cash:2082
[infowave] imap.bitswift.cash:2082
[infowave] mail.bitswift.cash:2082
[infowave] pop3.bitswift.cash:2082
[infowave] smtp.bitswift.cash:2082
[infowave] webmail.bitswift.cash:2082
[nbx-ser] autoconfig.bitswift.cash:2095
[nbx-ser] autodiscover.bitswift.cash:2095
[nbx-ser] cpanel.bitswift.cash:2095
[nbx-ser] imap.bitswift.cash:2095
[nbx-ser] mail.bitswift.cash:2095
[nbx-ser] pop3.bitswift.cash:2095
[nbx-ser] smtp.bitswift.cash:2095
[nbx-ser] webmail.bitswift.cash:2095
[pop3] autoconfig.bitswift.cash:110
[pop3] autodiscover.bitswift.cash:110
[pop3] cpanel.bitswift.cash:110
[pop3] imap.bitswift.cash:110
[pop3] mail.bitswift.cash:110
[pop3] pop3.bitswift.cash:110
[pop3s] autoconfig.bitswift.cash:995
[pop3s] autodiscover.bitswift.cash:995
[pop3s] cpanel.bitswift.cash:995
[pop3s] imap.bitswift.cash:995
[pop3s] mail.bitswift.cash:995
[pop3] smtp.bitswift.cash:110
[pop3s] pop3.bitswift.cash:995
[pop3s] smtp.bitswift.cash:995
[pop3s] webmail.bitswift.cash:995
[pop3] webmail.bitswift.cash:110
[radsec] autoconfig.bitswift.cash:2083
[radsec] autodiscover.bitswift.cash:2083
[radsec] cpanel.bitswift.cash:2083
[radsec] imap.bitswift.cash:2083
[radsec] mail.bitswift.cash:2083
[radsec] pop3.bitswift.cash:2083
[radsec] smtp.bitswift.cash:2083
[radsec] webmail.bitswift.cash:2083
[rsftp] autoconfig.bitswift.cash:26
[rsftp] autodiscover.bitswift.cash:26
[rsftp] cpanel.bitswift.cash:26
[rsftp] imap.bitswift.cash:26
[rsftp] mail.bitswift.cash:26
[rsftp] pop3.bitswift.cash:26
[rsftp] smtp.bitswift.cash:26
[rsftp] webmail.bitswift.cash:26
[smtps] autoconfig.bitswift.cash:465
[smtps] autodiscover.bitswift.cash:465
[smtps] cpanel.bitswift.cash:465
[smtps] imap.bitswift.cash:465
[smtps] mail.bitswift.cash:465
[smtps] pop3.bitswift.cash:465
[smtps] smtp.bitswift.cash:465
[smtps] webmail.bitswift.cash:465
[ssh] bitswift.cash:22
[ssh] ftp.bitswift.cash:22
[ssh] www.bitswift.cash:22
[submission] autoconfig.bitswift.cash:587
[submission] autodiscover.bitswift.cash:587
[submission] cpanel.bitswift.cash:587
[submission] imap.bitswift.cash:587
[submission] mail.bitswift.cash:587
[submission] pop3.bitswift.cash:587
[submission] smtp.bitswift.cash:587
[submission] webmail.bitswift.cash:587
