[cddbp-alt] arbitrum-node.blockwallet.io:8880
[cddbp-alt] avax-node.blockwallet.io:8880
[cddbp-alt] blockwallet.io:8880
[cddbp-alt] goerli-node.blockwallet.io:8880
[cddbp-alt] help.blockwallet.io:8880
[cddbp-alt] optimism-node.blockwallet.io:8880
[cddbp-alt] polygon-node.blockwallet.io:8880
[cddbp-alt] releases.blockwallet.io:8880
[cddbp-alt] rinkeby-node.blockwallet.io:8880
[cddbp-alt] ropsten-node.blockwallet.io:8880
[cddbp-alt] xdai-node.blockwallet.io:8880
[eli] blockwallet.io:2087
[gnunet] arbitrum-node.blockwallet.io:2086
[gnunet] avax-node.blockwallet.io:2086
[gnunet] blockwallet.io:2086
[gnunet] goerli-node.blockwallet.io:2086
[gnunet] help.blockwallet.io:2086
[gnunet] optimism-node.blockwallet.io:2086
[gnunet] polygon-node.blockwallet.io:2086
[gnunet] releases.blockwallet.io:2086
[gnunet] rinkeby-node.blockwallet.io:2086
[gnunet] ropsten-node.blockwallet.io:2086
[gnunet] xdai-node.blockwallet.io:2086
[http] arbitrum-node.blockwallet.io:80
[http] avax-node.blockwallet.io:80
[http] blockwallet.io:80
[http] bsc-node.blockwallet.io:80
[http] fantom-node.blockwallet.io:80
[http] goerli-node.blockwallet.io:80
[http] goerli-relayer.blockwallet.io:80
[http] help.blockwallet.io:80
[http] kovan-node.blockwallet.io:80
[http] mainnet-node.blockwallet.io:80
[http] mainnet-relayer.blockwallet.io:80
[http] optimism-node.blockwallet.io:80
[http] polygon-node.blockwallet.io:80
[http-proxy] blockwallet.io:8080
[http] releases.blockwallet.io:80
[http] rinkeby-node.blockwallet.io:80
[http] ropsten-node.blockwallet.io:80
[https-alt] blockwallet.io:8443
[https] arbitrum-node.blockwallet.io:443
[https] avax-node.blockwallet.io:443
[https] blockwallet.io:443
[https] goerli-node.blockwallet.io:443
[https] help.blockwallet.io:443
[https] optimism-node.blockwallet.io:443
[https] polygon-node.blockwallet.io:443
[https] releases.blockwallet.io:443
[https] rinkeby-node.blockwallet.io:443
[https] ropsten-node.blockwallet.io:443
[https] xdai-node.blockwallet.io:443
[http] www.blockwallet.io:80
[http] xdai-node.blockwallet.io:80
[infowave] blockwallet.io:2082
[knetd] help.blockwallet.io:2053
[radsec] blockwallet.io:2083
