[cddbp-alt] auth.prime.blockfi.com:8880
[cddbp-alt] blockfi.com:8880
[cddbp-alt] help.blockfi.com:8880
[eli] auth.prime.blockfi.com:2087
[eli] blockfi.com:2087
[eli] help.blockfi.com:2087
[gnunet] blockfi.com:2086
[gnunet] help.blockfi.com:2086
[http] alertmanager.blockfi.com:80
[http] alertmanager-prod.blockfi.com:80
[http] api.blockfi.com:80
[http] app.blockfi.com:80
[http] auth.blockfi.com:80
[http] auth-local.blockfi.com:80
[http] auth.prime.blockfi.com:80
[http] blockfi.com:80
[http] blockfi-relay.blockfi.com:80
[http] blockfi-relay-prod.blockfi.com:80
[http] blog.blockfi.com:80
[http] cerebro.blockfi.com:80
[http] cerebro-prod.blockfi.com:80
[http] click.blockfi.com:80
[http] clicks.blockfi.com:80
[http] dev-overwatch.blockfi.com:80
[http] docs.blockfi.com:80
[http] enterpriseenrollment.blockfi.com:80
[http] evs.mkt.blockfi.com:80
[http] gateway.blockfi.com:80
[http] gateway-prod.blockfi.com:80
[http] help.blockfi.com:80
[http] humio.blockfi.com:80
[http] humio-ingest.blockfi.com:80
[http] identity.blockfi.com:80
[http] identity-prod.blockfi.com:80
[http] kingpin.blockfi.com:80
[http] nebula.blockfi.com:80
[http] nebula-prod.blockfi.com:80
[http] pen-test2.shield-sandbox.aws.blockfi.com:80
[http] pen-test3.shield-sandbox.aws.blockfi.com:80
[http] pen-test4.shield-sandbox.aws.blockfi.com:80
[http] pen-test5.shield-sandbox.aws.blockfi.com:80
[http] pen-test.shield-sandbox.aws.blockfi.com:80
[http] prime.blockfi.com:80
[http] prometheus.blockfi.com:80
[http] prometheus-prod.blockfi.com:80
[http-proxy] api.blockfi.com:8080
[http-proxy] app.blockfi.com:8080
[http-proxy] auth.blockfi.com:8080
[http-proxy] auth-local.blockfi.com:8080
[http-proxy] auth.prime.blockfi.com:8080
[http-proxy] blockfi.com:8080
[http-proxy] blog.blockfi.com:8080
[http-proxy] cerebro.blockfi.com:8080
[http-proxy] cerebro-prod.blockfi.com:8080
[http-proxy] click.blockfi.com:8080
[http-proxy] clicks.blockfi.com:8080
[http-proxy] help.blockfi.com:8080
[http-proxy] identity.blockfi.com:8080
[http-proxy] identity-prod.blockfi.com:8080
[http-proxy] nebula.blockfi.com:8080
[http-proxy] nebula-prod.blockfi.com:8080
[http-proxy] prime.blockfi.com:8080
[http-proxy] www.blockfi.com:8080
[https] alertmanager.blockfi.com:443
[https] alertmanager-prod.blockfi.com:443
[https-alt] api.blockfi.com:8443
[https-alt] app.blockfi.com:8443
[https-alt] auth.blockfi.com:8443
[https-alt] auth-local.blockfi.com:8443
[https-alt] auth.prime.blockfi.com:8443
[https-alt] blockfi.com:8443
[https-alt] blog.blockfi.com:8443
[https-alt] cerebro.blockfi.com:8443
[https-alt] cerebro-prod.blockfi.com:8443
[https-alt] click.blockfi.com:8443
[https-alt] clicks.blockfi.com:8443
[https-alt] help.blockfi.com:8443
[https-alt] identity.blockfi.com:8443
[https-alt] identity-prod.blockfi.com:8443
[https-alt] nebula.blockfi.com:8443
[https-alt] nebula-prod.blockfi.com:8443
[https-alt] prime.blockfi.com:8443
[https-alt] www.blockfi.com:8443
[https] api.blockfi.com:443
[https] api.mkt.blockfi.com:443
[https] app.blockfi.com:443
[https] auth.blockfi.com:443
[https] auth-local.blockfi.com:443
[https] auth.prime.blockfi.com:443
[https] blockfi.com:443
[https] blockfi-relay.blockfi.com:443
[https] blockfi-relay-prod.blockfi.com:443
[https] blog.blockfi.com:443
[https] cerebro.blockfi.com:443
[https] cerebro-prod.blockfi.com:443
[https] click.blockfi.com:443
[https] clicks.blockfi.com:443
[https] dev-overwatch.blockfi.com:443
[https] docs.blockfi.com:443
[https] enterpriseenrollment.blockfi.com:443
[https] evs.mkt.blockfi.com:443
[https] fbcbh.shield-branch-test.shield-sandbox.aws.blockfi.com:443
[https] gateway.blockfi.com:443
[https] gateway-prod.blockfi.com:443
[https] help.blockfi.com:443
[http] shield-branch-test.shield-sandbox.aws.blockfi.com:80
[http] shield-sandbox.aws.blockfi.com:80
[http] shield-staging.aws.blockfi.com:80
[https] humio.blockfi.com:443
[https] humio-ingest.blockfi.com:443
[https] identity.blockfi.com:443
[https] identity-prod.blockfi.com:443
[https] kingpin.blockfi.com:443
[https] nebula.blockfi.com:443
[https] nebula-prod.blockfi.com:443
[https] pen-test2.shield-sandbox.aws.blockfi.com:443
[https] pen-test3.shield-sandbox.aws.blockfi.com:443
[https] pen-test4.shield-sandbox.aws.blockfi.com:443
[https] pen-test5.shield-sandbox.aws.blockfi.com:443
[https] pen-test.shield-sandbox.aws.blockfi.com:443
[https] prime.blockfi.com:443
[https] prometheus.blockfi.com:443
[https] prometheus-prod.blockfi.com:443
[http] ss139.shield-sandbox.aws.blockfi.com:80
[http] ss235.shield-sandbox.aws.blockfi.com:80
[http] ss299.shield-sandbox.aws.blockfi.com:80
[http] ss323.shield-sandbox.aws.blockfi.com:80
[http] ss70.shield-sandbox.aws.blockfi.com:80
[https] shield-branch-test.shield-sandbox.aws.blockfi.com:443
[https] shield-sandbox.aws.blockfi.com:443
[https] shield-staging.aws.blockfi.com:443
[https] ss139.shield-sandbox.aws.blockfi.com:443
[https] ss235.shield-sandbox.aws.blockfi.com:443
[https] ss299.shield-sandbox.aws.blockfi.com:443
[https] ss323.shield-sandbox.aws.blockfi.com:443
[https] ss70.shield-sandbox.aws.blockfi.com:443
[https] status.blockfi.com:443
[https] storm.blockfi.com:443
[https] tableau.blockfi.com:443
[http] status.blockfi.com:80
[https] testdeploy.shield-sandbox.aws.blockfi.com:443
[http] storm.blockfi.com:80
[https] try.blockfi.com:443
[https] vis1013.shield-sandbox.aws.blockfi.com:443
[https] vis1032.shield-sandbox.aws.blockfi.com:443
[https] vis-661.shield-sandbox.aws.blockfi.com:443
[https] vis880.shield-sandbox.aws.blockfi.com:443
[https] vis930.shield-sandbox.aws.blockfi.com:443
[https] vis930test2.shield-sandbox.aws.blockfi.com:443
[https] vis930test3.shield-sandbox.aws.blockfi.com:443
[https] vis930test.shield-sandbox.aws.blockfi.com:443
[https] vis990.shield-sandbox.aws.blockfi.com:443
[https] vis995.shield-sandbox.aws.blockfi.com:443
[https] waitlist.blockfi.com:443
[https] waitlist-prod.blockfi.com:443
[https] webmail.blockfi.com:443
[https] www.app.blockfi.com:443
[https] www.blockfi.com:443
[http] tableau.blockfi.com:80
[http] testdeploy.shield-sandbox.aws.blockfi.com:80
[http] try.blockfi.com:80
[http] vis1013.shield-sandbox.aws.blockfi.com:80
[http] vis1032.shield-sandbox.aws.blockfi.com:80
[http] vis-661.shield-sandbox.aws.blockfi.com:80
[http] vis880.shield-sandbox.aws.blockfi.com:80
[http] vis930.shield-sandbox.aws.blockfi.com:80
[http] vis930test2.shield-sandbox.aws.blockfi.com:80
[http] vis930test3.shield-sandbox.aws.blockfi.com:80
[http] vis930test.shield-sandbox.aws.blockfi.com:80
[http] vis990.shield-sandbox.aws.blockfi.com:80
[http] vis995.shield-sandbox.aws.blockfi.com:80
[http] waitlist.blockfi.com:80
[http] waitlist-prod.blockfi.com:80
[http] webmail.blockfi.com:80
[http] www.app.blockfi.com:80
[http] www.blockfi.com:80
[infowave] auth.prime.blockfi.com:2082
[infowave] blockfi.com:2082
[infowave] help.blockfi.com:2082
[radsec] auth.prime.blockfi.com:2083
[radsec] blockfi.com:2083
[radsec] help.blockfi.com:2083
[ssh] blockfi-prometheus-1-prod.blockfi.com:22
[ssh] blockfi-prometheus-2-prod.blockfi.com:22
[wap-wsp] humio.blockfi.com:9200
[wap-wsp] humio-ingest.blockfi.com:9200
