[http] ci.braintree.tools:80
[http] cidevtools.braintree.tools:80
[http] jenkinsqa.braintree.tools:80
[http] jira.braintree.tools:80
[http] knowledge.braintree.tools:80
[http] knowledge-test.braintree.tools:80
[https] application-inventory.braintree.tools:443
[https] brisk.braintree.tools:443
[https] briskqa.braintree.tools:443
[https] btufte.braintree.tools:443
[https] ci.braintree.tools:443
[https] cidevtools.braintree.tools:443
[https] data-airflow.braintree.tools:443
[https] disputes-panel.braintree.tools:443
[https] disputes-panel.sandbox.braintree.tools:443
[https] environmentalist.braintree.tools:443
[https] ghost.braintree.tools:443
[https] grafana-auth.braintree.tools:443
[https] grafana.braintree.tools:443
[https] graphite.chi.braintree.tools:443
[https] graphite.produswest2.braintree.tools:443
[https] graphite.qwt.braintree.tools:443
[https] graphite.sand.braintree.tools:443
[https] graphite.sav.braintree.tools:443
[https] graphite.stc.braintree.tools:443
[https] graphite.stq.braintree.tools:443
[https] jenkinsqa.braintree.tools:443
[https] jira.braintree.tools:443
[https] knowledge.braintree.tools:443
[https] knowledge-test.braintree.tools:443
[https] luigi.braintree.tools:443
[https] osquery-manager.braintree.tools:443
[https] prodconf.braintree.tools:443
[https] puppetdb.braintree.tools:443
[https] tugboat.braintree.tools:443
[ibm-db2] ci.braintree.tools:50000
[ibm-db2] cidevtools.braintree.tools:50000
[ibm-db2] jenkinsqa.braintree.tools:50000
[snpp] puppetdb.braintree.tools:444
