[http] graphql.dev.braintree-api.com:80
[http] payments-dev.dev.braintree-api.com:80
[https-alt] atmosphere-qa-ap-southeast-2.dev.braintree-api.com:8443
[https-alt] atmosphere-qa-eu-central-1.dev.braintree-api.com:8443
[https-alt] atmosphere-qa-us-east-1.dev.braintree-api.com:8443
[https-alt] atmosphere-qa-us-west-2.dev.braintree-api.com:8443
[https-alt] datacenter.gateway-qa.dev.braintree-api.com:8443
[https-alt] datacenter.gateway-sand.sandbox.braintree-api.com:8443
[https-alt] gateway.braintree-api.com:8443
[https-alt] gateway-lb-prod.production.braintree-api.com:8443
[https-alt] gateway-lb-qa.dev.braintree-api.com:8443
[https-alt] gateway-lb-sand.sandbox.braintree-api.com:8443
[https-alt] gateway-prod-ap-southeast-2.production.braintree-api.com:8443
[https-alt] gateway-prod-eu-central-1.production.braintree-api.com:8443
[https-alt] gateway-prod.production.braintree-api.com:8443
[https-alt] gateway-prod-us-east-1.production.braintree-api.com:8443
[https-alt] gateway-prod-us-east-2.production.braintree-api.com:8443
[https-alt] gateway-prod-us-west-2.production.braintree-api.com:8443
[https-alt] gateway-qa-ap-southeast-2.dev.braintree-api.com:8443
[https-alt] gateway-qa.dev.braintree-api.com:8443
[https-alt] gateway-qa-eu-central-1.dev.braintree-api.com:8443
[https-alt] gateway-qa-us-east-1.dev.braintree-api.com:8443
[https-alt] gateway-qa-us-east-2.dev.braintree-api.com:8443
[https-alt] gateway-qa-us-west-2.dev.braintree-api.com:8443
[https-alt] gateway-sand-ap-southeast-2.sandbox.braintree-api.com:8443
[https-alt] gateway-sand-eu-central-1.sandbox.braintree-api.com:8443
[https-alt] gateway-sand.sandbox.braintree-api.com:8443
[https-alt] gateway-sand-us-east-1.sandbox.braintree-api.com:8443
[https-alt] gateway-sand-us-east-2.sandbox.braintree-api.com:8443
[https-alt] gateway-sand-us-west-2.sandbox.braintree-api.com:8443
[https-alt] origin-atmosphere-qa.dev.braintree-api.com:8443
[https-alt] origin-cloud-ingress.gateway-prod.production.braintree-api.com:8443
[https-alt] origin-cloud-ingress.gateway-qa.dev.braintree-api.com:8443
[https-alt] origin-cloud-ingress.gateway-sand.sandbox.braintree-api.com:8443
[https-alt] payments.braintree-api.com:8443
[https-alt] payments-qa.dev.braintree-api.com:8443
[https-alt] payments.sandbox.braintree-api.com:8443
[https] analytics-prod-ap-southeast-2.production.braintree-api.com:443
[https] analytics-prod-eu-central-1.production.braintree-api.com:443
[https] analytics-prod-us-east-2.production.braintree-api.com:443
[https] analytics-prod-us-west-2.production.braintree-api.com:443
[https] analytics-qa-eu-central-1.dev.braintree-api.com:443
[https] application-inventory-qa-us-east-2.dev.braintree-api.com:443
[https] application-inventory-qa-us-west-2.dev.braintree-api.com:443
[https] arbiter-kubernetes-prod-us-west-2.production.braintree-api.com:443
[https] arbiter-kubernetes-qa-us-west-2.dev.braintree-api.com:443
[https] arbiter-kubernetes-sand-us-west-2.sandbox.braintree-api.com:443
[https] atmosphere-prod-ap-southeast-2.production.braintree-api.com:443
[https] atmosphere-prod-eu-central-1.production.braintree-api.com:443
[https] atmosphere-prod-us-east-1.production.braintree-api.com:443
[https] atmosphere-prod-us-east-2.production.braintree-api.com:443
[https] atmosphere-prod-us-west-2.production.braintree-api.com:443
[https] atmosphere-qa-ap-southeast-2.dev.braintree-api.com:443
[https] atmosphere-qa-eu-central-1.dev.braintree-api.com:443
[https] atmosphere-qa-us-east-1.dev.braintree-api.com:443
[https] atmosphere-sand-ap-southeast-2.sandbox.braintree-api.com:443
[https] atmosphere-sand-eu-central-1.sandbox.braintree-api.com:443
[https] atmosphere-sand-us-east-1.sandbox.braintree-api.com:443
[https] atmosphere-sand-us-east-2.sandbox.braintree-api.com:443
[https] atmosphere-sand-us-west-2.sandbox.braintree-api.com:443
[https] bazaar-prod-us-west-2.production.braintree-api.com:443
[https] bazaar-sand-us-west-2.sandbox.braintree-api.com:443
[https] billing-registration-prod-us-west-2.production.braintree-api.com:443
[https] blue-front-door.braintree-api.com:443
[https] blue-front-door-prod-us-east-1.production.braintree-api.com:443
[https] blue-front-door-prod-us-east-2.production.braintree-api.com:443
[https] blue-front-door-prod-us-west-2.production.braintree-api.com:443
[https] blue-front-door-qa.dev.braintree-api.com:443
[https] blue-front-door-qa-us-east-1.dev.braintree-api.com:443
[https] blue-front-door-qa-us-east-2.dev.braintree-api.com:443
[https] blue-front-door-qa-us-west-2.dev.braintree-api.com:443
[https] blue-front-door.sandbox.braintree-api.com:443
[https] blue-front-door-sand-us-east-1.sandbox.braintree-api.com:443
[https] blue-front-door-sand-us-east-2.sandbox.braintree-api.com:443
[https] blue-front-door-sand-us-west-2.sandbox.braintree-api.com:443
[https] brisk-http-prod-us-west-2.production.braintree-api.com:443
[https] brisk-http-qa-us-west-2.dev.braintree-api.com:443
[https] briskqa-http-prod-us-west-2.production.braintree-api.com:443
[https] data-airflow-webserver-dataprod-us-east-2.data-production.braintree-api.com:443
[https] data-airflow-webserver-datastag-us-east-2.data-staging.braintree-api.com:443
[https] data-airflow-webserver-sand-us-east-2.sandbox.braintree-api.com:443
[https] datacenter.gateway-prod.production.braintree-api.com:443
[https] datacenter.gateway-qa.dev.braintree-api.com:443
[https] datacenter.gateway-sand.sandbox.braintree-api.com:443
[https] disputes-panel-prod-us-west-2.production.braintree-api.com:443
[https] disputes-panel-sand-us-west-2.sandbox.braintree-api.com:443
[https] docs-prod-us-east-2.production.braintree-api.com:443
[https] docs-qa-us-east-2.dev.braintree-api.com:443
[https] doorman-qa-us-west-2.dev.braintree-api.com:443
[https] externalauth-prod-us-west-2.production.braintree-api.com:443
[https] externalauth-qa-us-west-2.dev.braintree-api.com:443
[https] externalauth-sand-us-west-2.sandbox.braintree-api.com:443
[https] falcon-prod-us-east-1.production.braintree-api.com:443
[https] falcon-prod-us-east-2.production.braintree-api.com:443
[https] falcon-prod-us-west-2.production.braintree-api.com:443
[https] falcon-qa-us-east-1.dev.braintree-api.com:443
[https] falcon-qa-us-east-2.dev.braintree-api.com:443
[https] falcon-qa-us-west-2.dev.braintree-api.com:443
[https] falcon-sand-us-east-1.sandbox.braintree-api.com:443
[https] falcon-sand-us-east-2.sandbox.braintree-api.com:443
[https] falcon-sand-us-west-2.sandbox.braintree-api.com:443
[https] functions.sandbox.braintree-api.com:443
[https] gateway.braintree-api.com:443
[https] gateway-lb-prod.production.braintree-api.com:443
[https] gateway-lb-qa.dev.braintree-api.com:443
[https] gateway-lb-sand.sandbox.braintree-api.com:443
[https] gateway-prod-ap-southeast-2.production.braintree-api.com:443
[https] gateway-prod-eu-central-1.production.braintree-api.com:443
[https] gateway-prod.production.braintree-api.com:443
[https] gateway-prod-us-east-1.production.braintree-api.com:443
[https] gateway-prod-us-east-2.production.braintree-api.com:443
[https] gateway-prod-us-west-2.production.braintree-api.com:443
[https] gateway-qa-ap-southeast-2.dev.braintree-api.com:443
[https] gateway-qa.dev.braintree-api.com:443
[https] gateway-qa-eu-central-1.dev.braintree-api.com:443
[https] gateway-qa-us-east-1.dev.braintree-api.com:443
[https] gateway-qa-us-east-2.dev.braintree-api.com:443
[https] gateway-qa-us-west-2.dev.braintree-api.com:443
[https] gateway-sand-ap-southeast-2.sandbox.braintree-api.com:443
[https] gateway-sand-eu-central-1.sandbox.braintree-api.com:443
[https] gateway-sand.sandbox.braintree-api.com:443
[https] gateway-sand-us-east-1.sandbox.braintree-api.com:443
[https] gateway-sand-us-east-2.sandbox.braintree-api.com:443
[https] gateway-sand-us-west-2.sandbox.braintree-api.com:443
[https] graphql.dev.braintree-api.com:443
[https] graphql-docs-sand-us-east-1.sandbox.braintree-api.com:443
[https] k8s-oidc.data-production.braintree-api.com:443
[https] k8s-oidc-dataprod-us-east-2.data-production.braintree-api.com:443
[https] k8s-oidc.data-staging.braintree-api.com:443
[https] k8s-oidc-datastag-us-east-2.data-staging.braintree-api.com:443
[https] k8s-oidc-prod-ap-southeast-2.production.braintree-api.com:443
[https] k8s-oidc-prod-eu-central-1.production.braintree-api.com:443
[https] k8s-oidc.production.braintree-api.com:443
[https] k8s-oidc-prod-us-east-1.production.braintree-api.com:443
[https] k8s-oidc-prod-us-east-2.production.braintree-api.com:443
[https] k8s-oidc-prod-us-west-2.production.braintree-api.com:443
[https] k8s-oidc-sand-ap-southeast-2.sandbox.braintree-api.com:443
[https] k8s-oidc.sandbox.braintree-api.com:443
[https] k8s-oidc-sand-eu-central-1.sandbox.braintree-api.com:443
[https] k8s-oidc-sand-us-east-1.sandbox.braintree-api.com:443
[https] k8s-oidc-sand-us-east-2.sandbox.braintree-api.com:443
[https] k8s-oidc-sand-us-west-2.sandbox.braintree-api.com:443
[https] localpay-checkout.sandbox.braintree-api.com:443
[https] localpay-checkout-test.sandbox.braintree-api.com:443
[https] login-prod.production.braintree-api.com:443
[https] login-qa.dev.braintree-api.com:443
[https] login-qa-us-east-1.dev.braintree-api.com:443
[https] marketing-prod-us-east-2.production.braintree-api.com:443
[https] marketing-qa-us-east-2.dev.braintree-api.com:443
[https] merchant-panel-prod-us-west-2.production.braintree-api.com:443
[https] merchant-panel-qa-us-west-2.dev.braintree-api.com:443
[https] merchant-panel-sand-us-west-2.sandbox.braintree-api.com:443
[https] millennium-simulator.dev.braintree-api.com:443
[https] millennium-simulator.sandbox.braintree-api.com:443
[https] origin-analytics-prod.production.braintree-api.com:443
[https] origin-analytics-qa.dev.braintree-api.com:443
[https] origin-analytics-sand.sandbox.braintree-api.com:443
[https] origin-atmosphere-prod.production.braintree-api.com:443
[https] origin-atmosphere-qa.dev.braintree-api.com:443
[https] origin-atmosphere-sand.sandbox.braintree-api.com:443
[https] origin-blue-front-door-prod.production.braintree-api.com:443
[https] origin-blue-front-door-qa.dev.braintree-api.com:443
[https] origin-blue-front-door-sand.sandbox.braintree-api.com:443
[https] origin-brisk-http-prod.production.braintree-api.com:443
[https] origin-cloud-ingress.gateway-prod.production.braintree-api.com:443
[https] origin-cloud-ingress.gateway-qa.dev.braintree-api.com:443
[https] origin-cloud-ingress.gateway-sand.sandbox.braintree-api.com:443
[https] origin-merchant-panel-prod.production.braintree-api.com:443
[https] origin-merchant-panel-sand.sandbox.braintree-api.com:443
[https] origin-panels-api-prod.production.braintree-api.com:443
[https] origin-panels-api-sand.sandbox.braintree-api.com:443
[https] origin-processor-webhook-receiver-prod.production.braintree-api.com:443
[https] origin-processor-webhook-receiver-sand.sandbox.braintree-api.com:443
[https] origin-tokenizer-prod.production.braintree-api.com:443
[https] origin-tokenizer-qa.dev.braintree-api.com:443
[https] origin-tokenizer-sand.sandbox.braintree-api.com:443
[https] osquery-manager-prod-us-east-2.production.braintree-api.com:443
[https] osquery-manager-qa-us-west-2.dev.braintree-api.com:443
[https] panels-api-prod-us-west-2.production.braintree-api.com:443
[https] panels-api-sand-us-west-2.sandbox.braintree-api.com:443
[https] panels.braintree-api.com:443
[https] panels.sandbox.braintree-api.com:443
[https] payments.braintree-api.com:443
[https] payments-dev.dev.braintree-api.com:443
[https] payments-qa.dev.braintree-api.com:443
[https] payments.sandbox.braintree-api.com:443
[https] payments-static-ip.braintree-api.com:443
[https] payments-static-ip.sandbox.braintree-api.com:443
[https] pigeon.dev.braintree-api.com:443
[https] pigeon.production.braintree-api.com:443
[https] pigeon.sandbox.braintree-api.com:443
[https] pricing-prod.production.braintree-api.com:443
[https] pricing-qa.dev.braintree-api.com:443
[https] processor-webhook-receiver-prod-us-west-2.production.braintree-api.com:443
[https] processor-webhook-receiver-sand-us-west-2.sandbox.braintree-api.com:443
[https] prodconf-website-qa-us-west-2.dev.braintree-api.com:443
[https] reader-ap-southeast-2.braintree-api.com:443
[https] reader-ap-southeast-2.sandbox.braintree-api.com:443
[https] reader.braintree-api.com:443
[https] reader-eu-central-1.braintree-api.com:443
[https] reader-eu-central-1.sandbox.braintree-api.com:443
[https] reader.sandbox.braintree-api.com:443
[https] reader-us-east-1.braintree-api.com:443
[https] reader-us-east-1.sandbox.braintree-api.com:443
[https] reader-us-east-2.braintree-api.com:443
[https] reader-us-east-2.sandbox.braintree-api.com:443
[https] reader-us-west-2.braintree-api.com:443
[https] reader-us-west-2.sandbox.braintree-api.com:443
[https] reader-websocket-ap-southeast-2.braintree-api.com:443
[https] reader-websocket-ap-southeast-2.sandbox.braintree-api.com:443
[https] reader-websocket.braintree-api.com:443
[https] reader-websocket-eu-central-1.braintree-api.com:443
[https] reader-websocket-eu-central-1.sandbox.braintree-api.com:443
[https] reader-websocket.sandbox.braintree-api.com:443
[https] reader-websocket-us-east-1.braintree-api.com:443
[https] reader-websocket-us-east-1.sandbox.braintree-api.com:443
[https] reader-websocket-us-east-2.braintree-api.com:443
[https] reader-websocket-us-east-2.sandbox.braintree-api.com:443
[https] reader-websocket-us-west-2.braintree-api.com:443
[https] reader-websocket-us-west-2.sandbox.braintree-api.com:443
[https] tokenizer-prod-ap-southeast-2.production.braintree-api.com:443
[https] tokenizer-prod-eu-central-1.production.braintree-api.com:443
[https] tokenizer-prod-us-east-1.production.braintree-api.com:443
[https] tokenizer-prod-us-east-2.production.braintree-api.com:443
[https] tokenizer-prod-us-west-2.production.braintree-api.com:443
[https] tokenizer-qa-ap-southeast-2.dev.braintree-api.com:443
[https] tokenizer-qa-eu-central-1.dev.braintree-api.com:443
[https] tokenizer-qa-us-east-1.dev.braintree-api.com:443
[https] tokenizer-qa-us-east-2.dev.braintree-api.com:443
[https] tokenizer-qa-us-west-2.dev.braintree-api.com:443
[https] tokenizer-sand-ap-southeast-2.sandbox.braintree-api.com:443
[https] tokenizer-sand-eu-central-1.sandbox.braintree-api.com:443
[https] tokenizer-sand-us-east-1.sandbox.braintree-api.com:443
[https] tokenizer-sand-us-east-2.sandbox.braintree-api.com:443
[https] tokenizer-sand-us-west-2.sandbox.braintree-api.com:443
[https] transactions-prod-us-east-1.production.braintree-api.com:443
[https] transactions-prod-us-east-2.production.braintree-api.com:443
[https] transactions-prod-us.production.braintree-api.com:443
[https] transactions-prod-us-west-2.production.braintree-api.com:443
[https] transactions-qa-us.dev.braintree-api.com:443
[https] transactions-qa-us-east-1.dev.braintree-api.com:443
[https] transactions-qa-us-east-2.dev.braintree-api.com:443
[https] transactions-qa-us-west-2.dev.braintree-api.com:443
[https] transactions-sand-us-east-1.sandbox.braintree-api.com:443
[https] transactions-sand-us-east-2.sandbox.braintree-api.com:443
[https] transactions-sand-us.sandbox.braintree-api.com:443
[https] transactions-sand-us-west-2.sandbox.braintree-api.com:443
[https] tugboat-prod-us-east-2.production.braintree-api.com:443
[https] tugboat-qa-us-east-2.dev.braintree-api.com:443
[kerberos-sec] directory.dev.braintree-api.com:88
[kpasswd5] directory.dev.braintree-api.com:464
[ldap] directory.dev.braintree-api.com:389
[oracleas-https] datacenter.gateway-prod.production.braintree-api.com:7443
[oracleas-https] datacenter.gateway-qa.dev.braintree-api.com:7443
[oracleas-https] datacenter.gateway-sand.sandbox.braintree-api.com:7443
