[amqp] partner.canva.com:5672
[ansoft-lm-2] creator.canva.com:1084
[ansoft-lm-2] partner.canva.com:1084
[blackice-icecap] creator.canva.com:8081
[blackice-icecap] partner.canva.com:8081
[cddbp-alt] canva.com:8880
[ctf] creator.canva.com:84
[ctf] partner.canva.com:84
[dn6-nlm-aud] partner.canva.com:195
[dnp] creator.canva.com:20000
[dnp] partner.canva.com:20000
[d-s-n] creator.canva.com:8086
[d-s-n] partner.canva.com:8086
[eli] canva.com:2087
[epp] creator.canva.com:700
[epp] partner.canva.com:700
[ff-annunc] creator.canva.com:1089
[ff-annunc] partner.canva.com:1089
[gnunet] canva.com:2086
[http] about.canva.com:80
[http] advocates.canva.com:80
[http] affiliates.canva.com:80
[http] album.canva.com:80
[http] api.canva.com:80
[http] app-resources.canva.com:80
[http] apps.canva.com:80
[http] ar-eg.about.canva.com:80
[http] audio-private.canva.com:80
[http] audio-public.canva.com:80
[http] audio-upload.canva.com:80
[http] banner-static.canva.com:80
[http] button-demo.canva.com:80
[http] canva.com:80
[http] careers.canva.com:80
[http] category-public.canva.com:80
[http] cl.canva.com:80
[http] community.canva.com:80
[http] content-management-files.canva.com:80
[http] creator.canva.com:80
[http] cse.canva.com:80
[http] ct.canva.com:80
[http] da-dk.about.canva.com:80
[http] de-de.about.canva.com:80
[http] de-de.learn.canva.com:80
[http] deploy.canva.com:80
[http] design-automation-font-recommendations.canva.com:80
[http] design-automation-preset-styles.canva.com:80
[http] designschool.canva.com:80
[http] desktop-release.canva.com:80
[http] developer.canva.com:80
[http] developers.canva.com:80
[http] docs.developer.canva.com:80
[http] document-export.canva.com:80
[http] email-design-template.canva.com:80
[http] email-public.canva.com:80
[http] email.teamable.canva.com:80
[http] engineering.canva.com:80
[http] en-in.about.canva.com:80
[http] es-ar.about.canva.com:80
[http] es-co.about.canva.com:80
[http] es-es.about.canva.com:80
[http] es-mx.about.canva.com:80
[http] es-mx.learn.canva.com:80
[http] es-us.about.canva.com:80
[http] experiments-static.canva.com:80
[http] export-download.canva.com:80
[http] font-ingest.canva.com:80
[http] font-private.canva.com:80
[http] font-public.canva.com:80
[http] font-subsets.canva.com:80
[http] fr-fr.about.canva.com:80
[http] fr-fr.learn.canva.com:80
[http] go.canva.com:80
[http] go.edu.canva.com:80
[http] help-public.canva.com:80
[http] id-id.about.canva.com:80
[http] id-id.learn.canva.com:80
[http] image.canva.com:80
[http] image-manipulation.canva.com:80
[http] import.canva.com:80
[http] import-contributor-upload.canva.com:80
[http] inproductmarketing-static.canva.com:80
[http] insights.canva.com:80
[http] it-it.about.canva.com:80
[http] ja-jp.about.canva.com:80
[http] ja-jp.learn.canva.com:80
[http] ko-kr.about.canva.com:80
[http] l.create.canva.com:80
[http] l.engage.canva.com:80
[http] l.support.canva.com:80
[http] marketing.canva.com:80
[http] marketplace.canva.com:80
[http] media-private.canva.com:80
[http] media-public.canva.com:80
[http] ms-my.about.canva.com:80
[http] nb-no.about.canva.com:80
[http] nl-nl.about.canva.com:80
[http] partner.canva.com:80
[http] partnership-artwork.canva.com:80
[http] partnership-assets.canva.com:80
[http] phoenix.canva.com:80
[http] photo-editor.canva.com:80
[http] pl-pl.about.canva.com:80
[http] pm-bounces.canva.com:80
[http] print-assets.canva.com:80
[http] print-product-assets.canva.com:80
[http] product.canva.com:80
[http] profile.canva.com:80
[http-proxy] canva.com:8080
[http-proxy] creator.canva.com:8080
[http-proxy] partner.canva.com:8080
[http] pt-br.about.canva.com:80
[http] pt-br.learn.canva.com:80
[http] pt-pt.about.canva.com:80
[http] public-file-uploads.cse.canva.com:80
[http] renderer.cse.canva.com:80
[http] resources.canva.com:80
[http] ru-ru.about.canva.com:80
[http] ru-ru.learn.canva.com:80
[https] 1p-sc.canva.com:443
[https] about.canva.com:443
[https] advocates.canva.com:443
[https] affiliates.canva.com:443
[https] album.canva.com:443
[https-alt] canva.com:8443
[https] api.canva.com:443
[https] app-resources.canva.com:443
[https] apps.canva.com:443
[https] ar-eg.about.canva.com:443
[https] audio-private.canva.com:443
[https] audio-public.canva.com:443
[https] audio-upload.canva.com:443
[https] banner-static.canva.com:443
[https] button-demo.canva.com:443
[https] canva.com:443
[https] capi.cse.canva.com:443
[https] careers.canva.com:443
[https] category-public.canva.com:443
[https] cl.canva.com:443
[https] community.canva.com:443
[https] content-management-files.canva.com:443
[https] creator.canva.com:443
[https] ct.canva.com:443
[https] da-dk.about.canva.com:443
[https] de-de.about.canva.com:443
[https] de-de.learn.canva.com:443
[https] deploy.canva.com:443
[https] design-automation-font-recommendations.canva.com:443
[https] design-automation-preset-styles.canva.com:443
[https] designschool.canva.com:443
[https] desktop-release.canva.com:443
[https] developer.canva.com:443
[https] developers.canva.com:443
[http] sdk.canva.com:80
[https] docs.developer.canva.com:443
[https] document-export.canva.com:443
[https] email-design-template.canva.com:443
[https] email-public.canva.com:443
[https] email.teamable.canva.com:443
[https] engineering.canva.com:443
[https] en-in.about.canva.com:443
[https] es-ar.about.canva.com:443
[https] es-co.about.canva.com:443
[https] es-es.about.canva.com:443
[https] es-mx.about.canva.com:443
[https] es-mx.learn.canva.com:443
[https] es-us.about.canva.com:443
[https] experiments-static.canva.com:443
[https] export-download.canva.com:443
[http] sfe.canva.com:80
[https] font-ingest.canva.com:443
[https] font-private.canva.com:443
[https] font-public.canva.com:443
[https] font-subsets.canva.com:443
[https] fr-fr.about.canva.com:443
[https] fr-fr.learn.canva.com:443
[https] go.canva.com:443
[https] go.edu.canva.com:443
[http] share.canva.com:80
[http] share-upload.canva.com:80
[https] help-public.canva.com:443
[https] id-id.about.canva.com:443
[https] id-id.learn.canva.com:443
[https] image.canva.com:443
[https] image-manipulation.canva.com:443
[https] import.canva.com:443
[https] import-contributor-upload.canva.com:443
[https] inproductmarketing-static.canva.com:443
[https] insights.canva.com:443
[http] sitemap.canva.com:80
[https] it-it.about.canva.com:443
[https] ja-jp.about.canva.com:443
[https] ja-jp.learn.canva.com:443
[https] ko-kr.about.canva.com:443
[https] l.create.canva.com:443
[https] l.engage.canva.com:443
[https] l.support.canva.com:443
[https] marketing.canva.com:443
[https] marketplace.canva.com:443
[https] media-private.canva.com:443
[https] media-public.canva.com:443
[https] ms-my.about.canva.com:443
[https] nb-no.about.canva.com:443
[https] nl-nl.about.canva.com:443
[https] partner.canva.com:443
[https] partnership-artwork.canva.com:443
[https] partnership-assets.canva.com:443
[https] phoenix.canva.com:443
[https] photo-editor.canva.com:443
[https] pl-pl.about.canva.com:443
[https] print-assets.canva.com:443
[https] print-product-assets.canva.com:443
[https] product.canva.com:443
[https] profile.canva.com:443
[https] proxy.cse.canva.com:443
[https] proxy.dd.canva.com:443
[https] proxy-failover.dd.canva.com:443
[https] pt-br.about.canva.com:443
[https] pt-br.learn.canva.com:443
[https] pt-pt.about.canva.com:443
[https] public-file-uploads.cse.canva.com:443
[https] resources.canva.com:443
[https] ru-ru.about.canva.com:443
[https] ru-ru.learn.canva.com:443
[https] sdk.canva.com:443
[https] sfe.canva.com:443
[https] share.canva.com:443
[https] share-upload.canva.com:443
[https] sitemap.canva.com:443
[https] static-cse.canva.com:443
[https] status.canva.com:443
[https] support.canva.com:443
[https] sv-se.about.canva.com:443
[http] static-cse.canva.com:80
[http] status.canva.com:80
[https] template-private.canva.com:443
[https] th-th.about.canva.com:443
[https] thumbnail.canva.com:443
[https] track.canva.com:443
[https] tracking.canva.com:443
[https] tr-tr.about.canva.com:443
[https] uk-ua.about.canva.com:443
[https] unhcr-design-for-a-cause-uploads.cse.canva.com:443
[http] support.canva.com:80
[https] video-placeholders.canva.com:443
[https] video-private-assets.canva.com:443
[https] video-private.canva.com:443
[https] video-public.canva.com:443
[https] video-upload.canva.com:443
[https] vi-vn.about.canva.com:443
[http] sv-se.about.canva.com:80
[https] wiki.canva.com:443
[https] wpassets.canva.com:443
[https] ww.canva.com:443
[https] www.canva.com:443
[https] zh-cn.about.canva.com:443
[https] zh-cn.learn.canva.com:443
[https] zh-hk.about.canva.com:443
[https] zh-tw.about.canva.com:443
[http] template-private.canva.com:80
[http] th-th.about.canva.com:80
[http] thumbnail.canva.com:80
[http] track.canva.com:80
[http] tracking.canva.com:80
[http] tr-tr.about.canva.com:80
[http] uk-ua.about.canva.com:80
[http] unhcr-design-for-a-cause-uploads.cse.canva.com:80
[http] video-placeholders.canva.com:80
[http] video-private-assets.canva.com:80
[http] video-private.canva.com:80
[http] video-public.canva.com:80
[http] video-upload.canva.com:80
[http] vi-vn.about.canva.com:80
[http] wiki.canva.com:80
[http] wpassets.canva.com:80
[http] ww.canva.com:80
[http] www.canva.com:80
[http] zh-cn.about.canva.com:80
[http] zh-cn.learn.canva.com:80
[http] zh-hk.about.canva.com:80
[http] zh-tw.about.canva.com:80
[ies-lm] creator.canva.com:1443
[ies-lm] partner.canva.com:1443
[imap] creator.canva.com:143
[imap] partner.canva.com:143
[imaps] creator.canva.com:993
[imaps] partner.canva.com:993
[infowave] canva.com:2082
[jetdirect] creator.canva.com:9100
[jetdirect] partner.canva.com:9100
[memcache] partner.canva.com:11211
[mit-ml-dev] creator.canva.com:83
[mit-ml-dev] creator.canva.com:85
[mit-ml-dev] partner.canva.com:83
[mit-ml-dev] partner.canva.com:85
[mqtt] partner.canva.com:1883
[ms-wbt-server] creator.canva.com:3389
[ms-wbt-server] partner.canva.com:3389
[nbx-dir] canva.com:2096
[ncd-conf] creator.canva.com:5999
[ncd-conf] partner.canva.com:5999
[ndmps] creator.canva.com:30000
[ndmps] partner.canva.com:30000
[opsmessaging] creator.canva.com:8090
[opsmessaging] partner.canva.com:8090
[pop3] creator.canva.com:110
[pop3] partner.canva.com:110
[pop3s] creator.canva.com:995
[pop3s] partner.canva.com:995
[postgresql] creator.canva.com:5432
[postgresql] partner.canva.com:5432
[radan-http] creator.canva.com:8088
[radan-http] partner.canva.com:8088
[radsec] canva.com:2083
[redis] partner.canva.com:6379
[rtmp] creator.canva.com:1935
[rtmp] partner.canva.com:1935
[smtp] creator.canva.com:25
[smtp] partner.canva.com:25
[smtps] creator.canva.com:465
[smtps] partner.canva.com:465
[ssh] audio-ftp.canva.com:22
[ssh] ftp.canva.com:22
[submission] creator.canva.com:587
[submission] partner.canva.com:587
[su-mit-tg] creator.canva.com:89
[su-mit-tg] partner.canva.com:89
[unknown] creator.canva.com:8085
[unknown] creator.canva.com:8089
[unknown] creator.canva.com:8099
[unknown] partner.canva.com:8085
[unknown] partner.canva.com:8089
[unknown] partner.canva.com:8099
[vnc-1] creator.canva.com:5901
[vnc-1] partner.canva.com:5901
[vnc] creator.canva.com:5900
[vnc] partner.canva.com:5900
[wap-wsp] creator.canva.com:9200
[wap-wsp] partner.canva.com:9200
[webobjects] creator.canva.com:1085
[webobjects] partner.canva.com:1085
[whois] creator.canva.com:43
[whois] partner.canva.com:43
[xmpp-client] creator.canva.com:5222
[xmpp-client] partner.canva.com:5222
