[cddbp-alt] apps.canva-apps.cn:8880
[cddbp-alt] blog.canva-apps.cn:8880
[cddbp-alt] contentapp.canva-apps.cn:8880
[eli] apps.canva-apps.cn:2087
[eli] blog.canva-apps.cn:2087
[eli] canva-apps.cn:2087
[eli] contentapp.canva-apps.cn:2087
[eli] www.canva-apps.cn:2087
[gnunet] apps.canva-apps.cn:2086
[gnunet] blog.canva-apps.cn:2086
[gnunet] canva-apps.cn:2086
[gnunet] contentapp.canva-apps.cn:2086
[http] apps.canva-apps.cn:80
[http] blog.canva-apps.cn:80
[http] canva-apps.cn:80
[http] contentapp.canva-apps.cn:80
[http-proxy] apps.canva-apps.cn:8080
[http-proxy] blog.canva-apps.cn:8080
[http-proxy] canva-apps.cn:8080
[http-proxy] contentapp.canva-apps.cn:8080
[http-proxy] www.canva-apps.cn:8080
[https-alt] apps.canva-apps.cn:8443
[https-alt] blog.canva-apps.cn:8443
[https-alt] canva-apps.cn:8443
[https-alt] contentapp.canva-apps.cn:8443
[https-alt] www.canva-apps.cn:8443
[https] apps.canva-apps.cn:443
[https] blog.canva-apps.cn:443
[https] canva-apps.cn:443
[https] contentapp.canva-apps.cn:443
[https] webmail.canva-apps.cn:443
[https] www.canva-apps.cn:443
[http] webmail.canva-apps.cn:80
[http] www.canva-apps.cn:80
[infowave] apps.canva-apps.cn:2082
[infowave] blog.canva-apps.cn:2082
[infowave] canva-apps.cn:2082
[infowave] contentapp.canva-apps.cn:2082
[infowave] www.canva-apps.cn:2082
[nbx-ser] contentapp.canva-apps.cn:2095
[radsec] apps.canva-apps.cn:2083
[radsec] blog.canva-apps.cn:2083
[radsec] canva-apps.cn:2083
[radsec] contentapp.canva-apps.cn:2083
[radsec] www.canva-apps.cn:2083
