[http] 1cba.vriment-2.wire.community-share-upload.budget.h21-updated.inst.scm.cn-northwest-1.na-cnprod.s4devkhs.ftpanva.cn.canva.cn:80
[http] about.canva.cn:80
[http] api.canva.cn:80
[http] apps.canva.cn:80
[http] audio-private.canva.cn:80
[http] banner-static.canva.cn:80
[http] canva.cn:80
[http] category-public.canva.cn:80
[http] cl.canva.cn:80
[http] content-management-files.canva.cn:80
[http] design-automation-font-recommendations.canva.cn:80
[http] design-automation-preset-styles.canva.cn:80
[http] document-export.canva.cn:80
[http] experiments-static.canva.cn:80
[http] export-download.canva.cn:80
[http] font-private.canva.cn:80
[http] font-public.canva.cn:80
[http] font-subsets.canva.cn:80
[http] image.canva.cn:80
[http] image-manipulation.canva.cn:80
[http] import.canva.cn:80
[http] inproductmarketing-static.canva.cn:80
[http] learn.canva.cn:80
[http] live.canva.cn:80
[http] marketplace.canva.cn:80
[http] media-private.canva.cn:80
[http] media-public.canva.cn:80
[http] phoenix.canva.cn:80
[http] phoenix-capi.canva.cn:80
[http] profile.canva.cn:80
[http-proxy] about.canva.cn:8080
[http-proxy] api.canva.cn:8080
[http-proxy] apps.canva.cn:8080
[http-proxy] audio-private.canva.cn:8080
[http-proxy] banner-static.canva.cn:8080
[http-proxy] canva.cn:8080
[http-proxy] category-public.canva.cn:8080
[http-proxy] cl.canva.cn:8080
[http-proxy] content-management-files.canva.cn:8080
[http-proxy] design-automation-font-recommendations.canva.cn:8080
[http-proxy] design-automation-preset-styles.canva.cn:8080
[http-proxy] document-export.canva.cn:8080
[http-proxy] experiments-static.canva.cn:8080
[http-proxy] export-download.canva.cn:8080
[http-proxy] font-private.canva.cn:8080
[http-proxy] font-public.canva.cn:8080
[http-proxy] font-subsets.canva.cn:8080
[http-proxy] image.canva.cn:8080
[http-proxy] image-manipulation.canva.cn:8080
[http-proxy] import.canva.cn:8080
[http-proxy] inproductmarketing-static.canva.cn:8080
[http-proxy] learn.canva.cn:8080
[http-proxy] live.canva.cn:8080
[http-proxy] marketplace.canva.cn:8080
[http-proxy] media-private.canva.cn:8080
[http-proxy] media-public.canva.cn:8080
[http-proxy] phoenix.canva.cn:8080
[http-proxy] profile.canva.cn:8080
[http-proxy] sdk.canva.cn:8080
[http-proxy] sfe.canva.cn:8080
[http-proxy] share.canva.cn:8080
[http-proxy] share-upload.canva.cn:8080
[http-proxy] sitemap.canva.cn:8080
[http-proxy] static.canva.cn:8080
[http-proxy] static-cse.canva.cn:8080
[http-proxy] status.canva.cn:8080
[http-proxy] support.canva.cn:8080
[http-proxy] template.canva.cn:8080
[http-proxy] thumbnail.canva.cn:8080
[http-proxy] upload.canva.cn:8080
[http-proxy] video-placeholders.canva.cn:8080
[http-proxy] video-private.canva.cn:8080
[http-proxy] video-public.canva.cn:8080
[http-proxy] video-upload.canva.cn:8080
[http-proxy] www.canva.cn:8080
[http-proxy] www.google.combucky.33733.org-anissa-areariservata-machine.cmfznhvc3pq7cse.ruletheearthjwxt1-csestores.canva.cn:8080
[http-proxy] www.google.combucky.33733-swag.adminsanissa-areariservata-machine.cmnlistmail.test1cse.web7460.canva.cn:8080
[https] 1cba.vriment-2.wire.community-share-upload.budget.h21-updated.inst.scm.cn-northwest-1.na-cnprod.s4devkhs.ftpanva.cn.canva.cn:443
[https] about.canva.cn:443
[https-alt] about.canva.cn:8443
[https-alt] api.canva.cn:8443
[https-alt] apps.canva.cn:8443
[https-alt] audio-private.canva.cn:8443
[https-alt] banner-static.canva.cn:8443
[https-alt] canva.cn:8443
[https-alt] category-public.canva.cn:8443
[https-alt] cl.canva.cn:8443
[https-alt] content-management-files.canva.cn:8443
[https-alt] design-automation-font-recommendations.canva.cn:8443
[https-alt] design-automation-preset-styles.canva.cn:8443
[https-alt] document-export.canva.cn:8443
[https-alt] experiments-static.canva.cn:8443
[https-alt] export-download.canva.cn:8443
[https-alt] font-private.canva.cn:8443
[https-alt] font-public.canva.cn:8443
[https-alt] font-subsets.canva.cn:8443
[https-alt] image.canva.cn:8443
[https-alt] image-manipulation.canva.cn:8443
[https-alt] import.canva.cn:8443
[https-alt] inproductmarketing-static.canva.cn:8443
[https-alt] learn.canva.cn:8443
[https-alt] live.canva.cn:8443
[https-alt] marketplace.canva.cn:8443
[https-alt] media-private.canva.cn:8443
[https-alt] media-public.canva.cn:8443
[https-alt] phoenix.canva.cn:8443
[https-alt] profile.canva.cn:8443
[https-alt] sdk.canva.cn:8443
[https-alt] sfe.canva.cn:8443
[https-alt] share.canva.cn:8443
[https-alt] share-upload.canva.cn:8443
[https-alt] sitemap.canva.cn:8443
[https-alt] static.canva.cn:8443
[https-alt] static-cse.canva.cn:8443
[https-alt] status.canva.cn:8443
[https-alt] support.canva.cn:8443
[https-alt] template.canva.cn:8443
[https-alt] thumbnail.canva.cn:8443
[https-alt] upload.canva.cn:8443
[https-alt] video-placeholders.canva.cn:8443
[https-alt] video-private.canva.cn:8443
[https-alt] video-public.canva.cn:8443
[https-alt] video-upload.canva.cn:8443
[https-alt] www.canva.cn:8443
[https] api.canva.cn:443
[https] apps.canva.cn:443
[https] audio-private.canva.cn:443
[https] banner-static.canva.cn:443
[https] canva.cn:443
[https] category-public.canva.cn:443
[https] cl.canva.cn:443
[https] content-management-files.canva.cn:443
[https] design-automation-font-recommendations.canva.cn:443
[https] design-automation-preset-styles.canva.cn:443
[http] sdk.canva.cn:80
[https] document-export.canva.cn:443
[https] experiments-static.canva.cn:443
[https] export-download.canva.cn:443
[http] sfe.canva.cn:80
[https] font-private.canva.cn:443
[https] font-public.canva.cn:443
[https] font-subsets.canva.cn:443
[http] share.canva.cn:80
[http] share-upload.canva.cn:80
[https] image.canva.cn:443
[https] image-manipulation.canva.cn:443
[https] import.canva.cn:443
[https] inproductmarketing-static.canva.cn:443
[http] sitemap.canva.cn:80
[https] learn.canva.cn:443
[https] live.canva.cn:443
[https] marketplace.canva.cn:443
[https] media-private.canva.cn:443
[https] media-public.canva.cn:443
[https] phoenix.canva.cn:443
[https] phoenix-capi.canva.cn:443
[https] profile.canva.cn:443
[https] sdk.canva.cn:443
[https] sfe.canva.cn:443
[https] share.canva.cn:443
[https] share-upload.canva.cn:443
[https] sitemap.canva.cn:443
[https] static.canva.cn:443
[https] static-cse.canva.cn:443
[https] status.canva.cn:443
[https] support.canva.cn:443
[http] static.canva.cn:80
[http] static-cse.canva.cn:80
[http] status.canva.cn:80
[https] template.canva.cn:443
[https] thumbnail.canva.cn:443
[https] upload.canva.cn:443
[http] support.canva.cn:80
[https] video-placeholders.canva.cn:443
[https] video-private.canva.cn:443
[https] video-public.canva.cn:443
[https] video-upload.canva.cn:443
[https] webproxy.idc-lorien.azuredevs-65tpp0l-bh-arppofind.php.comssets.communitys4272cse-catv-krypton.vpncloud-gitwire.2.canva.cn:443
[https] wire.community-communitywwodosoft-760facebwserver.cseajtgm-info.canva.cn:443
[https] wire.community.cse-areaarearisercommunityax.areaarearisercommunityax.1phpdevs.6.canva.cn:443
[https] wire.community.cseyoun22ya2.canva.cn:443
[https] wire.community.cse-z55i2kerisere10dvkv.marketplacecsestores.1.canva.cn:443
[https] wire.community.cse-z55i2kerisere10dvkv.z55i2kerisere10dvkv.1phpdevs.6.canva.cn:443
[https] wire.community.cse-z55i2kerisere10dvkv.z55i2kerisere10dvkv.nladministrator.1.canva.cn:443
[https] wire.community.gl12tegoryfronics12dnswildc12rdproducts.cseajtgm-info.canva.cn:443
[https] wire.community.k48kjihgfedcba987658.cse-develop.stg.develop.1.canva.cn:443
[https] wire.community.phoenix-capi-expsh1104umlkj.expsh1104umlkj.1.canva.cn:443
[https] wire.community-share-upload.budget.h21-updated.inst.aws.staging-crm.cnprod.nortmedias4devkhs.2021ftpanva.cn.canva.cn:443
[https] www.canva.cn:443
[https] www.google.combucky.08083.k8s-csemobile94383-areariservata-machine.cmnlistmail-mail.cseaiv-emc01.ag.canva.cn:443
[https] www.google.combucky.11603-twitch.cmnliweb3338.cmnlistmail.cseaiv-emc01.ag.canva.cn:443
[https] www.google.combucky.3373320.org-anissa-areariservata-machine.cvpnk8s-dev.0393c-finion-public-service.canva.cn:443
[https] www.google.combucky.33733.org-anicrvata.uat-cmnlistmail.cse-video-cloudfront-anissa-areariservata-machine-csestores.canva.cn:443
[https] www.google.combucky.33733.org-anissa-arearisecanvvkhs-assets.cmnlistmail.0393c-finion-public-service.11.canva.cn:443
[https] www.google.combucky.33733.org-anissa-areariservatacngoogle.cmnlistmail.0393c-finion-public-service.canva.cn:443
[https] www.google.combucky.33733.org-anissa-areariservata-email-publice.cmnlistmail.0393c-finion-public-service.canva.cn:443
[https] www.google.combucky.33733.org-anissa-areariservata-machine.cmfznhvc3pq7cse.ruletheearthjwxt1-csestores.canva.cn:443
[https] www.google.combucky.33733.org-anissa-areariservata-machine.cmnlistmail.0393c-ccwire-public-service.canva.cn:443
[https] www.google.combucky.33733.org-anissa-areariservata-machine.cmnlistmailcolombia-mintic.ruletheearthjwxt1-csestores.canva.cn:443
[https] www.google.combucky.33733.org-anissa-areariservata-machine.cmnlistmail.ruletheearthjwxt1-c5fcbd5zkupelmnlistmail.canva.cn:443
[https] www.google.combucky.33733.org-anissa-areariservata-machine.cse-yajama6node.ruletheearthjwxt1-csestores.canva.cn:443
[https] www.google.combucky.33733.org-anissa-areariservata-machine.cvpnk8s-dev-korea.0393c-finion-public-service.canva.cn:443
[https] www.google.combucky.33733.org-anissa-areariservata-machine-engineering.cmnlistmail.rulexsrvadmjwxt1-csestores.canva.cn:443
[https] www.google.combucky.33733.org-anissa-areariservata-machine-le33733.cmnlistmail.0393c-finion-vapethinkmail-service.canva.cn:443
[https] www.google.combucky.33733.org-anissa-areariservata-machine.mobile96663cmnlistmail.0393c-finion-public-cyajama6europe.canva.cn:443
[https] www.google.combucky.33733.org-anissa-areariservata-machine.netcmnlistmail.renewal-0393c-finion-public-app-feb.canva.cn:443
[https] www.google.combucky.33733.org-anissa-areariservata-machine.oceaniacmcanvpasca.ruletheearthjwxt1-csestores.canva.cn:443
[https] www.google.combucky.33733.org-anissa-areariservata-mqutsrqpo.cmnlistmail.ruletheearthjwxt1-csestores.cms.canva.cn:443
[https] www.google.combucky.33733.org-anissa-areaweb34447-combucky-cgi.cmnlistmail.0393c-finion-public-service.canva.cn:443
[https] www.google.combucky.33733.org-anissa-arenyguy111.eventscmnlistmail.0393c-finion-public-service.canva.cn:443
[https] www.google.combucky.33733.ou32facing254321servata-machine.cmnlistmail.0393c-finion-public-service.canva.cn:443
[https] www.google.combucky.33733-swag.adminsanissa-areariservata-machine.cmnlistmail.test1cse.web7460.canva.cn:443
[https] www.google.combucky.33733-test.k8s-prod-cae5tpp0lta-machine.cmnlistmail.cse.www.zero.canva.cn:443
[https] www.google.combucky.69683.org-anissa-areariservata-staticl5432zylatincombucky.cmnlistmail.info.cse-strongbaby1.canva.cn:443
[https] www.google.combucky.97963.k8s-prod-areariservata-machine.cmnlistmail2010.csetwitchate-cloud.registry.canva.cn:443
[https] www.google.combuckyamp-timeinc-net.33733.org-anissa-areariservata-machine.cmnlistmail.0393c-finion-public-service.canva.cn:443
[https] www.google.combucky.box-33733.org-anissa-areariservata-machine.cmnlistmail.anissa-are58263jwxt1-csestores.canva.cn:443
[https] www.google.combucky-staff.76453.k8s-prod-areariservata-machine.cmnlistmail.tomcat-cse.registry.canva.cn:443
[http] template.canva.cn:80
[http] thumbnail.canva.cn:80
[http] upload.canva.cn:80
[http] video-placeholders.canva.cn:80
[http] video-private.canva.cn:80
[http] video-public.canva.cn:80
[http] video-upload.canva.cn:80
[http] webproxy.idc-lorien.azuredevs-65tpp0l-bh-arppofind.php.comssets.communitys4272cse-catv-krypton.vpncloud-gitwire.2.canva.cn:80
[http] wire.community.cseyoun22ya2.canva.cn:80
[http] wire.community.cse-z55i2kerisere10dvkv.marketplacecsestores.1.canva.cn:80
[http] wire.community.cse-z55i2kerisere10dvkv.system.z55i2kerisere10dvkv.bitbucketvriment.1.canva.cn:80
[http] wire.community.cse-z55i2kerisere10dvkv.z55i2kerisere10dvkv.1phpdevs.6.canva.cn:80
[http] wire.community.cse-z55i2kerisere10dvkv.z55i2kerisere10dvkv.nladministrator.1.canva.cn:80
[http] wire.community.gl12tegoryfronics12dnswildc12rdproducts.cseajtgm-info.canva.cn:80
[http] wire.community.phoenix-capi-expsh1104umlkj.expsh1104umlkj.1.canva.cn:80
[http] wire.community-share-upload.budget.h21-updated.inst.aws.staging-crm.cnprod.nortmedias4devkhs.2021ftpanva.cn.canva.cn:80
[http] www.canva.cn:80
[http] www.google.combucky.00033.demo-k8s-testbed-areariservata-machine.cmnlistmail.cseaiv-emc01.ag.canva.cn:80
[http] www.google.combucky.08083.k8s-csemobile94383-areariservata-machine.cmnlistmail-mail.cseaiv-emc01.ag.canva.cn:80
[http] www.google.combucky.11603-twitch.cmnliweb3338.cmnlistmail.cseaiv-emc01.ag.canva.cn:80
[http] www.google.combucky.33733.org-anissa-arearisecanvvkhs-assets.cmnlistmail.0393c-finion-public-service.11.canva.cn:80
[http] www.google.combucky.33733.org-anissa-areariservaauth-app.cmnlistmail.uat.ruletheearthjwxt1-csestores.canva.cn:80
[http] www.google.combucky.33733.org-anissa-areariservata-email-publice.cmnlistmail.0393c-finion-public-service.canva.cn:80
[http] www.google.combucky.33733.org-anissa-areariservata-machine.cmnlistmailcolombia-mintic.ruletheearthjwxt1-csestores.canva.cn:80
[http] www.google.combucky.33733.org-anissa-areariservata-machine.cmnlistmail.ruletheearthjwxt1-c5fcbd5zkupelmnlistmail.canva.cn:80
[http] www.google.combucky.33733.org-anissa-areariservata-machine.cse-yajama6node.ruletheearthjwxt1-csestores.canva.cn:80
[http] www.google.combucky.33733.org-anissa-areariservata-machine-engineering.cmnlistmail.rulexsrvadmjwxt1-csestores.canva.cn:80
[http] www.google.combucky.33733.org-anissa-areariservata-machine-le33733.cmnlistmail.0393c-finion-vapethinkmail-service.canva.cn:80
[http] www.google.combucky.33733.org-anissa-areariservata-machine.netcmnlistmail.renewal-0393c-finion-public-app-feb.canva.cn:80
[http] www.google.combucky.33733.org-anissa-areariservata-machine.oceaniacmcanvpasca.ruletheearthjwxt1-csestores.canva.cn:80
[http] www.google.combucky.33733.org-anissa-areariservata-mqutsrqpo.cmnlistmail.ruletheearthjwxt1-csestores.cms.canva.cn:80
[http] www.google.combucky.33733.org-anissa-areaweb34447-combucky-cgi.cmnlistmail.0393c-finion-public-service.canva.cn:80
[http] www.google.combucky.33733.org-anissa-arenyguy111.eventscmnlistmail.0393c-finion-public-service.canva.cn:80
[http] www.google.combucky.33733.ou32facing254321servata-machine.cmnlistmail.0393c-finion-public-service.canva.cn:80
[http] www.google.combucky.33733-test.k8s-prod-cae5tpp0lta-machine.cmnlistmail.cse.www.zero.canva.cn:80
[http] www.google.combucky.56433.org-anissa-areariservata-machine.nortmedia1.cse.bna.canva.cn:80
[http] www.google.combucky.97963.k8s-prod-areariservata-machine.cmnlistmail2010.csetwitchate-cloud.registry.canva.cn:80
[http] www.google.combuckyamp-timeinc-net.33733.org-anissa-areariservata-machine.cmnlistmail.0393c-finion-public-service.canva.cn:80
[http] www.google.combucky.box-33733.org-anissa-areariservata-machine.cmnlistmail.anissa-are58263jwxt1-csestores.canva.cn:80
[http] www.google.combucky-staff.76453.k8s-prod-areariservata-machine.cmnlistmail.tomcat-cse.registry.canva.cn:80
[imaps] wire.community.phoenix-capi-expsh1104umlkj.expsh1104umlkj.1.canva.cn:993
[imap] wire.community.phoenix-capi-expsh1104umlkj.expsh1104umlkj.1.canva.cn:143
[mysql] www.google.combucky.33733.ou32facing254321servata-machine.cmnlistmail.0393c-finion-public-service.canva.cn:3306
[pop3s] wire.community.phoenix-capi-expsh1104umlkj.expsh1104umlkj.1.canva.cn:995
[pop3] wire.community.phoenix-capi-expsh1104umlkj.expsh1104umlkj.1.canva.cn:110
[rtmp] webproxy.idc-lorien.azuredevs-65tpp0l-bh-arppofind.php.comssets.communitys4272cse-catv-krypton.vpncloud-gitwire.2.canva.cn:1935
[rtmp] www.google.combucky.97963.k8s-prod-areariservata-machine.cmnlistmail2010.csetwitchate-cloud.registry.canva.cn:1935
[smtps] wire.community.phoenix-capi-expsh1104umlkj.expsh1104umlkj.1.canva.cn:465
[ssh] www.google.combucky.33733.ou32facing254321servata-machine.cmnlistmail.0393c-finion-public-service.canva.cn:22
[submission] wire.community.phoenix-capi-expsh1104umlkj.expsh1104umlkj.1.canva.cn:587
[unknown] wire.community-communitywwodosoft-760facebwserver.cseajtgm-info.canva.cn:843
[unknown] www.google.combucky.33733.org-anissa-areariservata-machine-le33733.cmnlistmail.0393c-finion-vapethinkmail-service.canva.cn:5877
[xmpp-client] wire.community-communitywwodosoft-760facebwserver.cseajtgm-info.canva.cn:5222
[xmpp-client] www.google.combucky.69683.org-anissa-areariservata-staticl5432zylatincombucky.cmnlistmail.info.cse-strongbaby1.canva.cn:5222
