[amqp] admin.taxes.cash.app:5672
[amqp] api.taxes.cash.app:5672
[amqp] assets.taxes.cash.app:5672
[amqp] help.cash.app:5672
[amqp] preflight.taxes.cash.app:5672
[amqp] taxes.cash.app:5672
[ansoft-lm-2] admin.taxes.cash.app:1084
[ansoft-lm-2] admin.usc1.taxes.cash.app:1084
[ansoft-lm-2] api.preflight.taxes.cash.app:1084
[ansoft-lm-2] api.preflight.usc1.taxes.cash.app:1084
[ansoft-lm-2] api.taxes.cash.app:1084
[ansoft-lm-2] api.usc1.taxes.cash.app:1084
[ansoft-lm-2] assets.taxes.cash.app:1084
[ansoft-lm-2] collector.usc1.taxes.cash.app:1084
[ansoft-lm-2] help.cash.app:1084
[ansoft-lm-2] preflight.taxes.cash.app:1084
[ansoft-lm-2] taxes.cash.app:1084
[ansoft-lm-2] web.preflight.usc1.taxes.cash.app:1084
[ansoft-lm-2] web.taxes.cash.app:1084
[ansoft-lm-2] web.usc1.taxes.cash.app:1084
[blackice-icecap] admin.taxes.cash.app:8081
[blackice-icecap] admin.usc1.taxes.cash.app:8081
[blackice-icecap] api.preflight.taxes.cash.app:8081
[blackice-icecap] api.preflight.usc1.taxes.cash.app:8081
[blackice-icecap] api.taxes.cash.app:8081
[blackice-icecap] api.usc1.taxes.cash.app:8081
[blackice-icecap] assets.taxes.cash.app:8081
[blackice-icecap] collector.usc1.taxes.cash.app:8081
[blackice-icecap] help.cash.app:8081
[blackice-icecap] preflight.taxes.cash.app:8081
[blackice-icecap] taxes.cash.app:8081
[blackice-icecap] web.preflight.usc1.taxes.cash.app:8081
[blackice-icecap] web.taxes.cash.app:8081
[blackice-icecap] web.usc1.taxes.cash.app:8081
[cddbp-alt] developers.cash.app:8880
[ctf] admin.taxes.cash.app:84
[ctf] admin.usc1.taxes.cash.app:84
[ctf] api.preflight.taxes.cash.app:84
[ctf] api.preflight.usc1.taxes.cash.app:84
[ctf] api.taxes.cash.app:84
[ctf] api.usc1.taxes.cash.app:84
[ctf] assets.taxes.cash.app:84
[ctf] collector.usc1.taxes.cash.app:84
[ctf] help.cash.app:84
[ctf] preflight.taxes.cash.app:84
[ctf] taxes.cash.app:84
[ctf] web.preflight.usc1.taxes.cash.app:84
[ctf] web.taxes.cash.app:84
[ctf] web.usc1.taxes.cash.app:84
[dn6-nlm-aud] admin.taxes.cash.app:195
[dn6-nlm-aud] api.taxes.cash.app:195
[dn6-nlm-aud] help.cash.app:195
[dn6-nlm-aud] preflight.taxes.cash.app:195
[dn6-nlm-aud] taxes.cash.app:195
[dnp] admin.taxes.cash.app:20000
[dnp] admin.usc1.taxes.cash.app:20000
[dnp] api.preflight.taxes.cash.app:20000
[dnp] api.preflight.usc1.taxes.cash.app:20000
[dnp] api.taxes.cash.app:20000
[dnp] api.usc1.taxes.cash.app:20000
[dnp] assets.taxes.cash.app:20000
[dnp] collector.usc1.taxes.cash.app:20000
[dnp] help.cash.app:20000
[dnp] preflight.taxes.cash.app:20000
[dnp] taxes.cash.app:20000
[dnp] web.preflight.usc1.taxes.cash.app:20000
[dnp] web.taxes.cash.app:20000
[dnp] web.usc1.taxes.cash.app:20000
[d-s-n] admin.taxes.cash.app:8086
[d-s-n] admin.usc1.taxes.cash.app:8086
[d-s-n] api.preflight.taxes.cash.app:8086
[d-s-n] api.preflight.usc1.taxes.cash.app:8086
[d-s-n] api.taxes.cash.app:8086
[d-s-n] api.usc1.taxes.cash.app:8086
[d-s-n] assets.taxes.cash.app:8086
[d-s-n] collector.usc1.taxes.cash.app:8086
[d-s-n] help.cash.app:8086
[d-s-n] preflight.taxes.cash.app:8086
[d-s-n] taxes.cash.app:8086
[d-s-n] web.preflight.usc1.taxes.cash.app:8086
[d-s-n] web.taxes.cash.app:8086
[d-s-n] web.usc1.taxes.cash.app:8086
[eli] developers.cash.app:2087
[epp] admin.taxes.cash.app:700
[epp] admin.usc1.taxes.cash.app:700
[epp] api.preflight.taxes.cash.app:700
[epp] api.preflight.usc1.taxes.cash.app:700
[epp] api.taxes.cash.app:700
[epp] api.usc1.taxes.cash.app:700
[epp] assets.taxes.cash.app:700
[epp] collector.usc1.taxes.cash.app:700
[epp] help.cash.app:700
[epp] preflight.taxes.cash.app:700
[epp] taxes.cash.app:700
[epp] web.preflight.usc1.taxes.cash.app:700
[epp] web.taxes.cash.app:700
[epp] web.usc1.taxes.cash.app:700
[ff-annunc] admin.taxes.cash.app:1089
[ff-annunc] admin.usc1.taxes.cash.app:1089
[ff-annunc] api.preflight.taxes.cash.app:1089
[ff-annunc] api.preflight.usc1.taxes.cash.app:1089
[ff-annunc] api.taxes.cash.app:1089
[ff-annunc] api.usc1.taxes.cash.app:1089
[ff-annunc] assets.taxes.cash.app:1089
[ff-annunc] collector.usc1.taxes.cash.app:1089
[ff-annunc] help.cash.app:1089
[ff-annunc] preflight.taxes.cash.app:1089
[ff-annunc] taxes.cash.app:1089
[ff-annunc] web.preflight.usc1.taxes.cash.app:1089
[ff-annunc] web.taxes.cash.app:1089
[ff-annunc] web.usc1.taxes.cash.app:1089
[gnunet] developers.cash.app:2086
[http] admin.taxes.cash.app:80
[http] admin.usc1.taxes.cash.app:80
[http] api.cash.app:80
[http] api.preflight.taxes.cash.app:80
[http] api.preflight.usc1.taxes.cash.app:80
[http] api.taxes.cash.app:80
[http] api.usc1.taxes.cash.app:80
[http] apparel-supporter.cash.app:80
[http] assets.taxes.cash.app:80
[http] cash.app:80
[http] click.cash.app:80
[http] code.cash.app:80
[http] collector.usc1.taxes.cash.app:80
[http] developers.cash.app:80
[http] email.taxes1-notifications.cash.app:80
[http] email.taxes2-notifications.cash.app:80
[http] email.taxes3-notifications.cash.app:80
[http] email.taxes4-notifications.cash.app:80
[http] email.taxes5-notifications.cash.app:80
[http] email.taxes-notifications.cash.app:80
[http] help.cash.app:80
[http] internal.cash.app:80
[http] kit.cash.app:80
[http] preflight.taxes.cash.app:80
[http-proxy] admin.taxes.cash.app:8080
[http-proxy] admin.usc1.taxes.cash.app:8080
[http-proxy] api.preflight.taxes.cash.app:8080
[http-proxy] api.preflight.usc1.taxes.cash.app:8080
[http-proxy] api.taxes.cash.app:8080
[http-proxy] api.usc1.taxes.cash.app:8080
[http-proxy] assets.taxes.cash.app:8080
[http-proxy] collector.usc1.taxes.cash.app:8080
[http-proxy] developers.cash.app:8080
[http-proxy] help.cash.app:8080
[http-proxy] preflight.taxes.cash.app:8080
[http-proxy] taxes.cash.app:8080
[http-proxy] web.preflight.usc1.taxes.cash.app:8080
[http-proxy] web.taxes.cash.app:8080
[http-proxy] web.usc1.taxes.cash.app:8080
[https] admin.taxes.cash.app:443
[https] admin.usc1.taxes.cash.app:443
[https-alt] developers.cash.app:8443
[http] sandbox.api.cash.app:80
[http] sandbox.global-network-api.cash.app:80
[http] sandbox.kit.cash.app:80
[https] api.cash.app:443
[https] api.preflight.taxes.cash.app:443
[https] api.preflight.usc1.taxes.cash.app:443
[https] api.taxes.cash.app:443
[https] api.usc1.taxes.cash.app:443
[https] api-validation.cash.app:443
[https] apparel-supporter.cash.app:443
[https] assets.taxes.cash.app:443
[https] cash.app:443
[https] click.cash.app:443
[https] code.cash.app:443
[https] collector.usc1.taxes.cash.app:443
[https] developers.cash.app:443
[https] email.taxes1-notifications.cash.app:443
[https] email.taxes2-notifications.cash.app:443
[https] email.taxes3-notifications.cash.app:443
[https] email.taxes4-notifications.cash.app:443
[https] email.taxes5-notifications.cash.app:443
[https] email.taxes-notifications.cash.app:443
[https] help.cash.app:443
[http] shop.cash.app:80
[https] internal.cash.app:443
[https] kit.cash.app:443
[https] preflight.taxes.cash.app:443
[https] sandbox.api.cash.app:443
[https] sandbox.global-network-api.cash.app:443
[https] sandbox.kit.cash.app:443
[https] shop.cash.app:443
[https] status.cash.app:443
[http] status.cash.app:80
[https] taxes.cash.app:443
[https] taxeshelp.cash.app:443
[https] web-cdn.cash.app:443
[https] web.preflight.usc1.taxes.cash.app:443
[https] web.taxes.cash.app:443
[https] web.usc1.taxes.cash.app:443
[https] www.cash.app:443
[https] zendesk1.cash.app:443
[https] zendesk2.cash.app:443
[https] zendesk3.cash.app:443
[https] zendesk4.cash.app:443
[http] taxes.cash.app:80
[http] taxeshelp.cash.app:80
[http] web-cdn.cash.app:80
[http] web.preflight.usc1.taxes.cash.app:80
[http] web.taxes.cash.app:80
[http] web.usc1.taxes.cash.app:80
[http] www.cash.app:80
[http] zendesk1.cash.app:80
[http] zendesk2.cash.app:80
[http] zendesk3.cash.app:80
[http] zendesk4.cash.app:80
[ies-lm] admin.taxes.cash.app:1443
[ies-lm] admin.usc1.taxes.cash.app:1443
[ies-lm] api.preflight.taxes.cash.app:1443
[ies-lm] api.preflight.usc1.taxes.cash.app:1443
[ies-lm] api.taxes.cash.app:1443
[ies-lm] api.usc1.taxes.cash.app:1443
[ies-lm] assets.taxes.cash.app:1443
[ies-lm] collector.usc1.taxes.cash.app:1443
[ies-lm] help.cash.app:1443
[ies-lm] preflight.taxes.cash.app:1443
[ies-lm] taxes.cash.app:1443
[ies-lm] web.preflight.usc1.taxes.cash.app:1443
[ies-lm] web.taxes.cash.app:1443
[ies-lm] web.usc1.taxes.cash.app:1443
[imap] admin.taxes.cash.app:143
[imap] admin.usc1.taxes.cash.app:143
[imap] api.preflight.taxes.cash.app:143
[imap] api.preflight.usc1.taxes.cash.app:143
[imap] api.taxes.cash.app:143
[imap] api.usc1.taxes.cash.app:143
[imap] assets.taxes.cash.app:143
[imap] collector.usc1.taxes.cash.app:143
[imap] help.cash.app:143
[imap] preflight.taxes.cash.app:143
[imaps] admin.taxes.cash.app:993
[imaps] admin.usc1.taxes.cash.app:993
[imaps] api.preflight.taxes.cash.app:993
[imaps] api.preflight.usc1.taxes.cash.app:993
[imaps] api.taxes.cash.app:993
[imaps] api.usc1.taxes.cash.app:993
[imaps] assets.taxes.cash.app:993
[imaps] collector.usc1.taxes.cash.app:993
[imaps] help.cash.app:993
[imaps] preflight.taxes.cash.app:993
[imaps] taxes.cash.app:993
[imaps] web.preflight.usc1.taxes.cash.app:993
[imaps] web.taxes.cash.app:993
[imaps] web.usc1.taxes.cash.app:993
[imap] taxes.cash.app:143
[imap] web.preflight.usc1.taxes.cash.app:143
[imap] web.taxes.cash.app:143
[imap] web.usc1.taxes.cash.app:143
[infowave] developers.cash.app:2082
[jetdirect] admin.taxes.cash.app:9100
[jetdirect] admin.usc1.taxes.cash.app:9100
[jetdirect] api.preflight.taxes.cash.app:9100
[jetdirect] api.preflight.usc1.taxes.cash.app:9100
[jetdirect] api.taxes.cash.app:9100
[jetdirect] api.usc1.taxes.cash.app:9100
[jetdirect] assets.taxes.cash.app:9100
[jetdirect] collector.usc1.taxes.cash.app:9100
[jetdirect] help.cash.app:9100
[jetdirect] preflight.taxes.cash.app:9100
[jetdirect] taxes.cash.app:9100
[jetdirect] web.preflight.usc1.taxes.cash.app:9100
[jetdirect] web.taxes.cash.app:9100
[jetdirect] web.usc1.taxes.cash.app:9100
[memcache] admin.taxes.cash.app:11211
[memcache] api.taxes.cash.app:11211
[memcache] assets.taxes.cash.app:11211
[memcache] help.cash.app:11211
[memcache] preflight.taxes.cash.app:11211
[memcache] taxes.cash.app:11211
[mit-ml-dev] admin.taxes.cash.app:83
[mit-ml-dev] admin.taxes.cash.app:85
[mit-ml-dev] admin.usc1.taxes.cash.app:83
[mit-ml-dev] admin.usc1.taxes.cash.app:85
[mit-ml-dev] api.preflight.taxes.cash.app:83
[mit-ml-dev] api.preflight.taxes.cash.app:85
[mit-ml-dev] api.preflight.usc1.taxes.cash.app:83
[mit-ml-dev] api.preflight.usc1.taxes.cash.app:85
[mit-ml-dev] api.taxes.cash.app:83
[mit-ml-dev] api.taxes.cash.app:85
[mit-ml-dev] api.usc1.taxes.cash.app:83
[mit-ml-dev] api.usc1.taxes.cash.app:85
[mit-ml-dev] assets.taxes.cash.app:83
[mit-ml-dev] assets.taxes.cash.app:85
[mit-ml-dev] collector.usc1.taxes.cash.app:83
[mit-ml-dev] collector.usc1.taxes.cash.app:85
[mit-ml-dev] help.cash.app:83
[mit-ml-dev] help.cash.app:85
[mit-ml-dev] preflight.taxes.cash.app:83
[mit-ml-dev] preflight.taxes.cash.app:85
[mit-ml-dev] taxes.cash.app:83
[mit-ml-dev] taxes.cash.app:85
[mit-ml-dev] web.preflight.usc1.taxes.cash.app:83
[mit-ml-dev] web.preflight.usc1.taxes.cash.app:85
[mit-ml-dev] web.taxes.cash.app:83
[mit-ml-dev] web.taxes.cash.app:85
[mit-ml-dev] web.usc1.taxes.cash.app:83
[mit-ml-dev] web.usc1.taxes.cash.app:85
[mqtt] admin.taxes.cash.app:1883
[mqtt] api.taxes.cash.app:1883
[mqtt] assets.taxes.cash.app:1883
[mqtt] help.cash.app:1883
[mqtt] taxes.cash.app:1883
[ms-wbt-server] admin.taxes.cash.app:3389
[ms-wbt-server] admin.usc1.taxes.cash.app:3389
[ms-wbt-server] api.preflight.taxes.cash.app:3389
[ms-wbt-server] api.preflight.usc1.taxes.cash.app:3389
[ms-wbt-server] api.taxes.cash.app:3389
[ms-wbt-server] api.usc1.taxes.cash.app:3389
[ms-wbt-server] assets.taxes.cash.app:3389
[ms-wbt-server] collector.usc1.taxes.cash.app:3389
[ms-wbt-server] help.cash.app:3389
[ms-wbt-server] preflight.taxes.cash.app:3389
[ms-wbt-server] taxes.cash.app:3389
[ms-wbt-server] web.preflight.usc1.taxes.cash.app:3389
[ms-wbt-server] web.taxes.cash.app:3389
[ms-wbt-server] web.usc1.taxes.cash.app:3389
[ncd-conf] admin.taxes.cash.app:5999
[ncd-conf] admin.usc1.taxes.cash.app:5999
[ncd-conf] api.preflight.taxes.cash.app:5999
[ncd-conf] api.preflight.usc1.taxes.cash.app:5999
[ncd-conf] api.taxes.cash.app:5999
[ncd-conf] api.usc1.taxes.cash.app:5999
[ncd-conf] assets.taxes.cash.app:5999
[ncd-conf] collector.usc1.taxes.cash.app:5999
[ncd-conf] help.cash.app:5999
[ncd-conf] preflight.taxes.cash.app:5999
[ncd-conf] taxes.cash.app:5999
[ncd-conf] web.preflight.usc1.taxes.cash.app:5999
[ncd-conf] web.taxes.cash.app:5999
[ncd-conf] web.usc1.taxes.cash.app:5999
[ndmps] admin.taxes.cash.app:30000
[ndmps] admin.usc1.taxes.cash.app:30000
[ndmps] api.preflight.taxes.cash.app:30000
[ndmps] api.preflight.usc1.taxes.cash.app:30000
[ndmps] api.taxes.cash.app:30000
[ndmps] api.usc1.taxes.cash.app:30000
[ndmps] assets.taxes.cash.app:30000
[ndmps] collector.usc1.taxes.cash.app:30000
[ndmps] help.cash.app:30000
[ndmps] preflight.taxes.cash.app:30000
[ndmps] taxes.cash.app:30000
[ndmps] web.preflight.usc1.taxes.cash.app:30000
[ndmps] web.taxes.cash.app:30000
[ndmps] web.usc1.taxes.cash.app:30000
[nessus] email.taxes3-notifications.cash.app:3001
[opsmessaging] admin.taxes.cash.app:8090
[opsmessaging] admin.usc1.taxes.cash.app:8090
[opsmessaging] api.preflight.taxes.cash.app:8090
[opsmessaging] api.preflight.usc1.taxes.cash.app:8090
[opsmessaging] api.taxes.cash.app:8090
[opsmessaging] api.usc1.taxes.cash.app:8090
[opsmessaging] assets.taxes.cash.app:8090
[opsmessaging] collector.usc1.taxes.cash.app:8090
[opsmessaging] help.cash.app:8090
[opsmessaging] preflight.taxes.cash.app:8090
[opsmessaging] taxes.cash.app:8090
[opsmessaging] web.preflight.usc1.taxes.cash.app:8090
[opsmessaging] web.taxes.cash.app:8090
[opsmessaging] web.usc1.taxes.cash.app:8090
[pop3] admin.taxes.cash.app:110
[pop3] admin.usc1.taxes.cash.app:110
[pop3] api.preflight.taxes.cash.app:110
[pop3] api.preflight.usc1.taxes.cash.app:110
[pop3] api.taxes.cash.app:110
[pop3] api.usc1.taxes.cash.app:110
[pop3] assets.taxes.cash.app:110
[pop3] collector.usc1.taxes.cash.app:110
[pop3] help.cash.app:110
[pop3] preflight.taxes.cash.app:110
[pop3s] admin.taxes.cash.app:995
[pop3s] admin.usc1.taxes.cash.app:995
[pop3s] api.preflight.taxes.cash.app:995
[pop3s] api.preflight.usc1.taxes.cash.app:995
[pop3s] api.taxes.cash.app:995
[pop3s] api.usc1.taxes.cash.app:995
[pop3s] assets.taxes.cash.app:995
[pop3s] collector.usc1.taxes.cash.app:995
[pop3s] help.cash.app:995
[pop3s] preflight.taxes.cash.app:995
[pop3s] taxes.cash.app:995
[pop3s] web.preflight.usc1.taxes.cash.app:995
[pop3s] web.taxes.cash.app:995
[pop3s] web.usc1.taxes.cash.app:995
[pop3] taxes.cash.app:110
[pop3] web.preflight.usc1.taxes.cash.app:110
[pop3] web.taxes.cash.app:110
[pop3] web.usc1.taxes.cash.app:110
[postgresql] admin.taxes.cash.app:5432
[postgresql] admin.usc1.taxes.cash.app:5432
[postgresql] api.preflight.taxes.cash.app:5432
[postgresql] api.preflight.usc1.taxes.cash.app:5432
[postgresql] api.taxes.cash.app:5432
[postgresql] api.usc1.taxes.cash.app:5432
[postgresql] assets.taxes.cash.app:5432
[postgresql] collector.usc1.taxes.cash.app:5432
[postgresql] help.cash.app:5432
[postgresql] preflight.taxes.cash.app:5432
[postgresql] taxes.cash.app:5432
[postgresql] web.preflight.usc1.taxes.cash.app:5432
[postgresql] web.taxes.cash.app:5432
[postgresql] web.usc1.taxes.cash.app:5432
[priv-term-l] help.cash.app:87
[radan-http] admin.taxes.cash.app:8088
[radan-http] admin.usc1.taxes.cash.app:8088
[radan-http] api.preflight.taxes.cash.app:8088
[radan-http] api.preflight.usc1.taxes.cash.app:8088
[radan-http] api.taxes.cash.app:8088
[radan-http] api.usc1.taxes.cash.app:8088
[radan-http] assets.taxes.cash.app:8088
[radan-http] collector.usc1.taxes.cash.app:8088
[radan-http] help.cash.app:8088
[radan-http] preflight.taxes.cash.app:8088
[radan-http] taxes.cash.app:8088
[radan-http] web.preflight.usc1.taxes.cash.app:8088
[radan-http] web.taxes.cash.app:8088
[radan-http] web.usc1.taxes.cash.app:8088
[radsec] developers.cash.app:2083
[redis] api.taxes.cash.app:6379
[redis] assets.taxes.cash.app:6379
[redis] help.cash.app:6379
[redis] preflight.taxes.cash.app:6379
[redis] taxes.cash.app:6379
[rtmp] admin.taxes.cash.app:1935
[rtmp] admin.usc1.taxes.cash.app:1935
[rtmp] api.preflight.taxes.cash.app:1935
[rtmp] api.preflight.usc1.taxes.cash.app:1935
[rtmp] api.taxes.cash.app:1935
[rtmp] api.usc1.taxes.cash.app:1935
[rtmp] assets.taxes.cash.app:1935
[rtmp] collector.usc1.taxes.cash.app:1935
[rtmp] help.cash.app:1935
[rtmp] preflight.taxes.cash.app:1935
[rtmp] taxes.cash.app:1935
[rtmp] web.preflight.usc1.taxes.cash.app:1935
[rtmp] web.taxes.cash.app:1935
[rtmp] web.usc1.taxes.cash.app:1935
[smtp] admin.taxes.cash.app:25
[smtp] admin.usc1.taxes.cash.app:25
[smtp] api.preflight.taxes.cash.app:25
[smtp] api.preflight.usc1.taxes.cash.app:25
[smtp] api.taxes.cash.app:25
[smtp] api.usc1.taxes.cash.app:25
[smtp] assets.taxes.cash.app:25
[smtp] collector.usc1.taxes.cash.app:25
[smtp] help.cash.app:25
[smtp] preflight.taxes.cash.app:25
[smtps] admin.taxes.cash.app:465
[smtps] admin.usc1.taxes.cash.app:465
[smtps] api.preflight.taxes.cash.app:465
[smtps] api.preflight.usc1.taxes.cash.app:465
[smtps] api.taxes.cash.app:465
[smtps] api.usc1.taxes.cash.app:465
[smtps] assets.taxes.cash.app:465
[smtps] collector.usc1.taxes.cash.app:465
[smtps] help.cash.app:465
[smtps] preflight.taxes.cash.app:465
[smtps] taxes.cash.app:465
[smtps] web.preflight.usc1.taxes.cash.app:465
[smtps] web.taxes.cash.app:465
[smtps] web.usc1.taxes.cash.app:465
[smtp] taxes.cash.app:25
[smtp] web.preflight.usc1.taxes.cash.app:25
[smtp] web.taxes.cash.app:25
[smtp] web.usc1.taxes.cash.app:25
[submission] admin.taxes.cash.app:587
[submission] admin.usc1.taxes.cash.app:587
[submission] api.preflight.taxes.cash.app:587
[submission] api.preflight.usc1.taxes.cash.app:587
[submission] api.taxes.cash.app:587
[submission] api.usc1.taxes.cash.app:587
[submission] assets.taxes.cash.app:587
[submission] collector.usc1.taxes.cash.app:587
[submission] help.cash.app:587
[submission] preflight.taxes.cash.app:587
[submission] taxes.cash.app:587
[submission] web.preflight.usc1.taxes.cash.app:587
[submission] web.taxes.cash.app:587
[submission] web.usc1.taxes.cash.app:587
[su-mit-tg] admin.taxes.cash.app:89
[su-mit-tg] admin.usc1.taxes.cash.app:89
[su-mit-tg] api.preflight.taxes.cash.app:89
[su-mit-tg] api.preflight.usc1.taxes.cash.app:89
[su-mit-tg] api.taxes.cash.app:89
[su-mit-tg] api.usc1.taxes.cash.app:89
[su-mit-tg] assets.taxes.cash.app:89
[su-mit-tg] collector.usc1.taxes.cash.app:89
[su-mit-tg] help.cash.app:89
[su-mit-tg] preflight.taxes.cash.app:89
[su-mit-tg] taxes.cash.app:89
[su-mit-tg] web.preflight.usc1.taxes.cash.app:89
[su-mit-tg] web.taxes.cash.app:89
[su-mit-tg] web.usc1.taxes.cash.app:89
[] taxes.cash.app:8863
[tungsten-https] email.taxes3-notifications.cash.app:9443
[unknown] admin.taxes.cash.app:8085
[unknown] admin.taxes.cash.app:8089
[unknown] admin.taxes.cash.app:8099
[unknown] admin.usc1.taxes.cash.app:8085
[unknown] admin.usc1.taxes.cash.app:8089
[unknown] admin.usc1.taxes.cash.app:8099
[unknown] api.preflight.taxes.cash.app:8085
[unknown] api.preflight.taxes.cash.app:8089
[unknown] api.preflight.taxes.cash.app:8099
[unknown] api.preflight.usc1.taxes.cash.app:8085
[unknown] api.preflight.usc1.taxes.cash.app:8089
[unknown] api.preflight.usc1.taxes.cash.app:8099
[unknown] api.taxes.cash.app:8085
[unknown] api.taxes.cash.app:8089
[unknown] api.taxes.cash.app:8099
[unknown] api.usc1.taxes.cash.app:8085
[unknown] api.usc1.taxes.cash.app:8089
[unknown] api.usc1.taxes.cash.app:8099
[unknown] assets.taxes.cash.app:8085
[unknown] assets.taxes.cash.app:8089
[unknown] assets.taxes.cash.app:8099
[unknown] collector.usc1.taxes.cash.app:8085
[unknown] collector.usc1.taxes.cash.app:8089
[unknown] collector.usc1.taxes.cash.app:8099
[unknown] help.cash.app:8085
[unknown] help.cash.app:8089
[unknown] help.cash.app:8099
[unknown] preflight.taxes.cash.app:8085
[unknown] preflight.taxes.cash.app:8089
[unknown] preflight.taxes.cash.app:8099
[unknown] taxes.cash.app:8085
[unknown] taxes.cash.app:8089
[unknown] taxes.cash.app:8099
[unknown] web.preflight.usc1.taxes.cash.app:8085
[unknown] web.preflight.usc1.taxes.cash.app:8089
[unknown] web.preflight.usc1.taxes.cash.app:8099
[unknown] web.taxes.cash.app:8085
[unknown] web.taxes.cash.app:8089
[unknown] web.taxes.cash.app:8099
[unknown] web.usc1.taxes.cash.app:8085
[unknown] web.usc1.taxes.cash.app:8089
[unknown] web.usc1.taxes.cash.app:8099
[vnc-1] admin.taxes.cash.app:5901
[vnc-1] admin.usc1.taxes.cash.app:5901
[vnc-1] api.preflight.taxes.cash.app:5901
[vnc-1] api.preflight.usc1.taxes.cash.app:5901
[vnc-1] api.taxes.cash.app:5901
[vnc-1] api.usc1.taxes.cash.app:5901
[vnc-1] assets.taxes.cash.app:5901
[vnc-1] collector.usc1.taxes.cash.app:5901
[vnc-1] help.cash.app:5901
[vnc-1] preflight.taxes.cash.app:5901
[vnc-1] taxes.cash.app:5901
[vnc-1] web.preflight.usc1.taxes.cash.app:5901
[vnc-1] web.taxes.cash.app:5901
[vnc-1] web.usc1.taxes.cash.app:5901
[vnc] admin.taxes.cash.app:5900
[vnc] admin.usc1.taxes.cash.app:5900
[vnc] api.preflight.taxes.cash.app:5900
[vnc] api.preflight.usc1.taxes.cash.app:5900
[vnc] api.taxes.cash.app:5900
[vnc] api.usc1.taxes.cash.app:5900
[vnc] assets.taxes.cash.app:5900
[vnc] collector.usc1.taxes.cash.app:5900
[vnc] help.cash.app:5900
[vnc] preflight.taxes.cash.app:5900
[vnc] taxes.cash.app:5900
[vnc] web.preflight.usc1.taxes.cash.app:5900
[vnc] web.taxes.cash.app:5900
[vnc] web.usc1.taxes.cash.app:5900
[vrace] admin.taxes.cash.app:9300
[vrace] assets.taxes.cash.app:9300
[vrace] preflight.taxes.cash.app:9300
[wap-wsp] admin.taxes.cash.app:9200
[wap-wsp] admin.usc1.taxes.cash.app:9200
[wap-wsp] api.preflight.taxes.cash.app:9200
[wap-wsp] api.preflight.usc1.taxes.cash.app:9200
[wap-wsp] api.taxes.cash.app:9200
[wap-wsp] api.usc1.taxes.cash.app:9200
[wap-wsp] assets.taxes.cash.app:9200
[wap-wsp] collector.usc1.taxes.cash.app:9200
[wap-wsp] help.cash.app:9200
[wap-wsp] preflight.taxes.cash.app:9200
[wap-wsp] taxes.cash.app:9200
[wap-wsp] web.preflight.usc1.taxes.cash.app:9200
[wap-wsp] web.taxes.cash.app:9200
[wap-wsp] web.usc1.taxes.cash.app:9200
[webobjects] admin.taxes.cash.app:1085
[webobjects] admin.usc1.taxes.cash.app:1085
[webobjects] api.preflight.taxes.cash.app:1085
[webobjects] api.preflight.usc1.taxes.cash.app:1085
[webobjects] api.taxes.cash.app:1085
[webobjects] api.usc1.taxes.cash.app:1085
[webobjects] assets.taxes.cash.app:1085
[webobjects] collector.usc1.taxes.cash.app:1085
[webobjects] help.cash.app:1085
[webobjects] preflight.taxes.cash.app:1085
[webobjects] taxes.cash.app:1085
[webobjects] web.preflight.usc1.taxes.cash.app:1085
[webobjects] web.taxes.cash.app:1085
[webobjects] web.usc1.taxes.cash.app:1085
[whois] admin.taxes.cash.app:43
[whois] admin.usc1.taxes.cash.app:43
[whois] api.preflight.taxes.cash.app:43
[whois] api.preflight.usc1.taxes.cash.app:43
[whois] api.taxes.cash.app:43
[whois] api.usc1.taxes.cash.app:43
[whois] assets.taxes.cash.app:43
[whois] collector.usc1.taxes.cash.app:43
[whois] help.cash.app:43
[whois] preflight.taxes.cash.app:43
[whois] taxes.cash.app:43
[whois] web.preflight.usc1.taxes.cash.app:43
[whois] web.taxes.cash.app:43
[whois] web.usc1.taxes.cash.app:43
[XmlIpcRegSvc] help.cash.app:9092
[XmlIpcRegSvc] taxes.cash.app:9092
[xmpp-client] admin.taxes.cash.app:5222
[xmpp-client] admin.usc1.taxes.cash.app:5222
[xmpp-client] api.preflight.taxes.cash.app:5222
[xmpp-client] api.preflight.usc1.taxes.cash.app:5222
[xmpp-client] api.taxes.cash.app:5222
[xmpp-client] api.usc1.taxes.cash.app:5222
[xmpp-client] assets.taxes.cash.app:5222
[xmpp-client] collector.usc1.taxes.cash.app:5222
[xmpp-client] help.cash.app:5222
[xmpp-client] preflight.taxes.cash.app:5222
[xmpp-client] taxes.cash.app:5222
[xmpp-client] web.preflight.usc1.taxes.cash.app:5222
[xmpp-client] web.taxes.cash.app:5222
[xmpp-client] web.usc1.taxes.cash.app:5222
