[amqp] api.taxes.cashstaging.app:5672
[amqp] collector.taxes.cashstaging.app:5672
[ansoft-lm-2] admin.taxes.cashstaging.app:1084
[ansoft-lm-2] admin.usc1.taxes.cashstaging.app:1084
[ansoft-lm-2] api.taxes.cashstaging.app:1084
[ansoft-lm-2] api.usc1.taxes.cashstaging.app:1084
[ansoft-lm-2] collector.taxes.cashstaging.app:1084
[ansoft-lm-2] collector.usc1.taxes.cashstaging.app:1084
[ansoft-lm-2] taxes.cashstaging.app:1084
[ansoft-lm-2] taxeshelp-devprobox.cashstaging.app:1084
[ansoft-lm-2] web.taxes.cashstaging.app:1084
[ansoft-lm-2] web.usc1.taxes.cashstaging.app:1084
[blackice-icecap] admin.taxes.cashstaging.app:8081
[blackice-icecap] admin.usc1.taxes.cashstaging.app:8081
[blackice-icecap] api.taxes.cashstaging.app:8081
[blackice-icecap] api.usc1.taxes.cashstaging.app:8081
[blackice-icecap] collector.taxes.cashstaging.app:8081
[blackice-icecap] collector.usc1.taxes.cashstaging.app:8081
[blackice-icecap] taxes.cashstaging.app:8081
[blackice-icecap] taxeshelp-devprobox.cashstaging.app:8081
[blackice-icecap] web.taxes.cashstaging.app:8081
[blackice-icecap] web.usc1.taxes.cashstaging.app:8081
[ctf] admin.taxes.cashstaging.app:84
[ctf] admin.usc1.taxes.cashstaging.app:84
[ctf] api.taxes.cashstaging.app:84
[ctf] api.usc1.taxes.cashstaging.app:84
[ctf] collector.taxes.cashstaging.app:84
[ctf] collector.usc1.taxes.cashstaging.app:84
[ctf] taxes.cashstaging.app:84
[ctf] taxeshelp-devprobox.cashstaging.app:84
[ctf] web.taxes.cashstaging.app:84
[ctf] web.usc1.taxes.cashstaging.app:84
[dn6-nlm-aud] api.taxes.cashstaging.app:195
[dn6-nlm-aud] collector.taxes.cashstaging.app:195
[dn6-nlm-aud] taxes.cashstaging.app:195
[dnp] admin.taxes.cashstaging.app:20000
[dnp] admin.usc1.taxes.cashstaging.app:20000
[dnp] api.taxes.cashstaging.app:20000
[dnp] api.usc1.taxes.cashstaging.app:20000
[dnp] collector.taxes.cashstaging.app:20000
[dnp] collector.usc1.taxes.cashstaging.app:20000
[dnp] taxes.cashstaging.app:20000
[dnp] taxeshelp-devprobox.cashstaging.app:20000
[dnp] web.taxes.cashstaging.app:20000
[dnp] web.usc1.taxes.cashstaging.app:20000
[d-s-n] admin.taxes.cashstaging.app:8086
[d-s-n] admin.usc1.taxes.cashstaging.app:8086
[d-s-n] api.taxes.cashstaging.app:8086
[d-s-n] api.usc1.taxes.cashstaging.app:8086
[d-s-n] collector.taxes.cashstaging.app:8086
[d-s-n] collector.usc1.taxes.cashstaging.app:8086
[d-s-n] taxes.cashstaging.app:8086
[d-s-n] taxeshelp-devprobox.cashstaging.app:8086
[d-s-n] web.taxes.cashstaging.app:8086
[d-s-n] web.usc1.taxes.cashstaging.app:8086
[epp] admin.taxes.cashstaging.app:700
[epp] admin.usc1.taxes.cashstaging.app:700
[epp] api.taxes.cashstaging.app:700
[epp] api.usc1.taxes.cashstaging.app:700
[epp] collector.taxes.cashstaging.app:700
[epp] collector.usc1.taxes.cashstaging.app:700
[epp] taxes.cashstaging.app:700
[epp] taxeshelp-devprobox.cashstaging.app:700
[epp] web.taxes.cashstaging.app:700
[epp] web.usc1.taxes.cashstaging.app:700
[ff-annunc] admin.taxes.cashstaging.app:1089
[ff-annunc] admin.usc1.taxes.cashstaging.app:1089
[ff-annunc] api.taxes.cashstaging.app:1089
[ff-annunc] api.usc1.taxes.cashstaging.app:1089
[ff-annunc] collector.taxes.cashstaging.app:1089
[ff-annunc] collector.usc1.taxes.cashstaging.app:1089
[ff-annunc] taxes.cashstaging.app:1089
[ff-annunc] taxeshelp-devprobox.cashstaging.app:1089
[ff-annunc] web.taxes.cashstaging.app:1089
[ff-annunc] web.usc1.taxes.cashstaging.app:1089
[http] admin.taxes.cashstaging.app:80
[http] admin.usc1.taxes.cashstaging.app:80
[http] api.cashstaging.app:80
[http] api.taxes.cashstaging.app:80
[http] api.usc1.taxes.cashstaging.app:80
[http] apparel-supporter.cashstaging.app:80
[http] cashstaging.app:80
[http] collector.taxes.cashstaging.app:80
[http] collector.usc1.taxes.cashstaging.app:80
[http] dev.kit.cashstaging.app:80
[http] internal.cashstaging.app:80
[http] internal-platform-staging.cashstaging.app:80
[http] kit.cashstaging.app:80
[http] platform-test.cashstaging.app:80
[http-proxy] admin.taxes.cashstaging.app:8080
[http-proxy] admin.usc1.taxes.cashstaging.app:8080
[http-proxy] api.taxes.cashstaging.app:8080
[http-proxy] api.usc1.taxes.cashstaging.app:8080
[http-proxy] collector.taxes.cashstaging.app:8080
[http-proxy] collector.usc1.taxes.cashstaging.app:8080
[http-proxy] taxes.cashstaging.app:8080
[http-proxy] taxeshelp-devprobox.cashstaging.app:8080
[http-proxy] web.taxes.cashstaging.app:8080
[http-proxy] web.usc1.taxes.cashstaging.app:8080
[https] admin.taxes.cashstaging.app:443
[https] admin.usc1.taxes.cashstaging.app:443
[http] sandbox.api.cashstaging.app:80
[http] sandbox.global-network-api.cashstaging.app:80
[https] api.cashstaging.app:443
[https] api.taxes.cashstaging.app:443
[https] api.usc1.taxes.cashstaging.app:443
[https] apparel-supporter.cashstaging.app:443
[https] cashstaging.app:443
[https] collector.taxes.cashstaging.app:443
[https] collector.usc1.taxes.cashstaging.app:443
[https] dev.kit.cashstaging.app:443
[https] internal.cashstaging.app:443
[https] internal-platform-staging.cashstaging.app:443
[https] kit.cashstaging.app:443
[https] platform-test.cashstaging.app:443
[https] sandbox.api.cashstaging.app:443
[https] sandbox.global-network-api.cashstaging.app:443
[https] taxes.cashstaging.app:443
[https] taxeshelp-devprobox.cashstaging.app:443
[https] web-cdn.cashstaging.app:443
[https] web.taxes.cashstaging.app:443
[https] web.usc1.taxes.cashstaging.app:443
[http] taxes.cashstaging.app:80
[http] taxeshelp-devprobox.cashstaging.app:80
[http] web-cdn.cashstaging.app:80
[http] web.taxes.cashstaging.app:80
[http] web.usc1.taxes.cashstaging.app:80
[ies-lm] admin.taxes.cashstaging.app:1443
[ies-lm] admin.usc1.taxes.cashstaging.app:1443
[ies-lm] api.taxes.cashstaging.app:1443
[ies-lm] api.usc1.taxes.cashstaging.app:1443
[ies-lm] collector.taxes.cashstaging.app:1443
[ies-lm] collector.usc1.taxes.cashstaging.app:1443
[ies-lm] taxes.cashstaging.app:1443
[ies-lm] taxeshelp-devprobox.cashstaging.app:1443
[ies-lm] web.taxes.cashstaging.app:1443
[ies-lm] web.usc1.taxes.cashstaging.app:1443
[imap] admin.taxes.cashstaging.app:143
[imap] admin.usc1.taxes.cashstaging.app:143
[imap] api.taxes.cashstaging.app:143
[imap] api.usc1.taxes.cashstaging.app:143
[imap] collector.taxes.cashstaging.app:143
[imap] collector.usc1.taxes.cashstaging.app:143
[imaps] admin.taxes.cashstaging.app:993
[imaps] admin.usc1.taxes.cashstaging.app:993
[imaps] api.taxes.cashstaging.app:993
[imaps] api.usc1.taxes.cashstaging.app:993
[imaps] collector.taxes.cashstaging.app:993
[imaps] collector.usc1.taxes.cashstaging.app:993
[imaps] taxes.cashstaging.app:993
[imaps] taxeshelp-devprobox.cashstaging.app:993
[imaps] web.taxes.cashstaging.app:993
[imaps] web.usc1.taxes.cashstaging.app:993
[imap] taxes.cashstaging.app:143
[imap] taxeshelp-devprobox.cashstaging.app:143
[imap] web.taxes.cashstaging.app:143
[imap] web.usc1.taxes.cashstaging.app:143
[jetdirect] admin.taxes.cashstaging.app:9100
[jetdirect] admin.usc1.taxes.cashstaging.app:9100
[jetdirect] api.taxes.cashstaging.app:9100
[jetdirect] api.usc1.taxes.cashstaging.app:9100
[jetdirect] collector.taxes.cashstaging.app:9100
[jetdirect] collector.usc1.taxes.cashstaging.app:9100
[jetdirect] taxes.cashstaging.app:9100
[jetdirect] taxeshelp-devprobox.cashstaging.app:9100
[jetdirect] web.taxes.cashstaging.app:9100
[jetdirect] web.usc1.taxes.cashstaging.app:9100
[memcache] api.taxes.cashstaging.app:11211
[memcache] collector.taxes.cashstaging.app:11211
[memcache] taxes.cashstaging.app:11211
[mit-ml-dev] admin.taxes.cashstaging.app:83
[mit-ml-dev] admin.taxes.cashstaging.app:85
[mit-ml-dev] admin.usc1.taxes.cashstaging.app:83
[mit-ml-dev] admin.usc1.taxes.cashstaging.app:85
[mit-ml-dev] api.taxes.cashstaging.app:83
[mit-ml-dev] api.taxes.cashstaging.app:85
[mit-ml-dev] api.usc1.taxes.cashstaging.app:83
[mit-ml-dev] api.usc1.taxes.cashstaging.app:85
[mit-ml-dev] collector.taxes.cashstaging.app:83
[mit-ml-dev] collector.taxes.cashstaging.app:85
[mit-ml-dev] collector.usc1.taxes.cashstaging.app:83
[mit-ml-dev] collector.usc1.taxes.cashstaging.app:85
[mit-ml-dev] taxes.cashstaging.app:83
[mit-ml-dev] taxes.cashstaging.app:85
[mit-ml-dev] taxeshelp-devprobox.cashstaging.app:83
[mit-ml-dev] taxeshelp-devprobox.cashstaging.app:85
[mit-ml-dev] web.taxes.cashstaging.app:83
[mit-ml-dev] web.taxes.cashstaging.app:85
[mit-ml-dev] web.usc1.taxes.cashstaging.app:83
[mit-ml-dev] web.usc1.taxes.cashstaging.app:85
[mqtt] api.taxes.cashstaging.app:1883
[mqtt] collector.taxes.cashstaging.app:1883
[mqtt] taxes.cashstaging.app:1883
[ms-wbt-server] admin.taxes.cashstaging.app:3389
[ms-wbt-server] admin.usc1.taxes.cashstaging.app:3389
[ms-wbt-server] api.taxes.cashstaging.app:3389
[ms-wbt-server] api.usc1.taxes.cashstaging.app:3389
[ms-wbt-server] collector.taxes.cashstaging.app:3389
[ms-wbt-server] collector.usc1.taxes.cashstaging.app:3389
[ms-wbt-server] taxes.cashstaging.app:3389
[ms-wbt-server] taxeshelp-devprobox.cashstaging.app:3389
[ms-wbt-server] web.taxes.cashstaging.app:3389
[ms-wbt-server] web.usc1.taxes.cashstaging.app:3389
[ncd-conf] admin.taxes.cashstaging.app:5999
[ncd-conf] admin.usc1.taxes.cashstaging.app:5999
[ncd-conf] api.taxes.cashstaging.app:5999
[ncd-conf] api.usc1.taxes.cashstaging.app:5999
[ncd-conf] collector.taxes.cashstaging.app:5999
[ncd-conf] collector.usc1.taxes.cashstaging.app:5999
[ncd-conf] taxes.cashstaging.app:5999
[ncd-conf] taxeshelp-devprobox.cashstaging.app:5999
[ncd-conf] web.taxes.cashstaging.app:5999
[ncd-conf] web.usc1.taxes.cashstaging.app:5999
[ndmps] admin.taxes.cashstaging.app:30000
[ndmps] admin.usc1.taxes.cashstaging.app:30000
[ndmps] api.taxes.cashstaging.app:30000
[ndmps] api.usc1.taxes.cashstaging.app:30000
[ndmps] collector.taxes.cashstaging.app:30000
[ndmps] collector.usc1.taxes.cashstaging.app:30000
[ndmps] taxes.cashstaging.app:30000
[ndmps] taxeshelp-devprobox.cashstaging.app:30000
[ndmps] web.taxes.cashstaging.app:30000
[ndmps] web.usc1.taxes.cashstaging.app:30000
[opsmessaging] admin.taxes.cashstaging.app:8090
[opsmessaging] admin.usc1.taxes.cashstaging.app:8090
[opsmessaging] api.taxes.cashstaging.app:8090
[opsmessaging] api.usc1.taxes.cashstaging.app:8090
[opsmessaging] collector.taxes.cashstaging.app:8090
[opsmessaging] collector.usc1.taxes.cashstaging.app:8090
[opsmessaging] taxes.cashstaging.app:8090
[opsmessaging] taxeshelp-devprobox.cashstaging.app:8090
[opsmessaging] web.taxes.cashstaging.app:8090
[opsmessaging] web.usc1.taxes.cashstaging.app:8090
[pop3] admin.taxes.cashstaging.app:110
[pop3] admin.usc1.taxes.cashstaging.app:110
[pop3] api.taxes.cashstaging.app:110
[pop3] api.usc1.taxes.cashstaging.app:110
[pop3] collector.taxes.cashstaging.app:110
[pop3] collector.usc1.taxes.cashstaging.app:110
[pop3s] admin.taxes.cashstaging.app:995
[pop3s] admin.usc1.taxes.cashstaging.app:995
[pop3s] api.taxes.cashstaging.app:995
[pop3s] api.usc1.taxes.cashstaging.app:995
[pop3s] collector.taxes.cashstaging.app:995
[pop3s] collector.usc1.taxes.cashstaging.app:995
[pop3s] taxes.cashstaging.app:995
[pop3s] taxeshelp-devprobox.cashstaging.app:995
[pop3s] web.taxes.cashstaging.app:995
[pop3s] web.usc1.taxes.cashstaging.app:995
[pop3] taxes.cashstaging.app:110
[pop3] taxeshelp-devprobox.cashstaging.app:110
[pop3] web.taxes.cashstaging.app:110
[pop3] web.usc1.taxes.cashstaging.app:110
[postgresql] admin.taxes.cashstaging.app:5432
[postgresql] admin.usc1.taxes.cashstaging.app:5432
[postgresql] api.taxes.cashstaging.app:5432
[postgresql] api.usc1.taxes.cashstaging.app:5432
[postgresql] collector.taxes.cashstaging.app:5432
[postgresql] collector.usc1.taxes.cashstaging.app:5432
[postgresql] taxes.cashstaging.app:5432
[postgresql] taxeshelp-devprobox.cashstaging.app:5432
[postgresql] web.taxes.cashstaging.app:5432
[postgresql] web.usc1.taxes.cashstaging.app:5432
[radan-http] admin.taxes.cashstaging.app:8088
[radan-http] admin.usc1.taxes.cashstaging.app:8088
[radan-http] api.taxes.cashstaging.app:8088
[radan-http] api.usc1.taxes.cashstaging.app:8088
[radan-http] collector.taxes.cashstaging.app:8088
[radan-http] collector.usc1.taxes.cashstaging.app:8088
[radan-http] taxes.cashstaging.app:8088
[radan-http] taxeshelp-devprobox.cashstaging.app:8088
[radan-http] web.taxes.cashstaging.app:8088
[radan-http] web.usc1.taxes.cashstaging.app:8088
[redis] api.taxes.cashstaging.app:6379
[redis] collector.taxes.cashstaging.app:6379
[redis] taxes.cashstaging.app:6379
[rtmp] admin.taxes.cashstaging.app:1935
[rtmp] admin.usc1.taxes.cashstaging.app:1935
[rtmp] api.taxes.cashstaging.app:1935
[rtmp] api.usc1.taxes.cashstaging.app:1935
[rtmp] collector.taxes.cashstaging.app:1935
[rtmp] collector.usc1.taxes.cashstaging.app:1935
[rtmp] taxes.cashstaging.app:1935
[rtmp] taxeshelp-devprobox.cashstaging.app:1935
[rtmp] web.taxes.cashstaging.app:1935
[rtmp] web.usc1.taxes.cashstaging.app:1935
[smtp] admin.taxes.cashstaging.app:25
[smtp] admin.usc1.taxes.cashstaging.app:25
[smtp] api.taxes.cashstaging.app:25
[smtp] api.usc1.taxes.cashstaging.app:25
[smtp] collector.taxes.cashstaging.app:25
[smtp] collector.usc1.taxes.cashstaging.app:25
[smtps] admin.taxes.cashstaging.app:465
[smtps] admin.usc1.taxes.cashstaging.app:465
[smtps] api.taxes.cashstaging.app:465
[smtps] api.usc1.taxes.cashstaging.app:465
[smtps] collector.taxes.cashstaging.app:465
[smtps] collector.usc1.taxes.cashstaging.app:465
[smtps] taxes.cashstaging.app:465
[smtps] taxeshelp-devprobox.cashstaging.app:465
[smtps] web.taxes.cashstaging.app:465
[smtps] web.usc1.taxes.cashstaging.app:465
[smtp] taxes.cashstaging.app:25
[smtp] taxeshelp-devprobox.cashstaging.app:25
[smtp] web.taxes.cashstaging.app:25
[smtp] web.usc1.taxes.cashstaging.app:25
[submission] admin.taxes.cashstaging.app:587
[submission] admin.usc1.taxes.cashstaging.app:587
[submission] api.taxes.cashstaging.app:587
[submission] api.usc1.taxes.cashstaging.app:587
[submission] collector.taxes.cashstaging.app:587
[submission] collector.usc1.taxes.cashstaging.app:587
[submission] taxes.cashstaging.app:587
[submission] taxeshelp-devprobox.cashstaging.app:587
[submission] web.taxes.cashstaging.app:587
[submission] web.usc1.taxes.cashstaging.app:587
[su-mit-tg] admin.taxes.cashstaging.app:89
[su-mit-tg] admin.usc1.taxes.cashstaging.app:89
[su-mit-tg] api.taxes.cashstaging.app:89
[su-mit-tg] api.usc1.taxes.cashstaging.app:89
[su-mit-tg] collector.taxes.cashstaging.app:89
[su-mit-tg] collector.usc1.taxes.cashstaging.app:89
[su-mit-tg] taxes.cashstaging.app:89
[su-mit-tg] taxeshelp-devprobox.cashstaging.app:89
[su-mit-tg] web.taxes.cashstaging.app:89
[su-mit-tg] web.usc1.taxes.cashstaging.app:89
[unknown] admin.taxes.cashstaging.app:8085
[unknown] admin.taxes.cashstaging.app:8089
[unknown] admin.taxes.cashstaging.app:8099
[unknown] admin.usc1.taxes.cashstaging.app:8085
[unknown] admin.usc1.taxes.cashstaging.app:8089
[unknown] admin.usc1.taxes.cashstaging.app:8099
[unknown] api.taxes.cashstaging.app:8085
[unknown] api.taxes.cashstaging.app:8089
[unknown] api.taxes.cashstaging.app:8099
[unknown] api.usc1.taxes.cashstaging.app:8085
[unknown] api.usc1.taxes.cashstaging.app:8089
[unknown] api.usc1.taxes.cashstaging.app:8099
[unknown] collector.taxes.cashstaging.app:8085
[unknown] collector.taxes.cashstaging.app:8089
[unknown] collector.taxes.cashstaging.app:8099
[unknown] collector.usc1.taxes.cashstaging.app:8085
[unknown] collector.usc1.taxes.cashstaging.app:8089
[unknown] collector.usc1.taxes.cashstaging.app:8099
[unknown] taxes.cashstaging.app:8085
[unknown] taxes.cashstaging.app:8089
[unknown] taxes.cashstaging.app:8099
[unknown] taxeshelp-devprobox.cashstaging.app:8085
[unknown] taxeshelp-devprobox.cashstaging.app:8089
[unknown] taxeshelp-devprobox.cashstaging.app:8099
[unknown] web.taxes.cashstaging.app:8085
[unknown] web.taxes.cashstaging.app:8089
[unknown] web.taxes.cashstaging.app:8099
[unknown] web.usc1.taxes.cashstaging.app:8085
[unknown] web.usc1.taxes.cashstaging.app:8089
[unknown] web.usc1.taxes.cashstaging.app:8099
[vnc-1] admin.taxes.cashstaging.app:5901
[vnc-1] admin.usc1.taxes.cashstaging.app:5901
[vnc-1] api.taxes.cashstaging.app:5901
[vnc-1] api.usc1.taxes.cashstaging.app:5901
[vnc-1] collector.taxes.cashstaging.app:5901
[vnc-1] collector.usc1.taxes.cashstaging.app:5901
[vnc-1] taxes.cashstaging.app:5901
[vnc-1] taxeshelp-devprobox.cashstaging.app:5901
[vnc-1] web.taxes.cashstaging.app:5901
[vnc-1] web.usc1.taxes.cashstaging.app:5901
[vnc] admin.taxes.cashstaging.app:5900
[vnc] admin.usc1.taxes.cashstaging.app:5900
[vnc] api.taxes.cashstaging.app:5900
[vnc] api.usc1.taxes.cashstaging.app:5900
[vnc] collector.taxes.cashstaging.app:5900
[vnc] collector.usc1.taxes.cashstaging.app:5900
[vnc] taxes.cashstaging.app:5900
[vnc] taxeshelp-devprobox.cashstaging.app:5900
[vnc] web.taxes.cashstaging.app:5900
[vnc] web.usc1.taxes.cashstaging.app:5900
[wap-wsp] admin.taxes.cashstaging.app:9200
[wap-wsp] admin.usc1.taxes.cashstaging.app:9200
[wap-wsp] api.taxes.cashstaging.app:9200
[wap-wsp] api.usc1.taxes.cashstaging.app:9200
[wap-wsp] collector.taxes.cashstaging.app:9200
[wap-wsp] collector.usc1.taxes.cashstaging.app:9200
[wap-wsp] taxes.cashstaging.app:9200
[wap-wsp] taxeshelp-devprobox.cashstaging.app:9200
[wap-wsp] web.taxes.cashstaging.app:9200
[wap-wsp] web.usc1.taxes.cashstaging.app:9200
[webobjects] admin.taxes.cashstaging.app:1085
[webobjects] admin.usc1.taxes.cashstaging.app:1085
[webobjects] api.taxes.cashstaging.app:1085
[webobjects] api.usc1.taxes.cashstaging.app:1085
[webobjects] collector.taxes.cashstaging.app:1085
[webobjects] collector.usc1.taxes.cashstaging.app:1085
[webobjects] taxes.cashstaging.app:1085
[webobjects] taxeshelp-devprobox.cashstaging.app:1085
[webobjects] web.taxes.cashstaging.app:1085
[webobjects] web.usc1.taxes.cashstaging.app:1085
[whois] admin.taxes.cashstaging.app:43
[whois] admin.usc1.taxes.cashstaging.app:43
[whois] api.taxes.cashstaging.app:43
[whois] api.usc1.taxes.cashstaging.app:43
[whois] collector.taxes.cashstaging.app:43
[whois] collector.usc1.taxes.cashstaging.app:43
[whois] taxes.cashstaging.app:43
[whois] taxeshelp-devprobox.cashstaging.app:43
[whois] web.taxes.cashstaging.app:43
[whois] web.usc1.taxes.cashstaging.app:43
[XmlIpcRegSvc] taxes.cashstaging.app:9092
[xmpp-client] admin.taxes.cashstaging.app:5222
[xmpp-client] admin.usc1.taxes.cashstaging.app:5222
[xmpp-client] api.taxes.cashstaging.app:5222
[xmpp-client] api.usc1.taxes.cashstaging.app:5222
[xmpp-client] collector.taxes.cashstaging.app:5222
[xmpp-client] collector.usc1.taxes.cashstaging.app:5222
[xmpp-client] taxes.cashstaging.app:5222
[xmpp-client] taxeshelp-devprobox.cashstaging.app:5222
[xmpp-client] web.taxes.cashstaging.app:5222
[xmpp-client] web.usc1.taxes.cashstaging.app:5222
