[cddbp-alt] apps.chain.link:8880
[cddbp-alt] archive.docs.chain.link:8880
[cddbp-alt] careers.chain.link:8880
[cddbp-alt] data.chain.link:8880
[cddbp-alt] defi.chain.link:8880
[cddbp-alt] email.chain.link:8880
[cddbp-alt] faucet.chain.link:8880
[cddbp-alt] faucets.chain.link:8880
[cddbp-alt] feeds.chain.link:8880
[cddbp-alt] hack.chain.link:8880
[cddbp-alt] keeper.chain.link:8880
[cddbp-alt] keepers-beta.chain.link:8880
[cddbp-alt] keepers.chain.link:8880
[cddbp-alt] kovan.chain.link:8880
[cddbp-alt] pages.chain.link:8880
[cddbp-alt] pegswap.chain.link:8880
[cddbp-alt] rinkeby.chain.link:8880
[cddbp-alt] ropsten.chain.link:8880
[cddbp-alt] supply.chain.link:8880
[cddbp-alt] vrf.chain.link:8880
[cddbp-alt] www.careers.chain.link:8880
[eli] email.chain.link:2087
[eli] pages.chain.link:2087
[globalcatLDAPssl] events.chain.link:3269
[gnunet] apps.chain.link:2086
[gnunet] archive.docs.chain.link:2086
[gnunet] careers.chain.link:2086
[gnunet] data.chain.link:2086
[gnunet] defi.chain.link:2086
[gnunet] email.chain.link:2086
[gnunet] faucet.chain.link:2086
[gnunet] faucets.chain.link:2086
[gnunet] feeds.chain.link:2086
[gnunet] hack.chain.link:2086
[gnunet] keeper.chain.link:2086
[gnunet] keepers-beta.chain.link:2086
[gnunet] keepers.chain.link:2086
[gnunet] kovan.chain.link:2086
[gnunet] pages.chain.link:2086
[gnunet] pegswap.chain.link:2086
[gnunet] rinkeby.chain.link:2086
[gnunet] ropsten.chain.link:2086
[gnunet] supply.chain.link:2086
[gnunet] vrf.chain.link:2086
[gnunet] www.careers.chain.link:2086
[http] apps.chain.link:80
[http] archive.docs.chain.link:80
[http] blog.chain.link:80
[http] careers.chain.link:80
[http] chain.link:80
[http] data3.chain.link:80
[http] data.chain.link:80
[http] defi.chain.link:80
[http] docs.chain.link:80
[http] email.chain.link:80
[http] events.chain.link:80
[http] faucet.chain.link:80
[http] faucets.chain.link:80
[http] feeds.chain.link:80
[http] fms-rpc.chain.link:80
[http] go.chain.link:80
[http] gql.graph.chain.link:80
[http] hack.chain.link:80
[http] jwh.chain.link:80
[http] keeper.chain.link:80
[http] keepers-beta.chain.link:80
[http] keepers.chain.link:80
[http] ko.chain.link:80
[http] kovan.chain.link:80
[http] kovan.eth.chain.link:80
[http] pages.chain.link:80
[http] pegswap.chain.link:80
[http-proxy] apps.chain.link:8080
[http-proxy] archive.docs.chain.link:8080
[http-proxy] careers.chain.link:8080
[http-proxy] data.chain.link:8080
[http-proxy] defi.chain.link:8080
[http-proxy] email.chain.link:8080
[http-proxy] faucet.chain.link:8080
[http-proxy] faucets.chain.link:8080
[http-proxy] feeds.chain.link:8080
[http-proxy] hack.chain.link:8080
[http-proxy] keeper.chain.link:8080
[http-proxy] keepers-beta.chain.link:8080
[http-proxy] keepers.chain.link:8080
[http-proxy] kovan.chain.link:8080
[http-proxy] pages.chain.link:8080
[http-proxy] pegswap.chain.link:8080
[http-proxy] rinkeby.chain.link:8080
[http-proxy] ropsten.chain.link:8080
[http-proxy] supply.chain.link:8080
[http-proxy] vrf.chain.link:8080
[http-proxy] www.careers.chain.link:8080
[http] rinkeby.chain.link:80
[http] rinkeby.eth.chain.link:80
[http] ropsten.chain.link:80
[https-alt] apps.chain.link:8443
[https-alt] archive.docs.chain.link:8443
[https-alt] careers.chain.link:8443
[https-alt] data.chain.link:8443
[https-alt] defi.chain.link:8443
[https-alt] email.chain.link:8443
[https-alt] faucet.chain.link:8443
[https-alt] faucets.chain.link:8443
[https-alt] feeds.chain.link:8443
[https-alt] hack.chain.link:8443
[https-alt] keeper.chain.link:8443
[https-alt] keepers-beta.chain.link:8443
[https-alt] keepers.chain.link:8443
[https-alt] kovan.chain.link:8443
[https-alt] pages.chain.link:8443
[https-alt] pegswap.chain.link:8443
[https-alt] rinkeby.chain.link:8443
[https-alt] ropsten.chain.link:8443
[https-alt] supply.chain.link:8443
[https-alt] vrf.chain.link:8443
[https-alt] www.careers.chain.link:8443
[https] apps.chain.link:443
[https] archive.docs.chain.link:443
[https] blog.chain.link:443
[https] careers.chain.link:443
[https] chain.link:443
[https] data3.chain.link:443
[https] data.chain.link:443
[https] defi.chain.link:443
[https] docs.chain.link:443
[https] email.chain.link:443
[https] explorer.chain.link:443
[https] faucet.chain.link:443
[https] faucets.chain.link:443
[https] feeds.chain.link:443
[https] fms-rpc.chain.link:443
[https] go.chain.link:443
[https] gql.graph.chain.link:443
[https] hack.chain.link:443
[https] jwh.chain.link:443
[https] keeper.chain.link:443
[https] keepers-beta.chain.link:443
[https] keepers.chain.link:443
[https] ko.chain.link:443
[https] kovan.chain.link:443
[https] kovan.eth.chain.link:443
[https] kovan.explorer.chain.link:443
[http] smartcon.chain.link:80
[https] pages.chain.link:443
[https] pegswap.chain.link:443
[https] research.chain.link:443
[https] rinkeby.chain.link:443
[https] rinkeby.eth.chain.link:443
[https] rinkeby.explorer.chain.link:443
[https] ropsten.chain.link:443
[https] smartcon.chain.link:443
[https] supply.chain.link:443
[http] supply.chain.link:80
[https] vrf.chain.link:443
[https] www.careers.chain.link:443
[https] www.chain.link:443
[https] zh.chain.link:443
[http] vrf.chain.link:80
[http] www.careers.chain.link:80
[http] www.chain.link:80
[http] zh.chain.link:80
[infowave] email.chain.link:2082
[infowave] pages.chain.link:2082
[knetd] email.chain.link:2053
[knetd] pages.chain.link:2053
[ldapssl] events.chain.link:636
[mysql] events.chain.link:3306
[nbx-dir] archive.docs.chain.link:2096
[nbx-dir] email.chain.link:2096
[nbx-dir] pages.chain.link:2096
[nbx-ser] email.chain.link:2095
[nbx-ser] pages.chain.link:2095
[radsec] email.chain.link:2083
[radsec] pages.chain.link:2083
[sun-sr-https] chain.link:6443
[sun-sr-https] smartcon.chain.link:6443
