[bgp] polls.chain.com:179
[blackice-alerts] polls.chain.com:8082
[cddbp-alt] chain.com:8880
[gnunet] chain.com:2086
[http] 1997.sequence.chain.com:80
[http] api.chain.com:80
[http] blog.chain.com:80
[http] bridge.chain.com:80
[http] chain.com:80
[http] dashboard.chain.com:80
[http] discord.chain.com:80
[http] docs.chain.com:80
[http] forum.chain.com:80
[http] gov.chain.com:80
[http] polls.chain.com:80
[http] prime.chain.com:80
[http-proxy] chain.com:8080
[https] 1997.sequence.chain.com:443
[https-alt] api.chain.com:8443
[https-alt] bridge.chain.com:8443
[https-alt] chain.com:8443
[https-alt] dashboard.chain.com:8443
[https-alt] discord.chain.com:8443
[https-alt] docs.chain.com:8443
[https-alt] forum.chain.com:8443
[https-alt] gov.chain.com:8443
[https-alt] sequence.chain.com:8443
[https-alt] www.chain.com:8443
[https] blog.chain.com:443
[https] chain.com:443
[http] sequence.chain.com:80
[http] sequence.sequence.chain.com:80
[https] polls.chain.com:443
[https] prime.chain.com:443
[https] sequence.sequence.chain.com:443
[http] www.chain.com:80
[infowave] chain.com:2082
[knetd] chain.com:2053
[radsec] chain.com:2083
[rtmp] polls.chain.com:1935
[ssh] 1997.sequence.chain.com:22
[ssh] polls.chain.com:22
[ssh] prime.chain.com:22
[ssh] sequence.sequence.chain.com:22
[unknown] polls.chain.com:8084
[unknown] polls.chain.com:8085
