[cddbp-alt] developer.chimebank.com:8880
[eli] developer.chimebank.com:2087
[gnunet] developer.chimebank.com:2086
[http] api.chimebank.com:80
[http] api-dev1.chimebank.com:80
[http] api-qa.chimebank.com:80
[http] api-v2.chimebank.com:80
[http] api-v2-dev1.chimebank.com:80
[http] api-v2-qa.chimebank.com:80
[http] cachet.chimebank.com:80
[http] chimebank.com:80
[http] client.chimebank.com:80
[http] client-dev1.chimebank.com:80
[http] client-qa.chimebank.com:80
[http] developer.chimebank.com:80
[http] email.mg.chimebank.com:80
[http] links.chimebank.com:80
[http] member.chimebank.com:80
[http] member-qa.chimebank.com:80
[http-proxy] api.chimebank.com:8080
[http-proxy] api-dev1.chimebank.com:8080
[http-proxy] api-qa.chimebank.com:8080
[http-proxy] api-v2.chimebank.com:8080
[http-proxy] api-v2-dev1.chimebank.com:8080
[http-proxy] api-v2-qa.chimebank.com:8080
[http-proxy] client.chimebank.com:8080
[http-proxy] client-dev1.chimebank.com:8080
[http-proxy] client-qa.chimebank.com:8080
[http-proxy] developer.chimebank.com:8080
[http-proxy] email.mg.chimebank.com:8080
[http-proxy] member.chimebank.com:8080
[http-proxy] member-qa.chimebank.com:8080
[http-proxy] securelinks.chimebank.com:8080
[http-proxy] status.chimebank.com:8080
[http-proxy] webhook.chimebank.com:8080
[http-proxy] webhook-dev1.chimebank.com:8080
[http-proxy] webhook-qa.chimebank.com:8080
[https-alt] api.chimebank.com:8443
[https-alt] api-dev1.chimebank.com:8443
[https-alt] api-qa.chimebank.com:8443
[https-alt] api-v2.chimebank.com:8443
[https-alt] api-v2-dev1.chimebank.com:8443
[https-alt] api-v2-qa.chimebank.com:8443
[https-alt] client.chimebank.com:8443
[https-alt] client-dev1.chimebank.com:8443
[https-alt] client-qa.chimebank.com:8443
[https-alt] developer.chimebank.com:8443
[https-alt] email.mg.chimebank.com:8443
[https-alt] member.chimebank.com:8443
[https-alt] member-qa.chimebank.com:8443
[https-alt] securelinks.chimebank.com:8443
[https-alt] status.chimebank.com:8443
[https-alt] webhook.chimebank.com:8443
[https-alt] webhook-dev1.chimebank.com:8443
[https-alt] webhook-qa.chimebank.com:8443
[https] api.chimebank.com:443
[https] api-dev1.chimebank.com:443
[https] api-qa.chimebank.com:443
[https] api-v2.chimebank.com:443
[https] api-v2-dev1.chimebank.com:443
[https] api-v2-qa.chimebank.com:443
[https] cachet.chimebank.com:443
[https] chimebank.com:443
[https] client.chimebank.com:443
[https] client-dev1.chimebank.com:443
[https] client-qa.chimebank.com:443
[https] developer.chimebank.com:443
[http] securelinks.chimebank.com:80
[https] email.mg.chimebank.com:443
[https] links.chimebank.com:443
[https] member.chimebank.com:443
[https] member-qa.chimebank.com:443
[https] securelinks.chimebank.com:443
[https] status.chimebank.com:443
[http] status.chimebank.com:80
[https] webhook.chimebank.com:443
[https] webhook-dev1.chimebank.com:443
[https] webhook-qa.chimebank.com:443
[https] www.chimebank.com:443
[http] webhook.chimebank.com:80
[http] webhook-dev1.chimebank.com:80
[http] webhook-qa.chimebank.com:80
[http] www.chimebank.com:80
[infowave] developer.chimebank.com:2082
[radsec] developer.chimebank.com:2083
