[http] alerts.galileo.dev1-ext.chmfin.com:80
[http] alerts.galileo.dev2-ext.chmfin.com:80
[http] alerts.galileo.dev3-ext.chmfin.com:80
[http] alerts.galileo.dev4-ext.chmfin.com:80
[http] alerts.galileo.dev5-ext.chmfin.com:80
[http] alerts.galileo.integ-ext.chmfin.com:80
[http] alerts.galileo.prod-ext.chmfin.com:80
[http] alerts.galileo.qa-ext.chmfin.com:80
[http] authorization.galileo.dev1-ext.chmfin.com:80
[http] authorization.galileo.dev2-ext.chmfin.com:80
[http] authorization.galileo.dev3-ext.chmfin.com:80
[http] authorization.galileo.dev4-ext.chmfin.com:80
[http] authorization.galileo.dev5-ext.chmfin.com:80
[http] authorization.galileo.integ-ext.chmfin.com:80
[http] authorization.galileo.prod-ext.chmfin.com:80
[http] authorization.galileo.qa-ext.chmfin.com:80
[http] chime-mobile-assets.prod-ext.chmfin.com:80
[http] chime-public-assets.prod-ext.chmfin.com:80
[http] chm-merchants.prod-ext.chmfin.com:80
[http] chm-merchants.qa-ext.chmfin.com:80
[http] cross-sell-partners.prod-ext.chmfin.com:80
[http] cross-sell-partners.qa-ext.chmfin.com:80
[http] ga-purple.prod.chmfin.com:80
[http] lending-public-documents.prod-ext.chmfin.com:80
[https] alerts.galileo.dev1-ext.chmfin.com:443
[https] alerts.galileo.dev2-ext.chmfin.com:443
[https] alerts.galileo.dev3-ext.chmfin.com:443
[https] alerts.galileo.dev4-ext.chmfin.com:443
[https] alerts.galileo.dev5-ext.chmfin.com:443
[https] alerts.galileo.integ-ext.chmfin.com:443
[https] alerts.galileo.prod-ext.chmfin.com:443
[https] alerts.galileo.qa-ext.chmfin.com:443
[https] authorization.galileo.dev1-ext.chmfin.com:443
[https] authorization.galileo.dev2-ext.chmfin.com:443
[https] authorization.galileo.dev3-ext.chmfin.com:443
[https] authorization.galileo.dev4-ext.chmfin.com:443
[https] authorization.galileo.dev5-ext.chmfin.com:443
[https] authorization.galileo.integ-ext.chmfin.com:443
[https] authorization.galileo.prod-ext.chmfin.com:443
[https] authorization.galileo.qa-ext.chmfin.com:443
[https] chime-mobile-assets.prod-ext.chmfin.com:443
[https] chime-public-assets.prod-ext.chmfin.com:443
[https] chmfin.com:443
[https] chm-merchants.prod-ext.chmfin.com:443
[https] chm-merchants.qa-ext.chmfin.com:443
[https] cross-sell-partners.prod-ext.chmfin.com:443
[https] cross-sell-partners.qa-ext.chmfin.com:443
[https] ga-purple.prod.chmfin.com:443
[https] lending-public-documents.prod-ext.chmfin.com:443
