[domain] ns1.citymeal.com:53
[domain] ns2.citymeal.com:53
[http] apps.citymeal.com:80
[http] at-cdn.citymeal.com:80
[http] at.citymeal.com:80
[http] be-cdn.citymeal.com:80
[http] be.citymeal.com:80
[http] beta.citymeal.com:80
[http] bg-cdn.citymeal.com:80
[http] bg.citymeal.com:80
[http] blogbeta.citymeal.com:80
[http] ch-cdn.citymeal.com:80
[http] ch.citymeal.com:80
[http] debug.citymeal.com:80
[http] de-cdn.citymeal.com:80
[http] de.citymeal.com:80
[http] denmark.citymeal.com:80
[http] dk-cdn.citymeal.com:80
[http] dk.citymeal.com:80
[http] fallbackapps.citymeal.com:80
[http] fastly.citymeal.com:80
[http] fr-cdn.citymeal.com:80
[http] fr.citymeal.com:80
[http] gb.citymeal.com:80
[http] lu-cdn.citymeal.com:80
[http] lu.citymeal.com:80
[http] merchandiseapi.citymeal.com:80
[http] merchandiseapidev.citymeal.com:80
[http] nl-cdn.citymeal.com:80
[http] nl.citymeal.com:80
[http] no-cdn.citymeal.com:80
[http] no.citymeal.com:80
[http] paypalec.citymeal.com:80
[http] php7.citymeal.com:80
[http] pl-cdn.citymeal.com:80
[http] pl.citymeal.com:80
[http] pt-cdn.citymeal.com:80
[http] pt.citymeal.com:80
[http] ro-cdn.citymeal.com:80
[http] ro.citymeal.com:80
[https] apps.citymeal.com:443
[https] at-cdn.citymeal.com:443
[https] at.citymeal.com:443
[https] be-cdn.citymeal.com:443
[https] be.citymeal.com:443
[https] beta.citymeal.com:443
[https] bg-cdn.citymeal.com:443
[https] bg.citymeal.com:443
[https] blogbeta.citymeal.com:443
[https] ch-cdn.citymeal.com:443
[https] ch.citymeal.com:443
[https] debug.citymeal.com:443
[https] de-cdn.citymeal.com:443
[https] de.citymeal.com:443
[https] denmark.citymeal.com:443
[https] dk-cdn.citymeal.com:443
[https] dk.citymeal.com:443
[https] fallbackapps.citymeal.com:443
[https] fastly.citymeal.com:443
[https] fr-cdn.citymeal.com:443
[https] fr.citymeal.com:443
[https] gb.citymeal.com:443
[https] lu-cdn.citymeal.com:443
[https] lu.citymeal.com:443
[https] merchandiseapi.citymeal.com:443
[https] merchandiseapidev.citymeal.com:443
[https] nl-cdn.citymeal.com:443
[https] nl.citymeal.com:443
[https] no-cdn.citymeal.com:443
[https] no.citymeal.com:443
[https] paypalec.citymeal.com:443
[https] php7.citymeal.com:443
[https] pl-cdn.citymeal.com:443
[https] pl.citymeal.com:443
[https] pt-cdn.citymeal.com:443
[https] pt.citymeal.com:443
[https] ro-cdn.citymeal.com:443
[https] ro.citymeal.com:443
[https] static.citymeal.com:443
[http] static.citymeal.com:80
[https] vn-cdn.citymeal.com:443
[https] vn.citymeal.com:443
[https] www.citymeal.com:443
[http] vn-cdn.citymeal.com:80
[http] vn.citymeal.com:80
[http] www.citymeal.com:80
