[cddbp-alt] api.civfund.org:8880
[cddbp-alt] app.civfund.org:8880
[cddbp-alt] civfund.org:8880
[cddbp-alt] dao.civfund.org:8880
[cddbp-alt] dev-api.civfund.org:8880
[cddbp-alt] dev-app.civfund.org:8880
[cddbp-alt] docs.civfund.org:8880
[cddbp-alt] link.civfund.org:8880
[cddbp-alt] news.civfund.org:8880
[cddbp-alt] newsletter.civfund.org:8880
[cddbp-alt] nftgame.civfund.org:8880
[cddbp-alt] staging.civfund.org:8880
[cddbp-alt] www.civfund.org:8880
[eli] api.civfund.org:2087
[eli] app.civfund.org:2087
[eli] civfund.org:2087
[eli] dao.civfund.org:2087
[eli] dev-api.civfund.org:2087
[eli] dev-app.civfund.org:2087
[eli] docs.civfund.org:2087
[eli] link.civfund.org:2087
[eli] news.civfund.org:2087
[eli] newsletter.civfund.org:2087
[eli] nftgame.civfund.org:2087
[eli] staging.civfund.org:2087
[eli] www.civfund.org:2087
[ftp] dev.civfund.org:21
[ftp] mta-sts.app.civfund.org:21
[ftp] mta-sts.newsletter.civfund.org:21
[ftp] website2022.civfund.org:21
[gnunet] civfund.org:2086
[http] api.civfund.org:80
[http] app.civfund.org:80
[http] civfund.org:80
[http] dao.civfund.org:80
[http] dev-api.civfund.org:80
[http] dev-app.civfund.org:80
[http] dev.civfund.org:80
[http] docs.civfund.org:80
[http] link.civfund.org:80
[http] mta-sts.app.civfund.org:80
[http] mta-sts.newsletter.civfund.org:80
[http] news.civfund.org:80
[http] newsletter.civfund.org:80
[http] nftgame.civfund.org:80
[http-proxy] api.civfund.org:8080
[http-proxy] app.civfund.org:8080
[http-proxy] civfund.org:8080
[http-proxy] dao.civfund.org:8080
[http-proxy] dev-api.civfund.org:8080
[http-proxy] dev-app.civfund.org:8080
[http-proxy] docs.civfund.org:8080
[http-proxy] link.civfund.org:8080
[http-proxy] news.civfund.org:8080
[http-proxy] newsletter.civfund.org:8080
[http-proxy] nftgame.civfund.org:8080
[http-proxy] staging.civfund.org:8080
[http-proxy] www.civfund.org:8080
[https-alt] api.civfund.org:8443
[https-alt] app.civfund.org:8443
[https-alt] civfund.org:8443
[https-alt] dao.civfund.org:8443
[https-alt] dev-api.civfund.org:8443
[https-alt] dev-app.civfund.org:8443
[https-alt] docs.civfund.org:8443
[https-alt] link.civfund.org:8443
[https-alt] news.civfund.org:8443
[https-alt] newsletter.civfund.org:8443
[https-alt] nftgame.civfund.org:8443
[https-alt] staging.civfund.org:8443
[https-alt] www.civfund.org:8443
[https] api.civfund.org:443
[https] app.civfund.org:443
[https] civfund.org:443
[https] dao.civfund.org:443
[https] dev-api.civfund.org:443
[https] dev-app.civfund.org:443
[https] dev.civfund.org:443
[https] docs.civfund.org:443
[https] link.civfund.org:443
[https] mta-sts.app.civfund.org:443
[https] mta-sts.newsletter.civfund.org:443
[https] news.civfund.org:443
[https] newsletter.civfund.org:443
[https] nftgame.civfund.org:443
[https] staging.civfund.org:443
[http] staging.civfund.org:80
[https] website2022.civfund.org:443
[https] www.civfund.org:443
[http] website2022.civfund.org:80
[http] www.civfund.org:80
[imap] dev.civfund.org:143
[imap] mta-sts.app.civfund.org:143
[imap] mta-sts.newsletter.civfund.org:143
[imaps] dev.civfund.org:993
[imaps] mta-sts.app.civfund.org:993
[imaps] mta-sts.newsletter.civfund.org:993
[imaps] website2022.civfund.org:993
[imap] website2022.civfund.org:143
[infowave] civfund.org:2082
[mysql] dev.civfund.org:3306
[mysql] mta-sts.app.civfund.org:3306
[mysql] mta-sts.newsletter.civfund.org:3306
[mysql] website2022.civfund.org:3306
[pop3] dev.civfund.org:110
[pop3] mta-sts.app.civfund.org:110
[pop3] mta-sts.newsletter.civfund.org:110
[pop3s] dev.civfund.org:995
[pop3s] mta-sts.app.civfund.org:995
[pop3s] mta-sts.newsletter.civfund.org:995
[pop3s] website2022.civfund.org:995
[pop3] website2022.civfund.org:110
[postgresql] dev.civfund.org:5432
[postgresql] mta-sts.app.civfund.org:5432
[postgresql] mta-sts.newsletter.civfund.org:5432
[postgresql] website2022.civfund.org:5432
[radsec] api.civfund.org:2083
[radsec] app.civfund.org:2083
[radsec] civfund.org:2083
[radsec] dao.civfund.org:2083
[radsec] dev-api.civfund.org:2083
[radsec] dev-app.civfund.org:2083
[radsec] docs.civfund.org:2083
[radsec] link.civfund.org:2083
[radsec] news.civfund.org:2083
[radsec] newsletter.civfund.org:2083
[radsec] nftgame.civfund.org:2083
[radsec] staging.civfund.org:2083
[radsec] www.civfund.org:2083
[rsh-spx] dev.civfund.org:222
[rsh-spx] mta-sts.app.civfund.org:222
[rsh-spx] mta-sts.newsletter.civfund.org:222
[rsh-spx] website2022.civfund.org:222
[smtps] dev.civfund.org:465
[smtps] mta-sts.app.civfund.org:465
[smtps] mta-sts.newsletter.civfund.org:465
[smtps] website2022.civfund.org:465
[ssh] dev.civfund.org:22
[ssh] mta-sts.app.civfund.org:22
[ssh] mta-sts.newsletter.civfund.org:22
[ssh] website2022.civfund.org:22
[submission] dev.civfund.org:587
[submission] mta-sts.app.civfund.org:587
[submission] mta-sts.newsletter.civfund.org:587
[submission] website2022.civfund.org:587
