[http] 1password-scim.infra.coda.io:80
[http] blog.coda.io:80
[http] cdn.coda.io:80
[http] coda.io:80
[http] community.coda.io:80
[http] community.staging.coda.io:80
[http] email.gh-mail.coda.io:80
[http] go.coda.io:80
[http] head.coda.io:80
[http] hello.coda.io:80
[http] help.coda.io:80
[http] mixmax.coda.io:80
[http] origin.coda.io:80
[http] origin.head.coda.io:80
[http] origin.staging.coda.io:80
[https] 1password-scim.infra.coda.io:443
[https] adhoc.coda.io:443
[https] admin.coda.io:443
[https] admin.head.coda.io:443
[https] admin.staging.coda.io:443
[https] airflow-head.data.coda.io:443
[https] airflow-prod.data.coda.io:443
[https] airflow-staging.data.coda.io:443
[https] bazel-cache.dev-infra.coda.io:443
[https] blog.coda.io:443
[https] cdn.coda.io:443
[https] coda.io:443
[https] community.coda.io:443
[https] community.staging.coda.io:443
[https] email.gh-mail.coda.io:443
[https] github-bot.dev-infra.coda.io:443
[https] go.coda.io:443
[https] head.coda.io:443
[https] hello.coda.io:443
[https] help.coda.io:443
[https] maze.coda.io:443
[https] mixmax.coda.io:443
[https] origin.coda.io:443
[https] origin.head.coda.io:443
[https] origin.staging.coda.io:443
[https] packs-auth.coda.io:443
[https] packs-auth.head.coda.io:443
[https] packs-auth.staging.coda.io:443
[https] staging.coda.io:443
[https] status.coda.io:443
[http] staging.coda.io:80
[http] status.coda.io:80
[https] www.coda.io:443
[https] www.head.coda.io:443
[https] www.staging.coda.io:443
[http] www.coda.io:80
[http] www.head.coda.io:80
[http] www.staging.coda.io:80
[us-srv] origin.coda.io:8083
[us-srv] origin.head.coda.io:8083
[us-srv] origin.staging.coda.io:8083
