[cddbp-alt] blog.coindcx.com:8880
[cddbp-alt] coindcx.com:8880
[cddbp-alt] info.coindcx.com:8880
[cddbp-alt] support.coindcx.com:8880
[eli] blog.coindcx.com:2087
[eli] coindcx.com:2087
[eli] info.coindcx.com:2087
[eli] support.coindcx.com:2087
[gnunet] blog.coindcx.com:2086
[gnunet] coindcx.com:2086
[gnunet] info.coindcx.com:2086
[gnunet] support.coindcx.com:2086
[http] admin.coindcx.com:80
[http] af.coindcx.com:80
[http] airflow.coindcx.com:80
[http] apm.coindcx.com:80
[http] bi.coindcx.com:80
[http] blog.coindcx.com:80
[http] careers.coindcx.com:80
[http] cdnassets.coindcx.com:80
[http] cdn.coindcx.com:80
[http] cg.coindcx.com:80
[http] chart.coindcx.com:80
[http] chart-preprod.coindcx.com:80
[http] coindcx.com:80
[http] dbt-doc.coindcx.com:80
[http] docs.coindcx.com:80
[http] exchange.coindcx.com:80
[http] go.coindcx.com:80
[http] helpdesk.coindcx.com:80
[http] hft-api.coindcx.com:80
[http] images.staging-api.coindcx.com:80
[http] info.coindcx.com:80
[http] invest.coindcx.com:80
[http] join.coindcx.com:80
[http] join-pro.coindcx.com:80
[http] jupyter.coindcx.com:80
[http] kcs.coindcx.com:80
[http] link.alert.coindcx.com:80
[http] link.coindcx.com:80
[http] link.engage.coindcx.com:80
[http] maintenance.coindcx.com:80
[http] otcdesk.coindcx.com:80
[http] partner.coindcx.com:80
[http] preprod-admin.coindcx.com:80
[http] preprod-api.coindcx.com:80
[http] preprod-go.coindcx.com:80
[http] preprod-invest.coindcx.com:80
[http] preprod-onfido.coindcx.com:80
[http] pre-production.coindcx.com:80
[http] preproduction.coindcx.com:80
[http] preproduction-m.coindcx.com:80
[http] preproduction-pay.coindcx.com:80
[http] preprod-upload.coindcx.com:80
[http] preprod-xyz.coindcx.com:80
[http] pro.coindcx.com:80
[http-proxy] blog.coindcx.com:8080
[http-proxy] coindcx.com:8080
[http-proxy] info.coindcx.com:8080
[http-proxy] support.coindcx.com:8080
[http] public1.coindcx.com:80
[http] public.coindcx.com:80
[http] qa.coindcx.com:80
[http] quality.coindcx.com:80
[https] admin.coindcx.com:443
[https] af.coindcx.com:443
[https] airflow.coindcx.com:443
[https-alt] blog.coindcx.com:8443
[https-alt] coindcx.com:8443
[https-alt] info.coindcx.com:8443
[https-alt] support.coindcx.com:8443
[https] api.coindcx.com:443
[https] apm.coindcx.com:443
[https] bi.coindcx.com:443
[https] blog.coindcx.com:443
[https] careers.coindcx.com:443
[https] cdnassets.coindcx.com:443
[https] cdn.coindcx.com:443
[https] cg.coindcx.com:443
[https] chart.coindcx.com:443
[https] chart-preprod.coindcx.com:443
[https] coindcx.com:443
[https] dbt-doc.coindcx.com:443
[https] docs.coindcx.com:443
[https] exchange.coindcx.com:443
[http] sg.coindcx.com:80
[https] go.coindcx.com:443
[http] share.coindcx.com:80
[https] helpdesk.coindcx.com:443
[https] hft-api.coindcx.com:443
[https] images.staging-api.coindcx.com:443
[https] info.coindcx.com:443
[https] invest.coindcx.com:443
[https] join.coindcx.com:443
[https] join-pro.coindcx.com:443
[https] kcs.coindcx.com:443
[https] link.alert.coindcx.com:443
[https] link.coindcx.com:443
[https] link.engage.coindcx.com:443
[https] maintenance.coindcx.com:443
[https] otcdesk.coindcx.com:443
[https] partner.coindcx.com:443
[https] preprod-admin.coindcx.com:443
[https] preprod-api.coindcx.com:443
[https] preprod-go.coindcx.com:443
[https] preprod-invest.coindcx.com:443
[https] preprod-onfido.coindcx.com:443
[https] pre-production.coindcx.com:443
[https] preproduction.coindcx.com:443
[https] preproduction-m.coindcx.com:443
[https] preproduction-pay.coindcx.com:443
[https] preprod-upload.coindcx.com:443
[https] preprod-xyz.coindcx.com:443
[https] pro.coindcx.com:443
[https] public1.coindcx.com:443
[https] public.coindcx.com:443
[https] qa.coindcx.com:443
[https] quality.coindcx.com:443
[https] sg.coindcx.com:443
[https] share.coindcx.com:443
[https] staging-info.coindcx.com:443
[https] staging-pay.coindcx.com:443
[https] status.coindcx.com:443
[https] stream.coindcx.com:443
[https] stream-hft.coindcx.com:443
[https] support.coindcx.com:443
[http] staging-info.coindcx.com:80
[http] staging-pay.coindcx.com:80
[http] status.coindcx.com:80
[https] test-bi.coindcx.com:443
[https] testnet.coindcx.com:443
[http] stream.coindcx.com:80
[http] stream-hft.coindcx.com:80
[http] support.coindcx.com:80
[https] www.careers.coindcx.com:443
[https] www.coindcx.com:443
[https] www.info.coindcx.com:443
[http] test-bi.coindcx.com:80
[http] testnet.coindcx.com:80
[http] www.careers.coindcx.com:80
[http] www.coindcx.com:80
[http] www.info.coindcx.com:80
[infowave] blog.coindcx.com:2082
[infowave] coindcx.com:2082
[infowave] info.coindcx.com:2082
[infowave] support.coindcx.com:2082
[radsec] blog.coindcx.com:2083
[radsec] coindcx.com:2083
[radsec] info.coindcx.com:2083
[radsec] support.coindcx.com:2083
[ssh] cg.coindcx.com:22
