[cddbp-alt] arena.coinflex.com:8880
[cddbp-alt] careers.coinflex.com:8880
[cddbp-alt] coinflex.com:8880
[cddbp-alt] docs.coinflex.com:8880
[cddbp-alt] options.coinflex.com:8880
[cddbp-alt] portal.coinflex.com:8880
[cddbp-alt] prodmb.coinflex.com:8880
[cddbp-alt] risk.coinflex.com:8880
[cddbp-alt] shop.coinflex.com:8880
[cddbp-alt] v2api.coinflex.com:8880
[cddbp-alt] v2build.coinflex.com:8880
[cddbp-alt] v2cfa.coinflex.com:8880
[cddbp-alt] v2metrics.coinflex.com:8880
[cddbp-alt] v2ppapi.coinflex.com:8880
[cddbp-alt] v2pp.coinflex.com:8880
[cddbp-alt] v2stgapi.coinflex.com:8880
[cddbp-alt] v2stgcfa.coinflex.com:8880
[cddbp-alt] v2stg.coinflex.com:8880
[cddbp-alt] www.coinflex.com:8880
[clearvisn] arena.coinflex.com:2052
[eli] arena.coinflex.com:2087
[gnunet] arena.coinflex.com:2086
[http] arena.coinflex.com:80
[http-proxy] arena.coinflex.com:8080
[https-alt] arena.coinflex.com:8443
[https] arena.coinflex.com:443
[https] careers.coinflex.com:443
[https] cdnm.coinflex.com:443
[https] coinflex.com:443
[https] docs.coinflex.com:443
[https] livechat.coinflex.com:443
[https] options.coinflex.com:443
[https] portal.coinflex.com:443
[https] prodmb.coinflex.com:443
[https] risk.coinflex.com:443
[https] shop.coinflex.com:443
[https] v2api.coinflex.com:443
[https] v2build.coinflex.com:443
[https] v2cfa.coinflex.com:443
[https] v2metrics.coinflex.com:443
[https] v2ppapi.coinflex.com:443
[https] v2pp.coinflex.com:443
[https] v2stgapi.coinflex.com:443
[https] v2stgcfa.coinflex.com:443
[https] v2stg.coinflex.com:443
[https] www.coinflex.com:443
[infowave] arena.coinflex.com:2082
[knetd] arena.coinflex.com:2053
[nbx-dir] arena.coinflex.com:2096
[nbx-ser] arena.coinflex.com:2095
[radsec] arena.coinflex.com:2083
