[amqp] olympics.coinmetro.com:5672
[amqp] securities.coinmetro.com:5672
[blackice-icecap] ambassador.coinmetro.com:8081
[blackice-icecap] securities.coinmetro.com:8081
[cddbp-alt] beta.coinmetro.com:8880
[cddbp-alt] clicks.coinmetro.com:8880
[cddbp-alt] coinmetro.com:8880
[cddbp-alt] demo.coinmetro.com:8880
[cddbp-alt] email.coinmetro.com:8880
[cddbp-alt] exchange.coinmetro.com:8880
[cddbp-alt] hansecoin.coinmetro.com:8880
[cddbp-alt] help.coinmetro.com:8880
[cddbp-alt] open.coinmetro.com:8880
[cddbp-alt] www.coinmetro.com:8880
[ctf] cryptoaffiliate.coinmetro.com:84
[dn6-nlm-aud] copytrading.coinmetro.com:195
[dn6-nlm-aud] cryptoaffiliate.coinmetro.com:195
[dnp] bond.coinmetro.com:20000
[dnp] margin.coinmetro.com:20000
[d-s-n] crypto.coinmetro.com:8086
[eli] coinmetro.com:2087
[globalcatLDAPssl] cryptoaffiliate.coinmetro.com:3269
[globalcatLDAPssl] express.coinmetro.com:3269
[gnunet] coinmetro.com:2086
[http] admin.coinmetro.com:80
[http] admin-test.coinmetro.com:80
[http] affiliate.coinmetro.com:80
[http] ambassador.coinmetro.com:80
[http] api.coinmetro.com:80
[http] beta.coinmetro.com:80
[http] blog.coinmetro.com:80
[http] bond.coinmetro.com:80
[http] clicks.coinmetro.com:80
[http] coinmetro.com:80
[http] copytrading.coinmetro.com:80
[http] cryptoaffiliate.coinmetro.com:80
[http] crypto.coinmetro.com:80
[http] cryptocurrency.coinmetro.com:80
[http] demo.coinmetro.com:80
[http] email.coinmetro.com:80
[http] exchange.coinmetro.com:80
[http] express.coinmetro.com:80
[http] go.coinmetro.com:80
[http] hansecoin.coinmetro.com:80
[http] help.coinmetro.com:80
[http] invest.coinmetro.com:80
[http] investment.coinmetro.com:80
[http] leaderboard.coinmetro.com:80
[http] margin.coinmetro.com:80
[http] media.coinmetro.com:80
[http] olympics.coinmetro.com:80
[http] open.coinmetro.com:80
[http] parsiq.coinmetro.com:80
[http] pro.coinmetro.com:80
[http-proxy] coinmetro.com:8080
[http-proxy] margin.coinmetro.com:8080
[http-proxy] tram.coinmetro.com:8080
[http] rc.coinmetro.com:80
[https] admin.coinmetro.com:443
[https] admin-test.coinmetro.com:443
[https] affiliate.coinmetro.com:443
[https-alt] admin.coinmetro.com:8443
[https-alt] admin-test.coinmetro.com:8443
[https-alt] api.coinmetro.com:8443
[https-alt] beta.coinmetro.com:8443
[https-alt] blog.coinmetro.com:8443
[https-alt] clicks.coinmetro.com:8443
[https-alt] coinmetro.com:8443
[https-alt] demo.coinmetro.com:8443
[https-alt] email.coinmetro.com:8443
[https-alt] exchange.coinmetro.com:8443
[https-alt] go.coinmetro.com:8443
[https-alt] hansecoin.coinmetro.com:8443
[https-alt] help.coinmetro.com:8443
[https-alt] media.coinmetro.com:8443
[https-alt] open.coinmetro.com:8443
[https-alt] rc.coinmetro.com:8443
[https-alt] sandbox.coinmetro.com:8443
[https-alt] services.coinmetro.com:8443
[https-alt] services-sandbox.coinmetro.com:8443
[https-alt] status.coinmetro.com:8443
[https-alt] www.coinmetro.com:8443
[https] ambassador.coinmetro.com:443
[http] sandbox.coinmetro.com:80
[https] api.coinmetro.com:443
[https] beta.coinmetro.com:443
[https] blog.coinmetro.com:443
[https] bond.coinmetro.com:443
[https] clicks.coinmetro.com:443
[https] coinmetro.com:443
[https] copytrading.coinmetro.com:443
[https] cryptoaffiliate.coinmetro.com:443
[https] crypto.coinmetro.com:443
[https] cryptocurrency.coinmetro.com:443
[https] demo.coinmetro.com:443
[http] securities.coinmetro.com:80
[https] email.coinmetro.com:443
[http] services.coinmetro.com:80
[http] services-sandbox.coinmetro.com:80
[https] exchange.coinmetro.com:443
[https] express.coinmetro.com:443
[https] go.coinmetro.com:443
[https] hansecoin.coinmetro.com:443
[https] help.coinmetro.com:443
[https] invest.coinmetro.com:443
[https] investment.coinmetro.com:443
[https] leaderboard.coinmetro.com:443
[https] margin.coinmetro.com:443
[https] media.coinmetro.com:443
[https] olympics.coinmetro.com:443
[https] open.coinmetro.com:443
[https] parsiq.coinmetro.com:443
[https] pro.coinmetro.com:443
[https] rc.coinmetro.com:443
[https] sandbox.coinmetro.com:443
[https] securities.coinmetro.com:443
[https] services.coinmetro.com:443
[https] services-sandbox.coinmetro.com:443
[https] status.coinmetro.com:443
[https] summer.coinmetro.com:443
[http] status.coinmetro.com:80
[https] trading.coinmetro.com:443
[https] tram.coinmetro.com:443
[http] summer.coinmetro.com:80
[https] www.coinmetro.com:443
[http] trading.coinmetro.com:80
[http] tram.coinmetro.com:80
[http] www.coinmetro.com:80
[imap] cryptocurrency.coinmetro.com:143
[infowave] coinmetro.com:2082
[jetdirect] ambassador.coinmetro.com:9100
[jetdirect] bond.coinmetro.com:9100
[jetdirect] parsiq.coinmetro.com:9100
[ldap] cryptoaffiliate.coinmetro.com:389
[ldapssl] invest.coinmetro.com:636
[mqtt] express.coinmetro.com:1883
[mqtt] invest.coinmetro.com:1883
[mysql] investment.coinmetro.com:3306
[nbx-dir] beta.coinmetro.com:2096
[nbx-dir] clicks.coinmetro.com:2096
[nbx-dir] email.coinmetro.com:2096
[nbx-dir] hansecoin.coinmetro.com:2096
[nbx-dir] open.coinmetro.com:2096
[nbx-dir] www.coinmetro.com:2096
[nntp] pro.coinmetro.com:119
[nntp] securities.coinmetro.com:119
[opsession-prxy] securities.coinmetro.com:3307
[opsmessaging] crypto.coinmetro.com:8090
[pop3] cryptocurrency.coinmetro.com:110
[pop3] invest.coinmetro.com:110
[pop3s] parsiq.coinmetro.com:995
[rtmp] affiliate.coinmetro.com:1935
[rtmp] crypto.coinmetro.com:1935
[smtps] ambassador.coinmetro.com:465
[smtps] bond.coinmetro.com:465
[smtps] copytrading.coinmetro.com:465
[smtps] express.coinmetro.com:465
[submission] tram.coinmetro.com:587
[unknown] bond.coinmetro.com:8089
[unknown] bond.coinmetro.com:8887
[unknown] express.coinmetro.com:8089
[unknown] invest.coinmetro.com:8887
[unknown] summer.coinmetro.com:8089
[XmlIpcRegSvc] ambassador.coinmetro.com:9092
