[cddbp-alt] coinsbit.io:8880
[clearvisn] api.coinsbit.io:2052
[clearvisn] backend.coinsbit.io:2052
[clearvisn] dex.coinsbit.io:2052
[clearvisn] storeapi.coinsbit.io:2052
[clearvisn] ws.coinsbit.io:2052
[clearvisn] www.coinsbit.io:2052
[eli] coinsbit.io:2087
[gnunet] api.coinsbit.io:2086
[gnunet] backend.coinsbit.io:2086
[gnunet] coinsbit.io:2086
[gnunet] dex.coinsbit.io:2086
[gnunet] storeapi.coinsbit.io:2086
[gnunet] store.coinsbit.io:2086
[gnunet] t4.coinsbit.io:2086
[gnunet] ws.coinsbit.io:2086
[gnunet] www.coinsbit.io:2086
[http] api.coinsbit.io:80
[http] backend.coinsbit.io:80
[http] coinsbit.io:80
[http] dex.coinsbit.io:80
[http] email.coinsbit.io:80
[http-proxy] coinsbit.io:8080
[http-proxy] store.coinsbit.io:8080
[http-proxy] t4.coinsbit.io:8080
[https-alt] coinsbit.io:8443
[https] api.coinsbit.io:443
[https] backend.coinsbit.io:443
[https] coinsbit.io:443
[https] dex.coinsbit.io:443
[https] email.coinsbit.io:443
[https] storeapi.coinsbit.io:443
[https] store.coinsbit.io:443
[https] t4.coinsbit.io:443
[http] storeapi.coinsbit.io:80
[http] store.coinsbit.io:80
[https] ws.coinsbit.io:443
[https] www.coinsbit.io:443
[http] t4.coinsbit.io:80
[http] ws.coinsbit.io:80
[http] www.coinsbit.io:80
[infowave] api.coinsbit.io:2082
[infowave] backend.coinsbit.io:2082
[infowave] coinsbit.io:2082
[infowave] dex.coinsbit.io:2082
[infowave] storeapi.coinsbit.io:2082
[infowave] store.coinsbit.io:2082
[infowave] t4.coinsbit.io:2082
[infowave] ws.coinsbit.io:2082
[infowave] www.coinsbit.io:2082
[knetd] coinsbit.io:2053
[knetd] store.coinsbit.io:2053
[knetd] t4.coinsbit.io:2053
[radsec] coinsbit.io:2083
