[hosts2-ns] msapp-mdp-ch2.sys.comcast.net:81
[hosts2-ns] msapp-mdp-po.sys.comcast.net:81
[http] abcappsdl1-ch2-01p.sys.comcast.net:80
[http] cgc-ch2-web01.sys.comcast.net:80
[http] cgc-ch2-web03.sys.comcast.net:80
[http] cgc-ch2-web2.sys.comcast.net:80
[http] cgc-po-dev.sys.comcast.net:80
[http] cgc-wc-web01.sys.comcast.net:80
[http] cgc-wc-web02.sys.comcast.net:80
[http] cgc-wc-web03.sys.comcast.net:80
[http] dvcp-po-vip.sys.comcast.net:80
[http] ebipublic-ch2-dna.sys.comcast.net:80
[http] etwiki.sys.comcast.net:80
[http] exlaspc-ch2-a2d.sys.comcast.net:80
[http] haproxystage-hoc-02.sys.comcast.net:80
[http] pevinet-ch2-01p.sys.comcast.net:80
[http] pevinet-po-01p.sys.comcast.net:80
[http] proxy-wdp-as.sys.comcast.net:80
[http] px-apps.sys.comcast.net:80
[https] aamail.sys.comcast.net:443
[https] abcappsdl1-ch2-01p.sys.comcast.net:443
[https] accessibility-prv-a2q-086237.sys.comcast.net:443
[https] accessibility-prv-h2q-036627.sys.comcast.net:443
[https] accessibility-web-a2q-085972.sys.comcast.net:443
[https] accessibility-web-c2q-030853.sys.comcast.net:443
[https-alt] proxy-wdp-as.sys.comcast.net:8443
[https-alt] wssapx-as-a1p.sys.comcast.net:8443
[https-alt] wssapx-as-a2p.sys.comcast.net:8443
[https] artiproxyb-as-a1p.sys.comcast.net:443
[https] bigid-prod-collibra-connector.sys.comcast.net:443
[https] cgc-ch2-web01.sys.comcast.net:443
[https] cgc-ch2-web03.sys.comcast.net:443
[https] cgc-ch2-web2.sys.comcast.net:443
[https] cgc-po-dev.sys.comcast.net:443
[https] cgc-wc-web01.sys.comcast.net:443
[https] cgc-wc-web02.sys.comcast.net:443
[https] cgc-wc-web03.sys.comcast.net:443
[https] config-beta-cvr-aws-eu1.sys.comcast.net:443
[https] config-cvr-aws-eu1.sys.comcast.net:443
[https] dvcp-po-vip.sys.comcast.net:443
[https] ebipublic-ch2-dna.sys.comcast.net:443
[https] emcngx-wc-c2u.sys.comcast.net:443
[https] etwiki.sys.comcast.net:443
[https] exlaspc-ch2-a2d.sys.comcast.net:443
[https] haproxystage-hoc-02.sys.comcast.net:443
[https] haproxysvdev-hoc-01.sys.comcast.net:443
[https] haproxysvqa-hoc-01.sys.comcast.net:443
[https] hitsportal-dev.sys.comcast.net:443
[https] hitsproxy-ch2-lab-019927.sys.comcast.net:443
[https] ilex-qa.sys.comcast.net:443
[https] ilxnodejs-qa.sys.comcast.net:443
[https] livecache-read-cvr-aws-eu1.sys.comcast.net:443
[https] livecache-read-qa-cvr-aws-eu1.sys.comcast.net:443
[https] mdpapp-wc-b1s.sys.comcast.net:443
[https] mdpapp-wc-b2s.sys.comcast.net:443
[https] mdpapp-wc-b3s.sys.comcast.net:443
[https] mdpoc-ch2-b1s.sys.comcast.net:443
[https] mdpoc-wc-b1s.sys.comcast.net:443
[https] merkong-ho-01.sys.comcast.net:443
[https] merkong-ho-02.sys.comcast.net:443
[https] merkong-wc-2s.sys.comcast.net:443
[https] mernex-ho-b1.sys.comcast.net:443
[https] msapp-mdp-ch2.sys.comcast.net:443
[https] msapp-mdp-po.sys.comcast.net:443
[http] spacaptive-as-a1p.sys.comcast.net:80
[http] spacaptive-ch2-a1p.sys.comcast.net:80
[https] pevinet-ch2-01p.sys.comcast.net:443
[https] pevinet-po-01p.sys.comcast.net:443
[https] pivot-qa.sys.comcast.net:443
[https] playback-qa-cvr-aws-eu1.sys.comcast.net:443
[https] pr-dmsapphap-ho-c-002.sys.comcast.net:443
[https] pr-dmsapphap-ho-c-003.sys.comcast.net:443
[https] pr-dmsapp-ho-c-002.sys.comcast.net:443
[https] pr-dmsapp-ho-c-006.sys.comcast.net:443
[https] pr-dmsfw-ho-c-001.sys.comcast.net:443
[https] proxy-wdp-as.sys.comcast.net:443
[https] px-apps.sys.comcast.net:443
[https] spacaptive-as-a1p.sys.comcast.net:443
[https] spacaptive-ch2-a1p.sys.comcast.net:443
[https] streamacs-ch2-e02p.sys.comcast.net:443
[https] upload-beta-cvr-aws-eu1.sys.comcast.net:443
[https] upload-cvr-aws-eu1.sys.comcast.net:443
[https] upload-qa-cvr-aws-eu1.sys.comcast.net:443
[https] vodfp-cmc-a1p.sys.comcast.net:443
[https] vodfp-cmc-a2p.sys.comcast.net:443
[https] vodfp-cmc-b1p.sys.comcast.net:443
[https] vodfp-cmc-b2p.sys.comcast.net:443
[https] wssapx-as-a1p.sys.comcast.net:443
[https] wssapx-as-a2p.sys.comcast.net:443
[https] xfwdapi-ch2-web-vip.sys.comcast.net:443
[https] xfwdapi-po-web-vip.sys.comcast.net:443
[https] xfwstms-ch2-01s.sys.comcast.net:443
[https] xhswss-po-1s-vip.sys.comcast.net:443
[https] xhswss-wc-1s-vip.sys.comcast.net:443
[http] vodfp-cmc-a1p.sys.comcast.net:80
[http] vodfp-cmc-a2p.sys.comcast.net:80
[http] vodfp-cmc-b1p.sys.comcast.net:80
[http] vodfp-cmc-b2p.sys.comcast.net:80
[http] wssapx-as-a1p.sys.comcast.net:80
[http] wssapx-as-a2p.sys.comcast.net:80
[imaps] aamail.sys.comcast.net:993
[mxi] accessibility-cms-c2q-068359.sys.comcast.net:8005
[mxi] accessibility-cms-h2q-036602.sys.comcast.net:8005
[nrpe] op5mos-asb-a008p.sys.comcast.net:5666
[nrpe] op5mos-asb-a009p.sys.comcast.net:5666
[nrpe] op5mos-asb-a010p.sys.comcast.net:5666
[nrpe] op5mos-asb-a011p.sys.comcast.net:5666
[nrpe] op5mos-asb-a013p.sys.comcast.net:5666
[nrpe] op5mos-ch2-a008p.sys.comcast.net:5666
[nrpe] op5pos-ch2-a015p.sys.comcast.net:5666
[nrpe] op5pos-ch2-a016p.sys.comcast.net:5666
[nrpe] op5pos-ch2-a017p.sys.comcast.net:5666
[nrpe] op5pos-ch2-a018p.sys.comcast.net:5666
[nrpe] op5pos-ch2-a019p.sys.comcast.net:5666
[nrpe] op5pos-ch2-a020p.sys.comcast.net:5666
[nrpe] op5pos-ch2-a021p.sys.comcast.net:5666
[nrpe] op5pos-ch2-a022p.sys.comcast.net:5666
[nrpe] op5-resmail-ch2.sys.comcast.net:5666
[nrpe] op5rogers.sys.comcast.net:5666
[nrpe] op5shaw.sys.comcast.net:5666
[nrpe] op5sky.sys.comcast.net:5666
[nrpe] op5videotron.sys.comcast.net:5666
[ntp] cgc-ch2-web01.sys.comcast.net:123
[ntp] cgc-ch2-web03.sys.comcast.net:123
[ntp] cgc-ch2-web2.sys.comcast.net:123
[pop3s] aamail.sys.comcast.net:995
[smtp] cspimta-ch2-a1p.sys.comcast.net:25
[smtp] cspimta-po-a1p.sys.comcast.net:25
[smtp] cspimta-wc-a1p.sys.comcast.net:25
[smtps] aamail.sys.comcast.net:465
[ssh] vodfp-cmc-a1p.sys.comcast.net:22
[ssh] vodfp-cmc-a2p.sys.comcast.net:22
[ssh] vodfp-cmc-b1p.sys.comcast.net:22
[ssh] vodfp-cmc-b2p.sys.comcast.net:22
[xmpp] accessibility-cms-c2q-068359.sys.comcast.net:8010
[xmpp] accessibility-cms-h2q-036602.sys.comcast.net:8010
