[http] akamai-download.cyberoam.com:80
[http] checkip.cyberoam.com:80
[http] csc.cyberoam.com:80
[http] customer.cyberoam.com:80
[http] cyberoam.com:80
[http] docs.cyberoam.com:80
[http] download.cyberoam.com:80
[http] help.cyberoam.com:80
[http] idp.cyberoam.com:80
[http] ios.cyberoam.com:80
[http] kb.cyberoam.com:80
[http] origin-download.cyberoam.com:80
[http] partner.cyberoam.com:80
[http] partners.cyberoam.com:80
[https] akamai-download.cyberoam.com:443
[https] checkip.cyberoam.com:443
[https] csc.cyberoam.com:443
[https] customer.cyberoam.com:443
[https] cyberoam.com:443
[https] docs.cyberoam.com:443
[https] download.cyberoam.com:443
[https] help.cyberoam.com:443
[https] idp.cyberoam.com:443
[https] ios.cyberoam.com:443
[https] kb.cyberoam.com:443
[http] soa.cyberoam.com:80
[https] origin-download.cyberoam.com:443
[https] partner.cyberoam.com:443
[https] partners.cyberoam.com:443
[https] soa.cyberoam.com:443
[https] training.cyberoam.com:443
[https] www.cyberoam.com:443
[http] training.cyberoam.com:80
[http] www.cyberoam.com:80
