[blackice-icecap] v7.api01.defly.app:8081
[blackice-icecap] v8.api01.defly.app:8081
[cddbp-alt] docs.defly.app:8880
[domain] v7.api01.defly.app:53
[domain] v8.api01.defly.app:53
[ftp] api001.defly.app:21
[ftp] api003.defly.app:21
[ftp] api004.defly.app:21
[ftp] api005.defly.app:21
[ftp] api02.defly.app:21
[ftp] apiks.defly.app:21
[ftp] blog.defly.app:21
[ftp] defly.app:21
[ftp] dev2022.defly.app:21
[ftp] dev.defly.app:21
[ftp] go.defly.app:21
[ftp] jefferies.defly.app:21
[ftp] static.defly.app:21
[ftp] v7.api001.defly.app:21
[ftp] v7.api01.defly.app:21
[ftp] v7.api02.defly.app:21
[ftp] v7.apiks.defly.app:21
[ftp] v8.api01.defly.app:21
[ftp] v8.api02.defly.app:21
[ftp] www.api005.defly.app:21
[ftp] www.defly.app:21
[ftp] www.dev2022.defly.app:21
[ftp] www.dev.defly.app:21
[ftp] www.go.defly.app:21
[ftp] www.static.defly.app:21
[ftp] www.v7.api02.defly.app:21
[ftp] www.v7.apiks.defly.app:21
[ftp] www.v8.api02.defly.app:21
[http] api001.defly.app:80
[http] api003.defly.app:80
[http] api004.defly.app:80
[http] api005.defly.app:80
[http] api02.defly.app:80
[http] apiks.defly.app:80
[http] blog.defly.app:80
[http] defly.app:80
[http] dev2022.defly.app:80
[http] dev.defly.app:80
[http] docs.defly.app:80
[http] go.defly.app:80
[http] jefferies.defly.app:80
[http-proxy] docs.defly.app:8080
[http-proxy] v7.api01.defly.app:8080
[http-proxy] v8.api01.defly.app:8080
[https] api001.defly.app:443
[https] api003.defly.app:443
[https] api004.defly.app:443
[https] api005.defly.app:443
[https] api02.defly.app:443
[https] apiks.defly.app:443
[https] blog.defly.app:443
[https] defly.app:443
[https] dev2022.defly.app:443
[https] dev.defly.app:443
[https] go.defly.app:443
[https] jefferies.defly.app:443
[https] static.defly.app:443
[http] static.defly.app:80
[https] v7.api001.defly.app:443
[https] v7.api01.defly.app:443
[https] v7.api02.defly.app:443
[https] v7.apiks.defly.app:443
[https] v8.api01.defly.app:443
[https] v8.api02.defly.app:443
[https] www.api005.defly.app:443
[https] www.defly.app:443
[https] www.dev2022.defly.app:443
[https] www.dev.defly.app:443
[https] www.go.defly.app:443
[https] www.static.defly.app:443
[https] www.v7.api02.defly.app:443
[https] www.v7.apiks.defly.app:443
[https] www.v8.api02.defly.app:443
[http] v7.api001.defly.app:80
[http] v7.api01.defly.app:80
[http] v7.api02.defly.app:80
[http] v7.apiks.defly.app:80
[http] v8.api01.defly.app:80
[http] v8.api02.defly.app:80
[http] www.api005.defly.app:80
[http] www.defly.app:80
[http] www.dev2022.defly.app:80
[http] www.dev.defly.app:80
[http] www.go.defly.app:80
[http] www.static.defly.app:80
[http] www.v7.api02.defly.app:80
[http] www.v7.apiks.defly.app:80
[http] www.v8.api02.defly.app:80
[imap] api001.defly.app:143
[imap] api003.defly.app:143
[imap] api004.defly.app:143
[imap] api005.defly.app:143
[imap] api02.defly.app:143
[imap] apiks.defly.app:143
[imap] blog.defly.app:143
[imap] defly.app:143
[imap] dev2022.defly.app:143
[imap] dev.defly.app:143
[imap] go.defly.app:143
[imap] jefferies.defly.app:143
[imaps] api001.defly.app:993
[imaps] api003.defly.app:993
[imaps] api004.defly.app:993
[imaps] api005.defly.app:993
[imaps] api02.defly.app:993
[imaps] apiks.defly.app:993
[imaps] blog.defly.app:993
[imaps] defly.app:993
[imaps] dev2022.defly.app:993
[imaps] dev.defly.app:993
[imaps] go.defly.app:993
[imaps] jefferies.defly.app:993
[imaps] static.defly.app:993
[imap] static.defly.app:143
[imaps] v7.api001.defly.app:993
[imaps] v7.api01.defly.app:993
[imaps] v7.api02.defly.app:993
[imaps] v7.apiks.defly.app:993
[imaps] v8.api01.defly.app:993
[imaps] v8.api02.defly.app:993
[imaps] www.api005.defly.app:993
[imaps] www.defly.app:993
[imaps] www.dev2022.defly.app:993
[imaps] www.dev.defly.app:993
[imaps] www.go.defly.app:993
[imaps] www.static.defly.app:993
[imaps] www.v7.api02.defly.app:993
[imaps] www.v7.apiks.defly.app:993
[imaps] www.v8.api02.defly.app:993
[imap] v7.api001.defly.app:143
[imap] v7.api01.defly.app:143
[imap] v7.api02.defly.app:143
[imap] v7.apiks.defly.app:143
[imap] v8.api01.defly.app:143
[imap] v8.api02.defly.app:143
[imap] www.api005.defly.app:143
[imap] www.defly.app:143
[imap] www.dev2022.defly.app:143
[imap] www.dev.defly.app:143
[imap] www.go.defly.app:143
[imap] www.static.defly.app:143
[imap] www.v7.api02.defly.app:143
[imap] www.v7.apiks.defly.app:143
[imap] www.v8.api02.defly.app:143
[microsoft-ds] api001.defly.app:445
[microsoft-ds] api003.defly.app:445
[microsoft-ds] api004.defly.app:445
[microsoft-ds] api005.defly.app:445
[microsoft-ds] api02.defly.app:445
[microsoft-ds] apiks.defly.app:445
[microsoft-ds] blog.defly.app:445
[microsoft-ds] defly.app:445
[microsoft-ds] dev2022.defly.app:445
[microsoft-ds] dev.defly.app:445
[microsoft-ds] go.defly.app:445
[microsoft-ds] jefferies.defly.app:445
[microsoft-ds] static.defly.app:445
[microsoft-ds] v7.api001.defly.app:445
[microsoft-ds] v7.api02.defly.app:445
[microsoft-ds] v7.apiks.defly.app:445
[microsoft-ds] v8.api02.defly.app:445
[microsoft-ds] www.api005.defly.app:445
[microsoft-ds] www.defly.app:445
[microsoft-ds] www.dev2022.defly.app:445
[microsoft-ds] www.dev.defly.app:445
[microsoft-ds] www.go.defly.app:445
[microsoft-ds] www.static.defly.app:445
[microsoft-ds] www.v7.api02.defly.app:445
[microsoft-ds] www.v7.apiks.defly.app:445
[microsoft-ds] www.v8.api02.defly.app:445
[mysql] api001.defly.app:3306
[mysql] api003.defly.app:3306
[mysql] api004.defly.app:3306
[mysql] api005.defly.app:3306
[mysql] api02.defly.app:3306
[mysql] apiks.defly.app:3306
[mysql] blog.defly.app:3306
[mysql] defly.app:3306
[mysql] dev2022.defly.app:3306
[mysql] dev.defly.app:3306
[mysql] go.defly.app:3306
[mysql] jefferies.defly.app:3306
[mysql] static.defly.app:3306
[mysql] v7.api001.defly.app:3306
[mysql] v7.api01.defly.app:3306
[mysql] v7.api02.defly.app:3306
[mysql] v7.apiks.defly.app:3306
[mysql] v8.api01.defly.app:3306
[mysql] v8.api02.defly.app:3306
[mysql] www.api005.defly.app:3306
[mysql] www.defly.app:3306
[mysql] www.dev2022.defly.app:3306
[mysql] www.dev.defly.app:3306
[mysql] www.go.defly.app:3306
[mysql] www.static.defly.app:3306
[mysql] www.v7.api02.defly.app:3306
[mysql] www.v7.apiks.defly.app:3306
[mysql] www.v8.api02.defly.app:3306
[netbios-ssn] api001.defly.app:139
[netbios-ssn] api003.defly.app:139
[netbios-ssn] api004.defly.app:139
[netbios-ssn] api005.defly.app:139
[netbios-ssn] api02.defly.app:139
[netbios-ssn] apiks.defly.app:139
[netbios-ssn] blog.defly.app:139
[netbios-ssn] dev2022.defly.app:139
[netbios-ssn] dev.defly.app:139
[netbios-ssn] go.defly.app:139
[netbios-ssn] jefferies.defly.app:139
[netbios-ssn] static.defly.app:139
[netbios-ssn] v7.api001.defly.app:139
[netbios-ssn] v7.api02.defly.app:139
[netbios-ssn] v7.apiks.defly.app:139
[netbios-ssn] v8.api02.defly.app:139
[netbios-ssn] www.api005.defly.app:139
[netbios-ssn] www.defly.app:139
[netbios-ssn] www.dev2022.defly.app:139
[netbios-ssn] www.dev.defly.app:139
[netbios-ssn] www.go.defly.app:139
[netbios-ssn] www.static.defly.app:139
[netbios-ssn] www.v7.api02.defly.app:139
[netbios-ssn] www.v7.apiks.defly.app:139
[netbios-ssn] www.v8.api02.defly.app:139
[openvpn] api001.defly.app:1194
[openvpn] api003.defly.app:1194
[openvpn] api004.defly.app:1194
[openvpn] api005.defly.app:1194
[openvpn] api02.defly.app:1194
[openvpn] apiks.defly.app:1194
[openvpn] blog.defly.app:1194
[openvpn] defly.app:1194
[openvpn] dev2022.defly.app:1194
[openvpn] dev.defly.app:1194
[openvpn] go.defly.app:1194
[openvpn] jefferies.defly.app:1194
[openvpn] static.defly.app:1194
[openvpn] v7.api001.defly.app:1194
[openvpn] v7.api02.defly.app:1194
[openvpn] v7.apiks.defly.app:1194
[openvpn] v8.api02.defly.app:1194
[openvpn] www.api005.defly.app:1194
[openvpn] www.defly.app:1194
[openvpn] www.dev2022.defly.app:1194
[openvpn] www.dev.defly.app:1194
[openvpn] www.go.defly.app:1194
[openvpn] www.static.defly.app:1194
[openvpn] www.v7.api02.defly.app:1194
[openvpn] www.v7.apiks.defly.app:1194
[openvpn] www.v8.api02.defly.app:1194
[pop3] api001.defly.app:110
[pop3] api003.defly.app:110
[pop3] api004.defly.app:110
[pop3] api005.defly.app:110
[pop3] api02.defly.app:110
[pop3] apiks.defly.app:110
[pop3] blog.defly.app:110
[pop3] defly.app:110
[pop3] dev2022.defly.app:110
[pop3] dev.defly.app:110
[pop3] go.defly.app:110
[pop3] jefferies.defly.app:110
[pop3s] api001.defly.app:995
[pop3s] api003.defly.app:995
[pop3s] api004.defly.app:995
[pop3s] api005.defly.app:995
[pop3s] api02.defly.app:995
[pop3s] apiks.defly.app:995
[pop3s] blog.defly.app:995
[pop3s] defly.app:995
[pop3s] dev2022.defly.app:995
[pop3s] dev.defly.app:995
[pop3s] go.defly.app:995
[pop3s] jefferies.defly.app:995
[pop3s] static.defly.app:995
[pop3] static.defly.app:110
[pop3s] v7.api001.defly.app:995
[pop3s] v7.api01.defly.app:995
[pop3s] v7.api02.defly.app:995
[pop3s] v7.apiks.defly.app:995
[pop3s] v8.api01.defly.app:995
[pop3s] v8.api02.defly.app:995
[pop3s] www.api005.defly.app:995
[pop3s] www.defly.app:995
[pop3s] www.dev2022.defly.app:995
[pop3s] www.dev.defly.app:995
[pop3s] www.go.defly.app:995
[pop3s] www.static.defly.app:995
[pop3s] www.v7.api02.defly.app:995
[pop3s] www.v7.apiks.defly.app:995
[pop3s] www.v8.api02.defly.app:995
[pop3] v7.api001.defly.app:110
[pop3] v7.api01.defly.app:110
[pop3] v7.api02.defly.app:110
[pop3] v7.apiks.defly.app:110
[pop3] v8.api01.defly.app:110
[pop3] v8.api02.defly.app:110
[pop3] www.api005.defly.app:110
[pop3] www.defly.app:110
[pop3] www.dev2022.defly.app:110
[pop3] www.dev.defly.app:110
[pop3] www.go.defly.app:110
[pop3] www.static.defly.app:110
[pop3] www.v7.api02.defly.app:110
[pop3] www.v7.apiks.defly.app:110
[pop3] www.v8.api02.defly.app:110
[smtp] api001.defly.app:25
[smtp] api003.defly.app:25
[smtp] api004.defly.app:25
[smtp] api005.defly.app:25
[smtp] api02.defly.app:25
[smtp] apiks.defly.app:25
[smtp] blog.defly.app:25
[smtp] defly.app:25
[smtp] dev2022.defly.app:25
[smtp] dev.defly.app:25
[smtp] go.defly.app:25
[smtp] jefferies.defly.app:25
[smtps] api001.defly.app:465
[smtps] api003.defly.app:465
[smtps] api004.defly.app:465
[smtps] api005.defly.app:465
[smtps] api02.defly.app:465
[smtps] apiks.defly.app:465
[smtps] blog.defly.app:465
[smtps] defly.app:465
[smtps] dev2022.defly.app:465
[smtps] dev.defly.app:465
[smtps] go.defly.app:465
[smtps] jefferies.defly.app:465
[smtps] static.defly.app:465
[smtp] static.defly.app:25
[smtps] v7.api001.defly.app:465
[smtps] v7.api01.defly.app:465
[smtps] v7.api02.defly.app:465
[smtps] v7.apiks.defly.app:465
[smtps] v8.api01.defly.app:465
[smtps] v8.api02.defly.app:465
[smtps] www.api005.defly.app:465
[smtps] www.defly.app:465
[smtps] www.dev2022.defly.app:465
[smtps] www.dev.defly.app:465
[smtps] www.go.defly.app:465
[smtps] www.static.defly.app:465
[smtps] www.v7.api02.defly.app:465
[smtps] www.v7.apiks.defly.app:465
[smtps] www.v8.api02.defly.app:465
[smtp] v7.api001.defly.app:25
[smtp] v7.api01.defly.app:25
[smtp] v7.api02.defly.app:25
[smtp] v7.apiks.defly.app:25
[smtp] v8.api01.defly.app:25
[smtp] v8.api02.defly.app:25
[smtp] www.api005.defly.app:25
[smtp] www.defly.app:25
[smtp] www.dev2022.defly.app:25
[smtp] www.dev.defly.app:25
[smtp] www.go.defly.app:25
[smtp] www.static.defly.app:25
[smtp] www.v7.api02.defly.app:25
[smtp] www.v7.apiks.defly.app:25
[smtp] www.v8.api02.defly.app:25
[ssh] api001.defly.app:22
[ssh] api003.defly.app:22
[ssh] api004.defly.app:22
[ssh] api005.defly.app:22
[ssh] api02.defly.app:22
[ssh] apiks.defly.app:22
[ssh] blog.defly.app:22
[ssh] defly.app:22
[ssh] dev2022.defly.app:22
[ssh] dev.defly.app:22
[ssh] go.defly.app:22
[ssh] jefferies.defly.app:22
[ssh] static.defly.app:22
[ssh] v7.api001.defly.app:22
[ssh] v7.api01.defly.app:22
[ssh] v7.api02.defly.app:22
[ssh] v7.apiks.defly.app:22
[ssh] v8.api01.defly.app:22
[ssh] v8.api02.defly.app:22
[ssh] www.api005.defly.app:22
[ssh] www.defly.app:22
[ssh] www.dev2022.defly.app:22
[ssh] www.dev.defly.app:22
[ssh] www.go.defly.app:22
[ssh] www.static.defly.app:22
[ssh] www.v7.api02.defly.app:22
[ssh] www.v7.apiks.defly.app:22
[ssh] www.v8.api02.defly.app:22
[submission] api001.defly.app:587
[submission] api003.defly.app:587
[submission] api004.defly.app:587
[submission] api005.defly.app:587
[submission] api02.defly.app:587
[submission] apiks.defly.app:587
[submission] blog.defly.app:587
[submission] defly.app:587
[submission] dev2022.defly.app:587
[submission] dev.defly.app:587
[submission] go.defly.app:587
[submission] jefferies.defly.app:587
[submission] static.defly.app:587
[submission] v7.api001.defly.app:587
[submission] v7.api01.defly.app:587
[submission] v7.api02.defly.app:587
[submission] v7.apiks.defly.app:587
[submission] v8.api01.defly.app:587
[submission] v8.api02.defly.app:587
[submission] www.api005.defly.app:587
[submission] www.defly.app:587
[submission] www.dev2022.defly.app:587
[submission] www.dev.defly.app:587
[submission] www.go.defly.app:587
[submission] www.static.defly.app:587
[submission] www.v7.api02.defly.app:587
[submission] www.v7.apiks.defly.app:587
[submission] www.v8.api02.defly.app:587
