[cddbp-alt] a-dev.doctolib.it:8880
[cddbp-alt] assets-dev.doctolib.it:8880
[cddbp-alt] m-dev.doctolib.it:8880
[cddbp-alt] partners-dev.doctolib.it:8880
[cddbp-alt] www-dev.doctolib.it:8880
[clearvisn] api-dev.doctolib.it:2052
[clearvisn] pro-dev.doctolib.it:2052
[eli] a-dev.doctolib.it:2087
[eli] api-dev.doctolib.it:2087
[eli] assets-dev.doctolib.it:2087
[eli] m-dev.doctolib.it:2087
[eli] partners-dev.doctolib.it:2087
[eli] pro-dev.doctolib.it:2087
[eli] www-dev.doctolib.it:2087
[gnunet] a-dev.doctolib.it:2086
[gnunet] api-dev.doctolib.it:2086
[gnunet] assets-dev.doctolib.it:2086
[gnunet] m-dev.doctolib.it:2086
[gnunet] partners-dev.doctolib.it:2086
[gnunet] pro-dev.doctolib.it:2086
[gnunet] www-dev.doctolib.it:2086
[http] about.doctolib.it:80
[http] a-dev.doctolib.it:80
[http] a.doctolib.it:80
[http] api-dev.doctolib.it:80
[http] api.doctolib.it:80
[http] api-staging.doctolib.it:80
[http] assets-dev.doctolib.it:80
[http] assets.doctolib.it:80
[http] assets-preprod.doctolib.it:80
[http] assets-staging.doctolib.it:80
[http] a-staging.doctolib.it:80
[http] careers.doctolib.it:80
[http] careers-staging.doctolib.it:80
[http] doctolib.it:80
[http] exceptions.doctolib.it:80
[http] fm.doctolib.it:80
[http] info.doctolib.it:80
[http] info-staging.doctolib.it:80
[http] m-dev.doctolib.it:80
[http] m.doctolib.it:80
[http] m-staging.doctolib.it:80
[http] partners-dev.doctolib.it:80
[http] partners.doctolib.it:80
[http] pro-dev.doctolib.it:80
[http] pro.doctolib.it:80
[http] pro-preprod.doctolib.it:80
[http] pro-staging.doctolib.it:80
[http-proxy] a-dev.doctolib.it:8080
[http-proxy] api-dev.doctolib.it:8080
[http-proxy] assets-dev.doctolib.it:8080
[http-proxy] m-dev.doctolib.it:8080
[http-proxy] partners-dev.doctolib.it:8080
[http-proxy] pro-dev.doctolib.it:8080
[http-proxy] www-dev.doctolib.it:8080
[http] rs.doctolib.it:80
[http] rs-staging.doctolib.it:80
[https] about.doctolib.it:443
[https] a-dev.doctolib.it:443
[https] a.doctolib.it:443
[https-alt] a-dev.doctolib.it:8443
[https-alt] api-dev.doctolib.it:8443
[https-alt] assets-dev.doctolib.it:8443
[https-alt] m-dev.doctolib.it:8443
[https-alt] partners-dev.doctolib.it:8443
[https-alt] pro-dev.doctolib.it:8443
[https-alt] www-dev.doctolib.it:8443
[https] api-dev.doctolib.it:443
[https] api.doctolib.it:443
[https] api-staging.doctolib.it:443
[https] assets-dev.doctolib.it:443
[https] assets.doctolib.it:443
[https] assets-preprod.doctolib.it:443
[https] assets-staging.doctolib.it:443
[https] a-staging.doctolib.it:443
[https] careers.doctolib.it:443
[https] careers-staging.doctolib.it:443
[https] doctolib.it:443
[https] exceptions.doctolib.it:443
[https] fm.doctolib.it:443
[https] info.doctolib.it:443
[https] info-staging.doctolib.it:443
[https] m-dev.doctolib.it:443
[https] m.doctolib.it:443
[https] m-staging.doctolib.it:443
[https] partners-dev.doctolib.it:443
[https] partners.doctolib.it:443
[https] pro-dev.doctolib.it:443
[https] pro.doctolib.it:443
[https] pro-preprod.doctolib.it:443
[https] pro-staging.doctolib.it:443
[https] rs.doctolib.it:443
[https] rs-staging.doctolib.it:443
[https] www-dev.doctolib.it:443
[https] www.doctolib.it:443
[https] www-preprod.doctolib.it:443
[https] www-staging.doctolib.it:443
[http] www-dev.doctolib.it:80
[http] www.doctolib.it:80
[http] www-preprod.doctolib.it:80
[http] www-staging.doctolib.it:80
[infowave] api-dev.doctolib.it:2082
[infowave] pro-dev.doctolib.it:2082
[nbx-dir] a-dev.doctolib.it:2096
[nbx-dir] assets-dev.doctolib.it:2096
[nbx-dir] m-dev.doctolib.it:2096
[nbx-dir] partners-dev.doctolib.it:2096
[nbx-dir] www-dev.doctolib.it:2096
[nbx-ser] a-dev.doctolib.it:2095
[nbx-ser] assets-dev.doctolib.it:2095
[nbx-ser] m-dev.doctolib.it:2095
[nbx-ser] partners-dev.doctolib.it:2095
[nbx-ser] www-dev.doctolib.it:2095
[radsec] a-dev.doctolib.it:2083
[radsec] api-dev.doctolib.it:2083
[radsec] assets-dev.doctolib.it:2083
[radsec] m-dev.doctolib.it:2083
[radsec] partners-dev.doctolib.it:2083
[radsec] pro-dev.doctolib.it:2083
[radsec] www-dev.doctolib.it:2083
