[cddbp-alt] a-dev-aws-de-fra-1.doctolib.de:8880
[cddbp-alt] a-dev-aws-fr-par-1.doctolib.de:8880
[cddbp-alt] a-dev.doctolib.de:8880
[cddbp-alt] api-dev-aws-de-fra-1.doctolib.de:8880
[cddbp-alt] api-dev-aws-fr-par-1.doctolib.de:8880
[cddbp-alt] api-dev.doctolib.de:8880
[cddbp-alt] api-prd-aws-de-fra-1.doctolib.de:8880
[cddbp-alt] api-prd-aws-fr-par-1.doctolib.de:8880
[cddbp-alt] api-staging-aws-fr-par-1.doctolib.de:8880
[cddbp-alt] a-prd-aws-de-fra-1.doctolib.de:8880
[cddbp-alt] a-prd-aws-fr-par-1.doctolib.de:8880
[cddbp-alt] assets-dev-aws-de-fra-1.doctolib.de:8880
[cddbp-alt] assets-dev-aws-fr-par-1.doctolib.de:8880
[cddbp-alt] assets-dev.doctolib.de:8880
[cddbp-alt] assets-prd-aws-de-fra-1.doctolib.de:8880
[cddbp-alt] assets-prd-aws-fr-par-1.doctolib.de:8880
[cddbp-alt] assets-staging-aws-fr-par-1.doctolib.de:8880
[cddbp-alt] a-staging-aws-fr-par-1.doctolib.de:8880
[cddbp-alt] m-dev-aws-de-fra-1.doctolib.de:8880
[cddbp-alt] m-dev-aws-fr-par-1.doctolib.de:8880
[cddbp-alt] m-dev.doctolib.de:8880
[cddbp-alt] mj-prd-aws-fr-par-1.doctolib.de:8880
[cddbp-alt] m-prd-aws-de-fra-1.doctolib.de:8880
[cddbp-alt] m-prd-aws-fr-par-1.doctolib.de:8880
[cddbp-alt] m-staging-aws-fr-par-1.doctolib.de:8880
[cddbp-alt] mta-sts.doctolib.de:8880
[cddbp-alt] partners-dev-aws-de-fra-1.doctolib.de:8880
[cddbp-alt] partners-dev-aws-fr-par-1.doctolib.de:8880
[cddbp-alt] partners-dev.doctolib.de:8880
[cddbp-alt] partners-prd-aws-de-fra-1.doctolib.de:8880
[cddbp-alt] partners-prd-aws-fr-par-1.doctolib.de:8880
[cddbp-alt] partners-staging-aws-fr-par-1.doctolib.de:8880
[cddbp-alt] pro-dev-aws-de-fra-1.doctolib.de:8880
[cddbp-alt] pro-dev-aws-fr-par-1.doctolib.de:8880
[cddbp-alt] pro-dev.doctolib.de:8880
[cddbp-alt] pro-prd-aws-de-fra-1.doctolib.de:8880
[cddbp-alt] pro-prd-aws-fr-par-1.doctolib.de:8880
[cddbp-alt] pro-staging-aws-fr-par-1.doctolib.de:8880
[cddbp-alt] rs-data-origin.doctolib.de:8880
[cddbp-alt] rs-data-staging-origin.doctolib.de:8880
[cddbp-alt] tok.doctolib.de:8880
[cddbp-alt] tok-staging.doctolib.de:8880
[cddbp-alt] www-dev-aws-de-fra-1.doctolib.de:8880
[cddbp-alt] www-dev-aws-fr-par-1.doctolib.de:8880
[cddbp-alt] www-dev.doctolib.de:8880
[cddbp-alt] www-prd-aws-de-fra-1.doctolib.de:8880
[cddbp-alt] www-prd-aws-fr-par-1.doctolib.de:8880
[cddbp-alt] www-staging-aws-fr-par-1.doctolib.de:8880
[clearvisn] a-dev.doctolib.de:2052
[clearvisn] assets-dev.doctolib.de:2052
[clearvisn] m-dev.doctolib.de:2052
[clearvisn] www-dev.doctolib.de:2052
[eli] a-dev-aws-de-fra-1.doctolib.de:2087
[eli] a-dev-aws-fr-par-1.doctolib.de:2087
[eli] a-dev.doctolib.de:2087
[eli] api-dev-aws-de-fra-1.doctolib.de:2087
[eli] api-dev-aws-fr-par-1.doctolib.de:2087
[eli] api-dev.doctolib.de:2087
[eli] api-prd-aws-de-fra-1.doctolib.de:2087
[eli] api-prd-aws-fr-par-1.doctolib.de:2087
[eli] api-staging-aws-fr-par-1.doctolib.de:2087
[eli] a-prd-aws-de-fra-1.doctolib.de:2087
[eli] a-prd-aws-fr-par-1.doctolib.de:2087
[eli] assets-dev-aws-de-fra-1.doctolib.de:2087
[eli] assets-dev-aws-fr-par-1.doctolib.de:2087
[eli] assets-dev.doctolib.de:2087
[eli] assets-prd-aws-de-fra-1.doctolib.de:2087
[eli] assets-prd-aws-fr-par-1.doctolib.de:2087
[eli] assets-staging-aws-fr-par-1.doctolib.de:2087
[eli] a-staging-aws-fr-par-1.doctolib.de:2087
[eli] m-dev-aws-de-fra-1.doctolib.de:2087
[eli] m-dev-aws-fr-par-1.doctolib.de:2087
[eli] m-dev.doctolib.de:2087
[eli] mj-prd-aws-fr-par-1.doctolib.de:2087
[eli] m-prd-aws-de-fra-1.doctolib.de:2087
[eli] m-prd-aws-fr-par-1.doctolib.de:2087
[eli] m-staging-aws-fr-par-1.doctolib.de:2087
[eli] mta-sts.doctolib.de:2087
[eli] partners-dev-aws-de-fra-1.doctolib.de:2087
[eli] partners-dev-aws-fr-par-1.doctolib.de:2087
[eli] partners-dev.doctolib.de:2087
[eli] partners-prd-aws-de-fra-1.doctolib.de:2087
[eli] partners-prd-aws-fr-par-1.doctolib.de:2087
[eli] partners-staging-aws-fr-par-1.doctolib.de:2087
[eli] pro-dev-aws-de-fra-1.doctolib.de:2087
[eli] pro-dev-aws-fr-par-1.doctolib.de:2087
[eli] pro-dev.doctolib.de:2087
[eli] pro-prd-aws-de-fra-1.doctolib.de:2087
[eli] pro-prd-aws-fr-par-1.doctolib.de:2087
[eli] pro-staging-aws-fr-par-1.doctolib.de:2087
[eli] rs-data-origin.doctolib.de:2087
[eli] rs-data-staging-origin.doctolib.de:2087
[eli] tok.doctolib.de:2087
[eli] tok-staging.doctolib.de:2087
[eli] www-dev-aws-de-fra-1.doctolib.de:2087
[eli] www-dev-aws-fr-par-1.doctolib.de:2087
[eli] www-dev.doctolib.de:2087
[eli] www-prd-aws-de-fra-1.doctolib.de:2087
[eli] www-prd-aws-fr-par-1.doctolib.de:2087
[eli] www-staging-aws-fr-par-1.doctolib.de:2087
[gnunet] a-dev-aws-de-fra-1.doctolib.de:2086
[gnunet] a-dev-aws-fr-par-1.doctolib.de:2086
[gnunet] api-dev-aws-de-fra-1.doctolib.de:2086
[gnunet] api-dev-aws-fr-par-1.doctolib.de:2086
[gnunet] api-dev.doctolib.de:2086
[gnunet] api-prd-aws-de-fra-1.doctolib.de:2086
[gnunet] api-prd-aws-fr-par-1.doctolib.de:2086
[gnunet] api-staging-aws-fr-par-1.doctolib.de:2086
[gnunet] a-prd-aws-de-fra-1.doctolib.de:2086
[gnunet] a-prd-aws-fr-par-1.doctolib.de:2086
[gnunet] assets-dev-aws-de-fra-1.doctolib.de:2086
[gnunet] assets-dev-aws-fr-par-1.doctolib.de:2086
[gnunet] assets-prd-aws-de-fra-1.doctolib.de:2086
[gnunet] assets-prd-aws-fr-par-1.doctolib.de:2086
[gnunet] assets-staging-aws-fr-par-1.doctolib.de:2086
[gnunet] a-staging-aws-fr-par-1.doctolib.de:2086
[gnunet] m-dev-aws-de-fra-1.doctolib.de:2086
[gnunet] m-dev-aws-fr-par-1.doctolib.de:2086
[gnunet] mj-prd-aws-fr-par-1.doctolib.de:2086
[gnunet] m-prd-aws-de-fra-1.doctolib.de:2086
[gnunet] m-prd-aws-fr-par-1.doctolib.de:2086
[gnunet] m-staging-aws-fr-par-1.doctolib.de:2086
[gnunet] mta-sts.doctolib.de:2086
[gnunet] partners-dev-aws-de-fra-1.doctolib.de:2086
[gnunet] partners-dev-aws-fr-par-1.doctolib.de:2086
[gnunet] partners-dev.doctolib.de:2086
[gnunet] partners-prd-aws-de-fra-1.doctolib.de:2086
[gnunet] partners-prd-aws-fr-par-1.doctolib.de:2086
[gnunet] partners-staging-aws-fr-par-1.doctolib.de:2086
[gnunet] pro-dev-aws-de-fra-1.doctolib.de:2086
[gnunet] pro-dev-aws-fr-par-1.doctolib.de:2086
[gnunet] pro-dev.doctolib.de:2086
[gnunet] pro-prd-aws-de-fra-1.doctolib.de:2086
[gnunet] pro-prd-aws-fr-par-1.doctolib.de:2086
[gnunet] pro-staging-aws-fr-par-1.doctolib.de:2086
[gnunet] rs-data-origin.doctolib.de:2086
[gnunet] rs-data-staging-origin.doctolib.de:2086
[gnunet] tok.doctolib.de:2086
[gnunet] tok-staging.doctolib.de:2086
[gnunet] www-dev-aws-de-fra-1.doctolib.de:2086
[gnunet] www-dev-aws-fr-par-1.doctolib.de:2086
[gnunet] www-prd-aws-de-fra-1.doctolib.de:2086
[gnunet] www-prd-aws-fr-par-1.doctolib.de:2086
[gnunet] www-staging-aws-fr-par-1.doctolib.de:2086
[http] about.doctolib.de:80
[http] about-staging.doctolib.de:80
[http] a-dev-aws-de-fra-1.doctolib.de:80
[http] a-dev-aws-fr-par-1.doctolib.de:80
[http] a-dev.doctolib.de:80
[http] a.doctolib.de:80
[http] a-interf.doctolib.de:80
[http] api-dev-aws-de-fra-1.doctolib.de:80
[http] api-dev-aws-fr-par-1.doctolib.de:80
[http] api-dev.doctolib.de:80
[http] api.doctolib.de:80
[http] api-interf.doctolib.de:80
[http] api-prd-aws-de-fra-1.doctolib.de:80
[http] api-prd-aws-fr-par-1.doctolib.de:80
[http] api-preprod.doctolib.de:80
[http] api-staging-aws-fr-par-1.doctolib.de:80
[http] api-staging.doctolib.de:80
[http] a-prd-aws-de-fra-1.doctolib.de:80
[http] a-prd-aws-fr-par-1.doctolib.de:80
[http] a-preprod.doctolib.de:80
[http] assets-dev-aws-de-fra-1.doctolib.de:80
[http] assets-dev-aws-fr-par-1.doctolib.de:80
[http] assets-dev.doctolib.de:80
[http] assets.doctolib.de:80
[http] assets-interf.doctolib.de:80
[http] assets-prd-aws-de-fra-1.doctolib.de:80
[http] assets-prd-aws-fr-par-1.doctolib.de:80
[http] assets-preprod.doctolib.de:80
[http] assets-staging-aws-fr-par-1.doctolib.de:80
[http] assets-staging.doctolib.de:80
[http] a-staging-aws-fr-par-1.doctolib.de:80
[http] a-staging.doctolib.de:80
[http] careers.doctolib.de:80
[http] careers-staging.doctolib.de:80
[http] connectors.doctolib.de:80
[http] doctolib.de:80
[http] events-logs.doctolib.de:80
[http] events-logs-staging.doctolib.de:80
[http] exceptions.doctolib.de:80
[http] exceptions-interf.doctolib.de:80
[http] exceptions-preprod.doctolib.de:80
[http] exceptions-staging.doctolib.de:80
[http] fm.doctolib.de:80
[http] info.doctolib.de:80
[http] info-staging.doctolib.de:80
[http] m-dev-aws-de-fra-1.doctolib.de:80
[http] m-dev-aws-fr-par-1.doctolib.de:80
[http] m-dev.doctolib.de:80
[http] m.doctolib.de:80
[http] m-interf.doctolib.de:80
[http] mj.doctolib.de:80
[http] mj-prd-aws-fr-par-1.doctolib.de:80
[http] mj-staging.doctolib.de:80
[http] m-prd-aws-de-fra-1.doctolib.de:80
[http] m-prd-aws-fr-par-1.doctolib.de:80
[http] m-preprod.doctolib.de:80
[http] m-staging-aws-fr-par-1.doctolib.de:80
[http] m-staging.doctolib.de:80
[http] mta-sts.doctolib.de:80
[http] partners-dev-aws-de-fra-1.doctolib.de:80
[http] partners-dev-aws-fr-par-1.doctolib.de:80
[http] partners-dev.doctolib.de:80
[http] partners.doctolib.de:80
[http] partners-interf.doctolib.de:80
[http] partners-prd-aws-de-fra-1.doctolib.de:80
[http] partners-prd-aws-fr-par-1.doctolib.de:80
[http] partners-preprod.doctolib.de:80
[http] partners-staging-aws-fr-par-1.doctolib.de:80
[http] partners-staging.doctolib.de:80
[http] pro-dev-aws-de-fra-1.doctolib.de:80
[http] pro-dev-aws-fr-par-1.doctolib.de:80
[http] pro-dev.doctolib.de:80
[http] pro.doctolib.de:80
[http] pro-interf.doctolib.de:80
[http] pro-prd-aws-de-fra-1.doctolib.de:80
[http] pro-prd-aws-fr-par-1.doctolib.de:80
[http] pro-preprod.doctolib.de:80
[http] pro-staging-aws-fr-par-1.doctolib.de:80
[http] pro-staging.doctolib.de:80
[http-proxy] a-dev-aws-de-fra-1.doctolib.de:8080
[http-proxy] a-dev-aws-fr-par-1.doctolib.de:8080
[http-proxy] a-dev.doctolib.de:8080
[http-proxy] api-dev-aws-de-fra-1.doctolib.de:8080
[http-proxy] api-dev-aws-fr-par-1.doctolib.de:8080
[http-proxy] api-dev.doctolib.de:8080
[http-proxy] api-prd-aws-de-fra-1.doctolib.de:8080
[http-proxy] api-prd-aws-fr-par-1.doctolib.de:8080
[http-proxy] api-staging-aws-fr-par-1.doctolib.de:8080
[http-proxy] a-prd-aws-de-fra-1.doctolib.de:8080
[http-proxy] a-prd-aws-fr-par-1.doctolib.de:8080
[http-proxy] assets-dev-aws-de-fra-1.doctolib.de:8080
[http-proxy] assets-dev-aws-fr-par-1.doctolib.de:8080
[http-proxy] assets-dev.doctolib.de:8080
[http-proxy] assets-prd-aws-de-fra-1.doctolib.de:8080
[http-proxy] assets-prd-aws-fr-par-1.doctolib.de:8080
[http-proxy] assets-staging-aws-fr-par-1.doctolib.de:8080
[http-proxy] a-staging-aws-fr-par-1.doctolib.de:8080
[http-proxy] m-dev-aws-de-fra-1.doctolib.de:8080
[http-proxy] m-dev-aws-fr-par-1.doctolib.de:8080
[http-proxy] m-dev.doctolib.de:8080
[http-proxy] mj-prd-aws-fr-par-1.doctolib.de:8080
[http-proxy] m-prd-aws-de-fra-1.doctolib.de:8080
[http-proxy] m-prd-aws-fr-par-1.doctolib.de:8080
[http-proxy] m-staging-aws-fr-par-1.doctolib.de:8080
[http-proxy] mta-sts.doctolib.de:8080
[http-proxy] partners-dev-aws-de-fra-1.doctolib.de:8080
[http-proxy] partners-dev-aws-fr-par-1.doctolib.de:8080
[http-proxy] partners-dev.doctolib.de:8080
[http-proxy] partners-prd-aws-de-fra-1.doctolib.de:8080
[http-proxy] partners-prd-aws-fr-par-1.doctolib.de:8080
[http-proxy] partners-staging-aws-fr-par-1.doctolib.de:8080
[http-proxy] pro-dev-aws-de-fra-1.doctolib.de:8080
[http-proxy] pro-dev-aws-fr-par-1.doctolib.de:8080
[http-proxy] pro-dev.doctolib.de:8080
[http-proxy] pro-prd-aws-de-fra-1.doctolib.de:8080
[http-proxy] pro-prd-aws-fr-par-1.doctolib.de:8080
[http-proxy] pro-staging-aws-fr-par-1.doctolib.de:8080
[http-proxy] rs-data-origin.doctolib.de:8080
[http-proxy] rs-data-staging-origin.doctolib.de:8080
[http-proxy] tok.doctolib.de:8080
[http-proxy] tok-staging.doctolib.de:8080
[http-proxy] www-dev-aws-de-fra-1.doctolib.de:8080
[http-proxy] www-dev-aws-fr-par-1.doctolib.de:8080
[http-proxy] www-dev.doctolib.de:8080
[http-proxy] www-prd-aws-de-fra-1.doctolib.de:8080
[http-proxy] www-prd-aws-fr-par-1.doctolib.de:8080
[http-proxy] www-staging-aws-fr-par-1.doctolib.de:8080
[http] rs-data.doctolib.de:80
[http] rs-data-origin.doctolib.de:80
[http] rs-data-staging.doctolib.de:80
[http] rs-data-staging-origin.doctolib.de:80
[http] rs.doctolib.de:80
[http] rs-interf.doctolib.de:80
[http] rs-staging.doctolib.de:80
[https] about.doctolib.de:443
[https] about-staging.doctolib.de:443
[https] a-dev-aws-de-fra-1.doctolib.de:443
[https] a-dev-aws-fr-par-1.doctolib.de:443
[https] a-dev.doctolib.de:443
[https] a.doctolib.de:443
[https] a-interf.doctolib.de:443
[https-alt] a-dev-aws-de-fra-1.doctolib.de:8443
[https-alt] a-dev-aws-fr-par-1.doctolib.de:8443
[https-alt] a-dev.doctolib.de:8443
[https-alt] api-dev-aws-de-fra-1.doctolib.de:8443
[https-alt] api-dev-aws-fr-par-1.doctolib.de:8443
[https-alt] api-dev.doctolib.de:8443
[https-alt] api-prd-aws-de-fra-1.doctolib.de:8443
[https-alt] api-prd-aws-fr-par-1.doctolib.de:8443
[https-alt] api-staging-aws-fr-par-1.doctolib.de:8443
[https-alt] a-prd-aws-de-fra-1.doctolib.de:8443
[https-alt] a-prd-aws-fr-par-1.doctolib.de:8443
[https-alt] assets-dev-aws-de-fra-1.doctolib.de:8443
[https-alt] assets-dev-aws-fr-par-1.doctolib.de:8443
[https-alt] assets-dev.doctolib.de:8443
[https-alt] assets-prd-aws-de-fra-1.doctolib.de:8443
[https-alt] assets-prd-aws-fr-par-1.doctolib.de:8443
[https-alt] assets-staging-aws-fr-par-1.doctolib.de:8443
[https-alt] a-staging-aws-fr-par-1.doctolib.de:8443
[https-alt] m-dev-aws-de-fra-1.doctolib.de:8443
[https-alt] m-dev-aws-fr-par-1.doctolib.de:8443
[https-alt] m-dev.doctolib.de:8443
[https-alt] mj-prd-aws-fr-par-1.doctolib.de:8443
[https-alt] m-prd-aws-de-fra-1.doctolib.de:8443
[https-alt] m-prd-aws-fr-par-1.doctolib.de:8443
[https-alt] m-staging-aws-fr-par-1.doctolib.de:8443
[https-alt] mta-sts.doctolib.de:8443
[https-alt] partners-dev-aws-de-fra-1.doctolib.de:8443
[https-alt] partners-dev-aws-fr-par-1.doctolib.de:8443
[https-alt] partners-dev.doctolib.de:8443
[https-alt] partners-prd-aws-de-fra-1.doctolib.de:8443
[https-alt] partners-prd-aws-fr-par-1.doctolib.de:8443
[https-alt] partners-staging-aws-fr-par-1.doctolib.de:8443
[https-alt] pro-dev-aws-de-fra-1.doctolib.de:8443
[https-alt] pro-dev-aws-fr-par-1.doctolib.de:8443
[https-alt] pro-dev.doctolib.de:8443
[https-alt] pro-prd-aws-de-fra-1.doctolib.de:8443
[https-alt] pro-prd-aws-fr-par-1.doctolib.de:8443
[https-alt] pro-staging-aws-fr-par-1.doctolib.de:8443
[https-alt] rs-data-origin.doctolib.de:8443
[https-alt] rs-data-staging-origin.doctolib.de:8443
[https-alt] tok.doctolib.de:8443
[https-alt] tok-staging.doctolib.de:8443
[https-alt] www-dev-aws-de-fra-1.doctolib.de:8443
[https-alt] www-dev-aws-fr-par-1.doctolib.de:8443
[https-alt] www-dev.doctolib.de:8443
[https-alt] www-prd-aws-de-fra-1.doctolib.de:8443
[https-alt] www-prd-aws-fr-par-1.doctolib.de:8443
[https-alt] www-staging-aws-fr-par-1.doctolib.de:8443
[https] api-dev-aws-de-fra-1.doctolib.de:443
[https] api-dev-aws-fr-par-1.doctolib.de:443
[https] api-dev.doctolib.de:443
[https] api.doctolib.de:443
[https] api-interf.doctolib.de:443
[https] api-prd-aws-de-fra-1.doctolib.de:443
[https] api-prd-aws-fr-par-1.doctolib.de:443
[https] api-preprod.doctolib.de:443
[https] api-staging-aws-fr-par-1.doctolib.de:443
[https] api-staging.doctolib.de:443
[https] a-prd-aws-de-fra-1.doctolib.de:443
[https] a-prd-aws-fr-par-1.doctolib.de:443
[https] a-preprod.doctolib.de:443
[https] assets-dev-aws-de-fra-1.doctolib.de:443
[https] assets-dev-aws-fr-par-1.doctolib.de:443
[https] assets-dev.doctolib.de:443
[https] assets.doctolib.de:443
[https] assets-interf.doctolib.de:443
[https] assets-prd-aws-de-fra-1.doctolib.de:443
[https] assets-prd-aws-fr-par-1.doctolib.de:443
[https] assets-preprod.doctolib.de:443
[https] assets-staging-aws-fr-par-1.doctolib.de:443
[https] assets-staging.doctolib.de:443
[https] a-staging-aws-fr-par-1.doctolib.de:443
[https] a-staging.doctolib.de:443
[https] careers.doctolib.de:443
[https] careers-staging.doctolib.de:443
[https] connectors.doctolib.de:443
[https] doctolib.de:443
[https] events-logs.doctolib.de:443
[https] events-logs-staging.doctolib.de:443
[https] exceptions.doctolib.de:443
[https] exceptions-interf.doctolib.de:443
[https] exceptions-preprod.doctolib.de:443
[https] exceptions-staging.doctolib.de:443
[https] fm.doctolib.de:443
[https] info.doctolib.de:443
[https] info-staging.doctolib.de:443
[https] m-dev-aws-de-fra-1.doctolib.de:443
[https] m-dev-aws-fr-par-1.doctolib.de:443
[https] m-dev.doctolib.de:443
[https] m.doctolib.de:443
[https] m-interf.doctolib.de:443
[https] mj.doctolib.de:443
[https] mj-prd-aws-fr-par-1.doctolib.de:443
[https] mj-staging.doctolib.de:443
[https] m-prd-aws-de-fra-1.doctolib.de:443
[https] m-prd-aws-fr-par-1.doctolib.de:443
[https] m-preprod.doctolib.de:443
[https] m-staging-aws-fr-par-1.doctolib.de:443
[https] m-staging.doctolib.de:443
[https] mta-sts.doctolib.de:443
[https] partners-dev-aws-de-fra-1.doctolib.de:443
[https] partners-dev-aws-fr-par-1.doctolib.de:443
[https] partners-dev.doctolib.de:443
[https] partners.doctolib.de:443
[https] partners-interf.doctolib.de:443
[https] partners-prd-aws-de-fra-1.doctolib.de:443
[https] partners-prd-aws-fr-par-1.doctolib.de:443
[https] partners-preprod.doctolib.de:443
[https] partners-staging-aws-fr-par-1.doctolib.de:443
[https] partners-staging.doctolib.de:443
[https] pro-dev-aws-de-fra-1.doctolib.de:443
[https] pro-dev-aws-fr-par-1.doctolib.de:443
[https] pro-dev.doctolib.de:443
[https] pro.doctolib.de:443
[https] pro-interf.doctolib.de:443
[https] pro-prd-aws-de-fra-1.doctolib.de:443
[https] pro-prd-aws-fr-par-1.doctolib.de:443
[https] pro-preprod.doctolib.de:443
[https] pro-staging-aws-fr-par-1.doctolib.de:443
[https] pro-staging.doctolib.de:443
[https] rs-data.doctolib.de:443
[https] rs-data-origin.doctolib.de:443
[https] rs-data-staging.doctolib.de:443
[https] rs-data-staging-origin.doctolib.de:443
[https] rs.doctolib.de:443
[https] rs-interf.doctolib.de:443
[https] rs-staging.doctolib.de:443
[https] tok.doctolib.de:443
[https] tok-staging.doctolib.de:443
[https] www-dev-aws-de-fra-1.doctolib.de:443
[https] www-dev-aws-fr-par-1.doctolib.de:443
[https] www-dev.doctolib.de:443
[https] www.doctolib.de:443
[https] www-interf.doctolib.de:443
[https] www-prd-aws-de-fra-1.doctolib.de:443
[https] www-prd-aws-fr-par-1.doctolib.de:443
[https] www-preprod.doctolib.de:443
[https] www-staging-aws-fr-par-1.doctolib.de:443
[https] www-staging.doctolib.de:443
[http] tok.doctolib.de:80
[http] tok-staging.doctolib.de:80
[http] www-dev-aws-de-fra-1.doctolib.de:80
[http] www-dev-aws-fr-par-1.doctolib.de:80
[http] www-dev.doctolib.de:80
[http] www.doctolib.de:80
[http] www-interf.doctolib.de:80
[http] www-prd-aws-de-fra-1.doctolib.de:80
[http] www-prd-aws-fr-par-1.doctolib.de:80
[http] www-preprod.doctolib.de:80
[http] www-staging-aws-fr-par-1.doctolib.de:80
[http] www-staging.doctolib.de:80
[infowave] a-dev-aws-de-fra-1.doctolib.de:2082
[infowave] a-dev-aws-fr-par-1.doctolib.de:2082
[infowave] a-dev.doctolib.de:2082
[infowave] api-dev-aws-de-fra-1.doctolib.de:2082
[infowave] api-dev-aws-fr-par-1.doctolib.de:2082
[infowave] api-dev.doctolib.de:2082
[infowave] api-prd-aws-de-fra-1.doctolib.de:2082
[infowave] api-prd-aws-fr-par-1.doctolib.de:2082
[infowave] api-staging-aws-fr-par-1.doctolib.de:2082
[infowave] a-prd-aws-de-fra-1.doctolib.de:2082
[infowave] a-prd-aws-fr-par-1.doctolib.de:2082
[infowave] assets-dev-aws-de-fra-1.doctolib.de:2082
[infowave] assets-dev-aws-fr-par-1.doctolib.de:2082
[infowave] assets-dev.doctolib.de:2082
[infowave] assets-prd-aws-de-fra-1.doctolib.de:2082
[infowave] assets-prd-aws-fr-par-1.doctolib.de:2082
[infowave] assets-staging-aws-fr-par-1.doctolib.de:2082
[infowave] a-staging-aws-fr-par-1.doctolib.de:2082
[infowave] m-dev-aws-de-fra-1.doctolib.de:2082
[infowave] m-dev-aws-fr-par-1.doctolib.de:2082
[infowave] m-dev.doctolib.de:2082
[infowave] mj-prd-aws-fr-par-1.doctolib.de:2082
[infowave] m-prd-aws-de-fra-1.doctolib.de:2082
[infowave] m-prd-aws-fr-par-1.doctolib.de:2082
[infowave] m-staging-aws-fr-par-1.doctolib.de:2082
[infowave] mta-sts.doctolib.de:2082
[infowave] partners-dev-aws-de-fra-1.doctolib.de:2082
[infowave] partners-dev-aws-fr-par-1.doctolib.de:2082
[infowave] partners-dev.doctolib.de:2082
[infowave] partners-prd-aws-de-fra-1.doctolib.de:2082
[infowave] partners-prd-aws-fr-par-1.doctolib.de:2082
[infowave] partners-staging-aws-fr-par-1.doctolib.de:2082
[infowave] pro-dev-aws-de-fra-1.doctolib.de:2082
[infowave] pro-dev-aws-fr-par-1.doctolib.de:2082
[infowave] pro-dev.doctolib.de:2082
[infowave] pro-prd-aws-de-fra-1.doctolib.de:2082
[infowave] pro-prd-aws-fr-par-1.doctolib.de:2082
[infowave] pro-staging-aws-fr-par-1.doctolib.de:2082
[infowave] rs-data-origin.doctolib.de:2082
[infowave] rs-data-staging-origin.doctolib.de:2082
[infowave] tok.doctolib.de:2082
[infowave] tok-staging.doctolib.de:2082
[infowave] www-dev-aws-de-fra-1.doctolib.de:2082
[infowave] www-dev-aws-fr-par-1.doctolib.de:2082
[infowave] www-dev.doctolib.de:2082
[infowave] www-prd-aws-de-fra-1.doctolib.de:2082
[infowave] www-prd-aws-fr-par-1.doctolib.de:2082
[infowave] www-staging-aws-fr-par-1.doctolib.de:2082
[knetd] tok.doctolib.de:2053
[nbx-dir] a-dev.doctolib.de:2096
[nbx-dir] assets-dev.doctolib.de:2096
[nbx-dir] m-dev.doctolib.de:2096
[nbx-dir] www-dev.doctolib.de:2096
[nbx-ser] a-dev-aws-fr-par-1.doctolib.de:2095
[nbx-ser] a-dev.doctolib.de:2095
[nbx-ser] api-dev-aws-fr-par-1.doctolib.de:2095
[nbx-ser] api-prd-aws-fr-par-1.doctolib.de:2095
[nbx-ser] api-staging-aws-fr-par-1.doctolib.de:2095
[nbx-ser] a-prd-aws-de-fra-1.doctolib.de:2095
[nbx-ser] assets-dev-aws-de-fra-1.doctolib.de:2095
[nbx-ser] assets-dev-aws-fr-par-1.doctolib.de:2095
[nbx-ser] assets-dev.doctolib.de:2095
[nbx-ser] assets-staging-aws-fr-par-1.doctolib.de:2095
[nbx-ser] a-staging-aws-fr-par-1.doctolib.de:2095
[nbx-ser] m-dev-aws-de-fra-1.doctolib.de:2095
[nbx-ser] m-dev-aws-fr-par-1.doctolib.de:2095
[nbx-ser] m-dev.doctolib.de:2095
[nbx-ser] m-prd-aws-fr-par-1.doctolib.de:2095
[nbx-ser] mta-sts.doctolib.de:2095
[nbx-ser] partners-dev-aws-de-fra-1.doctolib.de:2095
[nbx-ser] partners-dev-aws-fr-par-1.doctolib.de:2095
[nbx-ser] partners-prd-aws-fr-par-1.doctolib.de:2095
[nbx-ser] partners-staging-aws-fr-par-1.doctolib.de:2095
[nbx-ser] pro-dev-aws-de-fra-1.doctolib.de:2095
[nbx-ser] pro-prd-aws-fr-par-1.doctolib.de:2095
[nbx-ser] pro-staging-aws-fr-par-1.doctolib.de:2095
[nbx-ser] rs-data-staging-origin.doctolib.de:2095
[nbx-ser] www-dev.doctolib.de:2095
[nbx-ser] www-prd-aws-de-fra-1.doctolib.de:2095
[nbx-ser] www-prd-aws-fr-par-1.doctolib.de:2095
[nbx-ser] www-staging-aws-fr-par-1.doctolib.de:2095
[radsec] a-dev-aws-de-fra-1.doctolib.de:2083
[radsec] a-dev-aws-fr-par-1.doctolib.de:2083
[radsec] a-dev.doctolib.de:2083
[radsec] api-dev-aws-de-fra-1.doctolib.de:2083
[radsec] api-dev-aws-fr-par-1.doctolib.de:2083
[radsec] api-dev.doctolib.de:2083
[radsec] api-prd-aws-de-fra-1.doctolib.de:2083
[radsec] api-prd-aws-fr-par-1.doctolib.de:2083
[radsec] api-staging-aws-fr-par-1.doctolib.de:2083
[radsec] a-prd-aws-de-fra-1.doctolib.de:2083
[radsec] a-prd-aws-fr-par-1.doctolib.de:2083
[radsec] assets-dev-aws-de-fra-1.doctolib.de:2083
[radsec] assets-dev-aws-fr-par-1.doctolib.de:2083
[radsec] assets-dev.doctolib.de:2083
[radsec] assets-prd-aws-de-fra-1.doctolib.de:2083
[radsec] assets-prd-aws-fr-par-1.doctolib.de:2083
[radsec] assets-staging-aws-fr-par-1.doctolib.de:2083
[radsec] a-staging-aws-fr-par-1.doctolib.de:2083
[radsec] m-dev-aws-de-fra-1.doctolib.de:2083
[radsec] m-dev-aws-fr-par-1.doctolib.de:2083
[radsec] m-dev.doctolib.de:2083
[radsec] mj-prd-aws-fr-par-1.doctolib.de:2083
[radsec] m-prd-aws-de-fra-1.doctolib.de:2083
[radsec] m-prd-aws-fr-par-1.doctolib.de:2083
[radsec] m-staging-aws-fr-par-1.doctolib.de:2083
[radsec] mta-sts.doctolib.de:2083
[radsec] partners-dev-aws-de-fra-1.doctolib.de:2083
[radsec] partners-dev-aws-fr-par-1.doctolib.de:2083
[radsec] partners-dev.doctolib.de:2083
[radsec] partners-prd-aws-de-fra-1.doctolib.de:2083
[radsec] partners-prd-aws-fr-par-1.doctolib.de:2083
[radsec] partners-staging-aws-fr-par-1.doctolib.de:2083
[radsec] pro-dev-aws-de-fra-1.doctolib.de:2083
[radsec] pro-dev-aws-fr-par-1.doctolib.de:2083
[radsec] pro-dev.doctolib.de:2083
[radsec] pro-prd-aws-de-fra-1.doctolib.de:2083
[radsec] pro-prd-aws-fr-par-1.doctolib.de:2083
[radsec] pro-staging-aws-fr-par-1.doctolib.de:2083
[radsec] rs-data-origin.doctolib.de:2083
[radsec] rs-data-staging-origin.doctolib.de:2083
[radsec] tok.doctolib.de:2083
[radsec] tok-staging.doctolib.de:2083
[radsec] www-dev-aws-de-fra-1.doctolib.de:2083
[radsec] www-dev-aws-fr-par-1.doctolib.de:2083
[radsec] www-dev.doctolib.de:2083
[radsec] www-prd-aws-de-fra-1.doctolib.de:2083
[radsec] www-prd-aws-fr-par-1.doctolib.de:2083
[radsec] www-staging-aws-fr-par-1.doctolib.de:2083
