[cddbp-alt] dsla.network:8880
[cddbp-alt] ethereum.dsla.network:8880
[cddbp-alt] harmony.dsla.network:8880
[cddbp-alt] new.dsla.network:8880
[cddbp-alt] www.dsla.network:8880
[clearvisn] ethereum.dsla.network:2052
[clearvisn] harmony.dsla.network:2052
[clearvisn] new.dsla.network:2052
[clearvisn] www.dsla.network:2052
[gnunet] dsla.network:2086
[gnunet] ethereum.dsla.network:2086
[gnunet] harmony.dsla.network:2086
[gnunet] new.dsla.network:2086
[gnunet] www.dsla.network:2086
[http] api.dsla.network:80
[http] avalanche.dsla.network:80
[http] beta.dsla.network:80
[http] dsla.network:80
[http] ethereum.dsla.network:80
[http] harmony.dsla.network:80
[http] new.dsla.network:80
[http-proxy] dsla.network:8080
[http-proxy] ethereum.dsla.network:8080
[http-proxy] harmony.dsla.network:8080
[http-proxy] new.dsla.network:8080
[http-proxy] www.dsla.network:8080
[https-alt] dsla.network:8443
[https-alt] ethereum.dsla.network:8443
[https-alt] harmony.dsla.network:8443
[https-alt] new.dsla.network:8443
[https-alt] www.dsla.network:8443
[https] analytics.dsla.network:443
[https] api.dsla.network:443
[https] ava.graph.node.dsla.network:443
[https] avalanche.dsla.network:443
[https] beta.dsla.network:443
[https] bsc.graph.node.dsla.network:443
[https] dsla.network:443
[https] ethereum.dsla.network:443
[https] eth.graph.node.dsla.network:443
[https] ftm.graph.node.dsla.network:443
[https] harmony.dsla.network:443
[https] hny.graph.node.dsla.network:443
[https] ipfs.dsla.network:443
[https] new.dsla.network:443
[https] plg.graph.node.dsla.network:443
[http] staging.dsla.network:80
[https] ws.ava.graph.node.dsla.network:443
[https] ws.bsc.graph.node.dsla.network:443
[https] ws.eth.graph.node.dsla.network:443
[https] ws.ftm.graph.node.dsla.network:443
[https] ws.hny.graph.node.dsla.network:443
[https] ws.plg.graph.node.dsla.network:443
[https] www.dsla.network:443
[http] www.dsla.network:80
[infowave] dsla.network:2082
[radsec] api.dsla.network:2083
[radsec] avalanche.dsla.network:2083
[radsec] beta.dsla.network:2083
[radsec] dsla.network:2083
[ssh] analytics.dsla.network:22
[ssh] avalanche.node.dsla.network:22
[ssh] ipfs.dsla.network:22
