[cddbp-alt] subfolder-proxy-awards.eat.ch:8880
[cddbp-alt] subfolder-proxy-foodwiki.eat.ch:8880
[eli] acc-shop.eat.ch:2087
[eli] subfolder-proxy-awards.eat.ch:2087
[eli] subfolder-proxy-foodwiki.eat.ch:2087
[gnunet] acc-shop.eat.ch:2086
[gnunet] subfolder-proxy-awards.eat.ch:2086
[gnunet] subfolder-proxy-foodwiki.eat.ch:2086
[http] ablink.emails.eat.ch:80
[http] acc-shop.eat.ch:80
[http] app01.eat.ch:80
[http] app02.eat.ch:80
[http] app.eat.ch:80
[http] app-test.eat.ch:80
[http] beta-api.eat.ch:80
[http] beta.eat.ch:80
[http] click.email.eat.ch:80
[http] click.update.eat.ch:80
[http] cloud.update.eat.ch:80
[http] eat.ch:80
[http] image.email.eat.ch:80
[http] image.update.eat.ch:80
[http] live-orders.eat.ch:80
[http] m.eat.ch:80
[http] mobile.eat.ch:80
[http] notime.eat.ch:80
[http] orders.eat.ch:80
[http] origin-api.eat.ch:80
[http] origin-api-new.eat.ch:80
[http] origin-contract.eat.ch:80
[http] origin-delivery-tracker-api.eat.ch:80
[http] origin-driver-api.eat.ch:80
[http] origin-driver.eat.ch:80
[http] origin-driver-wss.eat.ch:80
[http] origin.eat.ch:80
[http] origin-partner.eat.ch:80
[http] origin-pos-integration.eat.ch:80
[http] origin-restaurants.eat.ch:80
[http] origin-www.eat.ch:80
[http] pages.email.eat.ch:80
[http] pages.update.eat.ch:80
[http] partner.eat.ch:80
[http] pos-integration.eat.ch:80
[http] prometheus.eat.ch:80
[http] prometheus-k8s.eat.ch:80
[http-proxy] acc-shop.eat.ch:8080
[http-proxy] subfolder-proxy-foodwiki.eat.ch:8080
[http] pub.email.eat.ch:80
[http] restaurant.eat.ch:80
[http] restaurants.eat.ch:80
[https] ablink.emails.eat.ch:443
[https] acc-shop.eat.ch:443
[https-alt] subfolder-proxy-awards.eat.ch:8443
[https] app01.eat.ch:443
[https] app02.eat.ch:443
[https] app.eat.ch:443
[https] app-test.eat.ch:443
[https] beta-api.eat.ch:443
[https] beta.eat.ch:443
[https] click.email.eat.ch:443
[https] click.update.eat.ch:443
[https] cloud.update.eat.ch:443
[https] eat.ch:443
[http] shop.eat.ch:80
[https] html2pdf.eat.ch:443
[https] image.email.eat.ch:443
[https] image.update.eat.ch:443
[https] live-orders.eat.ch:443
[https] m.eat.ch:443
[https] mobile.eat.ch:443
[https] notime.eat.ch:443
[https] orders.eat.ch:443
[https] origin-api.eat.ch:443
[https] origin-api-new.eat.ch:443
[https] origin-contract.eat.ch:443
[https] origin-delivery-tracker-api.eat.ch:443
[https] origin-driver-api.eat.ch:443
[https] origin-driver.eat.ch:443
[https] origin-driver-wss.eat.ch:443
[https] origin.eat.ch:443
[https] origin-partner.eat.ch:443
[https] origin-pos-integration.eat.ch:443
[https] origin-restaurants.eat.ch:443
[https] origin-wss.eat.ch:443
[https] origin-www.eat.ch:443
[https] pages.email.eat.ch:443
[https] pages.update.eat.ch:443
[https] partner.eat.ch:443
[https] pos-integration.eat.ch:443
[https] prometheus.eat.ch:443
[https] prometheus-k8s.eat.ch:443
[https] pub.email.eat.ch:443
[https] restaurant.eat.ch:443
[https] restaurants.eat.ch:443
[https] shop.eat.ch:443
[https] staticaws.eat.ch:443
[https] static.eat.ch:443
[https] subfolder-proxy-awards.eat.ch:443
[https] subfolder-proxy-deals.eat.ch:443
[https] subfolder-proxy-foodwiki.eat.ch:443
[https] subfolder-proxy-lb.eat.ch:443
[https] subfolder-proxy-partnerblog.eat.ch:443
[https] subfolder-proxy-signup.eat.ch:443
[https] subfolder-proxy-takeawaypay.eat.ch:443
[http] staticaws.eat.ch:80
[http] static.eat.ch:80
[https] test-shop.eat.ch:443
[https] tv.eat.ch:443
[http] subfolder-proxy-awards.eat.ch:80
[http] subfolder-proxy-deals.eat.ch:80
[http] subfolder-proxy-foodwiki.eat.ch:80
[http] subfolder-proxy-lb.eat.ch:80
[http] subfolder-proxy-partnerblog.eat.ch:80
[http] subfolder-proxy-signup.eat.ch:80
[http] subfolder-proxy-takeawaypay.eat.ch:80
[https] view.email.eat.ch:443
[https] view.update.eat.ch:443
[https] webservice.eat.ch:443
[https] www.eat.ch:443
[http] test-shop.eat.ch:80
[http] tv.eat.ch:80
[http] view.email.eat.ch:80
[http] view.update.eat.ch:80
[http] webservice.eat.ch:80
[http] www.eat.ch:80
[infowave] acc-shop.eat.ch:2082
[infowave] subfolder-proxy-awards.eat.ch:2082
[infowave] subfolder-proxy-foodwiki.eat.ch:2082
[radsec] subfolder-proxy-awards.eat.ch:2083
[radsec] subfolder-proxy-foodwiki.eat.ch:2083
[smtp] connect.eat.ch:25
[smtp] email.eat.ch:25
[smtp] update.eat.ch:25
