[http] ampmetrics.engadget.com:80
[http] api.engadget.com:80
[http] api.login.engadget.com:80
[http] api-staging.engadget.com:80
[http] calendar.engadget.com:80
[http] c.engadget.com:80
[http] de.engadget.com:80
[http] docs.engadget.com:80
[http] drive.engadget.com:80
[http] edit.engadget.com:80
[http] engadget.com:80
[http] es.engadget.com:80
[http] feeds.engadget.com:80
[http] go.engadget.com:80
[http] groups.engadget.com:80
[http] horizon.engadget.com:80
[http] images.engadget.com:80
[http] info.engadget.com:80
[http] insertcoin2.engadget.com:80
[http] mail.engadget.com:80
[http] newsletter.engadget.com:80
[http] oidc.engadget.com:80
[http] product-api.engadget.com:80
[http] publicaccess.engadget.com:80
[http] push.engadget.com:80
[https] ampmetrics.engadget.com:443
[https] api.engadget.com:443
[https] api.login.engadget.com:443
[https] api-staging.engadget.com:443
[https] calendar.engadget.com:443
[https] c.engadget.com:443
[https] de.engadget.com:443
[https] docs.engadget.com:443
[https] drive.engadget.com:443
[http] search.engadget.com:80
[https] edit.engadget.com:443
[https] engadget.com:443
[https] es.engadget.com:443
[https] feeds.engadget.com:443
[https] go.engadget.com:443
[https] groups.engadget.com:443
[https] guce.engadget.com:443
[https] guce.login.engadget.com:443
[https] horizon.engadget.com:443
[https] images.engadget.com:443
[https] info.engadget.com:443
[https] insertcoin2.engadget.com:443
[http] sites.engadget.com:80
[https] mail.engadget.com:443
[https] newsletter.engadget.com:443
[http] s.newsletter.engadget.com:80
[https] oidc.engadget.com:443
[https] product-api.engadget.com:443
[https] publicaccess.engadget.com:443
[https] push.engadget.com:443
[https] search.engadget.com:443
[https] sites.engadget.com:443
[https] s.newsletter.engadget.com:443
[https] stage.api.login.engadget.com:443
[https] stage.guce.engadget.com:443
[https] stage.guce.login.engadget.com:443
[https] stage.login.engadget.com:443
[https] stage.oidc.engadget.com:443
[http] stage.api.login.engadget.com:80
[http] stage.login.engadget.com:80
[http] stage.oidc.engadget.com:80
[https] trunk.guce.engadget.com:443
[https] trunk.guce.login.engadget.com:443
[https] www.engadget.com:443
[http] www.engadget.com:80
[pharos] guce.engadget.com:4443
[pharos] guce.login.engadget.com:4443
[pharos] stage.guce.engadget.com:4443
[pharos] stage.guce.login.engadget.com:4443
[pharos] trunk.guce.engadget.com:4443
[pharos] trunk.guce.login.engadget.com:4443
