[cddbp-alt] exmo.me:8880
[eli] exmo.me:2087
[gnunet] exmo.me:2086
[http] exmo.me:80
[http] mail.exmo.me:80
[http-proxy] exmo.me:8080
[https-alt] exmo.me:8443
[https] api.exmo.me:443
[https] broker.exmo.me:443
[https] exmocoin.exmo.me:443
[https] exmo.me:443
[https] info.exmo.me:443
[https] mail.exmo.me:443
[https] support.exmo.me:443
[https] ws-api.exmo.me:443
[https] www.exmo.me:443
[infowave] exmo.me:2082
[nbx-ser] exmo.me:2095
[radsec] exmocoin.exmo.me:2083
[radsec] exmo.me:2083
[radsec] info.exmo.me:2083
[radsec] support.exmo.me:2083
[radsec] ws-api.exmo.me:2083
