[cddbp-alt] devops-handbook.ot.exodus.com:8880
[cddbp-alt] exokit.ot.exodus.com:8880
[clearvisn] exokit.ot.exodus.com:2052
[eli] devops-handbook.ot.exodus.com:2087
[eli] exokit.ot.exodus.com:2087
[gnunet] devops-handbook.ot.exodus.com:2086
[gnunet] exokit.ot.exodus.com:2086
[http] blog.exodus.com:80
[http] devops-handbook.ot.exodus.com:80
[http] downloads.exodus.com:80
[http] exodus.com:80
[http] exokit.ot.exodus.com:80
[http] help.exodus.com:80
[http] link-t.exodus.com:80
[http] metadata.exodus.com:80
[http-proxy] blog.exodus.com:8080
[http-proxy] devops-handbook.ot.exodus.com:8080
[http-proxy] downloads.exodus.com:8080
[http-proxy] exodus.com:8080
[http-proxy] exokit.ot.exodus.com:8080
[http-proxy] help.exodus.com:8080
[http-proxy] metadata.exodus.com:8080
[http-proxy] support-lt.exodus.com:8080
[http-proxy] updates.exodus.com:8080
[http-proxy] www.exodus.com:8080
[https-alt] blog.exodus.com:8443
[https-alt] devops-handbook.ot.exodus.com:8443
[https-alt] downloads.exodus.com:8443
[https-alt] exodus.com:8443
[https-alt] exokit.ot.exodus.com:8443
[https-alt] help.exodus.com:8443
[https-alt] metadata.exodus.com:8443
[https-alt] support-lt.exodus.com:8443
[https-alt] updates.exodus.com:8443
[https-alt] www.exodus.com:8443
[https] blog.exodus.com:443
[https] devops-handbook.ot.exodus.com:443
[https] downloads.exodus.com:443
[https] exodus.com:443
[https] exokit.ot.exodus.com:443
[https] help.exodus.com:443
[https] link-t.exodus.com:443
[https] metadata.exodus.com:443
[https] support-lt.exodus.com:443
[https] updates.exodus.com:443
[http] support-lt.exodus.com:80
[https] www.exodus.com:443
[http] updates.exodus.com:80
[http] www.exodus.com:80
[infowave] devops-handbook.ot.exodus.com:2082
[infowave] exokit.ot.exodus.com:2082
[nbx-ser] devops-handbook.ot.exodus.com:2095
[nbx-ser] exokit.ot.exodus.com:2095
[radsec] devops-handbook.ot.exodus.com:2083
[radsec] exokit.ot.exodus.com:2083
