[cddbp-alt] devops-handbook.a.exodus.io:8880
[eli] devops-handbook.a.exodus.io:2087
[gnunet] devops-handbook.a.exodus.io:2086
[http] ada.exodus.io:80
[http] algo.a.exodus.io:80
[http] algo-api.a.exodus.io:80
[http] algo-s.a.exodus.io:80
[http] ark.exodus.io:80
[http] atom3.a.exodus.io:80
[http] atom3.exodus.io:80
[http] atom4.a.exodus.io:80
[http] atom.exodus.io:80
[http] bitcoin.a.exodus.io:80
[http] bitcoincash.a.exodus.io:80
[http] bitcoincash.exodus.io:80
[http] bitcoincashnode.a.exodus.io:80
[http] bitcoin.exodus.io:80
[http] bitcoingold.a.exodus.io:80
[http] bitcoingold.exodus.io:80
[http] bitcoinsv.a.exodus.io:80
[http] bitcoinsv.exodus.io:80
[http] blog.exodus.io:80
[http] cardano.a.exodus.io:80
[http] dash.a.exodus.io:80
[http] dash.exodus.io:80
[http] devops-handbook.a.exodus.io:80
[http] digibyte.a.exodus.io:80
[http] digibyte.exodus.io:80
[http] dogecoin.a.exodus.io:80
[http] dogecoin.exodus.io:80
[http] downloads.exodus.io:80
[http] eos.a.exodus.io:80
[http] eos.exodus.io:80
[http] etc.a.exodus.io:80
[http] etc.exodus.io:80
[http] eth.a.exodus.io:80
[http] eth.exodus.io:80
[http] exchange-d.exodus.io:80
[http] exchange-eden.exodus.io:80
[http] exchange.exodus.io:80
[http] exchange-p.exodus.io:80
[http] exchange-s.exodus.io:80
[http] exodus.io:80
[http] exokit.a.exodus.io:80
[http] exotrack.exodus.io:80
[http] fiat-exchange-d.exodus.io:80
[http] fiat-exchange.exodus.io:80
[http] fiat-exchange-p.exodus.io:80
[http] fiat-exchange-s.exodus.io:80
[http] fusion.exodus.io:80
[http] getc.a.exodus.io:80
[http] geth.a.exodus.io:80
[http] ghost.exodus.io:80
[http] gl.exodus.io:80
[http] global-coin-height.exodus.io:80
[http] grafana.exodus.io:80
[http] hedera.a.exodus.io:80
[http] help.exodus.io:80
[http] image-resizer.exodus.io:80
[http] litecoin.a.exodus.io:80
[http] litecoin.exodus.io:80
[http] magnifier.exodus.io:80
[http] marley-d.exodus.io:80
[http] marley-p.exodus.io:80
[http] metadata.exodus.io:80
[http] nano.a.exodus.io:80
[http] nano.exodus.io:80
[http] nano-timestamps.exodus.io:80
[http] nem.exodus.io:80
[http] neo.a.exodus.io:80
[http] neo.exodus.io:80
[http] neo-mag.a.exodus.io:80
[http] neo-mag-d.a.exodus.io:80
[http] nf.exodus.io:80
[http] oauth-d.exodus.io:80
[http] oauth.exodus.io:80
[http] oauth-s.exodus.io:80
[http] ont.a.exodus.io:80
[http] ont.exodus.io:80
[http] ontexplorer.a.exodus.io:80
[http] ontexplorer.exodus.io:80
[http] price-feed.prod.aws.exodus.io:80
[http] pricing.a.exodus.io:80
[http] pricing-d.a.exodus.io:80
[http] pricing.exodus.io:80
[http-proxy] ada.exodus.io:8080
[http-proxy] algo.a.exodus.io:8080
[http-proxy] algo-api.a.exodus.io:8080
[http-proxy] algo-s.a.exodus.io:8080
[http-proxy] ark.exodus.io:8080
[http-proxy] atom3.a.exodus.io:8080
[http-proxy] atom3.exodus.io:8080
[http-proxy] atom4.a.exodus.io:8080
[http-proxy] atom.exodus.io:8080
[http-proxy] bitcoin.a.exodus.io:8080
[http-proxy] bitcoincash.a.exodus.io:8080
[http-proxy] bitcoincash.exodus.io:8080
[http-proxy] bitcoincashnode.a.exodus.io:8080
[http-proxy] bitcoin.exodus.io:8080
[http-proxy] bitcoingold.a.exodus.io:8080
[http-proxy] bitcoingold.exodus.io:8080
[http-proxy] bitcoinsv.a.exodus.io:8080
[http-proxy] bitcoinsv.exodus.io:8080
[http-proxy] blog.exodus.io:8080
[http-proxy] cardano.a.exodus.io:8080
[http-proxy] dash.a.exodus.io:8080
[http-proxy] dash.exodus.io:8080
[http-proxy] devops-handbook.a.exodus.io:8080
[http-proxy] digibyte.a.exodus.io:8080
[http-proxy] digibyte.exodus.io:8080
[http-proxy] dogecoin.a.exodus.io:8080
[http-proxy] dogecoin.exodus.io:8080
[http-proxy] downloads.exodus.io:8080
[http-proxy] eos.a.exodus.io:8080
[http-proxy] eos.exodus.io:8080
[http-proxy] etc.a.exodus.io:8080
[http-proxy] etc.exodus.io:8080
[http-proxy] eth.a.exodus.io:8080
[http-proxy] eth.exodus.io:8080
[http-proxy] exchange-d.exodus.io:8080
[http-proxy] exchange-eden.exodus.io:8080
[http-proxy] exchange.exodus.io:8080
[http-proxy] exchange-p.exodus.io:8080
[http-proxy] exchange-s.exodus.io:8080
[http-proxy] exotrack.exodus.io:8080
[http-proxy] fiat-exchange-d.exodus.io:8080
[http-proxy] fiat-exchange.exodus.io:8080
[http-proxy] fiat-exchange-p.exodus.io:8080
[http-proxy] fiat-exchange-s.exodus.io:8080
[http-proxy] fusion.exodus.io:8080
[http-proxy] getc.a.exodus.io:8080
[http-proxy] geth.a.exodus.io:8080
[http-proxy] ghost.exodus.io:8080
[http-proxy] gl.exodus.io:8080
[http-proxy] global-coin-height.exodus.io:8080
[http-proxy] grafana.exodus.io:8080
[http-proxy] hedera.a.exodus.io:8080
[http-proxy] help.exodus.io:8080
[http-proxy] image-resizer.exodus.io:8080
[http-proxy] litecoin.a.exodus.io:8080
[http-proxy] litecoin.exodus.io:8080
[http-proxy] magnifier.exodus.io:8080
[http-proxy] marley-d.exodus.io:8080
[http-proxy] marley-p.exodus.io:8080
[http-proxy] metadata.exodus.io:8080
[http-proxy] nano.a.exodus.io:8080
[http-proxy] nano.exodus.io:8080
[http-proxy] nano-timestamps.exodus.io:8080
[http-proxy] nem.exodus.io:8080
[http-proxy] neo.a.exodus.io:8080
[http-proxy] neo.exodus.io:8080
[http-proxy] neo-mag.a.exodus.io:8080
[http-proxy] neo-mag-d.a.exodus.io:8080
[http-proxy] nf.exodus.io:8080
[http-proxy] oauth-d.exodus.io:8080
[http-proxy] oauth.exodus.io:8080
[http-proxy] oauth-s.exodus.io:8080
[http-proxy] ont.a.exodus.io:8080
[http-proxy] ont.exodus.io:8080
[http-proxy] ontexplorer.a.exodus.io:8080
[http-proxy] ontexplorer.exodus.io:8080
[http-proxy] price-feed.prod.aws.exodus.io:8080
[http-proxy] pricing.a.exodus.io:8080
[http-proxy] pricing-d.a.exodus.io:8080
[http-proxy] pricing.exodus.io:8080
[http-proxy] pto-d.exodus.io:8080
[http-proxy] pto-p.exodus.io:8080
[http-proxy] ptp-d.exodus.io:8080
[http-proxy] ptp-p.exodus.io:8080
[http-proxy] qtum.a.exodus.io:8080
[http-proxy] qtum.exodus.io:8080
[http-proxy] raven-d.a.exodus.io:8080
[http-proxy] raven.exodus.io:8080
[http-proxy] remote-config-dev.exodus.io:8080
[http-proxy] remote-config.exodus.io:8080
[http-proxy] ripple.a.exodus.io:8080
[http-proxy] ripple.exodus.io:8080
[http-proxy] safe-report-d.exodus.io:8080
[http-proxy] safe-report.exodus.io:8080
[http-proxy] server.exodus.io:8080
[http-proxy] slack-invite.exodus.io:8080
[http-proxy] support.exodus.io:8080
[http-proxy] support-lt.exodus.io:8080
[http-proxy] tezos.a.exodus.io:8080
[http-proxy] tezos.exodus.io:8080
[http-proxy] updates.exodus.io:8080
[http-proxy] vertcoin.exodus.io:8080
[http-proxy] vet.a.exodus.io:8080
[http-proxy] vet.exodus.io:8080
[http-proxy] waves.exodus.io:8080
[http-proxy] www.exodus.io:8080
[http-proxy] xmr.a.exodus.io:8080
[http-proxy] xmr.exodus.io:8080
[http-proxy] xtz.exodus.io:8080
[http-proxy] zcash.a.exodus.io:8080
[http-proxy] zcash.exodus.io:8080
[http-proxy] zilliqa-p.a.exodus.io:8080
[http] pto-d.exodus.io:80
[http] pto-p.exodus.io:80
[http] ptp-d.exodus.io:80
[http] ptp-p.exodus.io:80
[http] qtum.a.exodus.io:80
[http] qtum.exodus.io:80
[http] raven-d.a.exodus.io:80
[http] raven.exodus.io:80
[http] remote-config-dev.exodus.io:80
[http] remote-config.exodus.io:80
[http] ripple.a.exodus.io:80
[http] ripple.exodus.io:80
[https] ada.exodus.io:443
[http] safe-report-d.exodus.io:80
[http] safe-report.exodus.io:80
[https] algo.a.exodus.io:443
[https] algo-api.a.exodus.io:443
[https] algo-s.a.exodus.io:443
[https-alt] ada.exodus.io:8443
[https-alt] algo.a.exodus.io:8443
[https-alt] algo-api.a.exodus.io:8443
[https-alt] algo-s.a.exodus.io:8443
[https-alt] ark.exodus.io:8443
[https-alt] atom3.a.exodus.io:8443
[https-alt] atom3.exodus.io:8443
[https-alt] atom4.a.exodus.io:8443
[https-alt] atom.exodus.io:8443
[https-alt] bitcoin.a.exodus.io:8443
[https-alt] bitcoincash.a.exodus.io:8443
[https-alt] bitcoincash.exodus.io:8443
[https-alt] bitcoincashnode.a.exodus.io:8443
[https-alt] bitcoin.exodus.io:8443
[https-alt] bitcoingold.a.exodus.io:8443
[https-alt] bitcoingold.exodus.io:8443
[https-alt] bitcoinsv.a.exodus.io:8443
[https-alt] bitcoinsv.exodus.io:8443
[https-alt] blog.exodus.io:8443
[https-alt] cardano.a.exodus.io:8443
[https-alt] dash.a.exodus.io:8443
[https-alt] dash.exodus.io:8443
[https-alt] devops-handbook.a.exodus.io:8443
[https-alt] digibyte.a.exodus.io:8443
[https-alt] digibyte.exodus.io:8443
[https-alt] dogecoin.a.exodus.io:8443
[https-alt] dogecoin.exodus.io:8443
[https-alt] downloads.exodus.io:8443
[https-alt] eos.a.exodus.io:8443
[https-alt] eos.exodus.io:8443
[https-alt] etc.a.exodus.io:8443
[https-alt] etc.exodus.io:8443
[https-alt] eth.a.exodus.io:8443
[https-alt] eth.exodus.io:8443
[https-alt] exchange-d.exodus.io:8443
[https-alt] exchange-eden.exodus.io:8443
[https-alt] exchange.exodus.io:8443
[https-alt] exchange-p.exodus.io:8443
[https-alt] exchange-s.exodus.io:8443
[https-alt] exotrack.exodus.io:8443
[https-alt] fiat-exchange-d.exodus.io:8443
[https-alt] fiat-exchange.exodus.io:8443
[https-alt] fiat-exchange-p.exodus.io:8443
[https-alt] fiat-exchange-s.exodus.io:8443
[https-alt] fusion.exodus.io:8443
[https-alt] getc.a.exodus.io:8443
[https-alt] geth.a.exodus.io:8443
[https-alt] ghost.exodus.io:8443
[https-alt] gl.exodus.io:8443
[https-alt] global-coin-height.exodus.io:8443
[https-alt] grafana.exodus.io:8443
[https-alt] hedera.a.exodus.io:8443
[https-alt] help.exodus.io:8443
[https-alt] image-resizer.exodus.io:8443
[https-alt] litecoin.a.exodus.io:8443
[https-alt] litecoin.exodus.io:8443
[https-alt] magnifier.exodus.io:8443
[https-alt] marley-d.exodus.io:8443
[https-alt] marley-p.exodus.io:8443
[https-alt] metadata.exodus.io:8443
[https-alt] nano.a.exodus.io:8443
[https-alt] nano.exodus.io:8443
[https-alt] nano-timestamps.exodus.io:8443
[https-alt] nem.exodus.io:8443
[https-alt] neo.a.exodus.io:8443
[https-alt] neo.exodus.io:8443
[https-alt] neo-mag.a.exodus.io:8443
[https-alt] neo-mag-d.a.exodus.io:8443
[https-alt] nf.exodus.io:8443
[https-alt] oauth-d.exodus.io:8443
[https-alt] oauth.exodus.io:8443
[https-alt] oauth-s.exodus.io:8443
[https-alt] ont.a.exodus.io:8443
[https-alt] ont.exodus.io:8443
[https-alt] ontexplorer.a.exodus.io:8443
[https-alt] ontexplorer.exodus.io:8443
[https-alt] price-feed.prod.aws.exodus.io:8443
[https-alt] pricing.a.exodus.io:8443
[https-alt] pricing-d.a.exodus.io:8443
[https-alt] pricing.exodus.io:8443
[https-alt] pto-d.exodus.io:8443
[https-alt] pto-p.exodus.io:8443
[https-alt] ptp-d.exodus.io:8443
[https-alt] ptp-p.exodus.io:8443
[https-alt] qtum.a.exodus.io:8443
[https-alt] qtum.exodus.io:8443
[https-alt] raven-d.a.exodus.io:8443
[https-alt] raven.exodus.io:8443
[https-alt] remote-config-dev.exodus.io:8443
[https-alt] remote-config.exodus.io:8443
[https-alt] ripple.a.exodus.io:8443
[https-alt] ripple.exodus.io:8443
[https-alt] safe-report-d.exodus.io:8443
[https-alt] safe-report.exodus.io:8443
[https-alt] server.exodus.io:8443
[https-alt] slack-invite.exodus.io:8443
[https-alt] support.exodus.io:8443
[https-alt] support-lt.exodus.io:8443
[https-alt] tezos.a.exodus.io:8443
[https-alt] tezos.exodus.io:8443
[https-alt] updates.exodus.io:8443
[https-alt] vertcoin.exodus.io:8443
[https-alt] vet.a.exodus.io:8443
[https-alt] vet.exodus.io:8443
[https-alt] waves.exodus.io:8443
[https-alt] www.exodus.io:8443
[https-alt] xmr.a.exodus.io:8443
[https-alt] xmr.exodus.io:8443
[https-alt] xtz.exodus.io:8443
[https-alt] zcash.a.exodus.io:8443
[https-alt] zcash.exodus.io:8443
[https-alt] zilliqa-p.a.exodus.io:8443
[https] ark.exodus.io:443
[https] atom3.a.exodus.io:443
[https] atom3.exodus.io:443
[https] atom4.a.exodus.io:443
[https] atom.exodus.io:443
[https] bitcoin.a.exodus.io:443
[https] bitcoincash.a.exodus.io:443
[https] bitcoincash.exodus.io:443
[https] bitcoincashnode.a.exodus.io:443
[https] bitcoin.exodus.io:443
[https] bitcoingold.a.exodus.io:443
[https] bitcoingold.exodus.io:443
[https] bitcoinsv.a.exodus.io:443
[https] bitcoinsv.exodus.io:443
[https] blog.exodus.io:443
[https] cardano.a.exodus.io:443
[https] dash.a.exodus.io:443
[https] dash.exodus.io:443
[https] devops-handbook.a.exodus.io:443
[https] digibyte.a.exodus.io:443
[https] digibyte.exodus.io:443
[https] dogecoin.a.exodus.io:443
[https] dogecoin.exodus.io:443
[https] downloads.exodus.io:443
[https] eos.a.exodus.io:443
[https] eos.exodus.io:443
[http] server.exodus.io:80
[https] etc.a.exodus.io:443
[https] etc.exodus.io:443
[https] eth.a.exodus.io:443
[https] eth.exodus.io:443
[https] exchange-d.exodus.io:443
[https] exchange-eden.exodus.io:443
[https] exchange.exodus.io:443
[https] exchange-p.exodus.io:443
[https] exchange-s.exodus.io:443
[https] exodus.io:443
[https] exokit.a.exodus.io:443
[https] exotrack.exodus.io:443
[https] fiat-exchange-d.exodus.io:443
[https] fiat-exchange.exodus.io:443
[https] fiat-exchange-p.exodus.io:443
[https] fiat-exchange-s.exodus.io:443
[https] fusion.exodus.io:443
[https] getc.a.exodus.io:443
[https] geth.a.exodus.io:443
[https] ghost.exodus.io:443
[https] gl.exodus.io:443
[https] global-coin-height.exodus.io:443
[https] grafana.exodus.io:443
[https] hedera.a.exodus.io:443
[https] help.exodus.io:443
[https] image-resizer.exodus.io:443
[http] slack-invite.exodus.io:80
[https] litecoin.a.exodus.io:443
[https] litecoin.exodus.io:443
[https] magnifier.exodus.io:443
[https] marley-d.exodus.io:443
[https] marley-p.exodus.io:443
[https] metadata.exodus.io:443
[https] nano.a.exodus.io:443
[https] nano.exodus.io:443
[https] nano-timestamps.exodus.io:443
[https] nem.exodus.io:443
[https] neo.a.exodus.io:443
[https] neo.exodus.io:443
[https] neo-mag.a.exodus.io:443
[https] neo-mag-d.a.exodus.io:443
[https] nf.exodus.io:443
[https] oauth-d.exodus.io:443
[https] oauth.exodus.io:443
[https] oauth-s.exodus.io:443
[https] ont.a.exodus.io:443
[https] ont.exodus.io:443
[https] ontexplorer.a.exodus.io:443
[https] ontexplorer.exodus.io:443
[https] price-feed.prod.aws.exodus.io:443
[https] pricing.a.exodus.io:443
[https] pricing-d.a.exodus.io:443
[https] pricing.exodus.io:443
[https] pto-d.exodus.io:443
[https] pto-p.exodus.io:443
[https] ptp-d.exodus.io:443
[https] ptp-p.exodus.io:443
[https] qtum.a.exodus.io:443
[https] qtum.exodus.io:443
[https] raven-d.a.exodus.io:443
[https] raven.exodus.io:443
[https] remote-config-dev.exodus.io:443
[https] remote-config.exodus.io:443
[https] ripple.a.exodus.io:443
[https] ripple.exodus.io:443
[https] safe-report-d.exodus.io:443
[https] safe-report.exodus.io:443
[https] server.exodus.io:443
[https] slack-invite.exodus.io:443
[https] support.exodus.io:443
[https] support-lt.exodus.io:443
[https] tezos.a.exodus.io:443
[https] tezos.exodus.io:443
[https] updates.exodus.io:443
[http] support.exodus.io:80
[http] support-lt.exodus.io:80
[https] vertcoin.exodus.io:443
[https] vet.a.exodus.io:443
[https] vet.exodus.io:443
[https] waves.exodus.io:443
[https] web3.a.exodus.io:443
[https] www.exodus.io:443
[https] xmr.a.exodus.io:443
[https] xmr.exodus.io:443
[https] xtz.exodus.io:443
[https] zcash.a.exodus.io:443
[https] zcash.exodus.io:443
[https] zilliqa-p.a.exodus.io:443
[http] tezos.a.exodus.io:80
[http] tezos.exodus.io:80
[http] updates.exodus.io:80
[http] vertcoin.exodus.io:80
[http] vet.a.exodus.io:80
[http] vet.exodus.io:80
[http] waves.exodus.io:80
[http] web3.a.exodus.io:80
[http] www.exodus.io:80
[http] xmr.a.exodus.io:80
[http] xmr.exodus.io:80
[http] xtz.exodus.io:80
[http] zcash.a.exodus.io:80
[http] zcash.exodus.io:80
[http] zilliqa-p.a.exodus.io:80
[infowave] devops-handbook.a.exodus.io:2082
[knetd] devops-handbook.a.exodus.io:2053
[radsec] devops-handbook.a.exodus.io:2083
