[amqp] rgs.ct.casino.fanduel.com:5672
[amqp] rgs.wv.casino.fanduel.com:5672
[ansoft-lm-2] racing.fanduel.com:1084
[ansoft-lm-2] racing-staging.fanduel.com:1084
[ansoft-lm-2] rgs.ct.casino.fanduel.com:1084
[ansoft-lm-2] rgs.mi.casino.fanduel.com:1084
[ansoft-lm-2] rgs.wv.casino.fanduel.com:1084
[ansoft-lm-2] service.racing.fanduel.com:1084
[ansoft-lm-2] service.racing-staging.fanduel.com:1084
[blackice-icecap] racing.fanduel.com:8081
[blackice-icecap] racing-staging.fanduel.com:8081
[blackice-icecap] rgs.ct.casino.fanduel.com:8081
[blackice-icecap] rgs.mi.casino.fanduel.com:8081
[blackice-icecap] rgs.wv.casino.fanduel.com:8081
[blackice-icecap] service.racing.fanduel.com:8081
[blackice-icecap] service.racing-staging.fanduel.com:8081
[ctf] racing.fanduel.com:84
[ctf] racing-staging.fanduel.com:84
[ctf] rgs.ct.casino.fanduel.com:84
[ctf] rgs.mi.casino.fanduel.com:84
[ctf] rgs.wv.casino.fanduel.com:84
[ctf] service.racing.fanduel.com:84
[ctf] service.racing-staging.fanduel.com:84
[dn6-nlm-aud] rgs.ct.casino.fanduel.com:195
[dn6-nlm-aud] rgs.wv.casino.fanduel.com:195
[dnp] racing.fanduel.com:20000
[dnp] racing-staging.fanduel.com:20000
[dnp] rgs.ct.casino.fanduel.com:20000
[dnp] rgs.mi.casino.fanduel.com:20000
[dnp] rgs.wv.casino.fanduel.com:20000
[dnp] service.racing.fanduel.com:20000
[dnp] service.racing-staging.fanduel.com:20000
[d-s-n] racing.fanduel.com:8086
[d-s-n] racing-staging.fanduel.com:8086
[d-s-n] rgs.ct.casino.fanduel.com:8086
[d-s-n] rgs.mi.casino.fanduel.com:8086
[d-s-n] rgs.wv.casino.fanduel.com:8086
[d-s-n] service.racing.fanduel.com:8086
[d-s-n] service.racing-staging.fanduel.com:8086
[epp] racing.fanduel.com:700
[epp] racing-staging.fanduel.com:700
[epp] rgs.ct.casino.fanduel.com:700
[epp] rgs.mi.casino.fanduel.com:700
[epp] rgs.wv.casino.fanduel.com:700
[epp] service.racing.fanduel.com:700
[epp] service.racing-staging.fanduel.com:700
[ff-annunc] racing.fanduel.com:1089
[ff-annunc] racing-staging.fanduel.com:1089
[ff-annunc] rgs.ct.casino.fanduel.com:1089
[ff-annunc] rgs.mi.casino.fanduel.com:1089
[ff-annunc] rgs.wv.casino.fanduel.com:1089
[ff-annunc] service.racing.fanduel.com:1089
[ff-annunc] service.racing-staging.fanduel.com:1089
[http] 9-polishlove1.autoconfig.assets.fanduel.com:80
[http] ablink.ma.cas.fanduel.com:80
[http] ablink.ma.sb.fanduel.com:80
[http] ablink.racing.fanduel.com:80
[http] account.arcade.fanduel.com:80
[http] account.co.casino.fanduel.com:80
[http] account.mi.casino.fanduel.com:80
[http] account.nj.casino.fanduel.com:80
[http] account.pa.casino.fanduel.com:80
[http] account.wv.casino.fanduel.com:80
[http] api.fanduel.com:80
[http] audio-ssl.assets.fanduel.com:80
[http] autodiscover.fanduel.com:80
[http] backup.assets.fanduel.com:80
[http] boxscore.fanduel.com:80
[http] branding-imgs.fanduel.com:80
[http] c3luyy5hzgfwdhyuywr2zxj0axnpbmcuy29t.viruscomixg00.sportsbook-www.assets.fanduel.com:80
[http] canada.casino.fanduel.com:80
[http] casino.fanduel.com:80
[http] cbbbracket.fanduel.com:80
[http] cdn2.assets.fanduel.com:80
[http] cms.assets.fanduel.com:80
[http] cms-marketing-dev.fanduel.com:80
[http] companion.fanduel.com:80
[http] connect.fanduel.com:80
[http] downloads.fanduel.com:80
[http] draft.fanduel.com:80
[http] fanduel.com:80
[http] gorkdvancementmyaccount-cdn.assets.fanduel.com:80
[http] graphql.fanduel.com:80
[http] isitup.fanduel.com:80
[http] iwa-assets-dev.fanduel.com:80
[http] iwa-assets.fanduel.com:80
[http] jmtrk.fanduel.com:80
[http] links.ab.fanduel.com:80
[http] live.fanduel.com:80
[http] lobbymonitor.fanduel.com:80
[http] mails.ab.fanduel.com:80
[http] making.fanduel.com:80
[http] media.assets.fanduel.com:80
[http] mi.fanduel.com:80
[http] modules.assets.fanduel.com:80
[http] mtrk.fanduel.com:80
[http] neuro1yaccount-cdn.assets.fanduel.com:80
[http] newsz3est18-sportsbookcdn.assets.fanduel.com:80
[http] playfree.fanduel.com:80
[http] promos.fantasy.www.fanduel.com:80
[http] promotions.fanduel.com:80
[http-proxy] racing.fanduel.com:8080
[http-proxy] racing-staging.fanduel.com:8080
[http-proxy] rgs.ct.casino.fanduel.com:8080
[http-proxy] rgs.mi.casino.fanduel.com:8080
[http-proxy] rgs.wv.casino.fanduel.com:8080
[http-proxy] service.racing.fanduel.com:8080
[http-proxy] service.racing-staging.fanduel.com:8080
[http-proxy] tm.fanduel.com:8080
[http] racing.fanduel.com:80
[http] racing-qa.fanduel.com:80
[http] racing-staging.fanduel.com:80
[http] rgs.ct.casino.fanduel.com:80
[http] rgsinternal.ct.casino.fanduel.com:80
[http] rgsinternal.mi.casino.fanduel.com:80
[http] rgsinternal.nj.casino.fanduel.com:80
[http] rgsinternal.pa.casino.fanduel.com:80
[http] rgsinternal.wv.casino.fanduel.com:80
[http] rgs.mi.casino.fanduel.com:80
[http] rgs.pa.casino.fanduel.com:80
[http] rgs.wv.casino.fanduel.com:80
[http] rokit.assets.fanduel.com:80
[https] 9-polishlove1.autoconfig.assets.fanduel.com:443
[https] ablink.ma.cas.fanduel.com:443
[https] ablink.ma.sb.fanduel.com:443
[https] ablink.racing.fanduel.com:443
[https] account.arcade.fanduel.com:443
[https] account.co.casino.fanduel.com:443
[https] account.mi.casino.fanduel.com:443
[https] account.nj.casino.fanduel.com:443
[https] account.pa.casino.fanduel.com:443
[https] account.wv.casino.fanduel.com:443
[https] api.fanduel.com:443
[http] s.assets.fanduel.com:80
[https] audio-ssl.assets.fanduel.com:443
[https] backup.assets.fanduel.com:443
[http] sb.fanduel.com:80
[https] boxscore.fanduel.com:443
[https] branding-imgs.fanduel.com:443
[https] c3luyy5hzgfwdhyuywr2zxj0axnpbmcuy29t.viruscomixg00.sportsbook-www.assets.fanduel.com:443
[https] canada.casino.fanduel.com:443
[https] casino.fanduel.com:443
[https] cbbbracket.fanduel.com:443
[https] cdn2.assets.fanduel.com:443
[https] cms.assets.fanduel.com:443
[https] cms-marketing-dev.fanduel.com:443
[https] companion.fanduel.com:443
[https] connect.fanduel.com:443
[https] downloads.fanduel.com:443
[https] draft.fanduel.com:443
[http] sel.fanduel.com:80
[http] service.racing.fanduel.com:80
[http] service.racing-qa.fanduel.com:80
[http] service.racing-staging.fanduel.com:80
[https] fanduel.com:443
[https] gorkdvancementmyaccount-cdn.assets.fanduel.com:443
[https] graphql.fanduel.com:443
[https] isitup.fanduel.com:443
[http] sitedown.fanduel.com:80
[https] iwa-assets-dev.fanduel.com:443
[https] iwa-assets.fanduel.com:443
[https] jmtrk.fanduel.com:443
[https] links.ab.fanduel.com:443
[https] live.fanduel.com:443
[https] lobbymonitor.fanduel.com:443
[https] mails.ab.fanduel.com:443
[https] making.fanduel.com:443
[https] media.assets.fanduel.com:443
[https] mi.fanduel.com:443
[https] modules.assets.fanduel.com:443
[https] mtrk.fanduel.com:443
[https] neuro1yaccount-cdn.assets.fanduel.com:443
[https] newsz3est18-sportsbookcdn.assets.fanduel.com:443
[https] playfree.fanduel.com:443
[http] sportsboocdn.assets.fanduel.com:80
[http] sportsbookstaging-viruscomix.assets.fanduel.com:80
[http] sportsbookstaging.viruscomix.assets.fanduel.com:80
[http] sportsbookwwwviruscomix.assets.fanduel.com:80
[http] sportsboostaging.assets.fanduel.com:80
[http] sportsboowww.assets.fanduel.com:80
[https] promos.fantasy.www.fanduel.com:443
[https] promotions.fanduel.com:443
[https] racing.fanduel.com:443
[https] racing-qa.fanduel.com:443
[https] racing-staging.fanduel.com:443
[https] rgs.ct.casino.fanduel.com:443
[https] rgsinternal.ct.casino.fanduel.com:443
[https] rgsinternal.mi.casino.fanduel.com:443
[https] rgsinternal.nj.casino.fanduel.com:443
[https] rgsinternal.pa.casino.fanduel.com:443
[https] rgsinternal.wv.casino.fanduel.com:443
[https] rgs.mi.casino.fanduel.com:443
[https] rgs.pa.casino.fanduel.com:443
[https] rgs.wv.casino.fanduel.com:443
[https] rokit.assets.fanduel.com:443
[https] s.assets.fanduel.com:443
[https] sb.fanduel.com:443
[https] sel.fanduel.com:443
[https] service.racing.fanduel.com:443
[https] service.racing-qa.fanduel.com:443
[https] service.racing-staging.fanduel.com:443
[https] sportsboocdn.assets.fanduel.com:443
[https] sportsbookstaging-viruscomix.assets.fanduel.com:443
[https] sportsbookstaging.viruscomix.assets.fanduel.com:443
[https] sportsbookwwwviruscomix.assets.fanduel.com:443
[https] sportsboostaging.assets.fanduel.com:443
[https] sportsboowww.assets.fanduel.com:443
[https] starthere.fanduel.com:443
[https] status.fanduel.com:443
[https] status-test.fanduel.com:443
[http] starthere.fanduel.com:80
[http] status.fanduel.com:80
[http] status-test.fanduel.com:80
[https] tm.fanduel.com:443
[https] viruscomixsportsbookwww.assets.fanduel.com:443
[https] viruscomixstaging.assets.fanduel.com:443
[https] viruscomixswww.assets.fanduel.com:443
[https] webhooks.fanduel.com:443
[https] webmail.assets.fanduel.com:443
[https] websockets.fanduel.com:443
[https] www.fanduel.com:443
[https] ya-aliweb5811-staging.assets.fanduel.com:443
[http] tm.fanduel.com:80
[http] viruscomixsportsbookwww.assets.fanduel.com:80
[http] viruscomixstaging.assets.fanduel.com:80
[http] viruscomixswww.assets.fanduel.com:80
[http] webmail.assets.fanduel.com:80
[http] www.fanduel.com:80
[http] ya-aliweb5811-staging.assets.fanduel.com:80
[ies-lm] racing.fanduel.com:1443
[ies-lm] racing-staging.fanduel.com:1443
[ies-lm] rgs.ct.casino.fanduel.com:1443
[ies-lm] rgs.mi.casino.fanduel.com:1443
[ies-lm] rgs.wv.casino.fanduel.com:1443
[ies-lm] service.racing.fanduel.com:1443
[ies-lm] service.racing-staging.fanduel.com:1443
[imap] racing.fanduel.com:143
[imap] racing-staging.fanduel.com:143
[imap] rgs.ct.casino.fanduel.com:143
[imap] rgs.mi.casino.fanduel.com:143
[imap] rgs.wv.casino.fanduel.com:143
[imap] service.racing.fanduel.com:143
[imap] service.racing-staging.fanduel.com:143
[imaps] racing.fanduel.com:993
[imaps] racing-staging.fanduel.com:993
[imaps] rgs.ct.casino.fanduel.com:993
[imaps] rgs.mi.casino.fanduel.com:993
[imaps] rgs.wv.casino.fanduel.com:993
[imaps] service.racing.fanduel.com:993
[imaps] service.racing-staging.fanduel.com:993
[isakmp] jmtrk.fanduel.com:500
[jetdirect] racing.fanduel.com:9100
[jetdirect] racing-staging.fanduel.com:9100
[jetdirect] rgs.ct.casino.fanduel.com:9100
[jetdirect] rgs.mi.casino.fanduel.com:9100
[jetdirect] rgs.wv.casino.fanduel.com:9100
[jetdirect] service.racing.fanduel.com:9100
[jetdirect] service.racing-staging.fanduel.com:9100
[memcache] rgs.ct.casino.fanduel.com:11211
[memcache] rgs.wv.casino.fanduel.com:11211
[mit-ml-dev] racing.fanduel.com:83
[mit-ml-dev] racing.fanduel.com:85
[mit-ml-dev] racing-staging.fanduel.com:83
[mit-ml-dev] racing-staging.fanduel.com:85
[mit-ml-dev] rgs.ct.casino.fanduel.com:83
[mit-ml-dev] rgs.ct.casino.fanduel.com:85
[mit-ml-dev] rgs.mi.casino.fanduel.com:83
[mit-ml-dev] rgs.mi.casino.fanduel.com:85
[mit-ml-dev] rgs.wv.casino.fanduel.com:83
[mit-ml-dev] rgs.wv.casino.fanduel.com:85
[mit-ml-dev] service.racing.fanduel.com:83
[mit-ml-dev] service.racing.fanduel.com:85
[mit-ml-dev] service.racing-staging.fanduel.com:83
[mit-ml-dev] service.racing-staging.fanduel.com:85
[mqtt] rgs.ct.casino.fanduel.com:1883
[mqtt] rgs.wv.casino.fanduel.com:1883
[ms-v-worlds] mtrk.fanduel.com:2525
[ms-wbt-server] racing.fanduel.com:3389
[ms-wbt-server] racing-staging.fanduel.com:3389
[ms-wbt-server] rgs.ct.casino.fanduel.com:3389
[ms-wbt-server] rgs.mi.casino.fanduel.com:3389
[ms-wbt-server] rgs.wv.casino.fanduel.com:3389
[ms-wbt-server] service.racing.fanduel.com:3389
[ms-wbt-server] service.racing-staging.fanduel.com:3389
[ncd-conf] racing.fanduel.com:5999
[ncd-conf] racing-staging.fanduel.com:5999
[ncd-conf] rgs.ct.casino.fanduel.com:5999
[ncd-conf] rgs.mi.casino.fanduel.com:5999
[ncd-conf] rgs.wv.casino.fanduel.com:5999
[ncd-conf] service.racing.fanduel.com:5999
[ncd-conf] service.racing-staging.fanduel.com:5999
[ndmps] racing.fanduel.com:30000
[ndmps] racing-staging.fanduel.com:30000
[ndmps] rgs.ct.casino.fanduel.com:30000
[ndmps] rgs.mi.casino.fanduel.com:30000
[ndmps] rgs.wv.casino.fanduel.com:30000
[ndmps] service.racing.fanduel.com:30000
[ndmps] service.racing-staging.fanduel.com:30000
[opsmessaging] racing.fanduel.com:8090
[opsmessaging] racing-staging.fanduel.com:8090
[opsmessaging] rgs.ct.casino.fanduel.com:8090
[opsmessaging] rgs.mi.casino.fanduel.com:8090
[opsmessaging] rgs.wv.casino.fanduel.com:8090
[opsmessaging] service.racing.fanduel.com:8090
[opsmessaging] service.racing-staging.fanduel.com:8090
[pop3] racing.fanduel.com:110
[pop3] racing-staging.fanduel.com:110
[pop3] rgs.ct.casino.fanduel.com:110
[pop3] rgs.mi.casino.fanduel.com:110
[pop3] rgs.wv.casino.fanduel.com:110
[pop3] service.racing.fanduel.com:110
[pop3] service.racing-staging.fanduel.com:110
[pop3s] racing.fanduel.com:995
[pop3s] racing-staging.fanduel.com:995
[pop3s] rgs.ct.casino.fanduel.com:995
[pop3s] rgs.mi.casino.fanduel.com:995
[pop3s] rgs.wv.casino.fanduel.com:995
[pop3s] service.racing.fanduel.com:995
[pop3s] service.racing-staging.fanduel.com:995
[postgresql] racing.fanduel.com:5432
[postgresql] racing-staging.fanduel.com:5432
[postgresql] rgs.ct.casino.fanduel.com:5432
[postgresql] rgs.mi.casino.fanduel.com:5432
[postgresql] rgs.wv.casino.fanduel.com:5432
[postgresql] service.racing.fanduel.com:5432
[postgresql] service.racing-staging.fanduel.com:5432
[radan-http] racing.fanduel.com:8088
[radan-http] racing-staging.fanduel.com:8088
[radan-http] rgs.ct.casino.fanduel.com:8088
[radan-http] rgs.mi.casino.fanduel.com:8088
[radan-http] rgs.wv.casino.fanduel.com:8088
[radan-http] service.racing.fanduel.com:8088
[radan-http] service.racing-staging.fanduel.com:8088
[redis] rgs.ct.casino.fanduel.com:6379
[redis] rgs.wv.casino.fanduel.com:6379
[rtmp] racing.fanduel.com:1935
[rtmp] racing-staging.fanduel.com:1935
[rtmp] rgs.ct.casino.fanduel.com:1935
[rtmp] rgs.mi.casino.fanduel.com:1935
[rtmp] rgs.wv.casino.fanduel.com:1935
[rtmp] service.racing.fanduel.com:1935
[rtmp] service.racing-staging.fanduel.com:1935
[smtp] mtrk.fanduel.com:25
[smtp] racing.fanduel.com:25
[smtp] racing-staging.fanduel.com:25
[smtp] rgs.ct.casino.fanduel.com:25
[smtp] rgs.mi.casino.fanduel.com:25
[smtp] rgs.wv.casino.fanduel.com:25
[smtp] service.racing.fanduel.com:25
[smtp] service.racing-staging.fanduel.com:25
[smtps] mtrk.fanduel.com:465
[smtps] racing.fanduel.com:465
[smtps] racing-staging.fanduel.com:465
[smtps] rgs.ct.casino.fanduel.com:465
[smtps] rgs.mi.casino.fanduel.com:465
[smtps] rgs.wv.casino.fanduel.com:465
[smtps] service.racing.fanduel.com:465
[smtps] service.racing-staging.fanduel.com:465
[ssh] cms-marketing-dev.fanduel.com:22
[ssh] jmtrk.fanduel.com:22
[submission] mtrk.fanduel.com:587
[submission] racing.fanduel.com:587
[submission] racing-staging.fanduel.com:587
[submission] rgs.ct.casino.fanduel.com:587
[submission] rgs.mi.casino.fanduel.com:587
[submission] rgs.wv.casino.fanduel.com:587
[submission] service.racing.fanduel.com:587
[submission] service.racing-staging.fanduel.com:587
[su-mit-tg] racing.fanduel.com:89
[su-mit-tg] racing-staging.fanduel.com:89
[su-mit-tg] rgs.ct.casino.fanduel.com:89
[su-mit-tg] rgs.mi.casino.fanduel.com:89
[su-mit-tg] rgs.wv.casino.fanduel.com:89
[su-mit-tg] service.racing.fanduel.com:89
[su-mit-tg] service.racing-staging.fanduel.com:89
[unknown] racing.fanduel.com:8085
[unknown] racing.fanduel.com:8089
[unknown] racing.fanduel.com:8099
[unknown] racing-staging.fanduel.com:8085
[unknown] racing-staging.fanduel.com:8089
[unknown] racing-staging.fanduel.com:8099
[unknown] rgs.ct.casino.fanduel.com:8085
[unknown] rgs.ct.casino.fanduel.com:8089
[unknown] rgs.ct.casino.fanduel.com:8099
[unknown] rgs.mi.casino.fanduel.com:8085
[unknown] rgs.mi.casino.fanduel.com:8089
[unknown] rgs.mi.casino.fanduel.com:8099
[unknown] rgs.wv.casino.fanduel.com:8085
[unknown] rgs.wv.casino.fanduel.com:8089
[unknown] rgs.wv.casino.fanduel.com:8099
[unknown] service.racing.fanduel.com:8085
[unknown] service.racing.fanduel.com:8089
[unknown] service.racing.fanduel.com:8099
[unknown] service.racing-staging.fanduel.com:8085
[unknown] service.racing-staging.fanduel.com:8089
[unknown] service.racing-staging.fanduel.com:8099
[vnc-1] racing.fanduel.com:5901
[vnc-1] racing-staging.fanduel.com:5901
[vnc-1] rgs.ct.casino.fanduel.com:5901
[vnc-1] rgs.mi.casino.fanduel.com:5901
[vnc-1] rgs.wv.casino.fanduel.com:5901
[vnc-1] service.racing.fanduel.com:5901
[vnc-1] service.racing-staging.fanduel.com:5901
[vnc] racing.fanduel.com:5900
[vnc] racing-staging.fanduel.com:5900
[vnc] rgs.ct.casino.fanduel.com:5900
[vnc] rgs.mi.casino.fanduel.com:5900
[vnc] rgs.wv.casino.fanduel.com:5900
[vnc] service.racing.fanduel.com:5900
[vnc] service.racing-staging.fanduel.com:5900
[wap-wsp] racing.fanduel.com:9200
[wap-wsp] racing-staging.fanduel.com:9200
[wap-wsp] rgs.ct.casino.fanduel.com:9200
[wap-wsp] rgs.mi.casino.fanduel.com:9200
[wap-wsp] rgs.wv.casino.fanduel.com:9200
[wap-wsp] service.racing.fanduel.com:9200
[wap-wsp] service.racing-staging.fanduel.com:9200
[webobjects] racing.fanduel.com:1085
[webobjects] racing-staging.fanduel.com:1085
[webobjects] rgs.ct.casino.fanduel.com:1085
[webobjects] rgs.mi.casino.fanduel.com:1085
[webobjects] rgs.wv.casino.fanduel.com:1085
[webobjects] service.racing.fanduel.com:1085
[webobjects] service.racing-staging.fanduel.com:1085
[whois] racing.fanduel.com:43
[whois] racing-staging.fanduel.com:43
[whois] rgs.ct.casino.fanduel.com:43
[whois] rgs.mi.casino.fanduel.com:43
[whois] rgs.wv.casino.fanduel.com:43
[whois] service.racing.fanduel.com:43
[whois] service.racing-staging.fanduel.com:43
[XmlIpcRegSvc] rgs.wv.casino.fanduel.com:9092
[xmpp-client] racing.fanduel.com:5222
[xmpp-client] racing-staging.fanduel.com:5222
[xmpp-client] rgs.ct.casino.fanduel.com:5222
[xmpp-client] rgs.mi.casino.fanduel.com:5222
[xmpp-client] rgs.wv.casino.fanduel.com:5222
[xmpp-client] service.racing.fanduel.com:5222
[xmpp-client] service.racing-staging.fanduel.com:5222
