[http] account.flickr.com:80
[http] apiv2.flickr.com:80
[http] appletv-production.flickr.com:80
[http] appletv-real.flickr.com:80
[http] ats-rw.www.flickr.com:80
[http] auto-up.flickr.com:80
[http] auto-up-resume.flickr.com:80
[http] bf1-www.flickr.com:80
[http] bots.flickr.com:80
[http] bup.flickr.com:80
[http] bup-resume.flickr.com:80
[http] dagobah.flickr.com:80
[http] downloadr.flickr.com:80
[http] downloads.flickr.com:80
[http] embedr.flickr.com:80
[http] embedr-production.flickr.com:80
[http] extbeta1.flickr.com:80
[http] farm1.static.flickr.com:80
[http] farm2.static.flickr.com:80
[http] farm3.static.flickr.com:80
[http] farm4.static.flickr.com:80
[http] farm5.static.flickr.com:80
[http] farm66.static.flickr.com:80
[http] farm6.static.flickr.com:80
[http] farm7.static.flickr.com:80
[http] farm8.static.flickr.com:80
[http] farm9.static.flickr.com:80
[http] flickr.com:80
[http] flimg.flickr.com:80
[http] flipv6.flickr.com:80
[http] gq1-www.flickr.com:80
[http] groups.flickr.com:80
[http] heartbeat.flickr.com:80
[http] hero.flickr.com:80
[http] identity-api.flickr.com:80
[http] identity.flickr.com:80
[http] identity-production.flickr.com:80
[http] jubilee-live.flickr.com:80
[http] lightup.flickr.com:80
[http] links1.flickr.com:80
[http] live-cf.flickr.com:80
[http] live-embedr.flickr.com:80
[http] live-fts.flickr.com:80
[http] live-haproxy.flickr.com:80
[http] live-jubilee.flickr.com:80
[http] m.flickr.com:80
[http] pc-relay.flickr.com:80
[http] pc-relay-gq1.flickr.com:80
[http] real-embedr.flickr.com:80
[http] real-www.flickr.com:80
[http] real.www.flickr.com:80
[http] rw-api.flickr.com:80
[http] rw.api.flickr.com:80
[http] rw-www.flickr.com:80
[http] rw.www.flickr.com:80
[https] account.flickr.com:443
[https] apiv2.flickr.com:443
[https] appletv-production.flickr.com:443
[https] appletv-real.flickr.com:443
[https] ats-rw.www.flickr.com:443
[https] auto-up.flickr.com:443
[https] auto-up-resume.flickr.com:443
[https] bf1-www.flickr.com:443
[https] bots.flickr.com:443
[https] bup.flickr.com:443
[https] bup-resume.flickr.com:443
[https] dagobah.flickr.com:443
[https] downloadr.flickr.com:443
[https] downloads.flickr.com:443
[http] secure.flickr.com:80
[https] embedr.flickr.com:443
[https] embedr-production.flickr.com:443
[https] extbeta1.flickr.com:443
[https] farm1.static.flickr.com:443
[https] farm2.static.flickr.com:443
[https] farm3.static.flickr.com:443
[https] farm4.static.flickr.com:443
[https] farm5.static.flickr.com:443
[https] farm66.static.flickr.com:443
[https] farm6.static.flickr.com:443
[https] farm7.static.flickr.com:443
[https] farm8.static.flickr.com:443
[https] farm9.static.flickr.com:443
[https] flickr.com:443
[https] flimg.flickr.com:443
[https] flipv6.flickr.com:443
[https] gq1-www.flickr.com:443
[https] groups.flickr.com:443
[https] heartbeat.flickr.com:443
[https] hero.flickr.com:443
[https] identity-api.flickr.com:443
[https] identity.flickr.com:443
[https] identity-production.flickr.com:443
[https] jubilee-live.flickr.com:443
[https] lightup.flickr.com:443
[https] links1.flickr.com:443
[https] live-cf.flickr.com:443
[https] live-embedr.flickr.com:443
[https] live-fts.flickr.com:443
[https] live-haproxy.flickr.com:443
[https] live-jubilee.flickr.com:443
[https] m.flickr.com:443
[https] pc-relay.flickr.com:443
[https] pc-relay-gq1.flickr.com:443
[https] real-embedr.flickr.com:443
[https] real-www.flickr.com:443
[https] real.www.flickr.com:443
[https] rw-api.flickr.com:443
[https] rw.api.flickr.com:443
[https] rw-www.flickr.com:443
[https] rw.www.flickr.com:443
[https] secure.flickr.com:443
[https] static.flickr.com:443
[http] static.flickr.com:80
[https] test-flickr.flickr.com:443
[https] test-jubilee.flickr.com:443
[https] t.flickr.com:443
[https] uh.flickr.com:443
[https] uh-qa.flickr.com:443
[https] up.flickr.com:443
[https] uploadr.flickr.com:443
[https] up-resume.flickr.com:443
[https] widgets.flickr.com:443
[https] www.flickr.com:443
[https] ycpi-api.flickr.com:443
[http] test-flickr.flickr.com:80
[http] test-jubilee.flickr.com:80
[http] t.flickr.com:80
[http] uh.flickr.com:80
[http] uh-qa.flickr.com:80
[http] up.flickr.com:80
[http] uploadr.flickr.com:80
[http] up-resume.flickr.com:80
[http] widgets.flickr.com:80
[http] www.flickr.com:80
[http] ycpi-api.flickr.com:80
