[cddbp-alt] api.foundation.app:8880
[cddbp-alt] api-goerli.foundation.app:8880
[cddbp-alt] api-sokol.foundation.app:8880
[cddbp-alt] api-v2.foundation.app:8880
[cddbp-alt] api-v2-qa.foundation.app:8880
[cddbp-alt] api-v2-staging.foundation.app:8880
[cddbp-alt] api-xdai.foundation.app:8880
[cddbp-alt] auth.foundation.app:8880
[cddbp-alt] canary.foundation.app:8880
[cddbp-alt] careers.foundation.app:8880
[cddbp-alt] demo.foundation.app:8880
[cddbp-alt] docs.foundation.app:8880
[cddbp-alt] ethstaging.foundation.app:8880
[cddbp-alt] feedback.foundation.app:8880
[cddbp-alt] foundation.app:8880
[cddbp-alt] goerli.foundation.app:8880
[cddbp-alt] hasura.foundation.app:8880
[cddbp-alt] help.foundation.app:8880
[cddbp-alt] ipfs.foundation.app:8880
[cddbp-alt] qa.foundation.app:8880
[cddbp-alt] staging.foundation.app:8880
[cddbp-alt] status.foundation.app:8880
[cddbp-alt] subgraph.foundation.app:8880
[clearvisn] goerli.foundation.app:2052
[clearvisn] qa.foundation.app:2052
[eli] api.foundation.app:2087
[eli] api-goerli.foundation.app:2087
[eli] api-sokol.foundation.app:2087
[eli] api-v2.foundation.app:2087
[eli] api-v2-qa.foundation.app:2087
[eli] api-v2-staging.foundation.app:2087
[eli] auth.foundation.app:2087
[eli] careers.foundation.app:2087
[eli] docs.foundation.app:2087
[eli] ethstaging.foundation.app:2087
[eli] feedback.foundation.app:2087
[eli] foundation.app:2087
[eli] hasura2.foundation.app:2087
[eli] hasura.foundation.app:2087
[eli] help.foundation.app:2087
[eli] os.foundation.app:2087
[eli] staging.foundation.app:2087
[eli] status.foundation.app:2087
[eli] subgraph.foundation.app:2087
[eli] www.foundation.app:2087
[gnunet] api.foundation.app:2086
[gnunet] api-goerli.foundation.app:2086
[gnunet] api-sokol.foundation.app:2086
[gnunet] api-v2.foundation.app:2086
[gnunet] api-v2-qa.foundation.app:2086
[gnunet] api-v2-staging.foundation.app:2086
[gnunet] api-xdai.foundation.app:2086
[gnunet] auth.foundation.app:2086
[gnunet] canary.foundation.app:2086
[gnunet] careers.foundation.app:2086
[gnunet] demo.foundation.app:2086
[gnunet] docs.foundation.app:2086
[gnunet] ethstaging.foundation.app:2086
[gnunet] feedback.foundation.app:2086
[gnunet] foundation.app:2086
[gnunet] goerli.foundation.app:2086
[gnunet] hasura2.foundation.app:2086
[gnunet] hasura.foundation.app:2086
[gnunet] help.foundation.app:2086
[gnunet] ipfs.foundation.app:2086
[gnunet] os.foundation.app:2086
[gnunet] qa.foundation.app:2086
[gnunet] staging.foundation.app:2086
[gnunet] status.foundation.app:2086
[gnunet] subgraph.foundation.app:2086
[gnunet] www.foundation.app:2086
[http] api.foundation.app:80
[http] api-goerli.foundation.app:80
[http] api-sokol.foundation.app:80
[http] api-v2.foundation.app:80
[http] api-v2-qa.foundation.app:80
[http] api-v2-staging.foundation.app:80
[http] api-xdai.foundation.app:80
[http] assets.foundation.app:80
[http] auth.foundation.app:80
[http] canary.foundation.app:80
[http] careers.foundation.app:80
[http] demo.foundation.app:80
[http] docs.foundation.app:80
[http] ethstaging.foundation.app:80
[http] feedback.foundation.app:80
[http] foundation.app:80
[http] goerli.foundation.app:80
[http] hasura2.foundation.app:80
[http] hasura.foundation.app:80
[http] help.foundation.app:80
[http] ipfs.foundation.app:80
[http] os.foundation.app:80
[http-proxy] foundation.app:8080
[http-proxy] goerli.foundation.app:8080
[http-proxy] qa.foundation.app:8080
[http] qa.foundation.app:80
[https-alt] api.foundation.app:8443
[https-alt] api-goerli.foundation.app:8443
[https-alt] api-sokol.foundation.app:8443
[https-alt] api-v2-qa.foundation.app:8443
[https-alt] api-v2-staging.foundation.app:8443
[https-alt] api-xdai.foundation.app:8443
[https-alt] auth.foundation.app:8443
[https-alt] canary.foundation.app:8443
[https-alt] careers.foundation.app:8443
[https-alt] demo.foundation.app:8443
[https-alt] docs.foundation.app:8443
[https-alt] ethstaging.foundation.app:8443
[https-alt] feedback.foundation.app:8443
[https-alt] goerli.foundation.app:8443
[https-alt] hasura2.foundation.app:8443
[https-alt] hasura.foundation.app:8443
[https-alt] help.foundation.app:8443
[https-alt] ipfs.foundation.app:8443
[https-alt] os.foundation.app:8443
[https-alt] qa.foundation.app:8443
[https-alt] staging.foundation.app:8443
[https-alt] status.foundation.app:8443
[https-alt] subgraph.foundation.app:8443
[https-alt] www.foundation.app:8443
[https] foundation.app:443
[https] goerli.foundation.app:443
[https] qa.foundation.app:443
[https] staging.foundation.app:443
[http] staging.foundation.app:80
[http] status.foundation.app:80
[http] subgraph.foundation.app:80
[https] url7380.foundation.app:443
[http] url7380.foundation.app:80
[http] www.foundation.app:80
[infowave] foundation.app:2082
[infowave] goerli.foundation.app:2082
[infowave] qa.foundation.app:2082
[infowave] staging.foundation.app:2082
[knetd] docs.foundation.app:2053
[knetd] hasura2.foundation.app:2053
[knetd] help.foundation.app:2053
[knetd] os.foundation.app:2053
[knetd] www.foundation.app:2053
[nbx-dir] api-v2-qa.foundation.app:2096
[nbx-dir] api-v2-staging.foundation.app:2096
[nbx-dir] api-xdai.foundation.app:2096
[nbx-dir] auth.foundation.app:2096
[nbx-dir] canary.foundation.app:2096
[nbx-dir] careers.foundation.app:2096
[nbx-dir] demo.foundation.app:2096
[nbx-dir] ethstaging.foundation.app:2096
[nbx-dir] feedback.foundation.app:2096
[nbx-dir] goerli.foundation.app:2096
[nbx-dir] help.foundation.app:2096
[nbx-dir] qa.foundation.app:2096
[nbx-dir] subgraph.foundation.app:2096
[radsec] api.foundation.app:2083
[radsec] api-goerli.foundation.app:2083
[radsec] api-sokol.foundation.app:2083
[radsec] api-v2-qa.foundation.app:2083
[radsec] api-v2-staging.foundation.app:2083
[radsec] api-xdai.foundation.app:2083
[radsec] auth.foundation.app:2083
[radsec] canary.foundation.app:2083
[radsec] careers.foundation.app:2083
[radsec] demo.foundation.app:2083
[radsec] docs.foundation.app:2083
[radsec] ethstaging.foundation.app:2083
[radsec] feedback.foundation.app:2083
[radsec] goerli.foundation.app:2083
[radsec] hasura.foundation.app:2083
[radsec] help.foundation.app:2083
[radsec] ipfs.foundation.app:2083
[radsec] qa.foundation.app:2083
[radsec] staging.foundation.app:2083
[radsec] status.foundation.app:2083
[radsec] subgraph.foundation.app:2083
