[cddbp-alt] ftx.us:8880
[clearvisn] help.ftx.us:2052
[eli] ftx.us:2087
[gnunet] ftx.us:2086
[gnunet] help.ftx.us:2086
[http] about.ftx.us:80
[http] auth.ftx.us:80
[http] beta.ftx.us:80
[http] card.ftx.us:80
[http] derivs.ftx.us:80
[http] docs.ftx.us:80
[http] ftx.us:80
[http] help.ftx.us:80
[http] otcapi.ftx.us:80
[http] otc.ftx.us:80
[https-alt] ftx.us:8443
[https] card.ftx.us:443
[https] derivs.ftx.us:443
[https] ftx.us:443
[https] status.ftx.us:443
[http] status.ftx.us:80
[http] sweepstakes.ftx.us:80
[http] url4687.ftx.us:80
[http] www.ftx.us:80
[http] youin.ftx.us:80
[infowave] ftx.us:2082
[nbx-dir] help.ftx.us:2096
[radsec] ftx.us:2083
