[ftp] keuzehulp.gamma.be:21
[http] cdn.email.gamma.be:80
[http] chatapp.gamma.be:80
[http] data.email.gamma.be:80
[http] feedback.gamma.be:80
[http] gamma.be:80
[http] kassa2.acceptatie.gamma.be:80
[http] kassa2.gamma.be:80
[http] kassa.acceptatie.gamma.be:80
[http] kassa.gamma.be:80
[http] keuzehulp.gamma.be:80
[http] leadgen.gamma.be:80
[http] mijn2.acceptatie.gamma.be:80
[http] mijn2.gamma.be:80
[http] mijn.acceptatie.gamma.be:80
[http] mijn.gamma.be:80
[http] origin.myaccount.prd.gamma.be:80
[https] cdn.email.gamma.be:443
[https] chatapp.gamma.be:443
[https] data.email.gamma.be:443
[https] feedback.gamma.be:443
[https] gamma.be:443
[https] kassa2.acceptatie.gamma.be:443
[https] kassa2.gamma.be:443
[https] kassa.acceptatie.gamma.be:443
[https] kassa.gamma.be:443
[https] keuzehulp.gamma.be:443
[https] leadgen.gamma.be:443
[https] mijn2.acceptatie.gamma.be:443
[https] mijn2.gamma.be:443
[https] mijn.acceptatie.gamma.be:443
[https] mijn.gamma.be:443
[https] origin.myaccount.prd.gamma.be:443
[http] sorry.gamma.be:80
[https] sorry.gamma.be:443
[https] static-acceptatie.gamma.be:443
[http] static-acceptatie.gamma.be:80
