[EtherNetIP-1] ftp.genesiscapital.com:2222
[EtherNetIP-1] www.genesiscapital.com:2222
[http] apps.genesiscapital.com:80
[http] autodiscover.genesiscapital.com:80
[http] enterpriseenrollment.genesiscapital.com:80
[http] enterpriseregistration.genesiscapital.com:80
[http] ftp.genesiscapital.com:80
[http] lyncdiscover.genesiscapital.com:80
[http] marketing.genesiscapital.com:80
[http] msoid.genesiscapital.com:80
[http] office.genesiscapital.com:80
[https] apps.genesiscapital.com:443
[https] enterpriseenrollment.genesiscapital.com:443
[https] enterpriseregistration.genesiscapital.com:443
[https] ftp.genesiscapital.com:443
[https] lyncdiscover.genesiscapital.com:443
[https] marketing.genesiscapital.com:443
[https] msoid.genesiscapital.com:443
[https] office.genesiscapital.com:443
[https] sip.genesiscapital.com:443
[http] sslvpn2.genesiscapital.com:80
[http] sslvpn.genesiscapital.com:80
[https] sslvpn2.genesiscapital.com:443
[https] sslvpn3.genesiscapital.com:443
[https] sslvpn4.genesiscapital.com:443
[https] sslvpn.genesiscapital.com:443
[https] www.genesiscapital.com:443
[http] www.genesiscapital.com:80
[sip-tls] sip.genesiscapital.com:5061
