[amqp] aws-test.getbouncer.com:5672
[] aws-test.getbouncer.com:8863
[cddbp-alt] docs.getbouncer.com:8880
[dn6-nlm-aud] aws-test.getbouncer.com:195
[dnp] aws-test.getbouncer.com:20000
[d-s-n] aws-test.getbouncer.com:8086
[eli] docs.getbouncer.com:2087
[gnunet] docs.getbouncer.com:2086
[http] api-back.getbouncer.com:80
[http] api.getbouncer.com:80
[http] api-staging.getbouncer.com:80
[http] aws-test.getbouncer.com:80
[http] calendar.getbouncer.com:80
[http] docs.getbouncer.com:80
[http] downloads.getbouncer.com:80
[http] drive.getbouncer.com:80
[http] getbouncer.com:80
[http] groups.getbouncer.com:80
[http] images.getbouncer.com:80
[http] karma.getbouncer.com:80
[http] lookout.getbouncer.com:80
[http] mail.getbouncer.com:80
[http] plus.getbouncer.com:80
[http-proxy] docs.getbouncer.com:8080
[https-alt] docs.getbouncer.com:8443
[http] sandbox.api.getbouncer.com:80
[https] api-back.getbouncer.com:443
[https] api.getbouncer.com:443
[https] api-staging.getbouncer.com:443
[https] aws-test.getbouncer.com:443
[https] calendar.getbouncer.com:443
[http] scan-lab.getbouncer.com:80
[https] docs.getbouncer.com:443
[https] downloads.getbouncer.com:443
[https] drive.getbouncer.com:443
[https] getbouncer.com:443
[https] groups.getbouncer.com:443
[https] images.getbouncer.com:443
[http] sites.getbouncer.com:80
[https] karma.getbouncer.com:443
[https] lookout.getbouncer.com:443
[https] mail.getbouncer.com:443
[https] plus.getbouncer.com:443
[https] sandbox.api.getbouncer.com:443
[https] scan-lab.getbouncer.com:443
[https] sites.getbouncer.com:443
[https] start.getbouncer.com:443
[http] start.getbouncer.com:80
[https] vault.getbouncer.com:443
[https] www.getbouncer.com:443
[http] vault.getbouncer.com:80
[http] www.getbouncer.com:80
[imap] aws-test.getbouncer.com:143
[imaps] aws-test.getbouncer.com:993
[infowave] docs.getbouncer.com:2082
[jetdirect] aws-test.getbouncer.com:9100
[memcache] aws-test.getbouncer.com:11211
[mit-ml-dev] aws-test.getbouncer.com:83
[mqtt] aws-test.getbouncer.com:1883
[ms-wbt-server] aws-test.getbouncer.com:3389
[nbx-dir] docs.getbouncer.com:2096
[opsmessaging] aws-test.getbouncer.com:8090
[pop3] aws-test.getbouncer.com:110
[pop3s] aws-test.getbouncer.com:995
[postgresql] aws-test.getbouncer.com:5432
[priv-term-l] aws-test.getbouncer.com:87
[radan-http] aws-test.getbouncer.com:8088
[radsec] docs.getbouncer.com:2083
[rtmp] aws-test.getbouncer.com:1935
[smtp] aws-test.getbouncer.com:25
[smtps] aws-test.getbouncer.com:465
[submission] aws-test.getbouncer.com:587
[unknown] aws-test.getbouncer.com:8089
[unknown] aws-test.getbouncer.com:8099
[vnc-1] aws-test.getbouncer.com:5901
[vnc] aws-test.getbouncer.com:5900
[wap-wsp] aws-test.getbouncer.com:9200
[whois] aws-test.getbouncer.com:43
[XmlIpcRegSvc] aws-test.getbouncer.com:9092
[xmpp-client] aws-test.getbouncer.com:5222
