[cddbp-alt] food-merchant-help.grab.com:8880
[eli] food-merchant-help.grab.com:2087
[gnunet] food-merchant-help.grab.com:2086
[http] ad-manager-ui.grab.com:80
[http] admiral.grab.com:80
[http] ads-cdn.grab.com:80
[http] analytics-merchant.grab.com:80
[http] api-restricted.grab.com:80
[http] aries.grab.com:80
[http] assets.gifts.grab.com:80
[http] assets.grab.com:80
[http] assets-mobile.grab.com:80
[http] assets-staging.grab.com:80
[http] b2b-waypoint-portal.grab.com:80
[http] bangkok.qms.grab.com:80
[http] bolt.grab.com:80
[http] brand.grab.com:80
[http] business.grab.com:80
[http] business-profile.grab.com:80
[http] cancellah-cdn.grab.com:80
[http] casestudy.grab.com:80
[http] category-tile-images.grab.com:80
[http] cdn.ads.grab.com:80
[http] central-service-dashboard-fe.grab.com:80
[http] click.id.mkt.grab.com:80
[http] click.kh.mkt.grab.com:80
[http] click.mkt.grab.com:80
[http] click.mm.mkt.grab.com:80
[http] click.my.mkt.grab.com:80
[http] click.ph.mkt.grab.com:80
[http] click.sg.mkt.grab.com:80
[http] click.th.mkt.grab.com:80
[http] click.vn.mkt.grab.com:80
[http] cloud.id.mkt.grab.com:80
[http] cloud.kh.mkt.grab.com:80
[http] cloud.mkt.grab.com:80
[http] cloud.mm.mkt.grab.com:80
[http] cloud.my.mkt.grab.com:80
[http] cloud.ph.mkt.grab.com:80
[http] cloud.sg.mkt.grab.com:80
[http] cloud.th.mkt.grab.com:80
[http] cloud.vn.mkt.grab.com:80
[http] commerce.grab.com:80
[http] concedo-ams-ui.grab.com:80
[http] concedo.grab.com:80
[http] concierge.grab.com:80
[http] conqueryoureveryday.grab.com:80
[http] cradle.grab.com:80
[http] csat.grab.com:80
[http] csd.grab.com:80
[http] daxexp.grab.com:80
[http] dax-feedback-img.grab.com:80
[http] dax.grab.com:80
[http] defence.grab.com:80
[http] design.grab.com:80
[http] developer-admin.grab.com:80
[http] developer.grab.com:80
[http] developers.grab.com:80
[http] dexter.grab.com:80
[http] discovery-ds-public.grab.com:80
[http] doc.grab.com:80
[http] earlyaccess.grab.com:80
[http] engineering.grab.com:80
[http] enterprise.grab.com:80
[http] experiments.grab.com:80
[http] express-dash.grab.com:80
[http] express.grab.com:80
[http] finance.grab.com:80
[http] food.grab.com:80
[http] food-merchant-help.grab.com:80
[http] food-partner-api-img.grab.com:80
[http] food-zeus.grab.com:80
[http] gamma-cx.grab.com:80
[http] gamma-daxexp.grab.com:80
[http] gamma-daxexp-public.grab.com:80
[http] gamma-econs.grab.com:80
[http] gamma-financial.grab.com:80
[http] gamma-ge-dashboard.grab.com:80
[http] gamma-geo.grab.com:80
[http] gamma.grab.com:80
[http] gamma-payments.grab.com:80
[http] gamma-public.grab.com:80
[http] gamma-transport.grab.com:80
[http] gamma-ut.grab.com:80
[http] gdcappt.qms.grab.com:80
[http] geo-dashboard-ui.grab.com:80
[http] geo-tools.grab.com:80
[http] geotools.grab.com:80
[http] geo-tools-ui.grab.com:80
[http] gfb-webapp-modules.grab.com:80
[http] gifts.grab.com:80
[http] gifts-media.grab.com:80
[http] gifts-web.grab.com:80
[http] gmc.qms.grab.com:80
[http] go.grab.com:80
[http] grab360.grab.com:80
[http] grabacademy.grab.com:80
[http] grabcentral.grab.com:80
[http] grab.com:80
[http] grabtaxi-grab-express.grab.com:80
[http] grfmslive.grab.com:80
[http] growth.grab.com:80
[http] growth-public.grab.com:80
[http] hackathon.grab.com:80
[http] hawkeye.grab.com:80
[http] hawkeye-v.grab.com:80
[http] hc-doc.grab.com:80
[http] hedwig-dash.grab.com:80
[http] hedwig.grab.com:80
[http] help.grab.com:80
[http] hitch.grab.com:80
[http] hodor-api.grab.com:80
[http] hodor-assets.grab.com:80
[http] hodor.grab.com:80
[http] hub.grab.com:80
[http] iam-manage.grab.com:80
[http] icons.grab.com:80
[http] image.e.grab.com:80
[http] image.id.mkt.grab.com:80
[http] image.kh.mkt.grab.com:80
[http] image.mkt.grab.com:80
[http] image.mm.mkt.grab.com:80
[http] image.my.mkt.grab.com:80
[http] image.ph.mkt.grab.com:80
[http] image.sg.mkt.grab.com:80
[http] image.th.mkt.grab.com:80
[http] imageview.grab.com:80
[http] image.vn.mkt.grab.com:80
[http] ims-fe.grab.com:80
[http] incidents.grab.com:80
[http] investors.grab.com:80
[http] ipoh.qms.grab.com:80
[http] jaya.grab.com:80
[http] jira.ext.grab.com:80
[http] jira.grab.com:80
[http] johor.qms.grab.com:80
[http] kh2.qms.grab.com:80
[http] kota.qms.grab.com:80
[http] kuantan2.qms.grab.com:80
[http] kuching2.qms.grab.com:80
[http] link.grab.com:80
[http] link-stg.grab.com:80
[http] lite.grab.com:80
[http] localization.grab.com:80
[http] map.grab.com:80
[http] maps.grab.com:80
[http] maptiles.grab.com:80
[http] media.grab.com:80
[http] melaka2.qms.grab.com:80
[http] merchant.grab.com:80
[http] mercury.grab.com:80
[http] m.grab.com:80
[http] modernoffice.edit.store.grab.com:80
[http] modules.business.grab.com:80
[http] movement.grab.com:80
[http] mygdc1.qms.grab.com:80
[http] mygdc2.qms.grab.com:80
[http] object-ar-prd.grab.com:80
[http] offers-discovery-media.grab.com:80
[http] offers-discovery-web.grab.com:80
[http] offers.grab.com:80
[http] omega.grab.com:80
[http] omega-loyalty.grab.com:80
[http] omega-marketplace.grab.com:80
[http] omega-rtc.grab.com:80
[http] oncall-cradle.grab.com:80
[http] partners.grab.com:80
[http] pax.grab.com:80
[http] pay-campaign-view.grab.com:80
[http] pay.grab.com:80
[http] pay-project-k.grab.com:80
[http] penang.qms.grab.com:80
[http] permissions.engineering.grab.com:80
[http] phoenix.grab.com:80
[http] prima.qms.grab.com:80
[http-proxy] food-merchant-help.grab.com:8080
[http] quest-media.grab.com:80
[http] register.grab.com:80
[http] reward-omega-cdn.grab.com:80
[http] rewards.grab.com:80
[http] rides-api-s3.grab.com:80
[http] rudra.grab.com:80
[http] saarthi-s3.grab.com:80
[https] ad-manager-ui.grab.com:443
[https] admiral.grab.com:443
[https] ads-cdn.grab.com:443
[https-alt] food-merchant-help.grab.com:8443
[https] analytics-merchant.grab.com:443
[http] sandbox-cms.grab.com:80
[http] sandbox-dax.grab.com:80
[http] sandbox.grab.com:80
[https] api.grab.com:443
[https] api.jr.grab.com:443
[https] api-restricted.grab.com:443
[https] aries.grab.com:443
[https] assets.gifts.grab.com:443
[https] assets.grab.com:443
[https] assets-mobile.grab.com:443
[https] assets-staging.grab.com:443
[https] b2b-waypoint-portal.grab.com:443
[https] bangkok.qms.grab.com:443
[https] blackhole.ext.grab.com:443
[https] bolt.grab.com:443
[https] brand.grab.com:443
[https] business.grab.com:443
[https] business-profile.grab.com:443
[https] cancellah-cdn.grab.com:443
[https] casestudy.grab.com:443
[https] category-tile-images.grab.com:443
[https] cdn.ads.grab.com:443
[https] central-service-dashboard-fe.grab.com:443
[https] click.id.mkt.grab.com:443
[https] click.kh.mkt.grab.com:443
[https] click.mkt.grab.com:443
[https] click.mm.mkt.grab.com:443
[https] click.my.mkt.grab.com:443
[https] click.ph.mkt.grab.com:443
[https] click.sg.mkt.grab.com:443
[https] click.th.mkt.grab.com:443
[https] click.vn.mkt.grab.com:443
[https] cloud.id.mkt.grab.com:443
[https] cloud.kh.mkt.grab.com:443
[https] cloud.mkt.grab.com:443
[https] cloud.mm.mkt.grab.com:443
[https] cloud.my.mkt.grab.com:443
[https] cloud.ph.mkt.grab.com:443
[https] cloud.sg.mkt.grab.com:443
[https] cloud.th.mkt.grab.com:443
[https] cloud.vn.mkt.grab.com:443
[https] commerce.grab.com:443
[https] concedo-ams-ui.grab.com:443
[https] concedo.grab.com:443
[https] concierge.grab.com:443
[https] conqueryoureveryday.grab.com:443
[https] cradle.grab.com:443
[https] csat.grab.com:443
[https] csd.grab.com:443
[https] daxexp.grab.com:443
[https] dax-feedback-img.grab.com:443
[https] dax.grab.com:443
[https] defence.grab.com:443
[https] design.grab.com:443
[https] developer-admin.grab.com:443
[https] developer.grab.com:443
[https] developers.grab.com:443
[https] dexter.grab.com:443
[https] discovery-ds-public.grab.com:443
[https] doc.grab.com:443
[https] earlyaccess.grab.com:443
[http] segmentation-platform.grab.com:80
[http] segments-ui.grab.com:80
[http] seller.grab.com:80
[https] engineering.grab.com:443
[https] enterprise.grab.com:443
[https] experiments.grab.com:443
[https] express-dash.grab.com:443
[https] express.grab.com:443
[https] finance.grab.com:443
[https] food-cms-upload2.grab.com:443
[https] food.grab.com:443
[https] food-merchant-help.grab.com:443
[https] food-partner-api-img.grab.com:443
[https] food-zeus.grab.com:443
[https] gamma-cx.grab.com:443
[https] gamma-daxexp.grab.com:443
[https] gamma-daxexp-public.grab.com:443
[https] gamma-econs.grab.com:443
[https] gamma-financial.grab.com:443
[https] gamma-ge-dashboard.grab.com:443
[https] gamma-geo.grab.com:443
[https] gamma.grab.com:443
[https] gamma-payments.grab.com:443
[https] gamma-public.grab.com:443
[https] gamma-transport.grab.com:443
[https] gamma-ut.grab.com:443
[https] gdcappt.qms.grab.com:443
[https] geo-dashboard-ui.grab.com:443
[https] geo-tools.grab.com:443
[https] geotools.grab.com:443
[https] geo-tools-ui.grab.com:443
[https] gfb-webapp-modules.grab.com:443
[https] gifts.grab.com:443
[https] gifts-media.grab.com:443
[https] gifts-web.grab.com:443
[https] gmc.qms.grab.com:443
[https] go.grab.com:443
[https] grab360.grab.com:443
[https] grabacademy.grab.com:443
[https] grabcentral.grab.com:443
[https] grab.com:443
[https] grabtaxi-grab-express.grab.com:443
[https] grfmslive.grab.com:443
[https] growth.grab.com:443
[https] growth-public.grab.com:443
[https] hackathon.grab.com:443
[http] share.grab.com:80
[http] sharelocation.grab.com:80
[https] hawkeye.grab.com:443
[https] hawkeye-v.grab.com:443
[https] hc-doc.grab.com:443
[https] hedwig-dash.grab.com:443
[https] hedwig.grab.com:443
[https] help.grab.com:443
[https] hitch.grab.com:443
[https] hodor-api.grab.com:443
[https] hodor-assets.grab.com:443
[https] hodor.grab.com:443
[https] hub.grab.com:443
[https] iam-manage.grab.com:443
[https] icons.grab.com:443
[http] signup.grab.com:80
[https] image.e.grab.com:443
[https] image.id.mkt.grab.com:443
[https] image.kh.mkt.grab.com:443
[https] image.mkt.grab.com:443
[https] image.mm.mkt.grab.com:443
[https] image.my.mkt.grab.com:443
[https] image.ph.mkt.grab.com:443
[https] image.sg.mkt.grab.com:443
[https] image.th.mkt.grab.com:443
[https] imageview.grab.com:443
[https] image.vn.mkt.grab.com:443
[https] ims-fe.grab.com:443
[https] incidents.grab.com:443
[http] sinming3.qms.grab.com:80
[https] investors.grab.com:443
[https] ipoh.qms.grab.com:443
[https] jaya.grab.com:443
[https] jira.ext.grab.com:443
[https] jira.grab.com:443
[https] johor.qms.grab.com:443
[https] kh2.qms.grab.com:443
[https] kota.qms.grab.com:443
[https] kuantan2.qms.grab.com:443
[https] kuching2.qms.grab.com:443
[https] link.grab.com:443
[https] link-stg.grab.com:443
[https] lite.grab.com:443
[https] localization.grab.com:443
[https] map.grab.com:443
[https] maps.grab.com:443
[https] maptiles.grab.com:443
[http] smartcity-ext.grab.com:80
[http] smart-city.grab.com:80
[http] smartcity.grab.com:80
[https] media.grab.com:443
[https] melaka2.qms.grab.com:443
[https] merchant.grab.com:443
[https] mercury.grab.com:443
[https] m.grab.com:443
[https] modernoffice.edit.store.grab.com:443
[https] modules.business.grab.com:443
[https] movement.grab.com:443
[https] mygdc1.qms.grab.com:443
[https] mygdc2.qms.grab.com:443
[https] object-ar-prd.grab.com:443
[https] offers-discovery-media.grab.com:443
[https] offers-discovery-web.grab.com:443
[https] offers.grab.com:443
[https] omega.grab.com:443
[https] omega-loyalty.grab.com:443
[https] omega-marketplace.grab.com:443
[https] omega-rtc.grab.com:443
[https] oncall-cradle.grab.com:443
[https] open.grab.com:443
[https] partner-api3.grab.com:443
[https] partner-api.grab.com:443
[https] partner-gateway.grab.com:443
[https] partners-api.grab.com:443
[https] pax.grab.com:443
[https] pay-campaign-view.grab.com:443
[https] pay.grab.com:443
[https] pay-project-k.grab.com:443
[https] penang.qms.grab.com:443
[https] permissions.engineering.grab.com:443
[https] phoenix.grab.com:443
[https] portal.grab.com:443
[https] prima.qms.grab.com:443
[https] public.grab.com:443
[https] quest-media.grab.com:443
[https] register.grab.com:443
[https] reward-omega-cdn.grab.com:443
[https] rewards.grab.com:443
[https] rides-api-s3.grab.com:443
[https] rudra.grab.com:443
[https] s3.permissions.engineering.grab.com:443
[https] saarthi-s3.grab.com:443
[https] sandbox-cms.grab.com:443
[https] sandbox-dax.grab.com:443
[https] sandbox.grab.com:443
[https] segmentation-platform.grab.com:443
[https] segments-ui.grab.com:443
[https] seller.grab.com:443
[https] share.grab.com:443
[https] sharelocation.grab.com:443
[https] signup.grab.com:443
[https] sinming3.qms.grab.com:443
[https] smartcity-ext.grab.com:443
[https] smart-city.grab.com:443
[https] smartcity.grab.com:443
[http] sso.grab.com:80
[https] spacetime.ext.grab.com:443
[https] sso.grab.com:443
[https] static.grab.com:443
[https] stellar.grab.com:443
[https] streetview.grab.com:443
[https] subscription-media.grab.com:443
[https] supernova.ext.grab.com:443
[https] sustainability2021.grab.com:443
[https] swag.grab.com:443
[https] sweb.grab.com:443
[https] tampines.qms.grab.com:443
[http] static.grab.com:80
[https] taxi.grab.com:443
[https] techtraining.grab.com:443
[http] stellar.grab.com:80
[https] thailand.store.grab.com:443
[https] tmap.grab.com:443
[https] training-portal.grab.com:443
[https] transit.grab.com:443
[http] streetview.grab.com:80
[https] trx.grab.com:443
[https] uat2.qms.grab.com:443
[https] uat.qms.grab.com:443
[http] subscription-media.grab.com:80
[https] unduhspt.grab.com:443
[https] unicorn.grab.com:443
[http] sustainability2021.grab.com:80
[https] vendor-portal.grab.com:443
[https] video.grab.com:443
[https] view.id.mkt.grab.com:443
[https] view.kh.mkt.grab.com:443
[https] view.mkt.grab.com:443
[https] view.mm.mkt.grab.com:443
[https] view.my.mkt.grab.com:443
[https] view.ph.mkt.grab.com:443
[https] view.sg.mkt.grab.com:443
[https] view.th.mkt.grab.com:443
[https] view.vn.mkt.grab.com:443
[https] vninvoice.ext.grab.com:443
[https] vn.invoice.grab.com:443
[http] swag.grab.com:80
[https] walter.grab.com:443
[https] watchtower-api.grab.com:443
[https] watchtower.grab.com:443
[https] webauth.grab.com:443
[https] web.grab.com:443
[http] sweb.grab.com:80
[https] weblogin.grab.com:443
[https] wiki.grab.com:443
[https] workday.grab.com:443
[https] www.business.grab.com:443
[https] www.grab.com:443
[https] www.hub.grab.com:443
[https] zeus.grab.com:443
[http] tampines.qms.grab.com:80
[http] taxi.grab.com:80
[http] techtraining.grab.com:80
[http] thailand.store.grab.com:80
[http] tmap.grab.com:80
[http] training-portal.grab.com:80
[http] transit.grab.com:80
[http] trx.grab.com:80
[http] uat2.qms.grab.com:80
[http] uat.qms.grab.com:80
[http] unduhspt.grab.com:80
[http] unicorn.grab.com:80
[http] vendor-portal.grab.com:80
[http] video.grab.com:80
[http] view.id.mkt.grab.com:80
[http] view.kh.mkt.grab.com:80
[http] view.mkt.grab.com:80
[http] view.mm.mkt.grab.com:80
[http] view.my.mkt.grab.com:80
[http] view.ph.mkt.grab.com:80
[http] view.sg.mkt.grab.com:80
[http] view.th.mkt.grab.com:80
[http] view.vn.mkt.grab.com:80
[http] vninvoice.ext.grab.com:80
[http] vn.invoice.grab.com:80
[http] walter.grab.com:80
[http] watchtower-api.grab.com:80
[http] watchtower.grab.com:80
[http] webauth.grab.com:80
[http] web.grab.com:80
[http] weblogin.grab.com:80
[http] wiki.grab.com:80
[http] workday.grab.com:80
[http] www.business.grab.com:80
[http] www.grab.com:80
[http] www.hub.grab.com:80
[http] zeus.grab.com:80
[infowave] food-merchant-help.grab.com:2082
[ldapssl] ldap.it.grab.com:636
[radsec] food-merchant-help.grab.com:2083
[rfe] dax.grab.com:5002
[rfe] pax.grab.com:5002
[smtp] id.mkt.grab.com:25
[smtp] kh.mkt.grab.com:25
[smtp] mm.mkt.grab.com:25
[smtp] my.mkt.grab.com:25
[smtp] ph.mkt.grab.com:25
[smtp] sg.mkt.grab.com:25
[smtp] th.mkt.grab.com:25
[smtp] vn.mkt.grab.com:25
[vnc-http] commerce.grab.com:5800
