[airport-admin] careers.gs.com:5009
[airport-admin] ctw.gs.com:5009
[airport-admin] qaderivativesuniversity.gs.com:5009
[airport-admin] qaias.gs.com:5009
[airport-admin] qainstitutionaladvisoryservices.gs.com:5009
[airport-admin] qamortgagecredituniversity.gs.com:5009
[airport-admin] qavitfunds.web.gs.com:5009
[airport-admin] wwwqa.gsamldi.gs.com:5009
[airport-admin] wwwqa.ias.gs.com:5009
[airport-admin] wwwqa.institutionaladvisoryservices.gs.com:5009
[ccproxy-ftp] careers.gs.com:2121
[ccproxy-ftp] ctw.gs.com:2121
[ccproxy-ftp] qaderivativesuniversity.gs.com:2121
[ccproxy-ftp] qaias.gs.com:2121
[ccproxy-ftp] qainstitutionaladvisoryservices.gs.com:2121
[ccproxy-ftp] qamortgagecredituniversity.gs.com:2121
[ccproxy-ftp] qavitfunds.web.gs.com:2121
[ccproxy-ftp] wwwqa.gsamldi.gs.com:2121
[ccproxy-ftp] wwwqa.ias.gs.com:2121
[ccproxy-ftp] wwwqa.institutionaladvisoryservices.gs.com:2121
[cddbp-alt] help.dsp.gs.com:8880
[cddbp-alt] help.gsmosaic.qa.gs.com:8880
[cddbp-alt] www.help.gsmosaic.gs.com:8880
[clearvisn] www.help.gsmosaic.gs.com:2052
[] dev-participant-1.besu.digitalassets.gs.com:8545
[] dev-participant-2.besu.digitalassets.gs.com:8545
[] dev-participant-4.besu.digitalassets.gs.com:8545
[domain] ns1.gs.com:53
[domain] ns2.gs.com:53
[domain] ns3.gs.com:53
[domain] ns4.gs.com:53
[domain] ns5.gs.com:53
[domain] ns6.gs.com:53
[domain] ns7.gs.com:53
[eli] help.dsp.gs.com:2087
[eli] help.gsmosaic.qa.gs.com:2087
[eli] www.help.gsmosaic.gs.com:2087
[filenet-tms] careers.gs.com:32768
[filenet-tms] ctw.gs.com:32768
[filenet-tms] qaderivativesuniversity.gs.com:32768
[filenet-tms] qaias.gs.com:32768
[filenet-tms] qainstitutionaladvisoryservices.gs.com:32768
[filenet-tms] qamortgagecredituniversity.gs.com:32768
[filenet-tms] qavitfunds.web.gs.com:32768
[filenet-tms] wwwqa.gsamldi.gs.com:32768
[filenet-tms] wwwqa.ias.gs.com:32768
[filenet-tms] wwwqa.institutionaladvisoryservices.gs.com:32768
[ftp] ftp2.gs.com:21
[ftp] ftp.gs.com:21
[ftp] ftpserver.gs.com:21
[ftp] mfseft.gs.com:21
[ftp] mft.gs.com:21
[ftp] seft.gs.com:21
[ftp] sfx.gs.com:21
[ftp] sfxqa.gs.com:21
[gnunet] help.dsp.gs.com:2086
[gnunet] help.gsmosaic.qa.gs.com:2086
[gnunet] www.help.gsmosaic.gs.com:2086
[hosts2-ns] careers.gs.com:81
[hosts2-ns] ctw.gs.com:81
[hosts2-ns] qaderivativesuniversity.gs.com:81
[hosts2-ns] qaias.gs.com:81
[hosts2-ns] qainstitutionaladvisoryservices.gs.com:81
[hosts2-ns] qamortgagecredituniversity.gs.com:81
[hosts2-ns] qavitfunds.web.gs.com:81
[hosts2-ns] wwwqa.gsamldi.gs.com:81
[hosts2-ns] wwwqa.ias.gs.com:81
[hosts2-ns] wwwqa.institutionaladvisoryservices.gs.com:81
[http] 360.gs.com:80
[http] 360-qa.gs.com:80
[http] accelerate.gs.com:80
[http] accounts.gs.com:80
[http] activealpha.gs.com:80
[http] aec.prod.marcus-connect.gs.com:80
[http] aec.qa.marcus-connect.gs.com:80
[http] aej1-login.gs.com:80
[http] aej2-login.gs.com:80
[http] aej-login.gs.com:80
[http] akamai-test.stablevalue.gs.com:80
[http] alternatives.analytics.gs.com:80
[http] americas1-login.gs.com:80
[http] americas2-login.gs.com:80
[http] americas-login.gs.com:80
[http] americas.site1.sitehostingdemo.gs.com:80
[http] americas.site2.sitehostingdemo.gs.com:80
[http] ampf.ppselect.gs.com:80
[http] ampf.select.gs.com:80
[http] ampf.sitselect.gs.com:80
[http] aon.gs.com:80
[http] apac1-login.gs.com:80
[http] apac2-login.gs.com:80
[http] apac3-login.gs.com:80
[http] apac-login.gs.com:80
[http] api2.qa.txb.gs.com:80
[http] api2.txb.gs.com:80
[http] api3.dev.txb.gs.com:80
[http] api3.qa.txb.gs.com:80
[http] api3.sit.txb.gs.com:80
[http] api3.uat.txb.gs.com:80
[http] api-global.marquee.gs.com:80
[http] api.gs.com:80
[http] api.gs-mosaic.gs.com:80
[http] api.gsmosaic.gs.com:80
[http] api.gs-mosaic.qa.gs.com:80
[http] api.gsmosaic.qa.gs.com:80
[http] api.marquee.gs.com:80
[http] api.marquee-qa.gs.com:80
[http] api.platform-dev.txb.gs.com:80
[http] apis.txb.gs.com:80
[http] apitest.marquee-qa.gs.com:80
[http] apps.work.gs.com:80
[http] assetmanagement.gs.com:80
[http] assetmanagement-qa.gs.com:80
[http] atlas-mfa.gs.com:80
[http] atlas-mfa.uat.gs.com:80
[http] atlassian.devcollab.gs.com:80
[http] beta.api.clearfactr.gs.com:80
[http] beta.app.clearfactr.gs.com:80
[http] beta.dsp.gs.com:80
[http] beta.global-liquidity.gs.com:80
[http] beta.qaglobal-liquidity.gs.com:80
[http] beta.uat.dsp.gs.com:80
[http] bmo-mfa.lp.gs.com:80
[http] bmo-mfa.uat.lp.gs.com:80
[http] careersa.gs.com:80
[http] careers.gs.com:80
[http] cdn.gs.com:80
[http] cdn.marquee.gs.com:80
[http] cdn.marquee-qa.gs.com:80
[http] checkinvest.funds.gs.com:80
[http] china1-login.gs.com:80
[http] china2-login.gs.com:80
[http] china-login.gs.com:80
[http] click.gs.com:80
[http] confluence.devcollab.gs.com:80
[http] ctw.gs.com:80
[http] derivativesuniversity.gs.com:80
[http] design.gs.com:80
[http] dev.accounts.gs.com:80
[http] dev.atlassian.devcollab.gs.com:80
[http] dev.confluence.devcollab.gs.com:80
[http] developer.gs.com:80
[http] developer.txb.gs.com:80
[http] dev.gstext.workplace.gs.com:80
[http] dev.jira2.devcollab.gs.com:80
[http] dev.jira3.devcollab.gs.com:80
[http] dev.jira.devcollab.gs.com:80
[http] dev-login-higher.gs.com:80
[http] dev.marcus.jira.devcollab.gs.com:80
[http] dev.site1.sitehostingdemo.gs.com:80
[http] dev.site2.sitehostingdemo.gs.com:80
[http] dev.zoom.workplace.gs.com:80
[http] docs.gsmarkets.gs.com:80
[http] docs.gsmarkets-qa.gs.com:80
[http] dsp.gs.com:80
[http] edwardjones.funds.gs.com:80
[http] e.gs.com:80
[http] emea1-login.gs.com:80
[http] emea2-login.gs.com:80
[http] emea-login.gs.com:80
[http] emob.fx.gs.com:80
[http] emob-qa.fx.gs.com:80
[http] esyndicate.gs.com:80
[http] ewarrant2.gs.com:80
[http] ewarrant.gs.com:80
[http] ext-select.gs.com:80
[http] funds.gs.com:80
[http] fx2.gs.com:80
[http] fx.gs.com:80
[http] global-liquidity.gs.com:80
[http] gls.services.gs.com:80
[http] growth.gs.com:80
[http] gsamsymposium.gs.com:80
[http] gsamsymposium-qa.gs.com:80
[http] gsec.gs.com:80
[http] gs-mosaic.gs.com:80
[http] gsmosaic.gs.com:80
[http] gs-mosaic.qa.gs.com:80
[http] gsmosaic.qa.gs.com:80
[http] gstransact.gs.com:80
[http] gstransactqa2.gs.com:80
[http] gstransactqa.gs.com:80
[http] help.dsp.gs.com:80
[http] help.gs-mosaic.qa.gs.com:80
[http] help.gsmosaic.qa.gs.com:80
[http] help.uat.gs.com:80
[http] hk.fx.gs.com:80
[http] huntington-mfa.liquidityportal.gs.com:80
[http] huntington-mfa.uat.liquidityportal.gs.com:80
[http] ias.gs.com:80
[http] i.gs.com:80
[http] institutionaladvisoryservices.gs.com:80
[http] jira2.devcollab.gs.com:80
[http] jira3.devcollab.gs.com:80
[http] jira.devcollab.gs.com:80
[http] lebenthal.funds.gs.com:80
[http] link.gs.com:80
[http] ln.fx.gs.com:80
[http] lockbox.gs.com:80
[http] lockbox-qa.gs.com:80
[http] login.ap-southeast-1.idfs-qa.gs.com:80
[http] login.gs.com:80
[http] login-higher.gs.com:80
[http] login.idfs-dev.gs.com:80
[http] login.mfa.select.gs.com:80
[http] login.qa.mfa.select.gs.com:80
[http] logintest.gs.com:80
[http] login.us-east-1.idfs-qa.gs.com:80
[http] login.us-west-2.idfs-qa.gs.com:80
[http] managedaccounts.gs.com:80
[http] marcus.jira.devcollab.gs.com:80
[http] marketing.gs.com:80
[http] marquee.gs.com:80
[http] marquee-qa.gs.com:80
[http] mbd.gs.com:80
[http] mbd-qa.gs.com:80
[http] mfa.aon.gs.com:80
[http] mfa-aycocom.gs.com:80
[http] mfaaycocomqa.gs.com:80
[http] mfa-aycodirect.gs.com:80
[http] mfaaycodirectqa.gs.com:80
[http] mfa-aycofc.gs.com:80
[http] mfaaycofcqa.gs.com:80
[http] mfa-ayco.gs.com:80
[http] mfa.bmo.gs.com:80
[http] mfa.global-liquidity.gs.com:80
[http] mfa.gsmosaic.gs.com:80
[http] mfa.qaaon.gs.com:80
[http] mfa.qabmo.gs.com:80
[http] mfa.qaglobal-liquidity.gs.com:80
[http] mfa.qagsmosaic.gs.com:80
[http] mfa.qasuntrust.gs.com:80
[http] mfa.qatruist.gs.com:80
[http] mfa.suntrust.gs.com:80
[http] mfa.truist.gs.com:80
[http] mfa.uat.atlas.gs.com:80
[http] mfa.uat.bmo.lp.gs.com:80
[http] mfa.uat.huntington.liquidityportal.gs.com:80
[http] mfa.uat.truist.liquidity.gs.com:80
[http] mortgagecredituniversity.gs.com:80
[http] ny.fx.gs.com:80
[http] origin.gsam.gs.com:80
[http] origin.lockbox.gs.com:80
[http] ose-warrant.gs.com:80
[http] pbmobile.gs.com:80
[http] pilot.dsp.gs.com:80
[http] pilot.global-liquidity.gs.com:80
[http] pilot.qaglobal-liquidity.gs.com:80
[http] pilot.uat.dsp.gs.com:80
[http] pki2.gs.com:80
[http] pki.gs.com:80
[http] portal.gs.com:80
[http] portal-qa.gs.com:80
[http] portal.valueaccelerator.gs.com:80
[http] portfolio.gs.com:80
[http] pp-ext-select.gs.com:80
[http] ppselect.gs.com:80
[http] pre-prod.360.gs.com:80
[http] pre-prod.portal.gs.com:80
[http] prod-360.gs.com:80
[http] projx.api.clearfactr.gs.com:80
[http] projx.app.clearfactr.gs.com:80
[http-proxy] careers.gs.com:8080
[http-proxy] ctw.gs.com:8080
[http-proxy] help.dsp.gs.com:8080
[http-proxy] help.gs-mosaic.qa.gs.com:8080
[http-proxy] help.gsmosaic.qa.gs.com:8080
[http-proxy] help.uat.gs.com:8080
[http-proxy] qaderivativesuniversity.gs.com:8080
[http-proxy] qaias.gs.com:8080
[http-proxy] qainstitutionaladvisoryservices.gs.com:8080
[http-proxy] qamortgagecredituniversity.gs.com:8080
[http-proxy] qavitfunds.web.gs.com:8080
[http-proxy] v.gs.com:8080
[http-proxy] www.help.gsmosaic.gs.com:8080
[http-proxy] www.help.gs-mosaic.qa.gs.com:8080
[http-proxy] www.help.gsmosaic.qa.gs.com:8080
[http-proxy] wwwqa.gsamldi.gs.com:8080
[http-proxy] wwwqa.ias.gs.com:8080
[http-proxy] wwwqa.institutionaladvisoryservices.gs.com:8080
[http] publishing.gs.com:80
[http] publishing-qa.gs.com:80
[http] qa1-login.gs.com:80
[http] qa2-login.gs.com:80
[http] qa-360.gs.com:80
[http] qa.accounts.gs.com:80
[http] qaaon.gs.com:80
[http] qa.confluence.devcollab.gs.com:80
[http] qaderivativesuniversity.gs.com:80
[http] qa.developer.gs.com:80
[http] qafx.gs.com:80
[http] qaglobal-liquidity.gs.com:80
[http] qa.growth.gs.com:80
[http] qagtam-external-vendor-srp.gs.com:80
[http] qaias.gs.com:80
[http] qainstitutionaladvisoryservices.gs.com:80
[http] qa.jira3.devcollab.gs.com:80
[http] qa.jira.devcollab.gs.com:80
[http] qalogin.gs.com:80
[http] qa-login-higher.gs.com:80
[http] qa.marcus.jira.devcollab.gs.com:80
[http] qa.marketing.gs.com:80
[http] qamortgagecredituniversity.gs.com:80
[http] qa-portal.valueaccelerator.gs.com:80
[http] qareditrader.gs.com:80
[http] qasecurities.mobile.gs.com:80
[http] qa.site1.sitehostingdemo.gs.com:80
[http] qa.site2.sitehostingdemo.gs.com:80
[http] qasocialcontent.gs.com:80
[http] qastablevalue.gs.com:80
[http] qasuntrust.gs.com:80
[http] qa.tracking.gs.com:80
[http] qatruist.gs.com:80
[http] qa.valueaccelerator.gs.com:80
[http] qavitfunds.web.gs.com:80
[http] qawww.bmo.gs.com:80
[http] research.gs.com:80
[http] research-poc.gs.com:80
[http] research-qa.gs.com:80
[http] research-qa-upgrade.gs.com:80
[http] research-test.gs.com:80
[http] research-test-qa.gs.com:80
[http] research-upgrade.gs.com:80
[https] 10000womenme.gs.com:443
[https] 10000womenmeqa.gs.com:443
[https] 360.gs.com:443
[https] 360-qa.gs.com:443
[https] 42vumud4ayhjowy7hhwz.login.publishing.gs.com:443
[https] 55yllqovde2qd1kckh1y.login.publishing-qa.gs.com:443
[https] accelerate.gs.com:443
[https] accounts.gs.com:443
[https] activealpha.gs.com:443
[https] aec.prod.marcus-connect.gs.com:443
[https] aec.qa.marcus-connect.gs.com:443
[https] aej1-login.gs.com:443
[https] aej2-login.gs.com:443
[https] aej-login.gs.com:443
[https] akamai-test.stablevalue.gs.com:443
[https-alt] bdcexp01edge01.jabber.gs.com:8443
[https-alt] bdcexp01edge02.jabber.gs.com:8443
[https-alt] cdcexp01edge01.jabber.gs.com:8443
[https-alt] cdcexp01edge02.jabber.gs.com:8443
[https] alternatives.analytics.gs.com:443
[https-alt] exp01qaedge01.net.gs.com:8443
[https-alt] exp02qaedge01.net.gs.com:8443
[https-alt] expedge.jabber.gs.com:8443
[https-alt] help.dsp.gs.com:8443
[https-alt] help.gs-mosaic.qa.gs.com:8443
[https-alt] help.gsmosaic.qa.gs.com:8443
[https-alt] help.uat.gs.com:8443
[https-alt] hksdcexp01edge01.jabber.gs.com:8443
[https-alt] ldcegexp01edge01.jabber.gs.com:8443
[https-alt] ldcegexp01edge02.jabber.gs.com:8443
[https-alt] lhrexp01edge01.jabber.gs.com:8443
[https-alt] lhrexp01edge02.jabber.gs.com:8443
[https-alt] qamdm.acoe.gs.com:8443
[https-alt] service.jabber.gs.com:8443
[https-alt] sgadcexp01edge01.jabber.gs.com:8443
[https-alt] www.help.gsmosaic.gs.com:8443
[https-alt] www.help.gs-mosaic.qa.gs.com:8443
[https-alt] www.help.gsmosaic.qa.gs.com:8443
[https] americas1-login.gs.com:443
[https] americas2-login.gs.com:443
[https] americas-login.gs.com:443
[https] americas.site1.sitehostingdemo.gs.com:443
[https] americas.site2.sitehostingdemo.gs.com:443
[https] ampf.ppselect.gs.com:443
[https] ampf.select.gs.com:443
[https] ampf.sitselect.gs.com:443
[https] aon.gs.com:443
[https] apac1.gw-login.gs.com:443
[https] apac1-login.gs.com:443
[https] apac2.gw-login.gs.com:443
[https] apac2-login.gs.com:443
[https] apac3-login.gs.com:443
[https] apac-login.gs.com:443
[https] api2.qa.txb.gs.com:443
[https] api2.txb.gs.com:443
[https] api3.dev.txb.gs.com:443
[https] api3.qa.txb.gs.com:443
[https] api3.sit.txb.gs.com:443
[https] api3.uat.txb.gs.com:443
[https] api-global.marquee.gs.com:443
[https] api.gs.com:443
[https] api.gs-mosaic.gs.com:443
[https] api.gsmosaic.gs.com:443
[https] api.gs-mosaic.qa.gs.com:443
[https] api.gsmosaic.qa.gs.com:443
[https] api.marquee.gs.com:443
[https] api.marquee-qa.gs.com:443
[https] api.platform-dev.txb.gs.com:443
[https] apis.txb.gs.com:443
[https] apitest.marquee-qa.gs.com:443
[https] apps.work.gs.com:443
[https] as2.txb.gs.com:443
[https] assetmanagement-email.gs.com:443
[https] assetmanagement-email-qa.gs.com:443
[https] assetmanagement.gs.com:443
[https] assetmanagement-qa.gs.com:443
[https] atlas-mfa.gs.com:443
[https] atlas-mfa.uat.gs.com:443
[https] atlassian.devcollab.gs.com:443
[https] beta.api.clearfactr.gs.com:443
[https] beta.app.clearfactr.gs.com:443
[https] beta.dsp.gs.com:443
[https] beta.global-liquidity.gs.com:443
[https] beta.qaglobal-liquidity.gs.com:443
[https] beta.uat.dsp.gs.com:443
[https] bmo-mfa.lp.gs.com:443
[https] bmo-mfa.uat.lp.gs.com:443
[https] bwext-qa.gs.com:443
[https] careersa.gs.com:443
[https] cdn.gs.com:443
[https] cdn.marquee.gs.com:443
[https] cdn.marquee-qa.gs.com:443
[https] checkinvest.funds.gs.com:443
[https] china1-login.gs.com:443
[https] china2-login.gs.com:443
[https] china-login.gs.com:443
[https] click.gs.com:443
[https] clientreporting-srp.tech.gs.com:443
[https] clientreporting-srp.tech-qa.gs.com:443
[https] confluence.devcollab.gs.com:443
[https] cwm-qa.ic.gs.com:443
[https] derivativesuniversity.gs.com:443
[https] design.gs.com:443
[https] dev.accounts.gs.com:443
[https] dev.atlassian.devcollab.gs.com:443
[https] dev.confluence.devcollab.gs.com:443
[https] developer.gs.com:443
[https] developer.txb.gs.com:443
[https] dev.gstext.workplace.gs.com:443
[https] dev.jira2.devcollab.gs.com:443
[https] dev.jira3.devcollab.gs.com:443
[https] dev.jira.devcollab.gs.com:443
[https] dev-login-higher.gs.com:443
[https] dev.marcus.jira.devcollab.gs.com:443
[https] dev.site1.sitehostingdemo.gs.com:443
[https] dev.site2.sitehostingdemo.gs.com:443
[https] dev.zoom.workplace.gs.com:443
[https] docs.gsmarkets.gs.com:443
[https] docs.gsmarkets-qa.gs.com:443
[http] sdr.uk.enotifications.gs.com:80
[https] dsp.gs.com:443
[http] securemail2.gs.com:80
[http] securemail.gs.com:80
[https] edwardjones.funds.gs.com:443
[https] e.gs.com:443
[http] select.gs.com:80
[http] select-staging.gs.com:80
[https] emea1.gw-login.gs.com:443
[https] emea1-login.gs.com:443
[https] emea2.gw-login.gs.com:443
[https] emea2-login.gs.com:443
[https] emea-login.gs.com:443
[https] emob.fx.gs.com:443
[https] emob-qa.fx.gs.com:443
[https] esyndicate.gs.com:443
[https] ewarrant2.gs.com:443
[https] ewarrant.gs.com:443
[https] ext-select.gs.com:443
[https] fp-bdc-ext.gs.com:443
[https] fp-cdc-ext.gs.com:443
[https] fp-ha-asia.prod.vpn.gs.com:443
[https] fp-ha-emea.gs.com:443
[https] fp-ha.gs.com:443
[https] fp-ha-hksdc2.prod.vpn.gs.com:443
[https] fp-ha-qa.gs.com:443
[https] fp-ha-sgadc.prod.vpn.gs.com:443
[https] fp-ldceg-ext.gs.com:443
[https] fp-lhr-ext.gs.com:443
[https] fp-poc1-ext.gs.com:443
[https] fp-poc3.lab.vpn.gs.com:443
[https] fp-qa1-ext.gs.com:443
[https] ftp2.gs.com:443
[https] ftp.gs.com:443
[https] ftpserver.gs.com:443
[https] funds.gs.com:443
[https] fx2.gs.com:443
[https] fx.gs.com:443
[https] global-liquidity.gs.com:443
[https] gls.services.gs.com:443
[https] growth.gs.com:443
[https] gsam-email-prod.gs.com:443
[https] gsam-email-qa.gs.com:443
[https] gsam-litorder.gs.com:443
[https] gsamsymposium.gs.com:443
[https] gsamsymposium-qa.gs.com:443
[https] gsec.gs.com:443
[https] gsmarkets.gs.com:443
[https] gs-mosaic.gs.com:443
[https] gsmosaic.gs.com:443
[https] gs-mosaic.qa.gs.com:443
[https] gsmosaic.qa.gs.com:443
[https] gstransact.gs.com:443
[https] gstransactqa2.gs.com:443
[https] gstransactqa.gs.com:443
[https] gw1.qa-login.gs.com:443
[https] gw1.qalogin.gs.com:443
[https] gw2.qa-login.gs.com:443
[https] gw3.qa-login.gs.com:443
[https] help.dsp.gs.com:443
[https] help.gs-mosaic.qa.gs.com:443
[https] help.gsmosaic.qa.gs.com:443
[https] help.uat.gs.com:443
[https] hk.fx.gs.com:443
[https] hkrail1.orbit.gs.com:443
[https] huntington-mfa.liquidityportal.gs.com:443
[https] huntington-mfa.uat.liquidityportal.gs.com:443
[https] ias.gs.com:443
[https] idfs-asia.gs.com:443
[https] idfs.gs.com:443
[https] idfs-qa2.gs.com:443
[https] idfs-qa-emea.gs.com:443
[https] idfs-qa.gs.com:443
[https] i.gs.com:443
[https] institutionaladvisoryservices.gs.com:443
[http] sitselect.gs.com:80
[https] jira2.devcollab.gs.com:443
[https] jira3.devcollab.gs.com:443
[https] jira.devcollab.gs.com:443
[http] skylab.gs.com:80
[https] lebenthal.funds.gs.com:443
[https] link.gs.com:443
[https] ln.fx.gs.com:443
[https] lnrail1.orbit.gs.com:443
[https] lockbox.gs.com:443
[https] lockbox-qa.gs.com:443
[https] login.ap-southeast-1.idfs-qa.gs.com:443
[https] login.gs.com:443
[https] login-higher.gs.com:443
[https] login.idfs-dev.gs.com:443
[https] login.mfa.select.gs.com:443
[https] login.qa.mfa.select.gs.com:443
[https] logintest.gs.com:443
[https] login.us-east-1.idfs-qa.gs.com:443
[https] login.us-west-2.idfs-qa.gs.com:443
[https] managedaccounts.gs.com:443
[https] marcus.jira.devcollab.gs.com:443
[https] marketing.gs.com:443
[https] marquee.gs.com:443
[https] marquee-qa.gs.com:443
[https] mbd.gs.com:443
[https] mbd-qa.gs.com:443
[https] mdm.gs.com:443
[https] mfa.aon.gs.com:443
[https] mfa-aycocom.gs.com:443
[https] mfaaycocomqa.gs.com:443
[https] mfa-aycodirect.gs.com:443
[https] mfaaycodirectqa.gs.com:443
[https] mfa-aycofc.gs.com:443
[https] mfaaycofcqa.gs.com:443
[https] mfa-ayco.gs.com:443
[https] mfa.bmo.gs.com:443
[https] mfa.global-liquidity.gs.com:443
[https] mfa.gsmosaic.gs.com:443
[https] mfa.qaaon.gs.com:443
[https] mfa.qabmo.gs.com:443
[https] mfa.qaglobal-liquidity.gs.com:443
[https] mfa.qagsmosaic.gs.com:443
[https] mfa.qasuntrust.gs.com:443
[https] mfa.qatruist.gs.com:443
[https] mfa.suntrust.gs.com:443
[https] mfa.truist.gs.com:443
[https] mfa.uat.atlas.gs.com:443
[https] mfa.uat.bmo.lp.gs.com:443
[https] mfa.uat.huntington.liquidityportal.gs.com:443
[https] mfa.uat.truist.liquidity.gs.com:443
[https] mfseft.gs.com:443
[https] mft.gs.com:443
[https] mobileimdsrp.gs.com:443
[https] mobileimdsrp-qa.gs.com:443
[https] mortgagecredituniversity.gs.com:443
[https] nonprod.eum.appd.gs.com:443
[https] ny.fx.gs.com:443
[https] nyrail1.orbit.gs.com:443
[http] socialcontent.gs.com:80
[https] orbit1.gs.com:443
[https] origin.gsam.gs.com:443
[https] origin.lockbox.gs.com:443
[https] origin.lockbox-qa.gs.com:443
[https] origin-qa.gsam.gs.com:443
[https] origin-qa.tracking.gs.com:443
[https] ose-warrant.gs.com:443
[https] pilot.dsp.gs.com:443
[https] pilot.global-liquidity.gs.com:443
[https] pilot.qaglobal-liquidity.gs.com:443
[https] pilot.uat.dsp.gs.com:443
[https] portal.gs.com:443
[https] portal-qa.gs.com:443
[https] portal.valueaccelerator.gs.com:443
[https] portfolio.gs.com:443
[https] pp-ext-select.gs.com:443
[https] ppselect.gs.com:443
[https] pre-prod.360.gs.com:443
[https] pre-prod.portal.gs.com:443
[https] prod-360.gs.com:443
[https] prod-commod-ng-edi.gs.com:443
[https] prod.eum.appd.gs.com:443
[https] prod.mdm.gs.com:443
[https] prod-visr.gs.com:443
[https] projx.api.clearfactr.gs.com:443
[https] projx.app.clearfactr.gs.com:443
[https] publishing.gs.com:443
[https] publishing-qa.gs.com:443
[https] qa1-login.gs.com:443
[https] qa2-login.gs.com:443
[https] qa-360.gs.com:443
[https] qa.accounts.gs.com:443
[https] qaaon.gs.com:443
[https] qa-commod-ng-edi.gs.com:443
[https] qacommod-ng-edi.gs.com:443
[https] qa.confluence.devcollab.gs.com:443
[https] qa.developer.gs.com:443
[https] qafx.gs.com:443
[https] qaglobal-liquidity.gs.com:443
[https] qa.growth.gs.com:443
[https] qagsmarkets.gs.com:443
[https] qagtam-external-vendor-srp.gs.com:443
[https] qa.jira3.devcollab.gs.com:443
[https] qa.jira.devcollab.gs.com:443
[https] qalogin.gs.com:443
[https] qa-login-higher.gs.com:443
[https] qa.marcus.jira.devcollab.gs.com:443
[https] qa.marketing.gs.com:443
[https] qa.marqueetrader.gs.com:443
[https] qa.mdm.gs.com:443
[https] qamdm.gs.com:443
[https] qa.nyrail1.orbit.gs.com:443
[https] qa-portal.valueaccelerator.gs.com:443
[https] qareditrader.gs.com:443
[https] qasecurities.mobile.gs.com:443
[https] qa.site1.sitehostingdemo.gs.com:443
[https] qa.site2.sitehostingdemo.gs.com:443
[https] qasocialcontent.gs.com:443
[https] qastablevalue.gs.com:443
[https] qasuntrust.gs.com:443
[https] qathemarkets2.gs.com:443
[https] qa.tracking.gs.com:443
[https] qatruist.gs.com:443
[https] qa-twilio-ext.gs.com:443
[https] qa.valueaccelerator.gs.com:443
[https] qawebid2.gs.com:443
[https] qawww.bmo.gs.com:443
[https] redifx.gs.com:443
[https] redifx.hk.gs.com:443
[https] redifx.uk.gs.com:443
[https] reditrader.gs.com:443
[https] research.gs.com:443
[https] research-poc.gs.com:443
[https] research-qa.gs.com:443
[https] research-qa-upgrade.gs.com:443
[https] research-test.gs.com:443
[https] research-test-qa.gs.com:443
[https] research-upgrade.gs.com:443
[https] sdr.uk.enotifications.gs.com:443
[https] securemail2.gs.com:443
[https] securemail.gs.com:443
[https] securities.mobile.gs.com:443
[https] seft.gs.com:443
[https] select.gs.com:443
[https] select-staging.gs.com:443
[https] sfx.gs.com:443
[https] sfxqa.gs.com:443
[https] sitselect.gs.com:443
[https] skylab.gs.com:443
[https] socialcontent.gs.com:443
[https] sparkgate-prod.gs.com:443
[https] sparkgate-prod-hkg.gs.com:443
[https] sparkgate-prod-ldn.gs.com:443
[https] sparkgate-qa.gs.com:443
[https] stablevalue.gs.com:443
[https] staging.sitselect.gs.com:443
[https] start.gs.com:443
[https] start-uat.gs.com:443
[https] status.developer.gs.com:443
[https] subscription.eo.gs.com:443
[https] suntrust.gs.com:443
[https] swiss1.gw-login.gs.com:443
[https] swiss1-login.gs.com:443
[https] swiss2.gw-login.gs.com:443
[https] swiss2-login.gs.com:443
[https] swiss.gw-login.gs.com:443
[https] swiss-login.gs.com:443
[http] stablevalue.gs.com:80
[http] staging.sitselect.gs.com:80
[http] start.gs.com:80
[http] start-uat.gs.com:80
[http] status.developer.gs.com:80
[https] test.accounts.gs.com:443
[https] themarkets2.gs.com:443
[https] tracking.gs.com:443
[https] trackuat.uk.enotifications.gs.com:443
[https] track.uk.enotifications.gs.com:443
[https] truist.gs.com:443
[https] truist-mfa.liquidity.gs.com:443
[https] truist-mfa.uat.liquidity.gs.com:443
[https] txbdev.gs.com:443
[https] txb.gs.com:443
[https] txbqa2.gs.com:443
[https] txbqa.gs.com:443
[https] txbsit.gs.com:443
[https] uat.atlas.gs.com:443
[https] uat.bmo.lp.gs.com:443
[https] uat.confluence.devcollab.gs.com:443
[https] uat.huntington.liquidityportal.gs.com:443
[https] uat.jira2.devcollab.gs.com:443
[https] uat.jira3.devcollab.gs.com:443
[https] uat.jira.devcollab.gs.com:443
[https] uat.marcus.jira.devcollab.gs.com:443
[https] uat.relda.devdesk.gs.com:443
[https] uat.truist.liquidity.gs.com:443
[https] uat.zoom.workplace.gs.com:443
[http] suntrust.gs.com:80
[https] valueaccelerator.gs.com:443
[https] v.gs.com:443
[https] visr.gs.com:443
[https] visruat.gs.com:443
[https] vitfunds.gs.com:443
[https] warrants.gs.com:443
[https] web-global.marquee.gs.com:443
[https] web-global.marquee-qa.gs.com:443
[https] webid2.gs.com:443
[https] webid.gs.com:443
[http] swiss1-login.gs.com:80
[http] swiss2-login.gs.com:80
[http] swiss-login.gs.com:80
[https] www2.gs.com:443
[https] www.360.gs.com:443
[https] www.beta.dsp.gs.com:443
[https] www.beta.global-liquidity.gs.com:443
[https] www.beta.qaglobal-liquidity.gs.com:443
[https] www.beta.uat.dsp.gs.com:443
[https] www.blackinbusiness.gs.com:443
[https] www.bmo.gs.com:443
[https] www.derivativesuniversity.gs.com:443
[https] www.developer.gs.com:443
[https] www.dsp.gs.com:443
[https] www.fx.gs.com:443
[https] www.global-liquidity.gs.com:443
[https] www.growth.gs.com:443
[https] www.gsamccs.gs.com:443
[https] www.gsamldi.gs.com:443
[https] www.gs.com:443
[https] www.gs-mosaic.gs.com:443
[https] www.gsmosaic.gs.com:443
[https] www.gs-mosaic.qa.gs.com:443
[https] www.gsmosaic.qa.gs.com:443
[https] www.help.gsmosaic.gs.com:443
[https] www.help.gs-mosaic.qa.gs.com:443
[https] www.help.gsmosaic.qa.gs.com:443
[https] www.ias.gs.com:443
[https] www.institutionaladvisoryservices.gs.com:443
[https] www.marquee.gs.com:443
[https] www.pilot.dsp.gs.com:443
[https] www.pilot.global-liquidity.gs.com:443
[https] www.pilot.qaglobal-liquidity.gs.com:443
[https] www.pilot.uat.dsp.gs.com:443
[https] www.portal.gs.com:443
[https] www.portfolio.gs.com:443
[https] www.qa.alternatives.analytics.gs.com:443
[https] www.qa.developer.gs.com:443
[https] www.qaglobal-liquidity.gs.com:443
[https] www.qa.growth.gs.com:443
[https] wwwqa.gs.com:443
[https] www.qalogin.gs.com:443
[https] wwwqa.redir.web.gs.com:443
[https] www.qa.valueaccelerator.gs.com:443
[https] www.tis2001.gs.com:443
[https] www.valueaccelerator.gs.com:443
[http] test.accounts.gs.com:80
[http] tracking.gs.com:80
[http] trackuat.uk.enotifications.gs.com:80
[http] truist.gs.com:80
[http] truist-mfa.liquidity.gs.com:80
[http] truist-mfa.uat.liquidity.gs.com:80
[http] txbdev.gs.com:80
[http] txb.gs.com:80
[http] txbqa2.gs.com:80
[http] txbqa.gs.com:80
[http] txbsit.gs.com:80
[http] uat.atlas.gs.com:80
[http] uat.bmo.lp.gs.com:80
[http] uat.confluence.devcollab.gs.com:80
[http] uat.huntington.liquidityportal.gs.com:80
[http] uat.jira2.devcollab.gs.com:80
[http] uat.jira3.devcollab.gs.com:80
[http] uat.jira.devcollab.gs.com:80
[http] uat.marcus.jira.devcollab.gs.com:80
[http] uat.relda.devdesk.gs.com:80
[http] uat.truist.liquidity.gs.com:80
[http] uat.zoom.workplace.gs.com:80
[http] valueaccelerator.gs.com:80
[http] v.gs.com:80
[http] vitfunds.gs.com:80
[http] warrants.gs.com:80
[http] web-global.marquee.gs.com:80
[http] web-global.marquee-qa.gs.com:80
[http] www2.gs.com:80
[http] www.360.gs.com:80
[http] www.beta.dsp.gs.com:80
[http] www.beta.global-liquidity.gs.com:80
[http] www.beta.qaglobal-liquidity.gs.com:80
[http] www.beta.uat.dsp.gs.com:80
[http] www.blackinbusiness.gs.com:80
[http] www.bmo.gs.com:80
[http] www.derivativesuniversity.gs.com:80
[http] www.developer.gs.com:80
[http] www.dsp.gs.com:80
[http] www.fx.gs.com:80
[http] www.global-liquidity.gs.com:80
[http] www.growth.gs.com:80
[http] www.gsamccs.gs.com:80
[http] www.gsamldi.gs.com:80
[http] www.gs.com:80
[http] www.gs-mosaic.gs.com:80
[http] www.gsmosaic.gs.com:80
[http] www.gs-mosaic.qa.gs.com:80
[http] www.gsmosaic.qa.gs.com:80
[http] www.help.gsmosaic.gs.com:80
[http] www.help.gs-mosaic.qa.gs.com:80
[http] www.help.gsmosaic.qa.gs.com:80
[http] www.ias.gs.com:80
[http] www.institutionaladvisoryservices.gs.com:80
[http] www.marquee.gs.com:80
[http] www.pilot.dsp.gs.com:80
[http] www.pilot.global-liquidity.gs.com:80
[http] www.pilot.qaglobal-liquidity.gs.com:80
[http] www.pilot.uat.dsp.gs.com:80
[http] www.portal.gs.com:80
[http] www.portfolio.gs.com:80
[http] www.qa.alternatives.analytics.gs.com:80
[http] www.qa.developer.gs.com:80
[http] www.qaglobal-liquidity.gs.com:80
[http] www.qa.growth.gs.com:80
[http] wwwqa.gsamldi.gs.com:80
[http] wwwqa.gs.com:80
[http] wwwqa.ias.gs.com:80
[http] wwwqa.institutionaladvisoryservices.gs.com:80
[http] www.qalogin.gs.com:80
[http] wwwqa.redir.web.gs.com:80
[http] www.qa.valueaccelerator.gs.com:80
[http] www.tis2001.gs.com:80
[http] www.valueaccelerator.gs.com:80
[ida-agent] careers.gs.com:5051
[ida-agent] ctw.gs.com:5051
[ida-agent] qaderivativesuniversity.gs.com:5051
[ida-agent] qaias.gs.com:5051
[ida-agent] qainstitutionaladvisoryservices.gs.com:5051
[ida-agent] qamortgagecredituniversity.gs.com:5051
[ida-agent] qavitfunds.web.gs.com:5051
[ida-agent] wwwqa.gsamldi.gs.com:5051
[ida-agent] wwwqa.ias.gs.com:5051
[ida-agent] wwwqa.institutionaladvisoryservices.gs.com:5051
[infowave] help.dsp.gs.com:2082
[infowave] help.gsmosaic.qa.gs.com:2082
[infowave] www.help.gsmosaic.gs.com:2082
[kerberos-sec] careers.gs.com:88
[kerberos-sec] ctw.gs.com:88
[kerberos-sec] qaderivativesuniversity.gs.com:88
[kerberos-sec] qaias.gs.com:88
[kerberos-sec] qainstitutionaladvisoryservices.gs.com:88
[kerberos-sec] qamortgagecredituniversity.gs.com:88
[kerberos-sec] qavitfunds.web.gs.com:88
[kerberos-sec] wwwqa.gsamldi.gs.com:88
[kerberos-sec] wwwqa.ias.gs.com:88
[kerberos-sec] wwwqa.institutionaladvisoryservices.gs.com:88
[kshell] careers.gs.com:544
[kshell] ctw.gs.com:544
[kshell] qaderivativesuniversity.gs.com:544
[kshell] qaias.gs.com:544
[kshell] qainstitutionaladvisoryservices.gs.com:544
[kshell] qamortgagecredituniversity.gs.com:544
[kshell] qavitfunds.web.gs.com:544
[kshell] wwwqa.gsamldi.gs.com:544
[kshell] wwwqa.ias.gs.com:544
[kshell] wwwqa.institutionaladvisoryservices.gs.com:544
[login] careers.gs.com:513
[login] ctw.gs.com:513
[login] qaderivativesuniversity.gs.com:513
[login] qaias.gs.com:513
[login] qainstitutionaladvisoryservices.gs.com:513
[login] qamortgagecredituniversity.gs.com:513
[login] qavitfunds.web.gs.com:513
[login] wwwqa.gsamldi.gs.com:513
[login] wwwqa.ias.gs.com:513
[login] wwwqa.institutionaladvisoryservices.gs.com:513
[LSA-or-nterm] careers.gs.com:1026
[LSA-or-nterm] ctw.gs.com:1026
[LSA-or-nterm] qaderivativesuniversity.gs.com:1026
[LSA-or-nterm] qaias.gs.com:1026
[LSA-or-nterm] qainstitutionaladvisoryservices.gs.com:1026
[LSA-or-nterm] qamortgagecredituniversity.gs.com:1026
[LSA-or-nterm] qavitfunds.web.gs.com:1026
[LSA-or-nterm] wwwqa.gsamldi.gs.com:1026
[LSA-or-nterm] wwwqa.ias.gs.com:1026
[LSA-or-nterm] wwwqa.institutionaladvisoryservices.gs.com:1026
[ms-lsa] careers.gs.com:1029
[ms-lsa] ctw.gs.com:1029
[ms-lsa] qaderivativesuniversity.gs.com:1029
[ms-lsa] qaias.gs.com:1029
[ms-lsa] qainstitutionaladvisoryservices.gs.com:1029
[ms-lsa] qamortgagecredituniversity.gs.com:1029
[ms-lsa] qavitfunds.web.gs.com:1029
[ms-lsa] wwwqa.gsamldi.gs.com:1029
[ms-lsa] wwwqa.ias.gs.com:1029
[ms-lsa] wwwqa.institutionaladvisoryservices.gs.com:1029
[ms-wbt-server] careers.gs.com:3389
[ms-wbt-server] ctw.gs.com:3389
[ms-wbt-server] qaderivativesuniversity.gs.com:3389
[ms-wbt-server] qaias.gs.com:3389
[ms-wbt-server] qainstitutionaladvisoryservices.gs.com:3389
[ms-wbt-server] qamortgagecredituniversity.gs.com:3389
[ms-wbt-server] qavitfunds.web.gs.com:3389
[ms-wbt-server] wwwqa.gsamldi.gs.com:3389
[ms-wbt-server] wwwqa.ias.gs.com:3389
[ms-wbt-server] wwwqa.institutionaladvisoryservices.gs.com:3389
[mysql] careers.gs.com:3306
[mysql] ctw.gs.com:3306
[mysql] qaderivativesuniversity.gs.com:3306
[mysql] qaias.gs.com:3306
[mysql] qainstitutionaladvisoryservices.gs.com:3306
[mysql] qamortgagecredituniversity.gs.com:3306
[mysql] qavitfunds.web.gs.com:3306
[mysql] wwwqa.gsamldi.gs.com:3306
[mysql] wwwqa.ias.gs.com:3306
[mysql] wwwqa.institutionaladvisoryservices.gs.com:3306
[netbios-ssn] careers.gs.com:139
[netbios-ssn] ctw.gs.com:139
[netbios-ssn] qaderivativesuniversity.gs.com:139
[netbios-ssn] qaias.gs.com:139
[netbios-ssn] qainstitutionaladvisoryservices.gs.com:139
[netbios-ssn] qamortgagecredituniversity.gs.com:139
[netbios-ssn] qavitfunds.web.gs.com:139
[netbios-ssn] wwwqa.gsamldi.gs.com:139
[netbios-ssn] wwwqa.ias.gs.com:139
[netbios-ssn] wwwqa.institutionaladvisoryservices.gs.com:139
[news] careers.gs.com:144
[news] ctw.gs.com:144
[news] qaderivativesuniversity.gs.com:144
[news] qaias.gs.com:144
[news] qainstitutionaladvisoryservices.gs.com:144
[news] qamortgagecredituniversity.gs.com:144
[news] qavitfunds.web.gs.com:144
[news] wwwqa.gsamldi.gs.com:144
[news] wwwqa.ias.gs.com:144
[news] wwwqa.institutionaladvisoryservices.gs.com:144
[nfs] careers.gs.com:2049
[nfs] ctw.gs.com:2049
[nfs] qaderivativesuniversity.gs.com:2049
[nfs] qaias.gs.com:2049
[nfs] qainstitutionaladvisoryservices.gs.com:2049
[nfs] qamortgagecredituniversity.gs.com:2049
[nfs] qavitfunds.web.gs.com:2049
[nfs] wwwqa.gsamldi.gs.com:2049
[nfs] wwwqa.ias.gs.com:2049
[nfs] wwwqa.institutionaladvisoryservices.gs.com:2049
[radsec] help.dsp.gs.com:2083
[radsec] help.gsmosaic.qa.gs.com:2083
[radsec] www.help.gsmosaic.gs.com:2083
[sip-tls] bdcexp01edge01.jabber.gs.com:5061
[sip-tls] bdcexp01edge02.jabber.gs.com:5061
[sip-tls] cdcexp01edge01.jabber.gs.com:5061
[sip-tls] cdcexp01edge02.jabber.gs.com:5061
[sip-tls] exp01qaedge01.net.gs.com:5061
[sip-tls] exp02qaedge01.net.gs.com:5061
[sip-tls] expedge.jabber.gs.com:5061
[sip-tls] hksdcexp01edge01.jabber.gs.com:5061
[sip-tls] ldcegexp01edge01.jabber.gs.com:5061
[sip-tls] ldcegexp01edge02.jabber.gs.com:5061
[sip-tls] lhrexp01edge01.jabber.gs.com:5061
[sip-tls] lhrexp01edge02.jabber.gs.com:5061
[sip-tls] service.jabber.gs.com:5061
[sip-tls] sgadcexp01edge01.jabber.gs.com:5061
[sip-tls] sip.gs.com:5061
[sip-tls] sipucext.gs.com:5061
[smtp] gsppabdp02sd.idz.gs.com:25
[smtp] gsppacdp02sd.idz.gs.com:25
[smtp] gsppacdp04sd.idz.gs.com:25
[smtp] mail1.uk.enotifications.gs.com:25
[smtp] mxe01.gs.com:25
[smtp] mxe02.gs.com:25
[smtp] mxe03.gs.com:25
[smtp] mxe04.gs.com:25
[smtp] mxe05.gs.com:25
[smtp] mxe06.gs.com:25
[smtp] mxe07.gs.com:25
[smtp] mxe08.gs.com:25
[smtp] mxe99.gs.com:25
[smtp] mxecd04.gs.com:25
[smtp] trackuat.uk.enotifications.gs.com:25
[ssh] ftp2.gs.com:22
[ssh] ftp.gs.com:22
[ssh] ftpserver.gs.com:22
[ssh] mfseft.gs.com:22
[ssh] mft.gs.com:22
[ssh] seft.gs.com:22
[ssh] sftqa.txb.gs.com:22
[ssh] sft.txb.gs.com:22
[ssh] sfx.gs.com:22
[ssh] sfxqa.gs.com:22
[ssh] www.blackinbusiness.gs.com:22
[submission] careers.gs.com:587
[submission] ctw.gs.com:587
[submission] qaderivativesuniversity.gs.com:587
[submission] qaias.gs.com:587
[submission] qainstitutionaladvisoryservices.gs.com:587
[submission] qamortgagecredituniversity.gs.com:587
[submission] qavitfunds.web.gs.com:587
[submission] wwwqa.gsamldi.gs.com:587
[submission] wwwqa.ias.gs.com:587
[submission] wwwqa.institutionaladvisoryservices.gs.com:587
[svrloc] careers.gs.com:427
[svrloc] ctw.gs.com:427
[svrloc] qaderivativesuniversity.gs.com:427
[svrloc] qaias.gs.com:427
[svrloc] qainstitutionaladvisoryservices.gs.com:427
[svrloc] qamortgagecredituniversity.gs.com:427
[svrloc] qavitfunds.web.gs.com:427
[svrloc] wwwqa.gsamldi.gs.com:427
[svrloc] wwwqa.ias.gs.com:427
[svrloc] wwwqa.institutionaladvisoryservices.gs.com:427
[tungsten-https] origin.lockbox.gs.com:9443
[unknown] careers.gs.com:49152
[unknown] careers.gs.com:49157
[unknown] ctw.gs.com:49152
[unknown] ctw.gs.com:49157
[unknown] qaderivativesuniversity.gs.com:49152
[unknown] qaderivativesuniversity.gs.com:49157
[unknown] qaias.gs.com:49152
[unknown] qaias.gs.com:49157
[unknown] qainstitutionaladvisoryservices.gs.com:49152
[unknown] qainstitutionaladvisoryservices.gs.com:49157
[unknown] qamortgagecredituniversity.gs.com:49152
[unknown] qamortgagecredituniversity.gs.com:49157
[unknown] qavitfunds.web.gs.com:49152
[unknown] qavitfunds.web.gs.com:49157
[unknown] sftqa.txb.gs.com:10443
[unknown] wwwqa.gsamldi.gs.com:49152
[unknown] wwwqa.gsamldi.gs.com:49157
[unknown] wwwqa.ias.gs.com:49152
[unknown] wwwqa.ias.gs.com:49157
[unknown] wwwqa.institutionaladvisoryservices.gs.com:49152
[unknown] wwwqa.institutionaladvisoryservices.gs.com:49157
[wsdapi] careers.gs.com:5357
[wsdapi] ctw.gs.com:5357
[wsdapi] qaderivativesuniversity.gs.com:5357
[wsdapi] qaias.gs.com:5357
[wsdapi] qainstitutionaladvisoryservices.gs.com:5357
[wsdapi] qamortgagecredituniversity.gs.com:5357
[wsdapi] qavitfunds.web.gs.com:5357
[wsdapi] wwwqa.gsamldi.gs.com:5357
[wsdapi] wwwqa.ias.gs.com:5357
[wsdapi] wwwqa.institutionaladvisoryservices.gs.com:5357
