[http] api.hardware.info:80
[http] be.hardware.info:80
[http] cmp.hardware.info:80
[http] de.hardware.info:80
[http] hardware.info:80
[http] nl.hardware.info:80
[https] api.hardware.info:443
[https] be.hardware.info:443
[https] cmp.hardware.info:443
[https] de.hardware.info:443
[https] hardware.info:443
[https] nl.hardware.info:443
[https] uk.hardware.info:443
[https] us.hardware.info:443
[https] www.hardware.info:443
[http] uk.hardware.info:80
[http] us.hardware.info:80
[http] www.hardware.info:80
[ssh] api.hardware.info:22
[ssh] be.hardware.info:22
[ssh] de.hardware.info:22
[ssh] hardware.info:22
[ssh] nl.hardware.info:22
