[cddbp-alt] api.harvest.finance:8880
[cddbp-alt] api-ui.harvest.finance:8880
[cddbp-alt] app.harvest.finance:8880
[cddbp-alt] claim.harvest.finance:8880
[cddbp-alt] harvest.finance:8880
[cddbp-alt] mint.harvest.finance:8880
[cddbp-alt] old.harvest.finance:8880
[cddbp-alt] vest.harvest.finance:8880
[cddbp-alt] www.harvest.finance:8880
[eli] api.harvest.finance:2087
[eli] api-ui.harvest.finance:2087
[eli] app.harvest.finance:2087
[eli] claim.harvest.finance:2087
[eli] harvest.finance:2087
[eli] mint.harvest.finance:2087
[eli] old.harvest.finance:2087
[eli] vest.harvest.finance:2087
[eli] www.harvest.finance:2087
[gnunet] harvest.finance:2086
[http] app.harvest.finance:80
[http] claim.harvest.finance:80
[http] harvest.finance:80
[http] mint.harvest.finance:80
[http-proxy] app.harvest.finance:8080
[http-proxy] claim.harvest.finance:8080
[http-proxy] mint.harvest.finance:8080
[http-proxy] www.harvest.finance:8080
[https-alt] api.harvest.finance:8443
[https-alt] api-ui.harvest.finance:8443
[https-alt] harvest.finance:8443
[https-alt] old.harvest.finance:8443
[https-alt] vest.harvest.finance:8443
[https] api.harvest.finance:443
[https] api-ui.harvest.finance:443
[https] app.harvest.finance:443
[https] claim.harvest.finance:443
[https] harvest.finance:443
[https] mint.harvest.finance:443
[https] old.harvest.finance:443
[https] vest.harvest.finance:443
[https] www.harvest.finance:443
[http] www.harvest.finance:80
[infowave] app.harvest.finance:2082
[infowave] claim.harvest.finance:2082
[infowave] mint.harvest.finance:2082
[infowave] www.harvest.finance:2082
[knetd] app.harvest.finance:2053
[knetd] claim.harvest.finance:2053
[knetd] mint.harvest.finance:2053
[knetd] www.harvest.finance:2053
