[bgp] motivating-instantaneous.hashflow.com:179
[blackice-alerts] motivating-instantaneous.hashflow.com:8082
[http] gov.hashflow.com:80
[http] hashflow.com:80
[http] motivating-instantaneous.hashflow.com:80
[http-proxy] api.hashflow.com:8080
[http-proxy] api-staging.hashflow.com:8080
[http-proxy] app.hashflow.com:8080
[http-proxy] blog.hashflow.com:8080
[http-proxy] docs.hashflow.com:8080
[http-proxy] next.hashflow.com:8080
[https] api.hashflow.com:443
[https] api-staging.hashflow.com:443
[https] app.hashflow.com:443
[https] blog.hashflow.com:443
[https] docs.hashflow.com:443
[https] gov.hashflow.com:443
[https] hashflow.com:443
[https] motivating-instantaneous.hashflow.com:443
[https] next.hashflow.com:443
[https] www.hashflow.com:443
[http] www.hashflow.com:80
[rtmp] motivating-instantaneous.hashflow.com:1935
[ssh] motivating-instantaneous.hashflow.com:22
[unknown] motivating-instantaneous.hashflow.com:8084
[unknown] motivating-instantaneous.hashflow.com:8085
