[cddbp-alt] docs.honeyfarm.finance:8880
[eli] docs.honeyfarm.finance:2087
[gnunet] docs.honeyfarm.finance:2086
[http] avalanche.honeyfarm.finance:80
[http] bear.honeyfarm.finance:80
[http] bee.honeyfarm.finance:80
[http] busybee.honeyfarm.finance:80
[http] comb.honeyfarm.finance:80
[http] docs.honeyfarm.finance:80
[http] honeyfarm.finance:80
[http] honey.honeyfarm.finance:80
[http] moon.honeyfarm.finance:80
[http-proxy] docs.honeyfarm.finance:8080
[https] avalanche.honeyfarm.finance:443
[https] bear.honeyfarm.finance:443
[https] bee.honeyfarm.finance:443
[https] busybee.honeyfarm.finance:443
[https] comb.honeyfarm.finance:443
[https] docs.honeyfarm.finance:443
[https] honeyfarm.finance:443
[https] honey.honeyfarm.finance:443
[https] moon.honeyfarm.finance:443
[https] www.honeyfarm.finance:443
[http] www.honeyfarm.finance:80
[infowave] docs.honeyfarm.finance:2082
