[cddbp-alt] hotbit.io:8880
[cddbp-alt] ws.hotbit.io:8880
[eli] hotbit.io:2087
[eli] ws.hotbit.io:2087
[gnunet] hotbit.io:2086
[gnunet] ws.hotbit.io:2086
[http] admin.hotbit.io:80
[http] api.hotbit.io:80
[http] appapi.hotbit.io:80
[http] appversion.hotbit.io:80
[http] contractadmin.hotbit.io:80
[http] contract.hotbit.io:80
[http] dist.hotbit.io:80
[http] down.hotbit.io:80
[http] error.hotbit.io:80
[http] etfws.hotbit.io:80
[http] fund.hotbit.io:80
[http] grin.hotbit.io:80
[http] help.hotbit.io:80
[http] hotbit.io:80
[http] makeapi.hotbit.io:80
[http] m.hotbit.io:80
[http] mwc.hotbit.io:80
[http] otcepay.hotbit.io:80
[http] price.hotbit.io:80
[http-proxy] hotbit.io:8080
[http-proxy] ws.hotbit.io:8080
[https-alt] hotbit.io:8443
[https-alt] ws.hotbit.io:8443
[https] hotbit.io:443
[http] support.hotbit.io:80
[https] url9878.mailnotice.hotbit.io:443
[https] ws.hotbit.io:443
[http] test.hotbit.io:80
[http] url9878.mailnotice.hotbit.io:80
[http] walletws.hotbit.io:80
[http] ws3.hotbit.io:80
[http] ws.hotbit.io:80
[http] www.hotbit.io:80
[infowave] hotbit.io:2082
[knetd] hotbit.io:2053
[nbx-ser] ws.hotbit.io:2095
[radsec] hotbit.io:2083
[radsec] ws.hotbit.io:2083
