[amqp] cmp.huffingtonpost.fr:5672
[ansoft-lm-2] cmp.huffingtonpost.fr:1084
[blackice-icecap] cmp.huffingtonpost.fr:8081
[ctf] cmp.huffingtonpost.fr:84
[dn6-nlm-aud] cmp.huffingtonpost.fr:195
[dnp] cmp.huffingtonpost.fr:20000
[d-s-n] cmp.huffingtonpost.fr:8086
[epp] cmp.huffingtonpost.fr:700
[ff-annunc] cmp.huffingtonpost.fr:1089
[http] cmp.huffingtonpost.fr:80
[http] horizon.huffingtonpost.fr:80
[http] huffingtonpost.fr:80
[http] lavieestbelge-en-wallonie.huffingtonpost.fr:80
[http] link.huffingtonpost.fr:80
[http] m.huffingtonpost.fr:80
[http] projects.huffingtonpost.fr:80
[http-proxy] cmp.huffingtonpost.fr:8080
[http] qa.m.huffingtonpost.fr:80
[http] qa.search.huffingtonpost.fr:80
[http] qa.www.huffingtonpost.fr:80
[https] beta.www.huffingtonpost.fr:443
[https] chaski.huffingtonpost.fr:443
[https] cmp.huffingtonpost.fr:443
[http] search.huffingtonpost.fr:80
[https] horizon.huffingtonpost.fr:443
[https] huffingtonpost.fr:443
[https] lavieestbelge-en-wallonie.huffingtonpost.fr:443
[https] link.huffingtonpost.fr:443
[https] m.beta.www.huffingtonpost.fr:443
[https] m.huffingtonpost.fr:443
[https] projects.huffingtonpost.fr:443
[https] qa.m.huffingtonpost.fr:443
[https] qa.search.huffingtonpost.fr:443
[https] qa.www.huffingtonpost.fr:443
[https] search.huffingtonpost.fr:443
[https] staging.m.huffingtonpost.fr:443
[https] staging.search.huffingtonpost.fr:443
[https] staging.www.huffingtonpost.fr:443
[http] staging.m.huffingtonpost.fr:80
[http] staging.search.huffingtonpost.fr:80
[http] staging.www.huffingtonpost.fr:80
[https] videos.huffingtonpost.fr:443
[https] www.huffingtonpost.fr:443
[http] videos.huffingtonpost.fr:80
[http] www.huffingtonpost.fr:80
[ies-lm] cmp.huffingtonpost.fr:1443
[imap] cmp.huffingtonpost.fr:143
[imaps] cmp.huffingtonpost.fr:993
[jetdirect] cmp.huffingtonpost.fr:9100
[memcache] cmp.huffingtonpost.fr:11211
[mit-ml-dev] cmp.huffingtonpost.fr:83
[mit-ml-dev] cmp.huffingtonpost.fr:85
[mqtt] cmp.huffingtonpost.fr:1883
[ms-wbt-server] cmp.huffingtonpost.fr:3389
[ncd-conf] cmp.huffingtonpost.fr:5999
[ndmps] cmp.huffingtonpost.fr:30000
[opsmessaging] cmp.huffingtonpost.fr:8090
[pop3] cmp.huffingtonpost.fr:110
[pop3s] cmp.huffingtonpost.fr:995
[postgresql] cmp.huffingtonpost.fr:5432
[radan-http] cmp.huffingtonpost.fr:8088
[rtmp] cmp.huffingtonpost.fr:1935
[smtp] cmp.huffingtonpost.fr:25
[smtps] cmp.huffingtonpost.fr:465
[submission] cmp.huffingtonpost.fr:587
[su-mit-tg] cmp.huffingtonpost.fr:89
[unknown] cmp.huffingtonpost.fr:8085
[unknown] cmp.huffingtonpost.fr:8089
[unknown] cmp.huffingtonpost.fr:8099
[vnc-1] cmp.huffingtonpost.fr:5901
[vnc] cmp.huffingtonpost.fr:5900
[wap-wsp] cmp.huffingtonpost.fr:9200
[webobjects] cmp.huffingtonpost.fr:1085
[whois] cmp.huffingtonpost.fr:43
[xmpp-client] cmp.huffingtonpost.fr:5222
