[http] horizon.huffingtonpost.es:80
[http] huffingtonpost.es:80
[http] link.huffingtonpost.es:80
[http] m.huffingtonpost.es:80
[http] projects.huffingtonpost.es:80
[http] qa.m.huffingtonpost.es:80
[http] qa.search.huffingtonpost.es:80
[http] qa.www.huffingtonpost.es:80
[https] beta.www.huffingtonpost.es:443
[https] chaski.huffingtonpost.es:443
[http] search.huffingtonpost.es:80
[https] horizon.huffingtonpost.es:443
[https] huffingtonpost.es:443
[https] link.huffingtonpost.es:443
[https] m.beta.www.huffingtonpost.es:443
[https] m.huffingtonpost.es:443
[https] projects.huffingtonpost.es:443
[https] qa.m.huffingtonpost.es:443
[https] qa.search.huffingtonpost.es:443
[https] qa.www.huffingtonpost.es:443
[https] search.huffingtonpost.es:443
[https] staging.m.huffingtonpost.es:443
[https] staging.search.huffingtonpost.es:443
[https] staging.www.huffingtonpost.es:443
[http] staging.m.huffingtonpost.es:80
[http] staging.search.huffingtonpost.es:80
[http] staging.www.huffingtonpost.es:80
[https] www.huffingtonpost.es:443
[http] www.huffingtonpost.es:80
