[http] ceros.huffingtonpost.ca:80
[http] horizon.huffingtonpost.ca:80
[http] huffingtonpost.ca:80
[http] link.huffingtonpost.ca:80
[http] link.quebec.huffingtonpost.ca:80
[http] m.huffingtonpost.ca:80
[http] m.quebec.huffingtonpost.ca:80
[http] projects.huffingtonpost.ca:80
[http] qa.m.quebec.huffingtonpost.ca:80
[http] qa.quebec.huffingtonpost.ca:80
[http] qa.www.huffingtonpost.ca:80
[http] quebec.huffingtonpost.ca:80
[https] ceros.huffingtonpost.ca:443
[https] chaski.huffingtonpost.ca:443
[https] chaski.quebec.huffingtonpost.ca:443
[http] search.huffingtonpost.ca:80
[http] search.quebec.huffingtonpost.ca:80
[https] horizon.huffingtonpost.ca:443
[https] huffingtonpost.ca:443
[https] link.huffingtonpost.ca:443
[https] link.quebec.huffingtonpost.ca:443
[https] m.huffingtonpost.ca:443
[https] m.quebec.huffingtonpost.ca:443
[https] preview.www.huffingtonpost.ca:443
[https] projects.huffingtonpost.ca:443
[https] qa.m.quebec.huffingtonpost.ca:443
[https] qa.quebec.huffingtonpost.ca:443
[https] qa.www.huffingtonpost.ca:443
[https] quebec.huffingtonpost.ca:443
[https] search.huffingtonpost.ca:443
[https] search.quebec.huffingtonpost.ca:443
[https] staging.m.huffingtonpost.ca:443
[https] staging.quebec.huffingtonpost.ca:443
[https] staging.www.huffingtonpost.ca:443
[http] staging.m.huffingtonpost.ca:80
[http] staging.quebec.huffingtonpost.ca:80
[http] staging.www.huffingtonpost.ca:80
[https] www.huffingtonpost.ca:443
[https] www.quebec.huffingtonpost.ca:443
[http] www.huffingtonpost.ca:80
[http] www.quebec.huffingtonpost.ca:80
