[http] horizon.huffingtonpost.com.au:80
[http] huffingtonpost.com.au:80
[http] link.huffingtonpost.com.au:80
[http] m.huffingtonpost.com.au:80
[http] projects.huffingtonpost.com.au:80
[http] qa.m.huffingtonpost.com.au:80
[http] qa.www.huffingtonpost.com.au:80
[https] beta.www.huffingtonpost.com.au:443
[https] chaski.huffingtonpost.com.au:443
[http] search.huffingtonpost.com.au:80
[https] horizon.huffingtonpost.com.au:443
[https] huffingtonpost.com.au:443
[https] link.huffingtonpost.com.au:443
[https] m.beta.www.huffingtonpost.com.au:443
[https] m.huffingtonpost.com.au:443
[https] projects.huffingtonpost.com.au:443
[https] qa.m.huffingtonpost.com.au:443
[https] qa.www.huffingtonpost.com.au:443
[https] search.huffingtonpost.com.au:443
[https] staging.m.huffingtonpost.com.au:443
[https] staging.www.huffingtonpost.com.au:443
[https] stories.huffingtonpost.com.au:443
[http] staging.m.huffingtonpost.com.au:80
[http] staging.www.huffingtonpost.com.au:80
[http] stories.huffingtonpost.com.au:80
[https] www.huffingtonpost.com.au:443
[http] www.huffingtonpost.com.au:80
