[EtherNetIP-1] ryot.huffingtonpost.com:2222
[http] accounts-beta.huffingtonpost.com:80
[http] accounts.huffingtonpost.com:80
[http] accounts-staging.huffingtonpost.com:80
[http] accounts.staging.huffingtonpost.com:80
[http] ariannaonline.huffingtonpost.com:80
[http] assets.elections.huffingtonpost.com:80
[http] assets.huffingtonpost.com:80
[http] bestschoolday.huffingtonpost.com:80
[http] big.assets.huffingtonpost.com:80
[http] blogger.huffingtonpost.com:80
[http] calendar.huffingtonpost.com:80
[http] cgnk.huffingtonpost.com:80
[http] content-write.huffingtonpost.com:80
[http] content-write.staging.huffingtonpost.com:80
[http] contributor.huffingtonpost.com:80
[http] creativelabs.huffingtonpost.com:80
[http] data.huffingtonpost.com:80
[http] dev.assets.huffingtonpost.com:80
[http] dev.highline.huffingtonpost.com:80
[http] docs.huffingtonpost.com:80
[http] drive.huffingtonpost.com:80
[http] editorial.huffingtonpost.com:80
[http] elections.huffingtonpost.com:80
[http] finance.huffingtonpost.com:80
[http] fundrace.huffingtonpost.com:80
[http] groups.huffingtonpost.com:80
[http] gunviolence-assets.huffingtonpost.com:80
[http] gunviolence.huffingtonpost.com:80
[http] help.huffingtonpost.com:80
[http] horizon.huffingtonpost.com:80
[http] horoscopes.huffingtonpost.com:80
[http] huffingtonpost.com:80
[http] ifthisartcouldvote.huffingtonpost.com:80
[http] images.huffingtonpost.com:80
[http] img.huffingtonpost.com:80
[http] img.qa.huffingtonpost.com:80
[http] img.staging.huffingtonpost.com:80
[http] interactives.huffingtonpost.com:80
[http] link.huffingtonpost.com:80
[http] live.huffingtonpost.com:80
[http] mail.huffingtonpost.com:80
[http] m.huffingtonpost.com:80
[http] new.www.huffingtonpost.com:80
[http] nl.huffingtonpost.com:80
[http] partnerstudio.huffingtonpost.com:80
[http] politics.huffingtonpost.com:80
[http] preview.www.huffingtonpost.com:80
[http] profiles.images.huffingtonpost.com:80
[http] projects.huffingtonpost.com:80
[http] ps.huffingtonpost.com:80
[http] qa.contributor.huffingtonpost.com:80
[http] qa-userapi.huffingtonpost.com:80
[http] qa.www.huffingtonpost.com:80
[http] quebec.huffingtonpost.com:80
[http] rise.huffingtonpost.com:80
[http] ryot.huffingtonpost.com:80
[https] accounts-beta.huffingtonpost.com:443
[https] accounts.huffingtonpost.com:443
[https] accounts-staging.huffingtonpost.com:443
[https] accounts.staging.huffingtonpost.com:443
[https] assets.elections.huffingtonpost.com:443
[https] assets.huffingtonpost.com:443
[https] bestschoolday.huffingtonpost.com:443
[https] big.assets.huffingtonpost.com:443
[https] blogger.huffingtonpost.com:443
[https] calendar.huffingtonpost.com:443
[https] cgnk.huffingtonpost.com:443
[https] content-write.huffingtonpost.com:443
[https] content-write.staging.huffingtonpost.com:443
[https] contributor.huffingtonpost.com:443
[https] creativelabs.huffingtonpost.com:443
[https] data.huffingtonpost.com:443
[https] dev.assets.huffingtonpost.com:443
[https] docs.huffingtonpost.com:443
[https] drive.huffingtonpost.com:443
[http] search.huffingtonpost.com:80
[http] secure.huffingtonpost.com:80
[https] editorial.huffingtonpost.com:443
[https] elections.huffingtonpost.com:443
[https] finance.huffingtonpost.com:443
[https] fundrace.huffingtonpost.com:443
[https] groups.huffingtonpost.com:443
[https] gunviolence-assets.huffingtonpost.com:443
[https] gunviolence.huffingtonpost.com:443
[https] help.huffingtonpost.com:443
[https] horizon.huffingtonpost.com:443
[https] horoscopes.huffingtonpost.com:443
[http] shows.huffingtonpost.com:80
[https] huffingtonpost.com:443
[https] ifthisartcouldvote.huffingtonpost.com:443
[https] images.huffingtonpost.com:443
[https] img.huffingtonpost.com:443
[https] img.qa.huffingtonpost.com:443
[https] img.staging.huffingtonpost.com:443
[https] interactives.huffingtonpost.com:443
[http] sites.huffingtonpost.com:80
[https] link.huffingtonpost.com:443
[https] live.huffingtonpost.com:443
[https] mail.huffingtonpost.com:443
[https] m.huffingtonpost.com:443
[https] new.www.huffingtonpost.com:443
[https] nl.huffingtonpost.com:443
[https] partnerstudio.huffingtonpost.com:443
[https] politics.huffingtonpost.com:443
[https] preview.www.huffingtonpost.com:443
[https] profiles.images.huffingtonpost.com:443
[https] projects.huffingtonpost.com:443
[https] ps.huffingtonpost.com:443
[https] qa.contributor.huffingtonpost.com:443
[https] qa-userapi.huffingtonpost.com:443
[https] qa.www.huffingtonpost.com:443
[https] quebec.huffingtonpost.com:443
[https] rise.huffingtonpost.com:443
[https] ryot.huffingtonpost.com:443
[https] search.huffingtonpost.com:443
[https] secure.huffingtonpost.com:443
[https] shows.huffingtonpost.com:443
[https] sites.huffingtonpost.com:443
[https] staging-big.assets.huffingtonpost.com:443
[https] staging.contributor.huffingtonpost.com:443
[https] staging.preview.www.huffingtonpost.com:443
[https] staging-react.contributor.huffingtonpost.com:443
[https] staging-uk.contributor.huffingtonpost.com:443
[https] staging-userapi.huffingtonpost.com:443
[https] staging.www.huffingtonpost.com:443
[https] status.huffingtonpost.com:443
[http] staging-big.assets.huffingtonpost.com:80
[http] staging.contributor.huffingtonpost.com:80
[http] staging.preview.www.huffingtonpost.com:80
[http] staging-react.contributor.huffingtonpost.com:80
[http] staging-uk.contributor.huffingtonpost.com:80
[http] staging-userapi.huffingtonpost.com:80
[http] staging.www.huffingtonpost.com:80
[http] status.huffingtonpost.com:80
[https] testkitchen.huffingtonpost.com:443
[https] trumpcards-assets.huffingtonpost.com:443
[https] trumpcards.huffingtonpost.com:443
[https] video.huffingtonpost.com:443
[https] videos.huffingtonpost.com:443
[https] voces.huffingtonpost.com:443
[https] widget.assets.huffingtonpost.com:443
[https] www2.huffingtonpost.com:443
[https] www.elections.huffingtonpost.com:443
[https] www.huffingtonpost.com:443
[http] testkitchen.huffingtonpost.com:80
[http] trumpcards-assets.huffingtonpost.com:80
[http] trumpcards.huffingtonpost.com:80
[http] video.huffingtonpost.com:80
[http] videos.huffingtonpost.com:80
[http] voces.huffingtonpost.com:80
[http] widget.assets.huffingtonpost.com:80
[http] www2.huffingtonpost.com:80
[http] www.elections.huffingtonpost.com:80
[http] www.huffingtonpost.com:80
