[cddbp-alt] auth.huffpost.com:8880
[eli] auth.huffpost.com:2087
[gnunet] auth.huffpost.com:2086
[http] amp.assets.huffpost.com:80
[http] api.login.huffpost.com:80
[http] api-public.huffpost.com:80
[http] auth.huffpost.com:80
[http] auth.stage.huffpost.com:80
[http] cambria.assets.huffpost.com:80
[http] checkout.huffpost.com:80
[http] dev.checkout.huffpost.com:80
[http] dev.mysubscriptions.huffpost.com:80
[http] e.huffpost.com:80
[http] flipside.huffpost.com:80
[http] help.huffpost.com:80
[http] housewithoutwindows.huffpost.com:80
[http] huffpost.com:80
[http] i0.huffpost.com:80
[http] i1.huffpost.com:80
[http] i2.huffpost.com:80
[http] i3.huffpost.com:80
[http] i.huffpost.com:80
[http] link.huffpost.com:80
[http] live.huffpost.com:80
[http] login.huffpost.com:80
[http] login-stage.huffpost.com:80
[http] longform.assets.huffpost.com:80
[http] maisonsansfenetres.huffpost.com:80
[http] mapi.huffpost.com:80
[http] m.huffpost.com:80
[http] m-huffpost-com.huffpost.com:80
[http] mod.huffpost.com:80
[http] modulous.huffpost.com:80
[http] mysubscriptions.huffpost.com:80
[http] offers.huffpost.com:80
[http] oidc.huffpost.com:80
[http] parallellives.huffpost.com:80
[http] preview.m.huffpost.com:80
[http-proxy] auth.huffpost.com:8080
[http] publishing.huffpost.com:80
[http] qa.checkout.huffpost.com:80
[http] qa.m.huffpost.com:80
[http] qa.mysubscriptions.huffpost.com:80
[http] qa.search.huffpost.com:80
[http] qa.www.huffpost.com:80
[http] ryotstudio.huffpost.com:80
[http] ryotstudios.huffpost.com:80
[http] s0.huffpost.com:80
[http] s1.huffpost.com:80
[http] s2.huffpost.com:80
[http] s3.huffpost.com:80
[https-alt] auth.huffpost.com:8443
[https] amp.assets.huffpost.com:443
[https] api.login.huffpost.com:443
[https] api-public.huffpost.com:443
[https] auth.huffpost.com:443
[https] auth.stage.huffpost.com:443
[https] beta.preview.www.huffpost.com:443
[https] beta.www.huffpost.com:443
[https] cambria.assets.huffpost.com:443
[https] chaski.huffpost.com:443
[https] checkout.huffpost.com:443
[https] dev.checkout.huffpost.com:443
[https] dev.mysubscriptions.huffpost.com:443
[http] search.huffpost.com:80
[https] e.huffpost.com:443
[https] flipside.huffpost.com:443
[https] help.huffpost.com:443
[https] housewithoutwindows.huffpost.com:443
[https] huffpost.com:443
[https] i0.huffpost.com:443
[https] i1.huffpost.com:443
[https] i2.huffpost.com:443
[https] i3.huffpost.com:443
[https] i.huffpost.com:443
[http] s-i.huffpost.com:80
[http] sketchy.huffpost.com:80
[http] sli.huffpost.com:80
[https] link.huffpost.com:443
[https] live.huffpost.com:443
[https] login.huffpost.com:443
[https] login-stage.huffpost.com:443
[https] longform.assets.huffpost.com:443
[https] maisonsansfenetres.huffpost.com:443
[https] mapi.huffpost.com:443
[https] m.huffpost.com:443
[http] s.m.huffpost.com:80
[https] m-huffpost-com.huffpost.com:443
[https] mod.huffpost.com:443
[https] modulous.huffpost.com:443
[https] mysubscriptions.huffpost.com:443
[https] offers.huffpost.com:443
[https] oidc.huffpost.com:443
[https] parallellives.huffpost.com:443
[https] preview.m.huffpost.com:443
[https] preview.www.huffpost.com:443
[https] publishing.huffpost.com:443
[https] qa.checkout.huffpost.com:443
[https] qa.m.huffpost.com:443
[https] qa.mysubscriptions.huffpost.com:443
[https] qa.preview.www.huffpost.com:443
[https] qa.search.huffpost.com:443
[https] qa.www.huffpost.com:443
[https] ryotstudio.huffpost.com:443
[https] ryotstudios.huffpost.com:443
[https] s0.huffpost.com:443
[https] s1.huffpost.com:443
[https] s2.huffpost.com:443
[https] s3.huffpost.com:443
[https] search.huffpost.com:443
[http] s-s.huffpost.com:80
[https] s-i.huffpost.com:443
[https] sketchy.huffpost.com:443
[https] sli.huffpost.com:443
[https] s.m.huffpost.com:443
[https] s-s.huffpost.com:443
[https] s.staging.mobile.huffpost.com:443
[https] stage.api.login.huffpost.com:443
[https] stage.login.huffpost.com:443
[https] stage.mysubscriptions.huffpost.com:443
[https] stage.oidc.huffpost.com:443
[https] staging-amp.assets.huffpost.com:443
[https] staging-flipside.huffpost.com:443
[https] staging.mapi.huffpost.com:443
[https] staging.m.huffpost.com:443
[http] s.staging.mobile.huffpost.com:80
[https] staging.modulous.huffpost.com:443
[https] staging.preview.m.huffpost.com:443
[https] staging.search.huffpost.com:443
[https] staging-support.huffpost.com:443
[https] staging.widgets.huffpost.com:443
[https] staging.www.huffpost.com:443
[https] styleguide.huffpost.com:443
[https] support.huffpost.com:443
[http] stage.api.login.huffpost.com:80
[http] stage.login.huffpost.com:80
[http] stage.mysubscriptions.huffpost.com:80
[http] stage.oidc.huffpost.com:80
[http] staging-amp.assets.huffpost.com:80
[http] staging-flipside.huffpost.com:80
[http] staging.mapi.huffpost.com:80
[http] staging.m.huffpost.com:80
[http] staging.modulous.huffpost.com:80
[http] staging.preview.m.huffpost.com:80
[http] staging.search.huffpost.com:80
[http] staging-support.huffpost.com:80
[http] staging.widgets.huffpost.com:80
[http] staging.www.huffpost.com:80
[http] styleguide.huffpost.com:80
[http] support.huffpost.com:80
[https] www.huffpost.com:443
[https] www-huffpost-com.huffpost.com:443
[http] www.huffpost.com:80
[http] www-huffpost-com.huffpost.com:80
[nbx-ser] auth.huffpost.com:2095
[radsec] auth.huffpost.com:2083
