[http] athena.huffpost.net:80
[http] edit.widget.tools.huffpost.net:80
[http] grafana.huffpost.net:80
[http] graphite.huffpost.net:80
[http] huffpost.net:80
[http] it-athena.huffpost.net:80
[http] jenkins.huffpost.net:80
[http] modulous.huffpost.net:80
[http] nagios.huffpost.net:80
[http] origin-identifiers.huffpost.net:80
[http] production-securedrop.huffpost.net:80
[https] athena.huffpost.net:443
[http] secrets.huffpost.net:80
[https] edit.widget.tools.huffpost.net:443
[https] grafana.huffpost.net:443
[https] graphite.huffpost.net:443
[https] huffpost.net:443
[https] it-athena.huffpost.net:443
[https] jenkins.huffpost.net:443
[https] modulous.huffpost.net:443
[https] nagios.huffpost.net:443
[https] origin-identifiers.huffpost.net:443
[https] production-securedrop.huffpost.net:443
[https] secrets.huffpost.net:443
[https] staging-edit.widget.tools.huffpost.net:443
[https] staging-elections.huffpost.net:443
[https] staging-securedrop.huffpost.net:443
[https] staging-widget.tools.huffpost.net:443
[http] staging-edit.widget.tools.huffpost.net:80
[http] staging-widget.tools.huffpost.net:80
[https] widget.tools.huffpost.net:443
[https] www.huffpost.net:443
[http] widget.tools.huffpost.net:80
[http] www.huffpost.net:80
