[http] origin-pollster.huffpo.net:80
[http] production-elections-varnish-autoscale.use1.huffpo.net:80
[http] production-identifiers.use1.huffpo.net:80
[http] production-janus.use1.huffpo.net:80
[http] production-kraken-valencia-preview.use1.huffpo.net:80
[http] production-leak.use1.huffpo.net:80
[http] production-widget.use1.huffpo.net:80
[http] puppet-assets.huffpo.net:80
[http] qa-janus.use1.huffpo.net:80
[http] qa-userapi-api.use1.huffpo.net:80
[http] rpms.huffpo.net:80
[https] beta-origin-hanami.huffpo.net:443
[https] beta-origin-life.huffpo.net:443
[https] beta-origin-life-preview.huffpo.net:443
[https] origin-life.huffpo.net:443
[https] origin-pollster.huffpo.net:443
[https] origin-staging-pollster.huffpo.net:443
[https] production-chaski-public.use1.huffpo.net:443
[https] production-elections-varnish-autoscale.use1.huffpo.net:443
[https] production-identifiers.use1.huffpo.net:443
[https] production-janus.use1.huffpo.net:443
[https] production-kraken-valencia-preview.use1.huffpo.net:443
[https] production-leak.use1.huffpo.net:443
[https] production-widget.use1.huffpo.net:443
[https] puppet-assets.huffpo.net:443
[https] qa-janus.use1.huffpo.net:443
[https] qa-origin-life.huffpo.net:443
[https] qa-userapi-api.use1.huffpo.net:443
[https] rpms.huffpo.net:443
[https] staging-elections-varnish-autoscale.use1.huffpo.net:443
[https] staging-janus.use1.huffpo.net:443
[https] staging-kraken-valencia-preview.use1.huffpo.net:443
[https] staging-leak.use1.huffpo.net:443
[https] staging-origin-life-ats.huffpo.net:443
[https] staging-userapi-api.use1.huffpo.net:443
[http] staging-janus.use1.huffpo.net:80
[http] staging-kraken-valencia-preview.use1.huffpo.net:80
[http] staging-origin-life-ats.huffpo.net:80
[http] staging-userapi-api.use1.huffpo.net:80
