[cddbp-alt] m.huobi.com:8880
[cddbp-alt] old.huobi.com:8880
[clearvisn] old.huobi.com:2052
[eli] account.huobi.com:2087
[eli] api.huobi.com:2087
[eli] asset.huobi.com:2087
[eli] brokerage.huobi.com:2087
[eli] broker.huobi.com:2087
[eli] c2c.huobi.com:2087
[eli] charity.huobi.com:2087
[eli] chat.huobi.com:2087
[eli] dm.huobi.com:2087
[eli] eco.huobi.com:2087
[eli] futures.huobi.com:2087
[eli] general.huobi.com:2087
[eli] hdm.huobi.com:2087
[eli] huobi.com:2087
[eli] im.huobi.com:2087
[eli] institution.huobi.com:2087
[eli] kr.huobi.com:2087
[eli] kyc.huobi.com:2087
[eli] learn.huobi.com:2087
[eli] lt.huobi.com:2087
[eli] lus.huobi.com:2087
[eli] market.huobi.com:2087
[eli] m.huobi.com:2087
[eli] mis-api.huobi.com:2087
[eli] mobile.huobi.com:2087
[eli] nft.huobi.com:2087
[eli] nft-old.huobi.com:2087
[eli] old.huobi.com:2087
[eli] otc-api.huobi.com:2087
[eli] otc.huobi.com:2087
[eli] pledge.huobi.com:2087
[eli] pool.huobi.com:2087
[eli] research-api.huobi.com:2087
[eli] research.huobi.com:2087
[eli] static.huobi.com:2087
[eli] test01.huobi.com:2087
[eli] track.huobi.com:2087
[eli] uc-cn.huobi.com:2087
[eli] uc.huobi.com:2087
[eli] www.huobi.com:2087
[eli] zendesk1.huobi.com:2087
[eli] zendesk3.huobi.com:2087
[eli] zendesk4.huobi.com:2087
[gnunet] m.huobi.com:2086
[gnunet] old.huobi.com:2086
[http] 0206shin.blog.huobi.com:80
[http] 6shin.blog.huobi.com:80
[http] amecomimovienews.blog.huobi.com:80
[http] amehou.blog.huobi.com:80
[http] aphantomtheater.blog.huobi.com:80
[http] autodiscover.huobi.com:80
[http] autodiscover.mm.huobi.com:80
[http] bakutotsuma.blog.huobi.com:80
[http] blog.huobi.com:80
[http] cde.pre.1a.blog.huobi.com:80
[http] lyncdiscover.huobi.com:80
[http] lyncdiscover.mm.huobi.com:80
[http] mail.huobi.com:80
[http] m.huobi.com:80
[http] old.huobi.com:80
[http-proxy] account.huobi.com:8080
[http-proxy] api.huobi.com:8080
[http-proxy] asset.huobi.com:8080
[http-proxy] brokerage.huobi.com:8080
[http-proxy] broker.huobi.com:8080
[http-proxy] c2c.huobi.com:8080
[http-proxy] charity.huobi.com:8080
[http-proxy] chat.huobi.com:8080
[http-proxy] dm.huobi.com:8080
[http-proxy] eco.huobi.com:8080
[http-proxy] futures.huobi.com:8080
[http-proxy] general.huobi.com:8080
[http-proxy] hdm.huobi.com:8080
[http-proxy] huobi.com:8080
[http-proxy] im.huobi.com:8080
[http-proxy] institution.huobi.com:8080
[http-proxy] kr.huobi.com:8080
[http-proxy] kyc.huobi.com:8080
[http-proxy] learn.huobi.com:8080
[http-proxy] lt.huobi.com:8080
[http-proxy] lus.huobi.com:8080
[http-proxy] market.huobi.com:8080
[http-proxy] m.huobi.com:8080
[http-proxy] mis-api.huobi.com:8080
[http-proxy] mobile.huobi.com:8080
[http-proxy] nft.huobi.com:8080
[http-proxy] nft-old.huobi.com:8080
[http-proxy] old.huobi.com:8080
[http-proxy] otc-api.huobi.com:8080
[http-proxy] otc.huobi.com:8080
[http-proxy] pledge.huobi.com:8080
[http-proxy] pool.huobi.com:8080
[http-proxy] research-api.huobi.com:8080
[http-proxy] research.huobi.com:8080
[http-proxy] static.huobi.com:8080
[http-proxy] test01.huobi.com:8080
[http-proxy] track.huobi.com:8080
[http-proxy] uc-cn.huobi.com:8080
[http-proxy] uc.huobi.com:8080
[http-proxy] www.huobi.com:8080
[http-proxy] zendesk1.huobi.com:8080
[http-proxy] zendesk3.huobi.com:8080
[http-proxy] zendesk4.huobi.com:8080
[https] 0206shin.blog.huobi.com:443
[https] 6shin.blog.huobi.com:443
[https] account.huobi.com:443
[https-alt] brokerage.huobi.com:8443
[https-alt] charity.huobi.com:8443
[https-alt] chat.huobi.com:8443
[https-alt] dm.huobi.com:8443
[https-alt] eco.huobi.com:8443
[https-alt] futures.huobi.com:8443
[https-alt] general.huobi.com:8443
[https-alt] hdm.huobi.com:8443
[https-alt] huobi.com:8443
[https-alt] im.huobi.com:8443
[https-alt] institution.huobi.com:8443
[https-alt] kyc.huobi.com:8443
[https-alt] lus.huobi.com:8443
[https-alt] market.huobi.com:8443
[https-alt] m.huobi.com:8443
[https-alt] nft.huobi.com:8443
[https-alt] nft-old.huobi.com:8443
[https-alt] otc-api.huobi.com:8443
[https-alt] pledge.huobi.com:8443
[https-alt] test01.huobi.com:8443
[https-alt] track.huobi.com:8443
[https-alt] uc-cn.huobi.com:8443
[https-alt] uc.huobi.com:8443
[https-alt] www.huobi.com:8443
[https-alt] zendesk1.huobi.com:8443
[https-alt] zendesk3.huobi.com:8443
[https-alt] zendesk4.huobi.com:8443
[https] amecomimovienews.blog.huobi.com:443
[https] amehou.blog.huobi.com:443
[https] aphantomtheater.blog.huobi.com:443
[https] api.huobi.com:443
[https] asset.huobi.com:443
[https] bakutotsuma.blog.huobi.com:443
[https] blog.huobi.com:443
[https] brokerage.huobi.com:443
[https] broker.huobi.com:443
[https] c2c.huobi.com:443
[https] cde.pre.1a.blog.huobi.com:443
[https] charity.huobi.com:443
[https] chat.huobi.com:443
[https] dm.huobi.com:443
[https] eco.huobi.com:443
[https] enterpriseenrollment.huobi.com:443
[https] enterpriseenrollment.mm.huobi.com:443
[https] enterpriseregistration.huobi.com:443
[https] enterpriseregistration.mm.huobi.com:443
[https] futures.huobi.com:443
[https] general.huobi.com:443
[https] hdm.huobi.com:443
[https] huobi.com:443
[https] im.huobi.com:443
[https] institution.huobi.com:443
[https] kr.huobi.com:443
[https] kyc.huobi.com:443
[https] learn.huobi.com:443
[https] lt.huobi.com:443
[https] lus.huobi.com:443
[https] lyncdiscover.huobi.com:443
[https] lyncdiscover.mm.huobi.com:443
[https] mailagent.huobi.com:443
[https] mail.huobi.com:443
[https] market.huobi.com:443
[https] m.huobi.com:443
[https] mis-api.huobi.com:443
[https] mobile.huobi.com:443
[https] nft.huobi.com:443
[https] nft-old.huobi.com:443
[https] old.huobi.com:443
[https] otc-api.huobi.com:443
[https] otc.huobi.com:443
[https] pledge.huobi.com:443
[https] pool.huobi.com:443
[https] research-api.huobi.com:443
[https] research.huobi.com:443
[https] sip.huobi.com:443
[https] sip.mm.huobi.com:443
[https] static.huobi.com:443
[https] test01.huobi.com:443
[https] track.huobi.com:443
[https] uc-cn.huobi.com:443
[https] uc.huobi.com:443
[https] www.blog.huobi.com:443
[https] www.huobi.com:443
[https] www.www.www.amecomimovienews.blog.huobi.com:443
[https] www.www.www.www.amecomimovienews.blog.huobi.com:443
[https] www.www.www.www.www.amecomimovienews.blog.huobi.com:443
[https] www.www.www.www.www.www.amecomimovienews.blog.huobi.com:443
[https] www.www.www.www.www.www.www.amecomimovienews.blog.huobi.com:443
[https] www.www.www.www.www.www.www.www.www.www.www.www.www.www.www.www.www.www.www.www.www.www.www.www.www.www.www.www.www.www.www.blog.huobi.com:443
[https] www.www.www.www.www.www.www.www.www.www.www.www.www.www.www.www.www.www.www.www.www.www.www.www.www.www.www.www.www.www.www.www.blog.huobi.com:443
[https] www.www.www.www.www.www.www.www.www.www.www.www.www.www.www.www.www.www.www.www.www.www.www.www.www.www.www.www.www.www.www.www.www.blog.huobi.com:443
[https] www.www.www.www.www.www.www.www.www.www.www.www.www.www.www.www.www.www.www.www.www.www.www.www.www.www.www.www.www.www.www.www.www.www.blog.huobi.com:443
[https] www.www.www.www.www.www.www.www.www.www.www.www.www.www.www.www.www.www.www.www.www.www.www.www.www.www.www.www.www.www.www.www.www.www.www.blog.huobi.com:443
[https] www.www.www.www.www.www.www.www.www.www.www.www.www.www.www.www.www.www.www.www.www.www.www.www.www.www.www.www.www.www.www.www.www.www.www.www.blog.huobi.com:443
[https] www.www.www.www.www.www.www.www.www.www.www.www.www.www.www.www.www.www.www.www.www.www.www.www.www.www.www.www.www.www.www.www.www.www.www.www.www.blog.huobi.com:443
[https] www.www.www.www.www.www.www.www.www.www.www.www.www.www.www.www.www.www.www.www.www.www.www.www.www.www.www.www.www.www.www.www.www.www.www.www.www.www.blog.huobi.com:443
[https] www.www.www.www.www.www.www.www.www.www.www.www.www.www.www.www.www.www.www.www.www.www.www.www.www.www.www.www.www.www.www.www.www.www.www.www.www.www.www.blog.huobi.com:443
[https] www.www.www.www.www.www.www.www.www.www.www.www.www.www.www.www.www.www.www.www.www.www.www.www.www.www.www.www.www.www.www.www.www.www.www.www.www.www.www.www.blog.huobi.com:443
[https] www.www.www.www.www.www.www.www.www.www.www.www.www.www.www.www.www.www.www.www.www.www.www.www.www.www.www.www.www.www.www.www.www.www.www.www.www.www.www.www.www.blog.huobi.com:443
[https] zendesk1.huobi.com:443
[https] zendesk3.huobi.com:443
[https] zendesk4.huobi.com:443
[http] www.blog.huobi.com:80
[http] www.www.www.amecomimovienews.blog.huobi.com:80
[http] www.www.www.www.amecomimovienews.blog.huobi.com:80
[http] www.www.www.www.www.amecomimovienews.blog.huobi.com:80
[http] www.www.www.www.www.www.amecomimovienews.blog.huobi.com:80
[http] www.www.www.www.www.www.www.amecomimovienews.blog.huobi.com:80
[http] www.www.www.www.www.www.www.www.www.www.www.www.www.www.www.www.www.www.www.www.www.www.www.www.www.www.www.www.www.www.www.blog.huobi.com:80
[http] www.www.www.www.www.www.www.www.www.www.www.www.www.www.www.www.www.www.www.www.www.www.www.www.www.www.www.www.www.www.www.www.blog.huobi.com:80
[http] www.www.www.www.www.www.www.www.www.www.www.www.www.www.www.www.www.www.www.www.www.www.www.www.www.www.www.www.www.www.www.www.www.blog.huobi.com:80
[http] www.www.www.www.www.www.www.www.www.www.www.www.www.www.www.www.www.www.www.www.www.www.www.www.www.www.www.www.www.www.www.www.www.www.blog.huobi.com:80
[http] www.www.www.www.www.www.www.www.www.www.www.www.www.www.www.www.www.www.www.www.www.www.www.www.www.www.www.www.www.www.www.www.www.www.www.blog.huobi.com:80
[http] www.www.www.www.www.www.www.www.www.www.www.www.www.www.www.www.www.www.www.www.www.www.www.www.www.www.www.www.www.www.www.www.www.www.www.www.blog.huobi.com:80
[http] www.www.www.www.www.www.www.www.www.www.www.www.www.www.www.www.www.www.www.www.www.www.www.www.www.www.www.www.www.www.www.www.www.www.www.www.www.blog.huobi.com:80
[http] www.www.www.www.www.www.www.www.www.www.www.www.www.www.www.www.www.www.www.www.www.www.www.www.www.www.www.www.www.www.www.www.www.www.www.www.www.www.blog.huobi.com:80
[http] www.www.www.www.www.www.www.www.www.www.www.www.www.www.www.www.www.www.www.www.www.www.www.www.www.www.www.www.www.www.www.www.www.www.www.www.www.www.www.blog.huobi.com:80
[http] www.www.www.www.www.www.www.www.www.www.www.www.www.www.www.www.www.www.www.www.www.www.www.www.www.www.www.www.www.www.www.www.www.www.www.www.www.www.www.www.blog.huobi.com:80
[http] www.www.www.www.www.www.www.www.www.www.www.www.www.www.www.www.www.www.www.www.www.www.www.www.www.www.www.www.www.www.www.www.www.www.www.www.www.www.www.www.www.blog.huobi.com:80
[imap] mail.huobi.com:143
[imaps] mail.huobi.com:993
[infowave] m.huobi.com:2082
[infowave] old.huobi.com:2082
[knetd] zendesk1.huobi.com:2053
[knetd] zendesk3.huobi.com:2053
[knetd] zendesk4.huobi.com:2053
[nbx-dir] zendesk1.huobi.com:2096
[pop3] mail.huobi.com:110
[pop3s] mail.huobi.com:995
[radsec] account.huobi.com:2083
[radsec] api.huobi.com:2083
[radsec] asset.huobi.com:2083
[radsec] brokerage.huobi.com:2083
[radsec] broker.huobi.com:2083
[radsec] c2c.huobi.com:2083
[radsec] charity.huobi.com:2083
[radsec] chat.huobi.com:2083
[radsec] dm.huobi.com:2083
[radsec] eco.huobi.com:2083
[radsec] futures.huobi.com:2083
[radsec] general.huobi.com:2083
[radsec] hdm.huobi.com:2083
[radsec] im.huobi.com:2083
[radsec] institution.huobi.com:2083
[radsec] kr.huobi.com:2083
[radsec] kyc.huobi.com:2083
[radsec] learn.huobi.com:2083
[radsec] lt.huobi.com:2083
[radsec] lus.huobi.com:2083
[radsec] market.huobi.com:2083
[radsec] m.huobi.com:2083
[radsec] mis-api.huobi.com:2083
[radsec] mobile.huobi.com:2083
[radsec] nft.huobi.com:2083
[radsec] nft-old.huobi.com:2083
[radsec] old.huobi.com:2083
[radsec] otc-api.huobi.com:2083
[radsec] otc.huobi.com:2083
[radsec] pledge.huobi.com:2083
[radsec] pool.huobi.com:2083
[radsec] research-api.huobi.com:2083
[radsec] research.huobi.com:2083
[radsec] static.huobi.com:2083
[radsec] test01.huobi.com:2083
[radsec] track.huobi.com:2083
[radsec] uc-cn.huobi.com:2083
[radsec] uc.huobi.com:2083
[radsec] www.huobi.com:2083
[radsec] zendesk1.huobi.com:2083
[radsec] zendesk3.huobi.com:2083
[radsec] zendesk4.huobi.com:2083
[sip-tls] sip.huobi.com:5061
[sip-tls] sip.mm.huobi.com:5061
[ssh] mailagent.huobi.com:22
[submission] mail.huobi.com:587
