[cddbp-alt] idex.io:8880
[eli] idex.io:2087
[gnunet] idex.io:2086
[http] api-docs-v2.idex.io:80
[http] api-docs-v3.idex.io:80
[http] api.eu-west-1.p9-prod-mainnet.ops.idex.io:80
[http] api.eu-west-1.p9-prod-sub-matic-mainnet.ops.idex.io:80
[http] api.eu-west-1.p9-sandbox-rinkeby.ops.idex.io:80
[http] api.eu-west-1.p9-sandbox-sub-matic-mumbai.ops.idex.io:80
[http] api-matic.idex.io:80
[http] api-sandbox-matic.idex.io:80
[http] blog.idex.io:80
[http] datastream-api-demo.idex.io:80
[http] docs.idex.io:80
[http] exchange-feature-1-prod.idex.io:80
[http] exchange-feature-2-prod.idex.io:80
[http] exchange-feature-2-prod-public.idex.io:80
[http] exchange-feature-3-prod.idex.io:80
[http] exchange-feature-4-prod.idex.io:80
[http] exchange.idex.io:80
[http] farms.idex.io:80
[http] farms-staging.idex.io:80
[http] help.idex.io:80
[http] idex.io:80
[http-proxy] api-docs-v2.idex.io:8080
[http-proxy] docs.idex.io:8080
[http-proxy] exchange-feature-1-prod.idex.io:8080
[http-proxy] farms-staging.idex.io:8080
[http-proxy] idex.io:8080
[http-proxy] widgets-exchange-feature-1-prod.idex.io:8080
[http-proxy] www.sandbox.idex.io:8080
[http] rest-api-demo.idex.io:80
[https-alt] idex.io:8443
[http] sandbox.idex.io:80
[https] api-docs-v2.idex.io:443
[https] api-docs-v3.idex.io:443
[https] api.eu-west-1.p9-prod-mainnet.ops.idex.io:443
[https] api.eu-west-1.p9-prod-sub-matic-mainnet.ops.idex.io:443
[https] api.eu-west-1.p9-sandbox-rinkeby.ops.idex.io:443
[https] api.eu-west-1.p9-sandbox-sub-matic-mumbai.ops.idex.io:443
[https] api-matic.idex.io:443
[https] api-sandbox-matic.idex.io:443
[https] blog.idex.io:443
[https] careers.idex.io:443
[http] sc.idex.io:80
[http] sc-sandbox.idex.io:80
[https] datastream-api-demo.idex.io:443
[https] docs.idex.io:443
[https] exchange-feature-1-prod.idex.io:443
[https] exchange-feature-2-prod.idex.io:443
[https] exchange-feature-2-prod-public.idex.io:443
[https] exchange-feature-3-prod.idex.io:443
[https] exchange-feature-4-prod.idex.io:443
[https] exchange.idex.io:443
[https] farms.idex.io:443
[https] farms-staging.idex.io:443
[https] help.idex.io:443
[https] idex.io:443
[https] rest-api-demo.idex.io:443
[https] sandbox.idex.io:443
[https] sc.idex.io:443
[https] sc-sandbox.idex.io:443
[https] staking.idex.io:443
[http] staking.idex.io:80
[https] url5913.idex.io:443
[https] websocket-matic.idex.io:443
[https] websocket-sandbox-matic.idex.io:443
[https] widgets-exchange-feature-1-prod.idex.io:443
[https] widgets-exchange-feature-2-prod.idex.io:443
[https] widgets-exchange-feature-3-prod.idex.io:443
[https] widgets-exchange-feature-4-prod.idex.io:443
[https] widgets-exchange.idex.io:443
[https] www.careers.idex.io:443
[https] www.idex.io:443
[https] www.sandbox.idex.io:443
[http] url5913.idex.io:80
[http] websocket-matic.idex.io:80
[http] websocket-sandbox-matic.idex.io:80
[http] widgets-exchange-feature-1-prod.idex.io:80
[http] widgets-exchange-feature-2-prod.idex.io:80
[http] widgets-exchange-feature-3-prod.idex.io:80
[http] widgets-exchange-feature-4-prod.idex.io:80
[http] widgets-exchange.idex.io:80
[http] www.idex.io:80
[http] www.sandbox.idex.io:80
[infowave] idex.io:2082
[nbx-ser] idex.io:2095
[radsec] idex.io:2083
