[http] 0.sdg.artifactory.int.ikarem.io:80
[http] 315d0.sdg.artifactory.int.ikarem.io:80
[http] 588bocaiwangzhan588.artifactory.int.ikarem.io:80
[http] account.meraki.meraki-go.ikarem.io:80
[http] account.test.ikarem.io:80
[http] agner.mun-replica.artifactory.ikarem.io:80
[http] any.proxy.k8s.ikarem.io:80
[http] aomeng983tbocaigongsi.artifactory.int.ikarem.io:80
[http] apigwsystest.jn-fallback.artifactory.prod.ikarem.io:80
[http] api.meraki.dev.ikarem.io:80
[http] api.test.ikarem.io:80
[http] aqkd.sdg.artifactory.int.ikarem.io:80
[http] artifactory.prod.ikarem.io:80
[http] atfcu.sin-replica.artifactory.prod.ikarem.io:80
[http] authme-production-web-apps-b-us-east1-3.artifactory.int.ikarem.io:80
[http] brianjvarley.artifactory.int.ikarem.io:80
[http] c0.test.ikarem.io:80
[http] c1.test.ikarem.io:80
[http] cf.meraki.dev.ikarem.io:80
[http] cloudenrollment.meraki.dev.ikarem.io:80
[http] cs2.test.ikarem.io:80
[http] cs3.test.ikarem.io:80
[http] dal.artifactory.int.ikarem.io:80
[http] dal-fallback.artifactory.int.ikarem.io:80
[http] dal.proxy.k8s.ikarem.io:80
[http] dal-replica.artifactory.int.ikarem.io:80
[http] dal-replicauat.artifactory.ikarem.io:80
[http] dashboard.test.ikarem.io:80
[http] dev.netbox.ikarem.io:80
[http] docker.dal.artifactory.int.ikarem.io:80
[http] edulog.sin-replica.artifactory.ikarem.io:80
[http] fra.proxy.k8s.ikarem.io:80
[http] fundi.mun-replica.artifactory.prod.ikarem.io:80
[http] gamistyle1.artifactory.prod.ikarem.io:80
[http] gmoq.artifactory.int.ikarem.io:80
[http] go.go-web-portal.usw.production.k8s.ikarem.io:80
[http] hahas.artifactory.int.ikarem.io:80
[http] hrm0.artifactory.int.ikarem.io:80
[http] hurts.artifactory.int.ikarem.io:80
[http] imapsha.artifactory.prod.ikarem.io:80
[http] ios.meraki.dev.ikarem.io:80
[http] jcschoolstn.artifactory.ikarem.io:80
[http] jmorgan.sdg.artifactory.int.ikarem.io:80
[http] l1.test.ikarem.io:80
[http] l2.test.ikarem.io:80
[http] l3.test.ikarem.io:80
[http] l4.test.ikarem.io:80
[http] llp2.mun-replica.artifactory.ikarem.io:80
[http] lmr9.sin-replica.artifactory.ikarem.io:80
[http] lmuf.sdg-replica.artifactory.prod.ikarem.io:80
[http] lnxe.sdg.artifactory.int.ikarem.io:80
[http] mdbt.sdg.artifactory.int.ikarem.io:80
[http] mr.ikarem.io:80
[http] m.test.ikarem.io:80
[http] mun-mun443.artifactory.prod.ikarem.io:80
[http] mun.proxy.k8s.ikarem.io:80
[http] n1.test.ikarem.io:80
[http] n4.test.ikarem.io:80
[http] na.meraki.dev.network-auth.ikarem.io:80
[http] netbox.dev.infra.ikarem.io:80
[http] netbox.ikarem.io:80
[http] netbox.prod.infra.ikarem.io:80
[http] netbox.staging.infra.ikarem.io:80
[http] nginx.ha-splash.usw.development.k8s.ikarem.io:80
[http] nl-syd.artifactory.prod.ikarem.io:80
[http] okean-v-butylke.artifactory.int.ikarem.io:80
[http] p1.test.ikarem.io:80
[http] p2.test.ikarem.io:80
[http] p3.test.ikarem.io:80
[http] peterseliger.artifactory.prod.ikarem.io:80
[http] portal.meraki.dev.ikarem.io:80
[http] prod.netbox.ikarem.io:80
[http] r1.test.ikarem.io:80
[http] r2.test.ikarem.io:80
[http] r3.test.ikarem.io:80
[http] radius.test.ikarem.io:80
[http] ridesharing.mun-replica.artifactory.ikarem.io:80
[https] 0.sdg.artifactory.int.ikarem.io:443
[https] 315d0.sdg.artifactory.int.ikarem.io:443
[https] 588bocaiwangzhan588.artifactory.int.ikarem.io:443
[https] account.meraki.meraki-go.ikarem.io:443
[https] account.test.ikarem.io:443
[https] agner.mun-replica.artifactory.ikarem.io:443
[https] any.proxy.k8s.ikarem.io:443
[https] aomeng983tbocaigongsi.artifactory.int.ikarem.io:443
[https] apigwsystest.jn-fallback.artifactory.prod.ikarem.io:443
[https] api.meraki.dev.ikarem.io:443
[https] api.test.ikarem.io:443
[https] aqkd.sdg.artifactory.int.ikarem.io:443
[https] artifactory.prod.ikarem.io:443
[https] atfcu.sin-replica.artifactory.prod.ikarem.io:443
[https] authme-production-web-apps-b-us-east1-3.artifactory.int.ikarem.io:443
[https] brianjvarley.artifactory.int.ikarem.io:443
[https] c0.test.ikarem.io:443
[https] c1.test.ikarem.io:443
[https] cf.meraki.dev.ikarem.io:443
[https] cloudenrollment.meraki.dev.ikarem.io:443
[https] cs2.test.ikarem.io:443
[https] cs3.test.ikarem.io:443
[https] dal.artifactory.int.ikarem.io:443
[https] dal-fallback.artifactory.int.ikarem.io:443
[https] dal.proxy.k8s.ikarem.io:443
[https] dal-replica.artifactory.int.ikarem.io:443
[https] dal-replicauat.artifactory.ikarem.io:443
[https] dashboard.test.ikarem.io:443
[https] dev.netbox.ikarem.io:443
[http] sdg-fallback.artifactory.int.ikarem.io:80
[http] sdg.proxy.k8s.ikarem.io:80
[https] docker.dal.artifactory.int.ikarem.io:443
[https] dse-integration.dev.ikarem.io:443
[http] sdwv.sdg.artifactory.int.ikarem.io:80
[https] edulog.sin-replica.artifactory.ikarem.io:443
[https] enkrino.use.latitude.dev.ikarem.io:443
[https] fra.proxy.k8s.ikarem.io:443
[https] fundi.mun-replica.artifactory.prod.ikarem.io:443
[https] gamistyle1.artifactory.prod.ikarem.io:443
[https] gmoq.artifactory.int.ikarem.io:443
[https] go.go-web-portal.usw.production.k8s.ikarem.io:443
[https] hahas.artifactory.int.ikarem.io:443
[https] hrm0.artifactory.int.ikarem.io:443
[https] hurts.artifactory.int.ikarem.io:443
[https] imapsha.artifactory.prod.ikarem.io:443
[https] ingress.dse-integration.usw.development.k8s.ikarem.io:443
[http] sin.proxy.k8s.ikarem.io:80
[https] ios.meraki.dev.ikarem.io:443
[https] jcschoolstn.artifactory.ikarem.io:443
[https] jmorgan.sdg.artifactory.int.ikarem.io:443
[https] l1.test.ikarem.io:443
[https] l2.test.ikarem.io:443
[https] l3.test.ikarem.io:443
[https] l4.test.ikarem.io:443
[https] latitude-test.dev.ikarem.io:443
[https] llp2.mun-replica.artifactory.ikarem.io:443
[https] lmr9.sin-replica.artifactory.ikarem.io:443
[https] lmuf.sdg-replica.artifactory.prod.ikarem.io:443
[https] lnxe.sdg.artifactory.int.ikarem.io:443
[https] mdbt.sdg.artifactory.int.ikarem.io:443
[https] motion-recap-upload.meraki-vision.usw.development.k8s.ikarem.io:443
[https] motion-recap-upload.usw.vision.dev.ikarem.io:443
[https] mr.ikarem.io:443
[https] m.test.ikarem.io:443
[https] mun-mun443.artifactory.prod.ikarem.io:443
[https] mun.proxy.k8s.ikarem.io:443
[https] n1.test.ikarem.io:443
[https] n4.test.ikarem.io:443
[https] na.meraki.dev.network-auth.ikarem.io:443
[https] netbox.dev.infra.ikarem.io:443
[https] netbox.ikarem.io:443
[https] netbox.prod.infra.ikarem.io:443
[https] netbox.staging.infra.ikarem.io:443
[https] nginx.ha-splash.usw.development.k8s.ikarem.io:443
[https] nl-syd.artifactory.prod.ikarem.io:443
[https] node-server.nextunnel-ci-integration-test-1.usw.development.k8s.ikarem.io:443
[https] okean-v-butylke.artifactory.int.ikarem.io:443
[https] p1.test.ikarem.io:443
[https] p2.test.ikarem.io:443
[https] p3.test.ikarem.io:443
[https] peterseliger.artifactory.prod.ikarem.io:443
[https] portal.meraki.dev.ikarem.io:443
[https] prod.netbox.ikarem.io:443
[https] r1.test.ikarem.io:443
[https] r2.test.ikarem.io:443
[https] r3.test.ikarem.io:443
[https] radius.test.ikarem.io:443
[https] ridesharing.mun-replica.artifactory.ikarem.io:443
[https] sdg-fallback.artifactory.int.ikarem.io:443
[https] sdg.proxy.k8s.ikarem.io:443
[https] sdwv.sdg.artifactory.int.ikarem.io:443
[https] shard-server.nextunnel-ci-integration-test-1.usw.development.k8s.ikarem.io:443
[https] shard-server.nextunnel-ci-integration-test-2.usw.development.k8s.ikarem.io:443
[https] shard-server.nextunnel.use.development.k8s.ikarem.io:443
[https] shard-server.nextunnel.usw.development.k8s.ikarem.io:443
[https] sin.proxy.k8s.ikarem.io:443
[https] stage.netbox.ikarem.io:443
[https] sunbow6958.artifactory.int.ikarem.io:443
[https] syd110.artifactory.ikarem.io:443
[https] syd.proxy.k8s.ikarem.io:443
[https] szastupov.artifactory.int.ikarem.io:443
[http] stage.netbox.ikarem.io:80
[https] techtalktone.artifactory.ikarem.io:443
[https] thunderbolt-display2.artifactory.prod.ikarem.io:443
[https] toolbar.artifactory.int.ikarem.io:443
[https] twitch-fra-replica.artifactory.prod.ikarem.io:443
[https] u1102.jn-fallback.artifactory.prod.ikarem.io:443
[https] ubtm.jn-fallback.artifactory.prod.ikarem.io:443
[http] sunbow6958.artifactory.int.ikarem.io:80
[https] use.internal.nt.dev.ikarem.io:443
[https] use.nt.dev.ikarem.io:443
[https] use.nt.review.ikarem.io:443
[https] usw.internal.nt.review.ikarem.io:443
[https] usw.nt.dev.ikarem.io:443
[https] usw.nt.review.ikarem.io:443
[https] uwi0.artifactory.int.ikarem.io:443
[https] visualcomposer.sdg.artifactory.int.ikarem.io:443
[https] wtree.sin-replica.artifactory.prod.ikarem.io:443
[https] xpa0.docker.sdg.artifactory.int.ikarem.io:443
[https] ybwz.docker.sdg.artifactory.int.ikarem.io:443
[http] syd110.artifactory.ikarem.io:80
[http] syd.proxy.k8s.ikarem.io:80
[https] yhye.sin-replica.artifactory.prod.ikarem.io:443
[https] ykdd.artifactory.int.ikarem.io:443
[https] ysm-v6.artifactory.int.ikarem.io:443
[https] yww.artifactory.int.ikarem.io:443
[http] szastupov.artifactory.int.ikarem.io:80
[https] zyma.mun-replica.artifactory.prod.ikarem.io:443
[http] techtalktone.artifactory.ikarem.io:80
[http] thunderbolt-display2.artifactory.prod.ikarem.io:80
[http] toolbar.artifactory.int.ikarem.io:80
[http] twitch-fra-replica.artifactory.prod.ikarem.io:80
[http] u1102.jn-fallback.artifactory.prod.ikarem.io:80
[http] ubtm.jn-fallback.artifactory.prod.ikarem.io:80
[http] use.nt.dev.ikarem.io:80
[http] usw.nt.dev.ikarem.io:80
[http] uwi0.artifactory.int.ikarem.io:80
[http] visualcomposer.sdg.artifactory.int.ikarem.io:80
[http] wtree.sin-replica.artifactory.prod.ikarem.io:80
[http] xpa0.docker.sdg.artifactory.int.ikarem.io:80
[http] ybwz.docker.sdg.artifactory.int.ikarem.io:80
[http] yhye.sin-replica.artifactory.prod.ikarem.io:80
[http] ykdd.artifactory.int.ikarem.io:80
[http] ysm-v6.artifactory.int.ikarem.io:80
[http] yww.artifactory.int.ikarem.io:80
[http] zyma.mun-replica.artifactory.prod.ikarem.io:80
