[bgp] council.illuvium.io:179
[bgp] gov.illuvium.io:179
[blackice-alerts] council.illuvium.io:8082
[blackice-alerts] gov.illuvium.io:8082
[http] claim-weth.illuvium.io:80
[http] council.illuvium.io:80
[http] gov.illuvium.io:80
[http] illuvidex.illuvium.io:80
[http] join.illuvium.io:80
[http] play.illuvium.io:80
[https] claim-weth.illuvium.io:443
[https] council.illuvium.io:443
[https] docs.illuvium.io:443
[https] gov.illuvium.io:443
[https] illuvidex.illuvium.io:443
[https] illuvium.io:443
[https] join.illuvium.io:443
[https] play.illuvium.io:443
[https] silv2.illuvium.io:443
[https] staking.illuvium.io:443
[https] vesting.illuvium.io:443
[https] www.illuvium.io:443
[http] vesting.illuvium.io:80
[rtmp] council.illuvium.io:1935
[rtmp] gov.illuvium.io:1935
[ssh] council.illuvium.io:22
[ssh] gov.illuvium.io:22
[unknown] council.illuvium.io:8084
[unknown] council.illuvium.io:8085
[unknown] gov.illuvium.io:8084
[unknown] gov.illuvium.io:8085
