[cddbp-alt] indiehackers.com:8880
[cddbp-alt] www.indiehackers.com:8880
[clearvisn] www.indiehackers.com:2052
[eli] indiehackers.com:2087
[gnunet] indiehackers.com:2086
[gnunet] www.indiehackers.com:2086
[http] indiehackers.com:80
[http] pm-bounces.indiehackers.com:80
[http-proxy] indiehackers.com:8080
[http-proxy] shop.indiehackers.com:8080
[http-proxy] www.indiehackers.com:8080
[https-alt] indiehackers.com:8443
[https-alt] shop.indiehackers.com:8443
[https-alt] www.indiehackers.com:8443
[http] shop.indiehackers.com:80
[https] indiehackers.com:443
[https] shop.indiehackers.com:443
[https] www.indiehackers.com:443
[http] www.indiehackers.com:80
[infowave] indiehackers.com:2082
[infowave] www.indiehackers.com:2082
[nbx-ser] indiehackers.com:2095
[radsec] indiehackers.com:2083
[radsec] www.indiehackers.com:2083
