[http] billing-internal.intercomcdn.com:80
[http] blog.intercomcdn.com:80
[http] build.intercomcdn.com:80
[http] customer-videos.intercomcdn.com:80
[http] downloads-beta.intercomcdn.com:80
[http] external-themes.intercomcdn.com:80
[http] fonts.intercomcdn.com:80
[http] gifs.intercomcdn.com:80
[http] image-uploads.intercomcdn.com:80
[http] image-uploads-test.intercomcdn.com:80
[http] js.intercomcdn.com:80
[http] js-test.intercomcdn.com:80
[http] marketing.intercomcdn.com:80
[http] mobile.intercomcdn.com:80
[https] billing-internal.intercomcdn.com:443
[https] blog.intercomcdn.com:443
[https] build.intercomcdn.com:443
[https] customer-videos.intercomcdn.com:443
[https] downloads-beta.intercomcdn.com:443
[https] downloads.intercomcdn.com:443
[https] external-themes.intercomcdn.com:443
[https] fonts.intercomcdn.com:443
[https] gifs.intercomcdn.com:443
[https] image-uploads.intercomcdn.com:443
[https] image-uploads-test.intercomcdn.com:443
[https] js.intercomcdn.com:443
[https] js-test.intercomcdn.com:443
[https] marketing.intercomcdn.com:443
[https] mobile.intercomcdn.com:443
[https] static.intercomcdn.com:443
[http] static.intercomcdn.com:80
[https] uploads-cdn.intercomcdn.com:443
[https] uploads.intercomcdn.com:443
[https] uploads-test.intercomcdn.com:443
[https] video-messages.intercomcdn.com:443
[http] uploads-cdn.intercomcdn.com:80
[http] uploads.intercomcdn.com:80
[http] uploads-test.intercomcdn.com:80
[http] video-messages.intercomcdn.com:80
