[ansoft-lm-2] api-company-v1.intigriti.com:1084
[ansoft-lm-2] api-external-v1.intigriti.com:1084
[ansoft-lm-2] api-public-v1.intigriti.com:1084
[ansoft-lm-2] api-v1.intigriti.com:1084
[ansoft-lm-2] www-v1.intigriti.com:1084
[blackice-icecap] api-company-v1.intigriti.com:8081
[blackice-icecap] api-external-v1.intigriti.com:8081
[blackice-icecap] api-public-v1.intigriti.com:8081
[blackice-icecap] api-v1.intigriti.com:8081
[blackice-icecap] www-v1.intigriti.com:8081
[ctf] api-company-v1.intigriti.com:84
[ctf] api-external-v1.intigriti.com:84
[ctf] api-public-v1.intigriti.com:84
[ctf] api-v1.intigriti.com:84
[ctf] www-v1.intigriti.com:84
[dnp] api-company-v1.intigriti.com:20000
[dnp] api-external-v1.intigriti.com:20000
[dnp] api-public-v1.intigriti.com:20000
[dnp] api-v1.intigriti.com:20000
[dnp] www-v1.intigriti.com:20000
[d-s-n] api-company-v1.intigriti.com:8086
[d-s-n] api-external-v1.intigriti.com:8086
[d-s-n] api-public-v1.intigriti.com:8086
[d-s-n] api-v1.intigriti.com:8086
[d-s-n] www-v1.intigriti.com:8086
[epp] api-company-v1.intigriti.com:700
[epp] api-external-v1.intigriti.com:700
[epp] api-public-v1.intigriti.com:700
[epp] api-v1.intigriti.com:700
[epp] www-v1.intigriti.com:700
[ff-annunc] api-company-v1.intigriti.com:1089
[ff-annunc] api-external-v1.intigriti.com:1089
[ff-annunc] api-public-v1.intigriti.com:1089
[ff-annunc] api-v1.intigriti.com:1089
[ff-annunc] www-v1.intigriti.com:1089
[http] api-company-v1.intigriti.com:80
[http] api-demo.intigriti.com:80
[http] api-external-v1.intigriti.com:80
[http] api.intigriti.com:80
[http] api-public-v1.intigriti.com:80
[http] api-stage.intigriti.com:80
[http] api-uat.intigriti.com:80
[http] api-v1.intigriti.com:80
[http] app-demo.intigriti.com:80
[http] app.intigriti.com:80
[http] app-stage.intigriti.com:80
[http] app-uat.intigriti.com:80
[http] click-demo.intigriti.com:80
[http] click-stage.intigriti.com:80
[http] click-uat.intigriti.com:80
[http] communication-demo.intigriti.com:80
[http] communication.intigriti.com:80
[http] communication-stage.intigriti.com:80
[http] communication-uat.intigriti.com:80
[http] intigriti.com:80
[http] jobs-demo.intigriti.com:80
[http] jobs.intigriti.com:80
[http] jobs-stage.intigriti.com:80
[http] jobs-uat.intigriti.com:80
[http] login-demo.intigriti.com:80
[http] login.intigriti.com:80
[http] login-stage.intigriti.com:80
[http] login-uat.intigriti.com:80
[http-proxy] api-company-v1.intigriti.com:8080
[http-proxy] api-external-v1.intigriti.com:8080
[http-proxy] api-public-v1.intigriti.com:8080
[http-proxy] api-v1.intigriti.com:8080
[http-proxy] www-v1.intigriti.com:8080
[https] api-company-v1.intigriti.com:443
[https] api-demo.intigriti.com:443
[https] api-external-v1.intigriti.com:443
[https] api.intigriti.com:443
[https] api-public-v1.intigriti.com:443
[https] api-stage.intigriti.com:443
[https] api-uat.intigriti.com:443
[https] api-v1.intigriti.com:443
[https] app-demo.intigriti.com:443
[https] app.intigriti.com:443
[https] app-stage.intigriti.com:443
[https] app-uat.intigriti.com:443
[https] click-demo.intigriti.com:443
[https] click-stage.intigriti.com:443
[https] click-uat.intigriti.com:443
[https] communication-demo.intigriti.com:443
[https] communication.intigriti.com:443
[https] communication-stage.intigriti.com:443
[https] communication-uat.intigriti.com:443
[https] intigriti.com:443
[https] jobs-demo.intigriti.com:443
[https] jobs.intigriti.com:443
[https] jobs-stage.intigriti.com:443
[https] jobs-uat.intigriti.com:443
[https] login-demo.intigriti.com:443
[https] login.intigriti.com:443
[https] login-stage.intigriti.com:443
[https] login-uat.intigriti.com:443
[https] www-demo.intigriti.com:443
[https] www.intigriti.com:443
[https] www-stage.intigriti.com:443
[https] www-uat.intigriti.com:443
[https] www-v1.intigriti.com:443
[http] www-demo.intigriti.com:80
[http] www.intigriti.com:80
[http] www-stage.intigriti.com:80
[http] www-uat.intigriti.com:80
[http] www-v1.intigriti.com:80
[ies-lm] api-company-v1.intigriti.com:1443
[ies-lm] api-external-v1.intigriti.com:1443
[ies-lm] api-public-v1.intigriti.com:1443
[ies-lm] api-v1.intigriti.com:1443
[ies-lm] www-v1.intigriti.com:1443
[imap] api-company-v1.intigriti.com:143
[imap] api-external-v1.intigriti.com:143
[imap] api-public-v1.intigriti.com:143
[imap] api-v1.intigriti.com:143
[imaps] api-company-v1.intigriti.com:993
[imaps] api-external-v1.intigriti.com:993
[imaps] api-public-v1.intigriti.com:993
[imaps] api-v1.intigriti.com:993
[imaps] www-v1.intigriti.com:993
[imap] www-v1.intigriti.com:143
[jetdirect] api-company-v1.intigriti.com:9100
[jetdirect] api-external-v1.intigriti.com:9100
[jetdirect] api-public-v1.intigriti.com:9100
[jetdirect] api-v1.intigriti.com:9100
[jetdirect] www-v1.intigriti.com:9100
[mit-ml-dev] api-company-v1.intigriti.com:83
[mit-ml-dev] api-company-v1.intigriti.com:85
[mit-ml-dev] api-external-v1.intigriti.com:83
[mit-ml-dev] api-external-v1.intigriti.com:85
[mit-ml-dev] api-public-v1.intigriti.com:83
[mit-ml-dev] api-public-v1.intigriti.com:85
[mit-ml-dev] api-v1.intigriti.com:83
[mit-ml-dev] api-v1.intigriti.com:85
[mit-ml-dev] www-v1.intigriti.com:83
[mit-ml-dev] www-v1.intigriti.com:85
[ms-wbt-server] api-company-v1.intigriti.com:3389
[ms-wbt-server] api-external-v1.intigriti.com:3389
[ms-wbt-server] api-public-v1.intigriti.com:3389
[ms-wbt-server] api-v1.intigriti.com:3389
[ms-wbt-server] www-v1.intigriti.com:3389
[ncd-conf] api-company-v1.intigriti.com:5999
[ncd-conf] api-external-v1.intigriti.com:5999
[ncd-conf] api-public-v1.intigriti.com:5999
[ncd-conf] api-v1.intigriti.com:5999
[ncd-conf] www-v1.intigriti.com:5999
[ndmps] api-company-v1.intigriti.com:30000
[ndmps] api-external-v1.intigriti.com:30000
[ndmps] api-public-v1.intigriti.com:30000
[ndmps] api-v1.intigriti.com:30000
[ndmps] www-v1.intigriti.com:30000
[opsmessaging] api-company-v1.intigriti.com:8090
[opsmessaging] api-external-v1.intigriti.com:8090
[opsmessaging] api-public-v1.intigriti.com:8090
[opsmessaging] api-v1.intigriti.com:8090
[opsmessaging] www-v1.intigriti.com:8090
[pop3] api-company-v1.intigriti.com:110
[pop3] api-external-v1.intigriti.com:110
[pop3] api-public-v1.intigriti.com:110
[pop3] api-v1.intigriti.com:110
[pop3s] api-company-v1.intigriti.com:995
[pop3s] api-external-v1.intigriti.com:995
[pop3s] api-public-v1.intigriti.com:995
[pop3s] api-v1.intigriti.com:995
[pop3s] www-v1.intigriti.com:995
[pop3] www-v1.intigriti.com:110
[postgresql] api-company-v1.intigriti.com:5432
[postgresql] api-external-v1.intigriti.com:5432
[postgresql] api-public-v1.intigriti.com:5432
[postgresql] api-v1.intigriti.com:5432
[postgresql] www-v1.intigriti.com:5432
[radan-http] api-company-v1.intigriti.com:8088
[radan-http] api-external-v1.intigriti.com:8088
[radan-http] api-public-v1.intigriti.com:8088
[radan-http] api-v1.intigriti.com:8088
[radan-http] www-v1.intigriti.com:8088
[rtmp] api-company-v1.intigriti.com:1935
[rtmp] api-external-v1.intigriti.com:1935
[rtmp] api-public-v1.intigriti.com:1935
[rtmp] api-v1.intigriti.com:1935
[rtmp] www-v1.intigriti.com:1935
[smtp] api-company-v1.intigriti.com:25
[smtp] api-external-v1.intigriti.com:25
[smtp] api-public-v1.intigriti.com:25
[smtp] api-v1.intigriti.com:25
[smtps] api-company-v1.intigriti.com:465
[smtps] api-external-v1.intigriti.com:465
[smtps] api-public-v1.intigriti.com:465
[smtps] api-v1.intigriti.com:465
[smtps] www-v1.intigriti.com:465
[smtp] www-v1.intigriti.com:25
[submission] api-company-v1.intigriti.com:587
[submission] api-external-v1.intigriti.com:587
[submission] api-public-v1.intigriti.com:587
[submission] api-v1.intigriti.com:587
[submission] www-v1.intigriti.com:587
[su-mit-tg] api-company-v1.intigriti.com:89
[su-mit-tg] api-external-v1.intigriti.com:89
[su-mit-tg] api-public-v1.intigriti.com:89
[su-mit-tg] api-v1.intigriti.com:89
[su-mit-tg] www-v1.intigriti.com:89
[unknown] api-company-v1.intigriti.com:8085
[unknown] api-company-v1.intigriti.com:8089
[unknown] api-company-v1.intigriti.com:8099
[unknown] api-external-v1.intigriti.com:8085
[unknown] api-external-v1.intigriti.com:8089
[unknown] api-external-v1.intigriti.com:8099
[unknown] api-public-v1.intigriti.com:8085
[unknown] api-public-v1.intigriti.com:8089
[unknown] api-public-v1.intigriti.com:8099
[unknown] api-v1.intigriti.com:8085
[unknown] api-v1.intigriti.com:8089
[unknown] api-v1.intigriti.com:8099
[unknown] www-v1.intigriti.com:8085
[unknown] www-v1.intigriti.com:8089
[unknown] www-v1.intigriti.com:8099
[vnc-1] api-company-v1.intigriti.com:5901
[vnc-1] api-external-v1.intigriti.com:5901
[vnc-1] api-public-v1.intigriti.com:5901
[vnc-1] api-v1.intigriti.com:5901
[vnc-1] www-v1.intigriti.com:5901
[vnc] api-company-v1.intigriti.com:5900
[vnc] api-external-v1.intigriti.com:5900
[vnc] api-public-v1.intigriti.com:5900
[vnc] api-v1.intigriti.com:5900
[vnc] www-v1.intigriti.com:5900
[wap-wsp] api-company-v1.intigriti.com:9200
[wap-wsp] api-external-v1.intigriti.com:9200
[wap-wsp] api-public-v1.intigriti.com:9200
[wap-wsp] api-v1.intigriti.com:9200
[wap-wsp] www-v1.intigriti.com:9200
[webobjects] api-company-v1.intigriti.com:1085
[webobjects] api-external-v1.intigriti.com:1085
[webobjects] api-public-v1.intigriti.com:1085
[webobjects] api-v1.intigriti.com:1085
[webobjects] www-v1.intigriti.com:1085
[whois] api-company-v1.intigriti.com:43
[whois] api-external-v1.intigriti.com:43
[whois] api-public-v1.intigriti.com:43
[whois] api-v1.intigriti.com:43
[whois] www-v1.intigriti.com:43
[xmpp-client] api-company-v1.intigriti.com:5222
[xmpp-client] api-external-v1.intigriti.com:5222
[xmpp-client] api-public-v1.intigriti.com:5222
[xmpp-client] api-v1.intigriti.com:5222
[xmpp-client] www-v1.intigriti.com:5222
