[http] ablink.emails.just-eat.no:80
[http] ablink.orders.just-eat.no:80
[http] acc-shop.just-eat.no:80
[http] beta.just-eat.no:80
[http] cloud.update.just-eat.no:80
[http] just-eat.no:80
[http] live-orders.just-eat.no:80
[http] restaurant.just-eat.no:80
[http] restaurants.just-eat.no:80
[https] ablink.emails.just-eat.no:443
[https] ablink.orders.just-eat.no:443
[https] acc-shop.just-eat.no:443
[https] beta.just-eat.no:443
[https] cloud.update.just-eat.no:443
[http] shop.just-eat.no:80
[https] just-eat.no:443
[https] live-orders.just-eat.no:443
[https] restaurant.just-eat.no:443
[https] restaurants.just-eat.no:443
[https] shop.just-eat.no:443
[https] subfolder-proxy-deals.just-eat.no:443
[https] subfolder-proxy-drivers.just-eat.no:443
[https] subfolder-proxy-foodwiki.just-eat.no:443
[https] tags.just-eat.no:443
[https] test-shop.just-eat.no:443
[http] subfolder-proxy-deals.just-eat.no:80
[http] subfolder-proxy-drivers.just-eat.no:80
[http] subfolder-proxy-foodwiki.just-eat.no:80
[https] www.just-eat.no:443
[http] tags.just-eat.no:80
[http] test-shop.just-eat.no:80
[http] www.just-eat.no:80
[smtp] order.just-eat.no:25
[smtp] update.just-eat.no:25
