[blackice-icecap] devnet.kaddex.com:8081
[blackice-icecap] www.devnet.kaddex.com:8081
[gnunet] docs.kaddex.com:2086
[gnunet] kaddex.com:2086
[gnunet] swap.kaddex.com:2086
[gnunet] vaulting.kaddex.com:2086
[gnunet] www.kaddex.com:2086
[gnunet] www.swap.kaddex.com:2086
[gnunet] xwallet.kaddex.com:2086
[http] chainweb.kaddex.com:80
[http] devnet.analytics-api.kaddex.com:80
[http] devnet.kaddex.com:80
[http] devnet.swap.kaddex.com:80
[http] devnet.vaulting.kaddex.com:80
[http] docs.kaddex.com:80
[http] kaddex.com:80
[https] chainweb.kaddex.com:443
[https] chainweb-node-1.kaddex.com:443
[https] chainweb-node-2.kaddex.com:443
[https] chainweb-node-3.kaddex.com:443
[https] devnet.analytics-api.kaddex.com:443
[https] devnet.kaddex.com:443
[https] devnet.swap.kaddex.com:443
[https] devnet.vaulting.kaddex.com:443
[https] docs.kaddex.com:443
[https] kaddex.com:443
[https] stage.buy.kaddex.com:443
[https] stage.swap.kaddex.com:443
[https] swap.kaddex.com:443
[http] stage.buy.kaddex.com:80
[http] stage.swap.kaddex.com:80
[https] vaulting.kaddex.com:443
[http] swap.kaddex.com:80
[https] www.chainweb.kaddex.com:443
[https] www.chainweb-node-1.kaddex.com:443
[https] www.chainweb-node-2.kaddex.com:443
[https] www.chainweb-node-3.kaddex.com:443
[https] www.devnet.analytics-api.kaddex.com:443
[https] www.devnet.kaddex.com:443
[https] www.devnet.swap.kaddex.com:443
[https] www.devnet.vaulting.kaddex.com:443
[https] www.kaddex.com:443
[https] www.stage.buy.kaddex.com:443
[https] www.stage.swap.kaddex.com:443
[https] www.swap.kaddex.com:443
[https] xwallet.kaddex.com:443
[http] vaulting.kaddex.com:80
[http] www.chainweb.kaddex.com:80
[http] www.devnet.analytics-api.kaddex.com:80
[http] www.devnet.kaddex.com:80
[http] www.devnet.swap.kaddex.com:80
[http] www.devnet.vaulting.kaddex.com:80
[http] www.kaddex.com:80
[http] www.stage.buy.kaddex.com:80
[http] www.stage.swap.kaddex.com:80
[http] www.swap.kaddex.com:80
[http] xwallet.kaddex.com:80
[mmcc] stage.buy.kaddex.com:5050
[mmcc] stage.swap.kaddex.com:5050
[mmcc] www.stage.buy.kaddex.com:5050
[mmcc] www.stage.swap.kaddex.com:5050
[onscreen] stage.buy.kaddex.com:5080
[onscreen] stage.swap.kaddex.com:5080
[onscreen] www.stage.buy.kaddex.com:5080
[onscreen] www.stage.swap.kaddex.com:5080
[ssh] chainweb-node-1.kaddex.com:22
[ssh] chainweb-node-2.kaddex.com:22
[ssh] chainweb-node-3.kaddex.com:22
[ssh] devnet.analytics-api.kaddex.com:22
[ssh] devnet.kaddex.com:22
[ssh] devnet.swap.kaddex.com:22
[ssh] devnet.vaulting.kaddex.com:22
[ssh] stage.buy.kaddex.com:22
[ssh] stage.swap.kaddex.com:22
[ssh] www.chainweb-node-1.kaddex.com:22
[ssh] www.chainweb-node-2.kaddex.com:22
[ssh] www.chainweb-node-3.kaddex.com:22
[ssh] www.devnet.analytics-api.kaddex.com:22
[ssh] www.devnet.kaddex.com:22
[ssh] www.devnet.swap.kaddex.com:22
[ssh] www.devnet.vaulting.kaddex.com:22
[ssh] www.stage.buy.kaddex.com:22
[ssh] www.stage.swap.kaddex.com:22
[surfpass] stage.buy.kaddex.com:5030
[surfpass] stage.swap.kaddex.com:5030
[surfpass] www.stage.buy.kaddex.com:5030
[surfpass] www.stage.swap.kaddex.com:5030
[telelpathstart] stage.buy.kaddex.com:5010
[telelpathstart] stage.swap.kaddex.com:5010
[telelpathstart] www.stage.buy.kaddex.com:5010
[telelpathstart] www.stage.swap.kaddex.com:5010
