[cddbp-alt] keks.app:8880
[clearvisn] keks.app:2052
[eli] api-dev.keks.app:2087
[eli] api.keks.app:2087
[eli] api-staging.keks.app:2087
[eli] kekapi-dev.keks.app:2087
[eli] kekapi-go-test.keks.app:2087
[eli] kekapi.keks.app:2087
[eli] kekapi-staging.keks.app:2087
[eli] keks.app:2087
[gnunet] keks.app:2086
[http] keks.app:80
[http-proxy] api-dev.keks.app:8080
[http-proxy] api.keks.app:8080
[http-proxy] api-staging.keks.app:8080
[http-proxy] kekapi-staging.keks.app:8080
[https] api-dev.keks.app:443
[https] api.keks.app:443
[https] api-staging.keks.app:443
[https] kekapi-dev.keks.app:443
[https] kekapi-go-test.keks.app:443
[https] kekapi.keks.app:443
[https] kekapi-staging.keks.app:443
[https] keks.app:443
[http] www.keks.app:80
[infowave] api-dev.keks.app:2082
[infowave] api.keks.app:2082
[infowave] api-staging.keks.app:2082
[infowave] kekapi-dev.keks.app:2082
[infowave] kekapi-go-test.keks.app:2082
[infowave] kekapi.keks.app:2082
[infowave] kekapi-staging.keks.app:2082
[infowave] keks.app:2082
[nbx-ser] api-dev.keks.app:2095
[nbx-ser] api.keks.app:2095
[nbx-ser] api-staging.keks.app:2095
[nbx-ser] kekapi-staging.keks.app:2095
[radsec] kekapi-dev.keks.app:2083
[radsec] kekapi-go-test.keks.app:2083
[radsec] kekapi.keks.app:2083
[radsec] keks.app:2083
