[http] auth.kolikkopelit.com:80
[http] autodiscover.kolikkopelit.com:80
[http] eum.kolikkopelit.com:80
[http] evolivecasino.kolikkopelit.com:80
[http] kolikkopelit.com:80
[http] link.email.kolikkopelit.com:80
[http] m.kolikkopelit.com:80
[http] pay.kolikkopelit.com:80
[http] payment.kolikkopelit.com:80
[https] auth.kolikkopelit.com:443
[https] eum.kolikkopelit.com:443
[https] evolivecasino.kolikkopelit.com:443
[https] kolikkopelit.com:443
[https] link.email.kolikkopelit.com:443
[https] m.kolikkopelit.com:443
[https] pay.kolikkopelit.com:443
[https] payment.kolikkopelit.com:443
[https] welcome.kolikkopelit.com:443
[https] www.kolikkopelit.com:443
[https] www-qa1.kolikkopelit.com:443
[https] www-si1.kolikkopelit.com:443
[http] welcome.kolikkopelit.com:80
[http] www.kolikkopelit.com:80
[http] www-qa1.kolikkopelit.com:80
[http] www-si1.kolikkopelit.com:80
