[cddbp-alt] futures.kucoin.com:8880
[cddbp-alt] sandbox-futures.kucoin.com:8880
[cddbp-alt] sandbox.kucoin.com:8880
[cddbp-alt] store.kucoin.com:8880
[cisco-sccp] e.kucoin.com:2000
[clearvisn] api.kucoin.com:2052
[clearvisn] appapi-sdb.kucoin.com:2052
[clearvisn] frontend-helper.kucoin.com:2052
[clearvisn] futures.kucoin.com:2052
[clearvisn] kitchen-v2.kucoin.com:2052
[clearvisn] land-sdb.kucoin.com:2052
[clearvisn] m.kucoin.com:2052
[clearvisn] sandbox-futures.kucoin.com:2052
[clearvisn] store.kucoin.com:2052
[clearvisn] token-info.kucoin.com:2052
[clearvisn] www.kucoin.com:2052
[eli] futures.kucoin.com:2087
[eli] sandbox-futures.kucoin.com:2087
[eli] sandbox.kucoin.com:2087
[eli] store.kucoin.com:2087
[gnunet] sandbox.kucoin.com:2086
[gnunet] store.kucoin.com:2086
[http] assets-currency.kucoin.com:80
[http] assets.kucoin.com:80
[http] assets-sdb.kucoin.com:80
[http] assets-v2.kucoin.com:80
[http] autodiscover.kucoin.com:80
[http] click.e.kucoin.com:80
[http] cloud.e.kucoin.com:80
[http] futures.kucoin.com:80
[http] image.e.kucoin.com:80
[http] intro.kucoin.com:80
[http] kcs-info.kucoin.com:80
[http] kucoin.com:80
[http-proxy] futures.kucoin.com:8080
[http-proxy] sandbox-futures.kucoin.com:8080
[http-proxy] store.kucoin.com:8080
[http] push-private.kucoin.com:80
[http] push-socketio.kucoin.com:80
[https-alt] sandbox.kucoin.com:8443
[https-alt] store.kucoin.com:8443
[http] sandbox-futures.kucoin.com:80
[http] sandbox.kucoin.com:80
[https] api-futures.kucoin.com:443
[https] api.kucoin.com:443
[https] api-sandbox-futures.kucoin.com:443
[https] appapi-sdb.kucoin.com:443
[https] assets-currency.kucoin.com:443
[https] assets.kucoin.com:443
[https] assets-sdb.kucoin.com:443
[https] assets-v2.kucoin.com:443
[https] cert.kucoin.com:443
[https] click.e.kucoin.com:443
[https] cloud.e.kucoin.com:443
[https] depositgrin.kucoin.com:443
[https] docs.kucoin.com:443
[http] sentry.kucoin.com:80
[https] express.kucoin.com:443
[https] frontend-helper.kucoin.com:443
[https] futures.kucoin.com:443
[https] image.e.kucoin.com:443
[https] intro.kucoin.com:443
[https] kcs-info.kucoin.com:443
[https] kcs.kucoin.com:443
[https] kitchen-sdb.kucoin.com:443
[https] kitchen-v2.kucoin.com:443
[https] kucoin.com:443
[https] land.kucoin.com:443
[https] land-sdb.kucoin.com:443
[https] m.kucoin.com:443
[https] mobile-sdb.kucoin.com:443
[https] openapi-sandbox.kucoin.com:443
[https] openapi-v2.kucoin.com:443
[https] passport.kucoin.com:443
[https] push-private.kucoin.com:443
[https] push-socketio.kucoin.com:443
[https] push-socketio-sandbox.kucoin.com:443
[https] robot.kucoin.com:443
[https] sandbox-docs.kucoin.com:443
[https] sandbox-futures.kucoin.com:443
[https] sandbox.kucoin.com:443
[https] sentry.kucoin.com:443
[https] staking-zil.kucoin.com:443
[https] store.kucoin.com:443
[https] support.kucoin.com:443
[https] token-info.kucoin.com:443
[https] token-info-sandbox.kucoin.com:443
[http] store.kucoin.com:80
[https] trade.kucoin.com:443
[https] trade-sandbox.kucoin.com:443
[https] trade-v2.kucoin.com:443
[https] url1986.kucoin.com:443
[https] url237.kucoin.com:443
[https] url2891.kucoin.com:443
[https] view.e.kucoin.com:443
[https] ws-api.kucoin.com:443
[https] ws-web.kucoin.com:443
[https] www.kucoin.com:443
[http] url1986.kucoin.com:80
[http] url237.kucoin.com:80
[http] url2891.kucoin.com:80
[http] view.e.kucoin.com:80
[http] ws-api.kucoin.com:80
[http] ws-web.kucoin.com:80
[imap] pop3.kucoin.com:143
[imap] smtp.kucoin.com:143
[imaps] pop3.kucoin.com:993
[imaps] smtp.kucoin.com:993
[infowave] futures.kucoin.com:2082
[infowave] sandbox-futures.kucoin.com:2082
[infowave] sandbox.kucoin.com:2082
[infowave] store.kucoin.com:2082
[knetd] store.kucoin.com:2053
[nbx-dir] store.kucoin.com:2096
[nbx-ser] store.kucoin.com:2095
[pop3] pop3.kucoin.com:110
[pop3] smtp.kucoin.com:110
[pop3s] pop3.kucoin.com:995
[pop3s] smtp.kucoin.com:995
[radsec] api.kucoin.com:2083
[radsec] appapi-sdb.kucoin.com:2083
[radsec] frontend-helper.kucoin.com:2083
[radsec] futures.kucoin.com:2083
[radsec] kitchen-v2.kucoin.com:2083
[radsec] land-sdb.kucoin.com:2083
[radsec] m.kucoin.com:2083
[radsec] sandbox-futures.kucoin.com:2083
[radsec] store.kucoin.com:2083
[radsec] token-info.kucoin.com:2083
[radsec] www.kucoin.com:2083
[smtps] pop3.kucoin.com:465
[smtps] smtp.kucoin.com:465
