[http] ab.lazada.com.my:80
[http] acs-m.lazada.com.my:80
[http] admin.education.lazada.com.my:80
[http] admin.lazada.com.my:80
[http] admin-m.lazada.com.my:80
[http] admin-p.lazada.com.my:80
[http] admin.sellercenter.lazada.com.my:80
[http] admin-staging.education.lazada.com.my:80
[http] adsense.lazada.com.my:80
[http] affiliate.lazada.com.my:80
[http] ali.lazada.com.my:80
[http] api-pre.lazada.com.my:80
[http] api.sellercenter.lazada.com.my:80
[http] api-xspace.lazada.com.my:80
[http] asc-hub.lazada.com.my:80
[http] ba-buyer.lazada.com.my:80
[http] ba-buyer-staging.lazada.com.my:80
[http] cart-m.lazada.com.my:80
[http] cart-p.lazada.com.my:80
[http] cb-customs.lazada.com.my:80
[http] checkout.lazada.com.my:80
[http] checkout-m.lazada.com.my:80
[http] checkout-p.lazada.com.my:80
[http] c.lazada.com.my:80
[http] connected.lazada.com.my:80
[http] creative.lazada.com.my:80
[http] crossborder.lazada.com.my:80
[http] cs.lazada.com.my:80
[http] datafeeds.lazada.com.my:80
[http] digital.lazada.com.my:80
[http] dmtrace.support.lazada.com.my:80
[http] eco-acc.lazada.com.my:80
[http] eco-device.lazada.com.my:80
[http] eco.lazada.com.my:80
[http] education.lazada.com.my:80
[http] email.lazada.com.my:80
[http] enterpriseenrollment.lazada.com.my:80
[http] enterpriseregistration.lazada.com.my:80
[http] er.lazada.com.my:80
[http] er-p.lazada.com.my:80
[http] er-search.lazada.com.my:80
[http] filebroker-cdn.lazada.com.my:80
[http] filebroker.lazada.com.my:80
[http] filebroker-staging.lazada.com.my:80
[http] gmcp.lazada.com.my:80
[http] h5-alimebot.lazada.com.my:80
[http] ho.lazada.com.my:80
[http] ifs.lazada.com.my:80
[http] i.lazada.com.my:80
[http] jmacs-m.lazada.com.my:80
[http] ju.lazada.com.my:80
[http] lazada.com.my:80
[http] least.lazada.com.my:80
[http] lighthouse.lazada.com.my:80
[http] locker.lazada.com.my:80
[http] login.sellercenter.lazada.com.my:80
[http] media.lazada.com.my:80
[http] member.lazada.com.my:80
[http] member-m.lazada.com.my:80
[http] member-p.lazada.com.my:80
[http] m.lazada.com.my:80
[http] ms.adsense.lazada.com.my:80
[http] m.sellercenter.lazada.com.my:80
[http] msgacs-m.lazada.com.my:80
[http] msgx-space.lazada.com.my:80
[http] ms.locker.lazada.com.my:80
[http] msoid.lazada.com.my:80
[http] my.lazada.com.my:80
[http] my-m.lazada.com.my:80
[http] my-p.lazada.com.my:80
[http] nest.sellercenter.lazada.com.my:80
[http] openapi.lazada.com.my:80
[http] open.lazada.com.my:80
[http] orders.lazada.com.my:80
[http] pages.lazada.com.my:80
[http] pdp-beta.lazada.com.my:80
[http] pdpdesc.lazada.com.my:80
[http] pdpdesc-m.lazada.com.my:80
[http] pdpdesc-p.lazada.com.my:80
[http] pdp.lazada.com.my:80
[http] pdp-p.lazada.com.my:80
[http] pform.lazada.com.my:80
[http] pre-adsense.lazada.com.my:80
[http] pre-c.lazada.com.my:80
[http] pre-connected.lazada.com.my:80
[http] pre-gmcp.lazada.com.my:80
[http] pre-h5-alimebot.lazada.com.my:80
[http] pre-login-openaccount-sg94.lazada.com.my:80
[http] pre-psc-alimebot.lazada.com.my:80
[http] pre-shop-alimebot.lazada.com.my:80
[http] pre-wallet.lazada.com.my:80
[http] pre-xspace.lazada.com.my:80
[http] pre-xspace-social.lazada.com.my:80
[http] psc-alimebot.lazada.com.my:80
[http] rest.lazada.com.my:80
[https] ab.lazada.com.my:443
[https] acs-m.lazada.com.my:443
[https] admin.education.lazada.com.my:443
[https] admin.lazada.com.my:443
[https] admin-m.lazada.com.my:443
[https] admin-p.lazada.com.my:443
[https] admin.sellercenter.lazada.com.my:443
[https] admin-staging.education.lazada.com.my:443
[https] adsense.lazada.com.my:443
[https] affiliate.lazada.com.my:443
[https] ali.lazada.com.my:443
[https-alt] voip.lazada.com.my:8443
[https] api-pre.lazada.com.my:443
[https] api.sellercenter.lazada.com.my:443
[https] api-xspace.lazada.com.my:443
[https] asc-hub.lazada.com.my:443
[https] ba-buyer.lazada.com.my:443
[https] ba-buyer-staging.lazada.com.my:443
[https] cart-m.lazada.com.my:443
[https] cart-p.lazada.com.my:443
[https] cb-customs.lazada.com.my:443
[https] checkout.lazada.com.my:443
[https] checkout-m.lazada.com.my:443
[https] checkout-p.lazada.com.my:443
[https] c.lazada.com.my:443
[https] connected.lazada.com.my:443
[https] creative.lazada.com.my:443
[https] crossborder.lazada.com.my:443
[https] cs.lazada.com.my:443
[https] datafeeds.lazada.com.my:443
[https] digital.lazada.com.my:443
[http] search-p.lazada.com.my:80
[https] eco-acc.lazada.com.my:443
[https] eco-device.lazada.com.my:443
[https] eco.lazada.com.my:443
[https] education.lazada.com.my:443
[http] sellercenter.lazada.com.my:80
[http] sellercenter-staging.lazada.com.my:80
[https] email.lazada.com.my:443
[https] enterpriseenrollment.lazada.com.my:443
[https] enterpriseregistration.lazada.com.my:443
[https] er.lazada.com.my:443
[https] er-p.lazada.com.my:443
[https] er-search.lazada.com.my:443
[https] filebroker-cdn.lazada.com.my:443
[https] filebroker.lazada.com.my:443
[https] filebroker-staging.lazada.com.my:443
[https] gmcp.lazada.com.my:443
[https] h5-alimebot.lazada.com.my:443
[https] ho.lazada.com.my:443
[http] shop-alimebot.lazada.com.my:80
[https] ifs.lazada.com.my:443
[https] i.lazada.com.my:443
[https] jmacs-m.lazada.com.my:443
[https] ju.lazada.com.my:443
[https] lazada.com.my:443
[http] s.lazada.com.my:80
[https] least.lazada.com.my:443
[https] lighthouse.lazada.com.my:443
[https] locker.lazada.com.my:443
[https] login.sellercenter.lazada.com.my:443
[https] media.lazada.com.my:443
[https] member.lazada.com.my:443
[https] member-m.lazada.com.my:443
[https] member-p.lazada.com.my:443
[https] m.lazada.com.my:443
[https] ms.adsense.lazada.com.my:443
[https] m.sellercenter.lazada.com.my:443
[https] msgacs-m.lazada.com.my:443
[https] msgx-space.lazada.com.my:443
[https] ms.locker.lazada.com.my:443
[https] msoid.lazada.com.my:443
[https] my.lazada.com.my:443
[https] my-m.lazada.com.my:443
[https] my-p.lazada.com.my:443
[https] nest.sellercenter.lazada.com.my:443
[http] social-xspace.lazada.com.my:80
[http] solution.lazada.com.my:80
[https] openapi.lazada.com.my:443
[https] open.lazada.com.my:443
[https] orders.lazada.com.my:443
[https] pages.lazada.com.my:443
[https] pdp-beta.lazada.com.my:443
[https] pdpdesc.lazada.com.my:443
[https] pdpdesc-m.lazada.com.my:443
[https] pdpdesc-p.lazada.com.my:443
[https] pdp.lazada.com.my:443
[https] pdp-p.lazada.com.my:443
[https] pform.lazada.com.my:443
[https] pre-adsense.lazada.com.my:443
[https] pre-c.lazada.com.my:443
[https] pre-connected.lazada.com.my:443
[https] pre-gmcp.lazada.com.my:443
[https] pre-h5-alimebot.lazada.com.my:443
[https] pre-login-openaccount-sg94.lazada.com.my:443
[https] pre-psc-alimebot.lazada.com.my:443
[https] pre-shop-alimebot.lazada.com.my:443
[https] pre-wallet.lazada.com.my:443
[https] pre-xspace.lazada.com.my:443
[https] pre-xspace-social.lazada.com.my:443
[https] psc-alimebot.lazada.com.my:443
[https] rc.lazada.com.my:443
[https] rest.lazada.com.my:443
[http] ssc.lazada.com.my:80
[http] ssc-staging.lazada.com.my:80
[https] search-p.lazada.com.my:443
[https] sellercenter.lazada.com.my:443
[https] sellercenter-staging.lazada.com.my:443
[https] shop-alimebot.lazada.com.my:443
[https] s.lazada.com.my:443
[https] social-xspace.lazada.com.my:443
[https] solution.lazada.com.my:443
[http] ssr-std.lazada.com.my:80
[https] ssc.lazada.com.my:443
[https] ssc-staging.lazada.com.my:443
[https] ssr-std.lazada.com.my:443
[https] station.lazada.com.my:443
[https] store.lazada.com.my:443
[https] stp.lazada.com.my:443
[https] survey.lazada.com.my:443
[https] taobao.lazada.com.my:443
[http] station.lazada.com.my:80
[https] topup.lazada.com.my:443
[http] store.lazada.com.my:80
[http] stp.lazada.com.my:80
[https] uapi-xspace.lazada.com.my:443
[https] u.lazada.com.my:443
[https] union.lazada.com.my:443
[https] university.lazada.com.my:443
[http] survey.lazada.com.my:80
[https] voip.lazada.com.my:443
[https] wallet.lazada.com.my:443
[https] webim.lazada.com.my:443
[https] www.lazada.com.my:443
[https] www.locker.lazada.com.my:443
[https] www.ms.locker.lazada.com.my:443
[https] xform.lazada.com.my:443
[https] xspace.lazada.com.my:443
[http] taobao.lazada.com.my:80
[http] topup.lazada.com.my:80
[http] uapi-xspace.lazada.com.my:80
[http] u.lazada.com.my:80
[http] union.lazada.com.my:80
[http] university.lazada.com.my:80
[http] wallet.lazada.com.my:80
[http] webim.lazada.com.my:80
[http] www.lazada.com.my:80
[http] www.locker.lazada.com.my:80
[http] www.ms.locker.lazada.com.my:80
[http] xform.lazada.com.my:80
[http] xspace.lazada.com.my:80
[rtmp] er.lazada.com.my:1935
[rtmp] er-p.lazada.com.my:1935
[rtmp] er-search.lazada.com.my:1935
[rtmp] filebroker-cdn.lazada.com.my:1935
[rtmp] i.lazada.com.my:1935
[rtmp] m.lazada.com.my:1935
[rtmp] pform.lazada.com.my:1935
[unknown] er.lazada.com.my:843
[unknown] er-p.lazada.com.my:843
[unknown] er-search.lazada.com.my:843
[unknown] filebroker-cdn.lazada.com.my:843
[unknown] i.lazada.com.my:843
[unknown] m.lazada.com.my:843
[unknown] pform.lazada.com.my:843
