[http] ab.lazada.co.th:80
[http] acs-m.lazada.co.th:80
[http] acs-wapa.lazada.co.th:80
[http] admin.education.lazada.co.th:80
[http] admin.lazada.co.th:80
[http] admin-m.lazada.co.th:80
[http] admin-p.lazada.co.th:80
[http] admin-staging.education.lazada.co.th:80
[http] adsense.lazada.co.th:80
[http] affiliate.lazada.co.th:80
[http] ali.lazada.co.th:80
[http] api.lazada.co.th:80
[http] asc-hub.lazada.co.th:80
[http] ba-buyer.lazada.co.th:80
[http] ba-buyer-staging.lazada.co.th:80
[http] ba-p.zal.lazada.co.th:80
[http] brand.adsense.lazada.co.th:80
[http] calendar.lazada.co.th:80
[http] cart.lazada.co.th:80
[http] cart-m.lazada.co.th:80
[http] cart-p.lazada.co.th:80
[http] cb-customs.lazada.co.th:80
[http] checkout.lazada.co.th:80
[http] checkout-m.lazada.co.th:80
[http] checkout-p.lazada.co.th:80
[http] c.lazada.co.th:80
[http] creative.lazada.co.th:80
[http] cs.lazada.co.th:80
[http] datafeeds.lazada.co.th:80
[http] digital.lazada.co.th:80
[http] dmtrace.support.lazada.co.th:80
[http] docs.lazada.co.th:80
[http] eco-acc.lazada.co.th:80
[http] eco-device.lazada.co.th:80
[http] eco.lazada.co.th:80
[http] eco-ueba.lazada.co.th:80
[http] education.lazada.co.th:80
[http] education-staging.lazada.co.th:80
[http] email.lazada.co.th:80
[http] enterpriseenrollment.lazada.co.th:80
[http] enterpriseregistration.lazada.co.th:80
[http] er.lazada.co.th:80
[http] er-p.lazada.co.th:80
[http] er-search.lazada.co.th:80
[http] filebroker-cdn.lazada.co.th:80
[http] filebroker.lazada.co.th:80
[http] filebroker-p.zal.lazada.co.th:80
[http] filebroker-staging.lazada.co.th:80
[http] gmcp.lazada.co.th:80
[http] h5-alimebot.lazada.co.th:80
[http] ho.lazada.co.th:80
[http] ifs.lazada.co.th:80
[http] i.lazada.co.th:80
[http] jmacs-m.lazada.co.th:80
[http] ju.lazada.co.th:80
[http] lazada.co.th:80
[http] lighthouse.lazada.co.th:80
[http] locker.lazada.co.th:80
[http] mail.lazada.co.th:80
[http] media.lazada.co.th:80
[http] member.lazada.co.th:80
[http] member-m.lazada.co.th:80
[http] member-p.lazada.co.th:80
[http] m.lazada.co.th:80
[http] msgacs-m.lazada.co.th:80
[http] msoid.lazada.co.th:80
[http] my.lazada.co.th:80
[http] my-m.lazada.co.th:80
[http] openapi.lazada.co.th:80
[http] open.lazada.co.th:80
[http] orders.lazada.co.th:80
[http] pages.lazada.co.th:80
[http] partners.lazada.co.th:80
[http] pdpdesc-m.lazada.co.th:80
[http] pdpdesc-p.lazada.co.th:80
[http] pdp.lazada.co.th:80
[http] pdp-p.lazada.co.th:80
[http] pre-adsence.lazada.co.th:80
[http] pre-adsense.lazada.co.th:80
[http] pre-allinone.lazada.co.th:80
[http] pre.lazada.co.th:80
[http] pre-s.lazada.co.th:80
[http] pre-solution.lazada.co.th:80
[http] pre-u.lazada.co.th:80
[http] pre-wallet.lazada.co.th:80
[http] psc-alimebot.lazada.co.th:80
[http] rest.lazada.co.th:80
[https] ab.lazada.co.th:443
[https] acs-m.lazada.co.th:443
[https] acs-wapa.lazada.co.th:443
[https] admin.education.lazada.co.th:443
[https] admin.lazada.co.th:443
[https] admin-m.lazada.co.th:443
[https] admin-p.lazada.co.th:443
[https] admin-staging.education.lazada.co.th:443
[https] adsense.lazada.co.th:443
[https] affiliate.lazada.co.th:443
[https] ali.lazada.co.th:443
[https] api.lazada.co.th:443
[https] asc-hub.lazada.co.th:443
[https] ba-buyer.lazada.co.th:443
[https] ba-buyer-staging.lazada.co.th:443
[https] ba-p.zal.lazada.co.th:443
[https] brand.adsense.lazada.co.th:443
[https] calendar.lazada.co.th:443
[https] cart.lazada.co.th:443
[https] cart-m.lazada.co.th:443
[https] cart-p.lazada.co.th:443
[https] cb-customs.lazada.co.th:443
[https] checkout.lazada.co.th:443
[https] checkout-m.lazada.co.th:443
[https] checkout-p.lazada.co.th:443
[https] c.lazada.co.th:443
[https] creative.lazada.co.th:443
[https] cs.lazada.co.th:443
[https] datafeeds.lazada.co.th:443
[https] digital.lazada.co.th:443
[https] docs.lazada.co.th:443
[http] search-beta.lazada.co.th:80
[http] search-p.lazada.co.th:80
[https] eco-acc.lazada.co.th:443
[https] eco-device.lazada.co.th:443
[https] eco.lazada.co.th:443
[https] eco-ueba.lazada.co.th:443
[https] education.lazada.co.th:443
[https] education-staging.lazada.co.th:443
[http] sellercenter-staging.lazada.co.th:80
[https] email.lazada.co.th:443
[https] enterpriseenrollment.lazada.co.th:443
[https] enterpriseregistration.lazada.co.th:443
[https] er.lazada.co.th:443
[https] er-p.lazada.co.th:443
[https] er-search.lazada.co.th:443
[https] filebroker-cdn.lazada.co.th:443
[https] filebroker.lazada.co.th:443
[https] filebroker-p.zal.lazada.co.th:443
[https] filebroker-staging.lazada.co.th:443
[https] gmcp.lazada.co.th:443
[https] h5-alimebot.lazada.co.th:443
[https] ho.lazada.co.th:443
[http] shop-p.zal.lazada.co.th:80
[https] ifs.lazada.co.th:443
[https] i.lazada.co.th:443
[https] jmacs-m.lazada.co.th:443
[https] ju.lazada.co.th:443
[https] lazada.co.th:443
[http] s.lazada.co.th:80
[https] lighthouse.lazada.co.th:443
[https] locker.lazada.co.th:443
[https] mail.lazada.co.th:443
[https] media.lazada.co.th:443
[https] member.lazada.co.th:443
[https] member-m.lazada.co.th:443
[https] member-p.lazada.co.th:443
[https] m.lazada.co.th:443
[https] msgacs-m.lazada.co.th:443
[https] msoid.lazada.co.th:443
[https] my.lazada.co.th:443
[https] my-m.lazada.co.th:443
[http] sofp.lazada.co.th:80
[http] solution.lazada.co.th:80
[https] openapi.lazada.co.th:443
[https] open.lazada.co.th:443
[https] orders.lazada.co.th:443
[https] pages.lazada.co.th:443
[https] partners.lazada.co.th:443
[https] pdpdesc-m.lazada.co.th:443
[https] pdpdesc-p.lazada.co.th:443
[https] pdp.lazada.co.th:443
[https] pdp-p.lazada.co.th:443
[https] pre-adsence.lazada.co.th:443
[https] pre-adsense.lazada.co.th:443
[https] pre-allinone.lazada.co.th:443
[https] pre.lazada.co.th:443
[https] pre-s.lazada.co.th:443
[https] pre-solution.lazada.co.th:443
[https] pre-u.lazada.co.th:443
[https] pre-wallet.lazada.co.th:443
[https] psc-alimebot.lazada.co.th:443
[https] rc.lazada.co.th:443
[https] rest.lazada.co.th:443
[http] ssc.lazada.co.th:80
[http] ssc-staging.lazada.co.th:80
[https] search-beta.lazada.co.th:443
[https] search-p.lazada.co.th:443
[https] sellercenter-staging.lazada.co.th:443
[https] shop-p.zal.lazada.co.th:443
[https] s.lazada.co.th:443
[https] sofp.lazada.co.th:443
[https] solution.lazada.co.th:443
[http] ssr-std.lazada.co.th:80
[https] ssc.lazada.co.th:443
[https] ssc-staging.lazada.co.th:443
[https] ssr-std.lazada.co.th:443
[https] static-file.lazada.co.th:443
[https] station.lazada.co.th:443
[https] store.lazada.co.th:443
[https] sug.lazada.co.th:443
[https] survey.lazada.co.th:443
[https] taobao.lazada.co.th:443
[http] static-file.lazada.co.th:80
[http] station.lazada.co.th:80
[https] th.locker.lazada.co.th:443
[https] topup.lazada.co.th:443
[http] store.lazada.co.th:80
[https] uapi-xspace.lazada.co.th:443
[http] sug.lazada.co.th:80
[https] u.lazada.co.th:443
[https] union.lazada.co.th:443
[https] university.lazada.co.th:443
[http] survey.lazada.co.th:80
[https] wallet.lazada.co.th:443
[https] www.lazada.co.th:443
[https] www.locker.lazada.co.th:443
[https] www.th.locker.lazada.co.th:443
[https] xform.lazada.co.th:443
[https] zal.lazada.co.th:443
[http] taobao.lazada.co.th:80
[http] th.locker.lazada.co.th:80
[http] topup.lazada.co.th:80
[http] uapi-xspace.lazada.co.th:80
[http] u.lazada.co.th:80
[http] union.lazada.co.th:80
[http] university.lazada.co.th:80
[http] wallet.lazada.co.th:80
[http] www.lazada.co.th:80
[http] www.locker.lazada.co.th:80
[http] www.th.locker.lazada.co.th:80
[http] xform.lazada.co.th:80
[http] zal.lazada.co.th:80
[rtmp] er.lazada.co.th:1935
[rtmp] er-p.lazada.co.th:1935
[rtmp] er-search.lazada.co.th:1935
[rtmp] filebroker-cdn.lazada.co.th:1935
[rtmp] i.lazada.co.th:1935
[rtmp] m.lazada.co.th:1935
[unknown] er.lazada.co.th:843
[unknown] er-p.lazada.co.th:843
[unknown] er-search.lazada.co.th:843
[unknown] filebroker-cdn.lazada.co.th:843
[unknown] i.lazada.co.th:843
[unknown] m.lazada.co.th:843
