[http] ab.lazada.co.id:80
[http] acs-m.lazada.co.id:80
[http] acs-m-sg.lazada.co.id:80
[http] acs-wapa.lazada.co.id:80
[http] admin.education.lazada.co.id:80
[http] admin.lazada.co.id:80
[http] admin-staging.education.lazada.co.id:80
[http] adsense.lazada.co.id:80
[http] affiliate.lazada.co.id:80
[http] air-ual.lazada.co.id:80
[http] ali.lazada.co.id:80
[http] api.lazada.co.id:80
[http] arup-m.lazada.co.id:80
[http] asc-hub.lazada.co.id:80
[http] c360-ali.lazada.co.id:80
[http] c360.lazada.co.id:80
[http] cart.lazada.co.id:80
[http] cart-m.lazada.co.id:80
[http] checkout-m.lazada.co.id:80
[http] checkout-p.lazada.co.id:80
[http] c.lazada.co.id:80
[http] connected.lazada.co.id:80
[http] creative.lazada.co.id:80
[http] cs.lazada.co.id:80
[http] digital.lazada.co.id:80
[http] eco-acc.lazada.co.id:80
[http] eco-device.lazada.co.id:80
[http] eco.lazada.co.id:80
[http] education.lazada.co.id:80
[http] email.lazada.co.id:80
[http] enterpriseenrollment.lazada.co.id:80
[http] enterpriseregistration.lazada.co.id:80
[http] er.lazada.co.id:80
[http] er-p.lazada.co.id:80
[http] er-search.lazada.co.id:80
[http] filebroker-cdn.lazada.co.id:80
[http] filebroker.lazada.co.id:80
[http] gmcp.lazada.co.id:80
[http] gpss.lazada.co.id:80
[http] h5-alimebot.lazada.co.id:80
[http] ho.lazada.co.id:80
[http] ifs.lazada.co.id:80
[http] i.lazada.co.id:80
[http] jmacs-m.lazada.co.id:80
[http] jmacs-wapa.lazada.co.id:80
[http] ju.lazada.co.id:80
[http] lazada.co.id:80
[http] lighthouse.lazada.co.id:80
[http] media.lazada.co.id:80
[http] member.lazada.co.id:80
[http] member-p.lazada.co.id:80
[http] m.lazada.co.id:80
[http] msgacs-m.lazada.co.id:80
[http] msgx-space.lazada.co.id:80
[http] msoid.lazada.co.id:80
[http] my.lazada.co.id:80
[http] my-m.lazada.co.id:80
[http] my-p.lazada.co.id:80
[http] openapi.lazada.co.id:80
[http] orders.lazada.co.id:80
[http] pages.lazada.co.id:80
[http] partners-p.lazada.co.id:80
[http] pdp-beta.lazada.co.id:80
[http] pdpdesc.lazada.co.id:80
[http] pdpdesc-m.lazada.co.id:80
[http] pdp.lazada.co.id:80
[http] pform.lazada.co.id:80
[http] pre-adsense.lazada.co.id:80
[http] pre-c.lazada.co.id:80
[http] pre-creative.lazada.co.id:80
[http] pre-gateway.lazada.co.id:80
[http] pre-ifs.lazada.co.id:80
[http] pre.lazada.co.id:80
[http] pre-msgx-space.lazada.co.id:80
[http] pre-psc-alimebot.lazada.co.id:80
[http] pre-s.lazada.co.id:80
[http] pre-solution.lazada.co.id:80
[http] pre-webim.lazada.co.id:80
[http] pre-xspace.lazada.co.id:80
[http] psc-alimebot.lazada.co.id:80
[http] rest.lazada.co.id:80
[https] ab.lazada.co.id:443
[https] acs-m.lazada.co.id:443
[https] acs-m-sg.lazada.co.id:443
[https] acs-wapa.lazada.co.id:443
[https] admin.education.lazada.co.id:443
[https] admin.lazada.co.id:443
[https] admin-staging.education.lazada.co.id:443
[https] adsense.lazada.co.id:443
[https] affiliate.lazada.co.id:443
[https] air-ual.lazada.co.id:443
[https] ali.lazada.co.id:443
[https] api.lazada.co.id:443
[https] arup-m.lazada.co.id:443
[https] asc-hub.lazada.co.id:443
[https] c360-ali.lazada.co.id:443
[https] c360.lazada.co.id:443
[https] cart.lazada.co.id:443
[https] cart-m.lazada.co.id:443
[https] checkout-m.lazada.co.id:443
[https] checkout-p.lazada.co.id:443
[https] c.lazada.co.id:443
[https] connected.lazada.co.id:443
[https] creative.lazada.co.id:443
[https] cs.lazada.co.id:443
[https] digital.lazada.co.id:443
[http] search-beta.lazada.co.id:80
[http] search-p.lazada.co.id:80
[https] eco-acc.lazada.co.id:443
[https] eco-device.lazada.co.id:443
[https] eco.lazada.co.id:443
[https] education.lazada.co.id:443
[http] sellercenter-staging.lazada.co.id:80
[https] email.lazada.co.id:443
[https] enterpriseenrollment.lazada.co.id:443
[https] enterpriseregistration.lazada.co.id:443
[https] er.lazada.co.id:443
[https] er-p.lazada.co.id:443
[https] er-search.lazada.co.id:443
[https] filebroker-cdn.lazada.co.id:443
[https] filebroker.lazada.co.id:443
[https] gmcp.lazada.co.id:443
[https] gpss.lazada.co.id:443
[https] h5-alimebot.lazada.co.id:443
[https] ho.lazada.co.id:443
[https] ifs.lazada.co.id:443
[https] i.lazada.co.id:443
[https] jmacs-m.lazada.co.id:443
[https] jmacs-wapa.lazada.co.id:443
[https] ju.lazada.co.id:443
[https] lazada.co.id:443
[http] s.lazada.co.id:80
[https] lighthouse.lazada.co.id:443
[https] media.lazada.co.id:443
[https] member.lazada.co.id:443
[https] member-p.lazada.co.id:443
[https] m.lazada.co.id:443
[https] msgacs-m.lazada.co.id:443
[https] msgx-space.lazada.co.id:443
[https] msoid.lazada.co.id:443
[https] my.lazada.co.id:443
[https] my-m.lazada.co.id:443
[https] my-p.lazada.co.id:443
[http] solution.lazada.co.id:80
[https] openapi.lazada.co.id:443
[https] orders.lazada.co.id:443
[https] pages.lazada.co.id:443
[https] partners-p.lazada.co.id:443
[https] pdp-beta.lazada.co.id:443
[https] pdpdesc.lazada.co.id:443
[https] pdpdesc-m.lazada.co.id:443
[https] pdp.lazada.co.id:443
[https] pform.lazada.co.id:443
[https] pre-adsense.lazada.co.id:443
[https] pre-c.lazada.co.id:443
[https] pre-creative.lazada.co.id:443
[https] pre-gateway.lazada.co.id:443
[https] pre-ifs.lazada.co.id:443
[https] pre.lazada.co.id:443
[https] pre-msgx-space.lazada.co.id:443
[https] pre-psc-alimebot.lazada.co.id:443
[https] pre-s.lazada.co.id:443
[https] pre-solution.lazada.co.id:443
[https] pre-webim.lazada.co.id:443
[https] pre-xspace.lazada.co.id:443
[https] psc-alimebot.lazada.co.id:443
[https] rc.lazada.co.id:443
[https] rest.lazada.co.id:443
[http] ssc.lazada.co.id:80
[http] ssc-staging.lazada.co.id:80
[https] search-beta.lazada.co.id:443
[https] search-p.lazada.co.id:443
[https] sellercenter-staging.lazada.co.id:443
[https] s.lazada.co.id:443
[https] solution.lazada.co.id:443
[http] ssr-std-pre.lazada.co.id:80
[https] ssc.lazada.co.id:443
[https] ssc-staging.lazada.co.id:443
[https] ssr-std-pre.lazada.co.id:443
[https] static-file.lazada.co.id:443
[https] store.lazada.co.id:443
[https] stp.lazada.co.id:443
[https] survey.lazada.co.id:443
[https] taobao.lazada.co.id:443
[http] static-file.lazada.co.id:80
[https] topup.lazada.co.id:443
[http] store.lazada.co.id:80
[http] stp.lazada.co.id:80
[https] uapi-xspace.lazada.co.id:443
[https] u.lazada.co.id:443
[https] union.lazada.co.id:443
[https] university.lazada.co.id:443
[https] uni-wormhole.lazada.co.id:443
[http] survey.lazada.co.id:80
[https] webim.lazada.co.id:443
[https] www.digital.lazada.co.id:443
[https] www.lazada.co.id:443
[https] xform.lazada.co.id:443
[http] taobao.lazada.co.id:80
[http] topup.lazada.co.id:80
[http] uapi-xspace.lazada.co.id:80
[http] u.lazada.co.id:80
[http] union.lazada.co.id:80
[http] university.lazada.co.id:80
[http] uni-wormhole.lazada.co.id:80
[http] webim.lazada.co.id:80
[http] www.digital.lazada.co.id:80
[http] www.lazada.co.id:80
[http] xform.lazada.co.id:80
[rtmp] er.lazada.co.id:1935
[rtmp] er-p.lazada.co.id:1935
[rtmp] er-search.lazada.co.id:1935
[rtmp] filebroker-cdn.lazada.co.id:1935
[rtmp] i.lazada.co.id:1935
[rtmp] m.lazada.co.id:1935
[rtmp] pform.lazada.co.id:1935
[rtmp] static-file.lazada.co.id:1935
[unknown] er.lazada.co.id:843
[unknown] er-p.lazada.co.id:843
[unknown] er-search.lazada.co.id:843
[unknown] filebroker-cdn.lazada.co.id:843
[unknown] i.lazada.co.id:843
[unknown] m.lazada.co.id:843
[unknown] pform.lazada.co.id:843
[unknown] static-file.lazada.co.id:843
