[abyss] locker.lazada.sg:9999
[aero] locker.lazada.sg:8060
[afs3-callback] locker.lazada.sg:7001
[airport-admin] locker.lazada.sg:5009
[ajp13] locker.lazada.sg:8009
[amqp] locker.lazada.sg:5672
[appserv-http] locker.lazada.sg:4848
[avt-profile-2] locker.lazada.sg:5005
[blackice-icecap] locker.lazada.sg:8081
[cbt] locker.lazada.sg:7777
[cddbp-alt] locker.lazada.sg:8880
[cisco-sccp] locker.lazada.sg:2000
[commplex-link] locker.lazada.sg:5001
[cslistener] locker.lazada.sg:9000
[ctf] locker.lazada.sg:84
[davsrc] locker.lazada.sg:9800
[distinct32] locker.lazada.sg:9998
[dkmessenger] locker.lazada.sg:1177
[dnox] locker.lazada.sg:4022
[dnp] locker.lazada.sg:20000
[domain] locker.lazada.sg:53
[drm-production] locker.lazada.sg:7171
[d-s-n] locker.lazada.sg:8086
[dynamid] locker.lazada.sg:9002
[eli] locker.lazada.sg:2087
[esmagent] locker.lazada.sg:5601
[EtherNetIP-1] locker.lazada.sg:2222
[freeciv] locker.lazada.sg:5555
[glrpc] locker.lazada.sg:9080
[gnunet] locker.lazada.sg:2086
[hosts2-ns] locker.lazada.sg:81
[hotline] locker.lazada.sg:1234
[http] acs-m.lazada.sg:80
[http] acs-wapa.lazada.sg:80
[http] admin.education.lazada.sg:80
[http] admin.lazada.sg:80
[http] admin-m.lazada.sg:80
[http] admin-p.lazada.sg:80
[http] admin-staging.education.lazada.sg:80
[http] adsense.lazada.sg:80
[http] affiliate.lazada.sg:80
[http] ali.lazada.sg:80
[http-alt] locker.lazada.sg:8000
[http] api.lazada.sg:80
[http] api-redmart-pre.lazada.sg:80
[http] aplus-atm.lazada.sg:80
[http] asc-hub.lazada.sg:80
[http] ba-buyer.lazada.sg:80
[http] ba-buyer-staging.lazada.sg:80
[http] brand.adsense.lazada.sg:80
[http] cart-m.lazada.sg:80
[http] cart-p.lazada.sg:80
[http] cart-rm.lazada.sg:80
[http] chameleon.lazada.sg:80
[http] chameleon-pre.lazada.sg:80
[http] checkout.lazada.sg:80
[http] checkout-m.lazada.sg:80
[http] checkout-p.lazada.sg:80
[http] checkout-rm.lazada.sg:80
[http] checkout-rm-p.lazada.sg:80
[http] c.lazada.sg:80
[http] community-staging.lazada.sg:80
[http] cs.lazada.sg:80
[http] dmtrace.support.lazada.sg:80
[http] eco-acc.lazada.sg:80
[http] eco-device.lazada.sg:80
[http] eco.lazada.sg:80
[http] eco-ueba.lazada.sg:80
[http] education.lazada.sg:80
[http] education-staging.lazada.sg:80
[http] email.lazada.sg:80
[http] enterpriseenrollment.lazada.sg:80
[http] enterpriseregistration.lazada.sg:80
[http] er.lazada.sg:80
[http] er-p.lazada.sg:80
[http] er-search.lazada.sg:80
[http] fc.lazada.sg:80
[http] filebroker-cdn.lazada.sg:80
[http] filebroker.lazada.sg:80
[http] filebroker-staging.lazada.sg:80
[http] gcp-er.lazada.sg:80
[http] gmcp.lazada.sg:80
[http] h5-alimebot.lazada.sg:80
[http] helpcenter-pre.lazada.sg:80
[http] ho.lazada.sg:80
[http] ifs.lazada.sg:80
[http] i.lazada.sg:80
[http] jmacs-m.lazada.sg:80
[http] jmacs-wapa.lazada.sg:80
[http] ju.lazada.sg:80
[http] lazada.sg:80
[http] lighthouse.lazada.sg:80
[http] liveup.lazada.sg:80
[http] locker.lazada.sg:80
[http] media.lazada.sg:80
[http] member-m.lazada.sg:80
[http] member-p.lazada.sg:80
[http] member-rm.lazada.sg:80
[http] member-rm-p.lazada.sg:80
[http] m.lazada.sg:80
[http] ms.adsense.lazada.sg:80
[http] m.sellercenter-staging-redmart.lazada.sg:80
[http] msgacs-m.lazada.sg:80
[http] msgacs-wapa.lazada.sg:80
[http] msoid.lazada.sg:80
[http] my.lazada.sg:80
[http] my-m.lazada.sg:80
[http] my-pre.lazada.sg:80
[http] my-rm.lazada.sg:80
[http] my-rm-p.lazada.sg:80
[http] openapi.lazada.sg:80
[http] orders.lazada.sg:80
[http] pages.lazada.sg:80
[http] partners.lazada.sg:80
[http] pdp-beta.lazada.sg:80
[http] pdpdesc.lazada.sg:80
[http] pdpdesc-m.lazada.sg:80
[http] pdpdesc-p.lazada.sg:80
[http] pdp.lazada.sg:80
[http] pdp-p.lazada.sg:80
[http] pdp-pre.lazada.sg:80
[http] pform.lazada.sg:80
[http] pre-ab.lazada.sg:80
[http] pre-adsence.lazada.sg:80
[http] pre-c.lazada.sg:80
[http] pre-clickserver.lazada.sg:80
[http] pre-creative.lazada.sg:80
[http] pre-gcp-er.lazada.sg:80
[http] pre-gmcp.lazada.sg:80
[http] pre-h5-alimebot.lazada.sg:80
[http] pre.lazada.sg:80
[http] pre-lazgame-dashboard.lazada.sg:80
[http] pre-lighthouse.lazada.sg:80
[http] pre-psc-alimebot.lazada.sg:80
[http] pre-shop-alimebot.lazada.sg:80
[http] pre-s.lazada.sg:80
[http] pre-store.lazada.sg:80
[http] pre-stp.lazada.sg:80
[http] pre-u.lazada.sg:80
[http] pre-wallet.lazada.sg:80
[http] psc-alimebot.lazada.sg:80
[http] redmart-delivery-schedule.lazada.sg:80
[http] redmart.lazada.sg:80
[http] rest.lazada.sg:80
[https] acs-m.lazada.sg:443
[https] acs-wapa.lazada.sg:443
[https] admin.education.lazada.sg:443
[https] admin.lazada.sg:443
[https] admin-m.lazada.sg:443
[https] admin-p.lazada.sg:443
[https] admin-staging.education.lazada.sg:443
[https] adsense.lazada.sg:443
[https] affiliate.lazada.sg:443
[https] ali.lazada.sg:443
[https-alt] locker.lazada.sg:8443
[https] api.lazada.sg:443
[https] api-redmart-pre.lazada.sg:443
[https] aplus-atm.lazada.sg:443
[https] asc-hub.lazada.sg:443
[https] ba-buyer.lazada.sg:443
[https] ba-buyer-staging.lazada.sg:443
[https] brand.adsense.lazada.sg:443
[https] cart-m.lazada.sg:443
[https] cart-p.lazada.sg:443
[https] cart-rm.lazada.sg:443
[https] chameleon.lazada.sg:443
[https] chameleon-pre.lazada.sg:443
[https] checkout.lazada.sg:443
[https] checkout-m.lazada.sg:443
[https] checkout-p.lazada.sg:443
[https] checkout-rm.lazada.sg:443
[https] checkout-rm-p.lazada.sg:443
[https] c.lazada.sg:443
[https] community-staging.lazada.sg:443
[https] cs.lazada.sg:443
[http] search-beta.lazada.sg:80
[http] search-p.lazada.sg:80
[https] eco-acc.lazada.sg:443
[https] eco-device.lazada.sg:443
[https] eco.lazada.sg:443
[https] eco-ueba.lazada.sg:443
[https] education.lazada.sg:443
[https] education-staging.lazada.sg:443
[http] sellercenter-staging.lazada.sg:80
[http] sellercenter-staging-redmart.lazada.sg:80
[http] sellers.lazada.sg:80
[https] email.lazada.sg:443
[https] enterpriseenrollment.lazada.sg:443
[https] enterpriseregistration.lazada.sg:443
[https] er.lazada.sg:443
[https] er-p.lazada.sg:443
[https] er-search.lazada.sg:443
[https] fc.lazada.sg:443
[https] filebroker-cdn.lazada.sg:443
[https] filebroker.lazada.sg:443
[https] filebroker-staging.lazada.sg:443
[https] gcp-er.lazada.sg:443
[https] gmcp.lazada.sg:443
[https] h5-alimebot.lazada.sg:443
[https] helpcenter-pre.lazada.sg:443
[https] ho.lazada.sg:443
[http] shop-alimebot.lazada.sg:80
[https] ifs.lazada.sg:443
[https] i.lazada.sg:443
[https] jmacs-m.lazada.sg:443
[https] jmacs-wapa.lazada.sg:443
[https] ju.lazada.sg:443
[https] lazada.sg:443
[http] s.lazada.sg:80
[https] lighthouse.lazada.sg:443
[https] liveup.lazada.sg:443
[https] locker.lazada.sg:443
[https] media.lazada.sg:443
[https] member-m.lazada.sg:443
[https] member-p.lazada.sg:443
[https] member-rm.lazada.sg:443
[https] member-rm-p.lazada.sg:443
[https] m.lazada.sg:443
[https] ms.adsense.lazada.sg:443
[https] m.sellercenter-staging-redmart.lazada.sg:443
[https] msgacs-m.lazada.sg:443
[https] msgacs-wapa.lazada.sg:443
[https] msoid.lazada.sg:443
[https] my.lazada.sg:443
[https] my-m.lazada.sg:443
[https] my-pre.lazada.sg:443
[https] my-rm.lazada.sg:443
[https] my-rm-p.lazada.sg:443
[http] sofp.lazada.sg:80
[http] solution.lazada.sg:80
[https] openapi.lazada.sg:443
[https] orders.lazada.sg:443
[https] pages.lazada.sg:443
[https] partners.lazada.sg:443
[https] pdp-beta.lazada.sg:443
[https] pdpdesc.lazada.sg:443
[https] pdpdesc-m.lazada.sg:443
[https] pdpdesc-p.lazada.sg:443
[https] pdp.lazada.sg:443
[https] pdp-p.lazada.sg:443
[https] pdp-pre.lazada.sg:443
[https] pform.lazada.sg:443
[https] pre-ab.lazada.sg:443
[https] pre-adsence.lazada.sg:443
[https] pre-c.lazada.sg:443
[https] pre-clickserver.lazada.sg:443
[https] pre-creative.lazada.sg:443
[https] pre-gcp-er.lazada.sg:443
[https] pre-gmcp.lazada.sg:443
[https] pre-h5-alimebot.lazada.sg:443
[https] pre.lazada.sg:443
[https] pre-lazgame-dashboard.lazada.sg:443
[https] pre-lighthouse.lazada.sg:443
[https] pre-psc-alimebot.lazada.sg:443
[https] pre-shop-alimebot.lazada.sg:443
[https] pre-s.lazada.sg:443
[https] pre-store.lazada.sg:443
[https] pre-stp.lazada.sg:443
[https] pre-u.lazada.sg:443
[https] pre-wallet.lazada.sg:443
[https] psc-alimebot.lazada.sg:443
[https] redmart-delivery-schedule.lazada.sg:443
[https] redmart.lazada.sg:443
[https] rest.lazada.sg:443
[http] ssc.lazada.sg:80
[http] ssc-staging.lazada.sg:80
[https] search-beta.lazada.sg:443
[https] search-p.lazada.sg:443
[https] sellercenter-staging.lazada.sg:443
[https] sellercenter-staging-redmart.lazada.sg:443
[https] sellers.lazada.sg:443
[https] shop-alimebot.lazada.sg:443
[https] s.lazada.sg:443
[https] sofp.lazada.sg:443
[https] solution.lazada.sg:443
[http] ssr-std.lazada.sg:80
[https] ssc.lazada.sg:443
[https] ssc-staging.lazada.sg:443
[https] ssr-std.lazada.sg:443
[https] static-file.lazada.sg:443
[https] station-api.lazada.sg:443
[https] station.lazada.sg:443
[https] store.lazada.sg:443
[https] sug.lazada.sg:443
[https] survey.lazada.sg:443
[https] taobao.lazada.sg:443
[http] static-file.lazada.sg:80
[http] station-api.lazada.sg:80
[http] station.lazada.sg:80
[https] tbaldb.lazada.sg:443
[https] tbassets.lazada.sg:443
[https] tbimg.lazada.sg:443
[https] tbpage.lazada.sg:443
[https] topup.lazada.sg:443
[http] store.lazada.sg:80
[http] sug.lazada.sg:80
[https] u.lazada.sg:443
[https] union.lazada.sg:443
[https] university.lazada.sg:443
[https] uni-wormhole.lazada.sg:443
[http] survey.lazada.sg:80
[https] wallet.lazada.sg:443
[https] www.lazada.sg:443
[https] www.locker.lazada.sg:443
[https] xform.lazada.sg:443
[http] taobao.lazada.sg:80
[http] tbaldb.lazada.sg:80
[http] tbassets.lazada.sg:80
[http] tbimg.lazada.sg:80
[http] tbpage.lazada.sg:80
[http] topup.lazada.sg:80
[http] u.lazada.sg:80
[http] union.lazada.sg:80
[http] university.lazada.sg:80
[http] uni-wormhole.lazada.sg:80
[http] wallet.lazada.sg:80
[http] www.lazada.sg:80
[http] www.locker.lazada.sg:80
[http] xform.lazada.sg:80
[ibm-db2] locker.lazada.sg:50000
[icl-twobase2] locker.lazada.sg:25001
[infowave] locker.lazada.sg:2082
[intermapper] locker.lazada.sg:8181
[ipp] locker.lazada.sg:631
[jetdirect] locker.lazada.sg:9100
[kdm] locker.lazada.sg:1024
[kerberos-sec] locker.lazada.sg:88
[ldap] locker.lazada.sg:389
[] locker.lazada.sg:60001
[] locker.lazada.sg:8069
[] locker.lazada.sg:8112
[] locker.lazada.sg:8126
[] locker.lazada.sg:8139
[] locker.lazada.sg:9530
[micromuse-ncpw] locker.lazada.sg:9600
[mit-ml-dev] locker.lazada.sg:83
[ms-sql-s] locker.lazada.sg:1433
[ms-wbt-server] locker.lazada.sg:3389
[neo4j] locker.lazada.sg:7474
[nessus] locker.lazada.sg:3001
[nessus-xmlrpc] locker.lazada.sg:8834
[netbus] locker.lazada.sg:12345
[opsmessaging] locker.lazada.sg:8090
[oracleas-https] locker.lazada.sg:7443
[oracle] locker.lazada.sg:1521
[pharos] locker.lazada.sg:4443
[pichat] locker.lazada.sg:9009
[powerexchange] locker.lazada.sg:2480
[ppp] locker.lazada.sg:3000
[puppet] locker.lazada.sg:8140
[quickbooksrds] locker.lazada.sg:3790
[radsec] locker.lazada.sg:2083
[rtmp] er.lazada.sg:1935
[rtmp] er-p.lazada.sg:1935
[rtmp] er-search.lazada.sg:1935
[rtmp] filebroker-cdn.lazada.sg:1935
[rtmp] gcp-er.lazada.sg:1935
[rtmp] i.lazada.sg:1935
[rtmp] locker.lazada.sg:1935
[rtmp] m.lazada.sg:1935
[rtmp] pform.lazada.sg:1935
[rtmp] pre-gcp-er.lazada.sg:1935
[rtmp] tbaldb.lazada.sg:1935
[rtmp] tbassets.lazada.sg:1935
[rtmp] tbimg.lazada.sg:1935
[rtmp] tbpage.lazada.sg:1935
[rtsp] locker.lazada.sg:554
[sae-urn] locker.lazada.sg:4500
[saprouter] locker.lazada.sg:3299
[scp-config] locker.lazada.sg:10001
[snet-sensor-mgmt] locker.lazada.sg:10000
[snpp] locker.lazada.sg:444
[sun-answerbook] locker.lazada.sg:8888
[sun-as-jpda] locker.lazada.sg:9191
[sun-sr-https] locker.lazada.sg:6443
[sunwebadmin] locker.lazada.sg:8800
[telelpathstart] locker.lazada.sg:5010
[tidp] locker.lazada.sg:7548
[tor-orport] locker.lazada.sg:9001
[tram] locker.lazada.sg:4567
[trivnet1] locker.lazada.sg:8200
[tungsten-https] locker.lazada.sg:9443
[unknown] er.lazada.sg:843
[unknown] er-p.lazada.sg:843
[unknown] er-search.lazada.sg:843
[unknown] filebroker-cdn.lazada.sg:843
[unknown] gcp-er.lazada.sg:843
[unknown] i.lazada.sg:843
[unknown] locker.lazada.sg:10443
[unknown] locker.lazada.sg:50050
[unknown] locker.lazada.sg:8089
[unknown] locker.lazada.sg:8098
[unknown] locker.lazada.sg:9943
[unknown] m.lazada.sg:843
[unknown] pform.lazada.sg:843
[unknown] pre-gcp-er.lazada.sg:843
[unknown] tbaldb.lazada.sg:843
[unknown] tbassets.lazada.sg:843
[unknown] tbimg.lazada.sg:843
[unknown] tbpage.lazada.sg:843
[upnp] locker.lazada.sg:5000
[us-srv] locker.lazada.sg:8083
[vcom-tunnel] locker.lazada.sg:8001
[vnc-1] locker.lazada.sg:5901
[vnc-http] locker.lazada.sg:5800
[vnc] locker.lazada.sg:5900
[vstat] locker.lazada.sg:7779
[wap-wsp] locker.lazada.sg:9200
[wsman] locker.lazada.sg:5985
[wsmans] locker.lazada.sg:5986
[wsm-server] locker.lazada.sg:5006
[wsm-server-ssl] locker.lazada.sg:5007
[X11:1] locker.lazada.sg:6001
[X11] locker.lazada.sg:6000
[xfer] locker.lazada.sg:82
[xmpp-client] locker.lazada.sg:5222
[xmpp] locker.lazada.sg:8010
[xmpp-server] locker.lazada.sg:5269
[yo-main] locker.lazada.sg:4040
[zeus-admin] locker.lazada.sg:9090
