[cddbp-alt] accounts-api.lcx.com:8880
[cddbp-alt] accounts.lcx.com:8880
[cddbp-alt] accounts-staging-v2.lcx.com:8880
[cddbp-alt] admin.lcx.com:8880
[cddbp-alt] defi-api.lcx.com:8880
[cddbp-alt] defi.lcx.com:8880
[cddbp-alt] email.lcx.com:8880
[cddbp-alt] exchange-api.lcx.com:8880
[cddbp-alt] exchange.lcx.com:8880
[cddbp-alt] exchange-staging.lcx.com:8880
[cddbp-alt] iverify.lcx.com:8880
[cddbp-alt] lcx.com:8880
[cddbp-alt] rp.lcx.com:8880
[cddbp-alt] rp-staging.lcx.com:8880
[cddbp-alt] shop.lcx.com:8880
[cddbp-alt] status.lcx.com:8880
[cddbp-alt] support.lcx.com:8880
[cddbp-alt] terminal-api.lcx.com:8880
[cddbp-alt] terminal-api-staging.lcx.com:8880
[cddbp-alt] terminal-files.lcx.com:8880
[cddbp-alt] terminal.lcx.com:8880
[cddbp-alt] terminal-stream.lcx.com:8880
[cddbp-alt] terminal-stream-staging.lcx.com:8880
[cddbp-alt] tiamonds-staging.lcx.com:8880
[cddbp-alt] trading-api-staging.lcx.com:8880
[cddbp-alt] wallets-api.lcx.com:8880
[cddbp-alt] web.lcx.com:8880
[cddbp-alt] www.lcx.com:8880
[clearvisn] shop.lcx.com:2052
[eli] accounts-api.lcx.com:2087
[eli] accounts-api-staging.lcx.com:2087
[eli] accounts-staging-v2.lcx.com:2087
[eli] admin-staging-v2.lcx.com:2087
[eli] api-kline.lcx.com:2087
[eli] defi-api.lcx.com:2087
[eli] defi.lcx.com:2087
[eli] defi-staging.lcx.com:2087
[eli] iverify.lcx.com:2087
[eli] mm-api.lcx.com:2087
[eli] rp-staging.lcx.com:2087
[eli] shop.lcx.com:2087
[eli] status.lcx.com:2087
[eli] terminal-api.lcx.com:2087
[eli] terminal-api-staging-v2.lcx.com:2087
[eli] terminal.lcx.com:2087
[eli] terminal-public-api.lcx.com:2087
[eli] terminal-staging-v2.lcx.com:2087
[eli] terminal-stream.lcx.com:2087
[eli] wallets-api-staging.lcx.com:2087
[eli] www.lcx.com:2087
[gnunet] accounts-api.lcx.com:2086
[gnunet] accounts-api-staging.lcx.com:2086
[gnunet] accounts.lcx.com:2086
[gnunet] accounts-staging-v2.lcx.com:2086
[gnunet] admin.lcx.com:2086
[gnunet] admin-staging-v2.lcx.com:2086
[gnunet] api-kline.lcx.com:2086
[gnunet] defi-api.lcx.com:2086
[gnunet] defi.lcx.com:2086
[gnunet] defi-staging.lcx.com:2086
[gnunet] email.lcx.com:2086
[gnunet] exchange-api.lcx.com:2086
[gnunet] exchange.lcx.com:2086
[gnunet] exchange-staging.lcx.com:2086
[gnunet] iverify.lcx.com:2086
[gnunet] lcx.com:2086
[gnunet] mm-api.lcx.com:2086
[gnunet] rp.lcx.com:2086
[gnunet] rp-staging.lcx.com:2086
[gnunet] shop.lcx.com:2086
[gnunet] status.lcx.com:2086
[gnunet] support.lcx.com:2086
[gnunet] terminal-api.lcx.com:2086
[gnunet] terminal-api-staging.lcx.com:2086
[gnunet] terminal-api-staging-v2.lcx.com:2086
[gnunet] terminal-files.lcx.com:2086
[gnunet] terminal.lcx.com:2086
[gnunet] terminal-public-api.lcx.com:2086
[gnunet] terminal-staging-v2.lcx.com:2086
[gnunet] terminal-stream.lcx.com:2086
[gnunet] terminal-stream-staging.lcx.com:2086
[gnunet] tiamonds-staging.lcx.com:2086
[gnunet] trading-api-staging.lcx.com:2086
[gnunet] wallets-api.lcx.com:2086
[gnunet] wallets-api-staging.lcx.com:2086
[gnunet] web.lcx.com:2086
[gnunet] www.lcx.com:2086
[http] accounts-api.lcx.com:80
[http] accounts-api-staging.lcx.com:80
[http] accounts.lcx.com:80
[http] accounts-staging-v2.lcx.com:80
[http] admin.lcx.com:80
[http] admin-staging-v2.lcx.com:80
[http] api-kline.lcx.com:80
[http] careers.lcx.com:80
[http] defi-api.lcx.com:80
[http] defi.lcx.com:80
[http] defi-staging.lcx.com:80
[http] email.lcx.com:80
[http] exchange-api.lcx.com:80
[http] exchange.lcx.com:80
[http] exchange-staging.lcx.com:80
[http] iverify.lcx.com:80
[http] lcx.com:80
[http] mm-api.lcx.com:80
[http-proxy] accounts-api.lcx.com:8080
[http-proxy] accounts-api-staging.lcx.com:8080
[http-proxy] accounts-staging-v2.lcx.com:8080
[http-proxy] admin-staging-v2.lcx.com:8080
[http-proxy] api-kline.lcx.com:8080
[http-proxy] defi-api.lcx.com:8080
[http-proxy] defi.lcx.com:8080
[http-proxy] defi-staging.lcx.com:8080
[http-proxy] iverify.lcx.com:8080
[http-proxy] mm-api.lcx.com:8080
[http-proxy] rp-staging.lcx.com:8080
[http-proxy] shop.lcx.com:8080
[http-proxy] status.lcx.com:8080
[http-proxy] terminal-api.lcx.com:8080
[http-proxy] terminal-api-staging-v2.lcx.com:8080
[http-proxy] terminal.lcx.com:8080
[http-proxy] terminal-public-api.lcx.com:8080
[http-proxy] terminal-staging-v2.lcx.com:8080
[http-proxy] terminal-stream.lcx.com:8080
[http-proxy] wallets-api-staging.lcx.com:8080
[http-proxy] www.lcx.com:8080
[http] rp.lcx.com:80
[http] rp-staging.lcx.com:80
[https] accounts-api.lcx.com:443
[https] accounts-api-staging.lcx.com:443
[https] accounts.lcx.com:443
[https] accounts-staging-v2.lcx.com:443
[https] admin.lcx.com:443
[https] admin-staging-v2.lcx.com:443
[https-alt] accounts-api.lcx.com:8443
[https-alt] accounts-api-staging.lcx.com:8443
[https-alt] accounts.lcx.com:8443
[https-alt] accounts-staging-v2.lcx.com:8443
[https-alt] admin.lcx.com:8443
[https-alt] admin-staging-v2.lcx.com:8443
[https-alt] api-kline.lcx.com:8443
[https-alt] defi-api.lcx.com:8443
[https-alt] defi.lcx.com:8443
[https-alt] defi-staging.lcx.com:8443
[https-alt] email.lcx.com:8443
[https-alt] exchange-api.lcx.com:8443
[https-alt] exchange.lcx.com:8443
[https-alt] exchange-staging.lcx.com:8443
[https-alt] iverify.lcx.com:8443
[https-alt] lcx.com:8443
[https-alt] mm-api.lcx.com:8443
[https-alt] rp.lcx.com:8443
[https-alt] rp-staging.lcx.com:8443
[https-alt] shop.lcx.com:8443
[https-alt] status.lcx.com:8443
[https-alt] support.lcx.com:8443
[https-alt] terminal-api.lcx.com:8443
[https-alt] terminal-api-staging.lcx.com:8443
[https-alt] terminal-api-staging-v2.lcx.com:8443
[https-alt] terminal-files.lcx.com:8443
[https-alt] terminal.lcx.com:8443
[https-alt] terminal-public-api.lcx.com:8443
[https-alt] terminal-staging-v2.lcx.com:8443
[https-alt] terminal-stream.lcx.com:8443
[https-alt] terminal-stream-staging.lcx.com:8443
[https-alt] tiamonds-staging.lcx.com:8443
[https-alt] trading-api-staging.lcx.com:8443
[https-alt] wallets-api.lcx.com:8443
[https-alt] wallets-api-staging.lcx.com:8443
[https-alt] web.lcx.com:8443
[https-alt] www.lcx.com:8443
[https] api-kline.lcx.com:443
[https] careers.lcx.com:443
[https] defi-api.lcx.com:443
[https] defi.lcx.com:443
[https] defi-staging.lcx.com:443
[https] email.lcx.com:443
[https] exchange-api.lcx.com:443
[https] exchange.lcx.com:443
[https] exchange-staging.lcx.com:443
[http] shop.lcx.com:80
[https] iverify.lcx.com:443
[https] lcx.com:443
[https] mm-api.lcx.com:443
[https] rp.lcx.com:443
[https] rp-staging.lcx.com:443
[https] shop.lcx.com:443
[https] status.lcx.com:443
[https] support.lcx.com:443
[http] status.lcx.com:80
[https] terminal-api.lcx.com:443
[https] terminal-api-staging.lcx.com:443
[https] terminal-api-staging-v2.lcx.com:443
[https] terminal-files.lcx.com:443
[https] terminal.lcx.com:443
[https] terminal-public-api.lcx.com:443
[https] terminal-staging-v2.lcx.com:443
[https] terminal-stream.lcx.com:443
[https] terminal-stream-staging.lcx.com:443
[https] tiamonds-staging.lcx.com:443
[https] trading-api-staging.lcx.com:443
[http] support.lcx.com:80
[https] wallets-api.lcx.com:443
[https] wallets-api-staging.lcx.com:443
[https] web.lcx.com:443
[https] www.lcx.com:443
[http] terminal-api.lcx.com:80
[http] terminal-api-staging.lcx.com:80
[http] terminal-api-staging-v2.lcx.com:80
[http] terminal-files.lcx.com:80
[http] terminal.lcx.com:80
[http] terminal-public-api.lcx.com:80
[http] terminal-staging-v2.lcx.com:80
[http] terminal-stream.lcx.com:80
[http] terminal-stream-staging.lcx.com:80
[http] tiamonds-staging.lcx.com:80
[http] trading-api-staging.lcx.com:80
[http] wallets-api.lcx.com:80
[http] wallets-api-staging.lcx.com:80
[http] web.lcx.com:80
[http] www.lcx.com:80
[infowave] accounts-api.lcx.com:2082
[infowave] accounts.lcx.com:2082
[infowave] accounts-staging-v2.lcx.com:2082
[infowave] admin.lcx.com:2082
[infowave] defi-api.lcx.com:2082
[infowave] defi.lcx.com:2082
[infowave] email.lcx.com:2082
[infowave] exchange-api.lcx.com:2082
[infowave] exchange.lcx.com:2082
[infowave] exchange-staging.lcx.com:2082
[infowave] iverify.lcx.com:2082
[infowave] lcx.com:2082
[infowave] rp.lcx.com:2082
[infowave] rp-staging.lcx.com:2082
[infowave] shop.lcx.com:2082
[infowave] status.lcx.com:2082
[infowave] support.lcx.com:2082
[infowave] terminal-api.lcx.com:2082
[infowave] terminal-api-staging.lcx.com:2082
[infowave] terminal-files.lcx.com:2082
[infowave] terminal.lcx.com:2082
[infowave] terminal-stream.lcx.com:2082
[infowave] terminal-stream-staging.lcx.com:2082
[infowave] tiamonds-staging.lcx.com:2082
[infowave] trading-api-staging.lcx.com:2082
[infowave] wallets-api.lcx.com:2082
[infowave] web.lcx.com:2082
[infowave] www.lcx.com:2082
[knetd] shop.lcx.com:2053
[nbx-dir] shop.lcx.com:2096
[nbx-ser] shop.lcx.com:2095
[radsec] accounts-api.lcx.com:2083
[radsec] accounts-api-staging.lcx.com:2083
[radsec] accounts.lcx.com:2083
[radsec] accounts-staging-v2.lcx.com:2083
[radsec] admin.lcx.com:2083
[radsec] admin-staging-v2.lcx.com:2083
[radsec] api-kline.lcx.com:2083
[radsec] defi-api.lcx.com:2083
[radsec] defi.lcx.com:2083
[radsec] defi-staging.lcx.com:2083
[radsec] email.lcx.com:2083
[radsec] exchange-api.lcx.com:2083
[radsec] exchange.lcx.com:2083
[radsec] exchange-staging.lcx.com:2083
[radsec] iverify.lcx.com:2083
[radsec] lcx.com:2083
[radsec] mm-api.lcx.com:2083
[radsec] rp.lcx.com:2083
[radsec] rp-staging.lcx.com:2083
[radsec] shop.lcx.com:2083
[radsec] status.lcx.com:2083
[radsec] support.lcx.com:2083
[radsec] terminal-api.lcx.com:2083
[radsec] terminal-api-staging.lcx.com:2083
[radsec] terminal-api-staging-v2.lcx.com:2083
[radsec] terminal-files.lcx.com:2083
[radsec] terminal.lcx.com:2083
[radsec] terminal-public-api.lcx.com:2083
[radsec] terminal-staging-v2.lcx.com:2083
[radsec] terminal-stream.lcx.com:2083
[radsec] terminal-stream-staging.lcx.com:2083
[radsec] tiamonds-staging.lcx.com:2083
[radsec] trading-api-staging.lcx.com:2083
[radsec] wallets-api.lcx.com:2083
[radsec] wallets-api-staging.lcx.com:2083
[radsec] web.lcx.com:2083
[radsec] www.lcx.com:2083
