[cddbp-alt] lido.fi:8880
[cddbp-alt] merch.lido.fi:8880
[clearvisn] merch.lido.fi:2052
[eli] lido.fi:2087
[eli] merch.lido.fi:2087
[gnunet] lido.fi:2086
[gnunet] merch.lido.fi:2086
[http] docs.cosmos.lido.fi:80
[http] docs.kusama.lido.fi:80
[http] docs.lido.fi:80
[http] docs.polkadot.lido.fi:80
[http] docs.polygon.lido.fi:80
[http] docs.solana.lido.fi:80
[http] docs.terra.lido.fi:80
[http] lido.fi:80
[http] merch.lido.fi:80
[http] operatorportal.lido.fi:80
[http-proxy] lido.fi:8080
[http-proxy] merch.lido.fi:8080
[https] 1inch-pool-rewards.lido.fi:443
[https] airdrop.lido.fi:443
[https-alt] lido.fi:8443
[https-alt] merch.lido.fi:8443
[https] anchor.lido.fi:443
[https] blog.lido.fi:443
[https] careers.lido.fi:443
[http] scorecard.lido.fi:80
[https] docs.cosmos.lido.fi:443
[https] docs.kusama.lido.fi:443
[https] docs.lido.fi:443
[https] docs.polkadot.lido.fi:443
[https] docs.polygon.lido.fi:443
[https] docs.solana.lido.fi:443
[https] docs.terra.lido.fi:443
[https] easytrack.lido.fi:443
[https] feeds.lido.fi:443
[https] help.lido.fi:443
[https] kusama.lido.fi:443
[https] lego.lido.fi:443
[https] lido.fi:443
[https] loki.lido.fi:443
[https] mainnet.lido.fi:443
[https] merch.lido.fi:443
[https] operatorportal.lido.fi:443
[https] operators.lido.fi:443
[https] polkadot.lido.fi:443
[https] polygon.lido.fi:443
[https] referral.lido.fi:443
[https] research.lido.fi:443
[https] scorecard.lido.fi:443
[https] solana.lido.fi:443
[https] stake.lido.fi:443
[https] static.lido.fi:443
[https] status.lido.fi:443
[http] static.lido.fi:80
[https] terra.lido.fi:443
[https] ui-blocks.lido.fi:443
[https] ui.lido.fi:443
[https] www.lido.fi:443
[http] ui-blocks.lido.fi:80
[http] ui.lido.fi:80
[infowave] lido.fi:2082
[infowave] merch.lido.fi:2082
[knetd] lido.fi:2053
[knetd] merch.lido.fi:2053
[nbx-dir] merch.lido.fi:2096
[nbx-ser] merch.lido.fi:2095
[radsec] merch.lido.fi:2083
