[cddbp-alt] acc-shop.lieferando.at:8880
[eli] acc-shop.lieferando.at:2087
[gnunet] acc-shop.lieferando.at:2086
[http] 0068-b76d0949-local.lieferando.at:80
[http] 007243.lieferando.at:80
[http] 02-express-nano.lieferando.at:80
[http] 08ex01.ivemsamxl.lieferando.at:80
[http] 10b.lieferando.at:80
[http] 121018.lieferando.at:80
[http] 12covidien.lieferando.at:80
[http] 12.lieferando.at:80
[http] 152.7.lieferando.at:80
[http] 16-49b1d41c.lieferando.at:80
[http] 16.lieferando.at:80
[http] 178.sbg.ovh.lieferando.at:80
[http] 1apporovaccine.lieferando.at:80
[http] 1www.lieferando.at:80
[http] 20121018.lieferando.at:80
[http] 21.lieferando.at:80
[http] 21-test.lieferando.at:80
[http] 2.66.lieferando.at:80
[http] 38b65.avira-free-antivirus.lieferando.at:80
[http] 38b65losvirus.lieferando.at:80
[http] 3.ppp.lieferando.at:80
[http] 4e.lieferando.at:80
[http] 4.lieferando.at:80
[http] 4testlav-essential-antivirus.en.lieferando.at:80
[http] 75.lieferando.at:80
[http] 827.lieferando.at:80
[http] 88.lieferando.at:80
[http] a9a-local.lieferando.at:80
[http] accounts-rtb-qydc.lieferando.at:80
[http] acc-shop-14016.lieferando.at:80
[http] acc-shop.lieferando.at:80
[http] acc-shop-tour6.lieferando.at:80
[http] acp.lieferando.at:80
[http] admincomputer-virus-verwijderen.lieferando.at:80
[http] admin.lieferando.at:80
[http] aeevents.lieferando.at:80
[http] afforda10levaccines.lieferando.at:80
[http] affordablevaccines.lieferando.at:80
[http] affordablevaccinespull-posapi.lieferando.at:80
[http] affordablevaccinessecret.lieferando.at:80
[http] ajax.quarter-virus-restaurant.lieferando.at:80
[http] a.lieferando.at:80
[http] alpha-quarter-virus-restaurant.lieferando.at:80
[http] antivirus1.lieferando.at:80
[http] antivirus-38b6538b65.lieferando.at:80
[http] antivirus-38b65.cloud.lieferando.at:80
[http] antivirus-38b65.lieferando.at:80
[http] _antivirus.en.lieferando.at:80
[http] anti-virus.lieferando.at:80
[http] antivirus-security-free.lieferando.at:80
[http] antivirus.static.lieferando.at:80
[http] apache-zerovirusescust119.lieferando.at:80
[http] apache-zeroviruses.lieferando.at:80
[http] apparel-de.almarket.demo.lieferando.at:80
[http] app.frontend.computer-virus-verwijderen.clops.lieferando.at:80
[http] app.frontend.prod.avgantiviruscustcust38ersupportnumber.clops.lieferando.at:80
[http] app.frontend.prod.avgantiviruscustomersupportnumber.clops.lieferando.at:80
[http] app.frontend.prod.avgantiviruscustomersupportnumops0er.clops.lieferando.at:80
[http] app.frontend.prod.awww-02gantiwww-02iruscustomersupportnumber.clops.lieferando.at:80
[http] app.lieferando.at:80
[http] authyellowfevervaccine.lieferando.at:80
[http] avgantiviruscustomersupportnumber.lieferando.at:80
[http] avira-free-antivirus-clops-demo.lieferando.at:80
[http] avira-free-antivirus-clops.lieferando.at:80
[http] avivamiento.lieferando.at:80
[http] avr-remote.lieferando.at:80
[http] b084-local.lieferando.at:80
[http] baidu.lieferando.at:80
[http] beta.lieferando.at:80
[http] beta.mcafee-antivirus-plus.lieferando.at:80
[http] beta-quick-heal-anti-virus.lieferando.at:80
[http] bg-cdncomfluvaccines.lieferando.at:80
[http] bip.lieferando.at:80
[http] blog.lieferando.at:80
[http] blogs.lieferando.at:80
[http] bni-marcq.lieferando.at:80
[http] bookmarks.lieferando.at:80
[http] br.lieferando.at:80
[http] carini.lieferando.at:80
[http] chote.lieferando.at:80
[http] cl215-097.lieferando.at:80
[http] click.update.lieferando.at:80
[http] cloud.update.lieferando.at:80
[http] club.lieferando.at:80
[http] cn.lieferando.at:80
[http] coaffordablevaccinesideo.lieferando.at:80
[http] col-xch-vpca1a.corp.lieferando.at:80
[http] comfluvaccinescourier-app.lieferando.at:80
[http] comfluvaccinesovid1996.lieferando.at:80
[http] comfluvaccinespull-posapi.lieferando.at:80
[http] comfluvaccinesscm.lieferando.at:80
[http] com.lieferando.at:80
[http] com-open-source-cloud-computing-services-distribution.lieferando.at:80
[http] companyadmin.lieferando.at:80
[http] computer-virus-engineering.lieferando.at:80
[http] computer-virus-verwijderenavira.lieferando.at:80
[http] computer-virus-verwijderencomputer-virus-verwijderen.lieferando.at:80
[http] computer-virus-verwijderen.freeantivirus.lieferando.at:80
[http] computer-virus-verwijderentv.lieferando.at:80
[http] comune.lieferando.at:80
[http] confluencequick-heal-anti-virus.lieferando.at:80
[http] content.lieferando.at:80
[http] coronanachrichten.lieferando.at:80
[http] cos-us-ironman03.cos.lieferando.at:80
[http] co.uk.online.banking.nwolb.lieferando.at:80
[http] courier-app-affordablevaccines.lieferando.at:80
[http] courier-appapporovaccine.lieferando.at:80
[http] courier-appyellowfevervaccine.lieferando.at:80
[http] covid1996.lieferando.at:80
[http] covid19.clops.lieferando.at:80
[http] covid19.lieferando.at:80
[http] covideo.lieferando.at:80
[http] covidhhsvaccines96.lieferando.at:80
[http] cpeb4-254.lieferando.at:80
[http] cpg14x-computer-virus-verwijderencomputer-virus-verwijderen.lieferando.at:80
[http] cs.lieferando.at:80
[http] cw-api.covid19.clops.lieferando.at:80
[http] cw-api-losvirus.lieferando.at:80
[http] cw-quarter-virus.lieferando.at:80
[http] darklady.lieferando.at:80
[http] dd.lieferando.at:80
[http] decoapp4.lieferando.at:80
[http] delep.lieferando.at:80
[http] depmail.dep.lieferando.at:80
[http] designer.software.lieferando.at:80
[http] device1154291-6b54cc56-local.lieferando.at:80
[http] device1460461-69659ebe-local.lieferando.at:80
[http] device1585474-8ee2ec7d.lieferando.at:80
[http] device1606447-6967a9b0-local.lieferando.at:80
[http] device1799377-f50f736b-local.lieferando.at:80
[http] device1875782-e5dd392b-local.lieferando.at:80
[http] device2119576-373fb1b7-local.lieferando.at:80
[http] device2396589-e140b084-local.lieferando.at:80
[http] device2616357-6bc2173b.lieferando.at:80
[http] device2752716-49b1d41c.lieferando.at:80
[http] device2783534-50dd224e.lieferando.at:80
[http] device2936709-caf5bb3e-local.lieferando.at:80
[http] device2986520-e003aa9a-local.lieferando.at:80
[http] device3170979-27382af1-local.lieferando.at:80
[http] device3220068-b76d0949-local.lieferando.at:80
[http] dev.lieferando.at:80
[http] digilander.lieferando.at:80
[http] dns1.banking.nwolb.lieferando.at:80
[http] dt-recs.lieferando.at:80
[http] ducm.cloud.lieferando.at:80
[http] e2010b.lieferando.at:80
[http] ebscovideos-38b65.lieferando.at:80
[http] ebscovideos.lieferando.at:80
[http] ecovaccine-bc-huangda.lieferando.at:80
[http] ecovida.lieferando.at:80
[http] eicauat-cb-bas-1.lieferando.at:80
[http] elevare.lieferando.at:80
[http] emails.restaurants.lieferando.at:80
[http] emkt-ip01.lieferando.at:80
[http] enoc.lieferando.at:80
[http] en-prepageit.lieferando.at:80
[http] ensgiweb.lieferando.at:80
[http] en-vaccine.lieferando.at:80
[http] en-vaccine.raspunde.lieferando.at:80
[http] en-vaccine.zbin.lieferando.at:80
[http] en-vacmyrabota.lieferando.at:80
[http] eset-nod32-antivirus.en.lieferando.at:80
[http] eset-nod32-antivirus.th.lieferando.at:80
[http] eset-nod32-antivirus.tr.lieferando.at:80
[http] euw-staging-hhsvaccines.lieferando.at:80
[http] events.lieferando.at:80
[http] evomela-splash-plain.com.lieferando.at:80
[http] exampletwitter.lieferando.at:80
[http] exchangecas.lucsus.lieferando.at:80
[http] febrestaurant.lieferando.at:80
[http] feedbackgrouphhsvaccines.lieferando.at:80
[http] feeds.lieferando.at:80
[http] firewallcovidien.lieferando.at:80
[http] fluvaccines-cloud.lieferando.at:80
[http] fluvaccines-service.lieferando.at:80
[http] flwyd.lieferando.at:80
[http] fooxx.lieferando.at:80
[http] forum.lieferando.at:80
[http] forums.lieferando.at:80
[http] foundation-2015-9-17.lieferando.at:80
[http] freeofvirus.lieferando.at:80
[http] fr.lieferando.at:80
[http] frontend.office.stacluster.avira-free-antivirus-clops.lieferando.at:80
[http] frontend.office.stag.avira-free-antivirus-clops.lieferando.at:80
[http] frontend.office.stag.avira-free-antivirus-clopsrepo.lieferando.at:80
[http] frontend.office.stag.avira-free-fo-clops.lieferando.at:80
[http] futbol137.lieferando.at:80
[http] games.lieferando.at:80
[http] getavirus-com.lieferando.at:80
[http] gothedistance.lieferando.at:80
[http] grc2go.lieferando.at:80
[http] groups.lieferando.at:80
[http] guestportal-6.lieferando.at:80
[http] h2.lieferando.at:80
[http] h3.lieferando.at:80
[http] h6.lieferando.at:80
[http] ha3virus.lieferando.at:80
[http] halifax-online.lieferando.at:80
[http] help.lieferando.at:80
[http] helponline-antivirus-38b65.lieferando.at:80
[http] helpstopthevirus.lieferando.at:80
[http] hh.lieferando.at:80
[http] hhpull-posapivaccinepull-posapi.lieferando.at:80
[http] hhsvaccines-betacmail.lieferando.at:80
[http] hhsvaccines-beta.lieferando.at:80
[http] hhsvaccines.cust39.hhsvaccines.lieferando.at:80
[http] hhsvaccines.hhsvaccines.lieferando.at:80
[http] home.lieferando.at:80
[http] homepage1.lieferando.at:80
[http] homepage2.lieferando.at:80
[http] homepage3.lieferando.at:80
[http] homepage.lieferando.at:80
[http] host.lieferando.at:80
[http] idc.lieferando.at:80
[http] ilogwebpay-test-netstorage.lieferando.at:80
[http] info.lieferando.at:80
[http] informatik.lieferando.at:80
[http] inst.lieferando.at:80
[http] internal.quarter-virus.lieferando.at:80
[http] internalquarter-virus.lieferando.at:80
[http] ip12-239.lieferando.at:80
[http] ip35-247.lieferando.at:80
[http] ip-51-118.lieferando.at:80
[http] ip-73-234.lieferando.at:80
[http] iphoneapp.lieferando.at:80
[http] k2.lieferando.at:80
[http] k3.lieferando.at:80
[http] k4.lieferando.at:80
[http] k5.lieferando.at:80
[http] kaspersky-anti-virus.en.lieferando.at:80
[http] kaspersky-free-antivirus.en.lieferando.at:80
[http] kemp.lieferando.at:80
[http] kepek-totalav-essential-antivirus.en.lieferando.at:80
[http] kk.lieferando.at:80
[http] knowledge-base.en.lieferando.at:80
[http] ku1720.lieferando.at:80
[http] l.euw-staging-hhsvaccines.lieferando.at:80
[http] lieferando.at:80
[http] liveherpesvaccine.files.lieferando.at:80
[http] loncov5.lieferando.at:80
[http] losvirus.clops.lieferando.at:80
[http] losvirusrestaurant.lieferando.at:80
[http] losvirus-server.lieferando.at:80
[http] losvirusupdate.lieferando.at:80
[http] loyaltyshop.lieferando.at:80
[http] lynadmin.global.lieferando.at:80
[http] lyncwebconf-il.lieferando.at:80
[http] m1-br9.lieferando.at:80
[http] m48fofhb98zopyz.lieferando.at:80
[http] mail-accounts.lieferando.at:80
[http] mailgwex.lieferando.at:80
[http] mailhub139a.lieferando.at:80
[http] mail.pharmacyaus.lieferando.at:80
[http] maskingbodysuits.lieferando.at:80
[http] masteruniversitario.lieferando.at:80
[http] maven.lieferando.at:80
[http] mavgantiviruscustomersupportnumber.lieferando.at:80
[http] mavgantiviruscustomeryellowfevervaccinenumber.lieferando.at:80
[http] max1.lieferando.at:80
[http] max2.lieferando.at:80
[http] max3.lieferando.at:80
[http] max4.lieferando.at:80
[http] mcafee-antivirus-plus.antivirus-38b65.lieferando.at:80
[http] mcafee-antivirus-plus.en.lieferando.at:80
[http] mcafee.lieferando.at:80
[http] mdsp-cmc-vip.lieferando.at:80
[http] melhor-antivirus.br.lieferando.at:80
[http] members.lieferando.at:80
[http] mezhvencovij-uplotnitel.lieferando.at:80
[http] mobile-help.lieferando.at:80
[http] monitoryellowfevervaccine.lieferando.at:80
[http] m.sapporovaccine.lieferando.at:80
[http] mta.covid19.lieferando.at:80
[http] mtbaker.lieferando.at:80
[http] music.lieferando.at:80
[http] mvn.lieferando.at:80
[http] mygasservicesqa.lieferando.at:80
[http] myhome.lieferando.at:80
[http] my.lieferando.at:80
[http] nano-1.lieferando.at:80
[http] nb-119.lieferando.at:80
[http] new.lieferando.at:80
[http] newsletter.lieferando.at:80
[http] news.lieferando.at:80
[http] newvaccineletter.lieferando.at:80
[http] nn.lieferando.at:80
[http] norton_antivirus.en.lieferando.at:80
[http] norton-antivirus.lieferando.at:80
[http] notesapporovaccine.lieferando.at:80
[http] odincovo.lieferando.at:80
[http] oe.totalav-essential-antivirus.en.lieferando.at:80
[http] office3.lieferando.at:80
[http] office.staclustermaint.avira-free-antivirus-clops.lieferando.at:80
[http] office.stag.norton.clops.lieferando.at:80
[http] oldstore.lieferando.at:80
[http] orders.lieferando.at:80
[http] origin-cw.lieferando.at:80
[http] origin.lieferando.at:80
[http] overlap-computer-virus-verwijderencomputer-virus-verwijderen.lieferando.at:80
[http] oxley.lieferando.at:80
[http] page.mobile-help.lieferando.at:80
[http] panda-free-antivirus.lieferando.at:80
[http] pandemic0105.blog.lieferando.at:80
[http] partner.lieferando.at:80
[http] passport.lieferando.at:80
[http] payfluvaccines.lieferando.at:80
[http] pc03106.lieferando.at:80
[http] people.lieferando.at:80
[http] perfectiohost.lieferando.at:80
[http] perillat.lieferando.at:80
[http] piesse.lieferando.at:80
[http] piratecloud.lieferando.at:80
[http] plus-computer-virus-verwijderen.lieferando.at:80
[http] plus.fluvaccines.lieferando.at:80
[http] pondokcerdaswarga.lieferando.at:80
[http] portaldho.lieferando.at:80
[http] praemienshop.lieferando.at:80
[http] princetonresearch.lieferando.at:80
[http] productdelivery.lieferando.at:80
[http] productionapporovaccine.lieferando.at:80
[http] provincia.lieferando.at:80
[http-proxy] acc-shop.lieferando.at:8080
[http] psql04.fish4brand.lieferando.at:80
[http] pull-posapiaffordablevaccineseuw-staging-hhsvaccines.lieferando.at:80
[http] pull-posapi-affordablevaccines.lieferando.at:80
[http] pull-posapiaffordablevaccines.lieferando.at:80
[http] pull-posapi-sapporovaccine.lieferando.at:80
[http] pup.lieferando.at:80
[http] quarter-antivirus-38b65.lieferando.at:80
[http] quarter-antstaging-hhsvaccinesvstaging-hhsvaccinesrus-38b65.lieferando.at:80
[http] quarter-viruscomputer-virus-verwijderen.lieferando.at:80
[http] quarter-virus-restaurant-pipex-gw.lieferando.at:80
[http] quarter-viruswest-7.lieferando.at:80
[http] quick-heal-anti-virus.en.lieferando.at:80
[http] randallreillysalestool.lieferando.at:80
[http] randomword.affordablevaccines.lieferando.at:80
[http] refinancovani.lieferando.at:80
[http] regione.lieferando.at:80
[http] restaurants.lieferando.at:80
[http] restricted-02.p05cd03.lieferando.at:80
[http] runjtrekwindows.lieferando.at:80
[https] 0068-b76d0949-local.lieferando.at:443
[https] 007243.lieferando.at:443
[https] 02-express-nano.lieferando.at:443
[https] 08ex01.ivemsamxl.lieferando.at:443
[https] 10b.lieferando.at:443
[https] 121018.lieferando.at:443
[https] 12covidien.lieferando.at:443
[https] 12.lieferando.at:443
[https] 152.7.lieferando.at:443
[https] 16-49b1d41c.lieferando.at:443
[https] 16.lieferando.at:443
[https] 178.sbg.ovh.lieferando.at:443
[https] 1apporovaccine.lieferando.at:443
[https] 1www.lieferando.at:443
[https] 20121018.lieferando.at:443
[https] 21.lieferando.at:443
[https] 21-test.lieferando.at:443
[https] 2.66.lieferando.at:443
[https] 38b65.avira-free-antivirus.lieferando.at:443
[https] 38b65losvirus.lieferando.at:443
[https] 3.ppp.lieferando.at:443
[https] 4e.lieferando.at:443
[https] 4.lieferando.at:443
[http] s4orovaccine.lieferando.at:80
[https] 4testlav-essential-antivirus.en.lieferando.at:443
[https] 75.lieferando.at:443
[https] 827.lieferando.at:443
[https] 88.lieferando.at:443
[https] a9a-local.lieferando.at:443
[https] accounts-rtb-qydc.lieferando.at:443
[https] acc-shop-14016.lieferando.at:443
[https] acc-shop.lieferando.at:443
[https] acc-shop-tour6.lieferando.at:443
[https] acp.lieferando.at:443
[https] admincomputer-virus-verwijderen.lieferando.at:443
[https] admin.lieferando.at:443
[https] aeevents.lieferando.at:443
[https] afforda10levaccines.lieferando.at:443
[https] affordablevaccines.lieferando.at:443
[https] affordablevaccinespull-posapi.lieferando.at:443
[https] affordablevaccinessecret.lieferando.at:443
[https] ajax.quarter-virus-restaurant.lieferando.at:443
[https] a.lieferando.at:443
[https] alpha-quarter-virus-restaurant.lieferando.at:443
[https-alt] acc-shop.lieferando.at:8443
[https] antivirus1.lieferando.at:443
[https] antivirus-38b6538b65.lieferando.at:443
[https] antivirus-38b65.cloud.lieferando.at:443
[https] antivirus-38b65.lieferando.at:443
[https] _antivirus.en.lieferando.at:443
[https] anti-virus.lieferando.at:443
[https] antivirus-security-free.lieferando.at:443
[https] antivirus.static.lieferando.at:443
[https] apache-zerovirusescust119.lieferando.at:443
[https] apache-zeroviruses.lieferando.at:443
[https] apparel-de.almarket.demo.lieferando.at:443
[https] app.frontend.computer-virus-verwijderen.clops.lieferando.at:443
[https] app.frontend.prod.avgantiviruscustcust38ersupportnumber.clops.lieferando.at:443
[https] app.frontend.prod.avgantiviruscustomersupportnumber.clops.lieferando.at:443
[https] app.frontend.prod.avgantiviruscustomersupportnumops0er.clops.lieferando.at:443
[https] app.frontend.prod.awww-02gantiwww-02iruscustomersupportnumber.clops.lieferando.at:443
[https] app.lieferando.at:443
[http] sapporovaccineagentmail.lieferando.at:80
[http] sapporovaccinecourier-app.lieferando.at:80
[http] sapporovaccine-de-cdn.lieferando.at:80
[http] sapporovaccinemanager.lieferando.at:80
[https] authyellowfevervaccine.lieferando.at:443
[https] avgantiviruscustomersupportnumber.lieferando.at:443
[https] avira-free-antivirus-clops-demo.lieferando.at:443
[https] avira-free-antivirus-clops.lieferando.at:443
[https] avivamiento.lieferando.at:443
[https] avr-remote.lieferando.at:443
[https] b084-local.lieferando.at:443
[https] baidu.lieferando.at:443
[https] beta.lieferando.at:443
[https] beta.mcafee-antivirus-plus.lieferando.at:443
[https] beta-quick-heal-anti-virus.lieferando.at:443
[https] bg-cdncomfluvaccines.lieferando.at:443
[https] bip.lieferando.at:443
[https] blog.lieferando.at:443
[https] blogs.lieferando.at:443
[https] bni-marcq.lieferando.at:443
[https] bookmarks.lieferando.at:443
[https] br.lieferando.at:443
[https] carini.lieferando.at:443
[http] sc-enoc.lieferando.at:80
[https] chote.lieferando.at:443
[http] scisyd01.scitek.lieferando.at:80
[https] cl215-097.lieferando.at:443
[https] click.update.lieferando.at:443
[https] cloud.update.lieferando.at:443
[https] club.lieferando.at:443
[https] cn.lieferando.at:443
[https] coaffordablevaccinesideo.lieferando.at:443
[https] col-xch-vpca1a.corp.lieferando.at:443
[https] comfluvaccinescourier-app.lieferando.at:443
[https] comfluvaccinesovid1996.lieferando.at:443
[https] comfluvaccinespull-posapi.lieferando.at:443
[https] comfluvaccinesscm.lieferando.at:443
[https] com.lieferando.at:443
[https] com-open-source-cloud-computing-services-distribution.lieferando.at:443
[https] companyadmin.lieferando.at:443
[http] scompanyorovaccine.lieferando.at:80
[https] computer-virus-engineering.lieferando.at:443
[https] computer-virus-verwijderenavira.lieferando.at:443
[https] computer-virus-verwijderencomputer-virus-verwijderen.lieferando.at:443
[https] computer-virus-verwijderen.freeantivirus.lieferando.at:443
[https] computer-virus-verwijderentv.lieferando.at:443
[https] comune.lieferando.at:443
[https] confluencequick-heal-anti-virus.lieferando.at:443
[https] content.lieferando.at:443
[https] coronanachrichten.lieferando.at:443
[https] cos-us-ironman03.cos.lieferando.at:443
[http] scotland.antivirus-38b65.lieferando.at:80
[https] co.uk.online.banking.nwolb.lieferando.at:443
[https] courier-app-affordablevaccines.lieferando.at:443
[https] courier-appapporovaccine.lieferando.at:443
[https] courier-appyellowfevervaccine.lieferando.at:443
[https] covid1996.lieferando.at:443
[https] covid19.clops.lieferando.at:443
[https] covid19.lieferando.at:443
[https] covideo.lieferando.at:443
[https] covidhhsvaccines96.lieferando.at:443
[https] cpeb4-254.lieferando.at:443
[https] cpg14x-computer-virus-verwijderencomputer-virus-verwijderen.lieferando.at:443
[https] cs.lieferando.at:443
[https] cw-api.covid19.clops.lieferando.at:443
[https] cw-api-losvirus.lieferando.at:443
[https] cw-quarter-virus.lieferando.at:443
[https] darklady.lieferando.at:443
[https] dd.lieferando.at:443
[https] decoapp4.lieferando.at:443
[https] delep.lieferando.at:443
[https] depmail.dep.lieferando.at:443
[https] designer.software.lieferando.at:443
[https] device1154291-6b54cc56-local.lieferando.at:443
[https] device1460461-69659ebe-local.lieferando.at:443
[https] device1585474-8ee2ec7d.lieferando.at:443
[https] device1606447-6967a9b0-local.lieferando.at:443
[https] device1799377-f50f736b-local.lieferando.at:443
[https] device1875782-e5dd392b-local.lieferando.at:443
[https] device2119576-373fb1b7-local.lieferando.at:443
[https] device2396589-e140b084-local.lieferando.at:443
[https] device2616357-6bc2173b.lieferando.at:443
[https] device2752716-49b1d41c.lieferando.at:443
[https] device2783534-50dd224e.lieferando.at:443
[https] device2936709-caf5bb3e-local.lieferando.at:443
[https] device2986520-e003aa9a-local.lieferando.at:443
[https] device3170979-27382af1-local.lieferando.at:443
[https] device3220068-b76d0949-local.lieferando.at:443
[https] dev.lieferando.at:443
[https] digilander.lieferando.at:443
[https] dns1.banking.nwolb.lieferando.at:443
[https] dt-recs.lieferando.at:443
[https] ducm.cloud.lieferando.at:443
[https] e2010b.lieferando.at:443
[https] ebscovideos-38b65.lieferando.at:443
[https] ebscovideos.lieferando.at:443
[https] ecovaccine-bc-huangda.lieferando.at:443
[https] ecovida.lieferando.at:443
[http] secretapporovaccine.lieferando.at:80
[http] secure.lieferando.at:80
[http] securemailserviceprovider.lieferando.at:80
[https] eicauat-cb-bas-1.lieferando.at:443
[https] elevare.lieferando.at:443
[https] emails.restaurants.lieferando.at:443
[https] emkt-ip01.lieferando.at:443
[https] enoc.lieferando.at:443
[https] en-prepageit.lieferando.at:443
[https] ensgiweb.lieferando.at:443
[https] en-vaccine.lieferando.at:443
[https] en-vaccine.raspunde.lieferando.at:443
[https] en-vaccine.zbin.lieferando.at:443
[https] en-vacmyrabota.lieferando.at:443
[http] serveitnowusa.lieferando.at:80
[http] server1.dev3.apprentissagedelaproprete.fr.lieferando.at:80
[http] server1.lieferando.at:80
[https] eset-nod32-antivirus.en.lieferando.at:443
[https] eset-nod32-antivirus.th.lieferando.at:443
[https] eset-nod32-antivirus.tr.lieferando.at:443
[https] euw-staging-hhsvaccines.lieferando.at:443
[https] events.lieferando.at:443
[https] evomela-splash-plain.com.lieferando.at:443
[https] exampletwitter.lieferando.at:443
[https] exchangecas.lucsus.lieferando.at:443
[https] febrestaurant.lieferando.at:443
[https] feedbackgrouphhsvaccines.lieferando.at:443
[https] feeds.lieferando.at:443
[https] firewallcovidien.lieferando.at:443
[https] fluvaccines-cloud.lieferando.at:443
[https] fluvaccines-service.lieferando.at:443
[https] flwyd.lieferando.at:443
[https] fooxx.lieferando.at:443
[https] forum.lieferando.at:443
[https] forums.lieferando.at:443
[https] foundation-2015-9-17.lieferando.at:443
[https] freeofvirus.lieferando.at:443
[https] fr.lieferando.at:443
[https] frontend.office.stacluster.avira-free-antivirus-clops.lieferando.at:443
[https] frontend.office.stag.avira-free-antivirus-clops.lieferando.at:443
[https] frontend.office.stag.avira-free-antivirus-clopsrepo.lieferando.at:443
[https] frontend.office.stag.avira-free-fo-clops.lieferando.at:443
[https] futbol137.lieferando.at:443
[https] games.lieferando.at:443
[https] getavirus-com.lieferando.at:443
[https] gothedistance.lieferando.at:443
[https] grc2go.lieferando.at:443
[https] groups.lieferando.at:443
[https] guestportal-6.lieferando.at:443
[https] h2.lieferando.at:443
[https] h3.lieferando.at:443
[https] h6.lieferando.at:443
[https] ha3virus.lieferando.at:443
[https] halifax-online.lieferando.at:443
[https] help.lieferando.at:443
[https] helponline-antivirus-38b65.lieferando.at:443
[https] helpstopthevirus.lieferando.at:443
[https] hh.lieferando.at:443
[https] hhpull-posapivaccinepull-posapi.lieferando.at:443
[https] hhsvaccines-betacmail.lieferando.at:443
[https] hhsvaccines-beta.lieferando.at:443
[https] hhsvaccines.cust39.hhsvaccines.lieferando.at:443
[https] hhsvaccines.hhsvaccines.lieferando.at:443
[https] home.lieferando.at:443
[https] homepage1.lieferando.at:443
[https] homepage2.lieferando.at:443
[https] homepage3.lieferando.at:443
[https] homepage.lieferando.at:443
[http] shopcovidien.lieferando.at:80
[http] shop.lieferando.at:80
[http] shortcut-virus-remover.software.lieferando.at:80
[https] host.lieferando.at:443
[https] idc.lieferando.at:443
[https] ilogwebpay-test-netstorage.lieferando.at:443
[https] info.lieferando.at:443
[https] informatik.lieferando.at:443
[https] inst.lieferando.at:443
[https] internal.quarter-virus.lieferando.at:443
[https] internalquarter-virus.lieferando.at:443
[https] ip12-239.lieferando.at:443
[https] ip35-247.lieferando.at:443
[https] ip-51-118.lieferando.at:443
[https] ip-73-234.lieferando.at:443
[https] iphoneapp.lieferando.at:443
[http] sites.lieferando.at:80
[https] k2.lieferando.at:443
[https] k3.lieferando.at:443
[https] k4.lieferando.at:443
[https] k5.lieferando.at:443
[https] kaspersky-anti-virus.en.lieferando.at:443
[https] kaspersky-free-antivirus.en.lieferando.at:443
[https] kemp.lieferando.at:443
[https] kepek-totalav-essential-antivirus.en.lieferando.at:443
[https] kk.lieferando.at:443
[https] knowledge-base.en.lieferando.at:443
[https] ku1720.lieferando.at:443
[https] l.euw-staging-hhsvaccines.lieferando.at:443
[http] sl-gaming.lieferando.at:80
[https] lieferando.at:443
[https] liveherpesvaccine.files.lieferando.at:443
[https] loncov5.lieferando.at:443
[https] losvirus.clops.lieferando.at:443
[https] losvirusrestaurant.lieferando.at:443
[https] losvirus-server.lieferando.at:443
[https] losvirusupdate.lieferando.at:443
[http] slovari.lieferando.at:80
[https] loyaltyshop.lieferando.at:443
[https] lynadmin.global.lieferando.at:443
[https] lyncwebconf-il.lieferando.at:443
[https] m1-br9.lieferando.at:443
[https] m48fofhb98zopyz.lieferando.at:443
[https] mail-accounts.lieferando.at:443
[https] mailgwex.lieferando.at:443
[https] mailhub139a.lieferando.at:443
[https] mail.pharmacyaus.lieferando.at:443
[http] smartstate.lieferando.at:80
[https] maskingbodysuits.lieferando.at:443
[https] masteruniversitario.lieferando.at:443
[https] maven.lieferando.at:443
[https] mavgantiviruscustomersupportnumber.lieferando.at:443
[https] mavgantiviruscustomeryellowfevervaccinenumber.lieferando.at:443
[https] max1.lieferando.at:443
[https] max2.lieferando.at:443
[https] max3.lieferando.at:443
[https] max4.lieferando.at:443
[https] mcafee-antivirus-plus.antivirus-38b65.lieferando.at:443
[https] mcafee-antivirus-plus.en.lieferando.at:443
[https] mcafee.lieferando.at:443
[https] mdsp-cmc-vip.lieferando.at:443
[https] melhor-antivirus.br.lieferando.at:443
[https] members.lieferando.at:443
[http] smezhvencovijorovaccine.lieferando.at:80
[https] mezhvencovij-uplotnitel.lieferando.at:443
[https] mobile-help.lieferando.at:443
[https] monitoryellowfevervaccine.lieferando.at:443
[https] m.sapporovaccine.lieferando.at:443
[https] mta.covid19.lieferando.at:443
[https] mtbaker.lieferando.at:443
[http] smtp2088.lieferando.at:80
[http] smtp.topupzone-com-pl.lieferando.at:80
[http] smtp-vircomfluvaccines.lieferando.at:80
[http] smtp-virusa.lieferando.at:80
[http] smtp-viruseast-2-2.lieferando.at:80
[http] smtp-virus.lieferando.at:80
[http] smtp-virus-tv.lieferando.at:80
[https] music.lieferando.at:443
[https] mvn.lieferando.at:443
[https] mygasservicesqa.lieferando.at:443
[https] myhome.lieferando.at:443
[https] my.lieferando.at:443
[https] nano-1.lieferando.at:443
[https] nb-119.lieferando.at:443
[https] new.lieferando.at:443
[https] newsletter.lieferando.at:443
[https] news.lieferando.at:443
[https] newvaccineletter.lieferando.at:443
[https] nn.lieferando.at:443
[https] norton_antivirus.en.lieferando.at:443
[https] norton-antivirus.lieferando.at:443
[https] notesapporovaccine.lieferando.at:443
[https] odincovo.lieferando.at:443
[https] oe.totalav-essential-antivirus.en.lieferando.at:443
[https] office3.lieferando.at:443
[https] office.staclustermaint.avira-free-antivirus-clops.lieferando.at:443
[https] office.stag.norton.clops.lieferando.at:443
[https] oldstore.lieferando.at:443
[http] so.prod.avgantiviruscustcust38ersupportnumber.clops.lieferando.at:80
[https] orders.lieferando.at:443
[https] origin-cw.lieferando.at:443
[https] origin.lieferando.at:443
[http] sotravo-demenagement.fr.lieferando.at:80
[https] overlap-computer-virus-verwijderencomputer-virus-verwijderen.lieferando.at:443
[https] oxley.lieferando.at:443
[https] page.mobile-help.lieferando.at:443
[https] panda-free-antivirus.lieferando.at:443
[https] pandemic0105.blog.lieferando.at:443
[https] partner.lieferando.at:443
[https] passport.lieferando.at:443
[https] payfluvaccines.lieferando.at:443
[https] pc03106.lieferando.at:443
[https] people.lieferando.at:443
[https] perfectiohost.lieferando.at:443
[https] perillat.lieferando.at:443
[https] piesse.lieferando.at:443
[https] piratecloud.lieferando.at:443
[https] plus-computer-virus-verwijderen.lieferando.at:443
[https] plus.fluvaccines.lieferando.at:443
[https] pondokcerdaswarga.lieferando.at:443
[https] portaldho.lieferando.at:443
[https] praemienshop.lieferando.at:443
[https] princetonresearch.lieferando.at:443
[http] sprod-authorovaccine.lieferando.at:80
[https] productdelivery.lieferando.at:443
[https] productionapporovaccine.lieferando.at:443
[https] provincia.lieferando.at:443
[https] psql04.fish4brand.lieferando.at:443
[https] pull-posapiaffordablevaccineseuw-staging-hhsvaccines.lieferando.at:443
[https] pull-posapi-affordablevaccines.lieferando.at:443
[https] pull-posapiaffordablevaccines.lieferando.at:443
[https] pull-posapi-sapporovaccine.lieferando.at:443
[https] pup.lieferando.at:443
[https] quarter-antivirus-38b65.lieferando.at:443
[https] quarter-antstaging-hhsvaccinesvstaging-hhsvaccinesrus-38b65.lieferando.at:443
[https] quarter-viruscomputer-virus-verwijderen.lieferando.at:443
[https] quarter-virus-restaurant-pipex-gw.lieferando.at:443
[https] quarter-viruswest-7.lieferando.at:443
[https] quick-heal-anti-virus.en.lieferando.at:443
[https] randallreillysalestool.lieferando.at:443
[https] randomword.affordablevaccines.lieferando.at:443
[https] refinancovani.lieferando.at:443
[https] regione.lieferando.at:443
[https] restaurants.lieferando.at:443
[https] restricted-02.p05cd03.lieferando.at:443
[https] runjtrekwindows.lieferando.at:443
[https] s4orovaccine.lieferando.at:443
[http] ssaporestefanodiaz.lieferando.at:80
[https] sapporovaccineagentmail.lieferando.at:443
[https] sapporovaccinecourier-app.lieferando.at:443
[https] sapporovaccine-de-cdn.lieferando.at:443
[https] sapporovaccinemanager.lieferando.at:443
[https] sc-enoc.lieferando.at:443
[https] scisyd01.scitek.lieferando.at:443
[https] scompanyorovaccine.lieferando.at:443
[https] scotland.antivirus-38b65.lieferando.at:443
[https] secretapporovaccine.lieferando.at:443
[http] ssecretorovaccine.lieferando.at:80
[https] secure.lieferando.at:443
[https] securemailserviceprovider.lieferando.at:443
[https] serveitnowusa.lieferando.at:443
[https] server1.dev3.apprentissagedelaproprete.fr.lieferando.at:443
[https] server1.lieferando.at:443
[https] shopcovidien.lieferando.at:443
[https] shop.lieferando.at:443
[https] shortcut-virus-remover.software.lieferando.at:443
[https] sites.lieferando.at:443
[http] ssl122827.lieferando.at:80
[http] ssl303215.lieferando.at:80
[https] sl-gaming.lieferando.at:443
[https] slovari.lieferando.at:443
[https] smartstate.lieferando.at:443
[https] smezhvencovijorovaccine.lieferando.at:443
[https] smtp2088.lieferando.at:443
[https] smtp.topupzone-com-pl.lieferando.at:443
[https] smtp-vircomfluvaccines.lieferando.at:443
[https] smtp-virusa.lieferando.at:443
[https] smtp-viruseast-2-2.lieferando.at:443
[https] smtp-virus.lieferando.at:443
[https] smtp-virus-tv.lieferando.at:443
[https] so.prod.avgantiviruscustcust38ersupportnumber.clops.lieferando.at:443
[https] sotravo-demenagement.fr.lieferando.at:443
[https] sprod-authorovaccine.lieferando.at:443
[https] ssaporestefanodiaz.lieferando.at:443
[https] ssecretorovaccine.lieferando.at:443
[https] ssl122827.lieferando.at:443
[https] ssl303215.lieferando.at:443
[https] staging.lieferando.at:443
[https] static.lieferando.at:443
[https] subfolder-proxy-awards2021.lieferando.at:443
[https] subfolder-proxy-awards2021-test.lieferando.at:443
[https] subfolder-proxy-awards.lieferando.at:443
[https] subfolder-proxy-blog.lieferando.at:443
[https] subfolder-proxy-cloud-update-lieferando-at.lieferando.at:443
[https] subfolder-proxy-deals.lieferando.at:443
[https] subfolder-proxy-drivers.lieferando.at:443
[https] subfolder-proxy-foodwiki.lieferando.at:443
[https] subfolder-proxy-interactive-data-at.lieferando.at:443
[https] subfolder-proxy-loyaltyshop-at.lieferando.at:443
[https] subfolder-proxy-multisite-blog.lieferando.at:443
[https] subfolder-proxy-partnerblog.lieferando.at:443
[https] subfolder-proxy-signup.lieferando.at:443
[https] subfolder-proxy-takeawaypay-blog.lieferando.at:443
[https] subfolder-proxy-takeawaypay.lieferando.at:443
[https] suna.lieferando.at:443
[https] symposium.lieferando.at:443
[https] sytthanhhoa.lieferando.at:443
[http] staging.lieferando.at:80
[https] tags.lieferando.at:443
[https] tarim2.lieferando.at:443
[http] static.lieferando.at:80
[https] tc.fo-currys.fo.test07.lieferando.at:443
[https] test-shop.lieferando.at:443
[https] tkaji2012.lieferando.at:443
[https] top100.lieferando.at:443
[https] topchoicecentral.lieferando.at:443
[https] totalav-essential-antivirus.h-4en.lieferando.at:443
[https] totalav-essential-antivirus.logonen.lieferando.at:443
[https] tsmc1.lieferando.at:443
[https] tv-smtp-virus.lieferando.at:443
[https] ualpassuat.lieferando.at:443
[https] uatwindscreencover.lieferando.at:443
[http] subfolder-proxy-awards2021.lieferando.at:80
[http] subfolder-proxy-awards2021-test.lieferando.at:80
[http] subfolder-proxy-awards.lieferando.at:80
[http] subfolder-proxy-blog.lieferando.at:80
[http] subfolder-proxy-cloud-update-lieferando-at.lieferando.at:80
[http] subfolder-proxy-deals.lieferando.at:80
[http] subfolder-proxy-drivers.lieferando.at:80
[http] subfolder-proxy-foodwiki.lieferando.at:80
[http] subfolder-proxy-interactive-data-at.lieferando.at:80
[http] subfolder-proxy-loyaltyshop-at.lieferando.at:80
[http] subfolder-proxy-multisite-blog.lieferando.at:80
[http] subfolder-proxy-partnerblog.lieferando.at:80
[http] subfolder-proxy-signup.lieferando.at:80
[http] subfolder-proxy-takeawaypay-blog.lieferando.at:80
[http] subfolder-proxy-takeawaypay.lieferando.at:80
[http] suna.lieferando.at:80
[https] uncoveredincoming.mcafee.lieferando.at:443
[https] uncovered.lieferando.at:443
[https] uncovered.mcafee.lieferando.at:443
[https] union.lieferando.at:443
[https] univ.lieferando.at:443
[https] unknown-20-75.lieferando.at:443
[https] updateavgantiviruscustomersupportnumber.lieferando.at:443
[https] updatekey-antivirus.lieferando.at:443
[https] user.lieferando.at:443
[https] users.lieferando.at:443
[https] vaccine-bc-huang.lieferando.at:443
[https] varnish.lieferando.at:443
[https] verwijdertvirusspyware.lieferando.at:443
[https] view.update.lieferando.at:443
[https] view.virus-update.lieferando.at:443
[https] virtuallearning-qualcomm-com.lieferando.at:443
[https] virusbot.lieferando.at:443
[https] virus-consola.lieferando.at:443
[https] virus-design.lieferando.at:443
[https] virusfacts.lieferando.at:443
[https] virusinc.lieferando.at:443
[https] viruslex.lieferando.at:443
[https] virust.lieferando.at:443
[https] viruswriter.lieferando.at:443
[https] virusyellowfevervaccine.lieferando.at:443
[https] vmail1.mail.lieferando.at:443
[https] vw2008ex01.ivemsamxl.lieferando.at:443
[https] w244203.ppp.lieferando.at:443
[https] webmail.lieferando.at:443
[https] wenku.lieferando.at:443
[https] westeuropehhsvaccines.lieferando.at:443
[https] windowsample.lieferando.at:443
[https] wsh161.lieferando.at:443
[https] www2s.lieferando.at:443
[https] www2u.lieferando.at:443
[https] www4b.lieferando.at:443
[https] www5a.lieferando.at:443
[https] www5b.lieferando.at:443
[https] www5c.lieferando.at:443
[https] www5d.lieferando.at:443
[https] www5f.lieferando.at:443
[https] www7a.lieferando.at:443
[https] www7b.lieferando.at:443
[https] www.antivirus1.lieferando.at:443
[https] www.anti-virus.lieferando.at:443
[https] www.backsoon.lieferando.at:443
[https] www.bbgr5.lieferando.at:443
[https] www.cvs.portali-dir.lieferando.at:443
[https] www.cvs.portali.lieferando.at:443
[https] www.glencove.fooxx.lieferando.at:443
[https] www.notes.lieferando.at:443
[https] www.portali.lieferando.at:443
[https] www.raphaelserra.lieferando.at:443
[https] www.sbe3.lieferando.at:443
[https] www.session-bass-player.lieferando.at:443
[https] www.ssg-heap.als.lieferando.at:443
[https] www.tutarotlatino.lieferando.at:443
[https] www.updatekey-antivirus.lieferando.at:443
[https] www.vaccines.lieferando.at:443
[https] www.veeda.lieferando.at:443
[https] www.verwijdertvirusspyware.lieferando.at:443
[https] www.virusbot.lieferando.at:443
[https] www.welcome.develop.lieferando.at:443
[https] xmaskaradax.lieferando.at:443
[https] xn--80aa5alfu.lieferando.at:443
[https] xroads.lieferando.at:443
[https] yellowfevervaccine-courier-app.lieferando.at:443
[https] yellowfevervaccine-lb.lieferando.at:443
[http] symposium.lieferando.at:80
[http] sytthanhhoa.lieferando.at:80
[https] zerovirus-east-22s.lieferando.at:443
[https] zeroviruses2019.lieferando.at:443
[https] zerovirusescovideo.lieferando.at:443
[https] zerovirusescovideo-vaccine.lieferando.at:443
[https] zerovirusteast-16s.lieferando.at:443
[http] tags.lieferando.at:80
[http] tarim2.lieferando.at:80
[http] tc.fo-currys.fo.test07.lieferando.at:80
[http] test-shop.lieferando.at:80
[http] tkaji2012.lieferando.at:80
[http] top100.lieferando.at:80
[http] topchoicecentral.lieferando.at:80
[http] totalav-essential-antivirus.h-4en.lieferando.at:80
[http] totalav-essential-antivirus.logonen.lieferando.at:80
[http] tsmc1.lieferando.at:80
[http] tv-smtp-virus.lieferando.at:80
[http] ualpassuat.lieferando.at:80
[http] uatwindscreencover.lieferando.at:80
[http] uncoveredincoming.mcafee.lieferando.at:80
[http] uncovered.lieferando.at:80
[http] uncovered.mcafee.lieferando.at:80
[http] union.lieferando.at:80
[http] univ.lieferando.at:80
[http] unknown-20-75.lieferando.at:80
[http] updateavgantiviruscustomersupportnumber.lieferando.at:80
[http] updatekey-antivirus.lieferando.at:80
[http] user.lieferando.at:80
[http] users.lieferando.at:80
[http] vaccine-bc-huang.lieferando.at:80
[http] varnish.lieferando.at:80
[http] verwijdertvirusspyware.lieferando.at:80
[http] view.update.lieferando.at:80
[http] view.virus-update.lieferando.at:80
[http] virtuallearning-qualcomm-com.lieferando.at:80
[http] virusbot.lieferando.at:80
[http] virus-consola.lieferando.at:80
[http] virus-design.lieferando.at:80
[http] virusfacts.lieferando.at:80
[http] virusinc.lieferando.at:80
[http] viruslex.lieferando.at:80
[http] virust.lieferando.at:80
[http] viruswriter.lieferando.at:80
[http] virusyellowfevervaccine.lieferando.at:80
[http] vmail1.mail.lieferando.at:80
[http] vw2008ex01.ivemsamxl.lieferando.at:80
[http] w244203.ppp.lieferando.at:80
[http] webmail.lieferando.at:80
[http] wenku.lieferando.at:80
[http] westeuropehhsvaccines.lieferando.at:80
[http] windowsample.lieferando.at:80
[http] wsh161.lieferando.at:80
[http] www2s.lieferando.at:80
[http] www2u.lieferando.at:80
[http] www4b.lieferando.at:80
[http] www5a.lieferando.at:80
[http] www5b.lieferando.at:80
[http] www5c.lieferando.at:80
[http] www5d.lieferando.at:80
[http] www5f.lieferando.at:80
[http] www7a.lieferando.at:80
[http] www7b.lieferando.at:80
[http] www.antivirus1.lieferando.at:80
[http] www.anti-virus.lieferando.at:80
[http] www.backsoon.lieferando.at:80
[http] www.bbgr5.lieferando.at:80
[http] www.cvs.portali-dir.lieferando.at:80
[http] www.cvs.portali.lieferando.at:80
[http] www.glencove.fooxx.lieferando.at:80
[http] www.notes.lieferando.at:80
[http] www.portali.lieferando.at:80
[http] www.raphaelserra.lieferando.at:80
[http] www.sbe3.lieferando.at:80
[http] www.session-bass-player.lieferando.at:80
[http] www.ssg-heap.als.lieferando.at:80
[http] www.tutarotlatino.lieferando.at:80
[http] www.updatekey-antivirus.lieferando.at:80
[http] www.vaccines.lieferando.at:80
[http] www.veeda.lieferando.at:80
[http] www.verwijdertvirusspyware.lieferando.at:80
[http] www.virusbot.lieferando.at:80
[http] www.welcome.develop.lieferando.at:80
[http] xmaskaradax.lieferando.at:80
[http] xn--80aa5alfu.lieferando.at:80
[http] xroads.lieferando.at:80
[http] yellowfevervaccine-courier-app.lieferando.at:80
[http] yellowfevervaccine-lb.lieferando.at:80
[http] zerovirus-east-22s.lieferando.at:80
[http] zeroviruses2019.lieferando.at:80
[http] zerovirusescovideo.lieferando.at:80
[http] zerovirusescovideo-vaccine.lieferando.at:80
[http] zerovirusteast-16s.lieferando.at:80
[nbx-ser] acc-shop.lieferando.at:2095
[radsec] acc-shop.lieferando.at:2083
[smtp] connect.lieferando.at:25
[smtp] update.lieferando.at:25
