[http] airflow.limeinternal.com:80
[http] airflow-mwaa.limeinternal.com:80
[http] common-airflow.limeinternal.com:80
[http] data-entrypoint-api.limeinternal.com:80
[http] data-entrypoint-api-staging.limeinternal.com:80
[http] data.limeinternal.com:80
[http] data-staging.limeinternal.com:80
[http] golden-airflow.limeinternal.com:80
[http] golden-airflow-mwaa.limeinternal.com:80
[http] ml-flower.limeinternal.com:80
[http] ml-flower-staging.limeinternal.com:80
[http] ml.limeinternal.com:80
[http] mlp.limeinternal.com:80
[http] ml-staging.limeinternal.com:80
[http] orchard.limeinternal.com:80
[http] orchard-staging.limeinternal.com:80
[http] pmm.limeinternal.com:80
[https] airflow.limeinternal.com:443
[https] airflow-mwaa.limeinternal.com:443
[https] common-airflow.limeinternal.com:443
[https] data-entrypoint-api.limeinternal.com:443
[https] data-entrypoint-api-staging.limeinternal.com:443
[https] data.limeinternal.com:443
[https] data-staging.limeinternal.com:443
[https] golden-airflow.limeinternal.com:443
[https] golden-airflow-mwaa.limeinternal.com:443
[http] sidewalk-data-collection.limeinternal.com:80
[https] ml-flower.limeinternal.com:443
[https] ml-flower-staging.limeinternal.com:443
[https] ml.limeinternal.com:443
[https] mlp.limeinternal.com:443
[https] ml-staging.limeinternal.com:443
[https] orchard.limeinternal.com:443
[https] orchard-staging.limeinternal.com:443
[https] pmm.limeinternal.com:443
[https] sidewalk-data-collection.limeinternal.com:443
[https] tab.limeinternal.com:443
[https] test.limeinternal.com:443
[http] tab.limeinternal.com:80
[http] test.limeinternal.com:80
