[http] data.login.gov:80
[http] design.login.gov:80
[http] developer.login.gov:80
[http] developers.login.gov:80
[http] dm.login.gov:80
[http] handbook.login.gov:80
[http] idp.dm.login.gov:80
[http] idp.staging.login.gov:80
[http] mta-sts.login.gov:80
[http] partners.login.gov:80
[http] public-reporting-data.dm.login.gov:80
[http] public-reporting-data.staging.login.gov:80
[http] sam-landing.login.gov:80
[https] data.login.gov:443
[https] design.login.gov:443
[https] developer.login.gov:443
[https] developers.login.gov:443
[https] dm.login.gov:443
[http] secure.login.gov:80
[https] handbook.login.gov:443
[https] idp.dm.login.gov:443
[https] idp.staging.login.gov:443
[https] mta-sts.login.gov:443
[https] partners.login.gov:443
[https] public-reporting-data.dm.login.gov:443
[https] public-reporting-data.staging.login.gov:443
[https] sam-landing.login.gov:443
[https] secure.login.gov:443
[https] staging.login.gov:443
[https] static.idp.dm.login.gov:443
[https] static.secure.login.gov:443
[https] status.login.gov:443
[http] staging.login.gov:80
[http] static.idp.dm.login.gov:80
[http] static.secure.login.gov:80
[http] status.login.gov:80
[https] www.login.gov:443
[http] www.login.gov:80
