[cddbp-alt] looksrare.org:8880
[cddbp-alt] rinkeby.looksrare.org:8880
[eli] looksrare.org:2087
[eli] rinkeby.looksrare.org:2087
[gnunet] looksrare.org:2086
[gnunet] rinkeby.looksrare.org:2086
[http] api.looksrare.org:80
[http] api-rinkeby.looksrare.org:80
[http] docs.looksrare.org:80
[http] goerli.looksrare.org:80
[http] graphql-goerli.looksrare.org:80
[http] graphql.looksrare.org:80
[http] graphql-rinkeby.looksrare.org:80
[http] indexer.looksrare.org:80
[http] indexer-rinkeby.looksrare.org:80
[http] looksrare.org:80
[http-proxy] looksrare.org:8080
[http-proxy] rinkeby.looksrare.org:8080
[http] rinkeby.looksrare.org:80
[https-alt] looksrare.org:8443
[https-alt] rinkeby.looksrare.org:8443
[https] looksrare.org:443
[https] rinkeby.looksrare.org:443
[http] uikit.looksrare.org:80
[http] www.looksrare.org:80
[infowave] api.looksrare.org:2082
[infowave] api-rinkeby.looksrare.org:2082
[infowave] docs.looksrare.org:2082
[infowave] goerli.looksrare.org:2082
[infowave] graphql-goerli.looksrare.org:2082
[infowave] graphql.looksrare.org:2082
[infowave] graphql-rinkeby.looksrare.org:2082
[infowave] indexer.looksrare.org:2082
[infowave] indexer-rinkeby.looksrare.org:2082
[infowave] looksrare.org:2082
[infowave] rinkeby.looksrare.org:2082
[infowave] uikit.looksrare.org:2082
[infowave] www.looksrare.org:2082
[radsec] looksrare.org:2083
[radsec] rinkeby.looksrare.org:2083
