[cddbp-alt] blog.machinefi.com:8880
[cddbp-alt] machinefi.com:8880
[cddbp-alt] portal-testnet.machinefi.com:8880
[cddbp-alt] simulator.machinefi.com:8880
[cddbp-alt] www.machinefi.com:8880
[clearvisn] demo.machinefi.com:2052
[clearvisn] portal.machinefi.com:2052
[eli] blog.machinefi.com:2087
[eli] demo.machinefi.com:2087
[eli] machinefi.com:2087
[eli] portal.machinefi.com:2087
[eli] portal-testnet.machinefi.com:2087
[eli] simulator.machinefi.com:2087
[eli] www.machinefi.com:2087
[gnunet] blog.machinefi.com:2086
[gnunet] demo.machinefi.com:2086
[gnunet] portal.machinefi.com:2086
[gnunet] portal-testnet.machinefi.com:2086
[gnunet] simulator.machinefi.com:2086
[http] blog.machinefi.com:80
[http] demo.machinefi.com:80
[http] machinefi.com:80
[http] portal.machinefi.com:80
[http] portal-testnet.machinefi.com:80
[http-proxy] blog.machinefi.com:8080
[http-proxy] demo.machinefi.com:8080
[http-proxy] portal.machinefi.com:8080
[http-proxy] portal-testnet.machinefi.com:8080
[http-proxy] simulator.machinefi.com:8080
[http-proxy] www.machinefi.com:8080
[https-alt] blog.machinefi.com:8443
[https-alt] demo.machinefi.com:8443
[https-alt] portal.machinefi.com:8443
[https-alt] portal-testnet.machinefi.com:8443
[https-alt] simulator.machinefi.com:8443
[https-alt] www.machinefi.com:8443
[https] blog.machinefi.com:443
[https] demo.machinefi.com:443
[http] simulator.machinefi.com:80
[https] machinefi.com:443
[https] portal.machinefi.com:443
[https] portal-testnet.machinefi.com:443
[https] simulator.machinefi.com:443
[https] www.machinefi.com:443
[http] www.machinefi.com:80
[infowave] blog.machinefi.com:2082
[infowave] demo.machinefi.com:2082
[infowave] machinefi.com:2082
[infowave] portal.machinefi.com:2082
[infowave] portal-testnet.machinefi.com:2082
[infowave] simulator.machinefi.com:2082
[infowave] www.machinefi.com:2082
[knetd] blog.machinefi.com:2053
[knetd] demo.machinefi.com:2053
[knetd] portal.machinefi.com:2053
[knetd] portal-testnet.machinefi.com:2053
[knetd] simulator.machinefi.com:2053
[nbx-ser] blog.machinefi.com:2095
[nbx-ser] portal-testnet.machinefi.com:2095
[nbx-ser] simulator.machinefi.com:2095
[radsec] blog.machinefi.com:2083
[radsec] demo.machinefi.com:2083
[radsec] portal.machinefi.com:2083
[radsec] portal-testnet.machinefi.com:2083
[radsec] simulator.machinefi.com:2083
