[cddbp-alt] awesome.makerdao.com:8880
[cddbp-alt] brand.makerdao.com:8880
[cddbp-alt] cdp-cn.makerdao.com:8880
[cddbp-alt] cdp.makerdao.com:8880
[cddbp-alt] chat.makerdao.com:8880
[cddbp-alt] collateral.makerdao.com:8880
[cddbp-alt] community-development.makerdao.com:8880
[cddbp-alt] community.makerdao.com:8880
[cddbp-alt] dai.makerdao.com:8880
[cddbp-alt] docs.makerdao.com:8880
[cddbp-alt] feedback.makerdao.com:8880
[cddbp-alt] forum.makerdao.com:8880
[cddbp-alt] graphql.makerdao.com:8880
[cddbp-alt] liquidations.makerdao.com:8880
[cddbp-alt] manual.makerdao.com:8880
[cddbp-alt] mips-api.makerdao.com:8880
[cddbp-alt] mips.makerdao.com:8880
[cddbp-alt] oracles.makerdao.com:8880
[cddbp-alt] rctest.makerdao.com:8880
[cddbp-alt] sai.makerdao.com:8880
[cddbp-alt] security.makerdao.com:8880
[cddbp-alt] unified-auctions.makerdao.com:8880
[eli] awesome.makerdao.com:2087
[eli] brand.makerdao.com:2087
[eli] cdp-cn.makerdao.com:2087
[eli] cdp.makerdao.com:2087
[eli] chat.makerdao.com:2087
[eli] collateral.makerdao.com:2087
[eli] community-development.makerdao.com:2087
[eli] community.makerdao.com:2087
[eli] dai.makerdao.com:2087
[eli] docs.makerdao.com:2087
[eli] feedback.makerdao.com:2087
[eli] forum.makerdao.com:2087
[eli] graphql.makerdao.com:2087
[eli] liquidations.makerdao.com:2087
[eli] manual.makerdao.com:2087
[eli] mips-api.makerdao.com:2087
[eli] mips.makerdao.com:2087
[eli] oracles.makerdao.com:2087
[eli] rctest.makerdao.com:2087
[eli] sai.makerdao.com:2087
[eli] security.makerdao.com:2087
[eli] unified-auctions.makerdao.com:2087
[http] auctions.makerdao.com:80
[http] awesome.makerdao.com:80
[http] brand.makerdao.com:80
[http] cdp-cn.makerdao.com:80
[http] cdp.makerdao.com:80
[http] chainlog.makerdao.com:80
[http] changelog.makerdao.com:80
[http] chat.makerdao.com:80
[http] chief.makerdao.com:80
[http] collateral.makerdao.com:80
[http] community-development.makerdao.com:80
[http] community.makerdao.com:80
[http] dai.makerdao.com:80
[http] developer.makerdao.com:80
[http] docs.makerdao.com:80
[http] feedback.makerdao.com:80
[http] forum.makerdao.com:80
[http] graphql.makerdao.com:80
[http] liquidations.makerdao.com:80
[http] makerdao.com:80
[http] manual.makerdao.com:80
[http] mips-api.makerdao.com:80
[http] mips.makerdao.com:80
[http] nature.makerdao.com:80
[http] oracles.makerdao.com:80
[http-proxy] awesome.makerdao.com:8080
[http-proxy] brand.makerdao.com:8080
[http-proxy] cdp-cn.makerdao.com:8080
[http-proxy] cdp.makerdao.com:8080
[http-proxy] chat.makerdao.com:8080
[http-proxy] collateral.makerdao.com:8080
[http-proxy] community-development.makerdao.com:8080
[http-proxy] community.makerdao.com:8080
[http-proxy] dai.makerdao.com:8080
[http-proxy] docs.makerdao.com:8080
[http-proxy] feedback.makerdao.com:8080
[http-proxy] forum.makerdao.com:8080
[http-proxy] graphql.makerdao.com:8080
[http-proxy] liquidations.makerdao.com:8080
[http-proxy] manual.makerdao.com:8080
[http-proxy] mips-api.makerdao.com:8080
[http-proxy] mips.makerdao.com:8080
[http-proxy] oracles.makerdao.com:8080
[http-proxy] rctest.makerdao.com:8080
[http-proxy] sai.makerdao.com:8080
[http-proxy] security.makerdao.com:8080
[http-proxy] unified-auctions.makerdao.com:8080
[http] rctest.makerdao.com:80
[http] redeem.makerdao.com:80
[http] sai.makerdao.com:80
[https-alt] awesome.makerdao.com:8443
[https-alt] cdp-cn.makerdao.com:8443
[https-alt] cdp.makerdao.com:8443
[https-alt] collateral.makerdao.com:8443
[https-alt] community-development.makerdao.com:8443
[https-alt] dai.makerdao.com:8443
[https-alt] docs.makerdao.com:8443
[https-alt] feedback.makerdao.com:8443
[https-alt] forum.makerdao.com:8443
[https-alt] sai.makerdao.com:8443
[https-alt] security.makerdao.com:8443
[https] api.makerdao.com:443
[https] auctions.makerdao.com:443
[https] awesome.makerdao.com:443
[https] blog.makerdao.com:443
[https] brand.makerdao.com:443
[https] cdp-cn.makerdao.com:443
[https] cdp.makerdao.com:443
[https] chainlog.makerdao.com:443
[https] changelog.makerdao.com:443
[https] chat.makerdao.com:443
[https] chief.makerdao.com:443
[https] chief-migration.makerdao.com:443
[https] collateral.makerdao.com:443
[https] community-development.makerdao.com:443
[https] community.makerdao.com:443
[https] dai.makerdao.com:443
[https] developer.makerdao.com:443
[https] docs.makerdao.com:443
[http] security.makerdao.com:80
[https] feedback.makerdao.com:443
[https] forum.makerdao.com:443
[https] graphql.makerdao.com:443
[https] liquidations.makerdao.com:443
[https] makerdao.com:443
[https] manual.makerdao.com:443
[https] migrate.makerdao.com:443
[https] mips-api.makerdao.com:443
[https] mips.makerdao.com:443
[https] nature.makerdao.com:443
[https] oracles.makerdao.com:443
[https] rctest.makerdao.com:443
[https] redeem.makerdao.com:443
[https] sai.makerdao.com:443
[https] security.makerdao.com:443
[https] unified-auctions.makerdao.com:443
[https] v1.vote.makerdao.com:443
[https] v2.vote.makerdao.com:443
[https] vote.makerdao.com:443
[https] www.makerdao.com:443
[http] unified-auctions.makerdao.com:80
[http] v1.vote.makerdao.com:80
[http] v2.vote.makerdao.com:80
[http] vote.makerdao.com:80
[http] www.makerdao.com:80
[infowave] awesome.makerdao.com:2082
[infowave] brand.makerdao.com:2082
[infowave] cdp-cn.makerdao.com:2082
[infowave] cdp.makerdao.com:2082
[infowave] chat.makerdao.com:2082
[infowave] collateral.makerdao.com:2082
[infowave] community-development.makerdao.com:2082
[infowave] community.makerdao.com:2082
[infowave] dai.makerdao.com:2082
[infowave] docs.makerdao.com:2082
[infowave] feedback.makerdao.com:2082
[infowave] forum.makerdao.com:2082
[infowave] graphql.makerdao.com:2082
[infowave] liquidations.makerdao.com:2082
[infowave] manual.makerdao.com:2082
[infowave] mips-api.makerdao.com:2082
[infowave] mips.makerdao.com:2082
[infowave] oracles.makerdao.com:2082
[infowave] rctest.makerdao.com:2082
[infowave] sai.makerdao.com:2082
[infowave] security.makerdao.com:2082
[infowave] unified-auctions.makerdao.com:2082
[knetd] awesome.makerdao.com:2053
[knetd] brand.makerdao.com:2053
[knetd] cdp-cn.makerdao.com:2053
[knetd] cdp.makerdao.com:2053
[knetd] chat.makerdao.com:2053
[knetd] collateral.makerdao.com:2053
[knetd] community-development.makerdao.com:2053
[knetd] community.makerdao.com:2053
[knetd] dai.makerdao.com:2053
[knetd] docs.makerdao.com:2053
[knetd] feedback.makerdao.com:2053
[knetd] forum.makerdao.com:2053
[knetd] graphql.makerdao.com:2053
[knetd] liquidations.makerdao.com:2053
[knetd] manual.makerdao.com:2053
[knetd] mips-api.makerdao.com:2053
[knetd] mips.makerdao.com:2053
[knetd] oracles.makerdao.com:2053
[knetd] rctest.makerdao.com:2053
[knetd] sai.makerdao.com:2053
[knetd] security.makerdao.com:2053
[knetd] unified-auctions.makerdao.com:2053
[nbx-ser] awesome.makerdao.com:2095
[nbx-ser] cdp-cn.makerdao.com:2095
[nbx-ser] cdp.makerdao.com:2095
[nbx-ser] collateral.makerdao.com:2095
[nbx-ser] community-development.makerdao.com:2095
[nbx-ser] dai.makerdao.com:2095
[nbx-ser] docs.makerdao.com:2095
[nbx-ser] feedback.makerdao.com:2095
[nbx-ser] forum.makerdao.com:2095
[nbx-ser] sai.makerdao.com:2095
[nbx-ser] security.makerdao.com:2095
[radsec] awesome.makerdao.com:2083
[radsec] brand.makerdao.com:2083
[radsec] cdp-cn.makerdao.com:2083
[radsec] cdp.makerdao.com:2083
[radsec] chat.makerdao.com:2083
[radsec] collateral.makerdao.com:2083
[radsec] community-development.makerdao.com:2083
[radsec] community.makerdao.com:2083
[radsec] dai.makerdao.com:2083
[radsec] docs.makerdao.com:2083
[radsec] feedback.makerdao.com:2083
[radsec] forum.makerdao.com:2083
[radsec] graphql.makerdao.com:2083
[radsec] liquidations.makerdao.com:2083
[radsec] manual.makerdao.com:2083
[radsec] mips-api.makerdao.com:2083
[radsec] mips.makerdao.com:2083
[radsec] oracles.makerdao.com:2083
[radsec] rctest.makerdao.com:2083
[radsec] sai.makerdao.com:2083
[radsec] security.makerdao.com:2083
[radsec] unified-auctions.makerdao.com:2083
