[http] bookingapi.kinepolis.megatix.be:80
[http] cms.kinepolis.megatix.be:80
[http] kinepolis.megatix.be:80
[http] movieapi.kinepolis.megatix.be:80
[http] prod-kinepolis.megatix.be:80
[https] bookingapi.kinepolis.megatix.be:443
[https] cms.kinepolis.megatix.be:443
[https] kinepolis.megatix.be:443
[https] movieapi.kinepolis.megatix.be:443
[https] prod-kinepolis.megatix.be:443
[https] stage.bookingapi.megatix.be:443
[https] stage.cms.megatix.be:443
[https] stage-kinepolis.megatix.be:443
[https] stage.kinepolis.megatix.be:443
[https] stage.movieapi.megatix.be:443
[https] stage.umbracoapi.megatix.be:443
[http] stage.bookingapi.megatix.be:80
[http] stage.cms.megatix.be:80
[http] stage-kinepolis.megatix.be:80
[http] stage.kinepolis.megatix.be:80
[http] stage.movieapi.megatix.be:80
[http] stage.umbracoapi.megatix.be:80
[https] umbracoapi.kinepolis.megatix.be:443
[http] umbracoapi.kinepolis.megatix.be:80
