[cddbp-alt] api.mercurial.finance:8880
[cddbp-alt] blog.mercurial.finance:8880
[cddbp-alt] dayone.mercurial.finance:8880
[cddbp-alt] devnet.mercurial.finance:8880
[cddbp-alt] discord.mercurial.finance:8880
[cddbp-alt] docs.mercurial.finance:8880
[cddbp-alt] mainnet.mercurial.finance:8880
[cddbp-alt] mercurial.finance:8880
[cddbp-alt] merv2-api.mercurial.finance:8880
[cddbp-alt] preprod.mercurial.finance:8880
[cddbp-alt] vaults.mercurial.finance:8880
[cddbp-alt] www.mercurial.finance:8880
[eli] api.mercurial.finance:2087
[eli] blog.mercurial.finance:2087
[eli] dayone.mercurial.finance:2087
[eli] devnet.mercurial.finance:2087
[eli] discord.mercurial.finance:2087
[eli] docs.mercurial.finance:2087
[eli] mainnet.mercurial.finance:2087
[eli] mercurial.finance:2087
[eli] merv2-api.mercurial.finance:2087
[eli] preprod.mercurial.finance:2087
[eli] vaults.mercurial.finance:2087
[eli] www.mercurial.finance:2087
[gnunet] api.mercurial.finance:2086
[gnunet] blog.mercurial.finance:2086
[gnunet] dayone.mercurial.finance:2086
[gnunet] devnet.mercurial.finance:2086
[gnunet] discord.mercurial.finance:2086
[gnunet] docs.mercurial.finance:2086
[gnunet] mainnet.mercurial.finance:2086
[gnunet] mercurial.finance:2086
[gnunet] merv2-api.mercurial.finance:2086
[gnunet] preprod.mercurial.finance:2086
[gnunet] vaults.mercurial.finance:2086
[gnunet] www.mercurial.finance:2086
[http] api.mercurial.finance:80
[http] blog.mercurial.finance:80
[http] dayone.mercurial.finance:80
[http] devnet.mercurial.finance:80
[http] discord.mercurial.finance:80
[http] docs.mercurial.finance:80
[http] mainnet.mercurial.finance:80
[http] mercurial.finance:80
[http] merv2-api.mercurial.finance:80
[http] preprod.mercurial.finance:80
[http-proxy] api.mercurial.finance:8080
[http-proxy] blog.mercurial.finance:8080
[http-proxy] dayone.mercurial.finance:8080
[http-proxy] devnet.mercurial.finance:8080
[http-proxy] discord.mercurial.finance:8080
[http-proxy] docs.mercurial.finance:8080
[http-proxy] mainnet.mercurial.finance:8080
[http-proxy] mercurial.finance:8080
[http-proxy] merv2-api.mercurial.finance:8080
[http-proxy] preprod.mercurial.finance:8080
[http-proxy] vaults.mercurial.finance:8080
[http-proxy] www.mercurial.finance:8080
[https-alt] api.mercurial.finance:8443
[https-alt] blog.mercurial.finance:8443
[https-alt] dayone.mercurial.finance:8443
[https-alt] devnet.mercurial.finance:8443
[https-alt] discord.mercurial.finance:8443
[https-alt] docs.mercurial.finance:8443
[https-alt] mainnet.mercurial.finance:8443
[https-alt] mercurial.finance:8443
[https-alt] merv2-api.mercurial.finance:8443
[https-alt] preprod.mercurial.finance:8443
[https-alt] vaults.mercurial.finance:8443
[https-alt] www.mercurial.finance:8443
[https] api.mercurial.finance:443
[https] blog.mercurial.finance:443
[https] dayone.mercurial.finance:443
[https] devnet.mercurial.finance:443
[https] discord.mercurial.finance:443
[https] docs.mercurial.finance:443
[https] mainnet.mercurial.finance:443
[https] mercurial.finance:443
[https] merv2-api.mercurial.finance:443
[https] preprod.mercurial.finance:443
[https] status.mercurial.finance:443
[http] status.mercurial.finance:80
[https] vaults.mercurial.finance:443
[https] www.mercurial.finance:443
[http] vaults.mercurial.finance:80
[http] www.mercurial.finance:80
[infowave] api.mercurial.finance:2082
[infowave] blog.mercurial.finance:2082
[infowave] dayone.mercurial.finance:2082
[infowave] devnet.mercurial.finance:2082
[infowave] discord.mercurial.finance:2082
[infowave] docs.mercurial.finance:2082
[infowave] mainnet.mercurial.finance:2082
[infowave] mercurial.finance:2082
[infowave] merv2-api.mercurial.finance:2082
[infowave] preprod.mercurial.finance:2082
[infowave] vaults.mercurial.finance:2082
[infowave] www.mercurial.finance:2082
[radsec] mercurial.finance:2083
