[3d-nfsd] www1.miwifi.com:2323
[3d-nfsd] www.miwifi.com:2323
[abyss] in.broker.miwifi.com:9999
[abyss] www1.miwifi.com:9999
[abyss] www.miwifi.com:9999
[accessbuilder] www1.miwifi.com:888
[accessbuilder] www.miwifi.com:888
[admd] www1.miwifi.com:5100
[admd] www.miwifi.com:5100
[afs3-bos] www1.miwifi.com:7007
[afs3-bos] www.miwifi.com:7007
[afs3-callback] www1.miwifi.com:7001
[afs3-callback] www.miwifi.com:7001
[afs3-fileserver] www1.miwifi.com:7000
[afs3-fileserver] www.miwifi.com:7000
[afs3-kaserver] www1.miwifi.com:7004
[afs3-kaserver] www.miwifi.com:7004
[afs3-prserver] www1.miwifi.com:7002
[afs3-prserver] www.miwifi.com:7002
[ajp13] in.broker.miwifi.com:8009
[ajp13] www1.miwifi.com:8009
[ajp13] www.miwifi.com:8009
[amandaidx] www1.miwifi.com:10082
[amandaidx] www.miwifi.com:10082
[arepa-cas] www1.miwifi.com:3030
[arepa-cas] www.miwifi.com:3030
[backupexec] www1.miwifi.com:6101
[backupexec] www.miwifi.com:6101
[blackice-alerts] in.broker.miwifi.com:8082
[blackice-alerts] www1.miwifi.com:8082
[blackice-alerts] www.miwifi.com:8082
[blackice-icecap] eu.bigota.miwifi.com:8081
[blackice-icecap] in.broker.miwifi.com:8081
[blackice-icecap] www1.miwifi.com:8081
[blackice-icecap] www.miwifi.com:8081
[btx] www1.miwifi.com:20005
[btx] www.miwifi.com:20005
[cbt] www1.miwifi.com:7777
[cbt] www.miwifi.com:7777
[ccproxy-http] www1.miwifi.com:808
[ccproxy-http] www.miwifi.com:808
[cisco-aqos] www1.miwifi.com:9081
[cisco-aqos] www.miwifi.com:9081
[cisco-sccp] www1.miwifi.com:2000
[cisco-sccp] www.miwifi.com:2000
[conf] www1.miwifi.com:2008
[conf] www.miwifi.com:2008
[cplscrambler-al] www1.miwifi.com:1088
[cplscrambler-al] www.miwifi.com:1088
[cplscrambler-lg] www1.miwifi.com:1086
[cplscrambler-lg] www.miwifi.com:1086
[cslistener] in.broker.miwifi.com:9000
[cslistener] www1.miwifi.com:9000
[cslistener] www.miwifi.com:9000
[ctf] www1.miwifi.com:84
[ctf] www.miwifi.com:84
[device] www1.miwifi.com:801
[device] www.miwifi.com:801
[distinct32] www1.miwifi.com:9998
[distinct32] www.miwifi.com:9998
[dnp] www1.miwifi.com:20000
[dnp] www.miwifi.com:20000
[dnsix] in.broker.miwifi.com:90
[dnsix] www1.miwifi.com:90
[dnsix] www.miwifi.com:90
[documentum] in.broker.miwifi.com:10002
[documentum] www1.miwifi.com:10002
[documentum] www.miwifi.com:10002
[d-s-n] www1.miwifi.com:8086
[d-s-n] www.miwifi.com:8086
[dsp] www1.miwifi.com:33
[dsp] www.miwifi.com:33
[d-star] in.broker.miwifi.com:9011
[dynamid] in.broker.miwifi.com:9002
[dynamid] www1.miwifi.com:9002
[dynamid] www.miwifi.com:9002
[emcrmirccd] www1.miwifi.com:10004
[emcrmirccd] www.miwifi.com:10004
[eppc] www1.miwifi.com:3031
[eppc] www.miwifi.com:3031
[EtherNetIP-1] in.broker.miwifi.com:2222
[] eu.bigota.miwifi.com:8069
[ff-fms] www1.miwifi.com:1090
[ff-fms] www.miwifi.com:1090
[ff-sm] www1.miwifi.com:1091
[ff-sm] www.miwifi.com:1091
[font-service] www1.miwifi.com:7100
[font-service] www.miwifi.com:7100
[fpo-fns] www1.miwifi.com:1066
[fpo-fns] www.miwifi.com:1066
[fs-agent] www1.miwifi.com:8042
[fs-agent] www.miwifi.com:8042
[garcon] www1.miwifi.com:999
[garcon] www.miwifi.com:999
[gilatskysurfer] www1.miwifi.com:3013
[gilatskysurfer] www.miwifi.com:3013
[glrpc] www1.miwifi.com:9080
[glrpc] www.miwifi.com:9080
[hfcs] www1.miwifi.com:4900
[hfcs] www.miwifi.com:4900
[hosts2-ns] in.broker.miwifi.com:81
[hosts2-ns] www1.miwifi.com:81
[hosts2-ns] www.miwifi.com:81
[http-alt] in.broker.miwifi.com:8000
[http-alt] www1.miwifi.com:8000
[http-alt] www.miwifi.com:8000
[http] api.miwifi.com:80
[http] app.miwifi.com:80
[http] bigota.miwifi.com:80
[http] broker.miwifi.com:80
[http] device.miwifi.com:80
[http] d.miwifi.com:80
[http] eu.api.miwifi.com:80
[http] eu.bigota.miwifi.com:80
[http] eu.broker.miwifi.com:80
[http] htp.miwifi.com:80
[http] in.api.miwifi.com:80
[http] in.broker.miwifi.com:80
[http] in.broker.miwifi.com:8008
[http] in.log.miwifi.com:80
[http] miwifi.com:80
[http] orig.bigota.miwifi.com:80
[http] orig.s.miwifi.com:80
[http] orig.www.miwifi.com:80
[http] pc.api.miwifi.com:80
[http] prefetch.miwifi.com:80
[http] preview.api.miwifi.com:80
[http-proxy] eu.bigota.miwifi.com:8080
[http-proxy] in.broker.miwifi.com:8080
[http] proxy.miwifi.com:80
[http-proxy] ru.broker.miwifi.com:8080
[http-proxy] sg.broker.miwifi.com:8080
[http-proxy] www1.miwifi.com:8080
[http-proxy] www.miwifi.com:8080
[http] router.miwifi.com:80
[http] ru.api.miwifi.com:80
[http] ru.broker.miwifi.com:80
[https-alt] eu.bigota.miwifi.com:8443
[https-alt] in.broker.miwifi.com:8443
[https-alt] www1.miwifi.com:8443
[https-alt] www.miwifi.com:8443
[https] api.miwifi.com:443
[https] app.miwifi.com:443
[https] bigota.miwifi.com:443
[https] broker.miwifi.com:443
[https] d.miwifi.com:443
[https] eu.api.miwifi.com:443
[https] eu.bigota.miwifi.com:443
[https] eu.broker.miwifi.com:443
[http] sg.api.miwifi.com:80
[http] sg.broker.miwifi.com:80
[https] htp.miwifi.com:443
[https] in.api.miwifi.com:443
[https] in.broker.miwifi.com:443
[https] in.log.miwifi.com:443
[https] log.miwifi.com:443
[http] smart.miwifi.com:80
[https] orig.bigota.miwifi.com:443
[https] orig.s.miwifi.com:443
[https] orig.www.miwifi.com:443
[https] pc.api.miwifi.com:443
[https] router.miwifi.com:443
[https] ru.api.miwifi.com:443
[https] ru.broker.miwifi.com:443
[https] sg.api.miwifi.com:443
[https] sg.broker.miwifi.com:443
[https] smart.miwifi.com:443
[https] tw.api.miwifi.com:443
[https] tw.log.miwifi.com:443
[https] us.api.miwifi.com:443
[https] us.log.miwifi.com:443
[https] weixin.miwifi.com:443
[https] www1.miwifi.com:443
[https] www.miwifi.com:443
[http] tw.api.miwifi.com:80
[http] tw.log.miwifi.com:80
[http] us.api.miwifi.com:80
[http] us.log.miwifi.com:80
[http] weixin.miwifi.com:80
[http] www1.miwifi.com:80
[http] www1.miwifi.com:8008
[http] www.miwifi.com:80
[http] www.miwifi.com:8008
[hydap] www1.miwifi.com:15000
[hydap] www.miwifi.com:15000
[ies-lm] www1.miwifi.com:1443
[ies-lm] www.miwifi.com:1443
[interwise] www1.miwifi.com:7778
[interwise] www.miwifi.com:7778
[invokator] www1.miwifi.com:2006
[invokator] www.miwifi.com:2006
[irc] www.miwifi.com:6666
[irdmi2] www1.miwifi.com:7999
[irdmi2] www.miwifi.com:7999
[ismserver] www1.miwifi.com:9500
[ismserver] www.miwifi.com:9500
[iua] www1.miwifi.com:9900
[iua] www.miwifi.com:9900
[jetdirect] www1.miwifi.com:9100
[jetdirect] www1.miwifi.com:9101
[jetdirect] www1.miwifi.com:9103
[jetdirect] www.miwifi.com:9100
[jetdirect] www.miwifi.com:9101
[jetdirect] www.miwifi.com:9103
[kdm] www1.miwifi.com:1024
[kdm] www.miwifi.com:1024
[kerberos-sec] in.broker.miwifi.com:88
[kerberos-sec] www1.miwifi.com:88
[kerberos-sec] www.miwifi.com:88
[LSA-or-nterm] www1.miwifi.com:1026
[LSA-or-nterm] www.miwifi.com:1026
[m2mservices] www1.miwifi.com:8383
[m2mservices] www.miwifi.com:8383
[mdbs_daemon] www1.miwifi.com:800
[mdbs_daemon] www.miwifi.com:800
[mit-ml-dev] www1.miwifi.com:83
[mit-ml-dev] www1.miwifi.com:85
[mit-ml-dev] www.miwifi.com:83
[mit-ml-dev] www.miwifi.com:85
[monkeycom] www1.miwifi.com:9898
[monkeycom] www.miwifi.com:9898
[msnp] www1.miwifi.com:1863
[msnp] www.miwifi.com:1863
[mysql] www1.miwifi.com:3306
[mysql] www.miwifi.com:3306
[n1-fwp] www1.miwifi.com:4446
[n1-fwp] www.miwifi.com:4446
[napster] www1.miwifi.com:6699
[napster] www.miwifi.com:6699
[netbus] www1.miwifi.com:12345
[netbus] www.miwifi.com:12345
[nping-echo] www1.miwifi.com:9929
[nping-echo] www.miwifi.com:9929
[nrpe] www1.miwifi.com:5666
[nrpe] www.miwifi.com:5666
[oa-system] www1.miwifi.com:8022
[oa-system] www.miwifi.com:8022
[obrpd] www1.miwifi.com:1092
[obrpd] www.miwifi.com:1092
[onscreen] www1.miwifi.com:5080
[onscreen] www.miwifi.com:5080
[opsmessaging] eu.bigota.miwifi.com:8090
[opsmessaging] in.broker.miwifi.com:8090
[opsmessaging] ru.broker.miwifi.com:8090
[opsmessaging] sg.broker.miwifi.com:8090
[opsmessaging] www1.miwifi.com:8090
[opsmessaging] www.miwifi.com:8090
[ospf-lite] www1.miwifi.com:8899
[ospf-lite] www.miwifi.com:8899
[pharos] www1.miwifi.com:4443
[pharos] www.miwifi.com:4443
[pichat] in.broker.miwifi.com:9009
[pichat] www1.miwifi.com:9009
[pichat] www.miwifi.com:9009
[ppp] www1.miwifi.com:3000
[ppp] www.miwifi.com:3000
[pptp] www1.miwifi.com:1723
[pptp] www.miwifi.com:1723
[proofd] www1.miwifi.com:1093
[proofd] www.miwifi.com:1093
[radan-http] eu.bigota.miwifi.com:8088
[radan-http] in.broker.miwifi.com:8088
[radan-http] ru.broker.miwifi.com:8088
[radan-http] sg.broker.miwifi.com:8088
[radan-http] www1.miwifi.com:8088
[radan-http] www.miwifi.com:8088
[radmin] www1.miwifi.com:4899
[radmin] www.miwifi.com:4899
[realserver] www1.miwifi.com:7070
[realserver] www.miwifi.com:7070
[remoteanything] www1.miwifi.com:4000
[remoteanything] www.miwifi.com:4000
[rfe] www1.miwifi.com:5002
[rfe] www.miwifi.com:5002
[rocrail] eu.bigota.miwifi.com:8051
[rtmp] broker.miwifi.com:1935
[rtmp] in.broker.miwifi.com:1935
[rtmp] ru.broker.miwifi.com:1935
[rtmp] sg.broker.miwifi.com:1935
[rtmp] www1.miwifi.com:1935
[rtmp] www.miwifi.com:1935
[scp-config] www1.miwifi.com:10001
[scp-config] www.miwifi.com:10001
[sdr] www1.miwifi.com:9010
[sdr] www.miwifi.com:9010
[simplifymedia] in.broker.miwifi.com:8087
[simplifymedia] www1.miwifi.com:8087
[simplifymedia] www.miwifi.com:8087
[snet-sensor-mgmt] in.broker.miwifi.com:10000
[snet-sensor-mgmt] www1.miwifi.com:10000
[snet-sensor-mgmt] www.miwifi.com:10000
[snpp] in.broker.miwifi.com:444
[snpp] www1.miwifi.com:444
[snpp] www.miwifi.com:444
[socks] www1.miwifi.com:1080
[socks] www.miwifi.com:1080
[su-mit-tg] www1.miwifi.com:89
[su-mit-tg] www.miwifi.com:89
[sun-answerbook] in.broker.miwifi.com:8888
[sun-answerbook] www1.miwifi.com:8888
[sun-answerbook] www.miwifi.com:8888
[sunwebadmin] in.broker.miwifi.com:8800
[sunwebadmin] www1.miwifi.com:8800
[sunwebadmin] www.miwifi.com:8800
[surfpass] www1.miwifi.com:5030
[surfpass] www.miwifi.com:5030
[teradataordbms] www1.miwifi.com:8002
[teradataordbms] www.miwifi.com:8002
[tor-orport] in.broker.miwifi.com:9001
[tor-orport] www1.miwifi.com:9001
[tor-orport] www.miwifi.com:9001
[trusted-web] www1.miwifi.com:3011
[trusted-web] www.miwifi.com:3011
[unknown] broker.miwifi.com:843
[unknown] eu.bigota.miwifi.com:8089
[unknown] eu.bigota.miwifi.com:8099
[unknown] eu.bigota.miwifi.com:843
[unknown] in.broker.miwifi.com:8085
[unknown] in.broker.miwifi.com:8099
[unknown] in.broker.miwifi.com:8180
[unknown] in.broker.miwifi.com:843
[unknown] in.broker.miwifi.com:9003
[unknown] ru.broker.miwifi.com:843
[unknown] sg.broker.miwifi.com:843
[unknown] www1.miwifi.com:10012
[unknown] www1.miwifi.com:48080
[unknown] www1.miwifi.com:50003
[unknown] www1.miwifi.com:58080
[unknown] www1.miwifi.com:8011
[unknown] www1.miwifi.com:8084
[unknown] www1.miwifi.com:8085
[unknown] www1.miwifi.com:8089
[unknown] www1.miwifi.com:8093
[unknown] www1.miwifi.com:8099
[unknown] www1.miwifi.com:8180
[unknown] www1.miwifi.com:8222
[unknown] www1.miwifi.com:843
[unknown] www1.miwifi.com:9003
[unknown] www1.miwifi.com:9099
[unknown] www1.miwifi.com:9110
[unknown] www1.miwifi.com:9917
[unknown] www1.miwifi.com:9944
[unknown] www.miwifi.com:10012
[unknown] www.miwifi.com:48080
[unknown] www.miwifi.com:50003
[unknown] www.miwifi.com:58080
[unknown] www.miwifi.com:8011
[unknown] www.miwifi.com:8084
[unknown] www.miwifi.com:8085
[unknown] www.miwifi.com:8089
[unknown] www.miwifi.com:8093
[unknown] www.miwifi.com:8099
[unknown] www.miwifi.com:8180
[unknown] www.miwifi.com:8222
[unknown] www.miwifi.com:843
[unknown] www.miwifi.com:9003
[unknown] www.miwifi.com:9099
[unknown] www.miwifi.com:9110
[unknown] www.miwifi.com:9917
[unknown] www.miwifi.com:9944
[upnotifyp] www1.miwifi.com:4445
[upnotifyp] www.miwifi.com:4445
[upnp] www1.miwifi.com:5000
[upnp] www.miwifi.com:5000
[us-srv] in.broker.miwifi.com:8083
[us-srv] www1.miwifi.com:8083
[us-srv] www.miwifi.com:8083
[vcom-tunnel] eu.bigota.miwifi.com:8001
[vcom-tunnel] www1.miwifi.com:8001
[vcom-tunnel] www.miwifi.com:8001
[vrml-multi-use] www1.miwifi.com:4279
[vrml-multi-use] www.miwifi.com:4279
[wap-wsp] in.broker.miwifi.com:9200
[wap-wsp] www1.miwifi.com:9200
[wap-wsp] www.miwifi.com:9200
[X11:1] www1.miwifi.com:6001
[X11:1] www.miwifi.com:6001
[X11:2] www1.miwifi.com:6002
[X11:2] www.miwifi.com:6002
[X11:3] www1.miwifi.com:6003
[X11:3] www.miwifi.com:6003
[X11:5] www1.miwifi.com:6005
[X11:5] www.miwifi.com:6005
[xfer] in.broker.miwifi.com:82
[xfer] www1.miwifi.com:82
[xfer] www.miwifi.com:82
[xinupageserver] www1.miwifi.com:2020
[xinupageserver] www.miwifi.com:2020
[xmltec-xmlmail] www1.miwifi.com:9091
[xmltec-xmlmail] www.miwifi.com:9091
[xmpp-client] www1.miwifi.com:5222
[xmpp-client] www.miwifi.com:5222
[xmpp] in.broker.miwifi.com:8010
[xmpp] www1.miwifi.com:8010
[xmpp] www.miwifi.com:8010
[zeus-admin] in.broker.miwifi.com:9090
[zeus-admin] www1.miwifi.com:9090
[zeus-admin] www.miwifi.com:9090
