[ftp] mjrtheatres.com:21
[ftp] www.mjrtheatres.com:21
[http] booking.mjrtheatres.com:80
[http] mjrtheatres.com:80
[http] profile.mjrtheatres.com:80
[https] booking.mjrtheatres.com:443
[https] mjrtheatres.com:443
[https] profile.mjrtheatres.com:443
[https] www.mjrtheatres.com:443
[http] www.mjrtheatres.com:80
[unknown] mjrtheatres.com:49152
[unknown] mjrtheatres.com:49153
[unknown] mjrtheatres.com:49154
[unknown] mjrtheatres.com:49155
[unknown] mjrtheatres.com:49156
[unknown] www.mjrtheatres.com:49152
[unknown] www.mjrtheatres.com:49153
[unknown] www.mjrtheatres.com:49154
[unknown] www.mjrtheatres.com:49155
[unknown] www.mjrtheatres.com:49156
