[cddbp-alt] mm.finance:8880
[eli] mm.finance:2087
[gnunet] mm.finance:2086
[http] api.mm.finance:80
[http] bridge.mm.finance:80
[http] graph.mm.finance:80
[http] mm.finance:80
[http-proxy] api.mm.finance:8080
[http-proxy] bridge.mm.finance:8080
[http-proxy] graph.mm.finance:8080
[http-proxy] mm.finance:8080
[http-proxy] stable.mm.finance:8080
[http-proxy] validator.mm.finance:8080
[http-proxy] vault.mm.finance:8080
[http-proxy] vaults.mm.finance:8080
[http-proxy] www.mm.finance:8080
[https-alt] api.mm.finance:8443
[https-alt] bridge.mm.finance:8443
[https-alt] graph.mm.finance:8443
[https-alt] mm.finance:8443
[https-alt] stable.mm.finance:8443
[https-alt] validator.mm.finance:8443
[https-alt] vault.mm.finance:8443
[https-alt] vaults.mm.finance:8443
[https-alt] www.mm.finance:8443
[https] api.mm.finance:443
[https] bridge.mm.finance:443
[https] graph.mm.finance:443
[https] mm.finance:443
[https] stable.mm.finance:443
[http] stable.mm.finance:80
[https] validator.mm.finance:443
[https] vault.mm.finance:443
[https] vaults.mm.finance:443
[https] www.mm.finance:443
[http] validator.mm.finance:80
[http] vault.mm.finance:80
[http] vaults.mm.finance:80
[http] www.mm.finance:80
[infowave] mm.finance:2082
[knetd] mm.finance:2053
[radsec] mm.finance:2083
