[cddbp-alt] app.multichain.org:8880
[cddbp-alt] bridge.multichain.org:8880
[cddbp-alt] conflux.multichain.org:8880
[cddbp-alt] docs.multichain.org:8880
[cddbp-alt] multichain.org:8880
[cddbp-alt] scan.multichain.org:8880
[cddbp-alt] test.multichain.org:8880
[cddbp-alt] www.multichain.org:8880
[eli] multichain.org:2087
[gnunet] multichain.org:2086
[http] app.multichain.org:80
[http] bridge.multichain.org:80
[http] conflux.multichain.org:80
[http] docs.multichain.org:80
[http] multichain.org:80
[http-proxy] app.multichain.org:8080
[http-proxy] bridge.multichain.org:8080
[http-proxy] conflux.multichain.org:8080
[http-proxy] docs.multichain.org:8080
[http-proxy] multichain.org:8080
[http-proxy] scan.multichain.org:8080
[http-proxy] test.multichain.org:8080
[http-proxy] www.multichain.org:8080
[https-alt] bridge.multichain.org:8443
[https-alt] conflux.multichain.org:8443
[https-alt] docs.multichain.org:8443
[https-alt] scan.multichain.org:8443
[https-alt] www.multichain.org:8443
[http] scan.multichain.org:80
[https] multichain.org:443
[http] test.multichain.org:80
[http] www.multichain.org:80
[infowave] multichain.org:2082
[knetd] multichain.org:2053
[radsec] multichain.org:2083
