[cddbp-alt] napoleoncasino.be:8880
[clearvisn] napoleoncasino.be:2052
[eli] napoleoncasino.be:2087
[gnunet] napoleoncasino.be:2086
[http] api-ngp.napoleoncasino.be:80
[http] en-gb.napoleoncasino.be:80
[http] fr-be.napoleoncasino.be:80
[http] media.napoleoncasino.be:80
[http] media-ssl.napoleoncasino.be:80
[http] napoleoncasino.be:80
[http] nl-be.napoleoncasino.be:80
[http-proxy] napoleoncasino.be:8080
[https-alt] napoleoncasino.be:8443
[https] api-ngp.napoleoncasino.be:443
[https] en-gb.napoleoncasino.be:443
[https] fr-be.napoleoncasino.be:443
[https] media.napoleoncasino.be:443
[https] media-ssl.napoleoncasino.be:443
[https] napoleoncasino.be:443
[https] nl-be.napoleoncasino.be:443
[https] www.napoleoncasino.be:443
[https] zh-cn.napoleoncasino.be:443
[http] www.napoleoncasino.be:80
[http] zh-cn.napoleoncasino.be:80
[infowave] napoleoncasino.be:2082
[knetd] napoleoncasino.be:2053
[nbx-dir] napoleoncasino.be:2096
[nbx-ser] napoleoncasino.be:2095
[radsec] napoleoncasino.be:2083
