[http] alpha-game.line.naver.jp:80
[http] api.camera.line.naver.jp:80
[http] appresources.line.naver.jp:80
[http] biz.line.naver.jp:80
[http] camera.line.naver.jp:80
[http] dl.appresource.line.naver.jp:80
[http] dl.camimg.line.naver.jp:80
[http] dl-channel.line.naver.jp:80
[http] dl.common.line.naver.jp:80
[http] dl.desktop.line.naver.jp:80
[http] dl-hsp.profile.line.naver.jp:80
[http] dl.line.naver.jp:80
[http] dl-obs.official.line.naver.jp:80
[http] dl.os.line.naver.jp:80
[http] dl.profile.line.naver.jp:80
[http] dl.shop.line.naver.jp:80
[http] dl.stickershop.line.naver.jp:80
[http] dl.vaccine.line.naver.jp:80
[http] feedback.line.naver.jp:80
[http] gameapp.line.naver.jp:80
[http] game.line.naver.jp:80
[http] homeapi.line.naver.jp:80
[http] line.naver.jp:80
[http] media.line.naver.jp:80
[http] obs-cn.rts.line.naver.jp:80
[http] obs-tw.rts.line.naver.jp:80
[http] org.camimg.line.naver.jp:80
[http] org.stickershop.line.naver.jp:80
[http] play.line.naver.jp:80
[http] poker.line.naver.jp:80
[http] pr.line.naver.jp:80
[http-proxy] alpha-game.line.naver.jp:8080
[http] qr.line.naver.jp:80
[https] alpha-game.line.naver.jp:443
[https] api.camera.line.naver.jp:443
[https] api.freecoin.line.naver.jp:443
[https] appresources.line.naver.jp:443
[https] biz.line.naver.jp:443
[https] channel-apis.line.naver.jp:443
[https] channel.line.naver.jp:443
[https] ch.freecoin.line.naver.jp:443
[https] cix.line.naver.jp:443
[https] dl.appresource.line.naver.jp:443
[https] dl.camimg.line.naver.jp:443
[https] dl-channel.line.naver.jp:443
[https] dl.common.line.naver.jp:443
[https] dl.desktop.line.naver.jp:443
[https] dl-hsp.profile.line.naver.jp:443
[https] dl.line.naver.jp:443
[https] dl-obs.official.line.naver.jp:443
[https] dl.os.line.naver.jp:443
[https] dl.profile.line.naver.jp:443
[https] dl.shop.line.naver.jp:443
[http] sdl-shop.line.naver.jp:80
[https] dl.stickershop.line.naver.jp:443
[http] sdl-stickershop.line.naver.jp:80
[https] dl.vaccine.line.naver.jp:443
[https] feedback.line.naver.jp:443
[https] ga2g.line.naver.jp:443
[https] ga2i.line.naver.jp:443
[https] ga2k.line.naver.jp:443
[https] ga2.line.naver.jp:443
[https] ga2s.line.naver.jp:443
[https] ga2u.line.naver.jp:443
[https] ga2v.line.naver.jp:443
[https] ga2w.line.naver.jp:443
[https] ga2x.line.naver.jp:443
[https] ga2z.line.naver.jp:443
[https] ga.line.naver.jp:443
[https] gameapp.line.naver.jp:443
[https] game.line.naver.jp:443
[https] gbg.line.naver.jp:443
[https] gbi.line.naver.jp:443
[https] gbk.line.naver.jp:443
[https] gb.line.naver.jp:443
[https] gbs.line.naver.jp:443
[https] gbu.line.naver.jp:443
[https] gbv.line.naver.jp:443
[https] gbw.line.naver.jp:443
[https] gbx.line.naver.jp:443
[https] gbz.line.naver.jp:443
[https] gd2g.line.naver.jp:443
[https] gd2i.line.naver.jp:443
[https] gd2k.line.naver.jp:443
[https] gd2.line.naver.jp:443
[https] gd2s.line.naver.jp:443
[https] gd2u.line.naver.jp:443
[https] gd2u-rc.line.naver.jp:443
[https] gd2v.line.naver.jp:443
[https] gd2w.line.naver.jp:443
[https] gd2x.line.naver.jp:443
[https] gd2z.line.naver.jp:443
[https] gfg.line.naver.jp:443
[https] gfi.line.naver.jp:443
[https] gfk.line.naver.jp:443
[https] gf.line.naver.jp:443
[https] gfpg.line.naver.jp:443
[https] gfpi.line.naver.jp:443
[https] gfpk.line.naver.jp:443
[https] gfpk-rc.line.naver.jp:443
[https] gfp.line.naver.jp:443
[https] gfps.line.naver.jp:443
[https] gfps-rc.line.naver.jp:443
[https] gfpu.line.naver.jp:443
[https] gfpv.line.naver.jp:443
[https] gfpw.line.naver.jp:443
[https] gfpx.line.naver.jp:443
[https] gfpz.line.naver.jp:443
[https] gfs.line.naver.jp:443
[https] gfu.line.naver.jp:443
[https] gfv.line.naver.jp:443
[https] gfw.line.naver.jp:443
[https] gfw-rc3.line.naver.jp:443
[https] gfx.line.naver.jp:443
[https] gfz.line.naver.jp:443
[https] gig.line.naver.jp:443
[https] gii.line.naver.jp:443
[https] gik.line.naver.jp:443
[https] gi.line.naver.jp:443
[https] gis.line.naver.jp:443
[https] giu.line.naver.jp:443
[https] giv.line.naver.jp:443
[https] giw.line.naver.jp:443
[https] gix.line.naver.jp:443
[https] giz.line.naver.jp:443
[https] gm2k.line.naver.jp:443
[https] gm2.line.naver.jp:443
[https] gm2u.line.naver.jp:443
[https] gm2v.line.naver.jp:443
[https] gm2w.line.naver.jp:443
[https] gm2x.line.naver.jp:443
[https] gm2z.line.naver.jp:443
[https] gmg.line.naver.jp:443
[https] gmi.line.naver.jp:443
[https] gmk.line.naver.jp:443
[https] gm.line.naver.jp:443
[https] gmpg.line.naver.jp:443
[https] gmpi.line.naver.jp:443
[https] gmpi-rc3.line.naver.jp:443
[https] gmpk.line.naver.jp:443
[https] gmp.line.naver.jp:443
[https] gmps.line.naver.jp:443
[https] gmpu.line.naver.jp:443
[https] gmpv.line.naver.jp:443
[https] gmpw.line.naver.jp:443
[https] gmpx.line.naver.jp:443
[https] gmpz.line.naver.jp:443
[https] gms.line.naver.jp:443
[https] gmu.line.naver.jp:443
[https] gmv.line.naver.jp:443
[https] gmw.line.naver.jp:443
[https] gmx.line.naver.jp:443
[https] gmz.line.naver.jp:443
[https] gp.line.naver.jp:443
[https] gsg.line.naver.jp:443
[https] gsi.line.naver.jp:443
[https] gsk.line.naver.jp:443
[https] gs.line.naver.jp:443
[https] gss.line.naver.jp:443
[https] gsu.line.naver.jp:443
[https] gsv.line.naver.jp:443
[https] gsw.line.naver.jp:443
[https] gsx.line.naver.jp:443
[https] gsz.line.naver.jp:443
[https] gwg.line.naver.jp:443
[https] gwi.line.naver.jp:443
[https] gwk.line.naver.jp:443
[https] gw.line.naver.jp:443
[https] gwpz.line.naver.jp:443
[https] gws.line.naver.jp:443
[https] gwu.line.naver.jp:443
[https] gwv.line.naver.jp:443
[https] gww.line.naver.jp:443
[https] gwx.line.naver.jp:443
[https] gwz.line.naver.jp:443
[https] gxx.line.naver.jp:443
[https] legy-backup.line.naver.jp:443
[https] legy-de-addr.line.naver.jp:443
[https] legy-de-long.line.naver.jp:443
[https] legy-de-short.line.naver.jp:443
[https] legy-gslb.line.naver.jp:443
[https] legy-jp-addr.line.naver.jp:443
[https] legy-jp-addr-long.line.naver.jp:443
[https] legy-jp-addr-short.line.naver.jp:443
[https] legy-jp.line.naver.jp:443
[https] legy-jp-long.line.naver.jp:443
[https] legy-jp-short.line.naver.jp:443
[https] legy-kr-long.line.naver.jp:443
[https] legy-kr-short.line.naver.jp:443
[https] legy-sg-addr.line.naver.jp:443
[https] legy-sg-long.line.naver.jp:443
[https] legy-sg-short.line.naver.jp:443
[https] legy-us-addr.line.naver.jp:443
[https] legy-us-long.line.naver.jp:443
[https] legy-us-short.line.naver.jp:443
[https] legy-vn-long.line.naver.jp:443
[https] legy-vn-short.line.naver.jp:443
[https] line.naver.jp:443
[https] media.line.naver.jp:443
[https] obs-cn.rts.line.naver.jp:443
[https] obs-tw.rts.line.naver.jp:443
[https] org.stickershop.line.naver.jp:443
[https] poker.line.naver.jp:443
[https] pr.line.naver.jp:443
[https] qr.line.naver.jp:443
[https] sdl-shop.line.naver.jp:443
[https] sdl-stickershop.line.naver.jp:443
[https] static.line.naver.jp:443
[https] stf.line.naver.jp:443
[http] static.line.naver.jp:80
[https] tauth.line.naver.jp:443
[http] stf.line.naver.jp:80
[http] tauth.line.naver.jp:80
[http] vaccine.line.naver.jp:80
[smtp] rcv-accept-mail.line.naver.jp:25
