[http] 17sonybravia.dev.network-auth.com:80
[http] 18tqawww-harrisbank.dev.network-auth.com:80
[http] 19-tqavgn-harrisbank.dev.network-auth.com:80
[http] account.network-auth.com:80
[http] account.sandbox.network-auth.com:80
[http] account-staging.network-auth.com:80
[http] agsglobal.dev.network-auth.com:80
[http] amex.dev.network-auth.com:80
[http] aprilfcheung.dev.network-auth.com:80
[http] autoconfig.dev.network-auth.com:80
[http] autodiscover.dev.network-auth.com:80
[http] blogx.dev.network-auth.com:80
[http] cbreset.dev.network-auth.com:80
[http] cftqavgn-harrisbank21.dev.network-auth.com:80
[http] cionbase.dev.network-auth.com:80
[http] circuitb.dev.network-auth.com:80
[http] elan.dev.network-auth.com:80
[http] ftp.dev.network-auth.com:80
[http] internacc.dev.network-auth.com:80
[http] itqavgn-bmo.dev.network-auth.com:80
[http] jpmena-cdn.dev.network-auth.com:80
[http] kchwcdn.dev.network-auth.com:80
[http] kirby-update-mirror.dev.network-auth.com:80
[http] loadbalancer-insignia.dev.network-auth.com:80
[http] log-hwcdn.dev.network-auth.com:80
[http] m.dev.network-auth.com:80
[http] n1001.network-auth.com:80
[http] n1002.network-auth.com:80
[http] n1003.network-auth.com:80
[http] n100.network-auth.com:80
[http] n101.network-auth.com:80
[http] n102.network-auth.com:80
[http] n102-spare.network-auth.com:80
[http] n103.network-auth.com:80
[http] n104.network-auth.com:80
[http] n104-spare.network-auth.com:80
[http] n105.network-auth.com:80
[http] n106.network-auth.com:80
[http] n106-spare.network-auth.com:80
[http] n107.network-auth.com:80
[http] n107-spare.network-auth.com:80
[http] n108.network-auth.com:80
[http] n108-spare.network-auth.com:80
[http] n109.network-auth.com:80
[http] n10.network-auth.com:80
[http] n10-spare.network-auth.com:80
[http] n110.network-auth.com:80
[http] n110-spare.network-auth.com:80
[http] n111.network-auth.com:80
[http] n111-spare.network-auth.com:80
[http] n112.network-auth.com:80
[http] n112-spare.network-auth.com:80
[http] n113.network-auth.com:80
[http] n114.network-auth.com:80
[http] n115.network-auth.com:80
[http] n116.network-auth.com:80
[http] n117.network-auth.com:80
[http] n117-spare.network-auth.com:80
[http] n118.network-auth.com:80
[http] n118-spare.network-auth.com:80
[http] n119.network-auth.com:80
[http] n119-spare.network-auth.com:80
[http] n11.network-auth.com:80
[http] n120.network-auth.com:80
[http] n121.network-auth.com:80
[http] n122.network-auth.com:80
[http] n122-spare.network-auth.com:80
[http] n123.network-auth.com:80
[http] n124.network-auth.com:80
[http] n124-spare.network-auth.com:80
[http] n125.network-auth.com:80
[http] n126.network-auth.com:80
[http] n126-spare.network-auth.com:80
[http] n127.network-auth.com:80
[http] n127-spare.network-auth.com:80
[http] n128.network-auth.com:80
[http] n129.network-auth.com:80
[http] n129-spare.network-auth.com:80
[http] n12.network-auth.com:80
[http] n12-spare.network-auth.com:80
[http] n130.network-auth.com:80
[http] n131.network-auth.com:80
[http] n131-spare.network-auth.com:80
[http] n132.network-auth.com:80
[http] n133.network-auth.com:80
[http] n134.network-auth.com:80
[http] n135.network-auth.com:80
[http] n135-spare.network-auth.com:80
[http] n136.network-auth.com:80
[http] n136-spare.network-auth.com:80
[http] n137.network-auth.com:80
[http] n138.network-auth.com:80
[http] n138-spare.network-auth.com:80
[http] n139.network-auth.com:80
[http] n13.network-auth.com:80
[http] n140.network-auth.com:80
[http] n141.network-auth.com:80
[http] n142.network-auth.com:80
[http] n143.network-auth.com:80
[http] n143-spare.network-auth.com:80
[http] n144.network-auth.com:80
[http] n144-spare.network-auth.com:80
[http] n145.network-auth.com:80
[http] n146.network-auth.com:80
[http] n146-spare.network-auth.com:80
[http] n147.network-auth.com:80
[http] n148.network-auth.com:80
[http] n149.network-auth.com:80
[http] n14.network-auth.com:80
[http] n14-spare.network-auth.com:80
[http] n150.network-auth.com:80
[http] n151.network-auth.com:80
[http] n151-spare.network-auth.com:80
[http] n152.network-auth.com:80
[http] n153.network-auth.com:80
[http] n153-spare.network-auth.com:80
[http] n154.network-auth.com:80
[http] n154-spare.network-auth.com:80
[http] n155.network-auth.com:80
[http] n155-spare.network-auth.com:80
[http] n156.network-auth.com:80
[http] n157.network-auth.com:80
[http] n158.network-auth.com:80
[http] n158-spare.network-auth.com:80
[http] n159.network-auth.com:80
[http] n159-spare.network-auth.com:80
[http] n15.network-auth.com:80
[http] n15-spare.network-auth.com:80
[http] n160.network-auth.com:80
[http] n160-spare.network-auth.com:80
[http] n161.network-auth.com:80
[http] n162.network-auth.com:80
[http] n163.network-auth.com:80
[http] n164.network-auth.com:80
[http] n164-spare.network-auth.com:80
[http] n165.network-auth.com:80
[http] n165-spare.network-auth.com:80
[http] n166.network-auth.com:80
[http] n167.network-auth.com:80
[http] n168.network-auth.com:80
[http] n169.network-auth.com:80
[http] n169-spare.network-auth.com:80
[http] n16.network-auth.com:80
[http] n170.network-auth.com:80
[http] n171.network-auth.com:80
[http] n172.network-auth.com:80
[http] n173.network-auth.com:80
[http] n173-spare.network-auth.com:80
[http] n174.network-auth.com:80
[http] n174-spare.network-auth.com:80
[http] n175.network-auth.com:80
[http] n176.network-auth.com:80
[http] n177.network-auth.com:80
[http] n178.network-auth.com:80
[http] n179.network-auth.com:80
[http] n179-spare.network-auth.com:80
[http] n17.network-auth.com:80
[http] n180.network-auth.com:80
[http] n181.network-auth.com:80
[http] n182.network-auth.com:80
[http] n183.network-auth.com:80
[http] n184.network-auth.com:80
[http] n185.network-auth.com:80
[http] n185-spare.network-auth.com:80
[http] n186.network-auth.com:80
[http] n187.network-auth.com:80
[http] n187-spare.network-auth.com:80
[http] n188.network-auth.com:80
[http] n189.network-auth.com:80
[http] n189-spare.network-auth.com:80
[http] n18.network-auth.com:80
[http] n190.network-auth.com:80
[http] n191.network-auth.com:80
[http] n192.network-auth.com:80
[http] n193.network-auth.com:80
[http] n194.network-auth.com:80
[http] n195.network-auth.com:80
[http] n195-spare.network-auth.com:80
[http] n196.network-auth.com:80
[http] n197.network-auth.com:80
[http] n198.network-auth.com:80
[http] n199.network-auth.com:80
[http] n19.network-auth.com:80
[http] n19-spare.network-auth.com:80
[http] n1.network-auth.com:80
[http] n200.network-auth.com:80
[http] n201.network-auth.com:80
[http] n201-spare.network-auth.com:80
[http] n202.network-auth.com:80
[http] n203.network-auth.com:80
[http] n204.network-auth.com:80
[http] n204-spare.network-auth.com:80
[http] n205.network-auth.com:80
[http] n206.network-auth.com:80
[http] n207.network-auth.com:80
[http] n208.network-auth.com:80
[http] n209.network-auth.com:80
[http] n20.network-auth.com:80
[http] n210.network-auth.com:80
[http] n211.network-auth.com:80
[http] n211-spare.network-auth.com:80
[http] n212.network-auth.com:80
[http] n213.network-auth.com:80
[http] n214.network-auth.com:80
[http] n214-spare.network-auth.com:80
[http] n215.network-auth.com:80
[http] n215-spare.network-auth.com:80
[http] n216.network-auth.com:80
[http] n217.network-auth.com:80
[http] n218.network-auth.com:80
[http] n219.network-auth.com:80
[http] n219-spare.network-auth.com:80
[http] n21.network-auth.com:80
[http] n220.network-auth.com:80
[http] n220-spare.network-auth.com:80
[http] n221.network-auth.com:80
[http] n222.network-auth.com:80
[http] n223.network-auth.com:80
[http] n224.network-auth.com:80
[http] n225.network-auth.com:80
[http] n226.network-auth.com:80
[http] n227.network-auth.com:80
[http] n228.network-auth.com:80
[http] n229.network-auth.com:80
[http] n22.network-auth.com:80
[http] n22-spare.network-auth.com:80
[http] n230.network-auth.com:80
[http] n231.network-auth.com:80
[http] n232.network-auth.com:80
[http] n233.network-auth.com:80
[http] n234.network-auth.com:80
[http] n235.network-auth.com:80
[http] n235-spare.network-auth.com:80
[http] n236.network-auth.com:80
[http] n236-spare.network-auth.com:80
[http] n237.network-auth.com:80
[http] n237-spare.network-auth.com:80
[http] n238.network-auth.com:80
[http] n238-spare.network-auth.com:80
[http] n239.network-auth.com:80
[http] n23.network-auth.com:80
[http] n240.network-auth.com:80
[http] n240-spare.network-auth.com:80
[http] n241.network-auth.com:80
[http] n241-spare.network-auth.com:80
[http] n242.network-auth.com:80
[http] n242-spare.network-auth.com:80
[http] n243.network-auth.com:80
[http] n243-spare.network-auth.com:80
[http] n244.network-auth.com:80
[http] n244-spare.network-auth.com:80
[http] n245.network-auth.com:80
[http] n245-spare.network-auth.com:80
[http] n246.network-auth.com:80
[http] n246-spare.network-auth.com:80
[http] n247.network-auth.com:80
[http] n247-spare.network-auth.com:80
[http] n248.network-auth.com:80
[http] n248-spare.network-auth.com:80
[http] n249.network-auth.com:80
[http] n249-spare.network-auth.com:80
[http] n24.network-auth.com:80
[http] n251.network-auth.com:80
[http] n251-spare.network-auth.com:80
[http] n252.network-auth.com:80
[http] n252-spare.network-auth.com:80
[http] n254.network-auth.com:80
[http] n257.network-auth.com:80
[http] n259.network-auth.com:80
[http] n25.network-auth.com:80
[http] n25-spare.network-auth.com:80
[http] n262.network-auth.com:80
[http] n263.network-auth.com:80
[http] n264.network-auth.com:80
[http] n265.network-auth.com:80
[http] n265-spare.network-auth.com:80
[http] n266.network-auth.com:80
[http] n266-spare.network-auth.com:80
[http] n267.network-auth.com:80
[http] n267-spare.network-auth.com:80
[http] n268.network-auth.com:80
[http] n268-spare.network-auth.com:80
[http] n269.network-auth.com:80
[http] n269-spare.network-auth.com:80
[http] n26.network-auth.com:80
[http] n26-spare.network-auth.com:80
[http] n270.network-auth.com:80
[http] n271.network-auth.com:80
[http] n272.network-auth.com:80
[http] n273.network-auth.com:80
[http] n274.network-auth.com:80
[http] n274-spare.network-auth.com:80
[http] n276.network-auth.com:80
[http] n276-spare.network-auth.com:80
[http] n277.network-auth.com:80
[http] n278-spare.network-auth.com:80
[http] n279.network-auth.com:80
[http] n27.network-auth.com:80
[http] n27-spare.network-auth.com:80
[http] n280.network-auth.com:80
[http] n281.network-auth.com:80
[http] n281-spare.network-auth.com:80
[http] n282.network-auth.com:80
[http] n282-spare.network-auth.com:80
[http] n283.network-auth.com:80
[http] n284.network-auth.com:80
[http] n284-spare.network-auth.com:80
[http] n285.network-auth.com:80
[http] n286.network-auth.com:80
[http] n287.network-auth.com:80
[http] n288.network-auth.com:80
[http] n289.network-auth.com:80
[http] n28.network-auth.com:80
[http] n28-spare.network-auth.com:80
[http] n290.network-auth.com:80
[http] n290-spare.network-auth.com:80
[http] n292.network-auth.com:80
[http] n294.network-auth.com:80
[http] n294-spare.network-auth.com:80
[http] n297.network-auth.com:80
[http] n297-spare.network-auth.com:80
[http] n298.network-auth.com:80
[http] n298-spare.network-auth.com:80
[http] n299.network-auth.com:80
[http] n299-spare.network-auth.com:80
[http] n29.network-auth.com:80
[http] n2.network-auth.com:80
[http] n301.network-auth.com:80
[http] n302.network-auth.com:80
[http] n304.network-auth.com:80
[http] n304-spare.network-auth.com:80
[http] n305.network-auth.com:80
[http] n305-spare.network-auth.com:80
[http] n306.network-auth.com:80
[http] n307.network-auth.com:80
[http] n308.network-auth.com:80
[http] n309.network-auth.com:80
[http] n30.network-auth.com:80
[http] n311.network-auth.com:80
[http] n312.network-auth.com:80
[http] n313.network-auth.com:80
[http] n314.network-auth.com:80
[http] n315.network-auth.com:80
[http] n317.network-auth.com:80
[http] n318.network-auth.com:80
[http] n319.network-auth.com:80
[http] n319-spare.network-auth.com:80
[http] n31.network-auth.com:80
[http] n320.network-auth.com:80
[http] n320-spare.network-auth.com:80
[http] n321.network-auth.com:80
[http] n322.network-auth.com:80
[http] n323.network-auth.com:80
[http] n324.network-auth.com:80
[http] n325.network-auth.com:80
[http] n326.network-auth.com:80
[http] n327.network-auth.com:80
[http] n327-spare.network-auth.com:80
[http] n328.network-auth.com:80
[http] n32.network-auth.com:80
[http] n331.network-auth.com:80
[http] n332.network-auth.com:80
[http] n333.network-auth.com:80
[http] n334.network-auth.com:80
[http] n335.network-auth.com:80
[http] n335-spare.network-auth.com:80
[http] n337.network-auth.com:80
[http] n339.network-auth.com:80
[http] n339-spare.network-auth.com:80
[http] n33.network-auth.com:80
[http] n340.network-auth.com:80
[http] n341.network-auth.com:80
[http] n342.network-auth.com:80
[http] n342-spare.network-auth.com:80
[http] n343.network-auth.com:80
[http] n343-spare.network-auth.com:80
[http] n344.network-auth.com:80
[http] n344-spare.network-auth.com:80
[http] n345.network-auth.com:80
[http] n346.network-auth.com:80
[http] n348.network-auth.com:80
[http] n348-spare.network-auth.com:80
[http] n349.network-auth.com:80
[http] n349-spare.network-auth.com:80
[http] n34.network-auth.com:80
[http] n34-spare.network-auth.com:80
[http] n351.network-auth.com:80
[http] n351-spare.network-auth.com:80
[http] n353.network-auth.com:80
[http] n353-spare.network-auth.com:80
[http] n354.network-auth.com:80
[http] n357-spare.network-auth.com:80
[http] n358.network-auth.com:80
[http] n359.network-auth.com:80
[http] n35.network-auth.com:80
[http] n361.network-auth.com:80
[http] n361-spare.network-auth.com:80
[http] n363.network-auth.com:80
[http] n364.network-auth.com:80
[http] n365.network-auth.com:80
[http] n365-spare.network-auth.com:80
[http] n366.network-auth.com:80
[http] n366-spare.network-auth.com:80
[http] n367.network-auth.com:80
[http] n368.network-auth.com:80
[http] n368-spare.network-auth.com:80
[http] n369.network-auth.com:80
[http] n36.network-auth.com:80
[http] n36-spare.network-auth.com:80
[http] n370.network-auth.com:80
[http] n371.network-auth.com:80
[http] n378.network-auth.com:80
[http] n37.network-auth.com:80
[http] n380.network-auth.com:80
[http] n384.network-auth.com:80
[http] n384-spare.network-auth.com:80
[http] n385.network-auth.com:80
[http] n386.network-auth.com:80
[http] n386-spare.network-auth.com:80
[http] n388.network-auth.com:80
[http] n389.network-auth.com:80
[http] n38.network-auth.com:80
[http] n38-spare.network-auth.com:80
[http] n392.network-auth.com:80
[http] n395.network-auth.com:80
[http] n395-spare.network-auth.com:80
[http] n397.network-auth.com:80
[http] n397-spare.network-auth.com:80
[http] n398.network-auth.com:80
[http] n39.network-auth.com:80
[http] n39-spare.network-auth.com:80
[http] n3.network-auth.com:80
[http] n400.network-auth.com:80
[http] n400-spare.network-auth.com:80
[http] n407.network-auth.com:80
[http] n408.network-auth.com:80
[http] n409.network-auth.com:80
[http] n409-spare.network-auth.com:80
[http] n40.network-auth.com:80
[http] n40-spare.network-auth.com:80
[http] n414.network-auth.com:80
[http] n417.network-auth.com:80
[http] n41.network-auth.com:80
[http] n421.network-auth.com:80
[http] n421-spare.network-auth.com:80
[http] n424.network-auth.com:80
[http] n427.network-auth.com:80
[http] n428.network-auth.com:80
[http] n42.network-auth.com:80
[http] n431.network-auth.com:80
[http] n437.network-auth.com:80
[http] n437-spare.network-auth.com:80
[http] n438.network-auth.com:80
[http] n43.network-auth.com:80
[http] n443.network-auth.com:80
[http] n444.network-auth.com:80
[http] n448.network-auth.com:80
[http] n449.network-auth.com:80
[http] n44.network-auth.com:80
[http] n451.network-auth.com:80
[http] n459.network-auth.com:80
[http] n45.network-auth.com:80
[http] n461.network-auth.com:80
[http] n46.network-auth.com:80
[http] n47.network-auth.com:80
[http] n48.network-auth.com:80
[http] n49.network-auth.com:80
[http] n4.network-auth.com:80
[http] n50.network-auth.com:80
[http] n50-spare.network-auth.com:80
[http] n51.network-auth.com:80
[http] n51-spare.network-auth.com:80
[http] n52.network-auth.com:80
[http] n53.network-auth.com:80
[http] n54.network-auth.com:80
[http] n55.network-auth.com:80
[http] n55-spare.network-auth.com:80
[http] n56.network-auth.com:80
[http] n56-spare.network-auth.com:80
[http] n57.network-auth.com:80
[http] n58.network-auth.com:80
[http] n58-spare.network-auth.com:80
[http] n59.network-auth.com:80
[http] n5.network-auth.com:80
[http] n60.network-auth.com:80
[http] n61.network-auth.com:80
[http] n62.network-auth.com:80
[http] n63.network-auth.com:80
[http] n63-spare.network-auth.com:80
[http] n64.network-auth.com:80
[http] n65.network-auth.com:80
[http] n66.network-auth.com:80
[http] n66-spare.network-auth.com:80
[http] n67.network-auth.com:80
[http] n67-spare.network-auth.com:80
[http] n68.network-auth.com:80
[http] n69.network-auth.com:80
[http] n6.network-auth.com:80
[http] n6-spare.network-auth.com:80
[http] n70.network-auth.com:80
[http] n70-spare.network-auth.com:80
[http] n71.network-auth.com:80
[http] n72.network-auth.com:80
[http] n72-spare-secure.dev.network-auth.com:80
[http] n73.network-auth.com:80
[http] n74.network-auth.com:80
[http] n74-spare.network-auth.com:80
[http] n75.network-auth.com:80
[http] n75-spare.network-auth.com:80
[http] n76.network-auth.com:80
[http] n77.network-auth.com:80
[http] n78.network-auth.com:80
[http] n79.network-auth.com:80
[http] n79-spare.network-auth.com:80
[http] n7.network-auth.com:80
[http] n80.network-auth.com:80
[http] n81.network-auth.com:80
[http] n82.network-auth.com:80
[http] n83.network-auth.com:80
[http] n83-spare.network-auth.com:80
[http] n84.network-auth.com:80
[http] n84-spare.network-auth.com:80
[http] n85.network-auth.com:80
[http] n86.network-auth.com:80
[http] n87.network-auth.com:80
[http] n87-spare.network-auth.com:80
[http] n88.network-auth.com:80
[http] n88-spare.network-auth.com:80
[http] n89.network-auth.com:80
[http] n8.network-auth.com:80
[http] n90.network-auth.com:80
[http] n91.network-auth.com:80
[http] n92.network-auth.com:80
[http] n93.network-auth.com:80
[http] n94.network-auth.com:80
[http] n95.network-auth.com:80
[http] n95-spare.network-auth.com:80
[http] n96.network-auth.com:80
[http] n97.network-auth.com:80
[http] n98.network-auth.com:80
[http] n98-spare.network-auth.com:80
[http] n99.network-auth.com:80
[http] n9.network-auth.com:80
[https] account.network-auth.com:443
[https] account.sandbox.network-auth.com:443
[https] account-staging.network-auth.com:443
[http] scout-las.dev.network-auth.com:80
[https] n1001.network-auth.com:443
[https] n1002.network-auth.com:443
[https] n1003.network-auth.com:443
[https] n100.network-auth.com:443
[https] n101.network-auth.com:443
[https] n102.network-auth.com:443
[https] n102-spare.network-auth.com:443
[https] n103.network-auth.com:443
[https] n104.network-auth.com:443
[https] n104-spare.network-auth.com:443
[https] n105.network-auth.com:443
[https] n106.network-auth.com:443
[https] n106-spare.network-auth.com:443
[https] n107.network-auth.com:443
[https] n107-spare.network-auth.com:443
[https] n108.network-auth.com:443
[https] n108-spare.network-auth.com:443
[https] n109.network-auth.com:443
[https] n10.network-auth.com:443
[https] n10-spare.network-auth.com:443
[https] n110.network-auth.com:443
[https] n110-spare.network-auth.com:443
[https] n111.network-auth.com:443
[https] n111-spare.network-auth.com:443
[https] n112.network-auth.com:443
[https] n112-spare.network-auth.com:443
[https] n113.network-auth.com:443
[https] n114.network-auth.com:443
[https] n115.network-auth.com:443
[https] n116.network-auth.com:443
[https] n117.network-auth.com:443
[https] n117-spare.network-auth.com:443
[https] n118.network-auth.com:443
[https] n118-spare.network-auth.com:443
[https] n119.network-auth.com:443
[https] n119-spare.network-auth.com:443
[https] n11.network-auth.com:443
[https] n120.network-auth.com:443
[https] n121.network-auth.com:443
[https] n122.network-auth.com:443
[https] n122-spare.network-auth.com:443
[https] n123.network-auth.com:443
[https] n124.network-auth.com:443
[https] n124-spare.network-auth.com:443
[https] n125.network-auth.com:443
[https] n126.network-auth.com:443
[https] n126-spare.network-auth.com:443
[https] n127.network-auth.com:443
[https] n127-spare.network-auth.com:443
[https] n128.network-auth.com:443
[https] n129.network-auth.com:443
[https] n129-spare.network-auth.com:443
[https] n12.network-auth.com:443
[https] n12-spare.network-auth.com:443
[https] n130.network-auth.com:443
[https] n131.network-auth.com:443
[https] n131-spare.network-auth.com:443
[https] n132.network-auth.com:443
[https] n133.network-auth.com:443
[https] n134.network-auth.com:443
[https] n135.network-auth.com:443
[https] n135-spare.network-auth.com:443
[https] n136.network-auth.com:443
[https] n136-spare.network-auth.com:443
[https] n137.network-auth.com:443
[https] n138.network-auth.com:443
[https] n138-spare.network-auth.com:443
[https] n139.network-auth.com:443
[https] n13.network-auth.com:443
[https] n140.network-auth.com:443
[https] n141.network-auth.com:443
[https] n142.network-auth.com:443
[https] n143.network-auth.com:443
[https] n143-spare.network-auth.com:443
[https] n144.network-auth.com:443
[https] n144-spare.network-auth.com:443
[https] n145.network-auth.com:443
[https] n146.network-auth.com:443
[https] n146-spare.network-auth.com:443
[https] n147.network-auth.com:443
[https] n148.network-auth.com:443
[https] n149.network-auth.com:443
[https] n14.network-auth.com:443
[https] n14-spare.network-auth.com:443
[https] n150.network-auth.com:443
[https] n151.network-auth.com:443
[https] n151-spare.network-auth.com:443
[https] n152.network-auth.com:443
[https] n153.network-auth.com:443
[https] n153-spare.network-auth.com:443
[https] n154.network-auth.com:443
[https] n154-spare.network-auth.com:443
[https] n155.network-auth.com:443
[https] n155-spare.network-auth.com:443
[https] n156.network-auth.com:443
[https] n157.network-auth.com:443
[https] n158.network-auth.com:443
[https] n158-spare.network-auth.com:443
[https] n159.network-auth.com:443
[https] n159-spare.network-auth.com:443
[https] n15.network-auth.com:443
[https] n15-spare.network-auth.com:443
[https] n160.network-auth.com:443
[https] n160-spare.network-auth.com:443
[https] n161.network-auth.com:443
[https] n162.network-auth.com:443
[https] n163.network-auth.com:443
[https] n164.network-auth.com:443
[https] n164-spare.network-auth.com:443
[https] n165.network-auth.com:443
[https] n165-spare.network-auth.com:443
[https] n166.network-auth.com:443
[https] n167.network-auth.com:443
[https] n168.network-auth.com:443
[https] n169.network-auth.com:443
[https] n169-spare.network-auth.com:443
[https] n16.network-auth.com:443
[https] n170.network-auth.com:443
[https] n171.network-auth.com:443
[https] n172.network-auth.com:443
[https] n173.network-auth.com:443
[https] n173-spare.network-auth.com:443
[https] n174.network-auth.com:443
[https] n174-spare.network-auth.com:443
[https] n175.network-auth.com:443
[https] n176.network-auth.com:443
[https] n177.network-auth.com:443
[https] n178.network-auth.com:443
[https] n179.network-auth.com:443
[https] n179-spare.network-auth.com:443
[https] n17.network-auth.com:443
[https] n180.network-auth.com:443
[https] n181.network-auth.com:443
[https] n182.network-auth.com:443
[https] n183.network-auth.com:443
[https] n184.network-auth.com:443
[https] n185.network-auth.com:443
[https] n185-spare.network-auth.com:443
[https] n186.network-auth.com:443
[https] n187.network-auth.com:443
[https] n187-spare.network-auth.com:443
[https] n188.network-auth.com:443
[https] n189.network-auth.com:443
[https] n189-spare.network-auth.com:443
[https] n18.network-auth.com:443
[https] n190.network-auth.com:443
[https] n191.network-auth.com:443
[https] n192.network-auth.com:443
[https] n193.network-auth.com:443
[https] n194.network-auth.com:443
[https] n195.network-auth.com:443
[https] n195-spare.network-auth.com:443
[https] n196.network-auth.com:443
[https] n197.network-auth.com:443
[https] n198.network-auth.com:443
[https] n199.network-auth.com:443
[https] n19.network-auth.com:443
[https] n19-spare.network-auth.com:443
[https] n1.network-auth.com:443
[https] n200.network-auth.com:443
[https] n201.network-auth.com:443
[https] n201-spare.network-auth.com:443
[https] n202.network-auth.com:443
[https] n203.network-auth.com:443
[https] n204.network-auth.com:443
[https] n204-spare.network-auth.com:443
[https] n205.network-auth.com:443
[https] n206.network-auth.com:443
[https] n207.network-auth.com:443
[https] n208.network-auth.com:443
[https] n209.network-auth.com:443
[https] n20.network-auth.com:443
[https] n210.network-auth.com:443
[https] n211.network-auth.com:443
[https] n211-spare.network-auth.com:443
[https] n212.network-auth.com:443
[https] n213.network-auth.com:443
[https] n214.network-auth.com:443
[https] n214-spare.network-auth.com:443
[https] n215.network-auth.com:443
[https] n215-spare.network-auth.com:443
[https] n216.network-auth.com:443
[https] n217.network-auth.com:443
[https] n218.network-auth.com:443
[https] n219.network-auth.com:443
[https] n219-spare.network-auth.com:443
[https] n21.network-auth.com:443
[https] n220.network-auth.com:443
[https] n220-spare.network-auth.com:443
[https] n221.network-auth.com:443
[https] n222.network-auth.com:443
[https] n223.network-auth.com:443
[https] n224.network-auth.com:443
[https] n225.network-auth.com:443
[https] n226.network-auth.com:443
[https] n227.network-auth.com:443
[https] n228.network-auth.com:443
[https] n229.network-auth.com:443
[https] n22.network-auth.com:443
[https] n22-spare.network-auth.com:443
[https] n230.network-auth.com:443
[https] n231.network-auth.com:443
[https] n232.network-auth.com:443
[https] n233.network-auth.com:443
[https] n234.network-auth.com:443
[https] n235.network-auth.com:443
[https] n235-spare.network-auth.com:443
[https] n236.network-auth.com:443
[https] n236-spare.network-auth.com:443
[https] n237.network-auth.com:443
[https] n237-spare.network-auth.com:443
[https] n238.network-auth.com:443
[https] n238-spare.network-auth.com:443
[https] n239.network-auth.com:443
[https] n23.network-auth.com:443
[https] n240.network-auth.com:443
[https] n240-spare.network-auth.com:443
[https] n241.network-auth.com:443
[https] n241-spare.network-auth.com:443
[https] n242.network-auth.com:443
[https] n242-spare.network-auth.com:443
[https] n243.network-auth.com:443
[https] n243-spare.network-auth.com:443
[https] n244.network-auth.com:443
[https] n244-spare.network-auth.com:443
[https] n245.network-auth.com:443
[https] n245-spare.network-auth.com:443
[https] n246.network-auth.com:443
[https] n246-spare.network-auth.com:443
[https] n247.network-auth.com:443
[https] n247-spare.network-auth.com:443
[https] n248.network-auth.com:443
[https] n248-spare.network-auth.com:443
[https] n249.network-auth.com:443
[https] n249-spare.network-auth.com:443
[https] n24.network-auth.com:443
[https] n251.network-auth.com:443
[https] n251-spare.network-auth.com:443
[https] n252.network-auth.com:443
[https] n252-spare.network-auth.com:443
[https] n254.network-auth.com:443
[https] n257.network-auth.com:443
[https] n259.network-auth.com:443
[https] n25.network-auth.com:443
[https] n25-spare.network-auth.com:443
[https] n262.network-auth.com:443
[https] n263.network-auth.com:443
[https] n264.network-auth.com:443
[https] n265.network-auth.com:443
[https] n265-spare.network-auth.com:443
[https] n266.network-auth.com:443
[https] n266-spare.network-auth.com:443
[https] n267.network-auth.com:443
[https] n267-spare.network-auth.com:443
[https] n268.network-auth.com:443
[https] n268-spare.network-auth.com:443
[https] n269.network-auth.com:443
[https] n269-spare.network-auth.com:443
[https] n26.network-auth.com:443
[https] n26-spare.network-auth.com:443
[https] n270.network-auth.com:443
[https] n271.network-auth.com:443
[https] n272.network-auth.com:443
[https] n273.network-auth.com:443
[https] n274.network-auth.com:443
[https] n274-spare.network-auth.com:443
[https] n276.network-auth.com:443
[https] n276-spare.network-auth.com:443
[https] n277.network-auth.com:443
[https] n278-spare.network-auth.com:443
[https] n279.network-auth.com:443
[https] n27.network-auth.com:443
[https] n27-spare.network-auth.com:443
[https] n280.network-auth.com:443
[https] n281.network-auth.com:443
[https] n281-spare.network-auth.com:443
[https] n282.network-auth.com:443
[https] n282-spare.network-auth.com:443
[https] n283.network-auth.com:443
[https] n284.network-auth.com:443
[https] n284-spare.network-auth.com:443
[https] n285.network-auth.com:443
[https] n286.network-auth.com:443
[https] n287.network-auth.com:443
[https] n288.network-auth.com:443
[https] n289.network-auth.com:443
[https] n28.network-auth.com:443
[https] n28-spare.network-auth.com:443
[https] n290.network-auth.com:443
[https] n290-spare.network-auth.com:443
[https] n292.network-auth.com:443
[https] n294.network-auth.com:443
[https] n294-spare.network-auth.com:443
[https] n297.network-auth.com:443
[https] n297-spare.network-auth.com:443
[https] n298.network-auth.com:443
[https] n298-spare.network-auth.com:443
[https] n299.network-auth.com:443
[https] n299-spare.network-auth.com:443
[https] n29.network-auth.com:443
[https] n2.network-auth.com:443
[https] n301.network-auth.com:443
[https] n302.network-auth.com:443
[https] n304.network-auth.com:443
[https] n304-spare.network-auth.com:443
[https] n305.network-auth.com:443
[https] n305-spare.network-auth.com:443
[https] n306.network-auth.com:443
[https] n307.network-auth.com:443
[https] n308.network-auth.com:443
[https] n309.network-auth.com:443
[https] n30.network-auth.com:443
[https] n311.network-auth.com:443
[https] n312.network-auth.com:443
[https] n313.network-auth.com:443
[https] n314.network-auth.com:443
[https] n315.network-auth.com:443
[https] n317.network-auth.com:443
[https] n318.network-auth.com:443
[https] n319.network-auth.com:443
[https] n319-spare.network-auth.com:443
[https] n31.network-auth.com:443
[https] n320.network-auth.com:443
[https] n320-spare.network-auth.com:443
[https] n321.network-auth.com:443
[https] n322.network-auth.com:443
[https] n323.network-auth.com:443
[https] n324.network-auth.com:443
[https] n325.network-auth.com:443
[https] n326.network-auth.com:443
[https] n327.network-auth.com:443
[https] n327-spare.network-auth.com:443
[https] n328.network-auth.com:443
[https] n32.network-auth.com:443
[https] n331.network-auth.com:443
[https] n332.network-auth.com:443
[https] n333.network-auth.com:443
[https] n334.network-auth.com:443
[https] n335.network-auth.com:443
[https] n335-spare.network-auth.com:443
[https] n337.network-auth.com:443
[https] n339.network-auth.com:443
[https] n339-spare.network-auth.com:443
[https] n33.network-auth.com:443
[https] n340.network-auth.com:443
[https] n341.network-auth.com:443
[https] n342.network-auth.com:443
[https] n342-spare.network-auth.com:443
[https] n343.network-auth.com:443
[https] n343-spare.network-auth.com:443
[https] n344.network-auth.com:443
[https] n344-spare.network-auth.com:443
[https] n345.network-auth.com:443
[https] n346.network-auth.com:443
[https] n348.network-auth.com:443
[https] n348-spare.network-auth.com:443
[https] n349.network-auth.com:443
[https] n349-spare.network-auth.com:443
[https] n34.network-auth.com:443
[https] n34-spare.network-auth.com:443
[https] n351.network-auth.com:443
[https] n351-spare.network-auth.com:443
[https] n353.network-auth.com:443
[https] n353-spare.network-auth.com:443
[https] n354.network-auth.com:443
[https] n357-spare.network-auth.com:443
[https] n358.network-auth.com:443
[https] n359.network-auth.com:443
[https] n35.network-auth.com:443
[https] n361.network-auth.com:443
[https] n361-spare.network-auth.com:443
[https] n363.network-auth.com:443
[https] n364.network-auth.com:443
[https] n365.network-auth.com:443
[https] n365-spare.network-auth.com:443
[https] n366.network-auth.com:443
[https] n366-spare.network-auth.com:443
[https] n367.network-auth.com:443
[https] n368.network-auth.com:443
[https] n368-spare.network-auth.com:443
[https] n369.network-auth.com:443
[https] n36.network-auth.com:443
[https] n36-spare.network-auth.com:443
[https] n370.network-auth.com:443
[https] n371.network-auth.com:443
[https] n378.network-auth.com:443
[https] n37.network-auth.com:443
[https] n380.network-auth.com:443
[https] n384.network-auth.com:443
[https] n384-spare.network-auth.com:443
[https] n385.network-auth.com:443
[https] n386.network-auth.com:443
[https] n386-spare.network-auth.com:443
[https] n388.network-auth.com:443
[https] n389.network-auth.com:443
[https] n38.network-auth.com:443
[https] n38-spare.network-auth.com:443
[https] n392.network-auth.com:443
[https] n395.network-auth.com:443
[https] n395-spare.network-auth.com:443
[https] n397.network-auth.com:443
[https] n397-spare.network-auth.com:443
[https] n398.network-auth.com:443
[https] n39.network-auth.com:443
[https] n39-spare.network-auth.com:443
[https] n3.network-auth.com:443
[https] n400.network-auth.com:443
[https] n400-spare.network-auth.com:443
[https] n407.network-auth.com:443
[https] n408.network-auth.com:443
[https] n409.network-auth.com:443
[https] n409-spare.network-auth.com:443
[https] n40.network-auth.com:443
[https] n40-spare.network-auth.com:443
[https] n414.network-auth.com:443
[https] n417.network-auth.com:443
[https] n41.network-auth.com:443
[https] n421.network-auth.com:443
[https] n421-spare.network-auth.com:443
[https] n424.network-auth.com:443
[https] n427.network-auth.com:443
[https] n428.network-auth.com:443
[https] n42.network-auth.com:443
[https] n431.network-auth.com:443
[https] n437.network-auth.com:443
[https] n437-spare.network-auth.com:443
[https] n438.network-auth.com:443
[https] n43.network-auth.com:443
[https] n443.network-auth.com:443
[https] n444.network-auth.com:443
[https] n448.network-auth.com:443
[https] n449.network-auth.com:443
[https] n44.network-auth.com:443
[https] n451.network-auth.com:443
[https] n459.network-auth.com:443
[https] n45.network-auth.com:443
[https] n461.network-auth.com:443
[https] n46.network-auth.com:443
[https] n47.network-auth.com:443
[https] n48.network-auth.com:443
[https] n49.network-auth.com:443
[https] n4.network-auth.com:443
[https] n50.network-auth.com:443
[https] n50-spare.network-auth.com:443
[https] n51.network-auth.com:443
[https] n51-spare.network-auth.com:443
[https] n52.network-auth.com:443
[https] n53.network-auth.com:443
[https] n54.network-auth.com:443
[https] n55.network-auth.com:443
[https] n55-spare.network-auth.com:443
[https] n56.network-auth.com:443
[https] n56-spare.network-auth.com:443
[https] n57.network-auth.com:443
[https] n58.network-auth.com:443
[https] n58-spare.network-auth.com:443
[https] n59.network-auth.com:443
[https] n5.network-auth.com:443
[https] n60.network-auth.com:443
[https] n61.network-auth.com:443
[https] n62.network-auth.com:443
[https] n63.network-auth.com:443
[https] n63-spare.network-auth.com:443
[https] n64.network-auth.com:443
[https] n65.network-auth.com:443
[https] n66.network-auth.com:443
[https] n66-spare.network-auth.com:443
[https] n67.network-auth.com:443
[https] n67-spare.network-auth.com:443
[https] n68.network-auth.com:443
[https] n69.network-auth.com:443
[https] n6.network-auth.com:443
[https] n6-spare.network-auth.com:443
[https] n70.network-auth.com:443
[https] n70-spare.network-auth.com:443
[https] n71.network-auth.com:443
[https] n72.network-auth.com:443
[https] n73.network-auth.com:443
[https] n74.network-auth.com:443
[https] n74-spare.network-auth.com:443
[https] n75.network-auth.com:443
[https] n75-spare.network-auth.com:443
[https] n76.network-auth.com:443
[https] n77.network-auth.com:443
[https] n78.network-auth.com:443
[https] n79.network-auth.com:443
[https] n79-spare.network-auth.com:443
[https] n7.network-auth.com:443
[https] n80.network-auth.com:443
[https] n81.network-auth.com:443
[https] n82.network-auth.com:443
[https] n83.network-auth.com:443
[https] n83-spare.network-auth.com:443
[https] n84.network-auth.com:443
[https] n84-spare.network-auth.com:443
[https] n85.network-auth.com:443
[https] n86.network-auth.com:443
[https] n87.network-auth.com:443
[https] n87-spare.network-auth.com:443
[https] n88.network-auth.com:443
[https] n88-spare.network-auth.com:443
[https] n89.network-auth.com:443
[https] n8.network-auth.com:443
[https] n90.network-auth.com:443
[https] n91.network-auth.com:443
[https] n92.network-auth.com:443
[https] n93.network-auth.com:443
[https] n94.network-auth.com:443
[https] n95.network-auth.com:443
[https] n95-spare.network-auth.com:443
[https] n96.network-auth.com:443
[https] n97.network-auth.com:443
[https] n98.network-auth.com:443
[https] n98-spare.network-auth.com:443
[https] n99.network-auth.com:443
[https] n9.network-auth.com:443
[http] tqavgn2-bmo-origin.dev.network-auth.com:80
[http] tqavgn-bmoharris21api-docs.dev.network-auth.com:80
[http] tqavgn-bmoharris22b.dev.network-auth.com:80
[http] webdisk.dev.network-auth.com:80
[imaps] n1001.network-auth.com:993
[imaps] n1002.network-auth.com:993
[imaps] n1003.network-auth.com:993
[imaps] n100.network-auth.com:993
[imaps] n101.network-auth.com:993
[imaps] n102.network-auth.com:993
[imaps] n103.network-auth.com:993
[imaps] n104.network-auth.com:993
[imaps] n105.network-auth.com:993
[imaps] n106.network-auth.com:993
[imaps] n107.network-auth.com:993
[imaps] n108.network-auth.com:993
[imaps] n109.network-auth.com:993
[imaps] n10.network-auth.com:993
[imaps] n110.network-auth.com:993
[imaps] n111.network-auth.com:993
[imaps] n112.network-auth.com:993
[imaps] n113.network-auth.com:993
[imaps] n114.network-auth.com:993
[imaps] n115.network-auth.com:993
[imaps] n116.network-auth.com:993
[imaps] n117.network-auth.com:993
[imaps] n118.network-auth.com:993
[imaps] n119.network-auth.com:993
[imaps] n11.network-auth.com:993
[imaps] n120.network-auth.com:993
[imaps] n121.network-auth.com:993
[imaps] n122.network-auth.com:993
[imaps] n123.network-auth.com:993
[imaps] n124.network-auth.com:993
[imaps] n125.network-auth.com:993
[imaps] n126.network-auth.com:993
[imaps] n127.network-auth.com:993
[imaps] n128.network-auth.com:993
[imaps] n129.network-auth.com:993
[imaps] n12.network-auth.com:993
[imaps] n130.network-auth.com:993
[imaps] n131.network-auth.com:993
[imaps] n132.network-auth.com:993
[imaps] n133.network-auth.com:993
[imaps] n134.network-auth.com:993
[imaps] n135.network-auth.com:993
[imaps] n136.network-auth.com:993
[imaps] n137.network-auth.com:993
[imaps] n138.network-auth.com:993
[imaps] n139.network-auth.com:993
[imaps] n13.network-auth.com:993
[imaps] n140.network-auth.com:993
[imaps] n141.network-auth.com:993
[imaps] n142.network-auth.com:993
[imaps] n143.network-auth.com:993
[imaps] n144.network-auth.com:993
[imaps] n145.network-auth.com:993
[imaps] n146.network-auth.com:993
[imaps] n147.network-auth.com:993
[imaps] n148.network-auth.com:993
[imaps] n149.network-auth.com:993
[imaps] n14.network-auth.com:993
[imaps] n150.network-auth.com:993
[imaps] n151.network-auth.com:993
[imaps] n152.network-auth.com:993
[imaps] n153.network-auth.com:993
[imaps] n154.network-auth.com:993
[imaps] n155.network-auth.com:993
[imaps] n156.network-auth.com:993
[imaps] n157.network-auth.com:993
[imaps] n158.network-auth.com:993
[imaps] n159.network-auth.com:993
[imaps] n15.network-auth.com:993
[imaps] n160.network-auth.com:993
[imaps] n161.network-auth.com:993
[imaps] n162.network-auth.com:993
[imaps] n163.network-auth.com:993
[imaps] n164.network-auth.com:993
[imaps] n165.network-auth.com:993
[imaps] n166.network-auth.com:993
[imaps] n167.network-auth.com:993
[imaps] n168.network-auth.com:993
[imaps] n169.network-auth.com:993
[imaps] n16.network-auth.com:993
[imaps] n170.network-auth.com:993
[imaps] n171.network-auth.com:993
[imaps] n172.network-auth.com:993
[imaps] n173.network-auth.com:993
[imaps] n174.network-auth.com:993
[imaps] n175.network-auth.com:993
[imaps] n176.network-auth.com:993
[imaps] n177.network-auth.com:993
[imaps] n178.network-auth.com:993
[imaps] n179.network-auth.com:993
[imaps] n17.network-auth.com:993
[imaps] n180.network-auth.com:993
[imaps] n181.network-auth.com:993
[imaps] n182.network-auth.com:993
[imaps] n183.network-auth.com:993
[imaps] n184.network-auth.com:993
[imaps] n185.network-auth.com:993
[imaps] n186.network-auth.com:993
[imaps] n187.network-auth.com:993
[imaps] n188.network-auth.com:993
[imaps] n189.network-auth.com:993
[imaps] n18.network-auth.com:993
[imaps] n190.network-auth.com:993
[imaps] n191.network-auth.com:993
[imaps] n192.network-auth.com:993
[imaps] n193.network-auth.com:993
[imaps] n194.network-auth.com:993
[imaps] n195.network-auth.com:993
[imaps] n196.network-auth.com:993
[imaps] n197.network-auth.com:993
[imaps] n198.network-auth.com:993
[imaps] n199.network-auth.com:993
[imaps] n19.network-auth.com:993
[imaps] n200.network-auth.com:993
[imaps] n201.network-auth.com:993
[imaps] n202.network-auth.com:993
[imaps] n203.network-auth.com:993
[imaps] n204.network-auth.com:993
[imaps] n205.network-auth.com:993
[imaps] n206.network-auth.com:993
[imaps] n207.network-auth.com:993
[imaps] n208.network-auth.com:993
[imaps] n209.network-auth.com:993
[imaps] n20.network-auth.com:993
[imaps] n210.network-auth.com:993
[imaps] n211.network-auth.com:993
[imaps] n212.network-auth.com:993
[imaps] n213.network-auth.com:993
[imaps] n214.network-auth.com:993
[imaps] n215.network-auth.com:993
[imaps] n216.network-auth.com:993
[imaps] n217.network-auth.com:993
[imaps] n218.network-auth.com:993
[imaps] n219.network-auth.com:993
[imaps] n21.network-auth.com:993
[imaps] n220.network-auth.com:993
[imaps] n221.network-auth.com:993
[imaps] n222.network-auth.com:993
[imaps] n223.network-auth.com:993
[imaps] n224.network-auth.com:993
[imaps] n225.network-auth.com:993
[imaps] n226.network-auth.com:993
[imaps] n227.network-auth.com:993
[imaps] n228.network-auth.com:993
[imaps] n229.network-auth.com:993
[imaps] n22.network-auth.com:993
[imaps] n230.network-auth.com:993
[imaps] n231.network-auth.com:993
[imaps] n232.network-auth.com:993
[imaps] n233.network-auth.com:993
[imaps] n234.network-auth.com:993
[imaps] n235.network-auth.com:993
[imaps] n236.network-auth.com:993
[imaps] n237.network-auth.com:993
[imaps] n238.network-auth.com:993
[imaps] n239.network-auth.com:993
[imaps] n23.network-auth.com:993
[imaps] n240.network-auth.com:993
[imaps] n241.network-auth.com:993
[imaps] n242.network-auth.com:993
[imaps] n243.network-auth.com:993
[imaps] n244.network-auth.com:993
[imaps] n245.network-auth.com:993
[imaps] n246.network-auth.com:993
[imaps] n247.network-auth.com:993
[imaps] n248.network-auth.com:993
[imaps] n249.network-auth.com:993
[imaps] n24.network-auth.com:993
[imaps] n251.network-auth.com:993
[imaps] n252.network-auth.com:993
[imaps] n254.network-auth.com:993
[imaps] n257.network-auth.com:993
[imaps] n259.network-auth.com:993
[imaps] n25.network-auth.com:993
[imaps] n262.network-auth.com:993
[imaps] n263.network-auth.com:993
[imaps] n264.network-auth.com:993
[imaps] n265.network-auth.com:993
[imaps] n266.network-auth.com:993
[imaps] n267.network-auth.com:993
[imaps] n268.network-auth.com:993
[imaps] n269.network-auth.com:993
[imaps] n26.network-auth.com:993
[imaps] n270.network-auth.com:993
[imaps] n271.network-auth.com:993
[imaps] n272.network-auth.com:993
[imaps] n273.network-auth.com:993
[imaps] n274.network-auth.com:993
[imaps] n276.network-auth.com:993
[imaps] n277.network-auth.com:993
[imaps] n279.network-auth.com:993
[imaps] n27.network-auth.com:993
[imaps] n280.network-auth.com:993
[imaps] n281.network-auth.com:993
[imaps] n282.network-auth.com:993
[imaps] n283.network-auth.com:993
[imaps] n284.network-auth.com:993
[imaps] n285.network-auth.com:993
[imaps] n286.network-auth.com:993
[imaps] n287.network-auth.com:993
[imaps] n288.network-auth.com:993
[imaps] n289.network-auth.com:993
[imaps] n28.network-auth.com:993
[imaps] n290.network-auth.com:993
[imaps] n292.network-auth.com:993
[imaps] n294.network-auth.com:993
[imaps] n297.network-auth.com:993
[imaps] n298.network-auth.com:993
[imaps] n299.network-auth.com:993
[imaps] n29.network-auth.com:993
[imaps] n2.network-auth.com:993
[imaps] n301.network-auth.com:993
[imaps] n302.network-auth.com:993
[imaps] n304.network-auth.com:993
[imaps] n305.network-auth.com:993
[imaps] n306.network-auth.com:993
[imaps] n307.network-auth.com:993
[imaps] n308.network-auth.com:993
[imaps] n309.network-auth.com:993
[imaps] n30.network-auth.com:993
[imaps] n311.network-auth.com:993
[imaps] n312.network-auth.com:993
[imaps] n313.network-auth.com:993
[imaps] n314.network-auth.com:993
[imaps] n315.network-auth.com:993
[imaps] n317.network-auth.com:993
[imaps] n318.network-auth.com:993
[imaps] n319.network-auth.com:993
[imaps] n31.network-auth.com:993
[imaps] n320.network-auth.com:993
[imaps] n321.network-auth.com:993
[imaps] n322.network-auth.com:993
[imaps] n323.network-auth.com:993
[imaps] n324.network-auth.com:993
[imaps] n325.network-auth.com:993
[imaps] n326.network-auth.com:993
[imaps] n327.network-auth.com:993
[imaps] n328.network-auth.com:993
[imaps] n32.network-auth.com:993
[imaps] n331.network-auth.com:993
[imaps] n332.network-auth.com:993
[imaps] n333.network-auth.com:993
[imaps] n334.network-auth.com:993
[imaps] n335.network-auth.com:993
[imaps] n337.network-auth.com:993
[imaps] n339.network-auth.com:993
[imaps] n33.network-auth.com:993
[imaps] n340.network-auth.com:993
[imaps] n341.network-auth.com:993
[imaps] n342.network-auth.com:993
[imaps] n343.network-auth.com:993
[imaps] n344.network-auth.com:993
[imaps] n345.network-auth.com:993
[imaps] n346.network-auth.com:993
[imaps] n348.network-auth.com:993
[imaps] n349.network-auth.com:993
[imaps] n34.network-auth.com:993
[imaps] n351.network-auth.com:993
[imaps] n353.network-auth.com:993
[imaps] n354.network-auth.com:993
[imaps] n358.network-auth.com:993
[imaps] n359.network-auth.com:993
[imaps] n35.network-auth.com:993
[imaps] n361.network-auth.com:993
[imaps] n363.network-auth.com:993
[imaps] n364.network-auth.com:993
[imaps] n365.network-auth.com:993
[imaps] n366.network-auth.com:993
[imaps] n367.network-auth.com:993
[imaps] n368.network-auth.com:993
[imaps] n369.network-auth.com:993
[imaps] n36.network-auth.com:993
[imaps] n370.network-auth.com:993
[imaps] n371.network-auth.com:993
[imaps] n378.network-auth.com:993
[imaps] n37.network-auth.com:993
[imaps] n380.network-auth.com:993
[imaps] n384.network-auth.com:993
[imaps] n385.network-auth.com:993
[imaps] n386.network-auth.com:993
[imaps] n388.network-auth.com:993
[imaps] n389.network-auth.com:993
[imaps] n38.network-auth.com:993
[imaps] n392.network-auth.com:993
[imaps] n395.network-auth.com:993
[imaps] n397.network-auth.com:993
[imaps] n398.network-auth.com:993
[imaps] n39.network-auth.com:993
[imaps] n3.network-auth.com:993
[imaps] n400.network-auth.com:993
[imaps] n407.network-auth.com:993
[imaps] n408.network-auth.com:993
[imaps] n409.network-auth.com:993
[imaps] n40.network-auth.com:993
[imaps] n414.network-auth.com:993
[imaps] n417.network-auth.com:993
[imaps] n41.network-auth.com:993
[imaps] n421.network-auth.com:993
[imaps] n424.network-auth.com:993
[imaps] n427.network-auth.com:993
[imaps] n428.network-auth.com:993
[imaps] n42.network-auth.com:993
[imaps] n431.network-auth.com:993
[imaps] n437.network-auth.com:993
[imaps] n438.network-auth.com:993
[imaps] n43.network-auth.com:993
[imaps] n443.network-auth.com:993
[imaps] n444.network-auth.com:993
[imaps] n448.network-auth.com:993
[imaps] n449.network-auth.com:993
[imaps] n44.network-auth.com:993
[imaps] n451.network-auth.com:993
[imaps] n459.network-auth.com:993
[imaps] n45.network-auth.com:993
[imaps] n461.network-auth.com:993
[imaps] n46.network-auth.com:993
[imaps] n47.network-auth.com:993
[imaps] n48.network-auth.com:993
[imaps] n49.network-auth.com:993
[imaps] n4.network-auth.com:993
[imaps] n50.network-auth.com:993
[imaps] n51.network-auth.com:993
[imaps] n52.network-auth.com:993
[imaps] n53.network-auth.com:993
[imaps] n54.network-auth.com:993
[imaps] n55.network-auth.com:993
[imaps] n56.network-auth.com:993
[imaps] n57.network-auth.com:993
[imaps] n58.network-auth.com:993
[imaps] n59.network-auth.com:993
[imaps] n5.network-auth.com:993
[imaps] n60.network-auth.com:993
[imaps] n61.network-auth.com:993
[imaps] n62.network-auth.com:993
[imaps] n63.network-auth.com:993
[imaps] n64.network-auth.com:993
[imaps] n65.network-auth.com:993
[imaps] n66.network-auth.com:993
[imaps] n67.network-auth.com:993
[imaps] n68.network-auth.com:993
[imaps] n69.network-auth.com:993
[imaps] n6.network-auth.com:993
[imaps] n70.network-auth.com:993
[imaps] n71.network-auth.com:993
[imaps] n72.network-auth.com:993
[imaps] n73.network-auth.com:993
[imaps] n74.network-auth.com:993
[imaps] n75.network-auth.com:993
[imaps] n76.network-auth.com:993
[imaps] n77.network-auth.com:993
[imaps] n78.network-auth.com:993
[imaps] n79.network-auth.com:993
[imaps] n7.network-auth.com:993
[imaps] n80.network-auth.com:993
[imaps] n81.network-auth.com:993
[imaps] n82.network-auth.com:993
[imaps] n83.network-auth.com:993
[imaps] n84.network-auth.com:993
[imaps] n85.network-auth.com:993
[imaps] n86.network-auth.com:993
[imaps] n87.network-auth.com:993
[imaps] n88.network-auth.com:993
[imaps] n89.network-auth.com:993
[imaps] n8.network-auth.com:993
[imaps] n90.network-auth.com:993
[imaps] n91.network-auth.com:993
[imaps] n92.network-auth.com:993
[imaps] n93.network-auth.com:993
[imaps] n94.network-auth.com:993
[imaps] n95.network-auth.com:993
[imaps] n96.network-auth.com:993
[imaps] n97.network-auth.com:993
[imaps] n98.network-auth.com:993
[imaps] n99.network-auth.com:993
[imaps] n9.network-auth.com:993
