[cddbp-alt] tls10.eu.newrelic.com:8880
[cddbp-alt] tls10.newrelic.com:8880
[cddbp-alt] tls12.eu.newrelic.com:8880
[cddbp-alt] tls12.newrelic.com:8880
[eli] log-api.eu.newrelic.com:2087
[eli] tls10.eu.newrelic.com:2087
[eli] tls10.newrelic.com:2087
[eli] tls12.eu.newrelic.com:2087
[eli] tls12.newrelic.com:2087
[EtherNetIP-1] blog.newrelic.com:2222
[gnunet] log-api.eu.newrelic.com:2086
[gnunet] tls10.eu.newrelic.com:2086
[gnunet] tls10.newrelic.com:2086
[gnunet] tls12.eu.newrelic.com:2086
[gnunet] tls12.newrelic.com:2086
[http] 8hp-anizyn.service.eu.newrelic.com:80
[http] account.eu.newrelic.com:80
[http] account.newrelic.com:80
[http] alerts.eu.newrelic.com:80
[http] alerts.newrelic.com:80
[http] also-two.newrelic.com:80
[http] api.eu.newrelic.com:80
[http] api.newrelic.com:80
[http] apt.newrelic.com:80
[http] aws-api.newrelic.com:80
[http] babyparentingadmin.service.eu.newrelic.com:80
[http] be-images.newrelic.com:80
[http] be.newrelic.com:80
[http] beta.newrelic.com:80
[http] blog.newrelic.com:80
[http] business-intel.newrelic.com:80
[http] chi-collector-pool.newrelic.com:80
[http] chi-insights-collector.newrelic.com:80
[http] chi-staging-collector-pool.newrelic.com:80
[http] cloud-collector.newrelic.com:80
[http] cloudfront-dl.newrelic.com:80
[http] collector-001.newrelic.com:80
[http] collector-002.newrelic.com:80
[http] collector-003.newrelic.com:80
[http] collector-004.newrelic.com:80
[http] collector-005.newrelic.com:80
[http] collector-006.newrelic.com:80
[http] collector-007.newrelic.com:80
[http] collector-008.newrelic.com:80
[http] collector-009.newrelic.com:80
[http] collector-010.newrelic.com:80
[http] collector-0.newrelic.com:80
[http] collector-155.newrelic.com:80
[http] collector-156.newrelic.com:80
[http] collector-159.newrelic.com:80
[http] collector-160.newrelic.com:80
[http] collector-165.newrelic.com:80
[http] collector-166.newrelic.com:80
[http] collector-167.newrelic.com:80
[http] collector-168.newrelic.com:80
[http] collector-169.newrelic.com:80
[http] collector-170.newrelic.com:80
[http] collector-171.newrelic.com:80
[http] collector-172.newrelic.com:80
[http] collector-173.newrelic.com:80
[http] collector-174.newrelic.com:80
[http] collector-175.newrelic.com:80
[http] collector-176.newrelic.com:80
[http] collector-177.newrelic.com:80
[http] collector-178.newrelic.com:80
[http] collector-179.newrelic.com:80
[http] collector-180.newrelic.com:80
[http] collector-181.newrelic.com:80
[http] collector-182.newrelic.com:80
[http] collector-183.newrelic.com:80
[http] collector-184.newrelic.com:80
[http] collector-185.newrelic.com:80
[http] collector-186.newrelic.com:80
[http] collector-187.newrelic.com:80
[http] collector-188.newrelic.com:80
[http] collector-189.newrelic.com:80
[http] collector-190.newrelic.com:80
[http] collector-191.newrelic.com:80
[http] collector-192.newrelic.com:80
[http] collector-193.newrelic.com:80
[http] collector-194.newrelic.com:80
[http] collector-195.newrelic.com:80
[http] collector-196.newrelic.com:80
[http] collector-197.newrelic.com:80
[http] collector-198.newrelic.com:80
[http] collector-199.newrelic.com:80
[http] collector-1.newrelic.com:80
[http] collector-200.newrelic.com:80
[http] collector-201.newrelic.com:80
[http] collector-202.newrelic.com:80
[http] collector-203.newrelic.com:80
[http] collector-204.newrelic.com:80
[http] collector-205.newrelic.com:80
[http] collector-206.newrelic.com:80
[http] collector-207.newrelic.com:80
[http] collector-208.newrelic.com:80
[http] collector-209.newrelic.com:80
[http] collector-210.newrelic.com:80
[http] collector-211.newrelic.com:80
[http] collector-212.newrelic.com:80
[http] collector-213.newrelic.com:80
[http] collector-214.newrelic.com:80
[http] collector-215.newrelic.com:80
[http] collector-216.newrelic.com:80
[http] collector-217.newrelic.com:80
[http] collector-218.newrelic.com:80
[http] collector-219.newrelic.com:80
[http] collector-220.newrelic.com:80
[http] collector-221.newrelic.com:80
[http] collector-222.newrelic.com:80
[http] collector-224.newrelic.com:80
[http] collector-225.newrelic.com:80
[http] collector-226.newrelic.com:80
[http] collector-227.newrelic.com:80
[http] collector-228.newrelic.com:80
[http] collector-229.newrelic.com:80
[http] collector-230.newrelic.com:80
[http] collector-232.newrelic.com:80
[http] collector-233.newrelic.com:80
[http] collector-235.newrelic.com:80
[http] collector-236.newrelic.com:80
[http] collector-237.newrelic.com:80
[http] collector-238.newrelic.com:80
[http] collector-239.newrelic.com:80
[http] collector-240.newrelic.com:80
[http] collector-241.newrelic.com:80
[http] collector-242.newrelic.com:80
[http] collector-243.newrelic.com:80
[http] collector-245.newrelic.com:80
[http] collector-246.newrelic.com:80
[http] collector-247.newrelic.com:80
[http] collector-248.newrelic.com:80
[http] collector-249.newrelic.com:80
[http] collector-250.newrelic.com:80
[http] collector-251.newrelic.com:80
[http] collector-252.newrelic.com:80
[http] collector-253.newrelic.com:80
[http] collector-254.newrelic.com:80
[http] collector-255.newrelic.com:80
[http] collector-256.newrelic.com:80
[http] collector-257.newrelic.com:80
[http] collector-258.newrelic.com:80
[http] collector-259.newrelic.com:80
[http] collector-260.newrelic.com:80
[http] collector-262.newrelic.com:80
[http] collector-263.newrelic.com:80
[http] collector-268.newrelic.com:80
[http] collector-269.newrelic.com:80
[http] collector-270.newrelic.com:80
[http] collector-273.newrelic.com:80
[http] collector-274.newrelic.com:80
[http] collector-275.newrelic.com:80
[http] collector-277.newrelic.com:80
[http] collector-278.newrelic.com:80
[http] collector-279.newrelic.com:80
[http] collector-280.newrelic.com:80
[http] collector-281.newrelic.com:80
[http] collector-282.newrelic.com:80
[http] collector-283.newrelic.com:80
[http] collector-284.newrelic.com:80
[http] collector-285.newrelic.com:80
[http] collector-286.newrelic.com:80
[http] collector-287.newrelic.com:80
[http] collector-288.newrelic.com:80
[http] collector-289.newrelic.com:80
[http] collector-290.newrelic.com:80
[http] collector-291.newrelic.com:80
[http] collector-292.newrelic.com:80
[http] collector-293.newrelic.com:80
[http] collector-294.newrelic.com:80
[http] collector-295.newrelic.com:80
[http] collector-296.newrelic.com:80
[http] collector-297.newrelic.com:80
[http] collector-298.newrelic.com:80
[http] collector-299.newrelic.com:80
[http] collector-2.newrelic.com:80
[http] collector-2.staging-collectors.newrelic.com:80
[http] collector-300.newrelic.com:80
[http] collector-3.newrelic.com:80
[http] collector-4.newrelic.com:80
[http] collector-5.newrelic.com:80
[http] collector-6.newrelic.com:80
[http] collector-7.newrelic.com:80
[http] collector-8.newrelic.com:80
[http] collector-9.newrelic.com:80
[http] collector.newrelic.com:80
[http] collector-pool-10.newrelic.com:80
[http] collector-pool-1.newrelic.com:80
[http] collector-pool-2.newrelic.com:80
[http] collector-pool-3.newrelic.com:80
[http] collector-pool-4.newrelic.com:80
[http] collector-pool-5.newrelic.com:80
[http] collector-pool-6.newrelic.com:80
[http] collector-pool-7.newrelic.com:80
[http] collector-pool-8.newrelic.com:80
[http] collector-pool-9.newrelic.com:80
[http] collector-pool.newrelic.com:80
[http] collector-pool.staging-collectors.newrelic.com:80
[http] connect.newrelic.com:80
[http] cube.newrelic.com:80
[http] customeremails-app2.service.eu.newrelic.com:80
[http] developer.newrelic.com:80
[http] dev-infrastructure.newrelic.com:80
[http] dev-insights-embed.newrelic.com:80
[http] dev-insights.newrelic.com:80
[http] dev.newrelic.com:80
[http] dev-radar.newrelic.com:80
[http] dev-support.newrelic.com:80
[http] discuss.newrelic.com:80
[http] docs.newrelic.com:80
[http] docs-preview.newrelic.com:80
[http] docs-staging.newrelic.com:80
[http] download.newrelic.com:80
[http] email.alerts.newrelic.com:80
[http] email.internal.newrelic.com:80
[http] frame-account.eu.newrelic.com:80
[http] frame-account.newrelic.com:80
[http] frame-alerts.eu.newrelic.com:80
[http] frame-alerts.newrelic.com:80
[http] frame-infrastructure.eu.newrelic.com:80
[http] frame-infrastructure.newrelic.com:80
[http] frame-maps.eu.newrelic.com:80
[http] frame-maps.newrelic.com:80
[http] frame-rpm.eu.newrelic.com:80
[http] frame-rpm.newrelic.com:80
[http] frame-staging-account.newrelic.com:80
[http] frame-staging-infrastructure.newrelic.com:80
[http] frame-staging.newrelic.com:80
[http] frame-synthetics.eu.newrelic.com:80
[http] frame-synthetics.newrelic.com:80
[http] get.newrelic.com:80
[http] gnax.newrelic.com:80
[http] got.newrelic.com:80
[http] gov-collector.newrelic.com:80
[http] gov-insights-collector.newrelic.com:80
[http] helix.newrelic.com:80
[http] helix-service.newrelic.com:80
[http] helm-charts.newrelic.com:80
[http] heroku.newrelic.com:80
[http] heroku-staging.newrelic.com:80
[http] hypertext-admin.eu.newrelic.com:80
[http] infra-api.newrelic.com:80
[http] infra.newrelic.com:80
[http] infrastructure-api.newrelic.com:80
[http] infrastructure-data.newrelic.com:80
[http] infrastructure.eu.newrelic.com:80
[http] infrastructure.newrelic.com:80
[http] infrastructure-seldon.eu.newrelic.com:80
[http] infrastructure-seldon.newrelic.com:80
[http] ingest-integration.newrelic.com:80
[http] insights-api.eu.newrelic.com:80
[http] insights-api.newrelic.com:80
[http] insights-collector.newrelic.com:80
[http] insights-embed.eu.newrelic.com:80
[http] insights-embed.newrelic.com:80
[http] insights.eu.newrelic.com:80
[http] insights.newrelic.com:80
[http] integration-alerts.newrelic.com:80
[http] integration.newrelic.com:80
[http] issues.newrelic.com:80
[http] js-agent.newrelic.com:80
[http] jserrors-query-service.service.newrelic.com:80
[http] kayoyon.service.newrelic.com:80
[http] learn.newrelic.com:80
[http] legacy-service-2.newrelic.com:80
[http] legacy-service.newrelic.com:80
[http] log-api.eu.newrelic.com:80
[http] log-api.newrelic.com:80
[http] login-origin.newrelic.com:80
[http] maps.eu.newrelic.com:80
[http] maps.newrelic.com:80
[http] marketing-contents.newrelic.com:80
[http] meetme.newrelic.com:80
[http] metric-api.newrelic.com:80
[http] mobile-collector.newrelic.com:80
[http] mobile-collector-origin.newrelic.com:80
[http] mobile-data-api.eu.newrelic.com:80
[http] mobile-data-api.newrelic.com:80
[http] mobile-symbol-upload.eu.newrelic.com:80
[http] nerd-graph.eu.newrelic.com:80
[http] nerd-graph.newrelic.com:80
[http] newrelic.com:80
[http] next-support.newrelic.com:80
[http] npi.newrelic.com:80
[http] nr1-edge-test.one.newrelic.com:80
[http] nrpn.newrelic.com:80
[http] one.eu.newrelic.com:80
[http] one.newrelic.com:80
[http] opensource.newrelic.com:80
[http] partner-admin-console.newrelic.com:80
[http] phpfog.newrelic.com:80
[http] platform-api.newrelic.com:80
[http] plugins.newrelic.com:80
[http] portal.newrelic.com:80
[http] prometheus-api.eu.newrelic.com:80
[http] prometheus-api.newrelic.com:80
[http-proxy] aws-api.newrelic.com:8080
[http-proxy] cloud-collector.newrelic.com:8080
[http-proxy] collector-001.newrelic.com:8080
[http-proxy] collector-002.newrelic.com:8080
[http-proxy] collector-003.newrelic.com:8080
[http-proxy] collector-004.newrelic.com:8080
[http-proxy] collector-005.newrelic.com:8080
[http-proxy] collector-006.newrelic.com:8080
[http-proxy] collector-007.newrelic.com:8080
[http-proxy] collector-008.newrelic.com:8080
[http-proxy] collector-009.newrelic.com:8080
[http-proxy] collector-010.newrelic.com:8080
[http-proxy] collector-0.newrelic.com:8080
[http-proxy] collector-2.staging-collectors.newrelic.com:8080
[http-proxy] collector.newrelic.com:8080
[http-proxy] collector-pool.staging-collectors.newrelic.com:8080
[http-proxy] get.newrelic.com:8080
[http-proxy] infra-api.newrelic.com:8080
[http-proxy] infrastructure-api.newrelic.com:8080
[http-proxy] ingest-integration.newrelic.com:8080
[http-proxy] insights-collector.newrelic.com:8080
[http-proxy] log-api.eu.newrelic.com:8080
[http-proxy] log-api.newrelic.com:8080
[http-proxy] metric-api.newrelic.com:8080
[http-proxy] mobile-collector.newrelic.com:8080
[http-proxy] staging-aws-api.newrelic.com:8080
[http-proxy] staging-cloud-collector.newrelic.com:8080
[http-proxy] staging-collector-001.newrelic.com:8080
[http-proxy] staging-collector-101.newrelic.com:8080
[http-proxy] staging-collector-102.newrelic.com:8080
[http-proxy] staging-collector.newrelic.com:8080
[http-proxy] staging-collector-pool.newrelic.com:8080
[http-proxy] staging-infra-api.newrelic.com:8080
[http-proxy] staging-insights-collector.newrelic.com:8080
[http-proxy] staging-log-api.newrelic.com:8080
[http-proxy] staging-metric-api.newrelic.com:8080
[http-proxy] staging-mobile-collector.newrelic.com:8080
[http-proxy] staging-trace-api.newrelic.com:8080
[http-proxy] tls10.eu.newrelic.com:8080
[http-proxy] tls10.newrelic.com:8080
[http-proxy] tls12.eu.newrelic.com:8080
[http-proxy] tls12.newrelic.com:8080
[http-proxy] trace-api.newrelic.com:8080
[http-proxy] trace-this.newrelic.com:8080
[http] public-service-gateway.eu.newrelic.com:80
[http] radar.newrelic.com:80
[http] resources.newrelic.com:80
[http] rpm-admin.eu.newrelic.com:80
[http] rpm-admin.newrelic.com:80
[http] rpm-be.newrelic.com:80
[http] rpm.eu.newrelic.com:80
[http] rpm-images.newrelic.com:80
[http] rpm.newrelic.com:80
[http] rpm-seldon.eu.newrelic.com:80
[http] rpm-seldon.newrelic.com:80
[http] rpm-staging.newrelic.com:80
[http] rpm-ui.newrelic.com:80
[https] 8hp-anizyn.service.eu.newrelic.com:443
[https] account.eu.newrelic.com:443
[https] account.newrelic.com:443
[https] alerts.eu.newrelic.com:443
[https] alerts.newrelic.com:443
[https] also-two.newrelic.com:443
[https-alt] aws-api.newrelic.com:8443
[https-alt] cloud-collector.newrelic.com:8443
[https-alt] collector-001.newrelic.com:8443
[https-alt] collector-002.newrelic.com:8443
[https-alt] collector-003.newrelic.com:8443
[https-alt] collector-004.newrelic.com:8443
[https-alt] collector-005.newrelic.com:8443
[https-alt] collector-006.newrelic.com:8443
[https-alt] collector-007.newrelic.com:8443
[https-alt] collector-008.newrelic.com:8443
[https-alt] collector-009.newrelic.com:8443
[https-alt] collector-010.newrelic.com:8443
[https-alt] collector-0.newrelic.com:8443
[https-alt] collector-2.staging-collectors.newrelic.com:8443
[https-alt] collector.newrelic.com:8443
[https-alt] collector-pool.staging-collectors.newrelic.com:8443
[https-alt] get.newrelic.com:8443
[https-alt] infra-api.newrelic.com:8443
[https-alt] infrastructure-api.newrelic.com:8443
[https-alt] ingest-integration.newrelic.com:8443
[https-alt] insights-collector.newrelic.com:8443
[https-alt] log-api.eu.newrelic.com:8443
[https-alt] log-api.newrelic.com:8443
[https-alt] metric-api.newrelic.com:8443
[https-alt] mobile-collector.newrelic.com:8443
[https-alt] staging-aws-api.newrelic.com:8443
[https-alt] staging-cloud-collector.newrelic.com:8443
[https-alt] staging-collector-001.newrelic.com:8443
[https-alt] staging-collector-101.newrelic.com:8443
[https-alt] staging-collector-102.newrelic.com:8443
[https-alt] staging-collector.newrelic.com:8443
[https-alt] staging-collector-pool.newrelic.com:8443
[https-alt] staging-infra-api.newrelic.com:8443
[https-alt] staging-insights-collector.newrelic.com:8443
[https-alt] staging-log-api.newrelic.com:8443
[https-alt] staging-metric-api.newrelic.com:8443
[https-alt] staging-mobile-collector.newrelic.com:8443
[https-alt] staging-trace-api.newrelic.com:8443
[https-alt] tls10.eu.newrelic.com:8443
[https-alt] tls10.newrelic.com:8443
[https-alt] tls12.eu.newrelic.com:8443
[https-alt] tls12.newrelic.com:8443
[https-alt] trace-api.newrelic.com:8443
[https-alt] trace-this.newrelic.com:8443
[https] api.eu.newrelic.com:443
[https] api.newrelic.com:443
[https] apt.newrelic.com:443
[https] auth.newrelic.com:443
[https] aws-api.newrelic.com:443
[https] babyparentingadmin.service.eu.newrelic.com:443
[https] be-images.newrelic.com:443
[https] be.newrelic.com:443
[https] beta.newrelic.com:443
[https] blog.newrelic.com:443
[https] business-intel.newrelic.com:443
[https] cf-proxy.eu.newrelic.com:443
[https] cf-proxy-stg2a.newrelic.com:443
[https] chi-collector-pool.newrelic.com:443
[https] chi-infra-api.newrelic.com:443
[https] chi-insights-collector.newrelic.com:443
[https] chi-log-api.newrelic.com:443
[https] chi-staging-collector-pool.newrelic.com:443
[https] cloud-collector.newrelic.com:443
[https] cloudfront-dl.newrelic.com:443
[https] collector-001.newrelic.com:443
[https] collector-002.newrelic.com:443
[https] collector-003.newrelic.com:443
[https] collector-004.newrelic.com:443
[https] collector-005.newrelic.com:443
[https] collector-006.newrelic.com:443
[https] collector-007.newrelic.com:443
[https] collector-008.newrelic.com:443
[https] collector-009.newrelic.com:443
[https] collector-010.newrelic.com:443
[https] collector-0.newrelic.com:443
[https] collector-155.newrelic.com:443
[https] collector-156.newrelic.com:443
[https] collector-159.newrelic.com:443
[https] collector-160.newrelic.com:443
[https] collector-165.newrelic.com:443
[https] collector-166.newrelic.com:443
[https] collector-167.newrelic.com:443
[https] collector-168.newrelic.com:443
[https] collector-169.newrelic.com:443
[https] collector-170.newrelic.com:443
[https] collector-171.newrelic.com:443
[https] collector-172.newrelic.com:443
[https] collector-173.newrelic.com:443
[https] collector-174.newrelic.com:443
[https] collector-175.newrelic.com:443
[https] collector-176.newrelic.com:443
[https] collector-177.newrelic.com:443
[https] collector-178.newrelic.com:443
[https] collector-179.newrelic.com:443
[https] collector-180.newrelic.com:443
[https] collector-181.newrelic.com:443
[https] collector-182.newrelic.com:443
[https] collector-183.newrelic.com:443
[https] collector-184.newrelic.com:443
[https] collector-185.newrelic.com:443
[https] collector-186.newrelic.com:443
[https] collector-187.newrelic.com:443
[https] collector-188.newrelic.com:443
[https] collector-189.newrelic.com:443
[https] collector-190.newrelic.com:443
[https] collector-191.newrelic.com:443
[https] collector-192.newrelic.com:443
[https] collector-193.newrelic.com:443
[https] collector-194.newrelic.com:443
[https] collector-195.newrelic.com:443
[https] collector-196.newrelic.com:443
[https] collector-197.newrelic.com:443
[https] collector-198.newrelic.com:443
[https] collector-199.newrelic.com:443
[https] collector-1.newrelic.com:443
[https] collector-200.newrelic.com:443
[https] collector-201.newrelic.com:443
[https] collector-202.newrelic.com:443
[https] collector-203.newrelic.com:443
[https] collector-204.newrelic.com:443
[https] collector-205.newrelic.com:443
[https] collector-206.newrelic.com:443
[https] collector-207.newrelic.com:443
[https] collector-208.newrelic.com:443
[https] collector-209.newrelic.com:443
[https] collector-210.newrelic.com:443
[https] collector-211.newrelic.com:443
[https] collector-212.newrelic.com:443
[https] collector-213.newrelic.com:443
[https] collector-214.newrelic.com:443
[https] collector-215.newrelic.com:443
[https] collector-216.newrelic.com:443
[https] collector-217.newrelic.com:443
[https] collector-218.newrelic.com:443
[https] collector-219.newrelic.com:443
[https] collector-220.newrelic.com:443
[https] collector-221.newrelic.com:443
[https] collector-222.newrelic.com:443
[https] collector-224.newrelic.com:443
[https] collector-225.newrelic.com:443
[https] collector-226.newrelic.com:443
[https] collector-227.newrelic.com:443
[https] collector-228.newrelic.com:443
[https] collector-229.newrelic.com:443
[https] collector-230.newrelic.com:443
[https] collector-232.newrelic.com:443
[https] collector-233.newrelic.com:443
[https] collector-235.newrelic.com:443
[https] collector-236.newrelic.com:443
[https] collector-237.newrelic.com:443
[https] collector-238.newrelic.com:443
[https] collector-239.newrelic.com:443
[https] collector-240.newrelic.com:443
[https] collector-241.newrelic.com:443
[https] collector-242.newrelic.com:443
[https] collector-243.newrelic.com:443
[https] collector-245.newrelic.com:443
[https] collector-246.newrelic.com:443
[https] collector-247.newrelic.com:443
[https] collector-248.newrelic.com:443
[https] collector-249.newrelic.com:443
[https] collector-250.newrelic.com:443
[https] collector-251.newrelic.com:443
[https] collector-252.newrelic.com:443
[https] collector-253.newrelic.com:443
[https] collector-254.newrelic.com:443
[https] collector-255.newrelic.com:443
[https] collector-256.newrelic.com:443
[https] collector-257.newrelic.com:443
[https] collector-258.newrelic.com:443
[https] collector-259.newrelic.com:443
[https] collector-260.newrelic.com:443
[https] collector-262.newrelic.com:443
[https] collector-263.newrelic.com:443
[https] collector-268.newrelic.com:443
[https] collector-269.newrelic.com:443
[https] collector-270.newrelic.com:443
[https] collector-273.newrelic.com:443
[https] collector-274.newrelic.com:443
[https] collector-275.newrelic.com:443
[https] collector-277.newrelic.com:443
[https] collector-278.newrelic.com:443
[https] collector-279.newrelic.com:443
[https] collector-280.newrelic.com:443
[https] collector-281.newrelic.com:443
[https] collector-282.newrelic.com:443
[https] collector-283.newrelic.com:443
[https] collector-284.newrelic.com:443
[https] collector-285.newrelic.com:443
[https] collector-286.newrelic.com:443
[https] collector-287.newrelic.com:443
[https] collector-288.newrelic.com:443
[https] collector-289.newrelic.com:443
[https] collector-290.newrelic.com:443
[https] collector-291.newrelic.com:443
[https] collector-292.newrelic.com:443
[https] collector-293.newrelic.com:443
[https] collector-294.newrelic.com:443
[https] collector-295.newrelic.com:443
[https] collector-296.newrelic.com:443
[https] collector-297.newrelic.com:443
[https] collector-298.newrelic.com:443
[https] collector-299.newrelic.com:443
[https] collector-2.newrelic.com:443
[https] collector-2.staging-collectors.newrelic.com:443
[https] collector-300.newrelic.com:443
[https] collector-3.newrelic.com:443
[https] collector-4.newrelic.com:443
[https] collector-5.newrelic.com:443
[https] collector-6.newrelic.com:443
[https] collector-7.newrelic.com:443
[https] collector-8.newrelic.com:443
[https] collector-9.newrelic.com:443
[https] collector.newrelic.com:443
[https] collector-pool-10.newrelic.com:443
[https] collector-pool-1.newrelic.com:443
[https] collector-pool-2.newrelic.com:443
[https] collector-pool-3.newrelic.com:443
[https] collector-pool-4.newrelic.com:443
[https] collector-pool-5.newrelic.com:443
[https] collector-pool-6.newrelic.com:443
[https] collector-pool-7.newrelic.com:443
[https] collector-pool-8.newrelic.com:443
[https] collector-pool-9.newrelic.com:443
[https] collector-pool.newrelic.com:443
[https] collector-pool.staging-collectors.newrelic.com:443
[https] connection-test.newrelic.com:443
[https] connect.newrelic.com:443
[https] cube.newrelic.com:443
[https] customeremails-app2.service.eu.newrelic.com:443
[https] developer.newrelic.com:443
[https] dev-infrastructure.newrelic.com:443
[https] dev-insights-embed.newrelic.com:443
[https] dev-insights.newrelic.com:443
[https] dev-login.newrelic.com:443
[https] dev.newrelic.com:443
[https] dev-radar.newrelic.com:443
[https] dev-support.newrelic.com:443
[https] discuss.newrelic.com:443
[https] docs.newrelic.com:443
[https] docs-preview.newrelic.com:443
[https] docs-staging.newrelic.com:443
[https] download.newrelic.com:443
[http] security.newrelic.com:80
[https] email.alerts.newrelic.com:443
[https] email.internal.newrelic.com:443
[http] service-6.newrelic.com:80
[http] service-7.newrelic.com:80
[http] service-8.newrelic.com:80
[http] service.eu.newrelic.com:80
[http] service.newrelic.com:80
[http] seymour.newrelic.com:80
[https] frame-account.eu.newrelic.com:443
[https] frame-account.newrelic.com:443
[https] frame-alerts.eu.newrelic.com:443
[https] frame-alerts.newrelic.com:443
[https] frame-infrastructure.eu.newrelic.com:443
[https] frame-infrastructure.newrelic.com:443
[https] frame-maps.eu.newrelic.com:443
[https] frame-maps.newrelic.com:443
[https] frame-rpm.eu.newrelic.com:443
[https] frame-rpm.newrelic.com:443
[https] frame-staging-account.newrelic.com:443
[https] frame-staging-infrastructure.newrelic.com:443
[https] frame-staging.newrelic.com:443
[https] frame-synthetics.eu.newrelic.com:443
[https] frame-synthetics.newrelic.com:443
[https] get.newrelic.com:443
[https] gnax.newrelic.com:443
[https] got.newrelic.com:443
[https] gov-collector.newrelic.com:443
[https] gov-identity-api.newrelic.com:443
[https] gov-infra-api.newrelic.com:443
[https] gov-infrastructure-command-api.newrelic.com:443
[https] gov-insights-collector.newrelic.com:443
[https] h2-wildcard.service.newrelic.com:443
[https] helix.newrelic.com:443
[https] helix-service.newrelic.com:443
[https] helm-charts.newrelic.com:443
[https] heroku.newrelic.com:443
[https] heroku-staging.newrelic.com:443
[https] hypertext-admin.eu.newrelic.com:443
[https] identity-api.eu.newrelic.com:443
[https] identity-api.newrelic.com:443
[https] infra-api.eu.newrelic.com:443
[https] infra-api.newrelic.com:443
[https] infra.newrelic.com:443
[https] infrastructure-api.newrelic.com:443
[https] infrastructure-command-api.eu.newrelic.com:443
[https] infrastructure-command-api.newrelic.com:443
[https] infrastructure-data.newrelic.com:443
[https] infrastructure.eu.newrelic.com:443
[https] infrastructure.newrelic.com:443
[https] infrastructure-seldon.eu.newrelic.com:443
[https] infrastructure-seldon.newrelic.com:443
[https] ingest-integration.newrelic.com:443
[https] ingest-test.newrelic.com:443
[https] insights-api.eu.newrelic.com:443
[https] insights-api.newrelic.com:443
[https] insights-collector.newrelic.com:443
[https] insights-embed.eu.newrelic.com:443
[https] insights-embed.newrelic.com:443
[https] insights.eu.newrelic.com:443
[https] insights.newrelic.com:443
[https] integration-alerts.newrelic.com:443
[https] integration.newrelic.com:443
[https] issues.newrelic.com:443
[https] js-agent.newrelic.com:443
[https] jserrors-query-service.service.newrelic.com:443
[https] kayoyon.service.newrelic.com:443
[https] learn.newrelic.com:443
[https] legacy-service-2.newrelic.com:443
[https] legacy-service.newrelic.com:443
[https] log-api.eu.newrelic.com:443
[https] log-api.newrelic.com:443
[https] login.newrelic.com:443
[https] login-origin.newrelic.com:443
[https] maps.eu.newrelic.com:443
[https] maps.newrelic.com:443
[https] marketing-contents.newrelic.com:443
[https] meetme.newrelic.com:443
[https] metric-api.eu.newrelic.com:443
[https] metric-api.newrelic.com:443
[https] mobile-collector.newrelic.com:443
[https] mobile-collector-origin.newrelic.com:443
[https] mobile-crash.newrelic.com:443
[https] mobile-crash-origin.newrelic.com:443
[https] mobile-data-api.eu.newrelic.com:443
[https] mobile-data-api.newrelic.com:443
[https] mobile-symbol-upload.eu.newrelic.com:443
[https] mobile-symbol-upload.newrelic.com:443
[https] mobile-symbol-upload-origin.newrelic.com:443
[https] nerd-graph.eu.newrelic.com:443
[https] nerd-graph.newrelic.com:443
[https] newrelic.com:443
[https] next-support.newrelic.com:443
[https] npi.newrelic.com:443
[https] nr1-edge-test.one.newrelic.com:443
[https] nrpn.newrelic.com:443
[https] one.eu.newrelic.com:443
[https] one.newrelic.com:443
[https] opensource.newrelic.com:443
[https] partner-admin-console.newrelic.com:443
[https] phpfog.newrelic.com:443
[https] platform-api.newrelic.com:443
[https] plugins.newrelic.com:443
[https] portal.newrelic.com:443
[https] prometheus-api.eu.newrelic.com:443
[https] prometheus-api.newrelic.com:443
[https] public-service-gateway.eu.newrelic.com:443
[https] radar.newrelic.com:443
[https] resources.newrelic.com:443
[https] rpm-admin.eu.newrelic.com:443
[https] rpm-admin.newrelic.com:443
[https] rpm-be.newrelic.com:443
[https] rpm.eu.newrelic.com:443
[https] rpm-images.newrelic.com:443
[https] rpm.newrelic.com:443
[https] rpm-seldon.eu.newrelic.com:443
[https] rpm-seldon.newrelic.com:443
[https] rpm-staging.newrelic.com:443
[https] rpm-test.newrelic.com:443
[https] rpm-ui.newrelic.com:443
[https] security.newrelic.com:443
[https] service-6.newrelic.com:443
[https] service-7.newrelic.com:443
[https] service-8.newrelic.com:443
[https] service.eu.newrelic.com:443
[https] service.newrelic.com:443
[https] seymour.newrelic.com:443
[https] staging-account.newrelic.com:443
[https] staging-alerts.newrelic.com:443
[https] staging-api.newrelic.com:443
[https] staging-aws-api.newrelic.com:443
[https] staging-beacon-1.newrelic.com:443
[https] staging-beacon-2.newrelic.com:443
[https] staging-beacon-3.newrelic.com:443
[https] staging-cloud-collector.newrelic.com:443
[https] staging-collector-001.newrelic.com:443
[https] staging-collector-101.newrelic.com:443
[https] staging-collector-102.newrelic.com:443
[https] staging-collector-1.newrelic.com:443
[https] staging-collector-2.newrelic.com:443
[https] staging-collector.newrelic.com:443
[https] staging-collector-pool.newrelic.com:443
[https] staging-connect.newrelic.com:443
[https] staging-cube.newrelic.com:443
[https] staging-custom-event-inserter.newrelic.com:443
[https] staging-discuss.newrelic.com:443
[https] staging-helix.newrelic.com:443
[https] staging-helix-service.newrelic.com:443
[https] staging-identity-api.newrelic.com:443
[https] staging-infra-api.newrelic.com:443
[https] staging-infra.newrelic.com:443
[https] staging-infrastructure-api.newrelic.com:443
[https] staging-infrastructure-command-api.newrelic.com:443
[https] staging-infrastructure-data.newrelic.com:443
[https] staging-infrastructure.newrelic.com:443
[https] staging-insights-api.newrelic.com:443
[https] staging-insights-collector.newrelic.com:443
[https] staging-insights-embed.newrelic.com:443
[https] staging-insights.newrelic.com:443
[https] staging-jserror.newrelic.com:443
[https] staging-legacy-service.newrelic.com:443
[https] staging-log-api.newrelic.com:443
[https] staging-login.newrelic.com:443
[https] staging-maps.newrelic.com:443
[https] staging-marketing-contents.newrelic.com:443
[https] staging-metric-api.newrelic.com:443
[https] staging-mobile-collector.newrelic.com:443
[https] staging-mobile-collector-origin.newrelic.com:443
[https] staging-mobile-crash.newrelic.com:443
[https] staging-mobile-data-api.newrelic.com:443
[https] staging-nerd-graph.newrelic.com:443
[https] staging-nerd-graph-too.newrelic.com:443
[https] staging.newrelic.com:443
[https] staging-one-aws.newrelic.com:443
[https] staging-one.newrelic.com:443
[https] staging-platform-api.newrelic.com:443
[https] staging-plugins.newrelic.com:443
[https] staging-portal.newrelic.com:443
[https] staging-radar.newrelic.com:443
[https] staging-rpm-admin.newrelic.com:443
[https] staging-rpm.newrelic.com:443
[https] staging-service.newrelic.com:443
[https] staging-seymour.newrelic.com:443
[https] staging-shared.newrelic.com:443
[https] staging-support.newrelic.com:443
[https] staging-synthetics.newrelic.com:443
[https] staging-trace-api.newrelic.com:443
[https] support-beta.newrelic.com:443
[https] support-legacy.newrelic.com:443
[https] support.newrelic.com:443
[https] synthetics.eu.newrelic.com:443
[https] synthetics.newrelic.com:443
[http] staging-account.newrelic.com:80
[http] staging-alerts.newrelic.com:80
[http] staging-api.newrelic.com:80
[http] staging-aws-api.newrelic.com:80
[http] staging-beacon-1.newrelic.com:80
[http] staging-beacon-2.newrelic.com:80
[http] staging-beacon-3.newrelic.com:80
[http] staging-cloud-collector.newrelic.com:80
[http] staging-collector-001.newrelic.com:80
[http] staging-collector-101.newrelic.com:80
[http] staging-collector-102.newrelic.com:80
[http] staging-collector-1.newrelic.com:80
[http] staging-collector-2.newrelic.com:80
[http] staging-collector.newrelic.com:80
[http] staging-collector-pool.newrelic.com:80
[http] staging-connect.newrelic.com:80
[http] staging-cube.newrelic.com:80
[http] staging-custom-event-inserter.newrelic.com:80
[http] staging-discuss.newrelic.com:80
[http] staging-helix.newrelic.com:80
[http] staging-helix-service.newrelic.com:80
[http] staging-infra-api.newrelic.com:80
[http] staging-infra.newrelic.com:80
[http] staging-infrastructure-data.newrelic.com:80
[http] staging-infrastructure.newrelic.com:80
[http] staging-insights-api.newrelic.com:80
[http] staging-insights-collector.newrelic.com:80
[http] staging-insights-embed.newrelic.com:80
[http] staging-insights.newrelic.com:80
[http] staging-jserror.newrelic.com:80
[http] staging-legacy-service.newrelic.com:80
[http] staging-log-api.newrelic.com:80
[http] staging-maps.newrelic.com:80
[http] staging-marketing-contents.newrelic.com:80
[http] staging-metric-api.newrelic.com:80
[http] staging-mobile-collector.newrelic.com:80
[http] staging-mobile-crash.newrelic.com:80
[http] staging-mobile-data-api.newrelic.com:80
[http] staging-nerd-graph.newrelic.com:80
[http] staging-nerd-graph-too.newrelic.com:80
[http] staging.newrelic.com:80
[http] staging-one-aws.newrelic.com:80
[http] staging-one.newrelic.com:80
[http] staging-platform-api.newrelic.com:80
[http] staging-plugins.newrelic.com:80
[http] staging-portal.newrelic.com:80
[http] staging-radar.newrelic.com:80
[http] staging-rpm-admin.newrelic.com:80
[http] staging-rpm.newrelic.com:80
[http] staging-service.newrelic.com:80
[http] staging-seymour.newrelic.com:80
[http] staging-shared.newrelic.com:80
[http] staging-support.newrelic.com:80
[http] staging-synthetics.newrelic.com:80
[http] staging-trace-api.newrelic.com:80
[https] test1-api.newrelic.com:443
[https] test1.newrelic.com:443
[https] test2-api.newrelic.com:443
[https] test2.newrelic.com:443
[https] test3-api.newrelic.com:443
[https] test3.newrelic.com:443
[https] test4-api.newrelic.com:443
[https] test4.newrelic.com:443
[https] test5-api.newrelic.com:443
[https] test5.newrelic.com:443
[https] test6-api.newrelic.com:443
[https] test6.newrelic.com:443
[https] test7-api.newrelic.com:443
[https] test7.newrelic.com:443
[https] test8-api.newrelic.com:443
[https] test8.newrelic.com:443
[https] test-api.newrelic.com:443
[https] test.newrelic.com:443
[https] test-support.newrelic.com:443
[https] thecloud.newrelic.com:443
[https] tips.newrelic.com:443
[https] tls10.eu.newrelic.com:443
[https] tls10.newrelic.com:443
[https] tls12.eu.newrelic.com:443
[https] tls12.newrelic.com:443
[https] tlscheck.newrelic.com:443
[https] trace-api.eu.newrelic.com:443
[https] trace-api.newrelic.com:443
[https] trace-this.newrelic.com:443
[https] translate-release.newrelic.com:443
[https] two.newrelic.com:443
[http] support-beta.newrelic.com:80
[http] support-legacy.newrelic.com:80
[http] support.newrelic.com:80
[https] workflows.newrelic.com:443
[https] www.newrelic.com:443
[https] www-release.newrelic.com:443
[https] www-staging.newrelic.com:443
[http] synthetics.eu.newrelic.com:80
[http] synthetics.newrelic.com:80
[https] yum.newrelic.com:443
[http] test1-api.newrelic.com:80
[http] test1.newrelic.com:80
[http] test2-api.newrelic.com:80
[http] test2.newrelic.com:80
[http] test3-api.newrelic.com:80
[http] test3.newrelic.com:80
[http] test4-api.newrelic.com:80
[http] test4.newrelic.com:80
[http] test5-api.newrelic.com:80
[http] test5.newrelic.com:80
[http] test6-api.newrelic.com:80
[http] test6.newrelic.com:80
[http] test7-api.newrelic.com:80
[http] test7.newrelic.com:80
[http] test8-api.newrelic.com:80
[http] test8.newrelic.com:80
[http] test-api.newrelic.com:80
[http] test.newrelic.com:80
[http] test-support.newrelic.com:80
[http] thecloud.newrelic.com:80
[http] tips.newrelic.com:80
[http] tls10.eu.newrelic.com:80
[http] tls10.newrelic.com:80
[http] tls12.eu.newrelic.com:80
[http] tls12.newrelic.com:80
[http] trace-api.newrelic.com:80
[http] trace-this.newrelic.com:80
[http] translate-release.newrelic.com:80
[http] two.newrelic.com:80
[http] workflows.newrelic.com:80
[http] www.newrelic.com:80
[http] www-release.newrelic.com:80
[http] www-staging.newrelic.com:80
[http] yum.newrelic.com:80
[infowave] tls10.eu.newrelic.com:2082
[infowave] tls10.newrelic.com:2082
[infowave] tls12.eu.newrelic.com:2082
[infowave] tls12.newrelic.com:2082
[nbx-ser] tls12.newrelic.com:2095
[radsec] log-api.eu.newrelic.com:2083
[radsec] tls10.eu.newrelic.com:2083
[radsec] tls10.newrelic.com:2083
[radsec] tls12.eu.newrelic.com:2083
[radsec] tls12.newrelic.com:2083
[smtp] discover.newrelic.com:25
[ssh] docs-staging.newrelic.com:22
