[amandaidx] api.dev.oasis.app:10082
[amt-soap-http] api.dev.oasis.app:16992
[amt-soap-https] api.dev.oasis.app:16993
[] api.dev.oasis.app:10134
[] api.dev.oasis.app:10250
[] api.dev.oasis.app:11300
[] api.dev.oasis.app:13579
[] api.dev.oasis.app:14265
[] api.dev.oasis.app:16010
[] api.dev.oasis.app:17000
[] api.dev.oasis.app:18081
[] api.dev.oasis.app:18245
[] api.dev.oasis.app:20256
[bex-xr] api.dev.oasis.app:15660
[cce4x] api.dev.oasis.app:12000
[dicom] api.dev.oasis.app:11112
[dnp] api.dev.oasis.app:20000
[documentum] api.dev.oasis.app:10002
[documentum_s] api.dev.oasis.app:10003
[emcrmirccd] api.dev.oasis.app:10004
[fmsas] api.dev.oasis.app:16000
[fmsascon] api.dev.oasis.app:16001
[http] api.dev.oasis.app:80
[http] cache.new.oasis.app:80
[http] chat.oasis.app:80
[http] kb.oasis.app:80
[http] legacy.oasis.app:80
[http] mpp.oasis.app:80
[http] mpp.staging.oasis.app:80
[https] api.dev.oasis.app:443
[https] auctions.oasis.app:443
[https] blog.oasis.app:443
[https] blog.staging.oasis.app:443
[https] cache.new.oasis.app:443
[https] chat.oasis.app:443
[https] kb.oasis.app:443
[https] legacy.oasis.app:443
[https] mpp.oasis.app:443
[https] mpp.staging.oasis.app:443
[https] oasis.app:443
[https] oazo-bcache-goerli-adp.new.oasis.app:443
[https] oazo-bcache-goerli-staging.new.oasis.app:443
[https] oazo-bcache-mainnet-staging.new.oasis.app:443
[https] oazo-bcache.new.oasis.app:443
[https] staging.oasis.app:443
[https] storybook.oasis.app:443
[https] translate.oasis.app:443
[https] translate.staging.oasis.app:443
[https] www.mpp.staging.oasis.app:443
[https] www.oasis.app:443
[https] www.staging.oasis.app:443
[https] www.storybook.oasis.app:443
[https] www.translate.oasis.app:443
[https] www.translate.staging.oasis.app:443
[http] www.mpp.staging.oasis.app:80
[hydap] api.dev.oasis.app:15000
[igrid] api.dev.oasis.app:19000
[irisa] api.dev.oasis.app:11000
[keyshadow] api.dev.oasis.app:19315
[keysrvr] api.dev.oasis.app:19283
[memcache] api.dev.oasis.app:11211
[netbackup] api.dev.oasis.app:13722
[netbackup] api.dev.oasis.app:13782
[netbus] api.dev.oasis.app:12345
[onep-tls] api.dev.oasis.app:15002
[osxwebadmin] api.dev.oasis.app:16080
[pksd] api.dev.oasis.app:11371
[rxapi] api.dev.oasis.app:10010
[scotty-ft] api.dev.oasis.app:14000
[scp-config] api.dev.oasis.app:10001
[sgi-soap] api.dev.oasis.app:11110
[snet-sensor-mgmt] api.dev.oasis.app:10000
[swdtp-sv] api.dev.oasis.app:10009
[sysinfo-sp] api.dev.oasis.app:11967
[unknown] api.dev.oasis.app:10012
[unknown] api.dev.oasis.app:10024
[unknown] api.dev.oasis.app:10025
[unknown] api.dev.oasis.app:10180
[unknown] api.dev.oasis.app:10215
[unknown] api.dev.oasis.app:10243
[unknown] api.dev.oasis.app:10443
[unknown] api.dev.oasis.app:10554
[unknown] api.dev.oasis.app:10566
[unknown] api.dev.oasis.app:10616
[unknown] api.dev.oasis.app:10617
[unknown] api.dev.oasis.app:10621
[unknown] api.dev.oasis.app:10778
[unknown] api.dev.oasis.app:12174
[unknown] api.dev.oasis.app:12265
[unknown] api.dev.oasis.app:13456
[unknown] api.dev.oasis.app:14147
[unknown] api.dev.oasis.app:14238
[unknown] api.dev.oasis.app:14441
[unknown] api.dev.oasis.app:14442
[unknown] api.dev.oasis.app:15003
[unknown] api.dev.oasis.app:15004
[unknown] api.dev.oasis.app:15742
[unknown] api.dev.oasis.app:16012
[unknown] api.dev.oasis.app:16016
[unknown] api.dev.oasis.app:16018
[unknown] api.dev.oasis.app:16113
[unknown] api.dev.oasis.app:17877
[unknown] api.dev.oasis.app:17988
[unknown] api.dev.oasis.app:18040
[unknown] api.dev.oasis.app:18101
[unknown] api.dev.oasis.app:18988
[unknown] api.dev.oasis.app:19101
[unknown] api.dev.oasis.app:19801
[unknown] api.dev.oasis.app:19842
[unknown] api.dev.oasis.app:24444
[unknown] api.dev.oasis.app:25734
[unknown] api.dev.oasis.app:27356
[unknown] api.dev.oasis.app:28201
