[http] 088rdsh01.cookiecompany.online-essentials.be:80
[http] 0-ieeexplore.ieee.org.libmain.online-essentials.be:80
[http] 0-saemobilus.sae.org.library.online-essentials.be:80
[http] 0-www.osapublishing.org.fama.online-essentials.be:80
[http] 17480130.ostk.bm2.prod.gq1.online-essentials.be:80
[http] 685121.file.p23.tc.online-essentials.be:80
[http] a51228764cdadb4eb5a512cf8eb2a494e.profile.nrt52.online-essentials.be:80
[http] aalphaloginministrators.alphaloginj-tronics.online-essentials.be:80
[http] acc.amirrormin.laurieentommy.online-essentials.be:80
[http] acc.imaplaurieentommy.online-essentials.be:80
[http] acc.ingamesk8s-dev.online-essentials.be:80
[http] acc.machine.ms1.online-essentials.be:80
[http] acc.mail01.tupaja.online-essentials.be:80
[http] accounting.aapidocsmin-ms.online-essentials.be:80
[http] accounting.adminwwwmysite.online-essentials.be:80
[http] accounting.autodiscover-mysite.online-essentials.be:80
[http] accounting.internals-mysite.online-essentials.be:80
[http] accounting.mysiteaapidocsmin.online-essentials.be:80
[http] accounting.mysite.accounting.online-essentials.be:80
[http] accounting.mysiteapps.online-essentials.be:80
[http] accounting.mysite-click.online-essentials.be:80
[http] accounting.mysite-naaimachinesmin.online-essentials.be:80
[http] accounting.mysitens1.online-essentials.be:80
[http] accounting.www.laurieentommy-adminsmx7.online-essentials.be:80
[http] account.verhuringenlinda.events.online-essentials.be:80
[http] account.verhuringenlindaswagger.online-essentials.be:80
[http] acc.tupaja-dev.online-essentials.be:80
[http] active.accounteguro.www.laurieentommy.online-essentials.be:80
[http] active.account-server.puurlandelijk.online-essentials.be:80
[http] active.active-websitereports-www.puurlandelijk.online-essentials.be:80
[http] active.admeguro-www.puurlandelijk.online-essentials.be:80
[http] active.administratorstelenet.laurieentommy.online-essentials.be:80
[http] active.admins-ms1www.laurieentommy.online-essentials.be:80
[http] active.org-www.puurlandelijk.online-essentials.be:80
[http] active.wwwaccountingseguro.laurieentommy.online-essentials.be:80
[http] active.www.account-sispuurlandelijk.online-essentials.be:80
[http] active.www.addon-renovaties-lyncdiscoverlaurieentommy.online-essentials.be:80
[http] active.www.laurieentommy.alpha.online-essentials.be:80
[http] active.wwwprd.laurieentommy.online-essentials.be:80
[http] addon.activemsoidmaster.online-essentials.be:80
[http] addon.adminskinsmaster.online-essentials.be:80
[http] addon.asana-postmaster.online-essentials.be:80
[http] addon.mine.www.starbooks.online-essentials.be:80
[http] addon.post.legacy.online-essentials.be:80
[http] addon.postmastermgmt.online-essentials.be:80
[http] addon.post-mx7.online-essentials.be:80
[http] addon-renovaties.apatinwww.bewise.online-essentials.be:80
[http] addon-renovaties.online-essentials.be:80
[http] addon-renovaties.web.www.bewise.online-essentials.be:80
[http] addon-renovaties.www.analyticsbrusseeldavid.bewise.online-essentials.be:80
[http] addon-renovaties.www.pay.online-essentials.be:80
[http] addon-renovaties.www.relay2bewise.online-essentials.be:80
[http] addon.trialpostmaster.online-essentials.be:80
[http] addon.www.vipstarbooks.online-essentials.be:80
[http] adm.alphaelem.cardoconstruct.online-essentials.be:80
[http] adm.authentication.laurieentommy.online-essentials.be:80
[http] adm.cardoconstruct-administrators01.online-essentials.be:80
[http] adm.cardoconstructadm-zmail.online-essentials.be:80
[http] adm.cloudfrontlaurieentommy.online-essentials.be:80
[http] admin.accounting-hf-liften.docker.online-essentials.be:80
[http] admin.addon-postmasterlab.online-essentials.be:80
[http] admin.adm-firewall.online-essentials.be:80
[http] admin.admin-confluence-www.puurlandelijk.online-essentials.be:80
[http] admin.administratorsmail6www.puurlandelijk.online-essentials.be:80
[http] admin.admins-mbox-www.puurlandelijk.online-essentials.be:80
[http] admin.adminswaggerdisabled.online-essentials.be:80
[http] admin.adm-zmail.puurlandelijk.online-essentials.be:80
[http] admin.ametricmin.www.puurlandelijk.online-essentials.be:80
[http] admin.analyticsbrusseeldavid-skins.online-essentials.be:80
[http] admin.authorizationwww.puurlandelijk.online-essentials.be:80
[http] admin.disabled-accountcustomer.online-essentials.be:80
[http] admin.elasticrenovatiesleadform.online-essentials.be:80
[http] admin.gw-imap.online-essentials.be:80
[http] admin.helporigin.online-essentials.be:80
[http] administrator.click.ms.online-essentials.be:80
[http] administrator.controlserver.online-essentials.be:80
[http] administrator.elasticbeanstalk-zimbra.online-essentials.be:80
[http] administrator.hf-ms.online-essentials.be:80
[http] administrator.ms.staging.online-essentials.be:80
[http] administrators.dj-addon-kubernetes.online-essentials.be:80
[http] administrators.dj-tronics.gist.online-essentials.be:80
[http] administrator.server-testyourwebsite.online-essentials.be:80
[http] administrators.paywall-tronics.online-essentials.be:80
[http] administrators.renovatiesseguro-tronics.online-essentials.be:80
[http] administrator.w3ms.online-essentials.be:80
[http] admin.kubectl-www.puurlandelijk.online-essentials.be:80
[http] admin.lab-testyourwebsite.online-essentials.be:80
[http] admin.msoid.sandbox.online-essentials.be:80
[http] admin.payment.elastic.online-essentials.be:80
[http] admin.qtool.online-essentials.be:80
[http] admins.acc-wwwlaurieentommy.online-essentials.be:80
[http] admins.administratorknconsulting-laurieentommy.online-essentials.be:80
[http] admin.sandbox.cloudfront.online-essentials.be:80
[http] admins.cardoconstructanalyticss.online-essentials.be:80
[http] admins.certms.online-essentials.be:80
[http] admins.hwcdn-cardoconstruct.online-essentials.be:80
[http] admin.signed--zmail.online-essentials.be:80
[http] admin.skins-addon-telenet.online-essentials.be:80
[http] admins.knconsulting.org.online-essentials.be:80
[http] admins.prodcardoconstruct.online-essentials.be:80
[http] admins.renovatiesdj-laurieentommy.online-essentials.be:80
[http] admin.sslelastic.online-essentials.be:80
[http] admin.stageadmink8s.online-essentials.be:80
[http] admin.staging.skins.online-essentials.be:80
[http] admin.v1stage.online-essentials.be:80
[http] admin.wwwaddon-renovatiesmail2.puurlandelijk.online-essentials.be:80
[http] adminwww.admin-zmailbewise.online-essentials.be:80
[http] adminwww.bewise-administrator.online-essentials.be:80
[http] adminwww.bewisestage.online-essentials.be:80
[http] admin-www.login-delem.online-essentials.be:80
[http] adminwww.mx02-bewise.online-essentials.be:80
[http] admin.www.puurlandelijk-active-www.online-essentials.be:80
[http] adminwww.securitybewise.online-essentials.be:80
[http] adm.laurieentommy-addon-stage-expertise.online-essentials.be:80
[http] adm.laurieentommy.cloud.online-essentials.be:80
[http] adm.laurieentommy-skins.online-essentials.be:80
[http] adm.laurieentommysmtp.online-essentials.be:80
[http] alpha.addon-tronics-www.shlaw.online-essentials.be:80
[http] alpha.administrators2leadform.online-essentials.be:80
[http] alpha.leaadmin-staticform.online-essentials.be:80
[http] alpha.leaswagform.online-essentials.be:80
[http] alpha.mx4-ahf.online-essentials.be:80
[http] alpha.www.mysite.shlaw.online-essentials.be:80
[http] alpha.www.shlawalpha-on-stage-expertise.online-essentials.be:80
[http] alpha.www.shlaw.portal.online-essentials.be:80
[http] analytics.brusseldavid-management.online-essentials.be:80
[http] analytics.brusseldavidportal.online-essentials.be:80
[http] analytics.brusseldocumentavidocument.online-essentials.be:80
[http] analytics.knconsulting.on.online-essentials.be:80
[http] analytics.login-brusseldavid.online-essentials.be:80
[http] analytics.zimbra-brusseldavid.online-essentials.be:80
[http] anime.thehylia.com.online-essentials.be:80
[http] anquine7.online-essentials.be:80
[http] apac.assets-delemj-tronics.online-essentials.be:80
[http] apac.dj-admins-stage-expertise.online-essentials.be:80
[http] apac.dj-tr-developics.online-essentials.be:80
[http] apac.dj-tronics.mx3.online-essentials.be:80
[http] apac.hf-liften-tronics.online-essentials.be:80
[http] apac.msoid.dj-tronics.online-essentials.be:80
[http] apatin.online-essentials.be:80
[http] api.qsdrive.online-essentials.be:80
[http] apparel-uk.telecaster-572.demo.online-essentials.be:80
[http] autodiscover.filmfinances.online-essentials.be:80
[http] autodiscover.oxkem.online-essentials.be:80
[http] autpiexch10.transpacific.online-essentials.be:80
[http] bewise.online-essentials.be:80
[http] boxcn.net.box.rkscorp32.online-essentials.be:80
[http] brazil.sqlserver.online-essentials.be:80
[http] brusseeldavid.online-essentials.be:80
[http] brusseldavid.online-essentials.be:80
[http] campingdezevenlinden.baarn.utrecht.online-essentials.be:80
[http] cams.qa.eipsc.online-essentials.be:80
[http] cardoconstruct.online-essentials.be:80
[http] cashew.csv.online-essentials.be:80
[http] ccu-view.hsd.online-essentials.be:80
[http] cf-protected-www.benliveshere.com.cdn.online-essentials.be:80
[http] cf-protected-www.coedmorcottages.com.cdn.online-essentials.be:80
[http] cf-protected-www.sahadev.com.cdn.online-essentials.be:80
[http] cheeposlist.com.madrid.online-essentials.be:80
[http] chronos.webct.online-essentials.be:80
[http] click.online-essentials.be:80
[http] clientcare4.brandywinevalley.online-essentials.be:80
[http] comune.online-essentials.be:80
[http] cpanel.m020c192.online-essentials.be:80
[http] cs76.status.scm.online-essentials.be:80
[http] customer.online-essentials.be:80
[http] dat-ae.mrn.gouv.online-essentials.be:80
[http] dbadmin.t21.ymdb.corp.sp2.online-essentials.be:80
[http] delem.online-essentials.be:80
[http] deluryneocovidev.sayncdiscover.ad.shoppingcart.us-east-1.online-essentials.be:80
[http] developers.ms-my.fbjs.online-essentials.be:80
[http] devops1.paas.corp.bf1.online-essentials.be:80
[http] dev.scana.online-essentials.be:80
[http] dip95.lsn.gq1.online-essentials.be:80
[http] diy.online-essentials.be:80
[http] dj-tronics.online-essentials.be:80
[http] d-mine.online-essentials.be:80
[http] do.re.mi.8.online-essentials.be:80
[http] drobo.demac.online-essentials.be:80
[http] ebayapplication.online-essentials.be:80
[http] ebay.online-essentials.be:80
[http] es06.geotech.sp1.online-essentials.be:80
[http] esttosps0006128.estec.online-essentials.be:80
[http] f1601.mail.vip.bf1.online-essentials.be:80
[http] fantasy.euw.lolesports.com.cdn.online-essentials.be:80
[http] fdmahonen.yliopistopaino.online-essentials.be:80
[http] ffbexchange.msbdom.online-essentials.be:80
[http] ftp.ekaltech.online-essentials.be:80
[http] giobouw.online-essentials.be:80
[http] gmcsvrsbs.gmc.online-essentials.be:80
[http] greenetn.nolachuckey.online-essentials.be:80
[http] gs33.games.bf1.online-essentials.be:80
[http] gwielek.online-essentials.be:80
[http] ha1.vl422.rtm-1.ac4.online-essentials.be:80
[http] hermes.online-essentials.be:80
[http] hettrekpaard.online-essentials.be:80
[http] hf-liften.online-essentials.be:80
[http] host58.net156.online-essentials.be:80
[http] imap.online-essentials.be:80
[http] ingames.online-essentials.be:80
[http] kajuit37.online-essentials.be:80
[http] kathfachschaft.fs.kath-theologie.online-essentials.be:80
[http] knconsulting.online-essentials.be:80
[http] l5.phyip3.dur.online-essentials.be:80
[http] laurieentommy.online-essentials.be:80
[http] leadform.online-essentials.be:80
[http] liwvs10002.np1.dp.online-essentials.be:80
[http] lo0.tar1.dez.online-essentials.be:80
[http] lo50.tun1.boston.corp.online-essentials.be:80
[http] login.milliken.com.cdn.online-essentials.be:80
[http] login.online-essentials.be:80
[http] maes-naaimachines.online-essentials.be:80
[http] m.afsm.prd.online-essentials.be:80
[http] mail01.online-essentials.be:80
[http] mail2.online-essentials.be:80
[http] mail6.online-essentials.be:80
[http] mail.darkodel.online-essentials.be:80
[http] mail.hy.online-essentials.be:80
[http] mailin.online-essentials.be:80
[http] mail.nasud.com.ci1.online-essentials.be:80
[http] mail.secondhandinox.online-essentials.be:80
[http] mail.steviabenefits.online-essentials.be:80
[http] mail.uclouvain.be-owa.auth.logon.aspx-replacecurrent-1url.online-essentials.be:80
[http] market.scol.online-essentials.be:80
[http] mbox.online-essentials.be:80
[http] mcpasd.online-essentials.be:80
[http] minerva.filosoficas.online-essentials.be:80
[http] mjc.jury.online-essentials.be:80
[http] m.library-staging.online-essentials.be:80
[http] moeyonassp.oort.online-essentials.be:80
[http] mo.lfh.online-essentials.be:80
[http] ms1.online-essentials.be:80
[http] ms.online-essentials.be:80
[http] mta.online-essentials.be:80
[http] mta-sts.mnelson-com.mail.eo.online-essentials.be:80
[http] mta-sts.nndoj-org.mail.eo.online-essentials.be:80
[http] mta-sts.orthokrems-at01c.mail.eo.online-essentials.be:80
[http] mta-sts.smscomp-co-uk.mail.eo.online-essentials.be:80
[http] mta-sts.wts.wespeaktech-com.mail.eo.online-essentials.be:80
[http] mx02.online-essentials.be:80
[http] mx1.online-essentials.be:80
[http] mx3.online-essentials.be:80
[http] mx4.online-essentials.be:80
[http] mx7.online-essentials.be:80
[http] mxeamon.perf.mastering.online-essentials.be:80
[http] mxs.online-essentials.be:80
[http] mysite.online-essentials.be:80
[http] mysql02.dlawejherowa.online-essentials.be:80
[http] mysql06.skanlay.online-essentials.be:80
[http] mz.curvin.online-essentials.be:80
[http] nem.id.dk.online-essentials.be:80
[http] netadmin.sakha.online-essentials.be:80
[http] netorgft3783505.mail.pril.protection.online-essentials.be:80
[http] netty.ndph.online-essentials.be:80
[http] newgserver.garydomain.online-essentials.be:80
[http] ns1.online-essentials.be:80
[http] online-essentials.be:80
[http] on-stage-expertise.online-essentials.be:80
[http] pages.zs310.com.online-essentials.be:80
[http] paywall.online-essentials.be:80
[http] pc173.ed1o.online-essentials.be:80
[http] pc-94.cst.usyd.online-essentials.be:80
[http] pisrv33004.comcommac.online-essentials.be:80
[http] pool06.ebid.online-essentials.be:80
[http] pop3.steffbud.online-essentials.be:80
[http] pop.da3.online-essentials.be:80
[http] por.testremotevpn.online-essentials.be:80
[http] postmaster.online-essentials.be:80
[http] post.online-essentials.be:80
[http] preview.wiscares.online-essentials.be:80
[http] provincie.utrecht.online-essentials.be:80
[http] psql03.lewanda.online-essentials.be:80
[http] puurlandelijk.online-essentials.be:80
[http] radius-prd-dc2-1.services.adelaide.online-essentials.be:80
[http] relay1.online-essentials.be:80
[http] relay2.online-essentials.be:80
[http] relay.online-essentials.be:80
[http] repsol7.sdecc.sl.edst.online-essentials.be:80
[http] robotics.blanco-cpq.demo.online-essentials.be:80
[http] rorigetchu.test20160905.online-essentials.be:80
[https] 088rdsh01.cookiecompany.online-essentials.be:443
[https] 0-ieeexplore.ieee.org.libmain.online-essentials.be:443
[https] 0-saemobilus.sae.org.library.online-essentials.be:443
[https] 0-www.osapublishing.org.fama.online-essentials.be:443
[https] 17480130.ostk.bm2.prod.gq1.online-essentials.be:443
[https] 685121.file.p23.tc.online-essentials.be:443
[https] a51228764cdadb4eb5a512cf8eb2a494e.profile.nrt52.online-essentials.be:443
[https] aalphaloginministrators.alphaloginj-tronics.online-essentials.be:443
[https] acc.amirrormin.laurieentommy.online-essentials.be:443
[https] acc.imaplaurieentommy.online-essentials.be:443
[https] acc.ingamesk8s-dev.online-essentials.be:443
[https] acc.machine.ms1.online-essentials.be:443
[https] acc.mail01.tupaja.online-essentials.be:443
[https] accounting.aapidocsmin-ms.online-essentials.be:443
[https] accounting.adminwwwmysite.online-essentials.be:443
[https] accounting.autodiscover-mysite.online-essentials.be:443
[https] accounting.internals-mysite.online-essentials.be:443
[https] accounting.mysiteaapidocsmin.online-essentials.be:443
[https] accounting.mysite.accounting.online-essentials.be:443
[https] accounting.mysiteapps.online-essentials.be:443
[https] accounting.mysite-click.online-essentials.be:443
[https] accounting.mysite-naaimachinesmin.online-essentials.be:443
[https] accounting.mysitens1.online-essentials.be:443
[https] accounting.www.laurieentommy-adminsmx7.online-essentials.be:443
[https] account.verhuringenlinda.events.online-essentials.be:443
[https] account.verhuringenlindaswagger.online-essentials.be:443
[https] acc.tupaja-dev.online-essentials.be:443
[https] active.accounteguro.www.laurieentommy.online-essentials.be:443
[https] active.account-server.puurlandelijk.online-essentials.be:443
[https] active.active-websitereports-www.puurlandelijk.online-essentials.be:443
[https] active.admeguro-www.puurlandelijk.online-essentials.be:443
[https] active.administratorstelenet.laurieentommy.online-essentials.be:443
[https] active.admins-ms1www.laurieentommy.online-essentials.be:443
[https] active.org-www.puurlandelijk.online-essentials.be:443
[https] active.wwwaccountingseguro.laurieentommy.online-essentials.be:443
[https] active.www.account-sispuurlandelijk.online-essentials.be:443
[https] active.www.addon-renovaties-lyncdiscoverlaurieentommy.online-essentials.be:443
[https] active.www.laurieentommy.alpha.online-essentials.be:443
[https] active.wwwprd.laurieentommy.online-essentials.be:443
[https] addon.activemsoidmaster.online-essentials.be:443
[https] addon.adminskinsmaster.online-essentials.be:443
[https] addon.asana-postmaster.online-essentials.be:443
[https] addon.mine.www.starbooks.online-essentials.be:443
[https] addon.post.legacy.online-essentials.be:443
[https] addon.postmastermgmt.online-essentials.be:443
[https] addon.post-mx7.online-essentials.be:443
[https] addon-renovaties.apatinwww.bewise.online-essentials.be:443
[https] addon-renovaties.online-essentials.be:443
[https] addon-renovaties.web.www.bewise.online-essentials.be:443
[https] addon-renovaties.www.analyticsbrusseeldavid.bewise.online-essentials.be:443
[https] addon-renovaties.www.pay.online-essentials.be:443
[https] addon-renovaties.www.relay2bewise.online-essentials.be:443
[https] addon.trialpostmaster.online-essentials.be:443
[https] addon.www.vipstarbooks.online-essentials.be:443
[https] adm.alphaelem.cardoconstruct.online-essentials.be:443
[https] adm.authentication.laurieentommy.online-essentials.be:443
[https] adm.cardoconstruct-administrators01.online-essentials.be:443
[https] adm.cardoconstructadm-zmail.online-essentials.be:443
[https] adm.cloudfrontlaurieentommy.online-essentials.be:443
[https] admin.accounting-hf-liften.docker.online-essentials.be:443
[https] admin.addon-postmasterlab.online-essentials.be:443
[https] admin.adm-firewall.online-essentials.be:443
[https] admin.admin-confluence-www.puurlandelijk.online-essentials.be:443
[https] admin.administratorsmail6www.puurlandelijk.online-essentials.be:443
[https] admin.admins-mbox-www.puurlandelijk.online-essentials.be:443
[https] admin.adminswaggerdisabled.online-essentials.be:443
[https] admin.adm-zmail.puurlandelijk.online-essentials.be:443
[https] admin.ametricmin.www.puurlandelijk.online-essentials.be:443
[https] admin.analyticsbrusseeldavid-skins.online-essentials.be:443
[https] admin.authorizationwww.puurlandelijk.online-essentials.be:443
[https] admin.disabled-accountcustomer.online-essentials.be:443
[https] admin.elasticrenovatiesleadform.online-essentials.be:443
[https] admin.gw-imap.online-essentials.be:443
[https] admin.helporigin.online-essentials.be:443
[https] administrator.click.ms.online-essentials.be:443
[https] administrator.controlserver.online-essentials.be:443
[https] administrator.elasticbeanstalk-zimbra.online-essentials.be:443
[https] administrator.hf-ms.online-essentials.be:443
[https] administrator.ms.staging.online-essentials.be:443
[https] administrators.dj-addon-kubernetes.online-essentials.be:443
[https] administrators.dj-tronics.gist.online-essentials.be:443
[https] administrator.server-testyourwebsite.online-essentials.be:443
[https] administrators.paywall-tronics.online-essentials.be:443
[https] administrators.renovatiesseguro-tronics.online-essentials.be:443
[https] administrator.w3ms.online-essentials.be:443
[https] admin.kubectl-www.puurlandelijk.online-essentials.be:443
[https] admin.lab-testyourwebsite.online-essentials.be:443
[https] admin.msoid.sandbox.online-essentials.be:443
[https] admin.payment.elastic.online-essentials.be:443
[https] admin.qtool.online-essentials.be:443
[https] admins.acc-wwwlaurieentommy.online-essentials.be:443
[https] admins.administratorknconsulting-laurieentommy.online-essentials.be:443
[https] admin.sandbox.cloudfront.online-essentials.be:443
[https] admins.cardoconstructanalyticss.online-essentials.be:443
[https] admins.certms.online-essentials.be:443
[https] admins.hwcdn-cardoconstruct.online-essentials.be:443
[https] admin.signed--zmail.online-essentials.be:443
[https] admin.skins-addon-telenet.online-essentials.be:443
[https] admins.knconsulting.org.online-essentials.be:443
[https] admins.prodcardoconstruct.online-essentials.be:443
[https] admins.renovatiesdj-laurieentommy.online-essentials.be:443
[https] admin.sslelastic.online-essentials.be:443
[https] admin.stageadmink8s.online-essentials.be:443
[https] admin.staging.skins.online-essentials.be:443
[https] admin.v1stage.online-essentials.be:443
[https] admin.wwwaddon-renovatiesmail2.puurlandelijk.online-essentials.be:443
[https] adminwww.admin-zmailbewise.online-essentials.be:443
[https] adminwww.bewise-administrator.online-essentials.be:443
[https] adminwww.bewisestage.online-essentials.be:443
[https] admin-www.login-delem.online-essentials.be:443
[https] adminwww.mx02-bewise.online-essentials.be:443
[https] admin.www.puurlandelijk-active-www.online-essentials.be:443
[https] adminwww.securitybewise.online-essentials.be:443
[https] adm.laurieentommy-addon-stage-expertise.online-essentials.be:443
[https] adm.laurieentommy.cloud.online-essentials.be:443
[https] adm.laurieentommy-skins.online-essentials.be:443
[https] adm.laurieentommysmtp.online-essentials.be:443
[https] alpha.addon-tronics-www.shlaw.online-essentials.be:443
[https] alpha.administrators2leadform.online-essentials.be:443
[https] alpha.leaadmin-staticform.online-essentials.be:443
[https] alpha.leaswagform.online-essentials.be:443
[https] alpha.mx4-ahf.online-essentials.be:443
[https] alpha.www.mysite.shlaw.online-essentials.be:443
[https] alpha.www.shlawalpha-on-stage-expertise.online-essentials.be:443
[https] alpha.www.shlaw.portal.online-essentials.be:443
[https] analytics.brusseldavid-management.online-essentials.be:443
[https] analytics.brusseldavidportal.online-essentials.be:443
[https] analytics.brusseldocumentavidocument.online-essentials.be:443
[https] analytics.knconsulting.on.online-essentials.be:443
[https] analytics.login-brusseldavid.online-essentials.be:443
[https] analytics.zimbra-brusseldavid.online-essentials.be:443
[https] anime.thehylia.com.online-essentials.be:443
[https] anquine7.online-essentials.be:443
[https] apac.assets-delemj-tronics.online-essentials.be:443
[https] apac.dj-admins-stage-expertise.online-essentials.be:443
[https] apac.dj-tr-developics.online-essentials.be:443
[https] apac.dj-tronics.mx3.online-essentials.be:443
[https] apac.hf-liften-tronics.online-essentials.be:443
[https] apac.msoid.dj-tronics.online-essentials.be:443
[https] apatin.online-essentials.be:443
[https] api.qsdrive.online-essentials.be:443
[https] apparel-uk.telecaster-572.demo.online-essentials.be:443
[https] autodiscover.filmfinances.online-essentials.be:443
[https] autodiscover.oxkem.online-essentials.be:443
[https] autpiexch10.transpacific.online-essentials.be:443
[https] bewise.online-essentials.be:443
[https] boxcn.net.box.rkscorp32.online-essentials.be:443
[https] brazil.sqlserver.online-essentials.be:443
[https] brusseeldavid.online-essentials.be:443
[https] brusseldavid.online-essentials.be:443
[http] sbs2008.principlefm.online-essentials.be:80
[http] sbs2008.sfw.online-essentials.be:80
[https] campingdezevenlinden.baarn.utrecht.online-essentials.be:443
[https] cams.qa.eipsc.online-essentials.be:443
[https] cardoconstruct.online-essentials.be:443
[https] cashew.csv.online-essentials.be:443
[https] ccu-view.hsd.online-essentials.be:443
[https] cf-protected-www.benliveshere.com.cdn.online-essentials.be:443
[https] cf-protected-www.coedmorcottages.com.cdn.online-essentials.be:443
[https] cf-protected-www.sahadev.com.cdn.online-essentials.be:443
[https] cheeposlist.com.madrid.online-essentials.be:443
[https] chronos.webct.online-essentials.be:443
[https] click.online-essentials.be:443
[https] clientcare4.brandywinevalley.online-essentials.be:443
[https] comune.online-essentials.be:443
[https] cpanel.m020c192.online-essentials.be:443
[https] cs76.status.scm.online-essentials.be:443
[https] customer.online-essentials.be:443
[https] dat-ae.mrn.gouv.online-essentials.be:443
[https] dbadmin.t21.ymdb.corp.sp2.online-essentials.be:443
[https] delem.online-essentials.be:443
[https] deluryneocovidev.sayncdiscover.ad.shoppingcart.us-east-1.online-essentials.be:443
[https] developers.ms-my.fbjs.online-essentials.be:443
[https] devops1.paas.corp.bf1.online-essentials.be:443
[https] dev.scana.online-essentials.be:443
[https] dip95.lsn.gq1.online-essentials.be:443
[https] diy.online-essentials.be:443
[https] dj-tronics.online-essentials.be:443
[https] d-mine.online-essentials.be:443
[https] do.re.mi.8.online-essentials.be:443
[https] drobo.demac.online-essentials.be:443
[https] ebayapplication.online-essentials.be:443
[https] ebay.online-essentials.be:443
[http] secure.helfen.online-essentials.be:80
[http] server3.qa3.m.goodnites.com.online-essentials.be:80
[http] server.online-essentials.be:80
[http] server.sand92.online-essentials.be:80
[https] es06.geotech.sp1.online-essentials.be:443
[https] esttosps0006128.estec.online-essentials.be:443
[http] sexakademik.sexlol-orgie.eupl.online-essentials.be:80
[https] f1601.mail.vip.bf1.online-essentials.be:443
[https] fantasy.euw.lolesports.com.cdn.online-essentials.be:443
[https] fdmahonen.yliopistopaino.online-essentials.be:443
[https] ffbexchange.msbdom.online-essentials.be:443
[https] ftp.ekaltech.online-essentials.be:443
[https] giobouw.online-essentials.be:443
[https] gmcsvrsbs.gmc.online-essentials.be:443
[https] greenetn.nolachuckey.online-essentials.be:443
[https] gs33.games.bf1.online-essentials.be:443
[https] gwielek.online-essentials.be:443
[https] ha1.vl422.rtm-1.ac4.online-essentials.be:443
[https] hermes.online-essentials.be:443
[https] hettrekpaard.online-essentials.be:443
[https] hf-liften.online-essentials.be:443
[http] shlaw.online-essentials.be:80
[https] host58.net156.online-essentials.be:443
[https] imap.online-essentials.be:443
[https] ingames.online-essentials.be:443
[https] kajuit37.online-essentials.be:443
[https] kathfachschaft.fs.kath-theologie.online-essentials.be:443
[https] knconsulting.online-essentials.be:443
[https] l5.phyip3.dur.online-essentials.be:443
[https] laurieentommy.online-essentials.be:443
[http] slave009.hvc.bf1.online-essentials.be:80
[https] leadform.online-essentials.be:443
[https] liwvs10002.np1.dp.online-essentials.be:443
[https] lo0.tar1.dez.online-essentials.be:443
[https] lo50.tun1.boston.corp.online-essentials.be:443
[https] login.milliken.com.cdn.online-essentials.be:443
[https] login.online-essentials.be:443
[https] maes-naaimachines.online-essentials.be:443
[https] m.afsm.prd.online-essentials.be:443
[https] mail01.online-essentials.be:443
[https] mail2.online-essentials.be:443
[https] mail6.online-essentials.be:443
[https] mail.darkodel.online-essentials.be:443
[https] mail.hy.online-essentials.be:443
[https] mailin.online-essentials.be:443
[https] mail.nasud.com.ci1.online-essentials.be:443
[https] mail.secondhandinox.online-essentials.be:443
[https] mail.steviabenefits.online-essentials.be:443
[https] mail.uclouvain.be-owa.auth.logon.aspx-replacecurrent-1url.online-essentials.be:443
[https] market.scol.online-essentials.be:443
[https] mbox.online-essentials.be:443
[https] mcpasd.online-essentials.be:443
[https] minerva.filosoficas.online-essentials.be:443
[https] mjc.jury.online-essentials.be:443
[https] m.library-staging.online-essentials.be:443
[https] moeyonassp.oort.online-essentials.be:443
[https] mo.lfh.online-essentials.be:443
[https] ms1.online-essentials.be:443
[https] ms.online-essentials.be:443
[https] mta.online-essentials.be:443
[https] mta-sts.mnelson-com.mail.eo.online-essentials.be:443
[https] mta-sts.nndoj-org.mail.eo.online-essentials.be:443
[https] mta-sts.orthokrems-at01c.mail.eo.online-essentials.be:443
[https] mta-sts.smscomp-co-uk.mail.eo.online-essentials.be:443
[https] mta-sts.wts.wespeaktech-com.mail.eo.online-essentials.be:443
[http] smtp.mizera.online-essentials.be:80
[http] smtp.online-essentials.be:80
[http] smtpseguro.online-essentials.be:80
[http] smtps.online-essentials.be:80
[http] smtp.ufficio.online-essentials.be:80
[https] mx02.online-essentials.be:443
[https] mx1.online-essentials.be:443
[https] mx3.online-essentials.be:443
[https] mx4.online-essentials.be:443
[https] mx7.online-essentials.be:443
[https] mxeamon.perf.mastering.online-essentials.be:443
[https] mxs.online-essentials.be:443
[https] mysite.online-essentials.be:443
[https] mysql02.dlawejherowa.online-essentials.be:443
[https] mysql06.skanlay.online-essentials.be:443
[https] mz.curvin.online-essentials.be:443
[https] nem.id.dk.online-essentials.be:443
[https] netadmin.sakha.online-essentials.be:443
[https] netorgft3783505.mail.pril.protection.online-essentials.be:443
[https] netty.ndph.online-essentials.be:443
[https] newgserver.garydomain.online-essentials.be:443
[https] ns1.online-essentials.be:443
[https] on-stage-expertise.online-essentials.be:443
[http] sose.ops.corp.online-essentials.be:80
[https] pages.zs310.com.online-essentials.be:443
[https] paywall.online-essentials.be:443
[https] pc173.ed1o.online-essentials.be:443
[https] pc-94.cst.usyd.online-essentials.be:443
[https] pisrv33004.comcommac.online-essentials.be:443
[https] pool06.ebid.online-essentials.be:443
[https] pop3.steffbud.online-essentials.be:443
[https] pop.da3.online-essentials.be:443
[https] por.testremotevpn.online-essentials.be:443
[https] postmaster.online-essentials.be:443
[https] post.online-essentials.be:443
[http] sppwebtb.kc63.online-essentials.be:80
[https] preview.wiscares.online-essentials.be:443
[https] provincie.utrecht.online-essentials.be:443
[https] psql03.lewanda.online-essentials.be:443
[https] puurlandelijk.online-essentials.be:443
[https] radius-prd-dc2-1.services.adelaide.online-essentials.be:443
[https] relay1.online-essentials.be:443
[https] relay2.online-essentials.be:443
[https] relay.online-essentials.be:443
[https] repsol7.sdecc.sl.edst.online-essentials.be:443
[https] robotics.blanco-cpq.demo.online-essentials.be:443
[https] rorigetchu.test20160905.online-essentials.be:443
[https] sbs2008.principlefm.online-essentials.be:443
[https] sbs2008.sfw.online-essentials.be:443
[https] secure.helfen.online-essentials.be:443
[https] server3.qa3.m.goodnites.com.online-essentials.be:443
[https] server.online-essentials.be:443
[https] server.sand92.online-essentials.be:443
[https] sexakademik.sexlol-orgie.eupl.online-essentials.be:443
[https] shlaw.online-essentials.be:443
[https] slave009.hvc.bf1.online-essentials.be:443
[https] smtp.mizera.online-essentials.be:443
[https] smtp.online-essentials.be:443
[https] smtpseguro.online-essentials.be:443
[https] smtps.online-essentials.be:443
[https] smtp.ufficio.online-essentials.be:443
[https] sose.ops.corp.online-essentials.be:443
[https] sppwebtb.kc63.online-essentials.be:443
[https] stage.ert.online-essentials.be:443
[https] stage.ibstransfer.online-essentials.be:443
[https] starbooks.online-essentials.be:443
[https] static.gotitfx.com.cdn.online-essentials.be:443
[https] store.4681.online-essentials.be:443
[https] su139.usne1-ldb.dht.bf1.online-essentials.be:443
[https] svexchange.vkb1.online-essentials.be:443
[https] svn.telework.online-essentials.be:443
[https] sw1f.bank214.online-essentials.be:443
[http] stage.ert.online-essentials.be:80
[http] stage.ibstransfer.online-essentials.be:80
[http] starbooks.online-essentials.be:80
[http] static.gotitfx.com.cdn.online-essentials.be:80
[https] telenet.online-essentials.be:443
[https] test2.jamanagement.api.online-essentials.be:443
[https] test.efrikort.online-essentials.be:443
[https] testloc.imadoco.smt.online-essentials.be:443
[https] test-proxy.vra.online-essentials.be:443
[https] testyourwebsite.online-essentials.be:443
[https] theverge.com.sb6.online-essentials.be:443
[https] tn.knoxville.online-essentials.be:443
[http] store.4681.online-essentials.be:80
[https] tpe.pub.online-essentials.be:443
[https] tupaja.online-essentials.be:443
[http] su139.usne1-ldb.dht.bf1.online-essentials.be:80
[https] ups-a11.npn.adx.tp2.online-essentials.be:443
[https] verhuringenlinda.online-essentials.be:443
[http] svexchange.vkb1.online-essentials.be:80
[https] vms-a.celh.online-essentials.be:443
[https] vmware-vc.biochem.unimelb.online-essentials.be:443
[http] svn.telework.online-essentials.be:80
[http] sw1f.bank214.online-essentials.be:80
[https] webmail.isq.online-essentials.be:443
[https] websitereports.online-essentials.be:443
[https] websvr01.koreahandson.sl.edst.online-essentials.be:443
[https] wood.pellet.stove.online-essentials.be:443
[https] www.2ar9.com.cdn.online-essentials.be:443
[https] www.365-sarahrose.online-essentials.be:443
[https] www.4zywioly.online-essentials.be:443
[https] www.51369114.com.cdn.online-essentials.be:443
[https] www.514071.fun.cdn.online-essentials.be:443
[https] www.830927.online-essentials.be:443
[https] www.aaheritage.online-essentials.be:443
[https] www.addon-renovaties.online-essentials.be:443
[https] www.ad.giobouw.online-essentials.be:443
[https] www.admin.uat.streaming.online-essentials.be:443
[https] www.alperguler.online-essentials.be:443
[https] www.alpernlaw.com.cdn.online-essentials.be:443
[https] www.alyxwolfe.co.uk.cdn.online-essentials.be:443
[https] www.amoozesharabi.online-essentials.be:443
[https] www.angeladoree.online-essentials.be:443
[https] www.aoahjf.org.online-essentials.be:443
[https] www.apac.hettrekpaard.online-essentials.be:443
[https] www.arellanoyhernandez.online-essentials.be:443
[https] www.asa2eqp.tw.cdn.online-essentials.be:443
[https] www.asimboranyildirim.com.cdn.online-essentials.be:443
[https] www.astelierdiners.online-essentials.be:443
[https] www.autoclass-tula.online-essentials.be:443
[https] www.baciodimoda.online-essentials.be:443
[https] www.bestsonlinegames.online-essentials.be:443
[https] www.bewise.online-essentials.be:443
[https] www.bitbucketj-tronics.online-essentials.be:443
[https] www.blokowanie.online-essentials.be:443
[https] www.bruxelles-renouvelable.online-essentials.be:443
[https] www.bsdfls1.lets.online-essentials.be:443
[https] www.buensoftware.com.cdn.online-essentials.be:443
[https] www.bulgibuli.online-essentials.be:443
[https] www.businessrewards.online-essentials.be:443
[https] www.cardocelasticstruct.online-essentials.be:443
[https] www.cardoconstruct.online-essentials.be:443
[https] www.cardoconstructrepository.online-essentials.be:443
[https] www.careerboost.online-essentials.be:443
[https] www.carfirewalloconstruct.online-essentials.be:443
[https] www.ccmsm.online-essentials.be:443
[https] www.ccsqa.online-essentials.be:443
[https] www.cheapburberrycologne.online-essentials.be:443
[https] www.cheapburberrytrenchcoat.online-essentials.be:443
[https] www.chemsoc.ch.online-essentials.be:443
[https] www.chinapackexpo.online-essentials.be:443
[https] www.chocolates.online-essentials.be:443
[https] www.ciibs.online-essentials.be:443
[https] www.city3.online-essentials.be:443
[https] www.cl46070x.online-essentials.be:443
[https] www.cltserver.online-essentials.be:443
[https] www.codingground1.online-essentials.be:443
[https] www.concepts.org.uk.cdn.online-essentials.be:443
[https] www.conservationcampaign.org.cdn.online-essentials.be:443
[https] www.course.scm.online-essentials.be:443
[https] www.cpwapp.online-essentials.be:443
[https] www.creativeweb.online-essentials.be:443
[https] www.csgubuk.online-essentials.be:443
[https] www.cuponessi.com.cdn.online-essentials.be:443
[https] www.current.dev.online-essentials.be:443
[https] www.dbtestaug28com.online-essentials.be:443
[https] www.deakiovi.online-essentials.be:443
[https] www.dealersinwords.online-essentials.be:443
[https] www.delem.online-essentials.be:443
[https] www.dennismiller.online-essentials.be:443
[https] www.development-liften.online-essentials.be:443
[https] www.dj-tronicsip.online-essentials.be:443
[https] www.dj-tronics.online-essentials.be:443
[https] www.dlsvw.tw.cdn.online-essentials.be:443
[https] www.d-mine.online-essentials.be:443
[https] www.domino3.online-essentials.be:443
[https] www.dominosbudapest.online-essentials.be:443
[https] www.dwhslv72.online-essentials.be:443
[https] www.earthamay.online-essentials.be:443
[https] www.easyigfollowers.online-essentials.be:443
[https] www.edwin2win.com.online-essentials.be:443
[https] www.eligendi-id-eos-reiciendisblog.online-essentials.be:443
[https] www.eoaxk.tw.cdn.online-essentials.be:443
[https] www.exsvr.online-essentials.be:443
[https] www.fbfanpages.online-essentials.be:443
[https] www.filosoofia.online-essentials.be:443
[https] www.forklifthirecranehiresalvokop.online-essentials.be:443
[https] www.fortagolf.online-essentials.be:443
[https] www.funmaza.com.online-essentials.be:443
[https] www.funtuz.com.cdn.online-essentials.be:443
[https] www.fzjan.cn.cdn.online-essentials.be:443
[https] www.garderobacapsula.online-essentials.be:443
[https] www.gear-hanger.online-essentials.be:443
[https] www.gestionc.online-essentials.be:443
[https] www.getpdfconverter.com.cdn.online-essentials.be:443
[https] www.gffl.online-essentials.be:443
[https] www.giobouw.accounting.online-essentials.be:443
[https] www.giobouw.online-essentials.be:443
[https] www.giobouw.shlaw.online-essentials.be:443
[https] www.gkdeco.online-essentials.be:443
[https] www.goodyear.accountonline.com.online-essentials.be:443
[https] www.gwielek.online-essentials.be:443
[https] www.gwielek-staff.online-essentials.be:443
[https] www.happydayart.online-essentials.be:443
[https] www.hariginibaumulut.online-essentials.be:443
[https] www.hettrekpaard.online-essentials.be:443
[https] www.hettrekpaarids.online-essentials.be:443
[https] www.hf-liften.online-essentials.be:443
[https] www.hijaberstutorial.online-essentials.be:443
[https] www.hotmail-correo.com.online-essentials.be:443
[https] www.house-engineer.net.cdn.online-essentials.be:443
[https] www.icosym.online-essentials.be:443
[https] www.ihcfmex.online-essentials.be:443
[https] www.ingames-get.online-essentials.be:443
[https] www.ingames.kube.online-essentials.be:443
[https] www.ingames.online-essentials.be:443
[https] www.ireward-fastbooking.online-essentials.be:443
[https] www.kamilszulczyk.online-essentials.be:443
[https] www.kangancity.online-essentials.be:443
[https] www.khonggianthoinay.online-essentials.be:443
[https] www.koris.online-essentials.be:443
[https] www.labrandette.online-essentials.be:443
[https] www.laen.online-essentials.be:443
[https] www.lahoradeandalucia.online-essentials.be:443
[https] www.laurieentommymx.online-essentials.be:443
[https] www.laurieentommy.online-essentials.be:443
[https] www.leeqd.tw.cdn.online-essentials.be:443
[https] www.leipzig-psychotherapiepraxis.online-essentials.be:443
[https] www.leonardocrespi.com.cdn.online-essentials.be:443
[https] www.lgv30.online-essentials.be:443
[https] www.lisca.online-essentials.be:443
[https] www.madihaiqbalevents.online-essentials.be:443
[https] www.maes-naaimachines.online-essentials.be:443
[https] www.mahamayaexcellency.com.cdn.online-essentials.be:443
[https] www.mail-cardoconstruct.online-essentials.be:443
[https] www.manage.addon-renovaties.online-essentials.be:443
[https] www.managestarbooks.online-essentials.be:443
[https] www.manometry.online-essentials.be:443
[https] www.markisen.online-essentials.be:443
[https] www.matratzenaufmass.ch.cdn.online-essentials.be:443
[https] www.mentarigroup.net.cdn.online-essentials.be:443
[https] www.mietek.online-essentials.be:443
[https] www.migration2.online-essentials.be:443
[https] www.mistercertifiedinfo.online-essentials.be:443
[https] www.mops.scm.online-essentials.be:443
[https] www.mxs-starbooks.online-essentials.be:443
[https] www.mydddesktop.online-essentials.be:443
[https] www.myipadgames.online-essentials.be:443
[https] www.nanakamado.online-essentials.be:443
[https] www.nb.fredericton.online-essentials.be:443
[https] www.neutroc0d3-com-ar.online-essentials.be:443
[https] www.newmagento.online-essentials.be:443
[https] www.nicodeco.online-essentials.be:443
[https] www.noticiaviral.online-essentials.be:443
[https] www.nycgw.online-essentials.be:443
[https] www.onlinehealthconnection.connectionhealth.online-essentials.be:443
[https] www.on-stage-apac.online-essentials.be:443
[https] www.on-stage-expertise.online-essentials.be:443
[https] www.optikatanja.online-essentials.be:443
[https] www.ourlyfestyle.com.cdn.online-essentials.be:443
[https] www.out4.online-essentials.be:443
[https] www.pantheon-verhuringenlinda.online-essentials.be:443
[https] www.passport-xrds-bravo-ny.online-essentials.be:443
[https] www.phsearch.online-essentials.be:443
[https] www.pirate101.online-essentials.be:443
[https] www.playbackenterprise.co.uk.cdn.online-essentials.be:443
[https] www.plomsone.com.cdn.online-essentials.be:443
[https] www.polbudrol.online-essentials.be:443
[https] www.pomoctomoc.online-essentials.be:443
[https] www.prendre-la-parole-communication-verbale-orale.online-essentials.be:443
[https] www.productions-cardoconstruct.online-essentials.be:443
[https] www.puurlandelijk.online-essentials.be:443
[https] www.puurlandelijk.vip.online-essentials.be:443
[https] www.raq-at-sl.online-essentials.be:443
[https] www.raspberryketones.online-essentials.be:443
[https] www.realwushu.online-essentials.be:443
[https] www.reikimusic.online-essentials.be:443
[https] www.rescue3.online-essentials.be:443
[https] www.reservas.scm.online-essentials.be:443
[https] www.rickdoetdingen.online-essentials.be:443
[https] www.rivar.online-essentials.be:443
[https] www.sbtindia.online-essentials.be:443
[https] www.senateursbta.online-essentials.be:443
[https] www.shlaw.asana.online-essentials.be:443
[https] www.shlawmta.online-essentials.be:443
[https] www.shlaw.online-essentials.be:443
[https] www.shnas.online-essentials.be:443
[https] www.shooka202.online-essentials.be:443
[https] www.singaporeairlines.online-essentials.be:443
[https] www.smsmaja.com.cdn.online-essentials.be:443
[https] www.sohho.online-essentials.be:443
[https] www.spacey.online-essentials.be:443
[https] www.spicevan.com.cdn.online-essentials.be:443
[https] www.spnowykosciol.online-essentials.be:443
[https] www.sslaccess.online-essentials.be:443
[https] www.staging.oncomd.online-essentials.be:443
[https] www.stampa3d.online-essentials.be:443
[https] www.starbooks-documentation.online-essentials.be:443
[https] www.starbooks.online-essentials.be:443
[https] www.stjohn-lcms.online-essentials.be:443
[https] www.sunbelt.preview.devsrvr.online-essentials.be:443
[https] www.surveys.psychol.online-essentials.be:443
[https] www.sydneylightrail.transport.online-essentials.be:443
[https] www.tanoda.online-essentials.be:443
[https] www.thaivariety.online-essentials.be:443
[https] www.thecmc.online-essentials.be:443
[https] www.tjjh.online-essentials.be:443
[https] www.topnotchfakeids.com.cdn.online-essentials.be:443
[https] www.towncountry.online-essentials.be:443
[https] www.troublecreative.online-essentials.be:443
[https] www.ts-50.online-essentials.be:443
[https] www.tube-xxx.online-essentials.be:443
[https] www.tupaja.online-essentials.be:443
[https] www.tupaja-uat.online-essentials.be:443
[https] www.u1285.online-essentials.be:443
[https] www.udmedia.online-essentials.be:443
[https] www.ughost.net.cdn.online-essentials.be:443
[https] www.unisign.online-essentials.be:443
[https] www.upstorepremium.online-essentials.be:443
[https] www.v2.hettrekpaard.online-essentials.be:443
[https] www.verhuringenlinda.online-essentials.be:443
[https] www.verhuringenlinda.uat.online-essentials.be:443
[https] www.videosxxxincestos.online-essentials.be:443
[https] www.vieharzt.online-essentials.be:443
[https] www.vmi18336.online-essentials.be:443
[https] www.vps137816.online-essentials.be:443
[https] www.vps608.online-essentials.be:443
[https] www.wap.claro-ni.st.ni.pmovil.net.online-essentials.be:443
[https] www.weathertypography.online-essentials.be:443
[https] www.websitereports.dj-tronics.online-essentials.be:443
[https] www.we.host.online-essentials.be:443
[https] www.woodies.online-essentials.be:443
[https] www.yarnbee.online-essentials.be:443
[https] www.ykladka.online-essentials.be:443
[https] www.yourfinancialadvisor.online-essentials.be:443
[https] www.yq7v6jb.tw.cdn.online-essentials.be:443
[https] www.zenluxuryliving.com.cdn.online-essentials.be:443
[https] www.zmbs.wpsnz.online-essentials.be:443
[https] xmpp.mam-hipchat.online-essentials.be:443
[https] yvp.yvpypyvp.yvpyp.online-essentials.be:443
[https] zimbra.online-essentials.be:443
[https] zmail.online-essentials.be:443
[http] telenet.online-essentials.be:80
[http] test2.jamanagement.api.online-essentials.be:80
[http] test.efrikort.online-essentials.be:80
[http] testloc.imadoco.smt.online-essentials.be:80
[http] test-proxy.vra.online-essentials.be:80
[http] testyourwebsite.online-essentials.be:80
[http] theverge.com.sb6.online-essentials.be:80
[http] tn.knoxville.online-essentials.be:80
[http] tpe.pub.online-essentials.be:80
[http] tupaja.online-essentials.be:80
[http] ups-a11.npn.adx.tp2.online-essentials.be:80
[http] verhuringenlinda.online-essentials.be:80
[http] vms-a.celh.online-essentials.be:80
[http] vmware-vc.biochem.unimelb.online-essentials.be:80
[http] webmail.isq.online-essentials.be:80
[http] websitereports.online-essentials.be:80
[http] websvr01.koreahandson.sl.edst.online-essentials.be:80
[http] wood.pellet.stove.online-essentials.be:80
[http] www.2ar9.com.cdn.online-essentials.be:80
[http] www.365-sarahrose.online-essentials.be:80
[http] www.4zywioly.online-essentials.be:80
[http] www.51369114.com.cdn.online-essentials.be:80
[http] www.514071.fun.cdn.online-essentials.be:80
[http] www.830927.online-essentials.be:80
[http] www.aaheritage.online-essentials.be:80
[http] www.addon-renovaties.online-essentials.be:80
[http] www.ad.giobouw.online-essentials.be:80
[http] www.admin.uat.streaming.online-essentials.be:80
[http] www.alperguler.online-essentials.be:80
[http] www.alpernlaw.com.cdn.online-essentials.be:80
[http] www.alyxwolfe.co.uk.cdn.online-essentials.be:80
[http] www.amoozesharabi.online-essentials.be:80
[http] www.angeladoree.online-essentials.be:80
[http] www.aoahjf.org.online-essentials.be:80
[http] www.apac.hettrekpaard.online-essentials.be:80
[http] www.arellanoyhernandez.online-essentials.be:80
[http] www.asa2eqp.tw.cdn.online-essentials.be:80
[http] www.asimboranyildirim.com.cdn.online-essentials.be:80
[http] www.astelierdiners.online-essentials.be:80
[http] www.autoclass-tula.online-essentials.be:80
[http] www.baciodimoda.online-essentials.be:80
[http] www.bestsonlinegames.online-essentials.be:80
[http] www.bewise.online-essentials.be:80
[http] www.bitbucketj-tronics.online-essentials.be:80
[http] www.blokowanie.online-essentials.be:80
[http] www.bruxelles-renouvelable.online-essentials.be:80
[http] www.bsdfls1.lets.online-essentials.be:80
[http] www.buensoftware.com.cdn.online-essentials.be:80
[http] www.bulgibuli.online-essentials.be:80
[http] www.businessrewards.online-essentials.be:80
[http] www.cardocelasticstruct.online-essentials.be:80
[http] www.cardoconstruct.online-essentials.be:80
[http] www.cardoconstructrepository.online-essentials.be:80
[http] www.careerboost.online-essentials.be:80
[http] www.carfirewalloconstruct.online-essentials.be:80
[http] www.ccmsm.online-essentials.be:80
[http] www.ccsqa.online-essentials.be:80
[http] www.cheapburberrycologne.online-essentials.be:80
[http] www.cheapburberrytrenchcoat.online-essentials.be:80
[http] www.chemsoc.ch.online-essentials.be:80
[http] www.chinapackexpo.online-essentials.be:80
[http] www.chocolates.online-essentials.be:80
[http] www.ciibs.online-essentials.be:80
[http] www.city3.online-essentials.be:80
[http] www.cl46070x.online-essentials.be:80
[http] www.cltserver.online-essentials.be:80
[http] www.codingground1.online-essentials.be:80
[http] www.concepts.org.uk.cdn.online-essentials.be:80
[http] www.conservationcampaign.org.cdn.online-essentials.be:80
[http] www.course.scm.online-essentials.be:80
[http] www.cpwapp.online-essentials.be:80
[http] www.creativeweb.online-essentials.be:80
[http] www.csgubuk.online-essentials.be:80
[http] www.cuponessi.com.cdn.online-essentials.be:80
[http] www.current.dev.online-essentials.be:80
[http] www.dbtestaug28com.online-essentials.be:80
[http] www.deakiovi.online-essentials.be:80
[http] www.dealersinwords.online-essentials.be:80
[http] www.delem.online-essentials.be:80
[http] www.dennismiller.online-essentials.be:80
[http] www.development-liften.online-essentials.be:80
[http] www.dj-tronicsip.online-essentials.be:80
[http] www.dj-tronics.online-essentials.be:80
[http] www.dlsvw.tw.cdn.online-essentials.be:80
[http] www.d-mine.online-essentials.be:80
[http] www.domino3.online-essentials.be:80
[http] www.dominosbudapest.online-essentials.be:80
[http] www.dwhslv72.online-essentials.be:80
[http] www.earthamay.online-essentials.be:80
[http] www.easyigfollowers.online-essentials.be:80
[http] www.edwin2win.com.online-essentials.be:80
[http] www.eligendi-id-eos-reiciendisblog.online-essentials.be:80
[http] www.eoaxk.tw.cdn.online-essentials.be:80
[http] www.exsvr.online-essentials.be:80
[http] www.fbfanpages.online-essentials.be:80
[http] www.filosoofia.online-essentials.be:80
[http] www.forklifthirecranehiresalvokop.online-essentials.be:80
[http] www.fortagolf.online-essentials.be:80
[http] www.funmaza.com.online-essentials.be:80
[http] www.funtuz.com.cdn.online-essentials.be:80
[http] www.fzjan.cn.cdn.online-essentials.be:80
[http] www.garderobacapsula.online-essentials.be:80
[http] www.gear-hanger.online-essentials.be:80
[http] www.gestionc.online-essentials.be:80
[http] www.getpdfconverter.com.cdn.online-essentials.be:80
[http] www.gffl.online-essentials.be:80
[http] www.giobouw.accounting.online-essentials.be:80
[http] www.giobouw.online-essentials.be:80
[http] www.giobouw.shlaw.online-essentials.be:80
[http] www.gkdeco.online-essentials.be:80
[http] www.goodyear.accountonline.com.online-essentials.be:80
[http] www.gwielek.online-essentials.be:80
[http] www.gwielek-staff.online-essentials.be:80
[http] www.happydayart.online-essentials.be:80
[http] www.hariginibaumulut.online-essentials.be:80
[http] www.hettrekpaard.online-essentials.be:80
[http] www.hettrekpaarids.online-essentials.be:80
[http] www.hf-liften.online-essentials.be:80
[http] www.hijaberstutorial.online-essentials.be:80
[http] www.hotmail-correo.com.online-essentials.be:80
[http] www.house-engineer.net.cdn.online-essentials.be:80
[http] www.icosym.online-essentials.be:80
[http] www.ihcfmex.online-essentials.be:80
[http] www.ingames-get.online-essentials.be:80
[http] www.ingames.kube.online-essentials.be:80
[http] www.ingames.online-essentials.be:80
[http] www.ireward-fastbooking.online-essentials.be:80
[http] www.kamilszulczyk.online-essentials.be:80
[http] www.kangancity.online-essentials.be:80
[http] www.khonggianthoinay.online-essentials.be:80
[http] www.koris.online-essentials.be:80
[http] www.labrandette.online-essentials.be:80
[http] www.laen.online-essentials.be:80
[http] www.lahoradeandalucia.online-essentials.be:80
[http] www.laurieentommymx.online-essentials.be:80
[http] www.laurieentommy.online-essentials.be:80
[http] www.leeqd.tw.cdn.online-essentials.be:80
[http] www.leipzig-psychotherapiepraxis.online-essentials.be:80
[http] www.leonardocrespi.com.cdn.online-essentials.be:80
[http] www.lgv30.online-essentials.be:80
[http] www.lisca.online-essentials.be:80
[http] www.madihaiqbalevents.online-essentials.be:80
[http] www.maes-naaimachines.online-essentials.be:80
[http] www.mahamayaexcellency.com.cdn.online-essentials.be:80
[http] www.mail-cardoconstruct.online-essentials.be:80
[http] www.manage.addon-renovaties.online-essentials.be:80
[http] www.managestarbooks.online-essentials.be:80
[http] www.manometry.online-essentials.be:80
[http] www.markisen.online-essentials.be:80
[http] www.matratzenaufmass.ch.cdn.online-essentials.be:80
[http] www.mentarigroup.net.cdn.online-essentials.be:80
[http] www.mietek.online-essentials.be:80
[http] www.migration2.online-essentials.be:80
[http] www.mistercertifiedinfo.online-essentials.be:80
[http] www.mops.scm.online-essentials.be:80
[http] www.mxs-starbooks.online-essentials.be:80
[http] www.mydddesktop.online-essentials.be:80
[http] www.myipadgames.online-essentials.be:80
[http] www.nanakamado.online-essentials.be:80
[http] www.nb.fredericton.online-essentials.be:80
[http] www.neutroc0d3-com-ar.online-essentials.be:80
[http] www.newmagento.online-essentials.be:80
[http] www.nicodeco.online-essentials.be:80
[http] www.noticiaviral.online-essentials.be:80
[http] www.nycgw.online-essentials.be:80
[http] www.online-essentials.be:80
[http] www.onlinehealthconnection.connectionhealth.online-essentials.be:80
[http] www.on-stage-apac.online-essentials.be:80
[http] www.on-stage-expertise.online-essentials.be:80
[http] www.optikatanja.online-essentials.be:80
[http] www.ourlyfestyle.com.cdn.online-essentials.be:80
[http] www.out4.online-essentials.be:80
[http] www.pantheon-verhuringenlinda.online-essentials.be:80
[http] www.passport-xrds-bravo-ny.online-essentials.be:80
[http] www.phsearch.online-essentials.be:80
[http] www.pirate101.online-essentials.be:80
[http] www.playbackenterprise.co.uk.cdn.online-essentials.be:80
[http] www.plomsone.com.cdn.online-essentials.be:80
[http] www.polbudrol.online-essentials.be:80
[http] www.pomoctomoc.online-essentials.be:80
[http] www.prendre-la-parole-communication-verbale-orale.online-essentials.be:80
[http] www.productions-cardoconstruct.online-essentials.be:80
[http] www.puurlandelijk.online-essentials.be:80
[http] www.puurlandelijk.vip.online-essentials.be:80
[http] www.raq-at-sl.online-essentials.be:80
[http] www.raspberryketones.online-essentials.be:80
[http] www.realwushu.online-essentials.be:80
[http] www.reikimusic.online-essentials.be:80
[http] www.rescue3.online-essentials.be:80
[http] www.reservas.scm.online-essentials.be:80
[http] www.rickdoetdingen.online-essentials.be:80
[http] www.rivar.online-essentials.be:80
[http] www.sbtindia.online-essentials.be:80
[http] www.senateursbta.online-essentials.be:80
[http] www.shlaw.asana.online-essentials.be:80
[http] www.shlawmta.online-essentials.be:80
[http] www.shlaw.online-essentials.be:80
[http] www.shnas.online-essentials.be:80
[http] www.shooka202.online-essentials.be:80
[http] www.singaporeairlines.online-essentials.be:80
[http] www.smsmaja.com.cdn.online-essentials.be:80
[http] www.sohho.online-essentials.be:80
[http] www.spacey.online-essentials.be:80
[http] www.spicevan.com.cdn.online-essentials.be:80
[http] www.spnowykosciol.online-essentials.be:80
[http] www.sslaccess.online-essentials.be:80
[http] www.staging.oncomd.online-essentials.be:80
[http] www.stampa3d.online-essentials.be:80
[http] www.starbooks-documentation.online-essentials.be:80
[http] www.starbooks.online-essentials.be:80
[http] www.stjohn-lcms.online-essentials.be:80
[http] www.sunbelt.preview.devsrvr.online-essentials.be:80
[http] www.surveys.psychol.online-essentials.be:80
[http] www.sydneylightrail.transport.online-essentials.be:80
[http] www.tanoda.online-essentials.be:80
[http] www.thaivariety.online-essentials.be:80
[http] www.thecmc.online-essentials.be:80
[http] www.tjjh.online-essentials.be:80
[http] www.topnotchfakeids.com.cdn.online-essentials.be:80
[http] www.towncountry.online-essentials.be:80
[http] www.troublecreative.online-essentials.be:80
[http] www.ts-50.online-essentials.be:80
[http] www.tube-xxx.online-essentials.be:80
[http] www.tupaja.online-essentials.be:80
[http] www.tupaja-uat.online-essentials.be:80
[http] www.u1285.online-essentials.be:80
[http] www.udmedia.online-essentials.be:80
[http] www.ughost.net.cdn.online-essentials.be:80
[http] www.unisign.online-essentials.be:80
[http] www.upstorepremium.online-essentials.be:80
[http] www.v2.hettrekpaard.online-essentials.be:80
[http] www.verhuringenlinda.online-essentials.be:80
[http] www.verhuringenlinda.uat.online-essentials.be:80
[http] www.videosxxxincestos.online-essentials.be:80
[http] www.vieharzt.online-essentials.be:80
[http] www.vmi18336.online-essentials.be:80
[http] www.vps137816.online-essentials.be:80
[http] www.vps608.online-essentials.be:80
[http] www.wap.claro-ni.st.ni.pmovil.net.online-essentials.be:80
[http] www.weathertypography.online-essentials.be:80
[http] www.websitereports.dj-tronics.online-essentials.be:80
[http] www.we.host.online-essentials.be:80
[http] www.woodies.online-essentials.be:80
[http] www.yarnbee.online-essentials.be:80
[http] www.ykladka.online-essentials.be:80
[http] www.yourfinancialadvisor.online-essentials.be:80
[http] www.yq7v6jb.tw.cdn.online-essentials.be:80
[http] www.zenluxuryliving.com.cdn.online-essentials.be:80
[http] www.zmbs.wpsnz.online-essentials.be:80
[http] xmpp.mam-hipchat.online-essentials.be:80
[http] yvp.yvpypyvp.yvpyp.online-essentials.be:80
[http] zimbra.online-essentials.be:80
[http] zmail.online-essentials.be:80
