[http] api.ottokasino.com:80
[http] api-qa1.ottokasino.com:80
[http] api-si1.ottokasino.com:80
[http] eum.ottokasino.com:80
[http] evolivecasino.ottokasino.com:80
[http] link.email.ottokasino.com:80
[http] ottokasino.com:80
[http] payment.ottokasino.com:80
[https] api.ottokasino.com:443
[https] api-qa1.ottokasino.com:443
[https] api-si1.ottokasino.com:443
[https] eum.ottokasino.com:443
[https] evolivecasino.ottokasino.com:443
[https] link.email.ottokasino.com:443
[https] ottokasino.com:443
[https] payment.ottokasino.com:443
[https] welcome.ottokasino.com:443
[https] www.ottokasino.com:443
[https] www-qa1.ottokasino.com:443
[https] www-si1.ottokasino.com:443
[https] xns.ottokasino.com:443
[https] xns-qa1.ottokasino.com:443
[https] xns-si1.ottokasino.com:443
[http] welcome.ottokasino.com:80
[http] www.ottokasino.com:80
[http] www-qa1.ottokasino.com:80
[http] www-si1.ottokasino.com:80
[http] xns.ottokasino.com:80
[http] xns-qa1.ottokasino.com:80
[http] xns-si1.ottokasino.com:80
