[bgmp] arkle.ext.paddypower.com:264
[bgp] ukfirewalladmin.paddypower.com:179
[cddbp-alt] fantasy.paddypower.com:8880
[cddbp-alt] osg.paddypower.com:8880
[cddbp-alt] paddypower.com:8880
[clearvisn] blog.paddypower.com:2052
[clearvisn] news.paddypower.com:2052
[eli] blog.paddypower.com:2087
[eli] fantasy.paddypower.com:2087
[eli] news.paddypower.com:2087
[eli] osg.paddypower.com:2087
[eli] paddypower.com:2087
[EtherNetIP-1] blog.paddypower.com:2222
[EtherNetIP-1] news.paddypower.com:2222
[gnunet] blog.paddypower.com:2086
[gnunet] fantasy.paddypower.com:2086
[gnunet] news.paddypower.com:2086
[gnunet] osg.paddypower.com:2086
[gnunet] paddypower.com:2086
[http] account-messaging.paddypower.com:80
[http] amspp.paddypower.com:80
[http] android-download.paddypower.com:80
[http] apa.paddypower.com:80
[http] apapp.paddypower.com:80
[http] apismsios.paddypower.com:80
[http] arkle.ext.paddypower.com:80
[http] assets.lb.paddypower.com:80
[http] assets.paddypower.com:80
[http] beatthedrop.paddypower.com:80
[http] beatthekeeper.paddypower.com:80
[http] bet-calculator.paddypower.com:80
[http] betcalculator.paddypower.com:80
[http] bgf.paddypower.com:80
[http] bgi.lb.paddypower.com:80
[http] bgi.paddypower.com:80
[http] bingo.paddypower.com:80
[http] blog.paddypower.com:80
[http] bts.lb.paddypower.com:80
[http] bts.paddypower.com:80
[http] bvp.paddypower.com:80
[http] cache.download.banner.livecasino.paddypower.com:80
[http] cbs.paddypower.com:80
[http] clientmetrics.paddypower.com:80
[http] clientmetricstst.paddypower.com:80
[http] cro.paddypower.com:80
[http] design.paddypower.com:80
[http] dialin.paddypower.com:80
[http] fantasy.paddypower.com:80
[http] fcq.lb.paddypower.com:80
[http] fcq.paddypower.com:80
[http] frc.lb.paddypower.com:80
[http] frc.paddypower.com:80
[http] games.paddypower.com:80
[http] gap.lb.paddypower.com:80
[http] gap.paddypower.com:80
[http] gfe.lb.paddypower.com:80
[http] gfe.paddypower.com:80
[http] gfs.paddypower.com:80
[http] gmd.paddypower.com:80
[http] gmw.paddypower.com:80
[http] gwb.lb.paddypower.com:80
[http] gwb.paddypower.com:80
[http] helpcenter.paddypower.com:80
[http] hitthespot.paddypower.com:80
[http] hlppp.lb.paddypower.com:80
[http] identitysso.lb.paddypower.com:80
[http] identitysso.paddypower.com:80
[http] ie1-assets.paddypower.com:80
[http] ie1-bgi.paddypower.com:80
[http] ie1-bts.paddypower.com:80
[http] ie1-fcq.paddypower.com:80
[http] ie1-frc.paddypower.com:80
[http] ie1-gap.paddypower.com:80
[http] ie1-gfe.paddypower.com:80
[http] ie1-gwb.paddypower.com:80
[http] ie1-hlppp.paddypower.com:80
[http] ie1-identitysso.paddypower.com:80
[http] ie1-ips.paddypower.com:80
[http] ie1-maintenance.paddypower.com:80
[http] ie1-mgw.paddypower.com:80
[http] ie1-myaccount.paddypower.com:80
[http] ie1-myactivity.paddypower.com:80
[http] ie1-myfunds.paddypower.com:80
[http] ie1-pacpp.paddypower.com:80
[http] ie1-pcmspp.paddypower.com:80
[http] ie1-promos.paddypower.com:80
[http] ie1-rdr.paddypower.com:80
[http] ie1-register.paddypower.com:80
[http] ie1-sib.paddypower.com:80
[http] ie1-smp.paddypower.com:80
[http] ie1-spb.paddypower.com:80
[http] ie1-strands.paddypower.com:80
[http] ie1-usp.paddypower.com:80
[http] ie1-vqa.paddypower.com:80
[http] ie1-was.paddypower.com:80
[http] ie1-ws.paddypower.com:80
[http] ie1-www.paddypower.com:80
[http] ie2-bgi.paddypower.com:80
[http] ie2-bts.paddypower.com:80
[http] ie2-fcq.paddypower.com:80
[http] ie2-gap.paddypower.com:80
[http] ie2-gfe.paddypower.com:80
[http] ie2-gwb.paddypower.com:80
[http] ie2-hlppp.paddypower.com:80
[http] ie2-identitysso.paddypower.com:80
[http] ie2-ips.paddypower.com:80
[http] ie2-maintenance.paddypower.com:80
[http] ie2-mgasbpp.paddypower.com:80
[http] ie2-mgw.paddypower.com:80
[http] ie2-myaccount.paddypower.com:80
[http] ie2-myactivity.paddypower.com:80
[http] ie2-myfunds.paddypower.com:80
[http] ie2-pacpp.paddypower.com:80
[http] ie2-pcmspp.paddypower.com:80
[http] ie2-promos.paddypower.com:80
[http] ie2-rdr.paddypower.com:80
[http] ie2-register.paddypower.com:80
[http] ie2-sib.paddypower.com:80
[http] ie2-smp.paddypower.com:80
[http] ie2-smsiospp.paddypower.com:80
[http] ie2-spb.paddypower.com:80
[http] ie2-strands.paddypower.com:80
[http] ie2-was.paddypower.com:80
[http] ie2-ws.paddypower.com:80
[http] ie2-www.paddypower.com:80
[http] images.paddypower.com:80
[http] ips.lb.paddypower.com:80
[http] ips.paddypower.com:80
[http] launcher.paddypower.com:80
[http] links.paddypower.com:80
[http] livecasino.paddypower.com:80
[http] locator.paddypower.com:80
[http] maintenance.lb.paddypower.com:80
[http] maintenance.paddypower.com:80
[http] mbingo.paddypower.com:80
[http] mcasino.paddypower.com:80
[http] media.paddypower.com:80
[http] meet.paddypower.com:80
[http] messaging.paddypower.com:80
[http] mga.paddypower.com:80
[http] mgasbpp.lb.paddypower.com:80
[http] mgw.lb.paddypower.com:80
[http] mgw.paddypower.com:80
[http] m.mails.paddypower.com:80
[http] mpoker.paddypower.com:80
[http] myaccount.lb.paddypower.com:80
[http] myaccount.paddypower.com:80
[http] myactivity.lb.paddypower.com:80
[http] myactivity.paddypower.com:80
[http] mycards.paddypower.com:80
[http] myfunds.lb.paddypower.com:80
[http] myfunds.paddypower.com:80
[http] mypromos.paddypower.com:80
[http] news.paddypower.com:80
[http] osg.paddypower.com:80
[http] pacpp.lb.paddypower.com:80
[http] paddypower.com:80
[http] partnerships.paddypower.com:80
[http] pcmspp.lb.paddypower.com:80
[http] pcmspp.paddypower.com:80
[http] playerhistory.paddypower.com:80
[http] playerprotection.paddypower.com:80
[http] playersclub.paddypower.com:80
[http] play.paddypower.com:80
[http] poker.paddypower.com:80
[http] promos.lb.paddypower.com:80
[http] promos.paddypower.com:80
[http] promotions.paddypower.com:80
[http-proxy] account-messaging.paddypower.com:8080
[http-proxy] amspp.paddypower.com:8080
[http-proxy] android-download.paddypower.com:8080
[http-proxy] apismsios.paddypower.com:8080
[http-proxy] assets.paddypower.com:8080
[http-proxy] bgf.paddypower.com:8080
[http-proxy] bingo.paddypower.com:8080
[http-proxy] blog.paddypower.com:8080
[http-proxy] bts.paddypower.com:8080
[http-proxy] bvp.paddypower.com:8080
[http-proxy] cbs.paddypower.com:8080
[http-proxy] clientmetrics.paddypower.com:8080
[http-proxy] clientmetricstst.paddypower.com:8080
[http-proxy] cro.paddypower.com:8080
[http-proxy] fantasy.paddypower.com:8080
[http-proxy] fcq.paddypower.com:8080
[http-proxy] frc.paddypower.com:8080
[http-proxy] games.paddypower.com:8080
[http-proxy] gfe.paddypower.com:8080
[http-proxy] gfs.paddypower.com:8080
[http-proxy] gmd.paddypower.com:8080
[http-proxy] gmw.paddypower.com:8080
[http-proxy] gwb.paddypower.com:8080
[http-proxy] helpcenter.paddypower.com:8080
[http-proxy] identitysso.paddypower.com:8080
[http-proxy] ips.paddypower.com:8080
[http-proxy] launcher.paddypower.com:8080
[http-proxy] livecasino.paddypower.com:8080
[http-proxy] locator.paddypower.com:8080
[http-proxy] maintenance.paddypower.com:8080
[http-proxy] mbingo.paddypower.com:8080
[http-proxy] mcasino.paddypower.com:8080
[http-proxy] media.paddypower.com:8080
[http-proxy] messaging.paddypower.com:8080
[http-proxy] mga.paddypower.com:8080
[http-proxy] mgw.paddypower.com:8080
[http-proxy] mpoker.paddypower.com:8080
[http-proxy] myaccount.paddypower.com:8080
[http-proxy] myactivity.paddypower.com:8080
[http-proxy] myfunds.paddypower.com:8080
[http-proxy] mypromos.paddypower.com:8080
[http-proxy] news.paddypower.com:8080
[http-proxy] osg.paddypower.com:8080
[http-proxy] paddypower.com:8080
[http-proxy] partnerships.paddypower.com:8080
[http-proxy] pcmspp.paddypower.com:8080
[http-proxy] playerhistory.paddypower.com:8080
[http-proxy] playerprotection.paddypower.com:8080
[http-proxy] playersclub.paddypower.com:8080
[http-proxy] play.paddypower.com:8080
[http-proxy] poker.paddypower.com:8080
[http-proxy] promos.paddypower.com:8080
[http-proxy] promotions.paddypower.com:8080
[http-proxy] push-subscription.paddypower.com:8080
[http-proxy] register.paddypower.com:8080
[http-proxy] regstat.paddypower.com:8080
[http-proxy] sco.paddypower.com:8080
[http-proxy] ser.paddypower.com:8080
[http-proxy] shl.paddypower.com:8080
[http-proxy] sib.paddypower.com:8080
[http-proxy] smp.paddypower.com:8080
[http-proxy] spb.paddypower.com:8080
[http-proxy] splash.paddypower.com:8080
[http-proxy] sportsbook-api.paddypower.com:8080
[http-proxy] sportsgaming.paddypower.com:8080
[http-proxy] ssc.paddypower.com:8080
[http-proxy] strands.paddypower.com:8080
[http-proxy] upload.paddypower.com:8080
[http-proxy] usp.paddypower.com:8080
[http-proxy] vegas.paddypower.com:8080
[http-proxy] vqa.paddypower.com:8080
[http-proxy] vra.paddypower.com:8080
[http-proxy] was.paddypower.com:8080
[http-proxy] ws.paddypower.com:8080
[http-proxy] www.paddypower.com:8080
[http] push-subscription.paddypower.com:80
[http] rdr.lb.paddypower.com:80
[http] rdr.paddypower.com:80
[http] redirect.paddypower.com:80
[http] register.lb.paddypower.com:80
[http] register.paddypower.com:80
[http] regstat.paddypower.com:80
[http] rgi.paddypower.com:80
[http] rt1-m.auto.paddypower.com:80
[http] rt1-t.auto.paddypower.com:80
[http] rt2-m.auto.paddypower.com:80
[http] rt2-t.auto.paddypower.com:80
[http] rt3-m.auto.paddypower.com:80
[http] rt3-t.auto.paddypower.com:80
[http] rt4-m.auto.paddypower.com:80
[http] rt4-t.auto.paddypower.com:80
[http] rt5-m.auto.paddypower.com:80
[http] rt5-t.auto.paddypower.com:80
[http] rt6-m.auto.paddypower.com:80
[http] rt6-t.auto.paddypower.com:80
[https] account-messaging.paddypower.com:443
[https-alt] account-messaging.paddypower.com:8443
[https-alt] amspp.paddypower.com:8443
[https-alt] android-download.paddypower.com:8443
[https-alt] apismsios.paddypower.com:8443
[https-alt] assets.paddypower.com:8443
[https-alt] bgf.paddypower.com:8443
[https-alt] bgi.paddypower.com:8443
[https-alt] bingo.paddypower.com:8443
[https-alt] blog.paddypower.com:8443
[https-alt] bts.paddypower.com:8443
[https-alt] bvp.paddypower.com:8443
[https-alt] cbs.paddypower.com:8443
[https-alt] clientmetrics.paddypower.com:8443
[https-alt] clientmetricstst.paddypower.com:8443
[https-alt] cro.paddypower.com:8443
[https-alt] fantasy.paddypower.com:8443
[https-alt] fcq.paddypower.com:8443
[https-alt] frc.paddypower.com:8443
[https-alt] games.paddypower.com:8443
[https-alt] gfe.paddypower.com:8443
[https-alt] gfs.paddypower.com:8443
[https-alt] gmd.paddypower.com:8443
[https-alt] gmw.paddypower.com:8443
[https-alt] gwb.paddypower.com:8443
[https-alt] helpcenter.paddypower.com:8443
[https-alt] identitysso.paddypower.com:8443
[https-alt] ips.paddypower.com:8443
[https-alt] launcher.paddypower.com:8443
[https-alt] livecasino.paddypower.com:8443
[https-alt] locator.paddypower.com:8443
[https-alt] maintenance.paddypower.com:8443
[https-alt] mbingo.paddypower.com:8443
[https-alt] mcasino.paddypower.com:8443
[https-alt] media.paddypower.com:8443
[https-alt] messaging.paddypower.com:8443
[https-alt] mga.paddypower.com:8443
[https-alt] mgw.paddypower.com:8443
[https-alt] mpoker.paddypower.com:8443
[https-alt] myaccount.paddypower.com:8443
[https-alt] myactivity.paddypower.com:8443
[https-alt] myfunds.paddypower.com:8443
[https-alt] mypromos.paddypower.com:8443
[https-alt] news.paddypower.com:8443
[https-alt] osg.paddypower.com:8443
[https-alt] paddypower.com:8443
[https-alt] partnerships.paddypower.com:8443
[https-alt] pcmspp.paddypower.com:8443
[https-alt] playerhistory.paddypower.com:8443
[https-alt] playerprotection.paddypower.com:8443
[https-alt] playersclub.paddypower.com:8443
[https-alt] play.paddypower.com:8443
[https-alt] poker.paddypower.com:8443
[https-alt] promos.paddypower.com:8443
[https-alt] promotions.paddypower.com:8443
[https-alt] push-subscription.paddypower.com:8443
[https-alt] register.paddypower.com:8443
[https-alt] sco.paddypower.com:8443
[https-alt] ser.paddypower.com:8443
[https-alt] shl.paddypower.com:8443
[https-alt] sib.paddypower.com:8443
[https-alt] smp.paddypower.com:8443
[https-alt] spb.paddypower.com:8443
[https-alt] splash.paddypower.com:8443
[https-alt] sportsbook-api.paddypower.com:8443
[https-alt] sportsgaming.paddypower.com:8443
[https-alt] ssc.paddypower.com:8443
[https-alt] strands.paddypower.com:8443
[https-alt] upload.paddypower.com:8443
[https-alt] usp.paddypower.com:8443
[https-alt] vegas.paddypower.com:8443
[https-alt] vqa.paddypower.com:8443
[https-alt] vra.paddypower.com:8443
[https-alt] was.paddypower.com:8443
[https-alt] ws.paddypower.com:8443
[https-alt] www.paddypower.com:8443
[https] amspp.paddypower.com:443
[https] android-download.paddypower.com:443
[https] apa.paddypower.com:443
[https] apapp.paddypower.com:443
[https] apismsios.paddypower.com:443
[https] arkle.ext.paddypower.com:443
[https] as.ext.paddypower.com:443
[https] as.paddypower.com:443
[https] assets.lb.paddypower.com:443
[https] assets.paddypower.com:443
[https] beatthedrop.paddypower.com:443
[https] beatthekeeper.paddypower.com:443
[https] bet-calculator.paddypower.com:443
[https] betcalculator.paddypower.com:443
[https] bgf.paddypower.com:443
[https] bgi.lb.paddypower.com:443
[https] bgi.paddypower.com:443
[https] bingo.paddypower.com:443
[https] blog.paddypower.com:443
[https] bts.lb.paddypower.com:443
[https] bts.paddypower.com:443
[https] bvp.paddypower.com:443
[https] cache.download.banner.livecasino.paddypower.com:443
[https] cbs.paddypower.com:443
[https] ccc.paddypower.com:443
[https] clientmetrics.paddypower.com:443
[https] clientmetricstst.paddypower.com:443
[http] sco.paddypower.com:80
[https] cro.paddypower.com:443
[https] design.paddypower.com:443
[https] dialin.paddypower.com:443
[http] ser.paddypower.com:80
[https] fantasy.paddypower.com:443
[https] fcq.lb.paddypower.com:443
[https] fcq.paddypower.com:443
[https] frc.lb.paddypower.com:443
[https] frc.paddypower.com:443
[https] games.paddypower.com:443
[https] gap.lb.paddypower.com:443
[https] gap.paddypower.com:443
[https] gfe.lb.paddypower.com:443
[https] gfe.paddypower.com:443
[https] gfs.paddypower.com:443
[https] gmd.paddypower.com:443
[https] gmw.paddypower.com:443
[https] gwb.lb.paddypower.com:443
[https] gwb.paddypower.com:443
[https] helpcenter.paddypower.com:443
[https] hitthespot.paddypower.com:443
[http] shl.paddypower.com:80
[https] hlppp.lb.paddypower.com:443
[http] sib.lb.paddypower.com:80
[http] sib.paddypower.com:80
[https] identitysso.lb.paddypower.com:443
[https] identitysso.paddypower.com:443
[https] ie1-assets.paddypower.com:443
[https] ie1-bgi.paddypower.com:443
[https] ie1-bts.paddypower.com:443
[https] ie1-fcq.paddypower.com:443
[https] ie1-frc.paddypower.com:443
[https] ie1-gap.paddypower.com:443
[https] ie1-gfe.paddypower.com:443
[https] ie1-gwb.paddypower.com:443
[https] ie1-hlppp.paddypower.com:443
[https] ie1-identitysso.paddypower.com:443
[https] ie1-ips.paddypower.com:443
[https] ie1-maintenance.paddypower.com:443
[https] ie1-mgw.paddypower.com:443
[https] ie1-myaccount.paddypower.com:443
[https] ie1-myactivity.paddypower.com:443
[https] ie1-myfunds.paddypower.com:443
[https] ie1-pacpp.paddypower.com:443
[https] ie1-pcmspp.paddypower.com:443
[https] ie1-promos.paddypower.com:443
[https] ie1-rdr.paddypower.com:443
[https] ie1-register.paddypower.com:443
[https] ie1-sib.paddypower.com:443
[https] ie1-smp.paddypower.com:443
[https] ie1-spb.paddypower.com:443
[https] ie1-ssc.paddypower.com:443
[https] ie1-strands.paddypower.com:443
[https] ie1-usp.paddypower.com:443
[https] ie1-vqa.paddypower.com:443
[https] ie1-was.paddypower.com:443
[https] ie1-ws.paddypower.com:443
[https] ie1-www.paddypower.com:443
[https] ie2-bgi.paddypower.com:443
[https] ie2-bts.paddypower.com:443
[https] ie2-fcq.paddypower.com:443
[https] ie2-gap.paddypower.com:443
[https] ie2-gfe.paddypower.com:443
[https] ie2-gwb.paddypower.com:443
[https] ie2-hlppp.paddypower.com:443
[https] ie2-identitysso.paddypower.com:443
[https] ie2-ips.paddypower.com:443
[https] ie2-maintenance.paddypower.com:443
[https] ie2-mgasbpp.paddypower.com:443
[https] ie2-mgw.paddypower.com:443
[https] ie2-myaccount.paddypower.com:443
[https] ie2-myactivity.paddypower.com:443
[https] ie2-myfunds.paddypower.com:443
[https] ie2-pacpp.paddypower.com:443
[https] ie2-pcmspp.paddypower.com:443
[https] ie2-promos.paddypower.com:443
[https] ie2-rdr.paddypower.com:443
[https] ie2-register.paddypower.com:443
[https] ie2-sib.paddypower.com:443
[https] ie2-smp.paddypower.com:443
[https] ie2-smsiospp.paddypower.com:443
[https] ie2-spb.paddypower.com:443
[https] ie2-strands.paddypower.com:443
[https] ie2-was.paddypower.com:443
[https] ie2-ws.paddypower.com:443
[https] ie2-www.paddypower.com:443
[https] images.paddypower.com:443
[https] ips.lb.paddypower.com:443
[https] ips.paddypower.com:443
[https] launcher.paddypower.com:443
[https] links.paddypower.com:443
[https] livecasino.paddypower.com:443
[https] locator.paddypower.com:443
[https] maintenance.lb.paddypower.com:443
[https] maintenance.paddypower.com:443
[https] mbingo.paddypower.com:443
[https] mcasino.paddypower.com:443
[https] media.paddypower.com:443
[https] meet.paddypower.com:443
[https] messaging.paddypower.com:443
[https] mga.paddypower.com:443
[https] mgasbpp.lb.paddypower.com:443
[https] mgw.lb.paddypower.com:443
[https] mgw.paddypower.com:443
[https] m.mails.paddypower.com:443
[http] smp.lb.paddypower.com:80
[https] mpoker.paddypower.com:443
[http] smp.paddypower.com:80
[http] smsiospp.lb.paddypower.com:80
[https] myaccount.lb.paddypower.com:443
[https] myaccount.paddypower.com:443
[https] myactivity.lb.paddypower.com:443
[https] myactivity.paddypower.com:443
[https] mycards.paddypower.com:443
[https] myfunds.lb.paddypower.com:443
[https] myfunds.paddypower.com:443
[https] mypromos.paddypower.com:443
[https] news.paddypower.com:443
[https] osg.paddypower.com:443
[https] pacpp.lb.paddypower.com:443
[https] paddypower.com:443
[https] partnerships.paddypower.com:443
[http] spb.lb.paddypower.com:80
[http] spb.paddypower.com:80
[https] pcmspp.lb.paddypower.com:443
[https] pcmspp.paddypower.com:443
[http] splash.paddypower.com:80
[https] playerhistory.paddypower.com:443
[https] playerprotection.paddypower.com:443
[https] playersclub.paddypower.com:443
[https] play.paddypower.com:443
[https] poker.paddypower.com:443
[http] sportsbook-api.paddypower.com:80
[http] sportsgaming.paddypower.com:80
[https] promos.lb.paddypower.com:443
[https] promos.paddypower.com:443
[https] promotions.paddypower.com:443
[https] push-subscription.paddypower.com:443
[https] rdr.lb.paddypower.com:443
[https] rdr.paddypower.com:443
[https] redirect.paddypower.com:443
[https] register.lb.paddypower.com:443
[https] register.paddypower.com:443
[https] regstat.paddypower.com:443
[https] retailpartner.paddypower.com:443
[https] rgi.paddypower.com:443
[https] rt1-m.auto.paddypower.com:443
[https] rt1-t.auto.paddypower.com:443
[https] rt2-m.auto.paddypower.com:443
[https] rt2-t.auto.paddypower.com:443
[https] rt3-m.auto.paddypower.com:443
[https] rt3-t.auto.paddypower.com:443
[https] rt4-m.auto.paddypower.com:443
[https] rt4-t.auto.paddypower.com:443
[https] rt5-m.auto.paddypower.com:443
[https] rt5-t.auto.paddypower.com:443
[https] rt6-m.auto.paddypower.com:443
[https] rt6-t.auto.paddypower.com:443
[https] sco.paddypower.com:443
[http] ssc.paddypower.com:80
[https] ser.paddypower.com:443
[https] shl.paddypower.com:443
[https] sib.lb.paddypower.com:443
[https] sib.paddypower.com:443
[https] smp.lb.paddypower.com:443
[https] smp.paddypower.com:443
[https] smsiospp.lb.paddypower.com:443
[https] spb.lb.paddypower.com:443
[https] spb.paddypower.com:443
[https] splash.paddypower.com:443
[https] sportsbook-api.paddypower.com:443
[https] sportsgaming.paddypower.com:443
[https] ssc.lb.paddypower.com:443
[https] ssc.paddypower.com:443
[https] strands.lb.paddypower.com:443
[https] strands.paddypower.com:443
[https] support.paddypower.com:443
[https] t.mails.paddypower.com:443
[http] strands.lb.paddypower.com:80
[http] strands.paddypower.com:80
[https] upload.paddypower.com:443
[http] support.paddypower.com:80
[https] usp.paddypower.com:443
[https] vegas.paddypower.com:443
[https] vqa.lb.paddypower.com:443
[https] vqa.paddypower.com:443
[https] vra.paddypower.com:443
[https] was.lb.paddypower.com:443
[https] was.paddypower.com:443
[https] web.emails.paddypower.com:443
[https] wmspp.lb.paddypower.com:443
[https] ws.lb.paddypower.com:443
[https] ws.paddypower.com:443
[https] www.paddypower.com:443
[http] t.mails.paddypower.com:80
[http] upload.paddypower.com:80
[http] usp.paddypower.com:80
[http] vegas.paddypower.com:80
[http] vqa.lb.paddypower.com:80
[http] vqa.paddypower.com:80
[http] vra.paddypower.com:80
[http] was.lb.paddypower.com:80
[http] was.paddypower.com:80
[http] web.emails.paddypower.com:80
[http] wmspp.lb.paddypower.com:80
[http] ws.lb.paddypower.com:80
[http] ws.paddypower.com:80
[http] www.paddypower.com:80
[infowave] fantasy.paddypower.com:2082
[infowave] osg.paddypower.com:2082
[infowave] paddypower.com:2082
[isakmp] arkle.ext.paddypower.com:500
[nbx-ser] osg.paddypower.com:2095
[radsec] blog.paddypower.com:2083
[radsec] fantasy.paddypower.com:2083
[radsec] news.paddypower.com:2083
[radsec] osg.paddypower.com:2083
[radsec] paddypower.com:2083
[smtp] mails.paddypower.com:25
