[http] pancakeswap.finance:80
[http] perp.pancakeswap.finance:80
[http] perp-static.pancakeswap.finance:80
[http-proxy] docs.pancakeswap.finance:8080
[http-proxy] v2litepaper-es.pancakeswap.finance:8080
[http-proxy] v2litepaper.pancakeswap.finance:8080
[https] docs.pancakeswap.finance:443
[https] exchange.pancakeswap.finance:443
[https] hiccup.pancakeswap.finance:443
[https] pancakeswap.finance:443
[https] perp-fstream.pancakeswap.finance:443
[https] splash.pancakeswap.finance:443
[https] tokens.pancakeswap.finance:443
[https] v1exchange.pancakeswap.finance:443
[https] v1-farms.pancakeswap.finance:443
[https] v2litepaper-es.pancakeswap.finance:443
[https] v2litepaper.pancakeswap.finance:443
[https] voting.pancakeswap.finance:443
[https] www.pancakeswap.finance:443
[http] v1-farms.pancakeswap.finance:80
[http] www.pancakeswap.finance:80
