[http] acc.meer.parool.nl:80
[http] actie.parool.nl:80
[http] caps-acc.parool.nl:80
[http] e.email.parool.nl:80
[http] ims.parool.nl:80
[http] meer.parool.nl:80
[http] nieuws.parool.nl:80
[http] pmail.parool.nl:80
[http] puzzels.parool.nl:80
[https] acc.meer.parool.nl:443
[https] actie.parool.nl:443
[https] caps-acc.parool.nl:443
[http] secure-acc.parool.nl:80
[https] e.email.parool.nl:443
[https] ims.parool.nl:443
[https] meer.parool.nl:443
[https] nieuws.parool.nl:443
[https] pmail.parool.nl:443
[https] puzzels.parool.nl:443
[https] secure-acc.parool.nl:443
[https] story.parool.nl:443
[http] story.parool.nl:80
[https] t.parool.nl:443
[https] video.parool.nl:443
[https] web.parool.nl:443
[https] webwinkel.parool.nl:443
[https] wedstrijd.parool.nl:443
[http] t.parool.nl:80
[http] video.parool.nl:80
[http] web.parool.nl:80
[http] webwinkel.parool.nl:80
[http] wedstrijd.parool.nl:80
[smtp] pmail.parool.nl:25
