[domain] ns-l.paypalcorp.com:53
[domain] ns-p.paypalcorp.com:53
[http] autodiscover.mailout.paypalcorp.com:80
[http] autodiscover.paypalcorp.com:80
[http] bridgeazure.paypalcorp.com:80
[http] camel.paypalcorp.com:80
[http] lyncdiscover.devlab.paypalcorp.com:80
[http] msoid.paypalcorp.com:80
[http] nova-ams.paypalcorp.com:80
[http] nova-apac.g.paypalcorp.com:80
[http] nova-ash.g.paypalcorp.com:80
[http] nova-ash.paypalcorp.com:80
[http] nova-den.paypalcorp.com:80
[http] nova-dev.paypalcorp.com:80
[http] nova-dub.paypalcorp.com:80
[http] nova-emea.g.paypalcorp.com:80
[http] nova-fra.paypalcorp.com:80
[http] nova.g.paypalcorp.com:80
[http] nova-lab.paypalcorp.com:80
[http] nova-lvs.paypalcorp.com:80
[http] nova-maa.paypalcorp.com:80
[http] nova.paypalcorp.com:80
[http] nova-phx.paypalcorp.com:80
[http] nova-pvg.g.paypalcorp.com:80
[http] nova-pvg.paypalcorp.com:80
[http] nova-sin.g.paypalcorp.com:80
[http] nova-sin.paypalcorp.com:80
[http] nova-test.paypalcorp.com:80
[http] paypaltom.paypalcorp.com:80
[http] safetyhub.paypalcorp.com:80
[https-alt] awsegdev.paypalcorp.com:8443
[https-alt] casper.paypalcorp.com:8443
[https-alt] igelv1-lab.paypalcorp.com:8443
[https-alt] igelv3.paypalcorp.com:8443
[https-alt] igelv4.paypalcorp.com:8443
[https] api-gateway-qa.paypalcorp.com:443
[https] attendance-dev.paypalcorp.com:443
[https] attendance.paypalcorp.com:443
[https] awseg.paypalcorp.com:443
[https] azure-eu-hdx.paypalcorp.com:443
[https] azure-eu-ogr.paypalcorp.com:443
[https] bom.paypalcorp.com:443
[https] bridgeazure.paypalcorp.com:443
[https] bridgedmz.paypalcorp.com:443
[https] bridgedmz.qa.paypalcorp.com:443
[https] bridge.paypalcorp.com:443
[https] bridgeqa.paypalcorp.com:443
[https] camel.paypalcorp.com:443
[https] concur.paypalcorp.com:443
[https] corp-integration.paypalcorp.com:443
[https] corp-integration-qa.paypalcorp.com:443
[https] cosmos.paypalcorp.com:443
[https] cwt.paypalcorp.com:443
[https] den-int-gslb.paypalcorp.com:443
[https] dub-ctx.paypalcorp.com:443
[https] dub-hdx.paypalcorp.com:443
[https] dub-ogr.paypalcorp.com:443
[https] elk.ppdg.paypalcorp.com:443
[https] esign.paypalcorp.com:443
[https] fin-integration.paypalcorp.com:443
[https] fin-integration-qa.paypalcorp.com:443
[https] fra-ctx.paypalcorp.com:443
[https] fra-hdx.paypalcorp.com:443
[https] fra-ogr.paypalcorp.com:443
[https] ipro-addservices.paypalcorp.com:443
[https] ipro-addservices-stage.paypalcorp.com:443
[https] ipro-addweb.paypalcorp.com:443
[https] ipro-addweb-stage.paypalcorp.com:443
[https] ipro-eclipse.paypalcorp.com:443
[https] ipro-eclipse-stage.paypalcorp.com:443
[https] ipro-eu-addservices.paypalcorp.com:443
[https] ipro-eu-addweb.paypalcorp.com:443
[https] ipro-eu-eclipse.paypalcorp.com:443
[https] itsmdev-dmz.paypalcorp.com:443
[https] itsm-dmz.paypalcorp.com:443
[https] itsmqa-dmz.paypalcorp.com:443
[https] lvs-ctx.paypalcorp.com:443
[https] lvs-hdx-lab.paypalcorp.com:443
[https] lvs-hdx.paypalcorp.com:443
[https] lvs-ogr.paypalcorp.com:443
[https] lyncdiscover.devlab.paypalcorp.com:443
[https] msoid.paypalcorp.com:443
[https] na-aads.paypalcorp.com:443
[https] nova-ams.paypalcorp.com:443
[https] nova-apac.g.paypalcorp.com:443
[https] nova-ash.g.paypalcorp.com:443
[https] nova-ash.paypalcorp.com:443
[https] nova-den.paypalcorp.com:443
[https] nova-dev.paypalcorp.com:443
[https] nova-dub.paypalcorp.com:443
[https] nova-emea.g.paypalcorp.com:443
[https] nova-fra.paypalcorp.com:443
[https] nova.g.paypalcorp.com:443
[https] nova-lab.paypalcorp.com:443
[https] nova-lvs.paypalcorp.com:443
[https] nova-maa.paypalcorp.com:443
[https] nova.paypalcorp.com:443
[https] nova-phx.paypalcorp.com:443
[https] nova-pvg.g.paypalcorp.com:443
[https] nova-pvg.paypalcorp.com:443
[https] nova-sin.g.paypalcorp.com:443
[https] nova-sin.paypalcorp.com:443
[https] nova-test.paypalcorp.com:443
[https] paycheck.paypalcorp.com:443
[https] paypaltom.paypalcorp.com:443
[https] payroll.paypalcorp.com:443
[https] payslipseu.paypalcorp.com:443
[https] phx-ctx.paypalcorp.com:443
[https] phx-hdx.paypalcorp.com:443
[https] phx-ogr.paypalcorp.com:443
[https] politemaildr.paypalcorp.com:443
[https] politemail.paypalcorp.com:443
[https] safetyhub.paypalcorp.com:443
[https] sin-ctx.paypalcorp.com:443
[https] sin-hdx.paypalcorp.com:443
[https] Sin-hdx.paypalcorp.com:443
[https] sin-ogr.paypalcorp.com:443
[https] slp.paypalcorp.com:443
[https] srmportal.paypalcorp.com:443
[https] ssoapps.paypalcorp.com:443
[https] ssocorpapps.paypalcorp.com:443
[https] sso.paypalcorp.com:443
[https] ssoqa.g.paypalcorp.com:443
[https] ssoqa.paypalcorp.com:443
[https] ssov2.g.paypalcorp.com:443
[https] ssov2.paypalcorp.com:443
[https] sweeping.paypalcorp.com:443
[https] uspaycheck.paypalcorp.com:443
[https] visitor.paypalcorp.com:443
[https] webmethods.paypalcorp.com:443
[https] webmethods-qa.paypalcorp.com:443
[http] sweeping.paypalcorp.com:80
[https] ws-aaa.paypalcorp.com:443
[http] uspaycheck.paypalcorp.com:80
[sip] na-avysip.paypalcorp.com:5060
[sip-tls] na-avysip.paypalcorp.com:5061
[smtp] cloud2.paypalcorp.com:25
[smtp] cloud3.paypalcorp.com:25
[smtp] dkim2.paypalcorp.com:25
[smtp] dkim.g.paypalcorp.com:25
[smtp] dkim.paypalcorp.com:25
[smtp] lvs-ipout-01-data1.paypalcorp.com:25
[smtp] lvs-ipout-01-data2.paypalcorp.com:25
[smtp] lvs-ipout-02-data1.paypalcorp.com:25
[smtp] lvs-ipout-02-data2.paypalcorp.com:25
[smtp] lvs-ipout-03-data1.paypalcorp.com:25
[smtp] lvs-ipout-03-data2.paypalcorp.com:25
[smtp] lvs-ipout-04-data1.paypalcorp.com:25
[smtp] lvs-ipout-05-data1.paypalcorp.com:25
[smtp] mx1.paypalcorp.com:25
[smtp] mx2.paypalcorp.com:25
[smtp] mx3.paypalcorp.com:25
[smtp] mx4.paypalcorp.com:25
[smtp] phx11-cld-relay-email-1.paypalcorp.com:25
[smtp] phx11-cld-relay-email-2.paypalcorp.com:25
[smtp] phx11-inbound-email-1.paypalcorp.com:25
[smtp] phx11-inbound-email-2.paypalcorp.com:25
[smtp] phx11-ipout-01-data1.paypalcorp.com:25
[smtp] phx11-ipout-02-data1.paypalcorp.com:25
[smtp] phx11-ipout-03-data1.paypalcorp.com:25
[smtp] phx11-ipout-04-data1.paypalcorp.com:25
[smtp] phx11-ipout-05-data1.paypalcorp.com:25
[smtp] phx11-iprelay-01-data1.paypalcorp.com:25
[smtp] phx11-iprelay-01-data2.paypalcorp.com:25
[smtp] phx11-iprelay-02-data1.paypalcorp.com:25
[smtp] phx11-iprelay-02-data2.paypalcorp.com:25
[smtp] phx11-iprelay-03-data1.paypalcorp.com:25
[smtp] phx11-iprelay-03-data2.paypalcorp.com:25
[snpp] sso.paypalcorp.com:444
[snpp] ssoqa.paypalcorp.com:444
[snpp] ssov2.paypalcorp.com:444
