[eli] e.community.pexels.com:2087
[eli] l.community.pexels.com:2087
[gnunet] e.community.pexels.com:2086
[gnunet] l.community.pexels.com:2086
[http] api.pexels.com:80
[http] api-server.pexels.com:80
[http] blog.pexels.com:80
[http] cat.pexels.com:80
[http] e.community.pexels.com:80
[http] elephant.pexels.com:80
[http] email.pexels.com:80
[http] flamingo.pexels.com:80
[http] help.pexels.com:80
[http] images.pexels.com:80
[http] kibana.pexels.com:80
[http] l.community.pexels.com:80
[http] lion.pexels.com:80
[http] mantis.pexels.com:80
[http] mobius.pexels.com:80
[http] newsletter.pexels.com:80
[http] o2986.e.community.pexels.com:80
[http] platypus.pexels.com:80
[http] presets.pexels.com:80
[http-proxy] e.community.pexels.com:8080
[http-proxy] l.community.pexels.com:8080
[http] reacta.pexels.com:80
[http] reactb.pexels.com:80
[http] react.pexels.com:80
[https-alt] e.community.pexels.com:8443
[https-alt] l.community.pexels.com:8443
[https] api.pexels.com:443
[https] api-server.pexels.com:443
[https] blog.pexels.com:443
[https] cat.pexels.com:443
[https] e.community.pexels.com:443
[https] elephant.pexels.com:443
[https] email.pexels.com:443
[http] sendy.pexels.com:80
[https] flamingo.pexels.com:443
[https] help.pexels.com:443
[https] images.pexels.com:443
[https] kibana.pexels.com:443
[https] l.community.pexels.com:443
[https] lion.pexels.com:443
[https] mantis.pexels.com:443
[https] mobius.pexels.com:443
[https] newsletter.pexels.com:443
[https] o2986.e.community.pexels.com:443
[https] platypus.pexels.com:443
[https] presets.pexels.com:443
[https] reacta.pexels.com:443
[https] reactb.pexels.com:443
[https] react.pexels.com:443
[https] sendy.pexels.com:443
[https] staging.pexels.com:443
[https] static.pexels.com:443
[https] static-videos.pexels.com:443
[http] staging.pexels.com:80
[http] static.pexels.com:80
[http] static-videos.pexels.com:80
[https] www.pexels.com:443
[https] zoomapp.pexels.com:443
[http] www.pexels.com:80
[http] zoomapp.pexels.com:80
[infowave] e.community.pexels.com:2082
[infowave] l.community.pexels.com:2082
[knetd] e.community.pexels.com:2053
[knetd] l.community.pexels.com:2053
[nbx-ser] e.community.pexels.com:2095
[nbx-ser] l.community.pexels.com:2095
[radsec] e.community.pexels.com:2083
[radsec] l.community.pexels.com:2083
