[http] assets.pscp.tv:80
[http] au.pscp.tv:80
[http] br.pscp.tv:80
[http] canary-exp-video-us-east-1.pscp.tv:80
[http] canary-proxsee.pscp.tv:80
[http] canary-transcode-proxy-us-east-1.pscp.tv:80
[http] canary-transcode-us-east-1.pscp.tv:80
[http] canary-video-us-east-1.pscp.tv:80
[http] canary-web.pscp.tv:80
[http] ca.pscp.tv:80
[http] channel-thumbnails-dev.pscp.tv:80
[http] channel-thumbnails-live.pscp.tv:80
[http] dca.pscp.tv:80
[http] de.pscp.tv:80
[http] dev-assets.pscp.tv:80
[http] dev-channels-thumbnails.pscp.tv:80
[http] dev-chatman-ancillary-us-west-2.pscp.tv:80
[http] dev-embed.pscp.tv:80
[http] dev-exp-video-eu-west-1.pscp.tv:80
[http] dev-exp-video-us-west-2.pscp.tv:80
[http] dev-hlspull.pscp.tv:80
[http] dev-masks.pscp.tv:80
[http] dev-profile.pscp.tv:80
[http] dev-proxsee.pscp.tv:80
[http] dev-public-api-assets.pscp.tv:80
[http] dev-thumbnail.pscp.tv:80
[http] dev-transcode-us-west-2.pscp.tv:80
[http] dev-video-eu-west-1.pscp.tv:80
[http] dev-video-us-west-2.pscp.tv:80
[http] dev-vidman-eu-west-1.pscp.tv:80
[http] dev-vidman-us-west-2.pscp.tv:80
[http] die.pscp.tv:80
[http] embed.pscp.tv:80
[http] fr.pscp.tv:80
[http] help.pscp.tv:80
[http] hls.pscp.tv:80
[http] hlspull.pscp.tv:80
[http] ie.pscp.tv:80
[http] in.pscp.tv:80
[http] jp.pscp.tv:80
[http] kr.pscp.tv:80
[http] metrics.pscp.tv:80
[http] or.pscp.tv:80
[http] prod-assets.pscp.tv:80
[http] prod-channels-thumbnails.pscp.tv:80
[http] prod-cloudfront-tn-ap-northeast-1-replay.video.pscp.tv:80
[http] prod-cloudfront-tn-ap-southeast-1-replay.video.pscp.tv:80
[http] prod-cloudfront-tn-eu-central-1-live.video.pscp.tv:80
[http] prod-cloudfront-tn-eu-central-1-replay.video.pscp.tv:80
[http] prod-cloudfront-tn-eu-west-1-live.video.pscp.tv:80
[http] prod-cloudfront-tn-eu-west-1-replay.video.pscp.tv:80
[http] prod-cloudfront-tn-eu-west-3-live.video.pscp.tv:80
[http] prod-cloudfront-tn-eu-west-3-replay.video.pscp.tv:80
[http] prod-cloudfront-tn-sa-east-1-live.video.pscp.tv:80
[http] prod-cloudfront-tn-sa-east-1-replay.video.pscp.tv:80
[http] prod-cloudfront-tn-us-east-1-live.video.pscp.tv:80
[http] prod-cloudfront-tn-us-east-1-replay.video.pscp.tv:80
[http] prod-cloudfront-tn-us-west-1-live.video.pscp.tv:80
[http] prod-cloudfront-tn-us-west-1-replay.video.pscp.tv:80
[http] prod-cloudfront-tn-us-west-2-live.video.pscp.tv:80
[http] prod-cloudfront-tn-us-west-2-replay.video.pscp.tv:80
[http] prod-ec-ap-northeast-1.video.pscp.tv:80
[http] prod-ec-ap-northeast-2.video.pscp.tv:80
[http] prod-ec-ap-south-1.video.pscp.tv:80
[http] prod-ec-ap-southeast-1.video.pscp.tv:80
[http] prod-ec-ap-southeast-2.video.pscp.tv:80
[http] prod-ec-eu-central-1.video.pscp.tv:80
[http] prod-ec-eu-west-1.video.pscp.tv:80
[http] prod-ec-eu-west-3.video.pscp.tv:80
[http] prod-ec-sa-east-1.video.pscp.tv:80
[http] prod-ec-us-east-1.video.pscp.tv:80
[http] prod-ec-us-west-1.video.pscp.tv:80
[http] prod-ec-us-west-2.video.pscp.tv:80
[http] prod-exp-video-ap-southeast-2.pscp.tv:80
[http] prod-exp-video-eu-central-1.pscp.tv:80
[http] prod-exp-video-eu-west-1.pscp.tv:80
[http] prod-exp-video-sa-east-1.pscp.tv:80
[http] prod-exp-video-us-east-1.pscp.tv:80
[http] prod-fastly-ap-northeast-1.video.pscp.tv:80
[http] prod-fastly-ap-northeast-2.video.pscp.tv:80
[http] prod-fastly-ap-south-1.video.pscp.tv:80
[http] prod-fastly-ap-southeast-1.video.pscp.tv:80
[http] prod-fastly-ap-southeast-2.video.pscp.tv:80
[http] prod-fastly-eu-central-1.video.pscp.tv:80
[http] prod-fastly-eu-west-1.video.pscp.tv:80
[http] prod-fastly-eu-west-3.video.pscp.tv:80
[http] prod-fastly-sa-east-1.video.pscp.tv:80
[http] prod-fastly-us-east-1.video.pscp.tv:80
[http] prod-fastly-us-west-1.video.pscp.tv:80
[http] prod-fastly-us-west-2.video.pscp.tv:80
[http] prod-masks.pscp.tv:80
[http] prod-profile.pscp.tv:80
[http] prod-public-api-assets.pscp.tv:80
[http] prod-thumbnail.pscp.tv:80
[http] prod-thumbnail-small.pscp.tv:80
[http] prod-transcode-ap-northeast-2.pscp.tv:80
[http] prod-transcode-ap-south-1.pscp.tv:80
[http] prod-transcode-ap-southeast-1.pscp.tv:80
[http] prod-transcode-ap-southeast-2.pscp.tv:80
[http] prod-transcode-eu-central-1.pscp.tv:80
[http] prod-transcode-eu-west-1.pscp.tv:80
[http] prod-transcode-eu-west-3.pscp.tv:80
[http] prod-transcode-proxy-ap-south-1.pscp.tv:80
[http] prod-transcode-proxy-ap-southeast-2.pscp.tv:80
[http] prod-transcode-proxy-eu-central-1.pscp.tv:80
[http] prod-transcode-proxy-eu-west-1.pscp.tv:80
[http] prod-transcode-proxy-eu-west-3.pscp.tv:80
[http] prod-transcode-proxy-sa-east-1.pscp.tv:80
[http] prod-transcode-proxy-us-east-1.pscp.tv:80
[http] prod-transcode-sa-east-1.pscp.tv:80
[http] prod-transcode-us-east-1.pscp.tv:80
[http] prod-transcode-us-west-2.pscp.tv:80
[http] prod-video-ap-northeast-1.pscp.tv:80
[http] prod-video-ap-northeast-2.pscp.tv:80
[http] prod-video-ap-south-1.pscp.tv:80
[http] prod-video-ap-southeast-1.pscp.tv:80
[http] prod-video-ap-southeast-2.pscp.tv:80
[http] prod-video-eu-central-1.pscp.tv:80
[http] prod-video-eu-west-1.pscp.tv:80
[http] prod-video-eu-west-3.pscp.tv:80
[http] prod-video-sa-east-1.pscp.tv:80
[http] prod-video-us-east-1.pscp.tv:80
[http] prod-video-us-west-1.pscp.tv:80
[http] prod-video-us-west-2.pscp.tv:80
[http] proxsee.pscp.tv:80
[http] pscp.tv:80
[https] api.pscp.tv:443
[https] api-ws.pscp.tv:443
[https] a.pscp.tv:443
[https] assets.pscp.tv:443
[https] audit-trail.pscp.tv:443
[https] au.pscp.tv:443
[https] br.pscp.tv:443
[https] canary-channels.pscp.tv:443
[https] canary-chatman-ancillary-us-west-2.pscp.tv:443
[https] canary-exp-video-us-east-1.pscp.tv:443
[https] canary-guest.pscp.tv:443
[https] canary-proxsee.pscp.tv:443
[https] canary-safety.pscp.tv:443
[https] canary-text-classification.pscp.tv:443
[https] canary-transcode-proxy-us-east-1.pscp.tv:443
[https] canary-transcode-us-east-1.pscp.tv:443
[https] canary-video-us-east-1.pscp.tv:443
[https] canary-web.pscp.tv:443
[https] ca.pscp.tv:443
[https] channels.pscp.tv:443
[https] channel-thumbnails-dev.pscp.tv:443
[https] channel-thumbnails-live.pscp.tv:443
[https] chatman-replay-ap-northeast-1.pscp.tv:443
[https] chatman-replay-eu-central-1.pscp.tv:443
[https] chatman-replay-us-east-1.pscp.tv:443
[https] chatman-replay-us-west-2.pscp.tv:443
[https] dca.pscp.tv:443
[https] de.pscp.tv:443
[https] dev-api.pscp.tv:443
[https] dev-api-ws.pscp.tv:443
[https] dev-assets.pscp.tv:443
[https] dev-audit-trail.pscp.tv:443
[https] dev-channels-thumbnails.pscp.tv:443
[https] dev-chatman-ancillary-us-west-2.pscp.tv:443
[https] dev-chatman-replay-eu-west-1.pscp.tv:443
[https] dev-chatman-replay-us-west-2.pscp.tv:443
[https] dev-email.pscp.tv:443
[https] dev-embed.pscp.tv:443
[https] dev-exp-video-eu-west-1.pscp.tv:443
[https] dev-exp-video-us-west-2.pscp.tv:443
[https] dev-guest.pscp.tv:443
[https] dev-hlspull.pscp.tv:443
[https] dev-masks.pscp.tv:443
[https] dev-profile.pscp.tv:443
[https] dev-proxsee.pscp.tv:443
[https] dev-public-api-assets.pscp.tv:443
[https] dev-safety.pscp.tv:443
[https] dev-signer-eu-west-1.pscp.tv:443
[https] dev-signer.pscp.tv:443
[https] dev-text-classification.pscp.tv:443
[https] dev-thumbnail.pscp.tv:443
[https] dev-transcode-us-west-2.pscp.tv:443
[https] dev-turn.pscp.tv:443
[https] dev-video-eu-west-1.pscp.tv:443
[https] dev-video-us-west-2.pscp.tv:443
[https] dev-vidman-eu-west-1.pscp.tv:443
[https] dev-vidman-us-west-2.pscp.tv:443
[https] die.pscp.tv:443
[https] d.pscp.tv:443
[https] email.pscp.tv:443
[https] embed.pscp.tv:443
[https] fr.pscp.tv:443
[http] sg.pscp.tv:80
[https] guest.pscp.tv:443
[https] gw-canary-hydra-us-east-1.pscp.tv:443
[https] gw-dev-hydra-eu-west-1.pscp.tv:443
[https] gw-dev-hydra-us-west-2.pscp.tv:443
[https] gw-prod-hydra-ap-south-1.pscp.tv:443
[https] gw-prod-hydra-eu-central-1.pscp.tv:443
[https] gw-prod-hydra-eu-west-3.pscp.tv:443
[https] gw-prod-hydra-us-west-1.pscp.tv:443
[https] gw-prod-hydra-us-west-2.pscp.tv:443
[https] help.pscp.tv:443
[https] hls.pscp.tv:443
[https] hlspull.pscp.tv:443
[https] ie.pscp.tv:443
[https] in.pscp.tv:443
[https] jp.pscp.tv:443
[https] kr.pscp.tv:443
[https] notification-service.pscp.tv:443
[https] or.pscp.tv:443
[https] payman.pscp.tv:443
[https] prod-assets.pscp.tv:443
[https] prod-channels-thumbnails.pscp.tv:443
[https] prod-chatman-ancillary-ap-northeast-1.pscp.tv:443
[https] prod-chatman-ancillary-eu-central-1.pscp.tv:443
[https] prod-chatman-ancillary-us-east-1.pscp.tv:443
[https] prod-chatman-ancillary-us-west-2.pscp.tv:443
[https] prod-cloudfront-tn-ap-northeast-1-replay.video.pscp.tv:443
[https] prod-cloudfront-tn-ap-southeast-1-replay.video.pscp.tv:443
[https] prod-cloudfront-tn-eu-central-1-live.video.pscp.tv:443
[https] prod-cloudfront-tn-eu-central-1-replay.video.pscp.tv:443
[https] prod-cloudfront-tn-eu-west-1-live.video.pscp.tv:443
[https] prod-cloudfront-tn-eu-west-1-replay.video.pscp.tv:443
[https] prod-cloudfront-tn-eu-west-3-live.video.pscp.tv:443
[https] prod-cloudfront-tn-eu-west-3-replay.video.pscp.tv:443
[https] prod-cloudfront-tn-sa-east-1-live.video.pscp.tv:443
[https] prod-cloudfront-tn-sa-east-1-replay.video.pscp.tv:443
[https] prod-cloudfront-tn-us-east-1-live.video.pscp.tv:443
[https] prod-cloudfront-tn-us-east-1-replay.video.pscp.tv:443
[https] prod-cloudfront-tn-us-west-1-live.video.pscp.tv:443
[https] prod-cloudfront-tn-us-west-1-replay.video.pscp.tv:443
[https] prod-cloudfront-tn-us-west-2-live.video.pscp.tv:443
[https] prod-cloudfront-tn-us-west-2-replay.video.pscp.tv:443
[https] prod-ec-ap-northeast-1.video.pscp.tv:443
[https] prod-ec-ap-northeast-2.video.pscp.tv:443
[https] prod-ec-ap-south-1.video.pscp.tv:443
[https] prod-ec-ap-southeast-1.video.pscp.tv:443
[https] prod-ec-ap-southeast-2.video.pscp.tv:443
[https] prod-ec-eu-central-1.video.pscp.tv:443
[https] prod-ec-eu-west-1.video.pscp.tv:443
[https] prod-ec-eu-west-3.video.pscp.tv:443
[https] prod-ec-sa-east-1.video.pscp.tv:443
[https] prod-ec-us-east-1.video.pscp.tv:443
[https] prod-ec-us-west-1.video.pscp.tv:443
[https] prod-ec-us-west-2.video.pscp.tv:443
[https] prod-exp-video-ap-southeast-2.pscp.tv:443
[https] prod-exp-video-eu-central-1.pscp.tv:443
[https] prod-exp-video-eu-west-1.pscp.tv:443
[https] prod-exp-video-sa-east-1.pscp.tv:443
[https] prod-exp-video-us-east-1.pscp.tv:443
[https] prod-fastly-ap-northeast-1.video.pscp.tv:443
[https] prod-fastly-ap-northeast-2.video.pscp.tv:443
[https] prod-fastly-ap-south-1.video.pscp.tv:443
[https] prod-fastly-ap-southeast-1.video.pscp.tv:443
[https] prod-fastly-ap-southeast-2.video.pscp.tv:443
[https] prod-fastly-eu-central-1.video.pscp.tv:443
[https] prod-fastly-eu-west-1.video.pscp.tv:443
[https] prod-fastly-eu-west-3.video.pscp.tv:443
[https] prod-fastly-sa-east-1.video.pscp.tv:443
[https] prod-fastly-us-east-1.video.pscp.tv:443
[https] prod-fastly-us-west-1.video.pscp.tv:443
[https] prod-fastly-us-west-2.video.pscp.tv:443
[https] prod-masks.pscp.tv:443
[https] prod-profile.pscp.tv:443
[https] prod-public-api-assets.pscp.tv:443
[https] prod-text-classification.pscp.tv:443
[https] prod-thumbnail.pscp.tv:443
[https] prod-thumbnail-small.pscp.tv:443
[https] prod-transcode-ap-northeast-2.pscp.tv:443
[https] prod-transcode-ap-south-1.pscp.tv:443
[https] prod-transcode-ap-southeast-1.pscp.tv:443
[https] prod-transcode-ap-southeast-2.pscp.tv:443
[https] prod-transcode-eu-central-1.pscp.tv:443
[https] prod-transcode-eu-west-1.pscp.tv:443
[https] prod-transcode-eu-west-3.pscp.tv:443
[https] prod-transcode-proxy-ap-south-1.pscp.tv:443
[https] prod-transcode-proxy-ap-southeast-2.pscp.tv:443
[https] prod-transcode-proxy-eu-central-1.pscp.tv:443
[https] prod-transcode-proxy-eu-west-1.pscp.tv:443
[https] prod-transcode-proxy-eu-west-3.pscp.tv:443
[https] prod-transcode-proxy-sa-east-1.pscp.tv:443
[https] prod-transcode-proxy-us-east-1.pscp.tv:443
[https] prod-transcode-sa-east-1.pscp.tv:443
[https] prod-transcode-us-east-1.pscp.tv:443
[https] prod-transcode-us-west-2.pscp.tv:443
[https] prod-video-ap-northeast-1.pscp.tv:443
[https] prod-video-ap-northeast-2.pscp.tv:443
[https] prod-video-ap-south-1.pscp.tv:443
[https] prod-video-ap-southeast-1.pscp.tv:443
[https] prod-video-ap-southeast-2.pscp.tv:443
[https] prod-video-eu-central-1.pscp.tv:443
[https] prod-video-eu-west-1.pscp.tv:443
[https] prod-video-eu-west-3.pscp.tv:443
[https] prod-video-sa-east-1.pscp.tv:443
[https] prod-video-us-east-1.pscp.tv:443
[https] prod-video-us-west-1.pscp.tv:443
[https] prod-video-us-west-2.pscp.tv:443
[https] proxsee.pscp.tv:443
[https] pscp.tv:443
[https] safety.pscp.tv:443
[https] sg.pscp.tv:443
[https] signer-ap-northeast-1.pscp.tv:443
[https] signer-ap-southeast-1.pscp.tv:443
[https] signer-eu-west-1.pscp.tv:443
[https] signer.pscp.tv:443
[https] signer-sa-east-1.pscp.tv:443
[https] signer-us-west-2.pscp.tv:443
[https] test-help.pscp.tv:443
[https] turn-ap-south-1.pscp.tv:443
[https] turn-ap-southeast-1.pscp.tv:443
[https] turn.pscp.tv:443
[https] turn-sa-east-1.pscp.tv:443
[https] turn-us-west-1.pscp.tv:443
[https] va.pscp.tv:443
[https] vidman-ap-northeast-1.pscp.tv:443
[https] vidman-ap-northeast-2.pscp.tv:443
[https] vidman-ap-southeast-1.pscp.tv:443
[https] vidman-ap-southeast-2.pscp.tv:443
[https] vidman-eu-central-1.pscp.tv:443
[https] vidman-eu-west-1.pscp.tv:443
[https] vidman-eu-west-3.pscp.tv:443
[https] vidman-sa-east-1.pscp.tv:443
[https] vidman-us-east-1.pscp.tv:443
[https] vidman-us-west-1.pscp.tv:443
[https] vidman-us-west-2.pscp.tv:443
[https] web-ap-northeast-1.pscp.tv:443
[https] web-ap-northeast-2.pscp.tv:443
[https] web-ap-south-1.pscp.tv:443
[https] web-ap-southeast-1.pscp.tv:443
[https] web-ap-southeast-2.pscp.tv:443
[https] web-eu-central-1.pscp.tv:443
[https] web-eu-west-1.pscp.tv:443
[https] web.pscp.tv:443
[https] web-us-east-1.pscp.tv:443
[https] web-us-west-2.pscp.tv:443
[https] www.pscp.tv:443
[https] zz.pscp.tv:443
[http] test-help.pscp.tv:80
[http] va.pscp.tv:80
[http] vidman-ap-northeast-1.pscp.tv:80
[http] vidman-ap-northeast-2.pscp.tv:80
[http] vidman-ap-southeast-1.pscp.tv:80
[http] vidman-ap-southeast-2.pscp.tv:80
[http] vidman-eu-central-1.pscp.tv:80
[http] vidman-eu-west-1.pscp.tv:80
[http] vidman-eu-west-3.pscp.tv:80
[http] vidman-sa-east-1.pscp.tv:80
[http] vidman-us-east-1.pscp.tv:80
[http] vidman-us-west-1.pscp.tv:80
[http] vidman-us-west-2.pscp.tv:80
[http] web-ap-northeast-1.pscp.tv:80
[http] web-ap-northeast-2.pscp.tv:80
[http] web-ap-south-1.pscp.tv:80
[http] web-ap-southeast-1.pscp.tv:80
[http] web-ap-southeast-2.pscp.tv:80
[http] web-eu-central-1.pscp.tv:80
[http] web-eu-west-1.pscp.tv:80
[http] web.pscp.tv:80
[http] web-us-east-1.pscp.tv:80
[http] web-us-west-2.pscp.tv:80
[http] www.pscp.tv:80
[http] zz.pscp.tv:80
[rtmp] au.pscp.tv:1935
[rtmp] br.pscp.tv:1935
[rtmp] ca.pscp.tv:1935
[rtmp] dca.pscp.tv:1935
[rtmp] de.pscp.tv:1935
[rtmp] dev-vidman-eu-west-1.pscp.tv:1935
[rtmp] dev-vidman-us-west-2.pscp.tv:1935
[rtmp] die.pscp.tv:1935
[rtmp] fr.pscp.tv:1935
[rtmp] ie.pscp.tv:1935
[rtmp] in.pscp.tv:1935
[rtmp] jp.pscp.tv:1935
[rtmp] kr.pscp.tv:1935
[rtmp] or.pscp.tv:1935
[rtmp] sg.pscp.tv:1935
[rtmp] va.pscp.tv:1935
[rtmp] vidman-ap-northeast-1.pscp.tv:1935
[rtmp] vidman-ap-northeast-2.pscp.tv:1935
[rtmp] vidman-ap-southeast-1.pscp.tv:1935
[rtmp] vidman-ap-southeast-2.pscp.tv:1935
[rtmp] vidman-eu-central-1.pscp.tv:1935
[rtmp] vidman-eu-west-1.pscp.tv:1935
[rtmp] vidman-eu-west-3.pscp.tv:1935
[rtmp] vidman-sa-east-1.pscp.tv:1935
[rtmp] vidman-us-east-1.pscp.tv:1935
[rtmp] vidman-us-west-1.pscp.tv:1935
[rtmp] vidman-us-west-2.pscp.tv:1935
[rtmp] zz.pscp.tv:1935
