[amqp] flat.psyonix.com:5672
[blackice-icecap] flat.psyonix.com:8081
[cddbp-alt] cdn.psyonix.com:8880
[cddbp-alt] rl-cdn.psyonix.com:8880
[cddbp-alt] rocketleague.psyonix.com:8880
[cddbp-alt] staging.psyonix.com:8880
[cddbp-alt] stats.psyonix.com:8880
[cddbp-alt] steam.psyonix.com:8880
[cddbp-alt] zendesk1.psyonix.com:8880
[cddbp-alt] zendesk2.psyonix.com:8880
[cddbp-alt] zendesk3.psyonix.com:8880
[cddbp-alt] zendesk4.psyonix.com:8880
[clearvisn] rocketleague.psyonix.com:2052
[ctf] flat.psyonix.com:84
[dn6-nlm-aud] flat.psyonix.com:195
[dnp] flat.psyonix.com:20000
[d-s-n] flat.psyonix.com:8086
[eli] cdn.psyonix.com:2087
[eli] rl-cdn.psyonix.com:2087
[eli] rocketleague.psyonix.com:2087
[eli] staging.psyonix.com:2087
[eli] stats.psyonix.com:2087
[eli] steam.psyonix.com:2087
[eli] zendesk1.psyonix.com:2087
[eli] zendesk2.psyonix.com:2087
[eli] zendesk3.psyonix.com:2087
[eli] zendesk4.psyonix.com:2087
[] flat.psyonix.com:17000
[globalcatLDAPssl] flat.psyonix.com:3269
[gnunet] cdn.psyonix.com:2086
[gnunet] rl-cdn.psyonix.com:2086
[gnunet] rocketleague.psyonix.com:2086
[gnunet] staging.psyonix.com:2086
[gnunet] stats.psyonix.com:2086
[gnunet] steam.psyonix.com:2086
[gnunet] zendesk2.psyonix.com:2086
[gnunet] zendesk3.psyonix.com:2086
[gnunet] zendesk4.psyonix.com:2086
[http] bucket.psyonix.com:80
[http] calendar.psyonix.com:80
[http] cdn.psyonix.com:80
[http] docs.psyonix.com:80
[http] flat.psyonix.com:80
[http] mail.psyonix.com:80
[http-proxy] cdn.psyonix.com:8080
[http-proxy] flat.psyonix.com:8080
[http-proxy] rl-cdn.psyonix.com:8080
[http-proxy] rocketleague.psyonix.com:8080
[http-proxy] staging.psyonix.com:8080
[http-proxy] stats.psyonix.com:8080
[http-proxy] steam.psyonix.com:8080
[http-proxy] zendesk1.psyonix.com:8080
[http-proxy] zendesk2.psyonix.com:8080
[http-proxy] zendesk3.psyonix.com:8080
[http-proxy] zendesk4.psyonix.com:8080
[http] psyonix.com:80
[http] rl-cdn.psyonix.com:80
[http] rocketleague.psyonix.com:80
[https-alt] cdn.psyonix.com:8443
[https-alt] rl-cdn.psyonix.com:8443
[https-alt] rocketleague.psyonix.com:8443
[https-alt] staging.psyonix.com:8443
[https-alt] stats.psyonix.com:8443
[https-alt] steam.psyonix.com:8443
[https-alt] zendesk1.psyonix.com:8443
[https-alt] zendesk2.psyonix.com:8443
[https-alt] zendesk3.psyonix.com:8443
[https-alt] zendesk4.psyonix.com:8443
[http] sarb.psyonix.com:80
[https] bucket.psyonix.com:443
[https] calendar.psyonix.com:443
[https] cdn.psyonix.com:443
[https] docs.psyonix.com:443
[https] flat.psyonix.com:443
[http] skpwgwwilw.psyonix.com:80
[https] mail.psyonix.com:443
[https] psyonix.com:443
[https] rl-cdn.psyonix.com:443
[https] rocketleague.psyonix.com:443
[https] sarb.psyonix.com:443
[https] skpwgwwilw.psyonix.com:443
[https] staging.psyonix.com:443
[https] stats.psyonix.com:443
[https] steam.psyonix.com:443
[http] staging.psyonix.com:80
[http] stats.psyonix.com:80
[http] steam.psyonix.com:80
[https] wiki.psyonix.com:443
[https] www.psyonix.com:443
[https] zendesk1.psyonix.com:443
[https] zendesk2.psyonix.com:443
[https] zendesk3.psyonix.com:443
[https] zendesk4.psyonix.com:443
[http] wiki.psyonix.com:80
[http] www.psyonix.com:80
[http] zendesk1.psyonix.com:80
[http] zendesk2.psyonix.com:80
[http] zendesk3.psyonix.com:80
[http] zendesk4.psyonix.com:80
[imap] flat.psyonix.com:143
[imaps] flat.psyonix.com:993
[infowave] cdn.psyonix.com:2082
[infowave] flat.psyonix.com:2082
[infowave] rl-cdn.psyonix.com:2082
[infowave] rocketleague.psyonix.com:2082
[infowave] staging.psyonix.com:2082
[infowave] stats.psyonix.com:2082
[infowave] steam.psyonix.com:2082
[infowave] zendesk1.psyonix.com:2082
[infowave] zendesk2.psyonix.com:2082
[infowave] zendesk3.psyonix.com:2082
[infowave] zendesk4.psyonix.com:2082
[jetdirect] flat.psyonix.com:9100
[knetd] cdn.psyonix.com:2053
[knetd] rl-cdn.psyonix.com:2053
[knetd] staging.psyonix.com:2053
[knetd] stats.psyonix.com:2053
[knetd] steam.psyonix.com:2053
[knetd] zendesk2.psyonix.com:2053
[knetd] zendesk3.psyonix.com:2053
[knetd] zendesk4.psyonix.com:2053
[memcache] flat.psyonix.com:11211
[micromuse-ncpw] flat.psyonix.com:9600
[mit-ml-dev] flat.psyonix.com:83
[mit-ml-dev] flat.psyonix.com:85
[mqtt] flat.psyonix.com:1883
[ms-wbt-server] flat.psyonix.com:3389
[nbx-dir] cdn.psyonix.com:2096
[nbx-dir] rl-cdn.psyonix.com:2096
[nbx-dir] rocketleague.psyonix.com:2096
[nbx-dir] staging.psyonix.com:2096
[nbx-dir] stats.psyonix.com:2096
[nbx-ser] cdn.psyonix.com:2095
[nbx-ser] rl-cdn.psyonix.com:2095
[nbx-ser] staging.psyonix.com:2095
[nbx-ser] stats.psyonix.com:2095
[opsmessaging] flat.psyonix.com:8090
[pop3] flat.psyonix.com:110
[pop3s] flat.psyonix.com:995
[postgresql] flat.psyonix.com:5432
[radsec] cdn.psyonix.com:2083
[radsec] flat.psyonix.com:2083
[radsec] rl-cdn.psyonix.com:2083
[radsec] rocketleague.psyonix.com:2083
[radsec] staging.psyonix.com:2083
[radsec] stats.psyonix.com:2083
[radsec] steam.psyonix.com:2083
[radsec] zendesk1.psyonix.com:2083
[radsec] zendesk2.psyonix.com:2083
[radsec] zendesk3.psyonix.com:2083
[radsec] zendesk4.psyonix.com:2083
[redis] flat.psyonix.com:6379
[rtmp] flat.psyonix.com:1935
[smtp] flat.psyonix.com:25
[smtps] flat.psyonix.com:465
[submission] flat.psyonix.com:587
[unknown] flat.psyonix.com:8089
[unknown] flat.psyonix.com:8099
[vnc-1] flat.psyonix.com:5901
[vnc] flat.psyonix.com:5900
[vrace] flat.psyonix.com:9300
[wap-wsp] flat.psyonix.com:9200
[whois] flat.psyonix.com:43
[xmpp-client] flat.psyonix.com:5222
