[amqp] argus.rbx.com:5672
[amqp] events.rbx.com:5672
[ansoft-lm-2] argus.rbx.com:1084
[ansoft-lm-2] events.rbx.com:1084
[ansoft-lm-2] forensics.rbx.com:1084
[] aws-eu-central-1b-lms.rbx.com:55443
[blackice-icecap] argus.rbx.com:8081
[blackice-icecap] events.rbx.com:8081
[blackice-icecap] forensics.rbx.com:8081
[ctf] argus.rbx.com:84
[ctf] events.rbx.com:84
[ctf] forensics.rbx.com:84
[dn6-nlm-aud] argus.rbx.com:195
[dn6-nlm-aud] events.rbx.com:195
[dnp] argus.rbx.com:20000
[dnp] events.rbx.com:20000
[dnp] forensics.rbx.com:20000
[d-s-n] argus.rbx.com:8086
[d-s-n] events.rbx.com:8086
[d-s-n] forensics.rbx.com:8086
[epp] argus.rbx.com:700
[epp] events.rbx.com:700
[epp] forensics.rbx.com:700
[ff-annunc] argus.rbx.com:1089
[ff-annunc] events.rbx.com:1089
[ff-annunc] forensics.rbx.com:1089
[http] argus.rbx.com:80
[http] artifactory-edge01.rbx.com:80
[http] autodiscover.rbx.com:80
[http] confluence-dev.rbx.com:80
[http] confluence.rbx.com:80
[http] confluence-stage.rbx.com:80
[http] corp-assets.rbx.com:80
[http] discourse.rbx.com:80
[http] drone-ghc.rbx.com:80
[http] events.rbx.com:80
[http] forensics.rbx.com:80
[http] fossa.rbx.com:80
[http] github-flow.rbx.com:80
[http] jira.rbx.com:80
[http] jira-ros.rbx.com:80
[http] jira-stage.rbx.com:80
[http-proxy] argus.rbx.com:8080
[http-proxy] aws-eu-central-1b-lms.rbx.com:8080
[http-proxy] events.rbx.com:8080
[http-proxy] forensics.rbx.com:8080
[http] rbx.com:80
[http] ros.rbx.com:80
[https] argus.rbx.com:443
[https] artifactory-edge01.rbx.com:443
[https] aws-ap-east-1a-lms.rbx.com:443
[https] aws-ap-east-1b-lms.rbx.com:443
[https] aws-ap-east-1c-lms.rbx.com:443
[https] aws-ap-northeast-1c-lms.rbx.com:443
[https] aws-eu-central-1a-lms.rbx.com:443
[https] aws-eu-central-1b-lms.rbx.com:443
[https] aws-eu-west-2c-lms.rbx.com:443
[https] aws-us-east-1a-lms.rbx.com:443
[https] aws-us-east-1c-lms.rbx.com:443
[https] aws-us-east-2b-lms.rbx.com:443
[https] bpo-vpn.rbx.com:443
[http] scim.rbx.com:80
[https] confluence-dev.rbx.com:443
[https] confluence.rbx.com:443
[https] confluence-stage.rbx.com:443
[https] corp-assets.rbx.com:443
[https] discourse.rbx.com:443
[https] drone-ghc.rbx.com:443
[https] events.rbx.com:443
[https] forensics.rbx.com:443
[https] fossa.rbx.com:443
[https] github-flow.rbx.com:443
[https] hkg-gw.bpo-vpn.rbx.com:443
[https] iad-gw.bpo-vpn.rbx.com:443
[https] jira.rbx.com:443
[https] jira-ros.rbx.com:443
[https] jira-stage.rbx.com:443
[https] ord-full-gw.vpn.rbx.com:443
[https] ord-gw.vpn.rbx.com:443
[https] rbx.com:443
[https] ros.rbx.com:443
[https] sea-full-gw.vpn.rbx.com:443
[https] sea-gw.vpn.rbx.com:443
[https] sjc-full-gw.vpn.rbx.com:443
[https] sjc-gw.vpn.rbx.com:443
[https] status-stage.rbx.com:443
[http] status-stage.rbx.com:80
[https] teamcity-stage.rbx.com:443
[https] teamcity-web.rbx.com:443
[https] tfe.rbx.com:443
[https] vpn.rbx.com:443
[http] teamcity-stage.rbx.com:80
[http] teamcity-web.rbx.com:80
[ies-lm] argus.rbx.com:1443
[ies-lm] events.rbx.com:1443
[ies-lm] forensics.rbx.com:1443
[imap] argus.rbx.com:143
[imap] events.rbx.com:143
[imap] forensics.rbx.com:143
[imaps] argus.rbx.com:993
[imaps] events.rbx.com:993
[imaps] forensics.rbx.com:993
[jetdirect] argus.rbx.com:9100
[jetdirect] events.rbx.com:9100
[jetdirect] forensics.rbx.com:9100
[memcache] events.rbx.com:11211
[mit-ml-dev] argus.rbx.com:83
[mit-ml-dev] argus.rbx.com:85
[mit-ml-dev] events.rbx.com:83
[mit-ml-dev] events.rbx.com:85
[mit-ml-dev] forensics.rbx.com:83
[mit-ml-dev] forensics.rbx.com:85
[mqtt] events.rbx.com:1883
[ms-wbt-server] argus.rbx.com:3389
[ms-wbt-server] events.rbx.com:3389
[ms-wbt-server] forensics.rbx.com:3389
[ncd-conf] argus.rbx.com:5999
[ncd-conf] events.rbx.com:5999
[ncd-conf] forensics.rbx.com:5999
[ndmps] argus.rbx.com:30000
[ndmps] events.rbx.com:30000
[ndmps] forensics.rbx.com:30000
[opsmessaging] argus.rbx.com:8090
[opsmessaging] events.rbx.com:8090
[opsmessaging] forensics.rbx.com:8090
[pop3] argus.rbx.com:110
[pop3] events.rbx.com:110
[pop3] forensics.rbx.com:110
[pop3s] argus.rbx.com:995
[pop3s] events.rbx.com:995
[pop3s] forensics.rbx.com:995
[postgresql] argus.rbx.com:5432
[postgresql] events.rbx.com:5432
[postgresql] forensics.rbx.com:5432
[priv-term-l] events.rbx.com:87
[radan-http] argus.rbx.com:8088
[radan-http] events.rbx.com:8088
[radan-http] forensics.rbx.com:8088
[redis] events.rbx.com:6379
[rtmp] argus.rbx.com:1935
[rtmp] events.rbx.com:1935
[rtmp] forensics.rbx.com:1935
[smtp] argus.rbx.com:25
[smtp] events.rbx.com:25
[smtp] forensics.rbx.com:25
[smtps] argus.rbx.com:465
[smtps] events.rbx.com:465
[smtps] forensics.rbx.com:465
[submission] argus.rbx.com:587
[submission] events.rbx.com:587
[submission] forensics.rbx.com:587
[su-mit-tg] argus.rbx.com:89
[su-mit-tg] events.rbx.com:89
[su-mit-tg] forensics.rbx.com:89
[unknown] argus.rbx.com:8085
[unknown] argus.rbx.com:8089
[unknown] argus.rbx.com:8099
[unknown] events.rbx.com:8085
[unknown] events.rbx.com:8089
[unknown] events.rbx.com:8099
[unknown] forensics.rbx.com:8085
[unknown] forensics.rbx.com:8089
[unknown] forensics.rbx.com:8099
[vnc-1] argus.rbx.com:5901
[vnc-1] events.rbx.com:5901
[vnc-1] forensics.rbx.com:5901
[vnc] argus.rbx.com:5900
[vnc] events.rbx.com:5900
[vnc] forensics.rbx.com:5900
[wap-wsp] argus.rbx.com:9200
[wap-wsp] events.rbx.com:9200
[wap-wsp] forensics.rbx.com:9200
[webobjects] argus.rbx.com:1085
[webobjects] events.rbx.com:1085
[webobjects] forensics.rbx.com:1085
[whois] argus.rbx.com:43
[whois] events.rbx.com:43
[whois] forensics.rbx.com:43
[XmlIpcRegSvc] events.rbx.com:9092
[xmpp-client] argus.rbx.com:5222
[xmpp-client] events.rbx.com:5222
[xmpp-client] forensics.rbx.com:5222
