[cddbp-alt] blog.recko.io:8880
[cddbp-alt] in-fampay.recko.io:8880
[cddbp-alt] internal-vpn.recko.io:8880
[cddbp-alt] vpn.recko.io:8880
[cddbp-alt] vpn-stage.recko.io:8880
[eli] blog.recko.io:2087
[eli] in-fampay.recko.io:2087
[eli] internal-vpn.recko.io:2087
[eli] vpn.recko.io:2087
[eli] vpn-stage.recko.io:2087
[gnunet] blog.recko.io:2086
[gnunet] in-fampay.recko.io:2086
[gnunet] internal-vpn.recko.io:2086
[gnunet] vpn.recko.io:2086
[gnunet] vpn-stage.recko.io:2086
[http] 007huangjiaduchanglideshouji.recko.io:80
[http] 08aoyunhuinanlanjuesai.recko.io:80
[http] 0ei-u04ef12fe-c233-s1507605861-i95143f0d.ame.recko.io:80
[http] 0es-u8379b1ad-c233-s1507203709-i95143f0d.ame.recko.io:80
[http] 0-www.nber.org.dewey2.library.recko.io:80
[http] 0-www.osapublishing.org.carlson.recko.io:80
[http] 101201.recko.io:80
[http] 10124.recko.io:80
[http] 10147.recko.io:80
[http] 10387.recko.io:80
[http] 1039.recko.io:80
[http] 10-45.recko.io:80
[http] 107-18.recko.io:80
[http] 10776.recko.io:80
[http] 109-187.recko.io:80
[http] 109-200.recko.io:80
[http] 115599.recko.io:80
[http] 11b2a.recko.io:80
[http] 127-156.recko.io:80
[http] 152net178.recko.io:80
[http] 181-148.recko.io:80
[http] 19833.recko.io:80
[http] 1b416.recko.io:80
[http] 207-21.recko.io:80
[http] 241b8jj43n9p8144215.recko.io:80
[http] 27892.recko.io:80
[http] 29-113.recko.io:80
[http] 29196.recko.io:80
[http] 29e63.recko.io:80
[http] 2f56a.recko.io:80
[http] 329070.recko.io:80
[http] 37dff.recko.io:80
[http] 3a10c.recko.io:80
[http] 3uyulechengdubo.recko.io:80
[http] 3uyulechengguize.recko.io:80
[http] 4-228.recko.io:80
[http] 4a666.recko.io:80
[http] 4haozuqiu.recko.io:80
[http] 5081b.recko.io:80
[http] 57386.recko.io:80
[http] 5a0e2.recko.io:80
[http] 8249.recko.io:80
[http] 84735.recko.io:80
[http] 86771.recko.io:80
[http] acko.recko.io:80
[http] adityabirla.recko.io:80
[http] adsl-198.recko.io:80
[http] afccvhr1.recko.io:80
[http] anmoltest.recko.io:80
[http] apanywhere.recko.io:80
[http] apollo.recko.io:80
[http] appsecure1.recko.io:80
[http] appsecure2.recko.io:80
[http] artifactory.infra.recko.io:80
[http] asesores.recko.io:80
[http] bb.recko.io:80
[http] bet365xiazaihaoman.recko.io:80
[http] betvip9.recko.io:80
[http] bharatpe.recko.io:80
[http] blog.recko.io:80
[http] bolexianshangyulechengruhekaihu.recko.io:80
[http] borde2.recko.io:80
[http] borde3.recko.io:80
[http] borde.recko.io:80
[http] bounce.recko.io:80
[http] caipiaohemaifanjianglv.recko.io:80
[http] checkpoint2.recko.io:80
[http] cr001.recko.io:80
[http] cred.recko.io:80
[http] ctm0.recko.io:80
[http] cultfit.recko.io:80
[http] curefit.recko.io:80
[http] customers.recko.io:80
[http] d2cd.recko.io:80
[http] dcb1.recko.io:80
[http] dcb.recko.io:80
[http] demo1.recko.io:80
[http] demo.recko.io:80
[http] design.recko.io:80
[http] deyiqipaidgc56.recko.io:80
[http] dhcp115-96.recko.io:80
[http] dhcp-236-235.recko.io:80
[http] dhcp78-191.recko.io:80
[http] dhcp-vl203-2-85.recko.io:80
[http] dinakaranj.recko.io:80
[http] domo1.recko.io:80
[http] dongguanqiaotoudongfangyulecheng.recko.io:80
[http] doublea.recko.io:80
[http] dpi.recko.io:80
[http] dragonstone1.recko.io:80
[http] dragonstone.recko.io:80
[http] dream111.recko.io:80
[http] dream11.recko.io:80
[http] drivezy.recko.io:80
[http] drogon.recko.io:80
[http] dunzo1.recko.io:80
[http] dunzo.recko.io:80
[http] dupont.recko.io:80
[http] eccentricity.recko.io:80
[http] eduroam-205-211.recko.io:80
[http] efaturatest.recko.io:80
[http] elk-es-node1.recko.io:80
[http] elk-es-node2.recko.io:80
[http] elk.recko.io:80
[http] expece.recko.io:80
[http] fampay.recko.io:80
[http] flt.recko.io:80
[http] fossil.recko.io:80
[http] freshmenu1.recko.io:80
[http] freshmenu.recko.io:80
[http] furlenco.recko.io:80
[http] geotix1.recko.io:80
[http] geotix.recko.io:80
[http] glowroad.recko.io:80
[http] golfdag.recko.io:80
[http] grafana.recko.io:80
[http] grofers1.recko.io:80
[http] grofers.recko.io:80
[http] groww.recko.io:80
[http] gunshop.recko.io:80
[http] hamzeh.recko.io:80
[http] hebeiticaizhongxin.recko.io:80
[http] highgarden.recko.io:80
[http] hopscotch.recko.io:80
[http] host-34-245.recko.io:80
[http] ibv59173.recko.io:80
[http] in-fampay.recko.io:80
[http] infra.recko.io:80
[http] internal-vpn.recko.io:80
[http] itilite.recko.io:80
[http] jenkins2.recko.io:80
[http] jenkins.infra.recko.io:80
[http] jenkins.recko.io:80
[http] jenkins-stage.recko.io:80
[http] jernest1.recko.io:80
[http] jmay.recko.io:80
[http] joker.recko.io:80
[http] keratsini.recko.io:80
[http] khatabook.recko.io:80
[http] khsraysvehhet.recko.io:80
[http] kingslanding.recko.io:80
[http] kreativekaran.recko.io:80
[http] kuecheninsel.recko.io:80
[http] kundeportal.recko.io:80
[http] lan21-187.recko.io:80
[http] lansdowne.recko.io:80
[http] laohujizenmexiaofen.recko.io:80
[http] lassi.recko.io:80
[http] leda.recko.io:80
[http] liboyazhouyulechengzhenqianbaijiale.recko.io:80
[http] licious1.recko.io:80
[http] licious.recko.io:80
[http] lpe28-170-sec.recko.io:80
[http] mapm.recko.io:80
[http] medpro-pn9b.recko.io:80
[http] meesho1.recko.io:80
[http] milaap.recko.io:80
[http] ml175.recko.io:80
[http] monit.recko.io:80
[http] myntra1.recko.io:80
[http] myntrademo.recko.io:80
[http] myntra.recko.io:80
[http] myntraseller.recko.io:80
[http] myselectbank.recko.io:80
[http] nginx.recko.io:80
[http] nightsong.recko.io:80
[http] noon1.recko.io:80
[http] noon.recko.io:80
[http] odemyopc-247-225.recko.io:80
[http] officedepotuat.recko.io:80
[http] okay.recko.io:80
[http] ola.recko.io:80
[http] onboarding2.recko.io:80
[http] onboarding.recko.io:80
[http] pc-002.recko.io:80
[http] pc7-176.recko.io:80
[http] pci.recko.io:80
[http] performance.recko.io:80
[http] pharmeasy.recko.io:80
[http] plino.recko.io:80
[http-proxy] blog.recko.io:8080
[http-proxy] in-fampay.recko.io:8080
[http-proxy] internal-vpn.recko.io:8080
[http-proxy] vpn.recko.io:8080
[http-proxy] vpn-stage.recko.io:8080
[http] psyco.recko.io:80
[http] qixingcai13078qi808changju.recko.io:80
[http] qq92hu.recko.io:80
[http] r201.recko.io:80
[http] rapido1.recko.io:80
[http] rapido.recko.io:80
[http] rchaminade.recko.io:80
[http] recko.io:80
[http] revivapro.recko.io:80
[http] rocketkommerce.recko.io:80
[http] ruthcarter.recko.io:80
[https] 007huangjiaduchanglideshouji.recko.io:443
[https] 08aoyunhuinanlanjuesai.recko.io:443
[https] 0ei-u04ef12fe-c233-s1507605861-i95143f0d.ame.recko.io:443
[https] 0es-u8379b1ad-c233-s1507203709-i95143f0d.ame.recko.io:443
[https] 0-www.nber.org.dewey2.library.recko.io:443
[https] 0-www.osapublishing.org.carlson.recko.io:443
[https] 101201.recko.io:443
[https] 10124.recko.io:443
[https] 10147.recko.io:443
[https] 10387.recko.io:443
[https] 1039.recko.io:443
[https] 10-45.recko.io:443
[https] 107-18.recko.io:443
[https] 10776.recko.io:443
[https] 109-187.recko.io:443
[https] 109-200.recko.io:443
[https] 115599.recko.io:443
[https] 11b2a.recko.io:443
[https] 127-156.recko.io:443
[https] 152net178.recko.io:443
[https] 181-148.recko.io:443
[https] 19833.recko.io:443
[https] 1b416.recko.io:443
[https] 207-21.recko.io:443
[https] 241b8jj43n9p8144215.recko.io:443
[https] 27892.recko.io:443
[https] 29-113.recko.io:443
[https] 29196.recko.io:443
[https] 29e63.recko.io:443
[https] 2f56a.recko.io:443
[https] 329070.recko.io:443
[https] 37dff.recko.io:443
[https] 3a10c.recko.io:443
[https] 3uyulechengdubo.recko.io:443
[https] 3uyulechengguize.recko.io:443
[https] 4-228.recko.io:443
[https] 4a666.recko.io:443
[https] 4haozuqiu.recko.io:443
[https] 5081b.recko.io:443
[https] 57386.recko.io:443
[https] 5a0e2.recko.io:443
[https] 8249.recko.io:443
[https] 84735.recko.io:443
[https] 86771.recko.io:443
[https] acko.recko.io:443
[https] adityabirla.recko.io:443
[https] adsl-198.recko.io:443
[https] afccvhr1.recko.io:443
[https-alt] vpn.recko.io:8443
[https] anmoltest.recko.io:443
[https] apanywhere.recko.io:443
[https] apollo.recko.io:443
[https] appsecure1.recko.io:443
[https] appsecure2.recko.io:443
[https] artifactory.infra.recko.io:443
[https] asesores.recko.io:443
[http] saurya.recko.io:80
[https] bb.recko.io:443
[https] bet365xiazaihaoman.recko.io:443
[https] betvip9.recko.io:443
[https] bharatpe.recko.io:443
[https] blog.recko.io:443
[https] bolexianshangyulechengruhekaihu.recko.io:443
[https] borde2.recko.io:443
[https] borde3.recko.io:443
[https] borde.recko.io:443
[https] bounce.recko.io:443
[https] caipiaohemaifanjianglv.recko.io:443
[https] checkpoint2.recko.io:443
[https] cr001.recko.io:443
[https] cred.recko.io:443
[https] ctm0.recko.io:443
[https] cultfit.recko.io:443
[https] curefit.recko.io:443
[https] customers.recko.io:443
[https] d2cd.recko.io:443
[https] dcb1.recko.io:443
[https] dcb.recko.io:443
[https] demo1.recko.io:443
[https] demo.recko.io:443
[https] design.recko.io:443
[https] deyiqipaidgc56.recko.io:443
[https] dhcp115-96.recko.io:443
[https] dhcp-236-235.recko.io:443
[https] dhcp78-191.recko.io:443
[https] dhcp-vl203-2-85.recko.io:443
[https] dinakaranj.recko.io:443
[https] domo1.recko.io:443
[https] dongguanqiaotoudongfangyulecheng.recko.io:443
[https] doublea.recko.io:443
[https] dpi.recko.io:443
[https] dragonstone1.recko.io:443
[https] dragonstone.recko.io:443
[https] dream111.recko.io:443
[https] dream11.recko.io:443
[https] drivezy.recko.io:443
[https] drogon.recko.io:443
[https] dunzo1.recko.io:443
[https] dunzo.recko.io:443
[https] dupont.recko.io:443
[https] eccentricity.recko.io:443
[http] securityorg1.recko.io:80
[http] securityorg2.recko.io:80
[http] security.recko.io:80
[https] eduroam-205-211.recko.io:443
[https] efaturatest.recko.io:443
[https] elk-es-node1.recko.io:443
[https] elk-es-node2.recko.io:443
[https] elk.recko.io:443
[http] sentry1.recko.io:80
[http] servify.recko.io:80
[https] expece.recko.io:443
[https] fampay.recko.io:443
[https] flt.recko.io:443
[https] fossil.recko.io:443
[https] freshmenu1.recko.io:443
[https] freshmenu.recko.io:443
[https] furlenco.recko.io:443
[https] geotix1.recko.io:443
[https] geotix.recko.io:443
[https] glowroad.recko.io:443
[https] golfdag.recko.io:443
[https] grafana.recko.io:443
[https] grofers1.recko.io:443
[https] grofers.recko.io:443
[https] groww.recko.io:443
[https] gunshop.recko.io:443
[http] shadotnet.recko.io:80
[https] hamzeh.recko.io:443
[https] hebeiticaizhongxin.recko.io:443
[http] shengshiguojikaihushengshiguojiyulebocai.recko.io:80
[https] highgarden.recko.io:443
[http] shop101.recko.io:80
[https] hopscotch.recko.io:443
[https] host-34-245.recko.io:443
[https] ibv59173.recko.io:443
[http] simsim.recko.io:80
[https] in-fampay.recko.io:443
[https] infra.recko.io:443
[https] internal-vpn.recko.io:443
[https] itilite.recko.io:443
[https] jenkins2.recko.io:443
[https] jenkins.infra.recko.io:443
[https] jenkins.recko.io:443
[https] jenkins-stage.recko.io:443
[https] jernest1.recko.io:443
[https] jmay.recko.io:443
[https] joker.recko.io:443
[https] keratsini.recko.io:443
[https] khatabook.recko.io:443
[https] khsraysvehhet.recko.io:443
[https] kingslanding.recko.io:443
[https] kreativekaran.recko.io:443
[https] kuecheninsel.recko.io:443
[https] kundeportal.recko.io:443
[https] lan21-187.recko.io:443
[https] lansdowne.recko.io:443
[https] laohujizenmexiaofen.recko.io:443
[https] lassi.recko.io:443
[https] leda.recko.io:443
[https] liboyazhouyulechengzhenqianbaijiale.recko.io:443
[http] slicepay.recko.io:80
[https] licious1.recko.io:443
[https] licious.recko.io:443
[https] lpe28-170-sec.recko.io:443
[https] mapm.recko.io:443
[https] medpro-pn9b.recko.io:443
[https] meesho1.recko.io:443
[https] milaap.recko.io:443
[https] ml175.recko.io:443
[https] monit.recko.io:443
[https] myntra1.recko.io:443
[https] myntrademo.recko.io:443
[https] myntra.recko.io:443
[https] myntraseller.recko.io:443
[https] myselectbank.recko.io:443
[https] nginx.recko.io:443
[http] sni115503.recko.io:80
[http] sni167806.recko.io:80
[http] sni195401.recko.io:80
[http] sni196930.recko.io:80
[http] sni59672.recko.io:80
[https] nightsong.recko.io:443
[https] noon1.recko.io:443
[https] noon.recko.io:443
[https] odemyopc-247-225.recko.io:443
[https] officedepotuat.recko.io:443
[https] okay.recko.io:443
[https] ola.recko.io:443
[https] onboarding2.recko.io:443
[https] onboarding.recko.io:443
[https] pc-002.recko.io:443
[https] pc7-176.recko.io:443
[https] pci.recko.io:443
[https] performance.recko.io:443
[https] pharmeasy.recko.io:443
[https] plino.recko.io:443
[https] psyco.recko.io:443
[https] qixingcai13078qi808changju.recko.io:443
[https] qq92hu.recko.io:443
[https] r201.recko.io:443
[https] rapido1.recko.io:443
[https] rapido.recko.io:443
[http] sravya1.recko.io:80
[https] rchaminade.recko.io:443
[https] recko.io:443
[https] revivapro.recko.io:443
[https] rocketkommerce.recko.io:443
[https] ruthcarter.recko.io:443
[https] saurya.recko.io:443
[https] securityorg1.recko.io:443
[https] securityorg2.recko.io:443
[https] security.recko.io:443
[https] sentry1.recko.io:443
[https] servify.recko.io:443
[https] shadotnet.recko.io:443
[https] shengshiguojikaihushengshiguojiyulebocai.recko.io:443
[https] shop101.recko.io:443
[https] simsim.recko.io:443
[https] slicepay.recko.io:443
[http] sslloadtest-101.recko.io:80
[https] sni115503.recko.io:443
[https] sni167806.recko.io:443
[https] sni195401.recko.io:443
[https] sni196930.recko.io:443
[https] sni59672.recko.io:443
[https] sravya1.recko.io:443
[https] sslloadtest-101.recko.io:443
[https] staff3-cis668.recko.io:443
[https] std17.recko.io:443
[https] strategyand.recko.io:443
[https] suprdaily.recko.io:443
[https] swagger.recko.io:443
[https] swiggy1.recko.io:443
[https] swiggy.recko.io:443
[http] staff3-cis668.recko.io:80
[http] std17.recko.io:80
[https] test1.recko.io:443
[https] test-cloudflare.recko.io:443
[https] testnew.recko.io:443
[https] test.recko.io:443
[https] the-wall.recko.io:443
[https] tonglewangshangyule.recko.io:443
[https] townscript1.recko.io:443
[https] townscript.recko.io:443
[http] strategyand.recko.io:80
[https] tubify.recko.io:443
[http] suprdaily.recko.io:80
[https] urbanclap.recko.io:443
[https] urbanladder.recko.io:443
[https] vis1.recko.io:443
[https] volantis.recko.io:443
[https] vpn.recko.io:443
[https] vpn-stage.recko.io:443
[http] swagger.recko.io:80
[https] wd10.recko.io:443
[https] website.recko.io:443
[http] swiggy1.recko.io:80
[http] swiggy.recko.io:80
[https] winterfell.recko.io:443
[https] www.recko.io:443
[https] yolo.recko.io:443
[https] zestmoney1.recko.io:443
[https] zestmoney.recko.io:443
[http] test1.recko.io:80
[http] test-cloudflare.recko.io:80
[http] testnew.recko.io:80
[http] test.recko.io:80
[http] the-wall.recko.io:80
[http] tonglewangshangyule.recko.io:80
[http] townscript1.recko.io:80
[http] townscript.recko.io:80
[http] tubify.recko.io:80
[http] urbanclap.recko.io:80
[http] urbanladder.recko.io:80
[http] vis1.recko.io:80
[http] volantis.recko.io:80
[http] vpn.recko.io:80
[http] vpn-stage.recko.io:80
[http] wd10.recko.io:80
[http] website.recko.io:80
[http] winterfell.recko.io:80
[http] www.recko.io:80
[http] yolo.recko.io:80
[http] zestmoney1.recko.io:80
[http] zestmoney.recko.io:80
[infowave] blog.recko.io:2082
[infowave] in-fampay.recko.io:2082
[infowave] internal-vpn.recko.io:2082
[infowave] vpn.recko.io:2082
[infowave] vpn-stage.recko.io:2082
[nbx-dir] blog.recko.io:2096
[nbx-dir] in-fampay.recko.io:2096
[nbx-dir] internal-vpn.recko.io:2096
[nbx-dir] vpn-stage.recko.io:2096
[radsec] blog.recko.io:2083
[radsec] in-fampay.recko.io:2083
[radsec] internal-vpn.recko.io:2083
[radsec] vpn.recko.io:2083
[radsec] vpn-stage.recko.io:2083
