[cddbp-alt] mods.reddithelp.com:8880
[eli] mods.reddithelp.com:2087
[gnunet] mods.reddithelp.com:2086
[http] advertising.reddithelp.com:80
[http] business.reddithelp.com:80
[http] dev.reddithelp.com:80
[http] mods.reddithelp.com:80
[http-proxy] mods.reddithelp.com:8080
[https] advertising.reddithelp.com:443
[https-alt] mods.reddithelp.com:8443
[https] business.reddithelp.com:443
[https] dev.reddithelp.com:443
[https] mods.reddithelp.com:443
[https] staging.reddithelp.com:443
[http] staging.reddithelp.com:80
[https] www.reddithelp.com:443
[http] www.reddithelp.com:80
[infowave] mods.reddithelp.com:2082
[nbx-dir] mods.reddithelp.com:2096
[radsec] mods.reddithelp.com:2083
