[ansoft-lm-2] relay.redmart.com:1084
[ansoft-lm-2] timetravel.redmart.com:1084
[blackice-icecap] relay.redmart.com:8081
[blackice-icecap] timetravel.redmart.com:8081
[ctf] relay.redmart.com:84
[ctf] timetravel.redmart.com:84
[dnp] relay.redmart.com:20000
[dnp] timetravel.redmart.com:20000
[d-s-n] relay.redmart.com:8086
[d-s-n] timetravel.redmart.com:8086
[epp] relay.redmart.com:700
[epp] timetravel.redmart.com:700
[ff-annunc] relay.redmart.com:1089
[ff-annunc] timetravel.redmart.com:1089
[http] ablink.em.redmart.com:80
[http] about.redmart.com:80
[http] abtest.em.redmart.com:80
[http] abtest.redmart.com:80
[http] auth.admin.redmart.com:80
[http] authorizer.alpha.redmart.com:80
[http] bi-test.console.redmart.com:80
[http] careers.redmart.com:80
[http] console.alpha.redmart.com:80
[http] console-api.alpha.redmart.com:80
[http] console-api.redmart.com:80
[http] console.redmart.com:80
[http] datainsight.redmart.com:80
[http] links.redmart.com:80
[http] media.redmart.com:80
[http] media-test.redmart.com:80
[http] mp-api.redmart.com:80
[http] partners.alpha.redmart.com:80
[http] partners-api.alpha.redmart.com:80
[http] partners-api.redmart.com:80
[http] partners.redmart.com:80
[http] partnersupport.redmart.com:80
[http-proxy] partnersupport.redmart.com:8080
[http-proxy] relay.redmart.com:8080
[http-proxy] timetravel.redmart.com:8080
[http] redmart.com:80
[http] relay.redmart.com:80
[https] ablink.em.redmart.com:443
[https] about.redmart.com:443
[https] abtest.em.redmart.com:443
[https] abtest.redmart.com:443
[https-alt] partnersupport.redmart.com:8443
[https] auth.admin.alpha.redmart.com:443
[https] auth.admin.redmart.com:443
[https] authorizer.alpha.redmart.com:443
[https] bi-test.console.redmart.com:443
[https] careers.redmart.com:443
[https] console.alpha.redmart.com:443
[https] console-api.alpha.redmart.com:443
[https] console-api.redmart.com:443
[https] console.redmart.com:443
[https] datainsight.redmart.com:443
[https] links.redmart.com:443
[https] media.redmart.com:443
[https] media-test.redmart.com:443
[https] mg1.redmart.com:443
[https] mp-api.redmart.com:443
[https] openapi.alpha.redmart.com:443
[https] openapi.redmart.com:443
[https] partners.alpha.redmart.com:443
[https] partners-api.alpha.redmart.com:443
[https] partners-api.redmart.com:443
[https] partners.redmart.com:443
[https] partnersupport.redmart.com:443
[https] redmart.com:443
[https] relay.redmart.com:443
[https] tableau-console.redmart.com:443
[https] timetravel.redmart.com:443
[https] url1015.abtest.em.redmart.com:443
[https] westfc-api.redmart.com:443
[http] tableau-console.redmart.com:80
[http] timetravel.redmart.com:80
[http] url1015.abtest.em.redmart.com:80
[http] westfc-api.redmart.com:80
[ies-lm] relay.redmart.com:1443
[ies-lm] timetravel.redmart.com:1443
[imap] relay.redmart.com:143
[imaps] relay.redmart.com:993
[imaps] timetravel.redmart.com:993
[imap] timetravel.redmart.com:143
[jetdirect] relay.redmart.com:9100
[jetdirect] timetravel.redmart.com:9100
[mit-ml-dev] relay.redmart.com:83
[mit-ml-dev] relay.redmart.com:85
[mit-ml-dev] timetravel.redmart.com:83
[mit-ml-dev] timetravel.redmart.com:85
[ms-wbt-server] relay.redmart.com:3389
[ms-wbt-server] timetravel.redmart.com:3389
[ncd-conf] relay.redmart.com:5999
[ncd-conf] timetravel.redmart.com:5999
[ndmps] relay.redmart.com:30000
[ndmps] timetravel.redmart.com:30000
[opsmessaging] relay.redmart.com:8090
[opsmessaging] timetravel.redmart.com:8090
[ospf-lite] nw.redmart.com:8899
[pop3] relay.redmart.com:110
[pop3s] relay.redmart.com:995
[pop3s] timetravel.redmart.com:995
[pop3] timetravel.redmart.com:110
[postgresql] relay.redmart.com:5432
[postgresql] timetravel.redmart.com:5432
[radan-http] relay.redmart.com:8088
[radan-http] timetravel.redmart.com:8088
[rtmp] media.redmart.com:1935
[rtmp] relay.redmart.com:1935
[rtmp] timetravel.redmart.com:1935
[smtp] relay.redmart.com:25
[smtps] relay.redmart.com:465
[smtps] timetravel.redmart.com:465
[smtp] timetravel.redmart.com:25
[ssh] mg1.redmart.com:22
[submission] relay.redmart.com:587
[submission] timetravel.redmart.com:587
[su-mit-tg] relay.redmart.com:89
[su-mit-tg] timetravel.redmart.com:89
[unknown] relay.redmart.com:8085
[unknown] relay.redmart.com:8089
[unknown] relay.redmart.com:8099
[unknown] timetravel.redmart.com:8085
[unknown] timetravel.redmart.com:8089
[unknown] timetravel.redmart.com:8099
[uucp-rlogin] nw.redmart.com:541
[vnc-1] relay.redmart.com:5901
[vnc-1] timetravel.redmart.com:5901
[vnc] relay.redmart.com:5900
[vnc] timetravel.redmart.com:5900
[wap-wsp] relay.redmart.com:9200
[wap-wsp] timetravel.redmart.com:9200
[webobjects] relay.redmart.com:1085
[webobjects] timetravel.redmart.com:1085
[whois] relay.redmart.com:43
[whois] timetravel.redmart.com:43
[xmpp-client] relay.redmart.com:5222
[xmpp-client] timetravel.redmart.com:5222
