[http] adobe-gamma-be.acc.restintergamma.nl:80
[http] adobe-gamma-be.prd.restintergamma.nl:80
[http] adobe-gamma-nl.acc.restintergamma.nl:80
[http] adobe-gamma-nl.prd.restintergamma.nl:80
[http] adobe-karwei-nl.acc.restintergamma.nl:80
[http] adobe-karwei-nl.prd.restintergamma.nl:80
[http] auth.supplier.acc.restintergamma.nl:80
[http] hr.acc.restintergamma.nl:80
[http] hr.restintergamma.nl:80
[https] adobe-gamma-be.acc.restintergamma.nl:443
[https] adobe-gamma-be.prd.restintergamma.nl:443
[https] adobe-gamma-nl.acc.restintergamma.nl:443
[https] adobe-gamma-nl.prd.restintergamma.nl:443
[https] adobe-karwei-nl.acc.restintergamma.nl:443
[https] adobe-karwei-nl.prd.restintergamma.nl:443
[https] auth.supplier.acc.restintergamma.nl:443
[https] hr.acc.restintergamma.nl:443
[https] hr.restintergamma.nl:443
[https] supplier.acc.restintergamma.nl:443
[https] supplier.restintergamma.nl:443
[http] supplier.acc.restintergamma.nl:80
[http] supplier.restintergamma.nl:80
