[cddbp-alt] stage-cert.store.rockstargames.com:8880
[cddbp-alt] stage-prod.store.rockstargames.com:8880
[cddbp-alt] store.rockstargames.com:8880
[cddbp-alt] vanity-develop.employee.store.rockstargames.com:8880
[cddbp-alt] vanity-develop.rockstargames.com:8880
[cddbp-alt] vanity.employee.store.rockstargames.com:8880
[cddbp-alt] vanity.rockstargames.com:8880
[eli] stage-cert.store.rockstargames.com:2087
[eli] stage-prod.store.rockstargames.com:2087
[eli] store.rockstargames.com:2087
[eli] vanity-develop.employee.store.rockstargames.com:2087
[eli] vanity-develop.rockstargames.com:2087
[eli] vanity.employee.store.rockstargames.com:2087
[eli] vanity.rockstargames.com:2087
[gnunet] stage-cert.store.rockstargames.com:2086
[gnunet] store.rockstargames.com:2086
[gnunet] vanity-develop.employee.store.rockstargames.com:2086
[gnunet] vanity.employee.store.rockstargames.com:2086
[http] activate.rockstargames.com:80
[http] akapatch.rockstargames.com:80
[http] app-rgl-prod.ros.rockstargames.com:80
[http] auth-gta5-prod.ros.rockstargames.com:80
[http] auth-prod.ros.rockstargames.com:80
[http] auth-rdr2-prod.ros.rockstargames.com:80
[http] auth-rgl-prod.ros.rockstargames.com:80
[http] autodiscover.rockstargames.com:80
[http] bomgar.rockstargames.com:80
[http] cdn.sc.rockstargames.com:80
[http] cert-catalog-cloud.rockstargames.com:80
[http] cert-gamedownloads.rockstargames.com:80
[http] cert.hosted.cloud.rockstargames.com:80
[http] cert-locator-cloud.rockstargames.com:80
[http] cert.store.rockstargames.com:80
[http] challenges-rdr2-prod.ros.rockstargames.com:80
[http] click.newsletter.rockstargames.com:80
[http] cloud.newsletter.rockstargames.com:80
[http] conductor-prod.ros.rockstargames.com:80
[http] crews-gta5-prod.ros.rockstargames.com:80
[http] cs-gta5-prod.ros.rockstargames.com:80
[http] de.socialclub.rockstargames.com:80
[http] dev-catalog-cloud.rockstargames.com:80
[http] dev-gamedownloads.rockstargames.com:80
[http] dev.hosted.cloud.rockstargames.com:80
[http] dev-locator-cloud.rockstargames.com:80
[http] dev.store.rockstargames.com:80
[http] dev.stream.rockstargames.com:80
[http] downloads1.rockstargames.com:80
[http] downloads.rockstargames.com:80
[http] es-mx.socialclub.rockstargames.com:80
[http] es.socialclub.rockstargames.com:80
[http] facebook.rockstargames.com:80
[http] fastly.rockstargames.com:80
[http] fr.socialclub.rockstargames.com:80
[http] gamedownloads.rockstargames.com:80
[http] graph.rockstargames.com:80
[http] gta4-prod.ros.rockstargames.com:80
[http] gta5-prod.ros.rockstargames.com:80
[http] image.newsletter.rockstargames.com:80
[http] inbox-gta5-prod.ros.rockstargames.com:80
[http] it.socialclub.rockstargames.com:80
[http] ja.socialclub.rockstargames.com:80
[http] jobsadmin2.rockstargames.com:80
[http] jobsadmin.rockstargames.com:80
[http] jobs.rockstargames.com:80
[http] jobstar.rockstargames.com:80
[http] keys.rockstargames.com:80
[http] ko.socialclub.rockstargames.com:80
[http] load-catalog-cloud.rockstargames.com:80
[http] load.hosted.cloud.rockstargames.com:80
[http] media.rockstargames.com:80
[http] mm-gta5-prod.ros.rockstargames.com:80
[http] m.rockstargames.com:80
[http] oaktree.rockstargames.com:80
[http] online.rockstargames.com:80
[http] origin_videos.rockstargames.com:80
[http] pages.newsletter.rockstargames.com:80
[http] patches.rockstargames.com:80
[http] pl.socialclub.rockstargames.com:80
[http] prod1.rockstargames.com:80
[http] prod-catalog-cloud.rockstargames.com:80
[http] prod.cloud.rockstargames.com:80
[http] prod.hosted.cloud.rockstargames.com:80
[http] prod-locator-cloud.rockstargames.com:80
[http] prod.telemetry.ros.rockstargames.com:80
[http-proxy] cert.store.rockstargames.com:8080
[http-proxy] dev.store.rockstargames.com:8080
[http-proxy] stage-cert.store.rockstargames.com:8080
[http-proxy] stage-dev.store.rockstargames.com:8080
[http-proxy] store-develop.rockstargames.com:8080
[http-proxy] store-integration.rockstargames.com:8080
[http-proxy] store-preview.rockstargames.com:8080
[http-proxy] store.rockstargames.com:8080
[http-proxy] store-staging.rockstargames.com:8080
[http-proxy] vanity-develop.employee.store.rockstargames.com:8080
[http-proxy] vanity.employee.store.rockstargames.com:8080
[http] prs-gta5-prod.ros.rockstargames.com:80
[http] ps-gta5-prod.ros.rockstargames.com:80
[http] pt.socialclub.rockstargames.com:80
[http] rage-catalog-cloud.rockstargames.com:80
[http] rage.hosted.cloud.rockstargames.com:80
[http] rage-locator-cloud.rockstargames.com:80
[http] rgl.rockstargames.com:80
[http] rockstargames.com:80
[http] ru.socialclub.rockstargames.com:80
[https] activate.rockstargames.com:443
[https] akapatch.rockstargames.com:443
[https-alt] cert.store.rockstargames.com:8443
[https-alt] dev.store.rockstargames.com:8443
[https-alt] stage-cert.store.rockstargames.com:8443
[https-alt] stage-dev.store.rockstargames.com:8443
[https-alt] stage-prod.store.rockstargames.com:8443
[https-alt] store-develop.rockstargames.com:8443
[https-alt] store-integration.rockstargames.com:8443
[https-alt] store-preview.rockstargames.com:8443
[https-alt] store.rockstargames.com:8443
[https-alt] store-staging.rockstargames.com:8443
[https-alt] vanity-develop.employee.store.rockstargames.com:8443
[https-alt] vanity-develop.rockstargames.com:8443
[https-alt] vanity.employee.store.rockstargames.com:8443
[https-alt] vanity.rockstargames.com:8443
[https-alt] view-adm.rockstargames.com:8443
[https-alt] view.rockstargames.com:8443
[https] amspdc4-web2-rdr2-prod.ros.rockstargames.com:443
[https] app-rgl-prod.ros.rockstargames.com:443
[https] auth-gta5-prod.ros.rockstargames.com:443
[https] auth-prod.ros.rockstargames.com:443
[https] auth-rdr2-prod.ros.rockstargames.com:443
[https] auth-rgl-prod.ros.rockstargames.com:443
[https] bomgar.rockstargames.com:443
[http] scapi.rockstargames.com:80
[https] cdn.sc.rockstargames.com:443
[https] cert-catalog-cloud.rockstargames.com:443
[https] cert-gamedownloads.rockstargames.com:443
[https] cert.hosted.cloud.rockstargames.com:443
[https] cert-locator-cloud.rockstargames.com:443
[https] cert.store.rockstargames.com:443
[https] challenges-rdr2-prod.ros.rockstargames.com:443
[https] click.newsletter.rockstargames.com:443
[https] cloud.newsletter.rockstargames.com:443
[https] conductor-prod.ros.rockstargames.com:443
[https] conductor-rdr2-prod.ros.rockstargames.com:443
[https] crews-rdr2-prod.ros.rockstargames.com:443
[https] cs-gta4-prod.ros.rockstargames.com:443
[https] cs-rgl-prod.ros.rockstargames.com:443
[http] scui.rockstargames.com:80
[https] de.socialclub.rockstargames.com:443
[https] dev-catalog-cloud.rockstargames.com:443
[https] dev-gamedownloads.rockstargames.com:443
[https] dev.hosted.cloud.rockstargames.com:443
[https] dev-locator-cloud.rockstargames.com:443
[https] dev.store.rockstargames.com:443
[https] dev.stream.rockstargames.com:443
[https] downloads1.rockstargames.com:443
[https] downloads.rockstargames.com:443
[https] es-mx.socialclub.rockstargames.com:443
[https] es.socialclub.rockstargames.com:443
[https] facebook.rockstargames.com:443
[https] fastly.rockstargames.com:443
[https] feed-rdr2-prod.ros.rockstargames.com:443
[https] feed-rgl-prod.ros.rockstargames.com:443
[https] fr.socialclub.rockstargames.com:443
[https] gamedownloads.rockstargames.com:443
[https] graph.rockstargames.com:443
[https] gta4-prod.ros.rockstargames.com:443
[https] gta5-prod.ros.rockstargames.com:443
[http] signin.rockstargames.com:80
[https] image.newsletter.rockstargames.com:443
[https] inbox-rdr2-prod.ros.rockstargames.com:443
[https] it.socialclub.rockstargames.com:443
[https] ja.socialclub.rockstargames.com:443
[https] jobsadmin2.rockstargames.com:443
[https] jobsadmin.rockstargames.com:443
[https] jobs.rockstargames.com:443
[https] jobstar.rockstargames.com:443
[https] keys.rockstargames.com:443
[https] ko.socialclub.rockstargames.com:443
[https] load-catalog-cloud.rockstargames.com:443
[https] load.hosted.cloud.rockstargames.com:443
[https] media.rockstargames.com:443
[https] messdistr1-rdr2-prod.ros.rockstargames.com:443
[https] messdistr2-rdr2-prod.ros.rockstargames.com:443
[https] minigame1-rdr2-prod.ros.rockstargames.com:443
[https] minigame2-rdr2-prod.ros.rockstargames.com:443
[https] minigame3-rdr2-prod.ros.rockstargames.com:443
[https] minigame4-rdr2-prod.ros.rockstargames.com:443
[https] m.rockstargames.com:443
[https] oaktree.rockstargames.com:443
[http] socialclub.rockstargames.com:80
[https] online.rockstargames.com:443
[https] origin_videos.rockstargames.com:443
[https] pages.newsletter.rockstargames.com:443
[https] patches.rockstargames.com:443
[https] pl.socialclub.rockstargames.com:443
[https] posse-rdr2-prod.ros.rockstargames.com:443
[https] prod1.rockstargames.com:443
[https] prod-catalog-cloud.rockstargames.com:443
[https] prod.cloud.rockstargames.com:443
[https] prod.hosted.cloud.rockstargames.com:443
[https] prod-locator-cloud.rockstargames.com:443
[https] prod.p01ams.pod.rockstargames.com:443
[https] prod.p01ewr.pod.rockstargames.com:443
[https] prod.p01sjc.pod.rockstargames.com:443
[https] prod.p02ams.pod.rockstargames.com:443
[https] prod.p02ewr.pod.rockstargames.com:443
[https] prod.p02sjc.pod.rockstargames.com:443
[https] prod.telemetry.ros.rockstargames.com:443
[https] prs-rdr2-prod.ros.rockstargames.com:443
[https] prs-rgl-prod.ros.rockstargames.com:443
[https] ps-rdr2-prod.ros.rockstargames.com:443
[https] ps-rgl-prod.ros.rockstargames.com:443
[https] pt.socialclub.rockstargames.com:443
[https] rage-catalog-cloud.rockstargames.com:443
[https] rage.hosted.cloud.rockstargames.com:443
[https] rage-locator-cloud.rockstargames.com:443
[https] rgl.rockstargames.com:443
[https] rockstargames.com:443
[https] ru.socialclub.rockstargames.com:443
[https] scapi.rockstargames.com:443
[https] scui.rockstargames.com:443
[https] signin.rockstargames.com:443
[https] sjcpdc1-web1-rdr2-prod.ros.rockstargames.com:443
[https] sjcpdc1-web2-rdr2-prod.ros.rockstargames.com:443
[https] sjcpdc1-web3-rdr2-prod.ros.rockstargames.com:443
[https] sjcpdc1-web4-rdr2-prod.ros.rockstargames.com:443
[https] sjcpdc2-web1-rdr2-prod.ros.rockstargames.com:443
[https] sjcpdc2-web2-rdr2-prod.ros.rockstargames.com:443
[https] sjcpdc2-web3-rdr2-prod.ros.rockstargames.com:443
[https] sjcpdc3-web1-rdr2-prod.ros.rockstargames.com:443
[https] sjcpdc3-web2-rdr2-prod.ros.rockstargames.com:443
[https] socialclub.rockstargames.com:443
[https] spap-rdr2-prod.ros.rockstargames.com:443
[https] stage-cert-catalog-cloud.rockstargames.com:443
[https] stage-cert-gamedownloads.rockstargames.com:443
[https] stage-cert.hosted.cloud.rockstargames.com:443
[https] stage-cert-locator-cloud.rockstargames.com:443
[https] stage-cert.store.rockstargames.com:443
[https] stage-dev-catalog-cloud.rockstargames.com:443
[https] stage-dev-catalog.rockstargames.com:443
[https] stage-dev-gamedownloads.rockstargames.com:443
[https] stage-dev.hosted.cloud.rockstargames.com:443
[https] stage-dev-locator-cloud.rockstargames.com:443
[https] stage-dev.store.rockstargames.com:443
[https] stage-prod-catalog-cloud.rockstargames.com:443
[https] stage-prod-gamedownloads.rockstargames.com:443
[https] stage-prod.hosted.cloud.rockstargames.com:443
[https] stage-prod-locator-cloud.rockstargames.com:443
[https] stage-prod.store.rockstargames.com:443
[https] store-develop.rockstargames.com:443
[https] store-integration.rockstargames.com:443
[https] store-preview.rockstargames.com:443
[https] store.rockstargames.com:443
[https] store-staging.rockstargames.com:443
[https] supportfiles.rockstargames.com:443
[https] support.rockstargames.com:443
[http] stage-cert-catalog-cloud.rockstargames.com:80
[http] stage-cert-gamedownloads.rockstargames.com:80
[http] stage-cert.hosted.cloud.rockstargames.com:80
[http] stage-cert-locator-cloud.rockstargames.com:80
[http] stage-cert.store.rockstargames.com:80
[http] stage-dev-catalog-cloud.rockstargames.com:80
[http] stage-dev-catalog.rockstargames.com:80
[http] stage-dev-gamedownloads.rockstargames.com:80
[http] stage-dev.hosted.cloud.rockstargames.com:80
[http] stage-dev-locator-cloud.rockstargames.com:80
[http] stage-dev.store.rockstargames.com:80
[http] stage-prod-catalog-cloud.rockstargames.com:80
[http] stage-prod-gamedownloads.rockstargames.com:80
[http] stage-prod.hosted.cloud.rockstargames.com:80
[http] stage-prod-locator-cloud.rockstargames.com:80
[http] stage-prod.store.rockstargames.com:80
[https] techsupport.rockstargames.com:443
[https] tm-rdr2-prod.ros.rockstargames.com:443
[https] tm-rgl-prod.rockstargames.com:443
[https] tm-rgl-prod.ros.rockstargames.com:443
[http] store-develop.rockstargames.com:80
[http] store-integration.rockstargames.com:80
[http] store-preview.rockstargames.com:80
[http] store.rockstargames.com:80
[http] store-staging.rockstargames.com:80
[https] ugc-rdr2-prod.ros.rockstargames.com:443
[https] updates.rockstargames.com:443
[https] upload2005.rockstargames.com:443
[http] supportfiles.rockstargames.com:80
[http] support.rockstargames.com:80
[https] vanity-develop.employee.store.rockstargames.com:443
[https] vanity-develop.rockstargames.com:443
[https] vanity.employee.store.rockstargames.com:443
[https] vanity.rockstargames.com:443
[https] videos1.rockstargames.com:443
[https] videos2.rockstargames.com:443
[https] videos.rockstargames.com:443
[https] view-adm.rockstargames.com:443
[https] view.newsletter.rockstargames.com:443
[https] view.rockstargames.com:443
[https] vpn.rockstargames.com:443
[https] warehouse.rockstargames.com:443
[https] www.rockstargames.com:443
[https] www.socialclub.rockstargames.com:443
[https] ykval.rockstargames.com:443
[https] zh-cn.socialclub.rockstargames.com:443
[https] zh.socialclub.rockstargames.com:443
[http] techsupport.rockstargames.com:80
[http] tm-rdr2-prod.ros.rockstargames.com:80
[http] tm-rgl-prod.rockstargames.com:80
[http] tm-rgl-prod.ros.rockstargames.com:80
[http] ugc-gta5-prod.ros.rockstargames.com:80
[http] updates.rockstargames.com:80
[http] upload2005.rockstargames.com:80
[http] vanity-develop.employee.store.rockstargames.com:80
[http] vanity-develop.rockstargames.com:80
[http] vanity.employee.store.rockstargames.com:80
[http] vanity.rockstargames.com:80
[http] videos1.rockstargames.com:80
[http] videos2.rockstargames.com:80
[http] videos.rockstargames.com:80
[http] view-adm.rockstargames.com:80
[http] view.newsletter.rockstargames.com:80
[http] view.rockstargames.com:80
[http] vpn.rockstargames.com:80
[http] warehouse.rockstargames.com:80
[http] www.rockstargames.com:80
[http] www.socialclub.rockstargames.com:80
[http] zh-cn.socialclub.rockstargames.com:80
[http] zh.socialclub.rockstargames.com:80
[infowave] stage-cert.store.rockstargames.com:2082
[infowave] store.rockstargames.com:2082
[infowave] vanity-develop.employee.store.rockstargames.com:2082
[infowave] vanity.employee.store.rockstargames.com:2082
[nbx-dir] stage-prod.store.rockstargames.com:2096
[radsec] stage-cert.store.rockstargames.com:2083
[radsec] stage-prod.store.rockstargames.com:2083
[radsec] vanity-develop.employee.store.rockstargames.com:2083
[radsec] vanity-develop.rockstargames.com:2083
[radsec] vanity.employee.store.rockstargames.com:2083
[radsec] vanity.rockstargames.com:2083
[smtp] newsletter.rockstargames.com:25
