[cddbp-alt] communications.rukkaz.com:8880
[cddbp-alt] content.rukkaz.com:8880
[eli] communications.rukkaz.com:2087
[eli] content.rukkaz.com:2087
[gnunet] communications.rukkaz.com:2086
[gnunet] content.rukkaz.com:2086
[http] api.rukkaz.com:80
[http] api.staging.rukkaz.com:80
[http] cms.rukkaz.com:80
[http] communications.rukkaz.com:80
[http] content.rukkaz.com:80
[http] download.rukkaz.com:80
[http] events.rukkaz.com:80
[http] forgot-password.rukkaz.com:80
[http] origin-auth.rukkaz.com:80
[http-proxy] communications.rukkaz.com:8080
[http-proxy] content.rukkaz.com:8080
[http] publishing-api.rukkaz.com:80
[http] rukkaz.com:80
[https-alt] api.staging.rukkaz.com:8443
[https-alt] communications.rukkaz.com:8443
[https-alt] content.rukkaz.com:8443
[https] api.rukkaz.com:443
[https] api.staging.rukkaz.com:443
[http] sa-rukkaz-gamewithme-integrations.rukkaz.com:80
[http] sa-rukkaz-gamewithme-integrations.staging.rukkaz.com:80
[https] cms.rukkaz.com:443
[https] communications.rukkaz.com:443
[https] content.rukkaz.com:443
[https] events.rukkaz.com:443
[https] forgot-password.rukkaz.com:443
[https] origin-auth.rukkaz.com:443
[https] publishing-api.rukkaz.com:443
[https] sa-rukkaz-gamewithme-integrations.rukkaz.com:443
[https] sa-rukkaz-gamewithme-integrations.staging.rukkaz.com:443
[https] www.rukkaz.com:443
[http] www.rukkaz.com:80
[infowave] communications.rukkaz.com:2082
[infowave] content.rukkaz.com:2082
[knetd] communications.rukkaz.com:2053
[knetd] content.rukkaz.com:2053
[nbx-dir] communications.rukkaz.com:2096
[nbx-dir] content.rukkaz.com:2096
[oracleas-https] api.staging.rukkaz.com:7443
[radsec] communications.rukkaz.com:2083
[radsec] content.rukkaz.com:2083
