[cddbp-alt] img.logistics.scoober.com:8880
[cddbp-alt] tracker.beta.scoober.com:8880
[cddbp-alt] tracker.scoober.com:8880
[clearvisn] img.logistics.scoober.com:2052
[clearvisn] tracker.beta.scoober.com:2052
[clearvisn] tracker.scoober.com:2052
[eli] img.logistics.scoober.com:2087
[eli] tracker.beta.scoober.com:2087
[eli] tracker.scoober.com:2087
[EtherNetIP-1] mail.scoober.com:2222
[gnunet] img.logistics.scoober.com:2086
[gnunet] tracker.beta.scoober.com:2086
[gnunet] tracker.scoober.com:2086
[http] api.scoober.com:80
[http] apps.scoober.com:80
[http] assets.scoober.com:80
[http] chat.beta.scoober.com:80
[http] chat.dev.scoober.com:80
[http] chat-manager.dev.scoober.com:80
[http] chat-manager.scoober.com:80
[http] chat.scoober.com:80
[http] city-manager-api.dev.scoober.com:80
[http] city-manager-api.scoober.com:80
[http] courier.scoober.com:80
[http] driver-location.dev.scoober.com:80
[http] driver-location.scoober.com:80
[http] driver-notification.dev.scoober.com:80
[http] driver-notification.scoober.com:80
[http] faq.dev.scoober.com:80
[http] faq.scoober.com:80
[http] forecast-api.dev.scoober.com:80
[http] forecast-api.scoober.com:80
[http] geofence.dev.scoober.com:80
[http] geofence.scoober.com:80
[http] img.logistics.scoober.com:80
[http] internal.beta.scoober.com:80
[http] ios.scoober.com:80
[http] job-list.beta.scoober.com:80
[http] newsletter.scoober.com:80
[http] payroll-api.dev.scoober.com:80
[http] payroll-api.scoober.com:80
[http-proxy] img.logistics.scoober.com:8080
[http] restaurant.dev.scoober.com:80
[http] restaurant.scoober.com:80
[http] r.logistics.scoober.com:80
[https-alt] img.logistics.scoober.com:8443
[https-alt] tracker.beta.scoober.com:8443
[https-alt] tracker.scoober.com:8443
[https] api.scoober.com:443
[https] apps.scoober.com:443
[https] assets.scoober.com:443
[https] auth.scoober.com:443
[https] chat.beta.scoober.com:443
[https] chat.dev.scoober.com:443
[https] chat-manager.dev.scoober.com:443
[https] chat-manager.scoober.com:443
[https] chat.scoober.com:443
[https] city-manager-api.dev.scoober.com:443
[https] city-manager-api.scoober.com:443
[http] scoober.com:80
[http] scoober-courier-api.scoober.com:80
[https] courier.scoober.com:443
[https] dispohub2-beta.dev.scoober.com:443
[https] dispohub2-beta.scoober.com:443
[https] driver-location.dev.scoober.com:443
[https] driver-location.scoober.com:443
[https] driver-notification.dev.scoober.com:443
[https] driver-notification.scoober.com:443
[https] faq.dev.scoober.com:443
[https] faq.scoober.com:443
[https] forecast-api.dev.scoober.com:443
[https] forecast-api.scoober.com:443
[https] geofence.dev.scoober.com:443
[https] geofence.scoober.com:443
[http] shiftplanning-api.scoober.com:80
[https] img.logistics.scoober.com:443
[https] internal.beta.scoober.com:443
[https] job-dashboard-www.dev.scoober.com:443
[https] job-list.beta.scoober.com:443
[https] job-list.dev.scoober.com:443
[https] newsletter.scoober.com:443
[https] payroll-api.dev.scoober.com:443
[https] payroll-api.scoober.com:443
[https] restaurant.dev.scoober.com:443
[https] restaurant.scoober.com:443
[https] r.logistics.scoober.com:443
[https] scoober.com:443
[https] scoober-courier-api.scoober.com:443
[https] shiftplanning-api.scoober.com:443
[https] ticket.dev.scoober.com:443
[https] ticket.scoober.com:443
[https] tracker-api.scoober.com:443
[https] tracker.beta.scoober.com:443
[https] tracker.scoober.com:443
[https] translator.dev.scoober.com:443
[https] translator.scoober.com:443
[https] www.scoober.com:443
[http] ticket.dev.scoober.com:80
[http] ticket.scoober.com:80
[http] tracker-api.scoober.com:80
[http] tracker.beta.scoober.com:80
[http] tracker.scoober.com:80
[http] translator.dev.scoober.com:80
[http] translator.scoober.com:80
[http] www.scoober.com:80
[infowave] img.logistics.scoober.com:2082
[infowave] tracker.beta.scoober.com:2082
[infowave] tracker.scoober.com:2082
[knetd] img.logistics.scoober.com:2053
[knetd] tracker.beta.scoober.com:2053
[knetd] tracker.scoober.com:2053
[nbx-dir] img.logistics.scoober.com:2096
[nbx-ser] img.logistics.scoober.com:2095
[pharos] r.logistics.scoober.com:4443
[radsec] img.logistics.scoober.com:2083
[radsec] tracker.beta.scoober.com:2083
[radsec] tracker.scoober.com:2083
[smtp] logistics.scoober.com:25
[ssh] bastion.scoober.com:22
