[cddbp-alt] developer.scopely.com:8880
[cddbp-alt] docs.playgami.scopely.com:8880
[clearvisn] developer.scopely.com:2052
[eli] developer.scopely.com:2087
[eli] docs.playgami.scopely.com:2087
[EtherNetIP-1] jp-startrekfleetcommand.scopely.com:2222
[EtherNetIP-1] looneytuneswom.scopely.com:2222
[EtherNetIP-1] startrekfleetcommand.scopely.com:2222
[EtherNetIP-1] thewalkingdeadrts.scopely.com:2222
[EtherNetIP-1] wwechampions.scopely.com:2222
[EtherNetIP-1] www.scopely.com:2222
[gnunet] developer.scopely.com:2086
[gnunet] docs.playgami.scopely.com:2086
[http] autodiscover.scopely.com:80
[http] boundless-sre-sd.scopely.com:80
[http] calendar.scopely.com:80
[http] cdn2.scopely.com:80
[http] codereview.scopely.com:80
[http] design.playgami.scopely.com:80
[http] developer.scopely.com:80
[http] docs.playgami.scopely.com:80
[http] docs.scopely.com:80
[http] fonts.cdn.scopely.com:80
[http] horizon.dice-with-buddies.scopely.com:80
[http] horizon.news.scopely.com:80
[http] horizon.scopely.com:80
[http] horizon.skeeball-arcade.scopely.com:80
[http] horizon.slots-vacation.scopely.com:80
[http] horizon.wheel-of-fortune.scopely.com:80
[http] horizon.yahtzee-with-buddies.scopely.com:80
[http] id-sandbox.scopely.com:80
[http] id.scopely.com:80
[http] inapp-help.scopely.com:80
[http] incident.scopely.com:80
[http] inside.scopely.com:80
[http] jp-startrekfleetcommand.scopely.com:80
[http] link.dice-with-buddies.scopely.com:80
[http] link.disco-bees.scopely.com:80
[http] link.news.scopely.com:80
[http] link.scopely.com:80
[http] link.skeeball-arcade.scopely.com:80
[http] link.slots-vacation.scopely.com:80
[http] link.wheel-of-fortune.scopely.com:80
[http] link.yahtzee-with-buddies.scopely.com:80
[http] looker.playgami.scopely.com:80
[http] looneytuneswom.scopely.com:80
[http] lyncdiscover.scopely.com:80
[http] mail.scopely.com:80
[http] oie-sandbox.scopely.com:80
[http] playgami.scopely.com:80
[http] playtest.scopely.com:80
[http] preview-inapp-help.scopely.com:80
[http-proxy] developer.scopely.com:8080
[http-proxy] docs.playgami.scopely.com:8080
[https-alt] developer.scopely.com:8443
[https-alt] docs.playgami.scopely.com:8443
[https] boundless-sre-sd.scopely.com:443
[https] calendar.scopely.com:443
[https] cdn2.scopely.com:443
[https] codereview.scopely.com:443
[https] design.playgami.scopely.com:443
[https] developer.scopely.com:443
[https] docs.playgami.scopely.com:443
[https] docs.scopely.com:443
[http] servicedesk.scopely.com:80
[https] fonts.cdn.scopely.com:443
[https] horizon.dice-with-buddies.scopely.com:443
[https] horizon.news.scopely.com:443
[https] horizon.scopely.com:443
[https] horizon.skeeball-arcade.scopely.com:443
[https] horizon.slots-vacation.scopely.com:443
[https] horizon.wheel-of-fortune.scopely.com:443
[https] horizon.yahtzee-with-buddies.scopely.com:443
[https] id-sandbox.scopely.com:443
[https] id.scopely.com:443
[https] inapp-help.scopely.com:443
[https] jp-startrekfleetcommand.scopely.com:443
[https] link.dice-with-buddies.scopely.com:443
[https] link.disco-bees.scopely.com:443
[https] link.news.scopely.com:443
[https] link.scopely.com:443
[https] link.skeeball-arcade.scopely.com:443
[https] link.slots-vacation.scopely.com:443
[https] link.wheel-of-fortune.scopely.com:443
[https] link.yahtzee-with-buddies.scopely.com:443
[https] looker.playgami.scopely.com:443
[https] looneytuneswom.scopely.com:443
[https] lyncdiscover.scopely.com:443
[https] mail.scopely.com:443
[https] oie-sandbox.scopely.com:443
[https] playgami.scopely.com:443
[https] servicedesk.scopely.com:443
[https] sip.scopely.com:443
[https] startrekfleetcommand.scopely.com:443
[https] support.playgami.scopely.com:443
[http] startrekfleetcommand.scopely.com:80
[https] tech.scopely.com:443
[https] thewalkingdeadrts.scopely.com:443
[https] uaads.scopely.com:443
[http] support.playgami.scopely.com:80
[https] wwechampions.scopely.com:443
[https] www.scopely.com:443
[https] www.servicedesk.scopely.com:443
[https] www.tech.scopely.com:443
[http] tech.scopely.com:80
[http] thewalkingdeadrts.scopely.com:80
[http] uaads.scopely.com:80
[http] wwechampions.scopely.com:80
[http] www.scopely.com:80
[http] www.servicedesk.scopely.com:80
[http] www.tech.scopely.com:80
[infowave] developer.scopely.com:2082
[infowave] docs.playgami.scopely.com:2082
[nbx-ser] developer.scopely.com:2095
[radsec] developer.scopely.com:2083
[radsec] docs.playgami.scopely.com:2083
[sip-tls] sip.scopely.com:5061
