[http] 1p.adev.scopely.io:80
[http] 30-tsthyperion-default-euw-analytics.adev.scopely.io:80
[http] 489a19fa-d831-4954-858d-46436d5cdb20.event.collector.scopely.io:80
[http] 489a19fa-d831-4954-858d-46436d5cdb20.register.collector.scopely.io:80
[http] 4af7c20b-7646-4fb7-b64f-ae0a8c51c1f1.event.collector.scopely.io:80
[http] 4af7c20b-7646-4fb7-b64f-ae0a8c51c1f1.register.collector.scopely.io:80
[http] 58d677d4-37b9-4499-a28c-36043700aba3.event.collector.scopely.io:80
[http] 58d677d4-37b9-4499-a28c-36043700aba3.register.collector.scopely.io:80
[http] 6b73d00a-d4a1-4350-825a-cd3f49afa460.event.collector.scopely.io:80
[http] 6b73d00a-d4a1-4350-825a-cd3f49afa460.register.collector.scopely.io:80
[http] 8fd3b6aa-5aea-469d-96fb-2670cc379215.event.collector.scopely.io:80
[http] a645ce61-6cce-4fed-9dba-0a20f53b9886.event.collector.scopely.io:80
[http] a645ce61-6cce-4fed-9dba-0a20f53b9886.register.collector.scopely.io:80
[http] airflow.adev.scopely.io:80
[http] airflow.aprod.scopely.io:80
[http] airflow-flower.aprod.scopely.io:80
[http] alt-defaultfeb.adev.scopely.io:80
[http] apollo.scopely.io:80
[http] arche-abtest.adev.scopely.io:80
[http] arche-abtest.aprod.scopely.io:80
[http] arche-abtest-dahtzee.aprod.scopely.io:80
[http] arche-abtest-default.adev.scopely.io:80
[http] arche-abtest-default.aprod.scopely.io:80
[http] arche.adev.scopely.io:80
[http] arche.aprod.scopely.io:80
[http] arche-dahtzee.aprod.scopely.io:80
[http] arche-default.adev.scopely.io:80
[http] arche-default.aprod.scopely.io:80
[http] arche.scopely.io:80
[http] ariel.scopely.io:80
[http] artflow-dev.games.scopely.io:80
[http] artflow.games.scopely.io:80
[http] bamboo.scopely.io:80
[http] bd13e7b5-16cb-41e3-ac8b-253f9700ae69.event.collector.scopely.io:80
[http] bd13e7b5-16cb-41e3-ac8b-253f9700ae69.register.collector.scopely.io:80
[http] callisto.scopely.io:80
[http] catalog.adev.scopely.io:80
[http] catalog.aprod.scopely.io:80
[http] cde7f281-566c-496d-b025-a3c60cc3073c.event.collector.scopely.io:80
[http] cde7f281-566c-496d-b025-a3c60cc3073c.register.collector.scopely.io:80
[http] cerebro.adev.scopely.io:80
[http] cerebro.aprod.scopely.io:80
[http] chijyokikaku.adev.scopely.io:80
[http] collector-dahtzee.aprod.scopely.io:80
[http] collector-headshot.aprod.scopely.io:80
[http] collector.logs.scopely.io:80
[http] collector.scopely.io:80
[http] collector-scrabble.aprod.scopely.io:80
[http] config.sdk.scopely.io:80
[http] confluence.scopely.io:80
[http] d87bcf46-9411-4ac5-a79e-f8791357a7a6.event.collector.scopely.io:80
[http] d87bcf46-9411-4ac5-a79e-f8791357a7a6.register.collector.scopely.io:80
[http] dev-bamboo.scopely.io:80
[http] dev-confluence.scopely.io:80
[http] dev-jira.scopely.io:80
[http] dione.scopely.io:80
[http] eks-east-logs.games.scopely.io:80
[http] elasticband.adev.scopely.io:80
[http] elasticband.aprod.scopely.io:80
[http] elasticband.games.scopely.io:80
[http] email.adev.scopely.io:80
[http] email.email.scopely.io:80
[http] email.scopely.io:80
[http] epicycle.adev.scopely.io:80
[http] epicycle.aprod.scopely.io:80
[http] epicycle.scopely.io:80
[http] event.collector.scopely.io:80
[http] falcon.adev.scopely.io:80
[http] falcon.aprod.scopely.io:80
[http] falcon-dahtzee.aprod.scopely.io:80
[http] falcon-scrabble.aprod.scopely.io:80
[http] fca3700d-51f3-4377-bf4a-2def366d439b.event.collector.scopely.io:80
[http] fca3700d-51f3-4377-bf4a-2def366d439b.register.collector.scopely.io:80
[http] flock.adev.scopely.io:80
[http] flock.aprod.scopely.io:80
[http] flock-default.adev.scopely.io:80
[http] flock-default.aprod.scopely.io:80
[http] forum-latin-tsthyperion-ssoeuwe.adev.scopely.io:80
[http] ftp-tsthyperion-default-x.adev.scopely.io:80
[http] gameplatform-jenkins.games.scopely.io:80
[http] gammaray.aprod.scopely.io:80
[http] github.scopely.io:80
[http] hydra.scopely.io:80
[http] hyperion.scopely.io:80
[http] id.adev.scopely.io:80
[http] id.aprod.scopely.io:80
[http] infra.games.scopely.io:80
[http] inside.scopely.io:80
[http] iris.scopely.io:80
[http] jira.scopely.io:80
[http] k9.adev.scopely.io:80
[http] k9.aprod.scopely.io:80
[http] kisu-no-hi.adev.scopely.io:80
[http] korwarehouse-loadbalancer.adev.scopely.io:80
[http] kraken.scopely.io:80
[http] loft.y.scopely.io:80
[http] logs.amgmt.scopely.io:80
[http] menura.adev.scopely.io:80
[http] menura.aprod.scopely.io:80
[http] metricscatalog.aprod.scopely.io:80
[http] mimir.scopely.io:80
[http] mneme.scopely.io:80
[http] mock.adev.scopely.io:80
[http] morty.adev.scopely.io:80
[http] morty.aprod.scopely.io:80
[http] morty.scopely.io:80
[http] origin-dev-jira.scopely.io:80
[http] perf.scopely.io:80
[http] pigeon.adev.scopely.io:80
[http] pigeon.aprod.scopely.io:80
[http] pigeon-default.adev.scopely.io:80
[http] pigeon-default.aprod.scopely.io:80
[http] playgami.adev.scopely.io:80
[http] pm1023.adev.scopely.io:80
[http] portal.scopely.io:80
[http] preview-arche.scopely.io:80
[http] preview-ariel.scopely.io:80
[http] preview-callisto.scopely.io:80
[http] preview-dione.scopely.io:80
[http] preview-epicycle.scopely.io:80
[http] preview-hydra.scopely.io:80
[http] preview-hyperion.scopely.io:80
[http] preview-iris.scopely.io:80
[http] preview-kraken.scopely.io:80
[http] preview-mimir.scopely.io:80
[http] preview-prometheus.scopely.io:80
[http] preview-segments.scopely.io:80
[http] preview-titan-admin.scopely.io:80
[http] preview-umbriel.scopely.io:80
[http] primary.github.scopely.io:80
[http] prometheus.scopely.io:80
[http] pub-logs.adev.scopely.io:80
[http] pub-logs.aprod.scopely.io:80
[http] puck.scopely.io:80
[http] raven.adev.scopely.io:80
[http] raven.aprod.scopely.io:80
[http] raven-dahtzee.aprod.scopely.io:80
[http] raven-default.adev.scopely.io:80
[http] raven-default.aprod.scopely.io:80
[http] raven-pepe.aprod.scopely.io:80
[http] raven-prime.aprod.scopely.io:80
[http] raven-wwe.aprod.scopely.io:80
[http] register.collector.scopely.io:80
[http] rooster.adev.scopely.io:80
[http] rooster.aprod.scopely.io:80
[http] rooster-default.adev.scopely.io:80
[http] rooster-default.aprod.scopely.io:80
[https] 1p.adev.scopely.io:443
[https] 30-tsthyperion-default-euw-analytics.adev.scopely.io:443
[https] 489a19fa-d831-4954-858d-46436d5cdb20.event.collector.scopely.io:443
[https] 489a19fa-d831-4954-858d-46436d5cdb20.register.collector.scopely.io:443
[https] 4af7c20b-7646-4fb7-b64f-ae0a8c51c1f1.event.collector.scopely.io:443
[https] 4af7c20b-7646-4fb7-b64f-ae0a8c51c1f1.register.collector.scopely.io:443
[http] s53.b.scopely.io:80
[https] 58d677d4-37b9-4499-a28c-36043700aba3.event.collector.scopely.io:443
[https] 58d677d4-37b9-4499-a28c-36043700aba3.register.collector.scopely.io:443
[https] 6b73d00a-d4a1-4350-825a-cd3f49afa460.event.collector.scopely.io:443
[https] 6b73d00a-d4a1-4350-825a-cd3f49afa460.register.collector.scopely.io:443
[https] 8fd3b6aa-5aea-469d-96fb-2670cc379215.event.collector.scopely.io:443
[https] a645ce61-6cce-4fed-9dba-0a20f53b9886.event.collector.scopely.io:443
[https] a645ce61-6cce-4fed-9dba-0a20f53b9886.register.collector.scopely.io:443
[https] adjust.adev.scopely.io:443
[https] airflow.adev.scopely.io:443
[https] airflow.aprod.scopely.io:443
[https] airflow-flower.aprod.scopely.io:443
[https] alt-defaultfeb.adev.scopely.io:443
[https-alt] prod-api.spinnaker.playgami.scopely.io:8443
[https-alt] sandbox-api.spinnaker.playgami.scopely.io:8443
[http] sam.scopely.io:80
[https] apollo.scopely.io:443
[https] arche-abtest.adev.scopely.io:443
[https] arche-abtest.aprod.scopely.io:443
[https] arche-abtest-dahtzee.aprod.scopely.io:443
[https] arche-abtest-default.adev.scopely.io:443
[https] arche-abtest-default.aprod.scopely.io:443
[https] arche.adev.scopely.io:443
[https] arche.aprod.scopely.io:443
[https] arche-dahtzee.aprod.scopely.io:443
[https] arche-default.adev.scopely.io:443
[https] arche-default.aprod.scopely.io:443
[https] arche.scopely.io:443
[https] ariel.scopely.io:443
[https] artflow-dev.games.scopely.io:443
[https] artflow.games.scopely.io:443
[https] bamboo.scopely.io:443
[https] bd13e7b5-16cb-41e3-ac8b-253f9700ae69.event.collector.scopely.io:443
[https] bd13e7b5-16cb-41e3-ac8b-253f9700ae69.register.collector.scopely.io:443
[https] callisto.scopely.io:443
[https] catalog.adev.scopely.io:443
[https] catalog.aprod.scopely.io:443
[https] cde7f281-566c-496d-b025-a3c60cc3073c.event.collector.scopely.io:443
[https] cde7f281-566c-496d-b025-a3c60cc3073c.register.collector.scopely.io:443
[https] cerebro.adev.scopely.io:443
[https] cerebro.aprod.scopely.io:443
[https] chijyokikaku.adev.scopely.io:443
[https] collector-dahtzee.aprod.scopely.io:443
[https] collector-headshot.aprod.scopely.io:443
[https] collector.logs.scopely.io:443
[https] collector.scopely.io:443
[https] collector-scrabble.aprod.scopely.io:443
[https] config.sdk.scopely.io:443
[https] confluence.scopely.io:443
[https] d87bcf46-9411-4ac5-a79e-f8791357a7a6.event.collector.scopely.io:443
[https] d87bcf46-9411-4ac5-a79e-f8791357a7a6.register.collector.scopely.io:443
[https] dev-bamboo.scopely.io:443
[https] dev-confluence.scopely.io:443
[https] dev-jira.scopely.io:443
[https] dione.scopely.io:443
[http] secondary.github.scopely.io:80
[http] segments.scopely.io:80
[https] eks-east-logs.games.scopely.io:443
[https] elasticband.adev.scopely.io:443
[https] elasticband.aprod.scopely.io:443
[https] elasticband.games.scopely.io:443
[https] email.adev.scopely.io:443
[https] email.email.scopely.io:443
[https] email.scopely.io:443
[https] epicycle.adev.scopely.io:443
[https] epicycle.aprod.scopely.io:443
[https] epicycle.scopely.io:443
[https] event.collector.scopely.io:443
[https] falcon.adev.scopely.io:443
[https] falcon.aprod.scopely.io:443
[https] falcon-dahtzee.aprod.scopely.io:443
[https] falcon-scrabble.aprod.scopely.io:443
[https] fca3700d-51f3-4377-bf4a-2def366d439b.event.collector.scopely.io:443
[https] fca3700d-51f3-4377-bf4a-2def366d439b.register.collector.scopely.io:443
[https] flock.adev.scopely.io:443
[https] flock.aprod.scopely.io:443
[https] flock-default.adev.scopely.io:443
[https] flock-default.aprod.scopely.io:443
[https] forum-latin-tsthyperion-ssoeuwe.adev.scopely.io:443
[https] ftp-tsthyperion-default-x.adev.scopely.io:443
[https] gameplatform-jenkins.games.scopely.io:443
[https] gammaray.aprod.scopely.io:443
[https] github.scopely.io:443
[https] hydra.scopely.io:443
[https] hyperion.scopely.io:443
[https] id.adev.scopely.io:443
[https] id.aprod.scopely.io:443
[https] infra.games.scopely.io:443
[https] inside.scopely.io:443
[https] iris.scopely.io:443
[https] jira.scopely.io:443
[https] k9.adev.scopely.io:443
[https] k9.aprod.scopely.io:443
[https] kisu-no-hi.adev.scopely.io:443
[https] korwarehouse-loadbalancer.adev.scopely.io:443
[https] kraken.scopely.io:443
[https] loft.y.scopely.io:443
[https] logs.amgmt.scopely.io:443
[https] menura.adev.scopely.io:443
[https] menura.aprod.scopely.io:443
[https] metricscatalog.aprod.scopely.io:443
[https] mimir.scopely.io:443
[https] mneme.scopely.io:443
[https] mock.adev.scopely.io:443
[https] morty.adev.scopely.io:443
[https] morty.aprod.scopely.io:443
[https] morty.scopely.io:443
[https] origin-dev-jira.scopely.io:443
[https] perf.scopely.io:443
[https] pigeon.adev.scopely.io:443
[https] pigeon.aprod.scopely.io:443
[https] pigeon-default.adev.scopely.io:443
[https] pigeon-default.aprod.scopely.io:443
[http] spinnaker.adev.scopely.io:80
[http] spinnaker.games.scopely.io:80
[http] spinnaker-gate.games.scopely.io:80
[http] spinnaker-preprod.games.scopely.io:80
[http] spinnaker-preprod-gate.games.scopely.io:80
[https] playgami.adev.scopely.io:443
[https] pm1023.adev.scopely.io:443
[https] portal.scopely.io:443
[https] porter-default.aprod.scopely.io:443
[https] porter.scopely.io:443
[https] porter-wb.aprod.scopely.io:443
[https] porter-withbuddies.scopely.io:443
[https] pr-apollo.scopely.io:443
[https] preview-arche.scopely.io:443
[https] preview-ariel.scopely.io:443
[https] preview-callisto.scopely.io:443
[https] preview-dione.scopely.io:443
[https] preview-epicycle.scopely.io:443
[https] preview-hydra.scopely.io:443
[https] preview-hyperion.scopely.io:443
[https] preview-iris.scopely.io:443
[https] preview-kraken.scopely.io:443
[https] preview-mimir.scopely.io:443
[https] preview-mneme.scopely.io:443
[https] preview-porter.scopely.io:443
[https] preview-prometheus.scopely.io:443
[https] preview-segments.scopely.io:443
[https] preview-titan-admin.scopely.io:443
[https] preview-umbriel.scopely.io:443
[https] primary.github.scopely.io:443
[https] prometheus.scopely.io:443
[https] pub-logs.adev.scopely.io:443
[https] pub-logs.aprod.scopely.io:443
[https] puck.scopely.io:443
[https] raven.adev.scopely.io:443
[https] raven.aprod.scopely.io:443
[https] raven-dahtzee.aprod.scopely.io:443
[https] raven-default.adev.scopely.io:443
[https] raven-default.aprod.scopely.io:443
[https] raven-pepe.aprod.scopely.io:443
[https] raven-prime.aprod.scopely.io:443
[https] raven-wwe.aprod.scopely.io:443
[https] register.collector.scopely.io:443
[https] rooster.adev.scopely.io:443
[https] rooster.aprod.scopely.io:443
[https] rooster-default.adev.scopely.io:443
[https] rooster-default.aprod.scopely.io:443
[https] s53.b.scopely.io:443
[https] sam.scopely.io:443
[https] secondary.github.scopely.io:443
[https] segments.scopely.io:443
[https] spinnaker.adev.scopely.io:443
[https] spinnaker.amgmt.scopely.io:443
[https] spinnaker.games.scopely.io:443
[https] spinnaker-gate.games.scopely.io:443
[https] spinnaker-preprod.games.scopely.io:443
[https] spinnaker-preprod-gate.games.scopely.io:443
[https] staging-apollo.scopely.io:443
[https] staging-lake.adev.scopely.io:443
[https] staging.perf.scopely.io:443
[https] staging-starbase.voltron.scopely.io:443
[https] starbase.voltron.scopely.io:443
[https] static.adev.scopely.io:443
[https] static.aprod.scopely.io:443
[https] static.sdk.scopely.io:443
[http] staging-apollo.scopely.io:80
[http] staging-lake.adev.scopely.io:80
[http] staging.perf.scopely.io:80
[http] staging-starbase.voltron.scopely.io:80
[http] starbase.voltron.scopely.io:80
[http] static.adev.scopely.io:80
[http] static.aprod.scopely.io:80
[http] static.sdk.scopely.io:80
[https] teamwork.games.scopely.io:443
[https] test1-ssonl-europe.adev.scopely.io:443
[https] titan-admin.scopely.io:443
[https] tsthyperion-default-lax-uat.adev.scopely.io:443
[https] ua.adev.scopely.io:443
[https] umbriel.scopely.io:443
[https] unity-registry-url-auth.adev.scopely.io:443
[https] unity-registry-url-auth.aprod.scopely.io:443
[https] warehouse.adev.scopely.io:443
[https] withboard.aprod.scopely.io:443
[https] withboard.scopely.io:443
[https] yellowjacket-automation.y.scopely.io:443
[https] yellowjacket-dev.y.scopely.io:443
[http] teamwork.games.scopely.io:80
[http] test1-ssonl-europe.adev.scopely.io:80
[http] titan-admin.scopely.io:80
[http] tsthyperion-default-lax-uat.adev.scopely.io:80
[http] ua.adev.scopely.io:80
[http] umbriel.scopely.io:80
[http] warehouse.adev.scopely.io:80
[http] withboard.aprod.scopely.io:80
[http] withboard.scopely.io:80
[http] yellowjacket-automation.y.scopely.io:80
[http] yellowjacket-dev.y.scopely.io:80
[smtp] github.scopely.io:25
[smtp] primary.github.scopely.io:25
[smtp] secondary.github.scopely.io:25
[ssh] localshop.scopely.io:22
[ssh] pypi.scopely.io:22
[ssh] scheduler.dev.scopely.io:22
[unknown] spinnaker.amgmt.scopely.io:8084
