[cddbp-alt] employer.au.staging.unified.seek.com.unified.staging.seek.com:8880
[cddbp-alt] employer.au.unified.seek.com:8880
[cddbp-alt] employer.hk.jobsdb.staging.unified.seek.com.unified.staging.seek.com:8880
[cddbp-alt] employer.hk.jobsdb.unified.seek.com:8880
[cddbp-alt] employer.id.jobstreet.staging.unified.seek.com.unified.staging.seek.com:8880
[cddbp-alt] employer.id.jobstreet.unified.seek.com:8880
[cddbp-alt] employer.my.jobstreet.staging.unified.seek.com.unified.staging.seek.com:8880
[cddbp-alt] employer.my.jobstreet.unified.seek.com:8880
[cddbp-alt] employer.nz.unified.seek.com:8880
[cddbp-alt] employer.ph.jobstreet.staging.unified.seek.com.unified.staging.seek.com:8880
[cddbp-alt] employer.ph.jobstreet.unified.seek.com:8880
[cddbp-alt] employer.sg.jobstreet.staging.unified.seek.com.unified.staging.seek.com:8880
[cddbp-alt] employer.sg.jobstreet.unified.seek.com:8880
[cddbp-alt] employer.th.jobsdb.staging.unified.seek.com.unified.staging.seek.com:8880
[cddbp-alt] employer.th.jobsdb.unified.seek.com:8880
[cddbp-alt] employer.unified.staging.seek.com:8880
[cddbp-alt] graphql.staging.seek.com:8880
[cddbp-alt] jobsdb.unified.staging.seek.com:8880
[cddbp-alt] jobstreet.unified.staging.seek.com:8880
[clearvisn] employer.au.staging.unified.seek.com.unified.staging.seek.com:2052
[clearvisn] employer.hk.jobsdb.staging.unified.seek.com.unified.staging.seek.com:2052
[clearvisn] employer.id.jobstreet.staging.unified.seek.com.unified.staging.seek.com:2052
[clearvisn] employer.my.jobstreet.unified.seek.com:2052
[clearvisn] employer.nz.unified.seek.com:2052
[clearvisn] employer.ph.jobstreet.unified.seek.com:2052
[clearvisn] employer.th.jobsdb.staging.unified.seek.com.unified.staging.seek.com:2052
[eli] employer.au.staging.unified.seek.com.unified.staging.seek.com:2087
[eli] employer.au.unified.seek.com:2087
[eli] employer.hk.jobsdb.staging.unified.seek.com.unified.staging.seek.com:2087
[eli] employer.hk.jobsdb.unified.seek.com:2087
[eli] employer.id.jobstreet.staging.unified.seek.com.unified.staging.seek.com:2087
[eli] employer.id.jobstreet.unified.seek.com:2087
[eli] employer.my.jobstreet.staging.unified.seek.com.unified.staging.seek.com:2087
[eli] employer.my.jobstreet.unified.seek.com:2087
[eli] employer.nz.unified.seek.com:2087
[eli] employer.ph.jobstreet.staging.unified.seek.com.unified.staging.seek.com:2087
[eli] employer.ph.jobstreet.unified.seek.com:2087
[eli] employer.sg.jobstreet.staging.unified.seek.com.unified.staging.seek.com:2087
[eli] employer.sg.jobstreet.unified.seek.com:2087
[eli] employer.th.jobsdb.staging.unified.seek.com.unified.staging.seek.com:2087
[eli] employer.th.jobsdb.unified.seek.com:2087
[eli] employer.unified.staging.seek.com:2087
[eli] graphql.staging.seek.com:2087
[eli] jobsdb.unified.staging.seek.com:2087
[eli] jobstreet.unified.staging.seek.com:2087
[gnunet] employer.au.staging.unified.seek.com.unified.staging.seek.com:2086
[gnunet] employer.au.unified.seek.com:2086
[gnunet] employer.hk.jobsdb.staging.unified.seek.com.unified.staging.seek.com:2086
[gnunet] employer.hk.jobsdb.unified.seek.com:2086
[gnunet] employer.id.jobstreet.staging.unified.seek.com.unified.staging.seek.com:2086
[gnunet] employer.id.jobstreet.unified.seek.com:2086
[gnunet] employer.my.jobstreet.staging.unified.seek.com.unified.staging.seek.com:2086
[gnunet] employer.nz.unified.seek.com:2086
[gnunet] employer.ph.jobstreet.staging.unified.seek.com.unified.staging.seek.com:2086
[gnunet] employer.sg.jobstreet.staging.unified.seek.com.unified.staging.seek.com:2086
[gnunet] employer.sg.jobstreet.unified.seek.com:2086
[gnunet] employer.th.jobsdb.staging.unified.seek.com.unified.staging.seek.com:2086
[gnunet] employer.th.jobsdb.unified.seek.com:2086
[gnunet] employer.unified.staging.seek.com:2086
[gnunet] graphql.staging.seek.com:2086
[gnunet] jobsdb.unified.staging.seek.com:2086
[gnunet] jobstreet.unified.staging.seek.com:2086
[http] 5distance.sg.seek.com:80
[http] adm-distance.sg.seek.com:80
[http] alias-api-au-oidc.rr.seek.com:80
[http] alias-api-sg.rr.seek.com:80
[http] apex-metrics.sg.seek.com:80
[http] authenticatedistance.sg.seek.com:80
[http] authenticate.seek.com:80
[http] authenticate.staging.seek.com:80
[http] auth.seek.com:80
[http] auth.staging.seek.com:80
[http] au.unified.seek.com:80
[http] backenddistance.sg.seek.com:80
[http] bivj.sg.seek.com:80
[http] candidate-graphql.sg-dev.seek.com:80
[http] candidate-graphql.sg.seek.com:80
[http] cloudfront-distance.sg.seek.com:80
[http] developer.seek.com:80
[http] dev.sg.seek.com:80
[http] distance-10.sg.seek.com:80
[http] distance.2014.sg.seek.com:80
[http] distanceadmin1.sg.seek.com:80
[http] distance.billing.sg.seek.com:80
[http] distance.cn.sg.seek.com:80
[http] distancedev.sg.seek.com:80
[http] distance-forms.sg.seek.com:80
[http] distancehw.sg.seek.com:80
[http] distancemisono.sg.seek.com:80
[http] distance.neurophys.sg.seek.com:80
[http] distance.org.sg.seek.com:80
[http] distance-private.sg.seek.com:80
[http] distancereceita.sg.seek.com:80
[http] distancereviews.sg.seek.com:80
[http] distance.swagger.sg.seek.com:80
[http] distancev2.sg.seek.com:80
[http] distance.w3.sg.seek.com:80
[http] distancewafuwafu.sg.seek.com:80
[http] distancewannabefemlexi.sg.seek.com:80
[http] elasticbeanstalk.distance.sg.seek.com:80
[http] employer.au.staging.unified.seek.com.unified.staging.seek.com:80
[http] employer.au.unified.seek.com:80
[http] employer.hk.jobsdb.staging.unified.seek.com.unified.staging.seek.com:80
[http] employer.hk.jobsdb.unified.seek.com:80
[http] employer.id.jobstreet.staging.unified.seek.com.unified.staging.seek.com:80
[http] employer.id.jobstreet.unified.seek.com:80
[http] employer.my.jobstreet.staging.unified.seek.com.unified.staging.seek.com:80
[http] employer.my.jobstreet.unified.seek.com:80
[http] employer.nz.unified.seek.com:80
[http] employer.ph.jobstreet.staging.unified.seek.com.unified.staging.seek.com:80
[http] employer.ph.jobstreet.unified.seek.com:80
[http] employer.sg.jobstreet.staging.unified.seek.com.unified.staging.seek.com:80
[http] employer.sg.jobstreet.unified.seek.com:80
[http] employer.th.jobsdb.staging.unified.seek.com.unified.staging.seek.com:80
[http] employer.th.jobsdb.unified.seek.com:80
[http] employer.unified.staging.seek.com:80
[http] engineeringdistance.sg.seek.com:80
[http] espace-distance.sg.seek.com:80
[http] exea.sg.seek.com:80
[http] f1.sg.seek.com:80
[http] formsidle.sg-dev.seek.com:80
[http] global-recs-api.sg.seek.com:80
[http] global-recs-users.sg.seek.com:80
[http] graphql.seek.com:80
[http] graphql.staging.seek.com:80
[http] idleapp.sg-dev.seek.com:80
[http] idleedge.sg-dev.seek.com:80
[http] idle.sg-dev.seek.com:80
[http] idp-refresh.sg-dev.seek.com:80
[http] idp-refresh.sg.seek.com:80
[http] info.seek.com:80
[http] job-ad-preview.seek.com:80
[http] jobsdb.unified.staging.seek.com:80
[http] jobstreet.unified.staging.seek.com:80
[http] korea-idle.sg-dev.seek.com:80
[http] login.seek.com:80
[http] login.staging.seek.com:80
[http] manage.developer.seek.com:80
[http] manage.developer.staging.seek.com:80
[http] nov-staff.service.dev.sg.seek.com:80
[http] php-rr-api-oauth.sg.seek.com:80
[http] polandidle.sg-dev.seek.com:80
[http-proxy] employer.au.staging.unified.seek.com.unified.staging.seek.com:8080
[http-proxy] employer.au.unified.seek.com:8080
[http-proxy] employer.hk.jobsdb.staging.unified.seek.com.unified.staging.seek.com:8080
[http-proxy] employer.hk.jobsdb.unified.seek.com:8080
[http-proxy] employer.id.jobstreet.staging.unified.seek.com.unified.staging.seek.com:8080
[http-proxy] employer.id.jobstreet.unified.seek.com:8080
[http-proxy] employer.my.jobstreet.staging.unified.seek.com.unified.staging.seek.com:8080
[http-proxy] employer.my.jobstreet.unified.seek.com:8080
[http-proxy] employer.nz.unified.seek.com:8080
[http-proxy] employer.ph.jobstreet.staging.unified.seek.com.unified.staging.seek.com:8080
[http-proxy] employer.ph.jobstreet.unified.seek.com:8080
[http-proxy] employer.sg.jobstreet.staging.unified.seek.com.unified.staging.seek.com:8080
[http-proxy] employer.sg.jobstreet.unified.seek.com:8080
[http-proxy] employer.th.jobsdb.staging.unified.seek.com.unified.staging.seek.com:8080
[http-proxy] employer.th.jobsdb.unified.seek.com:8080
[http-proxy] graphql.staging.seek.com:8080
[http-proxy] jobstreet.unified.staging.seek.com:8080
[http] redirector-idle.sg-dev.seek.com:80
[http] rr-api-oauthengima.sg.seek.com:80
[http] rr-api-oauth-l.sg.seek.com:80
[http] rr-metrics-forwarder.sg.seek.com:80
[https] 5distance.sg.seek.com:443
[https] adm-distance.sg.seek.com:443
[https] alias-api-au-oidc.rr.seek.com:443
[https] alias-api-sg.rr.seek.com:443
[https-alt] employer.au.staging.unified.seek.com.unified.staging.seek.com:8443
[https-alt] employer.au.unified.seek.com:8443
[https-alt] employer.hk.jobsdb.staging.unified.seek.com.unified.staging.seek.com:8443
[https-alt] employer.hk.jobsdb.unified.seek.com:8443
[https-alt] employer.id.jobstreet.staging.unified.seek.com.unified.staging.seek.com:8443
[https-alt] employer.id.jobstreet.unified.seek.com:8443
[https-alt] employer.my.jobstreet.staging.unified.seek.com.unified.staging.seek.com:8443
[https-alt] employer.my.jobstreet.unified.seek.com:8443
[https-alt] employer.nz.unified.seek.com:8443
[https-alt] employer.ph.jobstreet.staging.unified.seek.com.unified.staging.seek.com:8443
[https-alt] employer.ph.jobstreet.unified.seek.com:8443
[https-alt] employer.sg.jobstreet.staging.unified.seek.com.unified.staging.seek.com:8443
[https-alt] employer.sg.jobstreet.unified.seek.com:8443
[https-alt] employer.th.jobsdb.staging.unified.seek.com.unified.staging.seek.com:8443
[https-alt] employer.th.jobsdb.unified.seek.com:8443
[https-alt] employer.unified.staging.seek.com:8443
[https-alt] graphql.staging.seek.com:8443
[https-alt] jobsdb.unified.staging.seek.com:8443
[https-alt] jobstreet.unified.staging.seek.com:8443
[https] apex-metrics.sg.seek.com:443
[https] authenticatedistance.sg.seek.com:443
[https] authenticate.seek.com:443
[https] authenticate.staging.seek.com:443
[https] auth.seek.com:443
[https] auth.staging.seek.com:443
[https] au.unified.seek.com:443
[https] backenddistance.sg.seek.com:443
[https] bivj.sg.seek.com:443
[https] candidate-graphql.sg-dev.seek.com:443
[https] candidate-graphql.sg.seek.com:443
[https] cloudfront-distance.sg.seek.com:443
[https] developer.seek.com:443
[https] dev.sg.seek.com:443
[https] distance-10.sg.seek.com:443
[https] distance.2014.sg.seek.com:443
[https] distanceadmin1.sg.seek.com:443
[https] distance.billing.sg.seek.com:443
[https] distance.cn.sg.seek.com:443
[https] distancedev.sg.seek.com:443
[https] distance-forms.sg.seek.com:443
[https] distancehw.sg.seek.com:443
[https] distancemisono.sg.seek.com:443
[https] distance.neurophys.sg.seek.com:443
[https] distance.org.sg.seek.com:443
[https] distance-private.sg.seek.com:443
[https] distancereceita.sg.seek.com:443
[https] distancereviews.sg.seek.com:443
[https] distance.swagger.sg.seek.com:443
[https] distancev2.sg.seek.com:443
[https] distance.w3.sg.seek.com:443
[https] distancewafuwafu.sg.seek.com:443
[https] distancewannabefemlexi.sg.seek.com:443
[http] secure.info.seek.com:80
[http] seek.com:80
[https] elasticbeanstalk.distance.sg.seek.com:443
[https] employer.au.staging.unified.seek.com.unified.staging.seek.com:443
[https] employer.au.unified.seek.com:443
[https] employer.hk.jobsdb.staging.unified.seek.com.unified.staging.seek.com:443
[https] employer.hk.jobsdb.unified.seek.com:443
[https] employer.id.jobstreet.staging.unified.seek.com.unified.staging.seek.com:443
[https] employer.id.jobstreet.unified.seek.com:443
[https] employer.my.jobstreet.staging.unified.seek.com.unified.staging.seek.com:443
[https] employer.my.jobstreet.unified.seek.com:443
[https] employer.nz.unified.seek.com:443
[https] employer.ph.jobstreet.staging.unified.seek.com.unified.staging.seek.com:443
[https] employer.ph.jobstreet.unified.seek.com:443
[https] employer.sg.jobstreet.staging.unified.seek.com.unified.staging.seek.com:443
[https] employer.sg.jobstreet.unified.seek.com:443
[https] employer.th.jobsdb.staging.unified.seek.com.unified.staging.seek.com:443
[https] employer.th.jobsdb.unified.seek.com:443
[https] employer.unified.staging.seek.com:443
[https] engineeringdistance.sg.seek.com:443
[https] espace-distance.sg.seek.com:443
[https] exea.sg.seek.com:443
[https] f1.sg.seek.com:443
[https] formsidle.sg-dev.seek.com:443
[https] global-recs-api.sg.seek.com:443
[https] global-recs-users.sg.seek.com:443
[https] graphql.seek.com:443
[https] graphql.staging.seek.com:443
[https] idleapp.sg-dev.seek.com:443
[https] idleedge.sg-dev.seek.com:443
[https] idle.sg-dev.seek.com:443
[https] idp-refresh.sg-dev.seek.com:443
[https] idp-refresh.sg.seek.com:443
[https] info.seek.com:443
[https] job-ad-preview.seek.com:443
[https] jobsdb.unified.staging.seek.com:443
[https] jobstreet.unified.staging.seek.com:443
[https] korea-idle.sg-dev.seek.com:443
[https] login.seek.com:443
[https] login.staging.seek.com:443
[https] manage.developer.seek.com:443
[https] manage.developer.staging.seek.com:443
[http] smtp-api-oauth.sg.seek.com:80
[https] nov-staff.service.dev.sg.seek.com:443
[https] php-rr-api-oauth.sg.seek.com:443
[https] polandidle.sg-dev.seek.com:443
[https] redirector-idle.sg-dev.seek.com:443
[https] rr-api-oauthengima.sg.seek.com:443
[https] rr-api-oauth-l.sg.seek.com:443
[https] rr-metrics-forwarder.sg.seek.com:443
[https] secure.info.seek.com:443
[https] seek.com:443
[https] smtp-api-oauth.sg.seek.com:443
[https] static.rr.seek.com:443
[https] status.seek.com:443
[https] stwindows2f.service.dev.sg.seek.com:443
[https] talentsearch-api-priv.sg.seek.com:443
[https] talentsearch-api.sg.seek.com:443
[https] talentsearch-w.sg.seek.com:443
[http] static.rr.seek.com:80
[http] status.seek.com:80
[https] test.test.sg-dev.seek.com:443
[http] stwindows2f.service.dev.sg.seek.com:80
[https] udcyf.sg-dev.seek.com:443
[https] udcy.sg-dev.seek.com:443
[https] unified.seek.com:443
[https] wildcard.sg.seek.com:443
[https] www.seek.com:443
[https] www.staging.seek.com:443
[https] yahoodistance.billing.sg.seek.com:443
[http] talentsearch-api-priv.sg.seek.com:80
[http] talentsearch-api.sg.seek.com:80
[http] talentsearch-w.sg.seek.com:80
[http] test.test.sg-dev.seek.com:80
[http] udcyf.sg-dev.seek.com:80
[http] udcy.sg-dev.seek.com:80
[http] unified.seek.com:80
[http] wildcard.sg.seek.com:80
[http] www.seek.com:80
[http] www.staging.seek.com:80
[http] yahoodistance.billing.sg.seek.com:80
[infowave] employer.au.staging.unified.seek.com.unified.staging.seek.com:2082
[infowave] employer.au.unified.seek.com:2082
[infowave] employer.hk.jobsdb.staging.unified.seek.com.unified.staging.seek.com:2082
[infowave] employer.hk.jobsdb.unified.seek.com:2082
[infowave] employer.id.jobstreet.staging.unified.seek.com.unified.staging.seek.com:2082
[infowave] employer.id.jobstreet.unified.seek.com:2082
[infowave] employer.my.jobstreet.staging.unified.seek.com.unified.staging.seek.com:2082
[infowave] employer.my.jobstreet.unified.seek.com:2082
[infowave] employer.nz.unified.seek.com:2082
[infowave] employer.ph.jobstreet.staging.unified.seek.com.unified.staging.seek.com:2082
[infowave] employer.ph.jobstreet.unified.seek.com:2082
[infowave] employer.sg.jobstreet.staging.unified.seek.com.unified.staging.seek.com:2082
[infowave] employer.sg.jobstreet.unified.seek.com:2082
[infowave] employer.th.jobsdb.staging.unified.seek.com.unified.staging.seek.com:2082
[infowave] employer.th.jobsdb.unified.seek.com:2082
[infowave] employer.unified.staging.seek.com:2082
[infowave] jobsdb.unified.staging.seek.com:2082
[infowave] jobstreet.unified.staging.seek.com:2082
[knetd] employer.au.unified.seek.com:2053
[knetd] employer.hk.jobsdb.unified.seek.com:2053
[knetd] employer.id.jobstreet.unified.seek.com:2053
[knetd] employer.sg.jobstreet.unified.seek.com:2053
[knetd] employer.th.jobsdb.unified.seek.com:2053
[knetd] jobstreet.unified.staging.seek.com:2053
[nbx-ser] employer.unified.staging.seek.com:2095
[nbx-ser] jobsdb.unified.staging.seek.com:2095
[nbx-ser] jobstreet.unified.staging.seek.com:2095
[radsec] employer.au.staging.unified.seek.com.unified.staging.seek.com:2083
[radsec] employer.au.unified.seek.com:2083
[radsec] employer.hk.jobsdb.staging.unified.seek.com.unified.staging.seek.com:2083
[radsec] employer.hk.jobsdb.unified.seek.com:2083
[radsec] employer.id.jobstreet.staging.unified.seek.com.unified.staging.seek.com:2083
[radsec] employer.id.jobstreet.unified.seek.com:2083
[radsec] employer.my.jobstreet.staging.unified.seek.com.unified.staging.seek.com:2083
[radsec] employer.my.jobstreet.unified.seek.com:2083
[radsec] employer.nz.unified.seek.com:2083
[radsec] employer.ph.jobstreet.staging.unified.seek.com.unified.staging.seek.com:2083
[radsec] employer.ph.jobstreet.unified.seek.com:2083
[radsec] employer.sg.jobstreet.staging.unified.seek.com.unified.staging.seek.com:2083
[radsec] employer.sg.jobstreet.unified.seek.com:2083
[radsec] employer.th.jobsdb.staging.unified.seek.com.unified.staging.seek.com:2083
[radsec] employer.th.jobsdb.unified.seek.com:2083
[radsec] employer.unified.staging.seek.com:2083
[radsec] graphql.staging.seek.com:2083
[radsec] jobsdb.unified.staging.seek.com:2083
[radsec] jobstreet.unified.staging.seek.com:2083
