[amqp] kb-rc.semrush.net:5672
[amqp] kb.semrush.net:5672
[amqp] netbox.semrush.net:5672
[ansoft-lm-2] dokuwiki-gcp.semrush.net:1084
[ansoft-lm-2] dokuwiki.semrush.net:1084
[ansoft-lm-2] i-test.semrush.net:1084
[ansoft-lm-2] kb-rc.semrush.net:1084
[ansoft-lm-2] kb.semrush.net:1084
[ansoft-lm-2] netboxdc.semrush.net:1084
[ansoft-lm-2] netbox.semrush.net:1084
[blackice-icecap] dokuwiki-gcp.semrush.net:8081
[blackice-icecap] dokuwiki.semrush.net:8081
[blackice-icecap] i-test.semrush.net:8081
[blackice-icecap] kb-rc.semrush.net:8081
[blackice-icecap] kb.semrush.net:8081
[blackice-icecap] netboxdc.semrush.net:8081
[blackice-icecap] netbox.semrush.net:8081
[ctf] dokuwiki-gcp.semrush.net:84
[ctf] dokuwiki.semrush.net:84
[ctf] i-test.semrush.net:84
[ctf] kb-rc.semrush.net:84
[ctf] kb.semrush.net:84
[ctf] netboxdc.semrush.net:84
[ctf] netbox.semrush.net:84
[dn6-nlm-aud] kb-rc.semrush.net:195
[dn6-nlm-aud] kb.semrush.net:195
[dn6-nlm-aud] netbox.semrush.net:195
[dnp] dokuwiki-gcp.semrush.net:20000
[dnp] dokuwiki.semrush.net:20000
[dnp] i-test.semrush.net:20000
[dnp] kb-rc.semrush.net:20000
[dnp] kb.semrush.net:20000
[dnp] netboxdc.semrush.net:20000
[dnp] netbox.semrush.net:20000
[d-s-n] dokuwiki-gcp.semrush.net:8086
[d-s-n] dokuwiki.semrush.net:8086
[d-s-n] i-test.semrush.net:8086
[d-s-n] kb-rc.semrush.net:8086
[d-s-n] kb.semrush.net:8086
[d-s-n] netboxdc.semrush.net:8086
[d-s-n] netbox.semrush.net:8086
[epp] dokuwiki-gcp.semrush.net:700
[epp] dokuwiki.semrush.net:700
[epp] i-test.semrush.net:700
[epp] kb-rc.semrush.net:700
[epp] kb.semrush.net:700
[epp] netboxdc.semrush.net:700
[epp] netbox.semrush.net:700
[ff-annunc] dokuwiki-gcp.semrush.net:1089
[ff-annunc] dokuwiki.semrush.net:1089
[ff-annunc] i-test.semrush.net:1089
[ff-annunc] kb-rc.semrush.net:1089
[ff-annunc] kb.semrush.net:1089
[ff-annunc] netboxdc.semrush.net:1089
[ff-annunc] netbox.semrush.net:1089
[http] dokuwiki-gcp.semrush.net:80
[http] dokuwiki.semrush.net:80
[http] hr.semrush.net:80
[http] i-test.semrush.net:80
[http] kb-rc.semrush.net:80
[http] kb.semrush.net:80
[http] netboxdc.semrush.net:80
[http] netbox.semrush.net:80
[http-proxy] dokuwiki-gcp.semrush.net:8080
[http-proxy] dokuwiki.semrush.net:8080
[http-proxy] i-test.semrush.net:8080
[http-proxy] kb-rc.semrush.net:8080
[http-proxy] kb.semrush.net:8080
[http-proxy] netboxdc.semrush.net:8080
[http-proxy] netbox.semrush.net:8080
[https] access2.semrush.net:443
[https] dokuwiki-gcp.semrush.net:443
[https] dokuwiki.semrush.net:443
[https] i-test.semrush.net:443
[https] kb-rc.semrush.net:443
[https] kb.semrush.net:443
[https] netboxdc.semrush.net:443
[https] netbox.semrush.net:443
[http] spb.semrush.net:80
[http] styleguide.semrush.net:80
[http] usa.semrush.net:80
[ies-lm] dokuwiki-gcp.semrush.net:1443
[ies-lm] dokuwiki.semrush.net:1443
[ies-lm] i-test.semrush.net:1443
[ies-lm] kb-rc.semrush.net:1443
[ies-lm] kb.semrush.net:1443
[ies-lm] netboxdc.semrush.net:1443
[ies-lm] netbox.semrush.net:1443
[imap] dokuwiki-gcp.semrush.net:143
[imap] dokuwiki.semrush.net:143
[imap] i-test.semrush.net:143
[imap] kb-rc.semrush.net:143
[imap] kb.semrush.net:143
[imap] netboxdc.semrush.net:143
[imap] netbox.semrush.net:143
[imaps] dokuwiki-gcp.semrush.net:993
[imaps] dokuwiki.semrush.net:993
[imaps] i-test.semrush.net:993
[imaps] kb-rc.semrush.net:993
[imaps] kb.semrush.net:993
[imaps] netboxdc.semrush.net:993
[imaps] netbox.semrush.net:993
[jetdirect] dokuwiki-gcp.semrush.net:9100
[jetdirect] dokuwiki.semrush.net:9100
[jetdirect] i-test.semrush.net:9100
[jetdirect] kb-rc.semrush.net:9100
[jetdirect] kb.semrush.net:9100
[jetdirect] netboxdc.semrush.net:9100
[jetdirect] netbox.semrush.net:9100
[memcache] kb-rc.semrush.net:11211
[memcache] kb.semrush.net:11211
[memcache] netbox.semrush.net:11211
[mit-ml-dev] dokuwiki-gcp.semrush.net:83
[mit-ml-dev] dokuwiki-gcp.semrush.net:85
[mit-ml-dev] dokuwiki.semrush.net:83
[mit-ml-dev] dokuwiki.semrush.net:85
[mit-ml-dev] i-test.semrush.net:83
[mit-ml-dev] i-test.semrush.net:85
[mit-ml-dev] kb-rc.semrush.net:83
[mit-ml-dev] kb-rc.semrush.net:85
[mit-ml-dev] kb.semrush.net:83
[mit-ml-dev] kb.semrush.net:85
[mit-ml-dev] netboxdc.semrush.net:83
[mit-ml-dev] netboxdc.semrush.net:85
[mit-ml-dev] netbox.semrush.net:83
[mit-ml-dev] netbox.semrush.net:85
[mqtt] kb-rc.semrush.net:1883
[mqtt] kb.semrush.net:1883
[mqtt] netbox.semrush.net:1883
[ms-wbt-server] dokuwiki-gcp.semrush.net:3389
[ms-wbt-server] dokuwiki.semrush.net:3389
[ms-wbt-server] i-test.semrush.net:3389
[ms-wbt-server] kb-rc.semrush.net:3389
[ms-wbt-server] kb.semrush.net:3389
[ms-wbt-server] netboxdc.semrush.net:3389
[ms-wbt-server] netbox.semrush.net:3389
[ncd-conf] dokuwiki-gcp.semrush.net:5999
[ncd-conf] dokuwiki.semrush.net:5999
[ncd-conf] i-test.semrush.net:5999
[ncd-conf] kb-rc.semrush.net:5999
[ncd-conf] kb.semrush.net:5999
[ncd-conf] netboxdc.semrush.net:5999
[ncd-conf] netbox.semrush.net:5999
[ndmps] dokuwiki-gcp.semrush.net:30000
[ndmps] dokuwiki.semrush.net:30000
[ndmps] i-test.semrush.net:30000
[ndmps] kb-rc.semrush.net:30000
[ndmps] kb.semrush.net:30000
[ndmps] netboxdc.semrush.net:30000
[ndmps] netbox.semrush.net:30000
[opsmessaging] dokuwiki-gcp.semrush.net:8090
[opsmessaging] dokuwiki.semrush.net:8090
[opsmessaging] i-test.semrush.net:8090
[opsmessaging] kb-rc.semrush.net:8090
[opsmessaging] kb.semrush.net:8090
[opsmessaging] netboxdc.semrush.net:8090
[opsmessaging] netbox.semrush.net:8090
[pop3] dokuwiki-gcp.semrush.net:110
[pop3] dokuwiki.semrush.net:110
[pop3] i-test.semrush.net:110
[pop3] kb-rc.semrush.net:110
[pop3] kb.semrush.net:110
[pop3] netboxdc.semrush.net:110
[pop3] netbox.semrush.net:110
[pop3s] dokuwiki-gcp.semrush.net:995
[pop3s] dokuwiki.semrush.net:995
[pop3s] i-test.semrush.net:995
[pop3s] kb-rc.semrush.net:995
[pop3s] kb.semrush.net:995
[pop3s] netboxdc.semrush.net:995
[pop3s] netbox.semrush.net:995
[postgresql] dokuwiki-gcp.semrush.net:5432
[postgresql] dokuwiki.semrush.net:5432
[postgresql] i-test.semrush.net:5432
[postgresql] kb-rc.semrush.net:5432
[postgresql] kb.semrush.net:5432
[postgresql] netboxdc.semrush.net:5432
[postgresql] netbox.semrush.net:5432
[priv-term-l] kb.semrush.net:87
[radan-http] dokuwiki-gcp.semrush.net:8088
[radan-http] dokuwiki.semrush.net:8088
[radan-http] i-test.semrush.net:8088
[radan-http] kb-rc.semrush.net:8088
[radan-http] kb.semrush.net:8088
[radan-http] netboxdc.semrush.net:8088
[radan-http] netbox.semrush.net:8088
[redis] kb-rc.semrush.net:6379
[redis] kb.semrush.net:6379
[redis] netbox.semrush.net:6379
[rtmp] dokuwiki-gcp.semrush.net:1935
[rtmp] dokuwiki.semrush.net:1935
[rtmp] i-test.semrush.net:1935
[rtmp] kb-rc.semrush.net:1935
[rtmp] kb.semrush.net:1935
[rtmp] netboxdc.semrush.net:1935
[rtmp] netbox.semrush.net:1935
[smtp] dokuwiki-gcp.semrush.net:25
[smtp] dokuwiki.semrush.net:25
[smtp] i-test.semrush.net:25
[smtp] kb-rc.semrush.net:25
[smtp] kb.semrush.net:25
[smtp] netboxdc.semrush.net:25
[smtp] netbox.semrush.net:25
[smtps] dokuwiki-gcp.semrush.net:465
[smtps] dokuwiki.semrush.net:465
[smtps] i-test.semrush.net:465
[smtps] kb-rc.semrush.net:465
[smtps] kb.semrush.net:465
[smtps] netboxdc.semrush.net:465
[smtps] netbox.semrush.net:465
[submission] dokuwiki-gcp.semrush.net:587
[submission] dokuwiki.semrush.net:587
[submission] i-test.semrush.net:587
[submission] kb-rc.semrush.net:587
[submission] kb.semrush.net:587
[submission] netboxdc.semrush.net:587
[submission] netbox.semrush.net:587
[su-mit-tg] dokuwiki-gcp.semrush.net:89
[su-mit-tg] dokuwiki.semrush.net:89
[su-mit-tg] i-test.semrush.net:89
[su-mit-tg] kb-rc.semrush.net:89
[su-mit-tg] kb.semrush.net:89
[su-mit-tg] netboxdc.semrush.net:89
[su-mit-tg] netbox.semrush.net:89
[unknown] dokuwiki-gcp.semrush.net:8085
[unknown] dokuwiki-gcp.semrush.net:8089
[unknown] dokuwiki-gcp.semrush.net:8099
[unknown] dokuwiki.semrush.net:8085
[unknown] dokuwiki.semrush.net:8089
[unknown] dokuwiki.semrush.net:8099
[unknown] i-test.semrush.net:8085
[unknown] i-test.semrush.net:8089
[unknown] i-test.semrush.net:8099
[unknown] kb-rc.semrush.net:8085
[unknown] kb-rc.semrush.net:8089
[unknown] kb-rc.semrush.net:8099
[unknown] kb.semrush.net:8085
[unknown] kb.semrush.net:8089
[unknown] kb.semrush.net:8099
[unknown] netboxdc.semrush.net:8085
[unknown] netboxdc.semrush.net:8089
[unknown] netboxdc.semrush.net:8099
[unknown] netbox.semrush.net:8085
[unknown] netbox.semrush.net:8089
[unknown] netbox.semrush.net:8099
[vnc-1] dokuwiki-gcp.semrush.net:5901
[vnc-1] dokuwiki.semrush.net:5901
[vnc-1] i-test.semrush.net:5901
[vnc-1] kb-rc.semrush.net:5901
[vnc-1] kb.semrush.net:5901
[vnc-1] netboxdc.semrush.net:5901
[vnc-1] netbox.semrush.net:5901
[vnc] dokuwiki-gcp.semrush.net:5900
[vnc] dokuwiki.semrush.net:5900
[vnc] i-test.semrush.net:5900
[vnc] kb-rc.semrush.net:5900
[vnc] kb.semrush.net:5900
[vnc] netboxdc.semrush.net:5900
[vnc] netbox.semrush.net:5900
[vrace] netbox.semrush.net:9300
[wap-wsp] dokuwiki-gcp.semrush.net:9200
[wap-wsp] dokuwiki.semrush.net:9200
[wap-wsp] i-test.semrush.net:9200
[wap-wsp] kb-rc.semrush.net:9200
[wap-wsp] kb.semrush.net:9200
[wap-wsp] netboxdc.semrush.net:9200
[wap-wsp] netbox.semrush.net:9200
[webobjects] dokuwiki-gcp.semrush.net:1085
[webobjects] dokuwiki.semrush.net:1085
[webobjects] i-test.semrush.net:1085
[webobjects] kb-rc.semrush.net:1085
[webobjects] kb.semrush.net:1085
[webobjects] netboxdc.semrush.net:1085
[webobjects] netbox.semrush.net:1085
[whois] dokuwiki-gcp.semrush.net:43
[whois] dokuwiki.semrush.net:43
[whois] i-test.semrush.net:43
[whois] kb-rc.semrush.net:43
[whois] kb.semrush.net:43
[whois] netboxdc.semrush.net:43
[whois] netbox.semrush.net:43
[xmpp-client] dokuwiki-gcp.semrush.net:5222
[xmpp-client] dokuwiki.semrush.net:5222
[xmpp-client] i-test.semrush.net:5222
[xmpp-client] kb-rc.semrush.net:5222
[xmpp-client] kb.semrush.net:5222
[xmpp-client] netboxdc.semrush.net:5222
[xmpp-client] netbox.semrush.net:5222
