[amqp] egress-ips.shopify.com:5672
[amqp] storybook.polaris.shopify.com:5672
[ansoft-lm-2] egress-ips.shopify.com:1084
[blackice-icecap] egress-ips.shopify.com:8081
[blackice-icecap] storybook.polaris.shopify.com:8081
[cddbp-alt] 180.shopify.com:8880
[cddbp-alt] academy.shopify.com:8880
[cddbp-alt] acceleration.shopify.com:8880
[cddbp-alt] admin.shopify.com:8880
[cddbp-alt] alumni.shopify.com:8880
[cddbp-alt] amazon-ads.shopify.com:8880
[cddbp-alt] amazon.shopify.com:8880
[cddbp-alt] api.shopify.com:8880
[cddbp-alt] apm.shopify.com:8880
[cddbp-alt] apps.shopify.com:8880
[cddbp-alt] babb-academy.shopify.com:8880
[cddbp-alt] bcs.shopify.com:8880
[cddbp-alt] beamishbeverages.shopify.com:8880
[cddbp-alt] beastmodeabusiness.shopify.com:8880
[cddbp-alt] beta.help.shopify.com:8880
[cddbp-alt] beyondthebuild.shopify.com:8880
[cddbp-alt] blog.shopify.com:8880
[cddbp-alt] brochure.shopify.com:8880
[cddbp-alt] burst.shopify.com:8880
[cddbp-alt] careers.shopify.com:8880
[cddbp-alt] c.email.plus.shopify.com:8880
[cddbp-alt] changelog.shopify.com:8880
[cddbp-alt] chat.shopify.com:8880
[cddbp-alt] cms.shopify.com:8880
[cddbp-alt] commerceawards.shopify.com:8880
[cddbp-alt] commerceplus.shopify.com:8880
[cddbp-alt] consultant-launch.shopify.com:8880
[cddbp-alt] contest.shopify.com:8880
[cddbp-alt] counter.shopify.com:8880
[cddbp-alt] courier.shopify.com:8880
[cddbp-alt] crafted.shopify.com:8880
[cddbp-alt] customer.login.shopify.com:8880
[cddbp-alt] data.shopify.com:8880
[cddbp-alt] developer.shopify.com:8880
[cddbp-alt] developers.shopify.com:8880
[cddbp-alt] engineering.shopify.com:8880
[cddbp-alt] enterprise.plus.shopify.com:8880
[cddbp-alt] es.shopify.com:8880
[cddbp-alt] everest-staging1.shopify.com:8880
[cddbp-alt] experiments.shopify.com:8880
[cddbp-alt] expert.shopify.com:8880
[cddbp-alt] experts.shopify.com:8880
[cddbp-alt] facebook.shopify.com:8880
[cddbp-alt] fr.shopify.com:8880
[cddbp-alt] fund.shopify.com:8880
[cddbp-alt] gap.shopify.com:8880
[cddbp-alt] gauntlet.shopify.com:8880
[cddbp-alt] geolocation-proxy-staging.shopify.com:8880
[cddbp-alt] geolocation-recommendations-staging.shopify.com:8880
[cddbp-alt] hardware-new.shopify.com:8880
[cddbp-alt] hardware-returns.shopify.com:8880
[cddbp-alt] hardware.shopify.com:8880
[cddbp-alt] hatchful.shopify.com:8880
[cddbp-alt] help.shopify.com:8880
[cddbp-alt] hi.shopify.com:8880
[cddbp-alt] incoming.shopify.com:8880
[cddbp-alt] in.shopify.com:8880
[cddbp-alt] intern-launch.shopify.com:8880
[cddbp-alt] internships.shopify.com:8880
[cddbp-alt] investor.shopify.com:8880
[cddbp-alt] invoices.shopify.com:8880
[cddbp-alt] ipad-pos.shopify.com:8880
[cddbp-alt] ir.shopify.com:8880
[cddbp-alt] it.shopify.com:8880
[cddbp-alt] magazine.shopify.com:8880
[cddbp-alt] marketplace.shopify.com:8880
[cddbp-alt] marketplaces-staging.shopify.com:8880
[cddbp-alt] marketplaces-temp.shopify.com:8880
[cddbp-alt] market.shopify.com:8880
[cddbp-alt] meetup.shopify.com:8880
[cddbp-alt] meetups.shopify.com:8880
[cddbp-alt] merchandise.shopify.com:8880
[cddbp-alt] mobile.shopify.com:8880
[cddbp-alt] m.shopify.com:8880
[cddbp-alt] myhumpdydumpdy.shopify.com:8880
[cddbp-alt] mystore.nikolas.shopify.com:8880
[cddbp-alt] newsroom.shopify.com:8880
[cddbp-alt] next.shopify.com:8880
[cddbp-alt] partner.shopify.com:8880
[cddbp-alt] partners.shopify.com:8880
[cddbp-alt] pay.shopify.com:8880
[cddbp-alt] photos.shopify.com:8880
[cddbp-alt] pin.shopify.com:8880
[cddbp-alt] plus.shopify.com:8880
[cddbp-alt] pm.shopify.com:8880
[cddbp-alt] pointofsale.shopify.com:8880
[cddbp-alt] polaris-icons.shopify.com:8880
[cddbp-alt] polaris.shopify.com:8880
[cddbp-alt] press.shopify.com:8880
[cddbp-alt] projectruru.shopify.com:8880
[cddbp-alt] qr.shopify.com:8880
[cddbp-alt] redirectify.shopify.com:8880
[cddbp-alt] rndsummit.shopify.com:8880
[cddbp-alt] sanfrancisco.shopify.com:8880
[cddbp-alt] search.shopify.com:8880
[cddbp-alt] secretpolaris.shopify.com:8880
[cddbp-alt] services.shopify.com:8880
[cddbp-alt] shopclass.shopify.com:8880
[cddbp-alt] staging.data.shopify.com:8880
[cddbp-alt] stockroom.shopify.com:8880
[cddbp-alt] store.shopify.com:8880
[cddbp-alt] supportapp.shopify.com:8880
[cddbp-alt] supporthiring.shopify.com:8880
[cddbp-alt] support.shopify.com:8880
[cddbp-alt] talent.shopify.com:8880
[cddbp-alt] tashboard.shopify.com:8880
[cddbp-alt] themes.shopify.com:8880
[cddbp-alt] timber.shopify.com:8880
[cddbp-alt] unionstation.shopify.com:8880
[cddbp-alt] unitestore.shopify.com:8880
[cddbp-alt] unite-tickets.shopify.com:8880
[cddbp-alt] upcoming-6f0o.shopify.com:8880
[cddbp-alt] upcoming-iu6v.shopify.com:8880
[cddbp-alt] upcoming-pi60.shopify.com:8880
[cddbp-alt] upcoming-w1tq.shopify.com:8880
[cddbp-alt] upcoming-we84.shopify.com:8880
[cddbp-alt] videomaker.shopify.com:8880
[cddbp-alt] vision.shopify.com:8880
[cddbp-alt] wholesale.shopify.com:8880
[cddbp-alt] win.shopify.com:8880
[cddbp-alt] ww.shopify.com:8880
[cddbp-alt] www.messybarefoot.shopify.com:8880
[cddbp-alt] www.shopify.com:8880
[cddbp-alt] yom.shopify.com:8880
[cddbp-alt] zh.shopify.com:8880
[clearvisn] alumni.shopify.com:2052
[clearvisn] amazon-ads.shopify.com:2052
[clearvisn] amazon.shopify.com:2052
[clearvisn] apm.shopify.com:2052
[clearvisn] babb-academy.shopify.com:2052
[clearvisn] c.email.plus.shopify.com:2052
[clearvisn] contest.shopify.com:2052
[clearvisn] counter.shopify.com:2052
[clearvisn] crafted.shopify.com:2052
[clearvisn] developer.shopify.com:2052
[clearvisn] enterprise.plus.shopify.com:2052
[clearvisn] expert.shopify.com:2052
[clearvisn] fund.shopify.com:2052
[clearvisn] gap.shopify.com:2052
[clearvisn] hardware-returns.shopify.com:2052
[clearvisn] hardware.shopify.com:2052
[clearvisn] hi.shopify.com:2052
[clearvisn] incoming.shopify.com:2052
[clearvisn] internships.shopify.com:2052
[clearvisn] ipad-pos.shopify.com:2052
[clearvisn] magazine.shopify.com:2052
[clearvisn] newsroom.shopify.com:2052
[clearvisn] photos.shopify.com:2052
[clearvisn] rndsummit.shopify.com:2052
[clearvisn] talent.shopify.com:2052
[clearvisn] timber.shopify.com:2052
[clearvisn] unionstation.shopify.com:2052
[ctf] egress-ips.shopify.com:84
[ctf] storybook.polaris.shopify.com:84
[dn6-nlm-aud] storybook.polaris.shopify.com:195
[dnp] egress-ips.shopify.com:20000
[dnp] storybook.polaris.shopify.com:20000
[d-s-n] egress-ips.shopify.com:8086
[d-s-n] storybook.polaris.shopify.com:8086
[eli] 180.shopify.com:2087
[eli] academy.shopify.com:2087
[eli] acceleration.shopify.com:2087
[eli] admin.shopify.com:2087
[eli] alumni.shopify.com:2087
[eli] amazon-ads.shopify.com:2087
[eli] amazon.shopify.com:2087
[eli] api.shopify.com:2087
[eli] apm.shopify.com:2087
[eli] apps.shopify.com:2087
[eli] babb-academy.shopify.com:2087
[eli] bcs.shopify.com:2087
[eli] beamishbeverages.shopify.com:2087
[eli] beastmodeabusiness.shopify.com:2087
[eli] beta.help.shopify.com:2087
[eli] beyondthebuild.shopify.com:2087
[eli] blog.shopify.com:2087
[eli] brochure.shopify.com:2087
[eli] burst.shopify.com:2087
[eli] careers.shopify.com:2087
[eli] c.email.plus.shopify.com:2087
[eli] changelog.shopify.com:2087
[eli] chat.shopify.com:2087
[eli] cms.shopify.com:2087
[eli] commerceawards.shopify.com:2087
[eli] commerceplus.shopify.com:2087
[eli] consultant-launch.shopify.com:2087
[eli] contest.shopify.com:2087
[eli] counter.shopify.com:2087
[eli] courier.shopify.com:2087
[eli] crafted.shopify.com:2087
[eli] customer.login.shopify.com:2087
[eli] data.shopify.com:2087
[eli] developer.shopify.com:2087
[eli] developers.shopify.com:2087
[eli] engineering.shopify.com:2087
[eli] enterprise.plus.shopify.com:2087
[eli] es.shopify.com:2087
[eli] everest-staging1.shopify.com:2087
[eli] experiments.shopify.com:2087
[eli] expert.shopify.com:2087
[eli] experts.shopify.com:2087
[eli] facebook.shopify.com:2087
[eli] fr.shopify.com:2087
[eli] fund.shopify.com:2087
[eli] gap.shopify.com:2087
[eli] gauntlet.shopify.com:2087
[eli] geolocation-proxy-staging.shopify.com:2087
[eli] geolocation-recommendations-staging.shopify.com:2087
[eli] hardware-new.shopify.com:2087
[eli] hardware-returns.shopify.com:2087
[eli] hardware.shopify.com:2087
[eli] hatchful.shopify.com:2087
[eli] help.shopify.com:2087
[eli] hi.shopify.com:2087
[eli] incoming.shopify.com:2087
[eli] in.shopify.com:2087
[eli] intern-launch.shopify.com:2087
[eli] internships.shopify.com:2087
[eli] investor.shopify.com:2087
[eli] invoices.shopify.com:2087
[eli] ipad-pos.shopify.com:2087
[eli] ir.shopify.com:2087
[eli] it.shopify.com:2087
[eli] magazine.shopify.com:2087
[eli] marketplace.shopify.com:2087
[eli] marketplaces-staging.shopify.com:2087
[eli] marketplaces-temp.shopify.com:2087
[eli] market.shopify.com:2087
[eli] meetup.shopify.com:2087
[eli] meetups.shopify.com:2087
[eli] merchandise.shopify.com:2087
[eli] mobile.shopify.com:2087
[eli] m.shopify.com:2087
[eli] myhumpdydumpdy.shopify.com:2087
[eli] mystore.nikolas.shopify.com:2087
[eli] newsroom.shopify.com:2087
[eli] next.shopify.com:2087
[eli] partner.shopify.com:2087
[eli] partners.shopify.com:2087
[eli] pay.shopify.com:2087
[eli] photos.shopify.com:2087
[eli] pin.shopify.com:2087
[eli] plus.shopify.com:2087
[eli] pm.shopify.com:2087
[eli] pointofsale.shopify.com:2087
[eli] polaris.shopify.com:2087
[eli] press.shopify.com:2087
[eli] projectruru.shopify.com:2087
[eli] qr.shopify.com:2087
[eli] redirectify.shopify.com:2087
[eli] rndsummit.shopify.com:2087
[eli] sanfrancisco.shopify.com:2087
[eli] search.shopify.com:2087
[eli] secretpolaris.shopify.com:2087
[eli] services.shopify.com:2087
[eli] shopclass.shopify.com:2087
[eli] staging.data.shopify.com:2087
[eli] stockroom.shopify.com:2087
[eli] store.shopify.com:2087
[eli] supportapp.shopify.com:2087
[eli] supporthiring.shopify.com:2087
[eli] support.shopify.com:2087
[eli] talent.shopify.com:2087
[eli] tashboard.shopify.com:2087
[eli] themes.shopify.com:2087
[eli] timber.shopify.com:2087
[eli] unionstation.shopify.com:2087
[eli] unitestore.shopify.com:2087
[eli] unite-tickets.shopify.com:2087
[eli] upcoming-6f0o.shopify.com:2087
[eli] upcoming-iu6v.shopify.com:2087
[eli] upcoming-pi60.shopify.com:2087
[eli] upcoming-w1tq.shopify.com:2087
[eli] upcoming-we84.shopify.com:2087
[eli] videomaker.shopify.com:2087
[eli] vision.shopify.com:2087
[eli] wholesale.shopify.com:2087
[eli] win.shopify.com:2087
[eli] ww.shopify.com:2087
[eli] www.messybarefoot.shopify.com:2087
[eli] www.shopify.com:2087
[eli] yom.shopify.com:2087
[eli] zh.shopify.com:2087
[epp] egress-ips.shopify.com:700
[ff-annunc] egress-ips.shopify.com:1089
[git] webdisk.github.shopify.com:9418
[gnunet] 180.shopify.com:2086
[gnunet] academy.shopify.com:2086
[gnunet] acceleration.shopify.com:2086
[gnunet] admin.shopify.com:2086
[gnunet] alumni.shopify.com:2086
[gnunet] amazon-ads.shopify.com:2086
[gnunet] amazon.shopify.com:2086
[gnunet] api.shopify.com:2086
[gnunet] apm.shopify.com:2086
[gnunet] apps.shopify.com:2086
[gnunet] babb-academy.shopify.com:2086
[gnunet] bcs.shopify.com:2086
[gnunet] beamishbeverages.shopify.com:2086
[gnunet] beastmodeabusiness.shopify.com:2086
[gnunet] beta.help.shopify.com:2086
[gnunet] blog.shopify.com:2086
[gnunet] brochure.shopify.com:2086
[gnunet] burst.shopify.com:2086
[gnunet] careers.shopify.com:2086
[gnunet] c.email.plus.shopify.com:2086
[gnunet] changelog.shopify.com:2086
[gnunet] chat.shopify.com:2086
[gnunet] cms.shopify.com:2086
[gnunet] commerceawards.shopify.com:2086
[gnunet] consultant-launch.shopify.com:2086
[gnunet] contest.shopify.com:2086
[gnunet] counter.shopify.com:2086
[gnunet] courier.shopify.com:2086
[gnunet] crafted.shopify.com:2086
[gnunet] customer.login.shopify.com:2086
[gnunet] data.shopify.com:2086
[gnunet] developer.shopify.com:2086
[gnunet] developers.shopify.com:2086
[gnunet] engineering.shopify.com:2086
[gnunet] enterprise.plus.shopify.com:2086
[gnunet] everest-staging1.shopify.com:2086
[gnunet] experiments.shopify.com:2086
[gnunet] expert.shopify.com:2086
[gnunet] facebook.shopify.com:2086
[gnunet] fr.shopify.com:2086
[gnunet] fund.shopify.com:2086
[gnunet] gap.shopify.com:2086
[gnunet] gauntlet.shopify.com:2086
[gnunet] geolocation-proxy-staging.shopify.com:2086
[gnunet] geolocation-recommendations-staging.shopify.com:2086
[gnunet] hardware-new.shopify.com:2086
[gnunet] hardware-returns.shopify.com:2086
[gnunet] hardware.shopify.com:2086
[gnunet] help.shopify.com:2086
[gnunet] hi.shopify.com:2086
[gnunet] incoming.shopify.com:2086
[gnunet] in.shopify.com:2086
[gnunet] intern-launch.shopify.com:2086
[gnunet] internships.shopify.com:2086
[gnunet] investor.shopify.com:2086
[gnunet] invoices.shopify.com:2086
[gnunet] ipad-pos.shopify.com:2086
[gnunet] ir.shopify.com:2086
[gnunet] magazine.shopify.com:2086
[gnunet] marketplace.shopify.com:2086
[gnunet] marketplaces-staging.shopify.com:2086
[gnunet] marketplaces-temp.shopify.com:2086
[gnunet] market.shopify.com:2086
[gnunet] meetup.shopify.com:2086
[gnunet] meetups.shopify.com:2086
[gnunet] merchandise.shopify.com:2086
[gnunet] mobile.shopify.com:2086
[gnunet] m.shopify.com:2086
[gnunet] myhumpdydumpdy.shopify.com:2086
[gnunet] mystore.nikolas.shopify.com:2086
[gnunet] newsroom.shopify.com:2086
[gnunet] next.shopify.com:2086
[gnunet] partner.shopify.com:2086
[gnunet] partners.shopify.com:2086
[gnunet] pay.shopify.com:2086
[gnunet] photos.shopify.com:2086
[gnunet] pin.shopify.com:2086
[gnunet] plus.shopify.com:2086
[gnunet] pm.shopify.com:2086
[gnunet] pointofsale.shopify.com:2086
[gnunet] polaris-icons.shopify.com:2086
[gnunet] polaris.shopify.com:2086
[gnunet] press.shopify.com:2086
[gnunet] projectruru.shopify.com:2086
[gnunet] qr.shopify.com:2086
[gnunet] redirectify.shopify.com:2086
[gnunet] rndsummit.shopify.com:2086
[gnunet] sanfrancisco.shopify.com:2086
[gnunet] search.shopify.com:2086
[gnunet] secretpolaris.shopify.com:2086
[gnunet] services.shopify.com:2086
[gnunet] shopclass.shopify.com:2086
[gnunet] staging.data.shopify.com:2086
[gnunet] stockroom.shopify.com:2086
[gnunet] store.shopify.com:2086
[gnunet] supportapp.shopify.com:2086
[gnunet] supporthiring.shopify.com:2086
[gnunet] support.shopify.com:2086
[gnunet] talent.shopify.com:2086
[gnunet] tashboard.shopify.com:2086
[gnunet] timber.shopify.com:2086
[gnunet] unionstation.shopify.com:2086
[gnunet] unitestore.shopify.com:2086
[gnunet] unite-tickets.shopify.com:2086
[gnunet] upcoming-6f0o.shopify.com:2086
[gnunet] upcoming-iu6v.shopify.com:2086
[gnunet] upcoming-w1tq.shopify.com:2086
[gnunet] videomaker.shopify.com:2086
[gnunet] vision.shopify.com:2086
[gnunet] wholesale.shopify.com:2086
[gnunet] win.shopify.com:2086
[gnunet] ww.shopify.com:2086
[gnunet] www.messybarefoot.shopify.com:2086
[gnunet] yom.shopify.com:2086
[gnunet] zh.shopify.com:2086
[http] 180.shopify.com:80
[http] academy.shopify.com:80
[http] acceleration.shopify.com:80
[http] accounts.shopify.com:80
[http] adaywithshopify.shopify.com:80
[http] admin.shopify.com:80
[http] adws.shopify.com:80
[http] alpha.experiences.shopify.com:80
[http] alpha-polaris.shopify.com:80
[http] alpha.polaris.shopify.com:80
[http] alumni.shopify.com:80
[http] amazon-ads.shopify.com:80
[http] amazon.shopify.com:80
[http] analytics.shopify.com:80
[http] api.github.shopify.com:80
[http] api.shopify.com:80
[http] apm.shopify.com:80
[http] app.shopify.com:80
[http] apps.shopify.com:80
[http] app-store-staging.shopify.com:80
[http] apt.shopify.com:80
[http] auth.data.shopify.com:80
[http] babb-academy.shopify.com:80
[http] bcs.shopify.com:80
[http] beamishbeverages.shopify.com:80
[http] beastmodeabusiness.shopify.com:80
[http] beta.help.shopify.com:80
[http] beyondthebuild.shopify.com:80
[http] blog.shopify.com:80
[http] brochure.shopify.com:80
[http] b.ssl.shopify.com:80
[http] burst.shopify.com:80
[http] calendar.shopify.com:80
[http] canada.analytics.shopify.com:80
[http] cardreader.shopify.com:80
[http] careers.shopify.com:80
[http] cdn2.shopify.com:80
[http] c.email.plus.shopify.com:80
[http] certifications.shopify.com:80
[http] changelog.shopify.com:80
[http] chat.shopify.com:80
[http] checkout.shopify.com:80
[http] cla.shopify.com:80
[http] classifieds.shopify.com:80
[http] cms.shopify.com:80
[http] cname.shopify.com:80
[http] codeload.github.shopify.com:80
[http] commerceawards.shopify.com:80
[http] commerceplus.shopify.com:80
[http] community-stage.shopify.com:80
[http] compass.shopify.com:80
[http] consultant-launch.shopify.com:80
[http] contest.shopify.com:80
[http] contracts.shopify.com:80
[http] core.shopify.com:80
[http] counter.shopify.com:80
[http] courier.shopify.com:80
[http] cpanel.github.shopify.com:80
[http] crafted.shopify.com:80
[http] c.ssl.shopify.com:80
[http] customer.login.shopify.com:80
[http] data.shopify.com:80
[http] datastories.shopify.com:80
[http] datastories-staging.shopify.com:80
[http] denver.shopify.com:80
[http] developer.shopify.com:80
[http] developers.shopify.com:80
[http] dev.shopify.com:80
[http] devs.shopify.com:80
[http] dksonlineshoppe.shopify.com:80
[http] docs.shopify.com:80
[http] drive.shopify.com:80
[http] d.ssl.shopify.com:80
[http] ecommerce.shopify.com:80
[http] egress-ips.shopify.com:80
[http] email.careers.shopify.com:80
[http] engineering.shopify.com:80
[http] enterprise.plus.shopify.com:80
[http] es.shopify.com:80
[http] e.ssl.shopify.com:80
[http] events.shopify.com:80
[http] everest-staging1.shopify.com:80
[http] exchange-help.shopify.com:80
[http] exchange.shopify.com:80
[http] experience.shopify.com:80
[http] experiments.shopify.com:80
[http] expert.shopify.com:80
[http] experts.shopify.com:80
[http] facebook.shopify.com:80
[http] forums.shopify.com:80
[http] fr.shopify.com:80
[http] f.ssl.shopify.com:80
[http] fund.shopify.com:80
[http] gap.shopify.com:80
[http] gauntlet.shopify.com:80
[http] geolocation-proxy-staging.shopify.com:80
[http] geolocation-recommendations-staging.shopify.com:80
[http] groups.shopify.com:80
[http] growthcenter.shopify.com:80
[http] g.ssl.shopify.com:80
[http] hardware-new.shopify.com:80
[http] hardware-returns.shopify.com:80
[http] hardware.shopify.com:80
[http] hatchful.shopify.com:80
[http] help.shopify.com:80
[http] hi.shopify.com:80
[http] h.ssl.shopify.com:80
[http] inbox.shopify.com:80
[http] incoming.shopify.com:80
[http] in.shopify.com:80
[http] inspiringindependents.shopify.com:80
[http] intern-launch.shopify.com:80
[http] internships.shopify.com:80
[http] investor.shopify.com:80
[http] invoices.shopify.com:80
[http] ipad-pos.shopify.com:80
[http] ir.shopify.com:80
[http] i.ssl.shopify.com:80
[http] it.shopify.com:80
[http] j.ssl.shopify.com:80
[http] kerwin.shopify.com:80
[http] k.ssl.shopify.com:80
[http] la.shopify.com:80
[http] learn.shopify.com:80
[http] legacy.polaris.shopify.com:80
[http] legal.shopify.com:80
[http] localabroad.shopify.com:80
[http] login.community-stage.shopify.com:80
[http] losangeles.shopify.com:80
[http] l.ssl.shopify.com:80
[http] magazine.shopify.com:80
[http] mail.shopify.com:80
[http] marketing.preferences.shopify.com:80
[http] marketing.preferences-staging.shopify.com:80
[http] marketplace.shopify.com:80
[http] marketplaces.shopify.com:80
[http] marketplaces-staging.shopify.com:80
[http] marketplaces-temp.shopify.com:80
[http] market.shopify.com:80
[http] meetup.shopify.com:80
[http] meetups.shopify.com:80
[http] merchandise.shopify.com:80
[http] merchant-feedback.shopify.com:80
[http] merch.shopify.com:80
[http] mobile.shopify.com:80
[http] m.shopify.com:80
[http] m.ssl.shopify.com:80
[http] myhumpdydumpdy.shopify.com:80
[http] mystore.nikolas.shopify.com:80
[http] newhelp.shopify.com:80
[http] newsroom.shopify.com:80
[http] news.shopify.com:80
[http] newyork.shopify.com:80
[http] next.shopify.com:80
[http] nicolle-closet-wardrobe.shopify.com:80
[http] notebooks-canada.data.shopify.com:80
[http] notebooks.data.shopify.com:80
[http] n.ssl.shopify.com:80
[http] ny.shopify.com:80
[http] o.ssl.shopify.com:80
[http] partnerhub.shopify.com:80
[http] partner.shopify.com:80
[http] partners.shopify.com:80
[http] pay.shopify.com:80
[http] people-analytics.data.shopify.com:80
[http] phoenix.shopify.com:80
[http] photos.shopify.com:80
[http] pin.shopify.com:80
[http] pins.shopify.com:80
[http] plusinfo.shopify.com:80
[http] plus.shopify.com:80
[http] pm.shopify.com:80
[http] pointofsale.shopify.com:80
[http] poi.shopify.com:80
[http] polaris-icons.shopify.com:80
[http] polaris-rails.shopify.com:80
[http] polaris.shopify.com:80
[http] portal.shopify.com:80
[http] portland.shopify.com:80
[http] press.shopify.com:80
[http] presto.data.shopify.com:80
[http] projectruru.shopify.com:80
[http-proxy] 180.shopify.com:8080
[http-proxy] academy.shopify.com:8080
[http-proxy] acceleration.shopify.com:8080
[http-proxy] admin.shopify.com:8080
[http-proxy] alumni.shopify.com:8080
[http-proxy] amazon-ads.shopify.com:8080
[http-proxy] amazon.shopify.com:8080
[http-proxy] api.shopify.com:8080
[http-proxy] apm.shopify.com:8080
[http-proxy] app.shopify.com:8080
[http-proxy] apps.shopify.com:8080
[http-proxy] babb-academy.shopify.com:8080
[http-proxy] bcs.shopify.com:8080
[http-proxy] beamishbeverages.shopify.com:8080
[http-proxy] beastmodeabusiness.shopify.com:8080
[http-proxy] beta.help.shopify.com:8080
[http-proxy] beyondthebuild.shopify.com:8080
[http-proxy] blog.shopify.com:8080
[http-proxy] brochure.shopify.com:8080
[http-proxy] b.ssl.shopify.com:8080
[http-proxy] burst.shopify.com:8080
[http-proxy] careers.shopify.com:8080
[http-proxy] c.email.plus.shopify.com:8080
[http-proxy] changelog.shopify.com:8080
[http-proxy] chat.shopify.com:8080
[http-proxy] checkout.shopify.com:8080
[http-proxy] cms.shopify.com:8080
[http-proxy] cname.shopify.com:8080
[http-proxy] commerceawards.shopify.com:8080
[http-proxy] commerceplus.shopify.com:8080
[http-proxy] consultant-launch.shopify.com:8080
[http-proxy] contest.shopify.com:8080
[http-proxy] core.shopify.com:8080
[http-proxy] counter.shopify.com:8080
[http-proxy] courier.shopify.com:8080
[http-proxy] crafted.shopify.com:8080
[http-proxy] c.ssl.shopify.com:8080
[http-proxy] customer.login.shopify.com:8080
[http-proxy] data.shopify.com:8080
[http-proxy] developer.shopify.com:8080
[http-proxy] developers.shopify.com:8080
[http-proxy] dksonlineshoppe.shopify.com:8080
[http-proxy] d.ssl.shopify.com:8080
[http-proxy] egress-ips.shopify.com:8080
[http-proxy] engineering.shopify.com:8080
[http-proxy] enterprise.plus.shopify.com:8080
[http-proxy] es.shopify.com:8080
[http-proxy] e.ssl.shopify.com:8080
[http-proxy] experiments.shopify.com:8080
[http-proxy] expert.shopify.com:8080
[http-proxy] experts.shopify.com:8080
[http-proxy] facebook.shopify.com:8080
[http-proxy] fr.shopify.com:8080
[http-proxy] f.ssl.shopify.com:8080
[http-proxy] fund.shopify.com:8080
[http-proxy] gap.shopify.com:8080
[http-proxy] gauntlet.shopify.com:8080
[http-proxy] geolocation-proxy-staging.shopify.com:8080
[http-proxy] geolocation-recommendations-staging.shopify.com:8080
[http-proxy] g.ssl.shopify.com:8080
[http-proxy] hardware-new.shopify.com:8080
[http-proxy] hardware-returns.shopify.com:8080
[http-proxy] hardware.shopify.com:8080
[http-proxy] hatchful.shopify.com:8080
[http-proxy] help.shopify.com:8080
[http-proxy] hi.shopify.com:8080
[http-proxy] h.ssl.shopify.com:8080
[http-proxy] inbox.shopify.com:8080
[http-proxy] incoming.shopify.com:8080
[http-proxy] in.shopify.com:8080
[http-proxy] intern-launch.shopify.com:8080
[http-proxy] internships.shopify.com:8080
[http-proxy] investor.shopify.com:8080
[http-proxy] invoices.shopify.com:8080
[http-proxy] ipad-pos.shopify.com:8080
[http-proxy] ir.shopify.com:8080
[http-proxy] i.ssl.shopify.com:8080
[http-proxy] it.shopify.com:8080
[http-proxy] j.ssl.shopify.com:8080
[http-proxy] k.ssl.shopify.com:8080
[http-proxy] la.shopify.com:8080
[http-proxy] localabroad.shopify.com:8080
[http-proxy] l.ssl.shopify.com:8080
[http-proxy] magazine.shopify.com:8080
[http-proxy] marketplace.shopify.com:8080
[http-proxy] marketplaces-staging.shopify.com:8080
[http-proxy] marketplaces-temp.shopify.com:8080
[http-proxy] market.shopify.com:8080
[http-proxy] meetup.shopify.com:8080
[http-proxy] meetups.shopify.com:8080
[http-proxy] merchandise.shopify.com:8080
[http-proxy] merch.shopify.com:8080
[http-proxy] mobile.shopify.com:8080
[http-proxy] m.shopify.com:8080
[http-proxy] m.ssl.shopify.com:8080
[http-proxy] myhumpdydumpdy.shopify.com:8080
[http-proxy] mystore.nikolas.shopify.com:8080
[http-proxy] newsroom.shopify.com:8080
[http-proxy] next.shopify.com:8080
[http-proxy] nicolle-closet-wardrobe.shopify.com:8080
[http-proxy] n.ssl.shopify.com:8080
[http-proxy] o.ssl.shopify.com:8080
[http-proxy] partner.shopify.com:8080
[http-proxy] partners.shopify.com:8080
[http-proxy] pay.shopify.com:8080
[http-proxy] photos.shopify.com:8080
[http-proxy] pin.shopify.com:8080
[http-proxy] plus.shopify.com:8080
[http-proxy] pm.shopify.com:8080
[http-proxy] pointofsale.shopify.com:8080
[http-proxy] poi.shopify.com:8080
[http-proxy] portal.shopify.com:8080
[http-proxy] press.shopify.com:8080
[http-proxy] projectruru.shopify.com:8080
[http-proxy] p.ssl.shopify.com:8080
[http-proxy] qr.shopify.com:8080
[http-proxy] q.ssl.shopify.com:8080
[http-proxy] redirectify.shopify.com:8080
[http-proxy] retail-partners.shopify.com:8080
[http-proxy] rndsummit.shopify.com:8080
[http-proxy] r.ssl.shopify.com:8080
[http-proxy] sanfrancisco.shopify.com:8080
[http-proxy] search.shopify.com:8080
[http-proxy] secretpolaris.shopify.com:8080
[http-proxy] services.shopify.com:8080
[http-proxy] shopclass.shopify.com:8080
[http-proxy] sizes-curves.shopify.com:8080
[http-proxy] s.ssl.shopify.com:8080
[http-proxy] staging.data.shopify.com:8080
[http-proxy] stockroom.shopify.com:8080
[http-proxy] store.shopify.com:8080
[http-proxy] storybook.polaris.shopify.com:8080
[http-proxy] supportapp.shopify.com:8080
[http-proxy] supporthiring.shopify.com:8080
[http-proxy] support.shopify.com:8080
[http-proxy] talent.shopify.com:8080
[http-proxy] tashboard.shopify.com:8080
[http-proxy] themes.shopify.com:8080
[http-proxy] timber.shopify.com:8080
[http-proxy] unionstation.shopify.com:8080
[http-proxy] unitestore.shopify.com:8080
[http-proxy] unite-tickets.shopify.com:8080
[http-proxy] upcoming-6f0o.shopify.com:8080
[http-proxy] upcoming-iu6v.shopify.com:8080
[http-proxy] upcoming-pi60.shopify.com:8080
[http-proxy] upcoming-w1tq.shopify.com:8080
[http-proxy] upcoming-we84.shopify.com:8080
[http-proxy] videomaker.shopify.com:8080
[http-proxy] vision.shopify.com:8080
[http-proxy] wine-down-charms.shopify.com:8080
[http-proxy] win.shopify.com:8080
[http-proxy] ww.shopify.com:8080
[http-proxy] www.messybarefoot.shopify.com:8080
[http-proxy] www.shopify.com:8080
[http-proxy] yom.shopify.com:8080
[http-proxy] zh.shopify.com:8080
[http] p.ssl.shopify.com:80
[http] pt.shopify.com:80
[http] pursuit.shopify.com:80
[http] qr.shopify.com:80
[http] q.ssl.shopify.com:80
[http] redirectify.shopify.com:80
[http] remember-me.shopify.com:80
[http] reportcenter.shopify.com:80
[http] reports-dashboard.shopify.com:80
[http] reports.shopify.com:80
[http] resilient.shopify.com:80
[http] retail-partners.shopify.com:80
[http] rndsummit.shopify.com:80
[http] r.ssl.shopify.com:80
[http] ru.shopify.com:80
[https] 180.shopify.com:443
[https] academy.shopify.com:443
[https] acceleration.shopify.com:443
[https] accounts.shopify.com:443
[https] adaywithshopify.shopify.com:443
[https] admin.shopify.com:443
[https] adws.shopify.com:443
[https] alpha.experiences.shopify.com:443
[https] alpha-polaris.shopify.com:443
[https] alpha.polaris.shopify.com:443
[https-alt] 180.shopify.com:8443
[https-alt] academy.shopify.com:8443
[https-alt] acceleration.shopify.com:8443
[https-alt] admin.shopify.com:8443
[https-alt] alumni.shopify.com:8443
[https-alt] amazon-ads.shopify.com:8443
[https-alt] amazon.shopify.com:8443
[https-alt] api.shopify.com:8443
[https-alt] apm.shopify.com:8443
[https-alt] app.shopify.com:8443
[https-alt] apps.shopify.com:8443
[https-alt] babb-academy.shopify.com:8443
[https-alt] bcs.shopify.com:8443
[https-alt] beamishbeverages.shopify.com:8443
[https-alt] beastmodeabusiness.shopify.com:8443
[https-alt] beta.help.shopify.com:8443
[https-alt] beyondthebuild.shopify.com:8443
[https-alt] blog.shopify.com:8443
[https-alt] brochure.shopify.com:8443
[https-alt] b.ssl.shopify.com:8443
[https-alt] burst.shopify.com:8443
[https-alt] careers.shopify.com:8443
[https-alt] c.email.plus.shopify.com:8443
[https-alt] changelog.shopify.com:8443
[https-alt] chat.shopify.com:8443
[https-alt] checkout.shopify.com:8443
[https-alt] cms.shopify.com:8443
[https-alt] cname.shopify.com:8443
[https-alt] commerceawards.shopify.com:8443
[https-alt] commerceplus.shopify.com:8443
[https-alt] consultant-launch.shopify.com:8443
[https-alt] contest.shopify.com:8443
[https-alt] core.shopify.com:8443
[https-alt] counter.shopify.com:8443
[https-alt] courier.shopify.com:8443
[https-alt] crafted.shopify.com:8443
[https-alt] c.ssl.shopify.com:8443
[https-alt] customer.login.shopify.com:8443
[https-alt] data.shopify.com:8443
[https-alt] developer.shopify.com:8443
[https-alt] developers.shopify.com:8443
[https-alt] dksonlineshoppe.shopify.com:8443
[https-alt] d.ssl.shopify.com:8443
[https-alt] engineering.shopify.com:8443
[https-alt] enterprise.plus.shopify.com:8443
[https-alt] es.shopify.com:8443
[https-alt] e.ssl.shopify.com:8443
[https-alt] everest-staging1.shopify.com:8443
[https-alt] experiments.shopify.com:8443
[https-alt] expert.shopify.com:8443
[https-alt] experts.shopify.com:8443
[https-alt] facebook.shopify.com:8443
[https-alt] fr.shopify.com:8443
[https-alt] f.ssl.shopify.com:8443
[https-alt] fund.shopify.com:8443
[https-alt] gap.shopify.com:8443
[https-alt] gauntlet.shopify.com:8443
[https-alt] geolocation-proxy-staging.shopify.com:8443
[https-alt] geolocation-recommendations-staging.shopify.com:8443
[https-alt] g.ssl.shopify.com:8443
[https-alt] hardware-new.shopify.com:8443
[https-alt] hardware-returns.shopify.com:8443
[https-alt] hardware.shopify.com:8443
[https-alt] hatchful.shopify.com:8443
[https-alt] help.shopify.com:8443
[https-alt] hi.shopify.com:8443
[https-alt] h.ssl.shopify.com:8443
[https-alt] inbox.shopify.com:8443
[https-alt] incoming.shopify.com:8443
[https-alt] in.shopify.com:8443
[https-alt] intern-launch.shopify.com:8443
[https-alt] internships.shopify.com:8443
[https-alt] investor.shopify.com:8443
[https-alt] invoices.shopify.com:8443
[https-alt] ipad-pos.shopify.com:8443
[https-alt] ir.shopify.com:8443
[https-alt] i.ssl.shopify.com:8443
[https-alt] it.shopify.com:8443
[https-alt] j.ssl.shopify.com:8443
[https-alt] k.ssl.shopify.com:8443
[https-alt] la.shopify.com:8443
[https-alt] localabroad.shopify.com:8443
[https-alt] l.ssl.shopify.com:8443
[https-alt] magazine.shopify.com:8443
[https-alt] marketplace.shopify.com:8443
[https-alt] marketplaces-staging.shopify.com:8443
[https-alt] marketplaces-temp.shopify.com:8443
[https-alt] market.shopify.com:8443
[https-alt] meetup.shopify.com:8443
[https-alt] meetups.shopify.com:8443
[https-alt] merchandise.shopify.com:8443
[https-alt] merch.shopify.com:8443
[https-alt] mobile.shopify.com:8443
[https-alt] m.shopify.com:8443
[https-alt] m.ssl.shopify.com:8443
[https-alt] myhumpdydumpdy.shopify.com:8443
[https-alt] mystore.nikolas.shopify.com:8443
[https-alt] newsroom.shopify.com:8443
[https-alt] next.shopify.com:8443
[https-alt] nicolle-closet-wardrobe.shopify.com:8443
[https-alt] n.ssl.shopify.com:8443
[https-alt] o.ssl.shopify.com:8443
[https-alt] partner.shopify.com:8443
[https-alt] partners.shopify.com:8443
[https-alt] pay.shopify.com:8443
[https-alt] photos.shopify.com:8443
[https-alt] plus.shopify.com:8443
[https-alt] pm.shopify.com:8443
[https-alt] pointofsale.shopify.com:8443
[https-alt] poi.shopify.com:8443
[https-alt] polaris.shopify.com:8443
[https-alt] portal.shopify.com:8443
[https-alt] press.shopify.com:8443
[https-alt] projectruru.shopify.com:8443
[https-alt] p.ssl.shopify.com:8443
[https-alt] qr.shopify.com:8443
[https-alt] q.ssl.shopify.com:8443
[https-alt] redirectify.shopify.com:8443
[https-alt] retail-partners.shopify.com:8443
[https-alt] rndsummit.shopify.com:8443
[https-alt] r.ssl.shopify.com:8443
[https-alt] sanfrancisco.shopify.com:8443
[https-alt] search.shopify.com:8443
[https-alt] secretpolaris.shopify.com:8443
[https-alt] services.shopify.com:8443
[https-alt] shopclass.shopify.com:8443
[https-alt] sizes-curves.shopify.com:8443
[https-alt] s.ssl.shopify.com:8443
[https-alt] staging.data.shopify.com:8443
[https-alt] stockroom.shopify.com:8443
[https-alt] store.shopify.com:8443
[https-alt] supportapp.shopify.com:8443
[https-alt] supporthiring.shopify.com:8443
[https-alt] support.shopify.com:8443
[https-alt] talent.shopify.com:8443
[https-alt] tashboard.shopify.com:8443
[https-alt] themes.shopify.com:8443
[https-alt] timber.shopify.com:8443
[https-alt] unionstation.shopify.com:8443
[https-alt] unitestore.shopify.com:8443
[https-alt] unite-tickets.shopify.com:8443
[https-alt] upcoming-6f0o.shopify.com:8443
[https-alt] upcoming-iu6v.shopify.com:8443
[https-alt] upcoming-pi60.shopify.com:8443
[https-alt] upcoming-w1tq.shopify.com:8443
[https-alt] upcoming-we84.shopify.com:8443
[https-alt] vision.shopify.com:8443
[https-alt] wholesale.shopify.com:8443
[https-alt] wine-down-charms.shopify.com:8443
[https-alt] win.shopify.com:8443
[https-alt] ww.shopify.com:8443
[https-alt] www.messybarefoot.shopify.com:8443
[https-alt] www.shopify.com:8443
[https-alt] yom.shopify.com:8443
[https-alt] zh.shopify.com:8443
[https] alumni.shopify.com:443
[https] amazon-ads.shopify.com:443
[https] amazon.shopify.com:443
[https] analytics.shopify.com:443
[http] sanfrancisco.shopify.com:80
[https] api.github.shopify.com:443
[https] api.shopify.com:443
[https] apm.shopify.com:443
[https] app.shopify.com:443
[https] apps.shopify.com:443
[https] app-store-staging.shopify.com:443
[https] auth.data.shopify.com:443
[https] babb-academy.shopify.com:443
[https] bcs.shopify.com:443
[https] beamishbeverages.shopify.com:443
[https] beastmodeabusiness.shopify.com:443
[https] beta.help.shopify.com:443
[https] beyondthebuild.shopify.com:443
[https] blog.shopify.com:443
[https] brochure.shopify.com:443
[https] b.ssl.shopify.com:443
[https] burst.shopify.com:443
[https] calendar.shopify.com:443
[https] canada.analytics.shopify.com:443
[https] cardreader.shopify.com:443
[https] careers.shopify.com:443
[https] cdn2.shopify.com:443
[https] c.email.plus.shopify.com:443
[https] certifications.shopify.com:443
[https] changelog.shopify.com:443
[https] chat.shopify.com:443
[https] checkout.shopify.com:443
[https] cla.shopify.com:443
[https] classifieds.shopify.com:443
[https] cms.shopify.com:443
[https] cname.shopify.com:443
[https] codeload.github.shopify.com:443
[https] commerceawards.shopify.com:443
[https] commerceplus.shopify.com:443
[https] community-stage.shopify.com:443
[https] compass.shopify.com:443
[https] consultant-launch.shopify.com:443
[https] contest.shopify.com:443
[https] contracts.shopify.com:443
[https] core.shopify.com:443
[https] counter.shopify.com:443
[https] courier.shopify.com:443
[https] cpanel.github.shopify.com:443
[https] crafted.shopify.com:443
[https] c.ssl.shopify.com:443
[https] customer.login.shopify.com:443
[https] data.shopify.com:443
[https] datastories.shopify.com:443
[https] datastories-staging.shopify.com:443
[https] denver.shopify.com:443
[https] developer.shopify.com:443
[https] developers.shopify.com:443
[https] dev.shopify.com:443
[https] devs.shopify.com:443
[https] dksonlineshoppe.shopify.com:443
[https] docs.shopify.com:443
[https] drive.shopify.com:443
[https] d.ssl.shopify.com:443
[http] search.shopify.com:80
[https] ecommerce.shopify.com:443
[http] secretpolaris.shopify.com:80
[https] egress-ips.shopify.com:443
[https] email.careers.shopify.com:443
[https] engineering.shopify.com:443
[https] enterprise.plus.shopify.com:443
[http] services.shopify.com:80
[https] es.shopify.com:443
[http] sessions.shopify.com:80
[https] e.ssl.shopify.com:443
[https] events.shopify.com:443
[https] everest-staging1.shopify.com:443
[https] exchange-help.shopify.com:443
[https] exchange.shopify.com:443
[https] experience.shopify.com:443
[https] experiments.shopify.com:443
[https] expert.shopify.com:443
[https] experts.shopify.com:443
[https] facebook.shopify.com:443
[https] forums.shopify.com:443
[https] fr.shopify.com:443
[https] f.ssl.shopify.com:443
[https] fund.shopify.com:443
[https] gap.shopify.com:443
[https] gauntlet.shopify.com:443
[https] geolocation-proxy-staging.shopify.com:443
[https] geolocation-recommendations-staging.shopify.com:443
[https] groups.shopify.com:443
[https] growthcenter.shopify.com:443
[https] g.ssl.shopify.com:443
[https] hardware-new.shopify.com:443
[https] hardware-returns.shopify.com:443
[https] hardware.shopify.com:443
[https] hatchful.shopify.com:443
[https] help.shopify.com:443
[https] hi.shopify.com:443
[http] shopclass.shopify.com:80
[http] shopify.com:80
[https] h.ssl.shopify.com:443
[https] inbox.shopify.com:443
[https] incoming.shopify.com:443
[https] in.shopify.com:443
[https] inspiringindependents.shopify.com:443
[https] intern-launch.shopify.com:443
[https] internships.shopify.com:443
[https] investor.shopify.com:443
[https] invoices.shopify.com:443
[https] ipad-pos.shopify.com:443
[https] ir.shopify.com:443
[https] i.ssl.shopify.com:443
[http] sites.shopify.com:80
[https] it.shopify.com:443
[http] sizes-curves.shopify.com:80
[https] j.ssl.shopify.com:443
[https] kerwin.shopify.com:443
[https] k.ssl.shopify.com:443
[http] sl2.shopify.com:80
[http] sl3.shopify.com:80
[https] la.shopify.com:443
[https] learn.shopify.com:443
[https] legacy.polaris.shopify.com:443
[https] legal.shopify.com:443
[https] localabroad.shopify.com:443
[https] login.community-stage.shopify.com:443
[https] losangeles.shopify.com:443
[http] sl.shopify.com:80
[https] l.ssl.shopify.com:443
[https] magazine.shopify.com:443
[https] mail.shopify.com:443
[https] marketing.preferences.shopify.com:443
[https] marketing.preferences-staging.shopify.com:443
[https] marketplace.shopify.com:443
[https] marketplaces.shopify.com:443
[https] marketplaces-staging.shopify.com:443
[https] marketplaces-temp.shopify.com:443
[https] market.shopify.com:443
[https] meetup.shopify.com:443
[https] meetups.shopify.com:443
[https] merchandise.shopify.com:443
[https] merchant-feedback.shopify.com:443
[https] merch.shopify.com:443
[http] smiley.shopify.com:80
[https] mobile.shopify.com:443
[https] m.shopify.com:443
[https] m.ssl.shopify.com:443
[https] myhumpdydumpdy.shopify.com:443
[https] mystore.nikolas.shopify.com:443
[https] newhelp.shopify.com:443
[https] newsroom.shopify.com:443
[https] news.shopify.com:443
[https] newyork.shopify.com:443
[https] next.shopify.com:443
[https] nicolle-closet-wardrobe.shopify.com:443
[https] notebooks-canada.data.shopify.com:443
[https] notebooks.data.shopify.com:443
[https] n.ssl.shopify.com:443
[https] ny.shopify.com:443
[https] o.ssl.shopify.com:443
[http] sourcing-admin.shopify.com:80
[http] sourcing-core.shopify.com:80
[http] sourcing.shopify.com:80
[http] sourcing-supplier.shopify.com:80
[https] partnerhub.shopify.com:443
[https] partner.shopify.com:443
[https] partners.shopify.com:443
[https] pay.shopify.com:443
[https] people-analytics.data.shopify.com:443
[https] people-analytics-tableau.data.shopify.com:443
[https] phoenix.shopify.com:443
[https] photos.shopify.com:443
[https] pin.shopify.com:443
[https] pins.shopify.com:443
[https] plusinfo.shopify.com:443
[https] plus.shopify.com:443
[https] pm.shopify.com:443
[https] pointofsale.shopify.com:443
[https] poi.shopify.com:443
[https] polaris-icons.shopify.com:443
[https] polaris-rails.shopify.com:443
[https] polaris.shopify.com:443
[https] portal.shopify.com:443
[https] portland.shopify.com:443
[https] press.shopify.com:443
[https] presto.data.shopify.com:443
[https] projectruru.shopify.com:443
[https] p.ssl.shopify.com:443
[https] pt.shopify.com:443
[https] pursuit.shopify.com:443
[https] qr.shopify.com:443
[https] q.ssl.shopify.com:443
[https] redirectify.shopify.com:443
[https] remember-me.shopify.com:443
[https] reportcenter.shopify.com:443
[https] reports-dashboard.shopify.com:443
[https] reports.shopify.com:443
[https] resilient.shopify.com:443
[https] retail-partners.shopify.com:443
[https] rndsummit.shopify.com:443
[https] r.ssl.shopify.com:443
[https] ru.shopify.com:443
[https] sanfrancisco.shopify.com:443
[https] search.shopify.com:443
[https] secretpolaris.shopify.com:443
[https] services.shopify.com:443
[https] sessions.shopify.com:443
[https] shopclass.shopify.com:443
[https] shopify.com:443
[https] sites.shopify.com:443
[https] sizes-curves.shopify.com:443
[https] sl2.shopify.com:443
[https] sl3.shopify.com:443
[https] sl.shopify.com:443
[https] smiley.shopify.com:443
[https] sourcing-admin.shopify.com:443
[https] sourcing-core.shopify.com:443
[https] sourcing.shopify.com:443
[https] sourcing-supplier.shopify.com:443
[http] s.ssl.shopify.com:80
[https] s.ssl.shopify.com:443
[https] staging.data.shopify.com:443
[https] static0.shopify.com:443
[https] static1.shopify.com:443
[https] static2.shopify.com:443
[https] static3.shopify.com:443
[https] static4.shopify.com:443
[https] static.shopify.com:443
[https] status.shopify.com:443
[https] stockroom.shopify.com:443
[https] store.shopify.com:443
[https] storybook.polaris.shopify.com:443
[https] supportapp.shopify.com:443
[https] supporthiring.shopify.com:443
[https] support.shopify.com:443
[https] tableau.data.shopify.com:443
[https] tableau-staging.data.shopify.com:443
[http] staging.data.shopify.com:80
[https] talent.shopify.com:443
[https] talkingshop.shopify.com:443
[https] tashboard.shopify.com:443
[http] static0.shopify.com:80
[http] static1.shopify.com:80
[http] static2.shopify.com:80
[http] static3.shopify.com:80
[http] static4.shopify.com:80
[http] static.shopify.com:80
[http] status.shopify.com:80
[https] themes.shopify.com:443
[https] timber.shopify.com:443
[http] stockroom.shopify.com:80
[http] store.shopify.com:80
[http] storybook.polaris.shopify.com:80
[https] unicorn.shopify.com:443
[https] unionstation.shopify.com:443
[https] unite2021.shopify.com:443
[https] unite-registration.shopify.com:443
[https] unite.shopify.com:443
[https] unitestore.shopify.com:443
[https] unite-tickets.shopify.com:443
[https] upcoming10.shopify.com:443
[https] upcoming11.shopify.com:443
[https] upcoming12.shopify.com:443
[https] upcoming13.shopify.com:443
[https] upcoming14.shopify.com:443
[https] upcoming15.shopify.com:443
[https] upcoming16.shopify.com:443
[https] upcoming17.shopify.com:443
[https] upcoming18.shopify.com:443
[https] upcoming19.shopify.com:443
[https] upcoming20.shopify.com:443
[https] upcoming21.shopify.com:443
[https] upcoming22.shopify.com:443
[https] upcoming23.shopify.com:443
[https] upcoming24.shopify.com:443
[https] upcoming25.shopify.com:443
[https] upcoming2.shopify.com:443
[https] upcoming3.shopify.com:443
[https] upcoming4.shopify.com:443
[https] upcoming5.shopify.com:443
[https] upcoming-6f0o.shopify.com:443
[https] upcoming6.shopify.com:443
[https] upcoming7.shopify.com:443
[https] upcoming8.shopify.com:443
[https] upcoming9.shopify.com:443
[https] upcoming-fxlv.shopify.com:443
[https] upcoming-iu6v.shopify.com:443
[https] upcoming-pi60.shopify.com:443
[https] upcoming-qyx0.shopify.com:443
[https] upcoming.shopify.com:443
[https] upcoming-w1tq.shopify.com:443
[https] upcoming-we84.shopify.com:443
[https] uploads.github.shopify.com:443
[http] supportapp.shopify.com:80
[http] supporthiring.shopify.com:80
[http] support.shopify.com:80
[https] ux.shopify.com:443
[https] vault.shopify.com:443
[https] videobin.embedsonlydonotuseplease.shopify.com:443
[https] videomaker.shopify.com:443
[https] vision.shopify.com:443
[https] vpnify.people-analytics-tableau.data.shopify.com:443
[https] vpnify.tableau.data.shopify.com:443
[https] webdisk.github.shopify.com:443
[https] wholesale.shopify.com:443
[https] wiki.shopify.com:443
[https] wine-down-charms.shopify.com:443
[https] win.shopify.com:443
[https] ww.shopify.com:443
[https] www.burst.shopify.com:443
[https] www.exchange.shopify.com:443
[https] www.messybarefoot.shopify.com:443
[https] www.shopify.com:443
[https] yom.shopify.com:443
[https] zh.shopify.com:443
[http] talent.shopify.com:80
[http] talkingshop.shopify.com:80
[http] tashboard.shopify.com:80
[http] themes.shopify.com:80
[http] timber.shopify.com:80
[http] unicorn.shopify.com:80
[http] unionstation.shopify.com:80
[http] unite2021.shopify.com:80
[http] unite-registration.shopify.com:80
[http] unite.shopify.com:80
[http] unitestore.shopify.com:80
[http] unite-tickets.shopify.com:80
[http] upcoming10.shopify.com:80
[http] upcoming11.shopify.com:80
[http] upcoming12.shopify.com:80
[http] upcoming13.shopify.com:80
[http] upcoming14.shopify.com:80
[http] upcoming15.shopify.com:80
[http] upcoming16.shopify.com:80
[http] upcoming17.shopify.com:80
[http] upcoming18.shopify.com:80
[http] upcoming19.shopify.com:80
[http] upcoming20.shopify.com:80
[http] upcoming21.shopify.com:80
[http] upcoming22.shopify.com:80
[http] upcoming23.shopify.com:80
[http] upcoming24.shopify.com:80
[http] upcoming25.shopify.com:80
[http] upcoming2.shopify.com:80
[http] upcoming3.shopify.com:80
[http] upcoming4.shopify.com:80
[http] upcoming5.shopify.com:80
[http] upcoming-6f0o.shopify.com:80
[http] upcoming6.shopify.com:80
[http] upcoming7.shopify.com:80
[http] upcoming8.shopify.com:80
[http] upcoming9.shopify.com:80
[http] upcoming-fxlv.shopify.com:80
[http] upcoming-iu6v.shopify.com:80
[http] upcoming-pi60.shopify.com:80
[http] upcoming-qyx0.shopify.com:80
[http] upcoming.shopify.com:80
[http] upcoming-w1tq.shopify.com:80
[http] upcoming-we84.shopify.com:80
[http] uploads.github.shopify.com:80
[http] ux.shopify.com:80
[http] vault.shopify.com:80
[http] videobin.embedsonlydonotuseplease.shopify.com:80
[http] videomaker.shopify.com:80
[http] vision.shopify.com:80
[http] webdisk.github.shopify.com:80
[http] wholesale.shopify.com:80
[http] wiki.shopify.com:80
[http] wine-down-charms.shopify.com:80
[http] win.shopify.com:80
[http] ww.shopify.com:80
[http] www.burst.shopify.com:80
[http] www.exchange.shopify.com:80
[http] www.messybarefoot.shopify.com:80
[http] www.shopify.com:80
[http] yom.shopify.com:80
[http] zh.shopify.com:80
[ies-lm] egress-ips.shopify.com:1443
[imap] egress-ips.shopify.com:143
[imaps] egress-ips.shopify.com:993
[imaps] storybook.polaris.shopify.com:993
[imap] storybook.polaris.shopify.com:143
[infowave] 180.shopify.com:2082
[infowave] academy.shopify.com:2082
[infowave] acceleration.shopify.com:2082
[infowave] admin.shopify.com:2082
[infowave] alumni.shopify.com:2082
[infowave] amazon-ads.shopify.com:2082
[infowave] amazon.shopify.com:2082
[infowave] apm.shopify.com:2082
[infowave] babb-academy.shopify.com:2082
[infowave] bcs.shopify.com:2082
[infowave] beamishbeverages.shopify.com:2082
[infowave] beastmodeabusiness.shopify.com:2082
[infowave] beta.help.shopify.com:2082
[infowave] beyondthebuild.shopify.com:2082
[infowave] brochure.shopify.com:2082
[infowave] careers.shopify.com:2082
[infowave] c.email.plus.shopify.com:2082
[infowave] chat.shopify.com:2082
[infowave] commerceawards.shopify.com:2082
[infowave] commerceplus.shopify.com:2082
[infowave] consultant-launch.shopify.com:2082
[infowave] contest.shopify.com:2082
[infowave] counter.shopify.com:2082
[infowave] courier.shopify.com:2082
[infowave] crafted.shopify.com:2082
[infowave] customer.login.shopify.com:2082
[infowave] data.shopify.com:2082
[infowave] developer.shopify.com:2082
[infowave] engineering.shopify.com:2082
[infowave] enterprise.plus.shopify.com:2082
[infowave] es.shopify.com:2082
[infowave] experiments.shopify.com:2082
[infowave] expert.shopify.com:2082
[infowave] experts.shopify.com:2082
[infowave] facebook.shopify.com:2082
[infowave] fr.shopify.com:2082
[infowave] fund.shopify.com:2082
[infowave] gap.shopify.com:2082
[infowave] gauntlet.shopify.com:2082
[infowave] geolocation-recommendations-staging.shopify.com:2082
[infowave] hardware-new.shopify.com:2082
[infowave] hardware-returns.shopify.com:2082
[infowave] hardware.shopify.com:2082
[infowave] hatchful.shopify.com:2082
[infowave] help.shopify.com:2082
[infowave] hi.shopify.com:2082
[infowave] incoming.shopify.com:2082
[infowave] in.shopify.com:2082
[infowave] intern-launch.shopify.com:2082
[infowave] internships.shopify.com:2082
[infowave] investor.shopify.com:2082
[infowave] invoices.shopify.com:2082
[infowave] ipad-pos.shopify.com:2082
[infowave] ir.shopify.com:2082
[infowave] it.shopify.com:2082
[infowave] magazine.shopify.com:2082
[infowave] marketplace.shopify.com:2082
[infowave] marketplaces-staging.shopify.com:2082
[infowave] market.shopify.com:2082
[infowave] meetup.shopify.com:2082
[infowave] meetups.shopify.com:2082
[infowave] merchandise.shopify.com:2082
[infowave] m.shopify.com:2082
[infowave] myhumpdydumpdy.shopify.com:2082
[infowave] mystore.nikolas.shopify.com:2082
[infowave] newsroom.shopify.com:2082
[infowave] next.shopify.com:2082
[infowave] photos.shopify.com:2082
[infowave] pin.shopify.com:2082
[infowave] plus.shopify.com:2082
[infowave] pm.shopify.com:2082
[infowave] pointofsale.shopify.com:2082
[infowave] polaris-icons.shopify.com:2082
[infowave] polaris.shopify.com:2082
[infowave] press.shopify.com:2082
[infowave] projectruru.shopify.com:2082
[infowave] qr.shopify.com:2082
[infowave] redirectify.shopify.com:2082
[infowave] rndsummit.shopify.com:2082
[infowave] sanfrancisco.shopify.com:2082
[infowave] shopclass.shopify.com:2082
[infowave] staging.data.shopify.com:2082
[infowave] stockroom.shopify.com:2082
[infowave] store.shopify.com:2082
[infowave] supportapp.shopify.com:2082
[infowave] supporthiring.shopify.com:2082
[infowave] support.shopify.com:2082
[infowave] talent.shopify.com:2082
[infowave] tashboard.shopify.com:2082
[infowave] themes.shopify.com:2082
[infowave] timber.shopify.com:2082
[infowave] unionstation.shopify.com:2082
[infowave] unitestore.shopify.com:2082
[infowave] upcoming-6f0o.shopify.com:2082
[infowave] upcoming-iu6v.shopify.com:2082
[infowave] upcoming-pi60.shopify.com:2082
[infowave] upcoming-w1tq.shopify.com:2082
[infowave] upcoming-we84.shopify.com:2082
[infowave] videomaker.shopify.com:2082
[infowave] vision.shopify.com:2082
[infowave] wholesale.shopify.com:2082
[infowave] win.shopify.com:2082
[infowave] ww.shopify.com:2082
[infowave] www.messybarefoot.shopify.com:2082
[infowave] www.shopify.com:2082
[infowave] yom.shopify.com:2082
[infowave] zh.shopify.com:2082
[jetdirect] egress-ips.shopify.com:9100
[jetdirect] storybook.polaris.shopify.com:9100
[knetd] 180.shopify.com:2053
[knetd] acceleration.shopify.com:2053
[knetd] admin.shopify.com:2053
[knetd] alumni.shopify.com:2053
[knetd] api.shopify.com:2053
[knetd] apm.shopify.com:2053
[knetd] apps.shopify.com:2053
[knetd] bcs.shopify.com:2053
[knetd] beamishbeverages.shopify.com:2053
[knetd] beastmodeabusiness.shopify.com:2053
[knetd] beta.help.shopify.com:2053
[knetd] brochure.shopify.com:2053
[knetd] burst.shopify.com:2053
[knetd] careers.shopify.com:2053
[knetd] c.email.plus.shopify.com:2053
[knetd] changelog.shopify.com:2053
[knetd] cms.shopify.com:2053
[knetd] commerceawards.shopify.com:2053
[knetd] consultant-launch.shopify.com:2053
[knetd] counter.shopify.com:2053
[knetd] crafted.shopify.com:2053
[knetd] customer.login.shopify.com:2053
[knetd] data.shopify.com:2053
[knetd] developers.shopify.com:2053
[knetd] enterprise.plus.shopify.com:2053
[knetd] facebook.shopify.com:2053
[knetd] fr.shopify.com:2053
[knetd] gap.shopify.com:2053
[knetd] gauntlet.shopify.com:2053
[knetd] hardware-returns.shopify.com:2053
[knetd] hardware.shopify.com:2053
[knetd] intern-launch.shopify.com:2053
[knetd] internships.shopify.com:2053
[knetd] investor.shopify.com:2053
[knetd] invoices.shopify.com:2053
[knetd] ir.shopify.com:2053
[knetd] magazine.shopify.com:2053
[knetd] marketplace.shopify.com:2053
[knetd] marketplaces-temp.shopify.com:2053
[knetd] market.shopify.com:2053
[knetd] merchandise.shopify.com:2053
[knetd] mobile.shopify.com:2053
[knetd] m.shopify.com:2053
[knetd] myhumpdydumpdy.shopify.com:2053
[knetd] mystore.nikolas.shopify.com:2053
[knetd] next.shopify.com:2053
[knetd] partners.shopify.com:2053
[knetd] pay.shopify.com:2053
[knetd] photos.shopify.com:2053
[knetd] plus.shopify.com:2053
[knetd] pm.shopify.com:2053
[knetd] press.shopify.com:2053
[knetd] projectruru.shopify.com:2053
[knetd] qr.shopify.com:2053
[knetd] redirectify.shopify.com:2053
[knetd] sanfrancisco.shopify.com:2053
[knetd] search.shopify.com:2053
[knetd] secretpolaris.shopify.com:2053
[knetd] services.shopify.com:2053
[knetd] shopclass.shopify.com:2053
[knetd] stockroom.shopify.com:2053
[knetd] store.shopify.com:2053
[knetd] supporthiring.shopify.com:2053
[knetd] tashboard.shopify.com:2053
[knetd] unitestore.shopify.com:2053
[knetd] unite-tickets.shopify.com:2053
[knetd] upcoming-6f0o.shopify.com:2053
[knetd] upcoming-iu6v.shopify.com:2053
[knetd] upcoming-w1tq.shopify.com:2053
[knetd] vision.shopify.com:2053
[knetd] wholesale.shopify.com:2053
[knetd] win.shopify.com:2053
[knetd] ww.shopify.com:2053
[knetd] www.messybarefoot.shopify.com:2053
[knetd] yom.shopify.com:2053
[knetd] zh.shopify.com:2053
[memcache] egress-ips.shopify.com:11211
[memcache] storybook.polaris.shopify.com:11211
[mit-ml-dev] egress-ips.shopify.com:83
[mit-ml-dev] egress-ips.shopify.com:85
[mit-ml-dev] storybook.polaris.shopify.com:83
[mqtt] egress-ips.shopify.com:1883
[mqtt] storybook.polaris.shopify.com:1883
[ms-v-worlds] smtp2.shopify.com:2525
[ms-v-worlds] smtp4.shopify.com:2525
[ms-wbt-server] egress-ips.shopify.com:3389
[ms-wbt-server] storybook.polaris.shopify.com:3389
[nbx-dir] alumni.shopify.com:2096
[nbx-dir] apm.shopify.com:2096
[nbx-dir] c.email.plus.shopify.com:2096
[nbx-dir] crafted.shopify.com:2096
[nbx-dir] enterprise.plus.shopify.com:2096
[nbx-dir] gap.shopify.com:2096
[nbx-dir] hardware-returns.shopify.com:2096
[nbx-dir] hardware.shopify.com:2096
[nbx-dir] internships.shopify.com:2096
[nbx-dir] magazine.shopify.com:2096
[nbx-dir] meetups.shopify.com:2096
[nbx-dir] m.shopify.com:2096
[nbx-dir] photos.shopify.com:2096
[nbx-dir] plus.shopify.com:2096
[nbx-ser] 180.shopify.com:2095
[nbx-ser] alumni.shopify.com:2095
[nbx-ser] apm.shopify.com:2095
[nbx-ser] beamishbeverages.shopify.com:2095
[nbx-ser] beastmodeabusiness.shopify.com:2095
[nbx-ser] c.email.plus.shopify.com:2095
[nbx-ser] consultant-launch.shopify.com:2095
[nbx-ser] counter.shopify.com:2095
[nbx-ser] crafted.shopify.com:2095
[nbx-ser] enterprise.plus.shopify.com:2095
[nbx-ser] gap.shopify.com:2095
[nbx-ser] gauntlet.shopify.com:2095
[nbx-ser] hardware-returns.shopify.com:2095
[nbx-ser] hardware.shopify.com:2095
[nbx-ser] in.shopify.com:2095
[nbx-ser] intern-launch.shopify.com:2095
[nbx-ser] internships.shopify.com:2095
[nbx-ser] magazine.shopify.com:2095
[nbx-ser] meetups.shopify.com:2095
[nbx-ser] merchandise.shopify.com:2095
[nbx-ser] m.shopify.com:2095
[nbx-ser] myhumpdydumpdy.shopify.com:2095
[nbx-ser] mystore.nikolas.shopify.com:2095
[nbx-ser] newsroom.shopify.com:2095
[nbx-ser] photos.shopify.com:2095
[nbx-ser] plus.shopify.com:2095
[nbx-ser] pm.shopify.com:2095
[nbx-ser] polaris.shopify.com:2095
[nbx-ser] press.shopify.com:2095
[nbx-ser] projectruru.shopify.com:2095
[nbx-ser] sanfrancisco.shopify.com:2095
[nbx-ser] supporthiring.shopify.com:2095
[nbx-ser] tashboard.shopify.com:2095
[nbx-ser] unitestore.shopify.com:2095
[nbx-ser] vision.shopify.com:2095
[nbx-ser] www.messybarefoot.shopify.com:2095
[nbx-ser] yom.shopify.com:2095
[ncd-conf] egress-ips.shopify.com:5999
[ndmps] egress-ips.shopify.com:30000
[opsmessaging] egress-ips.shopify.com:8090
[pop3] egress-ips.shopify.com:110
[pop3s] egress-ips.shopify.com:995
[pop3s] storybook.polaris.shopify.com:995
[pop3] storybook.polaris.shopify.com:110
[postgresql] egress-ips.shopify.com:5432
[postgresql] storybook.polaris.shopify.com:5432
[radan-http] egress-ips.shopify.com:8088
[radan-http] storybook.polaris.shopify.com:8088
[radsec] 180.shopify.com:2083
[radsec] academy.shopify.com:2083
[radsec] acceleration.shopify.com:2083
[radsec] admin.shopify.com:2083
[radsec] alumni.shopify.com:2083
[radsec] amazon-ads.shopify.com:2083
[radsec] amazon.shopify.com:2083
[radsec] api.shopify.com:2083
[radsec] apm.shopify.com:2083
[radsec] apps.shopify.com:2083
[radsec] babb-academy.shopify.com:2083
[radsec] bcs.shopify.com:2083
[radsec] beamishbeverages.shopify.com:2083
[radsec] beastmodeabusiness.shopify.com:2083
[radsec] beyondthebuild.shopify.com:2083
[radsec] blog.shopify.com:2083
[radsec] brochure.shopify.com:2083
[radsec] burst.shopify.com:2083
[radsec] careers.shopify.com:2083
[radsec] c.email.plus.shopify.com:2083
[radsec] changelog.shopify.com:2083
[radsec] chat.shopify.com:2083
[radsec] cms.shopify.com:2083
[radsec] commerceawards.shopify.com:2083
[radsec] commerceplus.shopify.com:2083
[radsec] consultant-launch.shopify.com:2083
[radsec] contest.shopify.com:2083
[radsec] counter.shopify.com:2083
[radsec] courier.shopify.com:2083
[radsec] crafted.shopify.com:2083
[radsec] customer.login.shopify.com:2083
[radsec] data.shopify.com:2083
[radsec] developer.shopify.com:2083
[radsec] developers.shopify.com:2083
[radsec] engineering.shopify.com:2083
[radsec] enterprise.plus.shopify.com:2083
[radsec] es.shopify.com:2083
[radsec] everest-staging1.shopify.com:2083
[radsec] experiments.shopify.com:2083
[radsec] expert.shopify.com:2083
[radsec] experts.shopify.com:2083
[radsec] facebook.shopify.com:2083
[radsec] fr.shopify.com:2083
[radsec] fund.shopify.com:2083
[radsec] gap.shopify.com:2083
[radsec] gauntlet.shopify.com:2083
[radsec] geolocation-proxy-staging.shopify.com:2083
[radsec] hardware-new.shopify.com:2083
[radsec] hardware-returns.shopify.com:2083
[radsec] hardware.shopify.com:2083
[radsec] hatchful.shopify.com:2083
[radsec] help.shopify.com:2083
[radsec] hi.shopify.com:2083
[radsec] incoming.shopify.com:2083
[radsec] in.shopify.com:2083
[radsec] intern-launch.shopify.com:2083
[radsec] internships.shopify.com:2083
[radsec] investor.shopify.com:2083
[radsec] ipad-pos.shopify.com:2083
[radsec] ir.shopify.com:2083
[radsec] it.shopify.com:2083
[radsec] magazine.shopify.com:2083
[radsec] marketplace.shopify.com:2083
[radsec] marketplaces-staging.shopify.com:2083
[radsec] marketplaces-temp.shopify.com:2083
[radsec] market.shopify.com:2083
[radsec] meetup.shopify.com:2083
[radsec] meetups.shopify.com:2083
[radsec] merchandise.shopify.com:2083
[radsec] mobile.shopify.com:2083
[radsec] m.shopify.com:2083
[radsec] myhumpdydumpdy.shopify.com:2083
[radsec] mystore.nikolas.shopify.com:2083
[radsec] newsroom.shopify.com:2083
[radsec] next.shopify.com:2083
[radsec] partner.shopify.com:2083
[radsec] partners.shopify.com:2083
[radsec] pay.shopify.com:2083
[radsec] photos.shopify.com:2083
[radsec] pin.shopify.com:2083
[radsec] plus.shopify.com:2083
[radsec] pm.shopify.com:2083
[radsec] pointofsale.shopify.com:2083
[radsec] polaris-icons.shopify.com:2083
[radsec] polaris.shopify.com:2083
[radsec] press.shopify.com:2083
[radsec] projectruru.shopify.com:2083
[radsec] qr.shopify.com:2083
[radsec] redirectify.shopify.com:2083
[radsec] rndsummit.shopify.com:2083
[radsec] sanfrancisco.shopify.com:2083
[radsec] search.shopify.com:2083
[radsec] secretpolaris.shopify.com:2083
[radsec] services.shopify.com:2083
[radsec] staging.data.shopify.com:2083
[radsec] stockroom.shopify.com:2083
[radsec] store.shopify.com:2083
[radsec] supportapp.shopify.com:2083
[radsec] supporthiring.shopify.com:2083
[radsec] support.shopify.com:2083
[radsec] talent.shopify.com:2083
[radsec] tashboard.shopify.com:2083
[radsec] themes.shopify.com:2083
[radsec] timber.shopify.com:2083
[radsec] unionstation.shopify.com:2083
[radsec] unitestore.shopify.com:2083
[radsec] unite-tickets.shopify.com:2083
[radsec] upcoming-6f0o.shopify.com:2083
[radsec] upcoming-iu6v.shopify.com:2083
[radsec] upcoming-pi60.shopify.com:2083
[radsec] upcoming-w1tq.shopify.com:2083
[radsec] upcoming-we84.shopify.com:2083
[radsec] videomaker.shopify.com:2083
[radsec] vision.shopify.com:2083
[radsec] wholesale.shopify.com:2083
[radsec] win.shopify.com:2083
[radsec] ww.shopify.com:2083
[radsec] www.messybarefoot.shopify.com:2083
[radsec] www.shopify.com:2083
[radsec] yom.shopify.com:2083
[radsec] zh.shopify.com:2083
[redis] storybook.polaris.shopify.com:6379
[rtmp] egress-ips.shopify.com:1935
[rtmp] storybook.polaris.shopify.com:1935
[smtp] egress-ips.shopify.com:25
[smtp] mxmkto.email.plus.shopify.com:25
[smtps] egress-ips.shopify.com:465
[smtps] storybook.polaris.shopify.com:465
[smtp] storybook.polaris.shopify.com:25
[ssh] api.github.shopify.com:22
[ssh] codeload.github.shopify.com:22
[ssh] cpanel.github.shopify.com:22
[ssh] notifications.shopify.com:22
[ssh] people-analytics-tableau.data.shopify.com:22
[ssh] smtp2.shopify.com:22
[ssh] smtp4.shopify.com:22
[ssh] tableau.data.shopify.com:22
[ssh] tableau-staging.data.shopify.com:22
[ssh] uploads.github.shopify.com:22
[ssh] vpnify.people-analytics-tableau.data.shopify.com:22
[ssh] vpnify.tableau.data.shopify.com:22
[ssh] webdisk.github.shopify.com:22
[] storybook.polaris.shopify.com:8863
[submission] egress-ips.shopify.com:587
[submission] storybook.polaris.shopify.com:587
[su-mit-tg] egress-ips.shopify.com:89
[unknown] egress-ips.shopify.com:8085
[unknown] egress-ips.shopify.com:8089
[unknown] egress-ips.shopify.com:8099
[unknown] storybook.polaris.shopify.com:8085
[unknown] storybook.polaris.shopify.com:8099
[vnc-1] egress-ips.shopify.com:5901
[vnc-1] storybook.polaris.shopify.com:5901
[vnc] egress-ips.shopify.com:5900
[vnc] storybook.polaris.shopify.com:5900
[wap-wsp] egress-ips.shopify.com:9200
[wap-wsp] storybook.polaris.shopify.com:9200
[webobjects] egress-ips.shopify.com:1085
[whois] egress-ips.shopify.com:43
[xmpp-client] egress-ips.shopify.com:5222
[xmpp-client] storybook.polaris.shopify.com:5222
