[cddbp-alt] api-cryptoeconomics.sifchain.finance:8880
[cddbp-alt] api-devnet.sifchain.finance:8880
[cddbp-alt] api-int.sifchain.finance:8880
[cddbp-alt] api.sifchain.finance:8880
[cddbp-alt] api-testnet.sifchain.finance:8880
[cddbp-alt] blockexplorer-devnet.sifchain.finance:8880
[cddbp-alt] blockexplorer.sifchain.finance:8880
[cddbp-alt] blockexplorer-testnet.sifchain.finance:8880
[cddbp-alt] docs.sifchain.finance:8880
[cddbp-alt] forum.sifchain.finance:8880
[cddbp-alt] market-data.sifchain.finance:8880
[cddbp-alt] rpc-devnet.sifchain.finance:8880
[cddbp-alt] rpc-int.sifchain.finance:8880
[cddbp-alt] rpc.sifchain.finance:8880
[cddbp-alt] rpc-testnet.sifchain.finance:8880
[cddbp-alt] staging.sifchain.finance:8880
[cddbp-alt] test2.sifchain.finance:8880
[cddbp-alt] x.sifchain.finance:8880
[eli] api-cryptoeconomics.sifchain.finance:2087
[eli] api-devnet.sifchain.finance:2087
[eli] api-int.sifchain.finance:2087
[eli] api.sifchain.finance:2087
[eli] api-testnet.sifchain.finance:2087
[eli] blockexplorer-devnet.sifchain.finance:2087
[eli] blockexplorer.sifchain.finance:2087
[eli] blockexplorer-testnet.sifchain.finance:2087
[eli] docs.sifchain.finance:2087
[eli] forum.sifchain.finance:2087
[eli] market-data.sifchain.finance:2087
[eli] rpc-devnet.sifchain.finance:2087
[eli] rpc-int.sifchain.finance:2087
[eli] rpc.sifchain.finance:2087
[eli] rpc-testnet.sifchain.finance:2087
[eli] staging.sifchain.finance:2087
[eli] test2.sifchain.finance:2087
[eli] x.sifchain.finance:2087
[http] api-cryptoeconomics.sifchain.finance:80
[http] api-devnet.sifchain.finance:80
[http] api-int.sifchain.finance:80
[http] api.sifchain.finance:80
[http] api-testnet.sifchain.finance:80
[http] blockexplorer-devnet.sifchain.finance:80
[http] blockexplorer.sifchain.finance:80
[http] blockexplorer-testnet.sifchain.finance:80
[http] data.sifchain.finance:80
[http] devnet.sifchain.finance:80
[http] dex.sifchain.finance:80
[http] docs.sifchain.finance:80
[http] forum.sifchain.finance:80
[http] market-data.sifchain.finance:80
[http] proxies.sifchain.finance:80
[http-proxy] api-cryptoeconomics.sifchain.finance:8080
[http-proxy] api-devnet.sifchain.finance:8080
[http-proxy] api-int.sifchain.finance:8080
[http-proxy] api.sifchain.finance:8080
[http-proxy] api-testnet.sifchain.finance:8080
[http-proxy] blockexplorer-devnet.sifchain.finance:8080
[http-proxy] blockexplorer.sifchain.finance:8080
[http-proxy] blockexplorer-testnet.sifchain.finance:8080
[http-proxy] docs.sifchain.finance:8080
[http-proxy] forum.sifchain.finance:8080
[http-proxy] market-data.sifchain.finance:8080
[http-proxy] rpc-devnet.sifchain.finance:8080
[http-proxy] rpc-int.sifchain.finance:8080
[http-proxy] rpc.sifchain.finance:8080
[http-proxy] rpc-testnet.sifchain.finance:8080
[http-proxy] staging.sifchain.finance:8080
[http-proxy] test2.sifchain.finance:8080
[http-proxy] x.sifchain.finance:8080
[http] rpc-devnet.sifchain.finance:80
[http] rpc-int.sifchain.finance:80
[http] rpc.sifchain.finance:80
[http] rpc-testnet.sifchain.finance:80
[https] api-cryptoeconomics.sifchain.finance:443
[https] api-devnet.sifchain.finance:443
[https] api-int.sifchain.finance:443
[https] api.sifchain.finance:443
[https] api-testnet.sifchain.finance:443
[https] blockexplorer-devnet.sifchain.finance:443
[https] blockexplorer.sifchain.finance:443
[https] blockexplorer-testnet.sifchain.finance:443
[https] data.sifchain.finance:443
[https] devnet.sifchain.finance:443
[https] dex.sifchain.finance:443
[https] docs.sifchain.finance:443
[https] forum.sifchain.finance:443
[http] sifchain.finance:80
[https] market-data.sifchain.finance:443
[https] proxies.sifchain.finance:443
[https] rpc-devnet.sifchain.finance:443
[https] rpc-int.sifchain.finance:443
[https] rpc.sifchain.finance:443
[https] rpc-testnet.sifchain.finance:443
[https] sifchain.finance:443
[https] staging.sifchain.finance:443
[http] staging.sifchain.finance:80
[https] test2.sifchain.finance:443
[https] token-recovery.sifchain.finance:443
[https] www.sifchain.finance:443
[https] x.sifchain.finance:443
[http] test2.sifchain.finance:80
[http] token-recovery.sifchain.finance:80
[http] www.sifchain.finance:80
[http] x.sifchain.finance:80
[nbx-ser] api-int.sifchain.finance:2095
[nbx-ser] market-data.sifchain.finance:2095
[nbx-ser] rpc.sifchain.finance:2095
[nbx-ser] staging.sifchain.finance:2095
[nbx-ser] test2.sifchain.finance:2095
[nbx-ser] x.sifchain.finance:2095
