[cddbp-alt] help.sketchfab.com:8880
[cddbp-alt] img.email1.sketchfab.com:8880
[cddbp-alt] img.email2.sketchfab.com:8880
[cddbp-alt] img.email3.sketchfab.com:8880
[cddbp-alt] landings.sketchfab.com:8880
[cddbp-alt] zendesk1.sketchfab.com:8880
[cddbp-alt] zendesk2.sketchfab.com:8880
[cddbp-alt] zendesk3.sketchfab.com:8880
[cddbp-alt] zendesk4.sketchfab.com:8880
[clearvisn] img.email1.sketchfab.com:2052
[clearvisn] img.email2.sketchfab.com:2052
[clearvisn] img.email3.sketchfab.com:2052
[domain] blog.sketchfab.com:53
[domain] staging2.blog.sketchfab.com:53
[domain] www.blog.sketchfab.com:53
[domain] www.staging2.blog.sketchfab.com:53
[eli] help.sketchfab.com:2087
[eli] img.email1.sketchfab.com:2087
[eli] img.email2.sketchfab.com:2087
[eli] img.email3.sketchfab.com:2087
[eli] landings.sketchfab.com:2087
[eli] zendesk1.sketchfab.com:2087
[eli] zendesk2.sketchfab.com:2087
[eli] zendesk3.sketchfab.com:2087
[eli] zendesk4.sketchfab.com:2087
[ftp] blog.sketchfab.com:21
[ftp] staging2.blog.sketchfab.com:21
[ftp] www.blog.sketchfab.com:21
[ftp] www.staging2.blog.sketchfab.com:21
[gnunet] help.sketchfab.com:2086
[gnunet] img.email1.sketchfab.com:2086
[gnunet] img.email2.sketchfab.com:2086
[gnunet] img.email3.sketchfab.com:2086
[gnunet] landings.sketchfab.com:2086
[gnunet] zendesk3.sketchfab.com:2086
[gnunet] zendesk4.sketchfab.com:2086
[http] api.sketchfab.com:80
[http] apps.sketchfab.com:80
[http] blog.sketchfab.com:80
[http] clients.sketchfab.com:80
[http] demos.sketchfab.com:80
[http] docs.sketchfab.com:80
[http] email.sketchfab.com:80
[http] forum.sketchfab.com:80
[http] gltf.sketchfab.com:80
[http] help.sketchfab.com:80
[http] img.email1.sketchfab.com:80
[http] img.email2.sketchfab.com:80
[http] img.email3.sketchfab.com:80
[http] labs.sketchfab.com:80
[http] landings.sketchfab.com:80
[http] massive.sketchfab.com:80
[http] media.sketchfab.com:80
[http-proxy] help.sketchfab.com:8080
[http-proxy] img.email1.sketchfab.com:8080
[http-proxy] img.email2.sketchfab.com:8080
[http-proxy] img.email3.sketchfab.com:8080
[http-proxy] landings.sketchfab.com:8080
[http-proxy] zendesk1.sketchfab.com:8080
[http-proxy] zendesk2.sketchfab.com:8080
[http-proxy] zendesk3.sketchfab.com:8080
[http-proxy] zendesk4.sketchfab.com:8080
[http] r.email1.sketchfab.com:80
[http] r.email2.sketchfab.com:80
[http] r.email3.sketchfab.com:80
[https-alt] help.sketchfab.com:8443
[https-alt] img.email1.sketchfab.com:8443
[https-alt] img.email2.sketchfab.com:8443
[https-alt] img.email3.sketchfab.com:8443
[https-alt] landings.sketchfab.com:8443
[https-alt] zendesk1.sketchfab.com:8443
[https-alt] zendesk2.sketchfab.com:8443
[https-alt] zendesk3.sketchfab.com:8443
[https-alt] zendesk4.sketchfab.com:8443
[https] api.sketchfab.com:443
[https] apps.sketchfab.com:443
[https] blog.sketchfab.com:443
[https] clients.sketchfab.com:443
[https] demos.sketchfab.com:443
[https] docs.sketchfab.com:443
[https] email.sketchfab.com:443
[https] forum.sketchfab.com:443
[https] gltf.sketchfab.com:443
[https] help.sketchfab.com:443
[https] img.email1.sketchfab.com:443
[https] img.email2.sketchfab.com:443
[https] img.email3.sketchfab.com:443
[http] sketchfab.com:80
[https] labs.sketchfab.com:443
[https] landings.sketchfab.com:443
[https] massive.sketchfab.com:443
[https] media.sketchfab.com:443
[https] r.email1.sketchfab.com:443
[https] r.email2.sketchfab.com:443
[https] r.email3.sketchfab.com:443
[https] sketchfab.com:443
[https] staging2.blog.sketchfab.com:443
[https] static.sketchfab.com:443
[http] staging2.blog.sketchfab.com:80
[http] static.sketchfab.com:80
[https] www.blog.sketchfab.com:443
[https] www.sketchfab.com:443
[https] www.staging2.blog.sketchfab.com:443
[https] zendesk1.sketchfab.com:443
[https] zendesk2.sketchfab.com:443
[https] zendesk3.sketchfab.com:443
[https] zendesk4.sketchfab.com:443
[http] www.blog.sketchfab.com:80
[http] www.sketchfab.com:80
[http] www.staging2.blog.sketchfab.com:80
[http] zendesk1.sketchfab.com:80
[http] zendesk2.sketchfab.com:80
[http] zendesk3.sketchfab.com:80
[http] zendesk4.sketchfab.com:80
[imap] blog.sketchfab.com:143
[imaps] blog.sketchfab.com:993
[imaps] staging2.blog.sketchfab.com:993
[imap] staging2.blog.sketchfab.com:143
[imaps] www.blog.sketchfab.com:993
[imaps] www.staging2.blog.sketchfab.com:993
[imap] www.blog.sketchfab.com:143
[imap] www.staging2.blog.sketchfab.com:143
[infowave] help.sketchfab.com:2082
[infowave] img.email1.sketchfab.com:2082
[infowave] img.email2.sketchfab.com:2082
[infowave] img.email3.sketchfab.com:2082
[infowave] landings.sketchfab.com:2082
[infowave] zendesk1.sketchfab.com:2082
[infowave] zendesk2.sketchfab.com:2082
[infowave] zendesk3.sketchfab.com:2082
[infowave] zendesk4.sketchfab.com:2082
[knetd] img.email1.sketchfab.com:2053
[knetd] img.email2.sketchfab.com:2053
[knetd] img.email3.sketchfab.com:2053
[knetd] zendesk3.sketchfab.com:2053
[knetd] zendesk4.sketchfab.com:2053
[ms-v-worlds] staging2.blog.sketchfab.com:2525
[ms-v-worlds] www.staging2.blog.sketchfab.com:2525
[mysql] blog.sketchfab.com:3306
[mysql] staging2.blog.sketchfab.com:3306
[mysql] www.blog.sketchfab.com:3306
[mysql] www.staging2.blog.sketchfab.com:3306
[nbx-dir] help.sketchfab.com:2096
[nbx-dir] img.email1.sketchfab.com:2096
[nbx-dir] img.email2.sketchfab.com:2096
[nbx-dir] img.email3.sketchfab.com:2096
[nbx-ser] img.email1.sketchfab.com:2095
[nbx-ser] img.email2.sketchfab.com:2095
[nbx-ser] img.email3.sketchfab.com:2095
[pharos] r.email1.sketchfab.com:4443
[pharos] r.email2.sketchfab.com:4443
[pharos] r.email3.sketchfab.com:4443
[pop3] blog.sketchfab.com:110
[pop3s] blog.sketchfab.com:995
[pop3s] staging2.blog.sketchfab.com:995
[pop3] staging2.blog.sketchfab.com:110
[pop3s] www.blog.sketchfab.com:995
[pop3s] www.staging2.blog.sketchfab.com:995
[pop3] www.blog.sketchfab.com:110
[pop3] www.staging2.blog.sketchfab.com:110
[postgresql] blog.sketchfab.com:5432
[postgresql] staging2.blog.sketchfab.com:5432
[postgresql] www.blog.sketchfab.com:5432
[postgresql] www.staging2.blog.sketchfab.com:5432
[radsec] help.sketchfab.com:2083
[radsec] img.email1.sketchfab.com:2083
[radsec] img.email2.sketchfab.com:2083
[radsec] img.email3.sketchfab.com:2083
[radsec] landings.sketchfab.com:2083
[radsec] zendesk1.sketchfab.com:2083
[radsec] zendesk2.sketchfab.com:2083
[radsec] zendesk3.sketchfab.com:2083
[radsec] zendesk4.sketchfab.com:2083
[smtp] blog.sketchfab.com:25
[smtp] email1.sketchfab.com:25
[smtp] email2.sketchfab.com:25
[smtp] email3.sketchfab.com:25
[smtps] blog.sketchfab.com:465
[smtps] staging2.blog.sketchfab.com:465
[smtp] staging2.blog.sketchfab.com:25
[smtps] www.blog.sketchfab.com:465
[smtps] www.staging2.blog.sketchfab.com:465
[smtp] www.blog.sketchfab.com:25
[smtp] www.staging2.blog.sketchfab.com:25
[submission] staging2.blog.sketchfab.com:587
[submission] www.staging2.blog.sketchfab.com:587
