[http] account.skybingo.com:80
[http] autodiscover.skybingo.com:80
[http] msoid.skybingo.com:80
[http] online.auto.skybingo.com:80
[http] online.qa.skybingo.com:80
[http] online.skybingo.com:80
[http] online.sta.skybingo.com:80
[http] online.test.skybingo.com:80
[https] account.skybingo.com:443
[http] skybingo.com:80
[https] msoid.skybingo.com:443
[https] online.auto.skybingo.com:443
[https] online.qa.skybingo.com:443
[https] online.skybingo.com:443
[https] online.sta.skybingo.com:443
[https] online.test.skybingo.com:443
[https] skybingo.com:443
[https] support.skybingo.com:443
[http] support.skybingo.com:80
[https] www.skybingo.com:443
[https] www.test2.skybingo.com:443
[http] www.skybingo.com:80
[http] www.test2.skybingo.com:80
