[http] account.guea.skybetservices.com:80
[http] account.nps.skybetservices.com:80
[http] account.skybetservices.com:80
[http] account.staging.skybetservices.com:80
[http] api.verification.staging.skybetservices.com:80
[http] api.verification.test.skybetservices.com:80
[http] auth.guea.skybetservices.com:80
[http] auth.nps.skybetservices.com:80
[http] auth.skybetservices.com:80
[http] auth.staging.skybetservices.com:80
[http] pay.static.skybetservices.com:80
[http] pay.static.staging.skybetservices.com:80
[https] account.guea.skybetservices.com:443
[https] account.nps.skybetservices.com:443
[https] account.skybetservices.com:443
[https] account.staging.skybetservices.com:443
[https] api.verification.staging.skybetservices.com:443
[https] api.verification.test.skybetservices.com:443
[https] auth.guea.skybetservices.com:443
[https] auth.nps.skybetservices.com:443
[https] auth.skybetservices.com:443
[https] auth.staging.skybetservices.com:443
[http] sidebar.guea.skybetservices.com:80
[http] sidebar.nps.skybetservices.com:80
[http] sidebar.skybetservices.com:80
[http] sidebar.staging.skybetservices.com:80
[https] pay.static.skybetservices.com:443
[https] pay.static.staging.skybetservices.com:443
[https] sidebar.guea.skybetservices.com:443
[https] sidebar.nps.skybetservices.com:443
[https] sidebar.skybetservices.com:443
[https] sidebar.staging.skybetservices.com:443
[https] static.live.skybetservices.com:443
[https] static.skybetservices.com:443
[https] static.stage.skybetservices.com:443
[https] static.test.skybetservices.com:443
[http] static.live.skybetservices.com:80
[http] static.skybetservices.com:80
[http] static.stage.skybetservices.com:80
[http] static.test.skybetservices.com:80
[https] verification.skybetservices.com:443
[https] verification.staging.skybetservices.com:443
[https] verification.test.skybetservices.com:443
[https] verify.skybetservices.com:443
[http] verification.skybetservices.com:80
[http] verification.staging.skybetservices.com:80
[http] verification.test.skybetservices.com:80
[http] verify.skybetservices.com:80
