[cddbp-alt] community.skypoker.com:8880
[cddbp-alt] community.staging.skypoker.com:8880
[eli] community.skypoker.com:2087
[eli] community.staging.skypoker.com:2087
[gnunet] community.skypoker.com:2086
[gnunet] community.staging.skypoker.com:2086
[http] account.skypoker.com:80
[http] autodiscover.skypoker.com:80
[http] community.skypoker.com:80
[http] community.staging.skypoker.com:80
[http] ls.push.skypoker.com:80
[http] m.skypoker.com:80
[http] msoid.skypoker.com:80
[http] m.staging.skypoker.com:80
[http-proxy] community.skypoker.com:8080
[http-proxy] community.staging.skypoker.com:8080
[http] push.skypoker.com:80
[https] account.skypoker.com:443
[https-alt] community.skypoker.com:8443
[https] community.skypoker.com:443
[https] community.staging.skypoker.com:443
[http] skypoker.com:80
[https] ls.push.skypoker.com:443
[https] m.skypoker.com:443
[https] msoid.skypoker.com:443
[https] m.staging.skypoker.com:443
[https] push.skypoker.com:443
[https] skypoker.com:443
[https] support.skypoker.com:443
[https] table.push.skypoker.com:443
[http] support.skypoker.com:80
[https] www.skypoker.com:443
[https] www.staging.skypoker.com:443
[https] www.test2.skypoker.com:443
[http] table.push.skypoker.com:80
[http] www.skypoker.com:80
[http] www.staging.skypoker.com:80
[http] www.test2.skypoker.com:80
[infowave] community.skypoker.com:2082
[infowave] community.staging.skypoker.com:2082
[knetd] community.skypoker.com:2053
[nbx-dir] community.skypoker.com:2096
[nbx-dir] community.staging.skypoker.com:2096
[radsec] community.skypoker.com:2083
[radsec] community.staging.skypoker.com:2083
