[cddbp-alt] conditions.travel.skyscanner.net:8880
[cddbp-alt] schedule-change.travel.skyscanner.net:8880
[cddbp-alt] secure-pay.travel.skyscanner.net:8880
[eli] conditions.travel.skyscanner.net:2087
[eli] schedule-change.travel.skyscanner.net:2087
[eli] secure-pay.travel.skyscanner.net:2087
[gnunet] conditions.travel.skyscanner.net:2086
[gnunet] schedule-change.travel.skyscanner.net:2086
[gnunet] secure-pay.travel.skyscanner.net:2086
[http] 355777.skyscanner.net:80
[http] 9735476.sender.skyscanner.net:80
[http] 9735476.skyscanner.net:80
[http] 9735476.test.skyscanner.net:80
[http] ablink.sender.skyscanner.net:80
[http] ablink.test.skyscanner.net:80
[http] amp.skyscanner.net:80
[http] api2.skyscanner.net:80
[http] api.skyscanner.net:80
[http] autodiscover.skyscanner.net:80
[http] bookings.skyscanner.net:80
[http] business.skyscanner.net:80
[http] carhirehelp.skyscanner.net:80
[http] clicks.skyscanner.net:80
[http] cn.skyscanner.net:80
[http] conditions.travel.skyscanner.net:80
[http] dk.skyscanner.net:80
[http] email.travelpro.skyscanner.net:80
[http] enterpriseenrollment.skyscanner.net:80
[http] enterpriseregistration.skyscanner.net:80
[http] e.skyscanner.net:80
[http] facescanner.skyscanner.net:80
[http] feedback.skyscanner.net:80
[http] forum.skyscanner.net:80
[http] ftp.b2b.skyscanner.net:80
[http] futuretech.skyscanner.net:80
[http] gateway.skyscanner.net:80
[http] gr.skyscanner.net:80
[http] gw51.skyscanner.net:80
[http] gw51-verify.skyscanner.net:80
[http] gw52.skyscanner.net:80
[http] gw53.skyscanner.net:80
[http] gw54.skyscanner.net:80
[http] gw-apac.skyscanner.net:80
[http] gw-emea.skyscanner.net:80
[http] gw-geo.skyscanner.net:80
[http] help.skyscanner.net:80
[http] holidays.skyscanner.net:80
[http] hotelshelp.skyscanner.net:80
[http] hotels.skyscanner.net:80
[http] kr.skyscanner.net:80
[http] learning.skyscanner.net:80
[http] lyncdiscover.skyscanner.net:80
[http] maint2.skyscanner.net:80
[http] maint3.skyscanner.net:80
[http] maint.skyscanner.net:80
[http] mini.skyscanner.net:80
[http] mobile.ds.skyscanner.net:80
[http] mobile.skyscanner.net:80
[http] news.skyscanner.net:80
[http] no.skyscanner.net:80
[http] partnerportal.skyscanner.net:80
[http] partners.api.skyscanner.net:80
[http] partners.skyscanner.net:80
[http] pgg13t.partners.skyscanner.net:80
[http-proxy] conditions.travel.skyscanner.net:8080
[http-proxy] schedule-change.travel.skyscanner.net:8080
[http-proxy] secure-pay.travel.skyscanner.net:8080
[http-proxy] www.partners.skyscanner.net:8080
[http] pt.skyscanner.net:80
[http] redirect2.skyscanner.net:80
[http] redirect.skyscanner.net:80
[http] ro.skyscanner.net:80
[https] 355777.skyscanner.net:443
[https] 9735476.sender.skyscanner.net:443
[https] 9735476.skyscanner.net:443
[https] 9735476.test.skyscanner.net:443
[https] ablink.sender.skyscanner.net:443
[https] ablink.test.skyscanner.net:443
[https] adfs1.skyscanner.net:443
[https-alt] conditions.travel.skyscanner.net:8443
[https-alt] schedule-change.travel.skyscanner.net:8443
[https-alt] secure-pay.travel.skyscanner.net:8443
[https-alt] www.partners.skyscanner.net:8443
[https] analytics.skyscanner.net:443
[https] api2.skyscanner.net:443
[https] api.skyscanner.net:443
[https] azuremfa.skyscanner.net:443
[https] bookings.skyscanner.net:443
[https] business.skyscanner.net:443
[https] carhirehelp.skyscanner.net:443
[http] schedule-change.travel.skyscanner.net:80
[https] clicks.skyscanner.net:443
[https] cn.skyscanner.net:443
[https] conditions.travel.skyscanner.net:443
[https] dk.skyscanner.net:443
[http] securepay.skyscanner.net:80
[http] secure-pay.travel.skyscanner.net:80
[http] secure.skyscanner.net:80
[https] email.travelpro.skyscanner.net:443
[https] enterpriseenrollment.skyscanner.net:443
[https] enterpriseregistration.skyscanner.net:443
[https] e.skyscanner.net:443
[http] se.skyscanner.net:80
[https] facescanner.skyscanner.net:443
[https] feedback.skyscanner.net:443
[https] forum.skyscanner.net:443
[https] ftp.b2b.skyscanner.net:443
[https] futuretech.skyscanner.net:443
[https] gateway.skyscanner.net:443
[https] gojira.skyscanner.net:443
[https] gr.skyscanner.net:443
[https] gw51.skyscanner.net:443
[https] gw51-verify.skyscanner.net:443
[https] gw52.skyscanner.net:443
[https] gw53.skyscanner.net:443
[https] gw54.skyscanner.net:443
[https] gw-apac.skyscanner.net:443
[https] gw-emea.skyscanner.net:443
[https] gw-geo.skyscanner.net:443
[https] help.skyscanner.net:443
[https] holidays.skyscanner.net:443
[https] hotelshelp.skyscanner.net:443
[https] hotels.skyscanner.net:443
[https] kr.skyscanner.net:443
[http] skyscanner.net:80
[https] learning.skyscanner.net:443
[http] slipstream.skyscanner.net:80
[https] lyncdiscover.skyscanner.net:443
[https] maint2.skyscanner.net:443
[https] maint3.skyscanner.net:443
[https] maint.skyscanner.net:443
[https] mini.skyscanner.net:443
[https] mobile.ds.skyscanner.net:443
[https] mobile.skyscanner.net:443
[https] news.skyscanner.net:443
[https] no.skyscanner.net:443
[https] partnerportal.skyscanner.net:443
[https] partners.api.skyscanner.net:443
[https] partners.skyscanner.net:443
[https] pgg13t.partners.skyscanner.net:443
[https] pt.skyscanner.net:443
[https] redirect2.skyscanner.net:443
[https] redirect.skyscanner.net:443
[https] ro.skyscanner.net:443
[https] schedule-change.travel.skyscanner.net:443
[https] securepay.skyscanner.net:443
[https] secure-pay.travel.skyscanner.net:443
[https] secure.skyscanner.net:443
[https] se.skyscanner.net:443
[https] sip.skyscanner.net:443
[https] skyscanner.net:443
[https] slipstream.skyscanner.net:443
[https] support.business.skyscanner.net:443
[https] talent.skyscanner.net:443
[https] translate.skyscanner.net:443
[https] traveller-support.skyscanner.net:443
[https] travelpro.skyscanner.net:443
[https] tr.skyscanner.net:443
[http] support.business.skyscanner.net:80
[https] url4728.skyscanner.net:443
[https] vice01.skyscanner.net:443
[https] vice02.skyscanner.net:443
[https] vice03.skyscanner.net:443
[https] vice04.skyscanner.net:443
[https] vice05.skyscanner.net:443
[https] widgets.skyscanner.net:443
[https] w.skyscanner.net:443
[https] ww.skyscanner.net:443
[https] www.business.skyscanner.net:443
[https] www.en.business.skyscanner.net:443
[https] www.forum.skyscanner.net:443
[https] www.futuretech.skyscanner.net:443
[https] www.mailer.skyscanner.net:443
[https] www.partners.skyscanner.net:443
[https] www.skyscanner.net:443
[https] wwww.skyscanner.net:443
[https] yj.partners.api.skyscanner.net:443
[http] talent.skyscanner.net:80
[http] translate.skyscanner.net:80
[http] traveller-support.skyscanner.net:80
[http] travelpro.skyscanner.net:80
[http] travel.skyscanner.net:80
[http] tr.skyscanner.net:80
[http] url4728.skyscanner.net:80
[http] vice01.skyscanner.net:80
[http] vice02.skyscanner.net:80
[http] vice03.skyscanner.net:80
[http] vice04.skyscanner.net:80
[http] vice05.skyscanner.net:80
[http] widgets.skyscanner.net:80
[http] w.skyscanner.net:80
[http] ww.skyscanner.net:80
[http] www.business.skyscanner.net:80
[http] www.en.business.skyscanner.net:80
[http] www.forum.skyscanner.net:80
[http] www.futuretech.skyscanner.net:80
[http] www.mailer.skyscanner.net:80
[http] www.partners.skyscanner.net:80
[http] www.skyscanner.net:80
[http] www.travel.skyscanner.net:80
[http] wwww.skyscanner.net:80
[http] yj.partners.api.skyscanner.net:80
[infowave] conditions.travel.skyscanner.net:2082
[infowave] secure-pay.travel.skyscanner.net:2082
[nbx-ser] schedule-change.travel.skyscanner.net:2095
[radsec] conditions.travel.skyscanner.net:2083
[radsec] schedule-change.travel.skyscanner.net:2083
[radsec] secure-pay.travel.skyscanner.net:2083
[sip-tls] sip.skyscanner.net:5061
[smtp] pgg13t.partners.skyscanner.net:25
[vrml-multi-use] slipstream.skyscanner.net:4242
