[http] account.skyvegas.com:80
[http] assets.skyvegas.com:80
[http] assets.test.skyvegas.com:80
[http] autodiscover.skyvegas.com:80
[http] casinoapp.skyvegas.com:80
[http] games.casinogames.skyvegas.com:80
[http] messaging.skyvegas.com:80
[http] messaging.test.skyvegas.com:80
[http] m.skyvegas.com:80
[http] msoid.skyvegas.com:80
[http] m.staging.skyvegas.com:80
[http] nps.skyvegas.com:80
[https] account.skyvegas.com:443
[https] assets.skyvegas.com:443
[https] assets.test.skyvegas.com:443
[https] casinoapp.skyvegas.com:443
[https] games.casinogames.skyvegas.com:443
[http] skyvegas.com:80
[http] slots.casinogames.skyvegas.com:80
[https] messaging.skyvegas.com:443
[https] messaging.test.skyvegas.com:443
[https] m.skyvegas.com:443
[https] msoid.skyvegas.com:443
[https] m.staging.skyvegas.com:443
[https] nps.skyvegas.com:443
[https] skyvegas.com:443
[https] slots.casinogames.skyvegas.com:443
[https] support.skyvegas.com:443
[http] support.skyvegas.com:80
[https] www.nps.skyvegas.com:443
[https] www.skyvegas.com:443
[https] www.staging.skyvegas.com:443
[https] www.test2.skyvegas.com:443
[http] www.nps.skyvegas.com:80
[http] www.skyvegas.com:80
[http] www.staging.skyvegas.com:80
[http] www.test2.skyvegas.com:80
