[http] api1.spotifyforbrands.com:80
[http] api1-staging.spotifyforbrands.com:80
[http] api2.spotifyforbrands.com:80
[http] api.spotifyforbrands.com:80
[http] app-engine-test.spotifyforbrands.com:80
[http] aroma0063.spotifyforbrands.com:80
[http] asia.spotifyforbrands.com:80
[http] bose-segments.spotifyforbrands.com:80
[http] bose-segments-staging.spotifyforbrands.com:80
[http] c114.spotifyforbrands.com:80
[http] cdn103.spotifyforbrands.com:80
[http] creativeportal.spotifyforbrands.com:80
[http] creativeportfolio.spotifyforbrands.com:80
[http] creativeportfolio-staging.spotifyforbrands.com:80
[http] culturecompass.spotifyforbrands.com:80
[http] culturenextvol1-sea.spotifyforbrands.com:80
[http] customsegment.spotifyforbrands.com:80
[http] customsegment-staging.spotifyforbrands.com:80
[http] dan.spotifyforbrands.com:80
[http] demobuilder.spotifyforbrands.com:80
[http] demobuilder-staging.spotifyforbrands.com:80
[http] demo.spotifyforbrands.com:80
[http] dentsu-partner.spotifyforbrands.com:80
[http] dentsu-partner-staging.spotifyforbrands.com:80
[http] dhcpfa16.spotifyforbrands.com:80
[http] discovery.spotifyforbrands.com:80
[http] discovery-staging.spotifyforbrands.com:80
[http] havas-partner.spotifyforbrands.com:80
[http] havas-partner-staging.spotifyforbrands.com:80
[http] havas-segments.spotifyforbrands.com:80
[http] havas-segments-staging.spotifyforbrands.com:80
[http] ipg-partner.spotifyforbrands.com:80
[http] ipg-partner-staging.spotifyforbrands.com:80
[http] ipg-segments.spotifyforbrands.com:80
[http] ipg-segments-staging.spotifyforbrands.com:80
[http] ipg.spotifyforbrands.com:80
[http] min0501.spotifyforbrands.com:80
[http] ohfashion.spotifyforbrands.com:80
[http] omg-segments.spotifyforbrands.com:80
[http] omg-segments-staging.spotifyforbrands.com:80
[http] omnicom-partner.spotifyforbrands.com:80
[http] omnicom-partner-staging.spotifyforbrands.com:80
[http] onlinegames.spotifyforbrands.com:80
[http] partner.spotifyforbrands.com:80
[http] partner-staging.spotifyforbrands.com:80
[http] playlist-infographic.spotifyforbrands.com:80
[http] playlist-infographic-staging.spotifyforbrands.com:80
[http] playlist.spotifyforbrands.com:80
[http] playlist-staging.spotifyforbrands.com:80
[http] preview.spotifyforbrands.com:80
[http] publicis-segments.spotifyforbrands.com:80
[http] publicis-segments-staging.spotifyforbrands.com:80
[http] publicis.spotifyforbrands.com:80
[http] ru.spotifyforbrands.com:80
[http] salesportal.spotifyforbrands.com:80
[http] sales.spotifyforbrands.com:80
[http] sales-staging.spotifyforbrands.com:80
[https] api1.spotifyforbrands.com:443
[https] api1-staging.spotifyforbrands.com:443
[https] api2.spotifyforbrands.com:443
[https] api.spotifyforbrands.com:443
[https] app-engine-test.spotifyforbrands.com:443
[https] aroma0063.spotifyforbrands.com:443
[https] asia.spotifyforbrands.com:443
[https] bose-segments.spotifyforbrands.com:443
[https] bose-segments-staging.spotifyforbrands.com:443
[https] c114.spotifyforbrands.com:443
[https] cdn103.spotifyforbrands.com:443
[http] scontent-yyz1-1.spotifyforbrands.com:80
[https] creativeportal.spotifyforbrands.com:443
[https] creativeportfolio.spotifyforbrands.com:443
[https] creativeportfolio-staging.spotifyforbrands.com:443
[https] culturecompass.spotifyforbrands.com:443
[https] culturenextvol1-sea.spotifyforbrands.com:443
[https] customsegment.spotifyforbrands.com:443
[https] customsegment-staging.spotifyforbrands.com:443
[https] dan.spotifyforbrands.com:443
[https] demobuilder.spotifyforbrands.com:443
[https] demobuilder-staging.spotifyforbrands.com:443
[https] demo.spotifyforbrands.com:443
[https] dentsu-partner.spotifyforbrands.com:443
[https] dentsu-partner-staging.spotifyforbrands.com:443
[https] dhcpfa16.spotifyforbrands.com:443
[https] discovery.spotifyforbrands.com:443
[https] discovery-staging.spotifyforbrands.com:443
[http] sea.spotifyforbrands.com:80
[http] segments-dev.spotifyforbrands.com:80
[http] segments.spotifyforbrands.com:80
[http] segments-staging.spotifyforbrands.com:80
[https] havas-partner.spotifyforbrands.com:443
[https] havas-partner-staging.spotifyforbrands.com:443
[https] havas-segments.spotifyforbrands.com:443
[https] havas-segments-staging.spotifyforbrands.com:443
[https] ipg-partner.spotifyforbrands.com:443
[https] ipg-partner-staging.spotifyforbrands.com:443
[https] ipg-segments.spotifyforbrands.com:443
[https] ipg-segments-staging.spotifyforbrands.com:443
[https] ipg.spotifyforbrands.com:443
[https] min0501.spotifyforbrands.com:443
[https] ohfashion.spotifyforbrands.com:443
[https] omg-segments.spotifyforbrands.com:443
[https] omg-segments-staging.spotifyforbrands.com:443
[https] omnicom-partner.spotifyforbrands.com:443
[https] omnicom-partner-staging.spotifyforbrands.com:443
[https] onlinegames.spotifyforbrands.com:443
[https] partner.spotifyforbrands.com:443
[https] partner-staging.spotifyforbrands.com:443
[https] playlist-infographic.spotifyforbrands.com:443
[https] playlist-infographic-staging.spotifyforbrands.com:443
[https] playlist.spotifyforbrands.com:443
[https] playlist-staging.spotifyforbrands.com:443
[http] spotifyforbrands.com:80
[https] preview.spotifyforbrands.com:443
[https] publicis-segments.spotifyforbrands.com:443
[https] publicis-segments-staging.spotifyforbrands.com:443
[https] publicis.spotifyforbrands.com:443
[https] ru.spotifyforbrands.com:443
[https] salesportal.spotifyforbrands.com:443
[https] sales.spotifyforbrands.com:443
[https] sales-staging.spotifyforbrands.com:443
[https] scontent-yyz1-1.spotifyforbrands.com:443
[https] sea.spotifyforbrands.com:443
[https] segments-dev.spotifyforbrands.com:443
[https] segments.spotifyforbrands.com:443
[https] segments-staging.spotifyforbrands.com:443
[https] spotifyforbrands.com:443
[https] tact.spotifyforbrands.com:443
[https] wpp-partner.spotifyforbrands.com:443
[https] wpp-partner-staging.spotifyforbrands.com:443
[https] wpp.spotifyforbrands.com:443
[https] wrapped.spotifyforbrands.com:443
[https] www.api1.spotifyforbrands.com:443
[https] www.api1-staging.spotifyforbrands.com:443
[https] www.api2.spotifyforbrands.com:443
[https] www.bose-segments.spotifyforbrands.com:443
[https] www.bose-segments-staging.spotifyforbrands.com:443
[https] www.creativeportal.spotifyforbrands.com:443
[https] www.creativeportfolio.spotifyforbrands.com:443
[https] www.creativeportfolio-staging.spotifyforbrands.com:443
[https] www.culturenextvol1-sea.spotifyforbrands.com:443
[https] www.deckbuilder.spotifyforbrands.com:443
[https] www.demobuilder-staging.spotifyforbrands.com:443
[https] www.dentsu-partner.spotifyforbrands.com:443
[https] www.dentsu-partner-staging.spotifyforbrands.com:443
[https] www.discovery.spotifyforbrands.com:443
[https] www.discovery-staging.spotifyforbrands.com:443
[https] www.havas-partner.spotifyforbrands.com:443
[https] www.havas-partner-staging.spotifyforbrands.com:443
[https] www.havas-segments.spotifyforbrands.com:443
[https] www.havas-segments-staging.spotifyforbrands.com:443
[https] www.ipg-partner.spotifyforbrands.com:443
[https] www.ipg-partner-staging.spotifyforbrands.com:443
[https] www.ipg-segments.spotifyforbrands.com:443
[https] www.ipg-segments-staging.spotifyforbrands.com:443
[https] www.omg-segments.spotifyforbrands.com:443
[https] www.omg-segments-staging.spotifyforbrands.com:443
[https] www.omnicom-partner.spotifyforbrands.com:443
[https] www.omnicom-partner-staging.spotifyforbrands.com:443
[https] www.partner.spotifyforbrands.com:443
[https] www.partner-staging.spotifyforbrands.com:443
[https] www.publicis-segments.spotifyforbrands.com:443
[https] www.publicis-segments-staging.spotifyforbrands.com:443
[https] www.ru.spotifyforbrands.com:443
[https] www.sea.spotifyforbrands.com:443
[https] www.segments.spotifyforbrands.com:443
[https] www.segments-staging.spotifyforbrands.com:443
[https] www.spotifyforbrands.com:443
[https] www.wpp-partner.spotifyforbrands.com:443
[https] www.wpp-partner-staging.spotifyforbrands.com:443
[http] tact.spotifyforbrands.com:80
[http] wpp-partner.spotifyforbrands.com:80
[http] wpp-partner-staging.spotifyforbrands.com:80
[http] wpp.spotifyforbrands.com:80
[http] wrapped.spotifyforbrands.com:80
[http] www.api1.spotifyforbrands.com:80
[http] www.api1-staging.spotifyforbrands.com:80
[http] www.api2.spotifyforbrands.com:80
[http] www.bose-segments.spotifyforbrands.com:80
[http] www.bose-segments-staging.spotifyforbrands.com:80
[http] www.creativeportal.spotifyforbrands.com:80
[http] www.creativeportfolio.spotifyforbrands.com:80
[http] www.creativeportfolio-staging.spotifyforbrands.com:80
[http] www.culturenextvol1-sea.spotifyforbrands.com:80
[http] www.deckbuilder.spotifyforbrands.com:80
[http] www.demobuilder-staging.spotifyforbrands.com:80
[http] www.dentsu-partner.spotifyforbrands.com:80
[http] www.dentsu-partner-staging.spotifyforbrands.com:80
[http] www.discovery.spotifyforbrands.com:80
[http] www.discovery-staging.spotifyforbrands.com:80
[http] www.havas-partner.spotifyforbrands.com:80
[http] www.havas-partner-staging.spotifyforbrands.com:80
[http] www.havas-segments.spotifyforbrands.com:80
[http] www.havas-segments-staging.spotifyforbrands.com:80
[http] www.ipg-partner.spotifyforbrands.com:80
[http] www.ipg-partner-staging.spotifyforbrands.com:80
[http] www.ipg-segments.spotifyforbrands.com:80
[http] www.ipg-segments-staging.spotifyforbrands.com:80
[http] www.omg-segments.spotifyforbrands.com:80
[http] www.omg-segments-staging.spotifyforbrands.com:80
[http] www.omnicom-partner.spotifyforbrands.com:80
[http] www.omnicom-partner-staging.spotifyforbrands.com:80
[http] www.partner.spotifyforbrands.com:80
[http] www.partner-staging.spotifyforbrands.com:80
[http] www.publicis-segments.spotifyforbrands.com:80
[http] www.publicis-segments-staging.spotifyforbrands.com:80
[http] www.ru.spotifyforbrands.com:80
[http] www.sea.spotifyforbrands.com:80
[http] www.segments.spotifyforbrands.com:80
[http] www.segments-staging.spotifyforbrands.com:80
[http] www.spotifyforbrands.com:80
[http] www.wpp-partner.spotifyforbrands.com:80
[http] www.wpp-partner-staging.spotifyforbrands.com:80
[ppp] api.spotifyforbrands.com:3000
[ppp] culturecompass.spotifyforbrands.com:3000
[ppp] customsegment.spotifyforbrands.com:3000
[ppp] customsegment-staging.spotifyforbrands.com:3000
[ppp] dan.spotifyforbrands.com:3000
[ppp] demo.spotifyforbrands.com:3000
[ppp] ipg.spotifyforbrands.com:3000
[ppp] playlist-infographic.spotifyforbrands.com:3000
[ppp] playlist-infographic-staging.spotifyforbrands.com:3000
[ppp] playlist.spotifyforbrands.com:3000
[ppp] playlist-staging.spotifyforbrands.com:3000
[ppp] publicis.spotifyforbrands.com:3000
[ppp] salesportal.spotifyforbrands.com:3000
[ppp] sales.spotifyforbrands.com:3000
[ppp] sales-staging.spotifyforbrands.com:3000
[ppp] segments-dev.spotifyforbrands.com:3000
[ppp] wpp.spotifyforbrands.com:3000
