[bgp] vote.stakewise.io:179
[blackice-alerts] vote.stakewise.io:8082
[cddbp-alt] stakewise.io:8880
[clearvisn] admin.stakewise.io:2052
[clearvisn] api.stakewise.io:2052
[clearvisn] whitelist.stakewise.io:2052
[eli] stakewise.io:2087
[http] admin.stakewise.io:80
[http] api.stakewise.io:80
[http] app.stakewise.io:80
[http] blog-api.stakewise.io:80
[http] docs.stakewise.io:80
[http] forum.stakewise.io:80
[http] graph-gno.stakewise.io:80
[http] graph.stakewise.io:80
[http] node-00.stakewise.io:80
[http] node-01.stakewise.io:80
[http] node-02.stakewise.io:80
[http] node-03.stakewise.io:80
[http] node-04.stakewise.io:80
[http] preview-app.stakewise.io:80
[http-proxy] admin.stakewise.io:8080
[http-proxy] api.stakewise.io:8080
[http-proxy] blog-api.stakewise.io:8080
[http-proxy] docs.stakewise.io:8080
[http-proxy] forum.stakewise.io:8080
[http-proxy] graph-gno.stakewise.io:8080
[http-proxy] graph.stakewise.io:8080
[http-proxy] node-00.stakewise.io:8080
[http-proxy] node-01.stakewise.io:8080
[http-proxy] node-02.stakewise.io:8080
[http-proxy] node-03.stakewise.io:8080
[http-proxy] node-04.stakewise.io:8080
[http-proxy] rc.stakewise.io:8080
[http-proxy] stage-api.stakewise.io:8080
[http-proxy] stakewise.io:8080
[http-proxy] whitelist.stakewise.io:8080
[http-proxy] www.stakewise.io:8080
[http] rc.stakewise.io:80
[https] admin.stakewise.io:443
[https-alt] blog-api.stakewise.io:8443
[https-alt] docs.stakewise.io:8443
[https-alt] graph-gno.stakewise.io:8443
[https-alt] node-00.stakewise.io:8443
[https-alt] rc.stakewise.io:8443
[https-alt] stage-api.stakewise.io:8443
[https-alt] www.stakewise.io:8443
[https] api.stakewise.io:443
[https] app.stakewise.io:443
[https] blog-api.stakewise.io:443
[https] docs.stakewise.io:443
[https] forum.stakewise.io:443
[https] graph-gno.stakewise.io:443
[https] graph.stakewise.io:443
[https] node-00.stakewise.io:443
[https] node-01.stakewise.io:443
[https] node-02.stakewise.io:443
[https] node-03.stakewise.io:443
[https] node-04.stakewise.io:443
[https] preview-app.stakewise.io:443
[https] rc.stakewise.io:443
[https] stage-api.stakewise.io:443
[https] stage-app.stakewise.io:443
[https] stakewise.io:443
[http] stage-api.stakewise.io:80
[http] stage-app.stakewise.io:80
[http] stakewise.io:80
[https] vote.stakewise.io:443
[https] whitelist.stakewise.io:443
[https] widget.stakewise.io:443
[https] www.stakewise.io:443
[http] vote.stakewise.io:80
[http] whitelist.stakewise.io:80
[http] widget.stakewise.io:80
[http] www.stakewise.io:80
[radsec] stakewise.io:2083
[rtmp] vote.stakewise.io:1935
[ssh] vote.stakewise.io:22
[unknown] vote.stakewise.io:8084
[unknown] vote.stakewise.io:8085
