[blackice-alerts] tconnectqt.takeaway.com:8082
[blackice-alerts] tconnect.takeaway.com:8082
[blackice-icecap] tconnect2.takeaway.com:8081
[blackice-icecap] tconnectqt2.takeaway.com:8081
[cddbp-alt] acc-shop.takeaway.com:8880
[cddbp-alt] befr-shop.takeaway.com:8880
[cddbp-alt] benl-shop.takeaway.com:8880
[cddbp-alt] fallback.acc-shop.takeaway.com:8880
[cddbp-alt] lu-shop.takeaway.com:8880
[cddbp-alt] pt-shop.takeaway.com:8880
[cddbp-alt] widgets.takeaway.com:8880
[domain] ns1.takeaway.com:53
[domain] ns2.takeaway.com:53
[domain] ns3.takeaway.com:53
[eli] acc-shop.takeaway.com:2087
[eli] fallback.acc-shop.takeaway.com:2087
[eli] widgets.takeaway.com:2087
[EtherNetIP-1] lfmx.takeaway.com:2222
[gnunet] acc-shop.takeaway.com:2086
[gnunet] fallback.acc-shop.takeaway.com:2086
[gnunet] widgets.takeaway.com:2086
[http] 3pl-integration.takeaway.com:80
[http] acc-auth.takeaway.com:80
[http] acc-shop.takeaway.com:80
[http] apache-redirects.takeaway.com:80
[http] api-lieferando-de-stage.takeaway.com:80
[http] assets.takeaway.com:80
[http] avt.out.takeaway.com:80
[http] befr-shop.takeaway.com:80
[http] benl-shop.takeaway.com:80
[http] beta-befr-shop.takeaway.com:80
[http] beta-benl-shop.takeaway.com:80
[http] beta.shop.takeaway.com:80
[http] beta.takeaway.com:80
[http] bg-shop.takeaway.com:80
[http] blogbeta.takeaway.com:80
[http] blog.fr.takeaway.com:80
[http] blog-uk.takeaway.com:80
[http] bonus.takeaway.com:80
[http] bor-restaurant-api.takeaway.com:80
[http] brand.takeaway.com:80
[http] briw.out.takeaway.com:80
[http] bugs.takeaway.com:80
[http] callerid.takeaway.com:80
[http] careers.takeaway.com:80
[http] cdnopgs.out.takeaway.com:80
[http] certificates.takeaway.com:80
[http] checkout.takeaway.com:80
[http] click.connect.takeaway.com:80
[http] click.update.takeaway.com:80
[http] cloud.connect.takeaway.com:80
[http] cloud.update.takeaway.com:80
[http] corporate2.takeaway.com:80
[http] corporate.takeaway.com:80
[http] courierapp.takeaway.com:80
[http] courier.prod.clops.takeaway.com:80
[http] cw-api.takeaway.com:80
[http] cw-logs.takeaway.com:80
[http] delivery-situation-proxy.takeaway.com:80
[http] djvn.out.takeaway.com:80
[http] dominos-api.takeaway.com:80
[http] driver-app.prod.clops.takeaway.com:80
[http] driver.takeaway.com:80
[http] dutchworkscouncil.takeaway.com:80
[http] easylogin.takeaway.com:80
[http] eatch.out.takeaway.com:80
[http] emails.recruitment.takeaway.com:80
[http] emails.restaurants.takeaway.com:80
[http] enterpriseenrollment.takeaway.com:80
[http] enterpriseregistration.takeaway.com:80
[http] ext-restaurant-menu-api.takeaway.com:80
[http] fallback.acc-shop.takeaway.com:80
[http] feedbackgroup.takeaway.com:80
[http] fr2.takeaway.com:80
[http] geomaps.takeaway.com:80
[http] gnmk.out.takeaway.com:80
[http] ibyv-netherlands.out.takeaway.com:80
[http] ibyv.out.takeaway.com:80
[http] ibyvu.out.takeaway.com:80
[http] iezz.out.takeaway.com:80
[http] image.connect.takeaway.com:80
[http] images.takeaway.com:80
[http] image.update.takeaway.com:80
[http] jnyu.out.takeaway.com:80
[http] jobs.takeaway.com:80
[http] join.takeaway.com:80
[http] kemp.takeaway.com:80
[http] lfmx.takeaway.com:80
[http] lieferserviceat.out.takeaway.com:80
[http] lieferservicech.out.takeaway.com:80
[http] lieferservicede.out.takeaway.com:80
[http] live-orders-api.takeaway.com:80
[http] live-orders-socket.takeaway.com:80
[http] live-orders.takeaway.com:80
[http] login.takeaway.com:80
[http] loyaltyshop.takeaway.com:80
[http] lp-api.takeaway.com:80
[http] lu-shop.takeaway.com:80
[http] minisites.takeaway.com:80
[http] m.takeaway.com:80
[http] nl.takeaway.com:80
[http] opgs-support.out.takeaway.com:80
[http] orderarchive-api.takeaway.com:80
[http] order-now-toolkit.takeaway.com:80
[http] orders.takeaway.com:80
[http] pages.takeaway.com:80
[http] payoutverification.takeaway.com:80
[http] pizzabe.out.takeaway.com:80
[http] pizzacouk.out.takeaway.com:80
[http] pizzalu.out.takeaway.com:80
[http] pizzapt.out.takeaway.com:80
[http] posapi-cf.takeaway.com:80
[http] posapi.takeaway.com:80
[http] prdibyv.out.takeaway.com:80
[http] prod-auth.takeaway.com:80
[http-proxy] acc-shop.takeaway.com:8080
[http-proxy] fallback.acc-shop.takeaway.com:8080
[http-proxy] widgets.takeaway.com:8080
[http] pt-shop.takeaway.com:80
[http] pull-posapi-je-fr.takeaway.com:80
[http] restaurant-portal-api.takeaway.com:80
[http] restaurant-portal.takeaway.com:80
[http] restaurants.takeaway.com:80
[http] restaurant.takeaway.com:80
[http] ro-shop.takeaway.com:80
[https] 3pl-integration.takeaway.com:443
[https] acc-auth.takeaway.com:443
[https] acc-logistics.api.takeaway.com:443
[https] acc-onboarding.api.takeaway.com:443
[https] acc-ordering.api.takeaway.com:443
[https] acc-paynotif.api.takeaway.com:443
[https] acc-shop.takeaway.com:443
[https] acc-tms.api.takeaway.com:443
[https] acc-vendor.api.takeaway.com:443
[https] acc-web2lead.api.takeaway.com:443
[https-alt] befr-shop.takeaway.com:8443
[https-alt] benl-shop.takeaway.com:8443
[https-alt] beta-befr-shop.takeaway.com:8443
[https-alt] beta-benl-shop.takeaway.com:8443
[https-alt] beta.shop.takeaway.com:8443
[https-alt] bg-shop.takeaway.com:8443
[https-alt] lu-shop.takeaway.com:8443
[https-alt] pt-shop.takeaway.com:8443
[https-alt] ro-shop.takeaway.com:8443
[https-alt] test.shop.takeaway.com:8443
[https-alt] widgets.takeaway.com:8443
[http] sandbox-pull-posapi.takeaway.com:80
[https] apache-redirects.takeaway.com:443
[https] api-lieferando-de-stage.takeaway.com:443
[https] assets.takeaway.com:443
[https] avt.out.takeaway.com:443
[https] befr-shop.takeaway.com:443
[https] benl-shop.takeaway.com:443
[https] beta-befr-shop.takeaway.com:443
[https] beta-benl-shop.takeaway.com:443
[https] beta.shop.takeaway.com:443
[https] beta.takeaway.com:443
[https] bg-shop.takeaway.com:443
[https] blogbeta.takeaway.com:443
[https] blog.fr.takeaway.com:443
[https] blog-uk.takeaway.com:443
[https] bonus.takeaway.com:443
[https] bor-restaurant-api.takeaway.com:443
[https] brand.takeaway.com:443
[https] briw.out.takeaway.com:443
[https] bugs.takeaway.com:443
[https] callerid.takeaway.com:443
[https] careers.takeaway.com:443
[https] cdnopgs.out.takeaway.com:443
[https] certificates.takeaway.com:443
[https] checkout.takeaway.com:443
[https] click.connect.takeaway.com:443
[https] click.update.takeaway.com:443
[https] cloud.connect.takeaway.com:443
[https] cloud.update.takeaway.com:443
[http] scooberwebshop.takeaway.com:80
[https] corporate2.takeaway.com:443
[https] corporate.takeaway.com:443
[https] courierapp.takeaway.com:443
[https] courier.prod.clops.takeaway.com:443
[https] cw-api.takeaway.com:443
[https] cw-logs.takeaway.com:443
[https] delivery-situation-proxy.takeaway.com:443
[https] djvn.out.takeaway.com:443
[https] dominos-api.takeaway.com:443
[https] driver-app.prod.clops.takeaway.com:443
[https] driver.takeaway.com:443
[https] dutchworkscouncil.takeaway.com:443
[https] easylogin.takeaway.com:443
[https] eatch.out.takeaway.com:443
[https] emails.recruitment.takeaway.com:443
[https] emails.restaurants.takeaway.com:443
[https] enterpriseenrollment.takeaway.com:443
[https] enterpriseregistration.takeaway.com:443
[https] epoupd.takeaway.com:443
[https] ext-restaurant-menu-api.takeaway.com:443
[https] fallback.acc-shop.takeaway.com:443
[https] feedbackgroup.takeaway.com:443
[https] fr2.takeaway.com:443
[https] fra-pull-posapi.takeaway.com:443
[https] fra-pull-posapi.tkwy.services.takeaway.com:443
[https] fra-restaurant-portal-api.takeaway.com:443
[https] geomaps.takeaway.com:443
[https] gnmk.out.takeaway.com:443
[http] shop.takeaway.com:80
[http] short.takeaway.com:80
[https] ibyv-netherlands.out.takeaway.com:443
[https] ibyv.out.takeaway.com:443
[https] ibyvu.out.takeaway.com:443
[https] iezz.out.takeaway.com:443
[https] image.connect.takeaway.com:443
[https] images.takeaway.com:443
[https] image.update.takeaway.com:443
[https] jamf-adcs.takeaway.com:443
[https] jnyu.out.takeaway.com:443
[https] jobs.takeaway.com:443
[https] join.takeaway.com:443
[https] kemp.takeaway.com:443
[https] lfmx.takeaway.com:443
[https] lieferserviceat.out.takeaway.com:443
[https] lieferservicech.out.takeaway.com:443
[https] lieferservicede.out.takeaway.com:443
[https] live-orders-api.takeaway.com:443
[https] live-orders-socket.takeaway.com:443
[https] live-orders.takeaway.com:443
[https] login.takeaway.com:443
[https] loyaltyshop.takeaway.com:443
[https] lp-api.takeaway.com:443
[https] lu-shop.takeaway.com:443
[https] mattermost.takeaway.com:443
[https] minisites.takeaway.com:443
[https] m.takeaway.com:443
[http] snacks.takeaway.com:80
[https] nam-pull-posapi.tkwy.services.takeaway.com:443
[https] nam-restaurant-portal-api.takeaway.com:443
[https] nl.takeaway.com:443
[https] opgs-support.out.takeaway.com:443
[https] orderarchive-api.takeaway.com:443
[https] order-now-toolkit.takeaway.com:443
[https] orders.takeaway.com:443
[https] pages.takeaway.com:443
[https] payoutverification.takeaway.com:443
[https] pizzabe.out.takeaway.com:443
[https] pizzacouk.out.takeaway.com:443
[https] pizzalu.out.takeaway.com:443
[https] pizzapt.out.takeaway.com:443
[https] posapi-cf.takeaway.com:443
[https] posapi.takeaway.com:443
[https] prdibyv.out.takeaway.com:443
[https] prod-auth.takeaway.com:443
[https] prod-logistics.api.takeaway.com:443
[https] prod-onboarding.api.takeaway.com:443
[https] prod-ordering.api.takeaway.com:443
[https] prod-paynotif.api.takeaway.com:443
[https] prod-tms.api.takeaway.com:443
[https] prod-vendor.api.takeaway.com:443
[https] prod-web2lead.api.takeaway.com:443
[https] pt-shop.takeaway.com:443
[https] pull-posapi-je-fr.takeaway.com:443
[https] pull-posapi.takeaway.com:443
[https] pull-posapi.tkwy.services.takeaway.com:443
[https] restaurant-portal-api.takeaway.com:443
[https] restaurant-portal.takeaway.com:443
[https] restaurants.takeaway.com:443
[https] restaurant.takeaway.com:443
[https] ro-shop.takeaway.com:443
[https] sandbox-pull-posapi.takeaway.com:443
[https] scooberwebshop.takeaway.com:443
[https] shop.takeaway.com:443
[https] short.takeaway.com:443
[https] snacks.takeaway.com:443
[https] stagingibyv.out.takeaway.com:443
[https] static-je-be.takeaway.com:443
[https] static-je-nl.takeaway.com:443
[https] static-je.takeaway.com:443
[https] static-staging.takeaway.com:443
[https] static.takeaway.com:443
[https] subfolder-proxy-partnerblog.takeaway.com:443
[https] support.takeaway.com:443
[http] stagingibyv.out.takeaway.com:80
[https] tags.takeaway.com:443
[https] takeaway.com:443
[https] takeaway.out.takeaway.com:443
[http] static-je-be.takeaway.com:80
[http] static-je-nl.takeaway.com:80
[http] static-je.takeaway.com:80
[http] static-staging.takeaway.com:80
[http] static.takeaway.com:80
[https] tcapp.takeaway.com:443
[https] tconnect-gateway.takeaway.com:443
[https] tconnectqt-gateway.takeaway.com:443
[https] tconnectqt.takeaway.com:443
[https] tconnect.takeaway.com:443
[https] tealium.takeaway.com:443
[https] telephony-service.takeaway.com:443
[https] test-auth.takeaway.com:443
[https] testing-ibyv.out.takeaway.com:443
[https] test-logistics.api.takeaway.com:443
[https] test-onboarding.api.takeaway.com:443
[https] test-ordering.api.takeaway.com:443
[https] test-paynotif.api.takeaway.com:443
[https] testpebbles.takeaway.com:443
[https] test-shop.takeaway.com:443
[https] test.shop.takeaway.com:443
[https] test-vendor.api.takeaway.com:443
[https] thuisbezorgd.out.takeaway.com:443
[https] tv.takeaway.com:443
[http] subfolder-proxy-partnerblog.takeaway.com:80
[https] unitedkingdom.www.vietnam.out.takeaway.com:443
[https] updates.takeaway.com:443
[http] support.takeaway.com:80
[https] version2.takeaway.com:443
[https] view.connect.takeaway.com:443
[https] view.update.takeaway.com:443
[https] vpn1.takeaway.com:443
[https] vpn2.takeaway.com:443
[https] vpn.takeaway.com:443
[https] webmail.takeaway.com:443
[https] widgets.takeaway.com:443
[https] workday.takeaway.com:443
[https] www.corporate.takeaway.com:443
[https] www.takeaway.com:443
[https] www.takeaway.out.takeaway.com:443
[https] wwwvietnam.out.takeaway.com:443
[https] zrbt.out.takeaway.com:443
[http] tags.takeaway.com:80
[http] takeaway.com:80
[http] takeaway.out.takeaway.com:80
[http] tcapp.takeaway.com:80
[http] tealium.takeaway.com:80
[http] telephony-service.takeaway.com:80
[http] test-auth.takeaway.com:80
[http] testing-ibyv.out.takeaway.com:80
[http] testpebbles.takeaway.com:80
[http] test-shop.takeaway.com:80
[http] test.shop.takeaway.com:80
[http] thuisbezorgd.out.takeaway.com:80
[http] tv.takeaway.com:80
[http] unitedkingdom.www.vietnam.out.takeaway.com:80
[http] updates.takeaway.com:80
[http] version2.takeaway.com:80
[http] view.connect.takeaway.com:80
[http] view.update.takeaway.com:80
[http] webmail.takeaway.com:80
[http] widgets.takeaway.com:80
[http] workday.takeaway.com:80
[http] www.corporate.takeaway.com:80
[http] www.takeaway.com:80
[http] www.takeaway.out.takeaway.com:80
[http] wwwvietnam.out.takeaway.com:80
[http] zrbt.out.takeaway.com:80
[imap] mx-aw60.takeaway.com:143
[imap] mx.takeaway.com:143
[imaps] mx-aw60.takeaway.com:993
[imaps] mx.takeaway.com:993
[infowave] acc-shop.takeaway.com:2082
[infowave] fallback.acc-shop.takeaway.com:2082
[infowave] widgets.takeaway.com:2082
[knetd] widgets.takeaway.com:2053
[nbx-dir] widgets.takeaway.com:2096
[nbx-ser] widgets.takeaway.com:2095
[pop3] mx-aw60.takeaway.com:110
[pop3] mx.takeaway.com:110
[pop3s] mx-aw60.takeaway.com:995
[pop3s] mx.takeaway.com:995
[radsec] acc-shop.takeaway.com:2083
[radsec] fallback.acc-shop.takeaway.com:2083
[radsec] widgets.takeaway.com:2083
[smtp] connect.takeaway.com:25
[smtp] mx-aw60.takeaway.com:25
[smtp] mx.takeaway.com:25
[smtp] update.takeaway.com:25
[snpp] harmony.takeaway.com:444
[snpp] images.takeaway.com:444
[snpp] payoutverification.takeaway.com:444
[ssh] befr-shop.takeaway.com:22
[ssh] benl-shop.takeaway.com:22
[ssh] beta-befr-shop.takeaway.com:22
[ssh] beta-benl-shop.takeaway.com:22
[ssh] beta.shop.takeaway.com:22
[ssh] bg-shop.takeaway.com:22
[ssh] feedbackgroup.takeaway.com:22
[ssh] lu-shop.takeaway.com:22
[ssh] pt-shop.takeaway.com:22
[ssh] ro-shop.takeaway.com:22
[ssh] stats.takeaway.com:22
[ssh] test.shop.takeaway.com:22
[sun-answerbook] befr-shop.takeaway.com:8888
[sun-answerbook] benl-shop.takeaway.com:8888
[sun-answerbook] beta-befr-shop.takeaway.com:8888
[sun-answerbook] beta-benl-shop.takeaway.com:8888
[sun-answerbook] beta.shop.takeaway.com:8888
[sun-answerbook] bg-shop.takeaway.com:8888
[sun-answerbook] lu-shop.takeaway.com:8888
[sun-answerbook] pt-shop.takeaway.com:8888
[sun-answerbook] ro-shop.takeaway.com:8888
[sun-answerbook] test.shop.takeaway.com:8888
