[ajp12] sis.telenet.be:8007
[ajp13] sis.telenet.be:8009
[cddbp-alt] press.telenet.be:8880
[cddbp-alt] www.maut.telenet.be:8880
[clearvisn] talks.telenet.be:2052
[clearvisn] www.maut.telenet.be:2052
[eli] press.telenet.be:2087
[eli] talks.telenet.be:2087
[eli] www.maut.telenet.be:2087
[ftp] apache37.cloud.telenet.be:21
[ftp] apache38.cloud.telenet.be:21
[ftp] apache41.cloud.telenet.be:21
[ftp] apache51.cloud.telenet.be:21
[ftp] apache52.cloud.telenet.be:21
[ftp] apache53.cloud.telenet.be:21
[ftp] apache55.cloud.telenet.be:21
[gnunet] press.telenet.be:2086
[gnunet] talks.telenet.be:2086
[gnunet] www.maut.telenet.be:2086
[http] aanrekening-info.telenet.be:80
[http-alt] sis.telenet.be:8000
[http] apache37.cloud.telenet.be:80
[http] apache38.cloud.telenet.be:80
[http] apache41.cloud.telenet.be:80
[http] apache51.cloud.telenet.be:80
[http] apache52.cloud.telenet.be:80
[http] apache53.cloud.telenet.be:80
[http] apache55.cloud.telenet.be:80
[http] api.cloud.telenet.be:80
[http] appareils.telenet.be:80
[http] careers.telenet.be:80
[http] comm-custom.telenet.be:80
[http] comm.telenet.be:80
[http] community.telenet.be:80
[http] connect.telenet.be:80
[http] corporate.telenet.be:80
[http] dealer.telenet.be:80
[http] dev.slr.entertainment-tools-dev.awscloud.external.telenet.be:80
[http] dpi-rules.lab.digitalsecurity.telenet.be:80
[http] dpi-rules.prd.digitalsecurity.telenet.be:80
[http] engine.slr.local.entertainment-tools-dev.awscloud.external.telenet.be:80
[http] enrollmfa.uat.connect.telenet.be:80
[http] e.videocall.telenet.be:80
[http] field.telenet.be:80
[http] formhandler.telenet.be:80
[http] h.telenet.be:80
[http] impersonationapp.connect.telenet.be:80
[http] impersonationapp.dvp.connect.telenet.be:80
[http] impersonationapp.edp.connect.telenet.be:80
[http] impersonationapp.int.connect.telenet.be:80
[http] impersonationapp.lat.connect.telenet.be:80
[http] impersonationapp.mre.connect.telenet.be:80
[http] impersonationapp.prd.connect.telenet.be:80
[http] impersonationapp.sup.connect.telenet.be:80
[http] impersonationapp.trg.connect.telenet.be:80
[http] impersonationapp.uat.connect.telenet.be:80
[http] impersonation.edp.connect.telenet.be:80
[http] jobs.telenet.be:80
[http] klantenservice.telenet.be:80
[http] kotnet.telenet.be:80
[http] local.slr.entertainment-tools-dev.awscloud.external.telenet.be:80
[http] login.edp.connect.telenet.be:80
[http] login.mail.telenet.be:80
[http] login.preprod.connect.telenet.be:80
[http] mail.telenet.be:80
[http] meldingen.telenet.be:80
[http] mijn-46.telenet.be:80
[http] mijn-4.telenet.be:80
[http] mijncms.telenet.be:80
[http] mijn.telenet.be:80
[http] mkt-custom.telenet.be:80
[http] mobileactivation.telenet.be:80
[http] m.telenet.be:80
[http] mybill.telenet.be:80
[http] mybusinessphone.telenet.be:80
[http] myfreephonebusiness.telenet.be:80
[http] mysecuritypackpro.telenet.be:80
[http] mysettings.cloud.telenet.be:80
[http] mysql06.cloud.telenet.be:80
[http] mywifibusiness.telenet.be:80
[http] netaanleg.telenet.be:80
[http] networkmsg.telenet.be:80
[http] oauth.telenet.be:80
[http] ogone-resources.uat.telenet.be:80
[http] onlinesupport.telenet.be:80
[http] ordertool.telenet.be:80
[http] pmm.telenet.be:80
[http] portalssl.connectuat.telenet.be:80
[http] press.telenet.be:80
[http-proxy] press.telenet.be:8080
[http-proxy] www.maut.telenet.be:8080
[http] reroutingmngr.telenet.be:80
[https] aanrekening-info.telenet.be:443
[http] safespot.telenet.be:80
[https] agent-gateway.lab.digitalsecurity.telenet.be:443
[https-alt] aanrekening-info.telenet.be:8443
[https-alt] formhandler.telenet.be:8443
[https-alt] horizonapps.connect.telenet.be:8443
[https-alt] horizonapps.uat.connect.telenet.be:8443
[https-alt] horizonvdi.connect.telenet.be:8443
[https-alt] mijn-46.telenet.be:8443
[https-alt] mijn-4.telenet.be:8443
[https-alt] mijn.telenet.be:8443
[https-alt] mobileactivation.telenet.be:8443
[https-alt] mybill.telenet.be:8443
[https-alt] myfreephonebusiness.telenet.be:8443
[https-alt] mysecuritypackpro.telenet.be:8443
[https-alt] mywifibusiness.telenet.be:8443
[https-alt] pmm.telenet.be:8443
[https-alt] press.telenet.be:8443
[https-alt] speedtest.telenet.be:8443
[https-alt] talks.telenet.be:8443
[https-alt] telegate.telenet.be:8443
[https-alt] tip.telenet.be:8443
[https-alt] uag.connect.telenet.be:8443
[https-alt] wifiportal.telenet.be:8443
[https-alt] www.maut.telenet.be:8443
[https] apache37.cloud.telenet.be:443
[https] apache38.cloud.telenet.be:443
[https] apache41.cloud.telenet.be:443
[https] apache51.cloud.telenet.be:443
[https] apache52.cloud.telenet.be:443
[https] apache53.cloud.telenet.be:443
[https] apache55.cloud.telenet.be:443
[https] api.cloud.telenet.be:443
[https] appareils.telenet.be:443
[https] apple.telenet.be:443
[https] careers.telenet.be:443
[http] schoolnet.telenet.be:80
[https] comm-custom.telenet.be:443
[https] comm.telenet.be:443
[https] community.telenet.be:443
[https] connect.telenet.be:443
[https] corporate.telenet.be:443
[https] dealer.telenet.be:443
[https] dev.slr.entertainment-tools-dev.awscloud.external.telenet.be:443
[https] dpi-rules.int.digitalsecurity.telenet.be:443
[https] dpi-rules.lab.digitalsecurity.telenet.be:443
[https] dpi-rules.prd.digitalsecurity.telenet.be:443
[http] searchapi.telenet.be:80
[https] edp.tv.telenet.be:443
[http] selfstarter.telenet.be:80
[https] enrollmfa.uat.connect.telenet.be:443
[http] serviceclient.telenet.be:80
[http] services.telenet.be:80
[https] e.videocall.telenet.be:443
[https] field.telenet.be:443
[https] formhandler.telenet.be:443
[https] fut.tv.telenet.be:443
[http] shop.telenet.be:80
[https] horizonapps.connect.telenet.be:443
[https] horizonapps.uat.connect.telenet.be:443
[https] horizonvdi.connect.telenet.be:443
[https] host1tenant1.awscloud.external.telenet.be:443
[https] host1tenant2.awscloud.external.telenet.be:443
[https] h.telenet.be:443
[https] impersonationapp.connect.telenet.be:443
[https] impersonationapp.dvp.connect.telenet.be:443
[https] impersonationapp.edp.connect.telenet.be:443
[https] impersonationapp.int.connect.telenet.be:443
[https] impersonationapp.lat.connect.telenet.be:443
[https] impersonationapp.mre.connect.telenet.be:443
[https] impersonationapp.prd.connect.telenet.be:443
[https] impersonationapp.sup.connect.telenet.be:443
[https] impersonationapp.trg.connect.telenet.be:443
[https] impersonationapp.uat.connect.telenet.be:443
[https] impersonation.edp.connect.telenet.be:443
[https] iot.int.telenet.be:443
[https] iot.telenet.be:443
[https] iot.uat.telenet.be:443
[https] jobs.telenet.be:443
[https] klantenservice.telenet.be:443
[https] kotnet.telenet.be:443
[https] local.slr.entertainment-tools-dev.awscloud.external.telenet.be:443
[https] login.edp.connect.telenet.be:443
[https] login.mail.telenet.be:443
[https] login.preprod.connect.telenet.be:443
[https] logproxy.int.digitalsecurity.telenet.be:443
[https] logproxy.lab.digitalsecurity.telenet.be:443
[https] logproxy.prd.digitalsecurity.telenet.be:443
[http] slr.dev.entertainment-tools-dev.awscloud.external.telenet.be:80
[http] slr.local.entertainment-tools-dev.awscloud.external.telenet.be:80
[http] slr.prod.entertainment-tools-prod.awscloud.external.telenet.be:80
[https] mail.telenet.be:443
[http] smb.telenet.be:80
[https] meldingen.telenet.be:443
[https] mijn-46.telenet.be:443
[https] mijn-4.telenet.be:443
[https] mijncms.telenet.be:443
[https] mijn.telenet.be:443
[https] mkt-custom.telenet.be:443
[https] mobileactivation.telenet.be:443
[https] mobile-gateway.lab.digitalsecurity.telenet.be:443
[https] m.telenet.be:443
[https] mybill.telenet.be:443
[https] mybusinessphone.telenet.be:443
[https] myfreephonebusiness.telenet.be:443
[https] mysecuritypackpro.telenet.be:443
[https] mysettings.cloud.telenet.be:443
[https] mysql06.cloud.telenet.be:443
[https] mywifibusiness.telenet.be:443
[https] netaanleg.telenet.be:443
[https] networkmsg.telenet.be:443
[https] oauth.telenet.be:443
[https] ogone-resources.uat.telenet.be:443
[https] onlinesupport.telenet.be:443
[https] ordertool.telenet.be:443
[http] speedtest.telenet.be:80
[http] splhefvip.cmt.connect.telenet.be:80
[https] pmm.telenet.be:443
[https] portalssl.connectuat.telenet.be:443
[https] press.telenet.be:443
[https] pst.tv.telenet.be:443
[https] registration.lab.digitalsecurity.telenet.be:443
[https] reputation.int.digitalsecurity.telenet.be:443
[https] reputation.lab.digitalsecurity.telenet.be:443
[https] reputation.prd.digitalsecurity.telenet.be:443
[https] reroutingmngr.telenet.be:443
[https] safespot.telenet.be:443
[https] schoolnet.telenet.be:443
[https] searchapi.telenet.be:443
[https] selfstarter.telenet.be:443
[https] serviceclient.telenet.be:443
[https] services.telenet.be:443
[https] shop.telenet.be:443
[https] sis.telenet.be:443
[https] slr.dev.entertainment-tools-dev.awscloud.external.telenet.be:443
[https] slr.local.entertainment-tools-dev.awscloud.external.telenet.be:443
[https] slr.prod.entertainment-tools-prod.awscloud.external.telenet.be:443
[https] smartvisitor.connect.telenet.be:443
[https] smb.telenet.be:443
[https] speedtest.telenet.be:443
[https] splhefvip.cmt.connect.telenet.be:443
[https] static-a.telenet.be:443
[https] static-b.telenet.be:443
[https] static-c.telenet.be:443
[https] static-d.telenet.be:443
[https] sup.tv.telenet.be:443
[https] talks.telenet.be:443
[http] static-a.telenet.be:80
[http] static-b.telenet.be:80
[http] static-c.telenet.be:80
[http] static-d.telenet.be:80
[https] telegate.telenet.be:443
[https] test-tribe.nonprod.awscloud.external.telenet.be:443
[https] tip.telenet.be:443
[https] toestellen.telenet.be:443
[https] tv.telenet.be:443
[https] uag.connect.telenet.be:443
[https] uat.tv.telenet.be:443
[https] vmapi.prd.connect.telenet.be:443
[https] vmis.prd.connect.telenet.be:443
[https] webmail.telenet.be:443
[https] wifiportal.telenet.be:443
[https] wsproxy.lab.digitalsecurity.telenet.be:443
[https] www2.telenet.be:443
[https] www.local.slr.entertainment-tools-dev.awscloud.external.telenet.be:443
[https] www.maut.telenet.be:443
[https] www.slr.dev.entertainment-tools-dev.awscloud.external.telenet.be:443
[https] www.slr.local.entertainment-tools-dev.awscloud.external.telenet.be:443
[https] www.slr.prod.entertainment-tools-prod.awscloud.external.telenet.be:443
[https] www.telenet.be:443
[http] talks.telenet.be:80
[http] telegate.telenet.be:80
[http] tip.telenet.be:80
[http] toestellen.telenet.be:80
[http] webmail.telenet.be:80
[http] wifiportal.telenet.be:80
[http] www2.telenet.be:80
[http] www.local.slr.entertainment-tools-dev.awscloud.external.telenet.be:80
[http] www.maut.telenet.be:80
[http] www.slr.dev.entertainment-tools-dev.awscloud.external.telenet.be:80
[http] www.slr.local.entertainment-tools-dev.awscloud.external.telenet.be:80
[http] www.slr.prod.entertainment-tools-prod.awscloud.external.telenet.be:80
[http] www.telenet.be:80
[imap] imap.telenet.be:143
[imap] in.telenet.be:143
[imap] mail-in.telenet.be:143
[imap] pop.telenet.be:143
[imaps] imap.telenet.be:993
[imaps] in.telenet.be:993
[imaps] mail-in.telenet.be:993
[imaps] pop.telenet.be:993
[infowave] press.telenet.be:2082
[infowave] www.maut.telenet.be:2082
[knetd] talks.telenet.be:2053
[knetd] www.maut.telenet.be:2053
[mysql] mysql06.cloud.telenet.be:3306
[nbx-dir] www.maut.telenet.be:2096
[nbx-ser] talks.telenet.be:2095
[pop3] imap.telenet.be:110
[pop3] in.telenet.be:110
[pop3] mail-in.telenet.be:110
[pop3] pop.telenet.be:110
[pop3s] imap.telenet.be:995
[pop3s] in.telenet.be:995
[pop3s] mail-in.telenet.be:995
[pop3s] pop.telenet.be:995
[radan-http] splhefvip.cmt.connect.telenet.be:8088
[radan-http] splk-hf-lb.cloud.telenet.be:8088
[radsec] press.telenet.be:2083
[radsec] talks.telenet.be:2083
[radsec] www.maut.telenet.be:2083
[scp-config] directrouting.int.centrex.telenet.be:10001
[sip] global1.int.centrex.telenet.be:5060
[sip-tls] access.int.centrex.telenet.be:5061
[sip-tls] global1.int.centrex.telenet.be:5061
[smtp] smtp.staff.telenet.be:25
[ssh] apache55.cloud.telenet.be:22
[ssh] kotnet.telenet.be:22
[ssh] mijncms.telenet.be:22
[ssh] mybusinessphone.telenet.be:22
[ssh] netaanleg.telenet.be:22
[ssh] ordertool.telenet.be:22
[ssh] shop.telenet.be:22
[ssh] static-a.telenet.be:22
[ssh] static-b.telenet.be:22
[ssh] static-c.telenet.be:22
[ssh] static-d.telenet.be:22
[unknown] sis.telenet.be:8045
[unknown] splhefvip.cmt.connect.telenet.be:8089
[xinupageserver] horizonapps.connect.telenet.be:2020
[xinupageserver] horizonapps.uat.connect.telenet.be:2020
[xinupageserver] horizonvdi.connect.telenet.be:2020
[xmpp] sis.telenet.be:8010
