[daytime] rdate.teslamotors.com:13
[http] auth-stage.teslamotors.com:80
[http] autodiscover.teslamotors.com:80
[http] cartalk.teslamotors.com:80
[http] cn-origin.teslamotors.com:80
[http] cn.teslamotors.com:80
[http] cnvpn-ex.teslamotors.com:80
[http] cnvpn.teslamotors.com:80
[http] drupal8-prod.teslamotors.com:80
[http] drupal8-stage.teslamotors.com:80
[http] dummy.teslamotors.com:80
[http] eaa-setup.teslamotors.com:80
[http] exec.teslamotors.com:80
[http] extconfl.teslamotors.com:80
[http] extconfluence.teslamotors.com:80
[http] extgit.teslamotors.com:80
[http] extissues.teslamotors.com:80
[http] fleetview.teslamotors.com:80
[http] forums.teslamotors.com:80
[http] fvcarriers.teslamotors.com:80
[http] hrosapi.teslamotors.com:80
[http] japan.teslamotors.com:80
[http] location.teslamotors.com:80
[http] logcollection.teslamotors.com:80
[http] mycn-origin.teslamotors.com:80
[http] mytcore-prdsvc.teslamotors.com:80
[http] my.teslamotors.com:80
[http] onboarding-pre-delivery-prod.teslamotors.com:80
[http] origin-cn.teslamotors.com:80
[http] origin-service.teslamotors.com:80
[http] packaging-v2-ui.teslamotors.com:80
[http] partners.teslamotors.com:80
[http-proxy] shop.uk.teslamotors.com:8080
[http] resources.teslamotors.com:80
[http] rumcollector.teslamotors.com:80
[http] sales-stg.teslamotors.com:80
[https-alt] jss-retail.teslamotors.com:8443
[https-alt] jss.teslamotors.com:8443
[https-alt] shop.uk.teslamotors.com:8443
[https] auth-stage.teslamotors.com:443
[https] cartalk.teslamotors.com:443
[https] cn-origin.teslamotors.com:443
[https] cn.teslamotors.com:443
[https] cnvpn-ex.teslamotors.com:443
[https] cnvpn.teslamotors.com:443
[https] csp.teslamotors.com:443
[https] deliveryops.teslamotors.com:443
[https] drupal8-prod.teslamotors.com:443
[https] drupal8-stage.teslamotors.com:443
[https] dummy.teslamotors.com:443
[https] eaa-setup.teslamotors.com:443
[http] service.teslamotors.com:80
[https] euvpn1.teslamotors.com:443
[https] euvpn.teslamotors.com:443
[https] exec.teslamotors.com:443
[https] extconfl.teslamotors.com:443
[https] extconfluence.teslamotors.com:443
[https] external.teslamotors.com:443
[https] extgit.teslamotors.com:443
[https] extissues.teslamotors.com:443
[https] files.teslamotors.com:443
[https] fleet-api.teslamotors.com:443
[https] fleetview.teslamotors.com:443
[https] forums.teslamotors.com:443
[https] fvcarriers.teslamotors.com:443
[http] shop.uk.teslamotors.com:80
[https] hrosapi.teslamotors.com:443
[https] jss.teslamotors.com:443
[https] location.teslamotors.com:443
[https] logcollection.teslamotors.com:443
[https] mycn-origin.teslamotors.com:443
[https] mytcore-prdsvc.teslamotors.com:443
[https] my.teslamotors.com:443
[https] onboarding-pre-delivery-prod.teslamotors.com:443
[https] origin-cn.teslamotors.com:443
[https] origin-service.teslamotors.com:443
[http] sourcing.teslamotors.com:80
[https] owner-api.teslamotors.com:443
[https] packaging-v2-ui.teslamotors.com:443
[https] partners.teslamotors.com:443
[https] resources.teslamotors.com:443
[https] rumcollector.teslamotors.com:443
[https] sales-stg.teslamotors.com:443
[https] service.teslamotors.com:443
[https] sgvpn.teslamotors.com:443
[https] shop.uk.teslamotors.com:443
[https] signaling.dev.teslamotors.com:443
[https] signaling.vn.teslamotors.com:443
[https] sourcing.teslamotors.com:443
[https] stage2-my.teslamotors.com:443
[https] stage2.teslamotors.com:443
[https] streaming.dev.teslamotors.com:443
[https] streaming.vn.teslamotors.com:443
[https] suppliers.teslamotors.com:443
[http] stage2-my.teslamotors.com:80
[http] stage2.teslamotors.com:80
[https] trt.teslamotors.com:443
[https] upload.teslamotors.com:443
[http] suppliers.teslamotors.com:80
[https] us.auth.teslamotors.com:443
[https] va.teslamotors.com:443
[https] vehicle-files.teslamotors.com:443
[https] vpn-ex.teslamotors.com:443
[https] vpn.teslamotors.com:443
[https] w242.teslamotors.com:443
[https] wechat.teslamotors.com:443
[https] westream.teslamotors.com:443
[https] www.teslamotors.com:443
[https] www-test03.teslamotors.com:443
[http] training.teslamotors.com:80
[http] trt.teslamotors.com:80
[http] upload.teslamotors.com:80
[http] va.teslamotors.com:80
[http] vehicle-files.teslamotors.com:80
[http] vpn-ex.teslamotors.com:80
[http] vpn.teslamotors.com:80
[http] w242.teslamotors.com:80
[http] wechat.teslamotors.com:80
[http] westream.teslamotors.com:80
[http] www.teslamotors.com:80
[http] www-test03.teslamotors.com:80
[ssh] rav4garage.teslamotors.com:22
[ssh] stationarybat.teslamotors.com:22
[time] rdate.teslamotors.com:37
