[domain] referral.tesla.com:53
[filenet-tms] xapps.tesla.com:32768
[filenet-tms] xmail.tesla.com:32768
[ftp] referral.tesla.com:21
[hosts2-ns] xapps.tesla.com:81
[hosts2-ns] xmail.tesla.com:81
[http] 3.tesla.com:80
[http] akamai-apigateway-automation.tesla.com:80
[http] akamai-apigateway-bender.tesla.com:80
[http] akamai-apigateway-captiveunderwriting.tesla.com:80
[http] akamai-apigateway-crawford-prd.tesla.com:80
[http] akamai-apigateway-crawford-stg.tesla.com:80
[http] akamai-apigateway-deliveryopsapi1.tesla.com:80
[http] akamai-apigateway-deliveryopsapi.tesla.com:80
[http] akamai-apigateway-deliveryopsvitu.tesla.com:80
[http] akamai-apigateway-dev-captiveunderwriting.tesla.com:80
[http] akamai-apigateway-dev-warptmsapiserver.tesla.com:80
[http] akamai-apigateway-dev-warptmsapiserver-upgrade.tesla.com:80
[http] akamai-apigateway-ehs-stg.tesla.com:80
[http] akamai-apigateway-ehs.tesla.com:80
[http] akamai-apigateway-einvoicing.tesla.com:80
[http] akamai-apigateway-finplateng-defi.tesla.com:80
[http] akamai-apigateway-finplateng-routeone.tesla.com:80
[http] akamai-apigateway-finplateng.tesla.com:80
[http] akamai-apigateway-finplat-prd.tesla.com:80
[http] akamai-apigateway-finplat-stg.tesla.com:80
[http] akamai-apigateway-fta.tesla.com:80
[http] akamai-apigateway-inventorytxnextapi.tesla.com:80
[http] akamai-apigateway-logisticsratesapi.tesla.com:80
[http] akamai-apigateway-materials.tesla.com:80
[http] akamai-apigateway-mfs-gfb-stg.tesla.com:80
[http] akamai-apigateway-mfs-supplier.tesla.com:80
[http] akamai-apigateway-mfs-supplier-uat.tesla.com:80
[http] akamai-apigateway-ops-warp3pl.tesla.com:80
[http] akamai-apigateway-packaging2.tesla.com:80
[http] akamai-apigateway-payment.tesla.com:80
[http] akamai-apigateway-prd-global-deliveryopsapi.tesla.com:80
[http] akamai-apigateway-procuretopayapi.tesla.com:80
[http] akamai-apigateway-profileapi.tesla.com:80
[http] akamai-apigateway-qa-captiveunderwriting.tesla.com:80
[http] akamai-apigateway-scraprecycle.tesla.com:80
[http] akamai-apigateway-shipmentplanningapi.tesla.com:80
[http] akamai-apigateway-stg2-deliveryopsapi.tesla.com:80
[http] akamai-apigateway-stg2-global-deliveryopsapi.tesla.com:80
[http] akamai-apigateway-stg-bender.tesla.com:80
[http] akamai-apigateway-stg-captiveunderwriting.tesla.com:80
[http] akamai-apigateway-stg-deliveryopsapi1.tesla.com:80
[http] akamai-apigateway-stg-deliveryopsapi.tesla.com:80
[http] akamai-apigateway-stg-deliveryopsvitu.tesla.com:80
[http] akamai-apigateway-stg-einvoicing.tesla.com:80
[http] akamai-apigateway-stg-finplateng-defi.tesla.com:80
[http] akamai-apigateway-stg-finplateng-routeone.tesla.com:80
[http] akamai-apigateway-stg-finplateng.tesla.com:80
[http] akamai-apigateway-stg-fta.tesla.com:80
[http] akamai-apigateway-stg-global-deliveryopsapi.tesla.com:80
[http] akamai-apigateway-stg-inventorytxnextapi.tesla.com:80
[http] akamai-apigateway-stg-materials.tesla.com:80
[http] akamai-apigateway-stg-ops-warp3pl.tesla.com:80
[http] akamai-apigateway-stg-packaging2.tesla.com:80
[http] akamai-apigateway-stg-payment.tesla.com:80
[http] akamai-apigateway-stg-procuretopayapi.tesla.com:80
[http] akamai-apigateway-stg-profileapi.tesla.com:80
[http] akamai-apigateway-stg-sandbox-automation.tesla.com:80
[http] akamai-apigateway-stg-shipmentplanningapi.tesla.com:80
[http] akamai-apigateway-stg-teslarpsapi.tesla.com:80
[http] akamai-apigateway-stg-translationpipeline.tesla.com:80
[http] akamai-apigateway-stg-vendorpartsapi.tesla.com:80
[http] akamai-apigateway-stg-warp3pl.tesla.com:80
[http] akamai-apigateway-stg-warpassetapi.tesla.com:80
[http] akamai-apigateway-stg-warpcxml.tesla.com:80
[http] akamai-apigateway-stg-warpdashboardapi.tesla.com:80
[http] akamai-apigateway-stg-warpedi.tesla.com:80
[http] akamai-apigateway-stg-warptmsapiserver.tesla.com:80
[http] akamai-apigateway-stg-warptmsapiserver-upgrade.tesla.com:80
[http] akamai-apigateway-teslarpsapi.tesla.com:80
[http] akamai-apigateway-translationpipeline.tesla.com:80
[http] akamai-apigateway-uat-materials.tesla.com:80
[http] akamai-apigateway-vehicleextinfogw-prdsvc-st.tesla.com:80
[http] akamai-apigateway-vendorpartsapi.tesla.com:80
[http] akamai-apigateway-warp3pl.tesla.com:80
[http] akamai-apigateway-warpassetapi.tesla.com:80
[http] akamai-apigateway-warpcxml.tesla.com:80
[http] akamai-apigateway-warpdashboardapi.tesla.com:80
[http] akamai-apigateway-warpedi.tesla.com:80
[http] akamai-apigateway-warptmsapiserver.tesla.com:80
[http] akamai-apigateway-warptmsapiserver-upgrade.tesla.com:80
[http] akamai-apigateway-warptqpapi.tesla.com:80
[http] akamai-apigateway-zip3-suppliersequence.tesla.com:80
[http] api-firebolt-dev.tesla.com:80
[http] api-firebolt-stage.tesla.com:80
[http] api-firebolt.tesla.com:80
[http] apps.tesla.com:80
[http] aurora-ordering-ext-qa.tesla.com:80
[http] aurora-ordering-ext.tesla.com:80
[http] auth-global-stage.tesla.com:80
[http] auth-global.tesla.com:80
[http] auth.tesla.com:80
[http] autobidder.powerhub.energy.tesla.com:80
[http] autodiscover.tesla.com:80
[http] billing.tesla.com:80
[http] bi.tesla.com:80
[http] bolt.tesla.com:80
[http] business-ui-ownership.tesla.com:80
[http] cdn-design.tesla.com:80
[http] cdns-content.tesla.com:80
[http] checkout-ui-assets.tesla.com:80
[http] cld-ec.tesla.com:80
[http] click.emails.tesla.com:80
[http] click.email.tesla.com:80
[http] courses.tesla.com:80
[http] dataviz.tesla.com:80
[http] digitalassets-energy.tesla.com:80
[http] digitalassets-learning.tesla.com:80
[http] digitalassets-shop.tesla.com:80
[http] digitalassets.tesla.com:80
[http] eaa-setup.tesla.com:80
[http] edr.tesla.com:80
[http] ehs.tesla.com:80
[http] einvoicing.tesla.com:80
[http] energydesk.tesla.com:80
[http] envoy-finplat-stg.tesla.com:80
[http] envoy-finplat-sunlight.tesla.com:80
[http] envoy-partnerleadsharing.tesla.com:80
[http] envoy-partnertasks.tesla.com:80
[http] epcapi.tesla.com:80
[http] epc.tesla.com:80
[http] errlog-stage.tesla.com:80
[http] errlog.tesla.com:80
[http] events.tesla.com:80
[http] external-sandbox-automation.tesla.com:80
[http] financial-gw-stg.tesla.com:80
[http] financial-gw.tesla.com:80
[http] finops.tesla.com:80
[http] forums.tesla.com:80
[http] gridlogic.energy.tesla.com:80
[http] grid.tesla.com:80
[http] image-emails.tesla.com:80
[http] image.emails.tesla.com:80
[http] image.email.tesla.com:80
[http] inside.tesla.com:80
[http] installations-ext-api.tesla.com:80
[http] inventory-assets.tesla.com:80
[http] invest.tesla.com:80
[http] link.qa.tesla.com:80
[http] links.tesla.com:80
[http] link.tesla.com:80
[http] livestreamapi.tesla.com:80
[http] livestreamapi-test.tesla.com:80
[http] livestream.tesla.com:80
[http] location-services-prd.tesla.com:80
[http] logcollection.tesla.com:80
[http] marketing.tesla.com:80
[http] mfa-reset.tesla.com:80
[http] mfa-stage.tesla.com:80
[http] mfa.tesla.com:80
[http] mfs-supplier.tesla.com:80
[http] mfs-supplier-uat.tesla.com:80
[http] mobile.tesla.com:80
[http] myapps.tesla.com:80
[http] onboard.tesla.com:80
[http] origin-apps.tesla.com:80
[http] origin-inside.tesla.com:80
[http] origin-mobile.tesla.com:80
[http] origin-sspr.tesla.com:80
[http] origin-www-auth.tesla.com:80
[http] os.tesla.com:80
[http] ownership.tesla.com:80
[http] pages.emails.tesla.com:80
[http] pages.email.tesla.com:80
[http] partnerleadsharing.tesla.com:80
[http] partners.tesla.com:80
[http] powerhub.energy.tesla.com:80
[http] profile.tesla.com:80
[http-proxy] forums.tesla.com:8080
[http-proxy] xapps.tesla.com:8080
[http-proxy] xmail.tesla.com:8080
[http] pub.email.tesla.com:80
[http] ranger-api.tesla.com:80
[http] referral-app.tesla.com:80
[http] referral.tesla.com:80
[http] repair.tesla.com:80
[http] roadsideinvoice.tesla.com:80
[https] 3.tesla.com:443
[https] akamai-apigateway-automation.tesla.com:443
[https] akamai-apigateway-bender.tesla.com:443
[https] akamai-apigateway-captiveunderwriting.tesla.com:443
[https] akamai-apigateway-crawford-prd.tesla.com:443
[https] akamai-apigateway-crawford-stg.tesla.com:443
[https] akamai-apigateway-deliveryopsapi1.tesla.com:443
[https] akamai-apigateway-deliveryopsapi.tesla.com:443
[https] akamai-apigateway-deliveryopsvitu.tesla.com:443
[https] akamai-apigateway-dev-captiveunderwriting.tesla.com:443
[https] akamai-apigateway-dev-warptmsapiserver.tesla.com:443
[https] akamai-apigateway-dev-warptmsapiserver-upgrade.tesla.com:443
[https] akamai-apigateway-ehs-stg.tesla.com:443
[https] akamai-apigateway-ehs.tesla.com:443
[https] akamai-apigateway-einvoicing.tesla.com:443
[https] akamai-apigateway-finplateng-defi.tesla.com:443
[https] akamai-apigateway-finplateng-routeone.tesla.com:443
[https] akamai-apigateway-finplateng.tesla.com:443
[https] akamai-apigateway-finplat-prd.tesla.com:443
[https] akamai-apigateway-finplat-stg.tesla.com:443
[https] akamai-apigateway-fta.tesla.com:443
[https] akamai-apigateway-inventorytxnextapi.tesla.com:443
[https] akamai-apigateway-logisticsratesapi.tesla.com:443
[https] akamai-apigateway-materials.tesla.com:443
[https] akamai-apigateway-mfs-gfb-stg.tesla.com:443
[https] akamai-apigateway-mfs-supplier.tesla.com:443
[https] akamai-apigateway-mfs-supplier-uat.tesla.com:443
[https] akamai-apigateway-ops-warp3pl.tesla.com:443
[https] akamai-apigateway-packaging2.tesla.com:443
[https] akamai-apigateway-payment.tesla.com:443
[https] akamai-apigateway-prd-global-deliveryopsapi.tesla.com:443
[https] akamai-apigateway-procuretopayapi.tesla.com:443
[https] akamai-apigateway-profileapi.tesla.com:443
[https] akamai-apigateway-qa-captiveunderwriting.tesla.com:443
[https] akamai-apigateway-scraprecycle.tesla.com:443
[https] akamai-apigateway-shipmentplanningapi.tesla.com:443
[https] akamai-apigateway-stg2-deliveryopsapi.tesla.com:443
[https] akamai-apigateway-stg2-global-deliveryopsapi.tesla.com:443
[https] akamai-apigateway-stg-bender.tesla.com:443
[https] akamai-apigateway-stg-captiveunderwriting.tesla.com:443
[https] akamai-apigateway-stg-deliveryopsapi1.tesla.com:443
[https] akamai-apigateway-stg-deliveryopsapi.tesla.com:443
[https] akamai-apigateway-stg-deliveryopsvitu.tesla.com:443
[https] akamai-apigateway-stg-einvoicing.tesla.com:443
[https] akamai-apigateway-stg-finplateng-defi.tesla.com:443
[https] akamai-apigateway-stg-finplateng-routeone.tesla.com:443
[https] akamai-apigateway-stg-finplateng.tesla.com:443
[https] akamai-apigateway-stg-fta.tesla.com:443
[https] akamai-apigateway-stg-global-deliveryopsapi.tesla.com:443
[https] akamai-apigateway-stg-inventorytxnextapi.tesla.com:443
[https] akamai-apigateway-stg-materials.tesla.com:443
[https] akamai-apigateway-stg-ops-warp3pl.tesla.com:443
[https] akamai-apigateway-stg-packaging2.tesla.com:443
[https] akamai-apigateway-stg-payment.tesla.com:443
[https] akamai-apigateway-stg-procuretopayapi.tesla.com:443
[https] akamai-apigateway-stg-profileapi.tesla.com:443
[https] akamai-apigateway-stg-sandbox-automation.tesla.com:443
[https] akamai-apigateway-stg-shipmentplanningapi.tesla.com:443
[https] akamai-apigateway-stg-teslarpsapi.tesla.com:443
[https] akamai-apigateway-stg-translationpipeline.tesla.com:443
[https] akamai-apigateway-stg-vendorpartsapi.tesla.com:443
[https] akamai-apigateway-stg-warp3pl.tesla.com:443
[https] akamai-apigateway-stg-warpassetapi.tesla.com:443
[https] akamai-apigateway-stg-warpcxml.tesla.com:443
[https] akamai-apigateway-stg-warpdashboardapi.tesla.com:443
[https] akamai-apigateway-stg-warpedi.tesla.com:443
[https] akamai-apigateway-stg-warptmsapiserver.tesla.com:443
[https] akamai-apigateway-stg-warptmsapiserver-upgrade.tesla.com:443
[https] akamai-apigateway-teslarpsapi.tesla.com:443
[https] akamai-apigateway-translationpipeline.tesla.com:443
[https] akamai-apigateway-uat-materials.tesla.com:443
[https] akamai-apigateway-vehicleextinfogw-prdsvc-st.tesla.com:443
[https] akamai-apigateway-vendorpartsapi.tesla.com:443
[https] akamai-apigateway-warp3pl.tesla.com:443
[https] akamai-apigateway-warpassetapi.tesla.com:443
[https] akamai-apigateway-warpcxml.tesla.com:443
[https] akamai-apigateway-warpdashboardapi.tesla.com:443
[https] akamai-apigateway-warpedi.tesla.com:443
[https] akamai-apigateway-warptmsapiserver.tesla.com:443
[https] akamai-apigateway-warptmsapiserver-upgrade.tesla.com:443
[https] akamai-apigateway-warptqpapi.tesla.com:443
[https] akamai-apigateway-zip3-suppliersequence.tesla.com:443
[http] sales-prd.tesla.com:80
[https-alt] forums.tesla.com:8443
[https-alt] referral.tesla.com:8443
[https] api-firebolt-dev.tesla.com:443
[https] api-firebolt-stage.tesla.com:443
[https] api-firebolt.tesla.com:443
[https] apps.tesla.com:443
[https] aurora-ordering-ext-qa.tesla.com:443
[https] aurora-ordering-ext.tesla.com:443
[https] auth-global-stage.tesla.com:443
[https] auth-global.tesla.com:443
[https] auth.tesla.com:443
[https] autobidder.powerhub.energy.tesla.com:443
[https] billing.tesla.com:443
[https] bi.tesla.com:443
[https] bolt.tesla.com:443
[https] business-ui-ownership.tesla.com:443
[https] cdn-design.tesla.com:443
[https] cdns-content.tesla.com:443
[https] checkout-ui-assets.tesla.com:443
[http] schedule.tesla.com:80
[https] cicerone.tesla.com:443
[https] cld-ec.tesla.com:443
[https] click.emails.tesla.com:443
[https] click.email.tesla.com:443
[https] courses.tesla.com:443
[https] dataviz.tesla.com:443
[https] digitalassets-energy.tesla.com:443
[https] digitalassets-learning.tesla.com:443
[https] digitalassets-shop.tesla.com:443
[https] digitalassets.tesla.com:443
[https] eaa-setup.tesla.com:443
[http] secure-static-assets.tesla.com:80
[https] edr.tesla.com:443
[https] ehs.tesla.com:443
[https] einvoicing.tesla.com:443
[https] energydesk.tesla.com:443
[https] envoy-finplat-stg.tesla.com:443
[https] envoy-finplat-sunlight.tesla.com:443
[https] envoy-partnerleadsharing.tesla.com:443
[https] envoy-partnertasks.tesla.com:443
[https] epcapi.tesla.com:443
[https] epc.tesla.com:443
[https] errlog-stage.tesla.com:443
[https] errlog.tesla.com:443
[http] serviceapi-stg.tesla.com:80
[http] serviceapi.tesla.com:80
[http] serviceapp.tesla.com:80
[https] events.tesla.com:443
[https] external-sandbox-automation.tesla.com:443
[https] financial-gw-stg.tesla.com:443
[https] financial-gw.tesla.com:443
[https] finops.tesla.com:443
[https] forums.tesla.com:443
[https] gridlogic.energy.tesla.com:443
[https] grid.tesla.com:443
[http] shop.tesla.com:80
[https] image-emails.tesla.com:443
[https] image.emails.tesla.com:443
[https] image.email.tesla.com:443
[http] simpleorigin.tesla.com:80
[http] SimpleOrigin.tesla.com:80
[https] inside.tesla.com:443
[https] installations-ext-api.tesla.com:443
[https] inventory-assets.tesla.com:443
[https] invest.tesla.com:443
[https] link.qa.tesla.com:443
[https] links.tesla.com:443
[https] link.tesla.com:443
[https] livestreamapi.tesla.com:443
[https] livestreamapi-test.tesla.com:443
[https] livestream.tesla.com:443
[https] location-services-prd.tesla.com:443
[https] logcollection.tesla.com:443
[https] marketing.tesla.com:443
[https] mfa-reset.tesla.com:443
[https] mfa-stage.tesla.com:443
[https] mfa.tesla.com:443
[https] mfs-supplier.tesla.com:443
[https] mfs-supplier-uat.tesla.com:443
[https] mobile.tesla.com:443
[https] myapps.tesla.com:443
[https] onboard.tesla.com:443
[https] origin-apps.tesla.com:443
[https] origin-courses.tesla.com:443
[https] origin-inside.tesla.com:443
[https] origin-mobile.tesla.com:443
[https] origin-sspr.tesla.com:443
[https] origin-www-auth.tesla.com:443
[https] os.tesla.com:443
[https] ownership.tesla.com:443
[https] pages.emails.tesla.com:443
[https] pages.email.tesla.com:443
[https] partnerleadsharing.tesla.com:443
[https] partners.tesla.com:443
[https] payment-public-stg.tesla.com:443
[https] powerhub.energy.tesla.com:443
[https] profile.tesla.com:443
[https] pub.email.tesla.com:443
[https] ranger-api.tesla.com:443
[https] referral-app.tesla.com:443
[https] referral.tesla.com:443
[https] repair.tesla.com:443
[https] roadsideinvoice.tesla.com:443
[https] sales-prd.tesla.com:443
[https] schedule.tesla.com:443
[https] secureguesteu.tesla.com:443
[https] secureguest.tesla.com:443
[https] secure-static-assets.tesla.com:443
[https] serviceapi-stg.tesla.com:443
[https] serviceapi.tesla.com:443
[https] serviceapp.tesla.com:443
[https] shop.tesla.com:443
[https] simpleorigin.tesla.com:443
[https] sip.tesla.com:443
[http] sso-dev.tesla.com:80
[http] sso.tesla.com:80
[http] sspr.tesla.com:80
[https] sso-dev.tesla.com:443
[https] sso.tesla.com:443
[https] sspr.tesla.com:443
[https] stage-traffic-flow-test.tesla.com:443
[https] static-assets-pay.tesla.com:443
[https] static-assets.tesla.com:443
[https] static-map.tesla.com:443
[https] stg-uc-twilio-bpm-webhook.tesla.com:443
[http] stage-traffic-flow-test.tesla.com:80
[http] static-assets-pay.tesla.com:80
[http] static-assets.tesla.com:80
[http] static-map.tesla.com:80
[https] tcc-graph-stg.tesla.com:443
[https] tcc-graph.tesla.com:443
[https] tcc-gw-stg.tesla.com:443
[https] tcc-gw.tesla.com:443
[https] teamchatcn.tesla.com:443
[https] teamchatgl.tesla.com:443
[https] teamchat.tesla.com:443
[https] teslacdpna0.tesla.com:443
[https] tesla.com:443
[https] teslatequila.tesla.com:443
[http] stg-uc-twilio-bpm-webhook.tesla.com:80
[https] three.tesla.com:443
[https] toolbox.tesla.com:443
[https] tradepartnertickets.tesla.com:443
[https] trt.tesla.com:443
[https] url1894.tesla.com:443
[https] url2547.tesla.com:443
[https] url4104.tesla.com:443
[https] url4211.tesla.com:443
[https] url4857.tesla.com:443
[https] url5196.tesla.com:443
[https] url5347.tesla.com:443
[https] url6661.tesla.com:443
[https] url7051.tesla.com:443
[https] url8833.tesla.com:443
[https] vehicle-files.eng.euw1.vn.cloud.tesla.com:443
[https] vehicle-files.prd.usw2.vn.cloud.tesla.com:443
[https] view.emails.tesla.com:443
[https] view.email.tesla.com:443
[https] vmanage-alerts.tesla.com:443
[https] vpn1.tesla.com:443
[https] warehouse-stg.tesla.com:443
[https] warehouse.tesla.com:443
[https] wdm.kronos.tesla.com:443
[https] www.tesla.com:443
[https] www.ug.tesla.com:443
[https] zta-setup.tesla.com:443
[http] tcc-graph-stg.tesla.com:80
[http] tcc-graph.tesla.com:80
[http] tcc-gw-stg.tesla.com:80
[http] tcc-gw.tesla.com:80
[http] teamchatcn.tesla.com:80
[http] teamchatgl.tesla.com:80
[http] teamchat.tesla.com:80
[http] tesla.com:80
[http] teslatequila.tesla.com:80
[http] three.tesla.com:80
[http] toolbox.tesla.com:80
[http] tradepartnertickets.tesla.com:80
[http] trt.tesla.com:80
[http] url1894.tesla.com:80
[http] url2547.tesla.com:80
[http] url4104.tesla.com:80
[http] url4211.tesla.com:80
[http] url4857.tesla.com:80
[http] url5196.tesla.com:80
[http] url5347.tesla.com:80
[http] url6661.tesla.com:80
[http] url7051.tesla.com:80
[http] url8833.tesla.com:80
[http] vehicle-files.eng.euw1.vn.cloud.tesla.com:80
[http] vehicle-files.prd.usw2.vn.cloud.tesla.com:80
[http] view.emails.tesla.com:80
[http] view.email.tesla.com:80
[http] vmanage-alerts.tesla.com:80
[http] www-static-dev.tesla.com:80
[http] www-static-prod.tesla.com:80
[http] www-static-qa.tesla.com:80
[http] www-static-stage.tesla.com:80
[http] www.tesla.com:80
[http] www.ug.tesla.com:80
[http] xapps.tesla.com:80
[http] xmail.tesla.com:80
[http] zta-setup.tesla.com:80
[imap] referral.tesla.com:143
[imaps] referral.tesla.com:993
[jetdirect] xapps.tesla.com:9100
[jetdirect] xmail.tesla.com:9100
[ms-lsa] xapps.tesla.com:1029
[ms-lsa] xmail.tesla.com:1029
[mysql] referral.tesla.com:3306
[pcanywheredata] xapps.tesla.com:5631
[pcanywheredata] xmail.tesla.com:5631
[pn-requester] xapps.tesla.com:2717
[pn-requester] xmail.tesla.com:2717
[pop3pw] referral.tesla.com:106
[pop3] referral.tesla.com:110
[pop3s] referral.tesla.com:995
[pop3] xapps.tesla.com:110
[pop3] xmail.tesla.com:110
[rpcbind] xapps.tesla.com:111
[rpcbind] xmail.tesla.com:111
[rsync] xapps.tesla.com:873
[rsync] xmail.tesla.com:873
[smtp] email1.tesla.com:25
[smtp] emails.tesla.com:25
[smtp] referral.tesla.com:25
[smtps] referral.tesla.com:465
[smux] xapps.tesla.com:199
[smux] xmail.tesla.com:199
[snpp] wdm.kronos.tesla.com:444
[ssh] referral.tesla.com:22
[svrloc] xapps.tesla.com:427
[svrloc] xmail.tesla.com:427
[unknown] xapps.tesla.com:49154
[unknown] xmail.tesla.com:49154
[X11] xapps.tesla.com:6000
[X11] xmail.tesla.com:6000
