[cddbp-alt] tetu.io:8880
[eli] tetu.io:2087
[gnunet] tetu.io:2086
[http] api.tetu.io:80
[http] app.tetu.io:80
[http] docs.tetu.io:80
[http] ms.tetu.io:80
[http] parser-api.tetu.io:80
[http] pc.tetu.io:80
[http-proxy] tetu.io:8080
[https-alt] tetu.io:8443
[http] staging.tetu.io:80
[https] tasks.tetu.io:443
[http] stats.tetu.io:80
[https] tetu.io:443
[http] swap-info-ftm.tetu.io:80
[http] swap-info.tetu.io:80
[http] swap.tetu.io:80
[http] tasks.tetu.io:80
[http] tetu.io:80
[infowave] tetu.io:2082
[radsec] tetu.io:2083
