[cddbp-alt] legacy-shop.thuisbezorgd.nl:8880
[cddbp-alt] shop.thuisbezorgd.nl:8880
[cddbp-alt] test.shop.thuisbezorgd.nl:8880
[domain] ns1.thuisbezorgd.nl:53
[domain] ns2.thuisbezorgd.nl:53
[domain] ns3.thuisbezorgd.nl:53
[eli] acc-shop.thuisbezorgd.nl:2087
[eli] shop.thuisbezorgd.nl:2087
[EtherNetIP-1] webmail.thuisbezorgd.nl:2222
[gnunet] acc-shop.thuisbezorgd.nl:2086
[gnunet] shop.thuisbezorgd.nl:2086
[http] acc-shop.thuisbezorgd.nl:80
[http] acc-vendors-shop.thuisbezorgd.nl:80
[http] azan.test.thuisbezorgd.nl:80
[http] beta.shop.thuisbezorgd.nl:80
[http] beta.thuisbezorgd.nl:80
[http] blog.thuisbezorgd.nl:80
[http] bonuswinkel.thuisbezorgd.nl:80
[http] click.update.thuisbezorgd.nl:80
[http] cloud.update.thuisbezorgd.nl:80
[http] connect-tv.thuisbezorgd.nl:80
[http] dominos.thuisbezorgd.nl:80
[http] downloads.thuisbezorgd.nl:80
[http] emails.restaurants.thuisbezorgd.nl:80
[http] enquete.thuisbezorgd.nl:80
[http] foodtracker.thuisbezorgd.nl:80
[http] image.update.thuisbezorgd.nl:80
[http] join.thuisbezorgd.nl:80
[http] legacy-shop.thuisbezorgd.nl:80
[http] live-orders.thuisbezorgd.nl:80
[http] loyaltyshop.thuisbezorgd.nl:80
[http] minisite.thuisbezorgd.nl:80
[http] mobiel.thuisbezorgd.nl:80
[http] m.thuisbezorgd.nl:80
[http] newsletter.thuisbezorgd.nl:80
[http] orderprocessing2.thuisbezorgd.nl:80
[http] orderprocessing.thuisbezorgd.nl:80
[http] pages.update.thuisbezorgd.nl:80
[http] partnerblog.thuisbezorgd.nl:80
[http] pizzaweb.thuisbezorgd.nl:80
[http-proxy] acc-shop.thuisbezorgd.nl:8080
[http] restaurants.thuisbezorgd.nl:80
[http] restaurant.thuisbezorgd.nl:80
[http] ribrunner.thuisbezorgd.nl:80
[https] acc-shop.thuisbezorgd.nl:443
[https] acc-vendors-shop.thuisbezorgd.nl:443
[https-alt] beta.shop.thuisbezorgd.nl:8443
[https-alt] legacy-shop.thuisbezorgd.nl:8443
[https-alt] shop.thuisbezorgd.nl:8443
[https-alt] test.shop.thuisbezorgd.nl:8443
[https] azan.test.thuisbezorgd.nl:443
[https] beta.shop.thuisbezorgd.nl:443
[https] beta.thuisbezorgd.nl:443
[https] blog.thuisbezorgd.nl:443
[https] bonuswinkel.thuisbezorgd.nl:443
[https] click.update.thuisbezorgd.nl:443
[https] cloud.update.thuisbezorgd.nl:443
[https] connect-tv.thuisbezorgd.nl:443
[https] dominos.thuisbezorgd.nl:443
[https] downloads.thuisbezorgd.nl:443
[https] emails.restaurants.thuisbezorgd.nl:443
[https] enquete.thuisbezorgd.nl:443
[https] foodtracker.thuisbezorgd.nl:443
[http] shop.thuisbezorgd.nl:80
[https] image.update.thuisbezorgd.nl:443
[https] join.thuisbezorgd.nl:443
[https] legacy-shop.thuisbezorgd.nl:443
[https] live-orders.thuisbezorgd.nl:443
[https] loyaltyshop.thuisbezorgd.nl:443
[https] minisite.thuisbezorgd.nl:443
[https] mobiel.thuisbezorgd.nl:443
[https] m.thuisbezorgd.nl:443
[https] newsletter.thuisbezorgd.nl:443
[https] orderprocessing2.thuisbezorgd.nl:443
[https] orderprocessing.thuisbezorgd.nl:443
[https] pages.update.thuisbezorgd.nl:443
[https] partnerblog.thuisbezorgd.nl:443
[https] pizzaweb.thuisbezorgd.nl:443
[https] restaurants.thuisbezorgd.nl:443
[https] restaurant.thuisbezorgd.nl:443
[https] ribrunner.thuisbezorgd.nl:443
[https] shop.thuisbezorgd.nl:443
[https] static.thuisbezorgd.nl:443
[https] subfolder-proxy-drivers.thuisbezorgd.nl:443
[https] subfolder-proxy-partnerblog.thuisbezorgd.nl:443
[https] tacomundo.thuisbezorgd.nl:443
[https] tags.thuisbezorgd.nl:443
[http] static.thuisbezorgd.nl:80
[https] tealium.thuisbezorgd.nl:443
[https] test-shop.thuisbezorgd.nl:443
[https] test.shop.thuisbezorgd.nl:443
[https] testshop.thuisbezorgd.nl:443
[https] test-vendors-shop.thuisbezorgd.nl:443
[https] thuisbezorgd.nl:443
[https] tv.thuisbezorgd.nl:443
[http] subfolder-proxy-drivers.thuisbezorgd.nl:80
[http] subfolder-proxy-partnerblog.thuisbezorgd.nl:80
[https] vendors-shop.thuisbezorgd.nl:443
[https] view.update.thuisbezorgd.nl:443
[https] www.thuisbezorgd.nl:443
[http] tacomundo.thuisbezorgd.nl:80
[http] tags.thuisbezorgd.nl:80
[http] tealium.thuisbezorgd.nl:80
[http] test-shop.thuisbezorgd.nl:80
[http] test.shop.thuisbezorgd.nl:80
[http] testshop.thuisbezorgd.nl:80
[http] test-vendors-shop.thuisbezorgd.nl:80
[http] thuisbezorgd.nl:80
[http] tv.thuisbezorgd.nl:80
[http] vendors-shop.thuisbezorgd.nl:80
[http] view.update.thuisbezorgd.nl:80
[http] www.thuisbezorgd.nl:80
[imap] imap.thuisbezorgd.nl:143
[imap] mail.thuisbezorgd.nl:143
[imap] pop3.thuisbezorgd.nl:143
[imap] pop.thuisbezorgd.nl:143
[imaps] imap.thuisbezorgd.nl:993
[imaps] mail.thuisbezorgd.nl:993
[imap] smtp.thuisbezorgd.nl:143
[imaps] pop3.thuisbezorgd.nl:993
[imaps] pop.thuisbezorgd.nl:993
[imaps] smtp.thuisbezorgd.nl:993
[infowave] acc-shop.thuisbezorgd.nl:2082
[nbx-dir] acc-shop.thuisbezorgd.nl:2096
[nbx-dir] shop.thuisbezorgd.nl:2096
[nbx-ser] shop.thuisbezorgd.nl:2095
[pop3] imap.thuisbezorgd.nl:110
[pop3] mail.thuisbezorgd.nl:110
[pop3] pop3.thuisbezorgd.nl:110
[pop3] pop.thuisbezorgd.nl:110
[pop3s] imap.thuisbezorgd.nl:995
[pop3s] mail.thuisbezorgd.nl:995
[pop3] smtp.thuisbezorgd.nl:110
[pop3s] pop3.thuisbezorgd.nl:995
[pop3s] pop.thuisbezorgd.nl:995
[pop3s] smtp.thuisbezorgd.nl:995
[radsec] shop.thuisbezorgd.nl:2083
[smtp] connect.thuisbezorgd.nl:25
[smtp] imap.thuisbezorgd.nl:25
[smtp] mail.thuisbezorgd.nl:25
[smtp] pop3.thuisbezorgd.nl:25
[smtp] pop.thuisbezorgd.nl:25
[smtp] smtp.thuisbezorgd.nl:25
[smtp] update.thuisbezorgd.nl:25
[ssh] beta.shop.thuisbezorgd.nl:22
[ssh] legacy-shop.thuisbezorgd.nl:22
[ssh] test.shop.thuisbezorgd.nl:22
[sun-answerbook] beta.shop.thuisbezorgd.nl:8888
[sun-answerbook] legacy-shop.thuisbezorgd.nl:8888
[sun-answerbook] test.shop.thuisbezorgd.nl:8888
