[http] activity.tiktok.com:80
[http] adsinsightslab.tiktok.com:80
[http] ads-sg.tiktok.com:80
[http] ads.tiktok.com:80
[http] ads-va.tiktok.com:80
[http] affiliate-id.tiktok.com:80
[http] affiliate.tiktok.com:80
[http] analytics-sg.tiktok.com:80
[http] analytics.tiktok.com:80
[http] api-m.tiktok.com:80
[http] api.tiktok.com:80
[http] api-t.tiktok.com:80
[http] artists.tiktok.com:80
[http] artist.tiktok.com:80
[http] autodiscover.tiktok.com:80
[http] business-sso.tiktok.com:80
[http] business.tiktok.com:80
[http] business-useast2a.tiktok.com:80
[http] careers.tiktok.com:80
[http] carrierflow-sg.tiktok.com:80
[http] carrierflow-va.tiktok.com:80
[http] cc.tiktok.com:80
[http] creatormarketplace.tiktok.com:80
[http] creatormarketplace-va.tiktok.com:80
[http] creatormarketplace-va-useast2a.tiktok.com:80
[http] datahub.tiktok.com:80
[http] developers.tiktok.com:80
[http] developer.tiktok.com:80
[http] effect-api-sg.tiktok.com:80
[http] effect-api-va.tiktok.com:80
[http] effect-api-va-useast2a.tiktok.com:80
[http] effect.tiktok.com:80
[http] experiment.tiktok.com:80
[http] feelgood-api.tiktok.com:80
[http] getstarted.tiktok.com:80
[http] gma.tiktok.com:80
[http] h1-16.tiktok.com:80
[http] h2-16.tiktok.com:80
[http] image-va.tiktok.com:80
[http] im-ws-sg.tiktok.com:80
[http] im-ws-va.tiktok.com:80
[http] in.tiktok.com:80
[http] link.e.tiktok.com:80
[http] login.tiktok.com:80
[http] m1-16.tiktok.com:80
[http] m2-16.tiktok.com:80
[http] media.tiktok.com:80
[http] meteor.tiktok.com:80
[http] mg.tiktok.com:80
[http] m.tiktok.com:80
[http] musician.tiktok.com:80
[http] music.tiktok.com:80
[http] newsroom.tiktok.com:80
[http] open-api.tiktok.com:80
[http] open-api-useast1a.tiktok.com:80
[http] promotion-useast2a.tiktok.com:80
[http-proxy] trending.tiktok.com:8080
[http] s16-ies.tiktok.com:80
[http] s16-ies-useast2a.tiktok.com:80
[https] activity.tiktok.com:443
[https] adsinsightslab.tiktok.com:443
[https] ads-sg.tiktok.com:443
[https] ads.tiktok.com:443
[https] ads-va.tiktok.com:443
[https] affiliate-id.tiktok.com:443
[https] affiliate.tiktok.com:443
[https-alt] trending.tiktok.com:8443
[https] analytics-sg.tiktok.com:443
[https] analytics.tiktok.com:443
[https] api-m.tiktok.com:443
[https] api.tiktok.com:443
[https] api-t.tiktok.com:443
[https] artists.tiktok.com:443
[https] artist.tiktok.com:443
[https] business-sso.tiktok.com:443
[https] business.tiktok.com:443
[https] business-useast2a.tiktok.com:443
[https] careers.tiktok.com:443
[https] carrierflow-sg.tiktok.com:443
[https] carrierflow-va.tiktok.com:443
[https] cc.tiktok.com:443
[https] creatormarketplace.tiktok.com:443
[https] creatormarketplace-va.tiktok.com:443
[https] creatormarketplace-va-useast2a.tiktok.com:443
[https] datahub.tiktok.com:443
[https] developers.tiktok.com:443
[https] developer.tiktok.com:443
[https] effect-api-sg.tiktok.com:443
[https] effect-api-va.tiktok.com:443
[https] effect-api-va-useast2a.tiktok.com:443
[https] effect.tiktok.com:443
[http] seller-id.tiktok.com:80
[http] seller.tiktok.com:80
[http] seller-uk.tiktok.com:80
[https] experiment.tiktok.com:443
[https] feelgood-api.tiktok.com:443
[https] getstarted.tiktok.com:443
[https] gma.tiktok.com:443
[https] h1-16.tiktok.com:443
[https] h2-16.tiktok.com:443
[http] shop-id.tiktok.com:80
[http] shop.tiktok.com:80
[http] shop-uk.tiktok.com:80
[https] image-va.tiktok.com:443
[https] im-ws-sg.tiktok.com:443
[https] im-ws-va.tiktok.com:443
[https] in.tiktok.com:443
[https] link.e.tiktok.com:443
[https] login.tiktok.com:443
[https] m1-16.tiktok.com:443
[https] m2-16.tiktok.com:443
[https] media.tiktok.com:443
[https] meteor.tiktok.com:443
[https] mg.tiktok.com:443
[https] m.tiktok.com:443
[https] musician.tiktok.com:443
[https] music.tiktok.com:443
[https] newsroom.tiktok.com:443
[https] open-api.tiktok.com:443
[https] open-api-useast1a.tiktok.com:443
[http] spotlight.tiktok.com:80
[https] promotion-useast2a.tiktok.com:443
[https] s16-ies.tiktok.com:443
[https] s16-ies-useast2a.tiktok.com:443
[https] seller-id.tiktok.com:443
[https] seller.tiktok.com:443
[https] seller-uk.tiktok.com:443
[https] shop-id.tiktok.com:443
[https] shop.tiktok.com:443
[https] shop-uk.tiktok.com:443
[https] spotlight.tiktok.com:443
[https] suggestions.tiktok.com:443
[https] support.tiktok.com:443
[https] survey.tiktok.com:443
[https] tiktok.com:443
[https] trending.tiktok.com:443
[https] t.tiktok.com:443
[https] tv.tiktok.com:443
[http] suggestions.tiktok.com:80
[http] support.tiktok.com:80
[https] url4077.ads-service.tiktok.com:443
[https] url4153.service.tiktok.com:443
[https] url7709.account.tiktok.com:443
[http] survey.tiktok.com:80
[https] us.tiktok.com:443
[https] v16-web.tiktok.com:443
[https] v16-web-tv.tiktok.com:443
[https] vm.tiktok.com:443
[https] v.tiktok.com:443
[https] vt.tiktok.com:443
[https] webapp-cn.tiktok.com:443
[https] webapp-sg.tiktok.com:443
[https] webapp-va.tiktok.com:443
[https] webcast-m.tiktok.com:443
[https] webcast.tiktok.com:443
[https] webcast-t.tiktok.com:443
[https] www.tiktok.com:443
[https] www-useast1a.tiktok.com:443
[http] tiktok.com:80
[http] trending.tiktok.com:80
[http] t.tiktok.com:80
[http] tv.tiktok.com:80
[http] url4077.ads-service.tiktok.com:80
[http] url4153.service.tiktok.com:80
[http] url7709.account.tiktok.com:80
[http] us.tiktok.com:80
[http] v16-web.tiktok.com:80
[http] v16-web-tv.tiktok.com:80
[http] vm.tiktok.com:80
[http] v.tiktok.com:80
[http] vt.tiktok.com:80
[http] webapp-cn.tiktok.com:80
[http] webapp-sg.tiktok.com:80
[http] webapp-va.tiktok.com:80
[http] webcast-m.tiktok.com:80
[http] webcast.tiktok.com:80
[http] webcast-t.tiktok.com:80
[http] www.tiktok.com:80
[http] www-useast1a.tiktok.com:80
