[http] cmp.tinderwebstaging.com:80
[http] data.tinderwebstaging.com:80
[http] designsystem.tinderwebstaging.com:80
[http] engagement.tinderwebstaging.com:80
[http] identity.tinderwebstaging.com:80
[http] liteqa.tinderwebstaging.com:80
[http] lite.tinderwebstaging.com:80
[http] policies.tinderwebstaging.com:80
[http] qa.tinderwebstaging.com:80
[http] revenue.tinderwebstaging.com:80
[http] rod.tinderwebstaging.com:80
[https] cmp.tinderwebstaging.com:443
[https] data.tinderwebstaging.com:443
[https] designsystem.tinderwebstaging.com:443
[https] engagement.tinderwebstaging.com:443
[https] identity.tinderwebstaging.com:443
[https] liteqa.tinderwebstaging.com:443
[https] lite.tinderwebstaging.com:443
[https] policies.tinderwebstaging.com:443
[https] qa.tinderwebstaging.com:443
[https] revenue.tinderwebstaging.com:443
[https] rod.tinderwebstaging.com:443
[https] swipelife.tinderwebstaging.com:443
[https] swipenight.tinderwebstaging.com:443
[https] taz.tinderwebstaging.com:443
[https] trust.tinderwebstaging.com:443
[https] ux.tinderwebstaging.com:443
[http] swipelife.tinderwebstaging.com:80
[http] swipenight.tinderwebstaging.com:80
[https] www.swipenight.tinderwebstaging.com:443
[http] taz.tinderwebstaging.com:80
[http] trust.tinderwebstaging.com:80
[http] ux.tinderwebstaging.com:80
[http] www.swipenight.tinderwebstaging.com:80
