[cddbp-alt] shop.tomorrow.one:8880
[clearvisn] shop.tomorrow.one:2052
[eli] shop.tomorrow.one:2087
[gnunet] shop.tomorrow.one:2086
[http] 1password-scim.live.aws.tomorrow.one:80
[http] api.live.aws.tomorrow.one:80
[http] api.staging.aws.tomorrow.one:80
[http] api.tomorrow.one:80
[http] assets.tomorrow.one:80
[http] clicks.tomorrow.one:80
[http] community.live.aws.tomorrow.one:80
[http] community.tomorrow.one:80
[http] content.live.aws.tomorrow.one:80
[http] content.staging.aws.tomorrow.one:80
[http] fslink.tomorrow.one:80
[http] fwtrack1.tomorrow.one:80
[http] fwtrack.tomorrow.one:80
[http] get.tomorrow.one:80
[http] insights.tomorrow.one:80
[http] invest-guides.prototype.staging.aws.tomorrow.one:80
[http] jobs-faq.tomorrow.one:80
[http] lifestyle.prototype.staging.aws.tomorrow.one:80
[http] lifestyle.prototype.tomorrow.one:80
[http] open.tomorrow.one:80
[http-proxy] shop.tomorrow.one:8080
[https] 1password-scim.live.aws.tomorrow.one:443
[https-alt] shop.tomorrow.one:8443
[https] api.live.aws.tomorrow.one:443
[https] api.staging.aws.tomorrow.one:443
[https] api.tomorrow.one:443
[http] sarma.staging.aws.tomorrow.one:80
[http] sarma.tomorrow.one:80
[https] assets.tomorrow.one:443
[https] clicks.tomorrow.one:443
[https] community.live.aws.tomorrow.one:443
[https] community.tomorrow.one:443
[https] content.live.aws.tomorrow.one:443
[https] content.staging.aws.tomorrow.one:443
[https] fslink.tomorrow.one:443
[https] fwtrack1.tomorrow.one:443
[https] fwtrack.tomorrow.one:443
[https] get.tomorrow.one:443
[http] shop.tomorrow.one:80
[http] sign-up-canvas.prototype.staging.aws.tomorrow.one:80
[http] sign-up-canvas.prototype.tomorrow.one:80
[https] insights.tomorrow.one:443
[https] invest-guides.prototype.staging.aws.tomorrow.one:443
[https] jobs-faq.tomorrow.one:443
[https] lifestyle.prototype.staging.aws.tomorrow.one:443
[https] lifestyle.prototype.tomorrow.one:443
[https] open.tomorrow.one:443
[https] openvpn1.live.aws.tomorrow.one:443
[https] openvpn2.live.aws.tomorrow.one:443
[https] openvpn.live.aws.tomorrow.one:443
[https] prototype.tomorrow.one:443
[https] sarma.staging.aws.tomorrow.one:443
[https] sarma.tomorrow.one:443
[https] shop.tomorrow.one:443
[https] sign-up-canvas.prototype.staging.aws.tomorrow.one:443
[https] sign-up-canvas.prototype.tomorrow.one:443
[https] staging.aws.tomorrow.one:443
[https] support.tomorrow.one:443
[https] symmetry-paving-canvas-unmanned.prototype.tomorrow.one:443
[http] staging.aws.tomorrow.one:80
[https] tomorrow.one:443
[http] support.tomorrow.one:80
[https] webanalytics.live.aws.tomorrow.one:443
[https] www.tomorrow.one:443
[http] symmetry-paving-canvas-unmanned.prototype.tomorrow.one:80
[http] webanalytics.live.aws.tomorrow.one:80
[http] www.tomorrow.one:80
[infowave] shop.tomorrow.one:2082
[knetd] shop.tomorrow.one:2053
[nbx-dir] shop.tomorrow.one:2096
[nbx-ser] shop.tomorrow.one:2095
[radsec] shop.tomorrow.one:2083
[ssh] openvpn1.live.aws.tomorrow.one:22
[ssh] openvpn2.live.aws.tomorrow.one:22
[ssh] openvpn.live.aws.tomorrow.one:22
[xmpp-client] 1password-scim.live.aws.tomorrow.one:5222
[xmpp-client] prototype.tomorrow.one:5222
[xmpp-client] symmetry-paving-canvas-unmanned.prototype.tomorrow.one:5222
