[http] box.staging.trello.services:80
[http] box.trello.services:80
[http] calendar.staging.trello.services:80
[http] calendar.trello.services:80
[http] card-aging.staging.trello.services:80
[http] card-aging.trello.services:80
[http] card-fields.staging.trello.services:80
[http] card-fields.trello.services:80
[http] card-snooze.staging.trello.services:80
[http] card-snooze.trello.services:80
[http] confluence.staging.trello.services:80
[http] confluence.trello.services:80
[http] evernote.staging.trello.services:80
[http] evernote.trello.services:80
[http] giphy.staging.trello.services:80
[http] giphy.trello.services:80
[http] github.staging.trello.services:80
[http] github.trello.services:80
[http] google-drive.staging.trello.services:80
[http] google-drive.trello.services:80
[http] google-hangouts.staging.trello.services:80
[http] google-hangouts.trello.services:80
[http] integrations.staging.trello.services:80
[http] integrations.trello.services:80
[http] list-limits.staging.trello.services:80
[http] list-limits.trello.services:80
[http] mailchimp.staging.trello.services:80
[http] mailchimp.trello.services:80
[http] map.staging.trello.services:80
[http] onedrive.staging.trello.services:80
[http] onedrive.trello.services:80
[http] origin.staging.trello.services:80
[http] origin.trello.services:80
[http] package-tracker.staging.trello.services:80
[http] package-tracker.trello.services:80
[http] plugins.staging.trello.services:80
[http] plugin.staging.trello.services:80
[http] plugins.trello.services:80
[http] plugin.trello.services:80
[http] readme.staging.trello.services:80
[http] readme.trello.services:80
[http] recurring-cards.staging.trello.services:80
[http] recurring-cards.trello.services:80
[http] salesforce.staging.trello.services:80
[http] salesforce.trello.services:80
[https] box.staging.trello.services:443
[https] box.trello.services:443
[https] calendar.staging.trello.services:443
[https] calendar.trello.services:443
[https] card-aging.staging.trello.services:443
[https] card-aging.trello.services:443
[https] card-fields.staging.trello.services:443
[https] card-fields.trello.services:443
[https] card-snooze.staging.trello.services:443
[https] card-snooze.trello.services:443
[https] confluence.staging.trello.services:443
[https] confluence.trello.services:443
[https] evernote.staging.trello.services:443
[https] evernote.trello.services:443
[https] giphy.staging.trello.services:443
[https] giphy.trello.services:443
[https] github.staging.trello.services:443
[https] github.trello.services:443
[https] google-drive.staging.trello.services:443
[https] google-drive.trello.services:443
[https] google-hangouts.staging.trello.services:443
[https] google-hangouts.trello.services:443
[https] integrations.staging.trello.services:443
[https] integrations.trello.services:443
[http] slack-chat.staging.trello.services:80
[http] slack-chat.trello.services:80
[http] slack.staging.trello.services:80
[http] slack.trello.services:80
[https] list-limits.staging.trello.services:443
[https] list-limits.trello.services:443
[https] mailchimp.staging.trello.services:443
[https] mailchimp.trello.services:443
[https] map.staging.trello.services:443
[https] onedrive.staging.trello.services:443
[https] onedrive.trello.services:443
[https] origin.staging.trello.services:443
[https] origin.trello.services:443
[https] package-tracker.staging.trello.services:443
[https] package-tracker.trello.services:443
[https] plugins.staging.trello.services:443
[https] plugin.staging.trello.services:443
[https] plugins.trello.services:443
[https] plugin.trello.services:443
[https] readme.staging.trello.services:443
[https] readme.trello.services:443
[https] recurring-cards.staging.trello.services:443
[https] recurring-cards.trello.services:443
[https] salesforce.staging.trello.services:443
[https] salesforce.trello.services:443
[https] slack-chat.staging.trello.services:443
[https] slack-chat.trello.services:443
[https] slack.staging.trello.services:443
[https] slack.trello.services:443
[https] surveymonkey.staging.trello.services:443
[https] surveymonkey.trello.services:443
[https] twitter.staging.trello.services:443
[https] twitter.trello.services:443
[http] surveymonkey.staging.trello.services:80
[http] surveymonkey.trello.services:80
[https] voting.staging.trello.services:443
[https] voting.trello.services:443
[https] zendesk.staging.trello.services:443
[https] zendesk.trello.services:443
[http] twitter.staging.trello.services:80
[http] twitter.trello.services:80
[http] voting.staging.trello.services:80
[http] voting.trello.services:80
[http] zendesk.staging.trello.services:80
[http] zendesk.trello.services:80
