[http] public-sip0.covid19-us1.twilio.com:80
[http] public-sip1.ers.ie1.twilio.com:80
[http] sip.covid19-us1.twilio.com:80
[https] public-sip0.covid19-us1.twilio.com:443
[https] public-sip1.ers.ie1.twilio.com:443
[https] sip.covid19-us1.twilio.com:443
[sip] 700.prod.futel.sip.twilio.com:5060
[sip] 700.prod.futel.sip.us1.twilio.com:5060
[sip] 700.stage.futel.sip.twilio.com:5060
[sip] 700.stage.futel.us1.sip.twilio.com:5060
[sip] applight.sip.us1.twilio.com:5060
[sip] domain.sip.twilio.com:5060
[sip] dunder-mifflin-scranton.sip.twilio.com:5060
[sip] flashparcs.sip.twilio.com:5060
[sip] foobar.sip.us1.twilio.com:5060
[sip] freelance.sip.us1.twilio.com:5060
[sip] futelterminationdomain.sip.twilio.com:5060
[sip] futelterminationdomain.sip.us1.twilio.com:5060
[sip] maqsam.sip.twilio.com:5060
[sip] origination-stage.futel.sip.us1.twilio.com:5060
[sip] public-sip0.ashburn.twilio.com:5060
[sip] public-sip0.dublin.twilio.com:5060
[sip] public-sip0.frankfurt.twilio.com:5060
[sip] public-sip0.sao-paulo.twilio.com:5060
[sip] public-sip0.singapore.twilio.com:5060
[sip] public-sip0.stage-au1.twilio.com:5060
[sip] public-sip0.stage-us1.twilio.com:5060
[sip] public-sip0.stage-us2.twilio.com:5060
[sip] public-sip0.sydney.twilio.com:5060
[sip] public-sip0.tokyo.twilio.com:5060
[sip] public-sip0.umatilla.twilio.com:5060
[sip] public-sip1.ashburn.twilio.com:5060
[sip] public-sip1.dublin.twilio.com:5060
[sip] public-sip1.frankfurt.twilio.com:5060
[sip] public-sip1.sao-paulo.twilio.com:5060
[sip] public-sip1.singapore.twilio.com:5060
[sip] public-sip1.stage-au1.twilio.com:5060
[sip] public-sip1.stage-us1.twilio.com:5060
[sip] public-sip1.stage-us2.twilio.com:5060
[sip] public-sip1.sydney.twilio.com:5060
[sip] public-sip1.tokyo.twilio.com:5060
[sip] public-sip2.ashburn.twilio.com:5060
[sip] public-sip2.frankfurt.twilio.com:5060
[sip] public-sip2.sao-paulo.twilio.com:5060
[sip] public-sip2.singapore.twilio.com:5060
[sip] public-sip2.sydney.twilio.com:5060
[sip] public-sip2.tokyo.twilio.com:5060
[sip] public-sip2.umatilla.twilio.com:5060
[sip] public-sip3.ashburn.twilio.com:5060
[sip] sip.ashburn.stage.twilio.com:5060
[sip] sip.ashburn.twilio.com:5060
[sip] sip.dublin.twilio.com:5060
[sip] sip.frankfurt.twilio.com:5060
[sip] sip.sao-paulo.twilio.com:5060
[sip] sip.singapore.twilio.com:5060
[sip] sip.sydney.stage.twilio.com:5060
[sip] sip.sydney.twilio.com:5060
[sip] sip.tokyo.twilio.com:5060
[sip] sip.umatilla.stage.twilio.com:5060
[sip] sip.umatilla.twilio.com:5060
[sip] telelectrograph.sip.twilio.com:5060
[sip] termination.prod.futel.sip.twilio.com:5060
[sip] termination.stage.futel.sip.twilio.com:5060
[sip-tls] 700.prod.futel.sip.twilio.com:5061
[sip-tls] 700.prod.futel.sip.us1.twilio.com:5061
[sip-tls] 700.stage.futel.sip.twilio.com:5061
[sip-tls] 700.stage.futel.us1.sip.twilio.com:5061
[sip-tls] applight.sip.us1.twilio.com:5061
[sip-tls] domain.sip.twilio.com:5061
[sip-tls] dunder-mifflin-scranton.sip.twilio.com:5061
[sip-tls] flashparcs.sip.twilio.com:5061
[sip-tls] foobar.sip.us1.twilio.com:5061
[sip-tls] freelance.sip.us1.twilio.com:5061
[sip-tls] futelterminationdomain.sip.twilio.com:5061
[sip-tls] futelterminationdomain.sip.us1.twilio.com:5061
[sip-tls] maqsam.sip.twilio.com:5061
[sip-tls] origination-stage.futel.sip.us1.twilio.com:5061
[sip-tls] public-sip0.ashburn.twilio.com:5061
[sip-tls] public-sip0.dublin.twilio.com:5061
[sip-tls] public-sip0.frankfurt.twilio.com:5061
[sip-tls] public-sip0.sao-paulo.twilio.com:5061
[sip-tls] public-sip0.singapore.twilio.com:5061
[sip-tls] public-sip0.stage-au1.twilio.com:5061
[sip-tls] public-sip0.stage-us1.twilio.com:5061
[sip-tls] public-sip0.stage-us2.twilio.com:5061
[sip-tls] public-sip0.sydney.twilio.com:5061
[sip-tls] public-sip0.tokyo.twilio.com:5061
[sip-tls] public-sip0.umatilla.twilio.com:5061
[sip-tls] public-sip1.ashburn.twilio.com:5061
[sip-tls] public-sip1.dublin.twilio.com:5061
[sip-tls] public-sip1.frankfurt.twilio.com:5061
[sip-tls] public-sip1.sao-paulo.twilio.com:5061
[sip-tls] public-sip1.singapore.twilio.com:5061
[sip-tls] public-sip1.stage-au1.twilio.com:5061
[sip-tls] public-sip1.stage-us1.twilio.com:5061
[sip-tls] public-sip1.stage-us2.twilio.com:5061
[sip-tls] public-sip1.sydney.twilio.com:5061
[sip-tls] public-sip1.tokyo.twilio.com:5061
[sip-tls] public-sip1.umatilla.twilio.com:5061
[sip-tls] public-sip2.ashburn.twilio.com:5061
[sip-tls] public-sip2.frankfurt.twilio.com:5061
[sip-tls] public-sip2.sao-paulo.twilio.com:5061
[sip-tls] public-sip2.singapore.twilio.com:5061
[sip-tls] public-sip2.sydney.twilio.com:5061
[sip-tls] public-sip2.tokyo.twilio.com:5061
[sip-tls] public-sip2.umatilla.twilio.com:5061
[sip-tls] public-sip3.ashburn.twilio.com:5061
[sip-tls] sip.ashburn.stage.twilio.com:5061
[sip-tls] sip.ashburn.twilio.com:5061
[sip-tls] sip.dublin.twilio.com:5061
[sip-tls] sip.frankfurt.twilio.com:5061
[sip-tls] sip.sao-paulo.twilio.com:5061
[sip-tls] sip.singapore.twilio.com:5061
[sip-tls] sip.sydney.stage.twilio.com:5061
[sip-tls] sip.sydney.twilio.com:5061
[sip-tls] sip.tokyo.twilio.com:5061
[sip-tls] sip.umatilla.stage.twilio.com:5061
[sip-tls] sip.umatilla.twilio.com:5061
[sip-tls] telelectrograph.sip.twilio.com:5061
[sip-tls] termination.prod.futel.sip.twilio.com:5061
[sip-tls] termination.stage.futel.sip.twilio.com:5061
[sip-tls] voipcaller.sip.us1.twilio.com:5061
[sip-tls] voipcallerza.sip.us1.twilio.com:5061
[sip] voipcaller.sip.us1.twilio.com:5060
[sip] voipcallerza.sip.us1.twilio.com:5060
