[ansoft-lm-2] pbs-gc.twimg.com:1084
[blackice-icecap] pbs-gc.twimg.com:8081
[ctf] pbs-gc.twimg.com:84
[dnp] pbs-gc.twimg.com:20000
[d-s-n] pbs-gc.twimg.com:8086
[epp] pbs-gc.twimg.com:700
[ff-annunc] pbs-gc.twimg.com:1089
[http] abs-0.twimg.com:80
[http] abs-ak.twimg.com:80
[http] abs-ec.twimg.com:80
[http] abs-ft.twimg.com:80
[http] abs-o-ak.twimg.com:80
[http] abs-o-ec.twimg.com:80
[http] abs-o-ft.twimg.com:80
[http] abs-o.twimg.com:80
[http] abs-t-1.twimg.com:80
[http] abs-t-2.twimg.com:80
[http] abs-t-3.twimg.com:80
[http] abs-t-4.twimg.com:80
[http] abs-t-5.twimg.com:80
[http] abs.twimg.com:80
[http] abs-zero.twimg.com:80
[http] amp-0.twimg.com:80
[http] amp2.twimg.com:80
[http] amp-eb.twimg.com:80
[http] amp-o.twimg.com:80
[http] amp-staging.twimg.com:80
[http] amp.twimg.com:80
[http] amp-zero.twimg.com:80
[http] cdn.syndication.twimg.com:80
[http] dnt-o.twimg.com:80
[http] dnt.twimg.com:80
[http] ea-o.twimg.com:80
[http] ea.twimg.com:80
[http] edge.cnames.video.twimg.com:80
[http] fastly-public-purge.twimg.com:80
[http] fastly-purge.twimg.com:80
[http] g2.twimg.com:80
[http] g-o.twimg.com:80
[http] g-staging.twimg.com:80
[http] g.twimg.com:80
[http] gu.twimg.com:80
[http] hca.twimg.com:80
[http] l.twimg.com:80
[http] ma-0.twimg.com:80
[http] ma0.twimg.com:80
[http] ma1.twimg.com:80
[http] ma2.twimg.com:80
[http] ma3.twimg.com:80
[http] ma-ak.twimg.com:80
[http] ma-fastly.twimg.com:80
[http] ma-ft.twimg.com:80
[http] ma-o-ak.twimg.com:80
[http] ma-o-ec.twimg.com:80
[http] ma-o-ft.twimg.com:80
[http] ma-o.twimg.com:80
[http] ma.twimg.com:80
[http] ma-zero.twimg.com:80
[http] mobile1.twimg.com:80
[http] mobile2.twimg.com:80
[http] mobile3.twimg.com:80
[http] mobile4.twimg.com:80
[http] o-0.twimg.com:80
[http] o-ak.twimg.com:80
[http] o-ec.twimg.com:80
[http] oem-o.twimg.com:80
[http] oem.twimg.com:80
[http] o-ft.twimg.com:80
[http] o-zero.twimg.com:80
[http] pbs-0.twimg.com:80
[http] pbs-ak.twimg.com:80
[http] pbs-eb.twimg.com:80
[http] pbs-ec.twimg.com:80
[http] pbs-ft.twimg.com:80
[http] pbs-gc.twimg.com:80
[http] pbs-h2.twimg.com:80
[http] pbs-o-ak.twimg.com:80
[http] pbs-o-ec.twimg.com:80
[http] pbs-o-ft.twimg.com:80
[http] pbs-o.twimg.com:80
[http] pbs-t-1.twimg.com:80
[http] pbs-t-2.twimg.com:80
[http] pbs-t-3.twimg.com:80
[http] pbs-t-4.twimg.com:80
[http] pbs-t-5.twimg.com:80
[http] pbs.twimg.com:80
[http] pbs-v6.twimg.com:80
[http] pbs-zero.twimg.com:80
[http] periscope-test.twimg.com:80
[http-proxy] pbs-gc.twimg.com:8080
[http] p.twimg.com:80
[http] P.twimg.com:80
[http] r.twimg.com:80
[https] abs-0.twimg.com:443
[https] abs-ak.twimg.com:443
[https] abs-ec.twimg.com:443
[https] abs-ft.twimg.com:443
[https] abs-o-ak.twimg.com:443
[https] abs-o-ec.twimg.com:443
[https] abs-o-ft.twimg.com:443
[https] abs-o.twimg.com:443
[http] sa-bs-o.twimg.com:80
[https] abs-t-1.twimg.com:443
[https] abs-t-2.twimg.com:443
[https] abs-t-3.twimg.com:443
[https] abs-t-4.twimg.com:443
[https] abs-t-5.twimg.com:443
[https] abs.twimg.com:443
[https] abs-zero.twimg.com:443
[https] amp-0.twimg.com:443
[https] amp2.twimg.com:443
[https] amp-eb.twimg.com:443
[https] amp-o.twimg.com:443
[https] amp-staging.twimg.com:443
[https] amp.twimg.com:443
[https] amp-zero.twimg.com:443
[https] cdn.syndication.twimg.com:443
[https] dnt-o.twimg.com:443
[https] dnt.twimg.com:443
[https] ea-o.twimg.com:443
[https] ea.twimg.com:443
[https] edge.cnames.video.twimg.com:443
[https] fastly-public-purge.twimg.com:443
[https] fastly-purge.twimg.com:443
[https] g2.twimg.com:443
[https] g-o.twimg.com:443
[https] g-staging.twimg.com:443
[https] g.twimg.com:443
[https] gu.twimg.com:443
[https] hca.twimg.com:443
[https] l.twimg.com:443
[https] ma-0.twimg.com:443
[https] ma0.twimg.com:443
[https] ma1.twimg.com:443
[https] ma2.twimg.com:443
[https] ma3.twimg.com:443
[https] ma-ak.twimg.com:443
[https] ma-fastly.twimg.com:443
[https] ma-ft.twimg.com:443
[https] ma-o-ak.twimg.com:443
[https] ma-o-ec.twimg.com:443
[https] ma-o-ft.twimg.com:443
[https] ma-o.twimg.com:443
[https] ma.twimg.com:443
[https] ma-zero.twimg.com:443
[https] mobile1.twimg.com:443
[https] mobile2.twimg.com:443
[https] mobile3.twimg.com:443
[https] mobile4.twimg.com:443
[https] o-0.twimg.com:443
[https] o-ak.twimg.com:443
[https] o-ec.twimg.com:443
[https] oem-o.twimg.com:443
[https] oem.twimg.com:443
[https] o-ft.twimg.com:443
[https] o-zero.twimg.com:443
[https] pbs-0.twimg.com:443
[https] pbs-ak.twimg.com:443
[https] pbs-eb.twimg.com:443
[https] pbs-ec.twimg.com:443
[https] pbs-ft.twimg.com:443
[https] pbs-gc.twimg.com:443
[https] pbs-h2.twimg.com:443
[https] pbs-o-ak.twimg.com:443
[https] pbs-o-ec.twimg.com:443
[https] pbs-o-ft.twimg.com:443
[https] pbs-o.twimg.com:443
[https] pbs-t-1.twimg.com:443
[https] pbs-t-2.twimg.com:443
[https] pbs-t-3.twimg.com:443
[https] pbs-t-4.twimg.com:443
[https] pbs-t-5.twimg.com:443
[https] pbs.twimg.com:443
[https] pbs-v6.twimg.com:443
[https] pbs-zero.twimg.com:443
[https] periscope-test.twimg.com:443
[https] p.twimg.com:443
[https] P.twimg.com:443
[https] r.twimg.com:443
[https] sa-bs-o.twimg.com:443
[https] star.twimg.com:443
[https] syndication-o.twimg.com:443
[https] syndication.twimg.com:443
[http] star.twimg.com:80
[https] test.twimg.com:443
[https] t.lv.twimg.com:443
[https] ton-0.twimg.com:443
[https] ton-ak.twimg.com:443
[https] ton-ec.twimg.com:443
[https] ton-ft.twimg.com:443
[https] ton-o-ak.twimg.com:443
[https] ton-o-ec.twimg.com:443
[https] ton-o-ft.twimg.com:443
[https] ton-o.twimg.com:443
[https] ton.twimg.com:443
[https] ton-zero.twimg.com:443
[https] ttc.twimg.com:443
[https] tweet.twimg.com:443
[https] twitter.twimg.com:443
[https] video-0.twimg.com:443
[https] video-ak.twimg.com:443
[https] video-eb.twimg.com:443
[https] video-ec.twimg.com:443
[https] video-ft.twimg.com:443
[https] video-o-ak.twimg.com:443
[https] video-o-ec.twimg.com:443
[https] video-o-ft.twimg.com:443
[https] video-o.twimg.com:443
[https] video-staging.twimg.com:443
[https] video-t-1.twimg.com:443
[https] video-t-2.twimg.com:443
[https] video-t-3.twimg.com:443
[https] video-t-4.twimg.com:443
[https] video-t-5.twimg.com:443
[https] video.twimg.com:443
[https] video-zero.twimg.com:443
[https] wildcard.twimg.com:443
[http] syndication-o.twimg.com:80
[http] syndication.twimg.com:80
[https] zero.twimg.com:443
[http] test.twimg.com:80
[http] t.lv.twimg.com:80
[http] ton-0.twimg.com:80
[http] ton-ak.twimg.com:80
[http] ton-ec.twimg.com:80
[http] ton-ft.twimg.com:80
[http] ton-o-ak.twimg.com:80
[http] ton-o-ec.twimg.com:80
[http] ton-o-ft.twimg.com:80
[http] ton-o.twimg.com:80
[http] ton.twimg.com:80
[http] ton-zero.twimg.com:80
[http] ttc.twimg.com:80
[http] tweet.twimg.com:80
[http] twitter.twimg.com:80
[http] video-0.twimg.com:80
[http] video-ak.twimg.com:80
[http] video-eb.twimg.com:80
[http] video-ec.twimg.com:80
[http] video-ft.twimg.com:80
[http] video-o-ak.twimg.com:80
[http] video-o-ec.twimg.com:80
[http] video-o-ft.twimg.com:80
[http] video-o.twimg.com:80
[http] video-staging.twimg.com:80
[http] video-t-1.twimg.com:80
[http] video-t-2.twimg.com:80
[http] video-t-3.twimg.com:80
[http] video-t-4.twimg.com:80
[http] video-t-5.twimg.com:80
[http] video.twimg.com:80
[http] video-zero.twimg.com:80
[http] wildcard.twimg.com:80
[http] zero.twimg.com:80
[ies-lm] pbs-gc.twimg.com:1443
[imap] pbs-gc.twimg.com:143
[imaps] pbs-gc.twimg.com:993
[jetdirect] pbs-gc.twimg.com:9100
[mit-ml-dev] pbs-gc.twimg.com:83
[mit-ml-dev] pbs-gc.twimg.com:85
[ms-wbt-server] pbs-gc.twimg.com:3389
[ncd-conf] pbs-gc.twimg.com:5999
[ndmps] pbs-gc.twimg.com:30000
[opsmessaging] pbs-gc.twimg.com:8090
[pop3] pbs-gc.twimg.com:110
[pop3s] pbs-gc.twimg.com:995
[postgresql] pbs-gc.twimg.com:5432
[radan-http] pbs-gc.twimg.com:8088
[rtmp] pbs-gc.twimg.com:1935
[smtp] pbs-gc.twimg.com:25
[smtps] pbs-gc.twimg.com:465
[submission] pbs-gc.twimg.com:587
[su-mit-tg] pbs-gc.twimg.com:89
[unknown] pbs-gc.twimg.com:8085
[unknown] pbs-gc.twimg.com:8089
[unknown] pbs-gc.twimg.com:8099
[vnc-1] pbs-gc.twimg.com:5901
[vnc] pbs-gc.twimg.com:5900
[wap-wsp] pbs-gc.twimg.com:9200
[webobjects] pbs-gc.twimg.com:1085
[whois] pbs-gc.twimg.com:43
[xmpp-client] pbs-gc.twimg.com:5222
