[ansoft-lm-2] ablinks.notifications.verse.me:1084
[ansoft-lm-2] ambassadors.verse.me:1084
[ansoft-lm-2] business.verse.me:1084
[ansoft-lm-2] centrolink.verse.me:1084
[ansoft-lm-2] groups.verse.me:1084
[ansoft-lm-2] www.verse.me:1084
[blackice-icecap] ablinks.notifications.verse.me:8081
[blackice-icecap] ambassadors.verse.me:8081
[blackice-icecap] business.verse.me:8081
[blackice-icecap] centrolink.verse.me:8081
[blackice-icecap] groups.verse.me:8081
[blackice-icecap] www.verse.me:8081
[cddbp-alt] support.verse.me:8880
[ctf] ablinks.notifications.verse.me:84
[ctf] ambassadors.verse.me:84
[ctf] business.verse.me:84
[ctf] centrolink.verse.me:84
[ctf] groups.verse.me:84
[ctf] www.verse.me:84
[dn6-nlm-aud] ablinks.notifications.verse.me:195
[dnp] ablinks.notifications.verse.me:20000
[dnp] ambassadors.verse.me:20000
[dnp] business.verse.me:20000
[dnp] centrolink.verse.me:20000
[dnp] groups.verse.me:20000
[dnp] www.verse.me:20000
[d-s-n] ablinks.notifications.verse.me:8086
[d-s-n] ambassadors.verse.me:8086
[d-s-n] business.verse.me:8086
[d-s-n] centrolink.verse.me:8086
[d-s-n] groups.verse.me:8086
[d-s-n] www.verse.me:8086
[eli] support.verse.me:2087
[epp] ablinks.notifications.verse.me:700
[epp] ambassadors.verse.me:700
[epp] business.verse.me:700
[epp] centrolink.verse.me:700
[epp] groups.verse.me:700
[epp] www.verse.me:700
[ff-annunc] ablinks.notifications.verse.me:1089
[ff-annunc] ambassadors.verse.me:1089
[ff-annunc] business.verse.me:1089
[ff-annunc] centrolink.verse.me:1089
[ff-annunc] groups.verse.me:1089
[ff-annunc] www.verse.me:1089
[gnunet] support.verse.me:2086
[http] ablinks.notifications.verse.me:80
[http] ambassadors.verse.me:80
[http] business.verse.me:80
[http] centrolink.verse.me:80
[http] collector.verse.me:80
[http] community.verse.me:80
[http] go.mail.verse.me:80
[http] groups.verse.me:80
[http-proxy] ablinks.notifications.verse.me:8080
[http-proxy] ambassadors.verse.me:8080
[http-proxy] business.verse.me:8080
[http-proxy] centrolink.verse.me:8080
[http-proxy] groups.verse.me:8080
[http-proxy] support.verse.me:8080
[http-proxy] www.verse.me:8080
[https] ablinks.notifications.verse.me:443
[https-alt] support.verse.me:8443
[https] ambassadors.verse.me:443
[https] business.verse.me:443
[https] centrolink.verse.me:443
[https] collector.verse.me:443
[https] community.verse.me:443
[https] go.mail.verse.me:443
[https] groups.verse.me:443
[https] support.verse.me:443
[http] support.verse.me:80
[https] www.verse.me:443
[http] www.verse.me:80
[ies-lm] ablinks.notifications.verse.me:1443
[ies-lm] ambassadors.verse.me:1443
[ies-lm] business.verse.me:1443
[ies-lm] centrolink.verse.me:1443
[ies-lm] groups.verse.me:1443
[ies-lm] www.verse.me:1443
[imap] ablinks.notifications.verse.me:143
[imap] ambassadors.verse.me:143
[imap] business.verse.me:143
[imap] centrolink.verse.me:143
[imap] groups.verse.me:143
[imaps] ablinks.notifications.verse.me:993
[imaps] ambassadors.verse.me:993
[imaps] business.verse.me:993
[imaps] centrolink.verse.me:993
[imaps] groups.verse.me:993
[imaps] www.verse.me:993
[imap] www.verse.me:143
[infowave] support.verse.me:2082
[jetdirect] ablinks.notifications.verse.me:9100
[jetdirect] ambassadors.verse.me:9100
[jetdirect] business.verse.me:9100
[jetdirect] centrolink.verse.me:9100
[jetdirect] groups.verse.me:9100
[jetdirect] www.verse.me:9100
[memcache] ablinks.notifications.verse.me:11211
[mit-ml-dev] ablinks.notifications.verse.me:83
[mit-ml-dev] ablinks.notifications.verse.me:85
[mit-ml-dev] ambassadors.verse.me:83
[mit-ml-dev] ambassadors.verse.me:85
[mit-ml-dev] business.verse.me:83
[mit-ml-dev] business.verse.me:85
[mit-ml-dev] centrolink.verse.me:83
[mit-ml-dev] centrolink.verse.me:85
[mit-ml-dev] groups.verse.me:83
[mit-ml-dev] groups.verse.me:85
[mit-ml-dev] www.verse.me:83
[mit-ml-dev] www.verse.me:85
[mqtt] ablinks.notifications.verse.me:1883
[ms-wbt-server] ablinks.notifications.verse.me:3389
[ms-wbt-server] ambassadors.verse.me:3389
[ms-wbt-server] business.verse.me:3389
[ms-wbt-server] centrolink.verse.me:3389
[ms-wbt-server] groups.verse.me:3389
[ms-wbt-server] www.verse.me:3389
[ncd-conf] ablinks.notifications.verse.me:5999
[ncd-conf] ambassadors.verse.me:5999
[ncd-conf] business.verse.me:5999
[ncd-conf] centrolink.verse.me:5999
[ncd-conf] groups.verse.me:5999
[ncd-conf] www.verse.me:5999
[ndmps] ablinks.notifications.verse.me:30000
[ndmps] ambassadors.verse.me:30000
[ndmps] business.verse.me:30000
[ndmps] centrolink.verse.me:30000
[ndmps] groups.verse.me:30000
[ndmps] www.verse.me:30000
[opsmessaging] ablinks.notifications.verse.me:8090
[opsmessaging] ambassadors.verse.me:8090
[opsmessaging] business.verse.me:8090
[opsmessaging] centrolink.verse.me:8090
[opsmessaging] groups.verse.me:8090
[opsmessaging] www.verse.me:8090
[pop3] ablinks.notifications.verse.me:110
[pop3] ambassadors.verse.me:110
[pop3] business.verse.me:110
[pop3] centrolink.verse.me:110
[pop3] groups.verse.me:110
[pop3s] ablinks.notifications.verse.me:995
[pop3s] ambassadors.verse.me:995
[pop3s] business.verse.me:995
[pop3s] centrolink.verse.me:995
[pop3s] groups.verse.me:995
[pop3s] www.verse.me:995
[pop3] www.verse.me:110
[postgresql] ablinks.notifications.verse.me:5432
[postgresql] ambassadors.verse.me:5432
[postgresql] business.verse.me:5432
[postgresql] centrolink.verse.me:5432
[postgresql] groups.verse.me:5432
[postgresql] www.verse.me:5432
[radan-http] ablinks.notifications.verse.me:8088
[radan-http] ambassadors.verse.me:8088
[radan-http] business.verse.me:8088
[radan-http] centrolink.verse.me:8088
[radan-http] groups.verse.me:8088
[radan-http] www.verse.me:8088
[radsec] support.verse.me:2083
[redis] ablinks.notifications.verse.me:6379
[rtmp] ablinks.notifications.verse.me:1935
[rtmp] ambassadors.verse.me:1935
[rtmp] business.verse.me:1935
[rtmp] centrolink.verse.me:1935
[rtmp] groups.verse.me:1935
[rtmp] www.verse.me:1935
[smtp] ablinks.notifications.verse.me:25
[smtp] ambassadors.verse.me:25
[smtp] business.verse.me:25
[smtp] centrolink.verse.me:25
[smtp] groups.verse.me:25
[smtps] ablinks.notifications.verse.me:465
[smtps] ambassadors.verse.me:465
[smtps] business.verse.me:465
[smtps] centrolink.verse.me:465
[smtps] groups.verse.me:465
[smtps] www.verse.me:465
[smtp] www.verse.me:25
[submission] ablinks.notifications.verse.me:587
[submission] ambassadors.verse.me:587
[submission] business.verse.me:587
[submission] centrolink.verse.me:587
[submission] groups.verse.me:587
[submission] www.verse.me:587
[su-mit-tg] ablinks.notifications.verse.me:89
[su-mit-tg] ambassadors.verse.me:89
[su-mit-tg] business.verse.me:89
[su-mit-tg] centrolink.verse.me:89
[su-mit-tg] groups.verse.me:89
[su-mit-tg] www.verse.me:89
[unknown] ablinks.notifications.verse.me:8085
[unknown] ablinks.notifications.verse.me:8089
[unknown] ablinks.notifications.verse.me:8099
[unknown] ambassadors.verse.me:8085
[unknown] ambassadors.verse.me:8089
[unknown] ambassadors.verse.me:8099
[unknown] business.verse.me:8085
[unknown] business.verse.me:8089
[unknown] business.verse.me:8099
[unknown] centrolink.verse.me:8085
[unknown] centrolink.verse.me:8089
[unknown] centrolink.verse.me:8099
[unknown] groups.verse.me:8085
[unknown] groups.verse.me:8089
[unknown] groups.verse.me:8099
[unknown] www.verse.me:8085
[unknown] www.verse.me:8089
[unknown] www.verse.me:8099
[vnc-1] ablinks.notifications.verse.me:5901
[vnc-1] ambassadors.verse.me:5901
[vnc-1] business.verse.me:5901
[vnc-1] centrolink.verse.me:5901
[vnc-1] groups.verse.me:5901
[vnc-1] www.verse.me:5901
[vnc] ablinks.notifications.verse.me:5900
[vnc] ambassadors.verse.me:5900
[vnc] business.verse.me:5900
[vnc] centrolink.verse.me:5900
[vnc] groups.verse.me:5900
[vnc] www.verse.me:5900
[wap-wsp] ablinks.notifications.verse.me:9200
[wap-wsp] ambassadors.verse.me:9200
[wap-wsp] business.verse.me:9200
[wap-wsp] centrolink.verse.me:9200
[wap-wsp] groups.verse.me:9200
[wap-wsp] www.verse.me:9200
[webobjects] ablinks.notifications.verse.me:1085
[webobjects] ambassadors.verse.me:1085
[webobjects] business.verse.me:1085
[webobjects] centrolink.verse.me:1085
[webobjects] groups.verse.me:1085
[webobjects] www.verse.me:1085
[whois] ablinks.notifications.verse.me:43
[whois] ambassadors.verse.me:43
[whois] business.verse.me:43
[whois] centrolink.verse.me:43
[whois] groups.verse.me:43
[whois] www.verse.me:43
[xmpp-client] ablinks.notifications.verse.me:5222
[xmpp-client] ambassadors.verse.me:5222
[xmpp-client] business.verse.me:5222
[xmpp-client] centrolink.verse.me:5222
[xmpp-client] groups.verse.me:5222
[xmpp-client] www.verse.me:5222
