[http] api.vladcazino.ro:80
[http] autodiscover.vladcazino.ro:80
[http] brand.vladcazino.ro:80
[http] eum.vladcazino.ro:80
[http] evolivecasino.vladcazino.ro:80
[http] payment.vladcazino.ro:80
[https] api.vladcazino.ro:443
[https] brand.vladcazino.ro:443
[https] eum.vladcazino.ro:443
[https] evolivecasino.vladcazino.ro:443
[https] payment.vladcazino.ro:443
[https] vladcazino.ro:443
[https] welcome.vladcazino.ro:443
[https] www-qa1.vladcazino.ro:443
[https] www.vladcazino.ro:443
[https] xns.vladcazino.ro:443
[http] vladcazino.ro:80
[http] welcome.vladcazino.ro:80
[http] www-qa1.vladcazino.ro:80
[http] www.vladcazino.ro:80
[http] xns.vladcazino.ro:80
