[cddbp-alt] vvs.finance:8880
[eli] api.vvs.finance:2087
[eli] docs.vvs.finance:2087
[eli] graph.vvs.finance:2087
[eli] rpc.vvs.finance:2087
[eli] vvs.finance:2087
[eli] www.vvs.finance:2087
[gnunet] api.vvs.finance:2086
[gnunet] docs.vvs.finance:2086
[gnunet] rpc.vvs.finance:2086
[gnunet] vvs.finance:2086
[http] api.vvs.finance:80
[http] docs.vvs.finance:80
[http] graph.vvs.finance:80
[http-proxy] vvs.finance:8080
[http] rpc.vvs.finance:80
[https-alt] docs.vvs.finance:8443
[https-alt] graph.vvs.finance:8443
[https-alt] www.vvs.finance:8443
[https] api.vvs.finance:443
[https] docs.vvs.finance:443
[https] graph.vvs.finance:443
[https] rpc.vvs.finance:443
[https] vvs.finance:443
[https] www.vvs.finance:443
[http] vvs.finance:80
[http] www.vvs.finance:80
[radsec] api.vvs.finance:2083
[radsec] docs.vvs.finance:2083
[radsec] graph.vvs.finance:2083
[radsec] rpc.vvs.finance:2083
[radsec] vvs.finance:2083
[radsec] www.vvs.finance:2083
