[amqp] realestate.withairbnb.com:5672
[ansoft-lm-2] realestate.withairbnb.com:1084
[ansoft-lm-2] www.realestate.withairbnb.com:1084
[blackice-icecap] realestate.withairbnb.com:8081
[blackice-icecap] www.realestate.withairbnb.com:8081
[ctf] realestate.withairbnb.com:84
[ctf] www.realestate.withairbnb.com:84
[dn6-nlm-aud] realestate.withairbnb.com:195
[dnp] realestate.withairbnb.com:20000
[dnp] www.realestate.withairbnb.com:20000
[d-s-n] realestate.withairbnb.com:8086
[d-s-n] www.realestate.withairbnb.com:8086
[epp] realestate.withairbnb.com:700
[epp] www.realestate.withairbnb.com:700
[ff-annunc] realestate.withairbnb.com:1089
[ff-annunc] www.realestate.withairbnb.com:1089
[http] app.hostadvance-reg.withairbnb.com:80
[http] app.hostadvance.withairbnb.com:80
[http] community-staging.withairbnb.com:80
[http] community.withairbnb.com:80
[http] hostadvance.withairbnb.com:80
[http] multifamily.withairbnb.com:80
[http] protools.withairbnb.com:80
[http-proxy] realestate.withairbnb.com:8080
[http-proxy] www.realestate.withairbnb.com:8080
[http] realestate-dev.withairbnb.com:80
[http] realestate.withairbnb.com:80
[https] app.hostadvance-reg.withairbnb.com:443
[https] app.hostadvance.withairbnb.com:443
[https] community-staging.withairbnb.com:443
[https] community.withairbnb.com:443
[https] hostadvance.withairbnb.com:443
[https] protools.withairbnb.com:443
[https] realestate-dev.withairbnb.com:443
[https] realestate.withairbnb.com:443
[https] suppliers-dev.withairbnb.com:443
[https] suppliers.withairbnb.com:443
[http] suppliers-dev.withairbnb.com:80
[http] suppliers.withairbnb.com:80
[https] www.hostadvance-reg.withairbnb.com:443
[https] www.hostadvance.withairbnb.com:443
[https] www.realestate.withairbnb.com:443
[http] www.hostadvance-reg.withairbnb.com:80
[http] www.hostadvance.withairbnb.com:80
[http] www.multifamily.withairbnb.com:80
[http] www.realestate.withairbnb.com:80
[ies-lm] realestate.withairbnb.com:1443
[ies-lm] www.realestate.withairbnb.com:1443
[imap] realestate.withairbnb.com:143
[imaps] realestate.withairbnb.com:993
[imaps] www.realestate.withairbnb.com:993
[imap] www.realestate.withairbnb.com:143
[jetdirect] realestate.withairbnb.com:9100
[jetdirect] www.realestate.withairbnb.com:9100
[memcache] realestate.withairbnb.com:11211
[mit-ml-dev] realestate.withairbnb.com:83
[mit-ml-dev] realestate.withairbnb.com:85
[mit-ml-dev] www.realestate.withairbnb.com:83
[mit-ml-dev] www.realestate.withairbnb.com:85
[mqtt] realestate.withairbnb.com:1883
[ms-wbt-server] realestate.withairbnb.com:3389
[ms-wbt-server] www.realestate.withairbnb.com:3389
[ncd-conf] realestate.withairbnb.com:5999
[ncd-conf] www.realestate.withairbnb.com:5999
[ndmps] realestate.withairbnb.com:30000
[ndmps] www.realestate.withairbnb.com:30000
[opsmessaging] realestate.withairbnb.com:8090
[opsmessaging] www.realestate.withairbnb.com:8090
[pop3] realestate.withairbnb.com:110
[pop3s] realestate.withairbnb.com:995
[pop3s] www.realestate.withairbnb.com:995
[pop3] www.realestate.withairbnb.com:110
[postgresql] realestate.withairbnb.com:5432
[postgresql] www.realestate.withairbnb.com:5432
[priv-term-l] realestate.withairbnb.com:87
[radan-http] realestate.withairbnb.com:8088
[radan-http] www.realestate.withairbnb.com:8088
[redis] realestate.withairbnb.com:6379
[rtmp] realestate.withairbnb.com:1935
[rtmp] www.realestate.withairbnb.com:1935
[smtp] realestate.withairbnb.com:25
[smtps] realestate.withairbnb.com:465
[smtps] www.realestate.withairbnb.com:465
[smtp] www.realestate.withairbnb.com:25
[submission] realestate.withairbnb.com:587
[submission] www.realestate.withairbnb.com:587
[su-mit-tg] realestate.withairbnb.com:89
[su-mit-tg] www.realestate.withairbnb.com:89
[unknown] realestate.withairbnb.com:8085
[unknown] realestate.withairbnb.com:8089
[unknown] realestate.withairbnb.com:8099
[unknown] www.realestate.withairbnb.com:8085
[unknown] www.realestate.withairbnb.com:8089
[unknown] www.realestate.withairbnb.com:8099
[vnc-1] realestate.withairbnb.com:5901
[vnc-1] www.realestate.withairbnb.com:5901
[vnc] realestate.withairbnb.com:5900
[vnc] www.realestate.withairbnb.com:5900
[vrace] realestate.withairbnb.com:9300
[wap-wsp] realestate.withairbnb.com:9200
[wap-wsp] www.realestate.withairbnb.com:9200
[webobjects] realestate.withairbnb.com:1085
[webobjects] www.realestate.withairbnb.com:1085
[whois] realestate.withairbnb.com:43
[whois] www.realestate.withairbnb.com:43
[XmlIpcRegSvc] realestate.withairbnb.com:9092
[xmpp-client] realestate.withairbnb.com:5222
[xmpp-client] www.realestate.withairbnb.com:5222
