[http] airdrop.wombat.exchange:80
[http] ambassador.wombat.exchange:80
[http] app.wombat.exchange:80
[http] dev.wombat.exchange:80
[http] docs.wombat.exchange:80
[http] info.wombat.exchange:80
[https] airdrop.wombat.exchange:443
[https-alt] docs.wombat.exchange:8443
[https] ambassador.wombat.exchange:443
[https] app.wombat.exchange:443
[https] dev.wombat.exchange:443
[https] info.wombat.exchange:443
[https] staging.analytics.wombat.exchange:443
[https] staging.wombat.exchange:443
[http] staging.analytics.wombat.exchange:80
[http] staging.wombat.exchange:80
[https] vesting.wombat.exchange:443
[https] wombat.exchange:443
[https] www.wombat.exchange:443
[http] vesting.wombat.exchange:80
[http] wombat.exchange:80
[http] www.wombat.exchange:80
[knetd] docs.wombat.exchange:2053
