[afs3-callback] api.xbe.finance:7001
[afs3-callback] backend.xbe.finance:7001
[cddbp-alt] xbf-rewards.xbe.finance:8880
[eli] xbf-rewards.xbe.finance:2087
[gnunet] 11.app.xbe.finance:2086
[gnunet] 1.app.xbe.finance:2086
[gnunet] dev.xbf-rewards.xbe.finance:2086
[gnunet] docs.xbe.finance:2086
[gnunet] downloads.xbe.finance:2086
[gnunet] easy.xbe.finance:2086
[gnunet] gov.xbe.finance:2086
[gnunet] xbf-rewards.xbe.finance:2086
[http] alpha.app.xbe.finance:80
[http] api.fiat.xbe.finance:80
[http] api-xbf-rewards.xbe.finance:80
[http] app.xbe.finance:80
[http] dev.api-xbf-rewards.xbe.finance:80
[http-proxy] 11.app.xbe.finance:8080
[http-proxy] 1.app.xbe.finance:8080
[http-proxy] dev.xbf-rewards.xbe.finance:8080
[http-proxy] docs.xbe.finance:8080
[http-proxy] downloads.xbe.finance:8080
[http-proxy] easy.xbe.finance:8080
[http-proxy] gov.xbe.finance:8080
[http-proxy] xbf-rewards.xbe.finance:8080
[https] 11.app.xbe.finance:443
[https] 1.app.xbe.finance:443
[https] alpha.app.xbe.finance:443
[https-alt] xbf-rewards.xbe.finance:8443
[https] api.fiat.xbe.finance:443
[https] api-xbf-rewards.xbe.finance:443
[https] app.xbe.finance:443
[https] dev.api-xbf-rewards.xbe.finance:443
[https] dev.xbf-rewards.xbe.finance:443
[https] docs.xbe.finance:443
[https] downloads.xbe.finance:443
[https] easy.xbe.finance:443
[https] gov.xbe.finance:443
[https] test108110.app.xbe.finance:443
[https] wewantblogsnow.xbe.finance:443
[https] www.xbe.finance:443
[https] xbe.finance:443
[https] xbf-rewards.xbe.finance:443
[http] test108110.app.xbe.finance:80
[http] wewantblogsnow.xbe.finance:80
[http] www.xbe.finance:80
[http] xbe.finance:80
[infowave] xbf-rewards.xbe.finance:2082
[nbx-dir] xbf-rewards.xbe.finance:2096
[radsec] xbf-rewards.xbe.finance:2083
[ssh] 2.app.xbe.finance:22
[ssh] alpha.app.xbe.finance:22
[ssh] api.xbe.finance:22
[ssh] api-xbf-rewards.xbe.finance:22
[ssh] app.xbe.finance:22
[ssh] backend.xbe.finance:22
[ssh] dev.api-xbf-rewards.xbe.finance:22
[ssh] test108110.app.xbe.finance:22
[ssh] wewantblogsnow.xbe.finance:22
[sun-sr-https] www.xbe.finance:6443
[upnp] api-xbf-rewards.xbe.finance:5000
