[http] app.xiaomiyoupin.com:80
[http] cnc.cname.xiaomiyoupin.com:80
[http] cpsapi.xiaomiyoupin.com:80
[http] cps.youyu.xiaomiyoupin.com:80
[http] ctc.cname.xiaomiyoupin.com:80
[http] daren.xiaomiyoupin.com:80
[http] mob.cname.xiaomiyoupin.com:80
[http] mone.xiaomiyoupin.com:80
[http] open.xiaomiyoupin.com:80
[http] preview.youyu.xiaomiyoupin.com:80
[http] queue.xiaomiyoupin.com:80
[https] app.xiaomiyoupin.com:443
[https] cnc.cname.xiaomiyoupin.com:443
[https] cpsapi.xiaomiyoupin.com:443
[https] cps.youyu.xiaomiyoupin.com:443
[https] ctc.cname.xiaomiyoupin.com:443
[https] daren.xiaomiyoupin.com:443
[http] shop.xiaomiyoupin.com:80
[http] shop.youyu.xiaomiyoupin.com:80
[https] mob.cname.xiaomiyoupin.com:443
[https] open.xiaomiyoupin.com:443
[https] preview.youyu.xiaomiyoupin.com:443
[https] queue.xiaomiyoupin.com:443
[https] shop.xiaomiyoupin.com:443
[https] shop.youyu.xiaomiyoupin.com:443
[https] trade.m.xiaomiyoupin.com:443
[https] trade.xiaomiyoupin.com:443
[https] tuishou.xiaomiyoupin.com:443
[https] youyu.xiaomiyoupin.com:443
[https] zhaoshang.xiaomiyoupin.com:443
[http] trade.m.xiaomiyoupin.com:80
[http] trade.xiaomiyoupin.com:80
[http] tuishou.xiaomiyoupin.com:80
[http] youyu.xiaomiyoupin.com:80
[http] zhaoshang.xiaomiyoupin.com:80
