[cddbp-alt] zerion.io:8880
[clearvisn] zerion.io:2052
[dc] go.zerion.io:2001
[domain] roadmap.zerion.io:53
[eli] zerion.io:2087
[fmpro-fdal] go.zerion.io:2399
[ftp] roadmap.zerion.io:21
[globalcatLDAP] go.zerion.io:3268
[http] click.zerion.io:80
[http] eot.zerion.io:80
[http] feedback.zerion.io:80
[http] go.zerion.io:80
[http] mail.zerion.io:80
[http-proxy] zerion.io:8080
[http] roadmap.zerion.io:80
[https-alt] zerion.io:8443
[https] api-staging.zerion.io:443
[https] api-v4.zerion.io:443
[https] api.zerion.io:443
[https] app.zerion.io:443
[https] beta.zerion.io:443
[https] blog.zerion.io:443
[https] click.zerion.io:443
[https] cryptotrader.zerion.io:443
[https] defisdk.zerion.io:443
[https] developers.zerion.io:443
[https] discord.zerion.io:443
[https] dna.zerion.io:443
[https] docs.zerion.io:443
[https] eot.zerion.io:443
[https] feedback.zerion.io:443
[https] go.zerion.io:443
[https] grafana-y7dr.zerion.io:443
[https] help.zerion.io:443
[https] link.zerion.io:443
[https] mail.zerion.io:443
[https] roadmap.zerion.io:443
[https] scan.zerion.io:443
[https] sentry.zerion.io:443
[https] social.zerion.io:443
[https] transactions-staging.zerion.io:443
[https] transactions.zerion.io:443
[https] wallet-exporter.zerion.io:443
[https] webflow.zerion.io:443
[https] zerion.io:443
[http] webflow.zerion.io:80
[http] www.zerion.io:80
[http] zerion.io:80
[imap] roadmap.zerion.io:143
[imaps] roadmap.zerion.io:993
[jetdirect] go.zerion.io:9100
[ldap] go.zerion.io:389
[listcrt-port-2] go.zerion.io:3914
[mit-ml-dev] go.zerion.io:83
[nbx-ser] zerion.io:2095
[pop3] roadmap.zerion.io:110
[pop3s] roadmap.zerion.io:995
[radsec] zerion.io:2083
[rsync] go.zerion.io:873
[smtp] roadmap.zerion.io:25
[smtps] roadmap.zerion.io:465
[ssh] feedback.zerion.io:22
[submission] roadmap.zerion.io:587
[time] go.zerion.io:37
[tor-orport] roadmap.zerion.io:9001
[unknown] go.zerion.io:18040
[unknown] go.zerion.io:27355
[unknown] go.zerion.io:50006
[unknown] go.zerion.io:7920
[whois] go.zerion.io:43
[zephyr-clt] go.zerion.io:2103
