[http] access.zomans.com:80
[http] acdlite.zomans.com:80
[http] adhoc-presto.zomans.com:80
[http] admin-fw.zomans.com:80
[http] admin.zomans.com:80
[http] airflow-hpanalytics.zomans.com:80
[http] alertmanager.zomans.com:80
[http] amundsen.zomans.com:80
[http] android-jenkins.zomans.com:80
[http] api.zomans.com:80
[http] artifacts.zomans.com:80
[http] aws.zomans.com:80
[http] cafe-fw.zomans.com:80
[http] cafe-stag-fw.zomans.com:80
[http] cert-stag.zomans.com:80
[http] chef-stag-fw.zomans.com:80
[http] chronos.zomans.com:80
[http] cloudm.zomans.com:80
[http] dashboards.zomans.com:80
[http] devhpadmin.zomans.com:80
[http] dev-metabase-hpanalytics-ext.zomans.com:80
[http] dev-metabase-hpanalytics.zomans.com:80
[http] dominos-external.zomans.com:80
[http] dominos.zomans.com:80
[http] e2z-stag-fw.zomans.com:80
[http] eaa-client.zomans.com:80
[http] explore-fw.zomans.com:80
[http] external-access.zomans.com:80
[http] external.zomans.com:80
[http] feedingindia.zomans.com:80
[http] fi-admin.zomans.com:80
[http] finance-fw.zomans.com:80
[http] fin-stag-fw.zomans.com:80
[http] fw-stag-fw.zomans.com:80
[http] grafana.zomans.com:80
[http] hp-access.zomans.com:80
[http] hpadmin-ext.zomans.com:80
[http] hpadminpod-ext.zomans.com:80
[http] hpadminpod.zomans.com:80
[http] hpadmin.zomans.com:80
[http] hpdd.zomans.com:80
[http] hpwms.zomans.com:80
[http] hpwmsz.zomans.com:80
[http] ingest.zomans.com:80
[http] jenkins.zomans.com:80
[http] jupyterlab.zomans.com:80
[http] kibana.zomans.com:80
[http] knowledgegraph.zomans.com:80
[http] logs-fw.zomans.com:80
[http] mfinmis.zomans.com:80
[http] mraph.zomans.com:80
[http] observability.zomans.com:80
[http] ops.zomans.com:80
[http] order-stag-fw.zomans.com:80
[http] pg-explore-fw.zomans.com:80
[http] prodhpadmin-ext.zomans.com:80
[http] prodhpadmin.zomans.com:80
[http] pwastaging.zomans.com:80
[http] quicksilver.zomans.com:80
[http] rap-access.zomans.com:80
[http] redash.zomans.com:80
[http] reporting-presto.zomans.com:80
[http] rstudio.zomans.com:80
[https] access.zomans.com:443
[https] acdlite.zomans.com:443
[https] adhoc-presto.zomans.com:443
[https] admin-fw.zomans.com:443
[https] admin.zomans.com:443
[https] airflow-hpanalytics.zomans.com:443
[https] alertmanager.zomans.com:443
[https] amundsen.zomans.com:443
[https] android-jenkins.zomans.com:443
[https] api.zomans.com:443
[https] artifacts.zomans.com:443
[https] aws.zomans.com:443
[https] cafe-fw.zomans.com:443
[https] cafe-stag-fw.zomans.com:443
[https] cert-stag.zomans.com:443
[https] chef-stag-fw.zomans.com:443
[https] chronos.zomans.com:443
[https] cloudm.zomans.com:443
[https] dashboards.zomans.com:443
[https] devhpadmin.zomans.com:443
[https] dev-metabase-hpanalytics-ext.zomans.com:443
[https] dev-metabase-hpanalytics.zomans.com:443
[https] dominos-external.zomans.com:443
[https] dominos.zomans.com:443
[https] e2z-stag-fw.zomans.com:443
[https] eaa-client.zomans.com:443
[http] securitywebhook.zomans.com:80
[http] sentryinternal.zomans.com:80
[http] sentry.zomans.com:80
[https] explore-fw.zomans.com:443
[https] external-access.zomans.com:443
[https] external.zomans.com:443
[https] feedingindia.zomans.com:443
[https] fi-admin.zomans.com:443
[https] finance-fw.zomans.com:443
[https] fin-stag-fw.zomans.com:443
[https] fw-stag-fw.zomans.com:443
[https] grafana.zomans.com:443
[http] sharing.zomans.com:80
[https] hp-access.zomans.com:443
[https] hpadmin-ext.zomans.com:443
[https] hpadminpod-ext.zomans.com:443
[https] hpadminpod.zomans.com:443
[https] hpadmin.zomans.com:443
[https] hpdd.zomans.com:443
[https] hpwms.zomans.com:443
[https] hpwmsz.zomans.com:443
[https] jenkins.zomans.com:443
[https] jupyterlab.zomans.com:443
[https] kibana.zomans.com:443
[https] knowledgegraph.zomans.com:443
[http] slackbot.zomans.com:80
[https] logs-fw.zomans.com:443
[https] mfinmis.zomans.com:443
[https] mraph.zomans.com:443
[http] sng-dd3.zomans.com:80
[https] observability.zomans.com:443
[http] solro2cluster.zomans.com:80
[https] ops.zomans.com:443
[https] order-stag-fw.zomans.com:443
[https] pg-explore-fw.zomans.com:443
[https] prodhpadmin-ext.zomans.com:443
[https] prodhpadmin.zomans.com:443
[https] pwastaging.zomans.com:443
[https] quicksilver.zomans.com:443
[https] rap-access.zomans.com:443
[https] redash.zomans.com:443
[https] reporting-presto.zomans.com:443
[https] rstudio.zomans.com:443
[https] securitywebhook.zomans.com:443
[https] sentryinternal.zomans.com:443
[https] sentry.zomans.com:443
[https] sharing.zomans.com:443
[https] slackbot.zomans.com:443
[https] sng-dd3.zomans.com:443
[https] solro2cluster.zomans.com:443
[https] stag-airflow.zomans.com:443
[https] stg-kibana.zomans.com:443
[https] stream.zomans.com:443
[https] tableau-admin-fw.zomans.com:443
[https] tableau-fw.zomans.com:443
[https] tableau.zomans.com:443
[http] stag-airflow.zomans.com:80
[http] stg-kibana.zomans.com:80
[https] thanos-prod.zomans.com:443
[https] thanos.zomans.com:443
[http] stream.zomans.com:80
[https] weblate.zomans.com:443
[https] webuikit.zomans.com:443
[https] wiki.zomans.com:443
[http] tableau-admin-fw.zomans.com:80
[http] tableau-fw.zomans.com:80
[http] tableau.zomans.com:80
[http] thanos-prod.zomans.com:80
[http] thanos.zomans.com:80
[http] weblate.zomans.com:80
[http] webuikit.zomans.com:80
[http] wiki.zomans.com:80
[rtmp] ingest.zomans.com:1935
[rtmp] stream.zomans.com:1935
[unknown] stream.zomans.com:843
