aips-services.com
api.aips-services.com
dev.aips-services.com
dev-grafana.aips-services.com
dev-kibana.aips-services.com
dev-lb.aips-services.com
dev-master.aips-services.com
dev-polaris.aips-services.com
dev-prometheus.aips-services.com
dev-services.aips-services.com
dev-supercluster.aips-services.com
dev-v10-lb.aips-services.com
dev-v10-master.aips-services.com
dev-v11-lb.aips-services.com
dev-v11-master.aips-services.com
dev-v12-grafana.aips-services.com
dev-v12-kibana.aips-services.com
dev-v12-lb.aips-services.com
dev-v12-master.aips-services.com
dev-v12-polaris.aips-services.com
dev-v12-prometheus.aips-services.com
dev-v12-services.aips-services.com
dev-v13-grafana.aips-services.com
dev-v13-kibana.aips-services.com
dev-v13-lb.aips-services.com
dev-v13-master.aips-services.com
dev-v13-polaris.aips-services.com
dev-v13-prometheus.aips-services.com
dev-v13-services.aips-services.com
dev-v14-grafana.aips-services.com
dev-v14-kibana.aips-services.com
dev-v14-lb.aips-services.com
dev-v14-master.aips-services.com
dev-v14-polaris.aips-services.com
dev-v14-prometheus.aips-services.com
dev-v14-services.aips-services.com
dev-v15-kibana.aips-services.com
dev-v15-lb.aips-services.com
dev-v15-master.aips-services.com
dev-v16-grafana.aips-services.com
dev-v16-kibana.aips-services.com
dev-v16-lb.aips-services.com
dev-v16-master.aips-services.com
dev-v16-polaris.aips-services.com
dev-v16-prometheus.aips-services.com
dev-v16-services.aips-services.com
dev-v17-grafana.aips-services.com
dev-v17-kibana.aips-services.com
dev-v17-lb.aips-services.com
dev-v17-master.aips-services.com
dev-v17-polaris.aips-services.com
dev-v17-prometheus.aips-services.com
dev-v17-services.aips-services.com
dev-v18-grafana.aips-services.com
dev-v18-kibana.aips-services.com
dev-v18-lb.aips-services.com
dev-v18-master.aips-services.com
dev-v18-polaris.aips-services.com
dev-v18-prometheus.aips-services.com
dev-v18-services.aips-services.com
dev-v19-grafana.aips-services.com
dev-v19-kibana.aips-services.com
dev-v19-lb.aips-services.com
dev-v19-master.aips-services.com
dev-v19-polaris.aips-services.com
dev-v19-prometheus.aips-services.com
dev-v19-services.aips-services.com
dev-v2-lb.aips-services.com
dev-v2-master.aips-services.com
dev-v3-lb.aips-services.com
dev-v3-master.aips-services.com
dev-v4-master.aips-services.com
dev-v5-lb.aips-services.com
dev-v5-master.aips-services.com
dev-v6-lb.aips-services.com
dev-v6-master.aips-services.com
dev-v7-lb.aips-services.com
dev-v7-master.aips-services.com
dev-v8-lb.aips-services.com
dev-v8-master.aips-services.com
dev-v9-lb.aips-services.com
dev-v9-master.aips-services.com
prod.aips-services.com
prod-au-grafana.aips-services.com
prod-au-kibana.aips-services.com
prod-au-lb.aips-services.com
prod-au-master.aips-services.com
prod-au-polaris.aips-services.com
prod-au-prometheus.aips-services.com
prod-au-services.aips-services.com
prod-au-v13-lb.aips-services.com
prod-au-v14-lb.aips-services.com
prod-au-v15-grafana.aips-services.com
prod-au-v15-kibana.aips-services.com
prod-au-v15-lb.aips-services.com
prod-au-v15-master.aips-services.com
prod-au-v15-polaris.aips-services.com
prod-au-v15-prometheus.aips-services.com
prod-au-v15-services.aips-services.com
prod-sg-grafana.aips-services.com
prod-sg-kibana.aips-services.com
prod-sg-lb.aips-services.com
prod-sg-master.aips-services.com
prod-sg-polaris.aips-services.com
prod-sg-prometheus.aips-services.com
prod-sg-services.aips-services.com
prod-sg-v14-lb.aips-services.com
prod-sg-v15-grafana.aips-services.com
prod-sg-v15-kibana.aips-services.com
prod-sg-v15-lb.aips-services.com
prod-sg-v15-master.aips-services.com
prod-sg-v15-polaris.aips-services.com
prod-sg-v15-prometheus.aips-services.com
prod-sg-v15-services.aips-services.com
prod-supercluster.aips-services.com
stag.aips-services.com
stag-grafana.aips-services.com
staging.aips-services.com
staging-grafana.aips-services.com
staging-kibana.aips-services.com
staging-lb.aips-services.com
staging-master.aips-services.com
staging-polaris.aips-services.com
staging-prometheus.aips-services.com
staging-services.aips-services.com
stag-kibana.aips-services.com
stag-lb.aips-services.com
stag-master.aips-services.com
stag-polaris.aips-services.com
stag-prometheus.aips-services.com
stag-services.aips-services.com
stag-supercluster.aips-services.com
stag-v10-grafana.aips-services.com
stag-v10-kibana.aips-services.com
stag-v10-lb.aips-services.com
stag-v10-master.aips-services.com
stag-v10-polaris.aips-services.com
stag-v10-prometheus.aips-services.com
stag-v10-services.aips-services.com
stag-v11-grafana.aips-services.com
stag-v11-kibana.aips-services.com
stag-v11-lb.aips-services.com
stag-v11-master.aips-services.com
stag-v11-polaris.aips-services.com
stag-v11-prometheus.aips-services.com
stag-v11-services.aips-services.com
stag-v12-kibana.aips-services.com
stag-v12-lb.aips-services.com
stag-v12-master.aips-services.com
stag-v12-services.aips-services.com
stag-v13-grafana.aips-services.com
stag-v13-kibana.aips-services.com
stag-v13-lb.aips-services.com
stag-v13-master.aips-services.com
stag-v13-polaris.aips-services.com
stag-v13-prometheus.aips-services.com
stag-v13-services.aips-services.com
stag-v14-grafana.aips-services.com
stag-v14-kibana.aips-services.com
stag-v14-lb.aips-services.com
stag-v14-master.aips-services.com
stag-v14-polaris.aips-services.com
stag-v14-prometheus.aips-services.com
stag-v14-services.aips-services.com
stag-v16-grafana.aips-services.com
stag-v16-kibana.aips-services.com
stag-v16-lb.aips-services.com
stag-v16-master.aips-services.com
stag-v16-polaris.aips-services.com
stag-v16-prometheus.aips-services.com
stag-v17-grafana.aips-services.com
stag-v17-kibana.aips-services.com
stag-v17-lb.aips-services.com
stag-v17-master.aips-services.com
stag-v17-polaris.aips-services.com
stag-v17-prometheus.aips-services.com
stag-v17-services.aips-services.com
stag-v2-lb.aips-services.com
stag-v2-master.aips-services.com
stag-v4-lb.aips-services.com
stag-v4-master.aips-services.com
stag-v5-lb.aips-services.com
stag-v5-master.aips-services.com
stag-v6-lb.aips-services.com
stag-v6-master.aips-services.com
stag-v7-lb.aips-services.com
stag-v7-master.aips-services.com
stag-v8-lb.aips-services.com
stag-v8-master.aips-services.com
stag-v9-lb.aips-services.com
stag-v9-master.aips-services.com
test.aips-services.com
ww01.10-admin.aips-services.com
ww01.10-administrators.aips-services.com
ww01.10-admins.aips-services.com
ww01.10-alpha.aips-services.com
ww01.10-apac.aips-services.com
ww01.10-app.aips-services.com
ww01.10-boards.aips-services.com
ww01.10-brand.aips-services.com
ww01.10-bucket.aips-services.com
ww01.10-cms.aips-services.com
ww01.10-control.aips-services.com
ww01.10-dev-prometheus.aips-services.com
ww01.10-dev-v12-kibana.aips-services.com
ww01.10-dev-v12-services.aips-services.com
ww01.10-dev-v13-grafana.aips-services.com
ww01.10-dev-v14-lb.aips-services.com
ww01.10-dev-v15-kibana.aips-services.com
ww01.10-dev-v16-lb.aips-services.com
ww01.10-dev-v17-kibana.aips-services.com
ww01.10-dev-v17-lb.aips-services.com
ww01.10-dev-v19-prometheus.aips-services.com
ww01.10-dev-v2-lb.aips-services.com
ww01.1996.dev-v3-grafana.aips-services.com
ww01.1996.polaris.aips-services.com
ww01.1996.prod-au-polaris.aips-services.com
ww01.2021.aips-services.com
ww01.2031-admin.aips-services.com
ww01.2031-control.aips-services.com
ww01.2031-dev-lb.aips-services.com
ww01.aips-services.com
ww01.api.aips-services.com
ww01.brand.aips-services.com
ww01.client.aips-services.com
ww01.dev-v18-master-nl.aips-services.com
ww01.eu.aips-services.com
ww01.grafana.aips-services.com
ww01.health.aips-services.com
ww01.healthapi.aips-services.com
ww01.jsm.aips-services.com
ww01.nlapac.aips-services.com
ww01.nldev.aips-services.com
ww01.nldev-v19-polaris.aips-services.com
ww01.nldev-v3-lb.aips-services.com
ww01.nldev-v3-prometheus.aips-services.com
ww01.nldev-v7-master.aips-services.com
ww01.nldev-v9-kibana.aips-services.com
ww01.nldocsdrop.aips-services.com
ww01.nl.prod-sg-grafana.aips-services.com
ww01.nl.prod-sg-prometheus.aips-services.com
ww01.nl.prod-sg-services.aips-services.com
ww01.nl.promo.aips-services.com
ww01.nl.restrict.aips-services.com
ww01.nlserver3.aips-services.com
ww01.nl.stag-services.aips-services.com
ww01.nl.stag-v10-lb.aips-services.com
ww01.nl.stag-v11-polaris.aips-services.com
ww01.nl.stag-v14-lb.aips-services.com
ww01.nl.stag-v17-services.aips-services.com
ww01.nl.stag-v2-master.aips-services.com
ww01.nl.stag-v6-polaris.aips-services.com
ww01.node19.aips-services.com
ww01.nodebrand.aips-services.com
ww01.nodegrafana.aips-services.com
ww01.northamerica-2031.aips-services.com
ww01.origin.aips-services.com
ww01.prod-au-lb-security.aips-services.com
ww01.prod-sg-v15-grafana10.aips-services.com
ww01.security.net.aips-services.com
ww01.stage.2046.aips-services.com
ww01.stag-lb19.aips-services.com
ww01.stag-lb2028.aips-services.com
ww01.stag-lb.administrator.aips-services.com
ww01.stag-lb.boards.aips-services.com
ww01.stag-lbgrafana.aips-services.com
ww01.stag-lb.int.aips-services.com
ww01.stag-lbstatic.aips-services.com
ww01.stag-lb.test1.aips-services.com
ww01.stag-master-10.aips-services.com
ww01.stag-master.14.aips-services.com
ww01.stag-master.19.aips-services.com
ww01.stag-master.2009.aips-services.com
ww01.stag-master2015.aips-services.com
ww01.stag-master-2028.aips-services.com
ww01.stag-master-brand.aips-services.com
ww01.stag-master-engine.aips-services.com
ww01.stag-master-engineering.aips-services.com
ww01.stag-master.health.aips-services.com
ww01.stag-master-oceania.aips-services.com
ww01.stag-master-static.aips-services.com
ww01.stag-master-test1.aips-services.com
ww01.stag-polaris2009.aips-services.com
ww01.stag-polaris-2028.aips-services.com
ww01.stag-polaris2031.aips-services.com
ww01.stag-polaris-health.aips-services.com
ww01.stag-polaris.int.aips-services.com
ww01.stag-polarisistrator.aips-services.com
ww01.stag-polarisoceania.aips-services.com
ww01.stag-polaris.update.aips-services.com
ww01.stag-polaris-web.aips-services.com
ww01.stag-prometheus2015.aips-services.com
ww01.stag-prometheus.aips-services.com
ww01.stag-prometheus.static.aips-services.com
ww01.stag-v13-lb.2028.aips-services.com
ww01.stag-v14-prometheus-nl.aips-services.com
ww01.stag-v17-kibana4.aips-services.com
ww01.stag-v17-kibana9.aips-services.com
ww01.static.v2.aips-services.com
ww01.svcgateway.web1.aips-services.com
ww01.z.aips-services.com
