0x.alphawallet.com
1x.alphawallet.com
alphawallet.com
auth0.alphawallet.com
autoconfig.alphawallet.com
autoconfig.nft-reviews.alphawallet.com
autoconfig.tokenscript.org.alphawallet.com
autodiscover.alphawallet.com
autodiscover.nft-reviews.alphawallet.com
autodiscover.tokenscript.org.alphawallet.com
community.alphawallet.com
cpanel.alphawallet.com
cpanel.nft-reviews.alphawallet.com
cpanel.tokenscript.org.alphawallet.com
cpcalendars.alphawallet.com
cpcalendars.nft-reviews.alphawallet.com
cpcalendars.tokenscript.org.alphawallet.com
cpcontacts.alphawallet.com
cpcontacts.tokenscript.org.alphawallet.com
d.alphawallet.com
_dmarc.alphawallet.com
ftp.alphawallet.com
ipv6.alphawallet.com
localhost.alphawallet.com
mail.alphawallet.com
newsite.alphawallet.com
nft-reviews.alphawallet.com
old.alphawallet.com
tf.alphawallet.com
tokenscript.org.alphawallet.com
webdisk.alphawallet.com
webdisk.nft-reviews.alphawallet.com
webdisk.tokenscript.org.alphawallet.com
webmail.alphawallet.com
webmail.nft-reviews.alphawallet.com
webmail.tokenscript.org.alphawallet.com
whm.nft-reviews.alphawallet.com
whm.tokenscript.org.alphawallet.com
wiki.alphawallet.com
www.alphawallet.com
www.newsite.alphawallet.com
www.nft-reviews.alphawallet.com
www.old.alphawallet.com
wwws.alphawallet.com
www.tokenscript.org.alphawallet.com
x.alphawallet.com
zh.alphawallet.com
