009.apeswap.finance
3monitor.apeswap.finance
accountinfo.apeswap.finance
alphamonitor2.apeswap.finance
alt-monitor.apeswap.finance
ap.apeswap.finance
apeswap.finance
api1monitor.apeswap.finance
api.apeswap.finance
app.apeswap.finance
autoloan.apeswap.finance
b-monitor.apeswap.finance
brandmonitor.apeswap.finance
centaur.apeswap.finance
cmsgraph.apeswap.finance
com.apeswap.finance
dex-acc.apeswap.finance
dex.apeswap.finance
dex-evelynn.apeswap.finance
dex-s.apeswap.finance
dextrial.apeswap.finance
discuss.apeswap.finance
docs.apeswap.finance
e-graph.apeswap.finance
ethereum.info.apeswap.finance
frontpage-dex.apeswap.finance
germany-dex.apeswap.finance
gitgraph.apeswap.finance
graph-0.apeswap.finance
graph1.apeswap.finance
graph2.apeswap.finance
graph3.apeswap.finance
graph.apeswap.finance
graphbucket.apeswap.finance
graph-c.apeswap.finance
graphproxy.apeswap.finance
graphsecurity.apeswap.finance
graphwesteurope.apeswap.finance
h-info.apeswap.finance
idsmonitor2.apeswap.finance
imap-monitor2.apeswap.finance
info-accounts.apeswap.finance
info.apeswap.finance
info-cms.apeswap.finance
infoforms.apeswap.finance
infog.apeswap.finance
infogithub.apeswap.finance
infopayment.apeswap.finance
info-priv.apeswap.finance
info-reset.apeswap.finance
inforeset.apeswap.finance
infoserver.apeswap.finance
julygraph.apeswap.finance
june-dex.apeswap.finance
krgraph.apeswap.finance
latinamerica-monitor2.apeswap.finance
laxdex.apeswap.finance
lending.apeswap.finance
loadbalancermonitor2.apeswap.finance
march-info.apeswap.finance
monitor2.apeswap.finance
monitor2-cms.apeswap.finance
monitor2-global.apeswap.finance
monitor2-pay.apeswap.finance
monitor2-production.apeswap.finance
monitor2-pub.apeswap.finance
monitor2users.apeswap.finance
monitor2-v.apeswap.finance
monitor2w3.apeswap.finance
monitor-4.apeswap.finance
monitor.apeswap.finance
monitor-boards.apeswap.finance
monitorhwcdn.apeswap.finance
monitorprofiles.apeswap.finance
monitor-y.apeswap.finance
nginx-info.apeswap.finance
nmonitor2.apeswap.finance
ops-graph.apeswap.finance
orms.apeswap.finance
payment-graph.apeswap.finance
paymonitor2.apeswap.finance
polygon.info.apeswap.finance
poly-graph.apeswap.finance
pricewaterhousecoopers.apeswap.finance
priv-info.apeswap.finance
pro.apeswap.finance
production-info.apeswap.finance
repositorygraph.apeswap.finance
roiloantiendinh.apeswap.finance
s3-dex.apeswap.finance
s4325ipmi.apeswap.finance
s834.apeswap.finance
s9a.apeswap.finance
siteintercept.apeswap.finance
staging.app.apeswap.finance
staging.dex.apeswap.finance
stgmonitor.apeswap.finance
szinhazbajaro.apeswap.finance
t2fsurvey.apeswap.finance
testinfo.apeswap.finance
testing1monitor2.apeswap.finance
testnet.dex.apeswap.finance
twitchgraph.apeswap.finance
vosecure.apeswap.finance
vote.apeswap.finance
westeurope-graph.apeswap.finance
www.apeswap.finance
xn--app-2y6a.apeswap.finance
z-graph.apeswap.finance
