acc2.integrations.asana.plus
acc.asana.plus
acc-beta.integrations.asana.plus
acc.integrations.asana.plus
acc-qa.integrations.asana.plus
asana.plus
auth.asana.plus
bastion.integrations.asana.plus
beta.asana.plus
beta-mock-platform-ui-app-server.asana.plus
beta-slack.asana.plus
beta-slack-server.asana.plus
bugcrowd.asana.plus
csv.asana.plus
forms.asana.plus
forms-server.asana.plus
gdrive.asana.plus
github-internal-server.asana.plus
integrations.asana.plus
jira7-test-server.integrations.asana.plus
jira-api-beta.integrations.asana.plus
jira-api.integrations.asana.plus
jira-api-qa.integrations.asana.plus
jira-externlb.integrations.asana.plus
jira-internal.integrations.asana.plus
jira-prod.integrations.asana.plus
jira-server.asana.plus
jira-test-server.integrations.asana.plus
jira-trial.integrations.asana.plus
kibana.integrations.asana.plus
msft-teams.asana.plus
outlook2.asana.plus
outlook.asana.plus
outlook-proxy.asana.plus
outlook-stag.asana.plus
reporting-api-beta.integrations.asana.plus
reporting-api.integrations.asana.plus
reporting-api-uat.integrations.asana.plus
salesforce.asana.plus
semgrep.asana.plus
servicenow-auth-redirect.integrations.asana.plus
sfdc-auth-redirect.integrations.asana.plus
slack.asana.plus
slack-server.asana.plus
tableau-wdc-beta.integrations.asana.plus
tableau-wdc.integrations.asana.plus
tableau-wdc-uat.integrations.asana.plus
teams-beta.integrations.asana.plus
teams.integrations.asana.plus
teams-uat.integrations.asana.plus
www.asana.plus
www.cgedd.asana.plus
zendesk.integrations.asana.plus
zoom-app.asana.plus
zoom.asana.plus
