avalabs.org
blog.avalabs.org
chat.avalabs.org
cn.avalabs.org
dapp.avalabs.org
discord.avalabs.org
docs.avalabs.org
es.avalabs.org
files.avalabs.org
fr.avalabs.org
gecko.avalabs.org
hub.avalabs.org
it.avalabs.org
ja.avalabs.org
ko.avalabs.org
les.avalabs.org
nfts.avalabs.org
pt.avalabs.org
reddit.avalabs.org
resources.avalabs.org
ru.avalabs.org
scim.avalabs.org
support.avalabs.org
telegram.avalabs.org
tr.avalabs.org
tw.avalabs.org
twitter.avalabs.org
webmail.avalabs.org
www.avalabs.org
www.blog.avalabs.org
www.chat.avalabs.org
www.discord.avalabs.org
www.docs.avalabs.org
www.es.avalabs.org
www.gecko.avalabs.org
www.hub.avalabs.org
www.reddit.avalabs.org
www.telegram.avalabs.org
www.twitter.avalabs.org
x.avalabs.org
zh.avalabs.org
