api.avax.network
api-us-east-2.avax.network
artbaselmiami.avax.network
athereum.avax.network
avaf-api.avax.network
avangers.avax.network
avax.network
bd.avax.network
blockscout.avax.network
bootstrap.avax.network
bridgeandtunnel.avax.network
bridge.avax.network
broadcast.avax.network
buy.avax.network
buy-backup.avax.network
castlecrush.avax.network
cchain.explorer.avax.network
chat.avax.network
cm.avax.network
community.avax.network
core.avax.network
core-test.avax.network
data-posthog.avax.network
datatunnel.avax.network
devapi.avax.network
dexalot.avax.network
dfk.avax.network
discord.avax.network
docs.avax.network
docs-beta.avax.network
downloads.avax.network
ecosystem.avax.network
explorer-api.avax.network
explorerapi.avax.network
explorerapi-test.avax.network
explorer.avax.network
explorer-xp.avax.network
faucet.avax.network
finopstunnel.avax.network
forum.avax.network
gecko.avax.network
graph-node.avax.network
hat.avax.network
hub.avax.network
indexer-demo.avax.network
info.avax.network
ipfsgateway.avax.network
keygen.avax.network
lisbon.avax.network
metrics.avax.network
metrics-dev.avax.network
nfttunnel.avax.network
notify.avax.network
peerinfo.avax.network
private-api.avax.network
quicksign.avax.network
reddit.avax.network
releases.avax.network
repo.avax.network
sale.avax.network
satunnel.avax.network
stats.avax.network
status.avax.network
subnets.avax.network
subnets-test.avax.network
subnetstunnel.avax.network
support.avax.network
swimmer.avax.network
telegram.avax.network
test-api.avax.network
test.api.avax.network
testapi.avax.network
test.metrics.avax.network
testmetrics.avax.network
test-vip.avax.network
tunnel.avax.network
tutorials.avax.network
twitter.avax.network
usdt.avax.network
wallet.avax.network
wallet-beta.avax.network
wallet-network-assets.avax.network
warden.avax.network
welcome.avax.network
www.avangers.avax.network
www.avax.network
www.chat.avax.network
www.discord.avax.network
www.hub.avax.network
www.reddit.avax.network
www.sale.avax.network
www.telegram.avax.network
www.twitter.avax.network
www.warden.avax.network
