2.ws.nps.push.green-1.k8s.betsharedservices.io
2.ws.push.green-1.k8s.betsharedservices.io
2.ws.testdr.push.green-1.k8s.betsharedservices.io
api.matchbox.test.betsharedservices.io
api.matchbox.vpcdev.test.betsharedservices.io
beagle.k8s.dev.betsharedservices.io
beagle.k8s.test.betsharedservices.io
beagle.k8s.vpcdev.test.betsharedservices.io
bm-client-baem-dev-01.test.k8s.test.betsharedservices.io
bm-imposter-baem-dev-01.test.k8s.test.betsharedservices.io
bmt.sportsbook.test.k8s.test.betsharedservices.io
bm-web-baem-dev-01.test.k8s.test.betsharedservices.io
bobapi.blue-1.k8s.betsharedservices.io
bobapi.green-1.k8s.betsharedservices.io
bobapi.test.k8s.test.betsharedservices.io
burgina.k8s.test.betsharedservices.io
collomd.k8s.test.betsharedservices.io
dev6.k8s.test.betsharedservices.io
egg.betsharedservices.io
football-rab-pricing-dev-dev.test.k8s.test.betsharedservices.io
football-rab-pricing-dev-test4.test.k8s.test.betsharedservices.io
football-rab-pricing-stage-blue.test.k8s.test.betsharedservices.io
gravesa.k8s.test.betsharedservices.io
green-1.k8s.betsharedservices.io
grid-zalenium.green-1.k8s.betsharedservices.io
grid-zalenium.test.k8s.test.betsharedservices.io
horses.a.betviewapi.green-1.k8s.betsharedservices.io
horses.nps.betviewapi.green-1.k8s.betsharedservices.io
horses.staging.betviewapi.test.k8s.test.betsharedservices.io
horses.test1.betviewapi.test.k8s.test.betsharedservices.io
horses.test2.betviewapi.test.k8s.test.betsharedservices.io
horses.test3.betviewapi.test.k8s.test.betsharedservices.io
horses.test4.betviewapi.test.k8s.test.betsharedservices.io
horses.test5.betviewapi.test.k8s.test.betsharedservices.io
horses.test6.betviewapi.test.k8s.test.betsharedservices.io
horses.test7.betviewapi.test.k8s.test.betsharedservices.io
horses.test8.betviewapi.test.k8s.test.betsharedservices.io
jonesh.k8s.test.betsharedservices.io
kubernetes.test.betsharedservices.io
kumara.k8s.test.betsharedservices.io
matchbox-external.test.betsharedservices.io
matchbox.matchbox.test.betsharedservices.io
matchbox.test.betsharedservices.io
mq.a.push.green-1.k8s.betsharedservices.io
mq.nps.push.green-1.k8s.betsharedservices.io
mq.testdr.push.green-1.k8s.betsharedservices.io
noyesd.k8s.test.betsharedservices.io
search.sportsbook.test.k8s.test.betsharedservices.io
shovel.sportsbook.test.k8s.test.betsharedservices.io
slackapps.betsharedservices.io
slackapps.test.betsharedservices.io
tectonic-westcotts-k8s.test.betsharedservices.io
tectonic-westcotts.test.betsharedservices.io
test.k8s.test.betsharedservices.io
titanic.k8s.dev.betsharedservices.io
titanic.k8s.test.betsharedservices.io
titanic.k8s.vpcdev.test.betsharedservices.io
uki-automation.k8s.uki-automation.betsharedservices.io
victory.dev.betsharedservices.io
victory.k8s.dev.betsharedservices.io
victory.k8s.test.betsharedservices.io
victory.vpcdev.test.betsharedservices.io
westcotts.k8s.test.betsharedservices.io
wrightj.k8s.test.betsharedservices.io
www.slackapps.betsharedservices.io
www.slackapps.test.betsharedservices.io
