arbitrum-node.blockwallet.io
avax-node.blockwallet.io
blockwallet.io
bsc-node.blockwallet.io
cpanel.blockwallet.io
demo.blockwallet.io
fantom-node.blockwallet.io
goerli-node.blockwallet.io
goerli-relayer.blockwallet.io
help.blockwallet.io
kovan-node.blockwallet.io
mail.blockwallet.io
mainnet-node.blockwallet.io
mainnet-relayer.blockwallet.io
ns1.blockwallet.io
ns2.blockwallet.io
optimism-node.blockwallet.io
polygon-node.blockwallet.io
releases.blockwallet.io
rinkeby-node.blockwallet.io
ropsten-node.blockwallet.io
webdisk.blockwallet.io
webmail.blockwallet.io
www.blockwallet.io
www.demo.blockwallet.io
xdai-node.blockwallet.io
