apeswap2.bogged.finance
apeswap.bogged.finance
api.bogged.finance
app.bogged.finance
arg.bogged.finance
beta.bogged.finance
bogged.finance
c2.bogged.finance
cache2.bogged.finance
cache.bogged.finance
cdn.bogged.finance
cdn-sminem.bogged.finance
chart.bogged.finance
charts.bogged.finance
dev2.bogged.finance
dev.bogged.finance
devcharts.bogged.finance
docs.bogged.finance
embed.bogged.finance
help.bogged.finance
node.bogged.finance
node-charts.bogged.finance
pancake.bogged.finance
promo.bogged.finance
sminem.bogged.finance
static.bogged.finance
stats.bogged.finance
status.bogged.finance
teams.bogged.finance
tg.bogged.finance
tgbot.bogged.finance
tokens.bogged.finance
track.bogged.finance
www.bogged.finance
