api.login.builtbygirls.com
assets.builtbygirls.com
b-aws.builtbygirls.com
b.builtbygirls.com
builtbygirls.com
dev.builtbygirls.com
eu.builtbygirls.com
eu-stage.builtbygirls.com
gdpr-client.builtbygirls.com
guce.builtbygirls.com
login.builtbygirls.com
oidc.builtbygirls.com
origin-www.builtbygirls.com
privacy.builtbygirls.com
pr.login.builtbygirls.com
referral.builtbygirls.com
secure.builtbygirls.com
stage.api.login.builtbygirls.com
stage.builtbygirls.com
stage.guce.builtbygirls.com
stage.login.builtbygirls.com
stage.oidc.builtbygirls.com
support.builtbygirls.com
toolkit.builtbygirls.com
trunk.api.login.builtbygirls.com
trunk.guce.builtbygirls.com
trunk.login.builtbygirls.com
trunk.oidc.builtbygirls.com
wave.builtbygirls.com
wave-new.builtbygirls.com
wave-origin.builtbygirls.com
wave-stage.builtbygirls.com
wave-stage-origin.builtbygirls.com
www.builtbygirls.com
