blog.celer.network
blog-cn.celer.network
cbridge-analytics.celer.network
cbridge-api.celer.network
cbridge.celer.network
cbridge-docs.celer.network
cbridge-partner-testnet.celer.network
cbridge-pre-upgrade.celer.network
cbridge-prod2.celer.network
cbridge-v1.celer.network
cbridge-v1-legacy.celer.network
cbridge-v2-prod.celer.network
celer.network
explorer.celer.network
forum.celer.network
gcbridge.celer.network
im-docs.celer.network
interchain-swap-demo.celer.network
kyc.celer.network
sgn.celer.network
sgn-partner-testnet.celer.network
sgntest.celer.network
sgn-v1.celer.network
terra-test-cbridge.celer.network
terra-test.celer.network
test-bas-bridge.celer.network
test-cbridge-v2.celer.network
test-sgn.celer.network
token.celer.network
www.blog.celer.network
www.blog-cn.celer.network
www.celer.network
www.celer.network.png
