acceptance-node.chain.link
adapter.chain.link
aggregator-beta.chain.link
apps.chain.link
archive.docs.chain.link
blog.chain.link
bors-ng.chain.link
bravenewcoin-rinkeby-node.chain.link
broadcast-mirror.chain.link
careers.chain.link
chain.link
coinmarketcap-rinkeby-node.chain.link
cryptocompare-rinkeby-node.chain.link
data3.chain.link
data.chain.link
defi.chain.link
docs.chain.link
easypost-rinkeby-node.chain.link
easypost-ropsten-node.chain.link
email.chain.link
eth.chain.link
ethusd-aggregator-beta.chain.link
eth-usd-aggregator.chain.link
eth-usd-aggregator-staging.chain.link
events.chain.link
explore.chain.link
explorer.chain.link
faucet.chain.link
faucets.chain.link
feeds.chain.link
fms-rpc.chain.link
forum.chain.link
geth-development.chain.link
go.chain.link
gql.graph.chain.link
graph.chain.link
h1.chain.link
hack.chain.link
hello.chain.link
jwh.chain.link
kaiko.rinkeby.chain.link
kaiko.ropsten.chain.link
keeper.chain.link
keepers-beta.chain.link
keepers.chain.link
ko.chain.link
kovan.chain.link
kovan.eth.chain.link
kovan.explorer.chain.link
main.eth.chain.link
node.chain.link
node.kovan.chain.link
node.rinkeby.chain.link
node.ropsten.chain.link
node.staging.chain.link
oti.chain.link
pages.chain.link
pegswap.chain.link
research.chain.link
rinkeby.chain.link
rinkeby.eth.chain.link
rinkeby.explorer.chain.link
rinkeby-node.chain.link
ropsten.chain.link
ropsten.eth.chain.link
ropsten.explorer.chain.link
ropsten-node.chain.link
roqstar.at.roqstten-node.chain.link
smartcon.chain.link
staging.chain.link
staging-node.chain.link
staging.ropsten.chain.link
supply.chain.link
team.chain.link
testnet.chain.link
vrf.chain.link
wanchain-testnet-node.chain.link
www.careers.chain.link
www.chain.link
xpn-test.chain.link
zh.chain.link
