1997.sequence.chain.com
api.chain.com
app.chain.com
atrox.chain.com
autodiscover.chain.com
ba.chain.com
bbs.chain.com
beta.chain.com
blockcache.chain.com
blog.chain.com
bridge.chain.com
c1.chain.com
chain.com
chain-core-orange-demo.chain.com
chain-staging.chain.com
chainxwww.chain.com
citi.chain.com
consensus.chain.com
cpanel.chain.com
cpcalendars.chain.com
cpcontacts.chain.com
cpdemo.chain.com
cs-api.chain.com
cs.chain.com
dashboard.chain.com
demo.chain.com
democomerciwelfare-treasury.chain.com
demo-ecpay-barclays-uk.chain.com
demo-ecpay-capitalone-ny.chain.com
demo-ecpay-citi-fx.chain.com
demo-ecpay-citi-linq.chain.com
demo-ecpay-citi-ny.chain.com
demo-ecpay-issuer.chain.com
demo-exchange.chain.com
demo-linq-citi.chain.com
demo-linq-dci.chain.com
demo-rewards-bny.chain.com
demo-strate-pv.chain.com
demo-visa-b2b.chain.com
demo-visab2b-eastbank.chain.com
demo-visab2b-northbank.chain.com
demo-visab2b-southbank.chain.com
demo-visab2b-visa.chain.com
demo-visa-cards.chain.com
demo-visa-rewards.chain.com
demo-visa-wallet.chain.com
demo-welfare-central-bank.chain.com
demo-welfare-citi-uk.chain.com
demo-welfare-hsbc-uk.chain.com
demo-welfare-treasury.chain.com
demo-welfare-welfare-authority.chain.com
dev.backend.chain.com
dev.chain.com
discord.chain.com
dlog.chain.com
docs.chain.com
download.chain.com
everybodydiesdotnet.files.chain.com
explorer.chain.com
fidelity.chain.com
firstrand.chain.com
fiserv-api.chain.com
fiserv.chain.com
fiserv-issuer-demo.chain.com
fiserv-mybank-demo.chain.com
fiserv-theirbank-demo.chain.com
fmr-api.chain.com
fmr.chain.com
forum.chain.com
freemail.chain.com
getlucky.chain.com
gov.chain.com
hk.chain.com
hknews.chain.com
info.chain.com
internal.chain.com
i.use.2.block.chain.com
leal.chain.com
linq.chain.com
liuqing.at.chain.com
mail.chain.com
map.chain.com
merlin.chain.com
mila.chain.com
msn.chain.com
mu.chain.com
mufg.chain.com
nasdaq-api.chain.com
nasdaq.chain.com
nasdaq-collateral.chain.com
nasdaq-ny-api.chain.com
nasdaq-ny.chain.com
nd-exchange.chain.com
nd-pm.chain.com
npm-api.chain.com
npm.chain.com
orange.chain.com
otcbm.chain.com
otc.chain.com
p6e423b2c.tkyea124.ap.so-net.chain.com
piggy.chain.com
polls.chain.com
prime.chain.com
qa.chain.com
repo.chain.com
rixpix.chain.com
sandbox.chain.com
sandbox-demo.chain.com
sandbox-staging.chain.com
sciencecity.oupchina.chain.com
search.chain.com
sequence.chain.com
sequence.sequence.chain.com
sex.chain.com
skypelaughter.chain.com
slack.chain.com
smbc.chain.com
staging.chain.com
strate.chain.com
support.chain.com
testnet.chain.com
too.chain.com
visa-b2b.chain.com
visa-b2b-demo.chain.com
visa.chain.com
webdisk.chain.com
webmail.chain.com
wow.chain.com
ws.chain.com
ww42.chain.com
ww6.chain.com
www.1144.chain.com
www.114.chain.com
www.158.chain.com
www.aircargo.chain.com
www.alexa.chain.com
www.alibaba.chain.com
www.blog.chain.com
www.bt.chain.com
www.chain.com
www.chjc.chain.com
www.cn.chain.com
www.country.chain.com
www.ek.chain.com
www.elegant.belly.chain.com
www.factors.chain.com
www.good.chain.com
www.gs.mole.chain.com
www.haian007.at.chain.com
www.hongkong.chain.com
www.hoop.chain.com
www.horum.0086.chain.com
www.hotel.chain.com
www.leal.chain.com
www.luxury.belly.chain.com
www.media.chain.com
www.microsoft.chain.com
www.msnmessenger.chain.com
www.mtv.chain.com
www.nba.chain.com
www.oregon.chain.com
www.ruishi.chain.com
www.s.chain.com
www.sh.chain.com
www.sino.chain.com
www.sms.chain.com
www.sprocket.chain.com
www-staging.chain.com
www.v.m.chain.com
www.yahoo.chain.com
