1p.scim.chimebank.com
api.chimebank.com
api-dev1.chimebank.com
api-qa1.chimebank.com
api-qa.chimebank.com
api-v2.chimebank.com
api-v2-dev1.chimebank.com
api-v2-qa1.chimebank.com
api-v2-qa.chimebank.com
bot-admin.chimebank.com
cachet.chimebank.com
chimebank.com
client.chimebank.com
client-dev1.chimebank.com
client-int.chimebank.com
client-qa1.chimebank.com
client-qa.chimebank.com
dev.chimebank.com
developer.chimebank.com
email.mg.chimebank.com
links.chimebank.com
member.chimebank.com
member-dev1.chimebank.com
member-maintenance.chimebank.com
member-qa.chimebank.com
securelinks.chimebank.com
stage2.chimebank.com
stage.chimebank.com
status.chimebank.com
support.chimebank.com
test2.chimebank.com
test-api.chimebank.com
test.chimebank.com
test-wh2.chimebank.com
test-wh.chimebank.com
test-wp.chimebank.com
webhook.chimebank.com
webhook-dev1.chimebank.com
webhook-qa1.chimebank.com
webhook-qa.chimebank.com
www2.chimebank.com
www.chimebank.com
www-off.chimebank.com
zendesk1.chimebank.com
zendesk2.chimebank.com
zendesk3.chimebank.com
zendesk4.chimebank.com
