alerts.galileo.dev1-ext.chmfin.com
alerts.galileo.dev2-ext.chmfin.com
alerts.galileo.dev3-ext.chmfin.com
alerts.galileo.dev4-ext.chmfin.com
alerts.galileo.dev5-ext.chmfin.com
alerts.galileo.integ-ext.chmfin.com
alerts.galileo.prod-ext.chmfin.com
alerts.galileo.qa-ext.chmfin.com
alerts.galileo.test-ext.chmfin.com
argocd.hub.chmfin.com
armory-gate.hub.chmfin.com
authorization.galileo.dev1-ext.chmfin.com
authorization.galileo.dev2-ext.chmfin.com
authorization.galileo.dev3-ext.chmfin.com
authorization.galileo.dev4-ext.chmfin.com
authorization.galileo.dev5-ext.chmfin.com
authorization.galileo.integ-ext.chmfin.com
authorization.galileo.prod-ext.chmfin.com
authorization.galileo.qa-ext.chmfin.com
authorization.galileo.test-ext.chmfin.com
chime-mobile-assets.prod-ext.chmfin.com
chime-public-assets.prod-ext.chmfin.com
chmfin.com
chm-merchants.prod-ext.chmfin.com
chm-merchants.qa-ext.chmfin.com
cortex.security.chmfin.com
cross-sell-partners.prod-ext.chmfin.com
cross-sell-partners.qa-ext.chmfin.com
dev1.chmfin.com
dev1-ext.chmfin.com
dev2.chmfin.com
dev2-ext.chmfin.com
dev3.chmfin.com
dev3-ext.chmfin.com
dev4.chmfin.com
dev4-ext.chmfin.com
dev5.chmfin.com
dev5-ext.chmfin.com
dev.chmfin.com
dev.finplat.chmfin.com
dummy.nonprod.finplat.chmfin.com
ec2-api.chm-hackweek2020.dev.chmfin.com
echo1.nonprod.finplat.chmfin.com
echo2.nonprod.finplat.chmfin.com
galileo.chmfin.com
galileo.dev1-ext.chmfin.com
galileo.dev2-ext.chmfin.com
galileo.dev3-ext.chmfin.com
galileo.dev4-ext.chmfin.com
galileo.dev5-ext.chmfin.com
galileo.integ-ext.chmfin.com
galileo.prod-ext.chmfin.com
galileo.qa-ext.chmfin.com
galileo.test-ext.chmfin.com
ga-purple.prod.chmfin.com
hub.chmfin.com
integ.chmfin.com
integ-ext.chmfin.com
jupyter.chm-hackweek2020.dev.chmfin.com
lending-public-documents.prod-ext.chmfin.com
lending-public-documents.qa-ext.chmfin.com
misp.security.chmfin.com
mtest.chmfin.com
nonprod.finplat.chmfin.com
prd.chmfin.com
prod.chmfin.com
prod.custodian.chmfin.com
prod-ext.chmfin.com
prod.finplat.chmfin.com
qa.chmfin.com
qa-ext.chmfin.com
risk-ml-ds-r5d-1.stable.chmfin.com
shuffle.security.chmfin.com
stable.chmfin.com
stackrox-central.hub.chmfin.com
stackrox-central.nonstable.chmfin.com
stage.chmfin.com
staging.chmfin.com
stg.chmfin.com
test.chmfin.com
test.chm-hackweek2020.dev.chmfin.com
test-ext.chmfin.com
test.finplat.chmfin.com
thehive.security.chmfin.com
ue1.chmfin.com
