airflow-dev.composable.finance
api.composable.finance
api-dev.composable.finance
api-dev-nft.composable.finance
api-doc.composable.finance
api-nft.composable.finance
app.composable.finance
apps.composable.finance
asia-picasso-rpc.composable.finance
bn1.composable.finance
bn2.composable.finance
bn3.composable.finance
book.composable.finance
bot.composable.finance
bot-dev.composable.finance
composable.finance
crowdloan.composable.finance
dali-chachacha-faucet-bot.composable.finance
dali-chachacha-rpc.composable.finance
dali-subsquid.composable.finance
dexa.composable.finance
dexa-dev.composable.finance
docs.composable.finance
forum.composable.finance
get.composable.finance
grants.composable.finance
mosaic-api.composable.finance
mosaic.composable.finance
mosaic-ordering.composable.finance
mosaic-relayer.composable.finance
mosaictest.composable.finance
mosaic-ws.composable.finance
paper.composable.finance
picasso-bn1.composable.finance
picasso-bn3.composable.finance
picasso.composable.finance
picasso-rpc.composable.finance
price-feed.composable.finance
price-feed-dev.composable.finance
referral.composable.finance
referral-dev.composable.finance
relayer-api.composable.finance
relayer-dev-nft.composable.finance
relayer-nft.composable.finance
relayer-ordering.composable.finance
relayer-ws.composable.finance
rpc1.composable.finance
rpc2.composable.finance
rpc.composable.finance
rpc-subscan.composable.finance
sdk-api.composable.finance
sdk-api-dev.composable.finance
sdk-docs.composable.finance
status.composable.finance
storybook.composable.finance
strategies.composable.finance
transfers-api-dev.composable.finance
unchained.composable.finance
ws-dev-nft.composable.finance
ws-nft.composable.finance
www.composable.finance
