api.deepspace.game
app.deepspace.game
assets.deepspace.game
autodiscover.deepspace.game
blog.deepspace.game
branding.deepspace.game
bsg.deepspace.game
contracts.deepspace.game
daily.deepspace.game
dash.deepspace.game
deepspace.game
dev-api.deepspace.game
dev-app.deepspace.game
dev-assets.deepspace.game
dev.deepspace.game
dev-game-api.deepspace.game
devmarket.deepspace.game
dev-play.deepspace.game
dev-site.deepspace.game
_dmarc.deepspace.game
docs.deepspace.game
faucet.deepspace.game
feedback.deepspace.game
game-api.deepspace.game
gas.deepspace.game
lyncdiscover.deepspace.game
nft.deepspace.game
pitch.deepspace.game
play.deepspace.game
prod-game-3-login.deepspace.game
proxy12.deepspace.game
proxy13.deepspace.game
proxy19.deepspace.game
proxy20.deepspace.game
proxy21.deepspace.game
proxy23.deepspace.game
proxy24.deepspace.game
proxy2.deepspace.game
proxy3.deepspace.game
proxy4.deepspace.game
proxy6.deepspace.game
proxy8.deepspace.game
referrals.deepspace.game
riskswap.deepspace.game
sip.deepspace.game
stats.deepspace.game
stream.deepspace.game
swap.deepspace.game
test-api.deepspace.game
test-app.deepspace.game
test-assets.deepspace.game
test.deepspace.game
test-docs.deepspace.game
testnet-assets.deepspace.game
testnet-play.deepspace.game
test-play.deepspace.game
test-signup.deepspace.game
test-site.deepspace.game
test-stats.deepspace.game
token.deepspace.game
www.deepspace.game
