api001.defly.app
api003.defly.app
api004.defly.app
api005.defly.app
api01.defly.app
api02.defly.app
apiks.defly.app
blog.defly.app
defly.app
dev2022.defly.app
dev.defly.app
docs.defly.app
go.defly.app
jefferies.defly.app
static.defly.app
v7.api001.defly.app
v7.api01.defly.app
v7.api02.defly.app
v7.apiks.defly.app
v8.api01.defly.app
v8.api02.defly.app
www.api005.defly.app
www.defly.app
www.dev2022.defly.app
www.dev.defly.app
www.go.defly.app
www.static.defly.app
www.v7.api02.defly.app
www.v7.apiks.defly.app
www.v8.api02.defly.app
