about-dev.doctolib.com
about.doctolib.com
about-staging.doctolib.com
adp.doctolib.com
agenda-dev.doctolib.com
agenda.doctolib.com
agenda-interf.doctolib.com
airflow.eks.data.doctolib.com
airflow.eks.data-staging.doctolib.com
api.data-science.data.doctolib.com
api.data-science.data-staging.doctolib.com
api.doctolib.com
api-interf.doctolib.com
app.doctolib.com
app-staging.doctolib.com
bnc3.doctolib.com
careers.doctolib.com
careers-staging.doctolib.com
clicks.doctolib.com
community-staging.doctolib.com
cortex.doctolib.com
data.doctolib.com
data-science.data.doctolib.com
data-science.data-staging.doctolib.com
data-staging.doctolib.com
developers.doctolib.com
doctolib.com
eks.data.doctolib.com
eks.data-staging.doctolib.com
email.doctolib.com
email.gh-mail.doctolib.com
event.doctolib.com
events.data.doctolib.com
events.data-staging.doctolib.com
events.doctolib.com
events-logs.doctolib.com
events-logs-staging.doctolib.com
events-v2.data.doctolib.com
events-v2.data-staging.doctolib.com
fb.doctolib.com
firebase.doctolib.com
flowmailer.doctolib.com
helpdesk.doctolib.com
infermedica.doctolib.com
infos.doctolib.com
keyless.doctolib.com
ldaps.doctolib.com
mailhog-staging.doctolib.com
mailtrail.doctolib.com
m.doctolib.com
media.doctolib.com
mj-dev.doctolib.com
mj.doctolib.com
m-staging.doctolib.com
mta-sts.doctolib.com
news.doctolib.com
pat.doctolib.com
private-airflow.eks.data.doctolib.com
private-airflow.eks.data-staging.doctolib.com
private-test-airflow.eks.data-staging.doctolib.com
pro-dev.doctolib.com
pro-staging.doctolib.com
rs.doctolib.com
rs-interf.doctolib.com
rs-media.doctolib.com
rs-media-origin.doctolib.com
rs-staging.doctolib.com
signature.doctolib.com
_spf2.doctolib.com
_spf.doctolib.com
status.doctolib.com
store.doctolib.com
sync-gateway-dev.doctolib.com
sync-gateway.doctolib.com
sync-gateway-staging.doctolib.com
test-airflow.eks.data-staging.doctolib.com
test.api.data-science.data-staging.doctolib.com
test.data-science.data.doctolib.com
test-failures.doctolib.com
test-failures-staging.doctolib.com
tfsec.doctolib.com
wildcard-com-prodaz.doctolib.com
wildcard-com-prodco.doctolib.com
www-dev.doctolib.com
www.doctolib.com
www-staging.doctolib.com
wwww.doctolib.com
