airdrop-api-dev.forta.network
airdrop-api.forta.network
airdrop.forta.network
alerts-dev.forta.network
alerts.forta.network
api-dev.forta.network
api.forta.network
app.forta.network
bot-wizard-api-dev.forta.network
bot-wizard-api.forta.network
connect.forta.network
developer-dev.forta.network
developer.forta.network
dist.forta.network
docs.forta.network
explorer-api-dev.forta.network
explorer-api.forta.network
explorer-dev.forta.network
explorer.forta.network
forta.network
gov.forta.network
ipfs-dev.forta.network
ipfs.forta.network
staging.airdrop.forta.network
staging.app.forta.network
staging.explorer.forta.network
