apps.genesiscapital.com
autodiscover.genesiscapital.com
bde.genesiscapital.com
enterpriseenrollment.genesiscapital.com
enterpriseregistration.genesiscapital.com
everest.genesiscapital.com
ftp2.genesiscapital.com
ftp.genesiscapital.com
genesiscapital.com
go.genesiscapital.com
los-dev.genesiscapital.com
los-iat.genesiscapital.com
los-test.genesiscapital.com
los-uat.genesiscapital.com
lyncdiscover.genesiscapital.com
marketing.genesiscapital.com
mot-dev.genesiscapital.com
mot.genesiscapital.com
mot-staging.genesiscapital.com
mot-test.genesiscapital.com
msoid.genesiscapital.com
my.genesiscapital.com
office.genesiscapital.com
o.scn.genesiscapital.com
post.scn.genesiscapital.com
p.scn.genesiscapital.com
scn.genesiscapital.com
sftp.genesiscapital.com
sip.genesiscapital.com
s.scn.genesiscapital.com
sslvpn2.genesiscapital.com
sslvpn3.genesiscapital.com
sslvpn4.genesiscapital.com
sslvpn.genesiscapital.com
transfer.genesiscapital.com
t.scn.genesiscapital.com
u.scn.genesiscapital.com
view.genesiscapital.com
vpn.genesiscapital.com
vshosted.genesiscapital.com
www.bde.genesiscapital.com
www.everest.genesiscapital.com
www.genesiscapital.com
www.los-test.genesiscapital.com
www.my.genesiscapital.com
www.vshosted.genesiscapital.com
