8m96zhjt3x.grammarly.com
about.grammarly.com
access-manager.private.grammarly.com
account.grammarly.com
account-private.grammarly.com
adminka.grammarly.com
admin-panel.grammarly.com
answers.grammarly.com
api.billing.grammarly.com
app.grammarly.com
apps.grammarly.com
apps.private.grammarly.com
apps-public.grammarly.com
apps-uploads.grammarly.com
assets.grammarly.com
auroradb0.grammarly.com
auroradb1.grammarly.com
auroradb.grammarly.com
auth.grammarly.com
auth-private.grammarly.com
auth.private.grammarly.com
auth-secure.grammarly.com
autodiscover.ool.grammarly.com
auto.grammarly.com
autoreport.grammarly.com
balancer0.grammarly.com
balancer10.grammarly.com
balancer11.grammarly.com
balancer1.grammarly.com
balancer2.grammarly.com
balancer3.grammarly.com
balancer4.grammarly.com
balancer5.grammarly.com
balancer6.grammarly.com
balancer7.grammarly.com
balancer8.grammarly.com
balancer.grammarly.com
beamlink.grammarly.com
billing.grammarly.com
billing-nlb.grammarly.com
billing-ui.grammarly.com
blog.grammarly.com
brain.grammarly.com
capi.grammarly.com
capi-msdk.grammarly.com
capi.private.grammarly.com
chef.grammarly.com
chipmunk.grammarly.com
chipmunk-private.grammarly.com
ci.grammarly.com
contenthub.grammarly.com
contenthub-private.grammarly.com
contenthub-static.grammarly.com
context.grammarly.com
corgi.grammarly.com
cv.grammarly.com
dapi.grammarly.com
dashboard.grammarly.com
data.grammarly.com
data-internal.grammarly.com
data.internal.grammarly.com
datareport.grammarly.com
datareport.private.grammarly.com
db1.grammarly.com
db2.grammarly.com
db.grammarly.com
dc-01.corp.grammarly.com
dc-02.corp.grammarly.com
demo.grammarly.com
denali-fb.grammarly.com
denali-local.grammarly.com
denali-static.grammarly.com
developer.grammarly.com
developer-hub.grammarly.com
developers.grammarly.com
dev.grammarly.com
devoxx.grammarly.com
devtest.grammarly.com
diagnostics.grammarly.com
dockerhub.grammarly.com
docker-repo.grammarly.com
docproc.grammarly.com
docs.grammarly.com
_domainkey.grammarly.com
download-bundle.grammarly.com
download-editor.grammarly.com
download-editor-predeploy.grammarly.com
download-mac.grammarly.com
download-office.grammarly.com
download-office-predeploy.grammarly.com
download-windows.grammarly.com
dox.grammarly.com
dox-private.grammarly.com
dw.grammarly.com
ed.grammarly.com
elb-irl-amz.nimbus.bitdefender.netauth.grammarly.com
emailfeedback.grammarly.com
email.grammarly.com
em.grammarly.com
evil.grammarly.com
extension-popup-editor.grammarly.com
external-225-10.westminnsion-popup-editor.grammarly.com
facade-private.grammarly.com
facade.private.grammarly.com
fb-app.grammarly.com
feedback.grammarly.com
felog.grammarly.com
free.grammarly.com
fridge.grammarly.com
gates.grammarly.com
ghost.grammarly.com
gitlab.grammarly.com
g-mail.grammarly.com
g-mail.internal.grammarly.com
gnar.grammarly.com
go.grammarly.com
goldengate.grammarly.com
.grammarly.com
grammarly.com
graphite.grammarly.com
gstatic.grammarly.com
handbook.grammarly.com
hello.grammarly.com
https7bd77670e64fa3fba6d1ca978b74822d12de471c34019e1ae39d65e42065aa213a7bd77670e64fa3fba6d1ca978b74822d12de471c34019e1ae39d65e42065aa212f7bd77670e64fa3fba6d1ca978b74822d12de471c34019e1ae39d65e42065aa212fapp.grammarly.com
input.grammarly.com
institution.grammarly.com
institution.private.grammarly.com
iosapp-alpha.grammarly.com
iosapp-beta.grammarly.com
iosapp.grammarly.com
irbis.grammarly.com
irbis.private.grammarly.com
jenkins.grammarly.com
jf68o4d501.grammarly.com
jira.grammarly.com
js.grammarly.com
js-static.grammarly.com
knots.grammarly.com
knots.private.grammarly.com
lb2.grammarly.com
lb.grammarly.com
localhost.em.grammarly.com
localhost.security.grammarly.com
log-editor.grammarly.com
log.grammarly.com
logs.grammarly.com
mail.grammarly.com
mail.internal.grammarly.com
mapi.grammarly.com
mercury.grammarly.com
m.grammarly.com
mobile.grammarly.com
ms96324907.grammarly.com
msync.grammarly.com
msync-private.grammarly.com
neweditor.grammarly.com
new-senses.qane.grammarly.com
nexus-ext.grammarly.com
nexus.grammarly.com
ngrams.grammarly.com
ns.grammarly.com
nspl.grammarly.com
o1.email.grammarly.com
o1.grammarly.com
o2.email.grammarly.com
office2.grammarly.com
office-addin.grammarly.com
officeaddin.grammarly.com
orc.grammarly.com
pat.grammarly.com
phoenix.grammarly.com
php1.grammarly.com
php2.grammarly.com
php3.grammarly.com
php.grammarly.com
platform.grammarly.com
popup.grammarly.com
ppne.grammarly.com
preprod.vox-static.grammarly.com
prod.patterns.grammarly.com
proxy.grammarly.com
qa.aicomposer.grammarly.com
qaauth.grammarly.com
qablog.grammarly.com
qacapi.grammarly.com
qadata.grammarly.com
qadox2.grammarly.com
qagnar.grammarly.com
qa.grammarly.com
qairbis.grammarly.com
qane.grammarly.com
qanf.grammarly.com
qa.vox-static.grammarly.com
redirect.grammarly.com
redirect.internal.grammarly.com
redis.grammarly.com
rtmp.zoommarly.grammarly.com
rwsgfy.grammarly.com
sandbox.spellcheck.grammarly.com
sbu.grammarly.com
sdb.grammarly.com
security.grammarly.com
sentinel.grammarly.com
sentinel-private.grammarly.com
sentinel.private.grammarly.com
sentry.grammarly.com
s.grammarly.com
signup.grammarly.com
site.grammarly.com
snippets.grammarly.com
speak.grammarly.com
splunk.grammarly.com
sso.grammarly.com
sso-institutions.grammarly.com
sso.private.grammarly.com
staging-underline.qane.grammarly.com
stat.grammarly.com
static.fridge.grammarly.com
static.grammarly.com
static.institution.grammarly.com
static-v2.institution.grammarly.com
static-web.grammarly.com
stats-public.grammarly.com
subscription.grammarly.com
subscription.private.grammarly.com
tech.grammarly.com
test1.grammarly.com
test2.grammarly.com
test3.grammarly.com
test.grammarly.com
tokenism.grammarly.com
tokenism-private.grammarly.com
tokenism-relay.grammarly.com
tokenism-relay-private.grammarly.com
tokens.grammarly.com
tokens.private.grammarly.com
tracking-storage.grammarly.com
treatment.grammarly.com
tr.grammarly.com
trumpet.grammarly.com
tv.grammarly.com
u003egnar.grammarly.com
u003ewww.grammarly.com
ua-gec-dataset.grammarly.com
uifoundation.grammarly.com
ui.proofit.grammarly.com
update.grammarly.com
update-officeaddin.grammarly.com
update-windows.grammarly.com
valtest.grammarly.com
virt2.grammarly.com
vox-static.grammarly.com
vpn1.grammarly.com
weaknessisourpower.dapi.grammarly.com
wiki.grammarly.com
words.grammarly.com
wstest.grammarly.com
www2.grammarly.com
www.af.grammarly.com
www.autoreport.grammarly.com
www.blog.grammarly.com
www.dev.grammarly.com
www.dev.v.grammarly.com
www.grammarly.com
www.nspl.grammarly.com
zabbix.grammarly.com
zh7m1dptc2.grammarly.com
zoom-callbacks.grammarly.com
zoommarly.grammarly.com
