admin.hotbit.io
api.hotbit.io
appapi.hotbit.io
appversion.hotbit.io
bgpappapi.hotbit.io
bgpws.hotbit.io
ci.hotbit.io
config.hotbit.io
contractadmin.hotbit.io
contract.hotbit.io
d.hotbit.io
dist.hotbit.io
down.hotbit.io
error.hotbit.io
etfws.hotbit.io
fund.hotbit.io
grin.hotbit.io
help.hotbit.io
hotbit.io
httpapi.hotbit.io
kdanode.hotbit.io
makeapi.hotbit.io
maker.hotbit.io
m.hotbit.io
monitor.hotbit.io
mwc.hotbit.io
news.hotbit.io
otcepay.hotbit.io
price.hotbit.io
ptr2.notice.hotbit.io
shellappapi.hotbit.io
shellws.hotbit.io
support.hotbit.io
sykda.hotbit.io
test.hotbit.io
url9878.mailnotice.hotbit.io
walletws.hotbit.io
wnsapi.hotbit.io
wnsdiceapi.hotbit.io
wns.hotbit.io
ws3.hotbit.io
wsapi.hotbit.io
ws.hotbit.io
wssrc.hotbit.io
www.hotbit.io
