0206shin.blog.huobi.com
6shin.blog.huobi.com
account.huobi.com
amecomimovienews.blog.huobi.com
amehou.blog.huobi.com
aphantomtheater.blog.huobi.com
api.huobi.com
asset.huobi.com
autodiscover.huobi.com
autodiscover.mm.huobi.com
bak.huobi.com
bakutotsuma.blog.huobi.com
be.huobi.com
beta.huobi.com
bigdata.huobi.com
blog.huobi.com
bounty.huobi.com
brokerage.huobi.com
broker.huobi.com
c2c.huobi.com
cde.pre.1a.blog.huobi.com
charity.huobi.com
chat.huobi.com
coloc.huobi.com
demo.huobi.com
detail.huobi.com
dev.demo.huobi.com
dev.huobi.com
dev.s.huobi.com
dev.static.huobi.com
_dmarc.huobi.com
dm.huobi.com
eco.huobi.com
emailagent.huobi.com
enterpriseenrollment.huobi.com
enterpriseenrollment.mm.huobi.com
enterpriseregistration.huobi.com
enterpriseregistration.mm.huobi.com
finance.huobi.com
futures.huobi.com
ga.huobi.com
game.huobi.com
general.huobi.com
hdm.huobi.com
hq.huobi.com
huobi.com
im.huobi.com
institution.huobi.com
internal.coloc.huobi.com
internal-data.huobi.com
jenkins.huobi.com
kr.huobi.com
kyc.huobi.com
l10n.huobi.com
lb-test.huobi.com
learn.huobi.com
lite.huobi.com
ltc.huobi.com
lt.huobi.com
lus.huobi.com
lyncdiscover.huobi.com
lyncdiscover.mm.huobi.com
mailagent.huobi.com
mail.huobi.com
market.huobi.com
me.huobi.com
mgtbit.huobi.com
mgtbit-stg.huobi.com
mgt-console.huobi.com
mgt.huobi.com
m.huobi.com
mining.huobi.com
mis-api.huobi.com
mobile.huobi.com
news.huobi.com
nft.huobi.com
nft-old.huobi.com
o1.ptr946.huobi.com
o2.ptr2807.huobi.com
old.huobi.com
origami.huobi.com
otc-api.huobi.com
otc.huobi.com
pledge.huobi.com
pool.huobi.com
portal-mgt.huobi.com
pushmsg.huobi.com
q.huobi.com
research-api.huobi.com
research.huobi.com
s.huobi.com
sip.huobi.com
sip.mm.huobi.com
soft.huobi.com
static.huobi.com
static-stg.huobi.com
superset.huobi.com
support.huobi.com
test01.huobi.com
testnet.huobi.com
track.huobi.com
uc-cn.huobi.com
uc.huobi.com
uc-jp.huobi.com
user-center.huobi.com
user-center-stg.huobi.com
waihui.huobi.com
www.blog.huobi.com
www.huobi.com
www-stg.huobi.com
www.testnet.huobi.com
www.www.www.amecomimovienews.blog.huobi.com
www.www.www.www.amecomimovienews.blog.huobi.com
www.www.www.www.www.amecomimovienews.blog.huobi.com
www.www.www.www.www.www.amecomimovienews.blog.huobi.com
www.www.www.www.www.www.www.amecomimovienews.blog.huobi.com
www.www.www.www.www.www.www.www.www.www.www.www.www.www.www.www.www.www.www.www.www.www.www.www.www.www.www.www.www.www.www.blog.huobi.com
www.www.www.www.www.www.www.www.www.www.www.www.www.www.www.www.www.www.www.www.www.www.www.www.www.www.www.www.www.www.www.www.blog.huobi.com
www.www.www.www.www.www.www.www.www.www.www.www.www.www.www.www.www.www.www.www.www.www.www.www.www.www.www.www.www.www.www.www.www.blog.huobi.com
www.www.www.www.www.www.www.www.www.www.www.www.www.www.www.www.www.www.www.www.www.www.www.www.www.www.www.www.www.www.www.www.www.www.blog.huobi.com
www.www.www.www.www.www.www.www.www.www.www.www.www.www.www.www.www.www.www.www.www.www.www.www.www.www.www.www.www.www.www.www.www.www.www.blog.huobi.com
www.www.www.www.www.www.www.www.www.www.www.www.www.www.www.www.www.www.www.www.www.www.www.www.www.www.www.www.www.www.www.www.www.www.www.www.blog.huobi.com
www.www.www.www.www.www.www.www.www.www.www.www.www.www.www.www.www.www.www.www.www.www.www.www.www.www.www.www.www.www.www.www.www.www.www.www.www.blog.huobi.com
www.www.www.www.www.www.www.www.www.www.www.www.www.www.www.www.www.www.www.www.www.www.www.www.www.www.www.www.www.www.www.www.www.www.www.www.www.www.blog.huobi.com
www.www.www.www.www.www.www.www.www.www.www.www.www.www.www.www.www.www.www.www.www.www.www.www.www.www.www.www.www.www.www.www.www.www.www.www.www.www.www.blog.huobi.com
www.www.www.www.www.www.www.www.www.www.www.www.www.www.www.www.www.www.www.www.www.www.www.www.www.www.www.www.www.www.www.www.www.www.www.www.www.www.www.www.blog.huobi.com
www.www.www.www.www.www.www.www.www.www.www.www.www.www.www.www.www.www.www.www.www.www.www.www.www.www.www.www.www.www.www.www.www.www.www.www.www.www.www.www.www.blog.huobi.com
zendesk1.huobi.com
zendesk3.huobi.com
zendesk4.huobi.com
