abc.iotex.io
analyser-api.iotex.io
analytics-v2-timescaledb-hasura.gcap1.iotex.io
api.iotex.io
api-ucam.iotex.io
api.ucam.iotex.io
api-ucam-staging.iotex.io
avatar.iotex.io
babel-api-beta.mainnet.iotex.io
babel-api.iotex.io
babel-api.mainnet.iotex.io
babel-api.testnet.iotex.io
babel-nightly.iotex.io
blog.iotex.io
bsc-tube.iotex.io
burndrop-db.gcap3.iotex.io
burndrop.iotex.io
captain.cn.iotex.io
captain.dev.iotex.io
captain.gcap1.iotex.io
captain.gcap2.iotex.io
captain.gcap3.iotex.io
captain.hk.iotex.io
captain.test.iotex.io
cdn-ecosystem.iotex.io
cdn.iotex.io
cdn-m2.iotex.io
cert2.iotex.io
certs.iotex.io
checkout.iotex.io
cmc-proxy.iotex.io
cn.iotex.io
codelabs.iotex.io
community.iotex.io
contract.iotex.io
dappsample.iotex.io
delegate.api.iotex.io
delegates.iotex.io
developers.iotex.io
dev.iotex.io
docker.iotex.io
docs.iotex.io
docs-old.iotex.io
droppy1.gcap1.iotex.io
ecosystem.gcap1.iotex.io
ecosystem.iotex.io
embed-ucam.iotex.io
embed.ucam.iotex.io
embed-ucam-staging.iotex.io
ethdenver.iotex.io
eu.iotex.io
faucet.iotex.io
files.gcap1.iotex.io
files.iotex.io
filestash.gcap1.iotex.io
flgsmith.gcap1.iotex.io
forum.iotex.io
fullsync.iotex.io
github.iotex.io
gov.iotex.io
grafana.gcap1.iotex.io
graphcdn-stake.iotex.io
graph.mainnet.iotex.io
graph.testnet.iotex.io
halo.iotex.io
harbor.iotex.io
hk.iotex.io
ide.iotex.io
imgc.iotex.io
index.graph.mainnet.iotex.io
influxdb.iotex.io
iopay-api.iotex.io
iopay.cn.iotex.io
iopay-hk1.iotex.io
iopay.hk.iotex.io
iopay.iotex.io
iopay-v2.iotex.io
iopay-wallet.iotex.io
iotex.dev.iotex.io
iotex.io
iotexproject.iotex.io
iotex.test.iotex.io
iotube-analytics-api.iotex.io
iotube-analytics.iotex.io
ipfs.mainnet.iotex.io
jenkins.iotex.io
launch.iotex.io
local2.iotex.io
local.iotex.io
log1.iotex.io
log.iotex.io
mainnet.iotex.io
masterservice-ucam.iotex.io
member-api.iotex.io
member.cn.iotex.io
member-dev.iotex.io
member.gcap3.iotex.io
member.hk.iotex.io
member.iotex.io
member-jp-mirror.iotex.io
member-proxy.iotex.io
member-rehearsal.iotex.io
member-staging.iotex.io
member-testnet.iotex.io
metric.api.iotex.io
mimo.hk.iotex.io
n8n.gcap1.iotex.io
n8n.iotex.io
nextcloud.gcap1.iotex.io
nft.iotex.io
node.cn.iotex.io
node-hk1.iotex.io
node-hk2.iotex.io
node.hk.iotex.io
node-test-hk1.iotex.io
node-test.hk.iotex.io
nsv3.api.iotex.io
nsv3-hasura.iotex.io
onboard.iotex.io
p2pcontroller-ucam.iotex.io
p2pcontroller.ucam.iotex.io
pebble.iotex.io
pharos.iotex.io
phoenix.iotex.io
pokt-api.iotex.io
pop.iotex.io
portainer.gcap1.iotex.io
push-ucam.iotex.io
push.ucam.iotex.io
rclone.iotex.io
registry.cn.iotex.io
registry.gcap1.iotex.io
rpc.api.iotex.io
rpc.graph.mainnet.iotex.io
s3-ucam.iotex.io
s3.ucam.iotex.io
sentry.gcap1.iotex.io
snapshot.dev.iotex.io
stake.iotex.io
striapi-core.dev.iotex.io
support.iotex.io
test1.iotex.io
test.cn.iotex.io
test.iotex.io
testnet.iotex.io
test-tube.iotex.io
test-wordpress.gcap1.iotex.io
tube.iotex.io
tube-v4.iotex.io
tube-v5.iotex.io
ucam2.iotex.io
ucam-api.hk.iotex.io
ucam.iotex.io
ucam-server.hk.iotex.io
uptime.gcap1.iotex.io
uptime.iotex.io
us.iotex.io
v1.iotex.io
v3.stake.iotex.io
vita-bid.gcap1.iotex.io
vita.iotex.io
vita-staging.iotex.io
web-burndrop.gcap3.iotex.io
web-member.gcap3.iotex.io
web-native-staking-v2.cn.iotex.io
wordpress-wordpress.gcap1.iotex.io
workflow.iotex.io
wp.gcap1.iotex.io
wp.gcap2.iotex.io
wp-wordpress.gcap2.iotex.io
www-dev.iotex.io
www.iotex.io
www.launch.iotex.io
