admin.joinclubhouse.com
admin-partner.joinclubhouse.com
admin-staging.joinclubhouse.com
api.staging.joinclubhouse.com
bulletinadd.joinclubhouse.com
bulletin.joinclubhouse.com
community.joinclubhouse.com
creatorfirst.joinclubhouse.com
https-www.joinclubhouse.com
httpswww.joinclubhouse.com
incident.joinclubhouse.com
ios.joinclubhouse.com
ios-staging.joinclubhouse.com
joinclubhouse.com
maintainance.joinclubhouse.com
maintenance.joinclubhouse.com
o1.ptr382.joinclubhouse.com
o2.ptr102.joinclubhouse.com
partnerships.joinclubhouse.com
privacy.joinclubhouse.com
profilealert.joinclubhouse.com
shhhh.joinclubhouse.com
shhh.joinclubhouse.com
staging-images.joinclubhouse.com
staging.joinclubhouse.com
support.joinclubhouse.com
supportrequest.joinclubhouse.com
suspension.joinclubhouse.com
testflight.joinclubhouse.com
tos.joinclubhouse.com
url5341.joinclubhouse.com
welcome.joinclubhouse.com
whatsnew.joinclubhouse.com
ww.joinclubhouse.com
www.joinclubhouse.com
zendesk1.joinclubhouse.com
zendesk2.joinclubhouse.com
zendesk3.joinclubhouse.com
zendesk4.joinclubhouse.com
zendesk.joinclubhouse.com
