api-dev.kindredext.net
api-qa1.kindredext.net
auth.kindredext.net
auth-qa1.kindredext.net
ci1.mt1.kindredext.net
clientssl.kindredext.net
clientssl-qa1.kindredext.net
d2-dev.kindredext.net
d2.kindredext.net
d2-pt.kindredext.net
dev.mt1.kindredext.net
dr1.xa5.kindredext.net
dr1.xa6.kindredext.net
kindredext.net
nl-reporting.kindredext.net
prod1.mt1.kindredext.net
prod1.us1.kindredext.net
pt1.mt1.kindredext.net
pt1.us-nj1.kindredext.net
qa1.mt1.kindredext.net
si1.mt1.kindredext.net
si1.us1.kindredext.net
si1.us2.kindredext.net
si1.us3.kindredext.net
si1.xa3.kindredext.net
si1.xa4.kindredext.net
stage1.us1.kindredext.net
stage1.us-nj1.kindredext.net
xapi-dev.kindredext.net
xapi-qa1.kindredext.net
