api-futures.kucoin.com
api.kucoin.com
api-sandbox-futures.kucoin.com
appapi-sdb.kucoin.com
appapi-v2.kucoin.com
assets-cdn.kucoin.com
assets-currency.kucoin.com
assets.kucoin.com
assets-sdb.kucoin.com
assets-v2.kucoin.com
attachments.kucoin.com
autodiscover.kucoin.com
blog.kucoin.com
cert.kucoin.com
click.e.kucoin.com
clicktrack.kucoin.com
cloud.e.kucoin.com
depositgrin.kucoin.com
_dmarc.kucoin.com
docs.kucoin.com
e.kucoin.com
event.kucoin.com
express.kucoin.com
fd.kucoin.com
frontend-helper.kucoin.com
futures.kucoin.com
grafana-watchdog.kucoin.com
gxvzyvtftysc.kucoin.com
ico.kucoin.com
image.e.kucoin.com
intro.kucoin.com
kcs-info.kucoin.com
kcs.kucoin.com
kitchen-10.kucoin.com
kitchen-1.kucoin.com
kitchen-2.kucoin.com
kitchen-3.kucoin.com
kitchen-4.kucoin.com
kitchen-5.kucoin.com
kitchen-6.kucoin.com
kitchen-7.kucoin.com
kitchen-8.kucoin.com
kitchen-9.kucoin.com
kitchen.kucoin.com
kitchen-sdb.kucoin.com
kitchen-v2.kucoin.com
kucoin.com
land.kucoin.com
land-sdb.kucoin.com
m.kucoin.com
mobile.kucoin.com
mobile-sdb.kucoin.com
mobile-tv.kucoin.com
mta.e.kucoin.com
neotogas.kucoin.com
news-cdn.kucoin.com
news.kucoin.com
ns1.kucoin.com
ns2.kucoin.com
o1.ptr6319.kucoin.com
openapi-sandbox.kucoin.com
openapi-v2.kucoin.com
pangu.kucoin.com
passport.kucoin.com
pop3.kucoin.com
push00.kucoin.com
push0.kucoin.com
push0-v2.kucoin.com
push1.kucoin.com
push-private.kucoin.com
push-socketio.kucoin.com
push-socketio-sandbox.kucoin.com
push-websocket-sandbox.kucoin.com
rfq.kucoin.com
robot.kucoin.com
sandbox-docs.kucoin.com
sandbox-futures.kucoin.com
sandbox.kucoin.com
sentry.kucoin.com
smtp.kucoin.com
staking-zil.kucoin.com
store.kucoin.com
support.kucoin.com
techblog.kucoin.com
test.kucoin.com
token-info.kucoin.com
token-info-sandbox.kucoin.com
trade.kucoin.com
trade-sandbox.kucoin.com
trade-v2.kucoin.com
url1986.kucoin.com
url237.kucoin.com
url2891.kucoin.com
view.e.kucoin.com
waftest.kucoin.com
ws-api.kucoin.com
ws-web.kucoin.com
www.blog.kucoin.com
www.kucoin.com
www.store.kucoin.com
