api.mariacasino.com
autodiscover.mariacasino.com
brand.mariacasino.com
cdn-origin.mariacasino.com
dev.mariacasino.com
e.mariacasino.com
eu.mariacasino.com
eum.mariacasino.com
eu-qa1.mariacasino.com
eu-si1.mariacasino.com
evolivecasino.mariacasino.com
fi.mariacasino.com
fi-qa2.mariacasino.com
fi-si2.mariacasino.com
link.mariacasino.com
livechat.mariacasino.com
mail.mariacasino.com
mariacasino.com
m.mariacasino.com
new.mariacasino.com
no.mariacasino.com
no-qa1.mariacasino.com
no-qa2.mariacasino.com
no-si2.mariacasino.com
o16.sg.email.mariacasino.com
o17.sg.email.mariacasino.com
o18.sg.email.mariacasino.com
payment.mariacasino.com
payment-qa1.mariacasino.com
payment-si1.mariacasino.com
realcasino.mariacasino.com
se.mariacasino.com
smtp02.e.mariacasino.com
staging.mariacasino.com
webmail.mariacasino.com
welcome.mariacasino.com
www.mariacasino.com
www-qa1.mariacasino.com
www-qa2.mariacasino.com
www.sca.mariacasino.com
www.security-limited-service.mariacasino.com
www-si1.mariacasino.com
www-si2.mariacasino.com
www.smoothskin.mariacasino.com
www.suntrsi.mariacasino.com
www.uncharted4.mariacasino.com
www.webshopgb.mariacasino.com
xns.mariacasino.com
