185-152-56-100.ip.nextel.be
185-152-56-101.ip.nextel.be
185-152-56-102.ip.nextel.be
185-152-56-103.ip.nextel.be
185-152-56-104.ip.nextel.be
185-152-56-105.ip.nextel.be
185-152-56-106.ip.nextel.be
185-152-56-107.ip.nextel.be
185-152-56-108.ip.nextel.be
185-152-56-109.ip.nextel.be
185-152-56-10.ip.nextel.be
185-152-56-110.ip.nextel.be
185-152-56-111.ip.nextel.be
185-152-56-112.ip.nextel.be
185-152-56-113.ip.nextel.be
185-152-56-114.ip.nextel.be
185-152-56-115.ip.nextel.be
185-152-56-116.ip.nextel.be
185-152-56-117.ip.nextel.be
185-152-56-118.ip.nextel.be
185-152-56-119.ip.nextel.be
185-152-56-11.ip.nextel.be
185-152-56-120.ip.nextel.be
185-152-56-121.ip.nextel.be
185-152-56-122.ip.nextel.be
185-152-56-123.ip.nextel.be
185-152-56-124.ip.nextel.be
185-152-56-125.ip.nextel.be
185-152-56-126.ip.nextel.be
185-152-56-127.ip.nextel.be
185-152-56-128.ip.nextel.be
185-152-56-129.ip.nextel.be
185-152-56-12.ip.nextel.be
185-152-56-130.ip.nextel.be
185-152-56-131.ip.nextel.be
185-152-56-132.ip.nextel.be
185-152-56-133.ip.nextel.be
185-152-56-134.ip.nextel.be
185-152-56-135.ip.nextel.be
185-152-56-136.ip.nextel.be
185-152-56-137.ip.nextel.be
185-152-56-138.ip.nextel.be
185-152-56-139.ip.nextel.be
185-152-56-13.ip.nextel.be
185-152-56-140.ip.nextel.be
185-152-56-141.ip.nextel.be
185-152-56-142.ip.nextel.be
185-152-56-143.ip.nextel.be
185-152-56-144.ip.nextel.be
185-152-56-145.ip.nextel.be
185-152-56-146.ip.nextel.be
185-152-56-147.ip.nextel.be
185-152-56-148.ip.nextel.be
185-152-56-149.ip.nextel.be
185-152-56-14.ip.nextel.be
185-152-56-150.ip.nextel.be
185-152-56-151.ip.nextel.be
185-152-56-152.ip.nextel.be
185-152-56-153.ip.nextel.be
185-152-56-154.ip.nextel.be
185-152-56-155.ip.nextel.be
185-152-56-156.ip.nextel.be
185-152-56-157.ip.nextel.be
185-152-56-158.ip.nextel.be
185-152-56-159.ip.nextel.be
185-152-56-15.ip.nextel.be
185-152-56-160.ip.nextel.be
185-152-56-161.ip.nextel.be
185-152-56-162.ip.nextel.be
185-152-56-163.ip.nextel.be
185-152-56-164.ip.nextel.be
185-152-56-165.ip.nextel.be
185-152-56-166.ip.nextel.be
185-152-56-167.ip.nextel.be
185-152-56-168.ip.nextel.be
185-152-56-169.ip.nextel.be
185-152-56-16.ip.nextel.be
185-152-56-170.ip.nextel.be
185-152-56-171.ip.nextel.be
185-152-56-172.ip.nextel.be
185-152-56-173.ip.nextel.be
185-152-56-174.ip.nextel.be
185-152-56-175.ip.nextel.be
185-152-56-176.ip.nextel.be
185-152-56-177.ip.nextel.be
185-152-56-178.ip.nextel.be
185-152-56-179.ip.nextel.be
185-152-56-17.ip.nextel.be
185-152-56-180.ip.nextel.be
185-152-56-181.ip.nextel.be
185-152-56-182.ip.nextel.be
185-152-56-183.ip.nextel.be
185-152-56-184.ip.nextel.be
185-152-56-185.ip.nextel.be
185-152-56-186.ip.nextel.be
185-152-56-187.ip.nextel.be
185-152-56-188.ip.nextel.be
185-152-56-189.ip.nextel.be
185-152-56-18.ip.nextel.be
185-152-56-190.ip.nextel.be
185-152-56-191.ip.nextel.be
185-152-56-192.ip.nextel.be
185-152-56-193.ip.nextel.be
185-152-56-194.ip.nextel.be
185-152-56-195.ip.nextel.be
185-152-56-196.ip.nextel.be
185-152-56-197.ip.nextel.be
185-152-56-198.ip.nextel.be
185-152-56-199.ip.nextel.be
185-152-56-19.ip.nextel.be
185-152-56-1.ip.nextel.be
185-152-56-200.ip.nextel.be
185-152-56-201.ip.nextel.be
185-152-56-202.ip.nextel.be
185-152-56-203.ip.nextel.be
185-152-56-204.ip.nextel.be
185-152-56-205.ip.nextel.be
185-152-56-206.ip.nextel.be
185-152-56-207.ip.nextel.be
185-152-56-208.ip.nextel.be
185-152-56-209.ip.nextel.be
185-152-56-20.ip.nextel.be
185-152-56-210.ip.nextel.be
185-152-56-211.ip.nextel.be
185-152-56-212.ip.nextel.be
185-152-56-213.ip.nextel.be
185-152-56-214.ip.nextel.be
185-152-56-215.ip.nextel.be
185-152-56-216.ip.nextel.be
185-152-56-217.ip.nextel.be
185-152-56-218.ip.nextel.be
185-152-56-219.ip.nextel.be
185-152-56-21.ip.nextel.be
185-152-56-220.ip.nextel.be
185-152-56-221.ip.nextel.be
185-152-56-222.ip.nextel.be
185-152-56-223.ip.nextel.be
185-152-56-224.ip.nextel.be
185-152-56-225.ip.nextel.be
185-152-56-226.ip.nextel.be
185-152-56-227.ip.nextel.be
185-152-56-228.ip.nextel.be
185-152-56-229.ip.nextel.be
185-152-56-22.ip.nextel.be
185-152-56-230.ip.nextel.be
185-152-56-231.ip.nextel.be
185-152-56-232.ip.nextel.be
185-152-56-233.ip.nextel.be
185-152-56-234.ip.nextel.be
185-152-56-235.ip.nextel.be
185-152-56-236.ip.nextel.be
185-152-56-237.ip.nextel.be
185-152-56-238.ip.nextel.be
185-152-56-239.ip.nextel.be
185-152-56-23.ip.nextel.be
185-152-56-240.ip.nextel.be
185-152-56-241.ip.nextel.be
185-152-56-242.ip.nextel.be
185-152-56-243.ip.nextel.be
185-152-56-244.ip.nextel.be
185-152-56-245.ip.nextel.be
185-152-56-246.ip.nextel.be
185-152-56-247.ip.nextel.be
185-152-56-248.ip.nextel.be
185-152-56-249.ip.nextel.be
185-152-56-24.ip.nextel.be
185-152-56-250.ip.nextel.be
185-152-56-251.ip.nextel.be
185-152-56-252.ip.nextel.be
185-152-56-253.ip.nextel.be
185-152-56-254.ip.nextel.be
185-152-56-255.ip.nextel.be
185-152-56-25.ip.nextel.be
185-152-56-26.ip.nextel.be
185-152-56-27.ip.nextel.be
185-152-56-28.ip.nextel.be
185-152-56-29.ip.nextel.be
185-152-56-2.ip.nextel.be
185-152-56-30.ip.nextel.be
185-152-56-31.ip.nextel.be
185-152-56-32.ip.nextel.be
185-152-56-33.ip.nextel.be
185-152-56-34.ip.nextel.be
185-152-56-35.ip.nextel.be
185-152-56-36.ip.nextel.be
185-152-56-37.ip.nextel.be
185-152-56-38.ip.nextel.be
185-152-56-39.ip.nextel.be
185-152-56-3.ip.nextel.be
185-152-56-40.ip.nextel.be
185-152-56-41.ip.nextel.be
185-152-56-42.ip.nextel.be
185-152-56-43.ip.nextel.be
185-152-56-44.ip.nextel.be
185-152-56-45.ip.nextel.be
185-152-56-46.ip.nextel.be
185-152-56-47.ip.nextel.be
185-152-56-48.ip.nextel.be
185-152-56-49.ip.nextel.be
185-152-56-4.ip.nextel.be
185-152-56-50.ip.nextel.be
185-152-56-51.ip.nextel.be
185-152-56-52.ip.nextel.be
185-152-56-53.ip.nextel.be
185-152-56-54.ip.nextel.be
185-152-56-55.ip.nextel.be
185-152-56-56.ip.nextel.be
185-152-56-57.ip.nextel.be
185-152-56-58.ip.nextel.be
185-152-56-59.ip.nextel.be
185-152-56-5.ip.nextel.be
185-152-56-60.ip.nextel.be
185-152-56-61.ip.nextel.be
185-152-56-62.ip.nextel.be
185-152-56-63.ip.nextel.be
185-152-56-64.ip.nextel.be
185-152-56-65.ip.nextel.be
185-152-56-66.ip.nextel.be
185-152-56-67.ip.nextel.be
185-152-56-68.ip.nextel.be
185-152-56-69.ip.nextel.be
185-152-56-6.ip.nextel.be
185-152-56-70.ip.nextel.be
185-152-56-71.ip.nextel.be
185-152-56-72.ip.nextel.be
185-152-56-73.ip.nextel.be
185-152-56-74.ip.nextel.be
185-152-56-75.ip.nextel.be
185-152-56-76.ip.nextel.be
185-152-56-77.ip.nextel.be
185-152-56-78.ip.nextel.be
185-152-56-79.ip.nextel.be
185-152-56-7.ip.nextel.be
185-152-56-80.ip.nextel.be
185-152-56-81.ip.nextel.be
185-152-56-82.ip.nextel.be
185-152-56-83.ip.nextel.be
185-152-56-84.ip.nextel.be
185-152-56-85.ip.nextel.be
185-152-56-86.ip.nextel.be
185-152-56-87.ip.nextel.be
185-152-56-88.ip.nextel.be
185-152-56-89.ip.nextel.be
185-152-56-8.ip.nextel.be
185-152-56-90.ip.nextel.be
185-152-56-91.ip.nextel.be
185-152-56-92.ip.nextel.be
185-152-56-93.ip.nextel.be
185-152-56-94.ip.nextel.be
185-152-56-95.ip.nextel.be
185-152-56-96.ip.nextel.be
185-152-56-97.ip.nextel.be
185-152-56-98.ip.nextel.be
185-152-56-99.ip.nextel.be
185-152-56-9.ip.nextel.be
185-152-57-100.ip.nextel.be
185-152-57-101.ip.nextel.be
185-152-57-102.ip.nextel.be
185-152-57-103.ip.nextel.be
185-152-57-104.ip.nextel.be
185-152-57-105.ip.nextel.be
185-152-57-106.ip.nextel.be
185-152-57-107.ip.nextel.be
185-152-57-108.ip.nextel.be
185-152-57-109.ip.nextel.be
185-152-57-10.ip.nextel.be
185-152-57-110.ip.nextel.be
185-152-57-111.ip.nextel.be
185-152-57-112.ip.nextel.be
185-152-57-113.ip.nextel.be
185-152-57-114.ip.nextel.be
185-152-57-115.ip.nextel.be
185-152-57-116.ip.nextel.be
185-152-57-117.ip.nextel.be
185-152-57-118.ip.nextel.be
185-152-57-119.ip.nextel.be
185-152-57-11.ip.nextel.be
185-152-57-120.ip.nextel.be
185-152-57-121.ip.nextel.be
185-152-57-122.ip.nextel.be
185-152-57-123.ip.nextel.be
185-152-57-124.ip.nextel.be
185-152-57-125.ip.nextel.be
185-152-57-126.ip.nextel.be
185-152-57-127.ip.nextel.be
185-152-57-128.ip.nextel.be
185-152-57-129.ip.nextel.be
185-152-57-12.ip.nextel.be
185-152-57-130.ip.nextel.be
185-152-57-131.ip.nextel.be
185-152-57-132.ip.nextel.be
185-152-57-133.ip.nextel.be
185-152-57-134.ip.nextel.be
185-152-57-135.ip.nextel.be
185-152-57-136.ip.nextel.be
185-152-57-137.ip.nextel.be
185-152-57-138.ip.nextel.be
185-152-57-139.ip.nextel.be
185-152-57-13.ip.nextel.be
185-152-57-140.ip.nextel.be
185-152-57-141.ip.nextel.be
185-152-57-142.ip.nextel.be
185-152-57-143.ip.nextel.be
185-152-57-144.ip.nextel.be
185-152-57-145.ip.nextel.be
185-152-57-146.ip.nextel.be
185-152-57-147.ip.nextel.be
185-152-57-148.ip.nextel.be
185-152-57-149.ip.nextel.be
185-152-57-14.ip.nextel.be
185-152-57-150.ip.nextel.be
185-152-57-151.ip.nextel.be
185-152-57-152.ip.nextel.be
185-152-57-153.ip.nextel.be
185-152-57-154.ip.nextel.be
185-152-57-155.ip.nextel.be
185-152-57-156.ip.nextel.be
185-152-57-157.ip.nextel.be
185-152-57-158.ip.nextel.be
185-152-57-159.ip.nextel.be
185-152-57-15.ip.nextel.be
185-152-57-160.ip.nextel.be
185-152-57-161.ip.nextel.be
185-152-57-162.ip.nextel.be
185-152-57-163.ip.nextel.be
185-152-57-164.ip.nextel.be
185-152-57-165.ip.nextel.be
185-152-57-166.ip.nextel.be
185-152-57-167.ip.nextel.be
185-152-57-168.ip.nextel.be
185-152-57-169.ip.nextel.be
185-152-57-16.ip.nextel.be
185-152-57-170.ip.nextel.be
185-152-57-171.ip.nextel.be
185-152-57-172.ip.nextel.be
185-152-57-173.ip.nextel.be
185-152-57-174.ip.nextel.be
185-152-57-175.ip.nextel.be
185-152-57-176.ip.nextel.be
185-152-57-177.ip.nextel.be
185-152-57-178.ip.nextel.be
185-152-57-179.ip.nextel.be
185-152-57-17.ip.nextel.be
185-152-57-180.ip.nextel.be
185-152-57-181.ip.nextel.be
185-152-57-182.ip.nextel.be
185-152-57-183.ip.nextel.be
185-152-57-184.ip.nextel.be
185-152-57-185.ip.nextel.be
185-152-57-186.ip.nextel.be
185-152-57-187.ip.nextel.be
185-152-57-188.ip.nextel.be
185-152-57-189.ip.nextel.be
185-152-57-18.ip.nextel.be
185-152-57-190.ip.nextel.be
185-152-57-191.ip.nextel.be
185-152-57-192.ip.nextel.be
185-152-57-193.ip.nextel.be
185-152-57-194.ip.nextel.be
185-152-57-195.ip.nextel.be
185-152-57-196.ip.nextel.be
185-152-57-197.ip.nextel.be
185-152-57-198.ip.nextel.be
185-152-57-199.ip.nextel.be
185-152-57-19.ip.nextel.be
185-152-57-1.ip.nextel.be
185-152-57-200.ip.nextel.be
185-152-57-201.ip.nextel.be
185-152-57-202.ip.nextel.be
185-152-57-203.ip.nextel.be
185-152-57-204.ip.nextel.be
185-152-57-205.ip.nextel.be
185-152-57-206.ip.nextel.be
185-152-57-207.ip.nextel.be
185-152-57-208.ip.nextel.be
185-152-57-209.ip.nextel.be
185-152-57-20.ip.nextel.be
185-152-57-210.ip.nextel.be
185-152-57-211.ip.nextel.be
185-152-57-212.ip.nextel.be
185-152-57-213.ip.nextel.be
185-152-57-214.ip.nextel.be
185-152-57-215.ip.nextel.be
185-152-57-216.ip.nextel.be
185-152-57-217.ip.nextel.be
185-152-57-218.ip.nextel.be
185-152-57-219.ip.nextel.be
185-152-57-21.ip.nextel.be
185-152-57-220.ip.nextel.be
185-152-57-221.ip.nextel.be
185-152-57-222.ip.nextel.be
185-152-57-223.ip.nextel.be
185-152-57-224.ip.nextel.be
185-152-57-225.ip.nextel.be
185-152-57-226.ip.nextel.be
185-152-57-227.ip.nextel.be
185-152-57-228.ip.nextel.be
185-152-57-229.ip.nextel.be
185-152-57-22.ip.nextel.be
185-152-57-230.ip.nextel.be
185-152-57-231.ip.nextel.be
185-152-57-232.ip.nextel.be
185-152-57-233.ip.nextel.be
185-152-57-234.ip.nextel.be
185-152-57-235.ip.nextel.be
185-152-57-236.ip.nextel.be
185-152-57-237.ip.nextel.be
185-152-57-238.ip.nextel.be
185-152-57-239.ip.nextel.be
185-152-57-23.ip.nextel.be
185-152-57-240.ip.nextel.be
185-152-57-241.ip.nextel.be
185-152-57-242.ip.nextel.be
185-152-57-243.ip.nextel.be
185-152-57-244.ip.nextel.be
185-152-57-245.ip.nextel.be
185-152-57-246.ip.nextel.be
185-152-57-247.ip.nextel.be
185-152-57-248.ip.nextel.be
185-152-57-249.ip.nextel.be
185-152-57-24.ip.nextel.be
185-152-57-250.ip.nextel.be
185-152-57-251.ip.nextel.be
185-152-57-252.ip.nextel.be
185-152-57-253.ip.nextel.be
185-152-57-254.ip.nextel.be
185-152-57-25.ip.nextel.be
185-152-57-26.ip.nextel.be
185-152-57-27.ip.nextel.be
185-152-57-28.ip.nextel.be
185-152-57-29.ip.nextel.be
185-152-57-2.ip.nextel.be
185-152-57-30.ip.nextel.be
185-152-57-31.ip.nextel.be
185-152-57-32.ip.nextel.be
185-152-57-33.ip.nextel.be
185-152-57-34.ip.nextel.be
185-152-57-35.ip.nextel.be
185-152-57-36.ip.nextel.be
185-152-57-37.ip.nextel.be
185-152-57-38.ip.nextel.be
185-152-57-39.ip.nextel.be
185-152-57-3.ip.nextel.be
185-152-57-40.ip.nextel.be
185-152-57-41.ip.nextel.be
185-152-57-42.ip.nextel.be
185-152-57-43.ip.nextel.be
185-152-57-44.ip.nextel.be
185-152-57-45.ip.nextel.be
185-152-57-46.ip.nextel.be
185-152-57-47.ip.nextel.be
185-152-57-48.ip.nextel.be
185-152-57-49.ip.nextel.be
185-152-57-4.ip.nextel.be
185-152-57-50.ip.nextel.be
185-152-57-51.ip.nextel.be
185-152-57-52.ip.nextel.be
185-152-57-53.ip.nextel.be
185-152-57-54.ip.nextel.be
185-152-57-55.ip.nextel.be
185-152-57-56.ip.nextel.be
185-152-57-57.ip.nextel.be
185-152-57-58.ip.nextel.be
185-152-57-59.ip.nextel.be
185-152-57-5.ip.nextel.be
185-152-57-60.ip.nextel.be
185-152-57-61.ip.nextel.be
185-152-57-62.ip.nextel.be
185-152-57-63.ip.nextel.be
185-152-57-64.ip.nextel.be
185-152-57-65.ip.nextel.be
185-152-57-66.ip.nextel.be
185-152-57-67.ip.nextel.be
185-152-57-68.ip.nextel.be
185-152-57-69.ip.nextel.be
185-152-57-6.ip.nextel.be
185-152-57-70.ip.nextel.be
185-152-57-71.ip.nextel.be
185-152-57-72.ip.nextel.be
185-152-57-73.ip.nextel.be
185-152-57-74.ip.nextel.be
185-152-57-75.ip.nextel.be
185-152-57-76.ip.nextel.be
185-152-57-77.ip.nextel.be
185-152-57-78.ip.nextel.be
185-152-57-79.ip.nextel.be
185-152-57-7.ip.nextel.be
185-152-57-80.ip.nextel.be
185-152-57-81.ip.nextel.be
185-152-57-82.ip.nextel.be
185-152-57-83.ip.nextel.be
185-152-57-84.ip.nextel.be
185-152-57-85.ip.nextel.be
185-152-57-86.ip.nextel.be
185-152-57-87.ip.nextel.be
185-152-57-88.ip.nextel.be
185-152-57-89.ip.nextel.be
185-152-57-8.ip.nextel.be
185-152-57-90.ip.nextel.be
185-152-57-91.ip.nextel.be
185-152-57-92.ip.nextel.be
185-152-57-93.ip.nextel.be
185-152-57-94.ip.nextel.be
185-152-57-95.ip.nextel.be
185-152-57-96.ip.nextel.be
185-152-57-97.ip.nextel.be
185-152-57-98.ip.nextel.be
185-152-57-99.ip.nextel.be
185-152-57-9.ip.nextel.be
185-152-58-100.ip.nextel.be
185-152-58-101.ip.nextel.be
185-152-58-102.ip.nextel.be
185-152-58-103.ip.nextel.be
185-152-58-104.ip.nextel.be
185-152-58-105.ip.nextel.be
185-152-58-106.ip.nextel.be
185-152-58-107.ip.nextel.be
185-152-58-108.ip.nextel.be
185-152-58-109.ip.nextel.be
185-152-58-10.ip.nextel.be
185-152-58-110.ip.nextel.be
185-152-58-111.ip.nextel.be
185-152-58-112.ip.nextel.be
185-152-58-113.ip.nextel.be
185-152-58-114.ip.nextel.be
185-152-58-115.ip.nextel.be
185-152-58-116.ip.nextel.be
185-152-58-117.ip.nextel.be
185-152-58-118.ip.nextel.be
185-152-58-119.ip.nextel.be
185-152-58-11.ip.nextel.be
185-152-58-120.ip.nextel.be
185-152-58-121.ip.nextel.be
185-152-58-122.ip.nextel.be
185-152-58-123.ip.nextel.be
185-152-58-124.ip.nextel.be
185-152-58-125.ip.nextel.be
185-152-58-126.ip.nextel.be
185-152-58-127.ip.nextel.be
185-152-58-128.ip.nextel.be
185-152-58-129.ip.nextel.be
185-152-58-12.ip.nextel.be
185-152-58-130.ip.nextel.be
185-152-58-131.ip.nextel.be
185-152-58-132.ip.nextel.be
185-152-58-133.ip.nextel.be
185-152-58-134.ip.nextel.be
185-152-58-135.ip.nextel.be
185-152-58-136.ip.nextel.be
185-152-58-137.ip.nextel.be
185-152-58-138.ip.nextel.be
185-152-58-139.ip.nextel.be
185-152-58-13.ip.nextel.be
185-152-58-140.ip.nextel.be
185-152-58-141.ip.nextel.be
185-152-58-142.ip.nextel.be
185-152-58-143.ip.nextel.be
185-152-58-144.ip.nextel.be
185-152-58-145.ip.nextel.be
185-152-58-146.ip.nextel.be
185-152-58-147.ip.nextel.be
185-152-58-148.ip.nextel.be
185-152-58-149.ip.nextel.be
185-152-58-14.ip.nextel.be
185-152-58-150.ip.nextel.be
185-152-58-151.ip.nextel.be
185-152-58-152.ip.nextel.be
185-152-58-153.ip.nextel.be
185-152-58-154.ip.nextel.be
185-152-58-155.ip.nextel.be
185-152-58-156.ip.nextel.be
185-152-58-157.ip.nextel.be
185-152-58-158.ip.nextel.be
185-152-58-159.ip.nextel.be
185-152-58-15.ip.nextel.be
185-152-58-160.ip.nextel.be
185-152-58-161.ip.nextel.be
185-152-58-162.ip.nextel.be
185-152-58-163.ip.nextel.be
185-152-58-164.ip.nextel.be
185-152-58-165.ip.nextel.be
185-152-58-166.ip.nextel.be
185-152-58-167.ip.nextel.be
185-152-58-168.ip.nextel.be
185-152-58-169.ip.nextel.be
185-152-58-16.ip.nextel.be
185-152-58-170.ip.nextel.be
185-152-58-171.ip.nextel.be
185-152-58-172.ip.nextel.be
185-152-58-173.ip.nextel.be
185-152-58-174.ip.nextel.be
185-152-58-175.ip.nextel.be
185-152-58-176.ip.nextel.be
185-152-58-177.ip.nextel.be
185-152-58-178.ip.nextel.be
185-152-58-179.ip.nextel.be
185-152-58-17.ip.nextel.be
185-152-58-180.ip.nextel.be
185-152-58-181.ip.nextel.be
185-152-58-182.ip.nextel.be
185-152-58-183.ip.nextel.be
185-152-58-184.ip.nextel.be
185-152-58-185.ip.nextel.be
185-152-58-186.ip.nextel.be
185-152-58-187.ip.nextel.be
185-152-58-188.ip.nextel.be
185-152-58-189.ip.nextel.be
185-152-58-18.ip.nextel.be
185-152-58-190.ip.nextel.be
185-152-58-191.ip.nextel.be
185-152-58-192.ip.nextel.be
185-152-58-193.ip.nextel.be
185-152-58-194.ip.nextel.be
185-152-58-195.ip.nextel.be
185-152-58-196.ip.nextel.be
185-152-58-197.ip.nextel.be
185-152-58-198.ip.nextel.be
185-152-58-199.ip.nextel.be
185-152-58-19.ip.nextel.be
185-152-58-1.ip.nextel.be
185-152-58-200.ip.nextel.be
185-152-58-201.ip.nextel.be
185-152-58-202.ip.nextel.be
185-152-58-203.ip.nextel.be
185-152-58-204.ip.nextel.be
185-152-58-205.ip.nextel.be
185-152-58-206.ip.nextel.be
185-152-58-207.ip.nextel.be
185-152-58-208.ip.nextel.be
185-152-58-209.ip.nextel.be
185-152-58-20.ip.nextel.be
185-152-58-210.ip.nextel.be
185-152-58-211.ip.nextel.be
185-152-58-212.ip.nextel.be
185-152-58-213.ip.nextel.be
185-152-58-214.ip.nextel.be
185-152-58-215.ip.nextel.be
185-152-58-216.ip.nextel.be
185-152-58-217.ip.nextel.be
185-152-58-218.ip.nextel.be
185-152-58-219.ip.nextel.be
185-152-58-21.ip.nextel.be
185-152-58-220.ip.nextel.be
185-152-58-221.ip.nextel.be
185-152-58-222.ip.nextel.be
185-152-58-223.ip.nextel.be
185-152-58-224.ip.nextel.be
185-152-58-225.ip.nextel.be
185-152-58-226.ip.nextel.be
185-152-58-227.ip.nextel.be
185-152-58-228.ip.nextel.be
185-152-58-229.ip.nextel.be
185-152-58-22.ip.nextel.be
185-152-58-230.ip.nextel.be
185-152-58-231.ip.nextel.be
185-152-58-232.ip.nextel.be
185-152-58-233.ip.nextel.be
185-152-58-234.ip.nextel.be
185-152-58-235.ip.nextel.be
185-152-58-236.ip.nextel.be
185-152-58-237.ip.nextel.be
185-152-58-238.ip.nextel.be
185-152-58-239.ip.nextel.be
185-152-58-23.ip.nextel.be
185-152-58-240.ip.nextel.be
185-152-58-241.ip.nextel.be
185-152-58-242.ip.nextel.be
185-152-58-243.ip.nextel.be
185-152-58-244.ip.nextel.be
185-152-58-245.ip.nextel.be
185-152-58-246.ip.nextel.be
185-152-58-247.ip.nextel.be
185-152-58-248.ip.nextel.be
185-152-58-249.ip.nextel.be
185-152-58-24.ip.nextel.be
185-152-58-250.ip.nextel.be
185-152-58-251.ip.nextel.be
185-152-58-252.ip.nextel.be
185-152-58-253.ip.nextel.be
185-152-58-254.ip.nextel.be
185-152-58-25.ip.nextel.be
185-152-58-26.ip.nextel.be
185-152-58-27.ip.nextel.be
185-152-58-28.ip.nextel.be
185-152-58-29.ip.nextel.be
185-152-58-2.ip.nextel.be
185-152-58-30.ip.nextel.be
185-152-58-31.ip.nextel.be
185-152-58-32.ip.nextel.be
185-152-58-33.ip.nextel.be
185-152-58-34.ip.nextel.be
185-152-58-35.ip.nextel.be
185-152-58-36.ip.nextel.be
185-152-58-37.ip.nextel.be
185-152-58-38.ip.nextel.be
185-152-58-39.ip.nextel.be
185-152-58-3.ip.nextel.be
185-152-58-40.ip.nextel.be
185-152-58-41.ip.nextel.be
185-152-58-42.ip.nextel.be
185-152-58-43.ip.nextel.be
185-152-58-44.ip.nextel.be
185-152-58-45.ip.nextel.be
185-152-58-46.ip.nextel.be
185-152-58-47.ip.nextel.be
185-152-58-48.ip.nextel.be
185-152-58-49.ip.nextel.be
185-152-58-4.ip.nextel.be
185-152-58-50.ip.nextel.be
185-152-58-51.ip.nextel.be
185-152-58-52.ip.nextel.be
185-152-58-53.ip.nextel.be
185-152-58-54.ip.nextel.be
185-152-58-55.ip.nextel.be
185-152-58-56.ip.nextel.be
185-152-58-57.ip.nextel.be
185-152-58-58.ip.nextel.be
185-152-58-59.ip.nextel.be
185-152-58-5.ip.nextel.be
185-152-58-60.ip.nextel.be
185-152-58-61.ip.nextel.be
185-152-58-62.ip.nextel.be
185-152-58-63.ip.nextel.be
185-152-58-64.ip.nextel.be
185-152-58-65.ip.nextel.be
185-152-58-66.ip.nextel.be
185-152-58-67.ip.nextel.be
185-152-58-68.ip.nextel.be
185-152-58-69.ip.nextel.be
185-152-58-6.ip.nextel.be
185-152-58-70.ip.nextel.be
185-152-58-71.ip.nextel.be
185-152-58-72.ip.nextel.be
185-152-58-73.ip.nextel.be
185-152-58-74.ip.nextel.be
185-152-58-75.ip.nextel.be
185-152-58-76.ip.nextel.be
185-152-58-77.ip.nextel.be
185-152-58-78.ip.nextel.be
185-152-58-79.ip.nextel.be
185-152-58-7.ip.nextel.be
185-152-58-80.ip.nextel.be
185-152-58-81.ip.nextel.be
185-152-58-82.ip.nextel.be
185-152-58-83.ip.nextel.be
185-152-58-84.ip.nextel.be
185-152-58-85.ip.nextel.be
185-152-58-86.ip.nextel.be
185-152-58-87.ip.nextel.be
185-152-58-88.ip.nextel.be
185-152-58-89.ip.nextel.be
185-152-58-8.ip.nextel.be
185-152-58-90.ip.nextel.be
185-152-58-91.ip.nextel.be
185-152-58-92.ip.nextel.be
185-152-58-93.ip.nextel.be
185-152-58-94.ip.nextel.be
185-152-58-95.ip.nextel.be
185-152-58-96.ip.nextel.be
185-152-58-97.ip.nextel.be
185-152-58-98.ip.nextel.be
185-152-58-99.ip.nextel.be
185-152-58-9.ip.nextel.be
185-152-59-100.ip.nextel.be
185-152-59-101.ip.nextel.be
185-152-59-102.ip.nextel.be
185-152-59-103.ip.nextel.be
185-152-59-104.ip.nextel.be
185-152-59-105.ip.nextel.be
185-152-59-106.ip.nextel.be
185-152-59-107.ip.nextel.be
185-152-59-108.ip.nextel.be
185-152-59-109.ip.nextel.be
185-152-59-10.ip.nextel.be
185-152-59-110.ip.nextel.be
185-152-59-111.ip.nextel.be
185-152-59-112.ip.nextel.be
185-152-59-113.ip.nextel.be
185-152-59-114.ip.nextel.be
185-152-59-115.ip.nextel.be
185-152-59-116.ip.nextel.be
185-152-59-117.ip.nextel.be
185-152-59-118.ip.nextel.be
185-152-59-119.ip.nextel.be
185-152-59-11.ip.nextel.be
185-152-59-120.ip.nextel.be
185-152-59-121.ip.nextel.be
185-152-59-122.ip.nextel.be
185-152-59-123.ip.nextel.be
185-152-59-124.ip.nextel.be
185-152-59-125.ip.nextel.be
185-152-59-126.ip.nextel.be
185-152-59-127.ip.nextel.be
185-152-59-128.ip.nextel.be
185-152-59-129.ip.nextel.be
185-152-59-12.ip.nextel.be
185-152-59-130.ip.nextel.be
185-152-59-131.ip.nextel.be
185-152-59-132.ip.nextel.be
185-152-59-133.ip.nextel.be
185-152-59-134.ip.nextel.be
185-152-59-135.ip.nextel.be
185-152-59-136.ip.nextel.be
185-152-59-137.ip.nextel.be
185-152-59-138.ip.nextel.be
185-152-59-139.ip.nextel.be
185-152-59-13.ip.nextel.be
185-152-59-140.ip.nextel.be
185-152-59-141.ip.nextel.be
185-152-59-142.ip.nextel.be
185-152-59-143.ip.nextel.be
185-152-59-144.ip.nextel.be
185-152-59-145.ip.nextel.be
185-152-59-146.ip.nextel.be
185-152-59-147.ip.nextel.be
185-152-59-148.ip.nextel.be
185-152-59-149.ip.nextel.be
185-152-59-14.ip.nextel.be
185-152-59-150.ip.nextel.be
185-152-59-151.ip.nextel.be
185-152-59-152.ip.nextel.be
185-152-59-153.ip.nextel.be
185-152-59-154.ip.nextel.be
185-152-59-155.ip.nextel.be
185-152-59-156.ip.nextel.be
185-152-59-157.ip.nextel.be
185-152-59-158.ip.nextel.be
185-152-59-159.ip.nextel.be
185-152-59-15.ip.nextel.be
185-152-59-160.ip.nextel.be
185-152-59-161.ip.nextel.be
185-152-59-162.ip.nextel.be
185-152-59-163.ip.nextel.be
185-152-59-164.ip.nextel.be
185-152-59-165.ip.nextel.be
185-152-59-166.ip.nextel.be
185-152-59-167.ip.nextel.be
185-152-59-168.ip.nextel.be
185-152-59-169.ip.nextel.be
185-152-59-16.ip.nextel.be
185-152-59-170.ip.nextel.be
185-152-59-171.ip.nextel.be
185-152-59-172.ip.nextel.be
185-152-59-173.ip.nextel.be
185-152-59-174.ip.nextel.be
185-152-59-175.ip.nextel.be
185-152-59-176.ip.nextel.be
185-152-59-177.ip.nextel.be
185-152-59-178.ip.nextel.be
185-152-59-179.ip.nextel.be
185-152-59-17.ip.nextel.be
185-152-59-180.ip.nextel.be
185-152-59-181.ip.nextel.be
185-152-59-182.ip.nextel.be
185-152-59-183.ip.nextel.be
185-152-59-184.ip.nextel.be
185-152-59-185.ip.nextel.be
185-152-59-186.ip.nextel.be
185-152-59-187.ip.nextel.be
185-152-59-188.ip.nextel.be
185-152-59-189.ip.nextel.be
185-152-59-18.ip.nextel.be
185-152-59-190.ip.nextel.be
185-152-59-191.ip.nextel.be
185-152-59-192.ip.nextel.be
185-152-59-193.ip.nextel.be
185-152-59-194.ip.nextel.be
185-152-59-195.ip.nextel.be
185-152-59-196.ip.nextel.be
185-152-59-197.ip.nextel.be
185-152-59-198.ip.nextel.be
185-152-59-199.ip.nextel.be
185-152-59-19.ip.nextel.be
185-152-59-1.ip.nextel.be
185-152-59-200.ip.nextel.be
185-152-59-201.ip.nextel.be
185-152-59-202.ip.nextel.be
185-152-59-203.ip.nextel.be
185-152-59-204.ip.nextel.be
185-152-59-205.ip.nextel.be
185-152-59-206.ip.nextel.be
185-152-59-207.ip.nextel.be
185-152-59-208.ip.nextel.be
185-152-59-209.ip.nextel.be
185-152-59-20.ip.nextel.be
185-152-59-210.ip.nextel.be
185-152-59-211.ip.nextel.be
185-152-59-212.ip.nextel.be
185-152-59-213.ip.nextel.be
185-152-59-214.ip.nextel.be
185-152-59-215.ip.nextel.be
185-152-59-216.ip.nextel.be
185-152-59-217.ip.nextel.be
185-152-59-218.ip.nextel.be
185-152-59-219.ip.nextel.be
185-152-59-21.ip.nextel.be
185-152-59-220.ip.nextel.be
185-152-59-221.ip.nextel.be
185-152-59-222.ip.nextel.be
185-152-59-223.ip.nextel.be
185-152-59-224.ip.nextel.be
185-152-59-225.ip.nextel.be
185-152-59-226.ip.nextel.be
185-152-59-227.ip.nextel.be
185-152-59-228.ip.nextel.be
185-152-59-229.ip.nextel.be
185-152-59-22.ip.nextel.be
185-152-59-230.ip.nextel.be
185-152-59-231.ip.nextel.be
185-152-59-232.ip.nextel.be
185-152-59-233.ip.nextel.be
185-152-59-234.ip.nextel.be
185-152-59-235.ip.nextel.be
185-152-59-236.ip.nextel.be
185-152-59-237.ip.nextel.be
185-152-59-238.ip.nextel.be
185-152-59-239.ip.nextel.be
185-152-59-23.ip.nextel.be
185-152-59-240.ip.nextel.be
185-152-59-241.ip.nextel.be
185-152-59-242.ip.nextel.be
185-152-59-243.ip.nextel.be
185-152-59-244.ip.nextel.be
185-152-59-245.ip.nextel.be
185-152-59-246.ip.nextel.be
185-152-59-247.ip.nextel.be
185-152-59-248.ip.nextel.be
185-152-59-249.ip.nextel.be
185-152-59-24.ip.nextel.be
185-152-59-250.ip.nextel.be
185-152-59-251.ip.nextel.be
185-152-59-252.ip.nextel.be
185-152-59-253.ip.nextel.be
185-152-59-254.ip.nextel.be
185-152-59-25.ip.nextel.be
185-152-59-26.ip.nextel.be
185-152-59-27.ip.nextel.be
185-152-59-28.ip.nextel.be
185-152-59-29.ip.nextel.be
185-152-59-2.ip.nextel.be
185-152-59-30.ip.nextel.be
185-152-59-31.ip.nextel.be
185-152-59-32.ip.nextel.be
185-152-59-33.ip.nextel.be
185-152-59-34.ip.nextel.be
185-152-59-35.ip.nextel.be
185-152-59-36.ip.nextel.be
185-152-59-37.ip.nextel.be
185-152-59-38.ip.nextel.be
185-152-59-39.ip.nextel.be
185-152-59-3.ip.nextel.be
185-152-59-40.ip.nextel.be
185-152-59-41.ip.nextel.be
185-152-59-42.ip.nextel.be
185-152-59-43.ip.nextel.be
185-152-59-44.ip.nextel.be
185-152-59-45.ip.nextel.be
185-152-59-46.ip.nextel.be
185-152-59-47.ip.nextel.be
185-152-59-48.ip.nextel.be
185-152-59-49.ip.nextel.be
185-152-59-4.ip.nextel.be
185-152-59-50.ip.nextel.be
185-152-59-51.ip.nextel.be
185-152-59-52.ip.nextel.be
185-152-59-53.ip.nextel.be
185-152-59-54.ip.nextel.be
185-152-59-55.ip.nextel.be
185-152-59-56.ip.nextel.be
185-152-59-57.ip.nextel.be
185-152-59-58.ip.nextel.be
185-152-59-59.ip.nextel.be
185-152-59-5.ip.nextel.be
185-152-59-60.ip.nextel.be
185-152-59-61.ip.nextel.be
185-152-59-62.ip.nextel.be
185-152-59-63.ip.nextel.be
185-152-59-64.ip.nextel.be
185-152-59-65.ip.nextel.be
185-152-59-66.ip.nextel.be
185-152-59-67.ip.nextel.be
185-152-59-68.ip.nextel.be
185-152-59-69.ip.nextel.be
185-152-59-6.ip.nextel.be
185-152-59-70.ip.nextel.be
185-152-59-71.ip.nextel.be
185-152-59-72.ip.nextel.be
185-152-59-73.ip.nextel.be
185-152-59-74.ip.nextel.be
185-152-59-75.ip.nextel.be
185-152-59-76.ip.nextel.be
185-152-59-77.ip.nextel.be
185-152-59-78.ip.nextel.be
185-152-59-79.ip.nextel.be
185-152-59-7.ip.nextel.be
185-152-59-80.ip.nextel.be
185-152-59-81.ip.nextel.be
185-152-59-82.ip.nextel.be
185-152-59-83.ip.nextel.be
185-152-59-84.ip.nextel.be
185-152-59-85.ip.nextel.be
185-152-59-86.ip.nextel.be
185-152-59-87.ip.nextel.be
185-152-59-88.ip.nextel.be
185-152-59-89.ip.nextel.be
185-152-59-8.ip.nextel.be
185-152-59-90.ip.nextel.be
185-152-59-91.ip.nextel.be
185-152-59-92.ip.nextel.be
185-152-59-93.ip.nextel.be
185-152-59-94.ip.nextel.be
185-152-59-95.ip.nextel.be
185-152-59-96.ip.nextel.be
185-152-59-97.ip.nextel.be
185-152-59-98.ip.nextel.be
185-152-59-99.ip.nextel.be
185-152-59-9.ip.nextel.be
185-154-17-63.ip.nextel.be
185-167-200-239.aspecthost.com5-152-59-59.ip.nextel.be
185-169-131-6.turkrdn-36.ip.nextel.be
185-169-13p.nextel.be
185-169-152-13.ip.nextel.be
185-169-42-114.azirevpn52-58-173.ip.nextel.be
185-169-43-24p.nextel.be
185-170-152-57-237.ip.nextel.be
185-170-168-243.umeriver.com5-152-58-215.ip.nextel.be
1857-192.ip.nextel.be
188.ip.nextel.be
aanvraag.nextel.be
amc.nextel.be
anywhere.nextel.be
apimy.nextel.be
artauat.nextel.be
autodiscover.nextel.be
av.nextel.be
av.training.nextel.be
ca.nextel.be
cdr.nextel.be
citrix.nextel.be
clients.nextel.be
cloudbackup.nextel.be
cloud.nextel.be
conf1.pexip.nextel.be
conf2.pexip.nextel.be
connect.nextel.be
crmdataservice.nextel.be
crm.nextel.be
customers.nextel.be
dailin.nextel.be
dc.nextel.be
dealers.nextel.be
demande.nextel.be
demo.nextel.be
development.nextel.be
dialin.nextel.be
diva.nextel.be
dnn.nextel.be
document.nextel.be
documentsglobal.nextel.be
documenttest.nextel.be
enquete.nextel.be
esupport.nextel.be
external.nextel.be
extern.nextel.be
extranet2.nextel.be
extranet.nextel.be
foncomfort.nextel.be
fs.nextel.be
ftp.nextel.be
global.nextel.be
hivemanager.nextel.be
hmocmwpuurs.nextel.be
hosted-by.poo0.ip.nextel.be
hvac.nextel.be
idx.nextel.be
infra.nextel.be
internal.nextel.be
ipo.demo.nextel.be
ipo.nextel.be
ipo-uc.demo.nextel.be
ipo-uc.nextel.be
ipo-video.demo.nextel.be
iqocmwpuurs.nextel.be
itappnforced.nextel.be
klanten.nextel.be
linqup.nextel.be
linquptemp.nextel.be
lyncdiscover.nextel.be
mail10.nextel.be
mail.demo.nextel.be
mailhost.nextel.be
mail.labo.nextel.be
mail.nextel.be
mailzav.demo.nextel.be
mailzv.nextel.be
marketing.nextel.be
mbg.demo.nextel.be
meerwinst.nextel.be
meeting.nextel.be
meetings.nextel.be
meet.nextel.be
micollab.demo.nextel.be
mobicrmapi.nextel.be
mobicrmapitest.nextel.be
monitoring.nextel.be
mta161.185-152-56-53.ip.nextel.be
mta176.185-152-56-53.ip.nextel.be
mydashboard.nextel.be
my.nextel.be
mynextel.nextel.be
mynextel-public-api.nextel.be
mynextel-public-api-test.nextel.be
myportalmobile.nextel.be
mysack.nextel.be
mytest.nextel.be
new.nextel.be
nextel.be
nforcegame.nextel.be
nocmonitoring.nextel.be
no-r56-38.ip.nextel.be
nosftp.nextel.be
nos.nextel.be
nsc.nextel.be
nxstateps.nextel.be
obmmc.nextel.be
officewa.nextel.be
otuc.demo.nextel.be
pexip.nextel.be
plusprofit.nextel.be
proxy.nextel.be
public-api.nextel.be
public-api-test.nextel.be
pulse.nextel.be
qa-api-my.nextel.be
qi.nextel.be
qrcodes.nextel.be
reset.nextel.be
router.nextel.be
rproxy.nextel.be
sc.nextel.be
sgo.nextel.be
share.nextel.be
sip.nextel.be
sip.training.nextel.be
smartconnection.nextel.be
smartprs.nextel.be
smc.nextel.be
smtphost.nextel.be
ssl.bealert.nextel.be
ssl.nextel.be
ssltest.nextel.be
sslvpn.nextel.be
staging-api-my.nextel.be
staging-my.nextel.be
staging-public-api.nextel.be
support.nextel.be
survey.nextel.be
team.nextel.be
telecare.nextel.be
test-api-my.nextel.be
test-my.nextel.be
test-public-api.nextel.be
tf.nextel.be
tmhe.nextel.be
uat-api-my.nextel.be
uat-my.nextel.be
uat-public-api.nextel.be
url7541.nextel.be
varnish.nextel.be
wachtdienst.nextel.be
webcam.nextel.be
webcon.nextel.be
webcon.training.nextel.be
webext.nextel.be
webmail.nextel.be
www.conf1.pexip.nextel.be
www.conf2.pexip.nextel.be
www.crm.nextel.be
www.foncomfort.nextel.be
www.ftp.nextel.be
www.mailzv.nextel.be
www.micollab.demo.nextel.be
www.nextel.be
www.obmmc.nextel.be
www.officewa.nextel.be
www.qrcodes.nextel.be
www.sip.nextel.be
www.smc.nextel.be
www.ssl.bealert.nextel.be
