api.notional.finance
blog.notional.finance
community.notional.finance
discord.notional.finance
discourse.notional.finance
docs.notional.finance
forum.notional.finance
goerli.api.notional.finance
goerli.notional.finance
grafana.internal.notional.finance
info.notional.finance
internal.notional.finance
kovan.api.notional.finance
kovan.internal.notional.finance
kovan.notional.finance
kovan-v2.notional.finance
kovan-web2.notional.finance
mainnet.internal.notional.finance
newsletter.notional.finance
notional.finance
pgadmin.internal.notional.finance
podcast.notional.finance
prometheus.internal.notional.finance
rinkeby.notional.finance
routes.internal.notional.finance
v1.notional.finance
www.notional.finance
