1xdfu.okx.com
abreuelima.okx.com
ads1.okx.com
ananindeua.okx.com
antispam.okx.com
auth.okx.com
authsmtp.okx.com
avellaneda.okx.com
aws.okx.com
awspush.okx.com
barracuda.okx.com
belgrano.okx.com
comune.okx.com
correo.okx.com
dns.okx.com
dy.okx.com
email.gh-mail.okx.com
email.okx.com
exchange.okx.com
ftp.okx.com
gate.okx.com
go.okx.com
gw.okx.com
hermes.okx.com
home.okx.com
hostmaster.hostmaster.hostmaster.hostmaster.hostmaster.hostmaster.hostmaster.hostmaster.hostmaster.hostmaster.hostmaster.hostmaster.hostmaster.hostmaster.hostmaster.hostmaster.www.okx.com
hostmaster.hostmaster.hostmaster.hostmaster.hostmaster.hostmaster.hostmaster.hostmaster.hostmaster.hostmaster.hostmaster.hostmaster.hostmaster.hostmaster.hostmaster.okx.com
hostmaster.hostmaster.hostmaster.hostmaster.hostmaster.hostmaster.hostmaster.hostmaster.hostmaster.hostmaster.hostmaster.hostmaster.hostmaster.hostmaster.hostmaster.www.okx.com
hostmaster.hostmaster.hostmaster.hostmaster.hostmaster.hostmaster.hostmaster.hostmaster.hostmaster.hostmaster.hostmaster.hostmaster.hostmaster.hostmaster.okx.com
hostmaster.hostmaster.hostmaster.hostmaster.hostmaster.hostmaster.hostmaster.hostmaster.hostmaster.hostmaster.hostmaster.hostmaster.hostmaster.hostmaster.www.okx.com
hostmaster.hostmaster.hostmaster.hostmaster.hostmaster.hostmaster.hostmaster.hostmaster.hostmaster.hostmaster.hostmaster.hostmaster.hostmaster.okx.com
hostmaster.hostmaster.hostmaster.hostmaster.hostmaster.hostmaster.hostmaster.hostmaster.hostmaster.hostmaster.hostmaster.hostmaster.hostmaster.www.okx.com
hostmaster.hostmaster.hostmaster.hostmaster.hostmaster.hostmaster.hostmaster.hostmaster.hostmaster.hostmaster.hostmaster.hostmaster.okx.com
hostmaster.hostmaster.hostmaster.hostmaster.hostmaster.hostmaster.hostmaster.hostmaster.hostmaster.hostmaster.hostmaster.hostmaster.www.okx.com
hostmaster.hostmaster.hostmaster.hostmaster.hostmaster.hostmaster.hostmaster.hostmaster.hostmaster.hostmaster.hostmaster.okx.com
hostmaster.hostmaster.hostmaster.hostmaster.hostmaster.hostmaster.hostmaster.hostmaster.hostmaster.hostmaster.hostmaster.www.okx.com
hostmaster.hostmaster.hostmaster.hostmaster.hostmaster.hostmaster.hostmaster.hostmaster.hostmaster.hostmaster.okx.com
hostmaster.hostmaster.hostmaster.hostmaster.hostmaster.hostmaster.hostmaster.hostmaster.hostmaster.hostmaster.www.okx.com
hostmaster.hostmaster.hostmaster.hostmaster.hostmaster.hostmaster.hostmaster.hostmaster.hostmaster.okx.com
hostmaster.hostmaster.hostmaster.hostmaster.hostmaster.hostmaster.hostmaster.hostmaster.hostmaster.www.okx.com
hostmaster.hostmaster.hostmaster.hostmaster.hostmaster.hostmaster.hostmaster.hostmaster.okx.com
hostmaster.hostmaster.hostmaster.hostmaster.hostmaster.hostmaster.hostmaster.hostmaster.www.okx.com
hostmaster.hostmaster.hostmaster.hostmaster.hostmaster.hostmaster.hostmaster.okx.com
hostmaster.hostmaster.hostmaster.hostmaster.hostmaster.hostmaster.hostmaster.www.okx.com
hostmaster.hostmaster.hostmaster.hostmaster.hostmaster.hostmaster.hostmast.www.okx.com
hostmaster.hostmaster.hostmaster.hostmaster.hostmaster.hostmaster.okx.com
hostmaster.hostmaster.hostmaster.hostmaster.hostmaster.hostmaster.www.okx.com
hostmaster.hostmaster.hostmaster.hostmaster.hostmaster.okx.com
hostmaster.hostmaster.hostmaster.hostmaster.hostmaster.www.okx.com
hostmaster.hostmaster.hostmaster.hostmaster.okx.com
hostmaster.hostmaster.hostmaster.hostmaster.www.okx.com
hostmaster.hostmaster.hostmaster.okx.com
hostmaster.hostmaster.hostmaster.www.okx.com
hostmaster.hostmaster.hostmaster.www.portabadge-master.www.okx.com
hostmaster.hostmaster.okx.com
hostmaster.hostmaster.www.okx.com
hostmaster.okx.com
hostmaster.www.okx.com
hostmastestmaster.hostmaster.hostmaster.okx.com
imap2.okx.com
imap.okx.com
jk.okx.com
learn.okx.com
l.okx.com
mail01.okx.com
mail10.okx.com
mail12.okx.com
mail2.okx.com
mail3.okx.com
mail4.okx.com
mail5.okx.com
mail7.okx.com
mail8.okx.com
mail9.okx.com
mailbox.okx.com
mailer.okx.com
mailgate.okx.com
mailgw.okx.com
mailhost.okx.com
mailin.okx.com
mail.okx.com
mails.okx.com
mailx.okx.com
mbox.okx.com
microsoft.okx.com
m.okx.com
mta.okx.com
mx01.okx.com
mx02.okx.com
mx10.okx.com
mx1.okx.com
mx2.okx.com
mx3.okx.com
mx4.okx.com
mx5.okx.com
mx7.okx.com
mx.okx.com
mxs.okx.com
newmail.okx.com
newsletter.okx.com
ns1.okx.com
ns2.okx.com
ns.okx.com
ok.okx.com
okx.com
outmail.okx.com
pbrand.okx.com
poczta.okx.com
pop3.okx.com
pop.okx.com
posta.okx.com
postmaster.okx.com
post.okx.com
real.okx.com
realpapsrcstarxlx.okx.com
relay2.okx.com
relay.okx.com
remote.okx.com
root.okx.com
secureimap.okx.com
securemail.okx.com
secure.okx.com
server1.okx.com
server2.okx.com
server.okx.com
skevvey.okx.com
smtp1.okx.com
smtp2.okx.com
smtp3.okx.com
smtp.okx.com
smtps.okx.com
sniper.okx.com
spam.okx.com
srv.okx.com
staticaws.okx.com
static.okx.com
test.okx.com
track.msadcenter.okx.com
vmail.okx.com
vps.okx.com
webmail.okx.com
wsaws.okx.com
wsdex.okx.com
wsdexpap.okx.com
wsdexpre.okx.com
ws.okx.com
wspap.okx.com
wspre.okx.com
wspri.okx.com
wspripap.okx.com
www1.okx.com
www.okx.com
zmail.okx.com
