088rdsh01.cookiecompany.online-essentials.be
0-ieeexplore.ieee.org.libmain.online-essentials.be
0-saemobilus.sae.org.library.online-essentials.be
0-www.osapublishing.org.fama.online-essentials.be
17480130.ostk.bm2.prod.gq1.online-essentials.be
685121.file.p23.tc.online-essentials.be
a51228764cdadb4eb5a512cf8eb2a494e.profile.nrt52.online-essentials.be
aalphaloginministrators.alphaloginj-tronics.online-essentials.be
acc.amirrormin.laurieentommy.online-essentials.be
acc.imaplaurieentommy.online-essentials.be
acc.ingamesk8s-dev.online-essentials.be
acc.machine.ms1.online-essentials.be
acc.mail01.tupaja.online-essentials.be
accounting.aapidocsmin-ms.online-essentials.be
accounting.adminwwwmysite.online-essentials.be
accounting.autodiscover-mysite.online-essentials.be
accounting.internals-mysite.online-essentials.be
accounting.mysiteaapidocsmin.online-essentials.be
accounting.mysite.accounting.online-essentials.be
accounting.mysiteapps.online-essentials.be
accounting.mysite-click.online-essentials.be
accounting.mysite-naaimachinesmin.online-essentials.be
accounting.mysitens1.online-essentials.be
accounting.www.laurieentommy-adminsmx7.online-essentials.be
account.verhuringenlinda.events.online-essentials.be
account.verhuringenlindaswagger.online-essentials.be
acc.tupaja-dev.online-essentials.be
active.accounteguro.www.laurieentommy.online-essentials.be
active.account-server.puurlandelijk.online-essentials.be
active.active-websitereports-www.puurlandelijk.online-essentials.be
active.admeguro-www.puurlandelijk.online-essentials.be
active.administratorstelenet.laurieentommy.online-essentials.be
active.admins-ms1www.laurieentommy.online-essentials.be
active.org-www.puurlandelijk.online-essentials.be
active.wwwaccountingseguro.laurieentommy.online-essentials.be
active.www.account-sispuurlandelijk.online-essentials.be
active.www.addon-renovaties-lyncdiscoverlaurieentommy.online-essentials.be
active.www.laurieentommy.alpha.online-essentials.be
active.wwwprd.laurieentommy.online-essentials.be
addon.activemsoidmaster.online-essentials.be
addon.adminskinsmaster.online-essentials.be
addon.asana-postmaster.online-essentials.be
addon.mine.www.starbooks.online-essentials.be
addon.post.legacy.online-essentials.be
addon.postmastermgmt.online-essentials.be
addon.post-mx7.online-essentials.be
addon-renovaties.apatinwww.bewise.online-essentials.be
addon-renovaties.online-essentials.be
addon-renovaties.web.www.bewise.online-essentials.be
addon-renovaties.www.analyticsbrusseeldavid.bewise.online-essentials.be
addon-renovaties.www.pay.online-essentials.be
addon-renovaties.www.relay2bewise.online-essentials.be
addon.trialpostmaster.online-essentials.be
addon.www.vipstarbooks.online-essentials.be
adm.alphaelem.cardoconstruct.online-essentials.be
adm.authentication.laurieentommy.online-essentials.be
adm.cardoconstruct-administrators01.online-essentials.be
adm.cardoconstructadm-zmail.online-essentials.be
adm.cloudfrontlaurieentommy.online-essentials.be
admin.accounting-hf-liften.docker.online-essentials.be
admin.addon-postmasterlab.online-essentials.be
admin.adm-firewall.online-essentials.be
admin.admin-confluence-www.puurlandelijk.online-essentials.be
admin.administratorsmail6www.puurlandelijk.online-essentials.be
admin.admins-mbox-www.puurlandelijk.online-essentials.be
admin.adminswaggerdisabled.online-essentials.be
admin.adm-zmail.puurlandelijk.online-essentials.be
admin.ametricmin.www.puurlandelijk.online-essentials.be
admin.analyticsbrusseeldavid-skins.online-essentials.be
admin.authorizationwww.puurlandelijk.online-essentials.be
admin.disabled-accountcustomer.online-essentials.be
admin.elasticrenovatiesleadform.online-essentials.be
admin.gw-imap.online-essentials.be
admin.helporigin.online-essentials.be
administrator.click.ms.online-essentials.be
administrator.controlserver.online-essentials.be
administrator.elasticbeanstalk-zimbra.online-essentials.be
administrator.hf-ms.online-essentials.be
administrator.ms.staging.online-essentials.be
administrators.dj-addon-kubernetes.online-essentials.be
administrators.dj-tronics.gist.online-essentials.be
administrator.server-testyourwebsite.online-essentials.be
administrators.paywall-tronics.online-essentials.be
administrators.renovatiesseguro-tronics.online-essentials.be
administrator.w3ms.online-essentials.be
admin.kubectl-www.puurlandelijk.online-essentials.be
admin.lab-testyourwebsite.online-essentials.be
admin.msoid.sandbox.online-essentials.be
admin.payment.elastic.online-essentials.be
admin.qtool.online-essentials.be
admins.acc-wwwlaurieentommy.online-essentials.be
admins.administratorknconsulting-laurieentommy.online-essentials.be
admin.sandbox.cloudfront.online-essentials.be
admins.cardoconstructanalyticss.online-essentials.be
admins.certms.online-essentials.be
admins.hwcdn-cardoconstruct.online-essentials.be
admin.signed--zmail.online-essentials.be
admin.skins-addon-telenet.online-essentials.be
admins.knconsulting.org.online-essentials.be
admins.prodcardoconstruct.online-essentials.be
admins.renovatiesdj-laurieentommy.online-essentials.be
admin.sslelastic.online-essentials.be
admin.stageadmink8s.online-essentials.be
admin.staging.skins.online-essentials.be
admin.v1stage.online-essentials.be
admin.wwwaddon-renovatiesmail2.puurlandelijk.online-essentials.be
adminwww.admin-zmailbewise.online-essentials.be
adminwww.bewise-administrator.online-essentials.be
adminwww.bewisestage.online-essentials.be
admin-www.login-delem.online-essentials.be
adminwww.mx02-bewise.online-essentials.be
admin.www.puurlandelijk-active-www.online-essentials.be
adminwww.securitybewise.online-essentials.be
adm.laurieentommy-addon-stage-expertise.online-essentials.be
adm.laurieentommy.cloud.online-essentials.be
adm.laurieentommy-skins.online-essentials.be
adm.laurieentommysmtp.online-essentials.be
alpha.addon-tronics-www.shlaw.online-essentials.be
alpha.administrators2leadform.online-essentials.be
alpha.leaadmin-staticform.online-essentials.be
alpha.leaswagform.online-essentials.be
alpha.mx4-ahf.online-essentials.be
alpha.www.mysite.shlaw.online-essentials.be
alpha.www.shlawalpha-on-stage-expertise.online-essentials.be
alpha.www.shlaw.portal.online-essentials.be
analytics.brusseldavid-management.online-essentials.be
analytics.brusseldavidportal.online-essentials.be
analytics.brusseldocumentavidocument.online-essentials.be
analytics.knconsulting.on.online-essentials.be
analytics.login-brusseldavid.online-essentials.be
analytics.zimbra-brusseldavid.online-essentials.be
anime.thehylia.com.online-essentials.be
anquine7.online-essentials.be
apac.assets-delemj-tronics.online-essentials.be
apac.dj-admins-stage-expertise.online-essentials.be
apac.dj-tr-developics.online-essentials.be
apac.dj-tronics.mx3.online-essentials.be
apac.hf-liften-tronics.online-essentials.be
apac.msoid.dj-tronics.online-essentials.be
apatin.online-essentials.be
api.qsdrive.online-essentials.be
apparel-uk.telecaster-572.demo.online-essentials.be
autodiscover.filmfinances.online-essentials.be
autodiscover.oxkem.online-essentials.be
autpiexch10.transpacific.online-essentials.be
bewise.online-essentials.be
boxcn.net.box.rkscorp32.online-essentials.be
brazil.sqlserver.online-essentials.be
brusseeldavid.online-essentials.be
brusseldavid.online-essentials.be
campingdezevenlinden.baarn.utrecht.online-essentials.be
cams.qa.eipsc.online-essentials.be
cardoconstruct.online-essentials.be
cashew.csv.online-essentials.be
ccu-view.hsd.online-essentials.be
cf-protected-www.benliveshere.com.cdn.online-essentials.be
cf-protected-www.coedmorcottages.com.cdn.online-essentials.be
cf-protected-www.sahadev.com.cdn.online-essentials.be
cheeposlist.com.madrid.online-essentials.be
chronos.webct.online-essentials.be
click.online-essentials.be
clientcare4.brandywinevalley.online-essentials.be
comune.online-essentials.be
cpanel.m020c192.online-essentials.be
cs76.status.scm.online-essentials.be
customer.online-essentials.be
dat-ae.mrn.gouv.online-essentials.be
dbadmin.t21.ymdb.corp.sp2.online-essentials.be
delem.online-essentials.be
deluryneocovidev.sayncdiscover.ad.shoppingcart.us-east-1.online-essentials.be
developers.ms-my.fbjs.online-essentials.be
devops1.paas.corp.bf1.online-essentials.be
dev.scana.online-essentials.be
dip95.lsn.gq1.online-essentials.be
diy.online-essentials.be
dj-tronics.online-essentials.be
d-mine.online-essentials.be
do.re.mi.8.online-essentials.be
drobo.demac.online-essentials.be
ebayapplication.online-essentials.be
ebay.online-essentials.be
es06.geotech.sp1.online-essentials.be
esttosps0006128.estec.online-essentials.be
f1601.mail.vip.bf1.online-essentials.be
fantasy.euw.lolesports.com.cdn.online-essentials.be
fdmahonen.yliopistopaino.online-essentials.be
ffbexchange.msbdom.online-essentials.be
ftp.ekaltech.online-essentials.be
giobouw.online-essentials.be
gmcsvrsbs.gmc.online-essentials.be
greenetn.nolachuckey.online-essentials.be
gs33.games.bf1.online-essentials.be
gwielek.online-essentials.be
ha1.vl422.rtm-1.ac4.online-essentials.be
hermes.online-essentials.be
hettrekpaard.online-essentials.be
hf-liften.online-essentials.be
host58.net156.online-essentials.be
imap.online-essentials.be
ingames.online-essentials.be
kajuit37.online-essentials.be
kathfachschaft.fs.kath-theologie.online-essentials.be
knconsulting.online-essentials.be
l5.phyip3.dur.online-essentials.be
laurieentommy.online-essentials.be
leadform.online-essentials.be
liwvs10002.np1.dp.online-essentials.be
lo0.tar1.dez.online-essentials.be
lo50.tun1.boston.corp.online-essentials.be
login.milliken.com.cdn.online-essentials.be
login.online-essentials.be
maes-naaimachines.online-essentials.be
m.afsm.prd.online-essentials.be
mail01.online-essentials.be
mail2.online-essentials.be
mail6.online-essentials.be
mail.darkodel.online-essentials.be
mail.hy.online-essentials.be
mailin.online-essentials.be
mail.nasud.com.ci1.online-essentials.be
mail.secondhandinox.online-essentials.be
mail.steviabenefits.online-essentials.be
mail.uclouvain.be-owa.auth.logon.aspx-replacecurrent-1url.online-essentials.be
market.scol.online-essentials.be
mbox.online-essentials.be
mcpasd.online-essentials.be
minerva.filosoficas.online-essentials.be
mjc.jury.online-essentials.be
m.library-staging.online-essentials.be
moeyonassp.oort.online-essentials.be
mo.lfh.online-essentials.be
ms1.online-essentials.be
ms.online-essentials.be
mta.online-essentials.be
mta-sts.mnelson-com.mail.eo.online-essentials.be
mta-sts.nndoj-org.mail.eo.online-essentials.be
mta-sts.orthokrems-at01c.mail.eo.online-essentials.be
mta-sts.smscomp-co-uk.mail.eo.online-essentials.be
mta-sts.wts.wespeaktech-com.mail.eo.online-essentials.be
mx02.online-essentials.be
mx1.online-essentials.be
mx3.online-essentials.be
mx4.online-essentials.be
mx7.online-essentials.be
mxeamon.perf.mastering.online-essentials.be
mxs.online-essentials.be
mysite.online-essentials.be
mysql02.dlawejherowa.online-essentials.be
mysql06.skanlay.online-essentials.be
mz.curvin.online-essentials.be
nem.id.dk.online-essentials.be
netadmin.sakha.online-essentials.be
netorgft3783505.mail.pril.protection.online-essentials.be
netty.ndph.online-essentials.be
newgserver.garydomain.online-essentials.be
ns1.online-essentials.be
online-essentials.be
on-stage-expertise.online-essentials.be
pages.zs310.com.online-essentials.be
paywall.online-essentials.be
pc173.ed1o.online-essentials.be
pc-94.cst.usyd.online-essentials.be
pisrv33004.comcommac.online-essentials.be
pool06.ebid.online-essentials.be
pop3.steffbud.online-essentials.be
pop.da3.online-essentials.be
por.testremotevpn.online-essentials.be
postmaster.online-essentials.be
post.online-essentials.be
preview.wiscares.online-essentials.be
provincie.utrecht.online-essentials.be
psql03.lewanda.online-essentials.be
puurlandelijk.online-essentials.be
radius-prd-dc2-1.services.adelaide.online-essentials.be
relay1.online-essentials.be
relay2.online-essentials.be
relay.online-essentials.be
repsol7.sdecc.sl.edst.online-essentials.be
robotics.blanco-cpq.demo.online-essentials.be
rorigetchu.test20160905.online-essentials.be
sbs2008.principlefm.online-essentials.be
sbs2008.sfw.online-essentials.be
secure.helfen.online-essentials.be
server3.qa3.m.goodnites.com.online-essentials.be
server.online-essentials.be
server.sand92.online-essentials.be
sexakademik.sexlol-orgie.eupl.online-essentials.be
shlaw.online-essentials.be
slave009.hvc.bf1.online-essentials.be
smtp.mizera.online-essentials.be
smtp.online-essentials.be
smtpseguro.online-essentials.be
smtps.online-essentials.be
smtp.ufficio.online-essentials.be
sose.ops.corp.online-essentials.be
sppwebtb.kc63.online-essentials.be
stage.ert.online-essentials.be
stage.ibstransfer.online-essentials.be
starbooks.online-essentials.be
static.gotitfx.com.cdn.online-essentials.be
store.4681.online-essentials.be
su139.usne1-ldb.dht.bf1.online-essentials.be
svexchange.vkb1.online-essentials.be
svn.telework.online-essentials.be
sw1f.bank214.online-essentials.be
telenet.online-essentials.be
test2.jamanagement.api.online-essentials.be
test.efrikort.online-essentials.be
testloc.imadoco.smt.online-essentials.be
test-proxy.vra.online-essentials.be
testyourwebsite.online-essentials.be
theverge.com.sb6.online-essentials.be
tn.knoxville.online-essentials.be
tpe.pub.online-essentials.be
tupaja.online-essentials.be
ups-a11.npn.adx.tp2.online-essentials.be
verhuringenlinda.online-essentials.be
vms-a.celh.online-essentials.be
vmware-vc.biochem.unimelb.online-essentials.be
webmail.isq.online-essentials.be
websitereports.online-essentials.be
websvr01.koreahandson.sl.edst.online-essentials.be
wood.pellet.stove.online-essentials.be
www.2ar9.com.cdn.online-essentials.be
www.365-sarahrose.online-essentials.be
www.4zywioly.online-essentials.be
www.51369114.com.cdn.online-essentials.be
www.514071.fun.cdn.online-essentials.be
www.830927.online-essentials.be
www.aaheritage.online-essentials.be
www.addon-renovaties.online-essentials.be
www.ad.giobouw.online-essentials.be
www.admin.uat.streaming.online-essentials.be
www.alperguler.online-essentials.be
www.alpernlaw.com.cdn.online-essentials.be
www.alyxwolfe.co.uk.cdn.online-essentials.be
www.amoozesharabi.online-essentials.be
www.angeladoree.online-essentials.be
www.aoahjf.org.online-essentials.be
www.apac.hettrekpaard.online-essentials.be
www.arellanoyhernandez.online-essentials.be
www.asa2eqp.tw.cdn.online-essentials.be
www.asimboranyildirim.com.cdn.online-essentials.be
www.astelierdiners.online-essentials.be
www.autoclass-tula.online-essentials.be
www.baciodimoda.online-essentials.be
www.bestsonlinegames.online-essentials.be
www.bewise.online-essentials.be
www.bitbucketj-tronics.online-essentials.be
www.blokowanie.online-essentials.be
www.bruxelles-renouvelable.online-essentials.be
www.bsdfls1.lets.online-essentials.be
www.buensoftware.com.cdn.online-essentials.be
www.bulgibuli.online-essentials.be
www.businessrewards.online-essentials.be
www.cardocelasticstruct.online-essentials.be
www.cardoconstruct.online-essentials.be
www.cardoconstructrepository.online-essentials.be
www.careerboost.online-essentials.be
www.carfirewalloconstruct.online-essentials.be
www.ccmsm.online-essentials.be
www.ccsqa.online-essentials.be
www.cheapburberrycologne.online-essentials.be
www.cheapburberrytrenchcoat.online-essentials.be
www.chemsoc.ch.online-essentials.be
www.chinapackexpo.online-essentials.be
www.chocolates.online-essentials.be
www.ciibs.online-essentials.be
www.city3.online-essentials.be
www.cl46070x.online-essentials.be
www.cltserver.online-essentials.be
www.codingground1.online-essentials.be
www.concepts.org.uk.cdn.online-essentials.be
www.conservationcampaign.org.cdn.online-essentials.be
www.course.scm.online-essentials.be
www.cpwapp.online-essentials.be
www.creativeweb.online-essentials.be
www.csgubuk.online-essentials.be
www.cuponessi.com.cdn.online-essentials.be
www.current.dev.online-essentials.be
www.dbtestaug28com.online-essentials.be
www.deakiovi.online-essentials.be
www.dealersinwords.online-essentials.be
www.delem.online-essentials.be
www.dennismiller.online-essentials.be
www.development-liften.online-essentials.be
www.dj-tronicsip.online-essentials.be
www.dj-tronics.online-essentials.be
www.dlsvw.tw.cdn.online-essentials.be
www.d-mine.online-essentials.be
www.domino3.online-essentials.be
www.dominosbudapest.online-essentials.be
www.dwhslv72.online-essentials.be
www.earthamay.online-essentials.be
www.easyigfollowers.online-essentials.be
www.edwin2win.com.online-essentials.be
www.eligendi-id-eos-reiciendisblog.online-essentials.be
www.eoaxk.tw.cdn.online-essentials.be
www.exsvr.online-essentials.be
www.fbfanpages.online-essentials.be
www.filosoofia.online-essentials.be
www.forklifthirecranehiresalvokop.online-essentials.be
www.fortagolf.online-essentials.be
www.funmaza.com.online-essentials.be
www.funtuz.com.cdn.online-essentials.be
www.fzjan.cn.cdn.online-essentials.be
www.garderobacapsula.online-essentials.be
www.gear-hanger.online-essentials.be
www.gestionc.online-essentials.be
www.getpdfconverter.com.cdn.online-essentials.be
www.gffl.online-essentials.be
www.giobouw.accounting.online-essentials.be
www.giobouw.online-essentials.be
www.giobouw.shlaw.online-essentials.be
www.gkdeco.online-essentials.be
www.goodyear.accountonline.com.online-essentials.be
www.gwielek.online-essentials.be
www.gwielek-staff.online-essentials.be
www.happydayart.online-essentials.be
www.hariginibaumulut.online-essentials.be
www.hettrekpaard.online-essentials.be
www.hettrekpaarids.online-essentials.be
www.hf-liften.online-essentials.be
www.hijaberstutorial.online-essentials.be
www.hotmail-correo.com.online-essentials.be
www.house-engineer.net.cdn.online-essentials.be
www.icosym.online-essentials.be
www.ihcfmex.online-essentials.be
www.ingames-get.online-essentials.be
www.ingames.kube.online-essentials.be
www.ingames.online-essentials.be
www.ireward-fastbooking.online-essentials.be
www.kamilszulczyk.online-essentials.be
www.kangancity.online-essentials.be
www.khonggianthoinay.online-essentials.be
www.koris.online-essentials.be
www.labrandette.online-essentials.be
www.laen.online-essentials.be
www.lahoradeandalucia.online-essentials.be
www.laurieentommymx.online-essentials.be
www.laurieentommy.online-essentials.be
www.leeqd.tw.cdn.online-essentials.be
www.leipzig-psychotherapiepraxis.online-essentials.be
www.leonardocrespi.com.cdn.online-essentials.be
www.lgv30.online-essentials.be
www.lisca.online-essentials.be
www.madihaiqbalevents.online-essentials.be
www.maes-naaimachines.online-essentials.be
www.mahamayaexcellency.com.cdn.online-essentials.be
www.mail-cardoconstruct.online-essentials.be
www.manage.addon-renovaties.online-essentials.be
www.managestarbooks.online-essentials.be
www.manometry.online-essentials.be
www.markisen.online-essentials.be
www.matratzenaufmass.ch.cdn.online-essentials.be
www.mentarigroup.net.cdn.online-essentials.be
www.mietek.online-essentials.be
www.migration2.online-essentials.be
www.mistercertifiedinfo.online-essentials.be
www.mops.scm.online-essentials.be
www.mxs-starbooks.online-essentials.be
www.mydddesktop.online-essentials.be
www.myipadgames.online-essentials.be
www.nanakamado.online-essentials.be
www.nb.fredericton.online-essentials.be
www.neutroc0d3-com-ar.online-essentials.be
www.newmagento.online-essentials.be
www.nicodeco.online-essentials.be
www.noticiaviral.online-essentials.be
www.nycgw.online-essentials.be
www.online-essentials.be
www.onlinehealthconnection.connectionhealth.online-essentials.be
www.on-stage-apac.online-essentials.be
www.on-stage-expertise.online-essentials.be
www.optikatanja.online-essentials.be
www.ourlyfestyle.com.cdn.online-essentials.be
www.out4.online-essentials.be
www.pantheon-verhuringenlinda.online-essentials.be
www.passport-xrds-bravo-ny.online-essentials.be
www.phsearch.online-essentials.be
www.pirate101.online-essentials.be
www.playbackenterprise.co.uk.cdn.online-essentials.be
www.plomsone.com.cdn.online-essentials.be
www.polbudrol.online-essentials.be
www.pomoctomoc.online-essentials.be
www.prendre-la-parole-communication-verbale-orale.online-essentials.be
www.productions-cardoconstruct.online-essentials.be
www.puurlandelijk.online-essentials.be
www.puurlandelijk.vip.online-essentials.be
www.raq-at-sl.online-essentials.be
www.raspberryketones.online-essentials.be
www.realwushu.online-essentials.be
www.reikimusic.online-essentials.be
www.rescue3.online-essentials.be
www.reservas.scm.online-essentials.be
www.rickdoetdingen.online-essentials.be
www.rivar.online-essentials.be
www.sbtindia.online-essentials.be
www.senateursbta.online-essentials.be
www.shlaw.asana.online-essentials.be
www.shlawmta.online-essentials.be
www.shlaw.online-essentials.be
www.shnas.online-essentials.be
www.shooka202.online-essentials.be
www.singaporeairlines.online-essentials.be
www.smsmaja.com.cdn.online-essentials.be
www.sohho.online-essentials.be
www.spacey.online-essentials.be
www.spicevan.com.cdn.online-essentials.be
www.spnowykosciol.online-essentials.be
www.sslaccess.online-essentials.be
www.staging.oncomd.online-essentials.be
www.stampa3d.online-essentials.be
www.starbooks-documentation.online-essentials.be
www.starbooks.online-essentials.be
www.stjohn-lcms.online-essentials.be
www.sunbelt.preview.devsrvr.online-essentials.be
www.surveys.psychol.online-essentials.be
www.sydneylightrail.transport.online-essentials.be
www.tanoda.online-essentials.be
www.thaivariety.online-essentials.be
www.thecmc.online-essentials.be
www.tjjh.online-essentials.be
www.topnotchfakeids.com.cdn.online-essentials.be
www.towncountry.online-essentials.be
www.troublecreative.online-essentials.be
www.ts-50.online-essentials.be
www.tube-xxx.online-essentials.be
www.tupaja.online-essentials.be
www.tupaja-uat.online-essentials.be
www.u1285.online-essentials.be
www.udmedia.online-essentials.be
www.ughost.net.cdn.online-essentials.be
www.unisign.online-essentials.be
www.upstorepremium.online-essentials.be
www.v2.hettrekpaard.online-essentials.be
www.verhuringenlinda.online-essentials.be
www.verhuringenlinda.uat.online-essentials.be
www.videosxxxincestos.online-essentials.be
www.vieharzt.online-essentials.be
www.vmi18336.online-essentials.be
www.vps137816.online-essentials.be
www.vps608.online-essentials.be
www.wap.claro-ni.st.ni.pmovil.net.online-essentials.be
www.weathertypography.online-essentials.be
www.websitereports.dj-tronics.online-essentials.be
www.we.host.online-essentials.be
www.woodies.online-essentials.be
www.yarnbee.online-essentials.be
www.ykladka.online-essentials.be
www.yourfinancialadvisor.online-essentials.be
www.yq7v6jb.tw.cdn.online-essentials.be
www.zenluxuryliving.com.cdn.online-essentials.be
www.zmbs.wpsnz.online-essentials.be
xmpp.mam-hipchat.online-essentials.be
yvp.yvpypyvp.yvpyp.online-essentials.be
zimbra.online-essentials.be
zmail.online-essentials.be
