algorand-node-1.ptokens.io
bridge2.ptokens.io
bridge.ptokens.io
btc-explorer.ptokens.io
btc-node-1.ptokens.io
btc-node-2.ptokens.io
btc-node-3.ptokens.io
btc-node-4.ptokens.io
chart.ptokens.io
corsproxy.ptokens.io
dao--stake-proxy.ptokens.io
dapp2.ptokens.io
dapp3.ptokens.io
dapp-eth-node-1.ptokens.io
dapp-legacy.ptokens.io
dapp.ptokens.io
dashboard.ptokens.io
eidoo--sendtx-dynlink.ptokens.io
eosjungle.ptokens.io
eos-mainnet-1.ptokens.io
eos-mainnet-2.ptokens.io
eos-mainnet-3.ptokens.io
eos-mainnet-4.ptokens.io
eos-mainnet-5.ptokens.io
eos-mainnet-6.ptokens.io
eos-mainnet-7.ptokens.io
eos-mainnet-8.ptokens.io
extra.ptokens.io
future2.ptokens.io
future.ptokens.io
ipfs.ptokens.io
libre-node-1.ptokens.io
liquid-node-1.ptokens.io
ltc-node-1.ptokens.io
ltc-node-2.ptokens.io
ltcnode.ptokens.io
ltc-testnet-node-1.ptokens.io
nuc-bridge-1.ptokens.io
nuc-bridge.ptokens.io
ore-node-1.ptokens.io
pbtc-on-eos-jungle-3.ptokens.io
pbtc-on-eth-kovan-node-1a.ptokens.io
pbtc-on-eth--pegout-proxy.ptokens.io
pdash-on-eth-testnet.ptokens.io
phoenix-node-1.ptokens.io
phoenix-node-2.ptokens.io
ptokens.io
status.ptokens.io
telos-mainnet-1-new.ptokens.io
telos-mainnet-1.ptokens.io
test.ptokens.io
webapi.ptokens.io
www.bridge.ptokens.io
www.dapp.ptokens.io
www.dashboard.ptokens.io
www.eosjungle.ptokens.io
www.ptokens.io
www.test.ptokens.io
