007huangjiaduchanglideshouji.recko.io
08aoyunhuinanlanjuesai.recko.io
0ei-u04ef12fe-c233-s1507605861-i95143f0d.ame.recko.io
0es-u8379b1ad-c233-s1507203709-i95143f0d.ame.recko.io
0-www.nber.org.dewey2.library.recko.io
0-www.osapublishing.org.carlson.recko.io
101201.recko.io
10124.recko.io
10147.recko.io
10387.recko.io
1039.recko.io
10-45.recko.io
107-18.recko.io
10776.recko.io
109-187.recko.io
109-200.recko.io
115599.recko.io
11b2a.recko.io
127-156.recko.io
152net178.recko.io
181-148.recko.io
19833.recko.io
1b416.recko.io
207-21.recko.io
241b8jj43n9p8144215.recko.io
27892.recko.io
29-113.recko.io
29196.recko.io
29e63.recko.io
2f56a.recko.io
329070.recko.io
37dff.recko.io
3a10c.recko.io
3uyulechengdubo.recko.io
3uyulechengguize.recko.io
4-228.recko.io
4a666.recko.io
4haozuqiu.recko.io
5081b.recko.io
57386.recko.io
5a0e2.recko.io
8249.recko.io
84735.recko.io
86771.recko.io
acko.recko.io
adityabirla.recko.io
adsl-198.recko.io
afccvhr1.recko.io
anmoltest.recko.io
apanywhere.recko.io
apollo.recko.io
appsecure1.recko.io
appsecure2.recko.io
artifactory.infra.recko.io
asesores.recko.io
bb.recko.io
bet365xiazaihaoman.recko.io
betvip9.recko.io
bharatpe.recko.io
blog.recko.io
bolexianshangyulechengruhekaihu.recko.io
borde2.recko.io
borde3.recko.io
borde.recko.io
bounce.recko.io
caipiaohemaifanjianglv.recko.io
checkpoint2.recko.io
cr001.recko.io
cred.recko.io
ctm0.recko.io
cultfit.recko.io
curefit.recko.io
customers.recko.io
d2cd.recko.io
dcb1.recko.io
dcb.recko.io
demo1.recko.io
demo.recko.io
design.recko.io
deyiqipaidgc56.recko.io
dhcp115-96.recko.io
dhcp-236-235.recko.io
dhcp78-191.recko.io
dhcp-vl203-2-85.recko.io
dinakaranj.recko.io
domo1.recko.io
dongguanqiaotoudongfangyulecheng.recko.io
doublea.recko.io
dpi.recko.io
dragonstone1.recko.io
dragonstone.recko.io
dream111.recko.io
dream11.recko.io
drivezy.recko.io
drogon.recko.io
dunzo1.recko.io
dunzo.recko.io
dupont.recko.io
eccentricity.recko.io
eduroam-205-211.recko.io
efaturatest.recko.io
elk-es-node1.recko.io
elk-es-node2.recko.io
elk.recko.io
expece.recko.io
fampay.recko.io
flt.recko.io
fossil.recko.io
freshmenu1.recko.io
freshmenu.recko.io
furlenco.recko.io
geotix1.recko.io
geotix.recko.io
glowroad.recko.io
golfdag.recko.io
grafana.recko.io
grofers1.recko.io
grofers.recko.io
groww.recko.io
gunshop.recko.io
hamzeh.recko.io
hebeiticaizhongxin.recko.io
highgarden.recko.io
hopscotch.recko.io
host-34-245.recko.io
ibv59173.recko.io
in-fampay.recko.io
infra.recko.io
internal-vpn.recko.io
itilite.recko.io
jenkins2.recko.io
jenkins.infra.recko.io
jenkins.recko.io
jenkins-stage.recko.io
jernest1.recko.io
jmay.recko.io
joker.recko.io
keratsini.recko.io
khatabook.recko.io
khsraysvehhet.recko.io
kingslanding.recko.io
kreativekaran.recko.io
kuecheninsel.recko.io
kundeportal.recko.io
lan21-187.recko.io
lansdowne.recko.io
laohujizenmexiaofen.recko.io
lassi.recko.io
leda.recko.io
liboyazhouyulechengzhenqianbaijiale.recko.io
licious1.recko.io
licious.recko.io
lpe28-170-sec.recko.io
mapm.recko.io
medpro-pn9b.recko.io
meesho1.recko.io
meesho.recko.io
milaap.recko.io
ml175.recko.io
monit.recko.io
myntra1.recko.io
myntrademo.recko.io
myntra.recko.io
myntraseller.recko.io
myselectbank.recko.io
nginx.recko.io
nightsong.recko.io
noon1.recko.io
noon.recko.io
odemyopc-247-225.recko.io
officedepotuat.recko.io
okay.recko.io
ola.recko.io
onboarding2.recko.io
onboarding.recko.io
pc-002.recko.io
pc7-176.recko.io
pci.recko.io
performance.recko.io
pharmeasy.recko.io
plino.recko.io
psyco.recko.io
qixingcai13078qi808changju.recko.io
qq92hu.recko.io
r201.recko.io
rapido1.recko.io
rapido.recko.io
rchaminade.recko.io
recko.io
revivapro.recko.io
rocketkommerce.recko.io
ruthcarter.recko.io
saurya.recko.io
securityorg1.recko.io
securityorg2.recko.io
security.recko.io
sentry1.recko.io
sentry.recko.io
servify.recko.io
shadotnet.recko.io
shengshiguojikaihushengshiguojiyulebocai.recko.io
shop101.recko.io
simsim.recko.io
slicepay.recko.io
sni115503.recko.io
sni167806.recko.io
sni195401.recko.io
sni196930.recko.io
sni59672.recko.io
sonar.recko.io
sravya1.recko.io
sslloadtest-101.recko.io
staff3-cis668.recko.io
std17.recko.io
strategyand.recko.io
suprdaily.recko.io
swagger.recko.io
swiggy1.recko.io
swiggy.recko.io
test1.recko.io
test-cloudflare.recko.io
testnew.recko.io
test.recko.io
the-wall.recko.io
tonglewangshangyule.recko.io
townscript1.recko.io
townscript.recko.io
tubify.recko.io
urbanclap.recko.io
urbanladder.recko.io
vis1.recko.io
volantis.recko.io
vpn.recko.io
vpn-stage.recko.io
wd10.recko.io
website.recko.io
winterfell.recko.io
www.recko.io
yolo.recko.io
zestmoney1.recko.io
zestmoney.recko.io
