api.liquidity-reserves.routerprotocol.com
api.pathfinder.routerprotocol.com
api.rebalancing.routerprotocol.com
api.rfq.routerprotocol.com
api.routerprotocol.com
api.router-trading-competition.routerprotocol.com
api.stats.routerprotocol.com
api.trading-competition.routerprotocol.com
app.routerprotocol.com
dev.pathfinder.routerprotocol.com
dev.routerprotocol.com
dev.stats.routerprotocol.com
docs.routerprotocol.com
explorer.routerprotocol.com
faucet-api.routerprotocol.com
faucet.routerprotocol.com
forum.routerprotocol.com
galaxyfarm.routerprotocol.com
harmony.subgraph.routerprotocol.com
internal.mainnet.routerprotocol.com
k8s-dashboard.routerprotocol.com
routerprotocol.com
spacefarm.routerprotocol.com
staging.pathfinder.routerprotocol.com
staging.routerprotocol.com
staging.stats.routerprotocol.com
testnet.routerprotocol.com
vote.routerprotocol.com
www.routerprotocol.com
