account.staging.sbgcore.com
authoriser.guea.sbgcore.com
authoriser.nps.sbgcore.com
authoriser.sbgcore.com
common.staging.sbgcore.com
consumerz.guea.sbgcore.com
consumerz.nps.sbgcore.com
consumerz.sbgcore.com
consumerz.staging.sbgcore.com
customer-data.guea.sbgcore.com
customer-data.nps.sbgcore.com
customer-data.sbgcore.com
customer-data.staging.sbgcore.com
payments.account.a.sbgcore.com
payments.account.guea.sbgcore.com
payments.account.nps.sbgcore.com
payments.account.sbgcore.com
payments.account.staging.sbgcore.com
safety-limits.guea.sbgcore.com
safety-limits.nps.sbgcore.com
safety-limits.sbgcore.com
safety-limits.staging.sbgcore.com
safety-limits.test.sbgcore.com
staging.sbgcore.com
sts.common.a.sbgcore.com
sts.common.guea.sbgcore.com
sts.common.nps.sbgcore.com
sts.common.sbgcore.com
sts.common.staging.sbgcore.com
sts.common.testcore.sbgcore.com
test1.sbgcore.com
test2.sbgcore.com
test3.sbgcore.com
test4.sbgcore.com
test5.sbgcore.com
test6.sbgcore.com
test7.sbgcore.com
test8.sbgcore.com
test.sbgcore.com
verification.guea.sbgcore.com
verification.nps.sbgcore.com
verification.sbgcore.com
verification.staging.sbgcore.com
verification.test.sbgcore.com
verify.guea.sbgcore.com
verify.nps.sbgcore.com
verify.sbgcore.com
verify.staging.sbgcore.com
verify.test5.sbgcore.com
www.consumerz.staging.sbgcore.com
www.customer-data.staging.sbgcore.com
www.payments.account.nps.sbgcore.com
www.payments.account.sbgcore.com
www.payments.account.staging.sbgcore.com
www.sbgcore.com
www.sts.common.nps.sbgcore.com
www.sts.common.sbgcore.com
www.sts.common.staging.sbgcore.com
www.verification.guea.sbgcore.com
www.verification.nps.sbgcore.com
www.verification.sbgcore.com
www.verification.staging.sbgcore.com
www.verification.test.sbgcore.com
www.verify.staging.sbgcore.com
www.verify.test5.sbgcore.com
