apps.sbgorigin.com
barcroftm-1.dev.ges.aws.sbgorigin.com
barcroftm-1.rc.dev.ges.aws.sbgorigin.com
barcroftm-1.rcs.dev.ges.aws.sbgorigin.com
barcroftm-1.rcs-int.dev.ges.aws.sbgorigin.com
blackburnm-1.rc.dev.ges.aws.sbgorigin.com
demo-portal.test.ges.aws.sbgorigin.com
flanagana-1.rc.dev.ges.aws.sbgorigin.com
gaming.sbgorigin.com
gateway.staging.vegas.aws.sbgorigin.com
gateway.test.vegas.aws.sbgorigin.com
gateway.vegas.aws.sbgorigin.com
gls.ges.aws.sbgorigin.com
gls.guea.ges.aws.sbgorigin.com
gls.nps.ges.aws.sbgorigin.com
gls.staging.ges.aws.sbgorigin.com
gls.test.ges.aws.sbgorigin.com
glsviewer.staging.ges.aws.sbgorigin.com
glsviewer.test.ges.aws.sbgorigin.com
guea.gaming.sbgorigin.com
horses2.a.betviewapi.com.sbgorigin.com
horses2.betviewapi.com.sbgorigin.com
horses2.nps.betviewapi.com.sbgorigin.com
horses2.staging.betviewapi.com.sbgorigin.com
horses2.test1.betviewapi.com.sbgorigin.com
horses2.test2.betviewapi.com.sbgorigin.com
horses2.test3.betviewapi.com.sbgorigin.com
horses2.test4.betviewapi.com.sbgorigin.com
horses2.test5.betviewapi.com.sbgorigin.com
horses2.test6.betviewapi.com.sbgorigin.com
horses2.test7.betviewapi.com.sbgorigin.com
horses2.test8.betviewapi.com.sbgorigin.com
horses.a.betviewapi.com.sbgorigin.com
horses.a.betviewapi.sbgorigin.com
horses.betviewapi.com.sbgorigin.com
horses.betviewapi.sbgorigin.com
horses.nps.betviewapi.com.sbgorigin.com
horses.nps.betviewapi.sbgorigin.com
horses.staging.betviewapi.com.sbgorigin.com
horses.staging.betviewapi.sbgorigin.com
horses.test1.betviewapi.com.sbgorigin.com
horses.test1.betviewapi.sbgorigin.com
horses.test2.betviewapi.com.sbgorigin.com
horses.test2.betviewapi.sbgorigin.com
horses.test3.betviewapi.com.sbgorigin.com
horses.test3.betviewapi.sbgorigin.com
horses.test4.betviewapi.com.sbgorigin.com
horses.test4.betviewapi.sbgorigin.com
horses.test5.betviewapi.com.sbgorigin.com
horses.test5.betviewapi.sbgorigin.com
horses.test6.betviewapi.com.sbgorigin.com
horses.test6.betviewapi.sbgorigin.com
horses.test7.betviewapi.com.sbgorigin.com
horses.test7.betviewapi.sbgorigin.com
horses.test8.betviewapi.com.sbgorigin.com
horses.test8.betviewapi.sbgorigin.com
jbl02-1.rc.dev.ges.aws.sbgorigin.com
jonesl-1.rc.dev.ges.aws.sbgorigin.com
lobby.skycasino.com.sbgorigin.com
lobby.test.poker.aws.sbgorigin.com
m.a.skybet.com.sbgorigin.com
m.guea.skypoker.com.sbgorigin.com
minigames.ges.aws.sbgorigin.com
minigames.guea.ges.aws.sbgorigin.com
minigames.nps.ges.aws.sbgorigin.com
minigames-origin.test.ges.aws.sbgorigin.com
minigames.staging.ges.aws.sbgorigin.com
minigames.test.ges.aws.sbgorigin.com
m.skybet.com.sbgorigin.com
m.skypoker.com.sbgorigin.com
m.skyvegas.com.sbgorigin.com
m.starmargarom.sbgorigin.com
next.lobby.skycasino.com.sbgorigin.com
next.tv.skycasino.com.sbgorigin.com
nps.gaming.sbgorigin.com
online.skybingo.com.sbgorigin.com
parkinm-1.rc.dev.ges.aws.sbgorigin.com
pas.casino.aws.sbgorigin.com
pas.test.casino.aws.sbgorigin.com
pay.static.skybetservices.com.sbgorigin.com
pay.static.staging.skybetservices.com.sbgorigin.com
portal.casino.aws.sbgorigin.com
portal.staging.vegas.aws.sbgorigin.com
portal.test.casino.aws.sbgorigin.com
portal.test.vegas.aws.sbgorigin.com
portal-v2.casino.aws.sbgorigin.com
portal.vegas.aws.sbgorigin.com
preenn-1.dev.ges.aws.sbgorigin.com
preenn-1.rc.dev.ges.aws.sbgorigin.com
preenn-1.rcs.dev.ges.aws.sbgorigin.com
preenn-1.rcs-int.dev.ges.aws.sbgorigin.com
preenn-poc.dev.ges.aws.sbgorigin.com
private.pas.casino.aws.sbgorigin.com
private.pas.test.casino.aws.sbgorigin.com
prom.test.ges.aws.sbgorigin.com
push.staging.skypoker.com.sbgorigin.com
rc.ges.app-guea.sbgservices.com.sbgorigin.com
rc.ges.app-nps.sbgservices.com.sbgorigin.com
rc.ges.sbgservices.com.sbgorigin.com
rc.guea.ges.aws.sbgorigin.com
rc.nps.ges.aws.sbgorigin.com
rcs-int.sbgservices.com.ges.aws.sbgorigin.com
rcs-int.staging.sbgservices.com.ges.aws.sbgorigin.com
rcs-int.test.sbgservices.com.ges.aws.sbgorigin.com
rcs.sbgservices.com.ges.aws.sbgorigin.com
rcs.staging.sbgservices.com.ges.aws.sbgorigin.com
rc.staging.ges.aws.sbgorigin.com
rc.staging.sbgservices.com.sbgorigin.com
rcs.test.sbgservices.com.ges.aws.sbgorigin.com
rc.test2.sbgservices.com.sbgorigin.com
rc.test-app-guea.staging.sbgservices.com.sbgorigin.com
rc.test-app-guea.test2.sbgservices.com.sbgorigin.com
rc.test.ges.aws.sbgorigin.com
safergambling.skybettingandgaming.com.sbgorigin.com
services.skybet.com.sbgorigin.com
services.staging.skyvegas.com.sbgorigin.com
skybettingandgaming.com.sbgorigin.com
st1.a.skybet.com.sbgorigin.com
st1.skybet.com.sbgorigin.com
st2.a.skybet.com.sbgorigin.com
st2.skybet.com.sbgorigin.com
sts.common.sbgcore.com.sbgorigin.com
tch06-1.rc.dev.ges.aws.sbgorigin.com
tv.skycasino.com.sbgorigin.com
verify.skybetservices.com.sbgorigin.com
www.b.skycasino.com.sbgorigin.com
www.guea.skybingo.com.sbgorigin.com
www.guea.skycasino.com.sbgorigin.com
www.guea.skypoker.com.sbgorigin.com
www.guea.skyvegas.com.sbgorigin.com
www.next.skycasino.com.sbgorigin.com
www.nps.skylotto.co.uk.sbgorigin.com
www.pay.static.skybetservices.com.sbgorigin.com
www.pay.static.staging.skybetservices.com.sbgorigin.com
www.safergambling.skybettingandgaming.com.sbgorigin.com
www.sbgorigin.com
www.skybet.com.sbgorigin.com
www.skybettingandgaming.com.sbgorigin.com
www.skybingo.com.sbgorigin.com
www.skycasino.com.sbgorigin.com
www.skylotto.co.uk.sbgorigin.com
www.skypoker.com.sbgorigin.com
www.skyvegas.com.sbgorigin.com
www.staging.skylotto.co.uk.sbgorigin.com
www.test.skylotto.co.uk.sbgorigin.com
