1arc.shells.exchange
1inch-priv.shells.exchange
agoebanget.shells.exchange
alpharc.shells.exchange
androidphonedriver.shells.exchange
ar2013.shells.exchange
arcold.shells.exchange
arc.shells.exchange
arcsigned.shells.exchange
ardec-sing.shells.exchange
bbackendc.shells.exchange
bjerknes.shells.exchange
blackfly.shells.exchange
bostatv.shells.exchange
btc.shells.exchange
cona.shells.exchange
craigs.shells.exchange
crebragado.shells.exchange
dashboardbetapc.shells.exchange
dashboardbeta.shells.exchange
dashboardget.shells.exchange
dashboardk8s.shells.exchange
dashboard.shells.exchange
dashboardstage1.shells.exchange
davidpc.shells.exchange
dcmr.shells.exchange
ddarm2.shells.exchange
deacloudtivated.shells.exchange
deactivatedaccounts.shells.exchange
deactivated-loadbalancer.shells.exchange
deactivated.shells.exchange
dean.shells.exchange
decommadministratorssadministratoroned.shells.exchange
decommissioned7.shells.exchange
decommissioned.shells.exchange
demo.shells.exchange
die.shells.exchange
doidshbooidrd.shells.exchange
echelle.shells.exchange
elasticbeanstalk.shells.exchange
e-opportunities4u.shells.exchange
erinpc.shells.exchange
espoir.shells.exchange
freemium-themes.shells.exchange
gsoon.shells.exchange
gunter.shells.exchange
gw.shells.exchange
hillrs.shells.exchange
host87.shells.exchange
hotol.shells.exchange
hra.shells.exchange
hy.shells.exchange
ifatasya.shells.exchange
interdashboardbeta.shells.exchange
ip13.shells.exchange
ip29.shells.exchange
istana-musik.shells.exchange
kiravi.shells.exchange
krell.shells.exchange
kscott.shells.exchange
kwein.shells.exchange
la-livin.shells.exchange
las-dashboard.shells.exchange
list-of-social-bookmark-site.shells.exchange
lll-helios.shells.exchange
luxurycatamaran.shells.exchange
mainneprofiles.shells.exchange
mallom.shells.exchange
margay.shells.exchange
marketingtc.shells.exchange
mer.shells.exchange
naranja.shells.exchange
navaho.shells.exchange
nephron.shells.exchange
oid-arc.shells.exchange
panel-dashboard.shells.exchange
pcbrown.shells.exchange
pek.shells.exchange
peso.shells.exchange
pop.shells.exchange
preferencesecommissionepreferences.shells.exchange
profileommissioned.shells.exchange
profile.shells.exchange
raw.shells.exchange
reflex.shells.exchange
reporter.shells.exchange
rryan.shells.exchange
s3-deactivated.shells.exchange
shells.exchange
shetland.shells.exchange
sidewinder.shells.exchange
signed.shells.exchange
snybrkrtr.shells.exchange
spigot.shells.exchange
staging.shells.exchange
stk1.shells.exchange
teklas-life.shells.exchange
telmex.shells.exchange
tho109.shells.exchange
tvnea.shells.exchange
weitang123.shells.exchange
www.arc.shells.exchange
www.btc.shells.exchange
www.dashboardbeta.shells.exchange
www.dashboard.shells.exchange
www.deactivated.shells.exchange
www.decommissioned.shells.exchange
www.shells.exchange
yogi.shells.exchange
zombiesatemyxbox.shells.exchange
