api-cryptoeconomics.sifchain.finance
api-devnet.sifchain.finance
api-int.sifchain.finance
api.sifchain.finance
api-testnet.sifchain.finance
blockexplorer-devnet.sifchain.finance
blockexplorer-merry-go-round.sifchain.finance
blockexplorer-sandpit.sifchain.finance
blockexplorer.sifchain.finance
blockexplorer-testnet.sifchain.finance
bn.sifchain.finance
cryptoeconomics.sifchain.finance
data.sifchain.finance
devnet.sifchain.finance
dex2.sifchain.finance
dex-pages.sifchain.finance
dex.sifchain.finance
docs.sifchain.finance
em.sifchain.finance
es.sifchain.finance
forum.sifchain.finance
gaia.sifchain.finance
ipfs-devnet.sifchain.finance
ipfs-dex.sifchain.finance
ipfs-testnet.sifchain.finance
iris.sifchain.finance
kevin-please-dont-break-me.sifchain.finance
kibana.sifchain.finance
lcd-merry-go-round.sifchain.finance
lcd-sandpit.sifchain.finance
market-data.sifchain.finance
monkeybars.sifchain.finance
proxies.sifchain.finance
purchase.sifchain.finance
rpc-devnet.sifchain.finance
rpc-int.sifchain.finance
rpc-merry-go-round.sifchain.finance
rpc-sandpit.sifchain.finance
rpc.sifchain.finance
rpc-testnet.sifchain.finance
sandpit.sifchain.finance
sifchain.finance
staging.sifchain.finance
test2.sifchain.finance
testnet.sifchain.finance
test.sifchain.finance
token-recovery.sifchain.finance
tokensale.sifchain.finance
www.sifchain.finance
x.sifchain.finance
