a.ns.sbagmail.skybettingandgaming.com
autodiscover.skybettingandgaming.com
b.ns.sbagmail.skybettingandgaming.com
b.sbagmail.skybettingandgaming.com
clearpass.skybettingandgaming.com
c.mx.sbagmail.skybettingandgaming.com
c.ns.sbagmail.skybettingandgaming.com
cppm.skybettingandgaming.com
d.mx.sbagmail.skybettingandgaming.com
d.ns.sbagmail.skybettingandgaming.com
ebm.sbagmail.skybettingandgaming.com
engineering.skybettingandgaming.com
e.ns.sbagmail.skybettingandgaming.com
f.ns.sbagmail.skybettingandgaming.com
f.sbagmail.skybettingandgaming.com
jssadmin.sbg.skybettingandgaming.com
lgrras.skybettingandgaming.com
lgrsbgbom01.sbg.skybettingandgaming.com
lgrsbgsda01.sbg.skybettingandgaming.com
lgrsbgsda02.sbg.skybettingandgaming.com
lgrsbgsgw01.sbg.skybettingandgaming.com
lgrsbgsgw02.sbg.skybettingandgaming.com
l.sbgmail.skybettingandgaming.com
lyncdiscover.skybettingandgaming.com
m.sbagmail.skybettingandgaming.com
msoid.skybettingandgaming.com
mta057131.sbgmail.skybettingandgaming.com
mta057132.sbgmail.skybettingandgaming.com
mta803.sbagmail.skybettingandgaming.com
mta820.sbagmail.skybettingandgaming.com
npsras.skybettingandgaming.com
ras.skybettingandgaming.com
reg.sbagmail.skybettingandgaming.com
safergambling.skybettingandgaming.com
sbagmail.skybettingandgaming.com
sbgmail.skybettingandgaming.com
sbg-vwlc-01.sbg.skybettingandgaming.com
sip.skybettingandgaming.com
surveys.skybettingandgaming.com
technology.skybettingandgaming.com
testras.skybettingandgaming.com
www.clearpass.skybettingandgaming.com
www.cppm.skybettingandgaming.com
www.lgrsbgsgw01.sbg.skybettingandgaming.com
www.ras.skybettingandgaming.com
www.safergambling.skybettingandgaming.com
www.sbagmail.skybettingandgaming.com
www.sbg-vwlc-01.sbg.skybettingandgaming.com
www.skybettingandgaming.com
www.technology.skybettingandgaming.com
