api.iha.skybet.net
applepay.paygw.account.staging.skybet.net
aws.tds.skybet.net
board.wo.dev.skybet.net
confluence.skybet.net
crowd.skybet.net
dev.aws.tds.skybet.net
disko.skybet.net
gateway.staging.vegas.aws.skybet.net
gateway.test.vegas.aws.skybet.net
gateway.vegas.aws.skybet.net
gcs.staging.gamingservices.aws.skybet.net
gcs.test.gamingservices.aws.skybet.net
guea-aff8080-clstr.skybet.net
guea-aff8080.skybet.net
guea-aff-clstr.skybet.net
guea-aff.skybet.net
gueabitbucket01.skybet.net
gueabitbucketdc01.skybet.net
gueabitbucketdc02.skybet.net
gueabitbucketdc03.skybet.net
gueabitbucketdctst01.skybet.net
gueabitbucketdctst02.skybet.net
gueabitbucketdctst03.skybet.net
gueabitbucketnext01.skybet.net
gueabitbuckettst01.skybet.net
gueabitbuckettst02.skybet.net
gueachefbackend01.skybet.net
gueacheffrontend01.skybet.net
gueacheffrontend02.skybet.net
guea-chef.skybet.net
gueacheftst01.skybet.net
gueacheftst02.skybet.net
gueacheftst03.skybet.net
gueaconfluence01.skybet.net
gueaconfluence02.skybet.net
gueaconfluencetst01.skybet.net
gueaconfluencetst02.skybet.net
gueacrowd01.skybet.net
gueacrowd02.skybet.net
gueacrowddc01.skybet.net
gueacrowddc02.skybet.net
gueacrowddc03.skybet.net
gueacrowddctst01.skybet.net
gueacrowddctst02.skybet.net
gueacrowddctst03.skybet.net
gueacrowddctst04.skybet.net
gueacrowdtst01.skybet.net
gueacrowdtst02.skybet.net
gueahdporacle01.skybet.net
gueajira01.skybet.net
gueajira02.skybet.net
gueajiradc01.skybet.net
gueajiradc02.skybet.net
gueajiradc03.skybet.net
gueajiradc04.skybet.net
gueajiradc05.skybet.net
gueajiradctst01.skybet.net
gueajiradctst02.skybet.net
gueajiradctst03.skybet.net
gueajiradctst04.skybet.net
gueajiradctst05.skybet.net
gueajirappdc01.skybet.net
gueajirappdc02.skybet.net
gueajirappdc03.skybet.net
gueajirappdc04.skybet.net
gueajirappdc05.skybet.net
gueajiratst01.skybet.net
gueajiratst02.skybet.net
gueanetappwfm01.skybet.net
guearepo01.skybet.net
gueasbgcp01.skybet.net
hhesbatlasapp01.skybet.net
hhesbatlasapp02.skybet.net
hhesbchefstandalone01.skybet.net
hhesbconfluence01.skybet.net
hhesbconfluence02.skybet.net
hhesbjira01.skybet.net
hhesbjira02.skybet.net
iha.skybet.net
isi.skybet.net
isi.test.skybet.net
jira.skybet.net
lgrchef01.skybet.net
lwpchef01.skybet.net
mltchef01.skybet.net
mpgs.payrouter.account.nps.skybet.net
mpgs.payrouter.account.skybet.net
npsbitbucket01.skybet.net
npsbitbucketdc01.skybet.net
npsbitbucketdc02.skybet.net
npsbitbucketdc03.skybet.net
npsbitbucketnext01.skybet.net
npschefbackend01.skybet.net
npscheffrontend01.skybet.net
nps-chef.skybet.net
npsconfluence01.skybet.net
npsconfluence02.skybet.net
npscrowd01.skybet.net
npscrowd02.skybet.net
npscrowddc01.skybet.net
npscrowddc02.skybet.net
npscrowddc03.skybet.net
npsjira01.skybet.net
npsjira02.skybet.net
npsjiradc01.skybet.net
npsjiradc02.skybet.net
npsjiradc03.skybet.net
npsjiradc04.skybet.net
npsjiradc05.skybet.net
npsjiradc06.skybet.net
npsjiradc07.skybet.net
npsnetappwfm01.skybet.net
npsrepo01.skybet.net
oxiapi.gaming.skybet.net
passwords.skybet.net
prod.aws.tds.skybet.net
prometheus.gamingservices.aws.skybet.net
prometheus.test.gamingservices.aws.skybet.net
prometheus.test.vegas.aws.skybet.net
prometheus.vegas.aws.skybet.net
sbbi.skybet.net
sbg-guea-hdporacle-01.skybet.net
sbg-guea-hdporacle-02.skybet.net
sbg-guea-vwlc-01.skybet.net
sbg-haf-vwlc-01.skybet.net
sbg-lgr-cppm-01.skybet.net
sbg-lw2-vwlc-01.skybet.net
sbg-lw2-vwlc-02.skybet.net
sbg-lw4-vwlc-01.skybet.net
sbg-lw4-wlc-01.skybet.net
sbg-lw4-wlc-02.skybet.net
sbg-lw6-vwlc-01.skybet.net
sbg-nps-aff8080-clstr.skybet.net
sbg-nps-aff8080.skybet.net
sbg-nps-aff-clstr.skybet.net
sbg-nps-aff.skybet.net
sbg-nps-hdpdb-01.skybet.net
sbg-nps-hdporacle-01.skybet.net
sbg-nps-vwlc-01.skybet.net
sbg-sdc-vwlc-01.skybet.net
sbg-sew-vwlc-01.skybet.net
sbg-vwlc-01.skybet.net
scan.secure.skybet.net
skybet.net
slusbchefstandalone01.skybet.net
sonarqube.skybet.net
stage.aws.tds.skybet.net
stash.guea.skybet.net
stash.nps.skybet.net
stash.skybet.net
stash.test.skybet.net
test.aws.tds.skybet.net
test.skybet.net
tools.guea.skybet.net
tools.nps.skybet.net
tools.skybet.net
tools.test.skybet.net
tworkflow.nps.skybet.net
tworkflow.skybet.net
vocalink.payrouter.account.nps.skybet.net
vocalink.payrouter.account.skybet.net
wfa.skybet.net
wo.dev.skybet.net
worldpay.payrouter.account.nps.skybet.net
worldpay.payrouter.account.skybet.net
www.applepay.paygw.account.staging.skybet.net
www.gueahdporacle01.skybet.net
www.iha.skybet.net
www.mpgs.payrouter.account.nps.skybet.net
www.mpgs.payrouter.account.skybet.net
www.npsnetappwfm01.skybet.net
www.sbbi.skybet.net
www.sbg-guea-hdporacle-01.skybet.net
www.sbg-guea-hdporacle-02.skybet.net
www.sbg-nps-hdpdb-01.skybet.net
www.sbg-nps-hdporacle-01.skybet.net
www.scan.secure.skybet.net
www.skybet.net
www.vocalink.payrouter.account.skybet.net
www.worldpay.payrouter.account.skybet.net
