admin.stakewise.io
admin-v2.stakewise.io
api.stakewise.io
api-v2.stakewise.io
app.stakewise.io
blog-api.stakewise.io
docs.stakewise.io
flower.stakewise.io
forum.stakewise.io
grafana.stakewise.io
graph-gno.stakewise.io
graph.stakewise.io
ipfs-api.stakewise.io
ipfs-gateway.stakewise.io
node-00.stakewise.io
node-01.stakewise.io
node-02.stakewise.io
node-03.stakewise.io
node-04.stakewise.io
preview-app.stakewise.io
rc.stakewise.io
stage-admin.stakewise.io
stage-api.stakewise.io
stage-app.stakewise.io
stage-flower.stakewise.io
stage-tron.stakewise.io
staging2-api.stakewise.io
staging2-tron.stakewise.io
staging-api.stakewise.io
stakewise.io
teleport.stakewise.io
vote.stakewise.io
vpn.stakewise.io
whitelist.stakewise.io
widget.stakewise.io
www.stakewise.io
