api-id.streamlabs.com
aws-io.streamlabs.com
aws.streamlabs.com
beta2.streamlabs.com
beta3.streamlabs.com
beta4.streamlabs.com
beta-internal.streamlabs.com
beta-overlays.streamlabs.com
beta.streamlabs.com
blog.streamlabs.com
cdn.streamlabs.com
chatbot-api-beta.streamlabs.com
chatbot-api.streamlabs.com
chatbot-io.streamlabs.com
chatbot-sockets.streamlabs.com
chat-stage.streamlabs.com
contenthub-cdn.streamlabs.com
contenthub-stage.streamlabs.com
contenthub.streamlabs.com
cookies.streamlabs.com
cr.streamlabs.com
designers.streamlabs.com
dev-logi.streamlabs.com
dev.streamlabs.com
discordbot.streamlabs.com
docs.streamlabs.com
email-stats.streamlabs.com
ext-assets.streamlabs.com
facebook.streamlabs.com
facemasks-cdn.streamlabs.com
guilds.streamlabs.com
howto.streamlabs.com
ideas.streamlabs.com
io.streamlabs.com
io-test.streamlabs.com
jobs.streamlabs.com
logi.streamlabs.com
loyalty-io.streamlabs.com
media-handler.streamlabs.com
media.streamlabs.com
merch-beta.streamlabs.com
merchcdn.streamlabs.com
merch.streamlabs.com
mixer.streamlabs.com
ms.streamlabs.com
news.genapi.euxt.streamlabs.com
obsstudionodes3.streamlabs.com
obsstudios3.streamlabs.com
overlays-cdn.streamlabs.com
overlays.streamlabs.com
payments-dashboard.streamlabs.com
payments-dev.streamlabs.com
payments.streamlabs.com
platform-cdn.streamlabs.com
platform-ideas.streamlabs.com
platform-io.streamlabs.com
platform.streamlabs.com
points-api.streamlabs.com
polly.streamlabs.com
r2d2.streamlabs.com
repo.streamlabs.com
restream-api.streamlabs.com
restreambeta-ingest.streamlabs.com
restream-dev.streamlabs.com
restream-ingest.streamlabs.com
sla.streamlabs.com
slobs-analytics.streamlabs.com
slobs-cdn.streamlabs.com
slobs-ms.streamlabs.com
sockets.streamlabs.com
sp-cdn.streamlabs.com
sp-dev.streamlabs.com
sprite.streamlabs.com
sp-stage1.streamlabs.com
sp-stage2.streamlabs.com
sp.streamlabs.com
stage1.streamlabs.com
stage2.streamlabs.com
stage3.streamlabs.com
stage4.streamlabs.com
stage5.streamlabs.com
stage-io.streamlabs.com
staging-youtube.streamlabs.com
stats.streamlabs.com
status.streamlabs.com
streamlabels.streamlabs.com
streamlabs.com
streamlabsstudio-staging.streamlabs.com
support.streamlabs.com
test.streamlabs.com
tracker.streamlabs.com
twitch.streamlabs.com
www.api-id.streamlabs.com
www.blog.streamlabs.com
www.restreambeta-ingest.streamlabs.com
www.streamlabs.com
www.streamlabsstudio-staging.streamlabs.com
xt.streamlabs.com
youtube.streamlabs.com
