aaguides.superawesome.com
accountspayable.staging.superawesome.com
accountspayable.superawesome.com
acme.superawesome.com
adgallery.superawesome.com
angelos.test.superawesome.com
api.channels.staging.superawesome.com
api.channels.superawesome.com
api.competitions.staging.superawesome.com
api.competitions.superawesome.com
api.internal.ksv.netsuite.superawesome.com
api.ksv.staging.superawesome.com
api.kws.staging.superawesome.com
api.kws.superawesome.com
api.youtube.staging.superawesome.com
api.youtube.superawesome.com
app.sandbox.superawesome.com
atena.test.superawesome.com
backstage.superawesome.com
blog.superawesome.com
branding.kws.staging.superawesome.com
branding.kws.superawesome.com
cfapi.superawesome.com
cfapp.superawesome.com
channels.staging.superawesome.com
channels.superawesome.com
competitions.staging.superawesome.com
competitions.superawesome.com
consent.kws.staging.superawesome.com
consent.kws.superawesome.com
content.superawesome.com
cr.superawesome.com
dashboard.superawesome.com
david.test.superawesome.com
developers.superawesome.com
devportal.kws.staging.superawesome.com
devportal.kws.superawesome.com
dev.staging.superawesome.com
dev.superawesome.com
docs.superawesome.com
duo.superawesome.com
fonts.superawesome.com
gitlab.gitlab.test.superawesome.com
happymeal.superawesome.com
hub.superawesome.com
kic.superawesome.com
ksf.superawesome.com
ksv.staging.superawesome.com
kwsguides.superawesome.com
kws.staging.superawesome.com
kws.superawesome.com
kws-support.superawesome.com
legal-docs.superawesome.com
marketing.superawesome.com
moderation.staging.superawesome.com
moderation.superawesome.com
monocular.test.superawesome.com
novatracking.superawesome.com
parents.superawesome.com
permissions.docs.superawesome.com
permissions-nestjs.docs.superawesome.com
pj-echoheaders.superawesome.com
safead.superawesome.com
staging.superawesome.com
superawesome.com
terraform.superawesome.com
ui.superawesome.com
url.superawesome.com
verification.kws.staging.superawesome.com
verification.kws.superawesome.com
www.blog.superawesome.com
www.duo.superawesome.com
www-old.superawesome.com
www.superawesome.com
youtube.staging.superawesome.com
youtube.superawesome.com
