1password-scim.live.aws.tomorrow.one
admin-api.live.aws.tomorrow.one
admin-api.staging.aws.tomorrow.one
admin-api.tomorrow.one
admin.live.aws.tomorrow.one
admin.staging.aws.tomorrow.one
agency.prototype.tomorrow.one
all-aboard.live.aws.tomorrow.one
all-aboard.staging.aws.tomorrow.one
anchore.k8s.staging.aws.tomorrow.one
api2.live.aws.tomorrow.one
api.dev.aws.tomorrow.one
api-dummy.staging.aws.tomorrow.one
api.live.aws.tomorrow.one
api.staging.aws.tomorrow.one
api.tomorrow.one
aspen.live.aws.tomorrow.one
aspen.staging.aws.tomorrow.one
assets.tomorrow.one
azolla.live.aws.tomorrow.one
azolla.staging.aws.tomorrow.one
banking-service.staging.aws.tomorrow.one
ci.live.aws.tomorrow.one
clicks.tomorrow.one
cms.website.live.aws.tomorrow.one
cms.website.staging.aws.tomorrow.one
community.live.aws.tomorrow.one
community.tomorrow.one
components.prototype.tomorrow.one
compte-et-marcelino.installation-bubendorff.community.tomorrow.one
content.dev.aws.tomorrow.one
content.live.aws.tomorrow.one
content.staging.aws.tomorrow.one
design-system.staging.aws.tomorrow.one
dev.aws.tomorrow.one
dev.internal.aws.tomorrow.one
direct-auth.prototype.tomorrow.one
direct.prototype.tomorrow.one
downybirch.live.aws.tomorrow.one
downybirch.staging.aws.tomorrow.one
downybirch-test123.staging.aws.tomorrow.one
feature-toggle-management.staging.aws.tomorrow.one
fmtrack1.tomorrow.one
frame.prototype.tomorrow.one
fsemail.tomorrow.one
fslink.tomorrow.one
fwtrack1.tomorrow.one
fwtrack.tomorrow.one
get.tomorrow.one
git.dev.aws.tomorrow.one
grafana.k8s.live.aws.tomorrow.one
grafana.k8s.staging.aws.tomorrow.one
identification.live.aws.tomorrow.one
identification.staging.aws.tomorrow.one
insights.tomorrow.one
invest-guides.prototype.staging.aws.tomorrow.one
jobs-faq.tomorrow.one
keycloak.live.aws.tomorrow.one
keycloak.staging.aws.tomorrow.one
kibana.live.aws.tomorrow.one
lifestyle.prototype.staging.aws.tomorrow.one
lifestyle.prototype.tomorrow.one
live.internal.aws.tomorrow.one
metabase.tomorrow.one
mr.all-aboard.staging.aws.tomorrow.one
nexus.dev.aws.tomorrow.one
nexus.live.aws.tomorrow.one
nginx-demo.staging.aws.tomorrow.one
o1.ptr4349.tomorrow.one
onshore-hamlet-baseball-cork.prototype.tomorrow.one
open.tomorrow.one
openvpn1.live.aws.tomorrow.one
openvpn2.live.aws.tomorrow.one
openvpn.live.aws.tomorrow.one
openvpn-test.staging.aws.tomorrow.one
preview.website.staging.aws.tomorrow.one
prometheus.k8s.live.aws.tomorrow.one
prometheus.k8s.staging.aws.tomorrow.one
promotion-service.staging.aws.tomorrow.one
prototype.tomorrow.one
qzl1.mail.tomorrow.one
qzmw.news.tomorrow.one
registry.dev.aws.tomorrow.one
review-feat-grow-ccvsts-website.staging.aws.tomorrow.one
sarma-service.live.aws.tomorrow.one
sarma-service.staging.aws.tomorrow.one
sarma.staging.aws.tomorrow.one
sarma.tomorrow.one
shop.tomorrow.one
sign-up-canvas.prototype.staging.aws.tomorrow.one
sign-up-canvas.prototype.tomorrow.one
sign-up-canvas-staging.prototype.tomorrow.one
signup-testtest.prototype.tomorrow.one
sonar.dev.aws.tomorrow.one
sonar.live.aws.tomorrow.one
staging.aws.tomorrow.one
staging.internal.aws.tomorrow.one
static.website.staging.aws.tomorrow.one
support.tomorrow.one
sutorbank-symmetry-canvas.prototype.tomorrow.one
symmetry-paving-canvas-unmanned.prototype.tomorrow.one
tableau.tomorrow.one
talend.tomorrow.one
test123.staging.aws.tomorrow.one
tomorrow.one
web2.live.aws.tomorrow.one
webanalytics.live.aws.tomorrow.one
web.dev.aws.tomorrow.one
web-feature.staging.aws.tomorrow.one
web.live.aws.tomorrow.one
website.live.aws.tomorrow.one
website.staging.aws.tomorrow.one
web.staging.aws.tomorrow.one
www.openvpn.live.aws.tomorrow.one
www.tomorrow.one
