1www.trafficfactory.biz
37146.trafficfactory.biz
acp.trafficfactory.biz
ac.trafficfactory.biz
admin-dev-php.trafficfactory.biz
admin-php2.trafficfactory.biz
admin-php.trafficfactory.biz
admin.trafficfactory.biz
amols-images.trafficfactory.biz
analytics.trafficfactory.biz
ann-1.trafficfactory.biz
anners-hw.trafficfactory.biz
app.trafficfactory.biz
assets-dev.trafficfactory.biz
assets-main.trafficfactory.biz
a.trafficfactory.biz
baidu.trafficfactory.biz
banner14-cdn77.trafficfactory.biz
banners-cdn77.trafficfactory.biz
banners-hw.trafficfactory.biz
beta.trafficfactory.biz
bip.trafficfactory.biz
blogs.trafficfactory.biz
blog.trafficfactory.biz
bookmarks.trafficfactory.biz
bso-tedsyncfs.trafficfactory.biz
cdn77.trafficfactory.biz
cdnegc.trafficfactory.biz
cdnrgc.trafficfactory.biz
cdn.trafficfactory.biz
class.trafficfactory.biz
club.trafficfactory.biz
cn.trafficfactory.biz
com.trafficfactory.biz
comune.trafficfactory.biz
console.trafficfactory.biz
content.trafficfactory.biz
corp.trafficfactory.biz
cp.trafficfactory.biz
cse.trafficfactory.biz
cs.trafficfactory.biz
d393loxvg0o5du.trafficfactory.biz
data-public.trafficfactory.biz
data.trafficfactory.biz
dd.trafficfactory.biz
demo.trafficfactory.biz
de.trafficfactory.biz
dev-design.trafficfactory.biz
dev.trafficfactory.biz
digilander.trafficfactory.biz
dmca.trafficfactory.biz
drive.trafficfactory.biz
dwang.trafficfactory.biz
en.trafficfactory.biz
epc-php.trafficfactory.biz
espacioforos.trafficfactory.biz
es.trafficfactory.biz
e.trafficfactory.biz
events.trafficfactory.biz
feeds.trafficfactory.biz
ff.trafficfactory.biz
forums.trafficfactory.biz
forum.trafficfactory.biz
freedomslips.suck.boards.trafficfactory.biz
front-dev-php.trafficfactory.biz
fr.trafficfactory.biz
games.trafficfactory.biz
gradsocialsci.trafficfactory.biz
grc2go.trafficfactory.biz
groups.trafficfactory.biz
h2.trafficfactory.biz
h3.trafficfactory.biz
h4.trafficfactory.biz
h6.trafficfactory.biz
h7.trafficfactory.biz
help.trafficfactory.biz
hh.trafficfactory.biz
homepage1.trafficfactory.biz
homepage2.trafficfactory.biz
homepage3.trafficfactory.biz
homepage.trafficfactory.biz
home.trafficfactory.biz
host.trafficfactory.biz
httpsrpc-php.trafficfactory.biz
iimahd.trafficfactory.biz
infolab.trafficfactory.biz
informatik.trafficfactory.biz
info.trafficfactory.biz
inst.trafficfactory.biz
i.trafficfactory.biz
jl9flrha.trafficfactory.biz
k2.trafficfactory.biz
k3.trafficfactory.biz
k4.trafficfactory.biz
k5.trafficfactory.biz
kk.trafficfactory.biz
ku1720.trafficfactory.biz
lkm-admin.trafficfactory.biz
local.trafficfactory.biz
mail.trafficfactory.biz
main.trafficfactory.biz
manager.trafficfactory.biz
math.trafficfactory.biz
maven.trafficfactory.biz
media.trafficfactory.biz
members.trafficfactory.biz
mpk.trafficfactory.biz
music.trafficfactory.biz
mvn.trafficfactory.biz
mycignamme.trafficfactory.biz
myhome.trafficfactory.biz
mysql.trafficfactory.biz
my.trafficfactory.biz
news.trafficfactory.biz
new.trafficfactory.biz
nn.trafficfactory.biz
o1.ptr5213.trafficfactory.biz
ogozogo-653028.c.trafficfactory.biz
olge.trafficfactory.biz
order.trafficfactory.biz
passport.trafficfactory.biz
pay.trafficfactory.biz
pc-php.trafficfactory.biz
pdb.trafficfactory.biz
people.trafficfactory.biz
php.trafficfactory.biz
pic.trafficfactory.biz
pp.trafficfactory.biz
prof.trafficfactory.biz
provincia.trafficfactory.biz
proxy.trafficfactory.biz
pup.trafficfactory.biz
pyvvrduzvxfmvsssoomucxzvrecsga.trafficfactory.biz
randy-friends-in-low-places-maugans.trafficfactory.biz
randy-maugans.trafficfactory.biz
rcp-php.trafficfactory.biz
regione.trafficfactory.biz
resources.trafficfactory.biz
resume.trafficfactory.biz
rock-php.trafficfactory.biz
rootsweb.trafficfactory.biz
rpc-dev-php.trafficfactory.biz
rpc-pac.trafficfactory.biz
rpc.phc.trafficfactory.biz
rpc-php.trafficfactory.biz
rpc.php.trafficfactory.biz
rpc-tier3.trafficfactory.biz
rpc.trafficfactory.biz
rtc-php.trafficfactory.biz
rt.trafficfactory.biz
search.trafficfactory.biz
secure.trafficfactory.biz
server1.trafficfactory.biz
server.trafficfactory.biz
sites.trafficfactory.biz
slovari.trafficfactory.biz
sni190677.trafficfactory.biz
ssohanhchinhcong-dev.trafficfactory.biz
ss.trafficfactory.biz
staging.trafficfactory.biz
status.trafficfactory.biz
store.trafficfactory.biz
s.trafficfactory.biz
support.trafficfactory.biz
symposium.trafficfactory.biz
tokyo2020.trafficfactory.biz
top100.trafficfactory.biz
top.trafficfactory.biz
trafficfactory.biz
tribunale.trafficfactory.biz
ugl-wcms.trafficfactory.biz
um.trafficfactory.biz
unbounce.trafficfactory.biz
union.trafficfactory.biz
uni.trafficfactory.biz
univ.trafficfactory.biz
up.trafficfactory.biz
users.trafficfactory.biz
user.trafficfactory.biz
us.trafficfactory.biz
u.trafficfactory.biz
uty-ea.trafficfactory.biz
uu-realpmsdv.trafficfactory.biz
value-1.trafficfactory.biz
varnish.trafficfactory.biz
vch-custom.trafficfactory.biz
vmz-final.trafficfactory.biz
vnw-kyowa.trafficfactory.biz
vor-entry.trafficfactory.biz
vqm-version.trafficfactory.biz
vqq-cnimage.trafficfactory.biz
vsmediaaa-cdn.trafficfactory.biz
vsmedia-cdn.trafficfactory.biz
vu-crosscert.trafficfactory.biz
vxi-wcms.trafficfactory.biz
vxz-secure.trafficfactory.biz
wac-ei.trafficfactory.biz
wastandards.trafficfactory.biz
wbc-thematic.trafficfactory.biz
wdz-checker.trafficfactory.biz
webdisk.trafficfactory.biz
webmail.trafficfactory.biz
webmaster.trafficfactory.biz
web.trafficfactory.biz
weg-2fa.trafficfactory.biz
wenku.trafficfactory.biz
wft-gsmarkets.trafficfactory.biz
wiki.trafficfactory.biz
wiw-iredirect.trafficfactory.biz
wlt-postrack.trafficfactory.biz
wr-jive.trafficfactory.biz
wvp-cfappapi.trafficfactory.biz
ww5.trafficfactory.biz
www2s.trafficfactory.biz
www2u.trafficfactory.biz
www4b.trafficfactory.biz
www5a.trafficfactory.biz
www5b.trafficfactory.biz
www5c.trafficfactory.biz
www5d.trafficfactory.biz
www5f.trafficfactory.biz
www7a.trafficfactory.biz
www7b.trafficfactory.biz
wwwe2808b.trafficfactory.biz
www.trafficfactory.biz
wxn-globaldataconsortium.trafficfactory.biz
wyk-semiconeuropa.trafficfactory.biz
x19cdnegc.trafficfactory.biz
xcm-cppe.trafficfactory.biz
xio-clusters.trafficfactory.biz
xiw-cptest.trafficfactory.biz
xkv-wbucext.trafficfactory.biz
xld-activity.trafficfactory.biz
xlt-avatar.trafficfactory.biz
xmw-dhg.trafficfactory.biz
xqj-hjapi.trafficfactory.biz
xqn-rocaton.trafficfactory.biz
xroads.trafficfactory.biz
xtn-symphony.trafficfactory.biz
xtu-deploy.trafficfactory.biz
xu-absence.trafficfactory.biz
xul-secdocs.trafficfactory.biz
xvk-fastsmtp.trafficfactory.biz
xvr-abpm.trafficfactory.biz
xwj-ocean.trafficfactory.biz
xwn-gamesdk.trafficfactory.biz
xzs-coretel.trafficfactory.biz
yav-etudehouse.trafficfactory.biz
ybr-hcm.trafficfactory.biz
ybr-inbox.trafficfactory.biz
ycl-gui.trafficfactory.biz
yem-pcfpoc.trafficfactory.biz
ygn-forms.trafficfactory.biz
ygw-software.trafficfactory.biz
ygz-wildcardsan.trafficfactory.biz
yhl-dealers.trafficfactory.biz
yhw-roost.trafficfactory.biz
yjc-quimg.trafficfactory.biz
yourcignahsa.trafficfactory.biz
yqb-tclab.trafficfactory.biz
yts-batch.trafficfactory.biz
yub-fluid.trafficfactory.biz
yvc-rocaton.trafficfactory.biz
ywg-blue.trafficfactory.biz
yxc-sulwhasoo.trafficfactory.biz
yya-mutsandkelb.trafficfactory.biz
yys-or.trafficfactory.biz
yyu-agappapi.trafficfactory.biz
zbh-pokeminer.trafficfactory.biz
zbo-scaling.trafficfactory.biz
zce-starcloudcasino.trafficfactory.biz
zek-webprofitlive.trafficfactory.biz
zey-webconfuk.trafficfactory.biz
zfg-user.trafficfactory.biz
zfp-etudehouse.trafficfactory.biz
zgx-clipstudio.trafficfactory.biz
zht-eqix.trafficfactory.biz
zht-tweaking.trafficfactory.biz
zhu-finzfin.trafficfactory.biz
zkb-preprod.trafficfactory.biz
zky-lk.trafficfactory.biz
zln-qasp.trafficfactory.biz
zls-videoclipfsg.trafficfactory.biz
zmt-annotate.trafficfactory.biz
zof-shaddy.trafficfactory.biz
zrr-guif.trafficfactory.biz
zsc-numbefs.trafficfactory.biz
zsd-bak.trafficfactory.biz
zsm-newsfeed.trafficfactory.biz
ztd-spaces.trafficfactory.biz
ztr-cloudstore.trafficfactory.biz
zwm-newucweb.trafficfactory.biz
zws-intos.trafficfactory.biz
zxx-ppiselect.trafficfactory.biz
