0000-m8348.vegasportal.io
000-sample-using-10294-automation-template.vegasportal.io
001-basics.vegasportal.io
0029-k8s.vegasportal.io
0037-input-add-keyreset-driver.vegasportal.io
003lyqgxf35aeoedzdrkjfbmgh.vegasportal.io
00528-demo.vegasportal.io
0055-prod-ldap-int-bigip1.vegasportal.io
0055.vegasportal.io
005containers.vegasportal.io
006chewie.vegasportal.io
009-run.vegasportal.io
00-config.vegasportal.io
00d0y000000qktguae.vegasportal.io
00docker9.vegasportal.io
00-scriptmanager-bitbucket.vegasportal.io
01032709.vegasportal.io
01-commonjs.vegasportal.io
01-standard-library-ruby-with-tdd.vegasportal.io
02-architecture.vegasportal.io
02-beat11617.vegasportal.io
02-instalacja-108-convertsortedarraytobst.vegasportal.io
02-obfuscatedkeyprovider.vegasportal.io
034-cdb.vegasportal.io
03-jpa.vegasportal.io
04-logisticreg.vegasportal.io
05-descriptive-statistics.vegasportal.io
05vc1m.vegasportal.io
09-pythonic-obj.vegasportal.io
0da7817864133f88d-dcl2iad.vegasportal.io
0rtwork-api-v9-certe-segmentriotmerchfederal.vegasportal.io
100000330.vegasportal.io
100000451.vegasportal.io
1004.vegasportal.io
1-graphic.vegasportal.io
anandatr5825.vegasportal.io
anywhere.vegasportal.io
apc5.vegasportal.io
backdoor.vegasportal.io
backstage.vegasportal.io
baner.vegasportal.io
bonus.vegasportal.io
chance.vegasportal.io
cjscn7.vegasportal.io
csc.vegasportal.io
demo.test.vegasportal.io
dlw165-2.vegasportal.io
dlw208-1.vegasportal.io
dws.vegasportal.io
epaper.vegasportal.io
exchange2003.vegasportal.io
fritz.vegasportal.io
fudge.vegasportal.io
hikarinotane-com.vegasportal.io
holly.vegasportal.io
i41.vegasportal.io
i77.vegasportal.io
imagenes.vegasportal.io
it2gpc-008.vegasportal.io
k3.vegasportal.io
kalender.vegasportal.io
kdy8412-009.vegasportal.io
kssunmin1.vegasportal.io
ldy03021.vegasportal.io
loa.vegasportal.io
lorangerstatic.vegasportal.io
mail-ext.vegasportal.io
maj.vegasportal.io
medx.vegasportal.io
members.vegasportal.io
nsp.vegasportal.io
opsfo0apidocscontrolm.vegasportal.io
origindemo-node-express-okta-idp.vegasportal.io
pag.test.vegasportal.io
pcx.vegasportal.io
pediatricspre.vegasportal.io
php54.vegasportal.io
pos.vegasportal.io
quiltquilt1.vegasportal.io
s541129.vegasportal.io
santiago.vegasportal.io
seminars.vegasportal.io
servertest.vegasportal.io
shimane.vegasportal.io
smtp04.vegasportal.io
sonarqubepostgresdb.test.vegasportal.io
sonarqubepostgres.test.vegasportal.io
sonarqube.test.vegasportal.io
sooptr.vegasportal.io
srv50.vegasportal.io
sungdong.vegasportal.io
taxe.vegasportal.io
techsupport.vegasportal.io
teenbang.vegasportal.io
termin.vegasportal.io
urbanx.vegasportal.io
vtk.vegasportal.io
web12192.vegasportal.io
web12885.vegasportal.io
web4444.vegasportal.io
web4711.vegasportal.io
web6668.vegasportal.io
web7267.vegasportal.io
woowing.vegasportal.io
www.staging.vegasportal.io
www.test.vegasportal.io
www.vegasportal.io
xml2.vegasportal.io
