1.api.zdev.net
1api.zdev.net
20-infocom.zdev.net
215api.zdev.net
253ainfocom.zdev.net
2b-infocom.zdev.net
3ainfocom.zdev.net
aarora.zdev.net
abhinav.zdev.net
achin.zdev.net
action.zdev.net
adhityankv.zdev.net
aditi.zdev.net
ahmaskin.zdev.net
akarsh.zdev.net
akash.zdev.net
akshay.zdev.net
akuariummaskoki.zdev.net
anikets.zdev.net
animesh.zdev.net
ankit.zdev.net
anothermask.zdev.net
anumittal.zdev.net
anurag.zdev.net
api.flat.zdev.net
api.gateway.zdev.net
api.zdev.net
areeb.zdev.net
arupapi.zdev.net
arup.zdev.net
ashishapi.zdev.net
ashishgarg.zdev.net
ashishkanwar.zdev.net
ashish.zdev.net
a.zdev.net
bhaskar.zdev.net
b.i31.zdev.net
bl.zdev.net
book.zdev.net
boole.zdev.net
callcenter.zdev.net
cam2.zdev.net
cassandra.zdev.net
chatapi.zdev.net
chatsupport.zdev.net
chat.zdev.net
chhaya.zdev.net
chinmay.zdev.net
chompo.com.zdev.net
consul.zdev.net
coronalled.zdev.net
coronaryanatomy-global.zdev.net
coronaryanatomyids.zdev.net
coronaryanatomy.zdev.net
count.zdev.net
crm.zdev.net
dashy.zdev.net
db.zdev.net
deepak.zdev.net
deepinder.zdev.net
devanshigupta.zdev.net
dheerajavvari.zdev.net
dheeraj.zdev.net
docker.zdev.net
doc.zdev.net
donvirus.zdev.net
dsl.zdev.net
eks.zdev.net
eren.zdev.net
flat.zdev.net
flexvaccines.zdev.net
focaccine.zdev.net
gagandeep.zdev.net
gagan.zdev.net
ganeshp.zdev.net
gazal.zdev.net
glencove.zdev.net
gunjanapi.zdev.net
gunjan.zdev.net
gurasis.zdev.net
harshitagarwal.zdev.net
herpesvirus.zdev.net
hhsvaccines.zdev.net
highaltitudetrainingmask.zdev.net
himanshurathore.zdev.net
himanshu.zdev.net
hsbc.zdev.net
illumaskforwrinkles.zdev.net
imap.zdev.net
imaskarzlog.zdev.net
indrashish.zdev.net
infocom.zdev.net
jagjeet.zdev.net
james.zdev.net
jayant.zdev.net
juhi.zdev.net
k12.zdev.net
kafka2.zdev.net
kafka3.zdev.net
kevin.zdev.net
kronos.zdev.net
kunalshah.zdev.net
lacorona.zdev.net
lacouronne.zdev.net
lalit.zdev.net
lang.zdev.net
logistics-staging.zdev.net
logs.zdev.net
mandeep.zdev.net
manpreet.zdev.net
mascara-tutankhamon-microsite.zdev.net
maskera.zdev.net
maskewmillerlongman.zdev.net
maskomuter.zdev.net
maskpoke.zdev.net
mask.zdev.net
mauriciovidulin.zdev.net
mayank.zdev.net
mehaksatija.zdev.net
miguel.zdev.net
mohak.zdev.net
mohit.zdev.net
mysql1.zdev.net
mysql2.zdev.net
m.zdev.net
naman.zdev.net
neeraj.zdev.net
newton.zdev.net
nicole.zdev.net
nidhi.zdev.net
nikhilkumar.zdev.net
nikunj.zdev.net
nonmaskableeventhandler.zdev.net
organic-vaccines.zdev.net
orgcoronaryanatomy.zdev.net
phabricator.zdev.net
pharmaskincare.zdev.net
phpmyadmin.zdev.net
piyusht.zdev.net
piyush.zdev.net
praagya.zdev.net
prabhanshu.zdev.net
prateekkumar.zdev.net
preview.eks.zdev.net
priyanka.zdev.net
processmaker.zdev.net
quarantine01.zdev.net
rahul.zdev.net
ram.zdev.net
respiratory-research.zdev.net
reviews.zdev.net
rishi.zdev.net
ritick.zdev.net
rohitc.zdev.net
sales.zdev.net
shantanu.zdev.net
shikhar.zdev.net
shreysinha.zdev.net
shrey.zdev.net
shubhamc.zdev.net
shubhamd.zdev.net
shubhamgulati.zdev.net
shubhamg.zdev.net
sms.zdev.net
smtp.zdev.net
solr.zdev.net
sparshith.zdev.net
sravan.zdev.net
sreenivas.zdev.net
stat2.zdev.net
stjames.zdev.net
stromectol3mg.zdev.net
styleguide.zdev.net
sudhanshu.zdev.net
sumit.zdev.net
sunanda.zdev.net
surya.zdev.net
swapnil.zdev.net
testing.zdev.net
thevirus.zdev.net
thomaskeschl.zdev.net
tomaskolo.zdev.net
tummy.zdev.net
tushar.zdev.net
uber.zdev.net
udit.zdev.net
uiapps.preview.eks.zdev.net
umar.zdev.net
u.zdev.net
vg.zdev.net
videotest.zdev.net
vikas.zdev.net
villacorona.zdev.net
vipineshapi.zdev.net
vipinesh.zdev.net
virusindustrial.zdev.net
viruslex.zdev.net
virusscan.zdev.net
watchman.zdev.net
web18265.zdev.net
web6228.zdev.net
wiki.zdev.net
wk.zdev.net
www.mm.zdev.net
www.zdev.net
xyz.zdev.net
yeastinfectiontreatmentremediezlog.zdev.net
zdev.net
zlanka.zdev.net
zlogobatkankermulutrahim.zdev.net
zlog-publicvoidlife.zdev.net
zlog-venetianmaskticino.zdev.net
zlog-woodenmask.zdev.net
