api-pre.zenlink.pro
api-test.zenlink.pro
api.zenlink.pro
chain200.zenlink.pro
chain300.zenlink.pro
devparachain-pre.zenlink.pro
dex-pre.zenlink.pro
dex.zenlink.pro
grafana.zenlink.pro
rococo-parachain.zenlink.pro
slotvault-pre.zenlink.pro
slotvault.zenlink.pro
test-auctions.zenlink.pro
test-autions.zenlink.pro
testnet188.zenlink.pro
testnet200-pre.zenlink.pro
testnet200.zenlink.pro
testnet300-pre.zenlink.pro
testnet300.zenlink.pro
testnet400.zenlink.pro
testnet-api.zenlink.pro
testnet-relaychain.zenlink.pro
testnetrococo-pre.zenlink.pro
testnetrococo.zenlink.pro
testnet.zenlink.pro
website.zenlink.pro
wiki.zenlink.pro
www.zenlink.pro
zenlink.pro
