api.zksync.io
beta.zksync.io
cb076aaae6da.zksync.io
checkout-goerli.zksync.io
checkout-rinkeby.zksync.io
checkout-ropsten.zksync.io
checkout.zksync.io
community.zksync.io
docs.zksync.io
ecosystem.zksync.io
eth-gateway.zksync.io
events.zksync.io
grafana.zksync.io
hub.zksync.io
kibana.zksync.io
link.zksync.io
new.zksync.io
noethsign-api.zksync.io
old.zksync.io
out-of-gas.zksync.io
portal.zksync.io
pritunl.zksync.io
reddit.zksync.io
rinkeby-api.zksync.io
rinkeby-beta-api.zksync.io
rinkeby-beta-events.zksync.io
rinkeby-beta.zksync.io
rinkeby-events.zksync.io
rinkeby-stage.zksync.io
rinkeby.zksync.io
rinkey-beta.zksync.io
ropsten-api.zksync.io
ropsten-beta-api.zksync.io
ropsten-beta.zksync.io
ropsten-stage.zksync.io
ropsten.zksync.io
stage2a-api.zksync.io
stage.zksync.io
testnet.zksync.io
uni.zksync.io
v2-docs.zksync.io
v2.zksync.io
wallet.zksync.io
withdraw.zksync.io
www.zksync.io
zinc.zksync.io
zksync.io
